WARNING: Failed to find function "__sanitizer_acquire_crash_state".
WARNING: Failed to find function "__sanitizer_print_stack_trace".
WARNING: Failed to find function "__sanitizer_set_death_callback".
[2023-01-15 16:43:27.662] [Init] Num of ECall: 22
[2023-01-15 16:43:27.662] ECalls:
  0 - fuzz_enc_wolfSSL_CTX_free
  1 - fuzz_enc_wolfSSL_CTX_load_verify_buffer
  2 - fuzz_enc_wolfSSL_CTX_new
  3 - fuzz_enc_wolfSSL_CTX_set_cipher_list
  4 - fuzz_enc_wolfSSL_CTX_use_PrivateKey_buffer
  5 - fuzz_enc_wolfSSL_CTX_use_certificate_buffer
  6 - fuzz_enc_wolfSSL_CTX_use_certificate_chain_buffer_format
  7 - fuzz_enc_wolfSSL_Cleanup
  8 - fuzz_enc_wolfSSL_Debugging_OFF
  9 - fuzz_enc_wolfSSL_Debugging_ON
  10 - fuzz_enc_wolfSSL_Init
  11 - fuzz_enc_wolfSSL_connect
  12 - fuzz_enc_wolfSSL_free
  13 - fuzz_enc_wolfSSL_get_error
  14 - fuzz_enc_wolfSSL_new
  15 - fuzz_enc_wolfSSL_read
  16 - fuzz_enc_wolfSSL_set_fd
  17 - fuzz_enc_wolfSSL_write
  18 - fuzz_enc_wolfTLSv1_2_client_method
  19 - fuzz_enc_wolfTLSv1_2_server_method
  20 - fuzz_wc_benchmark_test
  21 - fuzz_wc_test

INFO: found LLVMFuzzerCustomMutator (0x44ac30). Disabling -len_control by default.
INFO: libFuzzer ignores flags that start with '--'
INFO: Running with entropic power schedule (0xFF, 100).
INFO: Seed: 1890286333
INFO: Loaded 1 modules   (291 inline 8-bit counters): 291 [0x4cb7e8, 0x4cb90b), 
INFO: Loaded 1 PC tables (291 PCs): 291 [0x4cb910,0x4ccb40), 
INFO:        0 files found in /tmp/libFuzzerTemp.FuzzWithFork422940.dir/C10
[SGXSan] ALWAYS: Hook __sanitizer_cov_8bit_counters_init of Enclave, 21636 inline 8-bit counts [0x7f6548d099c0, 0x7f6548d0ee44) (First time)
[SGXSan] ALWAYS: Hook __sanitizer_cov_pcs_init of Enclave, 21636 PCs [0x7f6548d0ee48, 0x7f6548d63688) (First time)
[SGXSan] ALWAYS: Enter enc_wolfSSL_CTX_free
[SGXSan] ALWAYS: Enter enc_wolfSSL_CTX_load_verify_buffer
[SGXSan] ALWAYS: Enter enc_wolfSSL_CTX_new
[SGXSan] ALWAYS: Enter enc_wolfSSL_CTX_set_cipher_list
[SGXSan] ALWAYS: Enter enc_wolfSSL_CTX_use_PrivateKey_buffer
[SGXSan] ALWAYS: Enter enc_wolfSSL_CTX_use_certificate_buffer
[SGXSan] ALWAYS: Enter enc_wolfSSL_CTX_use_certificate_chain_buffer_format
[SGXSan] ALWAYS: Enter enc_wolfSSL_Cleanup
[SGXSan] ALWAYS: Enter enc_wolfSSL_Debugging_OFF
[SGXSan] ALWAYS: Enter enc_wolfSSL_Debugging_ON
[SGXSan] ALWAYS: Enter enc_wolfSSL_Init
[SGXSan] ALWAYS: Enter enc_wolfSSL_connect
[SGXSan] ALWAYS: Enter enc_wolfSSL_free
[SGXSan] ALWAYS: Enter enc_wolfSSL_get_error
[SGXSan] ALWAYS: Enter enc_wolfSSL_new
[SGXSan] ALWAYS: Enter enc_wolfSSL_read
[SGXSan] ALWAYS: Enter enc_wolfSSL_set_fd
[SGXSan] ALWAYS: Enter enc_wolfSSL_write
[SGXSan] ALWAYS: Enter enc_wolfTLSv1_2_client_method
[SGXSan] ALWAYS: Enter enc_wolfTLSv1_2_server_method
[SGXSan] ALWAYS: Enter wc_benchmark_test
------------------------------------------------------------------------------
 wolfSSL version 5.1.0
------------------------------------------------------------------------------
wolfCrypt Benchmark (block bytes 1048576, min 1.0 sec each)
RNG                 15 MB took 1.168 seconds,   12.842 MB/s
AES-128-CBC-enc     35 MB took 1.086 seconds,   32.237 MB/s
AES-128-CBC-dec     35 MB took 1.166 seconds,   30.023 MB/s
AES-192-CBC-enc     30 MB took 1.067 seconds,   28.105 MB/s
AES-192-CBC-dec     30 MB took 1.139 seconds,   26.330 MB/s
AES-256-CBC-enc     30 MB took 1.214 seconds,   24.703 MB/s
AES-256-CBC-dec     25 MB took 1.036 seconds,   24.123 MB/s
AES-128-GCM-enc     25 MB took 1.045 seconds,   23.918 MB/s
AES-128-GCM-dec     25 MB took 1.052 seconds,   23.767 MB/s
AES-192-GCM-enc     25 MB took 1.158 seconds,   21.589 MB/s
AES-192-GCM-dec     20 MB took 1.112 seconds,   17.982 MB/s
AES-256-GCM-enc     20 MB took 1.017 seconds,   19.674 MB/s
AES-256-GCM-dec     20 MB took 1.036 seconds,   19.306 MB/s
GMAC Table 4-bit    69 MB took 1.013 seconds,   68.134 MB/s
RABBIT              95 MB took 1.042 seconds,   91.189 MB/s
3DES                10 MB took 1.102 seconds,    9.077 MB/s
MD5                305 MB took 1.015 seconds,  300.491 MB/s
SHA                130 MB took 1.020 seconds,  127.398 MB/s
SHA-256             35 MB took 1.136 seconds,   30.819 MB/s
HMAC-MD5           305 MB took 1.003 seconds,  304.196 MB/s
HMAC-SHA           130 MB took 1.012 seconds,  128.408 MB/s
HMAC-SHA256         35 MB took 1.133 seconds,   30.899 MB/s
PBKDF2               4 KB took 1.003 seconds,    3.739 KB/s
RSA     2048 public       1400 ops took 1.016 sec, avg 0.726 ms, 1377.503 ops/sec
RSA     2048 private       100 ops took 3.782 sec, avg 37.823 ms, 26.439 ops/sec
DH      2048 key gen        65 ops took 1.011 sec, avg 15.559 ms, 64.272 ops/sec
DH      2048 agree         100 ops took 1.541 sec, avg 15.409 ms, 64.898 ops/sec
ECC   [      SECP256R1]   256 key gen      1397 ops took 1.000 sec, avg 0.716 ms, 1396.850 ops/sec
ECDHE [      SECP256R1]   256 agree        1000 ops took 1.087 sec, avg 1.087 ms, 919.719 ops/sec
ECDSA [      SECP256R1]   256 sign         1300 ops took 1.079 sec, avg 0.830 ms, 1205.178 ops/sec
ECDSA [      SECP256R1]   256 verify        900 ops took 1.036 sec, avg 1.151 ms, 868.843 ops/sec
Benchmark complete
[SGXSan] ALWAYS: Enter wc_test
INFO: A corpus is not provided, starting from an empty corpus
------------------------------------------------------------------------------
 wolfSSL version 5.1.0
------------------------------------------------------------------------------
error    test passed!
MEMORY   test passed!
base64   test passed!
asn      test passed!
RANDOM   test passed!
MD5      test passed!
MD4      test passed!
SHA      test passed!
SHA-256  test passed!
Hash     test passed!
HMAC-MD5 test passed!
HMAC-SHA test passed!
HMAC-SHA256 test passed!
GMAC     test passed!
HC-128   test passed!
Rabbit   test passed!
DES      test passed!
DES3     test passed!
AES      test passed!
AES192   test passed!
AES256   test passed!
AES-GCM  test passed!
RSA      test passed!
DH       test passed!
DSA      test passed!
PWDBASED test passed!
ECC      test passed!
ECC buffer test passed!
logging  test passed!
mutex    test passed!
memcb    test passed!
Test complete
[SGXSan] ALWAYS: Enter enc_wolfSSL_Init
[SGXSan] ALWAYS: Enter enc_wolfSSL_CTX_free
[SGXSan] ALWAYS: Enter enc_wolfSSL_CTX_load_verify_buffer
[SGXSan] ALWAYS: Enter enc_wolfSSL_CTX_new
[SGXSan] ALWAYS: Enter enc_wolfSSL_CTX_set_cipher_list
[SGXSan] ALWAYS: Enter enc_wolfSSL_CTX_use_PrivateKey_buffer
[SGXSan] ALWAYS: Enter enc_wolfSSL_CTX_use_certificate_buffer
[SGXSan] ALWAYS: Enter enc_wolfSSL_CTX_use_certificate_chain_buffer_format
[SGXSan] ALWAYS: Enter enc_wolfSSL_Cleanup
[SGXSan] ALWAYS: Enter enc_wolfSSL_Debugging_OFF
[SGXSan] ALWAYS: Enter enc_wolfSSL_Debugging_ON
[SGXSan] ALWAYS: Enter enc_wolfSSL_connect
[SGXSan] ALWAYS: Enter enc_wolfSSL_free
[SGXSan] ALWAYS: Enter enc_wolfSSL_get_error
[SGXSan] ALWAYS: Enter enc_wolfSSL_new
[SGXSan] ALWAYS: Enter enc_wolfSSL_read
[SGXSan] ALWAYS: Enter enc_wolfSSL_set_fd
[SGXSan] ALWAYS: Enter enc_wolfSSL_write
[SGXSan] ALWAYS: Enter enc_wolfTLSv1_2_client_method
[SGXSan] ALWAYS: Enter enc_wolfTLSv1_2_server_method
[SGXSan] ALWAYS: Enter wc_benchmark_test
------------------------------------------------------------------------------
 wolfSSL version 5.1.0
------------------------------------------------------------------------------
wolfCrypt Benchmark (block bytes 1048576, min 1.0 sec each)
RNG                 15 MB took 1.143 seconds,   13.123 MB/s
AES-128-CBC-enc     35 MB took 1.062 seconds,   32.946 MB/s
AES-128-CBC-dec     35 MB took 1.147 seconds,   30.522 MB/s
AES-192-CBC-enc     30 MB took 1.056 seconds,   28.415 MB/s
AES-192-CBC-dec     30 MB took 1.137 seconds,   26.385 MB/s
AES-256-CBC-enc     30 MB took 1.174 seconds,   25.555 MB/s
AES-256-CBC-dec     25 MB took 1.037 seconds,   24.098 MB/s
AES-128-GCM-enc     25 MB took 1.042 seconds,   23.982 MB/s
AES-128-GCM-dec     25 MB took 1.065 seconds,   23.479 MB/s
AES-192-GCM-enc     25 MB took 1.188 seconds,   21.052 MB/s
AES-192-GCM-dec     25 MB took 1.210 seconds,   20.656 MB/s
AES-256-GCM-enc     20 MB took 1.037 seconds,   19.295 MB/s
AES-256-GCM-dec     20 MB took 1.043 seconds,   19.170 MB/s
GMAC Table 4-bit    67 MB took 1.004 seconds,   66.766 MB/s
RABBIT              90 MB took 1.017 seconds,   88.453 MB/s
3DES                10 MB took 1.083 seconds,    9.233 MB/s
MD5                305 MB took 1.006 seconds,  303.242 MB/s
SHA                130 MB took 1.015 seconds,  128.034 MB/s
SHA-256             35 MB took 1.140 seconds,   30.690 MB/s
HMAC-MD5           300 MB took 1.003 seconds,  299.170 MB/s
HMAC-SHA           130 MB took 1.024 seconds,  126.963 MB/s
HMAC-SHA256         35 MB took 1.128 seconds,   31.039 MB/s
PBKDF2               4 KB took 1.006 seconds,    3.792 KB/s
RSA     2048 public       1400 ops took 1.018 sec, avg 0.727 ms, 1374.777 ops/sec
RSA     2048 private       100 ops took 3.721 sec, avg 37.210 ms, 26.875 ops/sec
DH      2048 key gen        64 ops took 1.002 sec, avg 15.663 ms, 63.845 ops/sec
DH      2048 agree         100 ops took 1.545 sec, avg 15.452 ms, 64.715 ops/sec
ECC   [      SECP256R1]   256 key gen      1414 ops took 1.001 sec, avg 0.708 ms, 1412.985 ops/sec
ECDHE [      SECP256R1]   256 agree        1000 ops took 1.094 sec, avg 1.094 ms, 914.015 ops/sec
ECDSA [      SECP256R1]   256 sign         1300 ops took 1.076 sec, avg 0.828 ms, 1207.844 ops/sec
ECDSA [      SECP256R1]   256 verify        900 ops took 1.051 sec, avg 1.168 ms, 856.056 ops/sec
Benchmark complete
[SGXSan] ALWAYS: Enter wc_test
#2	pulse  ft: 6290 exec/s: 0 rss: 48Mb
Slowest unit: 42 s:
artifact_prefix='./crashes/'; Test unit written to ./crashes/slow-unit-adc83b19e793491b1c6ea0fd8b46cd9f32e592fc
Base64: Cg==
#2	INITED cov: 6290 ft: 6290 corp: 1/1b exec/s: 0 rss: 49Mb
#2	DONE   cov: 6290 ft: 6290 corp: 1/1b lim: 4 exec/s: 0 rss: 49Mb
Done 2 runs in 84 second(s)
stat::number_of_executed_units: 2
stat::average_exec_per_sec:     0
stat::new_units_added:          0
stat::slowest_unit_time_sec:    42
stat::peak_rss_mb:              49
------------------------------------------------------------------------------
 wolfSSL version 5.1.0
------------------------------------------------------------------------------
error    test passed!
MEMORY   test passed!
base64   test passed!
asn      test passed!
RANDOM   test passed!
MD5      test passed!
MD4      test passed!
SHA      test passed!
SHA-256  test passed!
Hash     test passed!
HMAC-MD5 test passed!
HMAC-SHA test passed!
HMAC-SHA256 test passed!
GMAC     test passed!
HC-128   test passed!
Rabbit   test passed!
DES      test passed!
DES3     test passed!
AES      test passed!
AES192   test passed!
AES256   test passed!
AES-GCM  test passed!
RSA      test passed!
DH       test passed!
DSA      test passed!
PWDBASED test passed!
ECC      test passed!
ECC buffer test passed!
logging  test passed!
mutex    test passed!
memcb    test failed!
 error = -13803
