WARNING: Failed to find function "__sanitizer_acquire_crash_state".
WARNING: Failed to find function "__sanitizer_print_stack_trace".
WARNING: Failed to find function "__sanitizer_set_death_callback".
[2023-01-15 17:33:33.753] [Init] Num of ECall: 22
[2023-01-15 17:33:33.754] ECalls:
  0 - fuzz_enc_wolfSSL_CTX_free
  1 - fuzz_enc_wolfSSL_CTX_load_verify_buffer
  2 - fuzz_enc_wolfSSL_CTX_new
  3 - fuzz_enc_wolfSSL_CTX_set_cipher_list
  4 - fuzz_enc_wolfSSL_CTX_use_PrivateKey_buffer
  5 - fuzz_enc_wolfSSL_CTX_use_certificate_buffer
  6 - fuzz_enc_wolfSSL_CTX_use_certificate_chain_buffer_format
  7 - fuzz_enc_wolfSSL_Cleanup
  8 - fuzz_enc_wolfSSL_Debugging_OFF
  9 - fuzz_enc_wolfSSL_Debugging_ON
  10 - fuzz_enc_wolfSSL_Init
  11 - fuzz_enc_wolfSSL_connect
  12 - fuzz_enc_wolfSSL_free
  13 - fuzz_enc_wolfSSL_get_error
  14 - fuzz_enc_wolfSSL_new
  15 - fuzz_enc_wolfSSL_read
  16 - fuzz_enc_wolfSSL_set_fd
  17 - fuzz_enc_wolfSSL_write
  18 - fuzz_enc_wolfTLSv1_2_client_method
  19 - fuzz_enc_wolfTLSv1_2_server_method
  20 - fuzz_wc_benchmark_test
  21 - fuzz_wc_test

INFO: found LLVMFuzzerCustomMutator (0x44ac30). Disabling -len_control by default.
INFO: libFuzzer ignores flags that start with '--'
INFO: Running with entropic power schedule (0xFF, 100).
INFO: Seed: 1505092208
INFO: Loaded 1 modules   (291 inline 8-bit counters): 291 [0x4cb7e8, 0x4cb90b), 
INFO: Loaded 1 PC tables (291 PCs): 291 [0x4cb910,0x4ccb40), 
INFO:        0 files found in /tmp/libFuzzerTemp.FuzzWithFork422940.dir/C102
[SGXSan] ALWAYS: Hook __sanitizer_cov_8bit_counters_init of Enclave, 21636 inline 8-bit counts [0x7f034b2899c0, 0x7f034b28ee44) (First time)
[SGXSan] ALWAYS: Hook __sanitizer_cov_pcs_init of Enclave, 21636 PCs [0x7f034b28ee48, 0x7f034b2e3688) (First time)
[SGXSan] ALWAYS: Enter enc_wolfSSL_CTX_free
[SGXSan] ALWAYS: Enter enc_wolfSSL_CTX_load_verify_buffer
[SGXSan] ALWAYS: Enter enc_wolfSSL_CTX_new
[SGXSan] ALWAYS: Enter enc_wolfSSL_CTX_set_cipher_list
[SGXSan] ALWAYS: Enter enc_wolfSSL_CTX_use_PrivateKey_buffer
[SGXSan] ALWAYS: Enter enc_wolfSSL_CTX_use_certificate_buffer
[SGXSan] ALWAYS: Enter enc_wolfSSL_CTX_use_certificate_chain_buffer_format
[SGXSan] ALWAYS: Enter enc_wolfSSL_Cleanup
[SGXSan] ALWAYS: Enter enc_wolfSSL_Debugging_OFF
[SGXSan] ALWAYS: Enter enc_wolfSSL_Debugging_ON
[SGXSan] ALWAYS: Enter enc_wolfSSL_Init
[SGXSan] ALWAYS: Enter enc_wolfSSL_connect
[SGXSan] ALWAYS: Enter enc_wolfSSL_free
[SGXSan] ALWAYS: Enter enc_wolfSSL_get_error
[SGXSan] ALWAYS: Enter enc_wolfSSL_new
[SGXSan] ALWAYS: Enter enc_wolfSSL_read
[SGXSan] ALWAYS: Enter enc_wolfSSL_set_fd
[SGXSan] ALWAYS: Enter enc_wolfSSL_write
[SGXSan] ALWAYS: Enter enc_wolfTLSv1_2_client_method
[SGXSan] ALWAYS: Enter enc_wolfTLSv1_2_server_method
[SGXSan] ALWAYS: Enter wc_benchmark_test
------------------------------------------------------------------------------
 wolfSSL version 5.1.0
------------------------------------------------------------------------------
wolfCrypt Benchmark (block bytes 1048576, min 1.0 sec each)
RNG                 15 MB took 1.144 seconds,   13.106 MB/s
AES-128-CBC-enc     35 MB took 1.076 seconds,   32.529 MB/s
AES-128-CBC-dec     35 MB took 1.160 seconds,   30.166 MB/s
AES-192-CBC-enc     30 MB took 1.074 seconds,   27.934 MB/s
AES-192-CBC-dec     30 MB took 1.124 seconds,   26.679 MB/s
AES-256-CBC-enc     30 MB took 1.183 seconds,   25.365 MB/s
AES-256-CBC-dec     25 MB took 1.032 seconds,   24.215 MB/s
AES-128-GCM-enc     25 MB took 1.069 seconds,   23.386 MB/s
AES-128-GCM-dec     25 MB took 1.073 seconds,   23.290 MB/s
AES-192-GCM-enc     25 MB took 1.176 seconds,   21.260 MB/s
AES-192-GCM-dec     25 MB took 1.240 seconds,   20.161 MB/s
AES-256-GCM-enc     20 MB took 1.035 seconds,   19.323 MB/s
AES-256-GCM-dec     20 MB took 1.048 seconds,   19.078 MB/s
GMAC Table 4-bit    68 MB took 1.004 seconds,   67.715 MB/s
RABBIT              95 MB took 1.035 seconds,   91.782 MB/s
3DES                10 MB took 1.102 seconds,    9.071 MB/s
MD5                300 MB took 1.009 seconds,  297.244 MB/s
SHA                130 MB took 1.029 seconds,  126.379 MB/s
SHA-256             35 MB took 1.142 seconds,   30.635 MB/s
HMAC-MD5           305 MB took 1.016 seconds,  300.333 MB/s
HMAC-SHA           130 MB took 1.026 seconds,  126.697 MB/s
HMAC-SHA256         30 MB took 1.019 seconds,   29.438 MB/s
PBKDF2               4 KB took 1.001 seconds,    3.683 KB/s
RSA     2048 public       1400 ops took 1.026 sec, avg 0.733 ms, 1364.521 ops/sec
RSA     2048 private       100 ops took 3.735 sec, avg 37.345 ms, 26.777 ops/sec
DH      2048 key gen        64 ops took 1.013 sec, avg 15.836 ms, 63.148 ops/sec
DH      2048 agree         100 ops took 1.582 sec, avg 15.820 ms, 63.210 ops/sec
ECC   [      SECP256R1]   256 key gen      1408 ops took 1.001 sec, avg 0.711 ms, 1407.188 ops/sec
ECDHE [      SECP256R1]   256 agree        1000 ops took 1.082 sec, avg 1.082 ms, 924.102 ops/sec
ECDSA [      SECP256R1]   256 sign         1300 ops took 1.083 sec, avg 0.833 ms, 1200.010 ops/sec
ECDSA [      SECP256R1]   256 verify        900 ops took 1.030 sec, avg 1.145 ms, 873.558 ops/sec
Benchmark complete
[SGXSan] ALWAYS: Enter wc_test
INFO: seed corpus: files: 2 min: 370191b max: 370191b total: 740382b rss: 43Mb
------------------------------------------------------------------------------
 wolfSSL version 5.1.0
------------------------------------------------------------------------------
error    test passed!
MEMORY   test passed!
base64   test passed!
asn      test passed!
RANDOM   test passed!
MD5      test passed!
MD4      test passed!
SHA      test passed!
SHA-256  test passed!
Hash     test passed!
HMAC-MD5 test passed!
HMAC-SHA test passed!
HMAC-SHA256 test passed!
GMAC     test passed!
HC-128   test passed!
Rabbit   test passed!
DES      test passed!
DES3     test passed!
AES      test passed!
AES192   test passed!
AES256   test passed!
AES-GCM  test passed!
RSA      test passed!
DH       test passed!
DSA      test passed!
PWDBASED test passed!
ECC      test passed!
ECC buffer test passed!
logging  test passed!
mutex    test passed!
memcb    test passed!
Test complete
[SGXSan] ALWAYS: Enter enc_wolfSSL_connect
[SGXSan] ALWAYS: Enter enc_wolfSSL_free
[SGXSan] ALWAYS: Enter enc_wolfSSL_Init
[SGXSan] ALWAYS: Enter wc_benchmark_test
------------------------------------------------------------------------------
 wolfSSL version 5.1.0
------------------------------------------------------------------------------
wolfCrypt Benchmark (block bytes 1048576, min 1.0 sec each)
RNG                 15 MB took 1.156 seconds,   12.981 MB/s
AES-128-CBC-enc     35 MB took 1.097 seconds,   31.895 MB/s
AES-128-CBC-dec     20 MB took 1.033 seconds,   19.357 MB/s
AES-192-CBC-enc     30 MB took 1.067 seconds,   28.118 MB/s
AES-192-CBC-dec     30 MB took 1.158 seconds,   25.914 MB/s
AES-256-CBC-enc     25 MB took 1.005 seconds,   24.878 MB/s
AES-256-CBC-dec     25 MB took 1.052 seconds,   23.771 MB/s
AES-128-GCM-enc     25 MB took 1.057 seconds,   23.649 MB/s
AES-128-GCM-dec     25 MB took 1.080 seconds,   23.148 MB/s
AES-192-GCM-enc     25 MB took 1.203 seconds,   20.774 MB/s
AES-192-GCM-dec     25 MB took 1.196 seconds,   20.906 MB/s
AES-256-GCM-enc     20 MB took 1.031 seconds,   19.407 MB/s
AES-256-GCM-dec     20 MB took 1.022 seconds,   19.579 MB/s
GMAC Table 4-bit    69 MB took 1.011 seconds,   68.250 MB/s
RABBIT              90 MB took 1.008 seconds,   89.302 MB/s
3DES                10 MB took 1.112 seconds,    8.990 MB/s
MD5                305 MB took 1.013 seconds,  301.087 MB/s
SHA                130 MB took 1.030 seconds,  126.186 MB/s
SHA-256             35 MB took 1.145 seconds,   30.570 MB/s
HMAC-MD5           300 MB took 1.010 seconds,  297.124 MB/s
HMAC-SHA           130 MB took 1.029 seconds,  126.396 MB/s
HMAC-SHA256         35 MB took 1.131 seconds,   30.945 MB/s
PBKDF2               4 KB took 1.006 seconds,    3.729 KB/s
RSA     2048 public       1400 ops took 1.001 sec, avg 0.715 ms, 1398.940 ops/sec
RSA     2048 private       100 ops took 3.634 sec, avg 36.339 ms, 27.519 ops/sec
DH      2048 key gen        65 ops took 1.008 sec, avg 15.512 ms, 64.467 ops/sec
DH      2048 agree         100 ops took 1.552 sec, avg 15.521 ms, 64.429 ops/sec
ECC   [      SECP256R1]   256 key gen      1400 ops took 1.000 sec, avg 0.714 ms, 1399.833 ops/sec
ECDHE [      SECP256R1]   256 agree         900 ops took 1.021 sec, avg 1.134 ms, 881.795 ops/sec
ECDSA [      SECP256R1]   256 sign         1200 ops took 1.023 sec, avg 0.852 ms, 1173.092 ops/sec
ECDSA [      SECP256R1]   256 verify        900 ops took 1.064 sec, avg 1.182 ms, 846.034 ops/sec
Benchmark complete
[SGXSan] ALWAYS: Enter enc_wolfSSL_Debugging_ON
[SGXSan] ALWAYS: Enter enc_wolfSSL_read
[SGXSan] ALWAYS: Enter enc_wolfSSL_CTX_use_certificate_chain_buffer_format
[SGXSan] ALWAYS: Enter enc_wolfSSL_CTX_load_verify_buffer
[SGXSan] ALWAYS: Enter enc_wolfSSL_set_fd
[SGXSan] ALWAYS: Enter enc_wolfSSL_write
[SGXSan] ALWAYS: Enter enc_wolfSSL_Cleanup
[SGXSan] ALWAYS: Enter enc_wolfSSL_new
[SGXSan] ALWAYS: Enter enc_wolfSSL_CTX_set_cipher_list
[SGXSan] ALWAYS: Enter enc_wolfSSL_CTX_use_certificate_buffer
[SGXSan] ALWAYS: Enter enc_wolfSSL_CTX_use_PrivateKey_buffer
[SGXSan] ALWAYS: Enter enc_wolfSSL_get_error
[SGXSan] ALWAYS: Enter enc_wolfSSL_CTX_new
[SGXSan] ALWAYS: Enter enc_wolfTLSv1_2_client_method
[SGXSan] ALWAYS: Enter wc_test
------------------------------------------------------------------------------
 wolfSSL version 5.1.0
------------------------------------------------------------------------------
error    test passed!
MEMORY   test passed!
base64   test passed!
asn      test passed!
RANDOM   test passed!
MD5      test passed!
MD4      test passed!
SHA      test passed!
SHA-256  test passed!
Hash     test passed!
HMAC-MD5 test passed!
HMAC-SHA test passed!
HMAC-SHA256 test passed!
GMAC     test passed!
HC-128   test passed!
Rabbit   test passed!
DES      test passed!
DES3     test passed!
AES      test passed!
AES192   test passed!
AES256   test passed!
AES-GCM  test passed!
RSA      test passed!
DH       test passed!
DSA      test passed!
PWDBASED test passed!
ECC      test passed!
ECC buffer test passed!
logging  test passed!
mutex    test passed!
memcb    test failed!
 error = -13803
[SGXSan] ALWAYS: Enter enc_wolfTLSv1_2_server_method
[SGXSan] ALWAYS: Enter enc_wolfSSL_CTX_free
[SGXSan] ALWAYS: Enter enc_wolfSSL_Debugging_OFF
#2	pulse  ft: 6292 exec/s: 0 rss: 49Mb
Slowest unit: 41 s:
artifact_prefix='./crashes/'; Test unit written to ./crashes/slow-unit-b894a6ec387700716143ee6730621ec716a09440
[SGXSan] ALWAYS: Enter enc_wolfSSL_new
[SGXSan] ALWAYS: Enter wc_test
------------------------------------------------------------------------------
 wolfSSL version 5.1.0
------------------------------------------------------------------------------
error    test passed!
MEMORY   test passed!
base64   test passed!
asn      test passed!
RANDOM   test passed!
MD5      test passed!
MD4      test passed!
SHA      test passed!
SHA-256  test passed!
Hash     test passed!
HMAC-MD5 test passed!
HMAC-SHA test passed!
HMAC-SHA256 test passed!
GMAC     test passed!
HC-128   test passed!
Rabbit   test passed!
DES      test passed!
DES3     test passed!
AES      test passed!
AES192   test passed!
AES256   test passed!
AES-GCM  test passed!
RSA      test passed!
DH       test passed!
DSA      test passed!
PWDBASED test passed!
ECC      test passed!
ECC buffer test passed!
logging  test passed!
mutex    test passed!
memcb    test failed!
 error = -13803
[SGXSan] ALWAYS: Enter enc_wolfSSL_read
[SGXSan] ALWAYS: Enter enc_wolfSSL_Debugging_ON
[SGXSan] ALWAYS: Enter enc_wolfSSL_CTX_use_PrivateKey_buffer
[SGXSan] ALWAYS: Enter enc_wolfSSL_Debugging_OFF
[SGXSan] ALWAYS: Enter enc_wolfSSL_get_error
[SGXSan] ALWAYS: Enter wc_benchmark_test
------------------------------------------------------------------------------
 wolfSSL version 5.1.0
------------------------------------------------------------------------------
wolfCrypt Benchmark (block bytes 1048576, min 1.0 sec each)
RNG                 15 MB took 1.103 seconds,   13.598 MB/s
AES-128-CBC-enc     35 MB took 1.041 seconds,   33.609 MB/s
AES-128-CBC-dec     35 MB took 1.129 seconds,   31.012 MB/s
AES-192-CBC-enc     30 MB took 1.054 seconds,   28.452 MB/s
AES-192-CBC-dec     30 MB took 1.115 seconds,   26.905 MB/s
AES-256-CBC-enc     30 MB took 1.196 seconds,   25.081 MB/s
AES-256-CBC-dec     25 MB took 1.047 seconds,   23.883 MB/s
AES-128-GCM-enc     25 MB took 1.061 seconds,   23.568 MB/s
AES-128-GCM-dec     25 MB took 1.095 seconds,   22.824 MB/s
AES-192-GCM-enc     25 MB took 1.213 seconds,   20.614 MB/s
AES-192-GCM-dec     25 MB took 1.208 seconds,   20.697 MB/s
AES-256-GCM-enc     20 MB took 1.019 seconds,   19.632 MB/s
AES-256-GCM-dec     20 MB took 1.008 seconds,   19.848 MB/s
GMAC Table 4-bit    71 MB took 1.012 seconds,   70.176 MB/s
RABBIT              95 MB took 1.046 seconds,   90.809 MB/s
3DES                10 MB took 1.071 seconds,    9.340 MB/s
MD5                310 MB took 1.010 seconds,  307.073 MB/s
SHA                130 MB took 1.003 seconds,  129.590 MB/s
SHA-256             35 MB took 1.147 seconds,   30.505 MB/s
HMAC-MD5           300 MB took 1.006 seconds,  298.307 MB/s
HMAC-SHA           125 MB took 1.011 seconds,  123.594 MB/s
HMAC-SHA256         35 MB took 1.148 seconds,   30.481 MB/s
PBKDF2               4 KB took 1.006 seconds,    3.695 KB/s
RSA     2048 public       1400 ops took 1.007 sec, avg 0.719 ms, 1390.352 ops/sec
RSA     2048 private       100 ops took 3.608 sec, avg 36.075 ms, 27.720 ops/sec
DH      2048 key gen        65 ops took 1.006 sec, avg 15.475 ms, 64.622 ops/sec
DH      2048 agree         100 ops took 1.571 sec, avg 15.706 ms, 63.671 ops/sec
ECC   [      SECP256R1]   256 key gen      1403 ops took 1.000 sec, avg 0.713 ms, 1402.570 ops/sec
ECDHE [      SECP256R1]   256 agree         900 ops took 1.013 sec, avg 1.126 ms, 888.383 ops/sec
ECDSA [      SECP256R1]   256 sign         1200 ops took 1.013 sec, avg 0.844 ms, 1184.324 ops/sec
ECDSA [      SECP256R1]   256 verify        900 ops took 1.061 sec, avg 1.178 ms, 848.575 ops/sec
Benchmark complete
[SGXSan] ALWAYS: Enter enc_wolfSSL_CTX_load_verify_buffer
[SGXSan] ALWAYS: Enter enc_wolfSSL_CTX_use_certificate_chain_buffer_format
[SGXSan] ALWAYS: Enter enc_wolfSSL_CTX_set_cipher_list
[SGXSan] ALWAYS: Enter enc_wolfSSL_Cleanup
[SGXSan] ALWAYS: Enter enc_wolfTLSv1_2_server_method
[SGXSan] ALWAYS: Enter enc_wolfTLSv1_2_client_method
[SGXSan] ALWAYS: Enter enc_wolfSSL_set_fd
[SGXSan] ALWAYS: Enter enc_wolfSSL_Init
[SGXSan] ALWAYS: Enter enc_wolfSSL_connect
[SGXSan] ALWAYS: Enter enc_wolfSSL_write
[SGXSan] ALWAYS: Enter enc_wolfSSL_CTX_new
[SGXSan] ALWAYS: Enter enc_wolfSSL_CTX_use_certificate_buffer
[SGXSan] ALWAYS: Enter enc_wolfSSL_CTX_free
[SGXSan] ALWAYS: Enter enc_wolfSSL_free
#3	INITED cov: 6293 ft: 6293 corp: 2/723Kb exec/s: 0 rss: 58Mb
#3	DONE   cov: 6293 ft: 6293 corp: 2/723Kb lim: 370191 exec/s: 0 rss: 58Mb
Done 3 runs in 126 second(s)
stat::number_of_executed_units: 3
stat::average_exec_per_sec:     0
stat::new_units_added:          0
stat::slowest_unit_time_sec:    41
stat::peak_rss_mb:              58
