WARNING: Failed to find function "__sanitizer_acquire_crash_state".
WARNING: Failed to find function "__sanitizer_print_stack_trace".
WARNING: Failed to find function "__sanitizer_set_death_callback".
[2023-01-15 17:37:20.658] [Init] Num of ECall: 22
[2023-01-15 17:37:20.658] ECalls:
  0 - fuzz_enc_wolfSSL_CTX_free
  1 - fuzz_enc_wolfSSL_CTX_load_verify_buffer
  2 - fuzz_enc_wolfSSL_CTX_new
  3 - fuzz_enc_wolfSSL_CTX_set_cipher_list
  4 - fuzz_enc_wolfSSL_CTX_use_PrivateKey_buffer
  5 - fuzz_enc_wolfSSL_CTX_use_certificate_buffer
  6 - fuzz_enc_wolfSSL_CTX_use_certificate_chain_buffer_format
  7 - fuzz_enc_wolfSSL_Cleanup
  8 - fuzz_enc_wolfSSL_Debugging_OFF
  9 - fuzz_enc_wolfSSL_Debugging_ON
  10 - fuzz_enc_wolfSSL_Init
  11 - fuzz_enc_wolfSSL_connect
  12 - fuzz_enc_wolfSSL_free
  13 - fuzz_enc_wolfSSL_get_error
  14 - fuzz_enc_wolfSSL_new
  15 - fuzz_enc_wolfSSL_read
  16 - fuzz_enc_wolfSSL_set_fd
  17 - fuzz_enc_wolfSSL_write
  18 - fuzz_enc_wolfTLSv1_2_client_method
  19 - fuzz_enc_wolfTLSv1_2_server_method
  20 - fuzz_wc_benchmark_test
  21 - fuzz_wc_test

INFO: found LLVMFuzzerCustomMutator (0x44ac30). Disabling -len_control by default.
INFO: libFuzzer ignores flags that start with '--'
INFO: Running with entropic power schedule (0xFF, 100).
INFO: Seed: 776171099
INFO: Loaded 1 modules   (291 inline 8-bit counters): 291 [0x4cb7e8, 0x4cb90b), 
INFO: Loaded 1 PC tables (291 PCs): 291 [0x4cb910,0x4ccb40), 
INFO:        0 files found in /tmp/libFuzzerTemp.FuzzWithFork422940.dir/C107
[SGXSan] ALWAYS: Hook __sanitizer_cov_8bit_counters_init of Enclave, 21636 inline 8-bit counts [0x7f64e20849c0, 0x7f64e2089e44) (First time)
[SGXSan] ALWAYS: Hook __sanitizer_cov_pcs_init of Enclave, 21636 PCs [0x7f64e2089e48, 0x7f64e20de688) (First time)
[SGXSan] ALWAYS: Enter enc_wolfSSL_CTX_free
[SGXSan] ALWAYS: Enter enc_wolfSSL_CTX_load_verify_buffer
[SGXSan] ALWAYS: Enter enc_wolfSSL_CTX_new
[SGXSan] ALWAYS: Enter enc_wolfSSL_CTX_set_cipher_list
[SGXSan] ALWAYS: Enter enc_wolfSSL_CTX_use_PrivateKey_buffer
[SGXSan] ALWAYS: Enter enc_wolfSSL_CTX_use_certificate_buffer
[SGXSan] ALWAYS: Enter enc_wolfSSL_CTX_use_certificate_chain_buffer_format
[SGXSan] ALWAYS: Enter enc_wolfSSL_Cleanup
[SGXSan] ALWAYS: Enter enc_wolfSSL_Debugging_OFF
[SGXSan] ALWAYS: Enter enc_wolfSSL_Debugging_ON
[SGXSan] ALWAYS: Enter enc_wolfSSL_Init
[SGXSan] ALWAYS: Enter enc_wolfSSL_connect
[SGXSan] ALWAYS: Enter enc_wolfSSL_free
[SGXSan] ALWAYS: Enter enc_wolfSSL_get_error
[SGXSan] ALWAYS: Enter enc_wolfSSL_new
[SGXSan] ALWAYS: Enter enc_wolfSSL_read
[SGXSan] ALWAYS: Enter enc_wolfSSL_set_fd
[SGXSan] ALWAYS: Enter enc_wolfSSL_write
[SGXSan] ALWAYS: Enter enc_wolfTLSv1_2_client_method
[SGXSan] ALWAYS: Enter enc_wolfTLSv1_2_server_method
[SGXSan] ALWAYS: Enter wc_benchmark_test
------------------------------------------------------------------------------
 wolfSSL version 5.1.0
------------------------------------------------------------------------------
wolfCrypt Benchmark (block bytes 1048576, min 1.0 sec each)
RNG                 15 MB took 1.155 seconds,   12.989 MB/s
AES-128-CBC-enc     35 MB took 1.047 seconds,   33.437 MB/s
AES-128-CBC-dec     35 MB took 1.134 seconds,   30.873 MB/s
AES-192-CBC-enc     30 MB took 1.058 seconds,   28.354 MB/s
AES-192-CBC-dec     30 MB took 1.117 seconds,   26.868 MB/s
AES-256-CBC-enc     30 MB took 1.178 seconds,   25.457 MB/s
AES-256-CBC-dec     25 MB took 1.027 seconds,   24.348 MB/s
AES-128-GCM-enc     25 MB took 1.036 seconds,   24.138 MB/s
AES-128-GCM-dec     25 MB took 1.038 seconds,   24.082 MB/s
AES-192-GCM-enc     25 MB took 1.178 seconds,   21.217 MB/s
AES-192-GCM-dec     25 MB took 1.169 seconds,   21.390 MB/s
AES-256-GCM-enc     20 MB took 1.003 seconds,   19.932 MB/s
AES-256-GCM-dec     20 MB took 1.003 seconds,   19.935 MB/s
GMAC Table 4-bit    70 MB took 1.014 seconds,   69.046 MB/s
RABBIT              95 MB took 1.050 seconds,   90.469 MB/s
3DES                10 MB took 1.078 seconds,    9.278 MB/s
MD5                305 MB took 1.011 seconds,  301.713 MB/s
SHA                130 MB took 1.009 seconds,  128.890 MB/s
SHA-256             35 MB took 1.129 seconds,   30.990 MB/s
HMAC-MD5           305 MB took 1.004 seconds,  303.897 MB/s
HMAC-SHA           130 MB took 1.017 seconds,  127.796 MB/s
HMAC-SHA256         35 MB took 1.123 seconds,   31.156 MB/s
PBKDF2               4 KB took 1.000 seconds,    3.780 KB/s
RSA     2048 public       1500 ops took 1.063 sec, avg 0.709 ms, 1411.082 ops/sec
RSA     2048 private       100 ops took 3.657 sec, avg 36.575 ms, 27.341 ops/sec
DH      2048 key gen        64 ops took 1.011 sec, avg 15.799 ms, 63.295 ops/sec
DH      2048 agree         100 ops took 1.584 sec, avg 15.840 ms, 63.132 ops/sec
ECC   [      SECP256R1]   256 key gen      1374 ops took 1.000 sec, avg 0.728 ms, 1373.661 ops/sec
ECDHE [      SECP256R1]   256 agree        1000 ops took 1.097 sec, avg 1.097 ms, 911.657 ops/sec
ECDSA [      SECP256R1]   256 sign         1200 ops took 1.036 sec, avg 0.864 ms, 1158.015 ops/sec
ECDSA [      SECP256R1]   256 verify        900 ops took 1.035 sec, avg 1.150 ms, 869.863 ops/sec
Benchmark complete
[SGXSan] ALWAYS: Enter wc_test
INFO: seed corpus: files: 2 min: 370191b max: 370191b total: 740382b rss: 43Mb
------------------------------------------------------------------------------
 wolfSSL version 5.1.0
------------------------------------------------------------------------------
error    test passed!
MEMORY   test passed!
base64   test passed!
asn      test passed!
RANDOM   test passed!
MD5      test passed!
MD4      test passed!
SHA      test passed!
SHA-256  test passed!
Hash     test passed!
HMAC-MD5 test passed!
HMAC-SHA test passed!
HMAC-SHA256 test passed!
GMAC     test passed!
HC-128   test passed!
Rabbit   test passed!
DES      test passed!
DES3     test passed!
AES      test passed!
AES192   test passed!
AES256   test passed!
AES-GCM  test passed!
RSA      test passed!
DH       test passed!
DSA      test passed!
PWDBASED test passed!
ECC      test passed!
ECC buffer test passed!
logging  test passed!
mutex    test passed!
memcb    test passed!
Test complete
[SGXSan] ALWAYS: Enter enc_wolfSSL_set_fd
[SGXSan] ALWAYS: Enter enc_wolfTLSv1_2_client_method
[SGXSan] ALWAYS: Enter enc_wolfSSL_CTX_new
[SGXSan] ALWAYS: Enter enc_wolfSSL_read
[SGXSan] ALWAYS: Enter enc_wolfSSL_CTX_set_cipher_list
[SGXSan] ALWAYS: Enter enc_wolfSSL_CTX_free
[SGXSan] ALWAYS: Enter enc_wolfSSL_new
[SGXSan] ALWAYS: Enter enc_wolfSSL_CTX_use_PrivateKey_buffer
[SGXSan] ALWAYS: Enter enc_wolfTLSv1_2_server_method
[SGXSan] ALWAYS: Enter enc_wolfSSL_CTX_load_verify_buffer
[SGXSan] ALWAYS: Enter enc_wolfSSL_connect
[SGXSan] ALWAYS: Enter enc_wolfSSL_Debugging_OFF
[SGXSan] ALWAYS: Enter enc_wolfSSL_CTX_use_certificate_buffer
[SGXSan] ALWAYS: Enter enc_wolfSSL_free
[SGXSan] ALWAYS: Enter enc_wolfSSL_Init
[SGXSan] ALWAYS: Enter enc_wolfSSL_CTX_use_certificate_chain_buffer_format
[SGXSan] ALWAYS: Enter wc_benchmark_test
------------------------------------------------------------------------------
 wolfSSL version 5.1.0
------------------------------------------------------------------------------
wolfCrypt Benchmark (block bytes 1048576, min 1.0 sec each)
RNG                 15 MB took 1.171 seconds,   12.805 MB/s
AES-128-CBC-enc     35 MB took 1.083 seconds,   32.330 MB/s
AES-128-CBC-dec     30 MB took 1.006 seconds,   29.829 MB/s
AES-192-CBC-enc     30 MB took 1.058 seconds,   28.359 MB/s
AES-192-CBC-dec     30 MB took 1.131 seconds,   26.517 MB/s
AES-256-CBC-enc     30 MB took 1.175 seconds,   25.534 MB/s
AES-256-CBC-dec     25 MB took 1.038 seconds,   24.082 MB/s
AES-128-GCM-enc     25 MB took 1.033 seconds,   24.202 MB/s
AES-128-GCM-dec     25 MB took 1.032 seconds,   24.226 MB/s
AES-192-GCM-enc     25 MB took 1.159 seconds,   21.573 MB/s
AES-192-GCM-dec     25 MB took 1.168 seconds,   21.403 MB/s
AES-256-GCM-enc     20 MB took 1.014 seconds,   19.720 MB/s
AES-256-GCM-dec     20 MB took 1.007 seconds,   19.852 MB/s
GMAC Table 4-bit    70 MB took 1.013 seconds,   69.111 MB/s
RABBIT              95 MB took 1.033 seconds,   91.974 MB/s
3DES                10 MB took 1.091 seconds,    9.169 MB/s
MD5                305 MB took 1.004 seconds,  303.845 MB/s
SHA                130 MB took 1.009 seconds,  128.849 MB/s
SHA-256             35 MB took 1.124 seconds,   31.150 MB/s
HMAC-MD5           310 MB took 1.013 seconds,  306.025 MB/s
HMAC-SHA           130 MB took 1.027 seconds,  126.634 MB/s
HMAC-SHA256         35 MB took 1.150 seconds,   30.441 MB/s
PBKDF2               4 KB took 1.008 seconds,    3.690 KB/s
RSA     2048 public       1400 ops took 1.025 sec, avg 0.732 ms, 1366.339 ops/sec
RSA     2048 private       100 ops took 3.867 sec, avg 38.669 ms, 25.860 ops/sec
DH      2048 key gen        64 ops took 1.006 sec, avg 15.716 ms, 63.629 ops/sec
DH      2048 agree         100 ops took 1.542 sec, avg 15.418 ms, 64.860 ops/sec
ECC   [      SECP256R1]   256 key gen      1419 ops took 1.000 sec, avg 0.705 ms, 1418.769 ops/sec
ECDHE [      SECP256R1]   256 agree        1000 ops took 1.092 sec, avg 1.092 ms, 915.872 ops/sec
ECDSA [      SECP256R1]   256 sign         1300 ops took 1.068 sec, avg 0.821 ms, 1217.291 ops/sec
ECDSA [      SECP256R1]   256 verify        900 ops took 1.032 sec, avg 1.147 ms, 872.182 ops/sec
Benchmark complete
[SGXSan] ALWAYS: Enter enc_wolfSSL_Debugging_ON
[SGXSan] ALWAYS: Enter wc_test
------------------------------------------------------------------------------
 wolfSSL version 5.1.0
------------------------------------------------------------------------------
error    test passed!
MEMORY   test passed!
base64   test passed!
asn      test passed!
RANDOM   test passed!
MD5      test passed!
MD4      test passed!
SHA      test passed!
SHA-256  test passed!
Hash     test passed!
HMAC-MD5 test passed!
HMAC-SHA test passed!
HMAC-SHA256 test passed!
GMAC     test passed!
HC-128   test passed!
Rabbit   test passed!
DES      test passed!
DES3     test passed!
AES      test passed!
AES192   test passed!
AES256   test passed!
AES-GCM  test passed!
RSA      test passed!
DH       test passed!
DSA      test passed!
PWDBASED test passed!
ECC      test passed!
ECC buffer test passed!
logging  test passed!
mutex    test passed!
memcb    test failed!
 error = -13803
[SGXSan] ALWAYS: Enter enc_wolfSSL_Cleanup
[SGXSan] ALWAYS: Enter enc_wolfSSL_write
[SGXSan] ALWAYS: Enter enc_wolfSSL_get_error
#2	pulse  ft: 6290 exec/s: 0 rss: 50Mb
Slowest unit: 42 s:
artifact_prefix='./crashes/'; Test unit written to ./crashes/slow-unit-a18c987cc0e9ab43cf416193bb075ad579c3ded9
[SGXSan] ALWAYS: Enter enc_wolfSSL_set_fd
[SGXSan] ALWAYS: Enter enc_wolfTLSv1_2_client_method
[SGXSan] ALWAYS: Enter enc_wolfSSL_CTX_new
[SGXSan] ALWAYS: Enter enc_wolfSSL_read
[SGXSan] ALWAYS: Enter enc_wolfSSL_CTX_set_cipher_list
[SGXSan] ALWAYS: Enter enc_wolfSSL_CTX_free
[SGXSan] ALWAYS: Enter enc_wolfSSL_new
[SGXSan] ALWAYS: Enter enc_wolfSSL_CTX_use_PrivateKey_buffer
[SGXSan] ALWAYS: Enter enc_wolfTLSv1_2_server_method
[SGXSan] ALWAYS: Enter enc_wolfSSL_CTX_load_verify_buffer
[SGXSan] ALWAYS: Enter enc_wolfSSL_connect
[SGXSan] ALWAYS: Enter enc_wolfSSL_Debugging_OFF
[SGXSan] ALWAYS: Enter enc_wolfSSL_CTX_use_certificate_buffer
[SGXSan] ALWAYS: Enter enc_wolfSSL_free
[SGXSan] ALWAYS: Enter enc_wolfSSL_Init
[SGXSan] ALWAYS: Enter enc_wolfSSL_CTX_use_certificate_chain_buffer_format
[SGXSan] ALWAYS: Enter wc_benchmark_test
------------------------------------------------------------------------------
 wolfSSL version 5.1.0
------------------------------------------------------------------------------
wolfCrypt Benchmark (block bytes 1048576, min 1.0 sec each)
RNG                 15 MB took 1.153 seconds,   13.008 MB/s
AES-128-CBC-enc     35 MB took 1.085 seconds,   32.244 MB/s
AES-128-CBC-dec     30 MB took 1.012 seconds,   29.635 MB/s
AES-192-CBC-enc     30 MB took 1.083 seconds,   27.710 MB/s
AES-192-CBC-dec     30 MB took 1.159 seconds,   25.890 MB/s
AES-256-CBC-enc     25 MB took 1.011 seconds,   24.716 MB/s
AES-256-CBC-dec     25 MB took 1.038 seconds,   24.091 MB/s
AES-128-GCM-enc     25 MB took 1.033 seconds,   24.210 MB/s
AES-128-GCM-dec     25 MB took 1.051 seconds,   23.783 MB/s
AES-192-GCM-enc     25 MB took 1.157 seconds,   21.601 MB/s
AES-192-GCM-dec     25 MB took 1.206 seconds,   20.726 MB/s
AES-256-GCM-enc     20 MB took 1.043 seconds,   19.173 MB/s
AES-256-GCM-dec     20 MB took 1.042 seconds,   19.196 MB/s
GMAC Table 4-bit    68 MB took 1.014 seconds,   67.075 MB/s
RABBIT              90 MB took 1.024 seconds,   87.888 MB/s
3DES                10 MB took 1.105 seconds,    9.054 MB/s
MD5                300 MB took 1.002 seconds,  299.485 MB/s
SHA                130 MB took 1.011 seconds,  128.527 MB/s
SHA-256             35 MB took 1.120 seconds,   31.237 MB/s
HMAC-MD5           305 MB took 1.016 seconds,  300.111 MB/s
HMAC-SHA           130 MB took 1.007 seconds,  129.155 MB/s
HMAC-SHA256         35 MB took 1.136 seconds,   30.798 MB/s
PBKDF2               4 KB took 1.003 seconds,    3.834 KB/s
RSA     2048 public       1500 ops took 1.060 sec, avg 0.707 ms, 1414.990 ops/sec
RSA     2048 private       100 ops took 3.748 sec, avg 37.482 ms, 26.680 ops/sec
DH      2048 key gen        66 ops took 1.008 sec, avg 15.276 ms, 65.463 ops/sec
DH      2048 agree         100 ops took 1.521 sec, avg 15.214 ms, 65.730 ops/sec
ECC   [      SECP256R1]   256 key gen      1371 ops took 1.001 sec, avg 0.730 ms, 1370.153 ops/sec
ECDHE [      SECP256R1]   256 agree         900 ops took 1.001 sec, avg 1.112 ms, 899.069 ops/sec
ECDSA [      SECP256R1]   256 sign         1200 ops took 1.019 sec, avg 0.849 ms, 1178.181 ops/sec
ECDSA [      SECP256R1]   256 verify        900 ops took 1.065 sec, avg 1.183 ms, 845.427 ops/sec
Benchmark complete
[SGXSan] ALWAYS: Enter enc_wolfSSL_Debugging_ON
[SGXSan] ALWAYS: Enter wc_test
------------------------------------------------------------------------------
 wolfSSL version 5.1.0
------------------------------------------------------------------------------
error    test passed!
MEMORY   test passed!
base64   test passed!
asn      test passed!
RANDOM   test passed!
MD5      test passed!
MD4      test passed!
SHA      test passed!
SHA-256  test passed!
Hash     test passed!
HMAC-MD5 test passed!
HMAC-SHA test passed!
HMAC-SHA256 test passed!
GMAC     test passed!
HC-128   test passed!
Rabbit   test passed!
DES      test passed!
DES3     test passed!
AES      test passed!
AES192   test passed!
AES256   test passed!
AES-GCM  test passed!
RSA      test passed!
DH       test passed!
DSA      test passed!
PWDBASED test passed!
ECC      test passed!
ECC buffer test passed!
logging  test passed!
mutex    test passed!
memcb    test failed!
 error = -13803
[SGXSan] ALWAYS: Enter enc_wolfSSL_Cleanup
[SGXSan] ALWAYS: Enter enc_wolfSSL_write
[SGXSan] ALWAYS: Enter enc_wolfSSL_get_error
#3	INITED cov: 6290 ft: 6295 corp: 2/723Kb exec/s: 0 rss: 59Mb
#3	DONE   cov: 6290 ft: 6295 corp: 2/723Kb lim: 370191 exec/s: 0 rss: 59Mb
Done 3 runs in 126 second(s)
stat::number_of_executed_units: 3
stat::average_exec_per_sec:     0
stat::new_units_added:          0
stat::slowest_unit_time_sec:    42
stat::peak_rss_mb:              59
