WARNING: Failed to find function "__sanitizer_acquire_crash_state".
WARNING: Failed to find function "__sanitizer_print_stack_trace".
WARNING: Failed to find function "__sanitizer_set_death_callback".
[2023-01-15 17:39:26.863] [Init] Num of ECall: 22
[2023-01-15 17:39:26.863] ECalls:
  0 - fuzz_enc_wolfSSL_CTX_free
  1 - fuzz_enc_wolfSSL_CTX_load_verify_buffer
  2 - fuzz_enc_wolfSSL_CTX_new
  3 - fuzz_enc_wolfSSL_CTX_set_cipher_list
  4 - fuzz_enc_wolfSSL_CTX_use_PrivateKey_buffer
  5 - fuzz_enc_wolfSSL_CTX_use_certificate_buffer
  6 - fuzz_enc_wolfSSL_CTX_use_certificate_chain_buffer_format
  7 - fuzz_enc_wolfSSL_Cleanup
  8 - fuzz_enc_wolfSSL_Debugging_OFF
  9 - fuzz_enc_wolfSSL_Debugging_ON
  10 - fuzz_enc_wolfSSL_Init
  11 - fuzz_enc_wolfSSL_connect
  12 - fuzz_enc_wolfSSL_free
  13 - fuzz_enc_wolfSSL_get_error
  14 - fuzz_enc_wolfSSL_new
  15 - fuzz_enc_wolfSSL_read
  16 - fuzz_enc_wolfSSL_set_fd
  17 - fuzz_enc_wolfSSL_write
  18 - fuzz_enc_wolfTLSv1_2_client_method
  19 - fuzz_enc_wolfTLSv1_2_server_method
  20 - fuzz_wc_benchmark_test
  21 - fuzz_wc_test

INFO: found LLVMFuzzerCustomMutator (0x44ac30). Disabling -len_control by default.
INFO: libFuzzer ignores flags that start with '--'
INFO: Running with entropic power schedule (0xFF, 100).
INFO: Seed: 2427604699
INFO: Loaded 1 modules   (291 inline 8-bit counters): 291 [0x4cb7e8, 0x4cb90b), 
INFO: Loaded 1 PC tables (291 PCs): 291 [0x4cb910,0x4ccb40), 
INFO:        0 files found in /tmp/libFuzzerTemp.FuzzWithFork422940.dir/C110
[SGXSan] ALWAYS: Hook __sanitizer_cov_8bit_counters_init of Enclave, 21636 inline 8-bit counts [0x7fa597f9b9c0, 0x7fa597fa0e44) (First time)
[SGXSan] ALWAYS: Hook __sanitizer_cov_pcs_init of Enclave, 21636 PCs [0x7fa597fa0e48, 0x7fa597ff5688) (First time)
[SGXSan] ALWAYS: Enter enc_wolfSSL_CTX_free
[SGXSan] ALWAYS: Enter enc_wolfSSL_CTX_load_verify_buffer
[SGXSan] ALWAYS: Enter enc_wolfSSL_CTX_new
[SGXSan] ALWAYS: Enter enc_wolfSSL_CTX_set_cipher_list
[SGXSan] ALWAYS: Enter enc_wolfSSL_CTX_use_PrivateKey_buffer
[SGXSan] ALWAYS: Enter enc_wolfSSL_CTX_use_certificate_buffer
[SGXSan] ALWAYS: Enter enc_wolfSSL_CTX_use_certificate_chain_buffer_format
[SGXSan] ALWAYS: Enter enc_wolfSSL_Cleanup
[SGXSan] ALWAYS: Enter enc_wolfSSL_Debugging_OFF
[SGXSan] ALWAYS: Enter enc_wolfSSL_Debugging_ON
[SGXSan] ALWAYS: Enter enc_wolfSSL_Init
[SGXSan] ALWAYS: Enter enc_wolfSSL_connect
[SGXSan] ALWAYS: Enter enc_wolfSSL_free
[SGXSan] ALWAYS: Enter enc_wolfSSL_get_error
[SGXSan] ALWAYS: Enter enc_wolfSSL_new
[SGXSan] ALWAYS: Enter enc_wolfSSL_read
[SGXSan] ALWAYS: Enter enc_wolfSSL_set_fd
[SGXSan] ALWAYS: Enter enc_wolfSSL_write
[SGXSan] ALWAYS: Enter enc_wolfTLSv1_2_client_method
[SGXSan] ALWAYS: Enter enc_wolfTLSv1_2_server_method
[SGXSan] ALWAYS: Enter wc_benchmark_test
------------------------------------------------------------------------------
 wolfSSL version 5.1.0
------------------------------------------------------------------------------
wolfCrypt Benchmark (block bytes 1048576, min 1.0 sec each)
RNG                 10 MB took 1.378 seconds,    7.258 MB/s
AES-128-CBC-enc     35 MB took 1.100 seconds,   31.820 MB/s
AES-128-CBC-dec     35 MB took 1.149 seconds,   30.465 MB/s
AES-192-CBC-enc     30 MB took 1.057 seconds,   28.381 MB/s
AES-192-CBC-dec     30 MB took 1.124 seconds,   26.690 MB/s
AES-256-CBC-enc     30 MB took 1.167 seconds,   25.717 MB/s
AES-256-CBC-dec     25 MB took 1.036 seconds,   24.141 MB/s
AES-128-GCM-enc     25 MB took 1.059 seconds,   23.606 MB/s
AES-128-GCM-dec     25 MB took 1.042 seconds,   23.988 MB/s
AES-192-GCM-enc     25 MB took 1.171 seconds,   21.348 MB/s
AES-192-GCM-dec     25 MB took 1.152 seconds,   21.696 MB/s
AES-256-GCM-enc     20 MB took 1.004 seconds,   19.928 MB/s
AES-256-GCM-dec     20 MB took 1.004 seconds,   19.916 MB/s
GMAC Table 4-bit    68 MB took 1.015 seconds,   67.026 MB/s
RABBIT              90 MB took 1.012 seconds,   88.929 MB/s
3DES                10 MB took 1.114 seconds,    8.977 MB/s
MD5                300 MB took 1.015 seconds,  295.506 MB/s
SHA                130 MB took 1.022 seconds,  127.158 MB/s
SHA-256             15 MB took 1.007 seconds,   14.891 MB/s
HMAC-MD5           300 MB took 1.011 seconds,  296.662 MB/s
HMAC-SHA           125 MB took 1.005 seconds,  124.330 MB/s
HMAC-SHA256         20 MB took 1.300 seconds,   15.380 MB/s
PBKDF2               2 KB took 1.012 seconds,    1.975 KB/s
RSA     2048 public       1400 ops took 1.023 sec, avg 0.731 ms, 1368.809 ops/sec
RSA     2048 private       100 ops took 3.725 sec, avg 37.246 ms, 26.849 ops/sec
DH      2048 key gen        63 ops took 1.004 sec, avg 15.932 ms, 62.767 ops/sec
DH      2048 agree         100 ops took 1.579 sec, avg 15.788 ms, 63.338 ops/sec
ECC   [      SECP256R1]   256 key gen      1359 ops took 1.000 sec, avg 0.736 ms, 1358.679 ops/sec
ECDHE [      SECP256R1]   256 agree         900 ops took 1.006 sec, avg 1.118 ms, 894.810 ops/sec
ECDSA [      SECP256R1]   256 sign         1200 ops took 1.078 sec, avg 0.898 ms, 1113.279 ops/sec
ECDSA [      SECP256R1]   256 verify        900 ops took 1.052 sec, avg 1.169 ms, 855.501 ops/sec
Benchmark complete
[SGXSan] ALWAYS: Enter wc_test
INFO: seed corpus: files: 2 min: 370191b max: 370191b total: 740382b rss: 43Mb
------------------------------------------------------------------------------
 wolfSSL version 5.1.0
------------------------------------------------------------------------------
error    test passed!
MEMORY   test passed!
base64   test passed!
asn      test passed!
RANDOM   test passed!
MD5      test passed!
MD4      test passed!
SHA      test passed!
SHA-256  test passed!
Hash     test passed!
HMAC-MD5 test passed!
HMAC-SHA test passed!
HMAC-SHA256 test passed!
GMAC     test passed!
HC-128   test passed!
Rabbit   test passed!
DES      test passed!
DES3     test passed!
AES      test passed!
AES192   test passed!
AES256   test passed!
AES-GCM  test passed!
RSA      test passed!
DH       test passed!
DSA      test passed!
PWDBASED test passed!
ECC      test passed!
ECC buffer test passed!
logging  test passed!
mutex    test passed!
memcb    test passed!
Test complete
[SGXSan] ALWAYS: Enter enc_wolfSSL_connect
[SGXSan] ALWAYS: Enter enc_wolfSSL_free
[SGXSan] ALWAYS: Enter enc_wolfSSL_Init
[SGXSan] ALWAYS: Enter wc_benchmark_test
------------------------------------------------------------------------------
 wolfSSL version 5.1.0
------------------------------------------------------------------------------
wolfCrypt Benchmark (block bytes 1048576, min 1.0 sec each)
RNG                 10 MB took 1.378 seconds,    7.258 MB/s
AES-128-CBC-enc     35 MB took 1.095 seconds,   31.949 MB/s
AES-128-CBC-dec     35 MB took 1.163 seconds,   30.102 MB/s
AES-192-CBC-enc     30 MB took 1.076 seconds,   27.887 MB/s
AES-192-CBC-dec     30 MB took 1.147 seconds,   26.154 MB/s
AES-256-CBC-enc     30 MB took 1.186 seconds,   25.287 MB/s
AES-256-CBC-dec     25 MB took 1.059 seconds,   23.604 MB/s
AES-128-GCM-enc     25 MB took 1.071 seconds,   23.345 MB/s
AES-128-GCM-dec     25 MB took 1.054 seconds,   23.723 MB/s
AES-192-GCM-enc     25 MB took 1.197 seconds,   20.884 MB/s
AES-192-GCM-dec     25 MB took 1.178 seconds,   21.227 MB/s
AES-256-GCM-enc     20 MB took 1.035 seconds,   19.328 MB/s
AES-256-GCM-dec     20 MB took 1.042 seconds,   19.202 MB/s
GMAC Table 4-bit    67 MB took 1.001 seconds,   66.934 MB/s
RABBIT              90 MB took 1.044 seconds,   86.234 MB/s
3DES                10 MB took 1.157 seconds,    8.640 MB/s
MD5                305 MB took 1.003 seconds,  304.123 MB/s
SHA                130 MB took 1.009 seconds,  128.857 MB/s
SHA-256             20 MB took 1.308 seconds,   15.294 MB/s
HMAC-MD5           305 MB took 1.003 seconds,  303.991 MB/s
HMAC-SHA           130 MB took 1.024 seconds,  126.993 MB/s
HMAC-SHA256         20 MB took 1.212 seconds,   16.506 MB/s
PBKDF2               2 KB took 1.005 seconds,    2.053 KB/s
RSA     2048 public       1400 ops took 1.049 sec, avg 0.750 ms, 1334.157 ops/sec
RSA     2048 private       100 ops took 3.821 sec, avg 38.210 ms, 26.171 ops/sec
DH      2048 key gen        64 ops took 1.002 sec, avg 15.655 ms, 63.878 ops/sec
DH      2048 agree         100 ops took 1.535 sec, avg 15.350 ms, 65.145 ops/sec
ECC   [      SECP256R1]   256 key gen      1401 ops took 1.000 sec, avg 0.714 ms, 1400.961 ops/sec
ECDHE [      SECP256R1]   256 agree         900 ops took 1.020 sec, avg 1.134 ms, 881.988 ops/sec
ECDSA [      SECP256R1]   256 sign         1200 ops took 1.020 sec, avg 0.850 ms, 1176.165 ops/sec
ECDSA [      SECP256R1]   256 verify        900 ops took 1.073 sec, avg 1.192 ms, 838.835 ops/sec
Benchmark complete
[SGXSan] ALWAYS: Enter enc_wolfSSL_Debugging_ON
[SGXSan] ALWAYS: Enter enc_wolfSSL_read
[SGXSan] ALWAYS: Enter enc_wolfSSL_CTX_use_certificate_chain_buffer_format
[SGXSan] ALWAYS: Enter enc_wolfSSL_CTX_load_verify_buffer
[SGXSan] ALWAYS: Enter enc_wolfSSL_set_fd
[SGXSan] ALWAYS: Enter enc_wolfSSL_write
[SGXSan] ALWAYS: Enter enc_wolfSSL_Cleanup
[SGXSan] ALWAYS: Enter enc_wolfSSL_new
[SGXSan] ALWAYS: Enter enc_wolfSSL_CTX_set_cipher_list
[SGXSan] ALWAYS: Enter enc_wolfSSL_CTX_use_certificate_buffer
[SGXSan] ALWAYS: Enter enc_wolfSSL_CTX_use_PrivateKey_buffer
[SGXSan] ALWAYS: Enter enc_wolfSSL_get_error
[SGXSan] ALWAYS: Enter enc_wolfSSL_CTX_new
[SGXSan] ALWAYS: Enter enc_wolfTLSv1_2_client_method
[SGXSan] ALWAYS: Enter wc_test
------------------------------------------------------------------------------
 wolfSSL version 5.1.0
------------------------------------------------------------------------------
error    test passed!
MEMORY   test passed!
base64   test passed!
asn      test passed!
RANDOM   test passed!
MD5      test passed!
MD4      test passed!
SHA      test passed!
SHA-256  test passed!
Hash     test passed!
HMAC-MD5 test passed!
HMAC-SHA test passed!
HMAC-SHA256 test passed!
GMAC     test passed!
HC-128   test passed!
Rabbit   test passed!
DES      test passed!
DES3     test passed!
AES      test passed!
AES192   test passed!
AES256   test passed!
AES-GCM  test passed!
RSA      test passed!
DH       test passed!
DSA      test passed!
PWDBASED test passed!
ECC      test passed!
ECC buffer test passed!
logging  test passed!
mutex    test passed!
memcb    test failed!
 error = -13803
[SGXSan] ALWAYS: Enter enc_wolfTLSv1_2_server_method
[SGXSan] ALWAYS: Enter enc_wolfSSL_CTX_free
[SGXSan] ALWAYS: Enter enc_wolfSSL_Debugging_OFF
#2	pulse  ft: 6291 exec/s: 0 rss: 50Mb
Slowest unit: 43 s:
artifact_prefix='./crashes/'; Test unit written to ./crashes/slow-unit-b894a6ec387700716143ee6730621ec716a09440
[SGXSan] ALWAYS: Enter enc_wolfSSL_connect
[SGXSan] ALWAYS: Enter enc_wolfSSL_free
[SGXSan] ALWAYS: Enter enc_wolfSSL_Init
[SGXSan] ALWAYS: Enter wc_benchmark_test
------------------------------------------------------------------------------
 wolfSSL version 5.1.0
------------------------------------------------------------------------------
wolfCrypt Benchmark (block bytes 1048576, min 1.0 sec each)
RNG                 10 MB took 1.381 seconds,    7.240 MB/s
AES-128-CBC-enc     35 MB took 1.049 seconds,   33.363 MB/s
AES-128-CBC-dec     35 MB took 1.153 seconds,   30.344 MB/s
AES-192-CBC-enc     30 MB took 1.072 seconds,   27.975 MB/s
AES-192-CBC-dec     30 MB took 1.156 seconds,   25.960 MB/s
AES-256-CBC-enc     30 MB took 1.195 seconds,   25.103 MB/s
AES-256-CBC-dec     25 MB took 1.054 seconds,   23.722 MB/s
AES-128-GCM-enc     25 MB took 1.075 seconds,   23.247 MB/s
AES-128-GCM-dec     25 MB took 1.062 seconds,   23.534 MB/s
AES-192-GCM-enc     25 MB took 1.211 seconds,   20.646 MB/s
AES-192-GCM-dec     25 MB took 1.175 seconds,   21.280 MB/s
AES-256-GCM-enc     20 MB took 1.016 seconds,   19.686 MB/s
AES-256-GCM-dec     20 MB took 1.026 seconds,   19.496 MB/s
GMAC Table 4-bit    67 MB took 1.015 seconds,   66.029 MB/s
RABBIT              90 MB took 1.014 seconds,   88.734 MB/s
3DES                10 MB took 1.117 seconds,    8.950 MB/s
MD5                300 MB took 1.012 seconds,  296.439 MB/s
SHA                130 MB took 1.037 seconds,  125.407 MB/s
SHA-256             20 MB took 1.320 seconds,   15.154 MB/s
HMAC-MD5           300 MB took 1.015 seconds,  295.451 MB/s
HMAC-SHA           130 MB took 1.010 seconds,  128.741 MB/s
HMAC-SHA256         20 MB took 1.307 seconds,   15.303 MB/s
PBKDF2               2 KB took 1.002 seconds,    1.965 KB/s
RSA     2048 public       1400 ops took 1.018 sec, avg 0.727 ms, 1375.586 ops/sec
RSA     2048 private       100 ops took 3.722 sec, avg 37.218 ms, 26.869 ops/sec
DH      2048 key gen        65 ops took 1.000 sec, avg 15.392 ms, 64.971 ops/sec
DH      2048 agree         100 ops took 1.560 sec, avg 15.602 ms, 64.093 ops/sec
ECC   [      SECP256R1]   256 key gen      1340 ops took 1.000 sec, avg 0.746 ms, 1339.930 ops/sec
ECDHE [      SECP256R1]   256 agree         900 ops took 1.020 sec, avg 1.134 ms, 882.110 ops/sec
ECDSA [      SECP256R1]   256 sign         1200 ops took 1.060 sec, avg 0.884 ms, 1131.679 ops/sec
ECDSA [      SECP256R1]   256 verify        900 ops took 1.089 sec, avg 1.210 ms, 826.561 ops/sec
Benchmark complete
[SGXSan] ALWAYS: Enter enc_wolfSSL_Debugging_ON
[SGXSan] ALWAYS: Enter enc_wolfSSL_read
[SGXSan] ALWAYS: Enter enc_wolfSSL_CTX_use_certificate_chain_buffer_format
[SGXSan] ALWAYS: Enter enc_wolfSSL_CTX_load_verify_buffer
[SGXSan] ALWAYS: Enter enc_wolfSSL_set_fd
[SGXSan] ALWAYS: Enter enc_wolfSSL_write
[SGXSan] ALWAYS: Enter enc_wolfSSL_Cleanup
[SGXSan] ALWAYS: Enter enc_wolfSSL_new
[SGXSan] ALWAYS: Enter enc_wolfSSL_CTX_set_cipher_list
[SGXSan] ALWAYS: Enter enc_wolfSSL_CTX_use_certificate_buffer
[SGXSan] ALWAYS: Enter enc_wolfSSL_CTX_use_PrivateKey_buffer
[SGXSan] ALWAYS: Enter enc_wolfSSL_get_error
[SGXSan] ALWAYS: Enter enc_wolfSSL_CTX_new
[SGXSan] ALWAYS: Enter enc_wolfTLSv1_2_client_method
[SGXSan] ALWAYS: Enter wc_test
------------------------------------------------------------------------------
 wolfSSL version 5.1.0
------------------------------------------------------------------------------
error    test passed!
MEMORY   test passed!
base64   test passed!
asn      test passed!
RANDOM   test passed!
MD5      test passed!
MD4      test passed!
SHA      test passed!
SHA-256  test passed!
Hash     test passed!
HMAC-MD5 test passed!
HMAC-SHA test passed!
HMAC-SHA256 test passed!
GMAC     test passed!
HC-128   test passed!
Rabbit   test passed!
DES      test passed!
DES3     test passed!
AES      test passed!
AES192   test passed!
AES256   test passed!
AES-GCM  test passed!
RSA      test passed!
DH       test passed!
DSA      test passed!
PWDBASED test passed!
ECC      test passed!
ECC buffer test passed!
logging  test passed!
mutex    test passed!
memcb    test failed!
 error = -13803
[SGXSan] ALWAYS: Enter enc_wolfTLSv1_2_server_method
[SGXSan] ALWAYS: Enter enc_wolfSSL_CTX_free
[SGXSan] ALWAYS: Enter enc_wolfSSL_Debugging_OFF
#3	INITED cov: 6291 ft: 6296 corp: 2/723Kb exec/s: 0 rss: 58Mb
#3	DONE   cov: 6291 ft: 6296 corp: 2/723Kb lim: 370191 exec/s: 0 rss: 58Mb
Done 3 runs in 128 second(s)
stat::number_of_executed_units: 3
stat::average_exec_per_sec:     0
stat::new_units_added:          0
stat::slowest_unit_time_sec:    43
stat::peak_rss_mb:              58
