WARNING: Failed to find function "__sanitizer_acquire_crash_state".
WARNING: Failed to find function "__sanitizer_print_stack_trace".
WARNING: Failed to find function "__sanitizer_set_death_callback".
[2023-01-15 17:40:30.206] [Init] Num of ECall: 22
[2023-01-15 17:40:30.206] ECalls:
  0 - fuzz_enc_wolfSSL_CTX_free
  1 - fuzz_enc_wolfSSL_CTX_load_verify_buffer
  2 - fuzz_enc_wolfSSL_CTX_new
  3 - fuzz_enc_wolfSSL_CTX_set_cipher_list
  4 - fuzz_enc_wolfSSL_CTX_use_PrivateKey_buffer
  5 - fuzz_enc_wolfSSL_CTX_use_certificate_buffer
  6 - fuzz_enc_wolfSSL_CTX_use_certificate_chain_buffer_format
  7 - fuzz_enc_wolfSSL_Cleanup
  8 - fuzz_enc_wolfSSL_Debugging_OFF
  9 - fuzz_enc_wolfSSL_Debugging_ON
  10 - fuzz_enc_wolfSSL_Init
  11 - fuzz_enc_wolfSSL_connect
  12 - fuzz_enc_wolfSSL_free
  13 - fuzz_enc_wolfSSL_get_error
  14 - fuzz_enc_wolfSSL_new
  15 - fuzz_enc_wolfSSL_read
  16 - fuzz_enc_wolfSSL_set_fd
  17 - fuzz_enc_wolfSSL_write
  18 - fuzz_enc_wolfTLSv1_2_client_method
  19 - fuzz_enc_wolfTLSv1_2_server_method
  20 - fuzz_wc_benchmark_test
  21 - fuzz_wc_test

INFO: found LLVMFuzzerCustomMutator (0x44ac30). Disabling -len_control by default.
INFO: libFuzzer ignores flags that start with '--'
INFO: Running with entropic power schedule (0xFF, 100).
INFO: Seed: 1345520796
INFO: Loaded 1 modules   (291 inline 8-bit counters): 291 [0x4cb7e8, 0x4cb90b), 
INFO: Loaded 1 PC tables (291 PCs): 291 [0x4cb910,0x4ccb40), 
INFO:        0 files found in /tmp/libFuzzerTemp.FuzzWithFork422940.dir/C112
[SGXSan] ALWAYS: Hook __sanitizer_cov_8bit_counters_init of Enclave, 21636 inline 8-bit counts [0x7f1dfc0359c0, 0x7f1dfc03ae44) (First time)
[SGXSan] ALWAYS: Hook __sanitizer_cov_pcs_init of Enclave, 21636 PCs [0x7f1dfc03ae48, 0x7f1dfc08f688) (First time)
[SGXSan] ALWAYS: Enter enc_wolfSSL_CTX_free
[SGXSan] ALWAYS: Enter enc_wolfSSL_CTX_load_verify_buffer
[SGXSan] ALWAYS: Enter enc_wolfSSL_CTX_new
[SGXSan] ALWAYS: Enter enc_wolfSSL_CTX_set_cipher_list
[SGXSan] ALWAYS: Enter enc_wolfSSL_CTX_use_PrivateKey_buffer
[SGXSan] ALWAYS: Enter enc_wolfSSL_CTX_use_certificate_buffer
[SGXSan] ALWAYS: Enter enc_wolfSSL_CTX_use_certificate_chain_buffer_format
[SGXSan] ALWAYS: Enter enc_wolfSSL_Cleanup
[SGXSan] ALWAYS: Enter enc_wolfSSL_Debugging_OFF
[SGXSan] ALWAYS: Enter enc_wolfSSL_Debugging_ON
[SGXSan] ALWAYS: Enter enc_wolfSSL_Init
[SGXSan] ALWAYS: Enter enc_wolfSSL_connect
[SGXSan] ALWAYS: Enter enc_wolfSSL_free
[SGXSan] ALWAYS: Enter enc_wolfSSL_get_error
[SGXSan] ALWAYS: Enter enc_wolfSSL_new
[SGXSan] ALWAYS: Enter enc_wolfSSL_read
[SGXSan] ALWAYS: Enter enc_wolfSSL_set_fd
[SGXSan] ALWAYS: Enter enc_wolfSSL_write
[SGXSan] ALWAYS: Enter enc_wolfTLSv1_2_client_method
[SGXSan] ALWAYS: Enter enc_wolfTLSv1_2_server_method
[SGXSan] ALWAYS: Enter wc_benchmark_test
------------------------------------------------------------------------------
 wolfSSL version 5.1.0
------------------------------------------------------------------------------
wolfCrypt Benchmark (block bytes 1048576, min 1.0 sec each)
RNG                 15 MB took 1.127 seconds,   13.315 MB/s
AES-128-CBC-enc     35 MB took 1.256 seconds,   27.865 MB/s
AES-128-CBC-dec     15 MB took 1.159 seconds,   12.943 MB/s
AES-192-CBC-enc     20 MB took 1.280 seconds,   15.623 MB/s
AES-192-CBC-dec     15 MB took 1.302 seconds,   11.523 MB/s
AES-256-CBC-enc     15 MB took 1.079 seconds,   13.896 MB/s
AES-256-CBC-dec     15 MB took 1.414 seconds,   10.608 MB/s
AES-128-GCM-enc     15 MB took 1.118 seconds,   13.414 MB/s
AES-128-GCM-dec     15 MB took 1.120 seconds,   13.387 MB/s
AES-192-GCM-enc     15 MB took 1.245 seconds,   12.050 MB/s
AES-192-GCM-dec     15 MB took 1.246 seconds,   12.037 MB/s
AES-256-GCM-enc     15 MB took 1.367 seconds,   10.973 MB/s
AES-256-GCM-dec     15 MB took 1.376 seconds,   10.899 MB/s
GMAC Table 4-bit    47 MB took 1.013 seconds,   46.417 MB/s
RABBIT              95 MB took 1.051 seconds,   90.416 MB/s
3DES                10 MB took 1.110 seconds,    9.009 MB/s
MD5                300 MB took 1.004 seconds,  298.835 MB/s
SHA                130 MB took 1.026 seconds,  126.692 MB/s
SHA-256             35 MB took 1.130 seconds,   30.974 MB/s
HMAC-MD5           305 MB took 1.002 seconds,  304.454 MB/s
HMAC-SHA           130 MB took 1.007 seconds,  129.102 MB/s
HMAC-SHA256         35 MB took 1.138 seconds,   30.748 MB/s
PBKDF2               4 KB took 1.005 seconds,    3.730 KB/s
RSA     2048 public       1400 ops took 1.040 sec, avg 0.743 ms, 1346.233 ops/sec
RSA     2048 private       100 ops took 3.737 sec, avg 37.365 ms, 26.763 ops/sec
DH      2048 key gen        62 ops took 1.012 sec, avg 16.318 ms, 61.284 ops/sec
DH      2048 agree         100 ops took 1.586 sec, avg 15.859 ms, 63.057 ops/sec
ECC   [      SECP256R1]   256 key gen      1422 ops took 1.000 sec, avg 0.703 ms, 1421.784 ops/sec
ECDHE [      SECP256R1]   256 agree        1000 ops took 1.082 sec, avg 1.082 ms, 924.514 ops/sec
ECDSA [      SECP256R1]   256 sign         1200 ops took 1.014 sec, avg 0.845 ms, 1183.167 ops/sec
ECDSA [      SECP256R1]   256 verify        900 ops took 1.085 sec, avg 1.206 ms, 829.359 ops/sec
Benchmark complete
[SGXSan] ALWAYS: Enter wc_test
INFO: seed corpus: files: 2 min: 370191b max: 370191b total: 740382b rss: 43Mb
------------------------------------------------------------------------------
 wolfSSL version 5.1.0
------------------------------------------------------------------------------
error    test passed!
MEMORY   test passed!
base64   test passed!
asn      test passed!
RANDOM   test passed!
MD5      test passed!
MD4      test passed!
SHA      test passed!
SHA-256  test passed!
Hash     test passed!
HMAC-MD5 test passed!
HMAC-SHA test passed!
HMAC-SHA256 test passed!
GMAC     test passed!
HC-128   test passed!
Rabbit   test passed!
DES      test passed!
DES3     test passed!
AES      test passed!
AES192   test passed!
AES256   test passed!
AES-GCM  test passed!
RSA      test passed!
DH       test passed!
DSA      test passed!
PWDBASED test passed!
ECC      test passed!
ECC buffer test passed!
logging  test passed!
mutex    test passed!
memcb    test passed!
Test complete
[SGXSan] ALWAYS: Enter enc_wolfSSL_connect
[SGXSan] ALWAYS: Enter enc_wolfSSL_free
[SGXSan] ALWAYS: Enter enc_wolfSSL_Init
[SGXSan] ALWAYS: Enter wc_benchmark_test
------------------------------------------------------------------------------
 wolfSSL version 5.1.0
------------------------------------------------------------------------------
wolfCrypt Benchmark (block bytes 1048576, min 1.0 sec each)
RNG                 10 MB took 1.298 seconds,    7.705 MB/s
AES-128-CBC-enc     20 MB took 1.108 seconds,   18.046 MB/s
AES-128-CBC-dec     15 MB took 1.141 seconds,   13.145 MB/s
AES-192-CBC-enc     20 MB took 1.291 seconds,   15.494 MB/s
AES-192-CBC-dec     15 MB took 1.290 seconds,   11.626 MB/s
AES-256-CBC-enc     15 MB took 1.071 seconds,   14.000 MB/s
AES-256-CBC-dec     15 MB took 1.414 seconds,   10.606 MB/s
AES-128-GCM-enc     15 MB took 1.111 seconds,   13.497 MB/s
AES-128-GCM-dec     15 MB took 1.112 seconds,   13.491 MB/s
AES-192-GCM-enc     15 MB took 1.224 seconds,   12.259 MB/s
AES-192-GCM-dec     15 MB took 1.239 seconds,   12.110 MB/s
AES-256-GCM-enc     15 MB took 1.345 seconds,   11.156 MB/s
AES-256-GCM-dec     15 MB took 1.354 seconds,   11.082 MB/s
GMAC Table 4-bit    63 MB took 1.015 seconds,   62.072 MB/s
RABBIT              90 MB took 1.030 seconds,   87.373 MB/s
3DES                10 MB took 1.104 seconds,    9.058 MB/s
MD5                300 MB took 1.013 seconds,  296.249 MB/s
SHA                125 MB took 1.001 seconds,  124.814 MB/s
SHA-256             35 MB took 1.160 seconds,   30.168 MB/s
HMAC-MD5           300 MB took 1.012 seconds,  296.300 MB/s
HMAC-SHA           125 MB took 1.011 seconds,  123.593 MB/s
HMAC-SHA256         35 MB took 1.158 seconds,   30.231 MB/s
PBKDF2               4 KB took 1.008 seconds,    3.691 KB/s
RSA     2048 public       1400 ops took 1.019 sec, avg 0.728 ms, 1374.011 ops/sec
RSA     2048 private       100 ops took 3.719 sec, avg 37.186 ms, 26.892 ops/sec
DH      2048 key gen        64 ops took 1.014 sec, avg 15.848 ms, 63.098 ops/sec
DH      2048 agree         100 ops took 1.569 sec, avg 15.695 ms, 63.715 ops/sec
ECC   [      SECP256R1]   256 key gen      1382 ops took 1.001 sec, avg 0.724 ms, 1381.236 ops/sec
ECDHE [      SECP256R1]   256 agree         900 ops took 1.037 sec, avg 1.152 ms, 867.812 ops/sec
ECDSA [      SECP256R1]   256 sign         1200 ops took 1.040 sec, avg 0.867 ms, 1153.746 ops/sec
ECDSA [      SECP256R1]   256 verify        900 ops took 1.091 sec, avg 1.212 ms, 824.857 ops/sec
Benchmark complete
[SGXSan] ALWAYS: Enter enc_wolfSSL_Debugging_ON
[SGXSan] ALWAYS: Enter enc_wolfSSL_read
[SGXSan] ALWAYS: Enter enc_wolfSSL_CTX_use_certificate_chain_buffer_format
[SGXSan] ALWAYS: Enter enc_wolfSSL_CTX_load_verify_buffer
[SGXSan] ALWAYS: Enter enc_wolfSSL_set_fd
[SGXSan] ALWAYS: Enter enc_wolfSSL_write
[SGXSan] ALWAYS: Enter enc_wolfSSL_Cleanup
[SGXSan] ALWAYS: Enter enc_wolfSSL_new
[SGXSan] ALWAYS: Enter enc_wolfSSL_CTX_set_cipher_list
[SGXSan] ALWAYS: Enter enc_wolfSSL_CTX_use_certificate_buffer
[SGXSan] ALWAYS: Enter enc_wolfSSL_CTX_use_PrivateKey_buffer
[SGXSan] ALWAYS: Enter enc_wolfSSL_get_error
[SGXSan] ALWAYS: Enter enc_wolfSSL_CTX_new
[SGXSan] ALWAYS: Enter enc_wolfTLSv1_2_client_method
[SGXSan] ALWAYS: Enter wc_test
------------------------------------------------------------------------------
 wolfSSL version 5.1.0
------------------------------------------------------------------------------
error    test passed!
MEMORY   test passed!
base64   test passed!
asn      test passed!
RANDOM   test passed!
MD5      test passed!
MD4      test passed!
SHA      test passed!
SHA-256  test passed!
Hash     test passed!
HMAC-MD5 test passed!
HMAC-SHA test passed!
HMAC-SHA256 test passed!
GMAC     test passed!
HC-128   test passed!
Rabbit   test passed!
DES      test passed!
DES3     test passed!
AES      test passed!
AES192   test passed!
AES256   test passed!
AES-GCM  test passed!
RSA      test passed!
DH       test passed!
DSA      test passed!
PWDBASED test passed!
ECC      test passed!
ECC buffer test passed!
logging  test passed!
mutex    test passed!
memcb    test failed!
 error = -13803
[SGXSan] ALWAYS: Enter enc_wolfTLSv1_2_server_method
[SGXSan] ALWAYS: Enter enc_wolfSSL_CTX_free
[SGXSan] ALWAYS: Enter enc_wolfSSL_Debugging_OFF
#2	pulse  ft: 6289 exec/s: 0 rss: 49Mb
Slowest unit: 44 s:
artifact_prefix='./crashes/'; Test unit written to ./crashes/slow-unit-b894a6ec387700716143ee6730621ec716a09440
[SGXSan] ALWAYS: Enter enc_wolfSSL_connect
[SGXSan] ALWAYS: Enter enc_wolfSSL_free
[SGXSan] ALWAYS: Enter enc_wolfSSL_Init
[SGXSan] ALWAYS: Enter wc_benchmark_test
------------------------------------------------------------------------------
 wolfSSL version 5.1.0
------------------------------------------------------------------------------
wolfCrypt Benchmark (block bytes 1048576, min 1.0 sec each)
RNG                 15 MB took 1.147 seconds,   13.074 MB/s
AES-128-CBC-enc     35 MB took 1.093 seconds,   32.034 MB/s
AES-128-CBC-dec     20 MB took 1.095 seconds,   18.269 MB/s
AES-192-CBC-enc     30 MB took 1.096 seconds,   27.377 MB/s
AES-192-CBC-dec     20 MB took 1.159 seconds,   17.252 MB/s
AES-256-CBC-enc     25 MB took 1.007 seconds,   24.830 MB/s
AES-256-CBC-dec     20 MB took 1.262 seconds,   15.852 MB/s
AES-128-GCM-enc     25 MB took 1.069 seconds,   23.377 MB/s
AES-128-GCM-dec     20 MB took 1.024 seconds,   19.522 MB/s
AES-192-GCM-enc     15 MB took 1.238 seconds,   12.120 MB/s
AES-192-GCM-dec     15 MB took 1.237 seconds,   12.124 MB/s
AES-256-GCM-enc     15 MB took 1.347 seconds,   11.132 MB/s
AES-256-GCM-dec     20 MB took 1.033 seconds,   19.360 MB/s
GMAC Table 4-bit    67 MB took 1.014 seconds,   66.105 MB/s
RABBIT              80 MB took 1.040 seconds,   76.903 MB/s
3DES                10 MB took 1.112 seconds,    8.994 MB/s
MD5                295 MB took 1.001 seconds,  294.815 MB/s
SHA                125 MB took 1.002 seconds,  124.741 MB/s
SHA-256             30 MB took 1.005 seconds,   29.858 MB/s
HMAC-MD5           295 MB took 1.007 seconds,  292.835 MB/s
HMAC-SHA           125 MB took 1.013 seconds,  123.345 MB/s
HMAC-SHA256         30 MB took 1.008 seconds,   29.756 MB/s
PBKDF2               4 KB took 1.003 seconds,    3.676 KB/s
RSA     2048 public       1400 ops took 1.010 sec, avg 0.721 ms, 1386.338 ops/sec
RSA     2048 private       100 ops took 3.799 sec, avg 37.991 ms, 26.322 ops/sec
DH      2048 key gen        62 ops took 1.006 sec, avg 16.219 ms, 61.657 ops/sec
DH      2048 agree         100 ops took 1.592 sec, avg 15.917 ms, 62.827 ops/sec
ECC   [      SECP256R1]   256 key gen      1350 ops took 1.000 sec, avg 0.741 ms, 1349.448 ops/sec
ECDHE [      SECP256R1]   256 agree         900 ops took 1.039 sec, avg 1.155 ms, 865.944 ops/sec
ECDSA [      SECP256R1]   256 sign         1200 ops took 1.048 sec, avg 0.873 ms, 1145.427 ops/sec
ECDSA [      SECP256R1]   256 verify        900 ops took 1.069 sec, avg 1.188 ms, 841.526 ops/sec
Benchmark complete
[SGXSan] ALWAYS: Enter enc_wolfSSL_Debugging_ON
[SGXSan] ALWAYS: Enter enc_wolfSSL_read
[SGXSan] ALWAYS: Enter enc_wolfSSL_CTX_use_certificate_chain_buffer_format
[SGXSan] ALWAYS: Enter enc_wolfSSL_CTX_load_verify_buffer
[SGXSan] ALWAYS: Enter enc_wolfSSL_set_fd
[SGXSan] ALWAYS: Enter enc_wolfSSL_write
[SGXSan] ALWAYS: Enter enc_wolfSSL_Cleanup
[SGXSan] ALWAYS: Enter enc_wolfSSL_new
[SGXSan] ALWAYS: Enter enc_wolfSSL_CTX_set_cipher_list
[SGXSan] ALWAYS: Enter enc_wolfSSL_CTX_use_certificate_buffer
[SGXSan] ALWAYS: Enter enc_wolfSSL_CTX_use_PrivateKey_buffer
[SGXSan] ALWAYS: Enter enc_wolfSSL_get_error
[SGXSan] ALWAYS: Enter enc_wolfSSL_CTX_new
[SGXSan] ALWAYS: Enter enc_wolfTLSv1_2_client_method
[SGXSan] ALWAYS: Enter wc_test
------------------------------------------------------------------------------
 wolfSSL version 5.1.0
------------------------------------------------------------------------------
error    test passed!
MEMORY   test passed!
base64   test passed!
asn      test passed!
RANDOM   test passed!
MD5      test passed!
MD4      test passed!
SHA      test passed!
SHA-256  test passed!
Hash     test passed!
HMAC-MD5 test passed!
HMAC-SHA test passed!
HMAC-SHA256 test passed!
GMAC     test passed!
HC-128   test passed!
Rabbit   test passed!
DES      test passed!
DES3     test passed!
AES      test passed!
AES192   test passed!
AES256   test passed!
AES-GCM  test passed!
RSA      test passed!
DH       test passed!
DSA      test passed!
PWDBASED test passed!
ECC      test passed!
ECC buffer test passed!
logging  test passed!
mutex    test passed!
memcb    test failed!
 error = -13803
[SGXSan] ALWAYS: Enter enc_wolfTLSv1_2_server_method
[SGXSan] ALWAYS: Enter enc_wolfSSL_CTX_free
[SGXSan] ALWAYS: Enter enc_wolfSSL_Debugging_OFF
#3	INITED cov: 6289 ft: 6289 corp: 1/361Kb exec/s: 0 rss: 58Mb
#3	DONE   cov: 6289 ft: 6289 corp: 1/361Kb lim: 370191 exec/s: 0 rss: 58Mb
Done 3 runs in 131 second(s)
stat::number_of_executed_units: 3
stat::average_exec_per_sec:     0
stat::new_units_added:          0
stat::slowest_unit_time_sec:    44
stat::peak_rss_mb:              58
