WARNING: Failed to find function "__sanitizer_acquire_crash_state".
WARNING: Failed to find function "__sanitizer_print_stack_trace".
WARNING: Failed to find function "__sanitizer_set_death_callback".
[2023-01-15 17:43:42.015] [Init] Num of ECall: 22
[2023-01-15 17:43:42.015] ECalls:
  0 - fuzz_enc_wolfSSL_CTX_free
  1 - fuzz_enc_wolfSSL_CTX_load_verify_buffer
  2 - fuzz_enc_wolfSSL_CTX_new
  3 - fuzz_enc_wolfSSL_CTX_set_cipher_list
  4 - fuzz_enc_wolfSSL_CTX_use_PrivateKey_buffer
  5 - fuzz_enc_wolfSSL_CTX_use_certificate_buffer
  6 - fuzz_enc_wolfSSL_CTX_use_certificate_chain_buffer_format
  7 - fuzz_enc_wolfSSL_Cleanup
  8 - fuzz_enc_wolfSSL_Debugging_OFF
  9 - fuzz_enc_wolfSSL_Debugging_ON
  10 - fuzz_enc_wolfSSL_Init
  11 - fuzz_enc_wolfSSL_connect
  12 - fuzz_enc_wolfSSL_free
  13 - fuzz_enc_wolfSSL_get_error
  14 - fuzz_enc_wolfSSL_new
  15 - fuzz_enc_wolfSSL_read
  16 - fuzz_enc_wolfSSL_set_fd
  17 - fuzz_enc_wolfSSL_write
  18 - fuzz_enc_wolfTLSv1_2_client_method
  19 - fuzz_enc_wolfTLSv1_2_server_method
  20 - fuzz_wc_benchmark_test
  21 - fuzz_wc_test

INFO: found LLVMFuzzerCustomMutator (0x44ac30). Disabling -len_control by default.
INFO: libFuzzer ignores flags that start with '--'
INFO: Running with entropic power schedule (0xFF, 100).
INFO: Seed: 4176254585
INFO: Loaded 1 modules   (291 inline 8-bit counters): 291 [0x4cb7e8, 0x4cb90b), 
INFO: Loaded 1 PC tables (291 PCs): 291 [0x4cb910,0x4ccb40), 
INFO:        0 files found in /tmp/libFuzzerTemp.FuzzWithFork422940.dir/C116
[SGXSan] ALWAYS: Hook __sanitizer_cov_8bit_counters_init of Enclave, 21636 inline 8-bit counts [0x7f8ee94f29c0, 0x7f8ee94f7e44) (First time)
[SGXSan] ALWAYS: Hook __sanitizer_cov_pcs_init of Enclave, 21636 PCs [0x7f8ee94f7e48, 0x7f8ee954c688) (First time)
[SGXSan] ALWAYS: Enter enc_wolfSSL_CTX_free
[SGXSan] ALWAYS: Enter enc_wolfSSL_CTX_load_verify_buffer
[SGXSan] ALWAYS: Enter enc_wolfSSL_CTX_new
[SGXSan] ALWAYS: Enter enc_wolfSSL_CTX_set_cipher_list
[SGXSan] ALWAYS: Enter enc_wolfSSL_CTX_use_PrivateKey_buffer
[SGXSan] ALWAYS: Enter enc_wolfSSL_CTX_use_certificate_buffer
[SGXSan] ALWAYS: Enter enc_wolfSSL_CTX_use_certificate_chain_buffer_format
[SGXSan] ALWAYS: Enter enc_wolfSSL_Cleanup
[SGXSan] ALWAYS: Enter enc_wolfSSL_Debugging_OFF
[SGXSan] ALWAYS: Enter enc_wolfSSL_Debugging_ON
[SGXSan] ALWAYS: Enter enc_wolfSSL_Init
[SGXSan] ALWAYS: Enter enc_wolfSSL_connect
[SGXSan] ALWAYS: Enter enc_wolfSSL_free
[SGXSan] ALWAYS: Enter enc_wolfSSL_get_error
[SGXSan] ALWAYS: Enter enc_wolfSSL_new
[SGXSan] ALWAYS: Enter enc_wolfSSL_read
[SGXSan] ALWAYS: Enter enc_wolfSSL_set_fd
[SGXSan] ALWAYS: Enter enc_wolfSSL_write
[SGXSan] ALWAYS: Enter enc_wolfTLSv1_2_client_method
[SGXSan] ALWAYS: Enter enc_wolfTLSv1_2_server_method
[SGXSan] ALWAYS: Enter wc_benchmark_test
------------------------------------------------------------------------------
 wolfSSL version 5.1.0
------------------------------------------------------------------------------
wolfCrypt Benchmark (block bytes 1048576, min 1.0 sec each)
RNG                 15 MB took 1.162 seconds,   12.908 MB/s
AES-128-CBC-enc     35 MB took 1.095 seconds,   31.961 MB/s
AES-128-CBC-dec     30 MB took 1.012 seconds,   29.633 MB/s
AES-192-CBC-enc     30 MB took 1.070 seconds,   28.029 MB/s
AES-192-CBC-dec     30 MB took 1.141 seconds,   26.295 MB/s
AES-256-CBC-enc     25 MB took 1.029 seconds,   24.298 MB/s
AES-256-CBC-dec     25 MB took 1.109 seconds,   22.552 MB/s
AES-128-GCM-enc     25 MB took 1.109 seconds,   22.545 MB/s
AES-128-GCM-dec     25 MB took 1.068 seconds,   23.400 MB/s
AES-192-GCM-enc     25 MB took 1.171 seconds,   21.341 MB/s
AES-192-GCM-dec     25 MB took 1.155 seconds,   21.649 MB/s
AES-256-GCM-enc     20 MB took 1.006 seconds,   19.873 MB/s
AES-256-GCM-dec     20 MB took 1.017 seconds,   19.661 MB/s
GMAC Table 4-bit    69 MB took 1.001 seconds,   68.926 MB/s
RABBIT              95 MB took 1.044 seconds,   91.003 MB/s
3DES                10 MB took 1.072 seconds,    9.326 MB/s
MD5                310 MB took 1.012 seconds,  306.365 MB/s
SHA                130 MB took 1.026 seconds,  126.729 MB/s
SHA-256             30 MB took 1.019 seconds,   29.444 MB/s
HMAC-MD5           295 MB took 1.000 seconds,  294.989 MB/s
HMAC-SHA           125 MB took 1.017 seconds,  122.955 MB/s
HMAC-SHA256         35 MB took 1.167 seconds,   29.997 MB/s
PBKDF2               4 KB took 1.005 seconds,    3.668 KB/s
RSA     2048 public       1400 ops took 1.042 sec, avg 0.744 ms, 1343.855 ops/sec
RSA     2048 private       100 ops took 3.714 sec, avg 37.141 ms, 26.924 ops/sec
DH      2048 key gen        64 ops took 1.015 sec, avg 15.860 ms, 63.052 ops/sec
DH      2048 agree         100 ops took 1.636 sec, avg 16.365 ms, 61.108 ops/sec
ECC   [      SECP256R1]   256 key gen      1339 ops took 1.000 sec, avg 0.747 ms, 1338.463 ops/sec
ECDHE [      SECP256R1]   256 agree         900 ops took 1.012 sec, avg 1.124 ms, 889.752 ops/sec
ECDSA [      SECP256R1]   256 sign         1200 ops took 1.021 sec, avg 0.851 ms, 1175.463 ops/sec
ECDSA [      SECP256R1]   256 verify        900 ops took 1.025 sec, avg 1.139 ms, 877.870 ops/sec
Benchmark complete
[SGXSan] ALWAYS: Enter wc_test
INFO: seed corpus: files: 2 min: 370191b max: 370191b total: 740382b rss: 43Mb
------------------------------------------------------------------------------
 wolfSSL version 5.1.0
------------------------------------------------------------------------------
error    test passed!
MEMORY   test passed!
base64   test passed!
asn      test passed!
RANDOM   test passed!
MD5      test passed!
MD4      test passed!
SHA      test passed!
SHA-256  test passed!
Hash     test passed!
HMAC-MD5 test passed!
HMAC-SHA test passed!
HMAC-SHA256 test passed!
GMAC     test passed!
HC-128   test passed!
Rabbit   test passed!
DES      test passed!
DES3     test passed!
AES      test passed!
AES192   test passed!
AES256   test passed!
AES-GCM  test passed!
RSA      test passed!
DH       test passed!
DSA      test passed!
PWDBASED test passed!
ECC      test passed!
ECC buffer test passed!
logging  test passed!
mutex    test passed!
memcb    test passed!
Test complete
[SGXSan] ALWAYS: Enter enc_wolfSSL_new
[SGXSan] ALWAYS: Enter wc_test
------------------------------------------------------------------------------
 wolfSSL version 5.1.0
------------------------------------------------------------------------------
error    test passed!
MEMORY   test passed!
base64   test passed!
asn      test passed!
RANDOM   test passed!
MD5      test passed!
MD4      test passed!
SHA      test passed!
SHA-256  test passed!
Hash     test passed!
HMAC-MD5 test passed!
HMAC-SHA test passed!
HMAC-SHA256 test passed!
GMAC     test passed!
HC-128   test passed!
Rabbit   test passed!
DES      test passed!
DES3     test passed!
AES      test passed!
AES192   test passed!
AES256   test passed!
AES-GCM  test passed!
RSA      test passed!
DH       test passed!
DSA      test passed!
PWDBASED test passed!
ECC      test passed!
ECC buffer test passed!
logging  test passed!
mutex    test passed!
memcb    test failed!
 error = -13803
[SGXSan] ALWAYS: Enter enc_wolfSSL_read
[SGXSan] ALWAYS: Enter enc_wolfSSL_Debugging_ON
[SGXSan] ALWAYS: Enter enc_wolfSSL_CTX_use_PrivateKey_buffer
[SGXSan] ALWAYS: Enter enc_wolfSSL_Debugging_OFF
[SGXSan] ALWAYS: Enter enc_wolfSSL_get_error
[SGXSan] ALWAYS: Enter wc_benchmark_test
------------------------------------------------------------------------------
 wolfSSL version 5.1.0
------------------------------------------------------------------------------
wolfCrypt Benchmark (block bytes 1048576, min 1.0 sec each)
RNG                 15 MB took 1.154 seconds,   12.996 MB/s
AES-128-CBC-enc     35 MB took 1.101 seconds,   31.793 MB/s
AES-128-CBC-dec     35 MB took 1.163 seconds,   30.106 MB/s
AES-192-CBC-enc     30 MB took 1.080 seconds,   27.770 MB/s
AES-192-CBC-dec     30 MB took 1.150 seconds,   26.078 MB/s
AES-256-CBC-enc     30 MB took 1.187 seconds,   25.269 MB/s
AES-256-CBC-dec     25 MB took 1.062 seconds,   23.544 MB/s
AES-128-GCM-enc     25 MB took 1.064 seconds,   23.496 MB/s
AES-128-GCM-dec     25 MB took 1.049 seconds,   23.841 MB/s
AES-192-GCM-enc     25 MB took 1.156 seconds,   21.623 MB/s
AES-192-GCM-dec     25 MB took 1.182 seconds,   21.156 MB/s
AES-256-GCM-enc     20 MB took 1.028 seconds,   19.450 MB/s
AES-256-GCM-dec     20 MB took 1.051 seconds,   19.027 MB/s
GMAC Table 4-bit    67 MB took 1.014 seconds,   66.094 MB/s
RABBIT              90 MB took 1.036 seconds,   86.882 MB/s
3DES                10 MB took 1.125 seconds,    8.886 MB/s
MD5                305 MB took 1.013 seconds,  300.988 MB/s
SHA                130 MB took 1.025 seconds,  126.810 MB/s
SHA-256             35 MB took 1.131 seconds,   30.952 MB/s
HMAC-MD5           305 MB took 1.004 seconds,  303.836 MB/s
HMAC-SHA           130 MB took 1.002 seconds,  129.746 MB/s
HMAC-SHA256         35 MB took 1.126 seconds,   31.094 MB/s
PBKDF2               4 KB took 1.007 seconds,    3.692 KB/s
RSA     2048 public       1400 ops took 1.020 sec, avg 0.728 ms, 1372.899 ops/sec
RSA     2048 private       100 ops took 3.767 sec, avg 37.674 ms, 26.543 ops/sec
DH      2048 key gen        64 ops took 1.007 sec, avg 15.727 ms, 63.585 ops/sec
DH      2048 agree         100 ops took 1.545 sec, avg 15.453 ms, 64.714 ops/sec
ECC   [      SECP256R1]   256 key gen      1407 ops took 1.000 sec, avg 0.711 ms, 1406.965 ops/sec
ECDHE [      SECP256R1]   256 agree        1000 ops took 1.073 sec, avg 1.073 ms, 931.904 ops/sec
ECDSA [      SECP256R1]   256 sign         1300 ops took 1.066 sec, avg 0.820 ms, 1219.585 ops/sec
ECDSA [      SECP256R1]   256 verify        900 ops took 1.027 sec, avg 1.141 ms, 876.531 ops/sec
Benchmark complete
[SGXSan] ALWAYS: Enter enc_wolfSSL_CTX_load_verify_buffer
[SGXSan] ALWAYS: Enter enc_wolfSSL_CTX_use_certificate_chain_buffer_format
[SGXSan] ALWAYS: Enter enc_wolfSSL_CTX_set_cipher_list
[SGXSan] ALWAYS: Enter enc_wolfSSL_Cleanup
[SGXSan] ALWAYS: Enter enc_wolfTLSv1_2_server_method
[SGXSan] ALWAYS: Enter enc_wolfTLSv1_2_client_method
[SGXSan] ALWAYS: Enter enc_wolfSSL_set_fd
[SGXSan] ALWAYS: Enter enc_wolfSSL_Init
[SGXSan] ALWAYS: Enter enc_wolfSSL_connect
[SGXSan] ALWAYS: Enter enc_wolfSSL_write
[SGXSan] ALWAYS: Enter enc_wolfSSL_CTX_new
[SGXSan] ALWAYS: Enter enc_wolfSSL_CTX_use_certificate_buffer
[SGXSan] ALWAYS: Enter enc_wolfSSL_CTX_free
[SGXSan] ALWAYS: Enter enc_wolfSSL_free
#2	pulse  ft: 6295 exec/s: 0 rss: 49Mb
Slowest unit: 42 s:
artifact_prefix='./crashes/'; Test unit written to ./crashes/slow-unit-c39751fba4febf11dacb1d3388598e2ab7ebb925
[SGXSan] ALWAYS: Enter enc_wolfSSL_connect
[SGXSan] ALWAYS: Enter enc_wolfSSL_free
[SGXSan] ALWAYS: Enter enc_wolfSSL_Init
[SGXSan] ALWAYS: Enter wc_benchmark_test
------------------------------------------------------------------------------
 wolfSSL version 5.1.0
------------------------------------------------------------------------------
wolfCrypt Benchmark (block bytes 1048576, min 1.0 sec each)
RNG                 15 MB took 1.129 seconds,   13.290 MB/s
AES-128-CBC-enc     35 MB took 1.052 seconds,   33.274 MB/s
AES-128-CBC-dec     35 MB took 1.136 seconds,   30.803 MB/s
AES-192-CBC-enc     30 MB took 1.039 seconds,   28.872 MB/s
AES-192-CBC-dec     30 MB took 1.116 seconds,   26.892 MB/s
AES-256-CBC-enc     30 MB took 1.172 seconds,   25.597 MB/s
AES-256-CBC-dec     25 MB took 1.028 seconds,   24.330 MB/s
AES-128-GCM-enc     25 MB took 1.042 seconds,   23.981 MB/s
AES-128-GCM-dec     25 MB took 1.045 seconds,   23.934 MB/s
AES-192-GCM-enc     25 MB took 1.182 seconds,   21.151 MB/s
AES-192-GCM-dec     25 MB took 1.214 seconds,   20.595 MB/s
AES-256-GCM-enc     20 MB took 1.050 seconds,   19.049 MB/s
AES-256-GCM-dec     20 MB took 1.099 seconds,   18.198 MB/s
GMAC Table 4-bit    67 MB took 1.006 seconds,   66.627 MB/s
RABBIT              95 MB took 1.054 seconds,   90.144 MB/s
3DES                10 MB took 1.078 seconds,    9.276 MB/s
MD5                300 MB took 1.011 seconds,  296.753 MB/s
SHA                125 MB took 1.002 seconds,  124.796 MB/s
SHA-256             35 MB took 1.154 seconds,   30.333 MB/s
HMAC-MD5           300 MB took 1.010 seconds,  296.890 MB/s
HMAC-SHA           130 MB took 1.024 seconds,  126.967 MB/s
HMAC-SHA256         35 MB took 1.141 seconds,   30.687 MB/s
PBKDF2               4 KB took 1.007 seconds,    3.755 KB/s
RSA     2048 public       1400 ops took 1.007 sec, avg 0.719 ms, 1390.417 ops/sec
RSA     2048 private       100 ops took 3.767 sec, avg 37.674 ms, 26.543 ops/sec
DH      2048 key gen        63 ops took 1.007 sec, avg 15.992 ms, 62.532 ops/sec
DH      2048 agree         100 ops took 1.576 sec, avg 15.759 ms, 63.456 ops/sec
ECC   [      SECP256R1]   256 key gen      1372 ops took 1.000 sec, avg 0.729 ms, 1371.799 ops/sec
ECDHE [      SECP256R1]   256 agree        1000 ops took 1.113 sec, avg 1.113 ms, 898.846 ops/sec
ECDSA [      SECP256R1]   256 sign         1200 ops took 1.031 sec, avg 0.859 ms, 1164.465 ops/sec
ECDSA [      SECP256R1]   256 verify        900 ops took 1.096 sec, avg 1.218 ms, 821.332 ops/sec
Benchmark complete
[SGXSan] ALWAYS: Enter enc_wolfSSL_Debugging_ON
[SGXSan] ALWAYS: Enter enc_wolfSSL_read
[SGXSan] ALWAYS: Enter enc_wolfSSL_CTX_use_certificate_chain_buffer_format
[SGXSan] ALWAYS: Enter enc_wolfSSL_CTX_load_verify_buffer
[SGXSan] ALWAYS: Enter enc_wolfSSL_set_fd
[SGXSan] ALWAYS: Enter enc_wolfSSL_write
[SGXSan] ALWAYS: Enter enc_wolfSSL_Cleanup
[SGXSan] ALWAYS: Enter enc_wolfSSL_new
[SGXSan] ALWAYS: Enter enc_wolfSSL_CTX_set_cipher_list
[SGXSan] ALWAYS: Enter enc_wolfSSL_CTX_use_certificate_buffer
[SGXSan] ALWAYS: Enter enc_wolfSSL_CTX_use_PrivateKey_buffer
[SGXSan] ALWAYS: Enter enc_wolfSSL_get_error
[SGXSan] ALWAYS: Enter enc_wolfSSL_CTX_new
[SGXSan] ALWAYS: Enter enc_wolfTLSv1_2_client_method
[SGXSan] ALWAYS: Enter wc_test
------------------------------------------------------------------------------
 wolfSSL version 5.1.0
------------------------------------------------------------------------------
error    test passed!
MEMORY   test passed!
base64   test passed!
asn      test passed!
RANDOM   test passed!
MD5      test passed!
MD4      test passed!
SHA      test passed!
SHA-256  test passed!
Hash     test passed!
HMAC-MD5 test passed!
HMAC-SHA test passed!
HMAC-SHA256 test passed!
GMAC     test passed!
HC-128   test passed!
Rabbit   test passed!
DES      test passed!
DES3     test passed!
AES      test passed!
AES192   test passed!
AES256   test passed!
AES-GCM  test passed!
RSA      test passed!
DH       test passed!
DSA      test passed!
PWDBASED test passed!
ECC      test passed!
ECC buffer test passed!
logging  test passed!
mutex    test passed!
memcb    test failed!
 error = -13803
[SGXSan] ALWAYS: Enter enc_wolfTLSv1_2_server_method
[SGXSan] ALWAYS: Enter enc_wolfSSL_CTX_free
[SGXSan] ALWAYS: Enter enc_wolfSSL_Debugging_OFF
#3	INITED cov: 6295 ft: 6295 corp: 1/361Kb exec/s: 0 rss: 57Mb
#3	DONE   cov: 6295 ft: 6295 corp: 1/361Kb lim: 370191 exec/s: 0 rss: 57Mb
Done 3 runs in 126 second(s)
stat::number_of_executed_units: 3
stat::average_exec_per_sec:     0
stat::new_units_added:          0
stat::slowest_unit_time_sec:    42
stat::peak_rss_mb:              57
