WARNING: Failed to find function "__sanitizer_acquire_crash_state".
WARNING: Failed to find function "__sanitizer_print_stack_trace".
WARNING: Failed to find function "__sanitizer_set_death_callback".
[2023-01-15 17:44:48.674] [Init] Num of ECall: 22
[2023-01-15 17:44:48.674] ECalls:
  0 - fuzz_enc_wolfSSL_CTX_free
  1 - fuzz_enc_wolfSSL_CTX_load_verify_buffer
  2 - fuzz_enc_wolfSSL_CTX_new
  3 - fuzz_enc_wolfSSL_CTX_set_cipher_list
  4 - fuzz_enc_wolfSSL_CTX_use_PrivateKey_buffer
  5 - fuzz_enc_wolfSSL_CTX_use_certificate_buffer
  6 - fuzz_enc_wolfSSL_CTX_use_certificate_chain_buffer_format
  7 - fuzz_enc_wolfSSL_Cleanup
  8 - fuzz_enc_wolfSSL_Debugging_OFF
  9 - fuzz_enc_wolfSSL_Debugging_ON
  10 - fuzz_enc_wolfSSL_Init
  11 - fuzz_enc_wolfSSL_connect
  12 - fuzz_enc_wolfSSL_free
  13 - fuzz_enc_wolfSSL_get_error
  14 - fuzz_enc_wolfSSL_new
  15 - fuzz_enc_wolfSSL_read
  16 - fuzz_enc_wolfSSL_set_fd
  17 - fuzz_enc_wolfSSL_write
  18 - fuzz_enc_wolfTLSv1_2_client_method
  19 - fuzz_enc_wolfTLSv1_2_server_method
  20 - fuzz_wc_benchmark_test
  21 - fuzz_wc_test

INFO: found LLVMFuzzerCustomMutator (0x44ac30). Disabling -len_control by default.
INFO: libFuzzer ignores flags that start with '--'
INFO: Running with entropic power schedule (0xFF, 100).
INFO: Seed: 2115494311
INFO: Loaded 1 modules   (291 inline 8-bit counters): 291 [0x4cb7e8, 0x4cb90b), 
INFO: Loaded 1 PC tables (291 PCs): 291 [0x4cb910,0x4ccb40), 
INFO:        0 files found in /tmp/libFuzzerTemp.FuzzWithFork422940.dir/C118
[SGXSan] ALWAYS: Hook __sanitizer_cov_8bit_counters_init of Enclave, 21636 inline 8-bit counts [0x7fda071289c0, 0x7fda0712de44) (First time)
[SGXSan] ALWAYS: Hook __sanitizer_cov_pcs_init of Enclave, 21636 PCs [0x7fda0712de48, 0x7fda07182688) (First time)
[SGXSan] ALWAYS: Enter enc_wolfSSL_CTX_free
[SGXSan] ALWAYS: Enter enc_wolfSSL_CTX_load_verify_buffer
[SGXSan] ALWAYS: Enter enc_wolfSSL_CTX_new
[SGXSan] ALWAYS: Enter enc_wolfSSL_CTX_set_cipher_list
[SGXSan] ALWAYS: Enter enc_wolfSSL_CTX_use_PrivateKey_buffer
[SGXSan] ALWAYS: Enter enc_wolfSSL_CTX_use_certificate_buffer
[SGXSan] ALWAYS: Enter enc_wolfSSL_CTX_use_certificate_chain_buffer_format
[SGXSan] ALWAYS: Enter enc_wolfSSL_Cleanup
[SGXSan] ALWAYS: Enter enc_wolfSSL_Debugging_OFF
[SGXSan] ALWAYS: Enter enc_wolfSSL_Debugging_ON
[SGXSan] ALWAYS: Enter enc_wolfSSL_Init
[SGXSan] ALWAYS: Enter enc_wolfSSL_connect
[SGXSan] ALWAYS: Enter enc_wolfSSL_free
[SGXSan] ALWAYS: Enter enc_wolfSSL_get_error
[SGXSan] ALWAYS: Enter enc_wolfSSL_new
[SGXSan] ALWAYS: Enter enc_wolfSSL_read
[SGXSan] ALWAYS: Enter enc_wolfSSL_set_fd
[SGXSan] ALWAYS: Enter enc_wolfSSL_write
[SGXSan] ALWAYS: Enter enc_wolfTLSv1_2_client_method
[SGXSan] ALWAYS: Enter enc_wolfTLSv1_2_server_method
[SGXSan] ALWAYS: Enter wc_benchmark_test
------------------------------------------------------------------------------
 wolfSSL version 5.1.0
------------------------------------------------------------------------------
wolfCrypt Benchmark (block bytes 1048576, min 1.0 sec each)
RNG                 15 MB took 1.144 seconds,   13.117 MB/s
AES-128-CBC-enc     35 MB took 1.049 seconds,   33.360 MB/s
AES-128-CBC-dec     35 MB took 1.138 seconds,   30.750 MB/s
AES-192-CBC-enc     30 MB took 1.087 seconds,   27.603 MB/s
AES-192-CBC-dec     25 MB took 1.020 seconds,   24.506 MB/s
AES-256-CBC-enc     25 MB took 1.007 seconds,   24.828 MB/s
AES-256-CBC-dec     25 MB took 1.054 seconds,   23.719 MB/s
AES-128-GCM-enc     25 MB took 1.072 seconds,   23.310 MB/s
AES-128-GCM-dec     25 MB took 1.046 seconds,   23.903 MB/s
AES-192-GCM-enc     25 MB took 1.170 seconds,   21.367 MB/s
AES-192-GCM-dec     25 MB took 1.190 seconds,   21.002 MB/s
AES-256-GCM-enc     20 MB took 1.017 seconds,   19.657 MB/s
AES-256-GCM-dec     20 MB took 1.009 seconds,   19.831 MB/s
GMAC Table 4-bit    69 MB took 1.007 seconds,   68.488 MB/s
RABBIT              95 MB took 1.031 seconds,   92.184 MB/s
3DES                10 MB took 1.076 seconds,    9.292 MB/s
MD5                195 MB took 1.025 seconds,  190.159 MB/s
SHA                130 MB took 1.004 seconds,  129.477 MB/s
SHA-256             35 MB took 1.130 seconds,   30.969 MB/s
HMAC-MD5           195 MB took 1.022 seconds,  190.775 MB/s
HMAC-SHA           130 MB took 1.001 seconds,  129.847 MB/s
HMAC-SHA256         35 MB took 1.120 seconds,   31.239 MB/s
PBKDF2               4 KB took 1.006 seconds,    3.760 KB/s
RSA     2048 public       1500 ops took 1.064 sec, avg 0.709 ms, 1410.199 ops/sec
RSA     2048 private       100 ops took 4.146 sec, avg 41.459 ms, 24.120 ops/sec
DH      2048 key gen        50 ops took 1.007 sec, avg 20.143 ms, 49.644 ops/sec
DH      2048 agree         100 ops took 1.588 sec, avg 15.882 ms, 62.966 ops/sec
ECC   [      SECP256R1]   256 key gen      1350 ops took 1.001 sec, avg 0.741 ms, 1349.034 ops/sec
ECDHE [      SECP256R1]   256 agree        1000 ops took 1.089 sec, avg 1.089 ms, 918.577 ops/sec
ECDSA [      SECP256R1]   256 sign         1300 ops took 1.073 sec, avg 0.825 ms, 1211.713 ops/sec
ECDSA [      SECP256R1]   256 verify        900 ops took 1.063 sec, avg 1.181 ms, 846.691 ops/sec
Benchmark complete
[SGXSan] ALWAYS: Enter wc_test
INFO: seed corpus: files: 2 min: 370191b max: 370191b total: 740382b rss: 43Mb
------------------------------------------------------------------------------
 wolfSSL version 5.1.0
------------------------------------------------------------------------------
error    test passed!
MEMORY   test passed!
base64   test passed!
asn      test passed!
RANDOM   test passed!
MD5      test passed!
MD4      test passed!
SHA      test passed!
SHA-256  test passed!
Hash     test passed!
HMAC-MD5 test passed!
HMAC-SHA test passed!
HMAC-SHA256 test passed!
GMAC     test passed!
HC-128   test passed!
Rabbit   test passed!
DES      test passed!
DES3     test passed!
AES      test passed!
AES192   test passed!
AES256   test passed!
AES-GCM  test passed!
RSA      test passed!
DH       test passed!
DSA      test passed!
PWDBASED test passed!
ECC      test passed!
ECC buffer test passed!
logging  test passed!
mutex    test passed!
memcb    test passed!
Test complete
[SGXSan] ALWAYS: Enter enc_wolfSSL_set_fd
[SGXSan] ALWAYS: Enter enc_wolfTLSv1_2_client_method
[SGXSan] ALWAYS: Enter enc_wolfSSL_CTX_new
[SGXSan] ALWAYS: Enter enc_wolfSSL_read
[SGXSan] ALWAYS: Enter enc_wolfSSL_CTX_set_cipher_list
[SGXSan] ALWAYS: Enter enc_wolfSSL_CTX_free
[SGXSan] ALWAYS: Enter enc_wolfSSL_new
[SGXSan] ALWAYS: Enter enc_wolfSSL_CTX_use_PrivateKey_buffer
[SGXSan] ALWAYS: Enter enc_wolfTLSv1_2_server_method
[SGXSan] ALWAYS: Enter enc_wolfSSL_CTX_load_verify_buffer
[SGXSan] ALWAYS: Enter enc_wolfSSL_connect
[SGXSan] ALWAYS: Enter enc_wolfSSL_Debugging_OFF
[SGXSan] ALWAYS: Enter enc_wolfSSL_CTX_use_certificate_buffer
[SGXSan] ALWAYS: Enter enc_wolfSSL_free
[SGXSan] ALWAYS: Enter enc_wolfSSL_Init
[SGXSan] ALWAYS: Enter enc_wolfSSL_CTX_use_certificate_chain_buffer_format
[SGXSan] ALWAYS: Enter wc_benchmark_test
------------------------------------------------------------------------------
 wolfSSL version 5.1.0
------------------------------------------------------------------------------
wolfCrypt Benchmark (block bytes 1048576, min 1.0 sec each)
RNG                 15 MB took 1.136 seconds,   13.206 MB/s
AES-128-CBC-enc     35 MB took 1.076 seconds,   32.536 MB/s
AES-128-CBC-dec     35 MB took 1.160 seconds,   30.175 MB/s
AES-192-CBC-enc     30 MB took 1.077 seconds,   27.849 MB/s
AES-192-CBC-dec     30 MB took 1.157 seconds,   25.940 MB/s
AES-256-CBC-enc     30 MB took 1.195 seconds,   25.110 MB/s
AES-256-CBC-dec     25 MB took 1.074 seconds,   23.286 MB/s
AES-128-GCM-enc     25 MB took 1.055 seconds,   23.697 MB/s
AES-128-GCM-dec     25 MB took 1.064 seconds,   23.490 MB/s
AES-192-GCM-enc     25 MB took 1.219 seconds,   20.516 MB/s
AES-192-GCM-dec     25 MB took 1.231 seconds,   20.313 MB/s
AES-256-GCM-enc     20 MB took 1.064 seconds,   18.801 MB/s
AES-256-GCM-dec     20 MB took 1.046 seconds,   19.123 MB/s
GMAC Table 4-bit    67 MB took 1.002 seconds,   66.876 MB/s
RABBIT              95 MB took 1.056 seconds,   89.979 MB/s
3DES                10 MB took 1.108 seconds,    9.029 MB/s
MD5                190 MB took 1.004 seconds,  189.220 MB/s
SHA                125 MB took 1.033 seconds,  121.020 MB/s
SHA-256             35 MB took 1.136 seconds,   30.798 MB/s
HMAC-MD5           195 MB took 1.008 seconds,  193.522 MB/s
HMAC-SHA           130 MB took 1.013 seconds,  128.271 MB/s
HMAC-SHA256         30 MB took 1.000 seconds,   29.987 MB/s
PBKDF2               4 KB took 1.001 seconds,    3.716 KB/s
RSA     2048 public       1400 ops took 1.026 sec, avg 0.733 ms, 1365.069 ops/sec
RSA     2048 private       100 ops took 3.765 sec, avg 37.653 ms, 26.559 ops/sec
DH      2048 key gen        64 ops took 1.002 sec, avg 15.655 ms, 63.876 ops/sec
DH      2048 agree         100 ops took 1.588 sec, avg 15.876 ms, 62.988 ops/sec
ECC   [      SECP256R1]   256 key gen      1414 ops took 1.000 sec, avg 0.707 ms, 1413.449 ops/sec
ECDHE [      SECP256R1]   256 agree        1000 ops took 1.070 sec, avg 1.070 ms, 934.584 ops/sec
ECDSA [      SECP256R1]   256 sign         1300 ops took 1.081 sec, avg 0.831 ms, 1203.012 ops/sec
ECDSA [      SECP256R1]   256 verify        900 ops took 1.031 sec, avg 1.146 ms, 872.762 ops/sec
Benchmark complete
[SGXSan] ALWAYS: Enter enc_wolfSSL_Debugging_ON
[SGXSan] ALWAYS: Enter wc_test
------------------------------------------------------------------------------
 wolfSSL version 5.1.0
------------------------------------------------------------------------------
error    test passed!
MEMORY   test passed!
base64   test passed!
asn      test passed!
RANDOM   test passed!
MD5      test passed!
MD4      test passed!
SHA      test passed!
SHA-256  test passed!
Hash     test passed!
HMAC-MD5 test passed!
HMAC-SHA test passed!
HMAC-SHA256 test passed!
GMAC     test passed!
HC-128   test passed!
Rabbit   test passed!
DES      test passed!
DES3     test passed!
AES      test passed!
AES192   test passed!
AES256   test passed!
AES-GCM  test passed!
RSA      test passed!
DH       test passed!
DSA      test passed!
PWDBASED test passed!
ECC      test passed!
ECC buffer test passed!
logging  test passed!
mutex    test passed!
memcb    test failed!
 error = -13803
[SGXSan] ALWAYS: Enter enc_wolfSSL_Cleanup
[SGXSan] ALWAYS: Enter enc_wolfSSL_write
[SGXSan] ALWAYS: Enter enc_wolfSSL_get_error
#2	pulse  ft: 6292 exec/s: 0 rss: 50Mb
Slowest unit: 42 s:
artifact_prefix='./crashes/'; Test unit written to ./crashes/slow-unit-a18c987cc0e9ab43cf416193bb075ad579c3ded9
[SGXSan] ALWAYS: Enter enc_wolfSSL_set_fd
[SGXSan] ALWAYS: Enter enc_wolfTLSv1_2_client_method
[SGXSan] ALWAYS: Enter enc_wolfSSL_CTX_new
[SGXSan] ALWAYS: Enter enc_wolfSSL_read
[SGXSan] ALWAYS: Enter enc_wolfSSL_CTX_set_cipher_list
[SGXSan] ALWAYS: Enter enc_wolfSSL_CTX_free
[SGXSan] ALWAYS: Enter enc_wolfSSL_new
[SGXSan] ALWAYS: Enter enc_wolfSSL_CTX_use_PrivateKey_buffer
[SGXSan] ALWAYS: Enter enc_wolfTLSv1_2_server_method
[SGXSan] ALWAYS: Enter enc_wolfSSL_CTX_load_verify_buffer
[SGXSan] ALWAYS: Enter enc_wolfSSL_connect
[SGXSan] ALWAYS: Enter enc_wolfSSL_Debugging_OFF
[SGXSan] ALWAYS: Enter enc_wolfSSL_CTX_use_certificate_buffer
[SGXSan] ALWAYS: Enter enc_wolfSSL_free
[SGXSan] ALWAYS: Enter enc_wolfSSL_Init
[SGXSan] ALWAYS: Enter enc_wolfSSL_CTX_use_certificate_chain_buffer_format
[SGXSan] ALWAYS: Enter wc_benchmark_test
------------------------------------------------------------------------------
 wolfSSL version 5.1.0
------------------------------------------------------------------------------
wolfCrypt Benchmark (block bytes 1048576, min 1.0 sec each)
RNG                 15 MB took 1.175 seconds,   12.761 MB/s
AES-128-CBC-enc     35 MB took 1.089 seconds,   32.138 MB/s
AES-128-CBC-dec     30 MB took 1.079 seconds,   27.813 MB/s
AES-192-CBC-enc     30 MB took 1.085 seconds,   27.647 MB/s
AES-192-CBC-dec     30 MB took 1.118 seconds,   26.845 MB/s
AES-256-CBC-enc     30 MB took 1.174 seconds,   25.557 MB/s
AES-256-CBC-dec     25 MB took 1.032 seconds,   24.215 MB/s
AES-128-GCM-enc     25 MB took 1.077 seconds,   23.209 MB/s
AES-128-GCM-dec     25 MB took 1.085 seconds,   23.033 MB/s
AES-192-GCM-enc     25 MB took 1.207 seconds,   20.706 MB/s
AES-192-GCM-dec     20 MB took 1.019 seconds,   19.627 MB/s
AES-256-GCM-enc     20 MB took 1.029 seconds,   19.437 MB/s
AES-256-GCM-dec     20 MB took 1.023 seconds,   19.546 MB/s
GMAC Table 4-bit    69 MB took 1.008 seconds,   68.443 MB/s
RABBIT              95 MB took 1.033 seconds,   91.941 MB/s
3DES                10 MB took 1.086 seconds,    9.207 MB/s
MD5                190 MB took 1.000 seconds,  189.980 MB/s
SHA                130 MB took 1.030 seconds,  126.155 MB/s
SHA-256             35 MB took 1.147 seconds,   30.518 MB/s
HMAC-MD5           190 MB took 1.005 seconds,  189.036 MB/s
HMAC-SHA           130 MB took 1.029 seconds,  126.306 MB/s
HMAC-SHA256         30 MB took 1.008 seconds,   29.761 MB/s
PBKDF2               4 KB took 1.003 seconds,    3.739 KB/s
RSA     2048 public       1500 ops took 1.054 sec, avg 0.702 ms, 1423.781 ops/sec
RSA     2048 private       100 ops took 3.670 sec, avg 36.698 ms, 27.250 ops/sec
DH      2048 key gen        64 ops took 1.002 sec, avg 15.655 ms, 63.876 ops/sec
DH      2048 agree         100 ops took 1.549 sec, avg 15.490 ms, 64.557 ops/sec
ECC   [      SECP256R1]   256 key gen      1385 ops took 1.000 sec, avg 0.722 ms, 1384.863 ops/sec
ECDHE [      SECP256R1]   256 agree         900 ops took 1.006 sec, avg 1.117 ms, 894.867 ops/sec
ECDSA [      SECP256R1]   256 sign         1200 ops took 1.025 sec, avg 0.854 ms, 1170.762 ops/sec
ECDSA [      SECP256R1]   256 verify        900 ops took 1.045 sec, avg 1.161 ms, 861.354 ops/sec
Benchmark complete
[SGXSan] ALWAYS: Enter enc_wolfSSL_Debugging_ON
[SGXSan] ALWAYS: Enter wc_test
------------------------------------------------------------------------------
 wolfSSL version 5.1.0
------------------------------------------------------------------------------
error    test passed!
MEMORY   test passed!
base64   test passed!
asn      test passed!
RANDOM   test passed!
MD5      test passed!
MD4      test passed!
SHA      test passed!
SHA-256  test passed!
Hash     test passed!
HMAC-MD5 test passed!
HMAC-SHA test passed!
HMAC-SHA256 test passed!
GMAC     test passed!
HC-128   test passed!
Rabbit   test passed!
DES      test passed!
DES3     test passed!
AES      test passed!
AES192   test passed!
AES256   test passed!
AES-GCM  test passed!
RSA      test passed!
DH       test passed!
DSA      test passed!
PWDBASED test passed!
ECC      test passed!
ECC buffer test passed!
logging  test passed!
mutex    test passed!
memcb    test failed!
 error = -13803
[SGXSan] ALWAYS: Enter enc_wolfSSL_Cleanup
[SGXSan] ALWAYS: Enter enc_wolfSSL_write
[SGXSan] ALWAYS: Enter enc_wolfSSL_get_error
#3	INITED cov: 6292 ft: 6292 corp: 1/361Kb exec/s: 0 rss: 58Mb
#3	DONE   cov: 6292 ft: 6292 corp: 1/361Kb lim: 370191 exec/s: 0 rss: 58Mb
Done 3 runs in 126 second(s)
stat::number_of_executed_units: 3
stat::average_exec_per_sec:     0
stat::new_units_added:          0
stat::slowest_unit_time_sec:    42
stat::peak_rss_mb:              58
