WARNING: Failed to find function "__sanitizer_acquire_crash_state".
WARNING: Failed to find function "__sanitizer_print_stack_trace".
WARNING: Failed to find function "__sanitizer_set_death_callback".
[2023-01-15 17:46:55.535] [Init] Num of ECall: 22
[2023-01-15 17:46:55.535] ECalls:
  0 - fuzz_enc_wolfSSL_CTX_free
  1 - fuzz_enc_wolfSSL_CTX_load_verify_buffer
  2 - fuzz_enc_wolfSSL_CTX_new
  3 - fuzz_enc_wolfSSL_CTX_set_cipher_list
  4 - fuzz_enc_wolfSSL_CTX_use_PrivateKey_buffer
  5 - fuzz_enc_wolfSSL_CTX_use_certificate_buffer
  6 - fuzz_enc_wolfSSL_CTX_use_certificate_chain_buffer_format
  7 - fuzz_enc_wolfSSL_Cleanup
  8 - fuzz_enc_wolfSSL_Debugging_OFF
  9 - fuzz_enc_wolfSSL_Debugging_ON
  10 - fuzz_enc_wolfSSL_Init
  11 - fuzz_enc_wolfSSL_connect
  12 - fuzz_enc_wolfSSL_free
  13 - fuzz_enc_wolfSSL_get_error
  14 - fuzz_enc_wolfSSL_new
  15 - fuzz_enc_wolfSSL_read
  16 - fuzz_enc_wolfSSL_set_fd
  17 - fuzz_enc_wolfSSL_write
  18 - fuzz_enc_wolfTLSv1_2_client_method
  19 - fuzz_enc_wolfTLSv1_2_server_method
  20 - fuzz_wc_benchmark_test
  21 - fuzz_wc_test

INFO: found LLVMFuzzerCustomMutator (0x44ac30). Disabling -len_control by default.
INFO: libFuzzer ignores flags that start with '--'
INFO: Running with entropic power schedule (0xFF, 100).
INFO: Seed: 127425796
INFO: Loaded 1 modules   (291 inline 8-bit counters): 291 [0x4cb7e8, 0x4cb90b), 
INFO: Loaded 1 PC tables (291 PCs): 291 [0x4cb910,0x4ccb40), 
INFO:        0 files found in /tmp/libFuzzerTemp.FuzzWithFork422940.dir/C121
[SGXSan] ALWAYS: Hook __sanitizer_cov_8bit_counters_init of Enclave, 21636 inline 8-bit counts [0x7fdfb76409c0, 0x7fdfb7645e44) (First time)
[SGXSan] ALWAYS: Hook __sanitizer_cov_pcs_init of Enclave, 21636 PCs [0x7fdfb7645e48, 0x7fdfb769a688) (First time)
[SGXSan] ALWAYS: Enter enc_wolfSSL_CTX_free
[SGXSan] ALWAYS: Enter enc_wolfSSL_CTX_load_verify_buffer
[SGXSan] ALWAYS: Enter enc_wolfSSL_CTX_new
[SGXSan] ALWAYS: Enter enc_wolfSSL_CTX_set_cipher_list
[SGXSan] ALWAYS: Enter enc_wolfSSL_CTX_use_PrivateKey_buffer
[SGXSan] ALWAYS: Enter enc_wolfSSL_CTX_use_certificate_buffer
[SGXSan] ALWAYS: Enter enc_wolfSSL_CTX_use_certificate_chain_buffer_format
[SGXSan] ALWAYS: Enter enc_wolfSSL_Cleanup
[SGXSan] ALWAYS: Enter enc_wolfSSL_Debugging_OFF
[SGXSan] ALWAYS: Enter enc_wolfSSL_Debugging_ON
[SGXSan] ALWAYS: Enter enc_wolfSSL_Init
[SGXSan] ALWAYS: Enter enc_wolfSSL_connect
[SGXSan] ALWAYS: Enter enc_wolfSSL_free
[SGXSan] ALWAYS: Enter enc_wolfSSL_get_error
[SGXSan] ALWAYS: Enter enc_wolfSSL_new
[SGXSan] ALWAYS: Enter enc_wolfSSL_read
[SGXSan] ALWAYS: Enter enc_wolfSSL_set_fd
[SGXSan] ALWAYS: Enter enc_wolfSSL_write
[SGXSan] ALWAYS: Enter enc_wolfTLSv1_2_client_method
[SGXSan] ALWAYS: Enter enc_wolfTLSv1_2_server_method
[SGXSan] ALWAYS: Enter wc_benchmark_test
------------------------------------------------------------------------------
 wolfSSL version 5.1.0
------------------------------------------------------------------------------
wolfCrypt Benchmark (block bytes 1048576, min 1.0 sec each)
RNG                 15 MB took 1.157 seconds,   12.967 MB/s
AES-128-CBC-enc     35 MB took 1.068 seconds,   32.780 MB/s
AES-128-CBC-dec     35 MB took 1.147 seconds,   30.513 MB/s
AES-192-CBC-enc     30 MB took 1.079 seconds,   27.809 MB/s
AES-192-CBC-dec     30 MB took 1.143 seconds,   26.239 MB/s
AES-256-CBC-enc     30 MB took 1.179 seconds,   25.454 MB/s
AES-256-CBC-dec     25 MB took 1.009 seconds,   24.774 MB/s
AES-128-GCM-enc     25 MB took 1.050 seconds,   23.810 MB/s
AES-128-GCM-dec     25 MB took 1.064 seconds,   23.500 MB/s
AES-192-GCM-enc     25 MB took 1.192 seconds,   20.970 MB/s
AES-192-GCM-dec     25 MB took 1.197 seconds,   20.894 MB/s
AES-256-GCM-enc     20 MB took 1.020 seconds,   19.616 MB/s
AES-256-GCM-dec     25 MB took 1.237 seconds,   20.215 MB/s
GMAC Table 4-bit    68 MB took 1.006 seconds,   67.596 MB/s
RABBIT              90 MB took 1.023 seconds,   87.950 MB/s
3DES                10 MB took 1.118 seconds,    8.947 MB/s
MD5                295 MB took 1.001 seconds,  294.610 MB/s
SHA                130 MB took 1.030 seconds,  126.237 MB/s
SHA-256             35 MB took 1.137 seconds,   30.775 MB/s
HMAC-MD5           315 MB took 1.009 seconds,  312.299 MB/s
HMAC-SHA           130 MB took 1.027 seconds,  126.547 MB/s
HMAC-SHA256         35 MB took 1.145 seconds,   30.581 MB/s
PBKDF2               4 KB took 1.007 seconds,    3.724 KB/s
RSA     2048 public       1400 ops took 1.016 sec, avg 0.726 ms, 1377.875 ops/sec
RSA     2048 private       100 ops took 3.709 sec, avg 37.090 ms, 26.962 ops/sec
DH      2048 key gen        64 ops took 1.011 sec, avg 15.790 ms, 63.332 ops/sec
DH      2048 agree         100 ops took 1.569 sec, avg 15.691 ms, 63.731 ops/sec
ECC   [      SECP256R1]   256 key gen      1386 ops took 1.001 sec, avg 0.722 ms, 1385.167 ops/sec
ECDHE [      SECP256R1]   256 agree        1000 ops took 1.094 sec, avg 1.094 ms, 914.353 ops/sec
ECDSA [      SECP256R1]   256 sign         1300 ops took 1.066 sec, avg 0.820 ms, 1219.493 ops/sec
ECDSA [      SECP256R1]   256 verify        900 ops took 1.027 sec, avg 1.141 ms, 876.456 ops/sec
Benchmark complete
[SGXSan] ALWAYS: Enter wc_test
INFO: seed corpus: files: 2 min: 370191b max: 370191b total: 740382b rss: 43Mb
------------------------------------------------------------------------------
 wolfSSL version 5.1.0
------------------------------------------------------------------------------
error    test passed!
MEMORY   test passed!
base64   test passed!
asn      test passed!
RANDOM   test passed!
MD5      test passed!
MD4      test passed!
SHA      test passed!
SHA-256  test passed!
Hash     test passed!
HMAC-MD5 test passed!
HMAC-SHA test passed!
HMAC-SHA256 test passed!
GMAC     test passed!
HC-128   test passed!
Rabbit   test passed!
DES      test passed!
DES3     test passed!
AES      test passed!
AES192   test passed!
AES256   test passed!
AES-GCM  test passed!
RSA      test passed!
DH       test passed!
DSA      test passed!
PWDBASED test passed!
ECC      test passed!
ECC buffer test passed!
logging  test passed!
mutex    test passed!
memcb    test passed!
Test complete
[SGXSan] ALWAYS: Enter enc_wolfSSL_set_fd
[SGXSan] ALWAYS: Enter enc_wolfTLSv1_2_client_method
[SGXSan] ALWAYS: Enter enc_wolfSSL_CTX_new
[SGXSan] ALWAYS: Enter enc_wolfSSL_read
[SGXSan] ALWAYS: Enter enc_wolfSSL_CTX_set_cipher_list
[SGXSan] ALWAYS: Enter enc_wolfSSL_CTX_free
[SGXSan] ALWAYS: Enter enc_wolfSSL_new
[SGXSan] ALWAYS: Enter enc_wolfSSL_CTX_use_PrivateKey_buffer
[SGXSan] ALWAYS: Enter enc_wolfTLSv1_2_server_method
[SGXSan] ALWAYS: Enter enc_wolfSSL_CTX_load_verify_buffer
[SGXSan] ALWAYS: Enter enc_wolfSSL_connect
[SGXSan] ALWAYS: Enter enc_wolfSSL_Debugging_OFF
[SGXSan] ALWAYS: Enter enc_wolfSSL_CTX_use_certificate_buffer
[SGXSan] ALWAYS: Enter enc_wolfSSL_free
[SGXSan] ALWAYS: Enter enc_wolfSSL_Init
[SGXSan] ALWAYS: Enter enc_wolfSSL_CTX_use_certificate_chain_buffer_format
[SGXSan] ALWAYS: Enter wc_benchmark_test
------------------------------------------------------------------------------
 wolfSSL version 5.1.0
------------------------------------------------------------------------------
wolfCrypt Benchmark (block bytes 1048576, min 1.0 sec each)
RNG                 15 MB took 1.145 seconds,   13.103 MB/s
AES-128-CBC-enc     35 MB took 1.078 seconds,   32.459 MB/s
AES-128-CBC-dec     35 MB took 1.158 seconds,   30.231 MB/s
AES-192-CBC-enc     30 MB took 1.078 seconds,   27.826 MB/s
AES-192-CBC-dec     30 MB took 1.134 seconds,   26.450 MB/s
AES-256-CBC-enc     30 MB took 1.183 seconds,   25.362 MB/s
AES-256-CBC-dec     25 MB took 1.045 seconds,   23.919 MB/s
AES-128-GCM-enc     25 MB took 1.068 seconds,   23.416 MB/s
AES-128-GCM-dec     25 MB took 1.071 seconds,   23.351 MB/s
AES-192-GCM-enc     25 MB took 1.193 seconds,   20.957 MB/s
AES-192-GCM-dec     25 MB took 1.179 seconds,   21.204 MB/s
AES-256-GCM-enc     20 MB took 1.001 seconds,   19.986 MB/s
AES-256-GCM-dec     20 MB took 1.023 seconds,   19.555 MB/s
GMAC Table 4-bit    68 MB took 1.007 seconds,   67.524 MB/s
RABBIT              90 MB took 1.050 seconds,   85.681 MB/s
3DES                10 MB took 1.097 seconds,    9.113 MB/s
MD5                300 MB took 1.011 seconds,  296.712 MB/s
SHA                130 MB took 1.026 seconds,  126.646 MB/s
SHA-256             35 MB took 1.138 seconds,   30.769 MB/s
HMAC-MD5           310 MB took 1.010 seconds,  306.809 MB/s
HMAC-SHA           130 MB took 1.022 seconds,  127.191 MB/s
HMAC-SHA256         35 MB took 1.125 seconds,   31.118 MB/s
PBKDF2               4 KB took 1.005 seconds,    3.761 KB/s
RSA     2048 public       1500 ops took 1.058 sec, avg 0.706 ms, 1417.432 ops/sec
RSA     2048 private       100 ops took 3.693 sec, avg 36.930 ms, 27.078 ops/sec
DH      2048 key gen        64 ops took 1.005 sec, avg 15.697 ms, 63.707 ops/sec
DH      2048 agree         100 ops took 1.532 sec, avg 15.323 ms, 65.263 ops/sec
ECC   [      SECP256R1]   256 key gen      1432 ops took 1.000 sec, avg 0.698 ms, 1431.771 ops/sec
ECDHE [      SECP256R1]   256 agree        1000 ops took 1.069 sec, avg 1.069 ms, 935.171 ops/sec
ECDSA [      SECP256R1]   256 sign         1200 ops took 1.003 sec, avg 0.835 ms, 1196.895 ops/sec
ECDSA [      SECP256R1]   256 verify        900 ops took 1.035 sec, avg 1.150 ms, 869.332 ops/sec
Benchmark complete
[SGXSan] ALWAYS: Enter enc_wolfSSL_Debugging_ON
[SGXSan] ALWAYS: Enter wc_test
------------------------------------------------------------------------------
 wolfSSL version 5.1.0
------------------------------------------------------------------------------
error    test passed!
MEMORY   test passed!
base64   test passed!
asn      test passed!
RANDOM   test passed!
MD5      test passed!
MD4      test passed!
SHA      test passed!
SHA-256  test passed!
Hash     test passed!
HMAC-MD5 test passed!
HMAC-SHA test passed!
HMAC-SHA256 test passed!
GMAC     test passed!
HC-128   test passed!
Rabbit   test passed!
DES      test passed!
DES3     test passed!
AES      test passed!
AES192   test passed!
AES256   test passed!
AES-GCM  test passed!
RSA      test passed!
DH       test passed!
DSA      test passed!
PWDBASED test passed!
ECC      test passed!
ECC buffer test passed!
logging  test passed!
mutex    test passed!
memcb    test failed!
 error = -13803
[SGXSan] ALWAYS: Enter enc_wolfSSL_Cleanup
[SGXSan] ALWAYS: Enter enc_wolfSSL_write
[SGXSan] ALWAYS: Enter enc_wolfSSL_get_error
#2	pulse  ft: 6292 exec/s: 0 rss: 50Mb
Slowest unit: 42 s:
artifact_prefix='./crashes/'; Test unit written to ./crashes/slow-unit-a18c987cc0e9ab43cf416193bb075ad579c3ded9
[SGXSan] ALWAYS: Enter enc_wolfSSL_connect
[SGXSan] ALWAYS: Enter enc_wolfSSL_free
[SGXSan] ALWAYS: Enter enc_wolfSSL_Init
[SGXSan] ALWAYS: Enter wc_benchmark_test
------------------------------------------------------------------------------
 wolfSSL version 5.1.0
------------------------------------------------------------------------------
wolfCrypt Benchmark (block bytes 1048576, min 1.0 sec each)
RNG                 15 MB took 1.154 seconds,   13.001 MB/s
AES-128-CBC-enc     35 MB took 1.086 seconds,   32.239 MB/s
AES-128-CBC-dec     30 MB took 1.016 seconds,   29.530 MB/s
AES-192-CBC-enc     30 MB took 1.119 seconds,   26.811 MB/s
AES-192-CBC-dec     30 MB took 1.168 seconds,   25.694 MB/s
AES-256-CBC-enc     30 MB took 1.166 seconds,   25.723 MB/s
AES-256-CBC-dec     25 MB took 1.028 seconds,   24.318 MB/s
AES-128-GCM-enc     25 MB took 1.058 seconds,   23.636 MB/s
AES-128-GCM-dec     25 MB took 1.081 seconds,   23.117 MB/s
AES-192-GCM-enc     25 MB took 1.223 seconds,   20.445 MB/s
AES-192-GCM-dec     20 MB took 1.031 seconds,   19.393 MB/s
AES-256-GCM-enc     20 MB took 1.052 seconds,   19.003 MB/s
AES-256-GCM-dec     20 MB took 1.060 seconds,   18.863 MB/s
GMAC Table 4-bit    66 MB took 1.005 seconds,   65.652 MB/s
RABBIT              90 MB took 1.034 seconds,   87.010 MB/s
3DES                10 MB took 1.104 seconds,    9.060 MB/s
MD5                305 MB took 1.011 seconds,  301.595 MB/s
SHA                135 MB took 1.011 seconds,  133.583 MB/s
SHA-256             35 MB took 1.110 seconds,   31.539 MB/s
HMAC-MD5           315 MB took 1.015 seconds,  310.311 MB/s
HMAC-SHA           130 MB took 1.038 seconds,  125.208 MB/s
HMAC-SHA256         35 MB took 1.140 seconds,   30.708 MB/s
PBKDF2               4 KB took 1.007 seconds,    3.661 KB/s
RSA     2048 public       1400 ops took 1.047 sec, avg 0.748 ms, 1336.693 ops/sec
RSA     2048 private       100 ops took 3.732 sec, avg 37.322 ms, 26.794 ops/sec
DH      2048 key gen        64 ops took 1.004 sec, avg 15.686 ms, 63.751 ops/sec
DH      2048 agree         100 ops took 1.485 sec, avg 14.846 ms, 67.360 ops/sec
ECC   [      SECP256R1]   256 key gen      1469 ops took 1.001 sec, avg 0.681 ms, 1468.124 ops/sec
ECDHE [      SECP256R1]   256 agree        1000 ops took 1.073 sec, avg 1.073 ms, 932.299 ops/sec
ECDSA [      SECP256R1]   256 sign         1300 ops took 1.061 sec, avg 0.817 ms, 1224.720 ops/sec
ECDSA [      SECP256R1]   256 verify        900 ops took 1.012 sec, avg 1.125 ms, 889.015 ops/sec
Benchmark complete
[SGXSan] ALWAYS: Enter enc_wolfSSL_Debugging_ON
[SGXSan] ALWAYS: Enter enc_wolfSSL_read
[SGXSan] ALWAYS: Enter enc_wolfSSL_CTX_use_certificate_chain_buffer_format
[SGXSan] ALWAYS: Enter enc_wolfSSL_CTX_load_verify_buffer
[SGXSan] ALWAYS: Enter enc_wolfSSL_set_fd
[SGXSan] ALWAYS: Enter enc_wolfSSL_write
[SGXSan] ALWAYS: Enter enc_wolfSSL_Cleanup
[SGXSan] ALWAYS: Enter enc_wolfSSL_new
[SGXSan] ALWAYS: Enter enc_wolfSSL_CTX_set_cipher_list
[SGXSan] ALWAYS: Enter enc_wolfSSL_CTX_use_certificate_buffer
[SGXSan] ALWAYS: Enter enc_wolfSSL_CTX_use_PrivateKey_buffer
[SGXSan] ALWAYS: Enter enc_wolfSSL_get_error
[SGXSan] ALWAYS: Enter enc_wolfSSL_CTX_new
[SGXSan] ALWAYS: Enter enc_wolfTLSv1_2_client_method
[SGXSan] ALWAYS: Enter wc_test
------------------------------------------------------------------------------
 wolfSSL version 5.1.0
------------------------------------------------------------------------------
error    test passed!
MEMORY   test passed!
base64   test passed!
asn      test passed!
RANDOM   test passed!
MD5      test passed!
MD4      test passed!
SHA      test passed!
SHA-256  test passed!
Hash     test passed!
HMAC-MD5 test passed!
HMAC-SHA test passed!
HMAC-SHA256 test passed!
GMAC     test passed!
HC-128   test passed!
Rabbit   test passed!
DES      test passed!
DES3     test passed!
AES      test passed!
AES192   test passed!
AES256   test passed!
AES-GCM  test passed!
RSA      test passed!
DH       test passed!
DSA      test passed!
PWDBASED test passed!
ECC      test passed!
ECC buffer test passed!
logging  test passed!
mutex    test passed!
memcb    test failed!
 error = -13803
[SGXSan] ALWAYS: Enter enc_wolfTLSv1_2_server_method
[SGXSan] ALWAYS: Enter enc_wolfSSL_CTX_free
[SGXSan] ALWAYS: Enter enc_wolfSSL_Debugging_OFF
#3	INITED cov: 6292 ft: 6297 corp: 2/723Kb exec/s: 0 rss: 59Mb
#3	DONE   cov: 6292 ft: 6297 corp: 2/723Kb lim: 370191 exec/s: 0 rss: 59Mb
Done 3 runs in 126 second(s)
stat::number_of_executed_units: 3
stat::average_exec_per_sec:     0
stat::new_units_added:          0
stat::slowest_unit_time_sec:    42
stat::peak_rss_mb:              59
