WARNING: Failed to find function "__sanitizer_acquire_crash_state".
WARNING: Failed to find function "__sanitizer_print_stack_trace".
WARNING: Failed to find function "__sanitizer_set_death_callback".
[2023-01-15 17:47:56.013] [Init] Num of ECall: 22
[2023-01-15 17:47:56.013] ECalls:
  0 - fuzz_enc_wolfSSL_CTX_free
  1 - fuzz_enc_wolfSSL_CTX_load_verify_buffer
  2 - fuzz_enc_wolfSSL_CTX_new
  3 - fuzz_enc_wolfSSL_CTX_set_cipher_list
  4 - fuzz_enc_wolfSSL_CTX_use_PrivateKey_buffer
  5 - fuzz_enc_wolfSSL_CTX_use_certificate_buffer
  6 - fuzz_enc_wolfSSL_CTX_use_certificate_chain_buffer_format
  7 - fuzz_enc_wolfSSL_Cleanup
  8 - fuzz_enc_wolfSSL_Debugging_OFF
  9 - fuzz_enc_wolfSSL_Debugging_ON
  10 - fuzz_enc_wolfSSL_Init
  11 - fuzz_enc_wolfSSL_connect
  12 - fuzz_enc_wolfSSL_free
  13 - fuzz_enc_wolfSSL_get_error
  14 - fuzz_enc_wolfSSL_new
  15 - fuzz_enc_wolfSSL_read
  16 - fuzz_enc_wolfSSL_set_fd
  17 - fuzz_enc_wolfSSL_write
  18 - fuzz_enc_wolfTLSv1_2_client_method
  19 - fuzz_enc_wolfTLSv1_2_server_method
  20 - fuzz_wc_benchmark_test
  21 - fuzz_wc_test

INFO: found LLVMFuzzerCustomMutator (0x44ac30). Disabling -len_control by default.
INFO: libFuzzer ignores flags that start with '--'
INFO: Running with entropic power schedule (0xFF, 100).
INFO: Seed: 476335866
INFO: Loaded 1 modules   (291 inline 8-bit counters): 291 [0x4cb7e8, 0x4cb90b), 
INFO: Loaded 1 PC tables (291 PCs): 291 [0x4cb910,0x4ccb40), 
INFO:        0 files found in /tmp/libFuzzerTemp.FuzzWithFork422940.dir/C122
[SGXSan] ALWAYS: Hook __sanitizer_cov_8bit_counters_init of Enclave, 21636 inline 8-bit counts [0x7f70ad81a9c0, 0x7f70ad81fe44) (First time)
[SGXSan] ALWAYS: Hook __sanitizer_cov_pcs_init of Enclave, 21636 PCs [0x7f70ad81fe48, 0x7f70ad874688) (First time)
[SGXSan] ALWAYS: Enter enc_wolfSSL_CTX_free
[SGXSan] ALWAYS: Enter enc_wolfSSL_CTX_load_verify_buffer
[SGXSan] ALWAYS: Enter enc_wolfSSL_CTX_new
[SGXSan] ALWAYS: Enter enc_wolfSSL_CTX_set_cipher_list
[SGXSan] ALWAYS: Enter enc_wolfSSL_CTX_use_PrivateKey_buffer
[SGXSan] ALWAYS: Enter enc_wolfSSL_CTX_use_certificate_buffer
[SGXSan] ALWAYS: Enter enc_wolfSSL_CTX_use_certificate_chain_buffer_format
[SGXSan] ALWAYS: Enter enc_wolfSSL_Cleanup
[SGXSan] ALWAYS: Enter enc_wolfSSL_Debugging_OFF
[SGXSan] ALWAYS: Enter enc_wolfSSL_Debugging_ON
[SGXSan] ALWAYS: Enter enc_wolfSSL_Init
[SGXSan] ALWAYS: Enter enc_wolfSSL_connect
[SGXSan] ALWAYS: Enter enc_wolfSSL_free
[SGXSan] ALWAYS: Enter enc_wolfSSL_get_error
[SGXSan] ALWAYS: Enter enc_wolfSSL_new
[SGXSan] ALWAYS: Enter enc_wolfSSL_read
[SGXSan] ALWAYS: Enter enc_wolfSSL_set_fd
[SGXSan] ALWAYS: Enter enc_wolfSSL_write
[SGXSan] ALWAYS: Enter enc_wolfTLSv1_2_client_method
[SGXSan] ALWAYS: Enter enc_wolfTLSv1_2_server_method
[SGXSan] ALWAYS: Enter wc_benchmark_test
------------------------------------------------------------------------------
 wolfSSL version 5.1.0
------------------------------------------------------------------------------
wolfCrypt Benchmark (block bytes 1048576, min 1.0 sec each)
RNG                 15 MB took 1.155 seconds,   12.991 MB/s
AES-128-CBC-enc     35 MB took 1.063 seconds,   32.933 MB/s
AES-128-CBC-dec     35 MB took 1.128 seconds,   31.032 MB/s
AES-192-CBC-enc     30 MB took 1.056 seconds,   28.403 MB/s
AES-192-CBC-dec     30 MB took 1.125 seconds,   26.662 MB/s
AES-256-CBC-enc     30 MB took 1.257 seconds,   23.860 MB/s
AES-256-CBC-dec     25 MB took 1.026 seconds,   24.374 MB/s
AES-128-GCM-enc     25 MB took 1.036 seconds,   24.141 MB/s
AES-128-GCM-dec     25 MB took 1.073 seconds,   23.301 MB/s
AES-192-GCM-enc     25 MB took 1.201 seconds,   20.810 MB/s
AES-192-GCM-dec     25 MB took 1.191 seconds,   20.987 MB/s
AES-256-GCM-enc     20 MB took 1.023 seconds,   19.548 MB/s
AES-256-GCM-dec     25 MB took 1.249 seconds,   20.010 MB/s
GMAC Table 4-bit    70 MB took 1.014 seconds,   69.067 MB/s
RABBIT              95 MB took 1.045 seconds,   90.941 MB/s
3DES                10 MB took 1.081 seconds,    9.248 MB/s
MD5                305 MB took 1.007 seconds,  302.975 MB/s
SHA                125 MB took 1.004 seconds,  124.532 MB/s
SHA-256             35 MB took 1.156 seconds,   30.266 MB/s
HMAC-MD5           300 MB took 1.008 seconds,  297.489 MB/s
HMAC-SHA           125 MB took 1.018 seconds,  122.774 MB/s
HMAC-SHA256         30 MB took 1.011 seconds,   29.679 MB/s
PBKDF2               3 KB took 1.003 seconds,    3.396 KB/s
RSA     2048 public       1400 ops took 1.044 sec, avg 0.746 ms, 1340.936 ops/sec
RSA     2048 private       100 ops took 3.838 sec, avg 38.384 ms, 26.053 ops/sec
DH      2048 key gen        65 ops took 1.005 sec, avg 15.457 ms, 64.696 ops/sec
DH      2048 agree         100 ops took 1.529 sec, avg 15.294 ms, 65.384 ops/sec
ECC   [      SECP256R1]   256 key gen      1401 ops took 1.000 sec, avg 0.714 ms, 1400.604 ops/sec
ECDHE [      SECP256R1]   256 agree         900 ops took 1.038 sec, avg 1.154 ms, 866.878 ops/sec
ECDSA [      SECP256R1]   256 sign         1200 ops took 1.034 sec, avg 0.862 ms, 1160.393 ops/sec
ECDSA [      SECP256R1]   256 verify        900 ops took 1.085 sec, avg 1.205 ms, 829.625 ops/sec
Benchmark complete
[SGXSan] ALWAYS: Enter wc_test
INFO: seed corpus: files: 2 min: 370191b max: 370191b total: 740382b rss: 43Mb
------------------------------------------------------------------------------
 wolfSSL version 5.1.0
------------------------------------------------------------------------------
error    test passed!
MEMORY   test passed!
base64   test passed!
asn      test passed!
RANDOM   test passed!
MD5      test passed!
MD4      test passed!
SHA      test passed!
SHA-256  test passed!
Hash     test passed!
HMAC-MD5 test passed!
HMAC-SHA test passed!
HMAC-SHA256 test passed!
GMAC     test passed!
HC-128   test passed!
Rabbit   test passed!
DES      test passed!
DES3     test passed!
AES      test passed!
AES192   test passed!
AES256   test passed!
AES-GCM  test passed!
RSA      test passed!
DH       test passed!
DSA      test passed!
PWDBASED test passed!
ECC      test passed!
ECC buffer test passed!
logging  test passed!
mutex    test passed!
memcb    test passed!
Test complete
[SGXSan] ALWAYS: Enter enc_wolfSSL_set_fd
[SGXSan] ALWAYS: Enter enc_wolfTLSv1_2_client_method
[SGXSan] ALWAYS: Enter enc_wolfSSL_CTX_new
[SGXSan] ALWAYS: Enter enc_wolfSSL_read
[SGXSan] ALWAYS: Enter enc_wolfSSL_CTX_set_cipher_list
[SGXSan] ALWAYS: Enter enc_wolfSSL_CTX_free
[SGXSan] ALWAYS: Enter enc_wolfSSL_new
[SGXSan] ALWAYS: Enter enc_wolfSSL_CTX_use_PrivateKey_buffer
[SGXSan] ALWAYS: Enter enc_wolfTLSv1_2_server_method
[SGXSan] ALWAYS: Enter enc_wolfSSL_CTX_load_verify_buffer
[SGXSan] ALWAYS: Enter enc_wolfSSL_connect
[SGXSan] ALWAYS: Enter enc_wolfSSL_Debugging_OFF
[SGXSan] ALWAYS: Enter enc_wolfSSL_CTX_use_certificate_buffer
[SGXSan] ALWAYS: Enter enc_wolfSSL_free
[SGXSan] ALWAYS: Enter enc_wolfSSL_Init
[SGXSan] ALWAYS: Enter enc_wolfSSL_CTX_use_certificate_chain_buffer_format
[SGXSan] ALWAYS: Enter wc_benchmark_test
------------------------------------------------------------------------------
 wolfSSL version 5.1.0
------------------------------------------------------------------------------
wolfCrypt Benchmark (block bytes 1048576, min 1.0 sec each)
RNG                 15 MB took 1.096 seconds,   13.691 MB/s
AES-128-CBC-enc     35 MB took 1.013 seconds,   34.545 MB/s
AES-128-CBC-dec     35 MB took 1.105 seconds,   31.672 MB/s
AES-192-CBC-enc     30 MB took 1.077 seconds,   27.849 MB/s
AES-192-CBC-dec     30 MB took 1.138 seconds,   26.357 MB/s
AES-256-CBC-enc     30 MB took 1.201 seconds,   24.977 MB/s
AES-256-CBC-dec     25 MB took 1.078 seconds,   23.182 MB/s
AES-128-GCM-enc     25 MB took 1.073 seconds,   23.303 MB/s
AES-128-GCM-dec     25 MB took 1.075 seconds,   23.249 MB/s
AES-192-GCM-enc     25 MB took 1.199 seconds,   20.856 MB/s
AES-192-GCM-dec     25 MB took 1.190 seconds,   21.010 MB/s
AES-256-GCM-enc     25 MB took 1.229 seconds,   20.348 MB/s
AES-256-GCM-dec     25 MB took 1.225 seconds,   20.414 MB/s
GMAC Table 4-bit    69 MB took 1.008 seconds,   68.452 MB/s
RABBIT              95 MB took 1.016 seconds,   93.506 MB/s
3DES                10 MB took 1.068 seconds,    9.367 MB/s
MD5                315 MB took 1.000 seconds,  314.994 MB/s
SHA                135 MB took 1.021 seconds,  132.228 MB/s
SHA-256             35 MB took 1.120 seconds,   31.245 MB/s
HMAC-MD5           310 MB took 1.008 seconds,  307.418 MB/s
HMAC-SHA           130 MB took 1.021 seconds,  127.371 MB/s
HMAC-SHA256         35 MB took 1.148 seconds,   30.476 MB/s
PBKDF2               4 KB took 1.005 seconds,    3.701 KB/s
RSA     2048 public       1400 ops took 1.018 sec, avg 0.727 ms, 1374.847 ops/sec
RSA     2048 private       100 ops took 3.705 sec, avg 37.047 ms, 26.993 ops/sec
DH      2048 key gen        68 ops took 1.008 sec, avg 14.828 ms, 67.438 ops/sec
DH      2048 agree         100 ops took 1.526 sec, avg 15.263 ms, 65.517 ops/sec
ECC   [      SECP256R1]   256 key gen      1411 ops took 1.001 sec, avg 0.709 ms, 1410.288 ops/sec
ECDHE [      SECP256R1]   256 agree         900 ops took 1.012 sec, avg 1.124 ms, 889.342 ops/sec
ECDSA [      SECP256R1]   256 sign         1200 ops took 1.032 sec, avg 0.860 ms, 1163.353 ops/sec
ECDSA [      SECP256R1]   256 verify        900 ops took 1.068 sec, avg 1.187 ms, 842.363 ops/sec
Benchmark complete
[SGXSan] ALWAYS: Enter enc_wolfSSL_Debugging_ON
[SGXSan] ALWAYS: Enter wc_test
------------------------------------------------------------------------------
 wolfSSL version 5.1.0
------------------------------------------------------------------------------
error    test passed!
MEMORY   test passed!
base64   test passed!
asn      test passed!
RANDOM   test passed!
MD5      test passed!
MD4      test passed!
SHA      test passed!
SHA-256  test passed!
Hash     test passed!
HMAC-MD5 test passed!
HMAC-SHA test passed!
HMAC-SHA256 test passed!
GMAC     test passed!
HC-128   test passed!
Rabbit   test passed!
DES      test passed!
DES3     test passed!
AES      test passed!
AES192   test passed!
AES256   test passed!
AES-GCM  test passed!
RSA      test passed!
DH       test passed!
DSA      test passed!
PWDBASED test passed!
ECC      test passed!
ECC buffer test passed!
logging  test passed!
mutex    test passed!
memcb    test failed!
 error = -13803
[SGXSan] ALWAYS: Enter enc_wolfSSL_Cleanup
[SGXSan] ALWAYS: Enter enc_wolfSSL_write
[SGXSan] ALWAYS: Enter enc_wolfSSL_get_error
#2	pulse  ft: 6289 exec/s: 0 rss: 50Mb
Slowest unit: 42 s:
artifact_prefix='./crashes/'; Test unit written to ./crashes/slow-unit-a18c987cc0e9ab43cf416193bb075ad579c3ded9
[SGXSan] ALWAYS: Enter enc_wolfSSL_set_fd
[SGXSan] ALWAYS: Enter enc_wolfTLSv1_2_client_method
[SGXSan] ALWAYS: Enter enc_wolfSSL_CTX_new
[SGXSan] ALWAYS: Enter enc_wolfSSL_read
[SGXSan] ALWAYS: Enter enc_wolfSSL_CTX_set_cipher_list
[SGXSan] ALWAYS: Enter enc_wolfSSL_CTX_free
[SGXSan] ALWAYS: Enter enc_wolfSSL_new
[SGXSan] ALWAYS: Enter enc_wolfSSL_CTX_use_PrivateKey_buffer
[SGXSan] ALWAYS: Enter enc_wolfTLSv1_2_server_method
[SGXSan] ALWAYS: Enter enc_wolfSSL_CTX_load_verify_buffer
[SGXSan] ALWAYS: Enter enc_wolfSSL_connect
[SGXSan] ALWAYS: Enter enc_wolfSSL_Debugging_OFF
[SGXSan] ALWAYS: Enter enc_wolfSSL_CTX_use_certificate_buffer
[SGXSan] ALWAYS: Enter enc_wolfSSL_free
[SGXSan] ALWAYS: Enter enc_wolfSSL_Init
[SGXSan] ALWAYS: Enter enc_wolfSSL_CTX_use_certificate_chain_buffer_format
[SGXSan] ALWAYS: Enter wc_benchmark_test
------------------------------------------------------------------------------
 wolfSSL version 5.1.0
------------------------------------------------------------------------------
wolfCrypt Benchmark (block bytes 1048576, min 1.0 sec each)
RNG                 15 MB took 1.148 seconds,   13.064 MB/s
AES-128-CBC-enc     35 MB took 1.073 seconds,   32.608 MB/s
AES-128-CBC-dec     35 MB took 1.163 seconds,   30.105 MB/s
AES-192-CBC-enc     30 MB took 1.068 seconds,   28.096 MB/s
AES-192-CBC-dec     30 MB took 1.127 seconds,   26.611 MB/s
AES-256-CBC-enc     30 MB took 1.137 seconds,   26.382 MB/s
AES-256-CBC-dec     25 MB took 1.034 seconds,   24.181 MB/s
AES-128-GCM-enc     25 MB took 1.005 seconds,   24.874 MB/s
AES-128-GCM-dec     25 MB took 1.039 seconds,   24.057 MB/s
AES-192-GCM-enc     25 MB took 1.138 seconds,   21.971 MB/s
AES-192-GCM-dec     25 MB took 1.180 seconds,   21.179 MB/s
AES-256-GCM-enc     20 MB took 1.032 seconds,   19.376 MB/s
AES-256-GCM-dec     20 MB took 1.029 seconds,   19.439 MB/s
GMAC Table 4-bit    68 MB took 1.004 seconds,   67.742 MB/s
RABBIT              95 MB took 1.051 seconds,   90.361 MB/s
3DES                10 MB took 1.092 seconds,    9.161 MB/s
MD5                315 MB took 1.008 seconds,  312.630 MB/s
SHA                130 MB took 1.036 seconds,  125.526 MB/s
SHA-256             35 MB took 1.168 seconds,   29.974 MB/s
HMAC-MD5           300 MB took 1.016 seconds,  295.283 MB/s
HMAC-SHA           125 MB took 1.017 seconds,  122.857 MB/s
HMAC-SHA256         30 MB took 1.008 seconds,   29.773 MB/s
PBKDF2               4 KB took 1.007 seconds,    3.663 KB/s
RSA     2048 public       1400 ops took 1.066 sec, avg 0.761 ms, 1313.636 ops/sec
RSA     2048 private       100 ops took 3.710 sec, avg 37.104 ms, 26.951 ops/sec
DH      2048 key gen        66 ops took 1.003 sec, avg 15.191 ms, 65.827 ops/sec
DH      2048 agree         100 ops took 1.546 sec, avg 15.461 ms, 64.681 ops/sec
ECC   [      SECP256R1]   256 key gen      1440 ops took 1.000 sec, avg 0.695 ms, 1439.332 ops/sec
ECDHE [      SECP256R1]   256 agree        1000 ops took 1.068 sec, avg 1.068 ms, 936.634 ops/sec
ECDSA [      SECP256R1]   256 sign         1300 ops took 1.057 sec, avg 0.813 ms, 1229.640 ops/sec
ECDSA [      SECP256R1]   256 verify        900 ops took 1.057 sec, avg 1.175 ms, 851.086 ops/sec
Benchmark complete
[SGXSan] ALWAYS: Enter enc_wolfSSL_Debugging_ON
[SGXSan] ALWAYS: Enter wc_test
------------------------------------------------------------------------------
 wolfSSL version 5.1.0
------------------------------------------------------------------------------
error    test passed!
MEMORY   test passed!
base64   test passed!
asn      test passed!
RANDOM   test passed!
MD5      test passed!
MD4      test passed!
SHA      test passed!
SHA-256  test passed!
Hash     test passed!
HMAC-MD5 test passed!
HMAC-SHA test passed!
HMAC-SHA256 test passed!
GMAC     test passed!
HC-128   test passed!
Rabbit   test passed!
DES      test passed!
DES3     test passed!
AES      test passed!
AES192   test passed!
AES256   test passed!
AES-GCM  test passed!
RSA      test passed!
DH       test passed!
DSA      test passed!
PWDBASED test passed!
ECC      test passed!
ECC buffer test passed!
logging  test passed!
mutex    test passed!
memcb    test failed!
 error = -13803
[SGXSan] ALWAYS: Enter enc_wolfSSL_Cleanup
[SGXSan] ALWAYS: Enter enc_wolfSSL_write
[SGXSan] ALWAYS: Enter enc_wolfSSL_get_error
#3	INITED cov: 6289 ft: 6294 corp: 2/723Kb exec/s: 0 rss: 59Mb
#3	DONE   cov: 6289 ft: 6294 corp: 2/723Kb lim: 370191 exec/s: 0 rss: 59Mb
Done 3 runs in 127 second(s)
stat::number_of_executed_units: 3
stat::average_exec_per_sec:     0
stat::new_units_added:          0
stat::slowest_unit_time_sec:    42
stat::peak_rss_mb:              59
