WARNING: Failed to find function "__sanitizer_acquire_crash_state".
WARNING: Failed to find function "__sanitizer_print_stack_trace".
WARNING: Failed to find function "__sanitizer_set_death_callback".
[2023-01-15 17:50:03.189] [Init] Num of ECall: 22
[2023-01-15 17:50:03.189] ECalls:
  0 - fuzz_enc_wolfSSL_CTX_free
  1 - fuzz_enc_wolfSSL_CTX_load_verify_buffer
  2 - fuzz_enc_wolfSSL_CTX_new
  3 - fuzz_enc_wolfSSL_CTX_set_cipher_list
  4 - fuzz_enc_wolfSSL_CTX_use_PrivateKey_buffer
  5 - fuzz_enc_wolfSSL_CTX_use_certificate_buffer
  6 - fuzz_enc_wolfSSL_CTX_use_certificate_chain_buffer_format
  7 - fuzz_enc_wolfSSL_Cleanup
  8 - fuzz_enc_wolfSSL_Debugging_OFF
  9 - fuzz_enc_wolfSSL_Debugging_ON
  10 - fuzz_enc_wolfSSL_Init
  11 - fuzz_enc_wolfSSL_connect
  12 - fuzz_enc_wolfSSL_free
  13 - fuzz_enc_wolfSSL_get_error
  14 - fuzz_enc_wolfSSL_new
  15 - fuzz_enc_wolfSSL_read
  16 - fuzz_enc_wolfSSL_set_fd
  17 - fuzz_enc_wolfSSL_write
  18 - fuzz_enc_wolfTLSv1_2_client_method
  19 - fuzz_enc_wolfTLSv1_2_server_method
  20 - fuzz_wc_benchmark_test
  21 - fuzz_wc_test

INFO: found LLVMFuzzerCustomMutator (0x44ac30). Disabling -len_control by default.
INFO: libFuzzer ignores flags that start with '--'
INFO: Running with entropic power schedule (0xFF, 100).
INFO: Seed: 3097905591
INFO: Loaded 1 modules   (291 inline 8-bit counters): 291 [0x4cb7e8, 0x4cb90b), 
INFO: Loaded 1 PC tables (291 PCs): 291 [0x4cb910,0x4ccb40), 
INFO:        0 files found in /tmp/libFuzzerTemp.FuzzWithFork422940.dir/C125
[SGXSan] ALWAYS: Hook __sanitizer_cov_8bit_counters_init of Enclave, 21636 inline 8-bit counts [0x7fcebacaa9c0, 0x7fcebacafe44) (First time)
[SGXSan] ALWAYS: Hook __sanitizer_cov_pcs_init of Enclave, 21636 PCs [0x7fcebacafe48, 0x7fcebad04688) (First time)
[SGXSan] ALWAYS: Enter enc_wolfSSL_CTX_free
[SGXSan] ALWAYS: Enter enc_wolfSSL_CTX_load_verify_buffer
[SGXSan] ALWAYS: Enter enc_wolfSSL_CTX_new
[SGXSan] ALWAYS: Enter enc_wolfSSL_CTX_set_cipher_list
[SGXSan] ALWAYS: Enter enc_wolfSSL_CTX_use_PrivateKey_buffer
[SGXSan] ALWAYS: Enter enc_wolfSSL_CTX_use_certificate_buffer
[SGXSan] ALWAYS: Enter enc_wolfSSL_CTX_use_certificate_chain_buffer_format
[SGXSan] ALWAYS: Enter enc_wolfSSL_Cleanup
[SGXSan] ALWAYS: Enter enc_wolfSSL_Debugging_OFF
[SGXSan] ALWAYS: Enter enc_wolfSSL_Debugging_ON
[SGXSan] ALWAYS: Enter enc_wolfSSL_Init
[SGXSan] ALWAYS: Enter enc_wolfSSL_connect
[SGXSan] ALWAYS: Enter enc_wolfSSL_free
[SGXSan] ALWAYS: Enter enc_wolfSSL_get_error
[SGXSan] ALWAYS: Enter enc_wolfSSL_new
[SGXSan] ALWAYS: Enter enc_wolfSSL_read
[SGXSan] ALWAYS: Enter enc_wolfSSL_set_fd
[SGXSan] ALWAYS: Enter enc_wolfSSL_write
[SGXSan] ALWAYS: Enter enc_wolfTLSv1_2_client_method
[SGXSan] ALWAYS: Enter enc_wolfTLSv1_2_server_method
[SGXSan] ALWAYS: Enter wc_benchmark_test
------------------------------------------------------------------------------
 wolfSSL version 5.1.0
------------------------------------------------------------------------------
wolfCrypt Benchmark (block bytes 1048576, min 1.0 sec each)
RNG                 15 MB took 1.136 seconds,   13.207 MB/s
AES-128-CBC-enc     35 MB took 1.030 seconds,   33.993 MB/s
AES-128-CBC-dec     35 MB took 1.146 seconds,   30.552 MB/s
AES-192-CBC-enc     30 MB took 1.040 seconds,   28.860 MB/s
AES-192-CBC-dec     30 MB took 1.120 seconds,   26.791 MB/s
AES-256-CBC-enc     30 MB took 1.154 seconds,   25.998 MB/s
AES-256-CBC-dec     25 MB took 1.065 seconds,   23.482 MB/s
AES-128-GCM-enc     25 MB took 1.067 seconds,   23.436 MB/s
AES-128-GCM-dec     25 MB took 1.069 seconds,   23.381 MB/s
AES-192-GCM-enc     25 MB took 1.206 seconds,   20.727 MB/s
AES-192-GCM-dec     25 MB took 1.223 seconds,   20.442 MB/s
AES-256-GCM-enc     20 MB took 1.065 seconds,   18.779 MB/s
AES-256-GCM-dec     20 MB took 1.053 seconds,   18.993 MB/s
GMAC Table 4-bit    68 MB took 1.015 seconds,   67.011 MB/s
RABBIT              90 MB took 1.017 seconds,   88.503 MB/s
3DES                10 MB took 1.113 seconds,    8.987 MB/s
MD5                300 MB took 1.010 seconds,  297.146 MB/s
SHA                125 MB took 1.020 seconds,  122.605 MB/s
SHA-256             35 MB took 1.159 seconds,   30.189 MB/s
HMAC-MD5           300 MB took 1.002 seconds,  299.341 MB/s
HMAC-SHA           130 MB took 1.025 seconds,  126.850 MB/s
HMAC-SHA256         35 MB took 1.137 seconds,   30.778 MB/s
PBKDF2               4 KB took 1.003 seconds,    3.706 KB/s
RSA     2048 public       1400 ops took 1.021 sec, avg 0.729 ms, 1370.991 ops/sec
RSA     2048 private       100 ops took 3.668 sec, avg 36.678 ms, 27.264 ops/sec
DH      2048 key gen        66 ops took 1.015 sec, avg 15.376 ms, 65.036 ops/sec
DH      2048 agree         100 ops took 1.535 sec, avg 15.348 ms, 65.155 ops/sec
ECC   [      SECP256R1]   256 key gen      1422 ops took 1.001 sec, avg 0.704 ms, 1421.187 ops/sec
ECDHE [      SECP256R1]   256 agree        1000 ops took 1.056 sec, avg 1.056 ms, 946.658 ops/sec
ECDSA [      SECP256R1]   256 sign         1300 ops took 1.038 sec, avg 0.798 ms, 1252.668 ops/sec
ECDSA [      SECP256R1]   256 verify        900 ops took 1.011 sec, avg 1.124 ms, 889.896 ops/sec
Benchmark complete
[SGXSan] ALWAYS: Enter wc_test
INFO: seed corpus: files: 2 min: 370191b max: 370191b total: 740382b rss: 43Mb
------------------------------------------------------------------------------
 wolfSSL version 5.1.0
------------------------------------------------------------------------------
error    test passed!
MEMORY   test passed!
base64   test passed!
asn      test passed!
RANDOM   test passed!
MD5      test passed!
MD4      test passed!
SHA      test passed!
SHA-256  test passed!
Hash     test passed!
HMAC-MD5 test passed!
HMAC-SHA test passed!
HMAC-SHA256 test passed!
GMAC     test passed!
HC-128   test passed!
Rabbit   test passed!
DES      test passed!
DES3     test passed!
AES      test passed!
AES192   test passed!
AES256   test passed!
AES-GCM  test passed!
RSA      test passed!
DH       test passed!
DSA      test passed!
PWDBASED test passed!
ECC      test passed!
ECC buffer test passed!
logging  test passed!
mutex    test passed!
memcb    test passed!
Test complete
[SGXSan] ALWAYS: Enter enc_wolfSSL_connect
[SGXSan] ALWAYS: Enter enc_wolfSSL_free
[SGXSan] ALWAYS: Enter enc_wolfSSL_Init
[SGXSan] ALWAYS: Enter wc_benchmark_test
------------------------------------------------------------------------------
 wolfSSL version 5.1.0
------------------------------------------------------------------------------
wolfCrypt Benchmark (block bytes 1048576, min 1.0 sec each)
RNG                 15 MB took 1.133 seconds,   13.242 MB/s
AES-128-CBC-enc     35 MB took 1.033 seconds,   33.898 MB/s
AES-128-CBC-dec     35 MB took 1.139 seconds,   30.727 MB/s
AES-192-CBC-enc     30 MB took 1.077 seconds,   27.849 MB/s
AES-192-CBC-dec     30 MB took 1.141 seconds,   26.297 MB/s
AES-256-CBC-enc     25 MB took 1.004 seconds,   24.893 MB/s
AES-256-CBC-dec     25 MB took 1.057 seconds,   23.645 MB/s
AES-128-GCM-enc     25 MB took 1.062 seconds,   23.541 MB/s
AES-128-GCM-dec     25 MB took 1.068 seconds,   23.411 MB/s
AES-192-GCM-enc     25 MB took 1.176 seconds,   21.255 MB/s
AES-192-GCM-dec     25 MB took 1.187 seconds,   21.066 MB/s
AES-256-GCM-enc     20 MB took 1.036 seconds,   19.314 MB/s
AES-256-GCM-dec     20 MB took 1.038 seconds,   19.272 MB/s
GMAC Table 4-bit    68 MB took 1.014 seconds,   67.055 MB/s
RABBIT              90 MB took 1.005 seconds,   89.544 MB/s
3DES                10 MB took 1.109 seconds,    9.014 MB/s
MD5                300 MB took 1.006 seconds,  298.188 MB/s
SHA                125 MB took 1.003 seconds,  124.647 MB/s
SHA-256             35 MB took 1.143 seconds,   30.616 MB/s
HMAC-MD5           310 MB took 1.011 seconds,  306.663 MB/s
HMAC-SHA           135 MB took 1.014 seconds,  133.175 MB/s
HMAC-SHA256         35 MB took 1.131 seconds,   30.958 MB/s
PBKDF2               4 KB took 1.003 seconds,    3.803 KB/s
RSA     2048 public       1400 ops took 1.039 sec, avg 0.742 ms, 1347.393 ops/sec
RSA     2048 private       100 ops took 3.693 sec, avg 36.933 ms, 27.076 ops/sec
DH      2048 key gen        65 ops took 1.013 sec, avg 15.579 ms, 64.189 ops/sec
DH      2048 agree         100 ops took 1.555 sec, avg 15.551 ms, 64.304 ops/sec
ECC   [      SECP256R1]   256 key gen      1475 ops took 1.000 sec, avg 0.678 ms, 1474.410 ops/sec
ECDHE [      SECP256R1]   256 agree        1000 ops took 1.075 sec, avg 1.075 ms, 930.525 ops/sec
ECDSA [      SECP256R1]   256 sign         1200 ops took 1.015 sec, avg 0.846 ms, 1182.047 ops/sec
ECDSA [      SECP256R1]   256 verify        900 ops took 1.055 sec, avg 1.172 ms, 853.223 ops/sec
Benchmark complete
[SGXSan] ALWAYS: Enter enc_wolfSSL_Debugging_ON
[SGXSan] ALWAYS: Enter enc_wolfSSL_read
[SGXSan] ALWAYS: Enter enc_wolfSSL_CTX_use_certificate_chain_buffer_format
[SGXSan] ALWAYS: Enter enc_wolfSSL_CTX_load_verify_buffer
[SGXSan] ALWAYS: Enter enc_wolfSSL_set_fd
[SGXSan] ALWAYS: Enter enc_wolfSSL_write
[SGXSan] ALWAYS: Enter enc_wolfSSL_Cleanup
[SGXSan] ALWAYS: Enter enc_wolfSSL_new
[SGXSan] ALWAYS: Enter enc_wolfSSL_CTX_set_cipher_list
[SGXSan] ALWAYS: Enter enc_wolfSSL_CTX_use_certificate_buffer
[SGXSan] ALWAYS: Enter enc_wolfSSL_CTX_use_PrivateKey_buffer
[SGXSan] ALWAYS: Enter enc_wolfSSL_get_error
[SGXSan] ALWAYS: Enter enc_wolfSSL_CTX_new
[SGXSan] ALWAYS: Enter enc_wolfTLSv1_2_client_method
[SGXSan] ALWAYS: Enter wc_test
------------------------------------------------------------------------------
 wolfSSL version 5.1.0
------------------------------------------------------------------------------
error    test passed!
MEMORY   test passed!
base64   test passed!
asn      test passed!
RANDOM   test passed!
MD5      test passed!
MD4      test passed!
SHA      test passed!
SHA-256  test passed!
Hash     test passed!
HMAC-MD5 test passed!
HMAC-SHA test passed!
HMAC-SHA256 test passed!
GMAC     test passed!
HC-128   test passed!
Rabbit   test passed!
DES      test passed!
DES3     test passed!
AES      test passed!
AES192   test passed!
AES256   test passed!
AES-GCM  test passed!
RSA      test passed!
DH       test passed!
DSA      test passed!
PWDBASED test passed!
ECC      test passed!
ECC buffer test passed!
logging  test passed!
mutex    test passed!
memcb    test failed!
 error = -13803
[SGXSan] ALWAYS: Enter enc_wolfTLSv1_2_server_method
[SGXSan] ALWAYS: Enter enc_wolfSSL_CTX_free
[SGXSan] ALWAYS: Enter enc_wolfSSL_Debugging_OFF
#2	pulse  ft: 6291 exec/s: 0 rss: 50Mb
Slowest unit: 42 s:
artifact_prefix='./crashes/'; Test unit written to ./crashes/slow-unit-b894a6ec387700716143ee6730621ec716a09440
[SGXSan] ALWAYS: Enter enc_wolfSSL_connect
[SGXSan] ALWAYS: Enter enc_wolfSSL_free
[SGXSan] ALWAYS: Enter enc_wolfSSL_Init
[SGXSan] ALWAYS: Enter wc_benchmark_test
------------------------------------------------------------------------------
 wolfSSL version 5.1.0
------------------------------------------------------------------------------
wolfCrypt Benchmark (block bytes 1048576, min 1.0 sec each)
RNG                 15 MB took 1.128 seconds,   13.300 MB/s
AES-128-CBC-enc     35 MB took 1.019 seconds,   34.360 MB/s
AES-128-CBC-dec     35 MB took 1.115 seconds,   31.380 MB/s
AES-192-CBC-enc     30 MB took 1.041 seconds,   28.831 MB/s
AES-192-CBC-dec     30 MB took 1.114 seconds,   26.923 MB/s
AES-256-CBC-enc     30 MB took 1.178 seconds,   25.471 MB/s
AES-256-CBC-dec     25 MB took 1.025 seconds,   24.397 MB/s
AES-128-GCM-enc     25 MB took 1.039 seconds,   24.073 MB/s
AES-128-GCM-dec     25 MB took 1.027 seconds,   24.341 MB/s
AES-192-GCM-enc     25 MB took 1.132 seconds,   22.082 MB/s
AES-192-GCM-dec     25 MB took 1.134 seconds,   22.053 MB/s
AES-256-GCM-enc     20 MB took 1.012 seconds,   19.768 MB/s
AES-256-GCM-dec     20 MB took 1.035 seconds,   19.326 MB/s
GMAC Table 4-bit    68 MB took 1.006 seconds,   67.574 MB/s
RABBIT              95 MB took 1.052 seconds,   90.331 MB/s
3DES                10 MB took 1.087 seconds,    9.199 MB/s
MD5                300 MB took 1.009 seconds,  297.262 MB/s
SHA                125 MB took 1.017 seconds,  122.890 MB/s
SHA-256             35 MB took 1.154 seconds,   30.324 MB/s
HMAC-MD5           295 MB took 1.004 seconds,  293.729 MB/s
HMAC-SHA           130 MB took 1.030 seconds,  126.181 MB/s
HMAC-SHA256         35 MB took 1.134 seconds,   30.855 MB/s
PBKDF2               4 KB took 1.008 seconds,    3.721 KB/s
RSA     2048 public       1400 ops took 1.019 sec, avg 0.728 ms, 1373.660 ops/sec
RSA     2048 private       100 ops took 3.664 sec, avg 36.644 ms, 27.289 ops/sec
DH      2048 key gen        61 ops took 1.000 sec, avg 16.397 ms, 60.986 ops/sec
DH      2048 agree         100 ops took 1.616 sec, avg 16.160 ms, 61.881 ops/sec
ECC   [      SECP256R1]   256 key gen      1351 ops took 1.000 sec, avg 0.740 ms, 1350.737 ops/sec
ECDHE [      SECP256R1]   256 agree        1000 ops took 1.111 sec, avg 1.111 ms, 900.168 ops/sec
ECDSA [      SECP256R1]   256 sign         1200 ops took 1.008 sec, avg 0.840 ms, 1190.708 ops/sec
ECDSA [      SECP256R1]   256 verify        900 ops took 1.033 sec, avg 1.148 ms, 871.113 ops/sec
Benchmark complete
[SGXSan] ALWAYS: Enter enc_wolfSSL_Debugging_ON
[SGXSan] ALWAYS: Enter enc_wolfSSL_read
[SGXSan] ALWAYS: Enter enc_wolfSSL_CTX_use_certificate_chain_buffer_format
[SGXSan] ALWAYS: Enter enc_wolfSSL_CTX_load_verify_buffer
[SGXSan] ALWAYS: Enter enc_wolfSSL_set_fd
[SGXSan] ALWAYS: Enter enc_wolfSSL_write
[SGXSan] ALWAYS: Enter enc_wolfSSL_Cleanup
[SGXSan] ALWAYS: Enter enc_wolfSSL_new
[SGXSan] ALWAYS: Enter enc_wolfSSL_CTX_set_cipher_list
[SGXSan] ALWAYS: Enter enc_wolfSSL_CTX_use_certificate_buffer
[SGXSan] ALWAYS: Enter enc_wolfSSL_CTX_use_PrivateKey_buffer
[SGXSan] ALWAYS: Enter enc_wolfSSL_get_error
[SGXSan] ALWAYS: Enter enc_wolfSSL_CTX_new
[SGXSan] ALWAYS: Enter enc_wolfTLSv1_2_client_method
[SGXSan] ALWAYS: Enter wc_test
------------------------------------------------------------------------------
 wolfSSL version 5.1.0
------------------------------------------------------------------------------
error    test passed!
MEMORY   test passed!
base64   test passed!
asn      test passed!
RANDOM   test passed!
MD5      test passed!
MD4      test passed!
SHA      test passed!
SHA-256  test passed!
Hash     test passed!
HMAC-MD5 test passed!
HMAC-SHA test passed!
HMAC-SHA256 test passed!
GMAC     test passed!
HC-128   test passed!
Rabbit   test passed!
DES      test passed!
DES3     test passed!
AES      test passed!
AES192   test passed!
AES256   test passed!
AES-GCM  test passed!
RSA      test passed!
DH       test passed!
DSA      test passed!
PWDBASED test passed!
ECC      test passed!
ECC buffer test passed!
logging  test passed!
mutex    test passed!
memcb    test failed!
 error = -13803
[SGXSan] ALWAYS: Enter enc_wolfTLSv1_2_server_method
[SGXSan] ALWAYS: Enter enc_wolfSSL_CTX_free
[SGXSan] ALWAYS: Enter enc_wolfSSL_Debugging_OFF
#3	INITED cov: 6291 ft: 6296 corp: 2/723Kb exec/s: 0 rss: 59Mb
#3	DONE   cov: 6291 ft: 6296 corp: 2/723Kb lim: 370191 exec/s: 0 rss: 59Mb
Done 3 runs in 126 second(s)
stat::number_of_executed_units: 3
stat::average_exec_per_sec:     0
stat::new_units_added:          0
stat::slowest_unit_time_sec:    42
stat::peak_rss_mb:              59
