WARNING: Failed to find function "__sanitizer_acquire_crash_state".
WARNING: Failed to find function "__sanitizer_print_stack_trace".
WARNING: Failed to find function "__sanitizer_set_death_callback".
[2023-01-15 17:50:32.446] [Init] Num of ECall: 22
[2023-01-15 17:50:32.446] ECalls:
  0 - fuzz_enc_wolfSSL_CTX_free
  1 - fuzz_enc_wolfSSL_CTX_load_verify_buffer
  2 - fuzz_enc_wolfSSL_CTX_new
  3 - fuzz_enc_wolfSSL_CTX_set_cipher_list
  4 - fuzz_enc_wolfSSL_CTX_use_PrivateKey_buffer
  5 - fuzz_enc_wolfSSL_CTX_use_certificate_buffer
  6 - fuzz_enc_wolfSSL_CTX_use_certificate_chain_buffer_format
  7 - fuzz_enc_wolfSSL_Cleanup
  8 - fuzz_enc_wolfSSL_Debugging_OFF
  9 - fuzz_enc_wolfSSL_Debugging_ON
  10 - fuzz_enc_wolfSSL_Init
  11 - fuzz_enc_wolfSSL_connect
  12 - fuzz_enc_wolfSSL_free
  13 - fuzz_enc_wolfSSL_get_error
  14 - fuzz_enc_wolfSSL_new
  15 - fuzz_enc_wolfSSL_read
  16 - fuzz_enc_wolfSSL_set_fd
  17 - fuzz_enc_wolfSSL_write
  18 - fuzz_enc_wolfTLSv1_2_client_method
  19 - fuzz_enc_wolfTLSv1_2_server_method
  20 - fuzz_wc_benchmark_test
  21 - fuzz_wc_test

INFO: found LLVMFuzzerCustomMutator (0x44ac30). Disabling -len_control by default.
INFO: libFuzzer ignores flags that start with '--'
INFO: Running with entropic power schedule (0xFF, 100).
INFO: Seed: 2290295985
INFO: Loaded 1 modules   (291 inline 8-bit counters): 291 [0x4cb7e8, 0x4cb90b), 
INFO: Loaded 1 PC tables (291 PCs): 291 [0x4cb910,0x4ccb40), 
INFO:        0 files found in /tmp/libFuzzerTemp.FuzzWithFork422940.dir/C126
[SGXSan] ALWAYS: Hook __sanitizer_cov_8bit_counters_init of Enclave, 21636 inline 8-bit counts [0x7f35fc7299c0, 0x7f35fc72ee44) (First time)
[SGXSan] ALWAYS: Hook __sanitizer_cov_pcs_init of Enclave, 21636 PCs [0x7f35fc72ee48, 0x7f35fc783688) (First time)
[SGXSan] ALWAYS: Enter enc_wolfSSL_CTX_free
[SGXSan] ALWAYS: Enter enc_wolfSSL_CTX_load_verify_buffer
[SGXSan] ALWAYS: Enter enc_wolfSSL_CTX_new
[SGXSan] ALWAYS: Enter enc_wolfSSL_CTX_set_cipher_list
[SGXSan] ALWAYS: Enter enc_wolfSSL_CTX_use_PrivateKey_buffer
[SGXSan] ALWAYS: Enter enc_wolfSSL_CTX_use_certificate_buffer
[SGXSan] ALWAYS: Enter enc_wolfSSL_CTX_use_certificate_chain_buffer_format
[SGXSan] ALWAYS: Enter enc_wolfSSL_Cleanup
[SGXSan] ALWAYS: Enter enc_wolfSSL_Debugging_OFF
[SGXSan] ALWAYS: Enter enc_wolfSSL_Debugging_ON
[SGXSan] ALWAYS: Enter enc_wolfSSL_Init
[SGXSan] ALWAYS: Enter enc_wolfSSL_connect
[SGXSan] ALWAYS: Enter enc_wolfSSL_free
[SGXSan] ALWAYS: Enter enc_wolfSSL_get_error
[SGXSan] ALWAYS: Enter enc_wolfSSL_new
[SGXSan] ALWAYS: Enter enc_wolfSSL_read
[SGXSan] ALWAYS: Enter enc_wolfSSL_set_fd
[SGXSan] ALWAYS: Enter enc_wolfSSL_write
[SGXSan] ALWAYS: Enter enc_wolfTLSv1_2_client_method
[SGXSan] ALWAYS: Enter enc_wolfTLSv1_2_server_method
[SGXSan] ALWAYS: Enter wc_benchmark_test
------------------------------------------------------------------------------
 wolfSSL version 5.1.0
------------------------------------------------------------------------------
wolfCrypt Benchmark (block bytes 1048576, min 1.0 sec each)
RNG                 15 MB took 1.115 seconds,   13.448 MB/s
AES-128-CBC-enc     35 MB took 1.055 seconds,   33.184 MB/s
AES-128-CBC-dec     35 MB took 1.140 seconds,   30.713 MB/s
AES-192-CBC-enc     30 MB took 1.043 seconds,   28.757 MB/s
AES-192-CBC-dec     30 MB took 1.085 seconds,   27.646 MB/s
AES-256-CBC-enc     30 MB took 1.135 seconds,   26.425 MB/s
AES-256-CBC-dec     25 MB took 1.058 seconds,   23.634 MB/s
AES-128-GCM-enc     25 MB took 1.013 seconds,   24.673 MB/s
AES-128-GCM-dec     25 MB took 1.058 seconds,   23.638 MB/s
AES-192-GCM-enc     25 MB took 1.187 seconds,   21.053 MB/s
AES-192-GCM-dec     25 MB took 1.174 seconds,   21.301 MB/s
AES-256-GCM-enc     20 MB took 1.033 seconds,   19.364 MB/s
AES-256-GCM-dec     20 MB took 1.009 seconds,   19.820 MB/s
GMAC Table 4-bit    70 MB took 1.006 seconds,   69.605 MB/s
RABBIT              95 MB took 1.044 seconds,   91.031 MB/s
3DES                10 MB took 1.096 seconds,    9.123 MB/s
MD5                305 MB took 1.012 seconds,  301.348 MB/s
SHA                125 MB took 1.006 seconds,  124.193 MB/s
SHA-256             35 MB took 1.159 seconds,   30.204 MB/s
HMAC-MD5           300 MB took 1.007 seconds,  297.932 MB/s
HMAC-SHA           125 MB took 1.006 seconds,  124.235 MB/s
HMAC-SHA256         35 MB took 1.135 seconds,   30.836 MB/s
PBKDF2               4 KB took 1.008 seconds,    3.719 KB/s
RSA     2048 public       1400 ops took 1.011 sec, avg 0.722 ms, 1385.397 ops/sec
RSA     2048 private       100 ops took 3.674 sec, avg 36.744 ms, 27.215 ops/sec
DH      2048 key gen        64 ops took 1.005 sec, avg 15.702 ms, 63.685 ops/sec
DH      2048 agree         100 ops took 1.572 sec, avg 15.724 ms, 63.597 ops/sec
ECC   [      SECP256R1]   256 key gen      1389 ops took 1.000 sec, avg 0.720 ms, 1388.805 ops/sec
ECDHE [      SECP256R1]   256 agree        1000 ops took 1.084 sec, avg 1.084 ms, 922.435 ops/sec
ECDSA [      SECP256R1]   256 sign         1300 ops took 1.050 sec, avg 0.808 ms, 1237.866 ops/sec
ECDSA [      SECP256R1]   256 verify        900 ops took 1.030 sec, avg 1.145 ms, 873.717 ops/sec
Benchmark complete
[SGXSan] ALWAYS: Enter wc_test
INFO: seed corpus: files: 2 min: 370191b max: 370191b total: 740382b rss: 43Mb
------------------------------------------------------------------------------
 wolfSSL version 5.1.0
------------------------------------------------------------------------------
error    test passed!
MEMORY   test passed!
base64   test passed!
asn      test passed!
RANDOM   test passed!
MD5      test passed!
MD4      test passed!
SHA      test passed!
SHA-256  test passed!
Hash     test passed!
HMAC-MD5 test passed!
HMAC-SHA test passed!
HMAC-SHA256 test passed!
GMAC     test passed!
HC-128   test passed!
Rabbit   test passed!
DES      test passed!
DES3     test passed!
AES      test passed!
AES192   test passed!
AES256   test passed!
AES-GCM  test passed!
RSA      test passed!
DH       test passed!
DSA      test passed!
PWDBASED test passed!
ECC      test passed!
ECC buffer test passed!
logging  test passed!
mutex    test passed!
memcb    test passed!
Test complete
[SGXSan] ALWAYS: Enter enc_wolfSSL_connect
[SGXSan] ALWAYS: Enter enc_wolfSSL_free
[SGXSan] ALWAYS: Enter enc_wolfSSL_Init
[SGXSan] ALWAYS: Enter wc_benchmark_test
------------------------------------------------------------------------------
 wolfSSL version 5.1.0
------------------------------------------------------------------------------
wolfCrypt Benchmark (block bytes 1048576, min 1.0 sec each)
RNG                 15 MB took 1.133 seconds,   13.234 MB/s
AES-128-CBC-enc     35 MB took 1.069 seconds,   32.744 MB/s
AES-128-CBC-dec     35 MB took 1.103 seconds,   31.736 MB/s
AES-192-CBC-enc     30 MB took 1.016 seconds,   29.526 MB/s
AES-192-CBC-dec     30 MB took 1.138 seconds,   26.353 MB/s
AES-256-CBC-enc     25 MB took 1.002 seconds,   24.949 MB/s
AES-256-CBC-dec     25 MB took 1.040 seconds,   24.027 MB/s
AES-128-GCM-enc     25 MB took 1.072 seconds,   23.324 MB/s
AES-128-GCM-dec     25 MB took 1.073 seconds,   23.308 MB/s
AES-192-GCM-enc     25 MB took 1.186 seconds,   21.082 MB/s
AES-192-GCM-dec     25 MB took 1.153 seconds,   21.675 MB/s
AES-256-GCM-enc     25 MB took 1.227 seconds,   20.377 MB/s
AES-256-GCM-dec     20 MB took 1.003 seconds,   19.932 MB/s
GMAC Table 4-bit    71 MB took 1.004 seconds,   70.738 MB/s
RABBIT              95 MB took 1.024 seconds,   92.778 MB/s
3DES                10 MB took 1.073 seconds,    9.322 MB/s
MD5                305 MB took 1.000 seconds,  304.893 MB/s
SHA                130 MB took 1.024 seconds,  126.957 MB/s
SHA-256             35 MB took 1.128 seconds,   31.025 MB/s
HMAC-MD5           305 MB took 1.002 seconds,  304.494 MB/s
HMAC-SHA           135 MB took 1.036 seconds,  130.311 MB/s
HMAC-SHA256         35 MB took 1.094 seconds,   32.004 MB/s
PBKDF2               4 KB took 1.002 seconds,    3.898 KB/s
RSA     2048 public       1500 ops took 1.071 sec, avg 0.714 ms, 1400.597 ops/sec
RSA     2048 private       100 ops took 3.701 sec, avg 37.013 ms, 27.018 ops/sec
DH      2048 key gen        64 ops took 1.010 sec, avg 15.776 ms, 63.387 ops/sec
DH      2048 agree         100 ops took 1.637 sec, avg 16.366 ms, 61.102 ops/sec
ECC   [      SECP256R1]   256 key gen      1386 ops took 1.001 sec, avg 0.722 ms, 1385.215 ops/sec
ECDHE [      SECP256R1]   256 agree         900 ops took 1.015 sec, avg 1.127 ms, 887.026 ops/sec
ECDSA [      SECP256R1]   256 sign         1200 ops took 1.041 sec, avg 0.868 ms, 1152.217 ops/sec
ECDSA [      SECP256R1]   256 verify        900 ops took 1.071 sec, avg 1.190 ms, 840.080 ops/sec
Benchmark complete
[SGXSan] ALWAYS: Enter enc_wolfSSL_Debugging_ON
[SGXSan] ALWAYS: Enter enc_wolfSSL_read
[SGXSan] ALWAYS: Enter enc_wolfSSL_CTX_use_certificate_chain_buffer_format
[SGXSan] ALWAYS: Enter enc_wolfSSL_CTX_load_verify_buffer
[SGXSan] ALWAYS: Enter enc_wolfSSL_set_fd
[SGXSan] ALWAYS: Enter enc_wolfSSL_write
[SGXSan] ALWAYS: Enter enc_wolfSSL_Cleanup
[SGXSan] ALWAYS: Enter enc_wolfSSL_new
[SGXSan] ALWAYS: Enter enc_wolfSSL_CTX_set_cipher_list
[SGXSan] ALWAYS: Enter enc_wolfSSL_CTX_use_certificate_buffer
[SGXSan] ALWAYS: Enter enc_wolfSSL_CTX_use_PrivateKey_buffer
[SGXSan] ALWAYS: Enter enc_wolfSSL_get_error
[SGXSan] ALWAYS: Enter enc_wolfSSL_CTX_new
[SGXSan] ALWAYS: Enter enc_wolfTLSv1_2_client_method
[SGXSan] ALWAYS: Enter wc_test
------------------------------------------------------------------------------
 wolfSSL version 5.1.0
------------------------------------------------------------------------------
error    test passed!
MEMORY   test passed!
base64   test passed!
asn      test passed!
RANDOM   test passed!
MD5      test passed!
MD4      test passed!
SHA      test passed!
SHA-256  test passed!
Hash     test passed!
HMAC-MD5 test passed!
HMAC-SHA test passed!
HMAC-SHA256 test passed!
GMAC     test passed!
HC-128   test passed!
Rabbit   test passed!
DES      test passed!
DES3     test passed!
AES      test passed!
AES192   test passed!
AES256   test passed!
AES-GCM  test passed!
RSA      test passed!
DH       test passed!
DSA      test passed!
PWDBASED test passed!
ECC      test passed!
ECC buffer test passed!
logging  test passed!
mutex    test passed!
memcb    test failed!
 error = -13803
[SGXSan] ALWAYS: Enter enc_wolfTLSv1_2_server_method
[SGXSan] ALWAYS: Enter enc_wolfSSL_CTX_free
[SGXSan] ALWAYS: Enter enc_wolfSSL_Debugging_OFF
#2	pulse  ft: 6292 exec/s: 0 rss: 49Mb
Slowest unit: 42 s:
artifact_prefix='./crashes/'; Test unit written to ./crashes/slow-unit-b894a6ec387700716143ee6730621ec716a09440
[SGXSan] ALWAYS: Enter enc_wolfSSL_new
[SGXSan] ALWAYS: Enter wc_test
------------------------------------------------------------------------------
 wolfSSL version 5.1.0
------------------------------------------------------------------------------
error    test passed!
MEMORY   test passed!
base64   test passed!
asn      test passed!
RANDOM   test passed!
MD5      test passed!
MD4      test passed!
SHA      test passed!
SHA-256  test passed!
Hash     test passed!
HMAC-MD5 test passed!
HMAC-SHA test passed!
HMAC-SHA256 test passed!
GMAC     test passed!
HC-128   test passed!
Rabbit   test passed!
DES      test passed!
DES3     test passed!
AES      test passed!
AES192   test passed!
AES256   test passed!
AES-GCM  test passed!
RSA      test passed!
DH       test passed!
DSA      test passed!
PWDBASED test passed!
ECC      test passed!
ECC buffer test passed!
logging  test passed!
mutex    test passed!
memcb    test failed!
 error = -13803
[SGXSan] ALWAYS: Enter enc_wolfSSL_read
[SGXSan] ALWAYS: Enter enc_wolfSSL_Debugging_ON
[SGXSan] ALWAYS: Enter enc_wolfSSL_CTX_use_PrivateKey_buffer
[SGXSan] ALWAYS: Enter enc_wolfSSL_Debugging_OFF
[SGXSan] ALWAYS: Enter enc_wolfSSL_get_error
[SGXSan] ALWAYS: Enter wc_benchmark_test
------------------------------------------------------------------------------
 wolfSSL version 5.1.0
------------------------------------------------------------------------------
wolfCrypt Benchmark (block bytes 1048576, min 1.0 sec each)
RNG                 15 MB took 1.142 seconds,   13.130 MB/s
AES-128-CBC-enc     35 MB took 1.047 seconds,   33.426 MB/s
AES-128-CBC-dec     35 MB took 1.141 seconds,   30.684 MB/s
AES-192-CBC-enc     30 MB took 1.040 seconds,   28.851 MB/s
AES-192-CBC-dec     30 MB took 1.121 seconds,   26.761 MB/s
AES-256-CBC-enc     25 MB took 1.000 seconds,   24.999 MB/s
AES-256-CBC-dec     25 MB took 1.076 seconds,   23.225 MB/s
AES-128-GCM-enc     25 MB took 1.081 seconds,   23.136 MB/s
AES-128-GCM-dec     25 MB took 1.156 seconds,   21.632 MB/s
AES-192-GCM-enc     25 MB took 1.212 seconds,   20.635 MB/s
AES-192-GCM-dec     25 MB took 1.183 seconds,   21.136 MB/s
AES-256-GCM-enc     20 MB took 1.028 seconds,   19.448 MB/s
AES-256-GCM-dec     20 MB took 1.026 seconds,   19.486 MB/s
GMAC Table 4-bit    68 MB took 1.013 seconds,   67.158 MB/s
RABBIT              90 MB took 1.003 seconds,   89.687 MB/s
3DES                10 MB took 1.103 seconds,    9.064 MB/s
MD5                300 MB took 1.002 seconds,  299.282 MB/s
SHA                125 MB took 1.011 seconds,  123.601 MB/s
SHA-256             30 MB took 1.004 seconds,   29.880 MB/s
HMAC-MD5           295 MB took 1.016 seconds,  290.367 MB/s
HMAC-SHA           125 MB took 1.010 seconds,  123.768 MB/s
HMAC-SHA256         35 MB took 1.161 seconds,   30.145 MB/s
PBKDF2               4 KB took 1.007 seconds,    3.816 KB/s
RSA     2048 public       1400 ops took 1.006 sec, avg 0.719 ms, 1391.748 ops/sec
RSA     2048 private       100 ops took 3.689 sec, avg 36.892 ms, 27.106 ops/sec
DH      2048 key gen        63 ops took 1.005 sec, avg 15.954 ms, 62.682 ops/sec
DH      2048 agree         100 ops took 1.586 sec, avg 15.860 ms, 63.052 ops/sec
ECC   [      SECP256R1]   256 key gen      1366 ops took 1.001 sec, avg 0.733 ms, 1365.059 ops/sec
ECDHE [      SECP256R1]   256 agree         900 ops took 1.005 sec, avg 1.117 ms, 895.161 ops/sec
ECDSA [      SECP256R1]   256 sign         1200 ops took 1.007 sec, avg 0.839 ms, 1191.200 ops/sec
ECDSA [      SECP256R1]   256 verify        900 ops took 1.050 sec, avg 1.166 ms, 857.389 ops/sec
Benchmark complete
[SGXSan] ALWAYS: Enter enc_wolfSSL_CTX_load_verify_buffer
[SGXSan] ALWAYS: Enter enc_wolfSSL_CTX_use_certificate_chain_buffer_format
[SGXSan] ALWAYS: Enter enc_wolfSSL_CTX_set_cipher_list
[SGXSan] ALWAYS: Enter enc_wolfSSL_Cleanup
[SGXSan] ALWAYS: Enter enc_wolfTLSv1_2_server_method
[SGXSan] ALWAYS: Enter enc_wolfTLSv1_2_client_method
[SGXSan] ALWAYS: Enter enc_wolfSSL_set_fd
[SGXSan] ALWAYS: Enter enc_wolfSSL_Init
[SGXSan] ALWAYS: Enter enc_wolfSSL_connect
[SGXSan] ALWAYS: Enter enc_wolfSSL_write
[SGXSan] ALWAYS: Enter enc_wolfSSL_CTX_new
[SGXSan] ALWAYS: Enter enc_wolfSSL_CTX_use_certificate_buffer
[SGXSan] ALWAYS: Enter enc_wolfSSL_CTX_free
[SGXSan] ALWAYS: Enter enc_wolfSSL_free
#3	INITED cov: 6293 ft: 6293 corp: 2/723Kb exec/s: 0 rss: 58Mb
[SGXSan] ALWAYS: Enter enc_wolfSSL_new
[SGXSan] ALWAYS: Enter wc_test
------------------------------------------------------------------------------
 wolfSSL version 5.1.0
------------------------------------------------------------------------------
error    test passed!
MEMORY   test passed!
base64   test passed!
asn      test passed!
RANDOM   test passed!
MD5      test passed!
MD4      test passed!
SHA      test passed!
SHA-256  test passed!
Hash     test passed!
HMAC-MD5 test passed!
HMAC-SHA test passed!
HMAC-SHA256 test passed!
GMAC     test passed!
HC-128   test passed!
Rabbit   test passed!
DES      test passed!
DES3     test passed!
AES      test passed!
AES192   test passed!
AES256   test passed!
AES-GCM  test passed!
RSA      test passed!
DH       test passed!
DSA      test passed!
PWDBASED test passed!
ECC      test passed!
ECC buffer test passed!
logging  test passed!
mutex    test passed!
memcb    test failed!
 error = -13803
[SGXSan] ALWAYS: Enter enc_wolfSSL_read
[SGXSan] ALWAYS: Enter enc_wolfSSL_Debugging_ON
[SGXSan] ALWAYS: Enter enc_wolfSSL_CTX_use_PrivateKey_buffer
[SGXSan] ALWAYS: Enter enc_wolfSSL_Debugging_OFF
[SGXSan] ALWAYS: Enter enc_wolfSSL_get_error
[SGXSan] ALWAYS: Enter wc_benchmark_test
------------------------------------------------------------------------------
 wolfSSL version 5.1.0
------------------------------------------------------------------------------
wolfCrypt Benchmark (block bytes 1048576, min 1.0 sec each)
RNG                 15 MB took 1.134 seconds,   13.229 MB/s
AES-128-CBC-enc     35 MB took 1.045 seconds,   33.490 MB/s
AES-128-CBC-dec     35 MB took 1.163 seconds,   30.100 MB/s
AES-192-CBC-enc     30 MB took 1.077 seconds,   27.867 MB/s
AES-192-CBC-dec     30 MB took 1.143 seconds,   26.244 MB/s
AES-256-CBC-enc     25 MB took 1.008 seconds,   24.813 MB/s
AES-256-CBC-dec     25 MB took 1.059 seconds,   23.601 MB/s
AES-128-GCM-enc     25 MB took 1.063 seconds,   23.511 MB/s
AES-128-GCM-dec     25 MB took 1.049 seconds,   23.831 MB/s
AES-192-GCM-enc     25 MB took 1.156 seconds,   21.634 MB/s
AES-192-GCM-dec     25 MB took 1.157 seconds,   21.606 MB/s
AES-256-GCM-enc     20 MB took 1.021 seconds,   19.593 MB/s
AES-256-GCM-dec     20 MB took 1.009 seconds,   19.813 MB/s
GMAC Table 4-bit    69 MB took 1.012 seconds,   68.156 MB/s
RABBIT              90 MB took 1.009 seconds,   89.186 MB/s
3DES                10 MB took 1.110 seconds,    9.008 MB/s
MD5                300 MB took 1.016 seconds,  295.385 MB/s
SHA                130 MB took 1.016 seconds,  127.940 MB/s
SHA-256             35 MB took 1.135 seconds,   30.840 MB/s
HMAC-MD5           300 MB took 1.002 seconds,  299.315 MB/s
HMAC-SHA           130 MB took 1.034 seconds,  125.729 MB/s
HMAC-SHA256         35 MB took 1.155 seconds,   30.293 MB/s
PBKDF2               4 KB took 1.000 seconds,    3.686 KB/s
RSA     2048 public       1400 ops took 1.031 sec, avg 0.736 ms, 1358.055 ops/sec
RSA     2048 private       100 ops took 3.734 sec, avg 37.339 ms, 26.782 ops/sec
DH      2048 key gen        65 ops took 1.003 sec, avg 15.428 ms, 64.818 ops/sec
DH      2048 agree         100 ops took 1.546 sec, avg 15.461 ms, 64.680 ops/sec
ECC   [      SECP256R1]   256 key gen      1377 ops took 1.001 sec, avg 0.727 ms, 1376.250 ops/sec
ECDHE [      SECP256R1]   256 agree        1000 ops took 1.107 sec, avg 1.107 ms, 903.544 ops/sec
ECDSA [      SECP256R1]   256 sign         1200 ops took 1.025 sec, avg 0.854 ms, 1170.559 ops/sec
ECDSA [      SECP256R1]   256 verify        900 ops took 1.068 sec, avg 1.186 ms, 843.006 ops/sec
Benchmark complete
[SGXSan] ALWAYS: Enter enc_wolfSSL_CTX_load_verify_buffer
[SGXSan] ALWAYS: Enter enc_wolfSSL_CTX_use_certificate_chain_buffer_format
[SGXSan] ALWAYS: Enter enc_wolfSSL_CTX_set_cipher_list
[SGXSan] ALWAYS: Enter enc_wolfSSL_Cleanup
[SGXSan] ALWAYS: Enter enc_wolfTLSv1_2_server_method
[SGXSan] ALWAYS: Enter enc_wolfTLSv1_2_client_method
[SGXSan] ALWAYS: Enter enc_wolfSSL_set_fd
[SGXSan] ALWAYS: Enter enc_wolfSSL_Init
[SGXSan] ALWAYS: Enter enc_wolfSSL_connect
[SGXSan] ALWAYS: Enter enc_wolfSSL_write
[SGXSan] ALWAYS: Enter enc_wolfSSL_CTX_new
[SGXSan] ALWAYS: Enter enc_wolfSSL_CTX_use_certificate_buffer
[SGXSan] ALWAYS: Enter enc_wolfSSL_CTX_free
[SGXSan] ALWAYS: Enter enc_wolfSSL_free
#4	pulse  cov: 6293 ft: 6293 corp: 2/723Kb lim: 1000000 exec/s: 0 rss: 63Mb
[SGXSan] ALWAYS: Enter enc_wolfSSL_new
[SGXSan] ALWAYS: Enter wc_test
------------------------------------------------------------------------------
 wolfSSL version 5.1.0
------------------------------------------------------------------------------
error    test passed!
MEMORY   test passed!
base64   test passed!
asn      test passed!
RANDOM   test passed!
MD5      test passed!
MD4      test passed!
SHA      test passed!
SHA-256  test passed!
Hash     test passed!
HMAC-MD5 test passed!
HMAC-SHA test passed!
HMAC-SHA256 test passed!
GMAC     test passed!
HC-128   test passed!
Rabbit   test passed!
DES      test passed!
DES3     test passed!
AES      test passed!
AES192   test passed!
AES256   test passed!
AES-GCM  test passed!
RSA      test passed!
DH       test passed!
DSA      test passed!
PWDBASED test passed!
ECC      test passed!
ECC buffer test passed!
logging  test passed!
mutex    test passed!
memcb    test failed!
 error = -13803
[SGXSan] ALWAYS: Enter enc_wolfSSL_read
[SGXSan] ALWAYS: Enter enc_wolfSSL_Debugging_ON
[SGXSan] ALWAYS: Enter enc_wolfSSL_CTX_use_PrivateKey_buffer
[SGXSan] ALWAYS: Enter enc_wolfSSL_Debugging_OFF
[SGXSan] ALWAYS: Enter enc_wolfSSL_get_error
[SGXSan] ALWAYS: Enter wc_benchmark_test
------------------------------------------------------------------------------
 wolfSSL version 5.1.0
------------------------------------------------------------------------------
wolfCrypt Benchmark (block bytes 1048576, min 1.0 sec each)
RNG                 15 MB took 1.118 seconds,   13.421 MB/s
AES-128-CBC-enc     35 MB took 1.065 seconds,   32.869 MB/s
AES-128-CBC-dec     30 MB took 1.003 seconds,   29.904 MB/s
AES-192-CBC-enc     30 MB took 1.064 seconds,   28.206 MB/s
AES-192-CBC-dec     30 MB took 1.148 seconds,   26.138 MB/s
AES-256-CBC-enc     30 MB took 1.193 seconds,   25.149 MB/s
AES-256-CBC-dec     25 MB took 1.039 seconds,   24.051 MB/s
AES-128-GCM-enc     25 MB took 1.075 seconds,   23.258 MB/s
AES-128-GCM-dec     25 MB took 1.076 seconds,   23.234 MB/s
AES-192-GCM-enc     25 MB took 1.195 seconds,   20.929 MB/s
AES-192-GCM-dec     25 MB took 1.191 seconds,   20.992 MB/s
AES-256-GCM-enc     20 MB took 1.025 seconds,   19.513 MB/s
AES-256-GCM-dec     20 MB took 1.035 seconds,   19.331 MB/s
GMAC Table 4-bit    67 MB took 1.000 seconds,   66.989 MB/s
RABBIT              90 MB took 1.018 seconds,   88.450 MB/s
3DES                10 MB took 1.132 seconds,    8.832 MB/s
MD5                295 MB took 1.003 seconds,  294.098 MB/s
SHA                125 MB took 1.018 seconds,  122.777 MB/s
SHA-256             35 MB took 1.155 seconds,   30.295 MB/s
HMAC-MD5           305 MB took 1.007 seconds,  303.027 MB/s
HMAC-SHA           125 MB took 1.009 seconds,  123.894 MB/s
HMAC-SHA256         35 MB took 1.158 seconds,   30.220 MB/s
PBKDF2               4 KB took 1.007 seconds,    3.694 KB/s
RSA     2048 public       1400 ops took 1.018 sec, avg 0.727 ms, 1374.835 ops/sec
RSA     2048 private       100 ops took 3.682 sec, avg 36.817 ms, 27.162 ops/sec
DH      2048 key gen        64 ops took 1.001 sec, avg 15.637 ms, 63.951 ops/sec
DH      2048 agree         100 ops took 1.596 sec, avg 15.957 ms, 62.669 ops/sec
ECC   [      SECP256R1]   256 key gen      1350 ops took 1.000 sec, avg 0.741 ms, 1349.331 ops/sec
ECDHE [      SECP256R1]   256 agree         900 ops took 1.040 sec, avg 1.156 ms, 865.391 ops/sec
ECDSA [      SECP256R1]   256 sign         1200 ops took 1.042 sec, avg 0.868 ms, 1151.517 ops/sec
ECDSA [      SECP256R1]   256 verify        900 ops took 1.068 sec, avg 1.186 ms, 842.925 ops/sec
Benchmark complete
[SGXSan] ALWAYS: Enter enc_wolfSSL_CTX_load_verify_buffer
[SGXSan] ALWAYS: Enter enc_wolfSSL_CTX_use_certificate_chain_buffer_format
[SGXSan] ALWAYS: Enter enc_wolfSSL_CTX_set_cipher_list
[SGXSan] ALWAYS: Enter enc_wolfSSL_Cleanup
[SGXSan] ALWAYS: Enter enc_wolfTLSv1_2_server_method
[SGXSan] ALWAYS: Enter enc_wolfTLSv1_2_client_method
[SGXSan] ALWAYS: Enter enc_wolfSSL_set_fd
[SGXSan] ALWAYS: Enter enc_wolfSSL_Init
[SGXSan] ALWAYS: Enter enc_wolfSSL_connect
[SGXSan] ALWAYS: Enter enc_wolfSSL_write
[SGXSan] ALWAYS: Enter enc_wolfSSL_CTX_new
[SGXSan] ALWAYS: Enter enc_wolfSSL_CTX_use_certificate_buffer
[SGXSan] ALWAYS: Enter enc_wolfSSL_CTX_free
[SGXSan] ALWAYS: Enter enc_wolfSSL_free
[SGXSan] ALWAYS: Enter enc_wolfSSL_Debugging_ON
[SGXSan] ALWAYS: Enter enc_wolfSSL_new
[SGXSan] ALWAYS: Enter enc_wolfSSL_CTX_set_cipher_list
[SGXSan] ALWAYS: Enter enc_wolfSSL_read
[SGXSan] ALWAYS: Enter wc_benchmark_test
------------------------------------------------------------------------------
 wolfSSL version 5.1.0
------------------------------------------------------------------------------
wolfCrypt Benchmark (block bytes 1048576, min 1.0 sec each)
RNG                 15 MB took 1.165 seconds,   12.878 MB/s
AES-128-CBC-enc     35 MB took 1.085 seconds,   32.264 MB/s
AES-128-CBC-dec     30 MB took 1.005 seconds,   29.846 MB/s
AES-192-CBC-enc     30 MB took 1.090 seconds,   27.535 MB/s
AES-192-CBC-dec     30 MB took 1.151 seconds,   26.063 MB/s
AES-256-CBC-enc     30 MB took 1.199 seconds,   25.030 MB/s
AES-256-CBC-dec     25 MB took 1.076 seconds,   23.227 MB/s
AES-128-GCM-enc     25 MB took 1.072 seconds,   23.328 MB/s
AES-128-GCM-dec     25 MB took 1.068 seconds,   23.413 MB/s
AES-192-GCM-enc     25 MB took 1.187 seconds,   21.056 MB/s
AES-192-GCM-dec     25 MB took 1.171 seconds,   21.340 MB/s
AES-256-GCM-enc     20 MB took 1.020 seconds,   19.617 MB/s
AES-256-GCM-dec     20 MB took 1.036 seconds,   19.299 MB/s
GMAC Table 4-bit    67 MB took 1.002 seconds,   66.874 MB/s
RABBIT              90 MB took 1.013 seconds,   88.817 MB/s
3DES                10 MB took 1.095 seconds,    9.132 MB/s
MD5                300 MB took 1.010 seconds,  297.041 MB/s
SHA                130 MB took 1.035 seconds,  125.621 MB/s
SHA-256             35 MB took 1.156 seconds,   30.286 MB/s
HMAC-MD5           300 MB took 1.015 seconds,  295.571 MB/s
HMAC-SHA           130 MB took 1.005 seconds,  129.404 MB/s
HMAC-SHA256         35 MB took 1.136 seconds,   30.799 MB/s
PBKDF2               4 KB took 1.001 seconds,    3.807 KB/s
RSA     2048 public       1400 ops took 1.000 sec, avg 0.715 ms, 1399.471 ops/sec
RSA     2048 private       100 ops took 3.712 sec, avg 37.117 ms, 26.942 ops/sec
DH      2048 key gen        64 ops took 1.008 sec, avg 15.753 ms, 63.481 ops/sec
DH      2048 agree         100 ops took 1.593 sec, avg 15.931 ms, 62.772 ops/sec
ECC   [      SECP256R1]   256 key gen      1358 ops took 1.000 sec, avg 0.737 ms, 1357.574 ops/sec
ECDHE [      SECP256R1]   256 agree        1000 ops took 1.103 sec, avg 1.103 ms, 906.923 ops/sec
ECDSA [      SECP256R1]   256 sign         1200 ops took 1.027 sec, avg 0.856 ms, 1168.473 ops/sec
ECDSA [      SECP256R1]   256 verify        900 ops took 1.074 sec, avg 1.193 ms, 837.986 ops/sec
Benchmark complete
[SGXSan] ALWAYS: Enter enc_wolfSSL_CTX_load_verify_buffer
[SGXSan] ALWAYS: Enter wc_test
------------------------------------------------------------------------------
 wolfSSL version 5.1.0
------------------------------------------------------------------------------
error    test passed!
MEMORY   test passed!
base64   test passed!
asn      test passed!
RANDOM   test passed!
MD5      test passed!
MD4      test passed!
SHA      test passed!
SHA-256  test passed!
Hash     test passed!
HMAC-MD5 test passed!
HMAC-SHA test passed!
HMAC-SHA256 test passed!
GMAC     test passed!
HC-128   test passed!
Rabbit   test passed!
DES      test passed!
DES3     test passed!
AES      test passed!
AES192   test passed!
AES256   test passed!
AES-GCM  test passed!
RSA      test passed!
DH       test passed!
DSA      test passed!
PWDBASED test passed!
ECC      test passed!
ECC buffer test passed!
logging  test passed!
mutex    test passed!
memcb    test failed!
 error = -13803
[SGXSan] ALWAYS: Enter enc_wolfSSL_free
[SGXSan] ALWAYS: Enter enc_wolfSSL_write
[SGXSan] ALWAYS: Enter enc_wolfTLSv1_2_client_method
[SGXSan] ALWAYS: Enter enc_wolfSSL_Cleanup
[SGXSan] ALWAYS: Enter enc_wolfSSL_set_fd
[SGXSan] ALWAYS: Enter enc_wolfSSL_Debugging_OFF
[SGXSan] ALWAYS: Enter enc_wolfSSL_CTX_free
[SGXSan] ALWAYS: Enter enc_wolfTLSv1_2_server_method
[SGXSan] ALWAYS: Enter enc_wolfSSL_CTX_use_certificate_buffer
[SGXSan] ALWAYS: Enter enc_wolfSSL_CTX_use_certificate_chain_buffer_format
[SGXSan] ALWAYS: Enter enc_wolfSSL_get_error
[SGXSan] ALWAYS: Enter enc_wolfSSL_CTX_use_PrivateKey_buffer
[SGXSan] ALWAYS: Enter enc_wolfSSL_CTX_new
[SGXSan] ALWAYS: Enter enc_wolfSSL_Init
[SGXSan] ALWAYS: Enter enc_wolfSSL_connect
[SGXSan] ALWAYS: Enter enc_wolfSSL_CTX_free
[SGXSan] ALWAYS: Enter wc_benchmark_test
------------------------------------------------------------------------------
 wolfSSL version 5.1.0
------------------------------------------------------------------------------
wolfCrypt Benchmark (block bytes 1048576, min 1.0 sec each)
RNG                 15 MB took 1.117 seconds,   13.428 MB/s
AES-128-CBC-enc     35 MB took 1.042 seconds,   33.582 MB/s
AES-128-CBC-dec     35 MB took 1.149 seconds,   30.459 MB/s
AES-192-CBC-enc     30 MB took 1.044 seconds,   28.726 MB/s
AES-192-CBC-dec     30 MB took 1.143 seconds,   26.242 MB/s
AES-256-CBC-enc     25 MB took 1.000 seconds,   24.999 MB/s
AES-256-CBC-dec     25 MB took 1.065 seconds,   23.482 MB/s
AES-128-GCM-enc     25 MB took 1.070 seconds,   23.362 MB/s
AES-128-GCM-dec     25 MB took 1.062 seconds,   23.530 MB/s
AES-192-GCM-enc     25 MB took 1.196 seconds,   20.911 MB/s
AES-192-GCM-dec     25 MB took 1.163 seconds,   21.498 MB/s
AES-256-GCM-enc     20 MB took 1.002 seconds,   19.959 MB/s
AES-256-GCM-dec     20 MB took 1.004 seconds,   19.913 MB/s
GMAC Table 4-bit    68 MB took 1.001 seconds,   67.951 MB/s
RABBIT              95 MB took 1.038 seconds,   91.508 MB/s
3DES                10 MB took 1.110 seconds,    9.008 MB/s
MD5                300 MB took 1.007 seconds,  297.867 MB/s
SHA                125 MB took 1.032 seconds,  121.070 MB/s
SHA-256             30 MB took 1.002 seconds,   29.926 MB/s
HMAC-MD5           295 MB took 1.015 seconds,  290.753 MB/s
HMAC-SHA           125 MB took 1.006 seconds,  124.243 MB/s
HMAC-SHA256         35 MB took 1.156 seconds,   30.287 MB/s
PBKDF2               4 KB took 1.002 seconds,    3.773 KB/s
RSA     2048 public       1400 ops took 1.034 sec, avg 0.738 ms, 1354.407 ops/sec
RSA     2048 private       100 ops took 3.806 sec, avg 38.059 ms, 26.275 ops/sec
DH      2048 key gen        60 ops took 1.011 sec, avg 16.857 ms, 59.323 ops/sec
DH      2048 agree         100 ops took 1.550 sec, avg 15.500 ms, 64.516 ops/sec
ECC   [      SECP256R1]   256 key gen      1387 ops took 1.001 sec, avg 0.721 ms, 1386.190 ops/sec
ECDHE [      SECP256R1]   256 agree        1000 ops took 1.100 sec, avg 1.100 ms, 909.475 ops/sec
ECDSA [      SECP256R1]   256 sign         1200 ops took 1.022 sec, avg 0.852 ms, 1173.983 ops/sec
ECDSA [      SECP256R1]   256 verify        900 ops took 1.051 sec, avg 1.168 ms, 856.325 ops/sec
Benchmark complete
[SGXSan] ALWAYS: Enter enc_wolfSSL_connect
[SGXSan] ALWAYS: Enter enc_wolfSSL_CTX_load_verify_buffer
[SGXSan] ALWAYS: Enter enc_wolfSSL_Init
[SGXSan] ALWAYS: Enter enc_wolfSSL_CTX_use_PrivateKey_buffer
[SGXSan] ALWAYS: Enter enc_wolfSSL_set_fd
[SGXSan] ALWAYS: Enter enc_wolfSSL_CTX_use_certificate_buffer
[SGXSan] ALWAYS: Enter enc_wolfSSL_CTX_use_certificate_chain_buffer_format
[SGXSan] ALWAYS: Enter enc_wolfSSL_Cleanup
[SGXSan] ALWAYS: Enter enc_wolfSSL_CTX_set_cipher_list
[SGXSan] ALWAYS: Enter enc_wolfSSL_new
[SGXSan] ALWAYS: Enter enc_wolfSSL_CTX_new
[SGXSan] ALWAYS: Enter enc_wolfTLSv1_2_server_method
[SGXSan] ALWAYS: Enter enc_wolfSSL_Debugging_ON
[SGXSan] ALWAYS: Enter enc_wolfTLSv1_2_client_method
[SGXSan] ALWAYS: Enter enc_wolfSSL_Debugging_OFF
[SGXSan] ALWAYS: Enter enc_wolfSSL_write
[SGXSan] ALWAYS: Enter enc_wolfSSL_read
[SGXSan] ALWAYS: Enter enc_wolfSSL_get_error
[SGXSan] ALWAYS: Enter wc_test
------------------------------------------------------------------------------
 wolfSSL version 5.1.0
------------------------------------------------------------------------------
error    test passed!
MEMORY   test passed!
base64   test passed!
asn      test passed!
RANDOM   test passed!
MD5      test passed!
MD4      test passed!
SHA      test passed!
SHA-256  test passed!
Hash     test passed!
HMAC-MD5 test passed!
HMAC-SHA test passed!
HMAC-SHA256 test passed!
GMAC     test passed!
HC-128   test passed!
Rabbit   test passed!
DES      test passed!
DES3     test passed!
AES      test passed!
AES192   test passed!
AES256   test passed!
AES-GCM  test passed!
RSA      test passed!
DH       test passed!
DSA      test passed!
PWDBASED test passed!
ECC      test passed!
ECC buffer test passed!
logging  test passed!
mutex    test passed!
memcb    test failed!
 error = -13803
[SGXSan] ALWAYS: Enter enc_wolfSSL_free
[SGXSan] ALWAYS: Enter enc_wolfSSL_CTX_free
[SGXSan] ALWAYS: Enter wc_benchmark_test
------------------------------------------------------------------------------
 wolfSSL version 5.1.0
------------------------------------------------------------------------------
wolfCrypt Benchmark (block bytes 1048576, min 1.0 sec each)
RNG                 15 MB took 1.116 seconds,   13.441 MB/s
AES-128-CBC-enc     35 MB took 1.043 seconds,   33.553 MB/s
AES-128-CBC-dec     35 MB took 1.144 seconds,   30.596 MB/s
AES-192-CBC-enc     30 MB took 1.047 seconds,   28.655 MB/s
AES-192-CBC-dec     30 MB took 1.117 seconds,   26.863 MB/s
AES-256-CBC-enc     30 MB took 1.156 seconds,   25.963 MB/s
AES-256-CBC-dec     25 MB took 1.025 seconds,   24.394 MB/s
AES-128-GCM-enc     25 MB took 1.069 seconds,   23.380 MB/s
AES-128-GCM-dec     25 MB took 1.056 seconds,   23.669 MB/s
AES-192-GCM-enc     25 MB took 1.187 seconds,   21.059 MB/s
AES-192-GCM-dec     25 MB took 1.181 seconds,   21.177 MB/s
AES-256-GCM-enc     20 MB took 1.037 seconds,   19.284 MB/s
AES-256-GCM-dec     20 MB took 1.041 seconds,   19.219 MB/s
GMAC Table 4-bit    69 MB took 1.005 seconds,   68.623 MB/s
RABBIT              90 MB took 1.014 seconds,   88.792 MB/s
3DES                10 MB took 1.119 seconds,    8.934 MB/s
MD5                295 MB took 1.010 seconds,  291.985 MB/s
SHA                125 MB took 1.008 seconds,  124.067 MB/s
SHA-256             30 MB took 1.026 seconds,   29.234 MB/s
HMAC-MD5           295 MB took 1.008 seconds,  292.611 MB/s
HMAC-SHA           125 MB took 1.017 seconds,  122.896 MB/s
HMAC-SHA256         35 MB took 1.124 seconds,   31.140 MB/s
PBKDF2               4 KB took 1.007 seconds,    3.847 KB/s
RSA     2048 public       1500 ops took 1.068 sec, avg 0.712 ms, 1404.615 ops/sec
RSA     2048 private       100 ops took 3.644 sec, avg 36.437 ms, 27.444 ops/sec
DH      2048 key gen        66 ops took 1.005 sec, avg 15.228 ms, 65.669 ops/sec
DH      2048 agree         100 ops took 1.532 sec, avg 15.319 ms, 65.278 ops/sec
ECC   [      SECP256R1]   256 key gen      1391 ops took 1.000 sec, avg 0.719 ms, 1390.743 ops/sec
ECDHE [      SECP256R1]   256 agree        1000 ops took 1.084 sec, avg 1.084 ms, 922.249 ops/sec
ECDSA [      SECP256R1]   256 sign         1300 ops took 1.078 sec, avg 0.829 ms, 1206.095 ops/sec
ECDSA [      SECP256R1]   256 verify        900 ops took 1.025 sec, avg 1.139 ms, 877.807 ops/sec
Benchmark complete
[SGXSan] ALWAYS: Enter enc_wolfSSL_connect
[SGXSan] ALWAYS: Enter enc_wolfSSL_CTX_load_verify_buffer
[SGXSan] ALWAYS: Enter enc_wolfSSL_Init
[SGXSan] ALWAYS: Enter enc_wolfSSL_CTX_use_PrivateKey_buffer
[SGXSan] ALWAYS: Enter enc_wolfSSL_set_fd
[SGXSan] ALWAYS: Enter enc_wolfSSL_CTX_use_certificate_buffer
[SGXSan] ALWAYS: Enter enc_wolfSSL_CTX_use_certificate_chain_buffer_format
[SGXSan] ALWAYS: Enter enc_wolfSSL_Cleanup
[SGXSan] ALWAYS: Enter enc_wolfSSL_CTX_set_cipher_list
[SGXSan] ALWAYS: Enter enc_wolfSSL_new
[SGXSan] ALWAYS: Enter enc_wolfSSL_CTX_new
[SGXSan] ALWAYS: Enter enc_wolfTLSv1_2_server_method
[SGXSan] ALWAYS: Enter enc_wolfSSL_Debugging_ON
[SGXSan] ALWAYS: Enter enc_wolfTLSv1_2_client_method
[SGXSan] ALWAYS: Enter enc_wolfSSL_Debugging_OFF
[SGXSan] ALWAYS: Enter enc_wolfSSL_write
[SGXSan] ALWAYS: Enter enc_wolfSSL_read
[SGXSan] ALWAYS: Enter enc_wolfSSL_get_error
[SGXSan] ALWAYS: Enter wc_test
------------------------------------------------------------------------------
 wolfSSL version 5.1.0
------------------------------------------------------------------------------
error    test passed!
MEMORY   test passed!
base64   test passed!
asn      test passed!
RANDOM   test passed!
MD5      test passed!
MD4      test passed!
SHA      test passed!
SHA-256  test passed!
Hash     test passed!
HMAC-MD5 test passed!
HMAC-SHA test passed!
HMAC-SHA256 test passed!
GMAC     test passed!
HC-128   test passed!
Rabbit   test passed!
DES      test passed!
DES3     test passed!
AES      test passed!
AES192   test passed!
AES256   test passed!
AES-GCM  test passed!
RSA      test passed!
DH       test passed!
DSA      test passed!
PWDBASED test passed!
ECC      test passed!
ECC buffer test passed!
logging  test passed!
mutex    test passed!
memcb    test failed!
 error = -13803
[SGXSan] ALWAYS: Enter enc_wolfSSL_free
#8	pulse  cov: 6293 ft: 6293 corp: 2/723Kb lim: 1000000 exec/s: 0 rss: 84Mb
#8	DONE   cov: 6293 ft: 6293 corp: 2/723Kb lim: 1000000 exec/s: 0 rss: 84Mb
Done 8 runs in 336 second(s)
stat::number_of_executed_units: 8
stat::average_exec_per_sec:     0
stat::new_units_added:          0
stat::slowest_unit_time_sec:    42
stat::peak_rss_mb:              84
