WARNING: Failed to find function "__sanitizer_acquire_crash_state".
WARNING: Failed to find function "__sanitizer_print_stack_trace".
WARNING: Failed to find function "__sanitizer_set_death_callback".
[2023-01-15 17:55:40.714] [Init] Num of ECall: 22
[2023-01-15 17:55:40.714] ECalls:
  0 - fuzz_enc_wolfSSL_CTX_free
  1 - fuzz_enc_wolfSSL_CTX_load_verify_buffer
  2 - fuzz_enc_wolfSSL_CTX_new
  3 - fuzz_enc_wolfSSL_CTX_set_cipher_list
  4 - fuzz_enc_wolfSSL_CTX_use_PrivateKey_buffer
  5 - fuzz_enc_wolfSSL_CTX_use_certificate_buffer
  6 - fuzz_enc_wolfSSL_CTX_use_certificate_chain_buffer_format
  7 - fuzz_enc_wolfSSL_Cleanup
  8 - fuzz_enc_wolfSSL_Debugging_OFF
  9 - fuzz_enc_wolfSSL_Debugging_ON
  10 - fuzz_enc_wolfSSL_Init
  11 - fuzz_enc_wolfSSL_connect
  12 - fuzz_enc_wolfSSL_free
  13 - fuzz_enc_wolfSSL_get_error
  14 - fuzz_enc_wolfSSL_new
  15 - fuzz_enc_wolfSSL_read
  16 - fuzz_enc_wolfSSL_set_fd
  17 - fuzz_enc_wolfSSL_write
  18 - fuzz_enc_wolfTLSv1_2_client_method
  19 - fuzz_enc_wolfTLSv1_2_server_method
  20 - fuzz_wc_benchmark_test
  21 - fuzz_wc_test

INFO: found LLVMFuzzerCustomMutator (0x44ac30). Disabling -len_control by default.
INFO: libFuzzer ignores flags that start with '--'
INFO: Running with entropic power schedule (0xFF, 100).
INFO: Seed: 1320881037
INFO: Loaded 1 modules   (291 inline 8-bit counters): 291 [0x4cb7e8, 0x4cb90b), 
INFO: Loaded 1 PC tables (291 PCs): 291 [0x4cb910,0x4ccb40), 
INFO:        0 files found in /tmp/libFuzzerTemp.FuzzWithFork422940.dir/C129
[SGXSan] ALWAYS: Hook __sanitizer_cov_8bit_counters_init of Enclave, 21636 inline 8-bit counts [0x7fd8fd8e09c0, 0x7fd8fd8e5e44) (First time)
[SGXSan] ALWAYS: Hook __sanitizer_cov_pcs_init of Enclave, 21636 PCs [0x7fd8fd8e5e48, 0x7fd8fd93a688) (First time)
[SGXSan] ALWAYS: Enter enc_wolfSSL_CTX_free
[SGXSan] ALWAYS: Enter enc_wolfSSL_CTX_load_verify_buffer
[SGXSan] ALWAYS: Enter enc_wolfSSL_CTX_new
[SGXSan] ALWAYS: Enter enc_wolfSSL_CTX_set_cipher_list
[SGXSan] ALWAYS: Enter enc_wolfSSL_CTX_use_PrivateKey_buffer
[SGXSan] ALWAYS: Enter enc_wolfSSL_CTX_use_certificate_buffer
[SGXSan] ALWAYS: Enter enc_wolfSSL_CTX_use_certificate_chain_buffer_format
[SGXSan] ALWAYS: Enter enc_wolfSSL_Cleanup
[SGXSan] ALWAYS: Enter enc_wolfSSL_Debugging_OFF
[SGXSan] ALWAYS: Enter enc_wolfSSL_Debugging_ON
[SGXSan] ALWAYS: Enter enc_wolfSSL_Init
[SGXSan] ALWAYS: Enter enc_wolfSSL_connect
[SGXSan] ALWAYS: Enter enc_wolfSSL_free
[SGXSan] ALWAYS: Enter enc_wolfSSL_get_error
[SGXSan] ALWAYS: Enter enc_wolfSSL_new
[SGXSan] ALWAYS: Enter enc_wolfSSL_read
[SGXSan] ALWAYS: Enter enc_wolfSSL_set_fd
[SGXSan] ALWAYS: Enter enc_wolfSSL_write
[SGXSan] ALWAYS: Enter enc_wolfTLSv1_2_client_method
[SGXSan] ALWAYS: Enter enc_wolfTLSv1_2_server_method
[SGXSan] ALWAYS: Enter wc_benchmark_test
------------------------------------------------------------------------------
 wolfSSL version 5.1.0
------------------------------------------------------------------------------
wolfCrypt Benchmark (block bytes 1048576, min 1.0 sec each)
RNG                 15 MB took 1.157 seconds,   12.963 MB/s
AES-128-CBC-enc     35 MB took 1.052 seconds,   33.256 MB/s
AES-128-CBC-dec     30 MB took 1.002 seconds,   29.927 MB/s
AES-192-CBC-enc     30 MB took 1.087 seconds,   27.609 MB/s
AES-192-CBC-dec     30 MB took 1.167 seconds,   25.698 MB/s
AES-256-CBC-enc     25 MB took 1.020 seconds,   24.512 MB/s
AES-256-CBC-dec     25 MB took 1.089 seconds,   22.955 MB/s
AES-128-GCM-enc     25 MB took 1.065 seconds,   23.485 MB/s
AES-128-GCM-dec     25 MB took 1.043 seconds,   23.978 MB/s
AES-192-GCM-enc     25 MB took 1.153 seconds,   21.688 MB/s
AES-192-GCM-dec     25 MB took 1.153 seconds,   21.690 MB/s
AES-256-GCM-enc     20 MB took 1.003 seconds,   19.946 MB/s
AES-256-GCM-dec     20 MB took 1.014 seconds,   19.731 MB/s
GMAC Table 4-bit    69 MB took 1.006 seconds,   68.615 MB/s
RABBIT              95 MB took 1.038 seconds,   91.483 MB/s
3DES                10 MB took 1.073 seconds,    9.320 MB/s
MD5                305 MB took 1.006 seconds,  303.213 MB/s
SHA                130 MB took 1.018 seconds,  127.717 MB/s
SHA-256             35 MB took 1.125 seconds,   31.115 MB/s
HMAC-MD5           305 MB took 1.009 seconds,  302.326 MB/s
HMAC-SHA           130 MB took 1.003 seconds,  129.552 MB/s
HMAC-SHA256         35 MB took 1.118 seconds,   31.316 MB/s
PBKDF2               4 KB took 1.007 seconds,    3.785 KB/s
RSA     2048 public       1500 ops took 1.073 sec, avg 0.715 ms, 1398.256 ops/sec
RSA     2048 private       100 ops took 3.775 sec, avg 37.745 ms, 26.493 ops/sec
DH      2048 key gen        63 ops took 1.004 sec, avg 15.943 ms, 62.724 ops/sec
DH      2048 agree         100 ops took 1.579 sec, avg 15.794 ms, 63.315 ops/sec
ECC   [      SECP256R1]   256 key gen      1384 ops took 1.001 sec, avg 0.723 ms, 1383.159 ops/sec
ECDHE [      SECP256R1]   256 agree        1000 ops took 1.106 sec, avg 1.106 ms, 904.313 ops/sec
ECDSA [      SECP256R1]   256 sign         1200 ops took 1.018 sec, avg 0.848 ms, 1179.247 ops/sec
ECDSA [      SECP256R1]   256 verify        900 ops took 1.073 sec, avg 1.192 ms, 838.795 ops/sec
Benchmark complete
[SGXSan] ALWAYS: Enter wc_test
INFO: seed corpus: files: 2 min: 370191b max: 370191b total: 740382b rss: 43Mb
------------------------------------------------------------------------------
 wolfSSL version 5.1.0
------------------------------------------------------------------------------
error    test passed!
MEMORY   test passed!
base64   test passed!
asn      test passed!
RANDOM   test passed!
MD5      test passed!
MD4      test passed!
SHA      test passed!
SHA-256  test passed!
Hash     test passed!
HMAC-MD5 test passed!
HMAC-SHA test passed!
HMAC-SHA256 test passed!
GMAC     test passed!
HC-128   test passed!
Rabbit   test passed!
DES      test passed!
DES3     test passed!
AES      test passed!
AES192   test passed!
AES256   test passed!
AES-GCM  test passed!
RSA      test passed!
DH       test passed!
DSA      test passed!
PWDBASED test passed!
ECC      test passed!
ECC buffer test passed!
logging  test passed!
mutex    test passed!
memcb    test passed!
Test complete
[SGXSan] ALWAYS: Enter enc_wolfSSL_connect
[SGXSan] ALWAYS: Enter enc_wolfSSL_free
[SGXSan] ALWAYS: Enter enc_wolfSSL_Init
[SGXSan] ALWAYS: Enter wc_benchmark_test
------------------------------------------------------------------------------
 wolfSSL version 5.1.0
------------------------------------------------------------------------------
wolfCrypt Benchmark (block bytes 1048576, min 1.0 sec each)
RNG                 15 MB took 1.191 seconds,   12.594 MB/s
AES-128-CBC-enc     35 MB took 1.093 seconds,   32.025 MB/s
AES-128-CBC-dec     30 MB took 1.012 seconds,   29.630 MB/s
AES-192-CBC-enc     30 MB took 1.089 seconds,   27.545 MB/s
AES-192-CBC-dec     30 MB took 1.142 seconds,   26.270 MB/s
AES-256-CBC-enc     25 MB took 1.022 seconds,   24.470 MB/s
AES-256-CBC-dec     25 MB took 1.054 seconds,   23.715 MB/s
AES-128-GCM-enc     25 MB took 1.110 seconds,   22.524 MB/s
AES-128-GCM-dec     25 MB took 1.077 seconds,   23.204 MB/s
AES-192-GCM-enc     25 MB took 1.204 seconds,   20.763 MB/s
AES-192-GCM-dec     25 MB took 1.192 seconds,   20.981 MB/s
AES-256-GCM-enc     20 MB took 1.058 seconds,   18.895 MB/s
AES-256-GCM-dec     20 MB took 1.028 seconds,   19.458 MB/s
GMAC Table 4-bit    68 MB took 1.010 seconds,   67.330 MB/s
RABBIT              90 MB took 1.009 seconds,   89.158 MB/s
3DES                10 MB took 1.111 seconds,    8.997 MB/s
MD5                300 MB took 1.011 seconds,  296.773 MB/s
SHA                125 MB took 1.001 seconds,  124.880 MB/s
SHA-256             35 MB took 1.148 seconds,   30.498 MB/s
HMAC-MD5           300 MB took 1.006 seconds,  298.169 MB/s
HMAC-SHA           130 MB took 1.030 seconds,  126.270 MB/s
HMAC-SHA256         35 MB took 1.125 seconds,   31.112 MB/s
PBKDF2               4 KB took 1.006 seconds,    3.790 KB/s
RSA     2048 public       1400 ops took 1.027 sec, avg 0.733 ms, 1363.340 ops/sec
RSA     2048 private       100 ops took 3.712 sec, avg 37.116 ms, 26.942 ops/sec
DH      2048 key gen        64 ops took 1.001 sec, avg 15.642 ms, 63.931 ops/sec
DH      2048 agree         100 ops took 1.564 sec, avg 15.640 ms, 63.937 ops/sec
ECC   [      SECP256R1]   256 key gen      1430 ops took 1.000 sec, avg 0.699 ms, 1429.731 ops/sec
ECDHE [      SECP256R1]   256 agree        1000 ops took 1.080 sec, avg 1.080 ms, 926.294 ops/sec
ECDSA [      SECP256R1]   256 sign         1300 ops took 1.064 sec, avg 0.818 ms, 1222.208 ops/sec
ECDSA [      SECP256R1]   256 verify        900 ops took 1.020 sec, avg 1.133 ms, 882.619 ops/sec
Benchmark complete
[SGXSan] ALWAYS: Enter enc_wolfSSL_Debugging_ON
[SGXSan] ALWAYS: Enter enc_wolfSSL_read
[SGXSan] ALWAYS: Enter enc_wolfSSL_CTX_use_certificate_chain_buffer_format
[SGXSan] ALWAYS: Enter enc_wolfSSL_CTX_load_verify_buffer
[SGXSan] ALWAYS: Enter enc_wolfSSL_set_fd
[SGXSan] ALWAYS: Enter enc_wolfSSL_write
[SGXSan] ALWAYS: Enter enc_wolfSSL_Cleanup
[SGXSan] ALWAYS: Enter enc_wolfSSL_new
[SGXSan] ALWAYS: Enter enc_wolfSSL_CTX_set_cipher_list
[SGXSan] ALWAYS: Enter enc_wolfSSL_CTX_use_certificate_buffer
[SGXSan] ALWAYS: Enter enc_wolfSSL_CTX_use_PrivateKey_buffer
[SGXSan] ALWAYS: Enter enc_wolfSSL_get_error
[SGXSan] ALWAYS: Enter enc_wolfSSL_CTX_new
[SGXSan] ALWAYS: Enter enc_wolfTLSv1_2_client_method
[SGXSan] ALWAYS: Enter wc_test
------------------------------------------------------------------------------
 wolfSSL version 5.1.0
------------------------------------------------------------------------------
error    test passed!
MEMORY   test passed!
base64   test passed!
asn      test passed!
RANDOM   test passed!
MD5      test passed!
MD4      test passed!
SHA      test passed!
SHA-256  test passed!
Hash     test passed!
HMAC-MD5 test passed!
HMAC-SHA test passed!
HMAC-SHA256 test passed!
GMAC     test passed!
HC-128   test passed!
Rabbit   test passed!
DES      test passed!
DES3     test passed!
AES      test passed!
AES192   test passed!
AES256   test passed!
AES-GCM  test passed!
RSA      test passed!
DH       test passed!
DSA      test passed!
PWDBASED test passed!
ECC      test passed!
ECC buffer test passed!
logging  test passed!
mutex    test passed!
memcb    test failed!
 error = -13803
[SGXSan] ALWAYS: Enter enc_wolfTLSv1_2_server_method
[SGXSan] ALWAYS: Enter enc_wolfSSL_CTX_free
[SGXSan] ALWAYS: Enter enc_wolfSSL_Debugging_OFF
#2	pulse  ft: 6292 exec/s: 0 rss: 50Mb
Slowest unit: 42 s:
artifact_prefix='./crashes/'; Test unit written to ./crashes/slow-unit-b894a6ec387700716143ee6730621ec716a09440
[SGXSan] ALWAYS: Enter enc_wolfSSL_free
[SGXSan] ALWAYS: Enter enc_wolfSSL_write
[SGXSan] ALWAYS: Enter enc_wolfSSL_Cleanup
[SGXSan] ALWAYS: Enter enc_wolfSSL_CTX_use_certificate_buffer
[SGXSan] ALWAYS: Enter enc_wolfSSL_new
[SGXSan] ALWAYS: Enter enc_wolfSSL_CTX_use_PrivateKey_buffer
[SGXSan] ALWAYS: Enter enc_wolfSSL_CTX_new
[SGXSan] ALWAYS: Enter enc_wolfSSL_CTX_use_certificate_chain_buffer_format
[SGXSan] ALWAYS: Enter enc_wolfTLSv1_2_client_method
[SGXSan] ALWAYS: Enter enc_wolfSSL_connect
[SGXSan] ALWAYS: Enter enc_wolfSSL_Debugging_OFF
[SGXSan] ALWAYS: Enter enc_wolfTLSv1_2_server_method
[SGXSan] ALWAYS: Enter enc_wolfSSL_read
[SGXSan] ALWAYS: Enter wc_benchmark_test
------------------------------------------------------------------------------
 wolfSSL version 5.1.0
------------------------------------------------------------------------------
wolfCrypt Benchmark (block bytes 1048576, min 1.0 sec each)
RNG                 15 MB took 1.143 seconds,   13.125 MB/s
AES-128-CBC-enc     35 MB took 1.078 seconds,   32.460 MB/s
AES-128-CBC-dec     35 MB took 1.134 seconds,   30.856 MB/s
AES-192-CBC-enc     30 MB took 1.049 seconds,   28.594 MB/s
AES-192-CBC-dec     30 MB took 1.130 seconds,   26.550 MB/s
AES-256-CBC-enc     30 MB took 1.185 seconds,   25.319 MB/s
AES-256-CBC-dec     25 MB took 1.061 seconds,   23.563 MB/s
AES-128-GCM-enc     25 MB took 1.050 seconds,   23.819 MB/s
AES-128-GCM-dec     25 MB took 1.064 seconds,   23.500 MB/s
AES-192-GCM-enc     25 MB took 1.184 seconds,   21.111 MB/s
AES-192-GCM-dec     25 MB took 1.184 seconds,   21.108 MB/s
AES-256-GCM-enc     20 MB took 1.060 seconds,   18.859 MB/s
AES-256-GCM-dec     20 MB took 1.050 seconds,   19.041 MB/s
GMAC Table 4-bit    67 MB took 1.004 seconds,   66.734 MB/s
RABBIT              90 MB took 1.002 seconds,   89.843 MB/s
3DES                10 MB took 1.112 seconds,    8.989 MB/s
MD5                295 MB took 1.007 seconds,  292.963 MB/s
SHA                125 MB took 1.026 seconds,  121.813 MB/s
SHA-256             30 MB took 1.002 seconds,   29.929 MB/s
HMAC-MD5           300 MB took 1.013 seconds,  296.154 MB/s
HMAC-SHA           125 MB took 1.006 seconds,  124.204 MB/s
HMAC-SHA256         30 MB took 1.038 seconds,   28.914 MB/s
PBKDF2               3 KB took 1.001 seconds,    3.467 KB/s
RSA     2048 public       1200 ops took 1.042 sec, avg 0.868 ms, 1151.558 ops/sec
RSA     2048 private       100 ops took 4.456 sec, avg 44.564 ms, 22.440 ops/sec
DH      2048 key gen        62 ops took 1.002 sec, avg 16.158 ms, 61.888 ops/sec
DH      2048 agree         100 ops took 1.772 sec, avg 17.721 ms, 56.429 ops/sec
ECC   [      SECP256R1]   256 key gen      1390 ops took 1.001 sec, avg 0.720 ms, 1389.296 ops/sec
ECDHE [      SECP256R1]   256 agree        1000 ops took 1.101 sec, avg 1.101 ms, 908.538 ops/sec
ECDSA [      SECP256R1]   256 sign         1200 ops took 1.010 sec, avg 0.842 ms, 1188.048 ops/sec
ECDSA [      SECP256R1]   256 verify        900 ops took 1.037 sec, avg 1.152 ms, 868.235 ops/sec
Benchmark complete
[SGXSan] ALWAYS: Enter enc_wolfSSL_get_error
[SGXSan] ALWAYS: Enter enc_wolfSSL_CTX_set_cipher_list
[SGXSan] ALWAYS: Enter enc_wolfSSL_Init
[SGXSan] ALWAYS: Enter wc_test
------------------------------------------------------------------------------
 wolfSSL version 5.1.0
------------------------------------------------------------------------------
error    test passed!
MEMORY   test passed!
base64   test passed!
asn      test passed!
RANDOM   test passed!
MD5      test passed!
MD4      test passed!
SHA      test passed!
SHA-256  test passed!
Hash     test passed!
HMAC-MD5 test passed!
HMAC-SHA test passed!
HMAC-SHA256 test passed!
GMAC     test passed!
HC-128   test passed!
Rabbit   test passed!
DES      test passed!
DES3     test passed!
AES      test passed!
AES192   test passed!
AES256   test passed!
AES-GCM  test passed!
RSA      test passed!
DH       test passed!
DSA      test passed!
PWDBASED test passed!
ECC      test passed!
ECC buffer test passed!
logging  test passed!
mutex    test passed!
memcb    test failed!
 error = -13803
[SGXSan] ALWAYS: Enter enc_wolfSSL_set_fd
[SGXSan] ALWAYS: Enter enc_wolfSSL_CTX_load_verify_buffer
[SGXSan] ALWAYS: Enter enc_wolfSSL_Debugging_ON
[SGXSan] ALWAYS: Enter enc_wolfSSL_CTX_free
#3	INITED cov: 6292 ft: 6297 corp: 2/723Kb exec/s: 0 rss: 59Mb
[SGXSan] ALWAYS: Enter enc_wolfSSL_free
[SGXSan] ALWAYS: Enter enc_wolfSSL_write
[SGXSan] ALWAYS: Enter enc_wolfSSL_Cleanup
[SGXSan] ALWAYS: Enter enc_wolfSSL_CTX_use_certificate_buffer
[SGXSan] ALWAYS: Enter enc_wolfSSL_new
[SGXSan] ALWAYS: Enter enc_wolfSSL_CTX_use_PrivateKey_buffer
[SGXSan] ALWAYS: Enter enc_wolfSSL_CTX_new
[SGXSan] ALWAYS: Enter enc_wolfSSL_CTX_use_certificate_chain_buffer_format
[SGXSan] ALWAYS: Enter enc_wolfTLSv1_2_client_method
[SGXSan] ALWAYS: Enter enc_wolfSSL_connect
[SGXSan] ALWAYS: Enter enc_wolfSSL_Debugging_OFF
[SGXSan] ALWAYS: Enter enc_wolfTLSv1_2_server_method
[SGXSan] ALWAYS: Enter enc_wolfSSL_read
[SGXSan] ALWAYS: Enter wc_benchmark_test
------------------------------------------------------------------------------
 wolfSSL version 5.1.0
------------------------------------------------------------------------------
wolfCrypt Benchmark (block bytes 1048576, min 1.0 sec each)
RNG                 15 MB took 1.124 seconds,   13.346 MB/s
AES-128-CBC-enc     35 MB took 1.100 seconds,   31.824 MB/s
AES-128-CBC-dec     30 MB took 1.003 seconds,   29.916 MB/s
AES-192-CBC-enc     30 MB took 1.058 seconds,   28.350 MB/s
AES-192-CBC-dec     30 MB took 1.115 seconds,   26.913 MB/s
AES-256-CBC-enc     25 MB took 1.070 seconds,   23.370 MB/s
AES-256-CBC-dec     25 MB took 1.080 seconds,   23.139 MB/s
AES-128-GCM-enc     25 MB took 1.052 seconds,   23.774 MB/s
AES-128-GCM-dec     25 MB took 1.061 seconds,   23.553 MB/s
AES-192-GCM-enc     25 MB took 1.197 seconds,   20.890 MB/s
AES-192-GCM-dec     25 MB took 1.247 seconds,   20.044 MB/s
AES-256-GCM-enc     20 MB took 1.065 seconds,   18.782 MB/s
AES-256-GCM-dec     20 MB took 1.096 seconds,   18.256 MB/s
GMAC Table 4-bit    66 MB took 1.000 seconds,   65.975 MB/s
RABBIT              95 MB took 1.053 seconds,   90.185 MB/s
3DES                10 MB took 1.128 seconds,    8.865 MB/s
MD5                290 MB took 1.013 seconds,  286.246 MB/s
SHA                125 MB took 1.013 seconds,  123.373 MB/s
SHA-256             30 MB took 1.014 seconds,   29.592 MB/s
HMAC-MD5           300 MB took 1.014 seconds,  295.732 MB/s
HMAC-SHA           130 MB took 1.038 seconds,  125.298 MB/s
HMAC-SHA256         35 MB took 1.173 seconds,   29.829 MB/s
PBKDF2               4 KB took 1.004 seconds,    3.643 KB/s
RSA     2048 public       1400 ops took 1.061 sec, avg 0.758 ms, 1319.005 ops/sec
RSA     2048 private       100 ops took 3.750 sec, avg 37.501 ms, 26.666 ops/sec
DH      2048 key gen        64 ops took 1.003 sec, avg 15.669 ms, 63.821 ops/sec
DH      2048 agree         100 ops took 1.574 sec, avg 15.737 ms, 63.545 ops/sec
ECC   [      SECP256R1]   256 key gen      1393 ops took 1.000 sec, avg 0.718 ms, 1392.586 ops/sec
ECDHE [      SECP256R1]   256 agree        1000 ops took 1.104 sec, avg 1.104 ms, 905.927 ops/sec
ECDSA [      SECP256R1]   256 sign         1200 ops took 1.051 sec, avg 0.876 ms, 1141.725 ops/sec
ECDSA [      SECP256R1]   256 verify        900 ops took 1.108 sec, avg 1.231 ms, 812.083 ops/sec
Benchmark complete
[SGXSan] ALWAYS: Enter enc_wolfSSL_get_error
[SGXSan] ALWAYS: Enter enc_wolfSSL_CTX_set_cipher_list
[SGXSan] ALWAYS: Enter enc_wolfSSL_Init
[SGXSan] ALWAYS: Enter wc_test
------------------------------------------------------------------------------
 wolfSSL version 5.1.0
------------------------------------------------------------------------------
error    test passed!
MEMORY   test passed!
base64   test passed!
asn      test passed!
RANDOM   test passed!
MD5      test passed!
MD4      test passed!
SHA      test passed!
SHA-256  test passed!
Hash     test passed!
HMAC-MD5 test passed!
HMAC-SHA test passed!
HMAC-SHA256 test passed!
GMAC     test passed!
HC-128   test passed!
Rabbit   test passed!
DES      test passed!
DES3     test passed!
AES      test passed!
AES192   test passed!
AES256   test passed!
AES-GCM  test passed!
RSA      test passed!
DH       test passed!
DSA      test passed!
PWDBASED test passed!
ECC      test passed!
ECC buffer test passed!
logging  test passed!
mutex    test passed!
memcb    test failed!
 error = -13803
[SGXSan] ALWAYS: Enter enc_wolfSSL_set_fd
[SGXSan] ALWAYS: Enter enc_wolfSSL_CTX_load_verify_buffer
[SGXSan] ALWAYS: Enter enc_wolfSSL_Debugging_ON
[SGXSan] ALWAYS: Enter enc_wolfSSL_CTX_free
#4	pulse  cov: 6292 ft: 6297 corp: 2/723Kb lim: 1000000 exec/s: 0 rss: 64Mb
[SGXSan] ALWAYS: Enter enc_wolfSSL_CTX_free
[SGXSan] ALWAYS: Enter wc_test
------------------------------------------------------------------------------
 wolfSSL version 5.1.0
------------------------------------------------------------------------------
error    test passed!
MEMORY   test passed!
base64   test passed!
asn      test passed!
RANDOM   test passed!
MD5      test passed!
MD4      test passed!
SHA      test passed!
SHA-256  test passed!
Hash     test passed!
HMAC-MD5 test passed!
HMAC-SHA test passed!
HMAC-SHA256 test passed!
GMAC     test passed!
HC-128   test passed!
Rabbit   test passed!
DES      test passed!
DES3     test passed!
AES      test passed!
AES192   test passed!
AES256   test passed!
AES-GCM  test passed!
RSA      test passed!
DH       test passed!
DSA      test passed!
PWDBASED test passed!
ECC      test passed!
ECC buffer test passed!
logging  test passed!
mutex    test passed!
memcb    test failed!
 error = -13803
[SGXSan] ALWAYS: Enter enc_wolfSSL_connect
[SGXSan] ALWAYS: Enter enc_wolfSSL_CTX_set_cipher_list
[SGXSan] ALWAYS: Enter enc_wolfSSL_read
[SGXSan] ALWAYS: Enter enc_wolfSSL_CTX_load_verify_buffer
[SGXSan] ALWAYS: Enter enc_wolfSSL_new
[SGXSan] ALWAYS: Enter enc_wolfSSL_get_error
[SGXSan] ALWAYS: Enter enc_wolfSSL_set_fd
[SGXSan] ALWAYS: Enter enc_wolfTLSv1_2_server_method
[SGXSan] ALWAYS: Enter enc_wolfSSL_CTX_use_certificate_chain_buffer_format
[SGXSan] ALWAYS: Enter enc_wolfSSL_Init
[SGXSan] ALWAYS: Enter enc_wolfSSL_CTX_use_PrivateKey_buffer
[SGXSan] ALWAYS: Enter wc_benchmark_test
------------------------------------------------------------------------------
 wolfSSL version 5.1.0
------------------------------------------------------------------------------
wolfCrypt Benchmark (block bytes 1048576, min 1.0 sec each)
RNG                 15 MB took 1.154 seconds,   12.993 MB/s
AES-128-CBC-enc     35 MB took 1.074 seconds,   32.593 MB/s
AES-128-CBC-dec     30 MB took 1.007 seconds,   29.783 MB/s
AES-192-CBC-enc     30 MB took 1.083 seconds,   27.704 MB/s
AES-192-CBC-dec     30 MB took 1.126 seconds,   26.641 MB/s
AES-256-CBC-enc     30 MB took 1.172 seconds,   25.603 MB/s
AES-256-CBC-dec     25 MB took 1.035 seconds,   24.161 MB/s
AES-128-GCM-enc     25 MB took 1.051 seconds,   23.781 MB/s
AES-128-GCM-dec     25 MB took 1.035 seconds,   24.155 MB/s
AES-192-GCM-enc     25 MB took 1.167 seconds,   21.424 MB/s
AES-192-GCM-dec     25 MB took 1.160 seconds,   21.561 MB/s
AES-256-GCM-enc     20 MB took 1.035 seconds,   19.327 MB/s
AES-256-GCM-dec     20 MB took 1.066 seconds,   18.769 MB/s
GMAC Table 4-bit    66 MB took 1.005 seconds,   65.681 MB/s
RABBIT              90 MB took 1.033 seconds,   87.097 MB/s
3DES                10 MB took 1.128 seconds,    8.867 MB/s
MD5                295 MB took 1.006 seconds,  293.138 MB/s
SHA                125 MB took 1.006 seconds,  124.236 MB/s
SHA-256             35 MB took 1.150 seconds,   30.423 MB/s
HMAC-MD5           305 MB took 1.007 seconds,  302.791 MB/s
HMAC-SHA           130 MB took 1.010 seconds,  128.749 MB/s
HMAC-SHA256         35 MB took 1.131 seconds,   30.952 MB/s
PBKDF2               4 KB took 1.007 seconds,    3.723 KB/s
RSA     2048 public       1400 ops took 1.023 sec, avg 0.731 ms, 1367.863 ops/sec
RSA     2048 private       100 ops took 3.767 sec, avg 37.666 ms, 26.549 ops/sec
DH      2048 key gen        64 ops took 1.012 sec, avg 15.809 ms, 63.256 ops/sec
DH      2048 agree         100 ops took 1.575 sec, avg 15.755 ms, 63.474 ops/sec
ECC   [      SECP256R1]   256 key gen      1426 ops took 1.000 sec, avg 0.701 ms, 1425.593 ops/sec
ECDHE [      SECP256R1]   256 agree        1000 ops took 1.086 sec, avg 1.086 ms, 920.398 ops/sec
ECDSA [      SECP256R1]   256 sign         1200 ops took 1.035 sec, avg 0.862 ms, 1159.835 ops/sec
ECDSA [      SECP256R1]   256 verify        900 ops took 1.067 sec, avg 1.185 ms, 843.559 ops/sec
Benchmark complete
[SGXSan] ALWAYS: Enter enc_wolfSSL_Cleanup
[SGXSan] ALWAYS: Enter enc_wolfSSL_CTX_new
[SGXSan] ALWAYS: Enter enc_wolfSSL_free
[SGXSan] ALWAYS: Enter enc_wolfSSL_Debugging_OFF
[SGXSan] ALWAYS: Enter enc_wolfSSL_CTX_use_certificate_buffer
[SGXSan] ALWAYS: Enter enc_wolfTLSv1_2_client_method
[SGXSan] ALWAYS: Enter enc_wolfSSL_write
[SGXSan] ALWAYS: Enter enc_wolfSSL_Debugging_ON
#5	NEW    cov: 6292 ft: 6302 corp: 3/1084Kb lim: 1000000 exec/s: 0 rss: 72Mb L: 370191/370191 MS: 4 ShuffleBytes-Custom-CopyPart-Custom-
#5	DONE   cov: 6292 ft: 6302 corp: 3/1084Kb lim: 1000000 exec/s: 0 rss: 72Mb
Done 5 runs in 212 second(s)
stat::number_of_executed_units: 5
stat::average_exec_per_sec:     0
stat::new_units_added:          1
stat::slowest_unit_time_sec:    42
stat::peak_rss_mb:              72
