WARNING: Failed to find function "__sanitizer_acquire_crash_state".
WARNING: Failed to find function "__sanitizer_print_stack_trace".
WARNING: Failed to find function "__sanitizer_set_death_callback".
[2023-01-15 17:56:09.277] [Init] Num of ECall: 22
[2023-01-15 17:56:09.277] ECalls:
  0 - fuzz_enc_wolfSSL_CTX_free
  1 - fuzz_enc_wolfSSL_CTX_load_verify_buffer
  2 - fuzz_enc_wolfSSL_CTX_new
  3 - fuzz_enc_wolfSSL_CTX_set_cipher_list
  4 - fuzz_enc_wolfSSL_CTX_use_PrivateKey_buffer
  5 - fuzz_enc_wolfSSL_CTX_use_certificate_buffer
  6 - fuzz_enc_wolfSSL_CTX_use_certificate_chain_buffer_format
  7 - fuzz_enc_wolfSSL_Cleanup
  8 - fuzz_enc_wolfSSL_Debugging_OFF
  9 - fuzz_enc_wolfSSL_Debugging_ON
  10 - fuzz_enc_wolfSSL_Init
  11 - fuzz_enc_wolfSSL_connect
  12 - fuzz_enc_wolfSSL_free
  13 - fuzz_enc_wolfSSL_get_error
  14 - fuzz_enc_wolfSSL_new
  15 - fuzz_enc_wolfSSL_read
  16 - fuzz_enc_wolfSSL_set_fd
  17 - fuzz_enc_wolfSSL_write
  18 - fuzz_enc_wolfTLSv1_2_client_method
  19 - fuzz_enc_wolfTLSv1_2_server_method
  20 - fuzz_wc_benchmark_test
  21 - fuzz_wc_test

INFO: found LLVMFuzzerCustomMutator (0x44ac30). Disabling -len_control by default.
INFO: libFuzzer ignores flags that start with '--'
INFO: Running with entropic power schedule (0xFF, 100).
INFO: Seed: 4113840258
INFO: Loaded 1 modules   (291 inline 8-bit counters): 291 [0x4cb7e8, 0x4cb90b), 
INFO: Loaded 1 PC tables (291 PCs): 291 [0x4cb910,0x4ccb40), 
INFO:        0 files found in /tmp/libFuzzerTemp.FuzzWithFork422940.dir/C131
[SGXSan] ALWAYS: Hook __sanitizer_cov_8bit_counters_init of Enclave, 21636 inline 8-bit counts [0x7f0477d389c0, 0x7f0477d3de44) (First time)
[SGXSan] ALWAYS: Hook __sanitizer_cov_pcs_init of Enclave, 21636 PCs [0x7f0477d3de48, 0x7f0477d92688) (First time)
[SGXSan] ALWAYS: Enter enc_wolfSSL_CTX_free
[SGXSan] ALWAYS: Enter enc_wolfSSL_CTX_load_verify_buffer
[SGXSan] ALWAYS: Enter enc_wolfSSL_CTX_new
[SGXSan] ALWAYS: Enter enc_wolfSSL_CTX_set_cipher_list
[SGXSan] ALWAYS: Enter enc_wolfSSL_CTX_use_PrivateKey_buffer
[SGXSan] ALWAYS: Enter enc_wolfSSL_CTX_use_certificate_buffer
[SGXSan] ALWAYS: Enter enc_wolfSSL_CTX_use_certificate_chain_buffer_format
[SGXSan] ALWAYS: Enter enc_wolfSSL_Cleanup
[SGXSan] ALWAYS: Enter enc_wolfSSL_Debugging_OFF
[SGXSan] ALWAYS: Enter enc_wolfSSL_Debugging_ON
[SGXSan] ALWAYS: Enter enc_wolfSSL_Init
[SGXSan] ALWAYS: Enter enc_wolfSSL_connect
[SGXSan] ALWAYS: Enter enc_wolfSSL_free
[SGXSan] ALWAYS: Enter enc_wolfSSL_get_error
[SGXSan] ALWAYS: Enter enc_wolfSSL_new
[SGXSan] ALWAYS: Enter enc_wolfSSL_read
[SGXSan] ALWAYS: Enter enc_wolfSSL_set_fd
[SGXSan] ALWAYS: Enter enc_wolfSSL_write
[SGXSan] ALWAYS: Enter enc_wolfTLSv1_2_client_method
[SGXSan] ALWAYS: Enter enc_wolfTLSv1_2_server_method
[SGXSan] ALWAYS: Enter wc_benchmark_test
------------------------------------------------------------------------------
 wolfSSL version 5.1.0
------------------------------------------------------------------------------
wolfCrypt Benchmark (block bytes 1048576, min 1.0 sec each)
RNG                 15 MB took 1.153 seconds,   13.014 MB/s
AES-128-CBC-enc     35 MB took 1.097 seconds,   31.915 MB/s
AES-128-CBC-dec     35 MB took 1.157 seconds,   30.241 MB/s
AES-192-CBC-enc     30 MB took 1.067 seconds,   28.113 MB/s
AES-192-CBC-dec     30 MB took 1.150 seconds,   26.083 MB/s
AES-256-CBC-enc     25 MB took 1.007 seconds,   24.814 MB/s
AES-256-CBC-dec     25 MB took 1.070 seconds,   23.363 MB/s
AES-128-GCM-enc     25 MB took 1.094 seconds,   22.856 MB/s
AES-128-GCM-dec     25 MB took 1.076 seconds,   23.229 MB/s
AES-192-GCM-enc     25 MB took 1.207 seconds,   20.704 MB/s
AES-192-GCM-dec     25 MB took 1.184 seconds,   21.121 MB/s
AES-256-GCM-enc     20 MB took 1.032 seconds,   19.375 MB/s
AES-256-GCM-dec     20 MB took 1.069 seconds,   18.716 MB/s
GMAC Table 4-bit    67 MB took 1.014 seconds,   66.086 MB/s
RABBIT              90 MB took 1.006 seconds,   89.427 MB/s
3DES                10 MB took 1.105 seconds,    9.051 MB/s
MD5                300 MB took 1.002 seconds,  299.502 MB/s
SHA                130 MB took 1.036 seconds,  125.466 MB/s
SHA-256             30 MB took 1.008 seconds,   29.765 MB/s
HMAC-MD5           300 MB took 1.014 seconds,  295.903 MB/s
HMAC-SHA           125 MB took 1.025 seconds,  121.898 MB/s
HMAC-SHA256         30 MB took 1.001 seconds,   29.980 MB/s
PBKDF2               4 KB took 1.008 seconds,    3.719 KB/s
RSA     2048 public       1400 ops took 1.030 sec, avg 0.736 ms, 1358.801 ops/sec
RSA     2048 private       100 ops took 3.762 sec, avg 37.619 ms, 26.582 ops/sec
DH      2048 key gen        64 ops took 1.005 sec, avg 15.700 ms, 63.694 ops/sec
DH      2048 agree         100 ops took 1.572 sec, avg 15.718 ms, 63.622 ops/sec
ECC   [      SECP256R1]   256 key gen      1384 ops took 1.001 sec, avg 0.723 ms, 1383.272 ops/sec
ECDHE [      SECP256R1]   256 agree         900 ops took 1.010 sec, avg 1.122 ms, 891.321 ops/sec
ECDSA [      SECP256R1]   256 sign         1200 ops took 1.018 sec, avg 0.848 ms, 1179.286 ops/sec
ECDSA [      SECP256R1]   256 verify        900 ops took 1.047 sec, avg 1.163 ms, 859.587 ops/sec
Benchmark complete
[SGXSan] ALWAYS: Enter wc_test
INFO: seed corpus: files: 2 min: 370191b max: 370191b total: 740382b rss: 43Mb
------------------------------------------------------------------------------
 wolfSSL version 5.1.0
------------------------------------------------------------------------------
error    test passed!
MEMORY   test passed!
base64   test passed!
asn      test passed!
RANDOM   test passed!
MD5      test passed!
MD4      test passed!
SHA      test passed!
SHA-256  test passed!
Hash     test passed!
HMAC-MD5 test passed!
HMAC-SHA test passed!
HMAC-SHA256 test passed!
GMAC     test passed!
HC-128   test passed!
Rabbit   test passed!
DES      test passed!
DES3     test passed!
AES      test passed!
AES192   test passed!
AES256   test passed!
AES-GCM  test passed!
RSA      test passed!
DH       test passed!
DSA      test passed!
PWDBASED test passed!
ECC      test passed!
ECC buffer test passed!
logging  test passed!
mutex    test passed!
memcb    test passed!
Test complete
[SGXSan] ALWAYS: Enter enc_wolfSSL_set_fd
[SGXSan] ALWAYS: Enter enc_wolfTLSv1_2_client_method
[SGXSan] ALWAYS: Enter enc_wolfSSL_CTX_new
[SGXSan] ALWAYS: Enter enc_wolfSSL_read
[SGXSan] ALWAYS: Enter enc_wolfSSL_CTX_set_cipher_list
[SGXSan] ALWAYS: Enter enc_wolfSSL_CTX_free
[SGXSan] ALWAYS: Enter enc_wolfSSL_new
[SGXSan] ALWAYS: Enter enc_wolfSSL_CTX_use_PrivateKey_buffer
[SGXSan] ALWAYS: Enter enc_wolfTLSv1_2_server_method
[SGXSan] ALWAYS: Enter enc_wolfSSL_CTX_load_verify_buffer
[SGXSan] ALWAYS: Enter enc_wolfSSL_connect
[SGXSan] ALWAYS: Enter enc_wolfSSL_Debugging_OFF
[SGXSan] ALWAYS: Enter enc_wolfSSL_CTX_use_certificate_buffer
[SGXSan] ALWAYS: Enter enc_wolfSSL_free
[SGXSan] ALWAYS: Enter enc_wolfSSL_Init
[SGXSan] ALWAYS: Enter enc_wolfSSL_CTX_use_certificate_chain_buffer_format
[SGXSan] ALWAYS: Enter wc_benchmark_test
------------------------------------------------------------------------------
 wolfSSL version 5.1.0
------------------------------------------------------------------------------
wolfCrypt Benchmark (block bytes 1048576, min 1.0 sec each)
RNG                 15 MB took 1.132 seconds,   13.247 MB/s
AES-128-CBC-enc     35 MB took 1.057 seconds,   33.125 MB/s
AES-128-CBC-dec     35 MB took 1.158 seconds,   30.212 MB/s
AES-192-CBC-enc     30 MB took 1.042 seconds,   28.792 MB/s
AES-192-CBC-dec     30 MB took 1.121 seconds,   26.752 MB/s
AES-256-CBC-enc     30 MB took 1.156 seconds,   25.952 MB/s
AES-256-CBC-dec     25 MB took 1.052 seconds,   23.754 MB/s
AES-128-GCM-enc     25 MB took 1.036 seconds,   24.126 MB/s
AES-128-GCM-dec     25 MB took 1.052 seconds,   23.772 MB/s
AES-192-GCM-enc     25 MB took 1.170 seconds,   21.360 MB/s
AES-192-GCM-dec     25 MB took 1.184 seconds,   21.109 MB/s
AES-256-GCM-enc     20 MB took 1.030 seconds,   19.414 MB/s
AES-256-GCM-dec     20 MB took 1.019 seconds,   19.635 MB/s
GMAC Table 4-bit    68 MB took 1.015 seconds,   66.965 MB/s
RABBIT              95 MB took 1.042 seconds,   91.129 MB/s
3DES                10 MB took 1.082 seconds,    9.243 MB/s
MD5                310 MB took 1.015 seconds,  305.479 MB/s
SHA                130 MB took 1.013 seconds,  128.291 MB/s
SHA-256             35 MB took 1.144 seconds,   30.586 MB/s
HMAC-MD5           295 MB took 1.003 seconds,  294.033 MB/s
HMAC-SHA           130 MB took 1.037 seconds,  125.375 MB/s
HMAC-SHA256         35 MB took 1.149 seconds,   30.454 MB/s
PBKDF2               4 KB took 1.005 seconds,    3.730 KB/s
RSA     2048 public       1400 ops took 1.034 sec, avg 0.739 ms, 1353.701 ops/sec
RSA     2048 private       100 ops took 3.837 sec, avg 38.372 ms, 26.060 ops/sec
DH      2048 key gen        65 ops took 1.003 sec, avg 15.430 ms, 64.807 ops/sec
DH      2048 agree         100 ops took 1.616 sec, avg 16.163 ms, 61.869 ops/sec
ECC   [      SECP256R1]   256 key gen      1349 ops took 1.000 sec, avg 0.741 ms, 1348.857 ops/sec
ECDHE [      SECP256R1]   256 agree         900 ops took 1.066 sec, avg 1.185 ms, 844.085 ops/sec
ECDSA [      SECP256R1]   256 sign         1200 ops took 1.040 sec, avg 0.867 ms, 1153.562 ops/sec
ECDSA [      SECP256R1]   256 verify        900 ops took 1.071 sec, avg 1.191 ms, 839.973 ops/sec
Benchmark complete
[SGXSan] ALWAYS: Enter enc_wolfSSL_Debugging_ON
[SGXSan] ALWAYS: Enter wc_test
------------------------------------------------------------------------------
 wolfSSL version 5.1.0
------------------------------------------------------------------------------
error    test passed!
MEMORY   test passed!
base64   test passed!
asn      test passed!
RANDOM   test passed!
MD5      test passed!
MD4      test passed!
SHA      test passed!
SHA-256  test passed!
Hash     test passed!
HMAC-MD5 test passed!
HMAC-SHA test passed!
HMAC-SHA256 test passed!
GMAC     test passed!
HC-128   test passed!
Rabbit   test passed!
DES      test passed!
DES3     test passed!
AES      test passed!
AES192   test passed!
AES256   test passed!
AES-GCM  test passed!
RSA      test passed!
DH       test passed!
DSA      test passed!
PWDBASED test passed!
ECC      test passed!
ECC buffer test passed!
logging  test passed!
mutex    test passed!
memcb    test failed!
 error = -13803
[SGXSan] ALWAYS: Enter enc_wolfSSL_Cleanup
[SGXSan] ALWAYS: Enter enc_wolfSSL_write
[SGXSan] ALWAYS: Enter enc_wolfSSL_get_error
#2	pulse  ft: 6291 exec/s: 0 rss: 50Mb
Slowest unit: 43 s:
artifact_prefix='./crashes/'; Test unit written to ./crashes/slow-unit-a18c987cc0e9ab43cf416193bb075ad579c3ded9
[SGXSan] ALWAYS: Enter enc_wolfSSL_connect
[SGXSan] ALWAYS: Enter enc_wolfSSL_free
[SGXSan] ALWAYS: Enter enc_wolfSSL_Init
[SGXSan] ALWAYS: Enter wc_benchmark_test
------------------------------------------------------------------------------
 wolfSSL version 5.1.0
------------------------------------------------------------------------------
wolfCrypt Benchmark (block bytes 1048576, min 1.0 sec each)
RNG                 15 MB took 1.205 seconds,   12.452 MB/s
AES-128-CBC-enc     30 MB took 1.130 seconds,   26.545 MB/s
AES-128-CBC-dec     30 MB took 1.004 seconds,   29.875 MB/s
AES-192-CBC-enc     30 MB took 1.066 seconds,   28.148 MB/s
AES-192-CBC-dec     30 MB took 1.166 seconds,   25.724 MB/s
AES-256-CBC-enc     30 MB took 1.174 seconds,   25.545 MB/s
AES-256-CBC-dec     25 MB took 1.036 seconds,   24.138 MB/s
AES-128-GCM-enc     25 MB took 1.038 seconds,   24.087 MB/s
AES-128-GCM-dec     25 MB took 1.047 seconds,   23.879 MB/s
AES-192-GCM-enc     25 MB took 1.164 seconds,   21.483 MB/s
AES-192-GCM-dec     25 MB took 1.168 seconds,   21.398 MB/s
AES-256-GCM-enc     20 MB took 1.009 seconds,   19.812 MB/s
AES-256-GCM-dec     20 MB took 1.040 seconds,   19.240 MB/s
GMAC Table 4-bit    69 MB took 1.010 seconds,   68.348 MB/s
RABBIT              95 MB took 1.046 seconds,   90.798 MB/s
3DES                10 MB took 1.084 seconds,    9.224 MB/s
MD5                305 MB took 1.004 seconds,  303.767 MB/s
SHA                130 MB took 1.042 seconds,  124.815 MB/s
SHA-256             35 MB took 1.154 seconds,   30.337 MB/s
HMAC-MD5           295 MB took 1.001 seconds,  294.764 MB/s
HMAC-SHA           130 MB took 1.024 seconds,  126.974 MB/s
HMAC-SHA256         35 MB took 1.163 seconds,   30.103 MB/s
PBKDF2               3 KB took 1.007 seconds,    3.445 KB/s
RSA     2048 public       1400 ops took 1.069 sec, avg 0.764 ms, 1309.600 ops/sec
RSA     2048 private       100 ops took 3.948 sec, avg 39.478 ms, 25.330 ops/sec
DH      2048 key gen        61 ops took 1.002 sec, avg 16.434 ms, 60.848 ops/sec
DH      2048 agree         100 ops took 1.622 sec, avg 16.218 ms, 61.659 ops/sec
ECC   [      SECP256R1]   256 key gen      1350 ops took 1.000 sec, avg 0.741 ms, 1349.715 ops/sec
ECDHE [      SECP256R1]   256 agree         900 ops took 1.030 sec, avg 1.144 ms, 874.032 ops/sec
ECDSA [      SECP256R1]   256 sign         1200 ops took 1.021 sec, avg 0.851 ms, 1175.736 ops/sec
ECDSA [      SECP256R1]   256 verify        900 ops took 1.079 sec, avg 1.198 ms, 834.468 ops/sec
Benchmark complete
[SGXSan] ALWAYS: Enter enc_wolfSSL_Debugging_ON
[SGXSan] ALWAYS: Enter enc_wolfSSL_read
[SGXSan] ALWAYS: Enter enc_wolfSSL_CTX_use_certificate_chain_buffer_format
[SGXSan] ALWAYS: Enter enc_wolfSSL_CTX_load_verify_buffer
[SGXSan] ALWAYS: Enter enc_wolfSSL_set_fd
[SGXSan] ALWAYS: Enter enc_wolfSSL_write
[SGXSan] ALWAYS: Enter enc_wolfSSL_Cleanup
[SGXSan] ALWAYS: Enter enc_wolfSSL_new
[SGXSan] ALWAYS: Enter enc_wolfSSL_CTX_set_cipher_list
[SGXSan] ALWAYS: Enter enc_wolfSSL_CTX_use_certificate_buffer
[SGXSan] ALWAYS: Enter enc_wolfSSL_CTX_use_PrivateKey_buffer
[SGXSan] ALWAYS: Enter enc_wolfSSL_get_error
[SGXSan] ALWAYS: Enter enc_wolfSSL_CTX_new
[SGXSan] ALWAYS: Enter enc_wolfTLSv1_2_client_method
[SGXSan] ALWAYS: Enter wc_test
------------------------------------------------------------------------------
 wolfSSL version 5.1.0
------------------------------------------------------------------------------
error    test passed!
MEMORY   test passed!
base64   test passed!
asn      test passed!
RANDOM   test passed!
MD5      test passed!
MD4      test passed!
SHA      test passed!
SHA-256  test passed!
Hash     test passed!
HMAC-MD5 test passed!
HMAC-SHA test passed!
HMAC-SHA256 test passed!
GMAC     test passed!
HC-128   test passed!
Rabbit   test passed!
DES      test passed!
DES3     test passed!
AES      test passed!
AES192   test passed!
AES256   test passed!
AES-GCM  test passed!
RSA      test passed!
DH       test passed!
DSA      test passed!
PWDBASED test passed!
ECC      test passed!
ECC buffer test passed!
logging  test passed!
mutex    test passed!
memcb    test failed!
 error = -13803
[SGXSan] ALWAYS: Enter enc_wolfTLSv1_2_server_method
[SGXSan] ALWAYS: Enter enc_wolfSSL_CTX_free
[SGXSan] ALWAYS: Enter enc_wolfSSL_Debugging_OFF
#3	INITED cov: 6291 ft: 6291 corp: 1/361Kb exec/s: 0 rss: 58Mb
[SGXSan] ALWAYS: Enter enc_wolfSSL_set_fd
[SGXSan] ALWAYS: Enter enc_wolfTLSv1_2_client_method
[SGXSan] ALWAYS: Enter enc_wolfSSL_CTX_new
[SGXSan] ALWAYS: Enter enc_wolfSSL_read
[SGXSan] ALWAYS: Enter enc_wolfSSL_CTX_set_cipher_list
[SGXSan] ALWAYS: Enter enc_wolfSSL_CTX_free
[SGXSan] ALWAYS: Enter enc_wolfSSL_new
[SGXSan] ALWAYS: Enter enc_wolfSSL_CTX_use_PrivateKey_buffer
[SGXSan] ALWAYS: Enter enc_wolfTLSv1_2_server_method
[SGXSan] ALWAYS: Enter enc_wolfSSL_CTX_load_verify_buffer
[SGXSan] ALWAYS: Enter enc_wolfSSL_connect
[SGXSan] ALWAYS: Enter enc_wolfSSL_Debugging_OFF
[SGXSan] ALWAYS: Enter enc_wolfSSL_CTX_use_certificate_buffer
[SGXSan] ALWAYS: Enter enc_wolfSSL_free
[SGXSan] ALWAYS: Enter enc_wolfSSL_Init
[SGXSan] ALWAYS: Enter enc_wolfSSL_CTX_use_certificate_chain_buffer_format
[SGXSan] ALWAYS: Enter wc_benchmark_test
------------------------------------------------------------------------------
 wolfSSL version 5.1.0
------------------------------------------------------------------------------
wolfCrypt Benchmark (block bytes 1048576, min 1.0 sec each)
RNG                 15 MB took 1.154 seconds,   12.995 MB/s
AES-128-CBC-enc     35 MB took 1.085 seconds,   32.251 MB/s
AES-128-CBC-dec     35 MB took 1.152 seconds,   30.371 MB/s
AES-192-CBC-enc     30 MB took 1.067 seconds,   28.115 MB/s
AES-192-CBC-dec     30 MB took 1.173 seconds,   25.573 MB/s
AES-256-CBC-enc     25 MB took 1.030 seconds,   24.274 MB/s
AES-256-CBC-dec     25 MB took 1.076 seconds,   23.228 MB/s
AES-128-GCM-enc     25 MB took 1.073 seconds,   23.290 MB/s
AES-128-GCM-dec     25 MB took 1.063 seconds,   23.514 MB/s
AES-192-GCM-enc     25 MB took 1.194 seconds,   20.939 MB/s
AES-192-GCM-dec     25 MB took 1.192 seconds,   20.976 MB/s
AES-256-GCM-enc     20 MB took 1.035 seconds,   19.328 MB/s
AES-256-GCM-dec     20 MB took 1.029 seconds,   19.427 MB/s
GMAC Table 4-bit    68 MB took 1.015 seconds,   67.016 MB/s
RABBIT              90 MB took 1.024 seconds,   87.856 MB/s
3DES                10 MB took 1.105 seconds,    9.049 MB/s
MD5                300 MB took 1.008 seconds,  297.482 MB/s
SHA                130 MB took 1.040 seconds,  125.032 MB/s
SHA-256             35 MB took 1.161 seconds,   30.154 MB/s
HMAC-MD5           300 MB took 1.014 seconds,  295.802 MB/s
HMAC-SHA           125 MB took 1.005 seconds,  124.419 MB/s
HMAC-SHA256         35 MB took 1.133 seconds,   30.881 MB/s
PBKDF2               4 KB took 1.000 seconds,    3.781 KB/s
RSA     2048 public       1500 ops took 1.062 sec, avg 0.708 ms, 1412.653 ops/sec
RSA     2048 private       100 ops took 3.676 sec, avg 36.763 ms, 27.201 ops/sec
DH      2048 key gen        66 ops took 1.008 sec, avg 15.280 ms, 65.447 ops/sec
DH      2048 agree         100 ops took 1.593 sec, avg 15.925 ms, 62.793 ops/sec
ECC   [      SECP256R1]   256 key gen      1339 ops took 1.001 sec, avg 0.747 ms, 1338.248 ops/sec
ECDHE [      SECP256R1]   256 agree         900 ops took 1.041 sec, avg 1.157 ms, 864.537 ops/sec
ECDSA [      SECP256R1]   256 sign         1200 ops took 1.054 sec, avg 0.878 ms, 1138.953 ops/sec
ECDSA [      SECP256R1]   256 verify        900 ops took 1.114 sec, avg 1.237 ms, 808.089 ops/sec
Benchmark complete
[SGXSan] ALWAYS: Enter enc_wolfSSL_Debugging_ON
[SGXSan] ALWAYS: Enter wc_test
------------------------------------------------------------------------------
 wolfSSL version 5.1.0
------------------------------------------------------------------------------
error    test passed!
MEMORY   test passed!
base64   test passed!
asn      test passed!
RANDOM   test passed!
MD5      test passed!
MD4      test passed!
SHA      test passed!
SHA-256  test passed!
Hash     test passed!
HMAC-MD5 test passed!
HMAC-SHA test passed!
HMAC-SHA256 test passed!
GMAC     test passed!
HC-128   test passed!
Rabbit   test passed!
DES      test passed!
DES3     test passed!
AES      test passed!
AES192   test passed!
AES256   test passed!
AES-GCM  test passed!
RSA      test passed!
DH       test passed!
DSA      test passed!
PWDBASED test passed!
ECC      test passed!
ECC buffer test passed!
logging  test passed!
mutex    test passed!
memcb    test failed!
 error = -13803
[SGXSan] ALWAYS: Enter enc_wolfSSL_Cleanup
[SGXSan] ALWAYS: Enter enc_wolfSSL_write
[SGXSan] ALWAYS: Enter enc_wolfSSL_get_error
#4	pulse  cov: 6291 ft: 6291 corp: 1/361Kb lim: 1000000 exec/s: 0 rss: 63Mb
[SGXSan] ALWAYS: Enter enc_wolfSSL_set_fd
[SGXSan] ALWAYS: Enter enc_wolfTLSv1_2_client_method
[SGXSan] ALWAYS: Enter enc_wolfSSL_CTX_new
[SGXSan] ALWAYS: Enter enc_wolfSSL_read
[SGXSan] ALWAYS: Enter enc_wolfSSL_CTX_set_cipher_list
[SGXSan] ALWAYS: Enter enc_wolfSSL_CTX_free
[SGXSan] ALWAYS: Enter enc_wolfSSL_new
[SGXSan] ALWAYS: Enter enc_wolfSSL_CTX_use_PrivateKey_buffer
[SGXSan] ALWAYS: Enter enc_wolfTLSv1_2_server_method
[SGXSan] ALWAYS: Enter enc_wolfSSL_CTX_load_verify_buffer
[SGXSan] ALWAYS: Enter enc_wolfSSL_connect
[SGXSan] ALWAYS: Enter enc_wolfSSL_Debugging_OFF
[SGXSan] ALWAYS: Enter enc_wolfSSL_CTX_use_certificate_buffer
[SGXSan] ALWAYS: Enter enc_wolfSSL_free
[SGXSan] ALWAYS: Enter enc_wolfSSL_Init
[SGXSan] ALWAYS: Enter enc_wolfSSL_CTX_use_certificate_chain_buffer_format
[SGXSan] ALWAYS: Enter wc_benchmark_test
------------------------------------------------------------------------------
 wolfSSL version 5.1.0
------------------------------------------------------------------------------
wolfCrypt Benchmark (block bytes 1048576, min 1.0 sec each)
RNG                 15 MB took 1.142 seconds,   13.140 MB/s
AES-128-CBC-enc     35 MB took 1.082 seconds,   32.342 MB/s
AES-128-CBC-dec     35 MB took 1.161 seconds,   30.143 MB/s
AES-192-CBC-enc     30 MB took 1.076 seconds,   27.869 MB/s
AES-192-CBC-dec     30 MB took 1.168 seconds,   25.688 MB/s
AES-256-CBC-enc     30 MB took 1.195 seconds,   25.104 MB/s
AES-256-CBC-dec     25 MB took 1.055 seconds,   23.698 MB/s
AES-128-GCM-enc     25 MB took 1.038 seconds,   24.092 MB/s
AES-128-GCM-dec     25 MB took 1.057 seconds,   23.661 MB/s
AES-192-GCM-enc     25 MB took 1.225 seconds,   20.414 MB/s
AES-192-GCM-dec     25 MB took 1.194 seconds,   20.935 MB/s
AES-256-GCM-enc     20 MB took 1.046 seconds,   19.116 MB/s
AES-256-GCM-dec     20 MB took 1.038 seconds,   19.265 MB/s
GMAC Table 4-bit    68 MB took 1.010 seconds,   67.335 MB/s
RABBIT              90 MB took 1.027 seconds,   87.658 MB/s
3DES                10 MB took 1.098 seconds,    9.109 MB/s
MD5                305 MB took 1.008 seconds,  302.703 MB/s
SHA                130 MB took 1.005 seconds,  129.349 MB/s
SHA-256             35 MB took 1.124 seconds,   31.136 MB/s
HMAC-MD5           300 MB took 1.007 seconds,  297.908 MB/s
HMAC-SHA           130 MB took 1.028 seconds,  126.501 MB/s
HMAC-SHA256         35 MB took 1.154 seconds,   30.322 MB/s
PBKDF2               4 KB took 1.005 seconds,    3.699 KB/s
RSA     2048 public       1400 ops took 1.034 sec, avg 0.738 ms, 1354.231 ops/sec
RSA     2048 private       100 ops took 3.755 sec, avg 37.550 ms, 26.631 ops/sec
DH      2048 key gen        66 ops took 1.009 sec, avg 15.283 ms, 65.434 ops/sec
DH      2048 agree         100 ops took 1.540 sec, avg 15.396 ms, 64.952 ops/sec
ECC   [      SECP256R1]   256 key gen      1409 ops took 1.000 sec, avg 0.710 ms, 1408.937 ops/sec
ECDHE [      SECP256R1]   256 agree        1000 ops took 1.104 sec, avg 1.104 ms, 905.465 ops/sec
ECDSA [      SECP256R1]   256 sign         1200 ops took 1.013 sec, avg 0.845 ms, 1184.127 ops/sec
ECDSA [      SECP256R1]   256 verify        900 ops took 1.057 sec, avg 1.174 ms, 851.841 ops/sec
Benchmark complete
[SGXSan] ALWAYS: Enter enc_wolfSSL_Debugging_ON
[SGXSan] ALWAYS: Enter wc_test
------------------------------------------------------------------------------
 wolfSSL version 5.1.0
------------------------------------------------------------------------------
error    test passed!
MEMORY   test passed!
base64   test passed!
asn      test passed!
RANDOM   test passed!
MD5      test passed!
MD4      test passed!
SHA      test passed!
SHA-256  test passed!
Hash     test passed!
HMAC-MD5 test passed!
HMAC-SHA test passed!
HMAC-SHA256 test passed!
GMAC     test passed!
HC-128   test passed!
Rabbit   test passed!
DES      test passed!
DES3     test passed!
AES      test passed!
AES192   test passed!
AES256   test passed!
AES-GCM  test passed!
RSA      test passed!
DH       test passed!
DSA      test passed!
PWDBASED test passed!
ECC      test passed!
ECC buffer test passed!
logging  test passed!
mutex    test passed!
memcb    test failed!
 error = -13803
[SGXSan] ALWAYS: Enter enc_wolfSSL_Cleanup
[SGXSan] ALWAYS: Enter enc_wolfSSL_write
[SGXSan] ALWAYS: Enter enc_wolfSSL_get_error
[SGXSan] ALWAYS: Enter enc_wolfSSL_set_fd
[SGXSan] ALWAYS: Enter enc_wolfTLSv1_2_client_method
[SGXSan] ALWAYS: Enter enc_wolfSSL_CTX_new
[SGXSan] ALWAYS: Enter enc_wolfSSL_read
[SGXSan] ALWAYS: Enter enc_wolfSSL_CTX_set_cipher_list
[SGXSan] ALWAYS: Enter enc_wolfSSL_CTX_free
[SGXSan] ALWAYS: Enter enc_wolfSSL_new
[SGXSan] ALWAYS: Enter enc_wolfSSL_CTX_use_PrivateKey_buffer
[SGXSan] ALWAYS: Enter enc_wolfTLSv1_2_server_method
[SGXSan] ALWAYS: Enter enc_wolfSSL_CTX_load_verify_buffer
[SGXSan] ALWAYS: Enter enc_wolfSSL_connect
[SGXSan] ALWAYS: Enter enc_wolfSSL_Debugging_OFF
[SGXSan] ALWAYS: Enter enc_wolfSSL_CTX_use_certificate_buffer
[SGXSan] ALWAYS: Enter enc_wolfSSL_free
[SGXSan] ALWAYS: Enter enc_wolfSSL_Init
[SGXSan] ALWAYS: Enter enc_wolfSSL_CTX_use_certificate_chain_buffer_format
[SGXSan] ALWAYS: Enter wc_benchmark_test
------------------------------------------------------------------------------
 wolfSSL version 5.1.0
------------------------------------------------------------------------------
wolfCrypt Benchmark (block bytes 1048576, min 1.0 sec each)
RNG                 15 MB took 1.148 seconds,   13.062 MB/s
AES-128-CBC-enc     35 MB took 1.072 seconds,   32.663 MB/s
AES-128-CBC-dec     35 MB took 1.149 seconds,   30.461 MB/s
AES-192-CBC-enc     30 MB took 1.068 seconds,   28.096 MB/s
AES-192-CBC-dec     30 MB took 1.169 seconds,   25.659 MB/s
AES-256-CBC-enc     30 MB took 1.200 seconds,   24.994 MB/s
AES-256-CBC-dec     25 MB took 1.064 seconds,   23.501 MB/s
AES-128-GCM-enc     25 MB took 1.065 seconds,   23.470 MB/s
AES-128-GCM-dec     25 MB took 1.051 seconds,   23.779 MB/s
AES-192-GCM-enc     25 MB took 1.214 seconds,   20.585 MB/s
AES-192-GCM-dec     20 MB took 1.002 seconds,   19.962 MB/s
AES-256-GCM-enc     20 MB took 1.054 seconds,   18.982 MB/s
AES-256-GCM-dec     20 MB took 1.053 seconds,   19.002 MB/s
GMAC Table 4-bit    66 MB took 1.002 seconds,   65.870 MB/s
RABBIT              90 MB took 1.039 seconds,   86.630 MB/s
3DES                10 MB took 1.100 seconds,    9.089 MB/s
MD5                305 MB took 1.012 seconds,  301.469 MB/s
SHA                130 MB took 1.028 seconds,  126.421 MB/s
SHA-256             30 MB took 1.001 seconds,   29.969 MB/s
HMAC-MD5           300 MB took 1.010 seconds,  297.091 MB/s
HMAC-SHA           125 MB took 1.018 seconds,  122.787 MB/s
HMAC-SHA256         35 MB took 1.160 seconds,   30.169 MB/s
PBKDF2               4 KB took 1.003 seconds,    3.677 KB/s
RSA     2048 public       1400 ops took 1.018 sec, avg 0.727 ms, 1375.192 ops/sec
RSA     2048 private       100 ops took 3.707 sec, avg 37.070 ms, 26.976 ops/sec
DH      2048 key gen        64 ops took 1.002 sec, avg 15.658 ms, 63.864 ops/sec
DH      2048 agree         100 ops took 1.569 sec, avg 15.691 ms, 63.732 ops/sec
ECC   [      SECP256R1]   256 key gen      1356 ops took 1.000 sec, avg 0.738 ms, 1355.820 ops/sec
ECDHE [      SECP256R1]   256 agree         900 ops took 1.007 sec, avg 1.118 ms, 894.111 ops/sec
ECDSA [      SECP256R1]   256 sign         1200 ops took 1.024 sec, avg 0.853 ms, 1171.845 ops/sec
ECDSA [      SECP256R1]   256 verify        900 ops took 1.057 sec, avg 1.175 ms, 851.162 ops/sec
Benchmark complete
[SGXSan] ALWAYS: Enter enc_wolfSSL_Debugging_ON
[SGXSan] ALWAYS: Enter wc_test
------------------------------------------------------------------------------
 wolfSSL version 5.1.0
------------------------------------------------------------------------------
error    test passed!
MEMORY   test passed!
base64   test passed!
asn      test passed!
RANDOM   test passed!
MD5      test passed!
MD4      test passed!
SHA      test passed!
SHA-256  test passed!
Hash     test passed!
HMAC-MD5 test passed!
HMAC-SHA test passed!
HMAC-SHA256 test passed!
GMAC     test passed!
HC-128   test passed!
Rabbit   test passed!
DES      test passed!
DES3     test passed!
AES      test passed!
AES192   test passed!
AES256   test passed!
AES-GCM  test passed!
RSA      test passed!
DH       test passed!
DSA      test passed!
PWDBASED test passed!
ECC      test passed!
ECC buffer test passed!
logging  test passed!
mutex    test passed!
memcb    test failed!
 error = -13803
[SGXSan] ALWAYS: Enter enc_wolfSSL_Cleanup
[SGXSan] ALWAYS: Enter enc_wolfSSL_write
[SGXSan] ALWAYS: Enter enc_wolfSSL_get_error
[SGXSan] ALWAYS: Enter enc_wolfSSL_set_fd
[SGXSan] ALWAYS: Enter enc_wolfTLSv1_2_client_method
[SGXSan] ALWAYS: Enter enc_wolfSSL_CTX_new
[SGXSan] ALWAYS: Enter enc_wolfSSL_read
[SGXSan] ALWAYS: Enter enc_wolfSSL_CTX_set_cipher_list
[SGXSan] ALWAYS: Enter enc_wolfSSL_CTX_free
[SGXSan] ALWAYS: Enter enc_wolfSSL_new
[SGXSan] ALWAYS: Enter enc_wolfSSL_CTX_use_PrivateKey_buffer
[SGXSan] ALWAYS: Enter enc_wolfTLSv1_2_server_method
[SGXSan] ALWAYS: Enter enc_wolfSSL_CTX_load_verify_buffer
[SGXSan] ALWAYS: Enter enc_wolfSSL_connect
[SGXSan] ALWAYS: Enter enc_wolfSSL_Debugging_OFF
[SGXSan] ALWAYS: Enter enc_wolfSSL_CTX_use_certificate_buffer
[SGXSan] ALWAYS: Enter enc_wolfSSL_free
[SGXSan] ALWAYS: Enter enc_wolfSSL_Init
[SGXSan] ALWAYS: Enter enc_wolfSSL_CTX_use_certificate_chain_buffer_format
[SGXSan] ALWAYS: Enter wc_benchmark_test
------------------------------------------------------------------------------
 wolfSSL version 5.1.0
------------------------------------------------------------------------------
wolfCrypt Benchmark (block bytes 1048576, min 1.0 sec each)
RNG                 15 MB took 1.157 seconds,   12.969 MB/s
AES-128-CBC-enc     35 MB took 1.091 seconds,   32.084 MB/s
AES-128-CBC-dec     35 MB took 1.159 seconds,   30.191 MB/s
AES-192-CBC-enc     30 MB took 1.076 seconds,   27.878 MB/s
AES-192-CBC-dec     30 MB took 1.138 seconds,   26.358 MB/s
AES-256-CBC-enc     30 MB took 1.189 seconds,   25.236 MB/s
AES-256-CBC-dec     25 MB took 1.072 seconds,   23.324 MB/s
AES-128-GCM-enc     25 MB took 1.038 seconds,   24.075 MB/s
AES-128-GCM-dec     25 MB took 1.048 seconds,   23.858 MB/s
AES-192-GCM-enc     25 MB took 1.157 seconds,   21.602 MB/s
AES-192-GCM-dec     25 MB took 1.163 seconds,   21.503 MB/s
AES-256-GCM-enc     20 MB took 1.067 seconds,   18.750 MB/s
AES-256-GCM-dec     20 MB took 1.065 seconds,   18.775 MB/s
GMAC Table 4-bit    66 MB took 1.005 seconds,   65.642 MB/s
RABBIT              90 MB took 1.032 seconds,   87.232 MB/s
3DES                10 MB took 1.120 seconds,    8.931 MB/s
MD5                295 MB took 1.001 seconds,  294.804 MB/s
SHA                130 MB took 1.025 seconds,  126.831 MB/s
SHA-256             35 MB took 1.147 seconds,   30.504 MB/s
HMAC-MD5           305 MB took 1.002 seconds,  304.325 MB/s
HMAC-SHA           130 MB took 1.007 seconds,  129.127 MB/s
HMAC-SHA256         35 MB took 1.156 seconds,   30.278 MB/s
PBKDF2               4 KB took 1.002 seconds,    3.649 KB/s
RSA     2048 public       1400 ops took 1.061 sec, avg 0.758 ms, 1319.789 ops/sec
RSA     2048 private       100 ops took 3.841 sec, avg 38.406 ms, 26.038 ops/sec
DH      2048 key gen        63 ops took 1.000 sec, avg 15.873 ms, 62.999 ops/sec
DH      2048 agree         100 ops took 1.614 sec, avg 16.142 ms, 61.949 ops/sec
ECC   [      SECP256R1]   256 key gen      1371 ops took 1.000 sec, avg 0.729 ms, 1370.904 ops/sec
ECDHE [      SECP256R1]   256 agree         900 ops took 1.024 sec, avg 1.137 ms, 879.257 ops/sec
ECDSA [      SECP256R1]   256 sign         1200 ops took 1.011 sec, avg 0.843 ms, 1186.890 ops/sec
ECDSA [      SECP256R1]   256 verify        900 ops took 1.074 sec, avg 1.193 ms, 837.933 ops/sec
Benchmark complete
[SGXSan] ALWAYS: Enter enc_wolfSSL_Debugging_ON
[SGXSan] ALWAYS: Enter wc_test
------------------------------------------------------------------------------
 wolfSSL version 5.1.0
------------------------------------------------------------------------------
error    test passed!
MEMORY   test passed!
base64   test passed!
asn      test passed!
RANDOM   test passed!
MD5      test passed!
MD4      test passed!
SHA      test passed!
SHA-256  test passed!
Hash     test passed!
HMAC-MD5 test passed!
HMAC-SHA test passed!
HMAC-SHA256 test passed!
GMAC     test passed!
HC-128   test passed!
Rabbit   test passed!
DES      test passed!
DES3     test passed!
AES      test passed!
AES192   test passed!
AES256   test passed!
AES-GCM  test passed!
RSA      test passed!
DH       test passed!
DSA      test passed!
PWDBASED test passed!
ECC      test passed!
ECC buffer test passed!
logging  test passed!
mutex    test passed!
memcb    test failed!
 error = -13803
[SGXSan] ALWAYS: Enter enc_wolfSSL_Cleanup
[SGXSan] ALWAYS: Enter enc_wolfSSL_write
[SGXSan] ALWAYS: Enter enc_wolfSSL_get_error
[SGXSan] ALWAYS: Enter enc_wolfSSL_set_fd
[SGXSan] ALWAYS: Enter enc_wolfTLSv1_2_client_method
[SGXSan] ALWAYS: Enter enc_wolfSSL_CTX_new
[SGXSan] ALWAYS: Enter enc_wolfSSL_read
[SGXSan] ALWAYS: Enter enc_wolfSSL_CTX_set_cipher_list
[SGXSan] ALWAYS: Enter enc_wolfSSL_CTX_free
[SGXSan] ALWAYS: Enter enc_wolfSSL_new
[SGXSan] ALWAYS: Enter enc_wolfSSL_CTX_use_PrivateKey_buffer
[SGXSan] ALWAYS: Enter enc_wolfTLSv1_2_server_method
[SGXSan] ALWAYS: Enter enc_wolfSSL_CTX_load_verify_buffer
[SGXSan] ALWAYS: Enter enc_wolfSSL_connect
[SGXSan] ALWAYS: Enter enc_wolfSSL_Debugging_OFF
[SGXSan] ALWAYS: Enter enc_wolfSSL_CTX_use_certificate_buffer
[SGXSan] ALWAYS: Enter enc_wolfSSL_free
[SGXSan] ALWAYS: Enter enc_wolfSSL_Init
[SGXSan] ALWAYS: Enter enc_wolfSSL_CTX_use_certificate_chain_buffer_format
[SGXSan] ALWAYS: Enter wc_benchmark_test
------------------------------------------------------------------------------
 wolfSSL version 5.1.0
------------------------------------------------------------------------------
wolfCrypt Benchmark (block bytes 1048576, min 1.0 sec each)
RNG                 15 MB took 1.159 seconds,   12.942 MB/s
AES-128-CBC-enc     35 MB took 1.086 seconds,   32.227 MB/s
AES-128-CBC-dec     35 MB took 1.159 seconds,   30.189 MB/s
AES-192-CBC-enc     30 MB took 1.076 seconds,   27.887 MB/s
AES-192-CBC-dec     30 MB took 1.179 seconds,   25.438 MB/s
AES-256-CBC-enc     25 MB took 1.011 seconds,   24.733 MB/s
AES-256-CBC-dec     25 MB took 1.081 seconds,   23.124 MB/s
AES-128-GCM-enc     25 MB took 1.093 seconds,   22.881 MB/s
AES-128-GCM-dec     25 MB took 1.083 seconds,   23.089 MB/s
AES-192-GCM-enc     25 MB took 1.222 seconds,   20.454 MB/s
AES-192-GCM-dec     25 MB took 1.203 seconds,   20.789 MB/s
AES-256-GCM-enc     20 MB took 1.041 seconds,   19.212 MB/s
AES-256-GCM-dec     20 MB took 1.056 seconds,   18.932 MB/s
GMAC Table 4-bit    68 MB took 1.004 seconds,   67.711 MB/s
RABBIT              90 MB took 1.013 seconds,   88.863 MB/s
3DES                10 MB took 1.114 seconds,    8.978 MB/s
MD5                300 MB took 1.011 seconds,  296.881 MB/s
SHA                130 MB took 1.035 seconds,  125.544 MB/s
SHA-256             30 MB took 1.004 seconds,   29.883 MB/s
HMAC-MD5           295 MB took 1.010 seconds,  292.054 MB/s
HMAC-SHA           120 MB took 1.004 seconds,  119.502 MB/s
HMAC-SHA256         30 MB took 1.006 seconds,   29.816 MB/s
PBKDF2               4 KB took 1.002 seconds,    3.648 KB/s
RSA     2048 public       1400 ops took 1.046 sec, avg 0.747 ms, 1338.025 ops/sec
RSA     2048 private       100 ops took 3.861 sec, avg 38.610 ms, 25.900 ops/sec
DH      2048 key gen        64 ops took 1.004 sec, avg 15.684 ms, 63.760 ops/sec
DH      2048 agree         100 ops took 1.604 sec, avg 16.039 ms, 62.348 ops/sec
ECC   [      SECP256R1]   256 key gen      1356 ops took 1.000 sec, avg 0.738 ms, 1355.772 ops/sec
ECDHE [      SECP256R1]   256 agree         900 ops took 1.067 sec, avg 1.186 ms, 843.376 ops/sec
ECDSA [      SECP256R1]   256 sign         1200 ops took 1.041 sec, avg 0.868 ms, 1152.340 ops/sec
ECDSA [      SECP256R1]   256 verify        900 ops took 1.082 sec, avg 1.202 ms, 831.918 ops/sec
Benchmark complete
[SGXSan] ALWAYS: Enter enc_wolfSSL_Debugging_ON
[SGXSan] ALWAYS: Enter wc_test
------------------------------------------------------------------------------
 wolfSSL version 5.1.0
------------------------------------------------------------------------------
error    test passed!
MEMORY   test passed!
base64   test passed!
asn      test passed!
RANDOM   test passed!
MD5      test passed!
MD4      test passed!
SHA      test passed!
SHA-256  test passed!
Hash     test passed!
HMAC-MD5 test passed!
HMAC-SHA test passed!
HMAC-SHA256 test passed!
GMAC     test passed!
HC-128   test passed!
Rabbit   test passed!
DES      test passed!
DES3     test passed!
AES      test passed!
AES192   test passed!
AES256   test passed!
AES-GCM  test passed!
RSA      test passed!
DH       test passed!
DSA      test passed!
PWDBASED test passed!
ECC      test passed!
ECC buffer test passed!
logging  test passed!
mutex    test passed!
memcb    test failed!
 error = -13803
[SGXSan] ALWAYS: Enter enc_wolfSSL_Cleanup
[SGXSan] ALWAYS: Enter enc_wolfSSL_write
[SGXSan] ALWAYS: Enter enc_wolfSSL_get_error
#8	pulse  cov: 6291 ft: 6291 corp: 1/361Kb lim: 1000000 exec/s: 0 rss: 86Mb
#8	DONE   cov: 6291 ft: 6291 corp: 1/361Kb lim: 1000000 exec/s: 0 rss: 86Mb
Done 8 runs in 341 second(s)
stat::number_of_executed_units: 8
stat::average_exec_per_sec:     0
stat::new_units_added:          0
stat::slowest_unit_time_sec:    43
stat::peak_rss_mb:              86
