WARNING: Failed to find function "__sanitizer_acquire_crash_state".
WARNING: Failed to find function "__sanitizer_print_stack_trace".
WARNING: Failed to find function "__sanitizer_set_death_callback".
[2023-01-15 18:04:52.425] [Init] Num of ECall: 22
[2023-01-15 18:04:52.425] ECalls:
  0 - fuzz_enc_wolfSSL_CTX_free
  1 - fuzz_enc_wolfSSL_CTX_load_verify_buffer
  2 - fuzz_enc_wolfSSL_CTX_new
  3 - fuzz_enc_wolfSSL_CTX_set_cipher_list
  4 - fuzz_enc_wolfSSL_CTX_use_PrivateKey_buffer
  5 - fuzz_enc_wolfSSL_CTX_use_certificate_buffer
  6 - fuzz_enc_wolfSSL_CTX_use_certificate_chain_buffer_format
  7 - fuzz_enc_wolfSSL_Cleanup
  8 - fuzz_enc_wolfSSL_Debugging_OFF
  9 - fuzz_enc_wolfSSL_Debugging_ON
  10 - fuzz_enc_wolfSSL_Init
  11 - fuzz_enc_wolfSSL_connect
  12 - fuzz_enc_wolfSSL_free
  13 - fuzz_enc_wolfSSL_get_error
  14 - fuzz_enc_wolfSSL_new
  15 - fuzz_enc_wolfSSL_read
  16 - fuzz_enc_wolfSSL_set_fd
  17 - fuzz_enc_wolfSSL_write
  18 - fuzz_enc_wolfTLSv1_2_client_method
  19 - fuzz_enc_wolfTLSv1_2_server_method
  20 - fuzz_wc_benchmark_test
  21 - fuzz_wc_test

INFO: found LLVMFuzzerCustomMutator (0x44ac30). Disabling -len_control by default.
INFO: libFuzzer ignores flags that start with '--'
INFO: Running with entropic power schedule (0xFF, 100).
INFO: Seed: 3275878988
INFO: Loaded 1 modules   (291 inline 8-bit counters): 291 [0x4cb7e8, 0x4cb90b), 
INFO: Loaded 1 PC tables (291 PCs): 291 [0x4cb910,0x4ccb40), 
INFO:        0 files found in /tmp/libFuzzerTemp.FuzzWithFork422940.dir/C135
[SGXSan] ALWAYS: Hook __sanitizer_cov_8bit_counters_init of Enclave, 21636 inline 8-bit counts [0x7f5943ab69c0, 0x7f5943abbe44) (First time)
[SGXSan] ALWAYS: Hook __sanitizer_cov_pcs_init of Enclave, 21636 PCs [0x7f5943abbe48, 0x7f5943b10688) (First time)
[SGXSan] ALWAYS: Enter enc_wolfSSL_CTX_free
[SGXSan] ALWAYS: Enter enc_wolfSSL_CTX_load_verify_buffer
[SGXSan] ALWAYS: Enter enc_wolfSSL_CTX_new
[SGXSan] ALWAYS: Enter enc_wolfSSL_CTX_set_cipher_list
[SGXSan] ALWAYS: Enter enc_wolfSSL_CTX_use_PrivateKey_buffer
[SGXSan] ALWAYS: Enter enc_wolfSSL_CTX_use_certificate_buffer
[SGXSan] ALWAYS: Enter enc_wolfSSL_CTX_use_certificate_chain_buffer_format
[SGXSan] ALWAYS: Enter enc_wolfSSL_Cleanup
[SGXSan] ALWAYS: Enter enc_wolfSSL_Debugging_OFF
[SGXSan] ALWAYS: Enter enc_wolfSSL_Debugging_ON
[SGXSan] ALWAYS: Enter enc_wolfSSL_Init
[SGXSan] ALWAYS: Enter enc_wolfSSL_connect
[SGXSan] ALWAYS: Enter enc_wolfSSL_free
[SGXSan] ALWAYS: Enter enc_wolfSSL_get_error
[SGXSan] ALWAYS: Enter enc_wolfSSL_new
[SGXSan] ALWAYS: Enter enc_wolfSSL_read
[SGXSan] ALWAYS: Enter enc_wolfSSL_set_fd
[SGXSan] ALWAYS: Enter enc_wolfSSL_write
[SGXSan] ALWAYS: Enter enc_wolfTLSv1_2_client_method
[SGXSan] ALWAYS: Enter enc_wolfTLSv1_2_server_method
[SGXSan] ALWAYS: Enter wc_benchmark_test
------------------------------------------------------------------------------
 wolfSSL version 5.1.0
------------------------------------------------------------------------------
wolfCrypt Benchmark (block bytes 1048576, min 1.0 sec each)
RNG                 10 MB took 1.288 seconds,    7.763 MB/s
AES-128-CBC-enc     20 MB took 1.129 seconds,   17.721 MB/s
AES-128-CBC-dec     20 MB took 1.216 seconds,   16.447 MB/s
AES-192-CBC-enc     20 MB took 1.300 seconds,   15.382 MB/s
AES-192-CBC-dec     20 MB took 1.043 seconds,   19.183 MB/s
AES-256-CBC-enc     30 MB took 1.201 seconds,   24.969 MB/s
AES-256-CBC-dec     25 MB took 1.061 seconds,   23.558 MB/s
AES-128-GCM-enc     25 MB took 1.051 seconds,   23.788 MB/s
AES-128-GCM-dec     25 MB took 1.048 seconds,   23.858 MB/s
AES-192-GCM-enc     25 MB took 1.172 seconds,   21.323 MB/s
AES-192-GCM-dec     25 MB took 1.166 seconds,   21.445 MB/s
AES-256-GCM-enc     20 MB took 1.010 seconds,   19.798 MB/s
AES-256-GCM-dec     20 MB took 1.023 seconds,   19.543 MB/s
GMAC Table 4-bit    69 MB took 1.006 seconds,   68.622 MB/s
RABBIT              95 MB took 1.048 seconds,   90.638 MB/s
3DES                10 MB took 1.082 seconds,    9.243 MB/s
MD5                305 MB took 1.004 seconds,  303.705 MB/s
SHA                130 MB took 1.024 seconds,  126.934 MB/s
SHA-256             35 MB took 1.131 seconds,   30.934 MB/s
HMAC-MD5           305 MB took 1.008 seconds,  302.510 MB/s
HMAC-SHA           130 MB took 1.010 seconds,  128.720 MB/s
HMAC-SHA256         35 MB took 1.137 seconds,   30.779 MB/s
PBKDF2               4 KB took 1.006 seconds,    3.760 KB/s
RSA     2048 public       1400 ops took 1.002 sec, avg 0.716 ms, 1397.086 ops/sec
RSA     2048 private       100 ops took 3.724 sec, avg 37.240 ms, 26.853 ops/sec
DH      2048 key gen        65 ops took 1.004 sec, avg 15.450 ms, 64.727 ops/sec
DH      2048 agree         100 ops took 1.558 sec, avg 15.579 ms, 64.189 ops/sec
ECC   [      SECP256R1]   256 key gen      1372 ops took 1.001 sec, avg 0.729 ms, 1371.128 ops/sec
ECDHE [      SECP256R1]   256 agree         900 ops took 1.022 sec, avg 1.135 ms, 880.854 ops/sec
ECDSA [      SECP256R1]   256 sign         1200 ops took 1.022 sec, avg 0.852 ms, 1174.210 ops/sec
ECDSA [      SECP256R1]   256 verify        900 ops took 1.075 sec, avg 1.194 ms, 837.347 ops/sec
Benchmark complete
[SGXSan] ALWAYS: Enter wc_test
INFO: seed corpus: files: 2 min: 370191b max: 370191b total: 740382b rss: 43Mb
------------------------------------------------------------------------------
 wolfSSL version 5.1.0
------------------------------------------------------------------------------
error    test passed!
MEMORY   test passed!
base64   test passed!
asn      test passed!
RANDOM   test passed!
MD5      test passed!
MD4      test passed!
SHA      test passed!
SHA-256  test passed!
Hash     test passed!
HMAC-MD5 test passed!
HMAC-SHA test passed!
HMAC-SHA256 test passed!
GMAC     test passed!
HC-128   test passed!
Rabbit   test passed!
DES      test passed!
DES3     test passed!
AES      test passed!
AES192   test passed!
AES256   test passed!
AES-GCM  test passed!
RSA      test passed!
DH       test passed!
DSA      test passed!
PWDBASED test passed!
ECC      test passed!
ECC buffer test passed!
logging  test passed!
mutex    test passed!
memcb    test passed!
Test complete
[SGXSan] ALWAYS: Enter enc_wolfSSL_connect
[SGXSan] ALWAYS: Enter enc_wolfSSL_free
[SGXSan] ALWAYS: Enter enc_wolfSSL_Init
[SGXSan] ALWAYS: Enter wc_benchmark_test
------------------------------------------------------------------------------
 wolfSSL version 5.1.0
------------------------------------------------------------------------------
wolfCrypt Benchmark (block bytes 1048576, min 1.0 sec each)
RNG                 15 MB took 1.235 seconds,   12.142 MB/s
AES-128-CBC-enc     20 MB took 1.129 seconds,   17.723 MB/s
AES-128-CBC-dec     20 MB took 1.182 seconds,   16.919 MB/s
AES-192-CBC-enc     20 MB took 1.289 seconds,   15.522 MB/s
AES-192-CBC-dec     15 MB took 1.014 seconds,   14.790 MB/s
AES-256-CBC-enc     15 MB took 1.048 seconds,   14.308 MB/s
AES-256-CBC-dec     15 MB took 1.112 seconds,   13.489 MB/s
AES-128-GCM-enc     15 MB took 1.101 seconds,   13.624 MB/s
AES-128-GCM-dec     20 MB took 1.195 seconds,   16.739 MB/s
AES-192-GCM-enc     25 MB took 1.165 seconds,   21.460 MB/s
AES-192-GCM-dec     25 MB took 1.155 seconds,   21.639 MB/s
AES-256-GCM-enc     20 MB took 1.036 seconds,   19.297 MB/s
AES-256-GCM-dec     20 MB took 1.006 seconds,   19.883 MB/s
GMAC Table 4-bit    69 MB took 1.013 seconds,   68.112 MB/s
RABBIT              95 MB took 1.035 seconds,   91.793 MB/s
3DES                10 MB took 1.085 seconds,    9.213 MB/s
MD5                300 MB took 1.012 seconds,  296.481 MB/s
SHA                130 MB took 1.034 seconds,  125.759 MB/s
SHA-256             35 MB took 1.161 seconds,   30.141 MB/s
HMAC-MD5           300 MB took 1.011 seconds,  296.735 MB/s
HMAC-SHA           130 MB took 1.019 seconds,  127.599 MB/s
HMAC-SHA256         35 MB took 1.151 seconds,   30.398 MB/s
PBKDF2               4 KB took 1.002 seconds,    3.712 KB/s
RSA     2048 public       1400 ops took 1.017 sec, avg 0.727 ms, 1376.448 ops/sec
RSA     2048 private       100 ops took 3.884 sec, avg 38.844 ms, 25.744 ops/sec
DH      2048 key gen        65 ops took 1.015 sec, avg 15.617 ms, 64.033 ops/sec
DH      2048 agree         100 ops took 1.604 sec, avg 16.045 ms, 62.325 ops/sec
ECC   [      SECP256R1]   256 key gen      1359 ops took 1.000 sec, avg 0.736 ms, 1358.381 ops/sec
ECDHE [      SECP256R1]   256 agree         900 ops took 1.036 sec, avg 1.151 ms, 868.505 ops/sec
ECDSA [      SECP256R1]   256 sign         1200 ops took 1.049 sec, avg 0.875 ms, 1143.509 ops/sec
ECDSA [      SECP256R1]   256 verify        900 ops took 1.090 sec, avg 1.211 ms, 825.560 ops/sec
Benchmark complete
[SGXSan] ALWAYS: Enter enc_wolfSSL_Debugging_ON
[SGXSan] ALWAYS: Enter enc_wolfSSL_read
[SGXSan] ALWAYS: Enter enc_wolfSSL_CTX_use_certificate_chain_buffer_format
[SGXSan] ALWAYS: Enter enc_wolfSSL_CTX_load_verify_buffer
[SGXSan] ALWAYS: Enter enc_wolfSSL_set_fd
[SGXSan] ALWAYS: Enter enc_wolfSSL_write
[SGXSan] ALWAYS: Enter enc_wolfSSL_Cleanup
[SGXSan] ALWAYS: Enter enc_wolfSSL_new
[SGXSan] ALWAYS: Enter enc_wolfSSL_CTX_set_cipher_list
[SGXSan] ALWAYS: Enter enc_wolfSSL_CTX_use_certificate_buffer
[SGXSan] ALWAYS: Enter enc_wolfSSL_CTX_use_PrivateKey_buffer
[SGXSan] ALWAYS: Enter enc_wolfSSL_get_error
[SGXSan] ALWAYS: Enter enc_wolfSSL_CTX_new
[SGXSan] ALWAYS: Enter enc_wolfTLSv1_2_client_method
[SGXSan] ALWAYS: Enter wc_test
------------------------------------------------------------------------------
 wolfSSL version 5.1.0
------------------------------------------------------------------------------
error    test passed!
MEMORY   test passed!
base64   test passed!
asn      test passed!
RANDOM   test passed!
MD5      test passed!
MD4      test passed!
SHA      test passed!
SHA-256  test passed!
Hash     test passed!
HMAC-MD5 test passed!
HMAC-SHA test passed!
HMAC-SHA256 test passed!
GMAC     test passed!
HC-128   test passed!
Rabbit   test passed!
DES      test passed!
DES3     test passed!
AES      test passed!
AES192   test passed!
AES256   test passed!
AES-GCM  test passed!
RSA      test passed!
DH       test passed!
DSA      test passed!
PWDBASED test passed!
ECC      test passed!
ECC buffer test passed!
logging  test passed!
mutex    test passed!
memcb    test failed!
 error = -13803
[SGXSan] ALWAYS: Enter enc_wolfTLSv1_2_server_method
[SGXSan] ALWAYS: Enter enc_wolfSSL_CTX_free
[SGXSan] ALWAYS: Enter enc_wolfSSL_Debugging_OFF
#2	pulse  ft: 6286 exec/s: 0 rss: 49Mb
Slowest unit: 43 s:
artifact_prefix='./crashes/'; Test unit written to ./crashes/slow-unit-b894a6ec387700716143ee6730621ec716a09440
[SGXSan] ALWAYS: Enter enc_wolfSSL_free
[SGXSan] ALWAYS: Enter enc_wolfSSL_write
[SGXSan] ALWAYS: Enter enc_wolfSSL_Cleanup
[SGXSan] ALWAYS: Enter enc_wolfSSL_CTX_use_certificate_buffer
[SGXSan] ALWAYS: Enter enc_wolfSSL_new
[SGXSan] ALWAYS: Enter enc_wolfSSL_CTX_use_PrivateKey_buffer
[SGXSan] ALWAYS: Enter enc_wolfSSL_CTX_new
[SGXSan] ALWAYS: Enter enc_wolfSSL_CTX_use_certificate_chain_buffer_format
[SGXSan] ALWAYS: Enter enc_wolfTLSv1_2_client_method
[SGXSan] ALWAYS: Enter enc_wolfSSL_connect
[SGXSan] ALWAYS: Enter enc_wolfSSL_Debugging_OFF
[SGXSan] ALWAYS: Enter enc_wolfTLSv1_2_server_method
[SGXSan] ALWAYS: Enter enc_wolfSSL_read
[SGXSan] ALWAYS: Enter wc_benchmark_test
------------------------------------------------------------------------------
 wolfSSL version 5.1.0
------------------------------------------------------------------------------
wolfCrypt Benchmark (block bytes 1048576, min 1.0 sec each)
RNG                 15 MB took 1.174 seconds,   12.774 MB/s
AES-128-CBC-enc     35 MB took 1.095 seconds,   31.957 MB/s
AES-128-CBC-dec     30 MB took 1.023 seconds,   29.320 MB/s
AES-192-CBC-enc     30 MB took 1.109 seconds,   27.044 MB/s
AES-192-CBC-dec     30 MB took 1.178 seconds,   25.477 MB/s
AES-256-CBC-enc     25 MB took 1.027 seconds,   24.340 MB/s
AES-256-CBC-dec     25 MB took 1.084 seconds,   23.061 MB/s
AES-128-GCM-enc     25 MB took 1.080 seconds,   23.157 MB/s
AES-128-GCM-dec     25 MB took 1.076 seconds,   23.237 MB/s
AES-192-GCM-enc     25 MB took 1.200 seconds,   20.830 MB/s
AES-192-GCM-dec     25 MB took 1.196 seconds,   20.910 MB/s
AES-256-GCM-enc     20 MB took 1.037 seconds,   19.282 MB/s
AES-256-GCM-dec     20 MB took 1.086 seconds,   18.423 MB/s
GMAC Table 4-bit    67 MB took 1.012 seconds,   66.234 MB/s
RABBIT              90 MB took 1.039 seconds,   86.635 MB/s
3DES                10 MB took 1.122 seconds,    8.914 MB/s
MD5                295 MB took 1.004 seconds,  293.841 MB/s
SHA                125 MB took 1.013 seconds,  123.353 MB/s
SHA-256             30 MB took 1.022 seconds,   29.353 MB/s
HMAC-MD5           295 MB took 1.005 seconds,  293.627 MB/s
HMAC-SHA           125 MB took 1.011 seconds,  123.605 MB/s
HMAC-SHA256         30 MB took 1.008 seconds,   29.776 MB/s
PBKDF2               4 KB took 1.005 seconds,    3.637 KB/s
RSA     2048 public       1400 ops took 1.041 sec, avg 0.744 ms, 1344.495 ops/sec
RSA     2048 private       100 ops took 4.073 sec, avg 40.732 ms, 24.551 ops/sec
DH      2048 key gen        64 ops took 1.014 sec, avg 15.838 ms, 63.141 ops/sec
DH      2048 agree         100 ops took 1.617 sec, avg 16.169 ms, 61.847 ops/sec
ECC   [      SECP256R1]   256 key gen      1359 ops took 1.000 sec, avg 0.736 ms, 1358.668 ops/sec
ECDHE [      SECP256R1]   256 agree         900 ops took 1.042 sec, avg 1.158 ms, 863.620 ops/sec
ECDSA [      SECP256R1]   256 sign         1200 ops took 1.044 sec, avg 0.870 ms, 1149.790 ops/sec
ECDSA [      SECP256R1]   256 verify        900 ops took 1.104 sec, avg 1.226 ms, 815.333 ops/sec
Benchmark complete
[SGXSan] ALWAYS: Enter enc_wolfSSL_get_error
[SGXSan] ALWAYS: Enter enc_wolfSSL_CTX_set_cipher_list
[SGXSan] ALWAYS: Enter enc_wolfSSL_Init
[SGXSan] ALWAYS: Enter wc_test
------------------------------------------------------------------------------
 wolfSSL version 5.1.0
------------------------------------------------------------------------------
error    test passed!
MEMORY   test passed!
base64   test passed!
asn      test passed!
RANDOM   test passed!
MD5      test passed!
MD4      test passed!
SHA      test passed!
SHA-256  test passed!
Hash     test passed!
HMAC-MD5 test passed!
HMAC-SHA test passed!
HMAC-SHA256 test passed!
GMAC     test passed!
HC-128   test passed!
Rabbit   test passed!
DES      test passed!
DES3     test passed!
AES      test passed!
AES192   test passed!
AES256   test passed!
AES-GCM  test passed!
RSA      test passed!
DH       test passed!
DSA      test passed!
PWDBASED test passed!
ECC      test passed!
ECC buffer test passed!
logging  test passed!
mutex    test passed!
memcb    test failed!
 error = -13803
[SGXSan] ALWAYS: Enter enc_wolfSSL_set_fd
[SGXSan] ALWAYS: Enter enc_wolfSSL_CTX_load_verify_buffer
[SGXSan] ALWAYS: Enter enc_wolfSSL_Debugging_ON
[SGXSan] ALWAYS: Enter enc_wolfSSL_CTX_free
#3	INITED cov: 6286 ft: 6286 corp: 1/361Kb exec/s: 0 rss: 58Mb
[SGXSan] ALWAYS: Enter enc_wolfSSL_connect
[SGXSan] ALWAYS: Enter enc_wolfSSL_free
[SGXSan] ALWAYS: Enter enc_wolfSSL_Init
[SGXSan] ALWAYS: Enter wc_benchmark_test
------------------------------------------------------------------------------
 wolfSSL version 5.1.0
------------------------------------------------------------------------------
wolfCrypt Benchmark (block bytes 1048576, min 1.0 sec each)
RNG                 15 MB took 1.151 seconds,   13.033 MB/s
AES-128-CBC-enc     30 MB took 1.054 seconds,   28.462 MB/s
AES-128-CBC-dec     30 MB took 1.029 seconds,   29.163 MB/s
AES-192-CBC-enc     30 MB took 1.095 seconds,   27.390 MB/s
AES-192-CBC-dec     30 MB took 1.168 seconds,   25.692 MB/s
AES-256-CBC-enc     25 MB took 1.042 seconds,   24.000 MB/s
AES-256-CBC-dec     25 MB took 1.104 seconds,   22.641 MB/s
AES-128-GCM-enc     25 MB took 1.092 seconds,   22.893 MB/s
AES-128-GCM-dec     25 MB took 1.079 seconds,   23.161 MB/s
AES-192-GCM-enc     25 MB took 1.204 seconds,   20.767 MB/s
AES-192-GCM-dec     25 MB took 1.187 seconds,   21.053 MB/s
AES-256-GCM-enc     20 MB took 1.062 seconds,   18.840 MB/s
AES-256-GCM-dec     20 MB took 1.064 seconds,   18.799 MB/s
GMAC Table 4-bit    66 MB took 1.006 seconds,   65.631 MB/s
RABBIT              90 MB took 1.037 seconds,   86.807 MB/s
3DES                10 MB took 1.131 seconds,    8.839 MB/s
MD5                295 MB took 1.012 seconds,  291.550 MB/s
SHA                125 MB took 1.019 seconds,  122.641 MB/s
SHA-256             30 MB took 1.014 seconds,   29.586 MB/s
HMAC-MD5           300 MB took 1.014 seconds,  295.993 MB/s
HMAC-SHA           125 MB took 1.007 seconds,  124.076 MB/s
HMAC-SHA256         30 MB took 1.011 seconds,   29.681 MB/s
PBKDF2               4 KB took 1.003 seconds,    3.582 KB/s
RSA     2048 public       1400 ops took 1.040 sec, avg 0.743 ms, 1345.923 ops/sec
RSA     2048 private       100 ops took 3.830 sec, avg 38.299 ms, 26.110 ops/sec
DH      2048 key gen        62 ops took 1.003 sec, avg 16.171 ms, 61.838 ops/sec
DH      2048 agree         100 ops took 1.652 sec, avg 16.520 ms, 60.533 ops/sec
ECC   [      SECP256R1]   256 key gen      1344 ops took 1.001 sec, avg 0.745 ms, 1343.170 ops/sec
ECDHE [      SECP256R1]   256 agree         900 ops took 1.050 sec, avg 1.167 ms, 856.794 ops/sec
ECDSA [      SECP256R1]   256 sign         1200 ops took 1.037 sec, avg 0.864 ms, 1157.334 ops/sec
ECDSA [      SECP256R1]   256 verify        900 ops took 1.096 sec, avg 1.217 ms, 821.376 ops/sec
Benchmark complete
[SGXSan] ALWAYS: Enter enc_wolfSSL_Debugging_ON
[SGXSan] ALWAYS: Enter enc_wolfSSL_read
[SGXSan] ALWAYS: Enter enc_wolfSSL_CTX_use_certificate_chain_buffer_format
[SGXSan] ALWAYS: Enter enc_wolfSSL_CTX_load_verify_buffer
[SGXSan] ALWAYS: Enter enc_wolfSSL_set_fd
[SGXSan] ALWAYS: Enter enc_wolfSSL_write
[SGXSan] ALWAYS: Enter enc_wolfSSL_Cleanup
[SGXSan] ALWAYS: Enter enc_wolfSSL_new
[SGXSan] ALWAYS: Enter enc_wolfSSL_CTX_set_cipher_list
[SGXSan] ALWAYS: Enter enc_wolfSSL_CTX_use_certificate_buffer
[SGXSan] ALWAYS: Enter enc_wolfSSL_CTX_use_PrivateKey_buffer
[SGXSan] ALWAYS: Enter enc_wolfSSL_get_error
[SGXSan] ALWAYS: Enter enc_wolfSSL_CTX_new
[SGXSan] ALWAYS: Enter enc_wolfTLSv1_2_client_method
[SGXSan] ALWAYS: Enter wc_test
------------------------------------------------------------------------------
 wolfSSL version 5.1.0
------------------------------------------------------------------------------
error    test passed!
MEMORY   test passed!
base64   test passed!
asn      test passed!
RANDOM   test passed!
MD5      test passed!
MD4      test passed!
SHA      test passed!
SHA-256  test passed!
Hash     test passed!
HMAC-MD5 test passed!
HMAC-SHA test passed!
HMAC-SHA256 test passed!
GMAC     test passed!
HC-128   test passed!
Rabbit   test passed!
DES      test passed!
DES3     test passed!
AES      test passed!
AES192   test passed!
AES256   test passed!
AES-GCM  test passed!
RSA      test passed!
DH       test passed!
DSA      test passed!
PWDBASED test passed!
ECC      test passed!
ECC buffer test passed!
logging  test passed!
mutex    test passed!
memcb    test failed!
 error = -13803
[SGXSan] ALWAYS: Enter enc_wolfTLSv1_2_server_method
[SGXSan] ALWAYS: Enter enc_wolfSSL_CTX_free
[SGXSan] ALWAYS: Enter enc_wolfSSL_Debugging_OFF
#4	pulse  cov: 6286 ft: 6286 corp: 1/361Kb lim: 1000000 exec/s: 0 rss: 63Mb
[SGXSan] ALWAYS: Enter enc_wolfSSL_connect
[SGXSan] ALWAYS: Enter enc_wolfSSL_free
[SGXSan] ALWAYS: Enter enc_wolfSSL_Init
[SGXSan] ALWAYS: Enter wc_benchmark_test
------------------------------------------------------------------------------
 wolfSSL version 5.1.0
------------------------------------------------------------------------------
wolfCrypt Benchmark (block bytes 1048576, min 1.0 sec each)
RNG                 15 MB took 1.185 seconds,   12.662 MB/s
AES-128-CBC-enc     35 MB took 1.073 seconds,   32.624 MB/s
AES-128-CBC-dec     30 MB took 1.004 seconds,   29.867 MB/s
AES-192-CBC-enc     30 MB took 1.073 seconds,   27.969 MB/s
AES-192-CBC-dec     30 MB took 1.178 seconds,   25.459 MB/s
AES-256-CBC-enc     30 MB took 1.175 seconds,   25.521 MB/s
AES-256-CBC-dec     25 MB took 1.032 seconds,   24.227 MB/s
AES-128-GCM-enc     25 MB took 1.058 seconds,   23.638 MB/s
AES-128-GCM-dec     25 MB took 1.078 seconds,   23.196 MB/s
AES-192-GCM-enc     25 MB took 1.198 seconds,   20.874 MB/s
AES-192-GCM-dec     25 MB took 1.205 seconds,   20.739 MB/s
AES-256-GCM-enc     20 MB took 1.038 seconds,   19.265 MB/s
AES-256-GCM-dec     20 MB took 1.033 seconds,   19.363 MB/s
GMAC Table 4-bit    66 MB took 1.007 seconds,   65.568 MB/s
RABBIT              95 MB took 1.047 seconds,   90.733 MB/s
3DES                10 MB took 1.087 seconds,    9.197 MB/s
MD5                305 MB took 1.005 seconds,  303.550 MB/s
SHA                130 MB took 1.012 seconds,  128.456 MB/s
SHA-256             35 MB took 1.142 seconds,   30.645 MB/s
HMAC-MD5           305 MB took 1.007 seconds,  302.897 MB/s
HMAC-SHA           130 MB took 1.017 seconds,  127.883 MB/s
HMAC-SHA256         35 MB took 1.129 seconds,   31.001 MB/s
PBKDF2               4 KB took 1.007 seconds,    3.786 KB/s
RSA     2048 public       1400 ops took 1.005 sec, avg 0.718 ms, 1392.479 ops/sec
RSA     2048 private       100 ops took 3.697 sec, avg 36.972 ms, 27.048 ops/sec
DH      2048 key gen        63 ops took 1.021 sec, avg 16.202 ms, 61.722 ops/sec
DH      2048 agree         100 ops took 2.078 sec, avg 20.778 ms, 48.128 ops/sec
ECC   [      SECP256R1]   256 key gen      1374 ops took 1.001 sec, avg 0.728 ms, 1373.046 ops/sec
ECDHE [      SECP256R1]   256 agree         900 ops took 1.011 sec, avg 1.124 ms, 890.063 ops/sec
ECDSA [      SECP256R1]   256 sign         1200 ops took 1.024 sec, avg 0.853 ms, 1171.878 ops/sec
ECDSA [      SECP256R1]   256 verify        900 ops took 1.035 sec, avg 1.150 ms, 869.278 ops/sec
Benchmark complete
[SGXSan] ALWAYS: Enter enc_wolfSSL_Debugging_ON
[SGXSan] ALWAYS: Enter enc_wolfSSL_read
[SGXSan] ALWAYS: Enter enc_wolfSSL_CTX_use_certificate_chain_buffer_format
[SGXSan] ALWAYS: Enter enc_wolfSSL_CTX_load_verify_buffer
[SGXSan] ALWAYS: Enter enc_wolfSSL_set_fd
[SGXSan] ALWAYS: Enter enc_wolfSSL_write
[SGXSan] ALWAYS: Enter enc_wolfSSL_Cleanup
[SGXSan] ALWAYS: Enter enc_wolfSSL_new
[SGXSan] ALWAYS: Enter enc_wolfSSL_CTX_set_cipher_list
[SGXSan] ALWAYS: Enter enc_wolfSSL_CTX_use_certificate_buffer
[SGXSan] ALWAYS: Enter enc_wolfSSL_CTX_use_PrivateKey_buffer
[SGXSan] ALWAYS: Enter enc_wolfSSL_get_error
[SGXSan] ALWAYS: Enter enc_wolfSSL_CTX_new
[SGXSan] ALWAYS: Enter enc_wolfTLSv1_2_client_method
[SGXSan] ALWAYS: Enter wc_test
------------------------------------------------------------------------------
 wolfSSL version 5.1.0
------------------------------------------------------------------------------
error    test passed!
MEMORY   test passed!
base64   test passed!
asn      test passed!
RANDOM   test passed!
MD5      test passed!
MD4      test passed!
SHA      test passed!
SHA-256  test passed!
Hash     test passed!
HMAC-MD5 test passed!
HMAC-SHA test passed!
HMAC-SHA256 test passed!
GMAC     test passed!
HC-128   test passed!
Rabbit   test passed!
DES      test passed!
DES3     test passed!
AES      test passed!
AES192   test passed!
AES256   test passed!
AES-GCM  test passed!
RSA      test passed!
DH       test passed!
DSA      test passed!
PWDBASED test passed!
ECC      test passed!
ECC buffer test passed!
logging  test passed!
mutex    test passed!
memcb    test failed!
 error = -13803
[SGXSan] ALWAYS: Enter enc_wolfTLSv1_2_server_method
[SGXSan] ALWAYS: Enter enc_wolfSSL_CTX_free
[SGXSan] ALWAYS: Enter enc_wolfSSL_Debugging_OFF
[SGXSan] ALWAYS: Enter enc_wolfSSL_connect
[SGXSan] ALWAYS: Enter enc_wolfSSL_free
[SGXSan] ALWAYS: Enter enc_wolfSSL_Init
[SGXSan] ALWAYS: Enter wc_benchmark_test
------------------------------------------------------------------------------
 wolfSSL version 5.1.0
------------------------------------------------------------------------------
wolfCrypt Benchmark (block bytes 1048576, min 1.0 sec each)
RNG                 15 MB took 1.160 seconds,   12.932 MB/s
AES-128-CBC-enc     35 MB took 1.068 seconds,   32.781 MB/s
AES-128-CBC-dec     30 MB took 1.004 seconds,   29.868 MB/s
AES-192-CBC-enc     30 MB took 1.065 seconds,   28.182 MB/s
AES-192-CBC-dec     20 MB took 1.062 seconds,   18.826 MB/s
AES-256-CBC-enc     15 MB took 1.080 seconds,   13.892 MB/s
AES-256-CBC-dec     15 MB took 1.143 seconds,   13.127 MB/s
AES-128-GCM-enc     15 MB took 1.104 seconds,   13.582 MB/s
AES-128-GCM-dec     20 MB took 1.109 seconds,   18.038 MB/s
AES-192-GCM-enc     25 MB took 1.175 seconds,   21.270 MB/s
AES-192-GCM-dec     25 MB took 1.162 seconds,   21.515 MB/s
AES-256-GCM-enc     20 MB took 1.014 seconds,   19.723 MB/s
AES-256-GCM-dec     20 MB took 1.032 seconds,   19.380 MB/s
GMAC Table 4-bit    69 MB took 1.010 seconds,   68.338 MB/s
RABBIT              95 MB took 1.045 seconds,   90.923 MB/s
3DES                10 MB took 1.074 seconds,    9.312 MB/s
MD5                305 MB took 1.006 seconds,  303.176 MB/s
SHA                130 MB took 1.023 seconds,  127.035 MB/s
SHA-256             35 MB took 1.128 seconds,   31.024 MB/s
HMAC-MD5           305 MB took 1.005 seconds,  303.446 MB/s
HMAC-SHA           130 MB took 1.012 seconds,  128.450 MB/s
HMAC-SHA256         35 MB took 1.139 seconds,   30.733 MB/s
PBKDF2               4 KB took 1.007 seconds,    3.788 KB/s
RSA     2048 public       1400 ops took 1.008 sec, avg 0.720 ms, 1389.309 ops/sec
RSA     2048 private       100 ops took 3.789 sec, avg 37.889 ms, 26.393 ops/sec
DH      2048 key gen        62 ops took 1.007 sec, avg 16.241 ms, 61.574 ops/sec
DH      2048 agree         100 ops took 1.598 sec, avg 15.978 ms, 62.587 ops/sec
ECC   [      SECP256R1]   256 key gen      1366 ops took 1.000 sec, avg 0.732 ms, 1365.617 ops/sec
ECDHE [      SECP256R1]   256 agree         900 ops took 1.046 sec, avg 1.162 ms, 860.615 ops/sec
ECDSA [      SECP256R1]   256 sign         1200 ops took 1.051 sec, avg 0.876 ms, 1141.681 ops/sec
ECDSA [      SECP256R1]   256 verify        900 ops took 1.047 sec, avg 1.163 ms, 859.979 ops/sec
Benchmark complete
[SGXSan] ALWAYS: Enter enc_wolfSSL_Debugging_ON
[SGXSan] ALWAYS: Enter enc_wolfSSL_read
[SGXSan] ALWAYS: Enter enc_wolfSSL_CTX_use_certificate_chain_buffer_format
[SGXSan] ALWAYS: Enter enc_wolfSSL_CTX_load_verify_buffer
[SGXSan] ALWAYS: Enter enc_wolfSSL_set_fd
[SGXSan] ALWAYS: Enter enc_wolfSSL_write
[SGXSan] ALWAYS: Enter enc_wolfSSL_Cleanup
[SGXSan] ALWAYS: Enter enc_wolfSSL_new
[SGXSan] ALWAYS: Enter enc_wolfSSL_CTX_set_cipher_list
[SGXSan] ALWAYS: Enter enc_wolfSSL_CTX_use_certificate_buffer
[SGXSan] ALWAYS: Enter enc_wolfSSL_CTX_use_PrivateKey_buffer
[SGXSan] ALWAYS: Enter enc_wolfSSL_get_error
[SGXSan] ALWAYS: Enter enc_wolfSSL_CTX_new
[SGXSan] ALWAYS: Enter enc_wolfTLSv1_2_client_method
[SGXSan] ALWAYS: Enter wc_test
------------------------------------------------------------------------------
 wolfSSL version 5.1.0
------------------------------------------------------------------------------
error    test passed!
MEMORY   test passed!
base64   test passed!
asn      test passed!
RANDOM   test passed!
MD5      test passed!
MD4      test passed!
SHA      test passed!
SHA-256  test passed!
Hash     test passed!
HMAC-MD5 test passed!
HMAC-SHA test passed!
HMAC-SHA256 test passed!
GMAC     test passed!
HC-128   test passed!
Rabbit   test passed!
DES      test passed!
DES3     test passed!
AES      test passed!
AES192   test passed!
AES256   test passed!
AES-GCM  test passed!
RSA      test passed!
DH       test passed!
DSA      test passed!
PWDBASED test passed!
ECC      test passed!
ECC buffer test passed!
logging  test passed!
mutex    test passed!
memcb    test failed!
 error = -13803
[SGXSan] ALWAYS: Enter enc_wolfTLSv1_2_server_method
[SGXSan] ALWAYS: Enter enc_wolfSSL_CTX_free
[SGXSan] ALWAYS: Enter enc_wolfSSL_Debugging_OFF
[SGXSan] ALWAYS: Enter enc_wolfSSL_new
[SGXSan] ALWAYS: Enter enc_wolfSSL_CTX_use_PrivateKey_buffer
[SGXSan] ALWAYS: Enter enc_wolfSSL_write
[SGXSan] ALWAYS: Enter enc_wolfSSL_Debugging_OFF
[SGXSan] ALWAYS: Enter enc_wolfSSL_CTX_new
[SGXSan] ALWAYS: Enter enc_wolfSSL_Init
[SGXSan] ALWAYS: Enter enc_wolfSSL_get_error
[SGXSan] ALWAYS: Enter enc_wolfSSL_CTX_set_cipher_list
[SGXSan] ALWAYS: Enter enc_wolfSSL_CTX_use_certificate_buffer
[SGXSan] ALWAYS: Enter enc_wolfTLSv1_2_client_method
[SGXSan] ALWAYS: Enter enc_wolfSSL_CTX_load_verify_buffer
[SGXSan] ALWAYS: Enter enc_wolfSSL_free
[SGXSan] ALWAYS: Enter enc_wolfSSL_set_fd
[SGXSan] ALWAYS: Enter enc_wolfTLSv1_2_server_method
[SGXSan] ALWAYS: Enter wc_benchmark_test
------------------------------------------------------------------------------
 wolfSSL version 5.1.0
------------------------------------------------------------------------------
wolfCrypt Benchmark (block bytes 1048576, min 1.0 sec each)
RNG                 15 MB took 1.149 seconds,   13.059 MB/s
AES-128-CBC-enc     35 MB took 1.090 seconds,   32.112 MB/s
AES-128-CBC-dec     30 MB took 1.010 seconds,   29.695 MB/s
AES-192-CBC-enc     30 MB took 1.079 seconds,   27.802 MB/s
AES-192-CBC-dec     30 MB took 1.139 seconds,   26.348 MB/s
AES-256-CBC-enc     30 MB took 1.194 seconds,   25.127 MB/s
AES-256-CBC-dec     25 MB took 1.050 seconds,   23.816 MB/s
AES-128-GCM-enc     25 MB took 1.047 seconds,   23.868 MB/s
AES-128-GCM-dec     25 MB took 1.053 seconds,   23.738 MB/s
AES-192-GCM-enc     25 MB took 1.202 seconds,   20.796 MB/s
AES-192-GCM-dec     25 MB took 1.186 seconds,   21.079 MB/s
AES-256-GCM-enc     20 MB took 1.064 seconds,   18.790 MB/s
AES-256-GCM-dec     20 MB took 1.050 seconds,   19.052 MB/s
GMAC Table 4-bit    67 MB took 1.001 seconds,   66.956 MB/s
RABBIT              90 MB took 1.012 seconds,   88.924 MB/s
3DES                10 MB took 1.103 seconds,    9.070 MB/s
MD5                295 MB took 1.008 seconds,  292.618 MB/s
SHA                130 MB took 1.017 seconds,  127.776 MB/s
SHA-256             35 MB took 1.133 seconds,   30.904 MB/s
HMAC-MD5           305 MB took 1.001 seconds,  304.701 MB/s
HMAC-SHA           130 MB took 1.016 seconds,  128.010 MB/s
HMAC-SHA256         35 MB took 1.142 seconds,   30.654 MB/s
PBKDF2               4 KB took 1.001 seconds,    3.779 KB/s
RSA     2048 public       1400 ops took 1.002 sec, avg 0.716 ms, 1397.549 ops/sec
RSA     2048 private       100 ops took 3.745 sec, avg 37.448 ms, 26.704 ops/sec
DH      2048 key gen        63 ops took 1.003 sec, avg 15.927 ms, 62.787 ops/sec
DH      2048 agree         100 ops took 1.573 sec, avg 15.729 ms, 63.576 ops/sec
ECC   [      SECP256R1]   256 key gen      1011 ops took 1.000 sec, avg 0.989 ms, 1010.922 ops/sec
ECDHE [      SECP256R1]   256 agree         900 ops took 1.020 sec, avg 1.134 ms, 882.022 ops/sec
ECDSA [      SECP256R1]   256 sign         1200 ops took 1.033 sec, avg 0.861 ms, 1161.970 ops/sec
ECDSA [      SECP256R1]   256 verify        900 ops took 1.050 sec, avg 1.167 ms, 856.956 ops/sec
Benchmark complete
[SGXSan] ALWAYS: Enter enc_wolfSSL_connect
[SGXSan] ALWAYS: Enter wc_test
------------------------------------------------------------------------------
 wolfSSL version 5.1.0
------------------------------------------------------------------------------
error    test passed!
MEMORY   test passed!
base64   test passed!
asn      test passed!
RANDOM   test passed!
MD5      test passed!
MD4      test passed!
SHA      test passed!
SHA-256  test passed!
Hash     test passed!
HMAC-MD5 test passed!
HMAC-SHA test passed!
HMAC-SHA256 test passed!
GMAC     test passed!
HC-128   test passed!
Rabbit   test passed!
DES      test passed!
DES3     test passed!
AES      test passed!
AES192   test passed!
AES256   test passed!
AES-GCM  test passed!
RSA      test passed!
DH       test passed!
DSA      test passed!
PWDBASED test passed!
ECC      test passed!
ECC buffer test passed!
logging  test passed!
mutex    test passed!
memcb    test failed!
 error = -13803
[SGXSan] ALWAYS: Enter enc_wolfSSL_CTX_free
[SGXSan] ALWAYS: Enter enc_wolfSSL_Debugging_ON
[SGXSan] ALWAYS: Enter enc_wolfSSL_CTX_use_certificate_chain_buffer_format
[SGXSan] ALWAYS: Enter enc_wolfSSL_Cleanup
[SGXSan] ALWAYS: Enter enc_wolfSSL_read
#7	NEW    cov: 6286 ft: 6291 corp: 2/723Kb lim: 1000000 exec/s: 0 rss: 81Mb L: 370191/370191 MS: 8 ChangeASCIIInt-Custom-ShuffleBytes-Custom-CMP-Custom-InsertRepeatedBytes-Custom- DE: "__asan_report_load2"-
#7	DONE   cov: 6286 ft: 6291 corp: 2/723Kb lim: 1000000 exec/s: 0 rss: 81Mb
###### Recommended dictionary. ######
"__asan_report_load2" # Uses: 0
###### End of recommended dictionary. ######
Done 7 runs in 298 second(s)
stat::number_of_executed_units: 7
stat::average_exec_per_sec:     0
stat::new_units_added:          1
stat::slowest_unit_time_sec:    43
stat::peak_rss_mb:              81
