WARNING: Failed to find function "__sanitizer_acquire_crash_state".
WARNING: Failed to find function "__sanitizer_print_stack_trace".
WARNING: Failed to find function "__sanitizer_set_death_callback".
[2023-01-15 18:06:02.469] [Init] Num of ECall: 22
[2023-01-15 18:06:02.469] ECalls:
  0 - fuzz_enc_wolfSSL_CTX_free
  1 - fuzz_enc_wolfSSL_CTX_load_verify_buffer
  2 - fuzz_enc_wolfSSL_CTX_new
  3 - fuzz_enc_wolfSSL_CTX_set_cipher_list
  4 - fuzz_enc_wolfSSL_CTX_use_PrivateKey_buffer
  5 - fuzz_enc_wolfSSL_CTX_use_certificate_buffer
  6 - fuzz_enc_wolfSSL_CTX_use_certificate_chain_buffer_format
  7 - fuzz_enc_wolfSSL_Cleanup
  8 - fuzz_enc_wolfSSL_Debugging_OFF
  9 - fuzz_enc_wolfSSL_Debugging_ON
  10 - fuzz_enc_wolfSSL_Init
  11 - fuzz_enc_wolfSSL_connect
  12 - fuzz_enc_wolfSSL_free
  13 - fuzz_enc_wolfSSL_get_error
  14 - fuzz_enc_wolfSSL_new
  15 - fuzz_enc_wolfSSL_read
  16 - fuzz_enc_wolfSSL_set_fd
  17 - fuzz_enc_wolfSSL_write
  18 - fuzz_enc_wolfTLSv1_2_client_method
  19 - fuzz_enc_wolfTLSv1_2_server_method
  20 - fuzz_wc_benchmark_test
  21 - fuzz_wc_test

INFO: found LLVMFuzzerCustomMutator (0x44ac30). Disabling -len_control by default.
INFO: libFuzzer ignores flags that start with '--'
INFO: Running with entropic power schedule (0xFF, 100).
INFO: Seed: 305908469
INFO: Loaded 1 modules   (291 inline 8-bit counters): 291 [0x4cb7e8, 0x4cb90b), 
INFO: Loaded 1 PC tables (291 PCs): 291 [0x4cb910,0x4ccb40), 
INFO:        0 files found in /tmp/libFuzzerTemp.FuzzWithFork422940.dir/C136
[SGXSan] ALWAYS: Hook __sanitizer_cov_8bit_counters_init of Enclave, 21636 inline 8-bit counts [0x7f3f53dfc9c0, 0x7f3f53e01e44) (First time)
[SGXSan] ALWAYS: Hook __sanitizer_cov_pcs_init of Enclave, 21636 PCs [0x7f3f53e01e48, 0x7f3f53e56688) (First time)
[SGXSan] ALWAYS: Enter enc_wolfSSL_CTX_free
[SGXSan] ALWAYS: Enter enc_wolfSSL_CTX_load_verify_buffer
[SGXSan] ALWAYS: Enter enc_wolfSSL_CTX_new
[SGXSan] ALWAYS: Enter enc_wolfSSL_CTX_set_cipher_list
[SGXSan] ALWAYS: Enter enc_wolfSSL_CTX_use_PrivateKey_buffer
[SGXSan] ALWAYS: Enter enc_wolfSSL_CTX_use_certificate_buffer
[SGXSan] ALWAYS: Enter enc_wolfSSL_CTX_use_certificate_chain_buffer_format
[SGXSan] ALWAYS: Enter enc_wolfSSL_Cleanup
[SGXSan] ALWAYS: Enter enc_wolfSSL_Debugging_OFF
[SGXSan] ALWAYS: Enter enc_wolfSSL_Debugging_ON
[SGXSan] ALWAYS: Enter enc_wolfSSL_Init
[SGXSan] ALWAYS: Enter enc_wolfSSL_connect
[SGXSan] ALWAYS: Enter enc_wolfSSL_free
[SGXSan] ALWAYS: Enter enc_wolfSSL_get_error
[SGXSan] ALWAYS: Enter enc_wolfSSL_new
[SGXSan] ALWAYS: Enter enc_wolfSSL_read
[SGXSan] ALWAYS: Enter enc_wolfSSL_set_fd
[SGXSan] ALWAYS: Enter enc_wolfSSL_write
[SGXSan] ALWAYS: Enter enc_wolfTLSv1_2_client_method
[SGXSan] ALWAYS: Enter enc_wolfTLSv1_2_server_method
[SGXSan] ALWAYS: Enter wc_benchmark_test
------------------------------------------------------------------------------
 wolfSSL version 5.1.0
------------------------------------------------------------------------------
wolfCrypt Benchmark (block bytes 1048576, min 1.0 sec each)
RNG                 15 MB took 1.154 seconds,   13.001 MB/s
AES-128-CBC-enc     35 MB took 1.086 seconds,   32.234 MB/s
AES-128-CBC-dec     30 MB took 1.007 seconds,   29.778 MB/s
AES-192-CBC-enc     25 MB took 1.133 seconds,   22.071 MB/s
AES-192-CBC-dec     15 MB took 1.020 seconds,   14.711 MB/s
AES-256-CBC-enc     15 MB took 1.067 seconds,   14.053 MB/s
AES-256-CBC-dec     15 MB took 1.127 seconds,   13.305 MB/s
AES-128-GCM-enc     15 MB took 1.101 seconds,   13.625 MB/s
AES-128-GCM-dec     15 MB took 1.104 seconds,   13.587 MB/s
AES-192-GCM-enc     15 MB took 1.234 seconds,   12.157 MB/s
AES-192-GCM-dec     15 MB took 1.243 seconds,   12.069 MB/s
AES-256-GCM-enc     15 MB took 1.354 seconds,   11.075 MB/s
AES-256-GCM-dec     20 MB took 1.067 seconds,   18.748 MB/s
GMAC Table 4-bit    43 MB took 1.002 seconds,   42.909 MB/s
RABBIT              50 MB took 1.002 seconds,   49.903 MB/s
3DES                10 MB took 1.852 seconds,    5.400 MB/s
MD5                195 MB took 1.016 seconds,  191.934 MB/s
SHA                 75 MB took 1.061 seconds,   70.679 MB/s
SHA-256             30 MB took 1.091 seconds,   27.505 MB/s
HMAC-MD5           295 MB took 1.007 seconds,  292.886 MB/s
HMAC-SHA           125 MB took 1.013 seconds,  123.375 MB/s
HMAC-SHA256         35 MB took 1.167 seconds,   29.995 MB/s
PBKDF2               4 KB took 1.004 seconds,    3.737 KB/s
RSA     2048 public       1400 ops took 1.027 sec, avg 0.734 ms, 1363.236 ops/sec
RSA     2048 private       100 ops took 5.468 sec, avg 54.684 ms, 18.287 ops/sec
DH      2048 key gen        62 ops took 1.000 sec, avg 16.137 ms, 61.970 ops/sec
DH      2048 agree         100 ops took 1.600 sec, avg 16.005 ms, 62.481 ops/sec
ECC   [      SECP256R1]   256 key gen      1348 ops took 1.001 sec, avg 0.742 ms, 1347.221 ops/sec
ECDHE [      SECP256R1]   256 agree         900 ops took 1.052 sec, avg 1.169 ms, 855.509 ops/sec
ECDSA [      SECP256R1]   256 sign         1200 ops took 1.034 sec, avg 0.861 ms, 1160.814 ops/sec
ECDSA [      SECP256R1]   256 verify        900 ops took 1.093 sec, avg 1.214 ms, 823.626 ops/sec
Benchmark complete
[SGXSan] ALWAYS: Enter wc_test
INFO: seed corpus: files: 2 min: 370191b max: 370191b total: 740382b rss: 43Mb
------------------------------------------------------------------------------
 wolfSSL version 5.1.0
------------------------------------------------------------------------------
error    test passed!
MEMORY   test passed!
base64   test passed!
asn      test passed!
RANDOM   test passed!
MD5      test passed!
MD4      test passed!
SHA      test passed!
SHA-256  test passed!
Hash     test passed!
HMAC-MD5 test passed!
HMAC-SHA test passed!
HMAC-SHA256 test passed!
GMAC     test passed!
HC-128   test passed!
Rabbit   test passed!
DES      test passed!
DES3     test passed!
AES      test passed!
AES192   test passed!
AES256   test passed!
AES-GCM  test passed!
RSA      test passed!
DH       test passed!
DSA      test passed!
PWDBASED test passed!
ECC      test passed!
ECC buffer test passed!
logging  test passed!
mutex    test passed!
memcb    test passed!
Test complete
[SGXSan] ALWAYS: Enter enc_wolfSSL_new
[SGXSan] ALWAYS: Enter wc_test
------------------------------------------------------------------------------
 wolfSSL version 5.1.0
------------------------------------------------------------------------------
error    test passed!
MEMORY   test passed!
base64   test passed!
asn      test passed!
RANDOM   test passed!
MD5      test passed!
MD4      test passed!
SHA      test passed!
SHA-256  test passed!
Hash     test passed!
HMAC-MD5 test passed!
HMAC-SHA test passed!
HMAC-SHA256 test passed!
GMAC     test passed!
HC-128   test passed!
Rabbit   test passed!
DES      test passed!
DES3     test passed!
AES      test passed!
AES192   test passed!
AES256   test passed!
AES-GCM  test passed!
RSA      test passed!
DH       test passed!
DSA      test passed!
PWDBASED test passed!
ECC      test passed!
ECC buffer test passed!
logging  test passed!
mutex    test passed!
memcb    test failed!
 error = -13803
[SGXSan] ALWAYS: Enter enc_wolfSSL_read
[SGXSan] ALWAYS: Enter enc_wolfSSL_Debugging_ON
[SGXSan] ALWAYS: Enter enc_wolfSSL_CTX_use_PrivateKey_buffer
[SGXSan] ALWAYS: Enter enc_wolfSSL_Debugging_OFF
[SGXSan] ALWAYS: Enter enc_wolfSSL_get_error
[SGXSan] ALWAYS: Enter wc_benchmark_test
------------------------------------------------------------------------------
 wolfSSL version 5.1.0
------------------------------------------------------------------------------
wolfCrypt Benchmark (block bytes 1048576, min 1.0 sec each)
RNG                 15 MB took 1.189 seconds,   12.612 MB/s
AES-128-CBC-enc     35 MB took 1.115 seconds,   31.391 MB/s
AES-128-CBC-dec     30 MB took 1.006 seconds,   29.814 MB/s
AES-192-CBC-enc     30 MB took 1.081 seconds,   27.744 MB/s
AES-192-CBC-dec     30 MB took 1.159 seconds,   25.892 MB/s
AES-256-CBC-enc     25 MB took 1.006 seconds,   24.846 MB/s
AES-256-CBC-dec     25 MB took 1.071 seconds,   23.352 MB/s
AES-128-GCM-enc     25 MB took 1.086 seconds,   23.012 MB/s
AES-128-GCM-dec     25 MB took 1.096 seconds,   22.806 MB/s
AES-192-GCM-enc     25 MB took 1.211 seconds,   20.638 MB/s
AES-192-GCM-dec     25 MB took 1.206 seconds,   20.723 MB/s
AES-256-GCM-enc     20 MB took 1.057 seconds,   18.919 MB/s
AES-256-GCM-dec     20 MB took 1.071 seconds,   18.672 MB/s
GMAC Table 4-bit    67 MB took 1.010 seconds,   66.354 MB/s
RABBIT              90 MB took 1.017 seconds,   88.532 MB/s
3DES                10 MB took 1.100 seconds,    9.087 MB/s
MD5                305 MB took 1.016 seconds,  300.143 MB/s
SHA                130 MB took 1.037 seconds,  125.304 MB/s
SHA-256             20 MB took 1.077 seconds,   18.576 MB/s
HMAC-MD5           200 MB took 1.018 seconds,  196.547 MB/s
HMAC-SHA            75 MB took 1.039 seconds,   72.197 MB/s
HMAC-SHA256         25 MB took 1.097 seconds,   22.789 MB/s
PBKDF2               4 KB took 1.007 seconds,    3.631 KB/s
RSA     2048 public       1300 ops took 1.018 sec, avg 0.783 ms, 1277.433 ops/sec
RSA     2048 private       100 ops took 3.864 sec, avg 38.638 ms, 25.882 ops/sec
DH      2048 key gen        62 ops took 1.002 sec, avg 16.168 ms, 61.851 ops/sec
DH      2048 agree         100 ops took 1.611 sec, avg 16.111 ms, 62.069 ops/sec
ECC   [      SECP256R1]   256 key gen      1339 ops took 1.000 sec, avg 0.747 ms, 1338.795 ops/sec
ECDHE [      SECP256R1]   256 agree         900 ops took 1.045 sec, avg 1.161 ms, 861.058 ops/sec
ECDSA [      SECP256R1]   256 sign         1200 ops took 1.035 sec, avg 0.863 ms, 1159.151 ops/sec
ECDSA [      SECP256R1]   256 verify        900 ops took 1.085 sec, avg 1.205 ms, 829.822 ops/sec
Benchmark complete
[SGXSan] ALWAYS: Enter enc_wolfSSL_CTX_load_verify_buffer
[SGXSan] ALWAYS: Enter enc_wolfSSL_CTX_use_certificate_chain_buffer_format
[SGXSan] ALWAYS: Enter enc_wolfSSL_CTX_set_cipher_list
[SGXSan] ALWAYS: Enter enc_wolfSSL_Cleanup
[SGXSan] ALWAYS: Enter enc_wolfTLSv1_2_server_method
[SGXSan] ALWAYS: Enter enc_wolfTLSv1_2_client_method
[SGXSan] ALWAYS: Enter enc_wolfSSL_set_fd
[SGXSan] ALWAYS: Enter enc_wolfSSL_Init
[SGXSan] ALWAYS: Enter enc_wolfSSL_connect
[SGXSan] ALWAYS: Enter enc_wolfSSL_write
[SGXSan] ALWAYS: Enter enc_wolfSSL_CTX_new
[SGXSan] ALWAYS: Enter enc_wolfSSL_CTX_use_certificate_buffer
[SGXSan] ALWAYS: Enter enc_wolfSSL_CTX_free
[SGXSan] ALWAYS: Enter enc_wolfSSL_free
#2	pulse  ft: 6295 exec/s: 0 rss: 49Mb
Slowest unit: 42 s:
artifact_prefix='./crashes/'; Test unit written to ./crashes/slow-unit-c39751fba4febf11dacb1d3388598e2ab7ebb925
[SGXSan] ALWAYS: Enter enc_wolfSSL_set_fd
[SGXSan] ALWAYS: Enter enc_wolfTLSv1_2_client_method
[SGXSan] ALWAYS: Enter enc_wolfSSL_CTX_new
[SGXSan] ALWAYS: Enter enc_wolfSSL_read
[SGXSan] ALWAYS: Enter enc_wolfSSL_CTX_set_cipher_list
[SGXSan] ALWAYS: Enter enc_wolfSSL_CTX_free
[SGXSan] ALWAYS: Enter enc_wolfSSL_new
[SGXSan] ALWAYS: Enter enc_wolfSSL_CTX_use_PrivateKey_buffer
[SGXSan] ALWAYS: Enter enc_wolfTLSv1_2_server_method
[SGXSan] ALWAYS: Enter enc_wolfSSL_CTX_load_verify_buffer
[SGXSan] ALWAYS: Enter enc_wolfSSL_connect
[SGXSan] ALWAYS: Enter enc_wolfSSL_Debugging_OFF
[SGXSan] ALWAYS: Enter enc_wolfSSL_CTX_use_certificate_buffer
[SGXSan] ALWAYS: Enter enc_wolfSSL_free
[SGXSan] ALWAYS: Enter enc_wolfSSL_Init
[SGXSan] ALWAYS: Enter enc_wolfSSL_CTX_use_certificate_chain_buffer_format
[SGXSan] ALWAYS: Enter wc_benchmark_test
------------------------------------------------------------------------------
 wolfSSL version 5.1.0
------------------------------------------------------------------------------
wolfCrypt Benchmark (block bytes 1048576, min 1.0 sec each)
RNG                 15 MB took 1.181 seconds,   12.698 MB/s
AES-128-CBC-enc     35 MB took 1.106 seconds,   31.659 MB/s
AES-128-CBC-dec     30 MB took 1.016 seconds,   29.538 MB/s
AES-192-CBC-enc     30 MB took 1.095 seconds,   27.385 MB/s
AES-192-CBC-dec     30 MB took 1.175 seconds,   25.523 MB/s
AES-256-CBC-enc     25 MB took 1.018 seconds,   24.555 MB/s
AES-256-CBC-dec     25 MB took 1.077 seconds,   23.219 MB/s
AES-128-GCM-enc     25 MB took 1.066 seconds,   23.456 MB/s
AES-128-GCM-dec     25 MB took 1.066 seconds,   23.458 MB/s
AES-192-GCM-enc     25 MB took 1.211 seconds,   20.637 MB/s
AES-192-GCM-dec     25 MB took 1.239 seconds,   20.175 MB/s
AES-256-GCM-enc     20 MB took 1.060 seconds,   18.867 MB/s
AES-256-GCM-dec     20 MB took 1.040 seconds,   19.223 MB/s
GMAC Table 4-bit    68 MB took 1.006 seconds,   67.610 MB/s
RABBIT              90 MB took 1.003 seconds,   89.708 MB/s
3DES                10 MB took 1.126 seconds,    8.881 MB/s
MD5                305 MB took 1.010 seconds,  302.007 MB/s
SHA                130 MB took 1.016 seconds,  127.928 MB/s
SHA-256             35 MB took 1.127 seconds,   31.060 MB/s
HMAC-MD5           300 MB took 1.008 seconds,  297.716 MB/s
HMAC-SHA           125 MB took 1.004 seconds,  124.536 MB/s
HMAC-SHA256         35 MB took 1.146 seconds,   30.536 MB/s
PBKDF2               4 KB took 1.004 seconds,    3.705 KB/s
RSA     2048 public       1400 ops took 1.019 sec, avg 0.728 ms, 1373.384 ops/sec
RSA     2048 private       100 ops took 3.709 sec, avg 37.091 ms, 26.961 ops/sec
DH      2048 key gen        66 ops took 1.015 sec, avg 15.386 ms, 64.993 ops/sec
DH      2048 agree         100 ops took 1.531 sec, avg 15.313 ms, 65.304 ops/sec
ECC   [      SECP256R1]   256 key gen      1399 ops took 1.000 sec, avg 0.715 ms, 1398.301 ops/sec
ECDHE [      SECP256R1]   256 agree        1000 ops took 1.086 sec, avg 1.086 ms, 920.801 ops/sec
ECDSA [      SECP256R1]   256 sign         1200 ops took 1.001 sec, avg 0.834 ms, 1199.326 ops/sec
ECDSA [      SECP256R1]   256 verify        900 ops took 1.031 sec, avg 1.146 ms, 872.737 ops/sec
Benchmark complete
[SGXSan] ALWAYS: Enter enc_wolfSSL_Debugging_ON
[SGXSan] ALWAYS: Enter wc_test
------------------------------------------------------------------------------
 wolfSSL version 5.1.0
------------------------------------------------------------------------------
error    test passed!
MEMORY   test passed!
base64   test passed!
asn      test passed!
RANDOM   test passed!
MD5      test passed!
MD4      test passed!
SHA      test passed!
SHA-256  test passed!
Hash     test passed!
HMAC-MD5 test passed!
HMAC-SHA test passed!
HMAC-SHA256 test passed!
GMAC     test passed!
HC-128   test passed!
Rabbit   test passed!
DES      test passed!
DES3     test passed!
AES      test passed!
AES192   test passed!
AES256   test passed!
AES-GCM  test passed!
RSA      test passed!
DH       test passed!
DSA      test passed!
PWDBASED test passed!
ECC      test passed!
ECC buffer test passed!
logging  test passed!
mutex    test passed!
memcb    test failed!
 error = -13803
[SGXSan] ALWAYS: Enter enc_wolfSSL_Cleanup
[SGXSan] ALWAYS: Enter enc_wolfSSL_write
[SGXSan] ALWAYS: Enter enc_wolfSSL_get_error
#3	INITED cov: 6295 ft: 6295 corp: 1/361Kb exec/s: 0 rss: 57Mb
[SGXSan] ALWAYS: Enter enc_wolfSSL_CTX_free
[SGXSan] ALWAYS: Enter wc_test
------------------------------------------------------------------------------
 wolfSSL version 5.1.0
------------------------------------------------------------------------------
error    test passed!
MEMORY   test passed!
base64   test passed!
asn      test passed!
RANDOM   test passed!
MD5      test passed!
MD4      test passed!
SHA      test passed!
SHA-256  test passed!
Hash     test passed!
HMAC-MD5 test passed!
HMAC-SHA test passed!
HMAC-SHA256 test passed!
GMAC     test passed!
HC-128   test passed!
Rabbit   test passed!
DES      test passed!
DES3     test passed!
AES      test passed!
AES192   test passed!
AES256   test passed!
AES-GCM  test passed!
RSA      test passed!
DH       test passed!
DSA      test passed!
PWDBASED test passed!
ECC      test passed!
ECC buffer test passed!
logging  test passed!
mutex    test passed!
memcb    test failed!
 error = -13803
[SGXSan] ALWAYS: Enter enc_wolfSSL_CTX_load_verify_buffer
[SGXSan] ALWAYS: Enter enc_wolfSSL_free
[SGXSan] ALWAYS: Enter enc_wolfTLSv1_2_server_method
[SGXSan] ALWAYS: Enter enc_wolfTLSv1_2_client_method
[SGXSan] ALWAYS: Enter enc_wolfSSL_get_error
[SGXSan] ALWAYS: Enter enc_wolfSSL_CTX_use_certificate_buffer
[SGXSan] ALWAYS: Enter enc_wolfSSL_read
[SGXSan] ALWAYS: Enter enc_wolfSSL_CTX_set_cipher_list
[SGXSan] ALWAYS: Enter enc_wolfSSL_new
[SGXSan] ALWAYS: Enter enc_wolfSSL_CTX_use_certificate_chain_buffer_format
[SGXSan] ALWAYS: Enter enc_wolfSSL_CTX_new
[SGXSan] ALWAYS: Enter enc_wolfSSL_set_fd
[SGXSan] ALWAYS: Enter enc_wolfSSL_CTX_use_PrivateKey_buffer
[SGXSan] ALWAYS: Enter enc_wolfSSL_connect
[SGXSan] ALWAYS: Enter enc_wolfSSL_Init
[SGXSan] ALWAYS: Enter enc_wolfSSL_Debugging_ON
[SGXSan] ALWAYS: Enter enc_wolfSSL_Cleanup
[SGXSan] ALWAYS: Enter wc_benchmark_test
------------------------------------------------------------------------------
 wolfSSL version 5.1.0
------------------------------------------------------------------------------
wolfCrypt Benchmark (block bytes 1048576, min 1.0 sec each)
RNG                 15 MB took 1.132 seconds,   13.253 MB/s
AES-128-CBC-enc     35 MB took 1.066 seconds,   32.835 MB/s
AES-128-CBC-dec     30 MB took 1.007 seconds,   29.786 MB/s
AES-192-CBC-enc     30 MB took 1.079 seconds,   27.804 MB/s
AES-192-CBC-dec     30 MB took 1.159 seconds,   25.878 MB/s
AES-256-CBC-enc     30 MB took 1.187 seconds,   25.282 MB/s
AES-256-CBC-dec     25 MB took 1.062 seconds,   23.546 MB/s
AES-128-GCM-enc     25 MB took 1.065 seconds,   23.465 MB/s
AES-128-GCM-dec     25 MB took 1.065 seconds,   23.481 MB/s
AES-192-GCM-enc     20 MB took 1.012 seconds,   19.757 MB/s
AES-192-GCM-dec     25 MB took 1.190 seconds,   21.003 MB/s
AES-256-GCM-enc     20 MB took 1.050 seconds,   19.053 MB/s
AES-256-GCM-dec     20 MB took 1.034 seconds,   19.350 MB/s
GMAC Table 4-bit    68 MB took 1.012 seconds,   67.176 MB/s
RABBIT              90 MB took 1.025 seconds,   87.814 MB/s
3DES                10 MB took 1.104 seconds,    9.056 MB/s
MD5                305 MB took 1.010 seconds,  301.879 MB/s
SHA                130 MB took 1.006 seconds,  129.187 MB/s
SHA-256             35 MB took 1.128 seconds,   31.033 MB/s
HMAC-MD5           300 MB took 1.006 seconds,  298.144 MB/s
HMAC-SHA           130 MB took 1.012 seconds,  128.397 MB/s
HMAC-SHA256         35 MB took 1.131 seconds,   30.947 MB/s
PBKDF2               4 KB took 1.006 seconds,    3.822 KB/s
RSA     2048 public       1500 ops took 1.064 sec, avg 0.710 ms, 1409.369 ops/sec
RSA     2048 private       100 ops took 3.629 sec, avg 36.288 ms, 27.558 ops/sec
DH      2048 key gen        66 ops took 1.006 sec, avg 15.250 ms, 65.575 ops/sec
DH      2048 agree         100 ops took 1.539 sec, avg 15.392 ms, 64.967 ops/sec
ECC   [      SECP256R1]   256 key gen      1400 ops took 1.000 sec, avg 0.714 ms, 1399.885 ops/sec
ECDHE [      SECP256R1]   256 agree         900 ops took 1.029 sec, avg 1.143 ms, 875.022 ops/sec
ECDSA [      SECP256R1]   256 sign         1200 ops took 1.007 sec, avg 0.839 ms, 1192.094 ops/sec
ECDSA [      SECP256R1]   256 verify        900 ops took 1.077 sec, avg 1.196 ms, 836.016 ops/sec
Benchmark complete
[SGXSan] ALWAYS: Enter enc_wolfSSL_write
[SGXSan] ALWAYS: Enter enc_wolfSSL_Debugging_OFF
#4	pulse  cov: 6295 ft: 6295 corp: 1/361Kb lim: 1000000 exec/s: 0 rss: 63Mb
[SGXSan] ALWAYS: Enter enc_wolfSSL_new
[SGXSan] ALWAYS: Enter wc_test
------------------------------------------------------------------------------
 wolfSSL version 5.1.0
------------------------------------------------------------------------------
error    test passed!
MEMORY   test passed!
base64   test passed!
asn      test passed!
RANDOM   test passed!
MD5      test passed!
MD4      test passed!
SHA      test passed!
SHA-256  test passed!
Hash     test passed!
HMAC-MD5 test passed!
HMAC-SHA test passed!
HMAC-SHA256 test passed!
GMAC     test passed!
HC-128   test passed!
Rabbit   test passed!
DES      test passed!
DES3     test passed!
AES      test passed!
AES192   test passed!
AES256   test passed!
AES-GCM  test passed!
RSA      test passed!
DH       test passed!
DSA      test passed!
PWDBASED test passed!
ECC      test passed!
ECC buffer test passed!
logging  test passed!
mutex    test passed!
memcb    test failed!
 error = -13803
[SGXSan] ALWAYS: Enter enc_wolfSSL_CTX_use_certificate_chain_buffer_format
[SGXSan] ALWAYS: Enter enc_wolfSSL_write
[SGXSan] ALWAYS: Enter enc_wolfSSL_get_error
[SGXSan] ALWAYS: Enter enc_wolfSSL_CTX_load_verify_buffer
[SGXSan] ALWAYS: Enter enc_wolfSSL_CTX_use_PrivateKey_buffer
[SGXSan] ALWAYS: Enter enc_wolfSSL_CTX_use_certificate_buffer
[SGXSan] ALWAYS: Enter enc_wolfTLSv1_2_server_method
[SGXSan] ALWAYS: Enter enc_wolfSSL_Debugging_ON
[SGXSan] ALWAYS: Enter enc_wolfSSL_CTX_new
[SGXSan] ALWAYS: Enter enc_wolfSSL_Cleanup
[SGXSan] ALWAYS: Enter enc_wolfSSL_connect
[SGXSan] ALWAYS: Enter wc_benchmark_test
------------------------------------------------------------------------------
 wolfSSL version 5.1.0
------------------------------------------------------------------------------
wolfCrypt Benchmark (block bytes 1048576, min 1.0 sec each)
RNG                 15 MB took 1.145 seconds,   13.097 MB/s
AES-128-CBC-enc     35 MB took 1.061 seconds,   32.990 MB/s
AES-128-CBC-dec     35 MB took 1.140 seconds,   30.711 MB/s
AES-192-CBC-enc     30 MB took 1.058 seconds,   28.365 MB/s
AES-192-CBC-dec     30 MB took 1.158 seconds,   25.907 MB/s
AES-256-CBC-enc     25 MB took 1.001 seconds,   24.979 MB/s
AES-256-CBC-dec     25 MB took 1.060 seconds,   23.595 MB/s
AES-128-GCM-enc     25 MB took 1.057 seconds,   23.650 MB/s
AES-128-GCM-dec     25 MB took 1.075 seconds,   23.245 MB/s
AES-192-GCM-enc     25 MB took 1.201 seconds,   20.818 MB/s
AES-192-GCM-dec     25 MB took 1.233 seconds,   20.281 MB/s
AES-256-GCM-enc     20 MB took 1.021 seconds,   19.588 MB/s
AES-256-GCM-dec     20 MB took 1.019 seconds,   19.618 MB/s
GMAC Table 4-bit    67 MB took 1.006 seconds,   66.606 MB/s
RABBIT              95 MB took 1.046 seconds,   90.861 MB/s
3DES                10 MB took 1.093 seconds,    9.151 MB/s
MD5                305 MB took 1.008 seconds,  302.459 MB/s
SHA                130 MB took 1.035 seconds,  125.593 MB/s
SHA-256             30 MB took 1.008 seconds,   29.761 MB/s
HMAC-MD5           300 MB took 1.015 seconds,  295.531 MB/s
HMAC-SHA           120 MB took 1.023 seconds,  117.352 MB/s
HMAC-SHA256         35 MB took 1.160 seconds,   30.165 MB/s
PBKDF2               4 KB took 1.002 seconds,    3.680 KB/s
RSA     2048 public       1400 ops took 1.054 sec, avg 0.753 ms, 1328.749 ops/sec
RSA     2048 private       100 ops took 3.640 sec, avg 36.396 ms, 27.476 ops/sec
DH      2048 key gen        65 ops took 1.004 sec, avg 15.453 ms, 64.712 ops/sec
DH      2048 agree         100 ops took 1.530 sec, avg 15.302 ms, 65.352 ops/sec
ECC   [      SECP256R1]   256 key gen      1415 ops took 1.001 sec, avg 0.707 ms, 1414.068 ops/sec
ECDHE [      SECP256R1]   256 agree        1000 ops took 1.083 sec, avg 1.083 ms, 923.522 ops/sec
ECDSA [      SECP256R1]   256 sign         1300 ops took 1.072 sec, avg 0.825 ms, 1212.548 ops/sec
ECDSA [      SECP256R1]   256 verify        900 ops took 1.115 sec, avg 1.239 ms, 807.157 ops/sec
Benchmark complete
[SGXSan] ALWAYS: Enter enc_wolfSSL_free
[SGXSan] ALWAYS: Enter enc_wolfSSL_set_fd
[SGXSan] ALWAYS: Enter enc_wolfTLSv1_2_client_method
[SGXSan] ALWAYS: Enter enc_wolfSSL_Init
[SGXSan] ALWAYS: Enter enc_wolfSSL_CTX_set_cipher_list
[SGXSan] ALWAYS: Enter enc_wolfSSL_Debugging_OFF
[SGXSan] ALWAYS: Enter enc_wolfSSL_read
[SGXSan] ALWAYS: Enter enc_wolfSSL_CTX_free
#5	NEW    cov: 6296 ft: 6296 corp: 2/723Kb lim: 1000000 exec/s: 0 rss: 69Mb L: 370191/370191 MS: 4 InsertRepeatedBytes-Custom-InsertByte-Custom-
#5	DONE   cov: 6296 ft: 6296 corp: 2/723Kb lim: 1000000 exec/s: 0 rss: 69Mb
Done 5 runs in 214 second(s)
stat::number_of_executed_units: 5
stat::average_exec_per_sec:     0
stat::new_units_added:          1
stat::slowest_unit_time_sec:    42
stat::peak_rss_mb:              69
