WARNING: Failed to find function "__sanitizer_acquire_crash_state".
WARNING: Failed to find function "__sanitizer_print_stack_trace".
WARNING: Failed to find function "__sanitizer_set_death_callback".
[2023-01-15 18:11:02.161] [Init] Num of ECall: 22
[2023-01-15 18:11:02.161] ECalls:
  0 - fuzz_enc_wolfSSL_CTX_free
  1 - fuzz_enc_wolfSSL_CTX_load_verify_buffer
  2 - fuzz_enc_wolfSSL_CTX_new
  3 - fuzz_enc_wolfSSL_CTX_set_cipher_list
  4 - fuzz_enc_wolfSSL_CTX_use_PrivateKey_buffer
  5 - fuzz_enc_wolfSSL_CTX_use_certificate_buffer
  6 - fuzz_enc_wolfSSL_CTX_use_certificate_chain_buffer_format
  7 - fuzz_enc_wolfSSL_Cleanup
  8 - fuzz_enc_wolfSSL_Debugging_OFF
  9 - fuzz_enc_wolfSSL_Debugging_ON
  10 - fuzz_enc_wolfSSL_Init
  11 - fuzz_enc_wolfSSL_connect
  12 - fuzz_enc_wolfSSL_free
  13 - fuzz_enc_wolfSSL_get_error
  14 - fuzz_enc_wolfSSL_new
  15 - fuzz_enc_wolfSSL_read
  16 - fuzz_enc_wolfSSL_set_fd
  17 - fuzz_enc_wolfSSL_write
  18 - fuzz_enc_wolfTLSv1_2_client_method
  19 - fuzz_enc_wolfTLSv1_2_server_method
  20 - fuzz_wc_benchmark_test
  21 - fuzz_wc_test

INFO: found LLVMFuzzerCustomMutator (0x44ac30). Disabling -len_control by default.
INFO: libFuzzer ignores flags that start with '--'
INFO: Running with entropic power schedule (0xFF, 100).
INFO: Seed: 3644363776
INFO: Loaded 1 modules   (291 inline 8-bit counters): 291 [0x4cb7e8, 0x4cb90b), 
INFO: Loaded 1 PC tables (291 PCs): 291 [0x4cb910,0x4ccb40), 
INFO:        0 files found in /tmp/libFuzzerTemp.FuzzWithFork422940.dir/C139
[SGXSan] ALWAYS: Hook __sanitizer_cov_8bit_counters_init of Enclave, 21636 inline 8-bit counts [0x7fe33cdc59c0, 0x7fe33cdcae44) (First time)
[SGXSan] ALWAYS: Hook __sanitizer_cov_pcs_init of Enclave, 21636 PCs [0x7fe33cdcae48, 0x7fe33ce1f688) (First time)
[SGXSan] ALWAYS: Enter enc_wolfSSL_CTX_free
[SGXSan] ALWAYS: Enter enc_wolfSSL_CTX_load_verify_buffer
[SGXSan] ALWAYS: Enter enc_wolfSSL_CTX_new
[SGXSan] ALWAYS: Enter enc_wolfSSL_CTX_set_cipher_list
[SGXSan] ALWAYS: Enter enc_wolfSSL_CTX_use_PrivateKey_buffer
[SGXSan] ALWAYS: Enter enc_wolfSSL_CTX_use_certificate_buffer
[SGXSan] ALWAYS: Enter enc_wolfSSL_CTX_use_certificate_chain_buffer_format
[SGXSan] ALWAYS: Enter enc_wolfSSL_Cleanup
[SGXSan] ALWAYS: Enter enc_wolfSSL_Debugging_OFF
[SGXSan] ALWAYS: Enter enc_wolfSSL_Debugging_ON
[SGXSan] ALWAYS: Enter enc_wolfSSL_Init
[SGXSan] ALWAYS: Enter enc_wolfSSL_connect
[SGXSan] ALWAYS: Enter enc_wolfSSL_free
[SGXSan] ALWAYS: Enter enc_wolfSSL_get_error
[SGXSan] ALWAYS: Enter enc_wolfSSL_new
[SGXSan] ALWAYS: Enter enc_wolfSSL_read
[SGXSan] ALWAYS: Enter enc_wolfSSL_set_fd
[SGXSan] ALWAYS: Enter enc_wolfSSL_write
[SGXSan] ALWAYS: Enter enc_wolfTLSv1_2_client_method
[SGXSan] ALWAYS: Enter enc_wolfTLSv1_2_server_method
[SGXSan] ALWAYS: Enter wc_benchmark_test
------------------------------------------------------------------------------
 wolfSSL version 5.1.0
------------------------------------------------------------------------------
wolfCrypt Benchmark (block bytes 1048576, min 1.0 sec each)
RNG                 15 MB took 1.187 seconds,   12.635 MB/s
AES-128-CBC-enc     35 MB took 1.085 seconds,   32.273 MB/s
AES-128-CBC-dec     30 MB took 1.017 seconds,   29.494 MB/s
AES-192-CBC-enc     30 MB took 1.167 seconds,   25.700 MB/s
AES-192-CBC-dec     30 MB took 1.170 seconds,   25.652 MB/s
AES-256-CBC-enc     25 MB took 1.008 seconds,   24.795 MB/s
AES-256-CBC-dec     25 MB took 1.071 seconds,   23.334 MB/s
AES-128-GCM-enc     25 MB took 1.120 seconds,   22.322 MB/s
AES-128-GCM-dec     25 MB took 1.078 seconds,   23.181 MB/s
AES-192-GCM-enc     25 MB took 1.179 seconds,   21.210 MB/s
AES-192-GCM-dec     25 MB took 1.171 seconds,   21.355 MB/s
AES-256-GCM-enc     20 MB took 1.013 seconds,   19.745 MB/s
AES-256-GCM-dec     20 MB took 1.028 seconds,   19.457 MB/s
GMAC Table 4-bit    69 MB took 1.013 seconds,   68.119 MB/s
RABBIT              90 MB took 1.013 seconds,   88.876 MB/s
3DES                10 MB took 1.106 seconds,    9.039 MB/s
MD5                280 MB took 1.019 seconds,  274.686 MB/s
SHA                 75 MB took 1.028 seconds,   72.922 MB/s
SHA-256             30 MB took 1.108 seconds,   27.081 MB/s
HMAC-MD5           295 MB took 1.003 seconds,  294.104 MB/s
HMAC-SHA           120 MB took 1.000 seconds,  119.978 MB/s
HMAC-SHA256         35 MB took 1.159 seconds,   30.187 MB/s
PBKDF2               4 KB took 1.005 seconds,    3.575 KB/s
RSA     2048 public       1400 ops took 1.065 sec, avg 0.760 ms, 1314.986 ops/sec
RSA     2048 private       100 ops took 3.846 sec, avg 38.460 ms, 26.001 ops/sec
DH      2048 key gen        65 ops took 1.012 sec, avg 15.563 ms, 64.255 ops/sec
DH      2048 agree         100 ops took 1.576 sec, avg 15.763 ms, 63.440 ops/sec
ECC   [      SECP256R1]   256 key gen      1370 ops took 1.000 sec, avg 0.730 ms, 1369.474 ops/sec
ECDHE [      SECP256R1]   256 agree         900 ops took 1.046 sec, avg 1.162 ms, 860.789 ops/sec
ECDSA [      SECP256R1]   256 sign         1200 ops took 1.033 sec, avg 0.861 ms, 1161.302 ops/sec
ECDSA [      SECP256R1]   256 verify        900 ops took 1.107 sec, avg 1.230 ms, 813.176 ops/sec
Benchmark complete
[SGXSan] ALWAYS: Enter wc_test
INFO: seed corpus: files: 3 min: 370191b max: 370191b total: 1110573b rss: 43Mb
------------------------------------------------------------------------------
 wolfSSL version 5.1.0
------------------------------------------------------------------------------
error    test passed!
MEMORY   test passed!
base64   test passed!
asn      test passed!
RANDOM   test passed!
MD5      test passed!
MD4      test passed!
SHA      test passed!
SHA-256  test passed!
Hash     test passed!
HMAC-MD5 test passed!
HMAC-SHA test passed!
HMAC-SHA256 test passed!
GMAC     test passed!
HC-128   test passed!
Rabbit   test passed!
DES      test passed!
DES3     test passed!
AES      test passed!
AES192   test passed!
AES256   test passed!
AES-GCM  test passed!
RSA      test passed!
DH       test passed!
DSA      test passed!
PWDBASED test passed!
ECC      test passed!
ECC buffer test passed!
logging  test passed!
mutex    test passed!
memcb    test passed!
Test complete
[SGXSan] ALWAYS: Enter enc_wolfSSL_Debugging_OFF
[SGXSan] ALWAYS: Enter wc_test
------------------------------------------------------------------------------
 wolfSSL version 5.1.0
------------------------------------------------------------------------------
error    test passed!
MEMORY   test passed!
base64   test passed!
asn      test passed!
RANDOM   test passed!
MD5      test passed!
MD4      test passed!
SHA      test passed!
SHA-256  test passed!
Hash     test passed!
HMAC-MD5 test passed!
HMAC-SHA test passed!
HMAC-SHA256 test passed!
GMAC     test passed!
HC-128   test passed!
Rabbit   test passed!
DES      test passed!
DES3     test passed!
AES      test passed!
AES192   test passed!
AES256   test passed!
AES-GCM  test passed!
RSA      test passed!
DH       test passed!
DSA      test passed!
PWDBASED test passed!
ECC      test passed!
ECC buffer test passed!
logging  test passed!
mutex    test passed!
memcb    test failed!
 error = -13803
[SGXSan] ALWAYS: Enter enc_wolfSSL_CTX_set_cipher_list
[SGXSan] ALWAYS: Enter enc_wolfSSL_free
[SGXSan] ALWAYS: Enter enc_wolfSSL_get_error
[SGXSan] ALWAYS: Enter enc_wolfSSL_CTX_free
[SGXSan] ALWAYS: Enter enc_wolfSSL_Init
[SGXSan] ALWAYS: Enter enc_wolfSSL_CTX_new
[SGXSan] ALWAYS: Enter enc_wolfSSL_CTX_use_certificate_chain_buffer_format
[SGXSan] ALWAYS: Enter enc_wolfSSL_CTX_load_verify_buffer
[SGXSan] ALWAYS: Enter wc_benchmark_test
------------------------------------------------------------------------------
 wolfSSL version 5.1.0
------------------------------------------------------------------------------
wolfCrypt Benchmark (block bytes 1048576, min 1.0 sec each)
RNG                 15 MB took 1.145 seconds,   13.101 MB/s
AES-128-CBC-enc     35 MB took 1.081 seconds,   32.383 MB/s
AES-128-CBC-dec     35 MB took 1.154 seconds,   30.327 MB/s
AES-192-CBC-enc     30 MB took 1.091 seconds,   27.497 MB/s
AES-192-CBC-dec     30 MB took 1.158 seconds,   25.900 MB/s
AES-256-CBC-enc     25 MB took 1.033 seconds,   24.204 MB/s
AES-256-CBC-dec     25 MB took 1.086 seconds,   23.022 MB/s
AES-128-GCM-enc     25 MB took 1.083 seconds,   23.088 MB/s
AES-128-GCM-dec     25 MB took 1.082 seconds,   23.099 MB/s
AES-192-GCM-enc     25 MB took 1.220 seconds,   20.497 MB/s
AES-192-GCM-dec     25 MB took 1.201 seconds,   20.817 MB/s
AES-256-GCM-enc     20 MB took 1.021 seconds,   19.585 MB/s
AES-256-GCM-dec     20 MB took 1.028 seconds,   19.447 MB/s
GMAC Table 4-bit    68 MB took 1.000 seconds,   67.970 MB/s
RABBIT              95 MB took 1.051 seconds,   90.384 MB/s
3DES                10 MB took 1.111 seconds,    9.004 MB/s
MD5                295 MB took 1.004 seconds,  293.867 MB/s
SHA                125 MB took 1.014 seconds,  123.315 MB/s
SHA-256             35 MB took 1.166 seconds,   30.023 MB/s
HMAC-MD5           295 MB took 1.001 seconds,  294.559 MB/s
HMAC-SHA           125 MB took 1.024 seconds,  122.066 MB/s
HMAC-SHA256         30 MB took 1.049 seconds,   28.595 MB/s
PBKDF2               2 KB took 1.014 seconds,    1.881 KB/s
RSA     2048 public       1000 ops took 1.068 sec, avg 1.068 ms, 936.093 ops/sec
RSA     2048 private       100 ops took 3.811 sec, avg 38.109 ms, 26.241 ops/sec
DH      2048 key gen        59 ops took 1.020 sec, avg 17.292 ms, 57.829 ops/sec
DH      2048 agree         100 ops took 2.592 sec, avg 25.925 ms, 38.573 ops/sec
ECC   [      SECP256R1]   256 key gen       859 ops took 1.000 sec, avg 1.164 ms, 858.916 ops/sec
ECDHE [      SECP256R1]   256 agree         600 ops took 1.193 sec, avg 1.988 ms, 503.046 ops/sec
ECDSA [      SECP256R1]   256 sign          800 ops took 1.099 sec, avg 1.374 ms, 727.906 ops/sec
ECDSA [      SECP256R1]   256 verify        600 ops took 1.054 sec, avg 1.756 ms, 569.372 ops/sec
Benchmark complete
[SGXSan] ALWAYS: Enter enc_wolfSSL_Cleanup
[SGXSan] ALWAYS: Enter enc_wolfSSL_set_fd
[SGXSan] ALWAYS: Enter enc_wolfSSL_Debugging_ON
[SGXSan] ALWAYS: Enter enc_wolfSSL_write
[SGXSan] ALWAYS: Enter enc_wolfSSL_new
[SGXSan] ALWAYS: Enter enc_wolfTLSv1_2_server_method
[SGXSan] ALWAYS: Enter enc_wolfSSL_CTX_use_PrivateKey_buffer
[SGXSan] ALWAYS: Enter enc_wolfTLSv1_2_client_method
[SGXSan] ALWAYS: Enter enc_wolfSSL_connect
[SGXSan] ALWAYS: Enter enc_wolfSSL_CTX_use_certificate_buffer
[SGXSan] ALWAYS: Enter enc_wolfSSL_read
#2	pulse  ft: 6284 exec/s: 0 rss: 49Mb
Slowest unit: 43 s:
artifact_prefix='./crashes/'; Test unit written to ./crashes/slow-unit-fc2a3918386db7eebd06936de7ccef9e93f69f53
[SGXSan] ALWAYS: Enter enc_wolfSSL_new
[SGXSan] ALWAYS: Enter enc_wolfSSL_CTX_use_PrivateKey_buffer
[SGXSan] ALWAYS: Enter enc_wolfSSL_write
[SGXSan] ALWAYS: Enter enc_wolfSSL_Debugging_OFF
[SGXSan] ALWAYS: Enter enc_wolfSSL_CTX_new
[SGXSan] ALWAYS: Enter enc_wolfSSL_Init
[SGXSan] ALWAYS: Enter enc_wolfSSL_get_error
[SGXSan] ALWAYS: Enter enc_wolfSSL_CTX_set_cipher_list
[SGXSan] ALWAYS: Enter enc_wolfSSL_CTX_use_certificate_buffer
[SGXSan] ALWAYS: Enter enc_wolfTLSv1_2_client_method
[SGXSan] ALWAYS: Enter enc_wolfSSL_CTX_load_verify_buffer
[SGXSan] ALWAYS: Enter enc_wolfSSL_free
[SGXSan] ALWAYS: Enter enc_wolfSSL_set_fd
[SGXSan] ALWAYS: Enter enc_wolfTLSv1_2_server_method
[SGXSan] ALWAYS: Enter wc_benchmark_test
------------------------------------------------------------------------------
 wolfSSL version 5.1.0
------------------------------------------------------------------------------
wolfCrypt Benchmark (block bytes 1048576, min 1.0 sec each)
RNG                 15 MB took 1.202 seconds,   12.480 MB/s
AES-128-CBC-enc     35 MB took 1.149 seconds,   30.453 MB/s
AES-128-CBC-dec     30 MB took 1.029 seconds,   29.152 MB/s
AES-192-CBC-enc     30 MB took 1.087 seconds,   27.588 MB/s
AES-192-CBC-dec     30 MB took 1.163 seconds,   25.796 MB/s
AES-256-CBC-enc     25 MB took 1.039 seconds,   24.064 MB/s
AES-256-CBC-dec     25 MB took 1.077 seconds,   23.221 MB/s
AES-128-GCM-enc     25 MB took 1.086 seconds,   23.018 MB/s
AES-128-GCM-dec     25 MB took 1.081 seconds,   23.125 MB/s
AES-192-GCM-enc     25 MB took 1.189 seconds,   21.033 MB/s
AES-192-GCM-dec     25 MB took 1.185 seconds,   21.098 MB/s
AES-256-GCM-enc     20 MB took 1.023 seconds,   19.547 MB/s
AES-256-GCM-dec     20 MB took 1.096 seconds,   18.247 MB/s
GMAC Table 4-bit    67 MB took 1.005 seconds,   66.669 MB/s
RABBIT              90 MB took 1.018 seconds,   88.426 MB/s
3DES                10 MB took 1.128 seconds,    8.864 MB/s
MD5                295 MB took 1.003 seconds,  294.081 MB/s
SHA                125 MB took 1.028 seconds,  121.588 MB/s
SHA-256             30 MB took 1.034 seconds,   29.005 MB/s
HMAC-MD5           300 MB took 1.014 seconds,  295.825 MB/s
HMAC-SHA           130 MB took 1.032 seconds,  125.930 MB/s
HMAC-SHA256         35 MB took 1.140 seconds,   30.697 MB/s
PBKDF2               4 KB took 1.002 seconds,    3.647 KB/s
RSA     2048 public       1400 ops took 1.039 sec, avg 0.742 ms, 1347.482 ops/sec
RSA     2048 private       100 ops took 3.873 sec, avg 38.727 ms, 25.822 ops/sec
DH      2048 key gen        62 ops took 1.016 sec, avg 16.380 ms, 61.052 ops/sec
DH      2048 agree         100 ops took 1.575 sec, avg 15.749 ms, 63.494 ops/sec
ECC   [      SECP256R1]   256 key gen      1360 ops took 1.000 sec, avg 0.735 ms, 1359.841 ops/sec
ECDHE [      SECP256R1]   256 agree         900 ops took 1.006 sec, avg 1.117 ms, 894.984 ops/sec
ECDSA [      SECP256R1]   256 sign         1200 ops took 1.009 sec, avg 0.841 ms, 1189.111 ops/sec
ECDSA [      SECP256R1]   256 verify        900 ops took 1.042 sec, avg 1.157 ms, 864.039 ops/sec
Benchmark complete
[SGXSan] ALWAYS: Enter enc_wolfSSL_connect
[SGXSan] ALWAYS: Enter wc_test
------------------------------------------------------------------------------
 wolfSSL version 5.1.0
------------------------------------------------------------------------------
error    test passed!
MEMORY   test passed!
base64   test passed!
asn      test passed!
RANDOM   test passed!
MD5      test passed!
MD4      test passed!
SHA      test passed!
SHA-256  test passed!
Hash     test passed!
HMAC-MD5 test passed!
HMAC-SHA test passed!
HMAC-SHA256 test passed!
GMAC     test passed!
HC-128   test passed!
Rabbit   test passed!
DES      test passed!
DES3     test passed!
AES      test passed!
AES192   test passed!
AES256   test passed!
AES-GCM  test passed!
RSA      test passed!
DH       test passed!
DSA      test passed!
PWDBASED test passed!
ECC      test passed!
ECC buffer test passed!
logging  test passed!
mutex    test passed!
memcb    test failed!
 error = -13803
[SGXSan] ALWAYS: Enter enc_wolfSSL_CTX_free
[SGXSan] ALWAYS: Enter enc_wolfSSL_Debugging_ON
[SGXSan] ALWAYS: Enter enc_wolfSSL_CTX_use_certificate_chain_buffer_format
[SGXSan] ALWAYS: Enter enc_wolfSSL_Cleanup
[SGXSan] ALWAYS: Enter enc_wolfSSL_read
[SGXSan] ALWAYS: Enter enc_wolfSSL_Debugging_OFF
[SGXSan] ALWAYS: Enter wc_test
------------------------------------------------------------------------------
 wolfSSL version 5.1.0
------------------------------------------------------------------------------
error    test passed!
MEMORY   test passed!
base64   test passed!
asn      test passed!
RANDOM   test passed!
MD5      test passed!
MD4      test passed!
SHA      test passed!
SHA-256  test passed!
Hash     test passed!
HMAC-MD5 test passed!
HMAC-SHA test passed!
HMAC-SHA256 test passed!
GMAC     test passed!
HC-128   test passed!
Rabbit   test passed!
DES      test passed!
DES3     test passed!
AES      test passed!
AES192   test passed!
AES256   test passed!
AES-GCM  test passed!
RSA      test passed!
DH       test passed!
DSA      test passed!
PWDBASED test passed!
ECC      test passed!
ECC buffer test passed!
logging  test passed!
mutex    test passed!
memcb    test failed!
 error = -13803
[SGXSan] ALWAYS: Enter enc_wolfSSL_CTX_set_cipher_list
[SGXSan] ALWAYS: Enter enc_wolfSSL_free
[SGXSan] ALWAYS: Enter enc_wolfSSL_get_error
[SGXSan] ALWAYS: Enter enc_wolfSSL_CTX_free
[SGXSan] ALWAYS: Enter enc_wolfSSL_Init
[SGXSan] ALWAYS: Enter enc_wolfSSL_CTX_new
[SGXSan] ALWAYS: Enter enc_wolfSSL_CTX_use_certificate_chain_buffer_format
[SGXSan] ALWAYS: Enter enc_wolfSSL_CTX_load_verify_buffer
[SGXSan] ALWAYS: Enter wc_benchmark_test
------------------------------------------------------------------------------
 wolfSSL version 5.1.0
------------------------------------------------------------------------------
wolfCrypt Benchmark (block bytes 1048576, min 1.0 sec each)
RNG                 15 MB took 1.217 seconds,   12.324 MB/s
AES-128-CBC-enc     35 MB took 1.124 seconds,   31.127 MB/s
AES-128-CBC-dec     30 MB took 1.011 seconds,   29.682 MB/s
AES-192-CBC-enc     30 MB took 1.058 seconds,   28.351 MB/s
AES-192-CBC-dec     30 MB took 1.132 seconds,   26.491 MB/s
AES-256-CBC-enc     30 MB took 1.181 seconds,   25.393 MB/s
AES-256-CBC-dec     25 MB took 1.046 seconds,   23.899 MB/s
AES-128-GCM-enc     25 MB took 1.047 seconds,   23.877 MB/s
AES-128-GCM-dec     25 MB took 1.063 seconds,   23.517 MB/s
AES-192-GCM-enc     25 MB took 1.219 seconds,   20.514 MB/s
AES-192-GCM-dec     25 MB took 1.178 seconds,   21.231 MB/s
AES-256-GCM-enc     20 MB took 1.051 seconds,   19.024 MB/s
AES-256-GCM-dec     20 MB took 1.059 seconds,   18.893 MB/s
GMAC Table 4-bit    67 MB took 1.009 seconds,   66.384 MB/s
RABBIT              90 MB took 1.024 seconds,   87.932 MB/s
3DES                10 MB took 1.123 seconds,    8.908 MB/s
MD5                300 MB took 1.015 seconds,  295.697 MB/s
SHA                125 MB took 1.004 seconds,  124.497 MB/s
SHA-256             30 MB took 1.026 seconds,   29.243 MB/s
HMAC-MD5           300 MB took 1.008 seconds,  297.610 MB/s
HMAC-SHA           130 MB took 1.035 seconds,  125.578 MB/s
HMAC-SHA256         35 MB took 1.135 seconds,   30.839 MB/s
PBKDF2               4 KB took 1.002 seconds,    3.773 KB/s
RSA     2048 public       1400 ops took 1.018 sec, avg 0.727 ms, 1375.413 ops/sec
RSA     2048 private       100 ops took 3.680 sec, avg 36.797 ms, 27.176 ops/sec
DH      2048 key gen        64 ops took 1.001 sec, avg 15.641 ms, 63.935 ops/sec
DH      2048 agree         100 ops took 1.559 sec, avg 15.592 ms, 64.137 ops/sec
ECC   [      SECP256R1]   256 key gen      1402 ops took 1.000 sec, avg 0.713 ms, 1401.665 ops/sec
ECDHE [      SECP256R1]   256 agree        1000 ops took 1.096 sec, avg 1.096 ms, 912.059 ops/sec
ECDSA [      SECP256R1]   256 sign         1200 ops took 1.022 sec, avg 0.852 ms, 1173.799 ops/sec
ECDSA [      SECP256R1]   256 verify        900 ops took 1.088 sec, avg 1.209 ms, 826.978 ops/sec
Benchmark complete
[SGXSan] ALWAYS: Enter enc_wolfSSL_Cleanup
[SGXSan] ALWAYS: Enter enc_wolfSSL_set_fd
[SGXSan] ALWAYS: Enter enc_wolfSSL_Debugging_ON
[SGXSan] ALWAYS: Enter enc_wolfSSL_write
[SGXSan] ALWAYS: Enter enc_wolfSSL_new
[SGXSan] ALWAYS: Enter enc_wolfTLSv1_2_server_method
[SGXSan] ALWAYS: Enter enc_wolfSSL_CTX_use_PrivateKey_buffer
[SGXSan] ALWAYS: Enter enc_wolfTLSv1_2_client_method
[SGXSan] ALWAYS: Enter enc_wolfSSL_connect
[SGXSan] ALWAYS: Enter enc_wolfSSL_CTX_use_certificate_buffer
[SGXSan] ALWAYS: Enter enc_wolfSSL_read
#4	pulse  cov: 6284 ft: 6284 corp: 1/361Kb exec/s: 0 rss: 63Mb
#4	INITED cov: 6284 ft: 6284 corp: 1/361Kb exec/s: 0 rss: 63Mb
#4	DONE   cov: 6284 ft: 6284 corp: 1/361Kb lim: 370191 exec/s: 0 rss: 63Mb
Done 4 runs in 171 second(s)
stat::number_of_executed_units: 4
stat::average_exec_per_sec:     0
stat::new_units_added:          0
stat::slowest_unit_time_sec:    43
stat::peak_rss_mb:              63
