WARNING: Failed to find function "__sanitizer_acquire_crash_state".
WARNING: Failed to find function "__sanitizer_print_stack_trace".
WARNING: Failed to find function "__sanitizer_set_death_callback".
[2023-01-15 16:44:52.284] [Init] Num of ECall: 22
[2023-01-15 16:44:52.284] ECalls:
  0 - fuzz_enc_wolfSSL_CTX_free
  1 - fuzz_enc_wolfSSL_CTX_load_verify_buffer
  2 - fuzz_enc_wolfSSL_CTX_new
  3 - fuzz_enc_wolfSSL_CTX_set_cipher_list
  4 - fuzz_enc_wolfSSL_CTX_use_PrivateKey_buffer
  5 - fuzz_enc_wolfSSL_CTX_use_certificate_buffer
  6 - fuzz_enc_wolfSSL_CTX_use_certificate_chain_buffer_format
  7 - fuzz_enc_wolfSSL_Cleanup
  8 - fuzz_enc_wolfSSL_Debugging_OFF
  9 - fuzz_enc_wolfSSL_Debugging_ON
  10 - fuzz_enc_wolfSSL_Init
  11 - fuzz_enc_wolfSSL_connect
  12 - fuzz_enc_wolfSSL_free
  13 - fuzz_enc_wolfSSL_get_error
  14 - fuzz_enc_wolfSSL_new
  15 - fuzz_enc_wolfSSL_read
  16 - fuzz_enc_wolfSSL_set_fd
  17 - fuzz_enc_wolfSSL_write
  18 - fuzz_enc_wolfTLSv1_2_client_method
  19 - fuzz_enc_wolfTLSv1_2_server_method
  20 - fuzz_wc_benchmark_test
  21 - fuzz_wc_test

INFO: found LLVMFuzzerCustomMutator (0x44ac30). Disabling -len_control by default.
INFO: libFuzzer ignores flags that start with '--'
INFO: Running with entropic power schedule (0xFF, 100).
INFO: Seed: 613304942
INFO: Loaded 1 modules   (291 inline 8-bit counters): 291 [0x4cb7e8, 0x4cb90b), 
INFO: Loaded 1 PC tables (291 PCs): 291 [0x4cb910,0x4ccb40), 
INFO:        0 files found in /tmp/libFuzzerTemp.FuzzWithFork422940.dir/C14
[SGXSan] ALWAYS: Hook __sanitizer_cov_8bit_counters_init of Enclave, 21636 inline 8-bit counts [0x7f37e028f9c0, 0x7f37e0294e44) (First time)
[SGXSan] ALWAYS: Hook __sanitizer_cov_pcs_init of Enclave, 21636 PCs [0x7f37e0294e48, 0x7f37e02e9688) (First time)
[SGXSan] ALWAYS: Enter enc_wolfSSL_CTX_free
[SGXSan] ALWAYS: Enter enc_wolfSSL_CTX_load_verify_buffer
[SGXSan] ALWAYS: Enter enc_wolfSSL_CTX_new
[SGXSan] ALWAYS: Enter enc_wolfSSL_CTX_set_cipher_list
[SGXSan] ALWAYS: Enter enc_wolfSSL_CTX_use_PrivateKey_buffer
[SGXSan] ALWAYS: Enter enc_wolfSSL_CTX_use_certificate_buffer
[SGXSan] ALWAYS: Enter enc_wolfSSL_CTX_use_certificate_chain_buffer_format
[SGXSan] ALWAYS: Enter enc_wolfSSL_Cleanup
[SGXSan] ALWAYS: Enter enc_wolfSSL_Debugging_OFF
[SGXSan] ALWAYS: Enter enc_wolfSSL_Debugging_ON
[SGXSan] ALWAYS: Enter enc_wolfSSL_Init
[SGXSan] ALWAYS: Enter enc_wolfSSL_connect
[SGXSan] ALWAYS: Enter enc_wolfSSL_free
[SGXSan] ALWAYS: Enter enc_wolfSSL_get_error
[SGXSan] ALWAYS: Enter enc_wolfSSL_new
[SGXSan] ALWAYS: Enter enc_wolfSSL_read
[SGXSan] ALWAYS: Enter enc_wolfSSL_set_fd
[SGXSan] ALWAYS: Enter enc_wolfSSL_write
[SGXSan] ALWAYS: Enter enc_wolfTLSv1_2_client_method
[SGXSan] ALWAYS: Enter enc_wolfTLSv1_2_server_method
[SGXSan] ALWAYS: Enter wc_benchmark_test
------------------------------------------------------------------------------
 wolfSSL version 5.1.0
------------------------------------------------------------------------------
wolfCrypt Benchmark (block bytes 1048576, min 1.0 sec each)
RNG                 15 MB took 1.140 seconds,   13.157 MB/s
AES-128-CBC-enc     35 MB took 1.059 seconds,   33.048 MB/s
AES-128-CBC-dec     35 MB took 1.161 seconds,   30.150 MB/s
AES-192-CBC-enc     30 MB took 1.066 seconds,   28.147 MB/s
AES-192-CBC-dec     30 MB took 1.149 seconds,   26.109 MB/s
AES-256-CBC-enc     30 MB took 1.195 seconds,   25.095 MB/s
AES-256-CBC-dec     25 MB took 1.053 seconds,   23.751 MB/s
AES-128-GCM-enc     25 MB took 1.068 seconds,   23.414 MB/s
AES-128-GCM-dec     25 MB took 1.044 seconds,   23.940 MB/s
AES-192-GCM-enc     25 MB took 1.182 seconds,   21.152 MB/s
AES-192-GCM-dec     25 MB took 1.187 seconds,   21.054 MB/s
AES-256-GCM-enc     20 MB took 1.037 seconds,   19.286 MB/s
AES-256-GCM-dec     20 MB took 1.042 seconds,   19.202 MB/s
GMAC Table 4-bit    68 MB took 1.010 seconds,   67.315 MB/s
RABBIT              90 MB took 1.015 seconds,   88.633 MB/s
3DES                10 MB took 1.097 seconds,    9.112 MB/s
MD5                305 MB took 1.009 seconds,  302.314 MB/s
SHA                130 MB took 1.024 seconds,  126.902 MB/s
SHA-256             35 MB took 1.153 seconds,   30.357 MB/s
HMAC-MD5           300 MB took 1.009 seconds,  297.433 MB/s
HMAC-SHA           130 MB took 1.034 seconds,  125.706 MB/s
HMAC-SHA256         35 MB took 1.136 seconds,   30.819 MB/s
PBKDF2               4 KB took 1.003 seconds,    3.770 KB/s
RSA     2048 public       1500 ops took 1.063 sec, avg 0.709 ms, 1410.689 ops/sec
RSA     2048 private       100 ops took 3.678 sec, avg 36.785 ms, 27.185 ops/sec
DH      2048 key gen        66 ops took 1.005 sec, avg 15.222 ms, 65.695 ops/sec
DH      2048 agree         100 ops took 1.584 sec, avg 15.841 ms, 63.126 ops/sec
ECC   [      SECP256R1]   256 key gen      1369 ops took 1.000 sec, avg 0.731 ms, 1368.806 ops/sec
ECDHE [      SECP256R1]   256 agree         900 ops took 1.012 sec, avg 1.124 ms, 889.711 ops/sec
ECDSA [      SECP256R1]   256 sign         1200 ops took 1.028 sec, avg 0.857 ms, 1167.130 ops/sec
ECDSA [      SECP256R1]   256 verify        900 ops took 1.070 sec, avg 1.189 ms, 841.265 ops/sec
Benchmark complete
[SGXSan] ALWAYS: Enter wc_test
INFO: A corpus is not provided, starting from an empty corpus
------------------------------------------------------------------------------
 wolfSSL version 5.1.0
------------------------------------------------------------------------------
error    test passed!
MEMORY   test passed!
base64   test passed!
asn      test passed!
RANDOM   test passed!
MD5      test passed!
MD4      test passed!
SHA      test passed!
SHA-256  test passed!
Hash     test passed!
HMAC-MD5 test passed!
HMAC-SHA test passed!
HMAC-SHA256 test passed!
GMAC     test passed!
HC-128   test passed!
Rabbit   test passed!
DES      test passed!
DES3     test passed!
AES      test passed!
AES192   test passed!
AES256   test passed!
AES-GCM  test passed!
RSA      test passed!
DH       test passed!
DSA      test passed!
PWDBASED test passed!
ECC      test passed!
ECC buffer test passed!
logging  test passed!
mutex    test passed!
memcb    test passed!
Test complete
[SGXSan] ALWAYS: Enter enc_wolfSSL_Init
[SGXSan] ALWAYS: Enter enc_wolfSSL_CTX_free
[SGXSan] ALWAYS: Enter enc_wolfSSL_CTX_load_verify_buffer
[SGXSan] ALWAYS: Enter enc_wolfSSL_CTX_new
[SGXSan] ALWAYS: Enter enc_wolfSSL_CTX_set_cipher_list
[SGXSan] ALWAYS: Enter enc_wolfSSL_CTX_use_PrivateKey_buffer
[SGXSan] ALWAYS: Enter enc_wolfSSL_CTX_use_certificate_buffer
[SGXSan] ALWAYS: Enter enc_wolfSSL_CTX_use_certificate_chain_buffer_format
[SGXSan] ALWAYS: Enter enc_wolfSSL_Cleanup
[SGXSan] ALWAYS: Enter enc_wolfSSL_Debugging_OFF
[SGXSan] ALWAYS: Enter enc_wolfSSL_Debugging_ON
[SGXSan] ALWAYS: Enter enc_wolfSSL_connect
[SGXSan] ALWAYS: Enter enc_wolfSSL_free
[SGXSan] ALWAYS: Enter enc_wolfSSL_get_error
[SGXSan] ALWAYS: Enter enc_wolfSSL_new
[SGXSan] ALWAYS: Enter enc_wolfSSL_read
[SGXSan] ALWAYS: Enter enc_wolfSSL_set_fd
[SGXSan] ALWAYS: Enter enc_wolfSSL_write
[SGXSan] ALWAYS: Enter enc_wolfTLSv1_2_client_method
[SGXSan] ALWAYS: Enter enc_wolfTLSv1_2_server_method
[SGXSan] ALWAYS: Enter wc_benchmark_test
------------------------------------------------------------------------------
 wolfSSL version 5.1.0
------------------------------------------------------------------------------
wolfCrypt Benchmark (block bytes 1048576, min 1.0 sec each)
RNG                 15 MB took 1.134 seconds,   13.229 MB/s
AES-128-CBC-enc     35 MB took 1.059 seconds,   33.054 MB/s
AES-128-CBC-dec     35 MB took 1.147 seconds,   30.515 MB/s
AES-192-CBC-enc     30 MB took 1.051 seconds,   28.552 MB/s
AES-192-CBC-dec     30 MB took 1.126 seconds,   26.653 MB/s
AES-256-CBC-enc     30 MB took 1.176 seconds,   25.507 MB/s
AES-256-CBC-dec     25 MB took 1.027 seconds,   24.353 MB/s
AES-128-GCM-enc     25 MB took 1.036 seconds,   24.133 MB/s
AES-128-GCM-dec     25 MB took 1.063 seconds,   23.521 MB/s
AES-192-GCM-enc     25 MB took 1.166 seconds,   21.440 MB/s
AES-192-GCM-dec     25 MB took 1.175 seconds,   21.273 MB/s
AES-256-GCM-enc     20 MB took 1.005 seconds,   19.897 MB/s
AES-256-GCM-dec     20 MB took 1.007 seconds,   19.860 MB/s
GMAC Table 4-bit    68 MB took 1.013 seconds,   67.109 MB/s
RABBIT              90 MB took 1.003 seconds,   89.695 MB/s
3DES                10 MB took 1.100 seconds,    9.094 MB/s
MD5                305 MB took 1.014 seconds,  300.925 MB/s
SHA                130 MB took 1.030 seconds,  126.173 MB/s
SHA-256             30 MB took 1.163 seconds,   25.797 MB/s
HMAC-MD5           195 MB took 1.019 seconds,  191.299 MB/s
HMAC-SHA            75 MB took 1.054 seconds,   71.154 MB/s
HMAC-SHA256         20 MB took 1.107 seconds,   18.067 MB/s
PBKDF2               4 KB took 1.004 seconds,    3.578 KB/s
RSA     2048 public       1400 ops took 1.013 sec, avg 0.724 ms, 1381.540 ops/sec
RSA     2048 private       100 ops took 3.738 sec, avg 37.384 ms, 26.749 ops/sec
DH      2048 key gen        65 ops took 1.014 sec, avg 15.606 ms, 64.077 ops/sec
DH      2048 agree         100 ops took 1.574 sec, avg 15.741 ms, 63.529 ops/sec
ECC   [      SECP256R1]   256 key gen      1387 ops took 1.001 sec, avg 0.721 ms, 1386.284 ops/sec
ECDHE [      SECP256R1]   256 agree        1000 ops took 1.080 sec, avg 1.080 ms, 925.954 ops/sec
ECDSA [      SECP256R1]   256 sign         1300 ops took 1.064 sec, avg 0.819 ms, 1221.736 ops/sec
ECDSA [      SECP256R1]   256 verify        900 ops took 1.039 sec, avg 1.155 ms, 865.835 ops/sec
Benchmark complete
[SGXSan] ALWAYS: Enter wc_test
#2	pulse  ft: 6291 exec/s: 0 rss: 48Mb
Slowest unit: 44 s:
artifact_prefix='./crashes/'; Test unit written to ./crashes/slow-unit-adc83b19e793491b1c6ea0fd8b46cd9f32e592fc
Base64: Cg==
#2	INITED cov: 6291 ft: 6291 corp: 1/1b exec/s: 0 rss: 49Mb
#2	DONE   cov: 6291 ft: 6291 corp: 1/1b lim: 4 exec/s: 0 rss: 49Mb
Done 2 runs in 86 second(s)
stat::number_of_executed_units: 2
stat::average_exec_per_sec:     0
stat::new_units_added:          0
stat::slowest_unit_time_sec:    44
stat::peak_rss_mb:              49
------------------------------------------------------------------------------
 wolfSSL version 5.1.0
------------------------------------------------------------------------------
error    test passed!
MEMORY   test passed!
base64   test passed!
asn      test passed!
RANDOM   test passed!
MD5      test passed!
MD4      test passed!
SHA      test passed!
SHA-256  test passed!
Hash     test passed!
HMAC-MD5 test passed!
HMAC-SHA test passed!
HMAC-SHA256 test passed!
GMAC     test passed!
HC-128   test passed!
Rabbit   test passed!
DES      test passed!
DES3     test passed!
AES      test passed!
AES192   test passed!
AES256   test passed!
AES-GCM  test passed!
RSA      test passed!
DH       test passed!
DSA      test passed!
PWDBASED test passed!
ECC      test passed!
ECC buffer test passed!
logging  test passed!
mutex    test passed!
memcb    test failed!
 error = -13803
