WARNING: Failed to find function "__sanitizer_acquire_crash_state".
WARNING: Failed to find function "__sanitizer_print_stack_trace".
WARNING: Failed to find function "__sanitizer_set_death_callback".
[2023-01-15 18:13:53.572] [Init] Num of ECall: 22
[2023-01-15 18:13:53.572] ECalls:
  0 - fuzz_enc_wolfSSL_CTX_free
  1 - fuzz_enc_wolfSSL_CTX_load_verify_buffer
  2 - fuzz_enc_wolfSSL_CTX_new
  3 - fuzz_enc_wolfSSL_CTX_set_cipher_list
  4 - fuzz_enc_wolfSSL_CTX_use_PrivateKey_buffer
  5 - fuzz_enc_wolfSSL_CTX_use_certificate_buffer
  6 - fuzz_enc_wolfSSL_CTX_use_certificate_chain_buffer_format
  7 - fuzz_enc_wolfSSL_Cleanup
  8 - fuzz_enc_wolfSSL_Debugging_OFF
  9 - fuzz_enc_wolfSSL_Debugging_ON
  10 - fuzz_enc_wolfSSL_Init
  11 - fuzz_enc_wolfSSL_connect
  12 - fuzz_enc_wolfSSL_free
  13 - fuzz_enc_wolfSSL_get_error
  14 - fuzz_enc_wolfSSL_new
  15 - fuzz_enc_wolfSSL_read
  16 - fuzz_enc_wolfSSL_set_fd
  17 - fuzz_enc_wolfSSL_write
  18 - fuzz_enc_wolfTLSv1_2_client_method
  19 - fuzz_enc_wolfTLSv1_2_server_method
  20 - fuzz_wc_benchmark_test
  21 - fuzz_wc_test

INFO: found LLVMFuzzerCustomMutator (0x44ac30). Disabling -len_control by default.
INFO: libFuzzer ignores flags that start with '--'
INFO: Running with entropic power schedule (0xFF, 100).
INFO: Seed: 3256919507
INFO: Loaded 1 modules   (291 inline 8-bit counters): 291 [0x4cb7e8, 0x4cb90b), 
INFO: Loaded 1 PC tables (291 PCs): 291 [0x4cb910,0x4ccb40), 
INFO:        0 files found in /tmp/libFuzzerTemp.FuzzWithFork422940.dir/C142
[SGXSan] ALWAYS: Hook __sanitizer_cov_8bit_counters_init of Enclave, 21636 inline 8-bit counts [0x7fd4ac9f29c0, 0x7fd4ac9f7e44) (First time)
[SGXSan] ALWAYS: Hook __sanitizer_cov_pcs_init of Enclave, 21636 PCs [0x7fd4ac9f7e48, 0x7fd4aca4c688) (First time)
[SGXSan] ALWAYS: Enter enc_wolfSSL_CTX_free
[SGXSan] ALWAYS: Enter enc_wolfSSL_CTX_load_verify_buffer
[SGXSan] ALWAYS: Enter enc_wolfSSL_CTX_new
[SGXSan] ALWAYS: Enter enc_wolfSSL_CTX_set_cipher_list
[SGXSan] ALWAYS: Enter enc_wolfSSL_CTX_use_PrivateKey_buffer
[SGXSan] ALWAYS: Enter enc_wolfSSL_CTX_use_certificate_buffer
[SGXSan] ALWAYS: Enter enc_wolfSSL_CTX_use_certificate_chain_buffer_format
[SGXSan] ALWAYS: Enter enc_wolfSSL_Cleanup
[SGXSan] ALWAYS: Enter enc_wolfSSL_Debugging_OFF
[SGXSan] ALWAYS: Enter enc_wolfSSL_Debugging_ON
[SGXSan] ALWAYS: Enter enc_wolfSSL_Init
[SGXSan] ALWAYS: Enter enc_wolfSSL_connect
[SGXSan] ALWAYS: Enter enc_wolfSSL_free
[SGXSan] ALWAYS: Enter enc_wolfSSL_get_error
[SGXSan] ALWAYS: Enter enc_wolfSSL_new
[SGXSan] ALWAYS: Enter enc_wolfSSL_read
[SGXSan] ALWAYS: Enter enc_wolfSSL_set_fd
[SGXSan] ALWAYS: Enter enc_wolfSSL_write
[SGXSan] ALWAYS: Enter enc_wolfTLSv1_2_client_method
[SGXSan] ALWAYS: Enter enc_wolfTLSv1_2_server_method
[SGXSan] ALWAYS: Enter wc_benchmark_test
------------------------------------------------------------------------------
 wolfSSL version 5.1.0
------------------------------------------------------------------------------
wolfCrypt Benchmark (block bytes 1048576, min 1.0 sec each)
RNG                 15 MB took 1.157 seconds,   12.962 MB/s
AES-128-CBC-enc     35 MB took 1.082 seconds,   32.348 MB/s
AES-128-CBC-dec     35 MB took 1.164 seconds,   30.067 MB/s
AES-192-CBC-enc     30 MB took 1.075 seconds,   27.903 MB/s
AES-192-CBC-dec     30 MB took 1.168 seconds,   25.681 MB/s
AES-256-CBC-enc     25 MB took 1.022 seconds,   24.463 MB/s
AES-256-CBC-dec     25 MB took 1.057 seconds,   23.645 MB/s
AES-128-GCM-enc     25 MB took 1.061 seconds,   23.573 MB/s
AES-128-GCM-dec     25 MB took 1.053 seconds,   23.750 MB/s
AES-192-GCM-enc     25 MB took 1.176 seconds,   21.251 MB/s
AES-192-GCM-dec     25 MB took 1.174 seconds,   21.299 MB/s
AES-256-GCM-enc     20 MB took 1.016 seconds,   19.677 MB/s
AES-256-GCM-dec     20 MB took 1.016 seconds,   19.687 MB/s
GMAC Table 4-bit    68 MB took 1.012 seconds,   67.200 MB/s
RABBIT              90 MB took 1.006 seconds,   89.488 MB/s
3DES                10 MB took 1.089 seconds,    9.179 MB/s
MD5                305 MB took 1.016 seconds,  300.328 MB/s
SHA                130 MB took 1.017 seconds,  127.865 MB/s
SHA-256             35 MB took 1.142 seconds,   30.652 MB/s
HMAC-MD5           305 MB took 1.015 seconds,  300.569 MB/s
HMAC-SHA           130 MB took 1.016 seconds,  127.980 MB/s
HMAC-SHA256         35 MB took 1.136 seconds,   30.803 MB/s
PBKDF2               4 KB took 1.001 seconds,    3.684 KB/s
RSA     2048 public       1400 ops took 1.035 sec, avg 0.739 ms, 1353.142 ops/sec
RSA     2048 private       100 ops took 3.814 sec, avg 38.142 ms, 26.218 ops/sec
DH      2048 key gen        58 ops took 1.009 sec, avg 17.400 ms, 57.473 ops/sec
DH      2048 agree         100 ops took 1.588 sec, avg 15.878 ms, 62.979 ops/sec
ECC   [      SECP256R1]   256 key gen      1400 ops took 1.000 sec, avg 0.714 ms, 1399.965 ops/sec
ECDHE [      SECP256R1]   256 agree        1000 ops took 1.095 sec, avg 1.095 ms, 913.515 ops/sec
ECDSA [      SECP256R1]   256 sign         1200 ops took 1.018 sec, avg 0.848 ms, 1178.621 ops/sec
ECDSA [      SECP256R1]   256 verify        900 ops took 1.048 sec, avg 1.164 ms, 859.043 ops/sec
Benchmark complete
[SGXSan] ALWAYS: Enter wc_test
INFO: seed corpus: files: 3 min: 370191b max: 370191b total: 1110573b rss: 43Mb
------------------------------------------------------------------------------
 wolfSSL version 5.1.0
------------------------------------------------------------------------------
error    test passed!
MEMORY   test passed!
base64   test passed!
asn      test passed!
RANDOM   test passed!
MD5      test passed!
MD4      test passed!
SHA      test passed!
SHA-256  test passed!
Hash     test passed!
HMAC-MD5 test passed!
HMAC-SHA test passed!
HMAC-SHA256 test passed!
GMAC     test passed!
HC-128   test passed!
Rabbit   test passed!
DES      test passed!
DES3     test passed!
AES      test passed!
AES192   test passed!
AES256   test passed!
AES-GCM  test passed!
RSA      test passed!
DH       test passed!
DSA      test passed!
PWDBASED test passed!
ECC      test passed!
ECC buffer test passed!
logging  test passed!
mutex    test passed!
memcb    test passed!
Test complete
[SGXSan] ALWAYS: Enter enc_wolfSSL_set_fd
[SGXSan] ALWAYS: Enter enc_wolfTLSv1_2_client_method
[SGXSan] ALWAYS: Enter enc_wolfSSL_CTX_new
[SGXSan] ALWAYS: Enter enc_wolfSSL_read
[SGXSan] ALWAYS: Enter enc_wolfSSL_CTX_set_cipher_list
[SGXSan] ALWAYS: Enter enc_wolfSSL_CTX_free
[SGXSan] ALWAYS: Enter enc_wolfSSL_new
[SGXSan] ALWAYS: Enter enc_wolfSSL_CTX_use_PrivateKey_buffer
[SGXSan] ALWAYS: Enter enc_wolfTLSv1_2_server_method
[SGXSan] ALWAYS: Enter enc_wolfSSL_CTX_load_verify_buffer
[SGXSan] ALWAYS: Enter enc_wolfSSL_connect
[SGXSan] ALWAYS: Enter enc_wolfSSL_Debugging_OFF
[SGXSan] ALWAYS: Enter enc_wolfSSL_CTX_use_certificate_buffer
[SGXSan] ALWAYS: Enter enc_wolfSSL_free
[SGXSan] ALWAYS: Enter enc_wolfSSL_Init
[SGXSan] ALWAYS: Enter enc_wolfSSL_CTX_use_certificate_chain_buffer_format
[SGXSan] ALWAYS: Enter wc_benchmark_test
------------------------------------------------------------------------------
 wolfSSL version 5.1.0
------------------------------------------------------------------------------
wolfCrypt Benchmark (block bytes 1048576, min 1.0 sec each)
RNG                 15 MB took 1.161 seconds,   12.916 MB/s
AES-128-CBC-enc     35 MB took 1.093 seconds,   32.029 MB/s
AES-128-CBC-dec     30 MB took 1.011 seconds,   29.675 MB/s
AES-192-CBC-enc     30 MB took 1.122 seconds,   26.743 MB/s
AES-192-CBC-dec     30 MB took 1.162 seconds,   25.812 MB/s
AES-256-CBC-enc     25 MB took 1.067 seconds,   23.420 MB/s
AES-256-CBC-dec     25 MB took 1.058 seconds,   23.626 MB/s
AES-128-GCM-enc     25 MB took 1.067 seconds,   23.434 MB/s
AES-128-GCM-dec     25 MB took 1.340 seconds,   18.652 MB/s
AES-192-GCM-enc     15 MB took 1.177 seconds,   12.740 MB/s
AES-192-GCM-dec     25 MB took 1.228 seconds,   20.352 MB/s
AES-256-GCM-enc     20 MB took 1.068 seconds,   18.731 MB/s
AES-256-GCM-dec     20 MB took 1.092 seconds,   18.315 MB/s
GMAC Table 4-bit    67 MB took 1.014 seconds,   66.064 MB/s
RABBIT              80 MB took 1.004 seconds,   79.670 MB/s
3DES                10 MB took 1.131 seconds,    8.843 MB/s
MD5                295 MB took 1.001 seconds,  294.844 MB/s
SHA                130 MB took 1.035 seconds,  125.588 MB/s
SHA-256             30 MB took 1.007 seconds,   29.798 MB/s
HMAC-MD5           295 MB took 1.010 seconds,  292.030 MB/s
HMAC-SHA           125 MB took 1.027 seconds,  121.736 MB/s
HMAC-SHA256         30 MB took 1.020 seconds,   29.413 MB/s
PBKDF2               3 KB took 1.003 seconds,    3.428 KB/s
RSA     2048 public       1300 ops took 1.002 sec, avg 0.771 ms, 1297.269 ops/sec
RSA     2048 private       100 ops took 3.951 sec, avg 39.505 ms, 25.313 ops/sec
DH      2048 key gen        63 ops took 1.010 sec, avg 16.027 ms, 62.396 ops/sec
DH      2048 agree         100 ops took 1.649 sec, avg 16.485 ms, 60.661 ops/sec
ECC   [      SECP256R1]   256 key gen      1283 ops took 1.001 sec, avg 0.780 ms, 1282.072 ops/sec
ECDHE [      SECP256R1]   256 agree         900 ops took 1.112 sec, avg 1.235 ms, 809.647 ops/sec
ECDSA [      SECP256R1]   256 sign         1200 ops took 1.046 sec, avg 0.872 ms, 1147.131 ops/sec
ECDSA [      SECP256R1]   256 verify        900 ops took 1.093 sec, avg 1.215 ms, 823.268 ops/sec
Benchmark complete
[SGXSan] ALWAYS: Enter enc_wolfSSL_Debugging_ON
[SGXSan] ALWAYS: Enter wc_test
------------------------------------------------------------------------------
 wolfSSL version 5.1.0
------------------------------------------------------------------------------
error    test passed!
MEMORY   test passed!
base64   test passed!
asn      test passed!
RANDOM   test passed!
MD5      test passed!
MD4      test passed!
SHA      test passed!
SHA-256  test passed!
Hash     test passed!
HMAC-MD5 test passed!
HMAC-SHA test passed!
HMAC-SHA256 test passed!
GMAC     test passed!
HC-128   test passed!
Rabbit   test passed!
DES      test passed!
DES3     test passed!
AES      test passed!
AES192   test passed!
AES256   test passed!
AES-GCM  test passed!
RSA      test passed!
DH       test passed!
DSA      test passed!
PWDBASED test passed!
ECC      test passed!
ECC buffer test passed!
logging  test passed!
mutex    test passed!
memcb    test failed!
 error = -13803
[SGXSan] ALWAYS: Enter enc_wolfSSL_Cleanup
[SGXSan] ALWAYS: Enter enc_wolfSSL_write
[SGXSan] ALWAYS: Enter enc_wolfSSL_get_error
#2	pulse  ft: 6292 exec/s: 0 rss: 50Mb
Slowest unit: 43 s:
artifact_prefix='./crashes/'; Test unit written to ./crashes/slow-unit-eac2caf48f68a7de1dbebb64ea9fb2e3320b7df3
[SGXSan] ALWAYS: Enter enc_wolfSSL_new
[SGXSan] ALWAYS: Enter enc_wolfSSL_CTX_use_PrivateKey_buffer
[SGXSan] ALWAYS: Enter enc_wolfSSL_write
[SGXSan] ALWAYS: Enter enc_wolfSSL_Debugging_OFF
[SGXSan] ALWAYS: Enter enc_wolfSSL_CTX_new
[SGXSan] ALWAYS: Enter enc_wolfSSL_Init
[SGXSan] ALWAYS: Enter enc_wolfSSL_get_error
[SGXSan] ALWAYS: Enter enc_wolfSSL_CTX_set_cipher_list
[SGXSan] ALWAYS: Enter enc_wolfSSL_CTX_use_certificate_buffer
[SGXSan] ALWAYS: Enter enc_wolfTLSv1_2_client_method
[SGXSan] ALWAYS: Enter enc_wolfSSL_CTX_load_verify_buffer
[SGXSan] ALWAYS: Enter enc_wolfSSL_free
[SGXSan] ALWAYS: Enter enc_wolfSSL_set_fd
[SGXSan] ALWAYS: Enter enc_wolfTLSv1_2_server_method
[SGXSan] ALWAYS: Enter wc_benchmark_test
------------------------------------------------------------------------------
 wolfSSL version 5.1.0
------------------------------------------------------------------------------
wolfCrypt Benchmark (block bytes 1048576, min 1.0 sec each)
RNG                 15 MB took 1.200 seconds,   12.504 MB/s
AES-128-CBC-enc     35 MB took 1.126 seconds,   31.087 MB/s
AES-128-CBC-dec     30 MB took 1.034 seconds,   29.008 MB/s
AES-192-CBC-enc     30 MB took 1.140 seconds,   26.311 MB/s
AES-192-CBC-dec     30 MB took 1.181 seconds,   25.413 MB/s
AES-256-CBC-enc     25 MB took 1.099 seconds,   22.757 MB/s
AES-256-CBC-dec     25 MB took 1.058 seconds,   23.627 MB/s
AES-128-GCM-enc     25 MB took 1.065 seconds,   23.466 MB/s
AES-128-GCM-dec     25 MB took 1.065 seconds,   23.473 MB/s
AES-192-GCM-enc     25 MB took 1.200 seconds,   20.828 MB/s
AES-192-GCM-dec     25 MB took 1.224 seconds,   20.423 MB/s
AES-256-GCM-enc     20 MB took 1.040 seconds,   19.227 MB/s
AES-256-GCM-dec     20 MB took 1.043 seconds,   19.170 MB/s
GMAC Table 4-bit    68 MB took 1.012 seconds,   67.191 MB/s
RABBIT              90 MB took 1.032 seconds,   87.211 MB/s
3DES                10 MB took 1.131 seconds,    8.841 MB/s
MD5                285 MB took 1.002 seconds,  284.376 MB/s
SHA                125 MB took 1.023 seconds,  122.194 MB/s
SHA-256             30 MB took 1.009 seconds,   29.719 MB/s
HMAC-MD5           290 MB took 1.017 seconds,  285.123 MB/s
HMAC-SHA           125 MB took 1.033 seconds,  120.989 MB/s
HMAC-SHA256         30 MB took 1.079 seconds,   27.791 MB/s
PBKDF2               4 KB took 1.005 seconds,    3.702 KB/s
RSA     2048 public       1400 ops took 1.029 sec, avg 0.735 ms, 1360.949 ops/sec
RSA     2048 private       100 ops took 3.833 sec, avg 38.335 ms, 26.086 ops/sec
DH      2048 key gen        62 ops took 1.015 sec, avg 16.372 ms, 61.080 ops/sec
DH      2048 agree         100 ops took 1.632 sec, avg 16.322 ms, 61.267 ops/sec
ECC   [      SECP256R1]   256 key gen      1310 ops took 1.000 sec, avg 0.763 ms, 1309.866 ops/sec
ECDHE [      SECP256R1]   256 agree         900 ops took 1.052 sec, avg 1.169 ms, 855.618 ops/sec
ECDSA [      SECP256R1]   256 sign         1200 ops took 1.054 sec, avg 0.879 ms, 1138.169 ops/sec
ECDSA [      SECP256R1]   256 verify        900 ops took 1.080 sec, avg 1.200 ms, 833.590 ops/sec
Benchmark complete
[SGXSan] ALWAYS: Enter enc_wolfSSL_connect
[SGXSan] ALWAYS: Enter wc_test
------------------------------------------------------------------------------
 wolfSSL version 5.1.0
------------------------------------------------------------------------------
error    test passed!
MEMORY   test passed!
base64   test passed!
asn      test passed!
RANDOM   test passed!
MD5      test passed!
MD4      test passed!
SHA      test passed!
SHA-256  test passed!
Hash     test passed!
HMAC-MD5 test passed!
HMAC-SHA test passed!
HMAC-SHA256 test passed!
GMAC     test passed!
HC-128   test passed!
Rabbit   test passed!
DES      test passed!
DES3     test passed!
AES      test passed!
AES192   test passed!
AES256   test passed!
AES-GCM  test passed!
RSA      test passed!
DH       test passed!
DSA      test passed!
PWDBASED test passed!
ECC      test passed!
ECC buffer test passed!
logging  test passed!
mutex    test passed!
memcb    test failed!
 error = -13803
[SGXSan] ALWAYS: Enter enc_wolfSSL_CTX_free
[SGXSan] ALWAYS: Enter enc_wolfSSL_Debugging_ON
[SGXSan] ALWAYS: Enter enc_wolfSSL_CTX_use_certificate_chain_buffer_format
[SGXSan] ALWAYS: Enter enc_wolfSSL_Cleanup
[SGXSan] ALWAYS: Enter enc_wolfSSL_read
[SGXSan] ALWAYS: Enter enc_wolfSSL_new
[SGXSan] ALWAYS: Enter wc_test
------------------------------------------------------------------------------
 wolfSSL version 5.1.0
------------------------------------------------------------------------------
error    test passed!
MEMORY   test passed!
base64   test passed!
asn      test passed!
RANDOM   test passed!
MD5      test passed!
MD4      test passed!
SHA      test passed!
SHA-256  test passed!
Hash     test passed!
HMAC-MD5 test passed!
HMAC-SHA test passed!
HMAC-SHA256 test passed!
GMAC     test passed!
HC-128   test passed!
Rabbit   test passed!
DES      test passed!
DES3     test passed!
AES      test passed!
AES192   test passed!
AES256   test passed!
AES-GCM  test passed!
RSA      test passed!
DH       test passed!
DSA      test passed!
PWDBASED test passed!
ECC      test passed!
ECC buffer test passed!
logging  test passed!
mutex    test passed!
memcb    test failed!
 error = -13803
[SGXSan] ALWAYS: Enter enc_wolfSSL_CTX_use_certificate_chain_buffer_format
[SGXSan] ALWAYS: Enter enc_wolfSSL_write
[SGXSan] ALWAYS: Enter enc_wolfSSL_get_error
[SGXSan] ALWAYS: Enter enc_wolfSSL_CTX_load_verify_buffer
[SGXSan] ALWAYS: Enter enc_wolfSSL_CTX_use_PrivateKey_buffer
[SGXSan] ALWAYS: Enter enc_wolfSSL_CTX_use_certificate_buffer
[SGXSan] ALWAYS: Enter enc_wolfTLSv1_2_server_method
[SGXSan] ALWAYS: Enter enc_wolfSSL_Debugging_ON
[SGXSan] ALWAYS: Enter enc_wolfSSL_CTX_new
[SGXSan] ALWAYS: Enter enc_wolfSSL_Cleanup
[SGXSan] ALWAYS: Enter enc_wolfSSL_connect
[SGXSan] ALWAYS: Enter wc_benchmark_test
------------------------------------------------------------------------------
 wolfSSL version 5.1.0
------------------------------------------------------------------------------
wolfCrypt Benchmark (block bytes 1048576, min 1.0 sec each)
RNG                 15 MB took 1.161 seconds,   12.924 MB/s
AES-128-CBC-enc     35 MB took 1.094 seconds,   31.990 MB/s
AES-128-CBC-dec     30 MB took 1.002 seconds,   29.952 MB/s
AES-192-CBC-enc     30 MB took 1.104 seconds,   27.178 MB/s
AES-192-CBC-dec     25 MB took 1.002 seconds,   24.944 MB/s
AES-256-CBC-enc     25 MB took 1.035 seconds,   24.148 MB/s
AES-256-CBC-dec     25 MB took 1.108 seconds,   22.569 MB/s
AES-128-GCM-enc     25 MB took 1.097 seconds,   22.789 MB/s
AES-128-GCM-dec     25 MB took 1.092 seconds,   22.901 MB/s
AES-192-GCM-enc     25 MB took 1.254 seconds,   19.936 MB/s
AES-192-GCM-dec     25 MB took 1.222 seconds,   20.459 MB/s
AES-256-GCM-enc     20 MB took 1.046 seconds,   19.124 MB/s
AES-256-GCM-dec     20 MB took 1.037 seconds,   19.293 MB/s
GMAC Table 4-bit    67 MB took 1.006 seconds,   66.600 MB/s
RABBIT              90 MB took 1.028 seconds,   87.563 MB/s
3DES                10 MB took 1.122 seconds,    8.916 MB/s
MD5                295 MB took 1.005 seconds,  293.481 MB/s
SHA                120 MB took 1.004 seconds,  119.524 MB/s
SHA-256             30 MB took 1.013 seconds,   29.620 MB/s
HMAC-MD5           295 MB took 1.013 seconds,  291.145 MB/s
HMAC-SHA           125 MB took 1.039 seconds,  120.329 MB/s
HMAC-SHA256         30 MB took 1.014 seconds,   29.585 MB/s
PBKDF2               4 KB took 1.006 seconds,    3.572 KB/s
RSA     2048 public       1400 ops took 1.058 sec, avg 0.756 ms, 1323.562 ops/sec
RSA     2048 private       100 ops took 3.824 sec, avg 38.240 ms, 26.150 ops/sec
DH      2048 key gen        63 ops took 1.012 sec, avg 16.062 ms, 62.258 ops/sec
DH      2048 agree         100 ops took 1.600 sec, avg 15.995 ms, 62.518 ops/sec
ECC   [      SECP256R1]   256 key gen      1376 ops took 1.001 sec, avg 0.727 ms, 1375.149 ops/sec
ECDHE [      SECP256R1]   256 agree         900 ops took 1.030 sec, avg 1.144 ms, 874.016 ops/sec
ECDSA [      SECP256R1]   256 sign         1200 ops took 1.054 sec, avg 0.879 ms, 1138.277 ops/sec
ECDSA [      SECP256R1]   256 verify        900 ops took 1.128 sec, avg 1.254 ms, 797.546 ops/sec
Benchmark complete
[SGXSan] ALWAYS: Enter enc_wolfSSL_free
[SGXSan] ALWAYS: Enter enc_wolfSSL_set_fd
[SGXSan] ALWAYS: Enter enc_wolfTLSv1_2_client_method
[SGXSan] ALWAYS: Enter enc_wolfSSL_Init
[SGXSan] ALWAYS: Enter enc_wolfSSL_CTX_set_cipher_list
[SGXSan] ALWAYS: Enter enc_wolfSSL_Debugging_OFF
[SGXSan] ALWAYS: Enter enc_wolfSSL_read
[SGXSan] ALWAYS: Enter enc_wolfSSL_CTX_free
#4	pulse  cov: 6292 ft: 6298 corp: 2/723Kb exec/s: 0 rss: 65Mb
#4	INITED cov: 6293 ft: 6298 corp: 3/1084Kb exec/s: 0 rss: 65Mb
#4	DONE   cov: 6293 ft: 6298 corp: 3/1084Kb lim: 370191 exec/s: 0 rss: 65Mb
Done 4 runs in 170 second(s)
stat::number_of_executed_units: 4
stat::average_exec_per_sec:     0
stat::new_units_added:          0
stat::slowest_unit_time_sec:    43
stat::peak_rss_mb:              65
