WARNING: Failed to find function "__sanitizer_acquire_crash_state".
WARNING: Failed to find function "__sanitizer_print_stack_trace".
WARNING: Failed to find function "__sanitizer_set_death_callback".
[2023-01-15 18:19:36.132] [Init] Num of ECall: 22
[2023-01-15 18:19:36.133] ECalls:
  0 - fuzz_enc_wolfSSL_CTX_free
  1 - fuzz_enc_wolfSSL_CTX_load_verify_buffer
  2 - fuzz_enc_wolfSSL_CTX_new
  3 - fuzz_enc_wolfSSL_CTX_set_cipher_list
  4 - fuzz_enc_wolfSSL_CTX_use_PrivateKey_buffer
  5 - fuzz_enc_wolfSSL_CTX_use_certificate_buffer
  6 - fuzz_enc_wolfSSL_CTX_use_certificate_chain_buffer_format
  7 - fuzz_enc_wolfSSL_Cleanup
  8 - fuzz_enc_wolfSSL_Debugging_OFF
  9 - fuzz_enc_wolfSSL_Debugging_ON
  10 - fuzz_enc_wolfSSL_Init
  11 - fuzz_enc_wolfSSL_connect
  12 - fuzz_enc_wolfSSL_free
  13 - fuzz_enc_wolfSSL_get_error
  14 - fuzz_enc_wolfSSL_new
  15 - fuzz_enc_wolfSSL_read
  16 - fuzz_enc_wolfSSL_set_fd
  17 - fuzz_enc_wolfSSL_write
  18 - fuzz_enc_wolfTLSv1_2_client_method
  19 - fuzz_enc_wolfTLSv1_2_server_method
  20 - fuzz_wc_benchmark_test
  21 - fuzz_wc_test

INFO: found LLVMFuzzerCustomMutator (0x44ac30). Disabling -len_control by default.
INFO: libFuzzer ignores flags that start with '--'
INFO: Running with entropic power schedule (0xFF, 100).
INFO: Seed: 2220175225
INFO: Loaded 1 modules   (291 inline 8-bit counters): 291 [0x4cb7e8, 0x4cb90b), 
INFO: Loaded 1 PC tables (291 PCs): 291 [0x4cb910,0x4ccb40), 
INFO:        0 files found in /tmp/libFuzzerTemp.FuzzWithFork422940.dir/C148
[SGXSan] ALWAYS: Hook __sanitizer_cov_8bit_counters_init of Enclave, 21636 inline 8-bit counts [0x7fa8fca8e9c0, 0x7fa8fca93e44) (First time)
[SGXSan] ALWAYS: Hook __sanitizer_cov_pcs_init of Enclave, 21636 PCs [0x7fa8fca93e48, 0x7fa8fcae8688) (First time)
[SGXSan] ALWAYS: Enter enc_wolfSSL_CTX_free
[SGXSan] ALWAYS: Enter enc_wolfSSL_CTX_load_verify_buffer
[SGXSan] ALWAYS: Enter enc_wolfSSL_CTX_new
[SGXSan] ALWAYS: Enter enc_wolfSSL_CTX_set_cipher_list
[SGXSan] ALWAYS: Enter enc_wolfSSL_CTX_use_PrivateKey_buffer
[SGXSan] ALWAYS: Enter enc_wolfSSL_CTX_use_certificate_buffer
[SGXSan] ALWAYS: Enter enc_wolfSSL_CTX_use_certificate_chain_buffer_format
[SGXSan] ALWAYS: Enter enc_wolfSSL_Cleanup
[SGXSan] ALWAYS: Enter enc_wolfSSL_Debugging_OFF
[SGXSan] ALWAYS: Enter enc_wolfSSL_Debugging_ON
[SGXSan] ALWAYS: Enter enc_wolfSSL_Init
[SGXSan] ALWAYS: Enter enc_wolfSSL_connect
[SGXSan] ALWAYS: Enter enc_wolfSSL_free
[SGXSan] ALWAYS: Enter enc_wolfSSL_get_error
[SGXSan] ALWAYS: Enter enc_wolfSSL_new
[SGXSan] ALWAYS: Enter enc_wolfSSL_read
[SGXSan] ALWAYS: Enter enc_wolfSSL_set_fd
[SGXSan] ALWAYS: Enter enc_wolfSSL_write
[SGXSan] ALWAYS: Enter enc_wolfTLSv1_2_client_method
[SGXSan] ALWAYS: Enter enc_wolfTLSv1_2_server_method
[SGXSan] ALWAYS: Enter wc_benchmark_test
------------------------------------------------------------------------------
 wolfSSL version 5.1.0
------------------------------------------------------------------------------
wolfCrypt Benchmark (block bytes 1048576, min 1.0 sec each)
RNG                 15 MB took 1.221 seconds,   12.282 MB/s
AES-128-CBC-enc     35 MB took 1.130 seconds,   30.978 MB/s
AES-128-CBC-dec     30 MB took 1.007 seconds,   29.790 MB/s
AES-192-CBC-enc     30 MB took 1.068 seconds,   28.083 MB/s
AES-192-CBC-dec     30 MB took 1.149 seconds,   26.113 MB/s
AES-256-CBC-enc     25 MB took 1.012 seconds,   24.707 MB/s
AES-256-CBC-dec     25 MB took 1.064 seconds,   23.492 MB/s
AES-128-GCM-enc     25 MB took 1.083 seconds,   23.081 MB/s
AES-128-GCM-dec     25 MB took 1.075 seconds,   23.255 MB/s
AES-192-GCM-enc     25 MB took 1.205 seconds,   20.745 MB/s
AES-192-GCM-dec     25 MB took 1.222 seconds,   20.455 MB/s
AES-256-GCM-enc     20 MB took 1.045 seconds,   19.134 MB/s
AES-256-GCM-dec     20 MB took 1.047 seconds,   19.109 MB/s
GMAC Table 4-bit    68 MB took 1.012 seconds,   67.206 MB/s
RABBIT              90 MB took 1.014 seconds,   88.729 MB/s
3DES                10 MB took 1.120 seconds,    8.925 MB/s
MD5                300 MB took 1.010 seconds,  296.922 MB/s
SHA                125 MB took 1.013 seconds,  123.370 MB/s
SHA-256             25 MB took 1.115 seconds,   22.415 MB/s
HMAC-MD5           195 MB took 1.015 seconds,  192.088 MB/s
HMAC-SHA            75 MB took 1.054 seconds,   71.186 MB/s
HMAC-SHA256         20 MB took 1.125 seconds,   17.777 MB/s
PBKDF2               2 KB took 1.003 seconds,    2.213 KB/s
RSA     2048 public        800 ops took 1.004 sec, avg 1.255 ms, 797.046 ops/sec
RSA     2048 private       100 ops took 3.852 sec, avg 38.519 ms, 25.961 ops/sec
DH      2048 key gen        60 ops took 1.003 sec, avg 16.711 ms, 59.842 ops/sec
DH      2048 agree         100 ops took 1.583 sec, avg 15.832 ms, 63.164 ops/sec
ECC   [      SECP256R1]   256 key gen      1362 ops took 1.001 sec, avg 0.735 ms, 1361.295 ops/sec
ECDHE [      SECP256R1]   256 agree         900 ops took 1.017 sec, avg 1.130 ms, 884.940 ops/sec
ECDSA [      SECP256R1]   256 sign         1200 ops took 1.031 sec, avg 0.859 ms, 1163.527 ops/sec
ECDSA [      SECP256R1]   256 verify        900 ops took 1.065 sec, avg 1.183 ms, 845.149 ops/sec
Benchmark complete
[SGXSan] ALWAYS: Enter wc_test
INFO: seed corpus: files: 3 min: 370191b max: 370191b total: 1110573b rss: 43Mb
------------------------------------------------------------------------------
 wolfSSL version 5.1.0
------------------------------------------------------------------------------
error    test passed!
MEMORY   test passed!
base64   test passed!
asn      test passed!
RANDOM   test passed!
MD5      test passed!
MD4      test passed!
SHA      test passed!
SHA-256  test passed!
Hash     test passed!
HMAC-MD5 test passed!
HMAC-SHA test passed!
HMAC-SHA256 test passed!
GMAC     test passed!
HC-128   test passed!
Rabbit   test passed!
DES      test passed!
DES3     test passed!
AES      test passed!
AES192   test passed!
AES256   test passed!
AES-GCM  test passed!
RSA      test passed!
DH       test passed!
DSA      test passed!
PWDBASED test passed!
ECC      test passed!
ECC buffer test passed!
logging  test passed!
mutex    test passed!
memcb    test passed!
Test complete
[SGXSan] ALWAYS: Enter enc_wolfSSL_new
[SGXSan] ALWAYS: Enter wc_test
------------------------------------------------------------------------------
 wolfSSL version 5.1.0
------------------------------------------------------------------------------
error    test passed!
MEMORY   test passed!
base64   test passed!
asn      test passed!
RANDOM   test passed!
MD5      test passed!
MD4      test passed!
SHA      test passed!
SHA-256  test passed!
Hash     test passed!
HMAC-MD5 test passed!
HMAC-SHA test passed!
HMAC-SHA256 test passed!
GMAC     test passed!
HC-128   test passed!
Rabbit   test passed!
DES      test passed!
DES3     test passed!
AES      test passed!
AES192   test passed!
AES256   test passed!
AES-GCM  test passed!
RSA      test passed!
DH       test passed!
DSA      test passed!
PWDBASED test passed!
ECC      test passed!
ECC buffer test passed!
logging  test passed!
mutex    test passed!
memcb    test failed!
 error = -13803
[SGXSan] ALWAYS: Enter enc_wolfSSL_CTX_use_certificate_chain_buffer_format
[SGXSan] ALWAYS: Enter enc_wolfSSL_write
[SGXSan] ALWAYS: Enter enc_wolfSSL_get_error
[SGXSan] ALWAYS: Enter enc_wolfSSL_CTX_load_verify_buffer
[SGXSan] ALWAYS: Enter enc_wolfSSL_CTX_use_PrivateKey_buffer
[SGXSan] ALWAYS: Enter enc_wolfSSL_CTX_use_certificate_buffer
[SGXSan] ALWAYS: Enter enc_wolfTLSv1_2_server_method
[SGXSan] ALWAYS: Enter enc_wolfSSL_Debugging_ON
[SGXSan] ALWAYS: Enter enc_wolfSSL_CTX_new
[SGXSan] ALWAYS: Enter enc_wolfSSL_Cleanup
[SGXSan] ALWAYS: Enter enc_wolfSSL_connect
[SGXSan] ALWAYS: Enter wc_benchmark_test
------------------------------------------------------------------------------
 wolfSSL version 5.1.0
------------------------------------------------------------------------------
wolfCrypt Benchmark (block bytes 1048576, min 1.0 sec each)
RNG                 15 MB took 1.173 seconds,   12.782 MB/s
AES-128-CBC-enc     35 MB took 1.072 seconds,   32.637 MB/s
AES-128-CBC-dec     30 MB took 1.028 seconds,   29.170 MB/s
AES-192-CBC-enc     25 MB took 1.051 seconds,   23.788 MB/s
AES-192-CBC-dec     25 MB took 1.174 seconds,   21.296 MB/s
AES-256-CBC-enc     25 MB took 1.039 seconds,   24.058 MB/s
AES-256-CBC-dec     25 MB took 1.074 seconds,   23.280 MB/s
AES-128-GCM-enc     25 MB took 1.148 seconds,   21.780 MB/s
AES-128-GCM-dec     25 MB took 1.077 seconds,   23.214 MB/s
AES-192-GCM-enc     25 MB took 1.195 seconds,   20.921 MB/s
AES-192-GCM-dec     25 MB took 1.209 seconds,   20.677 MB/s
AES-256-GCM-enc     20 MB took 1.031 seconds,   19.404 MB/s
AES-256-GCM-dec     15 MB took 1.022 seconds,   14.678 MB/s
GMAC Table 4-bit    67 MB took 1.010 seconds,   66.326 MB/s
RABBIT              90 MB took 1.023 seconds,   87.985 MB/s
3DES                10 MB took 1.133 seconds,    8.829 MB/s
MD5                295 MB took 1.008 seconds,  292.524 MB/s
SHA                120 MB took 1.005 seconds,  119.344 MB/s
SHA-256             30 MB took 1.003 seconds,   29.917 MB/s
HMAC-MD5           295 MB took 1.003 seconds,  294.140 MB/s
HMAC-SHA           125 MB took 1.011 seconds,  123.588 MB/s
HMAC-SHA256         30 MB took 1.029 seconds,   29.165 MB/s
PBKDF2               4 KB took 1.004 seconds,    3.641 KB/s
RSA     2048 public       1400 ops took 1.054 sec, avg 0.753 ms, 1328.498 ops/sec
RSA     2048 private       100 ops took 3.776 sec, avg 37.758 ms, 26.485 ops/sec
DH      2048 key gen        63 ops took 1.001 sec, avg 15.886 ms, 62.947 ops/sec
DH      2048 agree         100 ops took 1.585 sec, avg 15.851 ms, 63.088 ops/sec
ECC   [      SECP256R1]   256 key gen      1383 ops took 1.000 sec, avg 0.723 ms, 1382.480 ops/sec
ECDHE [      SECP256R1]   256 agree         900 ops took 1.012 sec, avg 1.125 ms, 889.041 ops/sec
ECDSA [      SECP256R1]   256 sign         1200 ops took 1.001 sec, avg 0.834 ms, 1199.003 ops/sec
ECDSA [      SECP256R1]   256 verify        900 ops took 1.044 sec, avg 1.160 ms, 862.282 ops/sec
Benchmark complete
[SGXSan] ALWAYS: Enter enc_wolfSSL_free
[SGXSan] ALWAYS: Enter enc_wolfSSL_set_fd
[SGXSan] ALWAYS: Enter enc_wolfTLSv1_2_client_method
[SGXSan] ALWAYS: Enter enc_wolfSSL_Init
[SGXSan] ALWAYS: Enter enc_wolfSSL_CTX_set_cipher_list
[SGXSan] ALWAYS: Enter enc_wolfSSL_Debugging_OFF
[SGXSan] ALWAYS: Enter enc_wolfSSL_read
[SGXSan] ALWAYS: Enter enc_wolfSSL_CTX_free
#2	pulse  ft: 6294 exec/s: 0 rss: 49Mb
Slowest unit: 42 s:
artifact_prefix='./crashes/'; Test unit written to ./crashes/slow-unit-eea13a3d5a82fc21c5d57bf5c2da85a11c88d78c
[SGXSan] ALWAYS: Enter enc_wolfSSL_new
[SGXSan] ALWAYS: Enter enc_wolfSSL_CTX_use_PrivateKey_buffer
[SGXSan] ALWAYS: Enter enc_wolfSSL_write
[SGXSan] ALWAYS: Enter enc_wolfSSL_Debugging_OFF
[SGXSan] ALWAYS: Enter enc_wolfSSL_CTX_new
[SGXSan] ALWAYS: Enter enc_wolfSSL_Init
[SGXSan] ALWAYS: Enter enc_wolfSSL_get_error
[SGXSan] ALWAYS: Enter enc_wolfSSL_CTX_set_cipher_list
[SGXSan] ALWAYS: Enter enc_wolfSSL_CTX_use_certificate_buffer
[SGXSan] ALWAYS: Enter enc_wolfTLSv1_2_client_method
[SGXSan] ALWAYS: Enter enc_wolfSSL_CTX_load_verify_buffer
[SGXSan] ALWAYS: Enter enc_wolfSSL_free
[SGXSan] ALWAYS: Enter enc_wolfSSL_set_fd
[SGXSan] ALWAYS: Enter enc_wolfTLSv1_2_server_method
[SGXSan] ALWAYS: Enter wc_benchmark_test
------------------------------------------------------------------------------
 wolfSSL version 5.1.0
------------------------------------------------------------------------------
wolfCrypt Benchmark (block bytes 1048576, min 1.0 sec each)
RNG                 15 MB took 1.148 seconds,   13.062 MB/s
AES-128-CBC-enc     35 MB took 1.079 seconds,   32.448 MB/s
AES-128-CBC-dec     30 MB took 1.076 seconds,   27.882 MB/s
AES-192-CBC-enc     30 MB took 1.067 seconds,   28.117 MB/s
AES-192-CBC-dec     30 MB took 1.156 seconds,   25.952 MB/s
AES-256-CBC-enc     30 MB took 1.173 seconds,   25.565 MB/s
AES-256-CBC-dec     25 MB took 1.040 seconds,   24.040 MB/s
AES-128-GCM-enc     25 MB took 1.061 seconds,   23.558 MB/s
AES-128-GCM-dec     25 MB took 1.050 seconds,   23.800 MB/s
AES-192-GCM-enc     25 MB took 1.171 seconds,   21.345 MB/s
AES-192-GCM-dec     25 MB took 1.172 seconds,   21.330 MB/s
AES-256-GCM-enc     20 MB took 1.039 seconds,   19.251 MB/s
AES-256-GCM-dec     20 MB took 1.018 seconds,   19.654 MB/s
GMAC Table 4-bit    68 MB took 1.004 seconds,   67.701 MB/s
RABBIT              95 MB took 1.052 seconds,   90.272 MB/s
3DES                10 MB took 1.097 seconds,    9.118 MB/s
MD5                295 MB took 1.002 seconds,  294.420 MB/s
SHA                130 MB took 1.034 seconds,  125.739 MB/s
SHA-256             30 MB took 1.007 seconds,   29.803 MB/s
HMAC-MD5           300 MB took 1.005 seconds,  298.361 MB/s
HMAC-SHA           130 MB took 1.021 seconds,  127.267 MB/s
HMAC-SHA256         35 MB took 1.145 seconds,   30.571 MB/s
PBKDF2               4 KB took 1.006 seconds,    3.666 KB/s
RSA     2048 public       1400 ops took 1.015 sec, avg 0.725 ms, 1378.731 ops/sec
RSA     2048 private       100 ops took 3.705 sec, avg 37.052 ms, 26.989 ops/sec
DH      2048 key gen        65 ops took 1.015 sec, avg 15.613 ms, 64.048 ops/sec
DH      2048 agree         100 ops took 1.629 sec, avg 16.293 ms, 61.377 ops/sec
ECC   [      SECP256R1]   256 key gen      1341 ops took 1.000 sec, avg 0.746 ms, 1340.928 ops/sec
ECDHE [      SECP256R1]   256 agree         900 ops took 1.002 sec, avg 1.114 ms, 898.039 ops/sec
ECDSA [      SECP256R1]   256 sign         1200 ops took 1.022 sec, avg 0.851 ms, 1174.669 ops/sec
ECDSA [      SECP256R1]   256 verify        900 ops took 1.060 sec, avg 1.178 ms, 849.189 ops/sec
Benchmark complete
[SGXSan] ALWAYS: Enter enc_wolfSSL_connect
[SGXSan] ALWAYS: Enter wc_test
------------------------------------------------------------------------------
 wolfSSL version 5.1.0
------------------------------------------------------------------------------
error    test passed!
MEMORY   test passed!
base64   test passed!
asn      test passed!
RANDOM   test passed!
MD5      test passed!
MD4      test passed!
SHA      test passed!
SHA-256  test passed!
Hash     test passed!
HMAC-MD5 test passed!
HMAC-SHA test passed!
HMAC-SHA256 test passed!
GMAC     test passed!
HC-128   test passed!
Rabbit   test passed!
DES      test passed!
DES3     test passed!
AES      test passed!
AES192   test passed!
AES256   test passed!
AES-GCM  test passed!
RSA      test passed!
DH       test passed!
DSA      test passed!
PWDBASED test passed!
ECC      test passed!
ECC buffer test passed!
logging  test passed!
mutex    test passed!
memcb    test failed!
 error = -13803
[SGXSan] ALWAYS: Enter enc_wolfSSL_CTX_free
[SGXSan] ALWAYS: Enter enc_wolfSSL_Debugging_ON
[SGXSan] ALWAYS: Enter enc_wolfSSL_CTX_use_certificate_chain_buffer_format
[SGXSan] ALWAYS: Enter enc_wolfSSL_Cleanup
[SGXSan] ALWAYS: Enter enc_wolfSSL_read
[SGXSan] ALWAYS: Enter enc_wolfSSL_new
[SGXSan] ALWAYS: Enter enc_wolfSSL_CTX_use_PrivateKey_buffer
[SGXSan] ALWAYS: Enter enc_wolfSSL_write
[SGXSan] ALWAYS: Enter enc_wolfSSL_Debugging_OFF
[SGXSan] ALWAYS: Enter enc_wolfSSL_CTX_new
[SGXSan] ALWAYS: Enter enc_wolfSSL_Init
[SGXSan] ALWAYS: Enter enc_wolfSSL_get_error
[SGXSan] ALWAYS: Enter enc_wolfSSL_CTX_set_cipher_list
[SGXSan] ALWAYS: Enter enc_wolfSSL_CTX_use_certificate_buffer
[SGXSan] ALWAYS: Enter enc_wolfTLSv1_2_client_method
[SGXSan] ALWAYS: Enter enc_wolfSSL_CTX_load_verify_buffer
[SGXSan] ALWAYS: Enter enc_wolfSSL_free
[SGXSan] ALWAYS: Enter enc_wolfSSL_set_fd
[SGXSan] ALWAYS: Enter enc_wolfTLSv1_2_server_method
[SGXSan] ALWAYS: Enter wc_benchmark_test
------------------------------------------------------------------------------
 wolfSSL version 5.1.0
------------------------------------------------------------------------------
wolfCrypt Benchmark (block bytes 1048576, min 1.0 sec each)
RNG                 15 MB took 1.145 seconds,   13.103 MB/s
AES-128-CBC-enc     35 MB took 1.086 seconds,   32.235 MB/s
AES-128-CBC-dec     35 MB took 1.148 seconds,   30.497 MB/s
AES-192-CBC-enc     30 MB took 1.144 seconds,   26.218 MB/s
AES-192-CBC-dec     30 MB took 1.144 seconds,   26.233 MB/s
AES-256-CBC-enc     30 MB took 1.192 seconds,   25.170 MB/s
AES-256-CBC-dec     25 MB took 1.086 seconds,   23.019 MB/s
AES-128-GCM-enc     25 MB took 1.079 seconds,   23.175 MB/s
AES-128-GCM-dec     25 MB took 1.115 seconds,   22.417 MB/s
AES-192-GCM-enc     25 MB took 1.184 seconds,   21.109 MB/s
AES-192-GCM-dec     25 MB took 1.179 seconds,   21.202 MB/s
AES-256-GCM-enc     20 MB took 1.065 seconds,   18.786 MB/s
AES-256-GCM-dec     20 MB took 1.020 seconds,   19.612 MB/s
GMAC Table 4-bit    68 MB took 1.003 seconds,   67.771 MB/s
RABBIT              95 MB took 1.046 seconds,   90.788 MB/s
3DES                10 MB took 1.093 seconds,    9.148 MB/s
MD5                295 MB took 1.005 seconds,  293.487 MB/s
SHA                125 MB took 1.002 seconds,  124.766 MB/s
SHA-256             30 MB took 1.009 seconds,   29.719 MB/s
HMAC-MD5           295 MB took 1.000 seconds,  294.860 MB/s
HMAC-SHA           125 MB took 1.009 seconds,  123.853 MB/s
HMAC-SHA256         30 MB took 1.037 seconds,   28.926 MB/s
PBKDF2               3 KB took 1.001 seconds,    3.466 KB/s
RSA     2048 public       1400 ops took 1.055 sec, avg 0.753 ms, 1327.218 ops/sec
RSA     2048 private       100 ops took 3.784 sec, avg 37.838 ms, 26.429 ops/sec
DH      2048 key gen        63 ops took 1.012 sec, avg 16.064 ms, 62.251 ops/sec
DH      2048 agree         100 ops took 1.586 sec, avg 15.859 ms, 63.054 ops/sec
ECC   [      SECP256R1]   256 key gen      1369 ops took 1.000 sec, avg 0.731 ms, 1368.333 ops/sec
ECDHE [      SECP256R1]   256 agree         900 ops took 1.028 sec, avg 1.142 ms, 875.746 ops/sec
ECDSA [      SECP256R1]   256 sign         1200 ops took 1.029 sec, avg 0.857 ms, 1166.702 ops/sec
ECDSA [      SECP256R1]   256 verify        900 ops took 1.072 sec, avg 1.191 ms, 839.358 ops/sec
Benchmark complete
[SGXSan] ALWAYS: Enter enc_wolfSSL_connect
[SGXSan] ALWAYS: Enter wc_test
------------------------------------------------------------------------------
 wolfSSL version 5.1.0
------------------------------------------------------------------------------
error    test passed!
MEMORY   test passed!
base64   test passed!
asn      test passed!
RANDOM   test passed!
MD5      test passed!
MD4      test passed!
SHA      test passed!
SHA-256  test passed!
Hash     test passed!
HMAC-MD5 test passed!
HMAC-SHA test passed!
HMAC-SHA256 test passed!
GMAC     test passed!
HC-128   test passed!
Rabbit   test passed!
DES      test passed!
DES3     test passed!
AES      test passed!
AES192   test passed!
AES256   test passed!
AES-GCM  test passed!
RSA      test passed!
DH       test passed!
DSA      test passed!
PWDBASED test passed!
ECC      test passed!
ECC buffer test passed!
logging  test passed!
mutex    test passed!
memcb    test failed!
 error = -13803
[SGXSan] ALWAYS: Enter enc_wolfSSL_CTX_free
[SGXSan] ALWAYS: Enter enc_wolfSSL_Debugging_ON
[SGXSan] ALWAYS: Enter enc_wolfSSL_CTX_use_certificate_chain_buffer_format
[SGXSan] ALWAYS: Enter enc_wolfSSL_Cleanup
[SGXSan] ALWAYS: Enter enc_wolfSSL_read
#4	pulse  cov: 6294 ft: 6294 corp: 1/361Kb exec/s: 0 rss: 64Mb
#4	INITED cov: 6294 ft: 6294 corp: 1/361Kb exec/s: 0 rss: 64Mb
#4	DONE   cov: 6294 ft: 6294 corp: 1/361Kb lim: 370191 exec/s: 0 rss: 64Mb
Done 4 runs in 169 second(s)
stat::number_of_executed_units: 4
stat::average_exec_per_sec:     0
stat::new_units_added:          0
stat::slowest_unit_time_sec:    42
stat::peak_rss_mb:              64
