WARNING: Failed to find function "__sanitizer_acquire_crash_state".
WARNING: Failed to find function "__sanitizer_print_stack_trace".
WARNING: Failed to find function "__sanitizer_set_death_callback".
[2023-01-15 18:20:54.795] [Init] Num of ECall: 22
[2023-01-15 18:20:54.795] ECalls:
  0 - fuzz_enc_wolfSSL_CTX_free
  1 - fuzz_enc_wolfSSL_CTX_load_verify_buffer
  2 - fuzz_enc_wolfSSL_CTX_new
  3 - fuzz_enc_wolfSSL_CTX_set_cipher_list
  4 - fuzz_enc_wolfSSL_CTX_use_PrivateKey_buffer
  5 - fuzz_enc_wolfSSL_CTX_use_certificate_buffer
  6 - fuzz_enc_wolfSSL_CTX_use_certificate_chain_buffer_format
  7 - fuzz_enc_wolfSSL_Cleanup
  8 - fuzz_enc_wolfSSL_Debugging_OFF
  9 - fuzz_enc_wolfSSL_Debugging_ON
  10 - fuzz_enc_wolfSSL_Init
  11 - fuzz_enc_wolfSSL_connect
  12 - fuzz_enc_wolfSSL_free
  13 - fuzz_enc_wolfSSL_get_error
  14 - fuzz_enc_wolfSSL_new
  15 - fuzz_enc_wolfSSL_read
  16 - fuzz_enc_wolfSSL_set_fd
  17 - fuzz_enc_wolfSSL_write
  18 - fuzz_enc_wolfTLSv1_2_client_method
  19 - fuzz_enc_wolfTLSv1_2_server_method
  20 - fuzz_wc_benchmark_test
  21 - fuzz_wc_test

INFO: found LLVMFuzzerCustomMutator (0x44ac30). Disabling -len_control by default.
INFO: libFuzzer ignores flags that start with '--'
INFO: Running with entropic power schedule (0xFF, 100).
INFO: Seed: 3573478132
INFO: Loaded 1 modules   (291 inline 8-bit counters): 291 [0x4cb7e8, 0x4cb90b), 
INFO: Loaded 1 PC tables (291 PCs): 291 [0x4cb910,0x4ccb40), 
INFO:        0 files found in /tmp/libFuzzerTemp.FuzzWithFork422940.dir/C149
[SGXSan] ALWAYS: Hook __sanitizer_cov_8bit_counters_init of Enclave, 21636 inline 8-bit counts [0x7fd9187959c0, 0x7fd91879ae44) (First time)
[SGXSan] ALWAYS: Hook __sanitizer_cov_pcs_init of Enclave, 21636 PCs [0x7fd91879ae48, 0x7fd9187ef688) (First time)
[SGXSan] ALWAYS: Enter enc_wolfSSL_CTX_free
[SGXSan] ALWAYS: Enter enc_wolfSSL_CTX_load_verify_buffer
[SGXSan] ALWAYS: Enter enc_wolfSSL_CTX_new
[SGXSan] ALWAYS: Enter enc_wolfSSL_CTX_set_cipher_list
[SGXSan] ALWAYS: Enter enc_wolfSSL_CTX_use_PrivateKey_buffer
[SGXSan] ALWAYS: Enter enc_wolfSSL_CTX_use_certificate_buffer
[SGXSan] ALWAYS: Enter enc_wolfSSL_CTX_use_certificate_chain_buffer_format
[SGXSan] ALWAYS: Enter enc_wolfSSL_Cleanup
[SGXSan] ALWAYS: Enter enc_wolfSSL_Debugging_OFF
[SGXSan] ALWAYS: Enter enc_wolfSSL_Debugging_ON
[SGXSan] ALWAYS: Enter enc_wolfSSL_Init
[SGXSan] ALWAYS: Enter enc_wolfSSL_connect
[SGXSan] ALWAYS: Enter enc_wolfSSL_free
[SGXSan] ALWAYS: Enter enc_wolfSSL_get_error
[SGXSan] ALWAYS: Enter enc_wolfSSL_new
[SGXSan] ALWAYS: Enter enc_wolfSSL_read
[SGXSan] ALWAYS: Enter enc_wolfSSL_set_fd
[SGXSan] ALWAYS: Enter enc_wolfSSL_write
[SGXSan] ALWAYS: Enter enc_wolfTLSv1_2_client_method
[SGXSan] ALWAYS: Enter enc_wolfTLSv1_2_server_method
[SGXSan] ALWAYS: Enter wc_benchmark_test
------------------------------------------------------------------------------
 wolfSSL version 5.1.0
------------------------------------------------------------------------------
wolfCrypt Benchmark (block bytes 1048576, min 1.0 sec each)
RNG                 15 MB took 1.165 seconds,   12.880 MB/s
AES-128-CBC-enc     35 MB took 1.072 seconds,   32.645 MB/s
AES-128-CBC-dec     35 MB took 1.165 seconds,   30.047 MB/s
AES-192-CBC-enc     30 MB took 1.073 seconds,   27.947 MB/s
AES-192-CBC-dec     30 MB took 1.133 seconds,   26.473 MB/s
AES-256-CBC-enc     25 MB took 1.127 seconds,   22.192 MB/s
AES-256-CBC-dec     25 MB took 1.056 seconds,   23.672 MB/s
AES-128-GCM-enc     25 MB took 1.069 seconds,   23.397 MB/s
AES-128-GCM-dec     25 MB took 1.081 seconds,   23.127 MB/s
AES-192-GCM-enc     25 MB took 1.233 seconds,   20.273 MB/s
AES-192-GCM-dec     25 MB took 1.173 seconds,   21.310 MB/s
AES-256-GCM-enc     20 MB took 1.017 seconds,   19.671 MB/s
AES-256-GCM-dec     20 MB took 1.028 seconds,   19.463 MB/s
GMAC Table 4-bit    67 MB took 1.003 seconds,   66.829 MB/s
RABBIT              90 MB took 1.055 seconds,   85.322 MB/s
3DES                10 MB took 1.086 seconds,    9.207 MB/s
MD5                305 MB took 1.009 seconds,  302.305 MB/s
SHA                130 MB took 1.026 seconds,  126.663 MB/s
SHA-256             35 MB took 1.138 seconds,   30.763 MB/s
HMAC-MD5           305 MB took 1.014 seconds,  300.736 MB/s
HMAC-SHA           125 MB took 1.001 seconds,  124.814 MB/s
HMAC-SHA256         35 MB took 1.149 seconds,   30.456 MB/s
PBKDF2               4 KB took 1.006 seconds,    3.666 KB/s
RSA     2048 public       1400 ops took 1.040 sec, avg 0.743 ms, 1346.628 ops/sec
RSA     2048 private       100 ops took 3.708 sec, avg 37.076 ms, 26.972 ops/sec
DH      2048 key gen        64 ops took 1.007 sec, avg 15.733 ms, 63.561 ops/sec
DH      2048 agree         100 ops took 1.558 sec, avg 15.581 ms, 64.180 ops/sec
ECC   [      SECP256R1]   256 key gen      1413 ops took 1.000 sec, avg 0.708 ms, 1412.381 ops/sec
ECDHE [      SECP256R1]   256 agree        1000 ops took 1.098 sec, avg 1.098 ms, 910.362 ops/sec
ECDSA [      SECP256R1]   256 sign         1200 ops took 1.049 sec, avg 0.874 ms, 1143.810 ops/sec
ECDSA [      SECP256R1]   256 verify        900 ops took 1.058 sec, avg 1.176 ms, 850.681 ops/sec
Benchmark complete
[SGXSan] ALWAYS: Enter wc_test
INFO: seed corpus: files: 3 min: 370191b max: 370191b total: 1110573b rss: 43Mb
------------------------------------------------------------------------------
 wolfSSL version 5.1.0
------------------------------------------------------------------------------
error    test passed!
MEMORY   test passed!
base64   test passed!
asn      test passed!
RANDOM   test passed!
MD5      test passed!
MD4      test passed!
SHA      test passed!
SHA-256  test passed!
Hash     test passed!
HMAC-MD5 test passed!
HMAC-SHA test passed!
HMAC-SHA256 test passed!
GMAC     test passed!
HC-128   test passed!
Rabbit   test passed!
DES      test passed!
DES3     test passed!
AES      test passed!
AES192   test passed!
AES256   test passed!
AES-GCM  test passed!
RSA      test passed!
DH       test passed!
DSA      test passed!
PWDBASED test passed!
ECC      test passed!
ECC buffer test passed!
logging  test passed!
mutex    test passed!
memcb    test passed!
Test complete
[SGXSan] ALWAYS: Enter enc_wolfSSL_new
[SGXSan] ALWAYS: Enter enc_wolfSSL_CTX_use_PrivateKey_buffer
[SGXSan] ALWAYS: Enter enc_wolfSSL_write
[SGXSan] ALWAYS: Enter enc_wolfSSL_Debugging_OFF
[SGXSan] ALWAYS: Enter enc_wolfSSL_CTX_new
[SGXSan] ALWAYS: Enter enc_wolfSSL_Init
[SGXSan] ALWAYS: Enter enc_wolfSSL_get_error
[SGXSan] ALWAYS: Enter enc_wolfSSL_CTX_set_cipher_list
[SGXSan] ALWAYS: Enter enc_wolfSSL_CTX_use_certificate_buffer
[SGXSan] ALWAYS: Enter enc_wolfTLSv1_2_client_method
[SGXSan] ALWAYS: Enter enc_wolfSSL_CTX_load_verify_buffer
[SGXSan] ALWAYS: Enter enc_wolfSSL_free
[SGXSan] ALWAYS: Enter enc_wolfSSL_set_fd
[SGXSan] ALWAYS: Enter enc_wolfTLSv1_2_server_method
[SGXSan] ALWAYS: Enter wc_benchmark_test
------------------------------------------------------------------------------
 wolfSSL version 5.1.0
------------------------------------------------------------------------------
wolfCrypt Benchmark (block bytes 1048576, min 1.0 sec each)
RNG                 15 MB took 1.171 seconds,   12.811 MB/s
AES-128-CBC-enc     35 MB took 1.089 seconds,   32.149 MB/s
AES-128-CBC-dec     30 MB took 1.008 seconds,   29.749 MB/s
AES-192-CBC-enc     30 MB took 1.075 seconds,   27.900 MB/s
AES-192-CBC-dec     30 MB took 1.150 seconds,   26.082 MB/s
AES-256-CBC-enc     30 MB took 1.193 seconds,   25.154 MB/s
AES-256-CBC-dec     25 MB took 1.057 seconds,   23.641 MB/s
AES-128-GCM-enc     25 MB took 1.057 seconds,   23.643 MB/s
AES-128-GCM-dec     25 MB took 1.118 seconds,   22.362 MB/s
AES-192-GCM-enc     25 MB took 1.241 seconds,   20.145 MB/s
AES-192-GCM-dec     25 MB took 1.187 seconds,   21.058 MB/s
AES-256-GCM-enc     20 MB took 1.057 seconds,   18.919 MB/s
AES-256-GCM-dec     20 MB took 1.055 seconds,   18.950 MB/s
GMAC Table 4-bit    63 MB took 1.006 seconds,   62.649 MB/s
RABBIT              80 MB took 1.006 seconds,   79.532 MB/s
3DES                10 MB took 1.101 seconds,    9.082 MB/s
MD5                295 MB took 1.003 seconds,  294.078 MB/s
SHA                125 MB took 1.004 seconds,  124.525 MB/s
SHA-256             35 MB took 1.137 seconds,   30.770 MB/s
HMAC-MD5           305 MB took 1.011 seconds,  301.735 MB/s
HMAC-SHA           130 MB took 1.016 seconds,  127.994 MB/s
HMAC-SHA256         35 MB took 1.154 seconds,   30.323 MB/s
PBKDF2               4 KB took 1.002 seconds,    3.682 KB/s
RSA     2048 public       1400 ops took 1.043 sec, avg 0.745 ms, 1342.386 ops/sec
RSA     2048 private       100 ops took 3.834 sec, avg 38.341 ms, 26.082 ops/sec
DH      2048 key gen        63 ops took 1.012 sec, avg 16.066 ms, 62.242 ops/sec
DH      2048 agree         100 ops took 1.599 sec, avg 15.986 ms, 62.554 ops/sec
ECC   [      SECP256R1]   256 key gen      1380 ops took 1.000 sec, avg 0.725 ms, 1379.931 ops/sec
ECDHE [      SECP256R1]   256 agree         900 ops took 1.028 sec, avg 1.142 ms, 875.775 ops/sec
ECDSA [      SECP256R1]   256 sign         1200 ops took 1.027 sec, avg 0.856 ms, 1168.230 ops/sec
ECDSA [      SECP256R1]   256 verify        900 ops took 1.109 sec, avg 1.232 ms, 811.459 ops/sec
Benchmark complete
[SGXSan] ALWAYS: Enter enc_wolfSSL_connect
[SGXSan] ALWAYS: Enter wc_test
------------------------------------------------------------------------------
 wolfSSL version 5.1.0
------------------------------------------------------------------------------
error    test passed!
MEMORY   test passed!
base64   test passed!
asn      test passed!
RANDOM   test passed!
MD5      test passed!
MD4      test passed!
SHA      test passed!
SHA-256  test passed!
Hash     test passed!
HMAC-MD5 test passed!
HMAC-SHA test passed!
HMAC-SHA256 test passed!
GMAC     test passed!
HC-128   test passed!
Rabbit   test passed!
DES      test passed!
DES3     test passed!
AES      test passed!
AES192   test passed!
AES256   test passed!
AES-GCM  test passed!
RSA      test passed!
DH       test passed!
DSA      test passed!
PWDBASED test passed!
ECC      test passed!
ECC buffer test passed!
logging  test passed!
mutex    test passed!
memcb    test failed!
 error = -13803
[SGXSan] ALWAYS: Enter enc_wolfSSL_CTX_free
[SGXSan] ALWAYS: Enter enc_wolfSSL_Debugging_ON
[SGXSan] ALWAYS: Enter enc_wolfSSL_CTX_use_certificate_chain_buffer_format
[SGXSan] ALWAYS: Enter enc_wolfSSL_Cleanup
[SGXSan] ALWAYS: Enter enc_wolfSSL_read
#2	pulse  ft: 6295 exec/s: 0 rss: 50Mb
Slowest unit: 42 s:
artifact_prefix='./crashes/'; Test unit written to ./crashes/slow-unit-c6d85491edef34dcb827f0f639605cb7737ebb1d
[SGXSan] ALWAYS: Enter enc_wolfSSL_new
[SGXSan] ALWAYS: Enter wc_test
------------------------------------------------------------------------------
 wolfSSL version 5.1.0
------------------------------------------------------------------------------
error    test passed!
MEMORY   test passed!
base64   test passed!
asn      test passed!
RANDOM   test passed!
MD5      test passed!
MD4      test passed!
SHA      test passed!
SHA-256  test passed!
Hash     test passed!
HMAC-MD5 test passed!
HMAC-SHA test passed!
HMAC-SHA256 test passed!
GMAC     test passed!
HC-128   test passed!
Rabbit   test passed!
DES      test passed!
DES3     test passed!
AES      test passed!
AES192   test passed!
AES256   test passed!
AES-GCM  test passed!
RSA      test passed!
DH       test passed!
DSA      test passed!
PWDBASED test passed!
ECC      test passed!
ECC buffer test passed!
logging  test passed!
mutex    test passed!
memcb    test failed!
 error = -13803
[SGXSan] ALWAYS: Enter enc_wolfSSL_CTX_use_certificate_chain_buffer_format
[SGXSan] ALWAYS: Enter enc_wolfSSL_write
[SGXSan] ALWAYS: Enter enc_wolfSSL_get_error
[SGXSan] ALWAYS: Enter enc_wolfSSL_CTX_load_verify_buffer
[SGXSan] ALWAYS: Enter enc_wolfSSL_CTX_use_PrivateKey_buffer
[SGXSan] ALWAYS: Enter enc_wolfSSL_CTX_use_certificate_buffer
[SGXSan] ALWAYS: Enter enc_wolfTLSv1_2_server_method
[SGXSan] ALWAYS: Enter enc_wolfSSL_Debugging_ON
[SGXSan] ALWAYS: Enter enc_wolfSSL_CTX_new
[SGXSan] ALWAYS: Enter enc_wolfSSL_Cleanup
[SGXSan] ALWAYS: Enter enc_wolfSSL_connect
[SGXSan] ALWAYS: Enter wc_benchmark_test
------------------------------------------------------------------------------
 wolfSSL version 5.1.0
------------------------------------------------------------------------------
wolfCrypt Benchmark (block bytes 1048576, min 1.0 sec each)
RNG                 15 MB took 1.163 seconds,   12.896 MB/s
AES-128-CBC-enc     35 MB took 1.100 seconds,   31.810 MB/s
AES-128-CBC-dec     30 MB took 1.008 seconds,   29.775 MB/s
AES-192-CBC-enc     30 MB took 1.085 seconds,   27.651 MB/s
AES-192-CBC-dec     30 MB took 1.153 seconds,   26.008 MB/s
AES-256-CBC-enc     25 MB took 1.003 seconds,   24.915 MB/s
AES-256-CBC-dec     25 MB took 1.054 seconds,   23.717 MB/s
AES-128-GCM-enc     25 MB took 1.085 seconds,   23.049 MB/s
AES-128-GCM-dec     25 MB took 1.073 seconds,   23.296 MB/s
AES-192-GCM-enc     25 MB took 1.205 seconds,   20.745 MB/s
AES-192-GCM-dec     25 MB took 1.197 seconds,   20.888 MB/s
AES-256-GCM-enc     20 MB took 1.043 seconds,   19.171 MB/s
AES-256-GCM-dec     20 MB took 1.050 seconds,   19.048 MB/s
GMAC Table 4-bit    67 MB took 1.004 seconds,   66.705 MB/s
RABBIT              90 MB took 1.019 seconds,   88.347 MB/s
3DES                10 MB took 1.107 seconds,    9.034 MB/s
MD5                295 MB took 1.005 seconds,  293.624 MB/s
SHA                120 MB took 1.002 seconds,  119.722 MB/s
SHA-256             30 MB took 1.017 seconds,   29.498 MB/s
HMAC-MD5           240 MB took 1.014 seconds,  236.695 MB/s
HMAC-SHA           115 MB took 1.002 seconds,  114.812 MB/s
HMAC-SHA256         30 MB took 1.000 seconds,   29.996 MB/s
PBKDF2               3 KB took 1.006 seconds,    3.108 KB/s
RSA     2048 public       1400 ops took 1.057 sec, avg 0.755 ms, 1324.923 ops/sec
RSA     2048 private       100 ops took 3.839 sec, avg 38.388 ms, 26.050 ops/sec
DH      2048 key gen        62 ops took 1.001 sec, avg 16.145 ms, 61.939 ops/sec
DH      2048 agree         100 ops took 1.620 sec, avg 16.196 ms, 61.743 ops/sec
ECC   [      SECP256R1]   256 key gen      1351 ops took 1.000 sec, avg 0.741 ms, 1350.399 ops/sec
ECDHE [      SECP256R1]   256 agree         900 ops took 1.059 sec, avg 1.177 ms, 849.841 ops/sec
ECDSA [      SECP256R1]   256 sign         1100 ops took 1.062 sec, avg 0.966 ms, 1035.387 ops/sec
ECDSA [      SECP256R1]   256 verify        900 ops took 1.110 sec, avg 1.233 ms, 810.986 ops/sec
Benchmark complete
[SGXSan] ALWAYS: Enter enc_wolfSSL_free
[SGXSan] ALWAYS: Enter enc_wolfSSL_set_fd
[SGXSan] ALWAYS: Enter enc_wolfTLSv1_2_client_method
[SGXSan] ALWAYS: Enter enc_wolfSSL_Init
[SGXSan] ALWAYS: Enter enc_wolfSSL_CTX_set_cipher_list
[SGXSan] ALWAYS: Enter enc_wolfSSL_Debugging_OFF
[SGXSan] ALWAYS: Enter enc_wolfSSL_read
[SGXSan] ALWAYS: Enter enc_wolfSSL_CTX_free
[SGXSan] ALWAYS: Enter enc_wolfSSL_new
[SGXSan] ALWAYS: Enter enc_wolfSSL_CTX_use_PrivateKey_buffer
[SGXSan] ALWAYS: Enter enc_wolfSSL_write
[SGXSan] ALWAYS: Enter enc_wolfSSL_Debugging_OFF
[SGXSan] ALWAYS: Enter enc_wolfSSL_CTX_new
[SGXSan] ALWAYS: Enter enc_wolfSSL_Init
[SGXSan] ALWAYS: Enter enc_wolfSSL_get_error
[SGXSan] ALWAYS: Enter enc_wolfSSL_CTX_set_cipher_list
[SGXSan] ALWAYS: Enter enc_wolfSSL_CTX_use_certificate_buffer
[SGXSan] ALWAYS: Enter enc_wolfTLSv1_2_client_method
[SGXSan] ALWAYS: Enter enc_wolfSSL_CTX_load_verify_buffer
[SGXSan] ALWAYS: Enter enc_wolfSSL_free
[SGXSan] ALWAYS: Enter enc_wolfSSL_set_fd
[SGXSan] ALWAYS: Enter enc_wolfTLSv1_2_server_method
[SGXSan] ALWAYS: Enter wc_benchmark_test
------------------------------------------------------------------------------
 wolfSSL version 5.1.0
------------------------------------------------------------------------------
wolfCrypt Benchmark (block bytes 1048576, min 1.0 sec each)
RNG                 15 MB took 1.169 seconds,   12.830 MB/s
AES-128-CBC-enc     35 MB took 1.077 seconds,   32.483 MB/s
AES-128-CBC-dec     30 MB took 1.008 seconds,   29.766 MB/s
AES-192-CBC-enc     30 MB took 1.100 seconds,   27.278 MB/s
AES-192-CBC-dec     25 MB took 1.017 seconds,   24.586 MB/s
AES-256-CBC-enc     25 MB took 1.029 seconds,   24.305 MB/s
AES-256-CBC-dec     25 MB took 1.162 seconds,   21.513 MB/s
AES-128-GCM-enc     25 MB took 1.073 seconds,   23.297 MB/s
AES-128-GCM-dec     25 MB took 1.071 seconds,   23.343 MB/s
AES-192-GCM-enc     25 MB took 1.234 seconds,   20.257 MB/s
AES-192-GCM-dec     25 MB took 1.214 seconds,   20.598 MB/s
AES-256-GCM-enc     20 MB took 1.094 seconds,   18.278 MB/s
AES-256-GCM-dec     20 MB took 1.048 seconds,   19.093 MB/s
GMAC Table 4-bit    67 MB took 1.013 seconds,   66.150 MB/s
RABBIT              90 MB took 1.040 seconds,   86.578 MB/s
3DES                10 MB took 1.106 seconds,    9.042 MB/s
MD5                295 MB took 1.004 seconds,  293.717 MB/s
SHA                125 MB took 1.006 seconds,  124.251 MB/s
SHA-256             30 MB took 1.001 seconds,   29.955 MB/s
HMAC-MD5           295 MB took 1.006 seconds,  293.267 MB/s
HMAC-SHA           120 MB took 1.010 seconds,  118.782 MB/s
HMAC-SHA256         30 MB took 1.080 seconds,   27.771 MB/s
PBKDF2               4 KB took 1.004 seconds,    3.611 KB/s
RSA     2048 public       1400 ops took 1.036 sec, avg 0.740 ms, 1351.465 ops/sec
RSA     2048 private       100 ops took 3.842 sec, avg 38.424 ms, 26.025 ops/sec
DH      2048 key gen        62 ops took 1.005 sec, avg 16.217 ms, 61.662 ops/sec
DH      2048 agree         100 ops took 1.695 sec, avg 16.946 ms, 59.010 ops/sec
ECC   [      SECP256R1]   256 key gen      1331 ops took 1.000 sec, avg 0.751 ms, 1330.976 ops/sec
ECDHE [      SECP256R1]   256 agree         900 ops took 1.016 sec, avg 1.129 ms, 885.713 ops/sec
ECDSA [      SECP256R1]   256 sign         1200 ops took 1.057 sec, avg 0.881 ms, 1135.523 ops/sec
ECDSA [      SECP256R1]   256 verify        900 ops took 1.100 sec, avg 1.222 ms, 818.123 ops/sec
Benchmark complete
[SGXSan] ALWAYS: Enter enc_wolfSSL_connect
[SGXSan] ALWAYS: Enter wc_test
------------------------------------------------------------------------------
 wolfSSL version 5.1.0
------------------------------------------------------------------------------
error    test passed!
MEMORY   test passed!
base64   test passed!
asn      test passed!
RANDOM   test passed!
MD5      test passed!
MD4      test passed!
SHA      test passed!
SHA-256  test passed!
Hash     test passed!
HMAC-MD5 test passed!
HMAC-SHA test passed!
HMAC-SHA256 test passed!
GMAC     test passed!
HC-128   test passed!
Rabbit   test passed!
DES      test passed!
DES3     test passed!
AES      test passed!
AES192   test passed!
AES256   test passed!
AES-GCM  test passed!
RSA      test passed!
DH       test passed!
DSA      test passed!
PWDBASED test passed!
ECC      test passed!
ECC buffer test passed!
logging  test passed!
mutex    test passed!
memcb    test failed!
 error = -13803
[SGXSan] ALWAYS: Enter enc_wolfSSL_CTX_free
[SGXSan] ALWAYS: Enter enc_wolfSSL_Debugging_ON
[SGXSan] ALWAYS: Enter enc_wolfSSL_CTX_use_certificate_chain_buffer_format
[SGXSan] ALWAYS: Enter enc_wolfSSL_Cleanup
[SGXSan] ALWAYS: Enter enc_wolfSSL_read
#4	pulse  cov: 6296 ft: 6296 corp: 2/723Kb exec/s: 0 rss: 65Mb
#4	INITED cov: 6296 ft: 6296 corp: 2/723Kb exec/s: 0 rss: 65Mb
#4	DONE   cov: 6296 ft: 6296 corp: 2/723Kb lim: 370191 exec/s: 0 rss: 65Mb
Done 4 runs in 170 second(s)
stat::number_of_executed_units: 4
stat::average_exec_per_sec:     0
stat::new_units_added:          0
stat::slowest_unit_time_sec:    42
stat::peak_rss_mb:              65
