WARNING: Failed to find function "__sanitizer_acquire_crash_state".
WARNING: Failed to find function "__sanitizer_print_stack_trace".
WARNING: Failed to find function "__sanitizer_set_death_callback".
[2023-01-15 18:21:44.323] [Init] Num of ECall: 22
[2023-01-15 18:21:44.323] ECalls:
  0 - fuzz_enc_wolfSSL_CTX_free
  1 - fuzz_enc_wolfSSL_CTX_load_verify_buffer
  2 - fuzz_enc_wolfSSL_CTX_new
  3 - fuzz_enc_wolfSSL_CTX_set_cipher_list
  4 - fuzz_enc_wolfSSL_CTX_use_PrivateKey_buffer
  5 - fuzz_enc_wolfSSL_CTX_use_certificate_buffer
  6 - fuzz_enc_wolfSSL_CTX_use_certificate_chain_buffer_format
  7 - fuzz_enc_wolfSSL_Cleanup
  8 - fuzz_enc_wolfSSL_Debugging_OFF
  9 - fuzz_enc_wolfSSL_Debugging_ON
  10 - fuzz_enc_wolfSSL_Init
  11 - fuzz_enc_wolfSSL_connect
  12 - fuzz_enc_wolfSSL_free
  13 - fuzz_enc_wolfSSL_get_error
  14 - fuzz_enc_wolfSSL_new
  15 - fuzz_enc_wolfSSL_read
  16 - fuzz_enc_wolfSSL_set_fd
  17 - fuzz_enc_wolfSSL_write
  18 - fuzz_enc_wolfTLSv1_2_client_method
  19 - fuzz_enc_wolfTLSv1_2_server_method
  20 - fuzz_wc_benchmark_test
  21 - fuzz_wc_test

INFO: found LLVMFuzzerCustomMutator (0x44ac30). Disabling -len_control by default.
INFO: libFuzzer ignores flags that start with '--'
INFO: Running with entropic power schedule (0xFF, 100).
INFO: Seed: 1561972690
INFO: Loaded 1 modules   (291 inline 8-bit counters): 291 [0x4cb7e8, 0x4cb90b), 
INFO: Loaded 1 PC tables (291 PCs): 291 [0x4cb910,0x4ccb40), 
INFO:        0 files found in /tmp/libFuzzerTemp.FuzzWithFork422940.dir/C150
[SGXSan] ALWAYS: Hook __sanitizer_cov_8bit_counters_init of Enclave, 21636 inline 8-bit counts [0x7fec337b69c0, 0x7fec337bbe44) (First time)
[SGXSan] ALWAYS: Hook __sanitizer_cov_pcs_init of Enclave, 21636 PCs [0x7fec337bbe48, 0x7fec33810688) (First time)
[SGXSan] ALWAYS: Enter enc_wolfSSL_CTX_free
[SGXSan] ALWAYS: Enter enc_wolfSSL_CTX_load_verify_buffer
[SGXSan] ALWAYS: Enter enc_wolfSSL_CTX_new
[SGXSan] ALWAYS: Enter enc_wolfSSL_CTX_set_cipher_list
[SGXSan] ALWAYS: Enter enc_wolfSSL_CTX_use_PrivateKey_buffer
[SGXSan] ALWAYS: Enter enc_wolfSSL_CTX_use_certificate_buffer
[SGXSan] ALWAYS: Enter enc_wolfSSL_CTX_use_certificate_chain_buffer_format
[SGXSan] ALWAYS: Enter enc_wolfSSL_Cleanup
[SGXSan] ALWAYS: Enter enc_wolfSSL_Debugging_OFF
[SGXSan] ALWAYS: Enter enc_wolfSSL_Debugging_ON
[SGXSan] ALWAYS: Enter enc_wolfSSL_Init
[SGXSan] ALWAYS: Enter enc_wolfSSL_connect
[SGXSan] ALWAYS: Enter enc_wolfSSL_free
[SGXSan] ALWAYS: Enter enc_wolfSSL_get_error
[SGXSan] ALWAYS: Enter enc_wolfSSL_new
[SGXSan] ALWAYS: Enter enc_wolfSSL_read
[SGXSan] ALWAYS: Enter enc_wolfSSL_set_fd
[SGXSan] ALWAYS: Enter enc_wolfSSL_write
[SGXSan] ALWAYS: Enter enc_wolfTLSv1_2_client_method
[SGXSan] ALWAYS: Enter enc_wolfTLSv1_2_server_method
[SGXSan] ALWAYS: Enter wc_benchmark_test
------------------------------------------------------------------------------
 wolfSSL version 5.1.0
------------------------------------------------------------------------------
wolfCrypt Benchmark (block bytes 1048576, min 1.0 sec each)
RNG                 15 MB took 1.164 seconds,   12.882 MB/s
AES-128-CBC-enc     35 MB took 1.060 seconds,   33.021 MB/s
AES-128-CBC-dec     30 MB took 1.120 seconds,   26.775 MB/s
AES-192-CBC-enc     30 MB took 1.119 seconds,   26.818 MB/s
AES-192-CBC-dec     25 MB took 1.010 seconds,   24.765 MB/s
AES-256-CBC-enc     25 MB took 1.034 seconds,   24.168 MB/s
AES-256-CBC-dec     25 MB took 1.135 seconds,   22.031 MB/s
AES-128-GCM-enc     25 MB took 1.202 seconds,   20.793 MB/s
AES-128-GCM-dec     15 MB took 1.107 seconds,   13.545 MB/s
AES-192-GCM-enc     15 MB took 1.246 seconds,   12.039 MB/s
AES-192-GCM-dec     15 MB took 1.232 seconds,   12.172 MB/s
AES-256-GCM-enc     15 MB took 1.366 seconds,   10.985 MB/s
AES-256-GCM-dec     15 MB took 1.421 seconds,   10.559 MB/s
GMAC Table 4-bit    43 MB took 1.004 seconds,   42.825 MB/s
RABBIT              50 MB took 1.003 seconds,   49.850 MB/s
3DES                10 MB took 1.853 seconds,    5.396 MB/s
MD5                200 MB took 1.021 seconds,  195.903 MB/s
SHA                100 MB took 1.025 seconds,   97.527 MB/s
SHA-256             30 MB took 1.044 seconds,   28.735 MB/s
HMAC-MD5           300 MB took 1.015 seconds,  295.661 MB/s
HMAC-SHA           125 MB took 1.008 seconds,  123.999 MB/s
HMAC-SHA256         35 MB took 1.156 seconds,   30.282 MB/s
PBKDF2               4 KB took 1.004 seconds,    3.674 KB/s
RSA     2048 public       1400 ops took 1.071 sec, avg 0.765 ms, 1307.121 ops/sec
RSA     2048 private       100 ops took 3.834 sec, avg 38.344 ms, 26.079 ops/sec
DH      2048 key gen        64 ops took 1.011 sec, avg 15.797 ms, 63.303 ops/sec
DH      2048 agree         100 ops took 1.609 sec, avg 16.091 ms, 62.148 ops/sec
ECC   [      SECP256R1]   256 key gen      1374 ops took 1.000 sec, avg 0.728 ms, 1373.835 ops/sec
ECDHE [      SECP256R1]   256 agree         900 ops took 1.016 sec, avg 1.129 ms, 885.614 ops/sec
ECDSA [      SECP256R1]   256 sign         1200 ops took 1.033 sec, avg 0.861 ms, 1161.574 ops/sec
ECDSA [      SECP256R1]   256 verify        900 ops took 1.093 sec, avg 1.214 ms, 823.538 ops/sec
Benchmark complete
[SGXSan] ALWAYS: Enter wc_test
INFO: seed corpus: files: 3 min: 370191b max: 370191b total: 1110573b rss: 43Mb
------------------------------------------------------------------------------
 wolfSSL version 5.1.0
------------------------------------------------------------------------------
error    test passed!
MEMORY   test passed!
base64   test passed!
asn      test passed!
RANDOM   test passed!
MD5      test passed!
MD4      test passed!
SHA      test passed!
SHA-256  test passed!
Hash     test passed!
HMAC-MD5 test passed!
HMAC-SHA test passed!
HMAC-SHA256 test passed!
GMAC     test passed!
HC-128   test passed!
Rabbit   test passed!
DES      test passed!
DES3     test passed!
AES      test passed!
AES192   test passed!
AES256   test passed!
AES-GCM  test passed!
RSA      test passed!
DH       test passed!
DSA      test passed!
PWDBASED test passed!
ECC      test passed!
ECC buffer test passed!
logging  test passed!
mutex    test passed!
memcb    test passed!
Test complete
[SGXSan] ALWAYS: Enter enc_wolfSSL_Debugging_OFF
[SGXSan] ALWAYS: Enter wc_test
------------------------------------------------------------------------------
 wolfSSL version 5.1.0
------------------------------------------------------------------------------
error    test passed!
MEMORY   test passed!
base64   test passed!
asn      test passed!
RANDOM   test passed!
MD5      test passed!
MD4      test passed!
SHA      test passed!
SHA-256  test passed!
Hash     test passed!
HMAC-MD5 test passed!
HMAC-SHA test passed!
HMAC-SHA256 test passed!
GMAC     test passed!
HC-128   test passed!
Rabbit   test passed!
DES      test passed!
DES3     test passed!
AES      test passed!
AES192   test passed!
AES256   test passed!
AES-GCM  test passed!
RSA      test passed!
DH       test passed!
DSA      test passed!
PWDBASED test passed!
ECC      test passed!
ECC buffer test passed!
logging  test passed!
mutex    test passed!
memcb    test failed!
 error = -13803
[SGXSan] ALWAYS: Enter enc_wolfSSL_CTX_set_cipher_list
[SGXSan] ALWAYS: Enter enc_wolfSSL_free
[SGXSan] ALWAYS: Enter enc_wolfSSL_get_error
[SGXSan] ALWAYS: Enter enc_wolfSSL_CTX_free
[SGXSan] ALWAYS: Enter enc_wolfSSL_Init
[SGXSan] ALWAYS: Enter enc_wolfSSL_CTX_new
[SGXSan] ALWAYS: Enter enc_wolfSSL_CTX_use_certificate_chain_buffer_format
[SGXSan] ALWAYS: Enter enc_wolfSSL_CTX_load_verify_buffer
[SGXSan] ALWAYS: Enter wc_benchmark_test
------------------------------------------------------------------------------
 wolfSSL version 5.1.0
------------------------------------------------------------------------------
wolfCrypt Benchmark (block bytes 1048576, min 1.0 sec each)
RNG                 15 MB took 1.155 seconds,   12.983 MB/s
AES-128-CBC-enc     35 MB took 1.085 seconds,   32.246 MB/s
AES-128-CBC-dec     30 MB took 1.074 seconds,   27.935 MB/s
AES-192-CBC-enc     30 MB took 1.079 seconds,   27.801 MB/s
AES-192-CBC-dec     25 MB took 1.030 seconds,   24.274 MB/s
AES-256-CBC-enc     30 MB took 1.205 seconds,   24.904 MB/s
AES-256-CBC-dec     25 MB took 1.124 seconds,   22.250 MB/s
AES-128-GCM-enc     25 MB took 1.068 seconds,   23.398 MB/s
AES-128-GCM-dec     25 MB took 1.083 seconds,   23.088 MB/s
AES-192-GCM-enc     25 MB took 1.242 seconds,   20.131 MB/s
AES-192-GCM-dec     20 MB took 1.043 seconds,   19.167 MB/s
AES-256-GCM-enc     20 MB took 1.073 seconds,   18.637 MB/s
AES-256-GCM-dec     20 MB took 1.057 seconds,   18.922 MB/s
GMAC Table 4-bit    67 MB took 1.010 seconds,   66.342 MB/s
RABBIT              80 MB took 1.035 seconds,   77.304 MB/s
3DES                10 MB took 1.117 seconds,    8.952 MB/s
MD5                295 MB took 1.010 seconds,  292.100 MB/s
SHA                125 MB took 1.002 seconds,  124.776 MB/s
SHA-256             35 MB took 1.157 seconds,   30.246 MB/s
HMAC-MD5           290 MB took 1.005 seconds,  288.686 MB/s
HMAC-SHA           125 MB took 1.010 seconds,  123.784 MB/s
HMAC-SHA256         30 MB took 1.016 seconds,   29.536 MB/s
PBKDF2               4 KB took 1.002 seconds,    3.649 KB/s
RSA     2048 public       1400 ops took 1.061 sec, avg 0.758 ms, 1319.189 ops/sec
RSA     2048 private       100 ops took 3.868 sec, avg 38.685 ms, 25.850 ops/sec
DH      2048 key gen        63 ops took 1.015 sec, avg 16.110 ms, 62.073 ops/sec
DH      2048 agree         100 ops took 1.615 sec, avg 16.149 ms, 61.923 ops/sec
ECC   [      SECP256R1]   256 key gen      1330 ops took 1.000 sec, avg 0.752 ms, 1329.451 ops/sec
ECDHE [      SECP256R1]   256 agree         900 ops took 1.032 sec, avg 1.147 ms, 871.960 ops/sec
ECDSA [      SECP256R1]   256 sign         1200 ops took 1.043 sec, avg 0.869 ms, 1150.925 ops/sec
ECDSA [      SECP256R1]   256 verify        900 ops took 1.064 sec, avg 1.182 ms, 846.262 ops/sec
Benchmark complete
[SGXSan] ALWAYS: Enter enc_wolfSSL_Cleanup
[SGXSan] ALWAYS: Enter enc_wolfSSL_set_fd
[SGXSan] ALWAYS: Enter enc_wolfSSL_Debugging_ON
[SGXSan] ALWAYS: Enter enc_wolfSSL_write
[SGXSan] ALWAYS: Enter enc_wolfSSL_new
[SGXSan] ALWAYS: Enter enc_wolfTLSv1_2_server_method
[SGXSan] ALWAYS: Enter enc_wolfSSL_CTX_use_PrivateKey_buffer
[SGXSan] ALWAYS: Enter enc_wolfTLSv1_2_client_method
[SGXSan] ALWAYS: Enter enc_wolfSSL_connect
[SGXSan] ALWAYS: Enter enc_wolfSSL_CTX_use_certificate_buffer
[SGXSan] ALWAYS: Enter enc_wolfSSL_read
#2	pulse  ft: 6278 exec/s: 0 rss: 49Mb
Slowest unit: 42 s:
artifact_prefix='./crashes/'; Test unit written to ./crashes/slow-unit-fc2a3918386db7eebd06936de7ccef9e93f69f53
[SGXSan] ALWAYS: Enter enc_wolfSSL_new
[SGXSan] ALWAYS: Enter wc_test
------------------------------------------------------------------------------
 wolfSSL version 5.1.0
------------------------------------------------------------------------------
error    test passed!
MEMORY   test passed!
base64   test passed!
asn      test passed!
RANDOM   test passed!
MD5      test passed!
MD4      test passed!
SHA      test passed!
SHA-256  test passed!
Hash     test passed!
HMAC-MD5 test passed!
HMAC-SHA test passed!
HMAC-SHA256 test passed!
GMAC     test passed!
HC-128   test passed!
Rabbit   test passed!
DES      test passed!
DES3     test passed!
AES      test passed!
AES192   test passed!
AES256   test passed!
AES-GCM  test passed!
RSA      test passed!
DH       test passed!
DSA      test passed!
PWDBASED test passed!
ECC      test passed!
ECC buffer test passed!
logging  test passed!
mutex    test passed!
memcb    test failed!
 error = -13803
[SGXSan] ALWAYS: Enter enc_wolfSSL_CTX_use_certificate_chain_buffer_format
[SGXSan] ALWAYS: Enter enc_wolfSSL_write
[SGXSan] ALWAYS: Enter enc_wolfSSL_get_error
[SGXSan] ALWAYS: Enter enc_wolfSSL_CTX_load_verify_buffer
[SGXSan] ALWAYS: Enter enc_wolfSSL_CTX_use_PrivateKey_buffer
[SGXSan] ALWAYS: Enter enc_wolfSSL_CTX_use_certificate_buffer
[SGXSan] ALWAYS: Enter enc_wolfTLSv1_2_server_method
[SGXSan] ALWAYS: Enter enc_wolfSSL_Debugging_ON
[SGXSan] ALWAYS: Enter enc_wolfSSL_CTX_new
[SGXSan] ALWAYS: Enter enc_wolfSSL_Cleanup
[SGXSan] ALWAYS: Enter enc_wolfSSL_connect
[SGXSan] ALWAYS: Enter wc_benchmark_test
------------------------------------------------------------------------------
 wolfSSL version 5.1.0
------------------------------------------------------------------------------
wolfCrypt Benchmark (block bytes 1048576, min 1.0 sec each)
RNG                 15 MB took 1.174 seconds,   12.781 MB/s
AES-128-CBC-enc     35 MB took 1.081 seconds,   32.367 MB/s
AES-128-CBC-dec     30 MB took 1.077 seconds,   27.864 MB/s
AES-192-CBC-enc     30 MB took 1.084 seconds,   27.671 MB/s
AES-192-CBC-dec     25 MB took 1.030 seconds,   24.279 MB/s
AES-256-CBC-enc     25 MB took 1.035 seconds,   24.144 MB/s
AES-256-CBC-dec     25 MB took 1.158 seconds,   21.589 MB/s
AES-128-GCM-enc     25 MB took 1.091 seconds,   22.917 MB/s
AES-128-GCM-dec     25 MB took 1.078 seconds,   23.181 MB/s
AES-192-GCM-enc     25 MB took 1.188 seconds,   21.043 MB/s
AES-192-GCM-dec     25 MB took 1.216 seconds,   20.555 MB/s
AES-256-GCM-enc     20 MB took 1.063 seconds,   18.808 MB/s
AES-256-GCM-dec     20 MB took 1.063 seconds,   18.808 MB/s
GMAC Table 4-bit    67 MB took 1.012 seconds,   66.234 MB/s
RABBIT              85 MB took 1.015 seconds,   83.713 MB/s
3DES                10 MB took 1.133 seconds,    8.825 MB/s
MD5                295 MB took 1.014 seconds,  291.027 MB/s
SHA                125 MB took 1.017 seconds,  122.878 MB/s
SHA-256             30 MB took 1.112 seconds,   26.986 MB/s
HMAC-MD5           295 MB took 1.010 seconds,  291.994 MB/s
HMAC-SHA           125 MB took 1.012 seconds,  123.552 MB/s
HMAC-SHA256         30 MB took 1.084 seconds,   27.685 MB/s
PBKDF2               4 KB took 1.001 seconds,    3.654 KB/s
RSA     2048 public       1400 ops took 1.062 sec, avg 0.758 ms, 1318.610 ops/sec
RSA     2048 private       100 ops took 3.865 sec, avg 38.652 ms, 25.872 ops/sec
DH      2048 key gen        63 ops took 1.010 sec, avg 16.033 ms, 62.369 ops/sec
DH      2048 agree         100 ops took 1.586 sec, avg 15.856 ms, 63.067 ops/sec
ECC   [      SECP256R1]   256 key gen      1369 ops took 1.000 sec, avg 0.731 ms, 1368.821 ops/sec
ECDHE [      SECP256R1]   256 agree         900 ops took 1.012 sec, avg 1.125 ms, 889.231 ops/sec
ECDSA [      SECP256R1]   256 sign         1200 ops took 1.040 sec, avg 0.867 ms, 1153.721 ops/sec
ECDSA [      SECP256R1]   256 verify        800 ops took 1.012 sec, avg 1.266 ms, 790.129 ops/sec
Benchmark complete
[SGXSan] ALWAYS: Enter enc_wolfSSL_free
[SGXSan] ALWAYS: Enter enc_wolfSSL_set_fd
[SGXSan] ALWAYS: Enter enc_wolfTLSv1_2_client_method
[SGXSan] ALWAYS: Enter enc_wolfSSL_Init
[SGXSan] ALWAYS: Enter enc_wolfSSL_CTX_set_cipher_list
[SGXSan] ALWAYS: Enter enc_wolfSSL_Debugging_OFF
[SGXSan] ALWAYS: Enter enc_wolfSSL_read
[SGXSan] ALWAYS: Enter enc_wolfSSL_CTX_free
[SGXSan] ALWAYS: Enter enc_wolfSSL_set_fd
[SGXSan] ALWAYS: Enter enc_wolfTLSv1_2_client_method
[SGXSan] ALWAYS: Enter enc_wolfSSL_CTX_new
[SGXSan] ALWAYS: Enter enc_wolfSSL_read
[SGXSan] ALWAYS: Enter enc_wolfSSL_CTX_set_cipher_list
[SGXSan] ALWAYS: Enter enc_wolfSSL_CTX_free
[SGXSan] ALWAYS: Enter enc_wolfSSL_new
[SGXSan] ALWAYS: Enter enc_wolfSSL_CTX_use_PrivateKey_buffer
[SGXSan] ALWAYS: Enter enc_wolfTLSv1_2_server_method
[SGXSan] ALWAYS: Enter enc_wolfSSL_CTX_load_verify_buffer
[SGXSan] ALWAYS: Enter enc_wolfSSL_connect
[SGXSan] ALWAYS: Enter enc_wolfSSL_Debugging_OFF
[SGXSan] ALWAYS: Enter enc_wolfSSL_CTX_use_certificate_buffer
[SGXSan] ALWAYS: Enter enc_wolfSSL_free
[SGXSan] ALWAYS: Enter enc_wolfSSL_Init
[SGXSan] ALWAYS: Enter enc_wolfSSL_CTX_use_certificate_chain_buffer_format
[SGXSan] ALWAYS: Enter wc_benchmark_test
------------------------------------------------------------------------------
 wolfSSL version 5.1.0
------------------------------------------------------------------------------
wolfCrypt Benchmark (block bytes 1048576, min 1.0 sec each)
RNG                 15 MB took 1.177 seconds,   12.748 MB/s
AES-128-CBC-enc     35 MB took 1.094 seconds,   32.007 MB/s
AES-128-CBC-dec     30 MB took 1.080 seconds,   27.768 MB/s
AES-192-CBC-enc     30 MB took 1.125 seconds,   26.674 MB/s
AES-192-CBC-dec     25 MB took 1.033 seconds,   24.205 MB/s
AES-256-CBC-enc     25 MB took 1.082 seconds,   23.103 MB/s
AES-256-CBC-dec     25 MB took 1.117 seconds,   22.386 MB/s
AES-128-GCM-enc     25 MB took 1.062 seconds,   23.541 MB/s
AES-128-GCM-dec     25 MB took 1.093 seconds,   22.880 MB/s
AES-192-GCM-enc     25 MB took 1.206 seconds,   20.737 MB/s
AES-192-GCM-dec     25 MB took 1.221 seconds,   20.475 MB/s
AES-256-GCM-enc     20 MB took 1.045 seconds,   19.143 MB/s
AES-256-GCM-dec     20 MB took 1.065 seconds,   18.783 MB/s
GMAC Table 4-bit    62 MB took 1.001 seconds,   61.966 MB/s
RABBIT              90 MB took 1.018 seconds,   88.428 MB/s
3DES                10 MB took 1.129 seconds,    8.857 MB/s
MD5                295 MB took 1.010 seconds,  292.171 MB/s
SHA                120 MB took 1.021 seconds,  117.558 MB/s
SHA-256             30 MB took 1.027 seconds,   29.204 MB/s
HMAC-MD5           295 MB took 1.006 seconds,  293.297 MB/s
HMAC-SHA           125 MB took 1.007 seconds,  124.123 MB/s
HMAC-SHA256         30 MB took 1.014 seconds,   29.598 MB/s
PBKDF2               4 KB took 1.004 seconds,    3.702 KB/s
RSA     2048 public       1400 ops took 1.044 sec, avg 0.746 ms, 1341.061 ops/sec
RSA     2048 private       100 ops took 3.878 sec, avg 38.780 ms, 25.787 ops/sec
DH      2048 key gen        63 ops took 1.011 sec, avg 16.041 ms, 62.339 ops/sec
DH      2048 agree         100 ops took 1.621 sec, avg 16.208 ms, 61.696 ops/sec
ECC   [      SECP256R1]   256 key gen      1365 ops took 1.001 sec, avg 0.733 ms, 1364.257 ops/sec
ECDHE [      SECP256R1]   256 agree         900 ops took 1.023 sec, avg 1.137 ms, 879.642 ops/sec
ECDSA [      SECP256R1]   256 sign         1200 ops took 1.023 sec, avg 0.853 ms, 1172.866 ops/sec
ECDSA [      SECP256R1]   256 verify        900 ops took 1.074 sec, avg 1.193 ms, 837.960 ops/sec
Benchmark complete
[SGXSan] ALWAYS: Enter enc_wolfSSL_Debugging_ON
[SGXSan] ALWAYS: Enter wc_test
------------------------------------------------------------------------------
 wolfSSL version 5.1.0
------------------------------------------------------------------------------
error    test passed!
MEMORY   test passed!
base64   test passed!
asn      test passed!
RANDOM   test passed!
MD5      test passed!
MD4      test passed!
SHA      test passed!
SHA-256  test passed!
Hash     test passed!
HMAC-MD5 test passed!
HMAC-SHA test passed!
HMAC-SHA256 test passed!
GMAC     test passed!
HC-128   test passed!
Rabbit   test passed!
DES      test passed!
DES3     test passed!
AES      test passed!
AES192   test passed!
AES256   test passed!
AES-GCM  test passed!
RSA      test passed!
DH       test passed!
DSA      test passed!
PWDBASED test passed!
ECC      test passed!
ECC buffer test passed!
logging  test passed!
mutex    test passed!
memcb    test failed!
 error = -13803
[SGXSan] ALWAYS: Enter enc_wolfSSL_Cleanup
[SGXSan] ALWAYS: Enter enc_wolfSSL_write
[SGXSan] ALWAYS: Enter enc_wolfSSL_get_error
#4	pulse  cov: 6279 ft: 6279 corp: 2/723Kb exec/s: 0 rss: 64Mb
#4	INITED cov: 6279 ft: 6279 corp: 2/723Kb exec/s: 0 rss: 64Mb
#4	DONE   cov: 6279 ft: 6279 corp: 2/723Kb lim: 370191 exec/s: 0 rss: 64Mb
Done 4 runs in 171 second(s)
stat::number_of_executed_units: 4
stat::average_exec_per_sec:     0
stat::new_units_added:          0
stat::slowest_unit_time_sec:    42
stat::peak_rss_mb:              64
