WARNING: Failed to find function "__sanitizer_acquire_crash_state".
WARNING: Failed to find function "__sanitizer_print_stack_trace".
WARNING: Failed to find function "__sanitizer_set_death_callback".
[2023-01-15 18:22:25.705] [Init] Num of ECall: 22
[2023-01-15 18:22:25.705] ECalls:
  0 - fuzz_enc_wolfSSL_CTX_free
  1 - fuzz_enc_wolfSSL_CTX_load_verify_buffer
  2 - fuzz_enc_wolfSSL_CTX_new
  3 - fuzz_enc_wolfSSL_CTX_set_cipher_list
  4 - fuzz_enc_wolfSSL_CTX_use_PrivateKey_buffer
  5 - fuzz_enc_wolfSSL_CTX_use_certificate_buffer
  6 - fuzz_enc_wolfSSL_CTX_use_certificate_chain_buffer_format
  7 - fuzz_enc_wolfSSL_Cleanup
  8 - fuzz_enc_wolfSSL_Debugging_OFF
  9 - fuzz_enc_wolfSSL_Debugging_ON
  10 - fuzz_enc_wolfSSL_Init
  11 - fuzz_enc_wolfSSL_connect
  12 - fuzz_enc_wolfSSL_free
  13 - fuzz_enc_wolfSSL_get_error
  14 - fuzz_enc_wolfSSL_new
  15 - fuzz_enc_wolfSSL_read
  16 - fuzz_enc_wolfSSL_set_fd
  17 - fuzz_enc_wolfSSL_write
  18 - fuzz_enc_wolfTLSv1_2_client_method
  19 - fuzz_enc_wolfTLSv1_2_server_method
  20 - fuzz_wc_benchmark_test
  21 - fuzz_wc_test

INFO: found LLVMFuzzerCustomMutator (0x44ac30). Disabling -len_control by default.
INFO: libFuzzer ignores flags that start with '--'
INFO: Running with entropic power schedule (0xFF, 100).
INFO: Seed: 4289320892
INFO: Loaded 1 modules   (291 inline 8-bit counters): 291 [0x4cb7e8, 0x4cb90b), 
INFO: Loaded 1 PC tables (291 PCs): 291 [0x4cb910,0x4ccb40), 
INFO:        0 files found in /tmp/libFuzzerTemp.FuzzWithFork422940.dir/C151
[SGXSan] ALWAYS: Hook __sanitizer_cov_8bit_counters_init of Enclave, 21636 inline 8-bit counts [0x7fd4a8f6a9c0, 0x7fd4a8f6fe44) (First time)
[SGXSan] ALWAYS: Hook __sanitizer_cov_pcs_init of Enclave, 21636 PCs [0x7fd4a8f6fe48, 0x7fd4a8fc4688) (First time)
[SGXSan] ALWAYS: Enter enc_wolfSSL_CTX_free
[SGXSan] ALWAYS: Enter enc_wolfSSL_CTX_load_verify_buffer
[SGXSan] ALWAYS: Enter enc_wolfSSL_CTX_new
[SGXSan] ALWAYS: Enter enc_wolfSSL_CTX_set_cipher_list
[SGXSan] ALWAYS: Enter enc_wolfSSL_CTX_use_PrivateKey_buffer
[SGXSan] ALWAYS: Enter enc_wolfSSL_CTX_use_certificate_buffer
[SGXSan] ALWAYS: Enter enc_wolfSSL_CTX_use_certificate_chain_buffer_format
[SGXSan] ALWAYS: Enter enc_wolfSSL_Cleanup
[SGXSan] ALWAYS: Enter enc_wolfSSL_Debugging_OFF
[SGXSan] ALWAYS: Enter enc_wolfSSL_Debugging_ON
[SGXSan] ALWAYS: Enter enc_wolfSSL_Init
[SGXSan] ALWAYS: Enter enc_wolfSSL_connect
[SGXSan] ALWAYS: Enter enc_wolfSSL_free
[SGXSan] ALWAYS: Enter enc_wolfSSL_get_error
[SGXSan] ALWAYS: Enter enc_wolfSSL_new
[SGXSan] ALWAYS: Enter enc_wolfSSL_read
[SGXSan] ALWAYS: Enter enc_wolfSSL_set_fd
[SGXSan] ALWAYS: Enter enc_wolfSSL_write
[SGXSan] ALWAYS: Enter enc_wolfTLSv1_2_client_method
[SGXSan] ALWAYS: Enter enc_wolfTLSv1_2_server_method
[SGXSan] ALWAYS: Enter wc_benchmark_test
------------------------------------------------------------------------------
 wolfSSL version 5.1.0
------------------------------------------------------------------------------
wolfCrypt Benchmark (block bytes 1048576, min 1.0 sec each)
RNG                 15 MB took 1.167 seconds,   12.859 MB/s
AES-128-CBC-enc     35 MB took 1.098 seconds,   31.877 MB/s
AES-128-CBC-dec     35 MB took 1.164 seconds,   30.075 MB/s
AES-192-CBC-enc     30 MB took 1.098 seconds,   27.316 MB/s
AES-192-CBC-dec     30 MB took 1.151 seconds,   26.054 MB/s
AES-256-CBC-enc     25 MB took 1.017 seconds,   24.591 MB/s
AES-256-CBC-dec     25 MB took 1.066 seconds,   23.459 MB/s
AES-128-GCM-enc     25 MB took 1.112 seconds,   22.490 MB/s
AES-128-GCM-dec     25 MB took 1.077 seconds,   23.204 MB/s
AES-192-GCM-enc     25 MB took 1.205 seconds,   20.745 MB/s
AES-192-GCM-dec     25 MB took 1.201 seconds,   20.808 MB/s
AES-256-GCM-enc     20 MB took 1.040 seconds,   19.227 MB/s
AES-256-GCM-dec     20 MB took 1.057 seconds,   18.926 MB/s
GMAC Table 4-bit    67 MB took 1.008 seconds,   66.486 MB/s
RABBIT              90 MB took 1.019 seconds,   88.333 MB/s
3DES                10 MB took 1.115 seconds,    8.966 MB/s
MD5                295 MB took 1.002 seconds,  294.425 MB/s
SHA                125 MB took 1.026 seconds,  121.793 MB/s
SHA-256             30 MB took 1.006 seconds,   29.808 MB/s
HMAC-MD5           290 MB took 1.000 seconds,  289.980 MB/s
HMAC-SHA           120 MB took 1.032 seconds,  116.303 MB/s
HMAC-SHA256         30 MB took 1.002 seconds,   29.955 MB/s
PBKDF2               4 KB took 1.002 seconds,    3.586 KB/s
RSA     2048 public       1400 ops took 1.044 sec, avg 0.745 ms, 1341.414 ops/sec
RSA     2048 private       100 ops took 3.802 sec, avg 38.019 ms, 26.303 ops/sec
DH      2048 key gen        62 ops took 1.004 sec, avg 16.195 ms, 61.747 ops/sec
DH      2048 agree         100 ops took 1.607 sec, avg 16.070 ms, 62.229 ops/sec
ECC   [      SECP256R1]   256 key gen      1347 ops took 1.000 sec, avg 0.743 ms, 1346.783 ops/sec
ECDHE [      SECP256R1]   256 agree         900 ops took 1.035 sec, avg 1.150 ms, 869.264 ops/sec
ECDSA [      SECP256R1]   256 sign         1200 ops took 1.052 sec, avg 0.876 ms, 1141.085 ops/sec
ECDSA [      SECP256R1]   256 verify        900 ops took 1.114 sec, avg 1.237 ms, 808.122 ops/sec
Benchmark complete
[SGXSan] ALWAYS: Enter wc_test
INFO: seed corpus: files: 3 min: 370191b max: 370191b total: 1110573b rss: 43Mb
------------------------------------------------------------------------------
 wolfSSL version 5.1.0
------------------------------------------------------------------------------
error    test passed!
MEMORY   test passed!
base64   test passed!
asn      test passed!
RANDOM   test passed!
MD5      test passed!
MD4      test passed!
SHA      test passed!
SHA-256  test passed!
Hash     test passed!
HMAC-MD5 test passed!
HMAC-SHA test passed!
HMAC-SHA256 test passed!
GMAC     test passed!
HC-128   test passed!
Rabbit   test passed!
DES      test passed!
DES3     test passed!
AES      test passed!
AES192   test passed!
AES256   test passed!
AES-GCM  test passed!
RSA      test passed!
DH       test passed!
DSA      test passed!
PWDBASED test passed!
ECC      test passed!
ECC buffer test passed!
logging  test passed!
mutex    test passed!
memcb    test passed!
Test complete
[SGXSan] ALWAYS: Enter enc_wolfSSL_new
[SGXSan] ALWAYS: Enter enc_wolfSSL_CTX_use_PrivateKey_buffer
[SGXSan] ALWAYS: Enter enc_wolfSSL_write
[SGXSan] ALWAYS: Enter enc_wolfSSL_Debugging_OFF
[SGXSan] ALWAYS: Enter enc_wolfSSL_CTX_new
[SGXSan] ALWAYS: Enter enc_wolfSSL_Init
[SGXSan] ALWAYS: Enter enc_wolfSSL_get_error
[SGXSan] ALWAYS: Enter enc_wolfSSL_CTX_set_cipher_list
[SGXSan] ALWAYS: Enter enc_wolfSSL_CTX_use_certificate_buffer
[SGXSan] ALWAYS: Enter enc_wolfTLSv1_2_client_method
[SGXSan] ALWAYS: Enter enc_wolfSSL_CTX_load_verify_buffer
[SGXSan] ALWAYS: Enter enc_wolfSSL_free
[SGXSan] ALWAYS: Enter enc_wolfSSL_set_fd
[SGXSan] ALWAYS: Enter enc_wolfTLSv1_2_server_method
[SGXSan] ALWAYS: Enter wc_benchmark_test
------------------------------------------------------------------------------
 wolfSSL version 5.1.0
------------------------------------------------------------------------------
wolfCrypt Benchmark (block bytes 1048576, min 1.0 sec each)
RNG                 15 MB took 1.179 seconds,   12.722 MB/s
AES-128-CBC-enc     35 MB took 1.111 seconds,   31.510 MB/s
AES-128-CBC-dec     35 MB took 1.164 seconds,   30.056 MB/s
AES-192-CBC-enc     30 MB took 1.117 seconds,   26.865 MB/s
AES-192-CBC-dec     30 MB took 1.172 seconds,   25.587 MB/s
AES-256-CBC-enc     25 MB took 1.047 seconds,   23.883 MB/s
AES-256-CBC-dec     25 MB took 1.090 seconds,   22.940 MB/s
AES-128-GCM-enc     25 MB took 1.086 seconds,   23.028 MB/s
AES-128-GCM-dec     25 MB took 1.084 seconds,   23.069 MB/s
AES-192-GCM-enc     25 MB took 1.191 seconds,   20.990 MB/s
AES-192-GCM-dec     25 MB took 1.199 seconds,   20.857 MB/s
AES-256-GCM-enc     20 MB took 1.050 seconds,   19.048 MB/s
AES-256-GCM-dec     20 MB took 1.056 seconds,   18.947 MB/s
GMAC Table 4-bit    67 MB took 1.013 seconds,   66.117 MB/s
RABBIT              90 MB took 1.050 seconds,   85.737 MB/s
3DES                10 MB took 1.136 seconds,    8.804 MB/s
MD5                290 MB took 1.004 seconds,  288.773 MB/s
SHA                130 MB took 1.037 seconds,  125.358 MB/s
SHA-256             35 MB took 1.161 seconds,   30.155 MB/s
HMAC-MD5           295 MB took 1.013 seconds,  291.125 MB/s
HMAC-SHA           125 MB took 1.009 seconds,  123.895 MB/s
HMAC-SHA256         30 MB took 1.008 seconds,   29.766 MB/s
PBKDF2               4 KB took 1.003 seconds,    3.677 KB/s
RSA     2048 public       1400 ops took 1.050 sec, avg 0.750 ms, 1333.736 ops/sec
RSA     2048 private       100 ops took 3.895 sec, avg 38.953 ms, 25.672 ops/sec
DH      2048 key gen        62 ops took 1.007 sec, avg 16.241 ms, 61.573 ops/sec
DH      2048 agree         100 ops took 1.633 sec, avg 16.327 ms, 61.249 ops/sec
ECC   [      SECP256R1]   256 key gen      1331 ops took 1.000 sec, avg 0.751 ms, 1330.782 ops/sec
ECDHE [      SECP256R1]   256 agree         900 ops took 1.035 sec, avg 1.150 ms, 869.917 ops/sec
ECDSA [      SECP256R1]   256 sign         1200 ops took 1.048 sec, avg 0.873 ms, 1145.163 ops/sec
ECDSA [      SECP256R1]   256 verify        900 ops took 1.092 sec, avg 1.213 ms, 824.445 ops/sec
Benchmark complete
[SGXSan] ALWAYS: Enter enc_wolfSSL_connect
[SGXSan] ALWAYS: Enter wc_test
------------------------------------------------------------------------------
 wolfSSL version 5.1.0
------------------------------------------------------------------------------
error    test passed!
MEMORY   test passed!
base64   test passed!
asn      test passed!
RANDOM   test passed!
MD5      test passed!
MD4      test passed!
SHA      test passed!
SHA-256  test passed!
Hash     test passed!
HMAC-MD5 test passed!
HMAC-SHA test passed!
HMAC-SHA256 test passed!
GMAC     test passed!
HC-128   test passed!
Rabbit   test passed!
DES      test passed!
DES3     test passed!
AES      test passed!
AES192   test passed!
AES256   test passed!
AES-GCM  test passed!
RSA      test passed!
DH       test passed!
DSA      test passed!
PWDBASED test passed!
ECC      test passed!
ECC buffer test passed!
logging  test passed!
mutex    test passed!
memcb    test failed!
 error = -13803
[SGXSan] ALWAYS: Enter enc_wolfSSL_CTX_free
[SGXSan] ALWAYS: Enter enc_wolfSSL_Debugging_ON
[SGXSan] ALWAYS: Enter enc_wolfSSL_CTX_use_certificate_chain_buffer_format
[SGXSan] ALWAYS: Enter enc_wolfSSL_Cleanup
[SGXSan] ALWAYS: Enter enc_wolfSSL_read
#2	pulse  ft: 6294 exec/s: 0 rss: 50Mb
Slowest unit: 42 s:
artifact_prefix='./crashes/'; Test unit written to ./crashes/slow-unit-c6d85491edef34dcb827f0f639605cb7737ebb1d
[SGXSan] ALWAYS: Enter enc_wolfSSL_Debugging_OFF
[SGXSan] ALWAYS: Enter wc_test
------------------------------------------------------------------------------
 wolfSSL version 5.1.0
------------------------------------------------------------------------------
error    test passed!
MEMORY   test passed!
base64   test passed!
asn      test passed!
RANDOM   test passed!
MD5      test passed!
MD4      test passed!
SHA      test passed!
SHA-256  test passed!
Hash     test passed!
HMAC-MD5 test passed!
HMAC-SHA test passed!
HMAC-SHA256 test passed!
GMAC     test passed!
HC-128   test passed!
Rabbit   test passed!
DES      test passed!
DES3     test passed!
AES      test passed!
AES192   test passed!
AES256   test passed!
AES-GCM  test passed!
RSA      test passed!
DH       test passed!
DSA      test passed!
PWDBASED test passed!
ECC      test passed!
ECC buffer test passed!
logging  test passed!
mutex    test passed!
memcb    test failed!
 error = -13803
[SGXSan] ALWAYS: Enter enc_wolfSSL_CTX_set_cipher_list
[SGXSan] ALWAYS: Enter enc_wolfSSL_free
[SGXSan] ALWAYS: Enter enc_wolfSSL_get_error
[SGXSan] ALWAYS: Enter enc_wolfSSL_CTX_free
[SGXSan] ALWAYS: Enter enc_wolfSSL_Init
[SGXSan] ALWAYS: Enter enc_wolfSSL_CTX_new
[SGXSan] ALWAYS: Enter enc_wolfSSL_CTX_use_certificate_chain_buffer_format
[SGXSan] ALWAYS: Enter enc_wolfSSL_CTX_load_verify_buffer
[SGXSan] ALWAYS: Enter wc_benchmark_test
------------------------------------------------------------------------------
 wolfSSL version 5.1.0
------------------------------------------------------------------------------
wolfCrypt Benchmark (block bytes 1048576, min 1.0 sec each)
RNG                 15 MB took 1.243 seconds,   12.064 MB/s
AES-128-CBC-enc     35 MB took 1.119 seconds,   31.284 MB/s
AES-128-CBC-dec     30 MB took 1.006 seconds,   29.817 MB/s
AES-192-CBC-enc     30 MB took 1.091 seconds,   27.492 MB/s
AES-192-CBC-dec     30 MB took 1.150 seconds,   26.080 MB/s
AES-256-CBC-enc     25 MB took 1.035 seconds,   24.166 MB/s
AES-256-CBC-dec     25 MB took 1.076 seconds,   23.224 MB/s
AES-128-GCM-enc     25 MB took 1.085 seconds,   23.032 MB/s
AES-128-GCM-dec     25 MB took 1.084 seconds,   23.071 MB/s
AES-192-GCM-enc     25 MB took 1.217 seconds,   20.535 MB/s
AES-192-GCM-dec     25 MB took 1.216 seconds,   20.565 MB/s
AES-256-GCM-enc     20 MB took 1.054 seconds,   18.973 MB/s
AES-256-GCM-dec     20 MB took 1.055 seconds,   18.954 MB/s
GMAC Table 4-bit    66 MB took 1.005 seconds,   65.673 MB/s
RABBIT              90 MB took 1.052 seconds,   85.572 MB/s
3DES                10 MB took 1.158 seconds,    8.635 MB/s
MD5                295 MB took 1.002 seconds,  294.343 MB/s
SHA                125 MB took 1.004 seconds,  124.554 MB/s
SHA-256             35 MB took 1.150 seconds,   30.432 MB/s
HMAC-MD5           300 MB took 1.005 seconds,  298.567 MB/s
HMAC-SHA           125 MB took 1.011 seconds,  123.682 MB/s
HMAC-SHA256         35 MB took 1.154 seconds,   30.328 MB/s
PBKDF2               3 KB took 1.001 seconds,    3.436 KB/s
RSA     2048 public       1400 ops took 1.044 sec, avg 0.746 ms, 1341.122 ops/sec
RSA     2048 private       100 ops took 3.821 sec, avg 38.214 ms, 26.168 ops/sec
DH      2048 key gen        64 ops took 1.011 sec, avg 15.798 ms, 63.298 ops/sec
DH      2048 agree         100 ops took 1.591 sec, avg 15.911 ms, 62.850 ops/sec
ECC   [      SECP256R1]   256 key gen      1362 ops took 1.000 sec, avg 0.734 ms, 1361.963 ops/sec
ECDHE [      SECP256R1]   256 agree         900 ops took 1.011 sec, avg 1.124 ms, 889.927 ops/sec
ECDSA [      SECP256R1]   256 sign         1200 ops took 1.036 sec, avg 0.863 ms, 1158.664 ops/sec
ECDSA [      SECP256R1]   256 verify        900 ops took 1.063 sec, avg 1.181 ms, 846.491 ops/sec
Benchmark complete
[SGXSan] ALWAYS: Enter enc_wolfSSL_Cleanup
[SGXSan] ALWAYS: Enter enc_wolfSSL_set_fd
[SGXSan] ALWAYS: Enter enc_wolfSSL_Debugging_ON
[SGXSan] ALWAYS: Enter enc_wolfSSL_write
[SGXSan] ALWAYS: Enter enc_wolfSSL_new
[SGXSan] ALWAYS: Enter enc_wolfTLSv1_2_server_method
[SGXSan] ALWAYS: Enter enc_wolfSSL_CTX_use_PrivateKey_buffer
[SGXSan] ALWAYS: Enter enc_wolfTLSv1_2_client_method
[SGXSan] ALWAYS: Enter enc_wolfSSL_connect
[SGXSan] ALWAYS: Enter enc_wolfSSL_CTX_use_certificate_buffer
[SGXSan] ALWAYS: Enter enc_wolfSSL_read
[SGXSan] ALWAYS: Enter enc_wolfSSL_Debugging_OFF
[SGXSan] ALWAYS: Enter wc_test
------------------------------------------------------------------------------
 wolfSSL version 5.1.0
------------------------------------------------------------------------------
error    test passed!
MEMORY   test passed!
base64   test passed!
asn      test passed!
RANDOM   test passed!
MD5      test passed!
MD4      test passed!
SHA      test passed!
SHA-256  test passed!
Hash     test passed!
HMAC-MD5 test passed!
HMAC-SHA test passed!
HMAC-SHA256 test passed!
GMAC     test passed!
HC-128   test passed!
Rabbit   test passed!
DES      test passed!
DES3     test passed!
AES      test passed!
AES192   test passed!
AES256   test passed!
AES-GCM  test passed!
RSA      test passed!
DH       test passed!
DSA      test passed!
PWDBASED test passed!
ECC      test passed!
ECC buffer test passed!
logging  test passed!
mutex    test passed!
memcb    test failed!
 error = -13803
[SGXSan] ALWAYS: Enter enc_wolfSSL_CTX_set_cipher_list
[SGXSan] ALWAYS: Enter enc_wolfSSL_free
[SGXSan] ALWAYS: Enter enc_wolfSSL_get_error
[SGXSan] ALWAYS: Enter enc_wolfSSL_CTX_free
[SGXSan] ALWAYS: Enter enc_wolfSSL_Init
[SGXSan] ALWAYS: Enter enc_wolfSSL_CTX_new
[SGXSan] ALWAYS: Enter enc_wolfSSL_CTX_use_certificate_chain_buffer_format
[SGXSan] ALWAYS: Enter enc_wolfSSL_CTX_load_verify_buffer
[SGXSan] ALWAYS: Enter wc_benchmark_test
------------------------------------------------------------------------------
 wolfSSL version 5.1.0
------------------------------------------------------------------------------
wolfCrypt Benchmark (block bytes 1048576, min 1.0 sec each)
RNG                 15 MB took 1.164 seconds,   12.892 MB/s
AES-128-CBC-enc     35 MB took 1.103 seconds,   31.719 MB/s
AES-128-CBC-dec     30 MB took 1.028 seconds,   29.185 MB/s
AES-192-CBC-enc     30 MB took 1.106 seconds,   27.116 MB/s
AES-192-CBC-dec     30 MB took 1.168 seconds,   25.677 MB/s
AES-256-CBC-enc     25 MB took 1.027 seconds,   24.346 MB/s
AES-256-CBC-dec     25 MB took 1.071 seconds,   23.348 MB/s
AES-128-GCM-enc     25 MB took 1.069 seconds,   23.390 MB/s
AES-128-GCM-dec     25 MB took 1.073 seconds,   23.306 MB/s
AES-192-GCM-enc     25 MB took 1.201 seconds,   20.808 MB/s
AES-192-GCM-dec     25 MB took 1.210 seconds,   20.660 MB/s
AES-256-GCM-enc     20 MB took 1.043 seconds,   19.182 MB/s
AES-256-GCM-dec     15 MB took 1.323 seconds,   11.339 MB/s
GMAC Table 4-bit    67 MB took 1.008 seconds,   66.468 MB/s
RABBIT              90 MB took 1.019 seconds,   88.316 MB/s
3DES                10 MB took 1.140 seconds,    8.770 MB/s
MD5                295 MB took 1.005 seconds,  293.505 MB/s
SHA                125 MB took 1.003 seconds,  124.680 MB/s
SHA-256             35 MB took 1.161 seconds,   30.135 MB/s
HMAC-MD5           300 MB took 1.006 seconds,  298.163 MB/s
HMAC-SHA           125 MB took 1.006 seconds,  124.214 MB/s
HMAC-SHA256         30 MB took 1.006 seconds,   29.835 MB/s
PBKDF2               4 KB took 1.004 seconds,    3.672 KB/s
RSA     2048 public       1400 ops took 1.039 sec, avg 0.742 ms, 1346.848 ops/sec
RSA     2048 private       100 ops took 3.747 sec, avg 37.471 ms, 26.687 ops/sec
DH      2048 key gen        63 ops took 1.015 sec, avg 16.117 ms, 62.045 ops/sec
DH      2048 agree         100 ops took 2.000 sec, avg 20.004 ms, 49.989 ops/sec
ECC   [      SECP256R1]   256 key gen       869 ops took 1.000 sec, avg 1.151 ms, 868.943 ops/sec
ECDHE [      SECP256R1]   256 agree         500 ops took 1.014 sec, avg 2.028 ms, 492.976 ops/sec
ECDSA [      SECP256R1]   256 sign          800 ops took 1.113 sec, avg 1.391 ms, 718.805 ops/sec
ECDSA [      SECP256R1]   256 verify        600 ops took 1.070 sec, avg 1.783 ms, 560.700 ops/sec
Benchmark complete
[SGXSan] ALWAYS: Enter enc_wolfSSL_Cleanup
[SGXSan] ALWAYS: Enter enc_wolfSSL_set_fd
[SGXSan] ALWAYS: Enter enc_wolfSSL_Debugging_ON
[SGXSan] ALWAYS: Enter enc_wolfSSL_write
[SGXSan] ALWAYS: Enter enc_wolfSSL_new
[SGXSan] ALWAYS: Enter enc_wolfTLSv1_2_server_method
[SGXSan] ALWAYS: Enter enc_wolfSSL_CTX_use_PrivateKey_buffer
[SGXSan] ALWAYS: Enter enc_wolfTLSv1_2_client_method
[SGXSan] ALWAYS: Enter enc_wolfSSL_connect
[SGXSan] ALWAYS: Enter enc_wolfSSL_CTX_use_certificate_buffer
[SGXSan] ALWAYS: Enter enc_wolfSSL_read
#4	pulse  cov: 6294 ft: 6294 corp: 1/361Kb exec/s: 0 rss: 63Mb
#4	INITED cov: 6294 ft: 6294 corp: 1/361Kb exec/s: 0 rss: 63Mb
#4	DONE   cov: 6294 ft: 6294 corp: 1/361Kb lim: 370191 exec/s: 0 rss: 63Mb
Done 4 runs in 171 second(s)
stat::number_of_executed_units: 4
stat::average_exec_per_sec:     0
stat::new_units_added:          0
stat::slowest_unit_time_sec:    42
stat::peak_rss_mb:              63
