WARNING: Failed to find function "__sanitizer_acquire_crash_state".
WARNING: Failed to find function "__sanitizer_print_stack_trace".
WARNING: Failed to find function "__sanitizer_set_death_callback".
[2023-01-15 18:25:17.033] [Init] Num of ECall: 22
[2023-01-15 18:25:17.033] ECalls:
  0 - fuzz_enc_wolfSSL_CTX_free
  1 - fuzz_enc_wolfSSL_CTX_load_verify_buffer
  2 - fuzz_enc_wolfSSL_CTX_new
  3 - fuzz_enc_wolfSSL_CTX_set_cipher_list
  4 - fuzz_enc_wolfSSL_CTX_use_PrivateKey_buffer
  5 - fuzz_enc_wolfSSL_CTX_use_certificate_buffer
  6 - fuzz_enc_wolfSSL_CTX_use_certificate_chain_buffer_format
  7 - fuzz_enc_wolfSSL_Cleanup
  8 - fuzz_enc_wolfSSL_Debugging_OFF
  9 - fuzz_enc_wolfSSL_Debugging_ON
  10 - fuzz_enc_wolfSSL_Init
  11 - fuzz_enc_wolfSSL_connect
  12 - fuzz_enc_wolfSSL_free
  13 - fuzz_enc_wolfSSL_get_error
  14 - fuzz_enc_wolfSSL_new
  15 - fuzz_enc_wolfSSL_read
  16 - fuzz_enc_wolfSSL_set_fd
  17 - fuzz_enc_wolfSSL_write
  18 - fuzz_enc_wolfTLSv1_2_client_method
  19 - fuzz_enc_wolfTLSv1_2_server_method
  20 - fuzz_wc_benchmark_test
  21 - fuzz_wc_test

INFO: found LLVMFuzzerCustomMutator (0x44ac30). Disabling -len_control by default.
INFO: libFuzzer ignores flags that start with '--'
INFO: Running with entropic power schedule (0xFF, 100).
INFO: Seed: 3818108820
INFO: Loaded 1 modules   (291 inline 8-bit counters): 291 [0x4cb7e8, 0x4cb90b), 
INFO: Loaded 1 PC tables (291 PCs): 291 [0x4cb910,0x4ccb40), 
INFO:        0 files found in /tmp/libFuzzerTemp.FuzzWithFork422940.dir/C154
[SGXSan] ALWAYS: Hook __sanitizer_cov_8bit_counters_init of Enclave, 21636 inline 8-bit counts [0x7f72a840f9c0, 0x7f72a8414e44) (First time)
[SGXSan] ALWAYS: Hook __sanitizer_cov_pcs_init of Enclave, 21636 PCs [0x7f72a8414e48, 0x7f72a8469688) (First time)
[SGXSan] ALWAYS: Enter enc_wolfSSL_CTX_free
[SGXSan] ALWAYS: Enter enc_wolfSSL_CTX_load_verify_buffer
[SGXSan] ALWAYS: Enter enc_wolfSSL_CTX_new
[SGXSan] ALWAYS: Enter enc_wolfSSL_CTX_set_cipher_list
[SGXSan] ALWAYS: Enter enc_wolfSSL_CTX_use_PrivateKey_buffer
[SGXSan] ALWAYS: Enter enc_wolfSSL_CTX_use_certificate_buffer
[SGXSan] ALWAYS: Enter enc_wolfSSL_CTX_use_certificate_chain_buffer_format
[SGXSan] ALWAYS: Enter enc_wolfSSL_Cleanup
[SGXSan] ALWAYS: Enter enc_wolfSSL_Debugging_OFF
[SGXSan] ALWAYS: Enter enc_wolfSSL_Debugging_ON
[SGXSan] ALWAYS: Enter enc_wolfSSL_Init
[SGXSan] ALWAYS: Enter enc_wolfSSL_connect
[SGXSan] ALWAYS: Enter enc_wolfSSL_free
[SGXSan] ALWAYS: Enter enc_wolfSSL_get_error
[SGXSan] ALWAYS: Enter enc_wolfSSL_new
[SGXSan] ALWAYS: Enter enc_wolfSSL_read
[SGXSan] ALWAYS: Enter enc_wolfSSL_set_fd
[SGXSan] ALWAYS: Enter enc_wolfSSL_write
[SGXSan] ALWAYS: Enter enc_wolfTLSv1_2_client_method
[SGXSan] ALWAYS: Enter enc_wolfTLSv1_2_server_method
[SGXSan] ALWAYS: Enter wc_benchmark_test
------------------------------------------------------------------------------
 wolfSSL version 5.1.0
------------------------------------------------------------------------------
wolfCrypt Benchmark (block bytes 1048576, min 1.0 sec each)
RNG                 10 MB took 1.004 seconds,    9.958 MB/s
AES-128-CBC-enc     35 MB took 1.091 seconds,   32.069 MB/s
AES-128-CBC-dec     30 MB took 1.012 seconds,   29.641 MB/s
AES-192-CBC-enc     30 MB took 1.083 seconds,   27.703 MB/s
AES-192-CBC-dec     30 MB took 1.168 seconds,   25.687 MB/s
AES-256-CBC-enc     25 MB took 1.008 seconds,   24.797 MB/s
AES-256-CBC-dec     25 MB took 1.055 seconds,   23.702 MB/s
AES-128-GCM-enc     25 MB took 1.079 seconds,   23.160 MB/s
AES-128-GCM-dec     25 MB took 1.061 seconds,   23.574 MB/s
AES-192-GCM-enc     25 MB took 1.191 seconds,   20.996 MB/s
AES-192-GCM-dec     25 MB took 1.191 seconds,   20.998 MB/s
AES-256-GCM-enc     20 MB took 1.023 seconds,   19.544 MB/s
AES-256-GCM-dec     20 MB took 1.041 seconds,   19.205 MB/s
GMAC Table 4-bit    67 MB took 1.004 seconds,   66.706 MB/s
RABBIT              90 MB took 1.023 seconds,   88.019 MB/s
3DES                10 MB took 1.117 seconds,    8.951 MB/s
MD5                295 MB took 1.004 seconds,  293.835 MB/s
SHA                125 MB took 1.032 seconds,  121.119 MB/s
SHA-256             35 MB took 1.166 seconds,   30.014 MB/s
HMAC-MD5           295 MB took 1.009 seconds,  292.394 MB/s
HMAC-SHA           125 MB took 1.010 seconds,  123.788 MB/s
HMAC-SHA256         35 MB took 1.165 seconds,   30.044 MB/s
PBKDF2               4 KB took 1.003 seconds,    3.675 KB/s
RSA     2048 public       1400 ops took 1.030 sec, avg 0.736 ms, 1359.510 ops/sec
RSA     2048 private       100 ops took 3.798 sec, avg 37.978 ms, 26.331 ops/sec
DH      2048 key gen        63 ops took 1.009 sec, avg 16.018 ms, 62.428 ops/sec
DH      2048 agree         100 ops took 1.583 sec, avg 15.833 ms, 63.158 ops/sec
ECC   [      SECP256R1]   256 key gen      1384 ops took 1.000 sec, avg 0.723 ms, 1383.903 ops/sec
ECDHE [      SECP256R1]   256 agree         900 ops took 1.001 sec, avg 1.112 ms, 899.081 ops/sec
ECDSA [      SECP256R1]   256 sign         1200 ops took 1.013 sec, avg 0.844 ms, 1184.190 ops/sec
ECDSA [      SECP256R1]   256 verify        900 ops took 1.077 sec, avg 1.197 ms, 835.648 ops/sec
Benchmark complete
[SGXSan] ALWAYS: Enter wc_test
INFO: seed corpus: files: 3 min: 370191b max: 370191b total: 1110573b rss: 43Mb
------------------------------------------------------------------------------
 wolfSSL version 5.1.0
------------------------------------------------------------------------------
error    test passed!
MEMORY   test passed!
base64   test passed!
asn      test passed!
RANDOM   test passed!
MD5      test passed!
MD4      test passed!
SHA      test passed!
SHA-256  test passed!
Hash     test passed!
HMAC-MD5 test passed!
HMAC-SHA test passed!
HMAC-SHA256 test passed!
GMAC     test passed!
HC-128   test passed!
Rabbit   test passed!
DES      test passed!
DES3     test passed!
AES      test passed!
AES192   test passed!
AES256   test passed!
AES-GCM  test passed!
RSA      test passed!
DH       test passed!
DSA      test passed!
PWDBASED test passed!
ECC      test passed!
ECC buffer test passed!
logging  test passed!
mutex    test passed!
memcb    test passed!
Test complete
[SGXSan] ALWAYS: Enter enc_wolfSSL_free
[SGXSan] ALWAYS: Enter enc_wolfSSL_write
[SGXSan] ALWAYS: Enter enc_wolfSSL_Cleanup
[SGXSan] ALWAYS: Enter enc_wolfSSL_CTX_use_certificate_buffer
[SGXSan] ALWAYS: Enter enc_wolfSSL_new
[SGXSan] ALWAYS: Enter enc_wolfSSL_CTX_use_PrivateKey_buffer
[SGXSan] ALWAYS: Enter enc_wolfSSL_CTX_new
[SGXSan] ALWAYS: Enter enc_wolfSSL_CTX_use_certificate_chain_buffer_format
[SGXSan] ALWAYS: Enter enc_wolfTLSv1_2_client_method
[SGXSan] ALWAYS: Enter enc_wolfSSL_connect
[SGXSan] ALWAYS: Enter enc_wolfSSL_Debugging_OFF
[SGXSan] ALWAYS: Enter enc_wolfTLSv1_2_server_method
[SGXSan] ALWAYS: Enter enc_wolfSSL_read
[SGXSan] ALWAYS: Enter wc_benchmark_test
------------------------------------------------------------------------------
 wolfSSL version 5.1.0
------------------------------------------------------------------------------
wolfCrypt Benchmark (block bytes 1048576, min 1.0 sec each)
RNG                 15 MB took 1.170 seconds,   12.820 MB/s
AES-128-CBC-enc     35 MB took 1.088 seconds,   32.157 MB/s
AES-128-CBC-dec     30 MB took 1.027 seconds,   29.209 MB/s
AES-192-CBC-enc     25 MB took 1.037 seconds,   24.108 MB/s
AES-192-CBC-dec     30 MB took 1.181 seconds,   25.409 MB/s
AES-256-CBC-enc     25 MB took 1.031 seconds,   24.237 MB/s
AES-256-CBC-dec     25 MB took 1.075 seconds,   23.254 MB/s
AES-128-GCM-enc     25 MB took 1.076 seconds,   23.228 MB/s
AES-128-GCM-dec     25 MB took 1.100 seconds,   22.717 MB/s
AES-192-GCM-enc     25 MB took 1.219 seconds,   20.510 MB/s
AES-192-GCM-dec     25 MB took 1.221 seconds,   20.475 MB/s
AES-256-GCM-enc     20 MB took 1.071 seconds,   18.681 MB/s
AES-256-GCM-dec     20 MB took 1.044 seconds,   19.166 MB/s
GMAC Table 4-bit    67 MB took 1.014 seconds,   66.091 MB/s
RABBIT              85 MB took 1.037 seconds,   81.945 MB/s
3DES                10 MB took 1.114 seconds,    8.978 MB/s
MD5                300 MB took 1.015 seconds,  295.509 MB/s
SHA                125 MB took 1.003 seconds,  124.625 MB/s
SHA-256             35 MB took 1.163 seconds,   30.103 MB/s
HMAC-MD5           290 MB took 1.000 seconds,  289.999 MB/s
HMAC-SHA           125 MB took 1.009 seconds,  123.901 MB/s
HMAC-SHA256         30 MB took 1.013 seconds,   29.618 MB/s
PBKDF2               4 KB took 1.003 seconds,    3.678 KB/s
RSA     2048 public       1400 ops took 1.035 sec, avg 0.739 ms, 1352.956 ops/sec
RSA     2048 private       100 ops took 3.882 sec, avg 38.817 ms, 25.762 ops/sec
DH      2048 key gen        63 ops took 1.001 sec, avg 15.894 ms, 62.919 ops/sec
DH      2048 agree         100 ops took 1.585 sec, avg 15.850 ms, 63.090 ops/sec
ECC   [      SECP256R1]   256 key gen      1378 ops took 1.001 sec, avg 0.726 ms, 1377.083 ops/sec
ECDHE [      SECP256R1]   256 agree         900 ops took 1.007 sec, avg 1.119 ms, 893.856 ops/sec
ECDSA [      SECP256R1]   256 sign         1200 ops took 1.031 sec, avg 0.859 ms, 1164.247 ops/sec
ECDSA [      SECP256R1]   256 verify        900 ops took 1.061 sec, avg 1.179 ms, 848.231 ops/sec
Benchmark complete
[SGXSan] ALWAYS: Enter enc_wolfSSL_get_error
[SGXSan] ALWAYS: Enter enc_wolfSSL_CTX_set_cipher_list
[SGXSan] ALWAYS: Enter enc_wolfSSL_Init
[SGXSan] ALWAYS: Enter wc_test
------------------------------------------------------------------------------
 wolfSSL version 5.1.0
------------------------------------------------------------------------------
error    test passed!
MEMORY   test passed!
base64   test passed!
asn      test passed!
RANDOM   test passed!
MD5      test passed!
MD4      test passed!
SHA      test passed!
SHA-256  test passed!
Hash     test passed!
HMAC-MD5 test passed!
HMAC-SHA test passed!
HMAC-SHA256 test passed!
GMAC     test passed!
HC-128   test passed!
Rabbit   test passed!
DES      test passed!
DES3     test passed!
AES      test passed!
AES192   test passed!
AES256   test passed!
AES-GCM  test passed!
RSA      test passed!
DH       test passed!
DSA      test passed!
PWDBASED test passed!
ECC      test passed!
ECC buffer test passed!
logging  test passed!
mutex    test passed!
memcb    test failed!
 error = -13803
[SGXSan] ALWAYS: Enter enc_wolfSSL_set_fd
[SGXSan] ALWAYS: Enter enc_wolfSSL_CTX_load_verify_buffer
[SGXSan] ALWAYS: Enter enc_wolfSSL_Debugging_ON
[SGXSan] ALWAYS: Enter enc_wolfSSL_CTX_free
#2	pulse  ft: 6301 exec/s: 0 rss: 50Mb
Slowest unit: 42 s:
artifact_prefix='./crashes/'; Test unit written to ./crashes/slow-unit-5651a65fca96b0ecbd29f039e774d80470c29bc0
[SGXSan] ALWAYS: Enter enc_wolfSSL_new
[SGXSan] ALWAYS: Enter enc_wolfSSL_CTX_use_PrivateKey_buffer
[SGXSan] ALWAYS: Enter enc_wolfSSL_write
[SGXSan] ALWAYS: Enter enc_wolfSSL_Debugging_OFF
[SGXSan] ALWAYS: Enter enc_wolfSSL_CTX_new
[SGXSan] ALWAYS: Enter enc_wolfSSL_Init
[SGXSan] ALWAYS: Enter enc_wolfSSL_get_error
[SGXSan] ALWAYS: Enter enc_wolfSSL_CTX_set_cipher_list
[SGXSan] ALWAYS: Enter enc_wolfSSL_CTX_use_certificate_buffer
[SGXSan] ALWAYS: Enter enc_wolfTLSv1_2_client_method
[SGXSan] ALWAYS: Enter enc_wolfSSL_CTX_load_verify_buffer
[SGXSan] ALWAYS: Enter enc_wolfSSL_free
[SGXSan] ALWAYS: Enter enc_wolfSSL_set_fd
[SGXSan] ALWAYS: Enter enc_wolfTLSv1_2_server_method
[SGXSan] ALWAYS: Enter wc_benchmark_test
------------------------------------------------------------------------------
 wolfSSL version 5.1.0
------------------------------------------------------------------------------
wolfCrypt Benchmark (block bytes 1048576, min 1.0 sec each)
RNG                 15 MB took 1.170 seconds,   12.825 MB/s
AES-128-CBC-enc     35 MB took 1.108 seconds,   31.590 MB/s
AES-128-CBC-dec     30 MB took 1.012 seconds,   29.642 MB/s
AES-192-CBC-enc     30 MB took 1.072 seconds,   27.995 MB/s
AES-192-CBC-dec     30 MB took 1.162 seconds,   25.827 MB/s
AES-256-CBC-enc     25 MB took 1.006 seconds,   24.852 MB/s
AES-256-CBC-dec     25 MB took 1.069 seconds,   23.381 MB/s
AES-128-GCM-enc     25 MB took 1.070 seconds,   23.364 MB/s
AES-128-GCM-dec     25 MB took 1.063 seconds,   23.513 MB/s
AES-192-GCM-enc     25 MB took 1.199 seconds,   20.846 MB/s
AES-192-GCM-dec     25 MB took 1.199 seconds,   20.850 MB/s
AES-256-GCM-enc     20 MB took 1.047 seconds,   19.097 MB/s
AES-256-GCM-dec     20 MB took 1.050 seconds,   19.046 MB/s
GMAC Table 4-bit    67 MB took 1.012 seconds,   66.229 MB/s
RABBIT              90 MB took 1.027 seconds,   87.629 MB/s
3DES                10 MB took 1.144 seconds,    8.741 MB/s
MD5                295 MB took 1.012 seconds,  291.368 MB/s
SHA                125 MB took 1.002 seconds,  124.753 MB/s
SHA-256             35 MB took 1.156 seconds,   30.281 MB/s
HMAC-MD5           300 MB took 1.011 seconds,  296.652 MB/s
HMAC-SHA           125 MB took 1.035 seconds,  120.784 MB/s
HMAC-SHA256         35 MB took 1.160 seconds,   30.174 MB/s
PBKDF2               4 KB took 1.001 seconds,    3.685 KB/s
RSA     2048 public       1400 ops took 1.046 sec, avg 0.747 ms, 1337.873 ops/sec
RSA     2048 private       100 ops took 3.828 sec, avg 38.276 ms, 26.126 ops/sec
DH      2048 key gen        63 ops took 1.004 sec, avg 15.929 ms, 62.777 ops/sec
DH      2048 agree         100 ops took 1.596 sec, avg 15.956 ms, 62.673 ops/sec
ECC   [      SECP256R1]   256 key gen      1357 ops took 1.000 sec, avg 0.737 ms, 1356.787 ops/sec
ECDHE [      SECP256R1]   256 agree         900 ops took 1.011 sec, avg 1.123 ms, 890.155 ops/sec
ECDSA [      SECP256R1]   256 sign         1200 ops took 1.029 sec, avg 0.858 ms, 1165.707 ops/sec
ECDSA [      SECP256R1]   256 verify        900 ops took 1.066 sec, avg 1.184 ms, 844.315 ops/sec
Benchmark complete
[SGXSan] ALWAYS: Enter enc_wolfSSL_connect
[SGXSan] ALWAYS: Enter wc_test
------------------------------------------------------------------------------
 wolfSSL version 5.1.0
------------------------------------------------------------------------------
error    test passed!
MEMORY   test passed!
base64   test passed!
asn      test passed!
RANDOM   test passed!
MD5      test passed!
MD4      test passed!
SHA      test passed!
SHA-256  test passed!
Hash     test passed!
HMAC-MD5 test passed!
HMAC-SHA test passed!
HMAC-SHA256 test passed!
GMAC     test passed!
HC-128   test passed!
Rabbit   test passed!
DES      test passed!
DES3     test passed!
AES      test passed!
AES192   test passed!
AES256   test passed!
AES-GCM  test passed!
RSA      test passed!
DH       test passed!
DSA      test passed!
PWDBASED test passed!
ECC      test passed!
ECC buffer test passed!
logging  test passed!
mutex    test passed!
memcb    test failed!
 error = -13803
[SGXSan] ALWAYS: Enter enc_wolfSSL_CTX_free
[SGXSan] ALWAYS: Enter enc_wolfSSL_Debugging_ON
[SGXSan] ALWAYS: Enter enc_wolfSSL_CTX_use_certificate_chain_buffer_format
[SGXSan] ALWAYS: Enter enc_wolfSSL_Cleanup
[SGXSan] ALWAYS: Enter enc_wolfSSL_read
[SGXSan] ALWAYS: Enter enc_wolfSSL_new
[SGXSan] ALWAYS: Enter enc_wolfSSL_CTX_use_PrivateKey_buffer
[SGXSan] ALWAYS: Enter enc_wolfSSL_write
[SGXSan] ALWAYS: Enter enc_wolfSSL_Debugging_OFF
[SGXSan] ALWAYS: Enter enc_wolfSSL_CTX_new
[SGXSan] ALWAYS: Enter enc_wolfSSL_Init
[SGXSan] ALWAYS: Enter enc_wolfSSL_get_error
[SGXSan] ALWAYS: Enter enc_wolfSSL_CTX_set_cipher_list
[SGXSan] ALWAYS: Enter enc_wolfSSL_CTX_use_certificate_buffer
[SGXSan] ALWAYS: Enter enc_wolfTLSv1_2_client_method
[SGXSan] ALWAYS: Enter enc_wolfSSL_CTX_load_verify_buffer
[SGXSan] ALWAYS: Enter enc_wolfSSL_free
[SGXSan] ALWAYS: Enter enc_wolfSSL_set_fd
[SGXSan] ALWAYS: Enter enc_wolfTLSv1_2_server_method
[SGXSan] ALWAYS: Enter wc_benchmark_test
------------------------------------------------------------------------------
 wolfSSL version 5.1.0
------------------------------------------------------------------------------
wolfCrypt Benchmark (block bytes 1048576, min 1.0 sec each)
RNG                 15 MB took 1.164 seconds,   12.882 MB/s
AES-128-CBC-enc     35 MB took 1.084 seconds,   32.277 MB/s
AES-128-CBC-dec     30 MB took 1.009 seconds,   29.723 MB/s
AES-192-CBC-enc     30 MB took 1.149 seconds,   26.119 MB/s
AES-192-CBC-dec     30 MB took 1.151 seconds,   26.058 MB/s
AES-256-CBC-enc     25 MB took 1.036 seconds,   24.124 MB/s
AES-256-CBC-dec     25 MB took 1.067 seconds,   23.438 MB/s
AES-128-GCM-enc     25 MB took 1.078 seconds,   23.196 MB/s
AES-128-GCM-dec     25 MB took 1.089 seconds,   22.950 MB/s
AES-192-GCM-enc     25 MB took 1.204 seconds,   20.762 MB/s
AES-192-GCM-dec     25 MB took 1.219 seconds,   20.513 MB/s
AES-256-GCM-enc     20 MB took 1.035 seconds,   19.333 MB/s
AES-256-GCM-dec     20 MB took 1.034 seconds,   19.343 MB/s
GMAC Table 4-bit    68 MB took 1.007 seconds,   67.533 MB/s
RABBIT              90 MB took 1.019 seconds,   88.330 MB/s
3DES                10 MB took 1.121 seconds,    8.924 MB/s
MD5                300 MB took 1.014 seconds,  295.907 MB/s
SHA                130 MB took 1.039 seconds,  125.141 MB/s
SHA-256             35 MB took 1.148 seconds,   30.485 MB/s
HMAC-MD5           295 MB took 1.004 seconds,  293.930 MB/s
HMAC-SHA           125 MB took 1.026 seconds,  121.806 MB/s
HMAC-SHA256         30 MB took 1.004 seconds,   29.866 MB/s
PBKDF2               3 KB took 1.002 seconds,    3.245 KB/s
RSA     2048 public       1400 ops took 1.045 sec, avg 0.747 ms, 1339.294 ops/sec
RSA     2048 private       100 ops took 3.903 sec, avg 39.027 ms, 25.623 ops/sec
DH      2048 key gen        63 ops took 1.015 sec, avg 16.104 ms, 62.095 ops/sec
DH      2048 agree         100 ops took 1.580 sec, avg 15.799 ms, 63.295 ops/sec
ECC   [      SECP256R1]   256 key gen      1359 ops took 1.000 sec, avg 0.736 ms, 1358.910 ops/sec
ECDHE [      SECP256R1]   256 agree         900 ops took 1.018 sec, avg 1.131 ms, 883.812 ops/sec
ECDSA [      SECP256R1]   256 sign         1200 ops took 1.023 sec, avg 0.852 ms, 1173.543 ops/sec
ECDSA [      SECP256R1]   256 verify        900 ops took 1.063 sec, avg 1.181 ms, 846.742 ops/sec
Benchmark complete
[SGXSan] ALWAYS: Enter enc_wolfSSL_connect
[SGXSan] ALWAYS: Enter wc_test
------------------------------------------------------------------------------
 wolfSSL version 5.1.0
------------------------------------------------------------------------------
error    test passed!
MEMORY   test passed!
base64   test passed!
asn      test passed!
RANDOM   test passed!
MD5      test passed!
MD4      test passed!
SHA      test passed!
SHA-256  test passed!
Hash     test passed!
HMAC-MD5 test passed!
HMAC-SHA test passed!
HMAC-SHA256 test passed!
GMAC     test passed!
HC-128   test passed!
Rabbit   test passed!
DES      test passed!
DES3     test passed!
AES      test passed!
AES192   test passed!
AES256   test passed!
AES-GCM  test passed!
RSA      test passed!
DH       test passed!
DSA      test passed!
PWDBASED test passed!
ECC      test passed!
ECC buffer test passed!
logging  test passed!
mutex    test passed!
memcb    test failed!
 error = -13803
[SGXSan] ALWAYS: Enter enc_wolfSSL_CTX_free
[SGXSan] ALWAYS: Enter enc_wolfSSL_Debugging_ON
[SGXSan] ALWAYS: Enter enc_wolfSSL_CTX_use_certificate_chain_buffer_format
[SGXSan] ALWAYS: Enter enc_wolfSSL_Cleanup
[SGXSan] ALWAYS: Enter enc_wolfSSL_read
#4	pulse  cov: 6301 ft: 6301 corp: 1/361Kb exec/s: 0 rss: 64Mb
#4	INITED cov: 6301 ft: 6301 corp: 1/361Kb exec/s: 0 rss: 64Mb
#4	DONE   cov: 6301 ft: 6301 corp: 1/361Kb lim: 370191 exec/s: 0 rss: 64Mb
Done 4 runs in 169 second(s)
stat::number_of_executed_units: 4
stat::average_exec_per_sec:     0
stat::new_units_added:          0
stat::slowest_unit_time_sec:    42
stat::peak_rss_mb:              64
