WARNING: Failed to find function "__sanitizer_acquire_crash_state".
WARNING: Failed to find function "__sanitizer_print_stack_trace".
WARNING: Failed to find function "__sanitizer_set_death_callback".
[2023-01-15 18:30:14.552] [Init] Num of ECall: 22
[2023-01-15 18:30:14.553] ECalls:
  0 - fuzz_enc_wolfSSL_CTX_free
  1 - fuzz_enc_wolfSSL_CTX_load_verify_buffer
  2 - fuzz_enc_wolfSSL_CTX_new
  3 - fuzz_enc_wolfSSL_CTX_set_cipher_list
  4 - fuzz_enc_wolfSSL_CTX_use_PrivateKey_buffer
  5 - fuzz_enc_wolfSSL_CTX_use_certificate_buffer
  6 - fuzz_enc_wolfSSL_CTX_use_certificate_chain_buffer_format
  7 - fuzz_enc_wolfSSL_Cleanup
  8 - fuzz_enc_wolfSSL_Debugging_OFF
  9 - fuzz_enc_wolfSSL_Debugging_ON
  10 - fuzz_enc_wolfSSL_Init
  11 - fuzz_enc_wolfSSL_connect
  12 - fuzz_enc_wolfSSL_free
  13 - fuzz_enc_wolfSSL_get_error
  14 - fuzz_enc_wolfSSL_new
  15 - fuzz_enc_wolfSSL_read
  16 - fuzz_enc_wolfSSL_set_fd
  17 - fuzz_enc_wolfSSL_write
  18 - fuzz_enc_wolfTLSv1_2_client_method
  19 - fuzz_enc_wolfTLSv1_2_server_method
  20 - fuzz_wc_benchmark_test
  21 - fuzz_wc_test

INFO: found LLVMFuzzerCustomMutator (0x44ac30). Disabling -len_control by default.
INFO: libFuzzer ignores flags that start with '--'
INFO: Running with entropic power schedule (0xFF, 100).
INFO: Seed: 690051309
INFO: Loaded 1 modules   (291 inline 8-bit counters): 291 [0x4cb7e8, 0x4cb90b), 
INFO: Loaded 1 PC tables (291 PCs): 291 [0x4cb910,0x4ccb40), 
INFO:        0 files found in /tmp/libFuzzerTemp.FuzzWithFork422940.dir/C159
[SGXSan] ALWAYS: Hook __sanitizer_cov_8bit_counters_init of Enclave, 21636 inline 8-bit counts [0x7f828f2c69c0, 0x7f828f2cbe44) (First time)
[SGXSan] ALWAYS: Hook __sanitizer_cov_pcs_init of Enclave, 21636 PCs [0x7f828f2cbe48, 0x7f828f320688) (First time)
[SGXSan] ALWAYS: Enter enc_wolfSSL_CTX_free
[SGXSan] ALWAYS: Enter enc_wolfSSL_CTX_load_verify_buffer
[SGXSan] ALWAYS: Enter enc_wolfSSL_CTX_new
[SGXSan] ALWAYS: Enter enc_wolfSSL_CTX_set_cipher_list
[SGXSan] ALWAYS: Enter enc_wolfSSL_CTX_use_PrivateKey_buffer
[SGXSan] ALWAYS: Enter enc_wolfSSL_CTX_use_certificate_buffer
[SGXSan] ALWAYS: Enter enc_wolfSSL_CTX_use_certificate_chain_buffer_format
[SGXSan] ALWAYS: Enter enc_wolfSSL_Cleanup
[SGXSan] ALWAYS: Enter enc_wolfSSL_Debugging_OFF
[SGXSan] ALWAYS: Enter enc_wolfSSL_Debugging_ON
[SGXSan] ALWAYS: Enter enc_wolfSSL_Init
[SGXSan] ALWAYS: Enter enc_wolfSSL_connect
[SGXSan] ALWAYS: Enter enc_wolfSSL_free
[SGXSan] ALWAYS: Enter enc_wolfSSL_get_error
[SGXSan] ALWAYS: Enter enc_wolfSSL_new
[SGXSan] ALWAYS: Enter enc_wolfSSL_read
[SGXSan] ALWAYS: Enter enc_wolfSSL_set_fd
[SGXSan] ALWAYS: Enter enc_wolfSSL_write
[SGXSan] ALWAYS: Enter enc_wolfTLSv1_2_client_method
[SGXSan] ALWAYS: Enter enc_wolfTLSv1_2_server_method
[SGXSan] ALWAYS: Enter wc_benchmark_test
------------------------------------------------------------------------------
 wolfSSL version 5.1.0
------------------------------------------------------------------------------
wolfCrypt Benchmark (block bytes 1048576, min 1.0 sec each)
RNG                 15 MB took 1.155 seconds,   12.992 MB/s
AES-128-CBC-enc     35 MB took 1.062 seconds,   32.952 MB/s
AES-128-CBC-dec     35 MB took 1.147 seconds,   30.526 MB/s
AES-192-CBC-enc     30 MB took 1.054 seconds,   28.464 MB/s
AES-192-CBC-dec     30 MB took 1.143 seconds,   26.255 MB/s
AES-256-CBC-enc     30 MB took 1.172 seconds,   25.587 MB/s
AES-256-CBC-dec     25 MB took 1.043 seconds,   23.980 MB/s
AES-128-GCM-enc     25 MB took 1.048 seconds,   23.857 MB/s
AES-128-GCM-dec     25 MB took 1.046 seconds,   23.911 MB/s
AES-192-GCM-enc     25 MB took 1.196 seconds,   20.909 MB/s
AES-192-GCM-dec     25 MB took 1.174 seconds,   21.294 MB/s
AES-256-GCM-enc     20 MB took 1.030 seconds,   19.420 MB/s
AES-256-GCM-dec     20 MB took 1.032 seconds,   19.377 MB/s
GMAC Table 4-bit    67 MB took 1.003 seconds,   66.801 MB/s
RABBIT              90 MB took 1.022 seconds,   88.069 MB/s
3DES                10 MB took 1.106 seconds,    9.042 MB/s
MD5                305 MB took 1.012 seconds,  301.417 MB/s
SHA                130 MB took 1.026 seconds,  126.673 MB/s
SHA-256             35 MB took 1.170 seconds,   29.914 MB/s
HMAC-MD5           300 MB took 1.001 seconds,  299.816 MB/s
HMAC-SHA           130 MB took 1.030 seconds,  126.219 MB/s
HMAC-SHA256         35 MB took 1.136 seconds,   30.810 MB/s
PBKDF2               4 KB took 1.007 seconds,    3.754 KB/s
RSA     2048 public       1400 ops took 1.038 sec, avg 0.741 ms, 1349.382 ops/sec
RSA     2048 private       100 ops took 3.665 sec, avg 36.655 ms, 27.282 ops/sec
DH      2048 key gen        65 ops took 1.005 sec, avg 15.456 ms, 64.701 ops/sec
DH      2048 agree         100 ops took 1.543 sec, avg 15.427 ms, 64.823 ops/sec
ECC   [      SECP256R1]   256 key gen      1401 ops took 1.000 sec, avg 0.714 ms, 1400.598 ops/sec
ECDHE [      SECP256R1]   256 agree        1000 ops took 1.095 sec, avg 1.095 ms, 913.099 ops/sec
ECDSA [      SECP256R1]   256 sign         1300 ops took 1.081 sec, avg 0.831 ms, 1202.648 ops/sec
ECDSA [      SECP256R1]   256 verify        900 ops took 1.061 sec, avg 1.179 ms, 847.949 ops/sec
Benchmark complete
[SGXSan] ALWAYS: Enter wc_test
INFO: seed corpus: files: 3 min: 370191b max: 370191b total: 1110573b rss: 43Mb
------------------------------------------------------------------------------
 wolfSSL version 5.1.0
------------------------------------------------------------------------------
error    test passed!
MEMORY   test passed!
base64   test passed!
asn      test passed!
RANDOM   test passed!
MD5      test passed!
MD4      test passed!
SHA      test passed!
SHA-256  test passed!
Hash     test passed!
HMAC-MD5 test passed!
HMAC-SHA test passed!
HMAC-SHA256 test passed!
GMAC     test passed!
HC-128   test passed!
Rabbit   test passed!
DES      test passed!
DES3     test passed!
AES      test passed!
AES192   test passed!
AES256   test passed!
AES-GCM  test passed!
RSA      test passed!
DH       test passed!
DSA      test passed!
PWDBASED test passed!
ECC      test passed!
ECC buffer test passed!
logging  test passed!
mutex    test passed!
memcb    test passed!
Test complete
[SGXSan] ALWAYS: Enter enc_wolfSSL_Debugging_OFF
[SGXSan] ALWAYS: Enter wc_test
------------------------------------------------------------------------------
 wolfSSL version 5.1.0
------------------------------------------------------------------------------
error    test passed!
MEMORY   test passed!
base64   test passed!
asn      test passed!
RANDOM   test passed!
MD5      test passed!
MD4      test passed!
SHA      test passed!
SHA-256  test passed!
Hash     test passed!
HMAC-MD5 test passed!
HMAC-SHA test passed!
HMAC-SHA256 test passed!
GMAC     test passed!
HC-128   test passed!
Rabbit   test passed!
DES      test passed!
DES3     test passed!
AES      test passed!
AES192   test passed!
AES256   test passed!
AES-GCM  test passed!
RSA      test passed!
DH       test passed!
DSA      test passed!
PWDBASED test passed!
ECC      test passed!
ECC buffer test passed!
logging  test passed!
mutex    test passed!
memcb    test failed!
 error = -13803
[SGXSan] ALWAYS: Enter enc_wolfSSL_CTX_set_cipher_list
[SGXSan] ALWAYS: Enter enc_wolfSSL_free
[SGXSan] ALWAYS: Enter enc_wolfSSL_get_error
[SGXSan] ALWAYS: Enter enc_wolfSSL_CTX_free
[SGXSan] ALWAYS: Enter enc_wolfSSL_Init
[SGXSan] ALWAYS: Enter enc_wolfSSL_CTX_new
[SGXSan] ALWAYS: Enter enc_wolfSSL_CTX_use_certificate_chain_buffer_format
[SGXSan] ALWAYS: Enter enc_wolfSSL_CTX_load_verify_buffer
[SGXSan] ALWAYS: Enter wc_benchmark_test
------------------------------------------------------------------------------
 wolfSSL version 5.1.0
------------------------------------------------------------------------------
wolfCrypt Benchmark (block bytes 1048576, min 1.0 sec each)
RNG                 15 MB took 1.142 seconds,   13.139 MB/s
AES-128-CBC-enc     35 MB took 1.057 seconds,   33.107 MB/s
AES-128-CBC-dec     35 MB took 1.161 seconds,   30.138 MB/s
AES-192-CBC-enc     30 MB took 1.066 seconds,   28.155 MB/s
AES-192-CBC-dec     30 MB took 1.161 seconds,   25.843 MB/s
AES-256-CBC-enc     30 MB took 1.187 seconds,   25.263 MB/s
AES-256-CBC-dec     25 MB took 1.055 seconds,   23.702 MB/s
AES-128-GCM-enc     25 MB took 1.083 seconds,   23.084 MB/s
AES-128-GCM-dec     25 MB took 1.051 seconds,   23.786 MB/s
AES-192-GCM-enc     25 MB took 1.185 seconds,   21.093 MB/s
AES-192-GCM-dec     25 MB took 1.171 seconds,   21.348 MB/s
AES-256-GCM-enc     20 MB took 1.032 seconds,   19.384 MB/s
AES-256-GCM-dec     20 MB took 1.020 seconds,   19.614 MB/s
GMAC Table 4-bit    68 MB took 1.003 seconds,   67.769 MB/s
RABBIT              95 MB took 1.049 seconds,   90.601 MB/s
3DES                10 MB took 1.087 seconds,    9.197 MB/s
MD5                300 MB took 1.012 seconds,  296.307 MB/s
SHA                130 MB took 1.021 seconds,  127.360 MB/s
SHA-256             30 MB took 1.011 seconds,   29.660 MB/s
HMAC-MD5           305 MB took 1.015 seconds,  300.380 MB/s
HMAC-SHA           130 MB took 1.019 seconds,  127.514 MB/s
HMAC-SHA256         30 MB took 1.004 seconds,   29.889 MB/s
PBKDF2               4 KB took 1.003 seconds,    3.739 KB/s
RSA     2048 public       1400 ops took 1.025 sec, avg 0.732 ms, 1365.639 ops/sec
RSA     2048 private       100 ops took 3.752 sec, avg 37.518 ms, 26.654 ops/sec
DH      2048 key gen        65 ops took 1.011 sec, avg 15.557 ms, 64.279 ops/sec
DH      2048 agree         100 ops took 1.570 sec, avg 15.700 ms, 63.694 ops/sec
ECC   [      SECP256R1]   256 key gen      1412 ops took 1.000 sec, avg 0.708 ms, 1411.768 ops/sec
ECDHE [      SECP256R1]   256 agree         900 ops took 1.010 sec, avg 1.122 ms, 891.210 ops/sec
ECDSA [      SECP256R1]   256 sign         1300 ops took 1.083 sec, avg 0.833 ms, 1200.646 ops/sec
ECDSA [      SECP256R1]   256 verify        900 ops took 1.046 sec, avg 1.163 ms, 860.131 ops/sec
Benchmark complete
[SGXSan] ALWAYS: Enter enc_wolfSSL_Cleanup
[SGXSan] ALWAYS: Enter enc_wolfSSL_set_fd
[SGXSan] ALWAYS: Enter enc_wolfSSL_Debugging_ON
[SGXSan] ALWAYS: Enter enc_wolfSSL_write
[SGXSan] ALWAYS: Enter enc_wolfSSL_new
[SGXSan] ALWAYS: Enter enc_wolfTLSv1_2_server_method
[SGXSan] ALWAYS: Enter enc_wolfSSL_CTX_use_PrivateKey_buffer
[SGXSan] ALWAYS: Enter enc_wolfTLSv1_2_client_method
[SGXSan] ALWAYS: Enter enc_wolfSSL_connect
[SGXSan] ALWAYS: Enter enc_wolfSSL_CTX_use_certificate_buffer
[SGXSan] ALWAYS: Enter enc_wolfSSL_read
#2	pulse  ft: 6272 exec/s: 0 rss: 49Mb
Slowest unit: 42 s:
artifact_prefix='./crashes/'; Test unit written to ./crashes/slow-unit-fc2a3918386db7eebd06936de7ccef9e93f69f53
[SGXSan] ALWAYS: Enter enc_wolfSSL_connect
[SGXSan] ALWAYS: Enter enc_wolfSSL_free
[SGXSan] ALWAYS: Enter enc_wolfSSL_Init
[SGXSan] ALWAYS: Enter wc_benchmark_test
------------------------------------------------------------------------------
 wolfSSL version 5.1.0
------------------------------------------------------------------------------
wolfCrypt Benchmark (block bytes 1048576, min 1.0 sec each)
RNG                 15 MB took 1.139 seconds,   13.167 MB/s
AES-128-CBC-enc     35 MB took 1.076 seconds,   32.543 MB/s
AES-128-CBC-dec     30 MB took 1.027 seconds,   29.215 MB/s
AES-192-CBC-enc     30 MB took 1.074 seconds,   27.932 MB/s
AES-192-CBC-dec     30 MB took 1.147 seconds,   26.166 MB/s
AES-256-CBC-enc     30 MB took 1.195 seconds,   25.107 MB/s
AES-256-CBC-dec     25 MB took 1.056 seconds,   23.680 MB/s
AES-128-GCM-enc     25 MB took 1.065 seconds,   23.468 MB/s
AES-128-GCM-dec     25 MB took 1.050 seconds,   23.811 MB/s
AES-192-GCM-enc     25 MB took 1.172 seconds,   21.322 MB/s
AES-192-GCM-dec     25 MB took 1.174 seconds,   21.298 MB/s
AES-256-GCM-enc     20 MB took 1.028 seconds,   19.449 MB/s
AES-256-GCM-dec     20 MB took 1.017 seconds,   19.657 MB/s
GMAC Table 4-bit    67 MB took 1.008 seconds,   66.479 MB/s
RABBIT              95 MB took 1.043 seconds,   91.101 MB/s
3DES                10 MB took 1.080 seconds,    9.255 MB/s
MD5                300 MB took 1.000 seconds,  299.942 MB/s
SHA                130 MB took 1.024 seconds,  126.960 MB/s
SHA-256             35 MB took 1.153 seconds,   30.359 MB/s
HMAC-MD5           300 MB took 1.003 seconds,  299.105 MB/s
HMAC-SHA           130 MB took 1.028 seconds,  126.420 MB/s
HMAC-SHA256         30 MB took 1.020 seconds,   29.408 MB/s
PBKDF2               4 KB took 1.008 seconds,    3.690 KB/s
RSA     2048 public       1400 ops took 1.034 sec, avg 0.739 ms, 1353.503 ops/sec
RSA     2048 private       100 ops took 3.759 sec, avg 37.587 ms, 26.605 ops/sec
DH      2048 key gen        64 ops took 1.002 sec, avg 15.663 ms, 63.844 ops/sec
DH      2048 agree         100 ops took 1.601 sec, avg 16.011 ms, 62.459 ops/sec
ECC   [      SECP256R1]   256 key gen      1360 ops took 1.001 sec, avg 0.736 ms, 1359.285 ops/sec
ECDHE [      SECP256R1]   256 agree         900 ops took 1.023 sec, avg 1.136 ms, 880.121 ops/sec
ECDSA [      SECP256R1]   256 sign         1200 ops took 1.041 sec, avg 0.867 ms, 1153.210 ops/sec
ECDSA [      SECP256R1]   256 verify        900 ops took 1.095 sec, avg 1.216 ms, 822.073 ops/sec
Benchmark complete
[SGXSan] ALWAYS: Enter enc_wolfSSL_Debugging_ON
[SGXSan] ALWAYS: Enter enc_wolfSSL_read
[SGXSan] ALWAYS: Enter enc_wolfSSL_CTX_use_certificate_chain_buffer_format
[SGXSan] ALWAYS: Enter enc_wolfSSL_CTX_load_verify_buffer
[SGXSan] ALWAYS: Enter enc_wolfSSL_set_fd
[SGXSan] ALWAYS: Enter enc_wolfSSL_write
[SGXSan] ALWAYS: Enter enc_wolfSSL_Cleanup
[SGXSan] ALWAYS: Enter enc_wolfSSL_new
[SGXSan] ALWAYS: Enter enc_wolfSSL_CTX_set_cipher_list
[SGXSan] ALWAYS: Enter enc_wolfSSL_CTX_use_certificate_buffer
[SGXSan] ALWAYS: Enter enc_wolfSSL_CTX_use_PrivateKey_buffer
[SGXSan] ALWAYS: Enter enc_wolfSSL_get_error
[SGXSan] ALWAYS: Enter enc_wolfSSL_CTX_new
[SGXSan] ALWAYS: Enter enc_wolfTLSv1_2_client_method
[SGXSan] ALWAYS: Enter wc_test
------------------------------------------------------------------------------
 wolfSSL version 5.1.0
------------------------------------------------------------------------------
error    test passed!
MEMORY   test passed!
base64   test passed!
asn      test passed!
RANDOM   test passed!
MD5      test passed!
MD4      test passed!
SHA      test passed!
SHA-256  test passed!
Hash     test passed!
HMAC-MD5 test passed!
HMAC-SHA test passed!
HMAC-SHA256 test passed!
GMAC     test passed!
HC-128   test passed!
Rabbit   test passed!
DES      test passed!
DES3     test passed!
AES      test passed!
AES192   test passed!
AES256   test passed!
AES-GCM  test passed!
RSA      test passed!
DH       test passed!
DSA      test passed!
PWDBASED test passed!
ECC      test passed!
ECC buffer test passed!
logging  test passed!
mutex    test passed!
memcb    test failed!
 error = -13803
[SGXSan] ALWAYS: Enter enc_wolfTLSv1_2_server_method
[SGXSan] ALWAYS: Enter enc_wolfSSL_CTX_free
[SGXSan] ALWAYS: Enter enc_wolfSSL_Debugging_OFF
[SGXSan] ALWAYS: Enter enc_wolfSSL_new
[SGXSan] ALWAYS: Enter wc_test
------------------------------------------------------------------------------
 wolfSSL version 5.1.0
------------------------------------------------------------------------------
error    test passed!
MEMORY   test passed!
base64   test passed!
asn      test passed!
RANDOM   test passed!
MD5      test passed!
MD4      test passed!
SHA      test passed!
SHA-256  test passed!
Hash     test passed!
HMAC-MD5 test passed!
HMAC-SHA test passed!
HMAC-SHA256 test passed!
GMAC     test passed!
HC-128   test passed!
Rabbit   test passed!
DES      test passed!
DES3     test passed!
AES      test passed!
AES192   test passed!
AES256   test passed!
AES-GCM  test passed!
RSA      test passed!
DH       test passed!
DSA      test passed!
PWDBASED test passed!
ECC      test passed!
ECC buffer test passed!
logging  test passed!
mutex    test passed!
memcb    test failed!
 error = -13803
[SGXSan] ALWAYS: Enter enc_wolfSSL_read
[SGXSan] ALWAYS: Enter enc_wolfSSL_Debugging_ON
[SGXSan] ALWAYS: Enter enc_wolfSSL_CTX_use_PrivateKey_buffer
[SGXSan] ALWAYS: Enter enc_wolfSSL_Debugging_OFF
[SGXSan] ALWAYS: Enter enc_wolfSSL_get_error
[SGXSan] ALWAYS: Enter wc_benchmark_test
------------------------------------------------------------------------------
 wolfSSL version 5.1.0
------------------------------------------------------------------------------
wolfCrypt Benchmark (block bytes 1048576, min 1.0 sec each)
RNG                 15 MB took 1.167 seconds,   12.850 MB/s
AES-128-CBC-enc     35 MB took 1.085 seconds,   32.258 MB/s
AES-128-CBC-dec     30 MB took 1.022 seconds,   29.361 MB/s
AES-192-CBC-enc     30 MB took 1.080 seconds,   27.788 MB/s
AES-192-CBC-dec     30 MB took 1.141 seconds,   26.289 MB/s
AES-256-CBC-enc     30 MB took 1.187 seconds,   25.280 MB/s
AES-256-CBC-dec     25 MB took 1.065 seconds,   23.485 MB/s
AES-128-GCM-enc     25 MB took 1.072 seconds,   23.326 MB/s
AES-128-GCM-dec     25 MB took 1.080 seconds,   23.150 MB/s
AES-192-GCM-enc     20 MB took 1.008 seconds,   19.835 MB/s
AES-192-GCM-dec     25 MB took 1.200 seconds,   20.839 MB/s
AES-256-GCM-enc     20 MB took 1.046 seconds,   19.114 MB/s
AES-256-GCM-dec     20 MB took 1.036 seconds,   19.301 MB/s
GMAC Table 4-bit    67 MB took 1.001 seconds,   66.906 MB/s
RABBIT              90 MB took 1.027 seconds,   87.625 MB/s
3DES                10 MB took 1.117 seconds,    8.952 MB/s
MD5                295 MB took 1.002 seconds,  294.390 MB/s
SHA                125 MB took 1.017 seconds,  122.962 MB/s
SHA-256             30 MB took 1.002 seconds,   29.935 MB/s
HMAC-MD5           300 MB took 1.009 seconds,  297.227 MB/s
HMAC-SHA           130 MB took 1.034 seconds,  125.685 MB/s
HMAC-SHA256         35 MB took 1.172 seconds,   29.859 MB/s
PBKDF2               4 KB took 1.007 seconds,    3.631 KB/s
RSA     2048 public       1400 ops took 1.042 sec, avg 0.744 ms, 1343.899 ops/sec
RSA     2048 private       100 ops took 3.766 sec, avg 37.664 ms, 26.550 ops/sec
DH      2048 key gen        63 ops took 1.014 sec, avg 16.100 ms, 62.111 ops/sec
DH      2048 agree         100 ops took 1.580 sec, avg 15.805 ms, 63.273 ops/sec
ECC   [      SECP256R1]   256 key gen      1393 ops took 1.000 sec, avg 0.718 ms, 1392.812 ops/sec
ECDHE [      SECP256R1]   256 agree        1000 ops took 1.107 sec, avg 1.107 ms, 903.557 ops/sec
ECDSA [      SECP256R1]   256 sign         1200 ops took 1.034 sec, avg 0.861 ms, 1160.972 ops/sec
ECDSA [      SECP256R1]   256 verify        900 ops took 1.056 sec, avg 1.174 ms, 852.033 ops/sec
Benchmark complete
[SGXSan] ALWAYS: Enter enc_wolfSSL_CTX_load_verify_buffer
[SGXSan] ALWAYS: Enter enc_wolfSSL_CTX_use_certificate_chain_buffer_format
[SGXSan] ALWAYS: Enter enc_wolfSSL_CTX_set_cipher_list
[SGXSan] ALWAYS: Enter enc_wolfSSL_Cleanup
[SGXSan] ALWAYS: Enter enc_wolfTLSv1_2_server_method
[SGXSan] ALWAYS: Enter enc_wolfTLSv1_2_client_method
[SGXSan] ALWAYS: Enter enc_wolfSSL_set_fd
[SGXSan] ALWAYS: Enter enc_wolfSSL_Init
[SGXSan] ALWAYS: Enter enc_wolfSSL_connect
[SGXSan] ALWAYS: Enter enc_wolfSSL_write
[SGXSan] ALWAYS: Enter enc_wolfSSL_CTX_new
[SGXSan] ALWAYS: Enter enc_wolfSSL_CTX_use_certificate_buffer
[SGXSan] ALWAYS: Enter enc_wolfSSL_CTX_free
[SGXSan] ALWAYS: Enter enc_wolfSSL_free
#4	pulse  cov: 6277 ft: 6278 corp: 2/723Kb exec/s: 0 rss: 64Mb
#4	INITED cov: 6278 ft: 6278 corp: 3/1084Kb exec/s: 0 rss: 65Mb
#4	DONE   cov: 6278 ft: 6278 corp: 3/1084Kb lim: 370191 exec/s: 0 rss: 65Mb
Done 4 runs in 168 second(s)
stat::number_of_executed_units: 4
stat::average_exec_per_sec:     0
stat::new_units_added:          0
stat::slowest_unit_time_sec:    42
stat::peak_rss_mb:              65
