WARNING: Failed to find function "__sanitizer_acquire_crash_state".
WARNING: Failed to find function "__sanitizer_print_stack_trace".
WARNING: Failed to find function "__sanitizer_set_death_callback".
[2023-01-15 18:33:03.366] [Init] Num of ECall: 22
[2023-01-15 18:33:03.366] ECalls:
  0 - fuzz_enc_wolfSSL_CTX_free
  1 - fuzz_enc_wolfSSL_CTX_load_verify_buffer
  2 - fuzz_enc_wolfSSL_CTX_new
  3 - fuzz_enc_wolfSSL_CTX_set_cipher_list
  4 - fuzz_enc_wolfSSL_CTX_use_PrivateKey_buffer
  5 - fuzz_enc_wolfSSL_CTX_use_certificate_buffer
  6 - fuzz_enc_wolfSSL_CTX_use_certificate_chain_buffer_format
  7 - fuzz_enc_wolfSSL_Cleanup
  8 - fuzz_enc_wolfSSL_Debugging_OFF
  9 - fuzz_enc_wolfSSL_Debugging_ON
  10 - fuzz_enc_wolfSSL_Init
  11 - fuzz_enc_wolfSSL_connect
  12 - fuzz_enc_wolfSSL_free
  13 - fuzz_enc_wolfSSL_get_error
  14 - fuzz_enc_wolfSSL_new
  15 - fuzz_enc_wolfSSL_read
  16 - fuzz_enc_wolfSSL_set_fd
  17 - fuzz_enc_wolfSSL_write
  18 - fuzz_enc_wolfTLSv1_2_client_method
  19 - fuzz_enc_wolfTLSv1_2_server_method
  20 - fuzz_wc_benchmark_test
  21 - fuzz_wc_test

INFO: found LLVMFuzzerCustomMutator (0x44ac30). Disabling -len_control by default.
INFO: libFuzzer ignores flags that start with '--'
INFO: Running with entropic power schedule (0xFF, 100).
INFO: Seed: 2000025101
INFO: Loaded 1 modules   (291 inline 8-bit counters): 291 [0x4cb7e8, 0x4cb90b), 
INFO: Loaded 1 PC tables (291 PCs): 291 [0x4cb910,0x4ccb40), 
INFO:        0 files found in /tmp/libFuzzerTemp.FuzzWithFork422940.dir/C162
[SGXSan] ALWAYS: Hook __sanitizer_cov_8bit_counters_init of Enclave, 21636 inline 8-bit counts [0x7fda1dbf99c0, 0x7fda1dbfee44) (First time)
[SGXSan] ALWAYS: Hook __sanitizer_cov_pcs_init of Enclave, 21636 PCs [0x7fda1dbfee48, 0x7fda1dc53688) (First time)
[SGXSan] ALWAYS: Enter enc_wolfSSL_CTX_free
[SGXSan] ALWAYS: Enter enc_wolfSSL_CTX_load_verify_buffer
[SGXSan] ALWAYS: Enter enc_wolfSSL_CTX_new
[SGXSan] ALWAYS: Enter enc_wolfSSL_CTX_set_cipher_list
[SGXSan] ALWAYS: Enter enc_wolfSSL_CTX_use_PrivateKey_buffer
[SGXSan] ALWAYS: Enter enc_wolfSSL_CTX_use_certificate_buffer
[SGXSan] ALWAYS: Enter enc_wolfSSL_CTX_use_certificate_chain_buffer_format
[SGXSan] ALWAYS: Enter enc_wolfSSL_Cleanup
[SGXSan] ALWAYS: Enter enc_wolfSSL_Debugging_OFF
[SGXSan] ALWAYS: Enter enc_wolfSSL_Debugging_ON
[SGXSan] ALWAYS: Enter enc_wolfSSL_Init
[SGXSan] ALWAYS: Enter enc_wolfSSL_connect
[SGXSan] ALWAYS: Enter enc_wolfSSL_free
[SGXSan] ALWAYS: Enter enc_wolfSSL_get_error
[SGXSan] ALWAYS: Enter enc_wolfSSL_new
[SGXSan] ALWAYS: Enter enc_wolfSSL_read
[SGXSan] ALWAYS: Enter enc_wolfSSL_set_fd
[SGXSan] ALWAYS: Enter enc_wolfSSL_write
[SGXSan] ALWAYS: Enter enc_wolfTLSv1_2_client_method
[SGXSan] ALWAYS: Enter enc_wolfTLSv1_2_server_method
[SGXSan] ALWAYS: Enter wc_benchmark_test
------------------------------------------------------------------------------
 wolfSSL version 5.1.0
------------------------------------------------------------------------------
wolfCrypt Benchmark (block bytes 1048576, min 1.0 sec each)
RNG                 15 MB took 1.164 seconds,   12.886 MB/s
AES-128-CBC-enc     35 MB took 1.081 seconds,   32.372 MB/s
AES-128-CBC-dec     30 MB took 1.001 seconds,   29.984 MB/s
AES-192-CBC-enc     30 MB took 1.082 seconds,   27.730 MB/s
AES-192-CBC-dec     30 MB took 1.168 seconds,   25.675 MB/s
AES-256-CBC-enc     25 MB took 1.021 seconds,   24.493 MB/s
AES-256-CBC-dec     25 MB took 1.070 seconds,   23.371 MB/s
AES-128-GCM-enc     25 MB took 1.078 seconds,   23.199 MB/s
AES-128-GCM-dec     25 MB took 1.076 seconds,   23.227 MB/s
AES-192-GCM-enc     25 MB took 1.211 seconds,   20.650 MB/s
AES-192-GCM-dec     25 MB took 1.207 seconds,   20.705 MB/s
AES-256-GCM-enc     20 MB took 1.051 seconds,   19.032 MB/s
AES-256-GCM-dec     20 MB took 1.050 seconds,   19.055 MB/s
GMAC Table 4-bit    67 MB took 1.005 seconds,   66.687 MB/s
RABBIT              90 MB took 1.035 seconds,   86.995 MB/s
3DES                10 MB took 1.128 seconds,    8.862 MB/s
MD5                300 MB took 1.016 seconds,  295.258 MB/s
SHA                130 MB took 1.034 seconds,  125.706 MB/s
SHA-256             35 MB took 1.162 seconds,   30.111 MB/s
HMAC-MD5           295 MB took 1.012 seconds,  291.490 MB/s
HMAC-SHA           125 MB took 1.012 seconds,  123.530 MB/s
HMAC-SHA256         30 MB took 1.004 seconds,   29.878 MB/s
PBKDF2               4 KB took 1.005 seconds,    3.701 KB/s
RSA     2048 public       1400 ops took 1.022 sec, avg 0.730 ms, 1370.249 ops/sec
RSA     2048 private       100 ops took 3.779 sec, avg 37.794 ms, 26.459 ops/sec
DH      2048 key gen        63 ops took 1.007 sec, avg 15.983 ms, 62.568 ops/sec
DH      2048 agree         100 ops took 1.572 sec, avg 15.715 ms, 63.632 ops/sec
ECC   [      SECP256R1]   256 key gen      1380 ops took 1.001 sec, avg 0.725 ms, 1379.309 ops/sec
ECDHE [      SECP256R1]   256 agree         900 ops took 1.022 sec, avg 1.136 ms, 880.225 ops/sec
ECDSA [      SECP256R1]   256 sign         1200 ops took 1.025 sec, avg 0.854 ms, 1170.317 ops/sec
ECDSA [      SECP256R1]   256 verify        900 ops took 1.096 sec, avg 1.217 ms, 821.475 ops/sec
Benchmark complete
[SGXSan] ALWAYS: Enter wc_test
INFO: seed corpus: files: 3 min: 370191b max: 370191b total: 1110573b rss: 43Mb
------------------------------------------------------------------------------
 wolfSSL version 5.1.0
------------------------------------------------------------------------------
error    test passed!
MEMORY   test passed!
base64   test passed!
asn      test passed!
RANDOM   test passed!
MD5      test passed!
MD4      test passed!
SHA      test passed!
SHA-256  test passed!
Hash     test passed!
HMAC-MD5 test passed!
HMAC-SHA test passed!
HMAC-SHA256 test passed!
GMAC     test passed!
HC-128   test passed!
Rabbit   test passed!
DES      test passed!
DES3     test passed!
AES      test passed!
AES192   test passed!
AES256   test passed!
AES-GCM  test passed!
RSA      test passed!
DH       test passed!
DSA      test passed!
PWDBASED test passed!
ECC      test passed!
ECC buffer test passed!
logging  test passed!
mutex    test passed!
memcb    test passed!
Test complete
[SGXSan] ALWAYS: Enter enc_wolfSSL_Debugging_OFF
[SGXSan] ALWAYS: Enter wc_test
------------------------------------------------------------------------------
 wolfSSL version 5.1.0
------------------------------------------------------------------------------
error    test passed!
MEMORY   test passed!
base64   test passed!
asn      test passed!
RANDOM   test passed!
MD5      test passed!
MD4      test passed!
SHA      test passed!
SHA-256  test passed!
Hash     test passed!
HMAC-MD5 test passed!
HMAC-SHA test passed!
HMAC-SHA256 test passed!
GMAC     test passed!
HC-128   test passed!
Rabbit   test passed!
DES      test passed!
DES3     test passed!
AES      test passed!
AES192   test passed!
AES256   test passed!
AES-GCM  test passed!
RSA      test passed!
DH       test passed!
DSA      test passed!
PWDBASED test passed!
ECC      test passed!
ECC buffer test passed!
logging  test passed!
mutex    test passed!
memcb    test failed!
 error = -13803
[SGXSan] ALWAYS: Enter enc_wolfSSL_CTX_set_cipher_list
[SGXSan] ALWAYS: Enter enc_wolfSSL_free
[SGXSan] ALWAYS: Enter enc_wolfSSL_get_error
[SGXSan] ALWAYS: Enter enc_wolfSSL_CTX_free
[SGXSan] ALWAYS: Enter enc_wolfSSL_Init
[SGXSan] ALWAYS: Enter enc_wolfSSL_CTX_new
[SGXSan] ALWAYS: Enter enc_wolfSSL_CTX_use_certificate_chain_buffer_format
[SGXSan] ALWAYS: Enter enc_wolfSSL_CTX_load_verify_buffer
[SGXSan] ALWAYS: Enter wc_benchmark_test
------------------------------------------------------------------------------
 wolfSSL version 5.1.0
------------------------------------------------------------------------------
wolfCrypt Benchmark (block bytes 1048576, min 1.0 sec each)
RNG                 15 MB took 1.169 seconds,   12.836 MB/s
AES-128-CBC-enc     35 MB took 1.110 seconds,   31.536 MB/s
AES-128-CBC-dec     30 MB took 1.009 seconds,   29.728 MB/s
AES-192-CBC-enc     30 MB took 1.085 seconds,   27.660 MB/s
AES-192-CBC-dec     30 MB took 1.138 seconds,   26.369 MB/s
AES-256-CBC-enc     30 MB took 1.189 seconds,   25.221 MB/s
AES-256-CBC-dec     25 MB took 1.075 seconds,   23.255 MB/s
AES-128-GCM-enc     25 MB took 1.074 seconds,   23.272 MB/s
AES-128-GCM-dec     25 MB took 1.076 seconds,   23.237 MB/s
AES-192-GCM-enc     25 MB took 1.198 seconds,   20.862 MB/s
AES-192-GCM-dec     25 MB took 1.201 seconds,   20.809 MB/s
AES-256-GCM-enc     20 MB took 1.050 seconds,   19.050 MB/s
AES-256-GCM-dec     20 MB took 1.038 seconds,   19.268 MB/s
GMAC Table 4-bit    67 MB took 1.002 seconds,   66.883 MB/s
RABBIT              90 MB took 1.016 seconds,   88.625 MB/s
3DES                10 MB took 1.107 seconds,    9.032 MB/s
MD5                295 MB took 1.011 seconds,  291.682 MB/s
SHA                125 MB took 1.006 seconds,  124.298 MB/s
SHA-256             30 MB took 1.023 seconds,   29.337 MB/s
HMAC-MD5           300 MB took 1.006 seconds,  298.332 MB/s
HMAC-SHA           125 MB took 1.007 seconds,  124.114 MB/s
HMAC-SHA256         35 MB took 1.164 seconds,   30.064 MB/s
PBKDF2               4 KB took 1.001 seconds,    3.715 KB/s
RSA     2048 public       1400 ops took 1.035 sec, avg 0.739 ms, 1352.452 ops/sec
RSA     2048 private       100 ops took 3.759 sec, avg 37.592 ms, 26.601 ops/sec
DH      2048 key gen        63 ops took 1.007 sec, avg 15.979 ms, 62.583 ops/sec
DH      2048 agree         100 ops took 1.609 sec, avg 16.087 ms, 62.163 ops/sec
ECC   [      SECP256R1]   256 key gen      1363 ops took 1.001 sec, avg 0.734 ms, 1362.130 ops/sec
ECDHE [      SECP256R1]   256 agree         900 ops took 1.019 sec, avg 1.132 ms, 883.391 ops/sec
ECDSA [      SECP256R1]   256 sign         1200 ops took 1.032 sec, avg 0.860 ms, 1162.238 ops/sec
ECDSA [      SECP256R1]   256 verify        900 ops took 1.084 sec, avg 1.204 ms, 830.425 ops/sec
Benchmark complete
[SGXSan] ALWAYS: Enter enc_wolfSSL_Cleanup
[SGXSan] ALWAYS: Enter enc_wolfSSL_set_fd
[SGXSan] ALWAYS: Enter enc_wolfSSL_Debugging_ON
[SGXSan] ALWAYS: Enter enc_wolfSSL_write
[SGXSan] ALWAYS: Enter enc_wolfSSL_new
[SGXSan] ALWAYS: Enter enc_wolfTLSv1_2_server_method
[SGXSan] ALWAYS: Enter enc_wolfSSL_CTX_use_PrivateKey_buffer
[SGXSan] ALWAYS: Enter enc_wolfTLSv1_2_client_method
[SGXSan] ALWAYS: Enter enc_wolfSSL_connect
[SGXSan] ALWAYS: Enter enc_wolfSSL_CTX_use_certificate_buffer
[SGXSan] ALWAYS: Enter enc_wolfSSL_read
#2	pulse  ft: 6288 exec/s: 0 rss: 49Mb
Slowest unit: 42 s:
artifact_prefix='./crashes/'; Test unit written to ./crashes/slow-unit-fc2a3918386db7eebd06936de7ccef9e93f69f53
[SGXSan] ALWAYS: Enter enc_wolfSSL_new
[SGXSan] ALWAYS: Enter wc_test
------------------------------------------------------------------------------
 wolfSSL version 5.1.0
------------------------------------------------------------------------------
error    test passed!
MEMORY   test passed!
base64   test passed!
asn      test passed!
RANDOM   test passed!
MD5      test passed!
MD4      test passed!
SHA      test passed!
SHA-256  test passed!
Hash     test passed!
HMAC-MD5 test passed!
HMAC-SHA test passed!
HMAC-SHA256 test passed!
GMAC     test passed!
HC-128   test passed!
Rabbit   test passed!
DES      test passed!
DES3     test passed!
AES      test passed!
AES192   test passed!
AES256   test passed!
AES-GCM  test passed!
RSA      test passed!
DH       test passed!
DSA      test passed!
PWDBASED test passed!
ECC      test passed!
ECC buffer test passed!
logging  test passed!
mutex    test passed!
memcb    test failed!
 error = -13803
[SGXSan] ALWAYS: Enter enc_wolfSSL_CTX_use_certificate_chain_buffer_format
[SGXSan] ALWAYS: Enter enc_wolfSSL_write
[SGXSan] ALWAYS: Enter enc_wolfSSL_get_error
[SGXSan] ALWAYS: Enter enc_wolfSSL_CTX_load_verify_buffer
[SGXSan] ALWAYS: Enter enc_wolfSSL_CTX_use_PrivateKey_buffer
[SGXSan] ALWAYS: Enter enc_wolfSSL_CTX_use_certificate_buffer
[SGXSan] ALWAYS: Enter enc_wolfTLSv1_2_server_method
[SGXSan] ALWAYS: Enter enc_wolfSSL_Debugging_ON
[SGXSan] ALWAYS: Enter enc_wolfSSL_CTX_new
[SGXSan] ALWAYS: Enter enc_wolfSSL_Cleanup
[SGXSan] ALWAYS: Enter enc_wolfSSL_connect
[SGXSan] ALWAYS: Enter wc_benchmark_test
------------------------------------------------------------------------------
 wolfSSL version 5.1.0
------------------------------------------------------------------------------
wolfCrypt Benchmark (block bytes 1048576, min 1.0 sec each)
RNG                 15 MB took 1.158 seconds,   12.956 MB/s
AES-128-CBC-enc     35 MB took 1.087 seconds,   32.187 MB/s
AES-128-CBC-dec     30 MB took 1.026 seconds,   29.250 MB/s
AES-192-CBC-enc     30 MB took 1.076 seconds,   27.877 MB/s
AES-192-CBC-dec     30 MB took 1.150 seconds,   26.092 MB/s
AES-256-CBC-enc     25 MB took 1.002 seconds,   24.948 MB/s
AES-256-CBC-dec     25 MB took 1.064 seconds,   23.499 MB/s
AES-128-GCM-enc     25 MB took 1.099 seconds,   22.739 MB/s
AES-128-GCM-dec     25 MB took 1.078 seconds,   23.186 MB/s
AES-192-GCM-enc     25 MB took 1.201 seconds,   20.822 MB/s
AES-192-GCM-dec     25 MB took 1.203 seconds,   20.777 MB/s
AES-256-GCM-enc     20 MB took 1.044 seconds,   19.165 MB/s
AES-256-GCM-dec     20 MB took 1.042 seconds,   19.202 MB/s
GMAC Table 4-bit    68 MB took 1.012 seconds,   67.200 MB/s
RABBIT              90 MB took 1.011 seconds,   89.030 MB/s
3DES                10 MB took 1.118 seconds,    8.948 MB/s
MD5                300 MB took 1.014 seconds,  295.854 MB/s
SHA                125 MB took 1.003 seconds,  124.597 MB/s
SHA-256             35 MB took 1.154 seconds,   30.328 MB/s
HMAC-MD5           300 MB took 1.015 seconds,  295.606 MB/s
HMAC-SHA           125 MB took 1.003 seconds,  124.655 MB/s
HMAC-SHA256         35 MB took 1.163 seconds,   30.085 MB/s
PBKDF2               4 KB took 1.008 seconds,    3.657 KB/s
RSA     2048 public       1400 ops took 1.043 sec, avg 0.745 ms, 1342.568 ops/sec
RSA     2048 private       100 ops took 3.748 sec, avg 37.480 ms, 26.681 ops/sec
DH      2048 key gen        63 ops took 1.010 sec, avg 16.031 ms, 62.381 ops/sec
DH      2048 agree         100 ops took 1.590 sec, avg 15.904 ms, 62.877 ops/sec
ECC   [      SECP256R1]   256 key gen      1372 ops took 1.001 sec, avg 0.729 ms, 1371.095 ops/sec
ECDHE [      SECP256R1]   256 agree         900 ops took 1.008 sec, avg 1.120 ms, 892.858 ops/sec
ECDSA [      SECP256R1]   256 sign         1200 ops took 1.017 sec, avg 0.848 ms, 1179.730 ops/sec
ECDSA [      SECP256R1]   256 verify        900 ops took 1.077 sec, avg 1.197 ms, 835.318 ops/sec
Benchmark complete
[SGXSan] ALWAYS: Enter enc_wolfSSL_free
[SGXSan] ALWAYS: Enter enc_wolfSSL_set_fd
[SGXSan] ALWAYS: Enter enc_wolfTLSv1_2_client_method
[SGXSan] ALWAYS: Enter enc_wolfSSL_Init
[SGXSan] ALWAYS: Enter enc_wolfSSL_CTX_set_cipher_list
[SGXSan] ALWAYS: Enter enc_wolfSSL_Debugging_OFF
[SGXSan] ALWAYS: Enter enc_wolfSSL_read
[SGXSan] ALWAYS: Enter enc_wolfSSL_CTX_free
[SGXSan] ALWAYS: Enter enc_wolfSSL_set_fd
[SGXSan] ALWAYS: Enter enc_wolfTLSv1_2_client_method
[SGXSan] ALWAYS: Enter enc_wolfSSL_CTX_new
[SGXSan] ALWAYS: Enter enc_wolfSSL_read
[SGXSan] ALWAYS: Enter enc_wolfSSL_CTX_set_cipher_list
[SGXSan] ALWAYS: Enter enc_wolfSSL_CTX_free
[SGXSan] ALWAYS: Enter enc_wolfSSL_new
[SGXSan] ALWAYS: Enter enc_wolfSSL_CTX_use_PrivateKey_buffer
[SGXSan] ALWAYS: Enter enc_wolfTLSv1_2_server_method
[SGXSan] ALWAYS: Enter enc_wolfSSL_CTX_load_verify_buffer
[SGXSan] ALWAYS: Enter enc_wolfSSL_connect
[SGXSan] ALWAYS: Enter enc_wolfSSL_Debugging_OFF
[SGXSan] ALWAYS: Enter enc_wolfSSL_CTX_use_certificate_buffer
[SGXSan] ALWAYS: Enter enc_wolfSSL_free
[SGXSan] ALWAYS: Enter enc_wolfSSL_Init
[SGXSan] ALWAYS: Enter enc_wolfSSL_CTX_use_certificate_chain_buffer_format
[SGXSan] ALWAYS: Enter wc_benchmark_test
------------------------------------------------------------------------------
 wolfSSL version 5.1.0
------------------------------------------------------------------------------
wolfCrypt Benchmark (block bytes 1048576, min 1.0 sec each)
RNG                 15 MB took 1.163 seconds,   12.901 MB/s
AES-128-CBC-enc     35 MB took 1.084 seconds,   32.295 MB/s
AES-128-CBC-dec     30 MB took 1.001 seconds,   29.973 MB/s
AES-192-CBC-enc     30 MB took 1.073 seconds,   27.962 MB/s
AES-192-CBC-dec     30 MB took 1.157 seconds,   25.928 MB/s
AES-256-CBC-enc     25 MB took 1.000 seconds,   24.991 MB/s
AES-256-CBC-dec     25 MB took 1.073 seconds,   23.295 MB/s
AES-128-GCM-enc     25 MB took 1.074 seconds,   23.273 MB/s
AES-128-GCM-dec     25 MB took 1.069 seconds,   23.379 MB/s
AES-192-GCM-enc     25 MB took 1.230 seconds,   20.326 MB/s
AES-192-GCM-dec     25 MB took 1.202 seconds,   20.802 MB/s
AES-256-GCM-enc     20 MB took 1.060 seconds,   18.866 MB/s
AES-256-GCM-dec     20 MB took 1.031 seconds,   19.395 MB/s
GMAC Table 4-bit    67 MB took 1.003 seconds,   66.816 MB/s
RABBIT              90 MB took 1.035 seconds,   86.986 MB/s
3DES                10 MB took 1.116 seconds,    8.960 MB/s
MD5                295 MB took 1.004 seconds,  293.692 MB/s
SHA                125 MB took 1.003 seconds,  124.658 MB/s
SHA-256             30 MB took 1.001 seconds,   29.980 MB/s
HMAC-MD5           300 MB took 1.012 seconds,  296.437 MB/s
HMAC-SHA           125 MB took 1.008 seconds,  124.008 MB/s
HMAC-SHA256         35 MB took 1.162 seconds,   30.118 MB/s
PBKDF2               4 KB took 1.009 seconds,    3.687 KB/s
RSA     2048 public       1400 ops took 1.039 sec, avg 0.742 ms, 1347.985 ops/sec
RSA     2048 private       100 ops took 3.762 sec, avg 37.620 ms, 26.581 ops/sec
DH      2048 key gen        64 ops took 1.013 sec, avg 15.824 ms, 63.194 ops/sec
DH      2048 agree         100 ops took 1.573 sec, avg 15.733 ms, 63.559 ops/sec
ECC   [      SECP256R1]   256 key gen      1348 ops took 1.001 sec, avg 0.742 ms, 1347.151 ops/sec
ECDHE [      SECP256R1]   256 agree         900 ops took 1.017 sec, avg 1.130 ms, 884.666 ops/sec
ECDSA [      SECP256R1]   256 sign         1200 ops took 1.029 sec, avg 0.858 ms, 1166.177 ops/sec
ECDSA [      SECP256R1]   256 verify        900 ops took 1.070 sec, avg 1.189 ms, 841.095 ops/sec
Benchmark complete
[SGXSan] ALWAYS: Enter enc_wolfSSL_Debugging_ON
[SGXSan] ALWAYS: Enter wc_test
------------------------------------------------------------------------------
 wolfSSL version 5.1.0
------------------------------------------------------------------------------
error    test passed!
MEMORY   test passed!
base64   test passed!
asn      test passed!
RANDOM   test passed!
MD5      test passed!
MD4      test passed!
SHA      test passed!
SHA-256  test passed!
Hash     test passed!
HMAC-MD5 test passed!
HMAC-SHA test passed!
HMAC-SHA256 test passed!
GMAC     test passed!
HC-128   test passed!
Rabbit   test passed!
DES      test passed!
DES3     test passed!
AES      test passed!
AES192   test passed!
AES256   test passed!
AES-GCM  test passed!
RSA      test passed!
DH       test passed!
DSA      test passed!
PWDBASED test passed!
ECC      test passed!
ECC buffer test passed!
logging  test passed!
mutex    test passed!
memcb    test failed!
 error = -13803
[SGXSan] ALWAYS: Enter enc_wolfSSL_Cleanup
[SGXSan] ALWAYS: Enter enc_wolfSSL_write
[SGXSan] ALWAYS: Enter enc_wolfSSL_get_error
#4	pulse  cov: 6289 ft: 6289 corp: 2/723Kb exec/s: 0 rss: 64Mb
#4	INITED cov: 6289 ft: 6289 corp: 2/723Kb exec/s: 0 rss: 64Mb
#4	DONE   cov: 6289 ft: 6289 corp: 2/723Kb lim: 370191 exec/s: 0 rss: 64Mb
Done 4 runs in 169 second(s)
stat::number_of_executed_units: 4
stat::average_exec_per_sec:     0
stat::new_units_added:          0
stat::slowest_unit_time_sec:    42
stat::peak_rss_mb:              64
