WARNING: Failed to find function "__sanitizer_acquire_crash_state".
WARNING: Failed to find function "__sanitizer_print_stack_trace".
WARNING: Failed to find function "__sanitizer_set_death_callback".
[2023-01-15 18:33:44.794] [Init] Num of ECall: 22
[2023-01-15 18:33:44.794] ECalls:
  0 - fuzz_enc_wolfSSL_CTX_free
  1 - fuzz_enc_wolfSSL_CTX_load_verify_buffer
  2 - fuzz_enc_wolfSSL_CTX_new
  3 - fuzz_enc_wolfSSL_CTX_set_cipher_list
  4 - fuzz_enc_wolfSSL_CTX_use_PrivateKey_buffer
  5 - fuzz_enc_wolfSSL_CTX_use_certificate_buffer
  6 - fuzz_enc_wolfSSL_CTX_use_certificate_chain_buffer_format
  7 - fuzz_enc_wolfSSL_Cleanup
  8 - fuzz_enc_wolfSSL_Debugging_OFF
  9 - fuzz_enc_wolfSSL_Debugging_ON
  10 - fuzz_enc_wolfSSL_Init
  11 - fuzz_enc_wolfSSL_connect
  12 - fuzz_enc_wolfSSL_free
  13 - fuzz_enc_wolfSSL_get_error
  14 - fuzz_enc_wolfSSL_new
  15 - fuzz_enc_wolfSSL_read
  16 - fuzz_enc_wolfSSL_set_fd
  17 - fuzz_enc_wolfSSL_write
  18 - fuzz_enc_wolfTLSv1_2_client_method
  19 - fuzz_enc_wolfTLSv1_2_server_method
  20 - fuzz_wc_benchmark_test
  21 - fuzz_wc_test

INFO: found LLVMFuzzerCustomMutator (0x44ac30). Disabling -len_control by default.
INFO: libFuzzer ignores flags that start with '--'
INFO: Running with entropic power schedule (0xFF, 100).
INFO: Seed: 478301999
INFO: Loaded 1 modules   (291 inline 8-bit counters): 291 [0x4cb7e8, 0x4cb90b), 
INFO: Loaded 1 PC tables (291 PCs): 291 [0x4cb910,0x4ccb40), 
INFO:        0 files found in /tmp/libFuzzerTemp.FuzzWithFork422940.dir/C163
[SGXSan] ALWAYS: Hook __sanitizer_cov_8bit_counters_init of Enclave, 21636 inline 8-bit counts [0x7fea2c1389c0, 0x7fea2c13de44) (First time)
[SGXSan] ALWAYS: Hook __sanitizer_cov_pcs_init of Enclave, 21636 PCs [0x7fea2c13de48, 0x7fea2c192688) (First time)
[SGXSan] ALWAYS: Enter enc_wolfSSL_CTX_free
[SGXSan] ALWAYS: Enter enc_wolfSSL_CTX_load_verify_buffer
[SGXSan] ALWAYS: Enter enc_wolfSSL_CTX_new
[SGXSan] ALWAYS: Enter enc_wolfSSL_CTX_set_cipher_list
[SGXSan] ALWAYS: Enter enc_wolfSSL_CTX_use_PrivateKey_buffer
[SGXSan] ALWAYS: Enter enc_wolfSSL_CTX_use_certificate_buffer
[SGXSan] ALWAYS: Enter enc_wolfSSL_CTX_use_certificate_chain_buffer_format
[SGXSan] ALWAYS: Enter enc_wolfSSL_Cleanup
[SGXSan] ALWAYS: Enter enc_wolfSSL_Debugging_OFF
[SGXSan] ALWAYS: Enter enc_wolfSSL_Debugging_ON
[SGXSan] ALWAYS: Enter enc_wolfSSL_Init
[SGXSan] ALWAYS: Enter enc_wolfSSL_connect
[SGXSan] ALWAYS: Enter enc_wolfSSL_free
[SGXSan] ALWAYS: Enter enc_wolfSSL_get_error
[SGXSan] ALWAYS: Enter enc_wolfSSL_new
[SGXSan] ALWAYS: Enter enc_wolfSSL_read
[SGXSan] ALWAYS: Enter enc_wolfSSL_set_fd
[SGXSan] ALWAYS: Enter enc_wolfSSL_write
[SGXSan] ALWAYS: Enter enc_wolfTLSv1_2_client_method
[SGXSan] ALWAYS: Enter enc_wolfTLSv1_2_server_method
[SGXSan] ALWAYS: Enter wc_benchmark_test
------------------------------------------------------------------------------
 wolfSSL version 5.1.0
------------------------------------------------------------------------------
wolfCrypt Benchmark (block bytes 1048576, min 1.0 sec each)
RNG                 15 MB took 1.159 seconds,   12.946 MB/s
AES-128-CBC-enc     35 MB took 1.089 seconds,   32.149 MB/s
AES-128-CBC-dec     30 MB took 1.016 seconds,   29.533 MB/s
AES-192-CBC-enc     30 MB took 1.076 seconds,   27.891 MB/s
AES-192-CBC-dec     30 MB took 1.159 seconds,   25.887 MB/s
AES-256-CBC-enc     25 MB took 1.014 seconds,   24.644 MB/s
AES-256-CBC-dec     25 MB took 1.080 seconds,   23.157 MB/s
AES-128-GCM-enc     25 MB took 1.092 seconds,   22.891 MB/s
AES-128-GCM-dec     25 MB took 1.092 seconds,   22.903 MB/s
AES-192-GCM-enc     25 MB took 1.199 seconds,   20.854 MB/s
AES-192-GCM-dec     25 MB took 1.199 seconds,   20.857 MB/s
AES-256-GCM-enc     20 MB took 1.030 seconds,   19.416 MB/s
AES-256-GCM-dec     20 MB took 1.057 seconds,   18.925 MB/s
GMAC Table 4-bit    68 MB took 1.008 seconds,   67.485 MB/s
RABBIT              90 MB took 1.020 seconds,   88.276 MB/s
3DES                10 MB took 1.111 seconds,    9.004 MB/s
MD5                300 MB took 1.006 seconds,  298.255 MB/s
SHA                125 MB took 1.003 seconds,  124.618 MB/s
SHA-256             30 MB took 1.001 seconds,   29.974 MB/s
HMAC-MD5           300 MB took 1.014 seconds,  295.867 MB/s
HMAC-SHA           125 MB took 1.001 seconds,  124.853 MB/s
HMAC-SHA256         35 MB took 1.148 seconds,   30.501 MB/s
PBKDF2               4 KB took 1.003 seconds,    3.707 KB/s
RSA     2048 public       1400 ops took 1.050 sec, avg 0.750 ms, 1333.359 ops/sec
RSA     2048 private       100 ops took 3.850 sec, avg 38.504 ms, 25.972 ops/sec
DH      2048 key gen        64 ops took 1.006 sec, avg 15.717 ms, 63.624 ops/sec
DH      2048 agree         100 ops took 1.576 sec, avg 15.763 ms, 63.441 ops/sec
ECC   [      SECP256R1]   256 key gen      1372 ops took 1.000 sec, avg 0.729 ms, 1371.849 ops/sec
ECDHE [      SECP256R1]   256 agree         900 ops took 1.013 sec, avg 1.126 ms, 888.236 ops/sec
ECDSA [      SECP256R1]   256 sign         1200 ops took 1.022 sec, avg 0.851 ms, 1174.436 ops/sec
ECDSA [      SECP256R1]   256 verify        900 ops took 1.089 sec, avg 1.210 ms, 826.761 ops/sec
Benchmark complete
[SGXSan] ALWAYS: Enter wc_test
INFO: seed corpus: files: 3 min: 370191b max: 370191b total: 1110573b rss: 43Mb
------------------------------------------------------------------------------
 wolfSSL version 5.1.0
------------------------------------------------------------------------------
error    test passed!
MEMORY   test passed!
base64   test passed!
asn      test passed!
RANDOM   test passed!
MD5      test passed!
MD4      test passed!
SHA      test passed!
SHA-256  test passed!
Hash     test passed!
HMAC-MD5 test passed!
HMAC-SHA test passed!
HMAC-SHA256 test passed!
GMAC     test passed!
HC-128   test passed!
Rabbit   test passed!
DES      test passed!
DES3     test passed!
AES      test passed!
AES192   test passed!
AES256   test passed!
AES-GCM  test passed!
RSA      test passed!
DH       test passed!
DSA      test passed!
PWDBASED test passed!
ECC      test passed!
ECC buffer test passed!
logging  test passed!
mutex    test passed!
memcb    test passed!
Test complete
[SGXSan] ALWAYS: Enter enc_wolfSSL_new
[SGXSan] ALWAYS: Enter wc_test
------------------------------------------------------------------------------
 wolfSSL version 5.1.0
------------------------------------------------------------------------------
error    test passed!
MEMORY   test passed!
base64   test passed!
asn      test passed!
RANDOM   test passed!
MD5      test passed!
MD4      test passed!
SHA      test passed!
SHA-256  test passed!
Hash     test passed!
HMAC-MD5 test passed!
HMAC-SHA test passed!
HMAC-SHA256 test passed!
GMAC     test passed!
HC-128   test passed!
Rabbit   test passed!
DES      test passed!
DES3     test passed!
AES      test passed!
AES192   test passed!
AES256   test passed!
AES-GCM  test passed!
RSA      test passed!
DH       test passed!
DSA      test passed!
PWDBASED test passed!
ECC      test passed!
ECC buffer test passed!
logging  test passed!
mutex    test passed!
memcb    test failed!
 error = -13803
[SGXSan] ALWAYS: Enter enc_wolfSSL_CTX_use_certificate_chain_buffer_format
[SGXSan] ALWAYS: Enter enc_wolfSSL_write
[SGXSan] ALWAYS: Enter enc_wolfSSL_get_error
[SGXSan] ALWAYS: Enter enc_wolfSSL_CTX_load_verify_buffer
[SGXSan] ALWAYS: Enter enc_wolfSSL_CTX_use_PrivateKey_buffer
[SGXSan] ALWAYS: Enter enc_wolfSSL_CTX_use_certificate_buffer
[SGXSan] ALWAYS: Enter enc_wolfTLSv1_2_server_method
[SGXSan] ALWAYS: Enter enc_wolfSSL_Debugging_ON
[SGXSan] ALWAYS: Enter enc_wolfSSL_CTX_new
[SGXSan] ALWAYS: Enter enc_wolfSSL_Cleanup
[SGXSan] ALWAYS: Enter enc_wolfSSL_connect
[SGXSan] ALWAYS: Enter wc_benchmark_test
------------------------------------------------------------------------------
 wolfSSL version 5.1.0
------------------------------------------------------------------------------
wolfCrypt Benchmark (block bytes 1048576, min 1.0 sec each)
RNG                 15 MB took 1.161 seconds,   12.924 MB/s
AES-128-CBC-enc     35 MB took 1.085 seconds,   32.250 MB/s
AES-128-CBC-dec     30 MB took 1.009 seconds,   29.719 MB/s
AES-192-CBC-enc     30 MB took 1.104 seconds,   27.163 MB/s
AES-192-CBC-dec     30 MB took 1.148 seconds,   26.135 MB/s
AES-256-CBC-enc     25 MB took 1.004 seconds,   24.894 MB/s
AES-256-CBC-dec     25 MB took 1.058 seconds,   23.632 MB/s
AES-128-GCM-enc     25 MB took 1.060 seconds,   23.584 MB/s
AES-128-GCM-dec     25 MB took 1.088 seconds,   22.982 MB/s
AES-192-GCM-enc     25 MB took 1.198 seconds,   20.865 MB/s
AES-192-GCM-dec     25 MB took 1.198 seconds,   20.875 MB/s
AES-256-GCM-enc     20 MB took 1.037 seconds,   19.283 MB/s
AES-256-GCM-dec     20 MB took 1.033 seconds,   19.370 MB/s
GMAC Table 4-bit    67 MB took 1.007 seconds,   66.506 MB/s
RABBIT              90 MB took 1.003 seconds,   89.707 MB/s
3DES                10 MB took 1.118 seconds,    8.946 MB/s
MD5                300 MB took 1.001 seconds,  299.578 MB/s
SHA                130 MB took 1.030 seconds,  126.229 MB/s
SHA-256             30 MB took 1.002 seconds,   29.939 MB/s
HMAC-MD5           300 MB took 1.011 seconds,  296.743 MB/s
HMAC-SHA           130 MB took 1.034 seconds,  125.666 MB/s
HMAC-SHA256         35 MB took 1.149 seconds,   30.452 MB/s
PBKDF2               4 KB took 1.002 seconds,    3.743 KB/s
RSA     2048 public       1400 ops took 1.029 sec, avg 0.735 ms, 1360.268 ops/sec
RSA     2048 private       100 ops took 3.828 sec, avg 38.282 ms, 26.122 ops/sec
DH      2048 key gen        64 ops took 1.008 sec, avg 15.756 ms, 63.466 ops/sec
DH      2048 agree         100 ops took 1.582 sec, avg 15.821 ms, 63.209 ops/sec
ECC   [      SECP256R1]   256 key gen      1382 ops took 1.000 sec, avg 0.724 ms, 1381.747 ops/sec
ECDHE [      SECP256R1]   256 agree         900 ops took 1.016 sec, avg 1.129 ms, 885.810 ops/sec
ECDSA [      SECP256R1]   256 sign         1200 ops took 1.019 sec, avg 0.849 ms, 1177.320 ops/sec
ECDSA [      SECP256R1]   256 verify        900 ops took 1.055 sec, avg 1.173 ms, 852.735 ops/sec
Benchmark complete
[SGXSan] ALWAYS: Enter enc_wolfSSL_free
[SGXSan] ALWAYS: Enter enc_wolfSSL_set_fd
[SGXSan] ALWAYS: Enter enc_wolfTLSv1_2_client_method
[SGXSan] ALWAYS: Enter enc_wolfSSL_Init
[SGXSan] ALWAYS: Enter enc_wolfSSL_CTX_set_cipher_list
[SGXSan] ALWAYS: Enter enc_wolfSSL_Debugging_OFF
[SGXSan] ALWAYS: Enter enc_wolfSSL_read
[SGXSan] ALWAYS: Enter enc_wolfSSL_CTX_free
#2	pulse  ft: 6295 exec/s: 0 rss: 49Mb
Slowest unit: 42 s:
artifact_prefix='./crashes/'; Test unit written to ./crashes/slow-unit-eea13a3d5a82fc21c5d57bf5c2da85a11c88d78c
[SGXSan] ALWAYS: Enter enc_wolfSSL_set_fd
[SGXSan] ALWAYS: Enter enc_wolfTLSv1_2_client_method
[SGXSan] ALWAYS: Enter enc_wolfSSL_CTX_new
[SGXSan] ALWAYS: Enter enc_wolfSSL_read
[SGXSan] ALWAYS: Enter enc_wolfSSL_CTX_set_cipher_list
[SGXSan] ALWAYS: Enter enc_wolfSSL_CTX_free
[SGXSan] ALWAYS: Enter enc_wolfSSL_new
[SGXSan] ALWAYS: Enter enc_wolfSSL_CTX_use_PrivateKey_buffer
[SGXSan] ALWAYS: Enter enc_wolfTLSv1_2_server_method
[SGXSan] ALWAYS: Enter enc_wolfSSL_CTX_load_verify_buffer
[SGXSan] ALWAYS: Enter enc_wolfSSL_connect
[SGXSan] ALWAYS: Enter enc_wolfSSL_Debugging_OFF
[SGXSan] ALWAYS: Enter enc_wolfSSL_CTX_use_certificate_buffer
[SGXSan] ALWAYS: Enter enc_wolfSSL_free
[SGXSan] ALWAYS: Enter enc_wolfSSL_Init
[SGXSan] ALWAYS: Enter enc_wolfSSL_CTX_use_certificate_chain_buffer_format
[SGXSan] ALWAYS: Enter wc_benchmark_test
------------------------------------------------------------------------------
 wolfSSL version 5.1.0
------------------------------------------------------------------------------
wolfCrypt Benchmark (block bytes 1048576, min 1.0 sec each)
RNG                 15 MB took 1.158 seconds,   12.949 MB/s
AES-128-CBC-enc     35 MB took 1.078 seconds,   32.454 MB/s
AES-128-CBC-dec     30 MB took 1.009 seconds,   29.739 MB/s
AES-192-CBC-enc     30 MB took 1.080 seconds,   27.780 MB/s
AES-192-CBC-dec     30 MB took 1.156 seconds,   25.941 MB/s
AES-256-CBC-enc     25 MB took 1.005 seconds,   24.873 MB/s
AES-256-CBC-dec     25 MB took 1.060 seconds,   23.580 MB/s
AES-128-GCM-enc     25 MB took 1.093 seconds,   22.866 MB/s
AES-128-GCM-dec     20 MB took 1.001 seconds,   19.987 MB/s
AES-192-GCM-enc     25 MB took 1.205 seconds,   20.744 MB/s
AES-192-GCM-dec     25 MB took 1.217 seconds,   20.535 MB/s
AES-256-GCM-enc     20 MB took 1.046 seconds,   19.114 MB/s
AES-256-GCM-dec     20 MB took 1.056 seconds,   18.941 MB/s
GMAC Table 4-bit    68 MB took 1.012 seconds,   67.178 MB/s
RABBIT              90 MB took 1.009 seconds,   89.203 MB/s
3DES                10 MB took 1.116 seconds,    8.963 MB/s
MD5                290 MB took 1.001 seconds,  289.661 MB/s
SHA                125 MB took 1.012 seconds,  123.514 MB/s
SHA-256             30 MB took 1.001 seconds,   29.965 MB/s
HMAC-MD5           295 MB took 1.001 seconds,  294.684 MB/s
HMAC-SHA           125 MB took 1.008 seconds,  124.020 MB/s
HMAC-SHA256         30 MB took 1.010 seconds,   29.692 MB/s
PBKDF2               4 KB took 1.007 seconds,    3.692 KB/s
RSA     2048 public       1400 ops took 1.040 sec, avg 0.743 ms, 1346.005 ops/sec
RSA     2048 private       100 ops took 3.802 sec, avg 38.019 ms, 26.302 ops/sec
DH      2048 key gen        63 ops took 1.005 sec, avg 15.957 ms, 62.669 ops/sec
DH      2048 agree         100 ops took 1.578 sec, avg 15.780 ms, 63.371 ops/sec
ECC   [      SECP256R1]   256 key gen      1372 ops took 1.000 sec, avg 0.729 ms, 1371.334 ops/sec
ECDHE [      SECP256R1]   256 agree         900 ops took 1.017 sec, avg 1.130 ms, 885.233 ops/sec
ECDSA [      SECP256R1]   256 sign         1200 ops took 1.052 sec, avg 0.877 ms, 1140.311 ops/sec
ECDSA [      SECP256R1]   256 verify        900 ops took 1.068 sec, avg 1.186 ms, 843.037 ops/sec
Benchmark complete
[SGXSan] ALWAYS: Enter enc_wolfSSL_Debugging_ON
[SGXSan] ALWAYS: Enter wc_test
------------------------------------------------------------------------------
 wolfSSL version 5.1.0
------------------------------------------------------------------------------
error    test passed!
MEMORY   test passed!
base64   test passed!
asn      test passed!
RANDOM   test passed!
MD5      test passed!
MD4      test passed!
SHA      test passed!
SHA-256  test passed!
Hash     test passed!
HMAC-MD5 test passed!
HMAC-SHA test passed!
HMAC-SHA256 test passed!
GMAC     test passed!
HC-128   test passed!
Rabbit   test passed!
DES      test passed!
DES3     test passed!
AES      test passed!
AES192   test passed!
AES256   test passed!
AES-GCM  test passed!
RSA      test passed!
DH       test passed!
DSA      test passed!
PWDBASED test passed!
ECC      test passed!
ECC buffer test passed!
logging  test passed!
mutex    test passed!
memcb    test failed!
 error = -13803
[SGXSan] ALWAYS: Enter enc_wolfSSL_Cleanup
[SGXSan] ALWAYS: Enter enc_wolfSSL_write
[SGXSan] ALWAYS: Enter enc_wolfSSL_get_error
[SGXSan] ALWAYS: Enter enc_wolfSSL_free
[SGXSan] ALWAYS: Enter enc_wolfSSL_write
[SGXSan] ALWAYS: Enter enc_wolfSSL_Cleanup
[SGXSan] ALWAYS: Enter enc_wolfSSL_CTX_use_certificate_buffer
[SGXSan] ALWAYS: Enter enc_wolfSSL_new
[SGXSan] ALWAYS: Enter enc_wolfSSL_CTX_use_PrivateKey_buffer
[SGXSan] ALWAYS: Enter enc_wolfSSL_CTX_new
[SGXSan] ALWAYS: Enter enc_wolfSSL_CTX_use_certificate_chain_buffer_format
[SGXSan] ALWAYS: Enter enc_wolfTLSv1_2_client_method
[SGXSan] ALWAYS: Enter enc_wolfSSL_connect
[SGXSan] ALWAYS: Enter enc_wolfSSL_Debugging_OFF
[SGXSan] ALWAYS: Enter enc_wolfTLSv1_2_server_method
[SGXSan] ALWAYS: Enter enc_wolfSSL_read
[SGXSan] ALWAYS: Enter wc_benchmark_test
------------------------------------------------------------------------------
 wolfSSL version 5.1.0
------------------------------------------------------------------------------
wolfCrypt Benchmark (block bytes 1048576, min 1.0 sec each)
RNG                 15 MB took 1.171 seconds,   12.811 MB/s
AES-128-CBC-enc     35 MB took 1.078 seconds,   32.461 MB/s
AES-128-CBC-dec     30 MB took 1.009 seconds,   29.721 MB/s
AES-192-CBC-enc     30 MB took 1.083 seconds,   27.694 MB/s
AES-192-CBC-dec     30 MB took 1.155 seconds,   25.979 MB/s
AES-256-CBC-enc     25 MB took 1.021 seconds,   24.490 MB/s
AES-256-CBC-dec     25 MB took 1.070 seconds,   23.365 MB/s
AES-128-GCM-enc     25 MB took 1.074 seconds,   23.281 MB/s
AES-128-GCM-dec     25 MB took 1.072 seconds,   23.326 MB/s
AES-192-GCM-enc     25 MB took 1.195 seconds,   20.912 MB/s
AES-192-GCM-dec     25 MB took 1.202 seconds,   20.800 MB/s
AES-256-GCM-enc     20 MB took 1.042 seconds,   19.198 MB/s
AES-256-GCM-dec     20 MB took 1.044 seconds,   19.162 MB/s
GMAC Table 4-bit    68 MB took 1.007 seconds,   67.522 MB/s
RABBIT              90 MB took 1.005 seconds,   89.555 MB/s
3DES                10 MB took 1.113 seconds,    8.981 MB/s
MD5                295 MB took 1.011 seconds,  291.843 MB/s
SHA                125 MB took 1.009 seconds,  123.945 MB/s
SHA-256             35 MB took 1.163 seconds,   30.100 MB/s
HMAC-MD5           300 MB took 1.010 seconds,  297.061 MB/s
HMAC-SHA           130 MB took 1.037 seconds,  125.381 MB/s
HMAC-SHA256         30 MB took 1.002 seconds,   29.947 MB/s
PBKDF2               4 KB took 1.001 seconds,    3.685 KB/s
RSA     2048 public       1400 ops took 1.041 sec, avg 0.743 ms, 1345.503 ops/sec
RSA     2048 private       100 ops took 3.795 sec, avg 37.950 ms, 26.350 ops/sec
DH      2048 key gen        64 ops took 1.014 sec, avg 15.837 ms, 63.144 ops/sec
DH      2048 agree         100 ops took 1.591 sec, avg 15.907 ms, 62.865 ops/sec
ECC   [      SECP256R1]   256 key gen      1381 ops took 1.000 sec, avg 0.724 ms, 1380.825 ops/sec
ECDHE [      SECP256R1]   256 agree         900 ops took 1.000 sec, avg 1.111 ms, 899.950 ops/sec
ECDSA [      SECP256R1]   256 sign         1200 ops took 1.030 sec, avg 0.859 ms, 1164.510 ops/sec
ECDSA [      SECP256R1]   256 verify        900 ops took 1.056 sec, avg 1.173 ms, 852.360 ops/sec
Benchmark complete
[SGXSan] ALWAYS: Enter enc_wolfSSL_get_error
[SGXSan] ALWAYS: Enter enc_wolfSSL_CTX_set_cipher_list
[SGXSan] ALWAYS: Enter enc_wolfSSL_Init
[SGXSan] ALWAYS: Enter wc_test
------------------------------------------------------------------------------
 wolfSSL version 5.1.0
------------------------------------------------------------------------------
error    test passed!
MEMORY   test passed!
base64   test passed!
asn      test passed!
RANDOM   test passed!
MD5      test passed!
MD4      test passed!
SHA      test passed!
SHA-256  test passed!
Hash     test passed!
HMAC-MD5 test passed!
HMAC-SHA test passed!
HMAC-SHA256 test passed!
GMAC     test passed!
HC-128   test passed!
Rabbit   test passed!
DES      test passed!
DES3     test passed!
AES      test passed!
AES192   test passed!
AES256   test passed!
AES-GCM  test passed!
RSA      test passed!
DH       test passed!
DSA      test passed!
PWDBASED test passed!
ECC      test passed!
ECC buffer test passed!
logging  test passed!
mutex    test passed!
memcb    test failed!
 error = -13803
[SGXSan] ALWAYS: Enter enc_wolfSSL_set_fd
[SGXSan] ALWAYS: Enter enc_wolfSSL_CTX_load_verify_buffer
[SGXSan] ALWAYS: Enter enc_wolfSSL_Debugging_ON
[SGXSan] ALWAYS: Enter enc_wolfSSL_CTX_free
#4	pulse  cov: 6295 ft: 6295 corp: 1/361Kb exec/s: 0 rss: 63Mb
#4	INITED cov: 6295 ft: 6295 corp: 1/361Kb exec/s: 0 rss: 63Mb
#4	DONE   cov: 6295 ft: 6295 corp: 1/361Kb lim: 370191 exec/s: 0 rss: 63Mb
Done 4 runs in 168 second(s)
stat::number_of_executed_units: 4
stat::average_exec_per_sec:     0
stat::new_units_added:          0
stat::slowest_unit_time_sec:    42
stat::peak_rss_mb:              63
