WARNING: Failed to find function "__sanitizer_acquire_crash_state".
WARNING: Failed to find function "__sanitizer_print_stack_trace".
WARNING: Failed to find function "__sanitizer_set_death_callback".
[2023-01-15 18:35:11.596] [Init] Num of ECall: 22
[2023-01-15 18:35:11.596] ECalls:
  0 - fuzz_enc_wolfSSL_CTX_free
  1 - fuzz_enc_wolfSSL_CTX_load_verify_buffer
  2 - fuzz_enc_wolfSSL_CTX_new
  3 - fuzz_enc_wolfSSL_CTX_set_cipher_list
  4 - fuzz_enc_wolfSSL_CTX_use_PrivateKey_buffer
  5 - fuzz_enc_wolfSSL_CTX_use_certificate_buffer
  6 - fuzz_enc_wolfSSL_CTX_use_certificate_chain_buffer_format
  7 - fuzz_enc_wolfSSL_Cleanup
  8 - fuzz_enc_wolfSSL_Debugging_OFF
  9 - fuzz_enc_wolfSSL_Debugging_ON
  10 - fuzz_enc_wolfSSL_Init
  11 - fuzz_enc_wolfSSL_connect
  12 - fuzz_enc_wolfSSL_free
  13 - fuzz_enc_wolfSSL_get_error
  14 - fuzz_enc_wolfSSL_new
  15 - fuzz_enc_wolfSSL_read
  16 - fuzz_enc_wolfSSL_set_fd
  17 - fuzz_enc_wolfSSL_write
  18 - fuzz_enc_wolfTLSv1_2_client_method
  19 - fuzz_enc_wolfTLSv1_2_server_method
  20 - fuzz_wc_benchmark_test
  21 - fuzz_wc_test

INFO: found LLVMFuzzerCustomMutator (0x44ac30). Disabling -len_control by default.
INFO: libFuzzer ignores flags that start with '--'
INFO: Running with entropic power schedule (0xFF, 100).
INFO: Seed: 1381249072
INFO: Loaded 1 modules   (291 inline 8-bit counters): 291 [0x4cb7e8, 0x4cb90b), 
INFO: Loaded 1 PC tables (291 PCs): 291 [0x4cb910,0x4ccb40), 
INFO:        0 files found in /tmp/libFuzzerTemp.FuzzWithFork422940.dir/C164
[SGXSan] ALWAYS: Hook __sanitizer_cov_8bit_counters_init of Enclave, 21636 inline 8-bit counts [0x7fea815b59c0, 0x7fea815bae44) (First time)
[SGXSan] ALWAYS: Hook __sanitizer_cov_pcs_init of Enclave, 21636 PCs [0x7fea815bae48, 0x7fea8160f688) (First time)
[SGXSan] ALWAYS: Enter enc_wolfSSL_CTX_free
[SGXSan] ALWAYS: Enter enc_wolfSSL_CTX_load_verify_buffer
[SGXSan] ALWAYS: Enter enc_wolfSSL_CTX_new
[SGXSan] ALWAYS: Enter enc_wolfSSL_CTX_set_cipher_list
[SGXSan] ALWAYS: Enter enc_wolfSSL_CTX_use_PrivateKey_buffer
[SGXSan] ALWAYS: Enter enc_wolfSSL_CTX_use_certificate_buffer
[SGXSan] ALWAYS: Enter enc_wolfSSL_CTX_use_certificate_chain_buffer_format
[SGXSan] ALWAYS: Enter enc_wolfSSL_Cleanup
[SGXSan] ALWAYS: Enter enc_wolfSSL_Debugging_OFF
[SGXSan] ALWAYS: Enter enc_wolfSSL_Debugging_ON
[SGXSan] ALWAYS: Enter enc_wolfSSL_Init
[SGXSan] ALWAYS: Enter enc_wolfSSL_connect
[SGXSan] ALWAYS: Enter enc_wolfSSL_free
[SGXSan] ALWAYS: Enter enc_wolfSSL_get_error
[SGXSan] ALWAYS: Enter enc_wolfSSL_new
[SGXSan] ALWAYS: Enter enc_wolfSSL_read
[SGXSan] ALWAYS: Enter enc_wolfSSL_set_fd
[SGXSan] ALWAYS: Enter enc_wolfSSL_write
[SGXSan] ALWAYS: Enter enc_wolfTLSv1_2_client_method
[SGXSan] ALWAYS: Enter enc_wolfTLSv1_2_server_method
[SGXSan] ALWAYS: Enter wc_benchmark_test
------------------------------------------------------------------------------
 wolfSSL version 5.1.0
------------------------------------------------------------------------------
wolfCrypt Benchmark (block bytes 1048576, min 1.0 sec each)
RNG                 15 MB took 1.183 seconds,   12.682 MB/s
AES-128-CBC-enc     35 MB took 1.081 seconds,   32.388 MB/s
AES-128-CBC-dec     30 MB took 1.005 seconds,   29.837 MB/s
AES-192-CBC-enc     30 MB took 1.087 seconds,   27.606 MB/s
AES-192-CBC-dec     30 MB took 1.139 seconds,   26.349 MB/s
AES-256-CBC-enc     30 MB took 1.190 seconds,   25.204 MB/s
AES-256-CBC-dec     25 MB took 1.051 seconds,   23.793 MB/s
AES-128-GCM-enc     25 MB took 1.065 seconds,   23.476 MB/s
AES-128-GCM-dec     25 MB took 1.086 seconds,   23.012 MB/s
AES-192-GCM-enc     25 MB took 1.206 seconds,   20.729 MB/s
AES-192-GCM-dec     25 MB took 1.213 seconds,   20.612 MB/s
AES-256-GCM-enc     20 MB took 1.031 seconds,   19.392 MB/s
AES-256-GCM-dec     20 MB took 1.041 seconds,   19.216 MB/s
GMAC Table 4-bit    66 MB took 1.004 seconds,   65.752 MB/s
RABBIT              90 MB took 1.024 seconds,   87.886 MB/s
3DES                10 MB took 1.135 seconds,    8.814 MB/s
MD5                300 MB took 1.010 seconds,  296.887 MB/s
SHA                125 MB took 1.003 seconds,  124.581 MB/s
SHA-256             35 MB took 1.166 seconds,   30.021 MB/s
HMAC-MD5           300 MB took 1.015 seconds,  295.650 MB/s
HMAC-SHA           125 MB took 1.009 seconds,  123.909 MB/s
HMAC-SHA256         30 MB took 1.008 seconds,   29.751 MB/s
PBKDF2               4 KB took 1.007 seconds,    3.630 KB/s
RSA     2048 public       1400 ops took 1.027 sec, avg 0.734 ms, 1362.699 ops/sec
RSA     2048 private       100 ops took 3.784 sec, avg 37.844 ms, 26.425 ops/sec
DH      2048 key gen        64 ops took 1.015 sec, avg 15.867 ms, 63.025 ops/sec
DH      2048 agree         100 ops took 1.616 sec, avg 16.162 ms, 61.873 ops/sec
ECC   [      SECP256R1]   256 key gen      1375 ops took 1.000 sec, avg 0.727 ms, 1374.911 ops/sec
ECDHE [      SECP256R1]   256 agree         900 ops took 1.010 sec, avg 1.122 ms, 891.065 ops/sec
ECDSA [      SECP256R1]   256 sign         1200 ops took 1.018 sec, avg 0.848 ms, 1179.144 ops/sec
ECDSA [      SECP256R1]   256 verify        900 ops took 1.056 sec, avg 1.173 ms, 852.580 ops/sec
Benchmark complete
[SGXSan] ALWAYS: Enter wc_test
INFO: seed corpus: files: 3 min: 370191b max: 370191b total: 1110573b rss: 43Mb
------------------------------------------------------------------------------
 wolfSSL version 5.1.0
------------------------------------------------------------------------------
error    test passed!
MEMORY   test passed!
base64   test passed!
asn      test passed!
RANDOM   test passed!
MD5      test passed!
MD4      test passed!
SHA      test passed!
SHA-256  test passed!
Hash     test passed!
HMAC-MD5 test passed!
HMAC-SHA test passed!
HMAC-SHA256 test passed!
GMAC     test passed!
HC-128   test passed!
Rabbit   test passed!
DES      test passed!
DES3     test passed!
AES      test passed!
AES192   test passed!
AES256   test passed!
AES-GCM  test passed!
RSA      test passed!
DH       test passed!
DSA      test passed!
PWDBASED test passed!
ECC      test passed!
ECC buffer test passed!
logging  test passed!
mutex    test passed!
memcb    test passed!
Test complete
[SGXSan] ALWAYS: Enter enc_wolfSSL_Debugging_OFF
[SGXSan] ALWAYS: Enter wc_test
------------------------------------------------------------------------------
 wolfSSL version 5.1.0
------------------------------------------------------------------------------
error    test passed!
MEMORY   test passed!
base64   test passed!
asn      test passed!
RANDOM   test passed!
MD5      test passed!
MD4      test passed!
SHA      test passed!
SHA-256  test passed!
Hash     test passed!
HMAC-MD5 test passed!
HMAC-SHA test passed!
HMAC-SHA256 test passed!
GMAC     test passed!
HC-128   test passed!
Rabbit   test passed!
DES      test passed!
DES3     test passed!
AES      test passed!
AES192   test passed!
AES256   test passed!
AES-GCM  test passed!
RSA      test passed!
DH       test passed!
DSA      test passed!
PWDBASED test passed!
ECC      test passed!
ECC buffer test passed!
logging  test passed!
mutex    test passed!
memcb    test failed!
 error = -13803
[SGXSan] ALWAYS: Enter enc_wolfSSL_CTX_set_cipher_list
[SGXSan] ALWAYS: Enter enc_wolfSSL_free
[SGXSan] ALWAYS: Enter enc_wolfSSL_get_error
[SGXSan] ALWAYS: Enter enc_wolfSSL_CTX_free
[SGXSan] ALWAYS: Enter enc_wolfSSL_Init
[SGXSan] ALWAYS: Enter enc_wolfSSL_CTX_new
[SGXSan] ALWAYS: Enter enc_wolfSSL_CTX_use_certificate_chain_buffer_format
[SGXSan] ALWAYS: Enter enc_wolfSSL_CTX_load_verify_buffer
[SGXSan] ALWAYS: Enter wc_benchmark_test
------------------------------------------------------------------------------
 wolfSSL version 5.1.0
------------------------------------------------------------------------------
wolfCrypt Benchmark (block bytes 1048576, min 1.0 sec each)
RNG                 15 MB took 1.151 seconds,   13.034 MB/s
AES-128-CBC-enc     35 MB took 1.080 seconds,   32.401 MB/s
AES-128-CBC-dec     30 MB took 1.014 seconds,   29.586 MB/s
AES-192-CBC-enc     30 MB took 1.076 seconds,   27.883 MB/s
AES-192-CBC-dec     30 MB took 1.161 seconds,   25.848 MB/s
AES-256-CBC-enc     30 MB took 1.195 seconds,   25.110 MB/s
AES-256-CBC-dec     25 MB took 1.058 seconds,   23.637 MB/s
AES-128-GCM-enc     25 MB took 1.109 seconds,   22.542 MB/s
AES-128-GCM-dec     25 MB took 1.068 seconds,   23.406 MB/s
AES-192-GCM-enc     25 MB took 1.209 seconds,   20.673 MB/s
AES-192-GCM-dec     25 MB took 1.198 seconds,   20.860 MB/s
AES-256-GCM-enc     20 MB took 1.037 seconds,   19.278 MB/s
AES-256-GCM-dec     20 MB took 1.044 seconds,   19.153 MB/s
GMAC Table 4-bit    67 MB took 1.013 seconds,   66.150 MB/s
RABBIT              90 MB took 1.018 seconds,   88.432 MB/s
3DES                10 MB took 1.110 seconds,    9.011 MB/s
MD5                300 MB took 1.014 seconds,  295.754 MB/s
SHA                130 MB took 1.039 seconds,  125.103 MB/s
SHA-256             30 MB took 1.012 seconds,   29.650 MB/s
HMAC-MD5           295 MB took 1.010 seconds,  292.025 MB/s
HMAC-SHA           125 MB took 1.031 seconds,  121.269 MB/s
HMAC-SHA256         35 MB took 1.153 seconds,   30.356 MB/s
PBKDF2               4 KB took 1.002 seconds,    3.681 KB/s
RSA     2048 public       1400 ops took 1.041 sec, avg 0.743 ms, 1345.246 ops/sec
RSA     2048 private       100 ops took 3.754 sec, avg 37.539 ms, 26.639 ops/sec
DH      2048 key gen        63 ops took 1.003 sec, avg 15.918 ms, 62.824 ops/sec
DH      2048 agree         100 ops took 1.611 sec, avg 16.110 ms, 62.072 ops/sec
ECC   [      SECP256R1]   256 key gen      1353 ops took 1.000 sec, avg 0.739 ms, 1352.488 ops/sec
ECDHE [      SECP256R1]   256 agree         900 ops took 1.012 sec, avg 1.124 ms, 889.465 ops/sec
ECDSA [      SECP256R1]   256 sign         1200 ops took 1.032 sec, avg 0.860 ms, 1162.646 ops/sec
ECDSA [      SECP256R1]   256 verify        900 ops took 1.087 sec, avg 1.207 ms, 828.323 ops/sec
Benchmark complete
[SGXSan] ALWAYS: Enter enc_wolfSSL_Cleanup
[SGXSan] ALWAYS: Enter enc_wolfSSL_set_fd
[SGXSan] ALWAYS: Enter enc_wolfSSL_Debugging_ON
[SGXSan] ALWAYS: Enter enc_wolfSSL_write
[SGXSan] ALWAYS: Enter enc_wolfSSL_new
[SGXSan] ALWAYS: Enter enc_wolfTLSv1_2_server_method
[SGXSan] ALWAYS: Enter enc_wolfSSL_CTX_use_PrivateKey_buffer
[SGXSan] ALWAYS: Enter enc_wolfTLSv1_2_client_method
[SGXSan] ALWAYS: Enter enc_wolfSSL_connect
[SGXSan] ALWAYS: Enter enc_wolfSSL_CTX_use_certificate_buffer
[SGXSan] ALWAYS: Enter enc_wolfSSL_read
#2	pulse  ft: 6289 exec/s: 0 rss: 49Mb
Slowest unit: 42 s:
artifact_prefix='./crashes/'; Test unit written to ./crashes/slow-unit-fc2a3918386db7eebd06936de7ccef9e93f69f53
[SGXSan] ALWAYS: Enter enc_wolfSSL_Debugging_OFF
[SGXSan] ALWAYS: Enter wc_test
------------------------------------------------------------------------------
 wolfSSL version 5.1.0
------------------------------------------------------------------------------
error    test passed!
MEMORY   test passed!
base64   test passed!
asn      test passed!
RANDOM   test passed!
MD5      test passed!
MD4      test passed!
SHA      test passed!
SHA-256  test passed!
Hash     test passed!
HMAC-MD5 test passed!
HMAC-SHA test passed!
HMAC-SHA256 test passed!
GMAC     test passed!
HC-128   test passed!
Rabbit   test passed!
DES      test passed!
DES3     test passed!
AES      test passed!
AES192   test passed!
AES256   test passed!
AES-GCM  test passed!
RSA      test passed!
DH       test passed!
DSA      test passed!
PWDBASED test passed!
ECC      test passed!
ECC buffer test passed!
logging  test passed!
mutex    test passed!
memcb    test failed!
 error = -13803
[SGXSan] ALWAYS: Enter enc_wolfSSL_CTX_set_cipher_list
[SGXSan] ALWAYS: Enter enc_wolfSSL_free
[SGXSan] ALWAYS: Enter enc_wolfSSL_get_error
[SGXSan] ALWAYS: Enter enc_wolfSSL_CTX_free
[SGXSan] ALWAYS: Enter enc_wolfSSL_Init
[SGXSan] ALWAYS: Enter enc_wolfSSL_CTX_new
[SGXSan] ALWAYS: Enter enc_wolfSSL_CTX_use_certificate_chain_buffer_format
[SGXSan] ALWAYS: Enter enc_wolfSSL_CTX_load_verify_buffer
[SGXSan] ALWAYS: Enter wc_benchmark_test
------------------------------------------------------------------------------
 wolfSSL version 5.1.0
------------------------------------------------------------------------------
wolfCrypt Benchmark (block bytes 1048576, min 1.0 sec each)
RNG                 15 MB took 1.163 seconds,   12.896 MB/s
AES-128-CBC-enc     35 MB took 1.086 seconds,   32.242 MB/s
AES-128-CBC-dec     30 MB took 1.001 seconds,   29.958 MB/s
AES-192-CBC-enc     30 MB took 1.092 seconds,   27.474 MB/s
AES-192-CBC-dec     30 MB took 1.161 seconds,   25.849 MB/s
AES-256-CBC-enc     25 MB took 1.007 seconds,   24.824 MB/s
AES-256-CBC-dec     25 MB took 1.060 seconds,   23.582 MB/s
AES-128-GCM-enc     25 MB took 1.067 seconds,   23.439 MB/s
AES-128-GCM-dec     25 MB took 1.076 seconds,   23.232 MB/s
AES-192-GCM-enc     25 MB took 1.201 seconds,   20.816 MB/s
AES-192-GCM-dec     25 MB took 1.192 seconds,   20.973 MB/s
AES-256-GCM-enc     20 MB took 1.026 seconds,   19.495 MB/s
AES-256-GCM-dec     20 MB took 1.044 seconds,   19.164 MB/s
GMAC Table 4-bit    67 MB took 1.004 seconds,   66.720 MB/s
RABBIT              90 MB took 1.012 seconds,   88.969 MB/s
3DES                10 MB took 1.140 seconds,    8.773 MB/s
MD5                300 MB took 1.016 seconds,  295.391 MB/s
SHA                130 MB took 1.024 seconds,  126.947 MB/s
SHA-256             35 MB took 1.142 seconds,   30.637 MB/s
HMAC-MD5           305 MB took 1.011 seconds,  301.556 MB/s
HMAC-SHA           130 MB took 1.020 seconds,  127.413 MB/s
HMAC-SHA256         35 MB took 1.135 seconds,   30.836 MB/s
PBKDF2               4 KB took 1.002 seconds,    3.774 KB/s
RSA     2048 public       1400 ops took 1.058 sec, avg 0.756 ms, 1323.407 ops/sec
RSA     2048 private       100 ops took 3.659 sec, avg 36.588 ms, 27.331 ops/sec
DH      2048 key gen        65 ops took 1.013 sec, avg 15.584 ms, 64.167 ops/sec
DH      2048 agree         100 ops took 1.573 sec, avg 15.734 ms, 63.557 ops/sec
ECC   [      SECP256R1]   256 key gen      1395 ops took 1.001 sec, avg 0.717 ms, 1394.176 ops/sec
ECDHE [      SECP256R1]   256 agree        1000 ops took 1.095 sec, avg 1.095 ms, 913.223 ops/sec
ECDSA [      SECP256R1]   256 sign         1200 ops took 1.008 sec, avg 0.840 ms, 1190.897 ops/sec
ECDSA [      SECP256R1]   256 verify        900 ops took 1.066 sec, avg 1.185 ms, 844.106 ops/sec
Benchmark complete
[SGXSan] ALWAYS: Enter enc_wolfSSL_Cleanup
[SGXSan] ALWAYS: Enter enc_wolfSSL_set_fd
[SGXSan] ALWAYS: Enter enc_wolfSSL_Debugging_ON
[SGXSan] ALWAYS: Enter enc_wolfSSL_write
[SGXSan] ALWAYS: Enter enc_wolfSSL_new
[SGXSan] ALWAYS: Enter enc_wolfTLSv1_2_server_method
[SGXSan] ALWAYS: Enter enc_wolfSSL_CTX_use_PrivateKey_buffer
[SGXSan] ALWAYS: Enter enc_wolfTLSv1_2_client_method
[SGXSan] ALWAYS: Enter enc_wolfSSL_connect
[SGXSan] ALWAYS: Enter enc_wolfSSL_CTX_use_certificate_buffer
[SGXSan] ALWAYS: Enter enc_wolfSSL_read
[SGXSan] ALWAYS: Enter enc_wolfSSL_set_fd
[SGXSan] ALWAYS: Enter enc_wolfTLSv1_2_client_method
[SGXSan] ALWAYS: Enter enc_wolfSSL_CTX_new
[SGXSan] ALWAYS: Enter enc_wolfSSL_read
[SGXSan] ALWAYS: Enter enc_wolfSSL_CTX_set_cipher_list
[SGXSan] ALWAYS: Enter enc_wolfSSL_CTX_free
[SGXSan] ALWAYS: Enter enc_wolfSSL_new
[SGXSan] ALWAYS: Enter enc_wolfSSL_CTX_use_PrivateKey_buffer
[SGXSan] ALWAYS: Enter enc_wolfTLSv1_2_server_method
[SGXSan] ALWAYS: Enter enc_wolfSSL_CTX_load_verify_buffer
[SGXSan] ALWAYS: Enter enc_wolfSSL_connect
[SGXSan] ALWAYS: Enter enc_wolfSSL_Debugging_OFF
[SGXSan] ALWAYS: Enter enc_wolfSSL_CTX_use_certificate_buffer
[SGXSan] ALWAYS: Enter enc_wolfSSL_free
[SGXSan] ALWAYS: Enter enc_wolfSSL_Init
[SGXSan] ALWAYS: Enter enc_wolfSSL_CTX_use_certificate_chain_buffer_format
[SGXSan] ALWAYS: Enter wc_benchmark_test
------------------------------------------------------------------------------
 wolfSSL version 5.1.0
------------------------------------------------------------------------------
wolfCrypt Benchmark (block bytes 1048576, min 1.0 sec each)
RNG                 15 MB took 1.141 seconds,   13.147 MB/s
AES-128-CBC-enc     35 MB took 1.062 seconds,   32.955 MB/s
AES-128-CBC-dec     35 MB took 1.146 seconds,   30.533 MB/s
AES-192-CBC-enc     30 MB took 1.054 seconds,   28.456 MB/s
AES-192-CBC-dec     30 MB took 1.150 seconds,   26.079 MB/s
AES-256-CBC-enc     30 MB took 1.185 seconds,   25.326 MB/s
AES-256-CBC-dec     25 MB took 1.039 seconds,   24.057 MB/s
AES-128-GCM-enc     25 MB took 1.046 seconds,   23.895 MB/s
AES-128-GCM-dec     25 MB took 1.052 seconds,   23.759 MB/s
AES-192-GCM-enc     25 MB took 1.175 seconds,   21.278 MB/s
AES-192-GCM-dec     25 MB took 1.170 seconds,   21.368 MB/s
AES-256-GCM-enc     20 MB took 1.012 seconds,   19.757 MB/s
AES-256-GCM-dec     20 MB took 1.013 seconds,   19.742 MB/s
GMAC Table 4-bit    67 MB took 1.000 seconds,   66.974 MB/s
RABBIT              95 MB took 1.047 seconds,   90.726 MB/s
3DES                10 MB took 1.090 seconds,    9.171 MB/s
MD5                305 MB took 1.011 seconds,  301.790 MB/s
SHA                130 MB took 1.013 seconds,  128.283 MB/s
SHA-256             35 MB took 1.142 seconds,   30.653 MB/s
HMAC-MD5           305 MB took 1.004 seconds,  303.758 MB/s
HMAC-SHA           130 MB took 1.017 seconds,  127.834 MB/s
HMAC-SHA256         35 MB took 1.133 seconds,   30.895 MB/s
PBKDF2               4 KB took 1.005 seconds,    3.762 KB/s
RSA     2048 public       1400 ops took 1.024 sec, avg 0.732 ms, 1366.548 ops/sec
RSA     2048 private       100 ops took 3.648 sec, avg 36.476 ms, 27.415 ops/sec
DH      2048 key gen        65 ops took 1.008 sec, avg 15.505 ms, 64.494 ops/sec
DH      2048 agree         100 ops took 1.552 sec, avg 15.525 ms, 64.413 ops/sec
ECC   [      SECP256R1]   256 key gen      1365 ops took 1.000 sec, avg 0.733 ms, 1364.784 ops/sec
ECDHE [      SECP256R1]   256 agree        1000 ops took 1.091 sec, avg 1.091 ms, 916.432 ops/sec
ECDSA [      SECP256R1]   256 sign         1200 ops took 1.002 sec, avg 0.835 ms, 1198.183 ops/sec
ECDSA [      SECP256R1]   256 verify        900 ops took 1.058 sec, avg 1.175 ms, 850.778 ops/sec
Benchmark complete
[SGXSan] ALWAYS: Enter enc_wolfSSL_Debugging_ON
[SGXSan] ALWAYS: Enter wc_test
------------------------------------------------------------------------------
 wolfSSL version 5.1.0
------------------------------------------------------------------------------
error    test passed!
MEMORY   test passed!
base64   test passed!
asn      test passed!
RANDOM   test passed!
MD5      test passed!
MD4      test passed!
SHA      test passed!
SHA-256  test passed!
Hash     test passed!
HMAC-MD5 test passed!
HMAC-SHA test passed!
HMAC-SHA256 test passed!
GMAC     test passed!
HC-128   test passed!
Rabbit   test passed!
DES      test passed!
DES3     test passed!
AES      test passed!
AES192   test passed!
AES256   test passed!
AES-GCM  test passed!
RSA      test passed!
DH       test passed!
DSA      test passed!
PWDBASED test passed!
ECC      test passed!
ECC buffer test passed!
logging  test passed!
mutex    test passed!
memcb    test failed!
 error = -13803
[SGXSan] ALWAYS: Enter enc_wolfSSL_Cleanup
[SGXSan] ALWAYS: Enter enc_wolfSSL_write
[SGXSan] ALWAYS: Enter enc_wolfSSL_get_error
#4	pulse  cov: 6289 ft: 6289 corp: 1/361Kb exec/s: 0 rss: 63Mb
#4	INITED cov: 6289 ft: 6289 corp: 1/361Kb exec/s: 0 rss: 63Mb
#4	DONE   cov: 6289 ft: 6289 corp: 1/361Kb lim: 370191 exec/s: 0 rss: 63Mb
Done 4 runs in 169 second(s)
stat::number_of_executed_units: 4
stat::average_exec_per_sec:     0
stat::new_units_added:          0
stat::slowest_unit_time_sec:    42
stat::peak_rss_mb:              63
