WARNING: Failed to find function "__sanitizer_acquire_crash_state".
WARNING: Failed to find function "__sanitizer_print_stack_trace".
WARNING: Failed to find function "__sanitizer_set_death_callback".
[2023-01-15 18:38:00.791] [Init] Num of ECall: 22
[2023-01-15 18:38:00.791] ECalls:
  0 - fuzz_enc_wolfSSL_CTX_free
  1 - fuzz_enc_wolfSSL_CTX_load_verify_buffer
  2 - fuzz_enc_wolfSSL_CTX_new
  3 - fuzz_enc_wolfSSL_CTX_set_cipher_list
  4 - fuzz_enc_wolfSSL_CTX_use_PrivateKey_buffer
  5 - fuzz_enc_wolfSSL_CTX_use_certificate_buffer
  6 - fuzz_enc_wolfSSL_CTX_use_certificate_chain_buffer_format
  7 - fuzz_enc_wolfSSL_Cleanup
  8 - fuzz_enc_wolfSSL_Debugging_OFF
  9 - fuzz_enc_wolfSSL_Debugging_ON
  10 - fuzz_enc_wolfSSL_Init
  11 - fuzz_enc_wolfSSL_connect
  12 - fuzz_enc_wolfSSL_free
  13 - fuzz_enc_wolfSSL_get_error
  14 - fuzz_enc_wolfSSL_new
  15 - fuzz_enc_wolfSSL_read
  16 - fuzz_enc_wolfSSL_set_fd
  17 - fuzz_enc_wolfSSL_write
  18 - fuzz_enc_wolfTLSv1_2_client_method
  19 - fuzz_enc_wolfTLSv1_2_server_method
  20 - fuzz_wc_benchmark_test
  21 - fuzz_wc_test

INFO: found LLVMFuzzerCustomMutator (0x44ac30). Disabling -len_control by default.
INFO: libFuzzer ignores flags that start with '--'
INFO: Running with entropic power schedule (0xFF, 100).
INFO: Seed: 3072263990
INFO: Loaded 1 modules   (291 inline 8-bit counters): 291 [0x4cb7e8, 0x4cb90b), 
INFO: Loaded 1 PC tables (291 PCs): 291 [0x4cb910,0x4ccb40), 
INFO:        0 files found in /tmp/libFuzzerTemp.FuzzWithFork422940.dir/C167
[SGXSan] ALWAYS: Hook __sanitizer_cov_8bit_counters_init of Enclave, 21636 inline 8-bit counts [0x7f049e06a9c0, 0x7f049e06fe44) (First time)
[SGXSan] ALWAYS: Hook __sanitizer_cov_pcs_init of Enclave, 21636 PCs [0x7f049e06fe48, 0x7f049e0c4688) (First time)
[SGXSan] ALWAYS: Enter enc_wolfSSL_CTX_free
[SGXSan] ALWAYS: Enter enc_wolfSSL_CTX_load_verify_buffer
[SGXSan] ALWAYS: Enter enc_wolfSSL_CTX_new
[SGXSan] ALWAYS: Enter enc_wolfSSL_CTX_set_cipher_list
[SGXSan] ALWAYS: Enter enc_wolfSSL_CTX_use_PrivateKey_buffer
[SGXSan] ALWAYS: Enter enc_wolfSSL_CTX_use_certificate_buffer
[SGXSan] ALWAYS: Enter enc_wolfSSL_CTX_use_certificate_chain_buffer_format
[SGXSan] ALWAYS: Enter enc_wolfSSL_Cleanup
[SGXSan] ALWAYS: Enter enc_wolfSSL_Debugging_OFF
[SGXSan] ALWAYS: Enter enc_wolfSSL_Debugging_ON
[SGXSan] ALWAYS: Enter enc_wolfSSL_Init
[SGXSan] ALWAYS: Enter enc_wolfSSL_connect
[SGXSan] ALWAYS: Enter enc_wolfSSL_free
[SGXSan] ALWAYS: Enter enc_wolfSSL_get_error
[SGXSan] ALWAYS: Enter enc_wolfSSL_new
[SGXSan] ALWAYS: Enter enc_wolfSSL_read
[SGXSan] ALWAYS: Enter enc_wolfSSL_set_fd
[SGXSan] ALWAYS: Enter enc_wolfSSL_write
[SGXSan] ALWAYS: Enter enc_wolfTLSv1_2_client_method
[SGXSan] ALWAYS: Enter enc_wolfTLSv1_2_server_method
[SGXSan] ALWAYS: Enter wc_benchmark_test
------------------------------------------------------------------------------
 wolfSSL version 5.1.0
------------------------------------------------------------------------------
wolfCrypt Benchmark (block bytes 1048576, min 1.0 sec each)
RNG                 15 MB took 1.137 seconds,   13.197 MB/s
AES-128-CBC-enc     35 MB took 1.060 seconds,   33.009 MB/s
AES-128-CBC-dec     35 MB took 1.156 seconds,   30.288 MB/s
AES-192-CBC-enc     30 MB took 1.063 seconds,   28.228 MB/s
AES-192-CBC-dec     30 MB took 1.140 seconds,   26.307 MB/s
AES-256-CBC-enc     25 MB took 1.004 seconds,   24.891 MB/s
AES-256-CBC-dec     25 MB took 1.039 seconds,   24.063 MB/s
AES-128-GCM-enc     25 MB took 1.055 seconds,   23.689 MB/s
AES-128-GCM-dec     25 MB took 1.057 seconds,   23.651 MB/s
AES-192-GCM-enc     25 MB took 1.176 seconds,   21.255 MB/s
AES-192-GCM-dec     25 MB took 1.173 seconds,   21.309 MB/s
AES-256-GCM-enc     20 MB took 1.017 seconds,   19.674 MB/s
AES-256-GCM-dec     20 MB took 1.037 seconds,   19.281 MB/s
GMAC Table 4-bit    69 MB took 1.014 seconds,   68.041 MB/s
RABBIT              95 MB took 1.050 seconds,   90.502 MB/s
3DES                10 MB took 1.100 seconds,    9.091 MB/s
MD5                305 MB took 1.013 seconds,  300.966 MB/s
SHA                130 MB took 1.027 seconds,  126.580 MB/s
SHA-256             35 MB took 1.134 seconds,   30.871 MB/s
HMAC-MD5           305 MB took 1.014 seconds,  300.771 MB/s
HMAC-SHA           130 MB took 1.017 seconds,  127.803 MB/s
HMAC-SHA256         35 MB took 1.139 seconds,   30.717 MB/s
PBKDF2               4 KB took 1.001 seconds,    3.715 KB/s
RSA     2048 public       1400 ops took 1.012 sec, avg 0.723 ms, 1383.785 ops/sec
RSA     2048 private       100 ops took 3.649 sec, avg 36.491 ms, 27.404 ops/sec
DH      2048 key gen        65 ops took 1.001 sec, avg 15.399 ms, 64.940 ops/sec
DH      2048 agree         100 ops took 1.543 sec, avg 15.429 ms, 64.815 ops/sec
ECC   [      SECP256R1]   256 key gen      1422 ops took 1.001 sec, avg 0.704 ms, 1421.042 ops/sec
ECDHE [      SECP256R1]   256 agree        1000 ops took 1.091 sec, avg 1.091 ms, 916.366 ops/sec
ECDSA [      SECP256R1]   256 sign         1200 ops took 1.021 sec, avg 0.850 ms, 1175.810 ops/sec
ECDSA [      SECP256R1]   256 verify        900 ops took 1.044 sec, avg 1.160 ms, 862.244 ops/sec
Benchmark complete
[SGXSan] ALWAYS: Enter wc_test
INFO: seed corpus: files: 3 min: 370191b max: 370191b total: 1110573b rss: 43Mb
------------------------------------------------------------------------------
 wolfSSL version 5.1.0
------------------------------------------------------------------------------
error    test passed!
MEMORY   test passed!
base64   test passed!
asn      test passed!
RANDOM   test passed!
MD5      test passed!
MD4      test passed!
SHA      test passed!
SHA-256  test passed!
Hash     test passed!
HMAC-MD5 test passed!
HMAC-SHA test passed!
HMAC-SHA256 test passed!
GMAC     test passed!
HC-128   test passed!
Rabbit   test passed!
DES      test passed!
DES3     test passed!
AES      test passed!
AES192   test passed!
AES256   test passed!
AES-GCM  test passed!
RSA      test passed!
DH       test passed!
DSA      test passed!
PWDBASED test passed!
ECC      test passed!
ECC buffer test passed!
logging  test passed!
mutex    test passed!
memcb    test passed!
Test complete
[SGXSan] ALWAYS: Enter enc_wolfSSL_set_fd
[SGXSan] ALWAYS: Enter enc_wolfTLSv1_2_client_method
[SGXSan] ALWAYS: Enter enc_wolfSSL_CTX_new
[SGXSan] ALWAYS: Enter enc_wolfSSL_read
[SGXSan] ALWAYS: Enter enc_wolfSSL_CTX_set_cipher_list
[SGXSan] ALWAYS: Enter enc_wolfSSL_CTX_free
[SGXSan] ALWAYS: Enter enc_wolfSSL_new
[SGXSan] ALWAYS: Enter enc_wolfSSL_CTX_use_PrivateKey_buffer
[SGXSan] ALWAYS: Enter enc_wolfTLSv1_2_server_method
[SGXSan] ALWAYS: Enter enc_wolfSSL_CTX_load_verify_buffer
[SGXSan] ALWAYS: Enter enc_wolfSSL_connect
[SGXSan] ALWAYS: Enter enc_wolfSSL_Debugging_OFF
[SGXSan] ALWAYS: Enter enc_wolfSSL_CTX_use_certificate_buffer
[SGXSan] ALWAYS: Enter enc_wolfSSL_free
[SGXSan] ALWAYS: Enter enc_wolfSSL_Init
[SGXSan] ALWAYS: Enter enc_wolfSSL_CTX_use_certificate_chain_buffer_format
[SGXSan] ALWAYS: Enter wc_benchmark_test
------------------------------------------------------------------------------
 wolfSSL version 5.1.0
------------------------------------------------------------------------------
wolfCrypt Benchmark (block bytes 1048576, min 1.0 sec each)
RNG                 15 MB took 1.136 seconds,   13.204 MB/s
AES-128-CBC-enc     35 MB took 1.062 seconds,   32.944 MB/s
AES-128-CBC-dec     35 MB took 1.147 seconds,   30.520 MB/s
AES-192-CBC-enc     30 MB took 1.059 seconds,   28.327 MB/s
AES-192-CBC-dec     30 MB took 1.124 seconds,   26.694 MB/s
AES-256-CBC-enc     30 MB took 1.176 seconds,   25.519 MB/s
AES-256-CBC-dec     25 MB took 1.055 seconds,   23.706 MB/s
AES-128-GCM-enc     25 MB took 1.045 seconds,   23.925 MB/s
AES-128-GCM-dec     25 MB took 1.048 seconds,   23.857 MB/s
AES-192-GCM-enc     25 MB took 1.165 seconds,   21.462 MB/s
AES-192-GCM-dec     25 MB took 1.167 seconds,   21.416 MB/s
AES-256-GCM-enc     20 MB took 1.032 seconds,   19.379 MB/s
AES-256-GCM-dec     20 MB took 1.026 seconds,   19.487 MB/s
GMAC Table 4-bit    68 MB took 1.004 seconds,   67.746 MB/s
RABBIT              95 MB took 1.049 seconds,   90.603 MB/s
3DES                10 MB took 1.086 seconds,    9.207 MB/s
MD5                300 MB took 1.015 seconds,  295.496 MB/s
SHA                130 MB took 1.021 seconds,  127.310 MB/s
SHA-256             35 MB took 1.136 seconds,   30.818 MB/s
HMAC-MD5           305 MB took 1.009 seconds,  302.145 MB/s
HMAC-SHA           130 MB took 1.018 seconds,  127.695 MB/s
HMAC-SHA256         35 MB took 1.137 seconds,   30.794 MB/s
PBKDF2               4 KB took 1.008 seconds,    3.751 KB/s
RSA     2048 public       1400 ops took 1.016 sec, avg 0.726 ms, 1377.960 ops/sec
RSA     2048 private       100 ops took 3.645 sec, avg 36.454 ms, 27.432 ops/sec
DH      2048 key gen        63 ops took 1.016 sec, avg 16.124 ms, 62.018 ops/sec
DH      2048 agree         100 ops took 1.546 sec, avg 15.461 ms, 64.678 ops/sec
ECC   [      SECP256R1]   256 key gen      1408 ops took 1.000 sec, avg 0.710 ms, 1407.505 ops/sec
ECDHE [      SECP256R1]   256 agree        1000 ops took 1.086 sec, avg 1.086 ms, 920.907 ops/sec
ECDSA [      SECP256R1]   256 sign         1300 ops took 1.078 sec, avg 0.829 ms, 1205.928 ops/sec
ECDSA [      SECP256R1]   256 verify        900 ops took 1.043 sec, avg 1.159 ms, 863.077 ops/sec
Benchmark complete
[SGXSan] ALWAYS: Enter enc_wolfSSL_Debugging_ON
[SGXSan] ALWAYS: Enter wc_test
------------------------------------------------------------------------------
 wolfSSL version 5.1.0
------------------------------------------------------------------------------
error    test passed!
MEMORY   test passed!
base64   test passed!
asn      test passed!
RANDOM   test passed!
MD5      test passed!
MD4      test passed!
SHA      test passed!
SHA-256  test passed!
Hash     test passed!
HMAC-MD5 test passed!
HMAC-SHA test passed!
HMAC-SHA256 test passed!
GMAC     test passed!
HC-128   test passed!
Rabbit   test passed!
DES      test passed!
DES3     test passed!
AES      test passed!
AES192   test passed!
AES256   test passed!
AES-GCM  test passed!
RSA      test passed!
DH       test passed!
DSA      test passed!
PWDBASED test passed!
ECC      test passed!
ECC buffer test passed!
logging  test passed!
mutex    test passed!
memcb    test failed!
 error = -13803
[SGXSan] ALWAYS: Enter enc_wolfSSL_Cleanup
[SGXSan] ALWAYS: Enter enc_wolfSSL_write
[SGXSan] ALWAYS: Enter enc_wolfSSL_get_error
#2	pulse  ft: 6291 exec/s: 0 rss: 50Mb
Slowest unit: 42 s:
artifact_prefix='./crashes/'; Test unit written to ./crashes/slow-unit-eac2caf48f68a7de1dbebb64ea9fb2e3320b7df3
[SGXSan] ALWAYS: Enter enc_wolfSSL_new
[SGXSan] ALWAYS: Enter enc_wolfSSL_CTX_use_PrivateKey_buffer
[SGXSan] ALWAYS: Enter enc_wolfSSL_write
[SGXSan] ALWAYS: Enter enc_wolfSSL_Debugging_OFF
[SGXSan] ALWAYS: Enter enc_wolfSSL_CTX_new
[SGXSan] ALWAYS: Enter enc_wolfSSL_Init
[SGXSan] ALWAYS: Enter enc_wolfSSL_get_error
[SGXSan] ALWAYS: Enter enc_wolfSSL_CTX_set_cipher_list
[SGXSan] ALWAYS: Enter enc_wolfSSL_CTX_use_certificate_buffer
[SGXSan] ALWAYS: Enter enc_wolfTLSv1_2_client_method
[SGXSan] ALWAYS: Enter enc_wolfSSL_CTX_load_verify_buffer
[SGXSan] ALWAYS: Enter enc_wolfSSL_free
[SGXSan] ALWAYS: Enter enc_wolfSSL_set_fd
[SGXSan] ALWAYS: Enter enc_wolfTLSv1_2_server_method
[SGXSan] ALWAYS: Enter wc_benchmark_test
------------------------------------------------------------------------------
 wolfSSL version 5.1.0
------------------------------------------------------------------------------
wolfCrypt Benchmark (block bytes 1048576, min 1.0 sec each)
RNG                 15 MB took 1.134 seconds,   13.224 MB/s
AES-128-CBC-enc     35 MB took 1.056 seconds,   33.130 MB/s
AES-128-CBC-dec     35 MB took 1.150 seconds,   30.447 MB/s
AES-192-CBC-enc     30 MB took 1.064 seconds,   28.184 MB/s
AES-192-CBC-dec     30 MB took 1.135 seconds,   26.426 MB/s
AES-256-CBC-enc     30 MB took 1.178 seconds,   25.475 MB/s
AES-256-CBC-dec     25 MB took 1.039 seconds,   24.061 MB/s
AES-128-GCM-enc     25 MB took 1.068 seconds,   23.406 MB/s
AES-128-GCM-dec     25 MB took 1.050 seconds,   23.801 MB/s
AES-192-GCM-enc     25 MB took 1.179 seconds,   21.213 MB/s
AES-192-GCM-dec     25 MB took 1.169 seconds,   21.386 MB/s
AES-256-GCM-enc     20 MB took 1.014 seconds,   19.714 MB/s
AES-256-GCM-dec     20 MB took 1.033 seconds,   19.370 MB/s
GMAC Table 4-bit    69 MB took 1.011 seconds,   68.280 MB/s
RABBIT              95 MB took 1.047 seconds,   90.753 MB/s
3DES                10 MB took 1.083 seconds,    9.230 MB/s
MD5                305 MB took 1.007 seconds,  302.859 MB/s
SHA                130 MB took 1.016 seconds,  127.912 MB/s
SHA-256             35 MB took 1.136 seconds,   30.821 MB/s
HMAC-MD5           305 MB took 1.009 seconds,  302.299 MB/s
HMAC-SHA           130 MB took 1.018 seconds,  127.699 MB/s
HMAC-SHA256         35 MB took 1.141 seconds,   30.670 MB/s
PBKDF2               4 KB took 1.003 seconds,    3.770 KB/s
RSA     2048 public       1400 ops took 1.009 sec, avg 0.721 ms, 1387.096 ops/sec
RSA     2048 private       100 ops took 3.641 sec, avg 36.407 ms, 27.467 ops/sec
DH      2048 key gen        63 ops took 1.003 sec, avg 15.928 ms, 62.784 ops/sec
DH      2048 agree         100 ops took 1.553 sec, avg 15.530 ms, 64.392 ops/sec
ECC   [      SECP256R1]   256 key gen      1413 ops took 1.001 sec, avg 0.708 ms, 1412.230 ops/sec
ECDHE [      SECP256R1]   256 agree        1000 ops took 1.100 sec, avg 1.100 ms, 908.799 ops/sec
ECDSA [      SECP256R1]   256 sign         1300 ops took 1.079 sec, avg 0.830 ms, 1204.863 ops/sec
ECDSA [      SECP256R1]   256 verify        900 ops took 1.045 sec, avg 1.162 ms, 860.942 ops/sec
Benchmark complete
[SGXSan] ALWAYS: Enter enc_wolfSSL_connect
[SGXSan] ALWAYS: Enter wc_test
------------------------------------------------------------------------------
 wolfSSL version 5.1.0
------------------------------------------------------------------------------
error    test passed!
MEMORY   test passed!
base64   test passed!
asn      test passed!
RANDOM   test passed!
MD5      test passed!
MD4      test passed!
SHA      test passed!
SHA-256  test passed!
Hash     test passed!
HMAC-MD5 test passed!
HMAC-SHA test passed!
HMAC-SHA256 test passed!
GMAC     test passed!
HC-128   test passed!
Rabbit   test passed!
DES      test passed!
DES3     test passed!
AES      test passed!
AES192   test passed!
AES256   test passed!
AES-GCM  test passed!
RSA      test passed!
DH       test passed!
DSA      test passed!
PWDBASED test passed!
ECC      test passed!
ECC buffer test passed!
logging  test passed!
mutex    test passed!
memcb    test failed!
 error = -13803
[SGXSan] ALWAYS: Enter enc_wolfSSL_CTX_free
[SGXSan] ALWAYS: Enter enc_wolfSSL_Debugging_ON
[SGXSan] ALWAYS: Enter enc_wolfSSL_CTX_use_certificate_chain_buffer_format
[SGXSan] ALWAYS: Enter enc_wolfSSL_Cleanup
[SGXSan] ALWAYS: Enter enc_wolfSSL_read
[SGXSan] ALWAYS: Enter enc_wolfSSL_set_fd
[SGXSan] ALWAYS: Enter enc_wolfTLSv1_2_client_method
[SGXSan] ALWAYS: Enter enc_wolfSSL_CTX_new
[SGXSan] ALWAYS: Enter enc_wolfSSL_read
[SGXSan] ALWAYS: Enter enc_wolfSSL_CTX_set_cipher_list
[SGXSan] ALWAYS: Enter enc_wolfSSL_CTX_free
[SGXSan] ALWAYS: Enter enc_wolfSSL_new
[SGXSan] ALWAYS: Enter enc_wolfSSL_CTX_use_PrivateKey_buffer
[SGXSan] ALWAYS: Enter enc_wolfTLSv1_2_server_method
[SGXSan] ALWAYS: Enter enc_wolfSSL_CTX_load_verify_buffer
[SGXSan] ALWAYS: Enter enc_wolfSSL_connect
[SGXSan] ALWAYS: Enter enc_wolfSSL_Debugging_OFF
[SGXSan] ALWAYS: Enter enc_wolfSSL_CTX_use_certificate_buffer
[SGXSan] ALWAYS: Enter enc_wolfSSL_free
[SGXSan] ALWAYS: Enter enc_wolfSSL_Init
[SGXSan] ALWAYS: Enter enc_wolfSSL_CTX_use_certificate_chain_buffer_format
[SGXSan] ALWAYS: Enter wc_benchmark_test
------------------------------------------------------------------------------
 wolfSSL version 5.1.0
------------------------------------------------------------------------------
wolfCrypt Benchmark (block bytes 1048576, min 1.0 sec each)
RNG                 15 MB took 1.128 seconds,   13.298 MB/s
AES-128-CBC-enc     35 MB took 1.063 seconds,   32.925 MB/s
AES-128-CBC-dec     35 MB took 1.141 seconds,   30.670 MB/s
AES-192-CBC-enc     30 MB took 1.059 seconds,   28.335 MB/s
AES-192-CBC-dec     30 MB took 1.126 seconds,   26.642 MB/s
AES-256-CBC-enc     30 MB took 1.167 seconds,   25.709 MB/s
AES-256-CBC-dec     25 MB took 1.046 seconds,   23.901 MB/s
AES-128-GCM-enc     25 MB took 1.044 seconds,   23.955 MB/s
AES-128-GCM-dec     25 MB took 1.047 seconds,   23.874 MB/s
AES-192-GCM-enc     25 MB took 1.163 seconds,   21.501 MB/s
AES-192-GCM-dec     25 MB took 1.165 seconds,   21.467 MB/s
AES-256-GCM-enc     20 MB took 1.025 seconds,   19.503 MB/s
AES-256-GCM-dec     20 MB took 1.016 seconds,   19.694 MB/s
GMAC Table 4-bit    68 MB took 1.002 seconds,   67.887 MB/s
RABBIT              95 MB took 1.042 seconds,   91.143 MB/s
3DES                10 MB took 1.087 seconds,    9.199 MB/s
MD5                300 MB took 1.010 seconds,  297.140 MB/s
SHA                130 MB took 1.019 seconds,  127.552 MB/s
SHA-256             35 MB took 1.139 seconds,   30.727 MB/s
HMAC-MD5           305 MB took 1.008 seconds,  302.528 MB/s
HMAC-SHA           130 MB took 1.012 seconds,  128.477 MB/s
HMAC-SHA256         35 MB took 1.150 seconds,   30.442 MB/s
PBKDF2               4 KB took 1.002 seconds,    3.774 KB/s
RSA     2048 public       1400 ops took 1.011 sec, avg 0.722 ms, 1385.269 ops/sec
RSA     2048 private       100 ops took 4.146 sec, avg 41.464 ms, 24.117 ops/sec
DH      2048 key gen        38 ops took 1.006 sec, avg 26.475 ms, 37.771 ops/sec
DH      2048 agree         100 ops took 2.611 sec, avg 26.109 ms, 38.301 ops/sec
ECC   [      SECP256R1]   256 key gen       861 ops took 1.001 sec, avg 1.163 ms, 860.138 ops/sec
ECDHE [      SECP256R1]   256 agree        1000 ops took 1.109 sec, avg 1.109 ms, 901.739 ops/sec
ECDSA [      SECP256R1]   256 sign         1300 ops took 1.069 sec, avg 0.822 ms, 1216.248 ops/sec
ECDSA [      SECP256R1]   256 verify        900 ops took 1.028 sec, avg 1.143 ms, 875.159 ops/sec
Benchmark complete
[SGXSan] ALWAYS: Enter enc_wolfSSL_Debugging_ON
[SGXSan] ALWAYS: Enter wc_test
------------------------------------------------------------------------------
 wolfSSL version 5.1.0
------------------------------------------------------------------------------
error    test passed!
MEMORY   test passed!
base64   test passed!
asn      test passed!
RANDOM   test passed!
MD5      test passed!
MD4      test passed!
SHA      test passed!
SHA-256  test passed!
Hash     test passed!
HMAC-MD5 test passed!
HMAC-SHA test passed!
HMAC-SHA256 test passed!
GMAC     test passed!
HC-128   test passed!
Rabbit   test passed!
DES      test passed!
DES3     test passed!
AES      test passed!
AES192   test passed!
AES256   test passed!
AES-GCM  test passed!
RSA      test passed!
DH       test passed!
DSA      test passed!
PWDBASED test passed!
ECC      test passed!
ECC buffer test passed!
logging  test passed!
mutex    test passed!
memcb    test failed!
 error = -13803
[SGXSan] ALWAYS: Enter enc_wolfSSL_Cleanup
[SGXSan] ALWAYS: Enter enc_wolfSSL_write
[SGXSan] ALWAYS: Enter enc_wolfSSL_get_error
#4	pulse  cov: 6291 ft: 6296 corp: 2/723Kb exec/s: 0 rss: 65Mb
#4	INITED cov: 6291 ft: 6296 corp: 2/723Kb exec/s: 0 rss: 65Mb
#4	DONE   cov: 6291 ft: 6296 corp: 2/723Kb lim: 370191 exec/s: 0 rss: 65Mb
Done 4 runs in 169 second(s)
stat::number_of_executed_units: 4
stat::average_exec_per_sec:     0
stat::new_units_added:          0
stat::slowest_unit_time_sec:    42
stat::peak_rss_mb:              65
