WARNING: Failed to find function "__sanitizer_acquire_crash_state".
WARNING: Failed to find function "__sanitizer_print_stack_trace".
WARNING: Failed to find function "__sanitizer_set_death_callback".
[2023-01-15 16:46:19.253] [Init] Num of ECall: 22
[2023-01-15 16:46:19.253] ECalls:
  0 - fuzz_enc_wolfSSL_CTX_free
  1 - fuzz_enc_wolfSSL_CTX_load_verify_buffer
  2 - fuzz_enc_wolfSSL_CTX_new
  3 - fuzz_enc_wolfSSL_CTX_set_cipher_list
  4 - fuzz_enc_wolfSSL_CTX_use_PrivateKey_buffer
  5 - fuzz_enc_wolfSSL_CTX_use_certificate_buffer
  6 - fuzz_enc_wolfSSL_CTX_use_certificate_chain_buffer_format
  7 - fuzz_enc_wolfSSL_Cleanup
  8 - fuzz_enc_wolfSSL_Debugging_OFF
  9 - fuzz_enc_wolfSSL_Debugging_ON
  10 - fuzz_enc_wolfSSL_Init
  11 - fuzz_enc_wolfSSL_connect
  12 - fuzz_enc_wolfSSL_free
  13 - fuzz_enc_wolfSSL_get_error
  14 - fuzz_enc_wolfSSL_new
  15 - fuzz_enc_wolfSSL_read
  16 - fuzz_enc_wolfSSL_set_fd
  17 - fuzz_enc_wolfSSL_write
  18 - fuzz_enc_wolfTLSv1_2_client_method
  19 - fuzz_enc_wolfTLSv1_2_server_method
  20 - fuzz_wc_benchmark_test
  21 - fuzz_wc_test

INFO: found LLVMFuzzerCustomMutator (0x44ac30). Disabling -len_control by default.
INFO: libFuzzer ignores flags that start with '--'
INFO: Running with entropic power schedule (0xFF, 100).
INFO: Seed: 1682823920
INFO: Loaded 1 modules   (291 inline 8-bit counters): 291 [0x4cb7e8, 0x4cb90b), 
INFO: Loaded 1 PC tables (291 PCs): 291 [0x4cb910,0x4ccb40), 
INFO:        0 files found in /tmp/libFuzzerTemp.FuzzWithFork422940.dir/C17
[SGXSan] ALWAYS: Hook __sanitizer_cov_8bit_counters_init of Enclave, 21636 inline 8-bit counts [0x7f7e174599c0, 0x7f7e1745ee44) (First time)
[SGXSan] ALWAYS: Hook __sanitizer_cov_pcs_init of Enclave, 21636 PCs [0x7f7e1745ee48, 0x7f7e174b3688) (First time)
[SGXSan] ALWAYS: Enter enc_wolfSSL_CTX_free
[SGXSan] ALWAYS: Enter enc_wolfSSL_CTX_load_verify_buffer
[SGXSan] ALWAYS: Enter enc_wolfSSL_CTX_new
[SGXSan] ALWAYS: Enter enc_wolfSSL_CTX_set_cipher_list
[SGXSan] ALWAYS: Enter enc_wolfSSL_CTX_use_PrivateKey_buffer
[SGXSan] ALWAYS: Enter enc_wolfSSL_CTX_use_certificate_buffer
[SGXSan] ALWAYS: Enter enc_wolfSSL_CTX_use_certificate_chain_buffer_format
[SGXSan] ALWAYS: Enter enc_wolfSSL_Cleanup
[SGXSan] ALWAYS: Enter enc_wolfSSL_Debugging_OFF
[SGXSan] ALWAYS: Enter enc_wolfSSL_Debugging_ON
[SGXSan] ALWAYS: Enter enc_wolfSSL_Init
[SGXSan] ALWAYS: Enter enc_wolfSSL_connect
[SGXSan] ALWAYS: Enter enc_wolfSSL_free
[SGXSan] ALWAYS: Enter enc_wolfSSL_get_error
[SGXSan] ALWAYS: Enter enc_wolfSSL_new
[SGXSan] ALWAYS: Enter enc_wolfSSL_read
[SGXSan] ALWAYS: Enter enc_wolfSSL_set_fd
[SGXSan] ALWAYS: Enter enc_wolfSSL_write
[SGXSan] ALWAYS: Enter enc_wolfTLSv1_2_client_method
[SGXSan] ALWAYS: Enter enc_wolfTLSv1_2_server_method
[SGXSan] ALWAYS: Enter wc_benchmark_test
------------------------------------------------------------------------------
 wolfSSL version 5.1.0
------------------------------------------------------------------------------
wolfCrypt Benchmark (block bytes 1048576, min 1.0 sec each)
RNG                 15 MB took 1.143 seconds,   13.125 MB/s
AES-128-CBC-enc     35 MB took 1.064 seconds,   32.882 MB/s
AES-128-CBC-dec     35 MB took 1.141 seconds,   30.681 MB/s
AES-192-CBC-enc     30 MB took 1.048 seconds,   28.636 MB/s
AES-192-CBC-dec     30 MB took 1.144 seconds,   26.214 MB/s
AES-256-CBC-enc     30 MB took 1.200 seconds,   24.997 MB/s
AES-256-CBC-dec     25 MB took 1.050 seconds,   23.811 MB/s
AES-128-GCM-enc     25 MB took 1.067 seconds,   23.426 MB/s
AES-128-GCM-dec     25 MB took 1.065 seconds,   23.470 MB/s
AES-192-GCM-enc     25 MB took 1.168 seconds,   21.408 MB/s
AES-192-GCM-dec     25 MB took 1.194 seconds,   20.938 MB/s
AES-256-GCM-enc     20 MB took 1.013 seconds,   19.735 MB/s
AES-256-GCM-dec     20 MB took 1.021 seconds,   19.582 MB/s
GMAC Table 4-bit    69 MB took 1.003 seconds,   68.818 MB/s
RABBIT              90 MB took 1.005 seconds,   89.574 MB/s
3DES                10 MB took 1.112 seconds,    8.994 MB/s
MD5                305 MB took 1.014 seconds,  300.768 MB/s
SHA                130 MB took 1.028 seconds,  126.400 MB/s
SHA-256             35 MB took 1.144 seconds,   30.605 MB/s
HMAC-MD5           305 MB took 1.002 seconds,  304.391 MB/s
HMAC-SHA           130 MB took 1.028 seconds,  126.417 MB/s
HMAC-SHA256         35 MB took 1.128 seconds,   31.023 MB/s
PBKDF2               4 KB took 1.007 seconds,    3.786 KB/s
RSA     2048 public       1400 ops took 1.014 sec, avg 0.725 ms, 1380.213 ops/sec
RSA     2048 private       100 ops took 3.731 sec, avg 37.306 ms, 26.805 ops/sec
DH      2048 key gen        65 ops took 1.012 sec, avg 15.571 ms, 64.222 ops/sec
DH      2048 agree         100 ops took 1.534 sec, avg 15.340 ms, 65.188 ops/sec
ECC   [      SECP256R1]   256 key gen      1406 ops took 1.001 sec, avg 0.712 ms, 1404.975 ops/sec
ECDHE [      SECP256R1]   256 agree        1000 ops took 1.086 sec, avg 1.086 ms, 920.701 ops/sec
ECDSA [      SECP256R1]   256 sign         1300 ops took 1.076 sec, avg 0.828 ms, 1208.000 ops/sec
ECDSA [      SECP256R1]   256 verify        900 ops took 1.051 sec, avg 1.168 ms, 856.052 ops/sec
Benchmark complete
[SGXSan] ALWAYS: Enter wc_test
INFO: A corpus is not provided, starting from an empty corpus
------------------------------------------------------------------------------
 wolfSSL version 5.1.0
------------------------------------------------------------------------------
error    test passed!
MEMORY   test passed!
base64   test passed!
asn      test passed!
RANDOM   test passed!
MD5      test passed!
MD4      test passed!
SHA      test passed!
SHA-256  test passed!
Hash     test passed!
HMAC-MD5 test passed!
HMAC-SHA test passed!
HMAC-SHA256 test passed!
GMAC     test passed!
HC-128   test passed!
Rabbit   test passed!
DES      test passed!
DES3     test passed!
AES      test passed!
AES192   test passed!
AES256   test passed!
AES-GCM  test passed!
RSA      test passed!
DH       test passed!
DSA      test passed!
PWDBASED test passed!
ECC      test passed!
ECC buffer test passed!
logging  test passed!
mutex    test passed!
memcb    test passed!
Test complete
[SGXSan] ALWAYS: Enter enc_wolfSSL_Init
[SGXSan] ALWAYS: Enter enc_wolfSSL_CTX_free
[SGXSan] ALWAYS: Enter enc_wolfSSL_CTX_load_verify_buffer
[SGXSan] ALWAYS: Enter enc_wolfSSL_CTX_new
[SGXSan] ALWAYS: Enter enc_wolfSSL_CTX_set_cipher_list
[SGXSan] ALWAYS: Enter enc_wolfSSL_CTX_use_PrivateKey_buffer
[SGXSan] ALWAYS: Enter enc_wolfSSL_CTX_use_certificate_buffer
[SGXSan] ALWAYS: Enter enc_wolfSSL_CTX_use_certificate_chain_buffer_format
[SGXSan] ALWAYS: Enter enc_wolfSSL_Cleanup
[SGXSan] ALWAYS: Enter enc_wolfSSL_Debugging_OFF
[SGXSan] ALWAYS: Enter enc_wolfSSL_Debugging_ON
[SGXSan] ALWAYS: Enter enc_wolfSSL_connect
[SGXSan] ALWAYS: Enter enc_wolfSSL_free
[SGXSan] ALWAYS: Enter enc_wolfSSL_get_error
[SGXSan] ALWAYS: Enter enc_wolfSSL_new
[SGXSan] ALWAYS: Enter enc_wolfSSL_read
[SGXSan] ALWAYS: Enter enc_wolfSSL_set_fd
[SGXSan] ALWAYS: Enter enc_wolfSSL_write
[SGXSan] ALWAYS: Enter enc_wolfTLSv1_2_client_method
[SGXSan] ALWAYS: Enter enc_wolfTLSv1_2_server_method
[SGXSan] ALWAYS: Enter wc_benchmark_test
------------------------------------------------------------------------------
 wolfSSL version 5.1.0
------------------------------------------------------------------------------
wolfCrypt Benchmark (block bytes 1048576, min 1.0 sec each)
RNG                 15 MB took 1.168 seconds,   12.839 MB/s
AES-128-CBC-enc     35 MB took 1.087 seconds,   32.191 MB/s
AES-128-CBC-dec     35 MB took 1.167 seconds,   29.992 MB/s
AES-192-CBC-enc     30 MB took 1.082 seconds,   27.723 MB/s
AES-192-CBC-dec     30 MB took 1.171 seconds,   25.625 MB/s
AES-256-CBC-enc     25 MB took 1.084 seconds,   23.059 MB/s
AES-256-CBC-dec     25 MB took 1.057 seconds,   23.647 MB/s
AES-128-GCM-enc     25 MB took 1.070 seconds,   23.371 MB/s
AES-128-GCM-dec     25 MB took 1.046 seconds,   23.891 MB/s
AES-192-GCM-enc     25 MB took 1.167 seconds,   21.429 MB/s
AES-192-GCM-dec     25 MB took 1.169 seconds,   21.393 MB/s
AES-256-GCM-enc     20 MB took 1.013 seconds,   19.743 MB/s
AES-256-GCM-dec     20 MB took 1.005 seconds,   19.893 MB/s
GMAC Table 4-bit    69 MB took 1.003 seconds,   68.766 MB/s
RABBIT              95 MB took 1.049 seconds,   90.553 MB/s
3DES                10 MB took 1.078 seconds,    9.276 MB/s
MD5                305 MB took 1.007 seconds,  302.905 MB/s
SHA                130 MB took 1.037 seconds,  125.302 MB/s
SHA-256             35 MB took 1.154 seconds,   30.328 MB/s
HMAC-MD5           300 MB took 1.007 seconds,  297.920 MB/s
HMAC-SHA           130 MB took 1.027 seconds,  126.529 MB/s
HMAC-SHA256         35 MB took 1.156 seconds,   30.265 MB/s
PBKDF2               4 KB took 1.003 seconds,    3.801 KB/s
RSA     2048 public       1500 ops took 1.069 sec, avg 0.713 ms, 1403.027 ops/sec
RSA     2048 private       100 ops took 3.648 sec, avg 36.482 ms, 27.411 ops/sec
DH      2048 key gen        66 ops took 1.009 sec, avg 15.284 ms, 65.427 ops/sec
DH      2048 agree         100 ops took 1.545 sec, avg 15.454 ms, 64.708 ops/sec
ECC   [      SECP256R1]   256 key gen      1420 ops took 1.000 sec, avg 0.704 ms, 1419.817 ops/sec
ECDHE [      SECP256R1]   256 agree        1000 ops took 1.097 sec, avg 1.097 ms, 911.389 ops/sec
ECDSA [      SECP256R1]   256 sign         1200 ops took 1.008 sec, avg 0.840 ms, 1190.771 ops/sec
ECDSA [      SECP256R1]   256 verify        900 ops took 1.051 sec, avg 1.167 ms, 856.642 ops/sec
Benchmark complete
[SGXSan] ALWAYS: Enter wc_test
#2	pulse  ft: 6288 exec/s: 0 rss: 48Mb
Slowest unit: 42 s:
artifact_prefix='./crashes/'; Test unit written to ./crashes/slow-unit-adc83b19e793491b1c6ea0fd8b46cd9f32e592fc
Base64: Cg==
#2	INITED cov: 6288 ft: 6288 corp: 1/1b exec/s: 0 rss: 49Mb
#2	DONE   cov: 6288 ft: 6288 corp: 1/1b lim: 4 exec/s: 0 rss: 49Mb
Done 2 runs in 84 second(s)
stat::number_of_executed_units: 2
stat::average_exec_per_sec:     0
stat::new_units_added:          0
stat::slowest_unit_time_sec:    42
stat::peak_rss_mb:              49
------------------------------------------------------------------------------
 wolfSSL version 5.1.0
------------------------------------------------------------------------------
error    test passed!
MEMORY   test passed!
base64   test passed!
asn      test passed!
RANDOM   test passed!
MD5      test passed!
MD4      test passed!
SHA      test passed!
SHA-256  test passed!
Hash     test passed!
HMAC-MD5 test passed!
HMAC-SHA test passed!
HMAC-SHA256 test passed!
GMAC     test passed!
HC-128   test passed!
Rabbit   test passed!
DES      test passed!
DES3     test passed!
AES      test passed!
AES192   test passed!
AES256   test passed!
AES-GCM  test passed!
RSA      test passed!
DH       test passed!
DSA      test passed!
PWDBASED test passed!
ECC      test passed!
ECC buffer test passed!
logging  test passed!
mutex    test passed!
memcb    test failed!
 error = -13803
