WARNING: Failed to find function "__sanitizer_acquire_crash_state".
WARNING: Failed to find function "__sanitizer_print_stack_trace".
WARNING: Failed to find function "__sanitizer_set_death_callback".
[2023-01-15 18:45:02.145] [Init] Num of ECall: 22
[2023-01-15 18:45:02.145] ECalls:
  0 - fuzz_enc_wolfSSL_CTX_free
  1 - fuzz_enc_wolfSSL_CTX_load_verify_buffer
  2 - fuzz_enc_wolfSSL_CTX_new
  3 - fuzz_enc_wolfSSL_CTX_set_cipher_list
  4 - fuzz_enc_wolfSSL_CTX_use_PrivateKey_buffer
  5 - fuzz_enc_wolfSSL_CTX_use_certificate_buffer
  6 - fuzz_enc_wolfSSL_CTX_use_certificate_chain_buffer_format
  7 - fuzz_enc_wolfSSL_Cleanup
  8 - fuzz_enc_wolfSSL_Debugging_OFF
  9 - fuzz_enc_wolfSSL_Debugging_ON
  10 - fuzz_enc_wolfSSL_Init
  11 - fuzz_enc_wolfSSL_connect
  12 - fuzz_enc_wolfSSL_free
  13 - fuzz_enc_wolfSSL_get_error
  14 - fuzz_enc_wolfSSL_new
  15 - fuzz_enc_wolfSSL_read
  16 - fuzz_enc_wolfSSL_set_fd
  17 - fuzz_enc_wolfSSL_write
  18 - fuzz_enc_wolfTLSv1_2_client_method
  19 - fuzz_enc_wolfTLSv1_2_server_method
  20 - fuzz_wc_benchmark_test
  21 - fuzz_wc_test

INFO: found LLVMFuzzerCustomMutator (0x44ac30). Disabling -len_control by default.
INFO: libFuzzer ignores flags that start with '--'
INFO: Running with entropic power schedule (0xFF, 100).
INFO: Seed: 3519007940
INFO: Loaded 1 modules   (291 inline 8-bit counters): 291 [0x4cb7e8, 0x4cb90b), 
INFO: Loaded 1 PC tables (291 PCs): 291 [0x4cb910,0x4ccb40), 
INFO:        0 files found in /tmp/libFuzzerTemp.FuzzWithFork422940.dir/C171
[SGXSan] ALWAYS: Hook __sanitizer_cov_8bit_counters_init of Enclave, 21636 inline 8-bit counts [0x7f36023269c0, 0x7f360232be44) (First time)
[SGXSan] ALWAYS: Hook __sanitizer_cov_pcs_init of Enclave, 21636 PCs [0x7f360232be48, 0x7f3602380688) (First time)
[SGXSan] ALWAYS: Enter enc_wolfSSL_CTX_free
[SGXSan] ALWAYS: Enter enc_wolfSSL_CTX_load_verify_buffer
[SGXSan] ALWAYS: Enter enc_wolfSSL_CTX_new
[SGXSan] ALWAYS: Enter enc_wolfSSL_CTX_set_cipher_list
[SGXSan] ALWAYS: Enter enc_wolfSSL_CTX_use_PrivateKey_buffer
[SGXSan] ALWAYS: Enter enc_wolfSSL_CTX_use_certificate_buffer
[SGXSan] ALWAYS: Enter enc_wolfSSL_CTX_use_certificate_chain_buffer_format
[SGXSan] ALWAYS: Enter enc_wolfSSL_Cleanup
[SGXSan] ALWAYS: Enter enc_wolfSSL_Debugging_OFF
[SGXSan] ALWAYS: Enter enc_wolfSSL_Debugging_ON
[SGXSan] ALWAYS: Enter enc_wolfSSL_Init
[SGXSan] ALWAYS: Enter enc_wolfSSL_connect
[SGXSan] ALWAYS: Enter enc_wolfSSL_free
[SGXSan] ALWAYS: Enter enc_wolfSSL_get_error
[SGXSan] ALWAYS: Enter enc_wolfSSL_new
[SGXSan] ALWAYS: Enter enc_wolfSSL_read
[SGXSan] ALWAYS: Enter enc_wolfSSL_set_fd
[SGXSan] ALWAYS: Enter enc_wolfSSL_write
[SGXSan] ALWAYS: Enter enc_wolfTLSv1_2_client_method
[SGXSan] ALWAYS: Enter enc_wolfTLSv1_2_server_method
[SGXSan] ALWAYS: Enter wc_benchmark_test
------------------------------------------------------------------------------
 wolfSSL version 5.1.0
------------------------------------------------------------------------------
wolfCrypt Benchmark (block bytes 1048576, min 1.0 sec each)
RNG                 15 MB took 1.153 seconds,   13.005 MB/s
AES-128-CBC-enc     35 MB took 1.074 seconds,   32.575 MB/s
AES-128-CBC-dec     30 MB took 1.004 seconds,   29.872 MB/s
AES-192-CBC-enc     30 MB took 1.119 seconds,   26.801 MB/s
AES-192-CBC-dec     30 MB took 1.159 seconds,   25.892 MB/s
AES-256-CBC-enc     25 MB took 1.009 seconds,   24.769 MB/s
AES-256-CBC-dec     25 MB took 1.055 seconds,   23.701 MB/s
AES-128-GCM-enc     25 MB took 1.062 seconds,   23.542 MB/s
AES-128-GCM-dec     25 MB took 1.090 seconds,   22.928 MB/s
AES-192-GCM-enc     25 MB took 1.186 seconds,   21.086 MB/s
AES-192-GCM-dec     25 MB took 1.199 seconds,   20.845 MB/s
AES-256-GCM-enc     20 MB took 1.040 seconds,   19.230 MB/s
AES-256-GCM-dec     20 MB took 1.033 seconds,   19.369 MB/s
GMAC Table 4-bit    67 MB took 1.007 seconds,   66.548 MB/s
RABBIT              90 MB took 1.004 seconds,   89.626 MB/s
3DES                10 MB took 1.109 seconds,    9.013 MB/s
MD5                300 MB took 1.002 seconds,  299.424 MB/s
SHA                130 MB took 1.039 seconds,  125.158 MB/s
SHA-256             35 MB took 1.159 seconds,   30.196 MB/s
HMAC-MD5           305 MB took 1.017 seconds,  299.925 MB/s
HMAC-SHA           125 MB took 1.003 seconds,  124.665 MB/s
HMAC-SHA256         35 MB took 1.158 seconds,   30.230 MB/s
PBKDF2               4 KB took 1.007 seconds,    3.723 KB/s
RSA     2048 public       1400 ops took 1.042 sec, avg 0.744 ms, 1343.882 ops/sec
RSA     2048 private       100 ops took 3.743 sec, avg 37.427 ms, 26.719 ops/sec
DH      2048 key gen        63 ops took 1.004 sec, avg 15.941 ms, 62.733 ops/sec
DH      2048 agree         100 ops took 1.613 sec, avg 16.134 ms, 61.982 ops/sec
ECC   [      SECP256R1]   256 key gen      1343 ops took 1.000 sec, avg 0.745 ms, 1342.603 ops/sec
ECDHE [      SECP256R1]   256 agree         900 ops took 1.001 sec, avg 1.112 ms, 898.926 ops/sec
ECDSA [      SECP256R1]   256 sign         1200 ops took 1.014 sec, avg 0.845 ms, 1183.217 ops/sec
ECDSA [      SECP256R1]   256 verify        900 ops took 1.071 sec, avg 1.189 ms, 840.711 ops/sec
Benchmark complete
[SGXSan] ALWAYS: Enter wc_test
INFO: seed corpus: files: 3 min: 370191b max: 370191b total: 1110573b rss: 43Mb
------------------------------------------------------------------------------
 wolfSSL version 5.1.0
------------------------------------------------------------------------------
error    test passed!
MEMORY   test passed!
base64   test passed!
asn      test passed!
RANDOM   test passed!
MD5      test passed!
MD4      test passed!
SHA      test passed!
SHA-256  test passed!
Hash     test passed!
HMAC-MD5 test passed!
HMAC-SHA test passed!
HMAC-SHA256 test passed!
GMAC     test passed!
HC-128   test passed!
Rabbit   test passed!
DES      test passed!
DES3     test passed!
AES      test passed!
AES192   test passed!
AES256   test passed!
AES-GCM  test passed!
RSA      test passed!
DH       test passed!
DSA      test passed!
PWDBASED test passed!
ECC      test passed!
ECC buffer test passed!
logging  test passed!
mutex    test passed!
memcb    test passed!
Test complete
[SGXSan] ALWAYS: Enter enc_wolfSSL_new
[SGXSan] ALWAYS: Enter wc_test
------------------------------------------------------------------------------
 wolfSSL version 5.1.0
------------------------------------------------------------------------------
error    test passed!
MEMORY   test passed!
base64   test passed!
asn      test passed!
RANDOM   test passed!
MD5      test passed!
MD4      test passed!
SHA      test passed!
SHA-256  test passed!
Hash     test passed!
HMAC-MD5 test passed!
HMAC-SHA test passed!
HMAC-SHA256 test passed!
GMAC     test passed!
HC-128   test passed!
Rabbit   test passed!
DES      test passed!
DES3     test passed!
AES      test passed!
AES192   test passed!
AES256   test passed!
AES-GCM  test passed!
RSA      test passed!
DH       test passed!
DSA      test passed!
PWDBASED test passed!
ECC      test passed!
ECC buffer test passed!
logging  test passed!
mutex    test passed!
memcb    test failed!
 error = -13803
[SGXSan] ALWAYS: Enter enc_wolfSSL_CTX_use_certificate_chain_buffer_format
[SGXSan] ALWAYS: Enter enc_wolfSSL_write
[SGXSan] ALWAYS: Enter enc_wolfSSL_get_error
[SGXSan] ALWAYS: Enter enc_wolfSSL_CTX_load_verify_buffer
[SGXSan] ALWAYS: Enter enc_wolfSSL_CTX_use_PrivateKey_buffer
[SGXSan] ALWAYS: Enter enc_wolfSSL_CTX_use_certificate_buffer
[SGXSan] ALWAYS: Enter enc_wolfTLSv1_2_server_method
[SGXSan] ALWAYS: Enter enc_wolfSSL_Debugging_ON
[SGXSan] ALWAYS: Enter enc_wolfSSL_CTX_new
[SGXSan] ALWAYS: Enter enc_wolfSSL_Cleanup
[SGXSan] ALWAYS: Enter enc_wolfSSL_connect
[SGXSan] ALWAYS: Enter wc_benchmark_test
------------------------------------------------------------------------------
 wolfSSL version 5.1.0
------------------------------------------------------------------------------
wolfCrypt Benchmark (block bytes 1048576, min 1.0 sec each)
RNG                 15 MB took 1.159 seconds,   12.939 MB/s
AES-128-CBC-enc     35 MB took 1.080 seconds,   32.420 MB/s
AES-128-CBC-dec     30 MB took 1.002 seconds,   29.939 MB/s
AES-192-CBC-enc     30 MB took 1.097 seconds,   27.338 MB/s
AES-192-CBC-dec     30 MB took 1.148 seconds,   26.127 MB/s
AES-256-CBC-enc     30 MB took 1.198 seconds,   25.050 MB/s
AES-256-CBC-dec     25 MB took 1.058 seconds,   23.632 MB/s
AES-128-GCM-enc     25 MB took 1.086 seconds,   23.023 MB/s
AES-128-GCM-dec     25 MB took 1.085 seconds,   23.040 MB/s
AES-192-GCM-enc     25 MB took 1.205 seconds,   20.753 MB/s
AES-192-GCM-dec     25 MB took 1.192 seconds,   20.972 MB/s
AES-256-GCM-enc     20 MB took 1.047 seconds,   19.108 MB/s
AES-256-GCM-dec     20 MB took 1.041 seconds,   19.209 MB/s
GMAC Table 4-bit    68 MB took 1.012 seconds,   67.214 MB/s
RABBIT              90 MB took 1.015 seconds,   88.699 MB/s
3DES                10 MB took 1.117 seconds,    8.951 MB/s
MD5                300 MB took 1.012 seconds,  296.560 MB/s
SHA                125 MB took 1.000 seconds,  124.985 MB/s
SHA-256             35 MB took 1.148 seconds,   30.487 MB/s
HMAC-MD5           300 MB took 1.013 seconds,  296.020 MB/s
HMAC-SHA           125 MB took 1.009 seconds,  123.926 MB/s
HMAC-SHA256         30 MB took 1.000 seconds,   29.995 MB/s
PBKDF2               4 KB took 1.001 seconds,    3.684 KB/s
RSA     2048 public       1400 ops took 1.030 sec, avg 0.736 ms, 1358.760 ops/sec
RSA     2048 private       100 ops took 3.791 sec, avg 37.910 ms, 26.378 ops/sec
DH      2048 key gen        63 ops took 1.007 sec, avg 15.978 ms, 62.585 ops/sec
DH      2048 agree         100 ops took 1.587 sec, avg 15.869 ms, 63.015 ops/sec
ECC   [      SECP256R1]   256 key gen      1377 ops took 1.000 sec, avg 0.726 ms, 1376.511 ops/sec
ECDHE [      SECP256R1]   256 agree         900 ops took 1.027 sec, avg 1.141 ms, 876.335 ops/sec
ECDSA [      SECP256R1]   256 sign         1200 ops took 1.008 sec, avg 0.840 ms, 1190.417 ops/sec
ECDSA [      SECP256R1]   256 verify        900 ops took 1.063 sec, avg 1.181 ms, 846.855 ops/sec
Benchmark complete
[SGXSan] ALWAYS: Enter enc_wolfSSL_free
[SGXSan] ALWAYS: Enter enc_wolfSSL_set_fd
[SGXSan] ALWAYS: Enter enc_wolfTLSv1_2_client_method
[SGXSan] ALWAYS: Enter enc_wolfSSL_Init
[SGXSan] ALWAYS: Enter enc_wolfSSL_CTX_set_cipher_list
[SGXSan] ALWAYS: Enter enc_wolfSSL_Debugging_OFF
[SGXSan] ALWAYS: Enter enc_wolfSSL_read
[SGXSan] ALWAYS: Enter enc_wolfSSL_CTX_free
#2	pulse  ft: 6298 exec/s: 0 rss: 49Mb
Slowest unit: 42 s:
artifact_prefix='./crashes/'; Test unit written to ./crashes/slow-unit-eea13a3d5a82fc21c5d57bf5c2da85a11c88d78c
[SGXSan] ALWAYS: Enter enc_wolfSSL_new
[SGXSan] ALWAYS: Enter enc_wolfSSL_CTX_use_PrivateKey_buffer
[SGXSan] ALWAYS: Enter enc_wolfSSL_write
[SGXSan] ALWAYS: Enter enc_wolfSSL_Debugging_OFF
[SGXSan] ALWAYS: Enter enc_wolfSSL_CTX_new
[SGXSan] ALWAYS: Enter enc_wolfSSL_Init
[SGXSan] ALWAYS: Enter enc_wolfSSL_get_error
[SGXSan] ALWAYS: Enter enc_wolfSSL_CTX_set_cipher_list
[SGXSan] ALWAYS: Enter enc_wolfSSL_CTX_use_certificate_buffer
[SGXSan] ALWAYS: Enter enc_wolfTLSv1_2_client_method
[SGXSan] ALWAYS: Enter enc_wolfSSL_CTX_load_verify_buffer
[SGXSan] ALWAYS: Enter enc_wolfSSL_free
[SGXSan] ALWAYS: Enter enc_wolfSSL_set_fd
[SGXSan] ALWAYS: Enter enc_wolfTLSv1_2_server_method
[SGXSan] ALWAYS: Enter wc_benchmark_test
------------------------------------------------------------------------------
 wolfSSL version 5.1.0
------------------------------------------------------------------------------
wolfCrypt Benchmark (block bytes 1048576, min 1.0 sec each)
RNG                 15 MB took 1.157 seconds,   12.966 MB/s
AES-128-CBC-enc     35 MB took 1.076 seconds,   32.527 MB/s
AES-128-CBC-dec     30 MB took 1.017 seconds,   29.504 MB/s
AES-192-CBC-enc     30 MB took 1.098 seconds,   27.311 MB/s
AES-192-CBC-dec     30 MB took 1.164 seconds,   25.763 MB/s
AES-256-CBC-enc     25 MB took 1.008 seconds,   24.802 MB/s
AES-256-CBC-dec     25 MB took 1.062 seconds,   23.549 MB/s
AES-128-GCM-enc     25 MB took 1.078 seconds,   23.193 MB/s
AES-128-GCM-dec     25 MB took 1.085 seconds,   23.051 MB/s
AES-192-GCM-enc     25 MB took 1.203 seconds,   20.786 MB/s
AES-192-GCM-dec     25 MB took 1.196 seconds,   20.895 MB/s
AES-256-GCM-enc     20 MB took 1.043 seconds,   19.169 MB/s
AES-256-GCM-dec     20 MB took 1.051 seconds,   19.025 MB/s
GMAC Table 4-bit    66 MB took 1.001 seconds,   65.927 MB/s
RABBIT              90 MB took 1.017 seconds,   88.498 MB/s
3DES                10 MB took 1.205 seconds,    8.295 MB/s
MD5                300 MB took 1.013 seconds,  296.231 MB/s
SHA                125 MB took 1.000 seconds,  124.985 MB/s
SHA-256             35 MB took 1.142 seconds,   30.654 MB/s
HMAC-MD5           305 MB took 1.007 seconds,  302.947 MB/s
HMAC-SHA           130 MB took 1.017 seconds,  127.820 MB/s
HMAC-SHA256         35 MB took 1.131 seconds,   30.951 MB/s
PBKDF2               4 KB took 1.003 seconds,    3.801 KB/s
RSA     2048 public       1400 ops took 1.016 sec, avg 0.726 ms, 1378.033 ops/sec
RSA     2048 private       100 ops took 3.663 sec, avg 36.633 ms, 27.298 ops/sec
DH      2048 key gen        65 ops took 1.014 sec, avg 15.593 ms, 64.133 ops/sec
DH      2048 agree         100 ops took 1.554 sec, avg 15.538 ms, 64.358 ops/sec
ECC   [      SECP256R1]   256 key gen      1410 ops took 1.000 sec, avg 0.709 ms, 1409.992 ops/sec
ECDHE [      SECP256R1]   256 agree        1000 ops took 1.083 sec, avg 1.083 ms, 923.626 ops/sec
ECDSA [      SECP256R1]   256 sign         1300 ops took 1.077 sec, avg 0.828 ms, 1207.534 ops/sec
ECDSA [      SECP256R1]   256 verify        900 ops took 1.042 sec, avg 1.157 ms, 864.109 ops/sec
Benchmark complete
[SGXSan] ALWAYS: Enter enc_wolfSSL_connect
[SGXSan] ALWAYS: Enter wc_test
------------------------------------------------------------------------------
 wolfSSL version 5.1.0
------------------------------------------------------------------------------
error    test passed!
MEMORY   test passed!
base64   test passed!
asn      test passed!
RANDOM   test passed!
MD5      test passed!
MD4      test passed!
SHA      test passed!
SHA-256  test passed!
Hash     test passed!
HMAC-MD5 test passed!
HMAC-SHA test passed!
HMAC-SHA256 test passed!
GMAC     test passed!
HC-128   test passed!
Rabbit   test passed!
DES      test passed!
DES3     test passed!
AES      test passed!
AES192   test passed!
AES256   test passed!
AES-GCM  test passed!
RSA      test passed!
DH       test passed!
DSA      test passed!
PWDBASED test passed!
ECC      test passed!
ECC buffer test passed!
logging  test passed!
mutex    test passed!
memcb    test failed!
 error = -13803
[SGXSan] ALWAYS: Enter enc_wolfSSL_CTX_free
[SGXSan] ALWAYS: Enter enc_wolfSSL_Debugging_ON
[SGXSan] ALWAYS: Enter enc_wolfSSL_CTX_use_certificate_chain_buffer_format
[SGXSan] ALWAYS: Enter enc_wolfSSL_Cleanup
[SGXSan] ALWAYS: Enter enc_wolfSSL_read
[SGXSan] ALWAYS: Enter enc_wolfSSL_new
[SGXSan] ALWAYS: Enter enc_wolfSSL_CTX_use_PrivateKey_buffer
[SGXSan] ALWAYS: Enter enc_wolfSSL_write
[SGXSan] ALWAYS: Enter enc_wolfSSL_Debugging_OFF
[SGXSan] ALWAYS: Enter enc_wolfSSL_CTX_new
[SGXSan] ALWAYS: Enter enc_wolfSSL_Init
[SGXSan] ALWAYS: Enter enc_wolfSSL_get_error
[SGXSan] ALWAYS: Enter enc_wolfSSL_CTX_set_cipher_list
[SGXSan] ALWAYS: Enter enc_wolfSSL_CTX_use_certificate_buffer
[SGXSan] ALWAYS: Enter enc_wolfTLSv1_2_client_method
[SGXSan] ALWAYS: Enter enc_wolfSSL_CTX_load_verify_buffer
[SGXSan] ALWAYS: Enter enc_wolfSSL_free
[SGXSan] ALWAYS: Enter enc_wolfSSL_set_fd
[SGXSan] ALWAYS: Enter enc_wolfTLSv1_2_server_method
[SGXSan] ALWAYS: Enter wc_benchmark_test
------------------------------------------------------------------------------
 wolfSSL version 5.1.0
------------------------------------------------------------------------------
wolfCrypt Benchmark (block bytes 1048576, min 1.0 sec each)
RNG                 15 MB took 1.134 seconds,   13.233 MB/s
AES-128-CBC-enc     35 MB took 1.053 seconds,   33.230 MB/s
AES-128-CBC-dec     35 MB took 1.168 seconds,   29.977 MB/s
AES-192-CBC-enc     30 MB took 1.060 seconds,   28.309 MB/s
AES-192-CBC-dec     30 MB took 1.130 seconds,   26.542 MB/s
AES-256-CBC-enc     30 MB took 1.173 seconds,   25.585 MB/s
AES-256-CBC-dec     25 MB took 1.039 seconds,   24.072 MB/s
AES-128-GCM-enc     25 MB took 1.063 seconds,   23.526 MB/s
AES-128-GCM-dec     25 MB took 1.054 seconds,   23.717 MB/s
AES-192-GCM-enc     25 MB took 1.179 seconds,   21.212 MB/s
AES-192-GCM-dec     25 MB took 1.171 seconds,   21.351 MB/s
AES-256-GCM-enc     20 MB took 1.010 seconds,   19.793 MB/s
AES-256-GCM-dec     20 MB took 1.038 seconds,   19.267 MB/s
GMAC Table 4-bit    69 MB took 1.008 seconds,   68.431 MB/s
RABBIT              95 MB took 1.049 seconds,   90.576 MB/s
3DES                10 MB took 1.086 seconds,    9.210 MB/s
MD5                300 MB took 1.005 seconds,  298.648 MB/s
SHA                125 MB took 1.000 seconds,  124.938 MB/s
SHA-256             35 MB took 1.136 seconds,   30.809 MB/s
HMAC-MD5           305 MB took 1.011 seconds,  301.663 MB/s
HMAC-SHA           130 MB took 1.034 seconds,  125.735 MB/s
HMAC-SHA256         35 MB took 1.145 seconds,   30.565 MB/s
PBKDF2               4 KB took 1.006 seconds,    3.727 KB/s
RSA     2048 public       1400 ops took 1.007 sec, avg 0.719 ms, 1390.228 ops/sec
RSA     2048 private       100 ops took 3.683 sec, avg 36.831 ms, 27.151 ops/sec
DH      2048 key gen        65 ops took 1.001 sec, avg 15.402 ms, 64.927 ops/sec
DH      2048 agree         100 ops took 1.562 sec, avg 15.616 ms, 64.037 ops/sec
ECC   [      SECP256R1]   256 key gen      1408 ops took 1.000 sec, avg 0.710 ms, 1407.700 ops/sec
ECDHE [      SECP256R1]   256 agree        1000 ops took 1.108 sec, avg 1.108 ms, 902.654 ops/sec
ECDSA [      SECP256R1]   256 sign         1200 ops took 1.004 sec, avg 0.836 ms, 1195.581 ops/sec
ECDSA [      SECP256R1]   256 verify        900 ops took 1.036 sec, avg 1.152 ms, 868.375 ops/sec
Benchmark complete
[SGXSan] ALWAYS: Enter enc_wolfSSL_connect
[SGXSan] ALWAYS: Enter wc_test
------------------------------------------------------------------------------
 wolfSSL version 5.1.0
------------------------------------------------------------------------------
error    test passed!
MEMORY   test passed!
base64   test passed!
asn      test passed!
RANDOM   test passed!
MD5      test passed!
MD4      test passed!
SHA      test passed!
SHA-256  test passed!
Hash     test passed!
HMAC-MD5 test passed!
HMAC-SHA test passed!
HMAC-SHA256 test passed!
GMAC     test passed!
HC-128   test passed!
Rabbit   test passed!
DES      test passed!
DES3     test passed!
AES      test passed!
AES192   test passed!
AES256   test passed!
AES-GCM  test passed!
RSA      test passed!
DH       test passed!
DSA      test passed!
PWDBASED test passed!
ECC      test passed!
ECC buffer test passed!
logging  test passed!
mutex    test passed!
memcb    test failed!
 error = -13803
[SGXSan] ALWAYS: Enter enc_wolfSSL_CTX_free
[SGXSan] ALWAYS: Enter enc_wolfSSL_Debugging_ON
[SGXSan] ALWAYS: Enter enc_wolfSSL_CTX_use_certificate_chain_buffer_format
[SGXSan] ALWAYS: Enter enc_wolfSSL_Cleanup
[SGXSan] ALWAYS: Enter enc_wolfSSL_read
#4	pulse  cov: 6298 ft: 6298 corp: 1/361Kb exec/s: 0 rss: 64Mb
#4	INITED cov: 6298 ft: 6298 corp: 1/361Kb exec/s: 0 rss: 64Mb
[SGXSan] ALWAYS: Enter enc_wolfSSL_new
[SGXSan] ALWAYS: Enter wc_test
------------------------------------------------------------------------------
 wolfSSL version 5.1.0
------------------------------------------------------------------------------
error    test passed!
MEMORY   test passed!
base64   test passed!
asn      test passed!
RANDOM   test passed!
MD5      test passed!
MD4      test passed!
SHA      test passed!
SHA-256  test passed!
Hash     test passed!
HMAC-MD5 test passed!
HMAC-SHA test passed!
HMAC-SHA256 test passed!
GMAC     test passed!
HC-128   test passed!
Rabbit   test passed!
DES      test passed!
DES3     test passed!
AES      test passed!
AES192   test passed!
AES256   test passed!
AES-GCM  test passed!
RSA      test passed!
DH       test passed!
DSA      test passed!
PWDBASED test passed!
ECC      test passed!
ECC buffer test passed!
logging  test passed!
mutex    test passed!
memcb    test failed!
 error = -13803
[SGXSan] ALWAYS: Enter enc_wolfSSL_CTX_use_certificate_chain_buffer_format
[SGXSan] ALWAYS: Enter enc_wolfSSL_write
[SGXSan] ALWAYS: Enter enc_wolfSSL_get_error
[SGXSan] ALWAYS: Enter enc_wolfSSL_CTX_load_verify_buffer
[SGXSan] ALWAYS: Enter enc_wolfSSL_CTX_use_PrivateKey_buffer
[SGXSan] ALWAYS: Enter enc_wolfSSL_CTX_use_certificate_buffer
[SGXSan] ALWAYS: Enter enc_wolfTLSv1_2_server_method
[SGXSan] ALWAYS: Enter enc_wolfSSL_Debugging_ON
[SGXSan] ALWAYS: Enter enc_wolfSSL_CTX_new
[SGXSan] ALWAYS: Enter enc_wolfSSL_Cleanup
[SGXSan] ALWAYS: Enter enc_wolfSSL_connect
[SGXSan] ALWAYS: Enter wc_benchmark_test
------------------------------------------------------------------------------
 wolfSSL version 5.1.0
------------------------------------------------------------------------------
wolfCrypt Benchmark (block bytes 1048576, min 1.0 sec each)
RNG                 15 MB took 1.135 seconds,   13.218 MB/s
AES-128-CBC-enc     35 MB took 1.070 seconds,   32.719 MB/s
AES-128-CBC-dec     35 MB took 1.150 seconds,   30.435 MB/s
AES-192-CBC-enc     30 MB took 1.055 seconds,   28.445 MB/s
AES-192-CBC-dec     30 MB took 1.123 seconds,   26.724 MB/s
AES-256-CBC-enc     30 MB took 1.182 seconds,   25.382 MB/s
AES-256-CBC-dec     25 MB took 1.045 seconds,   23.923 MB/s
AES-128-GCM-enc     25 MB took 1.051 seconds,   23.786 MB/s
AES-128-GCM-dec     25 MB took 1.063 seconds,   23.525 MB/s
AES-192-GCM-enc     25 MB took 1.171 seconds,   21.357 MB/s
AES-192-GCM-dec     25 MB took 1.184 seconds,   21.107 MB/s
AES-256-GCM-enc     20 MB took 1.016 seconds,   19.691 MB/s
AES-256-GCM-dec     20 MB took 1.021 seconds,   19.584 MB/s
GMAC Table 4-bit    69 MB took 1.014 seconds,   68.047 MB/s
RABBIT              95 MB took 1.047 seconds,   90.765 MB/s
3DES                10 MB took 1.102 seconds,    9.076 MB/s
MD5                305 MB took 1.011 seconds,  301.552 MB/s
SHA                130 MB took 1.015 seconds,  128.102 MB/s
SHA-256             35 MB took 1.130 seconds,   30.967 MB/s
HMAC-MD5           305 MB took 1.007 seconds,  302.775 MB/s
HMAC-SHA           125 MB took 1.001 seconds,  124.849 MB/s
HMAC-SHA256         35 MB took 1.135 seconds,   30.838 MB/s
PBKDF2               4 KB took 1.003 seconds,    3.771 KB/s
RSA     2048 public       1400 ops took 1.006 sec, avg 0.718 ms, 1391.935 ops/sec
RSA     2048 private       100 ops took 3.691 sec, avg 36.907 ms, 27.095 ops/sec
DH      2048 key gen        65 ops took 1.001 sec, avg 15.395 ms, 64.955 ops/sec
DH      2048 agree         100 ops took 1.586 sec, avg 15.865 ms, 63.033 ops/sec
ECC   [      SECP256R1]   256 key gen      1378 ops took 1.000 sec, avg 0.726 ms, 1377.535 ops/sec
ECDHE [      SECP256R1]   256 agree        1000 ops took 1.096 sec, avg 1.096 ms, 912.057 ops/sec
ECDSA [      SECP256R1]   256 sign         1200 ops took 1.002 sec, avg 0.835 ms, 1197.436 ops/sec
ECDSA [      SECP256R1]   256 verify        900 ops took 1.028 sec, avg 1.143 ms, 875.223 ops/sec
Benchmark complete
[SGXSan] ALWAYS: Enter enc_wolfSSL_free
[SGXSan] ALWAYS: Enter enc_wolfSSL_set_fd
[SGXSan] ALWAYS: Enter enc_wolfTLSv1_2_client_method
[SGXSan] ALWAYS: Enter enc_wolfSSL_Init
[SGXSan] ALWAYS: Enter enc_wolfSSL_CTX_set_cipher_list
[SGXSan] ALWAYS: Enter enc_wolfSSL_Debugging_OFF
[SGXSan] ALWAYS: Enter enc_wolfSSL_read
[SGXSan] ALWAYS: Enter enc_wolfSSL_CTX_free
[SGXSan] ALWAYS: Enter enc_wolfSSL_new
[SGXSan] ALWAYS: Enter wc_test
------------------------------------------------------------------------------
 wolfSSL version 5.1.0
------------------------------------------------------------------------------
error    test passed!
MEMORY   test passed!
base64   test passed!
asn      test passed!
RANDOM   test passed!
MD5      test passed!
MD4      test passed!
SHA      test passed!
SHA-256  test passed!
Hash     test passed!
HMAC-MD5 test passed!
HMAC-SHA test passed!
HMAC-SHA256 test passed!
GMAC     test passed!
HC-128   test passed!
Rabbit   test passed!
DES      test passed!
DES3     test passed!
AES      test passed!
AES192   test passed!
AES256   test passed!
AES-GCM  test passed!
RSA      test passed!
DH       test passed!
DSA      test passed!
PWDBASED test passed!
ECC      test passed!
ECC buffer test passed!
logging  test passed!
mutex    test passed!
memcb    test failed!
 error = -13803
[SGXSan] ALWAYS: Enter enc_wolfSSL_CTX_use_certificate_chain_buffer_format
[SGXSan] ALWAYS: Enter enc_wolfSSL_write
[SGXSan] ALWAYS: Enter enc_wolfSSL_get_error
[SGXSan] ALWAYS: Enter enc_wolfSSL_CTX_load_verify_buffer
[SGXSan] ALWAYS: Enter enc_wolfSSL_CTX_use_PrivateKey_buffer
[SGXSan] ALWAYS: Enter enc_wolfSSL_CTX_use_certificate_buffer
[SGXSan] ALWAYS: Enter enc_wolfTLSv1_2_server_method
[SGXSan] ALWAYS: Enter enc_wolfSSL_Debugging_ON
[SGXSan] ALWAYS: Enter enc_wolfSSL_CTX_new
[SGXSan] ALWAYS: Enter enc_wolfSSL_Cleanup
[SGXSan] ALWAYS: Enter enc_wolfSSL_connect
[SGXSan] ALWAYS: Enter wc_benchmark_test
------------------------------------------------------------------------------
 wolfSSL version 5.1.0
------------------------------------------------------------------------------
wolfCrypt Benchmark (block bytes 1048576, min 1.0 sec each)
RNG                 15 MB took 1.141 seconds,   13.149 MB/s
AES-128-CBC-enc     35 MB took 1.058 seconds,   33.085 MB/s
AES-128-CBC-dec     35 MB took 1.142 seconds,   30.645 MB/s
AES-192-CBC-enc     30 MB took 1.048 seconds,   28.637 MB/s
AES-192-CBC-dec     30 MB took 1.141 seconds,   26.292 MB/s
AES-256-CBC-enc     30 MB took 1.175 seconds,   25.527 MB/s
AES-256-CBC-dec     25 MB took 1.042 seconds,   24.004 MB/s
AES-128-GCM-enc     25 MB took 1.040 seconds,   24.032 MB/s
AES-128-GCM-dec     25 MB took 1.044 seconds,   23.944 MB/s
AES-192-GCM-enc     25 MB took 1.187 seconds,   21.057 MB/s
AES-192-GCM-dec     25 MB took 1.173 seconds,   21.308 MB/s
AES-256-GCM-enc     20 MB took 1.022 seconds,   19.578 MB/s
AES-256-GCM-dec     20 MB took 1.011 seconds,   19.789 MB/s
GMAC Table 4-bit    69 MB took 1.014 seconds,   68.058 MB/s
RABBIT              90 MB took 1.009 seconds,   89.183 MB/s
3DES                10 MB took 1.088 seconds,    9.191 MB/s
MD5                305 MB took 1.012 seconds,  301.328 MB/s
SHA                130 MB took 1.013 seconds,  128.315 MB/s
SHA-256             35 MB took 1.130 seconds,   30.969 MB/s
HMAC-MD5           300 MB took 1.001 seconds,  299.633 MB/s
HMAC-SHA           130 MB took 1.022 seconds,  127.259 MB/s
HMAC-SHA256         35 MB took 1.135 seconds,   30.845 MB/s
PBKDF2               4 KB took 1.008 seconds,    3.782 KB/s
RSA     2048 public       1400 ops took 1.011 sec, avg 0.722 ms, 1385.445 ops/sec
RSA     2048 private       100 ops took 3.664 sec, avg 36.641 ms, 27.292 ops/sec
DH      2048 key gen        65 ops took 1.004 sec, avg 15.452 ms, 64.717 ops/sec
DH      2048 agree         100 ops took 1.560 sec, avg 15.596 ms, 64.119 ops/sec
ECC   [      SECP256R1]   256 key gen      1408 ops took 1.000 sec, avg 0.711 ms, 1407.436 ops/sec
ECDHE [      SECP256R1]   256 agree        1000 ops took 1.084 sec, avg 1.084 ms, 922.468 ops/sec
ECDSA [      SECP256R1]   256 sign         1300 ops took 1.074 sec, avg 0.826 ms, 1210.310 ops/sec
ECDSA [      SECP256R1]   256 verify        900 ops took 1.055 sec, avg 1.172 ms, 853.295 ops/sec
Benchmark complete
[SGXSan] ALWAYS: Enter enc_wolfSSL_free
[SGXSan] ALWAYS: Enter enc_wolfSSL_set_fd
[SGXSan] ALWAYS: Enter enc_wolfTLSv1_2_client_method
[SGXSan] ALWAYS: Enter enc_wolfSSL_Init
[SGXSan] ALWAYS: Enter enc_wolfSSL_CTX_set_cipher_list
[SGXSan] ALWAYS: Enter enc_wolfSSL_Debugging_OFF
[SGXSan] ALWAYS: Enter enc_wolfSSL_read
[SGXSan] ALWAYS: Enter enc_wolfSSL_CTX_free
#6	NEW    cov: 6298 ft: 6303 corp: 2/723Kb lim: 1000000 exec/s: 0 rss: 75Mb L: 370191/370191 MS: 4 ChangeByte-Custom-ChangeBinInt-Custom-
#6	DONE   cov: 6298 ft: 6303 corp: 2/723Kb lim: 1000000 exec/s: 0 rss: 76Mb
Done 6 runs in 253 second(s)
stat::number_of_executed_units: 6
stat::average_exec_per_sec:     0
stat::new_units_added:          1
stat::slowest_unit_time_sec:    42
stat::peak_rss_mb:              76
