WARNING: Failed to find function "__sanitizer_acquire_crash_state".
WARNING: Failed to find function "__sanitizer_print_stack_trace".
WARNING: Failed to find function "__sanitizer_set_death_callback".
[2023-01-15 18:45:40.544] [Init] Num of ECall: 22
[2023-01-15 18:45:40.544] ECalls:
  0 - fuzz_enc_wolfSSL_CTX_free
  1 - fuzz_enc_wolfSSL_CTX_load_verify_buffer
  2 - fuzz_enc_wolfSSL_CTX_new
  3 - fuzz_enc_wolfSSL_CTX_set_cipher_list
  4 - fuzz_enc_wolfSSL_CTX_use_PrivateKey_buffer
  5 - fuzz_enc_wolfSSL_CTX_use_certificate_buffer
  6 - fuzz_enc_wolfSSL_CTX_use_certificate_chain_buffer_format
  7 - fuzz_enc_wolfSSL_Cleanup
  8 - fuzz_enc_wolfSSL_Debugging_OFF
  9 - fuzz_enc_wolfSSL_Debugging_ON
  10 - fuzz_enc_wolfSSL_Init
  11 - fuzz_enc_wolfSSL_connect
  12 - fuzz_enc_wolfSSL_free
  13 - fuzz_enc_wolfSSL_get_error
  14 - fuzz_enc_wolfSSL_new
  15 - fuzz_enc_wolfSSL_read
  16 - fuzz_enc_wolfSSL_set_fd
  17 - fuzz_enc_wolfSSL_write
  18 - fuzz_enc_wolfTLSv1_2_client_method
  19 - fuzz_enc_wolfTLSv1_2_server_method
  20 - fuzz_wc_benchmark_test
  21 - fuzz_wc_test

INFO: found LLVMFuzzerCustomMutator (0x44ac30). Disabling -len_control by default.
INFO: libFuzzer ignores flags that start with '--'
INFO: Running with entropic power schedule (0xFF, 100).
INFO: Seed: 3263766222
INFO: Loaded 1 modules   (291 inline 8-bit counters): 291 [0x4cb7e8, 0x4cb90b), 
INFO: Loaded 1 PC tables (291 PCs): 291 [0x4cb910,0x4ccb40), 
INFO:        0 files found in /tmp/libFuzzerTemp.FuzzWithFork422940.dir/C173
[SGXSan] ALWAYS: Hook __sanitizer_cov_8bit_counters_init of Enclave, 21636 inline 8-bit counts [0x7f37dbff49c0, 0x7f37dbff9e44) (First time)
[SGXSan] ALWAYS: Hook __sanitizer_cov_pcs_init of Enclave, 21636 PCs [0x7f37dbff9e48, 0x7f37dc04e688) (First time)
[SGXSan] ALWAYS: Enter enc_wolfSSL_CTX_free
[SGXSan] ALWAYS: Enter enc_wolfSSL_CTX_load_verify_buffer
[SGXSan] ALWAYS: Enter enc_wolfSSL_CTX_new
[SGXSan] ALWAYS: Enter enc_wolfSSL_CTX_set_cipher_list
[SGXSan] ALWAYS: Enter enc_wolfSSL_CTX_use_PrivateKey_buffer
[SGXSan] ALWAYS: Enter enc_wolfSSL_CTX_use_certificate_buffer
[SGXSan] ALWAYS: Enter enc_wolfSSL_CTX_use_certificate_chain_buffer_format
[SGXSan] ALWAYS: Enter enc_wolfSSL_Cleanup
[SGXSan] ALWAYS: Enter enc_wolfSSL_Debugging_OFF
[SGXSan] ALWAYS: Enter enc_wolfSSL_Debugging_ON
[SGXSan] ALWAYS: Enter enc_wolfSSL_Init
[SGXSan] ALWAYS: Enter enc_wolfSSL_connect
[SGXSan] ALWAYS: Enter enc_wolfSSL_free
[SGXSan] ALWAYS: Enter enc_wolfSSL_get_error
[SGXSan] ALWAYS: Enter enc_wolfSSL_new
[SGXSan] ALWAYS: Enter enc_wolfSSL_read
[SGXSan] ALWAYS: Enter enc_wolfSSL_set_fd
[SGXSan] ALWAYS: Enter enc_wolfSSL_write
[SGXSan] ALWAYS: Enter enc_wolfTLSv1_2_client_method
[SGXSan] ALWAYS: Enter enc_wolfTLSv1_2_server_method
[SGXSan] ALWAYS: Enter wc_benchmark_test
------------------------------------------------------------------------------
 wolfSSL version 5.1.0
------------------------------------------------------------------------------
wolfCrypt Benchmark (block bytes 1048576, min 1.0 sec each)
RNG                 15 MB took 1.150 seconds,   13.044 MB/s
AES-128-CBC-enc     35 MB took 1.081 seconds,   32.382 MB/s
AES-128-CBC-dec     30 MB took 1.016 seconds,   29.524 MB/s
AES-192-CBC-enc     30 MB took 1.084 seconds,   27.675 MB/s
AES-192-CBC-dec     30 MB took 1.169 seconds,   25.666 MB/s
AES-256-CBC-enc     30 MB took 1.192 seconds,   25.158 MB/s
AES-256-CBC-dec     25 MB took 1.068 seconds,   23.415 MB/s
AES-128-GCM-enc     25 MB took 1.077 seconds,   23.223 MB/s
AES-128-GCM-dec     25 MB took 1.064 seconds,   23.487 MB/s
AES-192-GCM-enc     25 MB took 1.206 seconds,   20.731 MB/s
AES-192-GCM-dec     25 MB took 1.201 seconds,   20.810 MB/s
AES-256-GCM-enc     20 MB took 1.050 seconds,   19.051 MB/s
AES-256-GCM-dec     20 MB took 1.049 seconds,   19.074 MB/s
GMAC Table 4-bit    67 MB took 1.002 seconds,   66.885 MB/s
RABBIT              90 MB took 1.018 seconds,   88.434 MB/s
3DES                10 MB took 1.110 seconds,    9.011 MB/s
MD5                300 MB took 1.008 seconds,  297.556 MB/s
SHA                125 MB took 1.005 seconds,  124.345 MB/s
SHA-256             30 MB took 1.041 seconds,   28.827 MB/s
HMAC-MD5           205 MB took 1.014 seconds,  202.108 MB/s
HMAC-SHA            75 MB took 1.063 seconds,   70.548 MB/s
HMAC-SHA256         20 MB took 1.132 seconds,   17.665 MB/s
PBKDF2               2 KB took 1.001 seconds,    2.186 KB/s
RSA     2048 public       1200 ops took 1.033 sec, avg 0.861 ms, 1161.791 ops/sec
RSA     2048 private       100 ops took 3.781 sec, avg 37.809 ms, 26.449 ops/sec
DH      2048 key gen        64 ops took 1.001 sec, avg 15.644 ms, 63.924 ops/sec
DH      2048 agree         100 ops took 1.572 sec, avg 15.725 ms, 63.594 ops/sec
ECC   [      SECP256R1]   256 key gen      1361 ops took 1.000 sec, avg 0.735 ms, 1360.993 ops/sec
ECDHE [      SECP256R1]   256 agree         900 ops took 1.004 sec, avg 1.115 ms, 896.485 ops/sec
ECDSA [      SECP256R1]   256 sign         1200 ops took 1.031 sec, avg 0.859 ms, 1163.807 ops/sec
ECDSA [      SECP256R1]   256 verify        900 ops took 1.068 sec, avg 1.187 ms, 842.392 ops/sec
Benchmark complete
[SGXSan] ALWAYS: Enter wc_test
INFO: seed corpus: files: 3 min: 370191b max: 370191b total: 1110573b rss: 43Mb
------------------------------------------------------------------------------
 wolfSSL version 5.1.0
------------------------------------------------------------------------------
error    test passed!
MEMORY   test passed!
base64   test passed!
asn      test passed!
RANDOM   test passed!
MD5      test passed!
MD4      test passed!
SHA      test passed!
SHA-256  test passed!
Hash     test passed!
HMAC-MD5 test passed!
HMAC-SHA test passed!
HMAC-SHA256 test passed!
GMAC     test passed!
HC-128   test passed!
Rabbit   test passed!
DES      test passed!
DES3     test passed!
AES      test passed!
AES192   test passed!
AES256   test passed!
AES-GCM  test passed!
RSA      test passed!
DH       test passed!
DSA      test passed!
PWDBASED test passed!
ECC      test passed!
ECC buffer test passed!
logging  test passed!
mutex    test passed!
memcb    test passed!
Test complete
[SGXSan] ALWAYS: Enter enc_wolfSSL_free
[SGXSan] ALWAYS: Enter enc_wolfSSL_write
[SGXSan] ALWAYS: Enter enc_wolfSSL_Cleanup
[SGXSan] ALWAYS: Enter enc_wolfSSL_CTX_use_certificate_buffer
[SGXSan] ALWAYS: Enter enc_wolfSSL_new
[SGXSan] ALWAYS: Enter enc_wolfSSL_CTX_use_PrivateKey_buffer
[SGXSan] ALWAYS: Enter enc_wolfSSL_CTX_new
[SGXSan] ALWAYS: Enter enc_wolfSSL_CTX_use_certificate_chain_buffer_format
[SGXSan] ALWAYS: Enter enc_wolfTLSv1_2_client_method
[SGXSan] ALWAYS: Enter enc_wolfSSL_connect
[SGXSan] ALWAYS: Enter enc_wolfSSL_Debugging_OFF
[SGXSan] ALWAYS: Enter enc_wolfTLSv1_2_server_method
[SGXSan] ALWAYS: Enter enc_wolfSSL_read
[SGXSan] ALWAYS: Enter wc_benchmark_test
------------------------------------------------------------------------------
 wolfSSL version 5.1.0
------------------------------------------------------------------------------
wolfCrypt Benchmark (block bytes 1048576, min 1.0 sec each)
RNG                 15 MB took 1.171 seconds,   12.808 MB/s
AES-128-CBC-enc     35 MB took 1.088 seconds,   32.174 MB/s
AES-128-CBC-dec     30 MB took 1.003 seconds,   29.900 MB/s
AES-192-CBC-enc     30 MB took 1.075 seconds,   27.915 MB/s
AES-192-CBC-dec     30 MB took 1.157 seconds,   25.923 MB/s
AES-256-CBC-enc     25 MB took 1.005 seconds,   24.866 MB/s
AES-256-CBC-dec     25 MB took 1.083 seconds,   23.091 MB/s
AES-128-GCM-enc     25 MB took 1.067 seconds,   23.420 MB/s
AES-128-GCM-dec     25 MB took 1.078 seconds,   23.193 MB/s
AES-192-GCM-enc     25 MB took 1.199 seconds,   20.845 MB/s
AES-192-GCM-dec     25 MB took 1.194 seconds,   20.933 MB/s
AES-256-GCM-enc     20 MB took 1.051 seconds,   19.022 MB/s
AES-256-GCM-dec     20 MB took 1.034 seconds,   19.336 MB/s
GMAC Table 4-bit    67 MB took 1.006 seconds,   66.614 MB/s
RABBIT              90 MB took 1.015 seconds,   88.628 MB/s
3DES                10 MB took 1.110 seconds,    9.006 MB/s
MD5                295 MB took 1.002 seconds,  294.274 MB/s
SHA                125 MB took 1.015 seconds,  123.200 MB/s
SHA-256             30 MB took 1.042 seconds,   28.784 MB/s
HMAC-MD5           300 MB took 1.014 seconds,  295.990 MB/s
HMAC-SHA           125 MB took 1.000 seconds,  124.987 MB/s
HMAC-SHA256         30 MB took 1.023 seconds,   29.317 MB/s
PBKDF2               4 KB took 1.005 seconds,    3.732 KB/s
RSA     2048 public       1500 ops took 1.070 sec, avg 0.713 ms, 1402.117 ops/sec
RSA     2048 private       100 ops took 3.648 sec, avg 36.477 ms, 27.414 ops/sec
DH      2048 key gen        66 ops took 1.009 sec, avg 15.287 ms, 65.414 ops/sec
DH      2048 agree         100 ops took 1.538 sec, avg 15.376 ms, 65.038 ops/sec
ECC   [      SECP256R1]   256 key gen      1426 ops took 1.000 sec, avg 0.702 ms, 1425.310 ops/sec
ECDHE [      SECP256R1]   256 agree        1000 ops took 1.081 sec, avg 1.081 ms, 924.780 ops/sec
ECDSA [      SECP256R1]   256 sign         1200 ops took 1.005 sec, avg 0.837 ms, 1194.123 ops/sec
ECDSA [      SECP256R1]   256 verify        900 ops took 1.036 sec, avg 1.151 ms, 868.562 ops/sec
Benchmark complete
[SGXSan] ALWAYS: Enter enc_wolfSSL_get_error
[SGXSan] ALWAYS: Enter enc_wolfSSL_CTX_set_cipher_list
[SGXSan] ALWAYS: Enter enc_wolfSSL_Init
[SGXSan] ALWAYS: Enter wc_test
------------------------------------------------------------------------------
 wolfSSL version 5.1.0
------------------------------------------------------------------------------
error    test passed!
MEMORY   test passed!
base64   test passed!
asn      test passed!
RANDOM   test passed!
MD5      test passed!
MD4      test passed!
SHA      test passed!
SHA-256  test passed!
Hash     test passed!
HMAC-MD5 test passed!
HMAC-SHA test passed!
HMAC-SHA256 test passed!
GMAC     test passed!
HC-128   test passed!
Rabbit   test passed!
DES      test passed!
DES3     test passed!
AES      test passed!
AES192   test passed!
AES256   test passed!
AES-GCM  test passed!
RSA      test passed!
DH       test passed!
DSA      test passed!
PWDBASED test passed!
ECC      test passed!
ECC buffer test passed!
logging  test passed!
mutex    test passed!
memcb    test failed!
 error = -13803
[SGXSan] ALWAYS: Enter enc_wolfSSL_set_fd
[SGXSan] ALWAYS: Enter enc_wolfSSL_CTX_load_verify_buffer
[SGXSan] ALWAYS: Enter enc_wolfSSL_Debugging_ON
[SGXSan] ALWAYS: Enter enc_wolfSSL_CTX_free
#2	pulse  ft: 6302 exec/s: 0 rss: 50Mb
Slowest unit: 41 s:
artifact_prefix='./crashes/'; Test unit written to ./crashes/slow-unit-5651a65fca96b0ecbd29f039e774d80470c29bc0
[SGXSan] ALWAYS: Enter enc_wolfSSL_set_fd
[SGXSan] ALWAYS: Enter enc_wolfTLSv1_2_client_method
[SGXSan] ALWAYS: Enter enc_wolfSSL_CTX_new
[SGXSan] ALWAYS: Enter enc_wolfSSL_read
[SGXSan] ALWAYS: Enter enc_wolfSSL_CTX_set_cipher_list
[SGXSan] ALWAYS: Enter enc_wolfSSL_CTX_free
[SGXSan] ALWAYS: Enter enc_wolfSSL_new
[SGXSan] ALWAYS: Enter enc_wolfSSL_CTX_use_PrivateKey_buffer
[SGXSan] ALWAYS: Enter enc_wolfTLSv1_2_server_method
[SGXSan] ALWAYS: Enter enc_wolfSSL_CTX_load_verify_buffer
[SGXSan] ALWAYS: Enter enc_wolfSSL_connect
[SGXSan] ALWAYS: Enter enc_wolfSSL_Debugging_OFF
[SGXSan] ALWAYS: Enter enc_wolfSSL_CTX_use_certificate_buffer
[SGXSan] ALWAYS: Enter enc_wolfSSL_free
[SGXSan] ALWAYS: Enter enc_wolfSSL_Init
[SGXSan] ALWAYS: Enter enc_wolfSSL_CTX_use_certificate_chain_buffer_format
[SGXSan] ALWAYS: Enter wc_benchmark_test
------------------------------------------------------------------------------
 wolfSSL version 5.1.0
------------------------------------------------------------------------------
wolfCrypt Benchmark (block bytes 1048576, min 1.0 sec each)
RNG                 15 MB took 1.136 seconds,   13.208 MB/s
AES-128-CBC-enc     35 MB took 1.058 seconds,   33.092 MB/s
AES-128-CBC-dec     35 MB took 1.163 seconds,   30.102 MB/s
AES-192-CBC-enc     30 MB took 1.055 seconds,   28.446 MB/s
AES-192-CBC-dec     30 MB took 1.128 seconds,   26.607 MB/s
AES-256-CBC-enc     30 MB took 1.169 seconds,   25.656 MB/s
AES-256-CBC-dec     25 MB took 1.061 seconds,   23.561 MB/s
AES-128-GCM-enc     25 MB took 1.043 seconds,   23.959 MB/s
AES-128-GCM-dec     25 MB took 1.057 seconds,   23.659 MB/s
AES-192-GCM-enc     25 MB took 1.169 seconds,   21.382 MB/s
AES-192-GCM-dec     25 MB took 1.166 seconds,   21.434 MB/s
AES-256-GCM-enc     20 MB took 1.036 seconds,   19.300 MB/s
AES-256-GCM-dec     20 MB took 1.017 seconds,   19.660 MB/s
GMAC Table 4-bit    68 MB took 1.005 seconds,   67.686 MB/s
RABBIT              95 MB took 1.047 seconds,   90.722 MB/s
3DES                10 MB took 1.084 seconds,    9.229 MB/s
MD5                300 MB took 1.001 seconds,  299.769 MB/s
SHA                130 MB took 1.011 seconds,  128.644 MB/s
SHA-256             30 MB took 1.012 seconds,   29.646 MB/s
HMAC-MD5           305 MB took 1.009 seconds,  302.212 MB/s
HMAC-SHA           130 MB took 1.023 seconds,  127.131 MB/s
HMAC-SHA256         30 MB took 1.022 seconds,   29.365 MB/s
PBKDF2               4 KB took 1.007 seconds,    3.785 KB/s
RSA     2048 public       1400 ops took 1.012 sec, avg 0.723 ms, 1384.012 ops/sec
RSA     2048 private       100 ops took 3.661 sec, avg 36.613 ms, 27.313 ops/sec
DH      2048 key gen        65 ops took 1.002 sec, avg 15.408 ms, 64.901 ops/sec
DH      2048 agree         100 ops took 1.545 sec, avg 15.453 ms, 64.712 ops/sec
ECC   [      SECP256R1]   256 key gen      1424 ops took 1.001 sec, avg 0.703 ms, 1423.190 ops/sec
ECDHE [      SECP256R1]   256 agree        1000 ops took 1.095 sec, avg 1.095 ms, 913.010 ops/sec
ECDSA [      SECP256R1]   256 sign         1300 ops took 1.077 sec, avg 0.829 ms, 1206.767 ops/sec
ECDSA [      SECP256R1]   256 verify        900 ops took 1.041 sec, avg 1.157 ms, 864.676 ops/sec
Benchmark complete
[SGXSan] ALWAYS: Enter enc_wolfSSL_Debugging_ON
[SGXSan] ALWAYS: Enter wc_test
------------------------------------------------------------------------------
 wolfSSL version 5.1.0
------------------------------------------------------------------------------
error    test passed!
MEMORY   test passed!
base64   test passed!
asn      test passed!
RANDOM   test passed!
MD5      test passed!
MD4      test passed!
SHA      test passed!
SHA-256  test passed!
Hash     test passed!
HMAC-MD5 test passed!
HMAC-SHA test passed!
HMAC-SHA256 test passed!
GMAC     test passed!
HC-128   test passed!
Rabbit   test passed!
DES      test passed!
DES3     test passed!
AES      test passed!
AES192   test passed!
AES256   test passed!
AES-GCM  test passed!
RSA      test passed!
DH       test passed!
DSA      test passed!
PWDBASED test passed!
ECC      test passed!
ECC buffer test passed!
logging  test passed!
mutex    test passed!
memcb    test failed!
 error = -13803
[SGXSan] ALWAYS: Enter enc_wolfSSL_Cleanup
[SGXSan] ALWAYS: Enter enc_wolfSSL_write
[SGXSan] ALWAYS: Enter enc_wolfSSL_get_error
[SGXSan] ALWAYS: Enter enc_wolfSSL_new
[SGXSan] ALWAYS: Enter wc_test
------------------------------------------------------------------------------
 wolfSSL version 5.1.0
------------------------------------------------------------------------------
error    test passed!
MEMORY   test passed!
base64   test passed!
asn      test passed!
RANDOM   test passed!
MD5      test passed!
MD4      test passed!
SHA      test passed!
SHA-256  test passed!
Hash     test passed!
HMAC-MD5 test passed!
HMAC-SHA test passed!
HMAC-SHA256 test passed!
GMAC     test passed!
HC-128   test passed!
Rabbit   test passed!
DES      test passed!
DES3     test passed!
AES      test passed!
AES192   test passed!
AES256   test passed!
AES-GCM  test passed!
RSA      test passed!
DH       test passed!
DSA      test passed!
PWDBASED test passed!
ECC      test passed!
ECC buffer test passed!
logging  test passed!
mutex    test passed!
memcb    test failed!
 error = -13803
[SGXSan] ALWAYS: Enter enc_wolfSSL_CTX_use_certificate_chain_buffer_format
[SGXSan] ALWAYS: Enter enc_wolfSSL_write
[SGXSan] ALWAYS: Enter enc_wolfSSL_get_error
[SGXSan] ALWAYS: Enter enc_wolfSSL_CTX_load_verify_buffer
[SGXSan] ALWAYS: Enter enc_wolfSSL_CTX_use_PrivateKey_buffer
[SGXSan] ALWAYS: Enter enc_wolfSSL_CTX_use_certificate_buffer
[SGXSan] ALWAYS: Enter enc_wolfTLSv1_2_server_method
[SGXSan] ALWAYS: Enter enc_wolfSSL_Debugging_ON
[SGXSan] ALWAYS: Enter enc_wolfSSL_CTX_new
[SGXSan] ALWAYS: Enter enc_wolfSSL_Cleanup
[SGXSan] ALWAYS: Enter enc_wolfSSL_connect
[SGXSan] ALWAYS: Enter wc_benchmark_test
------------------------------------------------------------------------------
 wolfSSL version 5.1.0
------------------------------------------------------------------------------
wolfCrypt Benchmark (block bytes 1048576, min 1.0 sec each)
RNG                 15 MB took 1.149 seconds,   13.050 MB/s
AES-128-CBC-enc     35 MB took 1.060 seconds,   33.020 MB/s
AES-128-CBC-dec     35 MB took 1.151 seconds,   30.406 MB/s
AES-192-CBC-enc     30 MB took 1.055 seconds,   28.448 MB/s
AES-192-CBC-dec     30 MB took 1.130 seconds,   26.556 MB/s
AES-256-CBC-enc     30 MB took 1.193 seconds,   25.149 MB/s
AES-256-CBC-dec     25 MB took 1.045 seconds,   23.917 MB/s
AES-128-GCM-enc     25 MB took 1.048 seconds,   23.865 MB/s
AES-128-GCM-dec     25 MB took 1.040 seconds,   24.045 MB/s
AES-192-GCM-enc     25 MB took 1.171 seconds,   21.343 MB/s
AES-192-GCM-dec     25 MB took 1.173 seconds,   21.313 MB/s
AES-256-GCM-enc     20 MB took 1.017 seconds,   19.672 MB/s
AES-256-GCM-dec     20 MB took 1.013 seconds,   19.741 MB/s
GMAC Table 4-bit    69 MB took 1.011 seconds,   68.272 MB/s
RABBIT              95 MB took 1.051 seconds,   90.380 MB/s
3DES                10 MB took 1.083 seconds,    9.236 MB/s
MD5                305 MB took 1.015 seconds,  300.564 MB/s
SHA                130 MB took 1.019 seconds,  127.637 MB/s
SHA-256             30 MB took 1.013 seconds,   29.611 MB/s
HMAC-MD5           300 MB took 1.006 seconds,  298.203 MB/s
HMAC-SHA           130 MB took 1.014 seconds,  128.212 MB/s
HMAC-SHA256         30 MB took 1.010 seconds,   29.705 MB/s
PBKDF2               4 KB took 1.004 seconds,    3.798 KB/s
RSA     2048 public       1500 ops took 1.065 sec, avg 0.710 ms, 1408.382 ops/sec
RSA     2048 private       100 ops took 3.662 sec, avg 36.617 ms, 27.310 ops/sec
DH      2048 key gen        66 ops took 1.013 sec, avg 15.348 ms, 65.156 ops/sec
DH      2048 agree         100 ops took 1.551 sec, avg 15.513 ms, 64.460 ops/sec
ECC   [      SECP256R1]   256 key gen      1411 ops took 1.001 sec, avg 0.709 ms, 1410.046 ops/sec
ECDHE [      SECP256R1]   256 agree        1000 ops took 1.090 sec, avg 1.090 ms, 917.079 ops/sec
ECDSA [      SECP256R1]   256 sign         1300 ops took 1.076 sec, avg 0.827 ms, 1208.682 ops/sec
ECDSA [      SECP256R1]   256 verify        900 ops took 1.034 sec, avg 1.149 ms, 870.656 ops/sec
Benchmark complete
[SGXSan] ALWAYS: Enter enc_wolfSSL_free
[SGXSan] ALWAYS: Enter enc_wolfSSL_set_fd
[SGXSan] ALWAYS: Enter enc_wolfTLSv1_2_client_method
[SGXSan] ALWAYS: Enter enc_wolfSSL_Init
[SGXSan] ALWAYS: Enter enc_wolfSSL_CTX_set_cipher_list
[SGXSan] ALWAYS: Enter enc_wolfSSL_Debugging_OFF
[SGXSan] ALWAYS: Enter enc_wolfSSL_read
[SGXSan] ALWAYS: Enter enc_wolfSSL_CTX_free
#4	pulse  cov: 6302 ft: 6308 corp: 1/361Kb exec/s: 0 rss: 64Mb
#4	INITED cov: 6303 ft: 6308 corp: 2/723Kb exec/s: 0 rss: 64Mb
[SGXSan] ALWAYS: Enter enc_wolfTLSv1_2_server_method
[SGXSan] ALWAYS: Enter enc_wolfSSL_Debugging_ON
[SGXSan] ALWAYS: Enter enc_wolfSSL_CTX_use_PrivateKey_buffer
[SGXSan] ALWAYS: Enter enc_wolfSSL_new
[SGXSan] ALWAYS: Enter enc_wolfSSL_CTX_free
[SGXSan] ALWAYS: Enter enc_wolfSSL_get_error
[SGXSan] ALWAYS: Enter enc_wolfSSL_Debugging_OFF
[SGXSan] ALWAYS: Enter enc_wolfSSL_CTX_load_verify_buffer
[SGXSan] ALWAYS: Enter enc_wolfSSL_CTX_use_certificate_chain_buffer_format
[SGXSan] ALWAYS: Enter enc_wolfSSL_CTX_use_certificate_buffer
[SGXSan] ALWAYS: Enter wc_test
------------------------------------------------------------------------------
 wolfSSL version 5.1.0
------------------------------------------------------------------------------
error    test passed!
MEMORY   test passed!
base64   test passed!
asn      test passed!
RANDOM   test passed!
MD5      test passed!
MD4      test passed!
SHA      test passed!
SHA-256  test passed!
Hash     test passed!
HMAC-MD5 test passed!
HMAC-SHA test passed!
HMAC-SHA256 test passed!
GMAC     test passed!
HC-128   test passed!
Rabbit   test passed!
DES      test passed!
DES3     test passed!
AES      test passed!
AES192   test passed!
AES256   test passed!
AES-GCM  test passed!
RSA      test passed!
DH       test passed!
DSA      test passed!
PWDBASED test passed!
ECC      test passed!
ECC buffer test passed!
logging  test passed!
mutex    test passed!
memcb    test failed!
 error = -13803
[SGXSan] ALWAYS: Enter wc_benchmark_test
------------------------------------------------------------------------------
 wolfSSL version 5.1.0
------------------------------------------------------------------------------
wolfCrypt Benchmark (block bytes 1048576, min 1.0 sec each)
RNG                 15 MB took 1.134 seconds,   13.232 MB/s
AES-128-CBC-enc     35 MB took 1.065 seconds,   32.851 MB/s
AES-128-CBC-dec     35 MB took 1.148 seconds,   30.495 MB/s
AES-192-CBC-enc     30 MB took 1.055 seconds,   28.442 MB/s
AES-192-CBC-dec     30 MB took 1.139 seconds,   26.329 MB/s
AES-256-CBC-enc     30 MB took 1.176 seconds,   25.518 MB/s
AES-256-CBC-dec     25 MB took 1.038 seconds,   24.083 MB/s
AES-128-GCM-enc     25 MB took 1.042 seconds,   23.982 MB/s
AES-128-GCM-dec     25 MB took 1.049 seconds,   23.838 MB/s
AES-192-GCM-enc     25 MB took 1.179 seconds,   21.202 MB/s
AES-192-GCM-dec     25 MB took 1.179 seconds,   21.201 MB/s
AES-256-GCM-enc     20 MB took 1.013 seconds,   19.737 MB/s
AES-256-GCM-dec     20 MB took 1.018 seconds,   19.652 MB/s
GMAC Table 4-bit    67 MB took 1.002 seconds,   66.896 MB/s
RABBIT              95 MB took 1.047 seconds,   90.714 MB/s
3DES                10 MB took 1.093 seconds,    9.150 MB/s
MD5                305 MB took 1.010 seconds,  301.888 MB/s
SHA                130 MB took 1.014 seconds,  128.211 MB/s
SHA-256             30 MB took 1.021 seconds,   29.369 MB/s
HMAC-MD5           305 MB took 1.012 seconds,  301.459 MB/s
HMAC-SHA           130 MB took 1.024 seconds,  126.923 MB/s
HMAC-SHA256         30 MB took 1.012 seconds,   29.635 MB/s
PBKDF2               4 KB took 1.004 seconds,    3.798 KB/s
RSA     2048 public       1400 ops took 1.009 sec, avg 0.721 ms, 1387.549 ops/sec
RSA     2048 private       100 ops took 3.652 sec, avg 36.519 ms, 27.383 ops/sec
DH      2048 key gen        66 ops took 1.015 sec, avg 15.374 ms, 65.046 ops/sec
DH      2048 agree         100 ops took 1.544 sec, avg 15.438 ms, 64.776 ops/sec
ECC   [      SECP256R1]   256 key gen      1409 ops took 1.000 sec, avg 0.710 ms, 1408.463 ops/sec
ECDHE [      SECP256R1]   256 agree        1000 ops took 1.087 sec, avg 1.087 ms, 919.903 ops/sec
ECDSA [      SECP256R1]   256 sign         1300 ops took 1.077 sec, avg 0.828 ms, 1207.603 ops/sec
ECDSA [      SECP256R1]   256 verify        900 ops took 1.053 sec, avg 1.170 ms, 854.600 ops/sec
Benchmark complete
[SGXSan] ALWAYS: Enter enc_wolfSSL_Cleanup
[SGXSan] ALWAYS: Enter enc_wolfSSL_write
[SGXSan] ALWAYS: Enter enc_wolfSSL_CTX_set_cipher_list
[SGXSan] ALWAYS: Enter enc_wolfSSL_CTX_new
[SGXSan] ALWAYS: Enter enc_wolfSSL_read
[SGXSan] ALWAYS: Enter enc_wolfSSL_free
[SGXSan] ALWAYS: Enter enc_wolfTLSv1_2_client_method
[SGXSan] ALWAYS: Enter enc_wolfSSL_connect
[SGXSan] ALWAYS: Enter enc_wolfSSL_Init
[SGXSan] ALWAYS: Enter enc_wolfSSL_set_fd
#5	NEW    cov: 6303 ft: 6313 corp: 3/1084Kb lim: 1000000 exec/s: 0 rss: 72Mb L: 370191/370191 MS: 2 CopyPart-Custom-
#5	DONE   cov: 6303 ft: 6313 corp: 3/1084Kb lim: 1000000 exec/s: 0 rss: 72Mb
Done 5 runs in 209 second(s)
stat::number_of_executed_units: 5
stat::average_exec_per_sec:     0
stat::new_units_added:          1
stat::slowest_unit_time_sec:    41
stat::peak_rss_mb:              72
