WARNING: Failed to find function "__sanitizer_acquire_crash_state".
WARNING: Failed to find function "__sanitizer_print_stack_trace".
WARNING: Failed to find function "__sanitizer_set_death_callback".
[2023-01-15 18:51:17.082] [Init] Num of ECall: 22
[2023-01-15 18:51:17.082] ECalls:
  0 - fuzz_enc_wolfSSL_CTX_free
  1 - fuzz_enc_wolfSSL_CTX_load_verify_buffer
  2 - fuzz_enc_wolfSSL_CTX_new
  3 - fuzz_enc_wolfSSL_CTX_set_cipher_list
  4 - fuzz_enc_wolfSSL_CTX_use_PrivateKey_buffer
  5 - fuzz_enc_wolfSSL_CTX_use_certificate_buffer
  6 - fuzz_enc_wolfSSL_CTX_use_certificate_chain_buffer_format
  7 - fuzz_enc_wolfSSL_Cleanup
  8 - fuzz_enc_wolfSSL_Debugging_OFF
  9 - fuzz_enc_wolfSSL_Debugging_ON
  10 - fuzz_enc_wolfSSL_Init
  11 - fuzz_enc_wolfSSL_connect
  12 - fuzz_enc_wolfSSL_free
  13 - fuzz_enc_wolfSSL_get_error
  14 - fuzz_enc_wolfSSL_new
  15 - fuzz_enc_wolfSSL_read
  16 - fuzz_enc_wolfSSL_set_fd
  17 - fuzz_enc_wolfSSL_write
  18 - fuzz_enc_wolfTLSv1_2_client_method
  19 - fuzz_enc_wolfTLSv1_2_server_method
  20 - fuzz_wc_benchmark_test
  21 - fuzz_wc_test

INFO: found LLVMFuzzerCustomMutator (0x44ac30). Disabling -len_control by default.
INFO: libFuzzer ignores flags that start with '--'
INFO: Running with entropic power schedule (0xFF, 100).
INFO: Seed: 499481539
INFO: Loaded 1 modules   (291 inline 8-bit counters): 291 [0x4cb7e8, 0x4cb90b), 
INFO: Loaded 1 PC tables (291 PCs): 291 [0x4cb910,0x4ccb40), 
INFO:        0 files found in /tmp/libFuzzerTemp.FuzzWithFork422940.dir/C176
[SGXSan] ALWAYS: Hook __sanitizer_cov_8bit_counters_init of Enclave, 21636 inline 8-bit counts [0x7f42ad7e39c0, 0x7f42ad7e8e44) (First time)
[SGXSan] ALWAYS: Hook __sanitizer_cov_pcs_init of Enclave, 21636 PCs [0x7f42ad7e8e48, 0x7f42ad83d688) (First time)
[SGXSan] ALWAYS: Enter enc_wolfSSL_CTX_free
[SGXSan] ALWAYS: Enter enc_wolfSSL_CTX_load_verify_buffer
[SGXSan] ALWAYS: Enter enc_wolfSSL_CTX_new
[SGXSan] ALWAYS: Enter enc_wolfSSL_CTX_set_cipher_list
[SGXSan] ALWAYS: Enter enc_wolfSSL_CTX_use_PrivateKey_buffer
[SGXSan] ALWAYS: Enter enc_wolfSSL_CTX_use_certificate_buffer
[SGXSan] ALWAYS: Enter enc_wolfSSL_CTX_use_certificate_chain_buffer_format
[SGXSan] ALWAYS: Enter enc_wolfSSL_Cleanup
[SGXSan] ALWAYS: Enter enc_wolfSSL_Debugging_OFF
[SGXSan] ALWAYS: Enter enc_wolfSSL_Debugging_ON
[SGXSan] ALWAYS: Enter enc_wolfSSL_Init
[SGXSan] ALWAYS: Enter enc_wolfSSL_connect
[SGXSan] ALWAYS: Enter enc_wolfSSL_free
[SGXSan] ALWAYS: Enter enc_wolfSSL_get_error
[SGXSan] ALWAYS: Enter enc_wolfSSL_new
[SGXSan] ALWAYS: Enter enc_wolfSSL_read
[SGXSan] ALWAYS: Enter enc_wolfSSL_set_fd
[SGXSan] ALWAYS: Enter enc_wolfSSL_write
[SGXSan] ALWAYS: Enter enc_wolfTLSv1_2_client_method
[SGXSan] ALWAYS: Enter enc_wolfTLSv1_2_server_method
[SGXSan] ALWAYS: Enter wc_benchmark_test
------------------------------------------------------------------------------
 wolfSSL version 5.1.0
------------------------------------------------------------------------------
wolfCrypt Benchmark (block bytes 1048576, min 1.0 sec each)
RNG                 15 MB took 1.154 seconds,   13.001 MB/s
AES-128-CBC-enc     35 MB took 1.078 seconds,   32.466 MB/s
AES-128-CBC-dec     30 MB took 1.012 seconds,   29.643 MB/s
AES-192-CBC-enc     30 MB took 1.082 seconds,   27.726 MB/s
AES-192-CBC-dec     30 MB took 1.155 seconds,   25.968 MB/s
AES-256-CBC-enc     30 MB took 1.193 seconds,   25.157 MB/s
AES-256-CBC-dec     25 MB took 1.050 seconds,   23.815 MB/s
AES-128-GCM-enc     25 MB took 1.072 seconds,   23.326 MB/s
AES-128-GCM-dec     25 MB took 1.064 seconds,   23.505 MB/s
AES-192-GCM-enc     25 MB took 1.208 seconds,   20.704 MB/s
AES-192-GCM-dec     25 MB took 1.194 seconds,   20.938 MB/s
AES-256-GCM-enc     20 MB took 1.038 seconds,   19.274 MB/s
AES-256-GCM-dec     20 MB took 1.047 seconds,   19.111 MB/s
GMAC Table 4-bit    68 MB took 1.010 seconds,   67.351 MB/s
RABBIT              90 MB took 1.019 seconds,   88.349 MB/s
3DES                10 MB took 1.104 seconds,    9.054 MB/s
MD5                305 MB took 1.016 seconds,  300.341 MB/s
SHA                130 MB took 1.028 seconds,  126.471 MB/s
SHA-256             35 MB took 1.164 seconds,   30.079 MB/s
HMAC-MD5           300 MB took 1.013 seconds,  296.124 MB/s
HMAC-SHA           130 MB took 1.037 seconds,  125.341 MB/s
HMAC-SHA256         35 MB took 1.157 seconds,   30.238 MB/s
PBKDF2               4 KB took 1.005 seconds,    3.702 KB/s
RSA     2048 public       1400 ops took 1.039 sec, avg 0.742 ms, 1348.068 ops/sec
RSA     2048 private       100 ops took 3.783 sec, avg 37.835 ms, 26.431 ops/sec
DH      2048 key gen        63 ops took 1.002 sec, avg 15.899 ms, 62.897 ops/sec
DH      2048 agree         100 ops took 1.590 sec, avg 15.897 ms, 62.903 ops/sec
ECC   [      SECP256R1]   256 key gen      1363 ops took 1.000 sec, avg 0.734 ms, 1362.790 ops/sec
ECDHE [      SECP256R1]   256 agree         900 ops took 1.001 sec, avg 1.112 ms, 899.432 ops/sec
ECDSA [      SECP256R1]   256 sign         1200 ops took 1.025 sec, avg 0.854 ms, 1170.406 ops/sec
ECDSA [      SECP256R1]   256 verify        900 ops took 1.057 sec, avg 1.174 ms, 851.544 ops/sec
Benchmark complete
[SGXSan] ALWAYS: Enter wc_test
INFO: seed corpus: files: 3 min: 370191b max: 370191b total: 1110573b rss: 43Mb
------------------------------------------------------------------------------
 wolfSSL version 5.1.0
------------------------------------------------------------------------------
error    test passed!
MEMORY   test passed!
base64   test passed!
asn      test passed!
RANDOM   test passed!
MD5      test passed!
MD4      test passed!
SHA      test passed!
SHA-256  test passed!
Hash     test passed!
HMAC-MD5 test passed!
HMAC-SHA test passed!
HMAC-SHA256 test passed!
GMAC     test passed!
HC-128   test passed!
Rabbit   test passed!
DES      test passed!
DES3     test passed!
AES      test passed!
AES192   test passed!
AES256   test passed!
AES-GCM  test passed!
RSA      test passed!
DH       test passed!
DSA      test passed!
PWDBASED test passed!
ECC      test passed!
ECC buffer test passed!
logging  test passed!
mutex    test passed!
memcb    test passed!
Test complete
[SGXSan] ALWAYS: Enter enc_wolfSSL_set_fd
[SGXSan] ALWAYS: Enter enc_wolfTLSv1_2_client_method
[SGXSan] ALWAYS: Enter enc_wolfSSL_CTX_new
[SGXSan] ALWAYS: Enter enc_wolfSSL_read
[SGXSan] ALWAYS: Enter enc_wolfSSL_CTX_set_cipher_list
[SGXSan] ALWAYS: Enter enc_wolfSSL_CTX_free
[SGXSan] ALWAYS: Enter enc_wolfSSL_new
[SGXSan] ALWAYS: Enter enc_wolfSSL_CTX_use_PrivateKey_buffer
[SGXSan] ALWAYS: Enter enc_wolfTLSv1_2_server_method
[SGXSan] ALWAYS: Enter enc_wolfSSL_CTX_load_verify_buffer
[SGXSan] ALWAYS: Enter enc_wolfSSL_connect
[SGXSan] ALWAYS: Enter enc_wolfSSL_Debugging_OFF
[SGXSan] ALWAYS: Enter enc_wolfSSL_CTX_use_certificate_buffer
[SGXSan] ALWAYS: Enter enc_wolfSSL_free
[SGXSan] ALWAYS: Enter enc_wolfSSL_Init
[SGXSan] ALWAYS: Enter enc_wolfSSL_CTX_use_certificate_chain_buffer_format
[SGXSan] ALWAYS: Enter wc_benchmark_test
------------------------------------------------------------------------------
 wolfSSL version 5.1.0
------------------------------------------------------------------------------
wolfCrypt Benchmark (block bytes 1048576, min 1.0 sec each)
RNG                 15 MB took 1.165 seconds,   12.874 MB/s
AES-128-CBC-enc     35 MB took 1.090 seconds,   32.118 MB/s
AES-128-CBC-dec     30 MB took 1.001 seconds,   29.960 MB/s
AES-192-CBC-enc     30 MB took 1.068 seconds,   28.080 MB/s
AES-192-CBC-dec     30 MB took 1.163 seconds,   25.791 MB/s
AES-256-CBC-enc     25 MB took 1.000 seconds,   24.996 MB/s
AES-256-CBC-dec     25 MB took 1.072 seconds,   23.311 MB/s
AES-128-GCM-enc     25 MB took 1.060 seconds,   23.574 MB/s
AES-128-GCM-dec     25 MB took 1.071 seconds,   23.332 MB/s
AES-192-GCM-enc     25 MB took 1.200 seconds,   20.829 MB/s
AES-192-GCM-dec     25 MB took 1.200 seconds,   20.828 MB/s
AES-256-GCM-enc     20 MB took 1.041 seconds,   19.207 MB/s
AES-256-GCM-dec     20 MB took 1.027 seconds,   19.473 MB/s
GMAC Table 4-bit    68 MB took 1.007 seconds,   67.560 MB/s
RABBIT              90 MB took 1.009 seconds,   89.198 MB/s
3DES                10 MB took 1.125 seconds,    8.893 MB/s
MD5                300 MB took 1.014 seconds,  295.883 MB/s
SHA                130 MB took 1.040 seconds,  125.056 MB/s
SHA-256             35 MB took 1.158 seconds,   30.225 MB/s
HMAC-MD5           300 MB took 1.014 seconds,  295.722 MB/s
HMAC-SHA           125 MB took 1.013 seconds,  123.382 MB/s
HMAC-SHA256         35 MB took 1.163 seconds,   30.094 MB/s
PBKDF2               4 KB took 1.004 seconds,    3.673 KB/s
RSA     2048 public       1400 ops took 1.016 sec, avg 0.726 ms, 1377.642 ops/sec
RSA     2048 private       100 ops took 3.758 sec, avg 37.583 ms, 26.608 ops/sec
DH      2048 key gen        63 ops took 1.001 sec, avg 15.894 ms, 62.916 ops/sec
DH      2048 agree         100 ops took 1.622 sec, avg 16.218 ms, 61.659 ops/sec
ECC   [      SECP256R1]   256 key gen      1360 ops took 1.000 sec, avg 0.735 ms, 1359.754 ops/sec
ECDHE [      SECP256R1]   256 agree         900 ops took 1.024 sec, avg 1.138 ms, 878.698 ops/sec
ECDSA [      SECP256R1]   256 sign         1200 ops took 1.028 sec, avg 0.857 ms, 1167.390 ops/sec
ECDSA [      SECP256R1]   256 verify        900 ops took 1.065 sec, avg 1.184 ms, 844.774 ops/sec
Benchmark complete
[SGXSan] ALWAYS: Enter enc_wolfSSL_Debugging_ON
[SGXSan] ALWAYS: Enter wc_test
------------------------------------------------------------------------------
 wolfSSL version 5.1.0
------------------------------------------------------------------------------
error    test passed!
MEMORY   test passed!
base64   test passed!
asn      test passed!
RANDOM   test passed!
MD5      test passed!
MD4      test passed!
SHA      test passed!
SHA-256  test passed!
Hash     test passed!
HMAC-MD5 test passed!
HMAC-SHA test passed!
HMAC-SHA256 test passed!
GMAC     test passed!
HC-128   test passed!
Rabbit   test passed!
DES      test passed!
DES3     test passed!
AES      test passed!
AES192   test passed!
AES256   test passed!
AES-GCM  test passed!
RSA      test passed!
DH       test passed!
DSA      test passed!
PWDBASED test passed!
ECC      test passed!
ECC buffer test passed!
logging  test passed!
mutex    test passed!
memcb    test failed!
 error = -13803
[SGXSan] ALWAYS: Enter enc_wolfSSL_Cleanup
[SGXSan] ALWAYS: Enter enc_wolfSSL_write
[SGXSan] ALWAYS: Enter enc_wolfSSL_get_error
#2	pulse  ft: 6291 exec/s: 0 rss: 50Mb
Slowest unit: 42 s:
artifact_prefix='./crashes/'; Test unit written to ./crashes/slow-unit-eac2caf48f68a7de1dbebb64ea9fb2e3320b7df3
[SGXSan] ALWAYS: Enter enc_wolfSSL_Debugging_OFF
[SGXSan] ALWAYS: Enter wc_test
------------------------------------------------------------------------------
 wolfSSL version 5.1.0
------------------------------------------------------------------------------
error    test passed!
MEMORY   test passed!
base64   test passed!
asn      test passed!
RANDOM   test passed!
MD5      test passed!
MD4      test passed!
SHA      test passed!
SHA-256  test passed!
Hash     test passed!
HMAC-MD5 test passed!
HMAC-SHA test passed!
HMAC-SHA256 test passed!
GMAC     test passed!
HC-128   test passed!
Rabbit   test passed!
DES      test passed!
DES3     test passed!
AES      test passed!
AES192   test passed!
AES256   test passed!
AES-GCM  test passed!
RSA      test passed!
DH       test passed!
DSA      test passed!
PWDBASED test passed!
ECC      test passed!
ECC buffer test passed!
logging  test passed!
mutex    test passed!
memcb    test failed!
 error = -13803
[SGXSan] ALWAYS: Enter enc_wolfSSL_CTX_set_cipher_list
[SGXSan] ALWAYS: Enter enc_wolfSSL_free
[SGXSan] ALWAYS: Enter enc_wolfSSL_get_error
[SGXSan] ALWAYS: Enter enc_wolfSSL_CTX_free
[SGXSan] ALWAYS: Enter enc_wolfSSL_Init
[SGXSan] ALWAYS: Enter enc_wolfSSL_CTX_new
[SGXSan] ALWAYS: Enter enc_wolfSSL_CTX_use_certificate_chain_buffer_format
[SGXSan] ALWAYS: Enter enc_wolfSSL_CTX_load_verify_buffer
[SGXSan] ALWAYS: Enter wc_benchmark_test
------------------------------------------------------------------------------
 wolfSSL version 5.1.0
------------------------------------------------------------------------------
wolfCrypt Benchmark (block bytes 1048576, min 1.0 sec each)
RNG                 15 MB took 1.150 seconds,   13.046 MB/s
AES-128-CBC-enc     35 MB took 1.060 seconds,   33.011 MB/s
AES-128-CBC-dec     35 MB took 1.153 seconds,   30.356 MB/s
AES-192-CBC-enc     30 MB took 1.063 seconds,   28.232 MB/s
AES-192-CBC-dec     30 MB took 1.131 seconds,   26.527 MB/s
AES-256-CBC-enc     30 MB took 1.190 seconds,   25.217 MB/s
AES-256-CBC-dec     25 MB took 1.044 seconds,   23.939 MB/s
AES-128-GCM-enc     25 MB took 1.050 seconds,   23.808 MB/s
AES-128-GCM-dec     25 MB took 1.048 seconds,   23.856 MB/s
AES-192-GCM-enc     25 MB took 1.177 seconds,   21.238 MB/s
AES-192-GCM-dec     25 MB took 1.177 seconds,   21.234 MB/s
AES-256-GCM-enc     20 MB took 1.025 seconds,   19.512 MB/s
AES-256-GCM-dec     20 MB took 1.015 seconds,   19.699 MB/s
GMAC Table 4-bit    69 MB took 1.010 seconds,   68.303 MB/s
RABBIT              90 MB took 1.006 seconds,   89.496 MB/s
3DES                10 MB took 1.085 seconds,    9.219 MB/s
MD5                305 MB took 1.014 seconds,  300.833 MB/s
SHA                130 MB took 1.017 seconds,  127.877 MB/s
SHA-256             35 MB took 1.129 seconds,   31.014 MB/s
HMAC-MD5           300 MB took 1.003 seconds,  299.206 MB/s
HMAC-SHA           130 MB took 1.017 seconds,  127.841 MB/s
HMAC-SHA256         35 MB took 1.137 seconds,   30.792 MB/s
PBKDF2               4 KB took 1.001 seconds,    3.777 KB/s
RSA     2048 public       1400 ops took 1.003 sec, avg 0.716 ms, 1396.351 ops/sec
RSA     2048 private       100 ops took 3.688 sec, avg 36.876 ms, 27.118 ops/sec
DH      2048 key gen        65 ops took 1.004 sec, avg 15.440 ms, 64.765 ops/sec
DH      2048 agree         100 ops took 1.598 sec, avg 15.978 ms, 62.584 ops/sec
ECC   [      SECP256R1]   256 key gen      1398 ops took 1.000 sec, avg 0.716 ms, 1397.447 ops/sec
ECDHE [      SECP256R1]   256 agree        1000 ops took 1.098 sec, avg 1.098 ms, 910.904 ops/sec
ECDSA [      SECP256R1]   256 sign         1300 ops took 1.081 sec, avg 0.831 ms, 1202.677 ops/sec
ECDSA [      SECP256R1]   256 verify        900 ops took 1.055 sec, avg 1.173 ms, 852.792 ops/sec
Benchmark complete
[SGXSan] ALWAYS: Enter enc_wolfSSL_Cleanup
[SGXSan] ALWAYS: Enter enc_wolfSSL_set_fd
[SGXSan] ALWAYS: Enter enc_wolfSSL_Debugging_ON
[SGXSan] ALWAYS: Enter enc_wolfSSL_write
[SGXSan] ALWAYS: Enter enc_wolfSSL_new
[SGXSan] ALWAYS: Enter enc_wolfTLSv1_2_server_method
[SGXSan] ALWAYS: Enter enc_wolfSSL_CTX_use_PrivateKey_buffer
[SGXSan] ALWAYS: Enter enc_wolfTLSv1_2_client_method
[SGXSan] ALWAYS: Enter enc_wolfSSL_connect
[SGXSan] ALWAYS: Enter enc_wolfSSL_CTX_use_certificate_buffer
[SGXSan] ALWAYS: Enter enc_wolfSSL_read
[SGXSan] ALWAYS: Enter enc_wolfTLSv1_2_server_method
[SGXSan] ALWAYS: Enter enc_wolfSSL_Debugging_ON
[SGXSan] ALWAYS: Enter enc_wolfSSL_CTX_use_PrivateKey_buffer
[SGXSan] ALWAYS: Enter enc_wolfSSL_new
[SGXSan] ALWAYS: Enter enc_wolfSSL_CTX_free
[SGXSan] ALWAYS: Enter enc_wolfSSL_get_error
[SGXSan] ALWAYS: Enter enc_wolfSSL_Debugging_OFF
[SGXSan] ALWAYS: Enter enc_wolfSSL_CTX_load_verify_buffer
[SGXSan] ALWAYS: Enter enc_wolfSSL_CTX_use_certificate_chain_buffer_format
[SGXSan] ALWAYS: Enter enc_wolfSSL_CTX_use_certificate_buffer
[SGXSan] ALWAYS: Enter wc_test
------------------------------------------------------------------------------
 wolfSSL version 5.1.0
------------------------------------------------------------------------------
error    test passed!
MEMORY   test passed!
base64   test passed!
asn      test passed!
RANDOM   test passed!
MD5      test passed!
MD4      test passed!
SHA      test passed!
SHA-256  test passed!
Hash     test passed!
HMAC-MD5 test passed!
HMAC-SHA test passed!
HMAC-SHA256 test passed!
GMAC     test passed!
HC-128   test passed!
Rabbit   test passed!
DES      test passed!
DES3     test passed!
AES      test passed!
AES192   test passed!
AES256   test passed!
AES-GCM  test passed!
RSA      test passed!
DH       test passed!
DSA      test passed!
PWDBASED test passed!
ECC      test passed!
ECC buffer test passed!
logging  test passed!
mutex    test passed!
memcb    test failed!
 error = -13803
[SGXSan] ALWAYS: Enter wc_benchmark_test
------------------------------------------------------------------------------
 wolfSSL version 5.1.0
------------------------------------------------------------------------------
wolfCrypt Benchmark (block bytes 1048576, min 1.0 sec each)
RNG                 15 MB took 1.148 seconds,   13.062 MB/s
AES-128-CBC-enc     35 MB took 1.058 seconds,   33.093 MB/s
AES-128-CBC-dec     35 MB took 1.145 seconds,   30.562 MB/s
AES-192-CBC-enc     30 MB took 1.066 seconds,   28.139 MB/s
AES-192-CBC-dec     30 MB took 1.130 seconds,   26.555 MB/s
AES-256-CBC-enc     30 MB took 1.182 seconds,   25.378 MB/s
AES-256-CBC-dec     25 MB took 1.041 seconds,   24.016 MB/s
AES-128-GCM-enc     25 MB took 1.050 seconds,   23.811 MB/s
AES-128-GCM-dec     25 MB took 1.062 seconds,   23.530 MB/s
AES-192-GCM-enc     25 MB took 1.175 seconds,   21.277 MB/s
AES-192-GCM-dec     25 MB took 1.172 seconds,   21.337 MB/s
AES-256-GCM-enc     20 MB took 1.035 seconds,   19.331 MB/s
AES-256-GCM-dec     20 MB took 1.039 seconds,   19.254 MB/s
GMAC Table 4-bit    69 MB took 1.014 seconds,   68.031 MB/s
RABBIT              90 MB took 1.032 seconds,   87.192 MB/s
3DES                10 MB took 1.087 seconds,    9.199 MB/s
MD5                305 MB took 1.012 seconds,  301.430 MB/s
SHA                130 MB took 1.037 seconds,  125.409 MB/s
SHA-256             35 MB took 1.136 seconds,   30.801 MB/s
HMAC-MD5           305 MB took 1.012 seconds,  301.479 MB/s
HMAC-SHA           130 MB took 1.017 seconds,  127.799 MB/s
HMAC-SHA256         35 MB took 1.133 seconds,   30.891 MB/s
PBKDF2               4 KB took 1.005 seconds,    3.764 KB/s
RSA     2048 public       1400 ops took 1.003 sec, avg 0.717 ms, 1395.565 ops/sec
RSA     2048 private       100 ops took 3.674 sec, avg 36.740 ms, 27.218 ops/sec
DH      2048 key gen        65 ops took 1.001 sec, avg 15.393 ms, 64.965 ops/sec
DH      2048 agree         100 ops took 1.596 sec, avg 15.956 ms, 62.674 ops/sec
ECC   [      SECP256R1]   256 key gen      1408 ops took 1.001 sec, avg 0.711 ms, 1407.061 ops/sec
ECDHE [      SECP256R1]   256 agree        1000 ops took 1.108 sec, avg 1.108 ms, 902.490 ops/sec
ECDSA [      SECP256R1]   256 sign         1300 ops took 1.078 sec, avg 0.829 ms, 1205.877 ops/sec
ECDSA [      SECP256R1]   256 verify        900 ops took 1.075 sec, avg 1.195 ms, 836.916 ops/sec
Benchmark complete
[SGXSan] ALWAYS: Enter enc_wolfSSL_Cleanup
[SGXSan] ALWAYS: Enter enc_wolfSSL_write
[SGXSan] ALWAYS: Enter enc_wolfSSL_CTX_set_cipher_list
[SGXSan] ALWAYS: Enter enc_wolfSSL_CTX_new
[SGXSan] ALWAYS: Enter enc_wolfSSL_read
[SGXSan] ALWAYS: Enter enc_wolfSSL_free
[SGXSan] ALWAYS: Enter enc_wolfTLSv1_2_client_method
[SGXSan] ALWAYS: Enter enc_wolfSSL_connect
[SGXSan] ALWAYS: Enter enc_wolfSSL_Init
[SGXSan] ALWAYS: Enter enc_wolfSSL_set_fd
#4	pulse  cov: 6291 ft: 6296 corp: 1/361Kb exec/s: 0 rss: 63Mb
#4	INITED cov: 6291 ft: 6296 corp: 2/723Kb exec/s: 0 rss: 64Mb
[SGXSan] ALWAYS: Enter enc_wolfTLSv1_2_server_method
[SGXSan] ALWAYS: Enter enc_wolfSSL_Debugging_ON
[SGXSan] ALWAYS: Enter enc_wolfSSL_CTX_use_PrivateKey_buffer
[SGXSan] ALWAYS: Enter enc_wolfSSL_new
[SGXSan] ALWAYS: Enter enc_wolfSSL_CTX_free
[SGXSan] ALWAYS: Enter enc_wolfSSL_get_error
[SGXSan] ALWAYS: Enter enc_wolfSSL_Debugging_OFF
[SGXSan] ALWAYS: Enter enc_wolfSSL_CTX_load_verify_buffer
[SGXSan] ALWAYS: Enter enc_wolfSSL_CTX_use_certificate_chain_buffer_format
[SGXSan] ALWAYS: Enter enc_wolfSSL_CTX_use_certificate_buffer
[SGXSan] ALWAYS: Enter wc_test
------------------------------------------------------------------------------
 wolfSSL version 5.1.0
------------------------------------------------------------------------------
error    test passed!
MEMORY   test passed!
base64   test passed!
asn      test passed!
RANDOM   test passed!
MD5      test passed!
MD4      test passed!
SHA      test passed!
SHA-256  test passed!
Hash     test passed!
HMAC-MD5 test passed!
HMAC-SHA test passed!
HMAC-SHA256 test passed!
GMAC     test passed!
HC-128   test passed!
Rabbit   test passed!
DES      test passed!
DES3     test passed!
AES      test passed!
AES192   test passed!
AES256   test passed!
AES-GCM  test passed!
RSA      test passed!
DH       test passed!
DSA      test passed!
PWDBASED test passed!
ECC      test passed!
ECC buffer test passed!
logging  test passed!
mutex    test passed!
memcb    test failed!
 error = -13803
[SGXSan] ALWAYS: Enter wc_benchmark_test
------------------------------------------------------------------------------
 wolfSSL version 5.1.0
------------------------------------------------------------------------------
wolfCrypt Benchmark (block bytes 1048576, min 1.0 sec each)
RNG                 15 MB took 1.132 seconds,   13.247 MB/s
AES-128-CBC-enc     35 MB took 1.070 seconds,   32.717 MB/s
AES-128-CBC-dec     25 MB took 1.128 seconds,   22.169 MB/s
AES-192-CBC-enc     20 MB took 1.302 seconds,   15.357 MB/s
AES-192-CBC-dec     15 MB took 1.038 seconds,   14.454 MB/s
AES-256-CBC-enc     15 MB took 1.082 seconds,   13.860 MB/s
AES-256-CBC-dec     15 MB took 1.144 seconds,   13.114 MB/s
AES-128-GCM-enc     20 MB took 1.030 seconds,   19.424 MB/s
AES-128-GCM-dec     25 MB took 1.042 seconds,   23.995 MB/s
AES-192-GCM-enc     25 MB took 1.162 seconds,   21.507 MB/s
AES-192-GCM-dec     25 MB took 1.177 seconds,   21.247 MB/s
AES-256-GCM-enc     20 MB took 1.012 seconds,   19.767 MB/s
AES-256-GCM-dec     20 MB took 1.052 seconds,   19.016 MB/s
GMAC Table 4-bit    66 MB took 1.005 seconds,   65.672 MB/s
RABBIT              95 MB took 1.037 seconds,   91.599 MB/s
3DES                10 MB took 1.099 seconds,    9.100 MB/s
MD5                305 MB took 1.008 seconds,  302.560 MB/s
SHA                130 MB took 1.021 seconds,  127.289 MB/s
SHA-256             30 MB took 1.123 seconds,   26.722 MB/s
HMAC-MD5           200 MB took 1.024 seconds,  195.305 MB/s
HMAC-SHA            75 MB took 1.046 seconds,   71.709 MB/s
HMAC-SHA256         20 MB took 1.117 seconds,   17.900 MB/s
PBKDF2               2 KB took 1.000 seconds,    2.187 KB/s
RSA     2048 public        900 ops took 1.062 sec, avg 1.180 ms, 847.304 ops/sec
RSA     2048 private       100 ops took 4.442 sec, avg 44.419 ms, 22.513 ops/sec
DH      2048 key gen        38 ops took 1.005 sec, avg 26.457 ms, 37.798 ops/sec
DH      2048 agree         100 ops took 1.655 sec, avg 16.554 ms, 60.410 ops/sec
ECC   [      SECP256R1]   256 key gen      1401 ops took 1.001 sec, avg 0.714 ms, 1400.135 ops/sec
ECDHE [      SECP256R1]   256 agree        1000 ops took 1.089 sec, avg 1.089 ms, 918.606 ops/sec
ECDSA [      SECP256R1]   256 sign         1300 ops took 1.082 sec, avg 0.832 ms, 1201.244 ops/sec
ECDSA [      SECP256R1]   256 verify        900 ops took 1.037 sec, avg 1.152 ms, 868.244 ops/sec
Benchmark complete
[SGXSan] ALWAYS: Enter enc_wolfSSL_Cleanup
[SGXSan] ALWAYS: Enter enc_wolfSSL_write
[SGXSan] ALWAYS: Enter enc_wolfSSL_CTX_set_cipher_list
[SGXSan] ALWAYS: Enter enc_wolfSSL_CTX_new
[SGXSan] ALWAYS: Enter enc_wolfSSL_read
[SGXSan] ALWAYS: Enter enc_wolfSSL_free
[SGXSan] ALWAYS: Enter enc_wolfTLSv1_2_client_method
[SGXSan] ALWAYS: Enter enc_wolfSSL_connect
[SGXSan] ALWAYS: Enter enc_wolfSSL_Init
[SGXSan] ALWAYS: Enter enc_wolfSSL_set_fd
#5	NEW    cov: 6291 ft: 6301 corp: 3/1084Kb lim: 1000000 exec/s: 0 rss: 70Mb L: 370191/370191 MS: 2 ChangeASCIIInt-Custom-
#5	DONE   cov: 6291 ft: 6301 corp: 3/1084Kb lim: 1000000 exec/s: 0 rss: 70Mb
Done 5 runs in 212 second(s)
stat::number_of_executed_units: 5
stat::average_exec_per_sec:     0
stat::new_units_added:          1
stat::slowest_unit_time_sec:    42
stat::peak_rss_mb:              70
