WARNING: Failed to find function "__sanitizer_acquire_crash_state".
WARNING: Failed to find function "__sanitizer_print_stack_trace".
WARNING: Failed to find function "__sanitizer_set_death_callback".
[2023-01-15 18:56:53.949] [Init] Num of ECall: 22
[2023-01-15 18:56:53.949] ECalls:
  0 - fuzz_enc_wolfSSL_CTX_free
  1 - fuzz_enc_wolfSSL_CTX_load_verify_buffer
  2 - fuzz_enc_wolfSSL_CTX_new
  3 - fuzz_enc_wolfSSL_CTX_set_cipher_list
  4 - fuzz_enc_wolfSSL_CTX_use_PrivateKey_buffer
  5 - fuzz_enc_wolfSSL_CTX_use_certificate_buffer
  6 - fuzz_enc_wolfSSL_CTX_use_certificate_chain_buffer_format
  7 - fuzz_enc_wolfSSL_Cleanup
  8 - fuzz_enc_wolfSSL_Debugging_OFF
  9 - fuzz_enc_wolfSSL_Debugging_ON
  10 - fuzz_enc_wolfSSL_Init
  11 - fuzz_enc_wolfSSL_connect
  12 - fuzz_enc_wolfSSL_free
  13 - fuzz_enc_wolfSSL_get_error
  14 - fuzz_enc_wolfSSL_new
  15 - fuzz_enc_wolfSSL_read
  16 - fuzz_enc_wolfSSL_set_fd
  17 - fuzz_enc_wolfSSL_write
  18 - fuzz_enc_wolfTLSv1_2_client_method
  19 - fuzz_enc_wolfTLSv1_2_server_method
  20 - fuzz_wc_benchmark_test
  21 - fuzz_wc_test

INFO: found LLVMFuzzerCustomMutator (0x44ac30). Disabling -len_control by default.
INFO: libFuzzer ignores flags that start with '--'
INFO: Running with entropic power schedule (0xFF, 100).
INFO: Seed: 2358637929
INFO: Loaded 1 modules   (291 inline 8-bit counters): 291 [0x4cb7e8, 0x4cb90b), 
INFO: Loaded 1 PC tables (291 PCs): 291 [0x4cb910,0x4ccb40), 
INFO:        0 files found in /tmp/libFuzzerTemp.FuzzWithFork422940.dir/C179
[SGXSan] ALWAYS: Hook __sanitizer_cov_8bit_counters_init of Enclave, 21636 inline 8-bit counts [0x7f290778b9c0, 0x7f2907790e44) (First time)
[SGXSan] ALWAYS: Hook __sanitizer_cov_pcs_init of Enclave, 21636 PCs [0x7f2907790e48, 0x7f29077e5688) (First time)
[SGXSan] ALWAYS: Enter enc_wolfSSL_CTX_free
[SGXSan] ALWAYS: Enter enc_wolfSSL_CTX_load_verify_buffer
[SGXSan] ALWAYS: Enter enc_wolfSSL_CTX_new
[SGXSan] ALWAYS: Enter enc_wolfSSL_CTX_set_cipher_list
[SGXSan] ALWAYS: Enter enc_wolfSSL_CTX_use_PrivateKey_buffer
[SGXSan] ALWAYS: Enter enc_wolfSSL_CTX_use_certificate_buffer
[SGXSan] ALWAYS: Enter enc_wolfSSL_CTX_use_certificate_chain_buffer_format
[SGXSan] ALWAYS: Enter enc_wolfSSL_Cleanup
[SGXSan] ALWAYS: Enter enc_wolfSSL_Debugging_OFF
[SGXSan] ALWAYS: Enter enc_wolfSSL_Debugging_ON
[SGXSan] ALWAYS: Enter enc_wolfSSL_Init
[SGXSan] ALWAYS: Enter enc_wolfSSL_connect
[SGXSan] ALWAYS: Enter enc_wolfSSL_free
[SGXSan] ALWAYS: Enter enc_wolfSSL_get_error
[SGXSan] ALWAYS: Enter enc_wolfSSL_new
[SGXSan] ALWAYS: Enter enc_wolfSSL_read
[SGXSan] ALWAYS: Enter enc_wolfSSL_set_fd
[SGXSan] ALWAYS: Enter enc_wolfSSL_write
[SGXSan] ALWAYS: Enter enc_wolfTLSv1_2_client_method
[SGXSan] ALWAYS: Enter enc_wolfTLSv1_2_server_method
[SGXSan] ALWAYS: Enter wc_benchmark_test
------------------------------------------------------------------------------
 wolfSSL version 5.1.0
------------------------------------------------------------------------------
wolfCrypt Benchmark (block bytes 1048576, min 1.0 sec each)
RNG                 15 MB took 1.159 seconds,   12.946 MB/s
AES-128-CBC-enc     35 MB took 1.079 seconds,   32.451 MB/s
AES-128-CBC-dec     30 MB took 1.039 seconds,   28.874 MB/s
AES-192-CBC-enc     30 MB took 1.079 seconds,   27.808 MB/s
AES-192-CBC-dec     30 MB took 1.146 seconds,   26.179 MB/s
AES-256-CBC-enc     25 MB took 1.004 seconds,   24.888 MB/s
AES-256-CBC-dec     25 MB took 1.057 seconds,   23.654 MB/s
AES-128-GCM-enc     25 MB took 1.079 seconds,   23.170 MB/s
AES-128-GCM-dec     25 MB took 1.069 seconds,   23.379 MB/s
AES-192-GCM-enc     25 MB took 1.204 seconds,   20.773 MB/s
AES-192-GCM-dec     25 MB took 1.198 seconds,   20.868 MB/s
AES-256-GCM-enc     20 MB took 1.042 seconds,   19.189 MB/s
AES-256-GCM-dec     20 MB took 1.050 seconds,   19.051 MB/s
GMAC Table 4-bit    67 MB took 1.005 seconds,   66.642 MB/s
RABBIT              90 MB took 1.012 seconds,   88.938 MB/s
3DES                10 MB took 1.101 seconds,    9.080 MB/s
MD5                300 MB took 1.011 seconds,  296.810 MB/s
SHA                130 MB took 1.034 seconds,  125.678 MB/s
SHA-256             35 MB took 1.163 seconds,   30.099 MB/s
HMAC-MD5           300 MB took 1.015 seconds,  295.440 MB/s
HMAC-SHA           115 MB took 1.052 seconds,  109.272 MB/s
HMAC-SHA256         30 MB took 1.076 seconds,   27.876 MB/s
PBKDF2               4 KB took 1.008 seconds,    3.689 KB/s
RSA     2048 public       1300 ops took 1.006 sec, avg 0.774 ms, 1292.572 ops/sec
RSA     2048 private       100 ops took 3.722 sec, avg 37.216 ms, 26.870 ops/sec
DH      2048 key gen        64 ops took 1.002 sec, avg 15.663 ms, 63.845 ops/sec
DH      2048 agree         100 ops took 1.578 sec, avg 15.777 ms, 63.385 ops/sec
ECC   [      SECP256R1]   256 key gen      1384 ops took 1.001 sec, avg 0.723 ms, 1382.951 ops/sec
ECDHE [      SECP256R1]   256 agree         900 ops took 1.006 sec, avg 1.117 ms, 894.958 ops/sec
ECDSA [      SECP256R1]   256 sign         1200 ops took 1.025 sec, avg 0.854 ms, 1170.579 ops/sec
ECDSA [      SECP256R1]   256 verify        900 ops took 1.061 sec, avg 1.179 ms, 847.970 ops/sec
Benchmark complete
[SGXSan] ALWAYS: Enter wc_test
INFO: seed corpus: files: 3 min: 370191b max: 370191b total: 1110573b rss: 43Mb
------------------------------------------------------------------------------
 wolfSSL version 5.1.0
------------------------------------------------------------------------------
error    test passed!
MEMORY   test passed!
base64   test passed!
asn      test passed!
RANDOM   test passed!
MD5      test passed!
MD4      test passed!
SHA      test passed!
SHA-256  test passed!
Hash     test passed!
HMAC-MD5 test passed!
HMAC-SHA test passed!
HMAC-SHA256 test passed!
GMAC     test passed!
HC-128   test passed!
Rabbit   test passed!
DES      test passed!
DES3     test passed!
AES      test passed!
AES192   test passed!
AES256   test passed!
AES-GCM  test passed!
RSA      test passed!
DH       test passed!
DSA      test passed!
PWDBASED test passed!
ECC      test passed!
ECC buffer test passed!
logging  test passed!
mutex    test passed!
memcb    test passed!
Test complete
[SGXSan] ALWAYS: Enter enc_wolfSSL_new
[SGXSan] ALWAYS: Enter wc_test
------------------------------------------------------------------------------
 wolfSSL version 5.1.0
------------------------------------------------------------------------------
error    test passed!
MEMORY   test passed!
base64   test passed!
asn      test passed!
RANDOM   test passed!
MD5      test passed!
MD4      test passed!
SHA      test passed!
SHA-256  test passed!
Hash     test passed!
HMAC-MD5 test passed!
HMAC-SHA test passed!
HMAC-SHA256 test passed!
GMAC     test passed!
HC-128   test passed!
Rabbit   test passed!
DES      test passed!
DES3     test passed!
AES      test passed!
AES192   test passed!
AES256   test passed!
AES-GCM  test passed!
RSA      test passed!
DH       test passed!
DSA      test passed!
PWDBASED test passed!
ECC      test passed!
ECC buffer test passed!
logging  test passed!
mutex    test passed!
memcb    test failed!
 error = -13803
[SGXSan] ALWAYS: Enter enc_wolfSSL_CTX_use_certificate_chain_buffer_format
[SGXSan] ALWAYS: Enter enc_wolfSSL_write
[SGXSan] ALWAYS: Enter enc_wolfSSL_get_error
[SGXSan] ALWAYS: Enter enc_wolfSSL_CTX_load_verify_buffer
[SGXSan] ALWAYS: Enter enc_wolfSSL_CTX_use_PrivateKey_buffer
[SGXSan] ALWAYS: Enter enc_wolfSSL_CTX_use_certificate_buffer
[SGXSan] ALWAYS: Enter enc_wolfTLSv1_2_server_method
[SGXSan] ALWAYS: Enter enc_wolfSSL_Debugging_ON
[SGXSan] ALWAYS: Enter enc_wolfSSL_CTX_new
[SGXSan] ALWAYS: Enter enc_wolfSSL_Cleanup
[SGXSan] ALWAYS: Enter enc_wolfSSL_connect
[SGXSan] ALWAYS: Enter wc_benchmark_test
------------------------------------------------------------------------------
 wolfSSL version 5.1.0
------------------------------------------------------------------------------
wolfCrypt Benchmark (block bytes 1048576, min 1.0 sec each)
RNG                 15 MB took 1.177 seconds,   12.748 MB/s
AES-128-CBC-enc     35 MB took 1.067 seconds,   32.807 MB/s
AES-128-CBC-dec     35 MB took 1.163 seconds,   30.099 MB/s
AES-192-CBC-enc     30 MB took 1.100 seconds,   27.277 MB/s
AES-192-CBC-dec     30 MB took 1.158 seconds,   25.906 MB/s
AES-256-CBC-enc     25 MB took 1.000 seconds,   24.993 MB/s
AES-256-CBC-dec     25 MB took 1.050 seconds,   23.809 MB/s
AES-128-GCM-enc     25 MB took 1.059 seconds,   23.604 MB/s
AES-128-GCM-dec     20 MB took 1.068 seconds,   18.734 MB/s
AES-192-GCM-enc     25 MB took 1.198 seconds,   20.863 MB/s
AES-192-GCM-dec     25 MB took 1.204 seconds,   20.768 MB/s
AES-256-GCM-enc     20 MB took 1.039 seconds,   19.256 MB/s
AES-256-GCM-dec     20 MB took 1.031 seconds,   19.393 MB/s
GMAC Table 4-bit    67 MB took 1.011 seconds,   66.266 MB/s
RABBIT              90 MB took 1.009 seconds,   89.156 MB/s
3DES                10 MB took 1.110 seconds,    9.012 MB/s
MD5                305 MB took 1.014 seconds,  300.642 MB/s
SHA                130 MB took 1.031 seconds,  126.087 MB/s
SHA-256             35 MB took 1.165 seconds,   30.037 MB/s
HMAC-MD5           295 MB took 1.005 seconds,  293.607 MB/s
HMAC-SHA           125 MB took 1.007 seconds,  124.119 MB/s
HMAC-SHA256         35 MB took 1.164 seconds,   30.068 MB/s
PBKDF2               4 KB took 1.001 seconds,    3.686 KB/s
RSA     2048 public       1400 ops took 1.036 sec, avg 0.740 ms, 1350.798 ops/sec
RSA     2048 private       100 ops took 3.769 sec, avg 37.691 ms, 26.532 ops/sec
DH      2048 key gen        64 ops took 1.006 sec, avg 15.719 ms, 63.616 ops/sec
DH      2048 agree         100 ops took 1.585 sec, avg 15.851 ms, 63.087 ops/sec
ECC   [      SECP256R1]   256 key gen      1404 ops took 1.000 sec, avg 0.713 ms, 1403.371 ops/sec
ECDHE [      SECP256R1]   256 agree         900 ops took 1.022 sec, avg 1.135 ms, 880.850 ops/sec
ECDSA [      SECP256R1]   256 sign         1200 ops took 1.033 sec, avg 0.861 ms, 1161.518 ops/sec
ECDSA [      SECP256R1]   256 verify        900 ops took 1.054 sec, avg 1.171 ms, 854.009 ops/sec
Benchmark complete
[SGXSan] ALWAYS: Enter enc_wolfSSL_free
[SGXSan] ALWAYS: Enter enc_wolfSSL_set_fd
[SGXSan] ALWAYS: Enter enc_wolfTLSv1_2_client_method
[SGXSan] ALWAYS: Enter enc_wolfSSL_Init
[SGXSan] ALWAYS: Enter enc_wolfSSL_CTX_set_cipher_list
[SGXSan] ALWAYS: Enter enc_wolfSSL_Debugging_OFF
[SGXSan] ALWAYS: Enter enc_wolfSSL_read
[SGXSan] ALWAYS: Enter enc_wolfSSL_CTX_free
#2	pulse  ft: 6294 exec/s: 0 rss: 49Mb
Slowest unit: 42 s:
artifact_prefix='./crashes/'; Test unit written to ./crashes/slow-unit-eea13a3d5a82fc21c5d57bf5c2da85a11c88d78c
[SGXSan] ALWAYS: Enter enc_wolfSSL_new
[SGXSan] ALWAYS: Enter enc_wolfSSL_CTX_use_PrivateKey_buffer
[SGXSan] ALWAYS: Enter enc_wolfSSL_write
[SGXSan] ALWAYS: Enter enc_wolfSSL_Debugging_OFF
[SGXSan] ALWAYS: Enter enc_wolfSSL_CTX_new
[SGXSan] ALWAYS: Enter enc_wolfSSL_Init
[SGXSan] ALWAYS: Enter enc_wolfSSL_get_error
[SGXSan] ALWAYS: Enter enc_wolfSSL_CTX_set_cipher_list
[SGXSan] ALWAYS: Enter enc_wolfSSL_CTX_use_certificate_buffer
[SGXSan] ALWAYS: Enter enc_wolfTLSv1_2_client_method
[SGXSan] ALWAYS: Enter enc_wolfSSL_CTX_load_verify_buffer
[SGXSan] ALWAYS: Enter enc_wolfSSL_free
[SGXSan] ALWAYS: Enter enc_wolfSSL_set_fd
[SGXSan] ALWAYS: Enter enc_wolfTLSv1_2_server_method
[SGXSan] ALWAYS: Enter wc_benchmark_test
------------------------------------------------------------------------------
 wolfSSL version 5.1.0
------------------------------------------------------------------------------
wolfCrypt Benchmark (block bytes 1048576, min 1.0 sec each)
RNG                 15 MB took 1.169 seconds,   12.835 MB/s
AES-128-CBC-enc     35 MB took 1.084 seconds,   32.275 MB/s
AES-128-CBC-dec     30 MB took 1.008 seconds,   29.757 MB/s
AES-192-CBC-enc     30 MB took 1.072 seconds,   27.985 MB/s
AES-192-CBC-dec     30 MB took 1.147 seconds,   26.148 MB/s
AES-256-CBC-enc     25 MB took 1.018 seconds,   24.547 MB/s
AES-256-CBC-dec     25 MB took 1.076 seconds,   23.227 MB/s
AES-128-GCM-enc     25 MB took 1.142 seconds,   21.890 MB/s
AES-128-GCM-dec     25 MB took 1.071 seconds,   23.352 MB/s
AES-192-GCM-enc     25 MB took 1.203 seconds,   20.775 MB/s
AES-192-GCM-dec     20 MB took 1.030 seconds,   19.421 MB/s
AES-256-GCM-enc     20 MB took 1.048 seconds,   19.084 MB/s
AES-256-GCM-dec     20 MB took 1.052 seconds,   19.020 MB/s
GMAC Table 4-bit    67 MB took 1.006 seconds,   66.608 MB/s
RABBIT              90 MB took 1.009 seconds,   89.206 MB/s
3DES                10 MB took 1.146 seconds,    8.725 MB/s
MD5                285 MB took 1.001 seconds,  284.665 MB/s
SHA                120 MB took 1.018 seconds,  117.822 MB/s
SHA-256             30 MB took 1.017 seconds,   29.506 MB/s
HMAC-MD5           290 MB took 1.008 seconds,  287.720 MB/s
HMAC-SHA           125 MB took 1.017 seconds,  122.904 MB/s
HMAC-SHA256         30 MB took 1.020 seconds,   29.425 MB/s
PBKDF2               4 KB took 1.004 seconds,    3.642 KB/s
RSA     2048 public       1400 ops took 1.052 sec, avg 0.751 ms, 1331.154 ops/sec
RSA     2048 private       100 ops took 3.812 sec, avg 38.117 ms, 26.235 ops/sec
DH      2048 key gen        63 ops took 1.010 sec, avg 16.036 ms, 62.361 ops/sec
DH      2048 agree         100 ops took 1.596 sec, avg 15.956 ms, 62.671 ops/sec
ECC   [      SECP256R1]   256 key gen      1371 ops took 1.001 sec, avg 0.730 ms, 1370.090 ops/sec
ECDHE [      SECP256R1]   256 agree         900 ops took 1.013 sec, avg 1.126 ms, 888.140 ops/sec
ECDSA [      SECP256R1]   256 sign         1200 ops took 1.042 sec, avg 0.868 ms, 1151.528 ops/sec
ECDSA [      SECP256R1]   256 verify        900 ops took 1.069 sec, avg 1.188 ms, 841.604 ops/sec
Benchmark complete
[SGXSan] ALWAYS: Enter enc_wolfSSL_connect
[SGXSan] ALWAYS: Enter wc_test
------------------------------------------------------------------------------
 wolfSSL version 5.1.0
------------------------------------------------------------------------------
error    test passed!
MEMORY   test passed!
base64   test passed!
asn      test passed!
RANDOM   test passed!
MD5      test passed!
MD4      test passed!
SHA      test passed!
SHA-256  test passed!
Hash     test passed!
HMAC-MD5 test passed!
HMAC-SHA test passed!
HMAC-SHA256 test passed!
GMAC     test passed!
HC-128   test passed!
Rabbit   test passed!
DES      test passed!
DES3     test passed!
AES      test passed!
AES192   test passed!
AES256   test passed!
AES-GCM  test passed!
RSA      test passed!
DH       test passed!
DSA      test passed!
PWDBASED test passed!
ECC      test passed!
ECC buffer test passed!
logging  test passed!
mutex    test passed!
memcb    test failed!
 error = -13803
[SGXSan] ALWAYS: Enter enc_wolfSSL_CTX_free
[SGXSan] ALWAYS: Enter enc_wolfSSL_Debugging_ON
[SGXSan] ALWAYS: Enter enc_wolfSSL_CTX_use_certificate_chain_buffer_format
[SGXSan] ALWAYS: Enter enc_wolfSSL_Cleanup
[SGXSan] ALWAYS: Enter enc_wolfSSL_read
[SGXSan] ALWAYS: Enter enc_wolfSSL_connect
[SGXSan] ALWAYS: Enter enc_wolfSSL_new
[SGXSan] ALWAYS: Enter enc_wolfSSL_CTX_new
[SGXSan] ALWAYS: Enter enc_wolfSSL_CTX_free
[SGXSan] ALWAYS: Enter enc_wolfSSL_write
[SGXSan] ALWAYS: Enter enc_wolfSSL_CTX_load_verify_buffer
[SGXSan] ALWAYS: Enter enc_wolfSSL_CTX_use_PrivateKey_buffer
[SGXSan] ALWAYS: Enter enc_wolfTLSv1_2_client_method
[SGXSan] ALWAYS: Enter wc_benchmark_test
------------------------------------------------------------------------------
 wolfSSL version 5.1.0
------------------------------------------------------------------------------
wolfCrypt Benchmark (block bytes 1048576, min 1.0 sec each)
RNG                 15 MB took 1.160 seconds,   12.930 MB/s
AES-128-CBC-enc     35 MB took 1.084 seconds,   32.288 MB/s
AES-128-CBC-dec     30 MB took 1.012 seconds,   29.635 MB/s
AES-192-CBC-enc     30 MB took 1.087 seconds,   27.593 MB/s
AES-192-CBC-dec     30 MB took 1.157 seconds,   25.930 MB/s
AES-256-CBC-enc     25 MB took 1.003 seconds,   24.916 MB/s
AES-256-CBC-dec     25 MB took 1.045 seconds,   23.922 MB/s
AES-128-GCM-enc     25 MB took 1.065 seconds,   23.481 MB/s
AES-128-GCM-dec     25 MB took 1.076 seconds,   23.232 MB/s
AES-192-GCM-enc     25 MB took 1.201 seconds,   20.824 MB/s
AES-192-GCM-dec     25 MB took 1.193 seconds,   20.960 MB/s
AES-256-GCM-enc     20 MB took 1.035 seconds,   19.331 MB/s
AES-256-GCM-dec     20 MB took 1.025 seconds,   19.508 MB/s
GMAC Table 4-bit    66 MB took 1.002 seconds,   65.839 MB/s
RABBIT              90 MB took 1.011 seconds,   89.054 MB/s
3DES                10 MB took 1.117 seconds,    8.956 MB/s
MD5                300 MB took 1.007 seconds,  298.046 MB/s
SHA                130 MB took 1.030 seconds,  126.207 MB/s
SHA-256             35 MB took 1.163 seconds,   30.106 MB/s
HMAC-MD5           300 MB took 1.012 seconds,  296.447 MB/s
HMAC-SHA           125 MB took 1.004 seconds,  124.511 MB/s
HMAC-SHA256         35 MB took 1.146 seconds,   30.537 MB/s
PBKDF2               4 KB took 1.008 seconds,    3.719 KB/s
RSA     2048 public       1400 ops took 1.036 sec, avg 0.740 ms, 1350.868 ops/sec
RSA     2048 private       100 ops took 3.750 sec, avg 37.496 ms, 26.669 ops/sec
DH      2048 key gen        59 ops took 1.003 sec, avg 16.997 ms, 58.833 ops/sec
DH      2048 agree         100 ops took 1.604 sec, avg 16.043 ms, 62.334 ops/sec
ECC   [      SECP256R1]   256 key gen      1356 ops took 1.000 sec, avg 0.738 ms, 1355.726 ops/sec
ECDHE [      SECP256R1]   256 agree         900 ops took 1.049 sec, avg 1.165 ms, 858.067 ops/sec
ECDSA [      SECP256R1]   256 sign         1200 ops took 1.028 sec, avg 0.856 ms, 1167.705 ops/sec
ECDSA [      SECP256R1]   256 verify        900 ops took 1.066 sec, avg 1.184 ms, 844.563 ops/sec
Benchmark complete
[SGXSan] ALWAYS: Enter enc_wolfSSL_CTX_set_cipher_list
[SGXSan] ALWAYS: Enter enc_wolfSSL_get_error
[SGXSan] ALWAYS: Enter enc_wolfSSL_Init
[SGXSan] ALWAYS: Enter enc_wolfSSL_free
[SGXSan] ALWAYS: Enter wc_test
------------------------------------------------------------------------------
 wolfSSL version 5.1.0
------------------------------------------------------------------------------
error    test passed!
MEMORY   test passed!
base64   test passed!
asn      test passed!
RANDOM   test passed!
MD5      test passed!
MD4      test passed!
SHA      test passed!
SHA-256  test passed!
Hash     test passed!
HMAC-MD5 test passed!
HMAC-SHA test passed!
HMAC-SHA256 test passed!
GMAC     test passed!
HC-128   test passed!
Rabbit   test passed!
DES      test passed!
DES3     test passed!
AES      test passed!
AES192   test passed!
AES256   test passed!
AES-GCM  test passed!
RSA      test passed!
DH       test passed!
DSA      test passed!
PWDBASED test passed!
ECC      test passed!
ECC buffer test passed!
logging  test passed!
mutex    test passed!
memcb    test failed!
 error = -13803
[SGXSan] ALWAYS: Enter enc_wolfSSL_Debugging_ON
[SGXSan] ALWAYS: Enter enc_wolfSSL_read
[SGXSan] ALWAYS: Enter enc_wolfSSL_Debugging_OFF
[SGXSan] ALWAYS: Enter enc_wolfTLSv1_2_server_method
[SGXSan] ALWAYS: Enter enc_wolfSSL_set_fd
[SGXSan] ALWAYS: Enter enc_wolfSSL_CTX_use_certificate_buffer
[SGXSan] ALWAYS: Enter enc_wolfSSL_CTX_use_certificate_chain_buffer_format
[SGXSan] ALWAYS: Enter enc_wolfSSL_Cleanup
#4	pulse  cov: 6294 ft: 6295 corp: 1/361Kb exec/s: 0 rss: 64Mb
#4	INITED cov: 6295 ft: 6295 corp: 2/723Kb exec/s: 0 rss: 64Mb
[SGXSan] ALWAYS: Enter enc_wolfSSL_connect
[SGXSan] ALWAYS: Enter enc_wolfSSL_new
[SGXSan] ALWAYS: Enter enc_wolfSSL_CTX_new
[SGXSan] ALWAYS: Enter enc_wolfSSL_CTX_free
[SGXSan] ALWAYS: Enter enc_wolfSSL_write
[SGXSan] ALWAYS: Enter enc_wolfSSL_CTX_load_verify_buffer
[SGXSan] ALWAYS: Enter enc_wolfSSL_CTX_use_PrivateKey_buffer
[SGXSan] ALWAYS: Enter enc_wolfTLSv1_2_client_method
[SGXSan] ALWAYS: Enter wc_benchmark_test
------------------------------------------------------------------------------
 wolfSSL version 5.1.0
------------------------------------------------------------------------------
wolfCrypt Benchmark (block bytes 1048576, min 1.0 sec each)
RNG                 15 MB took 1.176 seconds,   12.754 MB/s
AES-128-CBC-enc     35 MB took 1.103 seconds,   31.737 MB/s
AES-128-CBC-dec     35 MB took 1.158 seconds,   30.213 MB/s
AES-192-CBC-enc     30 MB took 1.067 seconds,   28.117 MB/s
AES-192-CBC-dec     30 MB took 1.159 seconds,   25.882 MB/s
AES-256-CBC-enc     25 MB took 1.009 seconds,   24.777 MB/s
AES-256-CBC-dec     25 MB took 1.066 seconds,   23.441 MB/s
AES-128-GCM-enc     25 MB took 1.063 seconds,   23.524 MB/s
AES-128-GCM-dec     25 MB took 1.069 seconds,   23.389 MB/s
AES-192-GCM-enc     25 MB took 1.204 seconds,   20.761 MB/s
AES-192-GCM-dec     25 MB took 1.198 seconds,   20.861 MB/s
AES-256-GCM-enc     20 MB took 1.040 seconds,   19.234 MB/s
AES-256-GCM-dec     20 MB took 1.045 seconds,   19.133 MB/s
GMAC Table 4-bit    67 MB took 1.005 seconds,   66.664 MB/s
RABBIT              90 MB took 1.016 seconds,   88.571 MB/s
3DES                10 MB took 1.123 seconds,    8.902 MB/s
MD5                300 MB took 1.014 seconds,  295.887 MB/s
SHA                125 MB took 1.003 seconds,  124.585 MB/s
SHA-256             35 MB took 1.155 seconds,   30.310 MB/s
HMAC-MD5           300 MB took 1.012 seconds,  296.345 MB/s
HMAC-SHA           125 MB took 1.001 seconds,  124.870 MB/s
HMAC-SHA256         30 MB took 1.002 seconds,   29.952 MB/s
PBKDF2               4 KB took 1.001 seconds,    3.684 KB/s
RSA     2048 public       1400 ops took 1.032 sec, avg 0.737 ms, 1356.438 ops/sec
RSA     2048 private       100 ops took 3.759 sec, avg 37.592 ms, 26.602 ops/sec
DH      2048 key gen        64 ops took 1.010 sec, avg 15.780 ms, 63.371 ops/sec
DH      2048 agree         100 ops took 1.578 sec, avg 15.777 ms, 63.385 ops/sec
ECC   [      SECP256R1]   256 key gen      1365 ops took 1.000 sec, avg 0.733 ms, 1364.737 ops/sec
ECDHE [      SECP256R1]   256 agree         900 ops took 1.007 sec, avg 1.119 ms, 893.431 ops/sec
ECDSA [      SECP256R1]   256 sign         1200 ops took 1.021 sec, avg 0.850 ms, 1175.842 ops/sec
ECDSA [      SECP256R1]   256 verify        900 ops took 1.072 sec, avg 1.192 ms, 839.235 ops/sec
Benchmark complete
[SGXSan] ALWAYS: Enter enc_wolfSSL_CTX_set_cipher_list
[SGXSan] ALWAYS: Enter enc_wolfSSL_get_error
[SGXSan] ALWAYS: Enter enc_wolfSSL_Init
[SGXSan] ALWAYS: Enter enc_wolfSSL_free
[SGXSan] ALWAYS: Enter wc_test
------------------------------------------------------------------------------
 wolfSSL version 5.1.0
------------------------------------------------------------------------------
error    test passed!
MEMORY   test passed!
base64   test passed!
asn      test passed!
RANDOM   test passed!
MD5      test passed!
MD4      test passed!
SHA      test passed!
SHA-256  test passed!
Hash     test passed!
HMAC-MD5 test passed!
HMAC-SHA test passed!
HMAC-SHA256 test passed!
GMAC     test passed!
HC-128   test passed!
Rabbit   test passed!
DES      test passed!
DES3     test passed!
AES      test passed!
AES192   test passed!
AES256   test passed!
AES-GCM  test passed!
RSA      test passed!
DH       test passed!
DSA      test passed!
PWDBASED test passed!
ECC      test passed!
ECC buffer test passed!
logging  test passed!
mutex    test passed!
memcb    test failed!
 error = -13803
[SGXSan] ALWAYS: Enter enc_wolfSSL_Debugging_ON
[SGXSan] ALWAYS: Enter enc_wolfSSL_read
[SGXSan] ALWAYS: Enter enc_wolfSSL_Debugging_OFF
[SGXSan] ALWAYS: Enter enc_wolfTLSv1_2_server_method
[SGXSan] ALWAYS: Enter enc_wolfSSL_set_fd
[SGXSan] ALWAYS: Enter enc_wolfSSL_CTX_use_certificate_buffer
[SGXSan] ALWAYS: Enter enc_wolfSSL_CTX_use_certificate_chain_buffer_format
[SGXSan] ALWAYS: Enter enc_wolfSSL_Cleanup
[SGXSan] ALWAYS: Enter enc_wolfSSL_connect
[SGXSan] ALWAYS: Enter enc_wolfSSL_new
[SGXSan] ALWAYS: Enter enc_wolfSSL_CTX_new
[SGXSan] ALWAYS: Enter enc_wolfSSL_CTX_free
[SGXSan] ALWAYS: Enter enc_wolfSSL_write
[SGXSan] ALWAYS: Enter enc_wolfSSL_CTX_load_verify_buffer
[SGXSan] ALWAYS: Enter enc_wolfSSL_CTX_use_PrivateKey_buffer
[SGXSan] ALWAYS: Enter enc_wolfTLSv1_2_client_method
[SGXSan] ALWAYS: Enter wc_benchmark_test
------------------------------------------------------------------------------
 wolfSSL version 5.1.0
------------------------------------------------------------------------------
wolfCrypt Benchmark (block bytes 1048576, min 1.0 sec each)
RNG                 15 MB took 1.159 seconds,   12.941 MB/s
AES-128-CBC-enc     35 MB took 1.085 seconds,   32.271 MB/s
AES-128-CBC-dec     30 MB took 1.021 seconds,   29.382 MB/s
AES-192-CBC-enc     30 MB took 1.072 seconds,   27.972 MB/s
AES-192-CBC-dec     30 MB took 1.172 seconds,   25.605 MB/s
AES-256-CBC-enc     30 MB took 1.190 seconds,   25.200 MB/s
AES-256-CBC-dec     25 MB took 1.057 seconds,   23.644 MB/s
AES-128-GCM-enc     25 MB took 1.079 seconds,   23.169 MB/s
AES-128-GCM-dec     25 MB took 1.073 seconds,   23.291 MB/s
AES-192-GCM-enc     25 MB took 1.202 seconds,   20.795 MB/s
AES-192-GCM-dec     25 MB took 1.197 seconds,   20.886 MB/s
AES-256-GCM-enc     20 MB took 1.039 seconds,   19.257 MB/s
AES-256-GCM-dec     20 MB took 1.041 seconds,   19.207 MB/s
GMAC Table 4-bit    67 MB took 1.003 seconds,   66.807 MB/s
RABBIT              90 MB took 1.010 seconds,   89.141 MB/s
3DES                10 MB took 1.096 seconds,    9.126 MB/s
MD5                300 MB took 1.014 seconds,  295.999 MB/s
SHA                125 MB took 1.008 seconds,  124.044 MB/s
SHA-256             35 MB took 1.159 seconds,   30.205 MB/s
HMAC-MD5           300 MB took 1.010 seconds,  296.988 MB/s
HMAC-SHA           130 MB took 1.031 seconds,  126.106 MB/s
HMAC-SHA256         35 MB took 1.156 seconds,   30.287 MB/s
PBKDF2               4 KB took 1.006 seconds,    3.666 KB/s
RSA     2048 public       1400 ops took 1.005 sec, avg 0.718 ms, 1392.815 ops/sec
RSA     2048 private       100 ops took 3.669 sec, avg 36.690 ms, 27.255 ops/sec
DH      2048 key gen        66 ops took 1.011 sec, avg 15.325 ms, 65.255 ops/sec
DH      2048 agree         100 ops took 1.538 sec, avg 15.383 ms, 65.008 ops/sec
ECC   [      SECP256R1]   256 key gen      1418 ops took 1.001 sec, avg 0.706 ms, 1417.222 ops/sec
ECDHE [      SECP256R1]   256 agree        1000 ops took 1.093 sec, avg 1.093 ms, 914.664 ops/sec
ECDSA [      SECP256R1]   256 sign         1200 ops took 1.003 sec, avg 0.836 ms, 1196.475 ops/sec
ECDSA [      SECP256R1]   256 verify        900 ops took 1.043 sec, avg 1.158 ms, 863.222 ops/sec
Benchmark complete
[SGXSan] ALWAYS: Enter enc_wolfSSL_CTX_set_cipher_list
[SGXSan] ALWAYS: Enter enc_wolfSSL_get_error
[SGXSan] ALWAYS: Enter enc_wolfSSL_Init
[SGXSan] ALWAYS: Enter enc_wolfSSL_free
[SGXSan] ALWAYS: Enter wc_test
------------------------------------------------------------------------------
 wolfSSL version 5.1.0
------------------------------------------------------------------------------
error    test passed!
MEMORY   test passed!
base64   test passed!
asn      test passed!
RANDOM   test passed!
MD5      test passed!
MD4      test passed!
SHA      test passed!
SHA-256  test passed!
Hash     test passed!
HMAC-MD5 test passed!
HMAC-SHA test passed!
HMAC-SHA256 test passed!
GMAC     test passed!
HC-128   test passed!
Rabbit   test passed!
DES      test passed!
DES3     test passed!
AES      test passed!
AES192   test passed!
AES256   test passed!
AES-GCM  test passed!
RSA      test passed!
DH       test passed!
DSA      test passed!
PWDBASED test passed!
ECC      test passed!
ECC buffer test passed!
logging  test passed!
mutex    test passed!
memcb    test failed!
 error = -13803
[SGXSan] ALWAYS: Enter enc_wolfSSL_Debugging_ON
[SGXSan] ALWAYS: Enter enc_wolfSSL_read
[SGXSan] ALWAYS: Enter enc_wolfSSL_Debugging_OFF
[SGXSan] ALWAYS: Enter enc_wolfTLSv1_2_server_method
[SGXSan] ALWAYS: Enter enc_wolfSSL_set_fd
[SGXSan] ALWAYS: Enter enc_wolfSSL_CTX_use_certificate_buffer
[SGXSan] ALWAYS: Enter enc_wolfSSL_CTX_use_certificate_chain_buffer_format
[SGXSan] ALWAYS: Enter enc_wolfSSL_Cleanup
#6	NEW    cov: 6295 ft: 6300 corp: 3/1084Kb lim: 1000000 exec/s: 0 rss: 76Mb L: 370191/370191 MS: 4 CopyPart-Custom-ChangeASCIIInt-Custom-
#6	DONE   cov: 6295 ft: 6300 corp: 3/1084Kb lim: 1000000 exec/s: 0 rss: 76Mb
Done 6 runs in 253 second(s)
stat::number_of_executed_units: 6
stat::average_exec_per_sec:     0
stat::new_units_added:          1
stat::slowest_unit_time_sec:    42
stat::peak_rss_mb:              76
