WARNING: Failed to find function "__sanitizer_acquire_crash_state".
WARNING: Failed to find function "__sanitizer_print_stack_trace".
WARNING: Failed to find function "__sanitizer_set_death_callback".
[2023-01-15 19:08:15.638] [Init] Num of ECall: 22
[2023-01-15 19:08:15.638] ECalls:
  0 - fuzz_enc_wolfSSL_CTX_free
  1 - fuzz_enc_wolfSSL_CTX_load_verify_buffer
  2 - fuzz_enc_wolfSSL_CTX_new
  3 - fuzz_enc_wolfSSL_CTX_set_cipher_list
  4 - fuzz_enc_wolfSSL_CTX_use_PrivateKey_buffer
  5 - fuzz_enc_wolfSSL_CTX_use_certificate_buffer
  6 - fuzz_enc_wolfSSL_CTX_use_certificate_chain_buffer_format
  7 - fuzz_enc_wolfSSL_Cleanup
  8 - fuzz_enc_wolfSSL_Debugging_OFF
  9 - fuzz_enc_wolfSSL_Debugging_ON
  10 - fuzz_enc_wolfSSL_Init
  11 - fuzz_enc_wolfSSL_connect
  12 - fuzz_enc_wolfSSL_free
  13 - fuzz_enc_wolfSSL_get_error
  14 - fuzz_enc_wolfSSL_new
  15 - fuzz_enc_wolfSSL_read
  16 - fuzz_enc_wolfSSL_set_fd
  17 - fuzz_enc_wolfSSL_write
  18 - fuzz_enc_wolfTLSv1_2_client_method
  19 - fuzz_enc_wolfTLSv1_2_server_method
  20 - fuzz_wc_benchmark_test
  21 - fuzz_wc_test

INFO: found LLVMFuzzerCustomMutator (0x44ac30). Disabling -len_control by default.
INFO: libFuzzer ignores flags that start with '--'
INFO: Running with entropic power schedule (0xFF, 100).
INFO: Seed: 1147669738
INFO: Loaded 1 modules   (291 inline 8-bit counters): 291 [0x4cb7e8, 0x4cb90b), 
INFO: Loaded 1 PC tables (291 PCs): 291 [0x4cb910,0x4ccb40), 
INFO:        0 files found in /tmp/libFuzzerTemp.FuzzWithFork422940.dir/C185
[SGXSan] ALWAYS: Hook __sanitizer_cov_8bit_counters_init of Enclave, 21636 inline 8-bit counts [0x7fdddf2539c0, 0x7fdddf258e44) (First time)
[SGXSan] ALWAYS: Hook __sanitizer_cov_pcs_init of Enclave, 21636 PCs [0x7fdddf258e48, 0x7fdddf2ad688) (First time)
[SGXSan] ALWAYS: Enter enc_wolfSSL_CTX_free
[SGXSan] ALWAYS: Enter enc_wolfSSL_CTX_load_verify_buffer
[SGXSan] ALWAYS: Enter enc_wolfSSL_CTX_new
[SGXSan] ALWAYS: Enter enc_wolfSSL_CTX_set_cipher_list
[SGXSan] ALWAYS: Enter enc_wolfSSL_CTX_use_PrivateKey_buffer
[SGXSan] ALWAYS: Enter enc_wolfSSL_CTX_use_certificate_buffer
[SGXSan] ALWAYS: Enter enc_wolfSSL_CTX_use_certificate_chain_buffer_format
[SGXSan] ALWAYS: Enter enc_wolfSSL_Cleanup
[SGXSan] ALWAYS: Enter enc_wolfSSL_Debugging_OFF
[SGXSan] ALWAYS: Enter enc_wolfSSL_Debugging_ON
[SGXSan] ALWAYS: Enter enc_wolfSSL_Init
[SGXSan] ALWAYS: Enter enc_wolfSSL_connect
[SGXSan] ALWAYS: Enter enc_wolfSSL_free
[SGXSan] ALWAYS: Enter enc_wolfSSL_get_error
[SGXSan] ALWAYS: Enter enc_wolfSSL_new
[SGXSan] ALWAYS: Enter enc_wolfSSL_read
[SGXSan] ALWAYS: Enter enc_wolfSSL_set_fd
[SGXSan] ALWAYS: Enter enc_wolfSSL_write
[SGXSan] ALWAYS: Enter enc_wolfTLSv1_2_client_method
[SGXSan] ALWAYS: Enter enc_wolfTLSv1_2_server_method
[SGXSan] ALWAYS: Enter wc_benchmark_test
------------------------------------------------------------------------------
 wolfSSL version 5.1.0
------------------------------------------------------------------------------
wolfCrypt Benchmark (block bytes 1048576, min 1.0 sec each)
RNG                 15 MB took 1.147 seconds,   13.082 MB/s
AES-128-CBC-enc     35 MB took 1.104 seconds,   31.714 MB/s
AES-128-CBC-dec     30 MB took 1.030 seconds,   29.117 MB/s
AES-192-CBC-enc     30 MB took 1.087 seconds,   27.601 MB/s
AES-192-CBC-dec     30 MB took 1.169 seconds,   25.658 MB/s
AES-256-CBC-enc     25 MB took 1.008 seconds,   24.813 MB/s
AES-256-CBC-dec     25 MB took 1.111 seconds,   22.494 MB/s
AES-128-GCM-enc     25 MB took 1.078 seconds,   23.192 MB/s
AES-128-GCM-dec     25 MB took 1.081 seconds,   23.131 MB/s
AES-192-GCM-enc     25 MB took 1.195 seconds,   20.922 MB/s
AES-192-GCM-dec     25 MB took 1.199 seconds,   20.859 MB/s
AES-256-GCM-enc     20 MB took 1.042 seconds,   19.201 MB/s
AES-256-GCM-dec     20 MB took 1.035 seconds,   19.328 MB/s
GMAC Table 4-bit    66 MB took 1.002 seconds,   65.864 MB/s
RABBIT              90 MB took 1.017 seconds,   88.500 MB/s
3DES                10 MB took 1.108 seconds,    9.022 MB/s
MD5                290 MB took 1.001 seconds,  289.850 MB/s
SHA                125 MB took 1.004 seconds,  124.519 MB/s
SHA-256             35 MB took 1.155 seconds,   30.299 MB/s
HMAC-MD5           300 MB took 1.000 seconds,  299.943 MB/s
HMAC-SHA           130 MB took 1.036 seconds,  125.510 MB/s
HMAC-SHA256         25 MB took 1.008 seconds,   24.797 MB/s
PBKDF2               2 KB took 1.008 seconds,    2.202 KB/s
RSA     2048 public        800 ops took 1.018 sec, avg 1.272 ms, 786.117 ops/sec
RSA     2048 private       100 ops took 4.090 sec, avg 40.897 ms, 24.452 ops/sec
DH      2048 key gen        65 ops took 1.010 sec, avg 15.532 ms, 64.385 ops/sec
DH      2048 agree         100 ops took 1.577 sec, avg 15.767 ms, 63.425 ops/sec
ECC   [      SECP256R1]   256 key gen      1400 ops took 1.001 sec, avg 0.715 ms, 1399.052 ops/sec
ECDHE [      SECP256R1]   256 agree         900 ops took 1.002 sec, avg 1.114 ms, 897.816 ops/sec
ECDSA [      SECP256R1]   256 sign         1200 ops took 1.031 sec, avg 0.860 ms, 1163.366 ops/sec
ECDSA [      SECP256R1]   256 verify        900 ops took 1.057 sec, avg 1.175 ms, 851.185 ops/sec
Benchmark complete
[SGXSan] ALWAYS: Enter wc_test
INFO: seed corpus: files: 3 min: 370191b max: 370191b total: 1110573b rss: 43Mb
------------------------------------------------------------------------------
 wolfSSL version 5.1.0
------------------------------------------------------------------------------
error    test passed!
MEMORY   test passed!
base64   test passed!
asn      test passed!
RANDOM   test passed!
MD5      test passed!
MD4      test passed!
SHA      test passed!
SHA-256  test passed!
Hash     test passed!
HMAC-MD5 test passed!
HMAC-SHA test passed!
HMAC-SHA256 test passed!
GMAC     test passed!
HC-128   test passed!
Rabbit   test passed!
DES      test passed!
DES3     test passed!
AES      test passed!
AES192   test passed!
AES256   test passed!
AES-GCM  test passed!
RSA      test passed!
DH       test passed!
DSA      test passed!
PWDBASED test passed!
ECC      test passed!
ECC buffer test passed!
logging  test passed!
mutex    test passed!
memcb    test passed!
Test complete
[SGXSan] ALWAYS: Enter enc_wolfTLSv1_2_server_method
[SGXSan] ALWAYS: Enter enc_wolfSSL_Debugging_ON
[SGXSan] ALWAYS: Enter enc_wolfSSL_CTX_use_PrivateKey_buffer
[SGXSan] ALWAYS: Enter enc_wolfSSL_new
[SGXSan] ALWAYS: Enter enc_wolfSSL_CTX_free
[SGXSan] ALWAYS: Enter enc_wolfSSL_get_error
[SGXSan] ALWAYS: Enter enc_wolfSSL_Debugging_OFF
[SGXSan] ALWAYS: Enter enc_wolfSSL_CTX_load_verify_buffer
[SGXSan] ALWAYS: Enter enc_wolfSSL_CTX_use_certificate_chain_buffer_format
[SGXSan] ALWAYS: Enter enc_wolfSSL_CTX_use_certificate_buffer
[SGXSan] ALWAYS: Enter wc_test
------------------------------------------------------------------------------
 wolfSSL version 5.1.0
------------------------------------------------------------------------------
error    test passed!
MEMORY   test passed!
base64   test passed!
asn      test passed!
RANDOM   test passed!
MD5      test passed!
MD4      test passed!
SHA      test passed!
SHA-256  test passed!
Hash     test passed!
HMAC-MD5 test passed!
HMAC-SHA test passed!
HMAC-SHA256 test passed!
GMAC     test passed!
HC-128   test passed!
Rabbit   test passed!
DES      test passed!
DES3     test passed!
AES      test passed!
AES192   test passed!
AES256   test passed!
AES-GCM  test passed!
RSA      test passed!
DH       test passed!
DSA      test passed!
PWDBASED test passed!
ECC      test passed!
ECC buffer test passed!
logging  test passed!
mutex    test passed!
memcb    test failed!
 error = -13803
[SGXSan] ALWAYS: Enter wc_benchmark_test
------------------------------------------------------------------------------
 wolfSSL version 5.1.0
------------------------------------------------------------------------------
wolfCrypt Benchmark (block bytes 1048576, min 1.0 sec each)
RNG                 10 MB took 1.291 seconds,    7.743 MB/s
AES-128-CBC-enc     20 MB took 1.111 seconds,   17.995 MB/s
AES-128-CBC-dec     20 MB took 1.196 seconds,   16.717 MB/s
AES-192-CBC-enc     20 MB took 1.287 seconds,   15.541 MB/s
AES-192-CBC-dec     15 MB took 1.022 seconds,   14.679 MB/s
AES-256-CBC-enc     15 MB took 1.056 seconds,   14.204 MB/s
AES-256-CBC-dec     15 MB took 1.130 seconds,   13.277 MB/s
AES-128-GCM-enc     15 MB took 1.107 seconds,   13.554 MB/s
AES-128-GCM-dec     15 MB took 1.118 seconds,   13.421 MB/s
AES-192-GCM-enc     15 MB took 1.246 seconds,   12.034 MB/s
AES-192-GCM-dec     15 MB took 1.231 seconds,   12.182 MB/s
AES-256-GCM-enc     15 MB took 1.015 seconds,   14.776 MB/s
AES-256-GCM-dec     20 MB took 1.048 seconds,   19.079 MB/s
GMAC Table 4-bit    67 MB took 1.002 seconds,   66.884 MB/s
RABBIT              90 MB took 1.006 seconds,   89.494 MB/s
3DES                10 MB took 1.122 seconds,    8.910 MB/s
MD5                300 MB took 1.014 seconds,  295.929 MB/s
SHA                125 MB took 1.009 seconds,  123.841 MB/s
SHA-256             35 MB took 1.152 seconds,   30.369 MB/s
HMAC-MD5           300 MB took 1.014 seconds,  295.757 MB/s
HMAC-SHA           125 MB took 1.011 seconds,  123.598 MB/s
HMAC-SHA256         35 MB took 1.160 seconds,   30.182 MB/s
PBKDF2               4 KB took 1.001 seconds,    3.715 KB/s
RSA     2048 public       1400 ops took 1.034 sec, avg 0.738 ms, 1354.288 ops/sec
RSA     2048 private       100 ops took 3.770 sec, avg 37.696 ms, 26.528 ops/sec
DH      2048 key gen        65 ops took 1.013 sec, avg 15.582 ms, 64.177 ops/sec
DH      2048 agree         100 ops took 1.561 sec, avg 15.608 ms, 64.068 ops/sec
ECC   [      SECP256R1]   256 key gen      1355 ops took 1.001 sec, avg 0.739 ms, 1354.078 ops/sec
ECDHE [      SECP256R1]   256 agree         900 ops took 1.018 sec, avg 1.131 ms, 883.849 ops/sec
ECDSA [      SECP256R1]   256 sign         1200 ops took 1.020 sec, avg 0.850 ms, 1176.287 ops/sec
ECDSA [      SECP256R1]   256 verify        900 ops took 1.073 sec, avg 1.192 ms, 839.085 ops/sec
Benchmark complete
[SGXSan] ALWAYS: Enter enc_wolfSSL_Cleanup
[SGXSan] ALWAYS: Enter enc_wolfSSL_write
[SGXSan] ALWAYS: Enter enc_wolfSSL_CTX_set_cipher_list
[SGXSan] ALWAYS: Enter enc_wolfSSL_CTX_new
[SGXSan] ALWAYS: Enter enc_wolfSSL_read
[SGXSan] ALWAYS: Enter enc_wolfSSL_free
[SGXSan] ALWAYS: Enter enc_wolfTLSv1_2_client_method
[SGXSan] ALWAYS: Enter enc_wolfSSL_connect
[SGXSan] ALWAYS: Enter enc_wolfSSL_Init
[SGXSan] ALWAYS: Enter enc_wolfSSL_set_fd
#2	pulse  ft: 6300 exec/s: 0 rss: 49Mb
Slowest unit: 47 s:
artifact_prefix='./crashes/'; Test unit written to ./crashes/slow-unit-60d18ed962e29e8a2ab375cff57db472d341254d
[SGXSan] ALWAYS: Enter enc_wolfSSL_Debugging_OFF
[SGXSan] ALWAYS: Enter wc_test
------------------------------------------------------------------------------
 wolfSSL version 5.1.0
------------------------------------------------------------------------------
error    test passed!
MEMORY   test passed!
base64   test passed!
asn      test passed!
RANDOM   test passed!
MD5      test passed!
MD4      test passed!
SHA      test passed!
SHA-256  test passed!
Hash     test passed!
HMAC-MD5 test passed!
HMAC-SHA test passed!
HMAC-SHA256 test passed!
GMAC     test passed!
HC-128   test passed!
Rabbit   test passed!
DES      test passed!
DES3     test passed!
AES      test passed!
AES192   test passed!
AES256   test passed!
AES-GCM  test passed!
RSA      test passed!
DH       test passed!
DSA      test passed!
PWDBASED test passed!
ECC      test passed!
ECC buffer test passed!
logging  test passed!
mutex    test passed!
memcb    test failed!
 error = -13803
[SGXSan] ALWAYS: Enter enc_wolfSSL_CTX_set_cipher_list
[SGXSan] ALWAYS: Enter enc_wolfSSL_free
[SGXSan] ALWAYS: Enter enc_wolfSSL_get_error
[SGXSan] ALWAYS: Enter enc_wolfSSL_CTX_free
[SGXSan] ALWAYS: Enter enc_wolfSSL_Init
[SGXSan] ALWAYS: Enter enc_wolfSSL_CTX_new
[SGXSan] ALWAYS: Enter enc_wolfSSL_CTX_use_certificate_chain_buffer_format
[SGXSan] ALWAYS: Enter enc_wolfSSL_CTX_load_verify_buffer
[SGXSan] ALWAYS: Enter wc_benchmark_test
------------------------------------------------------------------------------
 wolfSSL version 5.1.0
------------------------------------------------------------------------------
wolfCrypt Benchmark (block bytes 1048576, min 1.0 sec each)
RNG                 15 MB took 1.178 seconds,   12.736 MB/s
AES-128-CBC-enc     35 MB took 1.081 seconds,   32.369 MB/s
AES-128-CBC-dec     30 MB took 1.028 seconds,   29.189 MB/s
AES-192-CBC-enc     30 MB took 1.084 seconds,   27.685 MB/s
AES-192-CBC-dec     30 MB took 1.173 seconds,   25.578 MB/s
AES-256-CBC-enc     25 MB took 1.022 seconds,   24.458 MB/s
AES-256-CBC-dec     25 MB took 1.097 seconds,   22.788 MB/s
AES-128-GCM-enc     25 MB took 1.068 seconds,   23.399 MB/s
AES-128-GCM-dec     25 MB took 1.063 seconds,   23.514 MB/s
AES-192-GCM-enc     25 MB took 1.191 seconds,   20.997 MB/s
AES-192-GCM-dec     25 MB took 1.210 seconds,   20.659 MB/s
AES-256-GCM-enc     20 MB took 1.044 seconds,   19.161 MB/s
AES-256-GCM-dec     20 MB took 1.063 seconds,   18.820 MB/s
GMAC Table 4-bit    68 MB took 1.013 seconds,   67.124 MB/s
RABBIT              90 MB took 1.012 seconds,   88.938 MB/s
3DES                10 MB took 1.115 seconds,    8.970 MB/s
MD5                295 MB took 1.005 seconds,  293.637 MB/s
SHA                125 MB took 1.009 seconds,  123.913 MB/s
SHA-256             35 MB took 1.159 seconds,   30.202 MB/s
HMAC-MD5           300 MB took 1.003 seconds,  298.983 MB/s
HMAC-SHA           130 MB took 1.028 seconds,  126.480 MB/s
HMAC-SHA256         30 MB took 1.004 seconds,   29.894 MB/s
PBKDF2               4 KB took 1.008 seconds,    3.688 KB/s
RSA     2048 public       1400 ops took 1.041 sec, avg 0.744 ms, 1344.876 ops/sec
RSA     2048 private       100 ops took 3.747 sec, avg 37.473 ms, 26.686 ops/sec
DH      2048 key gen        65 ops took 1.015 sec, avg 15.616 ms, 64.035 ops/sec
DH      2048 agree         100 ops took 1.569 sec, avg 15.695 ms, 63.715 ops/sec
ECC   [      SECP256R1]   256 key gen      1370 ops took 1.000 sec, avg 0.730 ms, 1369.852 ops/sec
ECDHE [      SECP256R1]   256 agree         900 ops took 1.022 sec, avg 1.135 ms, 880.881 ops/sec
ECDSA [      SECP256R1]   256 sign         1200 ops took 1.037 sec, avg 0.864 ms, 1156.948 ops/sec
ECDSA [      SECP256R1]   256 verify        900 ops took 1.073 sec, avg 1.192 ms, 838.841 ops/sec
Benchmark complete
[SGXSan] ALWAYS: Enter enc_wolfSSL_Cleanup
[SGXSan] ALWAYS: Enter enc_wolfSSL_set_fd
[SGXSan] ALWAYS: Enter enc_wolfSSL_Debugging_ON
[SGXSan] ALWAYS: Enter enc_wolfSSL_write
[SGXSan] ALWAYS: Enter enc_wolfSSL_new
[SGXSan] ALWAYS: Enter enc_wolfTLSv1_2_server_method
[SGXSan] ALWAYS: Enter enc_wolfSSL_CTX_use_PrivateKey_buffer
[SGXSan] ALWAYS: Enter enc_wolfTLSv1_2_client_method
[SGXSan] ALWAYS: Enter enc_wolfSSL_connect
[SGXSan] ALWAYS: Enter enc_wolfSSL_CTX_use_certificate_buffer
[SGXSan] ALWAYS: Enter enc_wolfSSL_read
[SGXSan] ALWAYS: Enter enc_wolfSSL_connect
[SGXSan] ALWAYS: Enter enc_wolfSSL_new
[SGXSan] ALWAYS: Enter enc_wolfSSL_CTX_new
[SGXSan] ALWAYS: Enter enc_wolfSSL_CTX_free
[SGXSan] ALWAYS: Enter enc_wolfSSL_write
[SGXSan] ALWAYS: Enter enc_wolfSSL_CTX_load_verify_buffer
[SGXSan] ALWAYS: Enter enc_wolfSSL_CTX_use_PrivateKey_buffer
[SGXSan] ALWAYS: Enter enc_wolfTLSv1_2_client_method
[SGXSan] ALWAYS: Enter wc_benchmark_test
------------------------------------------------------------------------------
 wolfSSL version 5.1.0
------------------------------------------------------------------------------
wolfCrypt Benchmark (block bytes 1048576, min 1.0 sec each)
RNG                 15 MB took 1.162 seconds,   12.914 MB/s
AES-128-CBC-enc     35 MB took 1.082 seconds,   32.344 MB/s
AES-128-CBC-dec     30 MB took 1.028 seconds,   29.188 MB/s
AES-192-CBC-enc     30 MB took 1.081 seconds,   27.749 MB/s
AES-192-CBC-dec     30 MB took 1.179 seconds,   25.435 MB/s
AES-256-CBC-enc     30 MB took 1.201 seconds,   24.989 MB/s
AES-256-CBC-dec     25 MB took 1.118 seconds,   22.370 MB/s
AES-128-GCM-enc     25 MB took 1.075 seconds,   23.251 MB/s
AES-128-GCM-dec     25 MB took 1.060 seconds,   23.579 MB/s
AES-192-GCM-enc     25 MB took 1.187 seconds,   21.063 MB/s
AES-192-GCM-dec     25 MB took 1.181 seconds,   21.168 MB/s
AES-256-GCM-enc     20 MB took 1.031 seconds,   19.402 MB/s
AES-256-GCM-dec     20 MB took 1.054 seconds,   18.971 MB/s
GMAC Table 4-bit    68 MB took 1.013 seconds,   67.140 MB/s
RABBIT              90 MB took 1.008 seconds,   89.258 MB/s
3DES                10 MB took 1.108 seconds,    9.026 MB/s
MD5                300 MB took 1.004 seconds,  298.850 MB/s
SHA                130 MB took 1.026 seconds,  126.661 MB/s
SHA-256             35 MB took 1.162 seconds,   30.128 MB/s
HMAC-MD5           300 MB took 1.015 seconds,  295.427 MB/s
HMAC-SHA           130 MB took 1.035 seconds,  125.596 MB/s
HMAC-SHA256         35 MB took 1.154 seconds,   30.326 MB/s
PBKDF2               4 KB took 1.000 seconds,    3.717 KB/s
RSA     2048 public       1400 ops took 1.035 sec, avg 0.740 ms, 1352.084 ops/sec
RSA     2048 private       100 ops took 3.761 sec, avg 37.613 ms, 26.586 ops/sec
DH      2048 key gen        65 ops took 1.015 sec, avg 15.611 ms, 64.057 ops/sec
DH      2048 agree         100 ops took 1.580 sec, avg 15.801 ms, 63.285 ops/sec
ECC   [      SECP256R1]   256 key gen      1365 ops took 1.001 sec, avg 0.733 ms, 1364.070 ops/sec
ECDHE [      SECP256R1]   256 agree         900 ops took 1.006 sec, avg 1.118 ms, 894.722 ops/sec
ECDSA [      SECP256R1]   256 sign         1200 ops took 1.013 sec, avg 0.844 ms, 1184.332 ops/sec
ECDSA [      SECP256R1]   256 verify        900 ops took 1.056 sec, avg 1.173 ms, 852.368 ops/sec
Benchmark complete
[SGXSan] ALWAYS: Enter enc_wolfSSL_CTX_set_cipher_list
[SGXSan] ALWAYS: Enter enc_wolfSSL_get_error
[SGXSan] ALWAYS: Enter enc_wolfSSL_Init
[SGXSan] ALWAYS: Enter enc_wolfSSL_free
[SGXSan] ALWAYS: Enter wc_test
------------------------------------------------------------------------------
 wolfSSL version 5.1.0
------------------------------------------------------------------------------
error    test passed!
MEMORY   test passed!
base64   test passed!
asn      test passed!
RANDOM   test passed!
MD5      test passed!
MD4      test passed!
SHA      test passed!
SHA-256  test passed!
Hash     test passed!
HMAC-MD5 test passed!
HMAC-SHA test passed!
HMAC-SHA256 test passed!
GMAC     test passed!
HC-128   test passed!
Rabbit   test passed!
DES      test passed!
DES3     test passed!
AES      test passed!
AES192   test passed!
AES256   test passed!
AES-GCM  test passed!
RSA      test passed!
DH       test passed!
DSA      test passed!
PWDBASED test passed!
ECC      test passed!
ECC buffer test passed!
logging  test passed!
mutex    test passed!
memcb    test failed!
 error = -13803
[SGXSan] ALWAYS: Enter enc_wolfSSL_Debugging_ON
[SGXSan] ALWAYS: Enter enc_wolfSSL_read
[SGXSan] ALWAYS: Enter enc_wolfSSL_Debugging_OFF
[SGXSan] ALWAYS: Enter enc_wolfTLSv1_2_server_method
[SGXSan] ALWAYS: Enter enc_wolfSSL_set_fd
[SGXSan] ALWAYS: Enter enc_wolfSSL_CTX_use_certificate_buffer
[SGXSan] ALWAYS: Enter enc_wolfSSL_CTX_use_certificate_chain_buffer_format
[SGXSan] ALWAYS: Enter enc_wolfSSL_Cleanup
#4	pulse  cov: 6300 ft: 6301 corp: 1/361Kb exec/s: 0 rss: 63Mb
#4	INITED cov: 6301 ft: 6301 corp: 2/723Kb exec/s: 0 rss: 64Mb
[SGXSan] ALWAYS: Enter enc_wolfSSL_connect
[SGXSan] ALWAYS: Enter enc_wolfSSL_new
[SGXSan] ALWAYS: Enter enc_wolfSSL_CTX_new
[SGXSan] ALWAYS: Enter enc_wolfSSL_CTX_free
[SGXSan] ALWAYS: Enter enc_wolfSSL_write
[SGXSan] ALWAYS: Enter enc_wolfSSL_CTX_load_verify_buffer
[SGXSan] ALWAYS: Enter enc_wolfSSL_CTX_use_PrivateKey_buffer
[SGXSan] ALWAYS: Enter enc_wolfTLSv1_2_client_method
[SGXSan] ALWAYS: Enter wc_benchmark_test
------------------------------------------------------------------------------
 wolfSSL version 5.1.0
------------------------------------------------------------------------------
wolfCrypt Benchmark (block bytes 1048576, min 1.0 sec each)
RNG                 15 MB took 1.155 seconds,   12.992 MB/s
AES-128-CBC-enc     35 MB took 1.092 seconds,   32.039 MB/s
AES-128-CBC-dec     30 MB took 1.015 seconds,   29.558 MB/s
AES-192-CBC-enc     30 MB took 1.068 seconds,   28.086 MB/s
AES-192-CBC-dec     30 MB took 1.187 seconds,   25.271 MB/s
AES-256-CBC-enc     25 MB took 1.001 seconds,   24.980 MB/s
AES-256-CBC-dec     25 MB took 1.093 seconds,   22.869 MB/s
AES-128-GCM-enc     25 MB took 1.071 seconds,   23.338 MB/s
AES-128-GCM-dec     25 MB took 1.069 seconds,   23.378 MB/s
AES-192-GCM-enc     25 MB took 1.193 seconds,   20.960 MB/s
AES-192-GCM-dec     25 MB took 1.207 seconds,   20.709 MB/s
AES-256-GCM-enc     20 MB took 1.045 seconds,   19.131 MB/s
AES-256-GCM-dec     20 MB took 1.040 seconds,   19.229 MB/s
GMAC Table 4-bit    68 MB took 1.009 seconds,   67.418 MB/s
RABBIT              90 MB took 1.000 seconds,   89.995 MB/s
3DES                10 MB took 1.113 seconds,    8.983 MB/s
MD5                300 MB took 1.012 seconds,  296.349 MB/s
SHA                130 MB took 1.038 seconds,  125.213 MB/s
SHA-256             35 MB took 1.156 seconds,   30.282 MB/s
HMAC-MD5           300 MB took 1.011 seconds,  296.626 MB/s
HMAC-SHA           125 MB took 1.013 seconds,  123.354 MB/s
HMAC-SHA256         35 MB took 1.155 seconds,   30.306 MB/s
PBKDF2               4 KB took 1.006 seconds,    3.698 KB/s
RSA     2048 public       1400 ops took 1.024 sec, avg 0.731 ms, 1367.707 ops/sec
RSA     2048 private       100 ops took 3.754 sec, avg 37.539 ms, 26.639 ops/sec
DH      2048 key gen        64 ops took 1.010 sec, avg 15.786 ms, 63.349 ops/sec
DH      2048 agree         100 ops took 1.569 sec, avg 15.689 ms, 63.739 ops/sec
ECC   [      SECP256R1]   256 key gen      1338 ops took 1.000 sec, avg 0.748 ms, 1337.383 ops/sec
ECDHE [      SECP256R1]   256 agree         900 ops took 1.007 sec, avg 1.119 ms, 893.932 ops/sec
ECDSA [      SECP256R1]   256 sign         1200 ops took 1.023 sec, avg 0.852 ms, 1173.463 ops/sec
ECDSA [      SECP256R1]   256 verify        900 ops took 1.059 sec, avg 1.176 ms, 850.217 ops/sec
Benchmark complete
[SGXSan] ALWAYS: Enter enc_wolfSSL_CTX_set_cipher_list
[SGXSan] ALWAYS: Enter enc_wolfSSL_get_error
[SGXSan] ALWAYS: Enter enc_wolfSSL_Init
[SGXSan] ALWAYS: Enter enc_wolfSSL_free
[SGXSan] ALWAYS: Enter wc_test
------------------------------------------------------------------------------
 wolfSSL version 5.1.0
------------------------------------------------------------------------------
error    test passed!
MEMORY   test passed!
base64   test passed!
asn      test passed!
RANDOM   test passed!
MD5      test passed!
MD4      test passed!
SHA      test passed!
SHA-256  test passed!
Hash     test passed!
HMAC-MD5 test passed!
HMAC-SHA test passed!
HMAC-SHA256 test passed!
GMAC     test passed!
HC-128   test passed!
Rabbit   test passed!
DES      test passed!
DES3     test passed!
AES      test passed!
AES192   test passed!
AES256   test passed!
AES-GCM  test passed!
RSA      test passed!
DH       test passed!
DSA      test passed!
PWDBASED test passed!
ECC      test passed!
ECC buffer test passed!
logging  test passed!
mutex    test passed!
memcb    test failed!
 error = -13803
[SGXSan] ALWAYS: Enter enc_wolfSSL_Debugging_ON
[SGXSan] ALWAYS: Enter enc_wolfSSL_read
[SGXSan] ALWAYS: Enter enc_wolfSSL_Debugging_OFF
[SGXSan] ALWAYS: Enter enc_wolfTLSv1_2_server_method
[SGXSan] ALWAYS: Enter enc_wolfSSL_set_fd
[SGXSan] ALWAYS: Enter enc_wolfSSL_CTX_use_certificate_buffer
[SGXSan] ALWAYS: Enter enc_wolfSSL_CTX_use_certificate_chain_buffer_format
[SGXSan] ALWAYS: Enter enc_wolfSSL_Cleanup
[SGXSan] ALWAYS: Enter enc_wolfSSL_free
[SGXSan] ALWAYS: Enter enc_wolfSSL_set_fd
[SGXSan] ALWAYS: Enter enc_wolfSSL_Debugging_OFF
[SGXSan] ALWAYS: Enter enc_wolfSSL_new
[SGXSan] ALWAYS: Enter enc_wolfSSL_CTX_use_PrivateKey_buffer
[SGXSan] ALWAYS: Enter enc_wolfSSL_Cleanup
[SGXSan] ALWAYS: Enter enc_wolfSSL_CTX_free
[SGXSan] ALWAYS: Enter enc_wolfSSL_read
[SGXSan] ALWAYS: Enter enc_wolfSSL_Debugging_ON
[SGXSan] ALWAYS: Enter enc_wolfTLSv1_2_client_method
[SGXSan] ALWAYS: Enter enc_wolfSSL_write
[SGXSan] ALWAYS: Enter enc_wolfSSL_connect
[SGXSan] ALWAYS: Enter enc_wolfSSL_get_error
[SGXSan] ALWAYS: Enter enc_wolfSSL_CTX_set_cipher_list
[SGXSan] ALWAYS: Enter enc_wolfSSL_CTX_use_certificate_chain_buffer_format
[SGXSan] ALWAYS: Enter enc_wolfSSL_CTX_use_certificate_buffer
[SGXSan] ALWAYS: Enter enc_wolfSSL_CTX_new
[SGXSan] ALWAYS: Enter enc_wolfSSL_Init
[SGXSan] ALWAYS: Enter enc_wolfTLSv1_2_server_method
[SGXSan] ALWAYS: Enter wc_benchmark_test
------------------------------------------------------------------------------
 wolfSSL version 5.1.0
------------------------------------------------------------------------------
wolfCrypt Benchmark (block bytes 1048576, min 1.0 sec each)
RNG                 15 MB took 1.154 seconds,   13.000 MB/s
AES-128-CBC-enc     35 MB took 1.083 seconds,   32.305 MB/s
AES-128-CBC-dec     30 MB took 1.024 seconds,   29.303 MB/s
AES-192-CBC-enc     30 MB took 1.084 seconds,   27.683 MB/s
AES-192-CBC-dec     30 MB took 1.175 seconds,   25.532 MB/s
AES-256-CBC-enc     25 MB took 1.001 seconds,   24.984 MB/s
AES-256-CBC-dec     25 MB took 1.098 seconds,   22.765 MB/s
AES-128-GCM-enc     25 MB took 1.065 seconds,   23.481 MB/s
AES-128-GCM-dec     25 MB took 1.064 seconds,   23.501 MB/s
AES-192-GCM-enc     25 MB took 1.186 seconds,   21.087 MB/s
AES-192-GCM-dec     25 MB took 1.189 seconds,   21.029 MB/s
AES-256-GCM-enc     20 MB took 1.054 seconds,   18.976 MB/s
AES-256-GCM-dec     20 MB took 1.046 seconds,   19.121 MB/s
GMAC Table 4-bit    67 MB took 1.003 seconds,   66.783 MB/s
RABBIT              90 MB took 1.011 seconds,   89.052 MB/s
3DES                10 MB took 1.107 seconds,    9.031 MB/s
MD5                295 MB took 1.007 seconds,  292.958 MB/s
SHA                120 MB took 1.024 seconds,  117.237 MB/s
SHA-256             35 MB took 1.158 seconds,   30.222 MB/s
HMAC-MD5           300 MB took 1.005 seconds,  298.546 MB/s
HMAC-SHA           125 MB took 1.004 seconds,  124.527 MB/s
HMAC-SHA256         35 MB took 1.158 seconds,   30.217 MB/s
PBKDF2               4 KB took 1.000 seconds,    3.717 KB/s
RSA     2048 public       1400 ops took 1.054 sec, avg 0.753 ms, 1327.821 ops/sec
RSA     2048 private       100 ops took 3.760 sec, avg 37.598 ms, 26.597 ops/sec
DH      2048 key gen        64 ops took 1.005 sec, avg 15.704 ms, 63.679 ops/sec
DH      2048 agree         100 ops took 1.578 sec, avg 15.776 ms, 63.389 ops/sec
ECC   [      SECP256R1]   256 key gen      1377 ops took 1.001 sec, avg 0.727 ms, 1376.284 ops/sec
ECDHE [      SECP256R1]   256 agree         900 ops took 1.011 sec, avg 1.123 ms, 890.088 ops/sec
ECDSA [      SECP256R1]   256 sign         1200 ops took 1.062 sec, avg 0.885 ms, 1129.839 ops/sec
ECDSA [      SECP256R1]   256 verify        900 ops took 1.068 sec, avg 1.187 ms, 842.306 ops/sec
Benchmark complete
[SGXSan] ALWAYS: Enter enc_wolfSSL_CTX_load_verify_buffer
[SGXSan] ALWAYS: Enter wc_test
------------------------------------------------------------------------------
 wolfSSL version 5.1.0
------------------------------------------------------------------------------
error    test passed!
MEMORY   test passed!
base64   test passed!
asn      test passed!
RANDOM   test passed!
MD5      test passed!
MD4      test passed!
SHA      test passed!
SHA-256  test passed!
Hash     test passed!
HMAC-MD5 test passed!
HMAC-SHA test passed!
HMAC-SHA256 test passed!
GMAC     test passed!
HC-128   test passed!
Rabbit   test passed!
DES      test passed!
DES3     test passed!
AES      test passed!
AES192   test passed!
AES256   test passed!
AES-GCM  test passed!
RSA      test passed!
DH       test passed!
DSA      test passed!
PWDBASED test passed!
ECC      test passed!
ECC buffer test passed!
logging  test passed!
mutex    test passed!
memcb    test failed!
 error = -13803
[SGXSan] ALWAYS: Enter enc_wolfSSL_free
[SGXSan] ALWAYS: Enter enc_wolfSSL_set_fd
[SGXSan] ALWAYS: Enter enc_wolfSSL_Debugging_OFF
[SGXSan] ALWAYS: Enter enc_wolfSSL_new
[SGXSan] ALWAYS: Enter enc_wolfSSL_CTX_use_PrivateKey_buffer
[SGXSan] ALWAYS: Enter enc_wolfSSL_Cleanup
[SGXSan] ALWAYS: Enter enc_wolfSSL_CTX_free
[SGXSan] ALWAYS: Enter enc_wolfSSL_read
[SGXSan] ALWAYS: Enter enc_wolfSSL_Debugging_ON
[SGXSan] ALWAYS: Enter enc_wolfTLSv1_2_client_method
[SGXSan] ALWAYS: Enter enc_wolfSSL_write
[SGXSan] ALWAYS: Enter enc_wolfSSL_connect
[SGXSan] ALWAYS: Enter enc_wolfSSL_get_error
[SGXSan] ALWAYS: Enter enc_wolfSSL_CTX_set_cipher_list
[SGXSan] ALWAYS: Enter enc_wolfSSL_CTX_use_certificate_chain_buffer_format
[SGXSan] ALWAYS: Enter enc_wolfSSL_CTX_use_certificate_buffer
[SGXSan] ALWAYS: Enter enc_wolfSSL_CTX_new
[SGXSan] ALWAYS: Enter enc_wolfSSL_Init
[SGXSan] ALWAYS: Enter enc_wolfTLSv1_2_server_method
[SGXSan] ALWAYS: Enter wc_benchmark_test
------------------------------------------------------------------------------
 wolfSSL version 5.1.0
------------------------------------------------------------------------------
wolfCrypt Benchmark (block bytes 1048576, min 1.0 sec each)
RNG                 15 MB took 1.156 seconds,   12.978 MB/s
AES-128-CBC-enc     35 MB took 1.073 seconds,   32.633 MB/s
AES-128-CBC-dec     30 MB took 1.013 seconds,   29.626 MB/s
AES-192-CBC-enc     30 MB took 1.096 seconds,   27.383 MB/s
AES-192-CBC-dec     30 MB took 1.188 seconds,   25.258 MB/s
AES-256-CBC-enc     30 MB took 1.195 seconds,   25.101 MB/s
AES-256-CBC-dec     25 MB took 1.090 seconds,   22.928 MB/s
AES-128-GCM-enc     25 MB took 1.073 seconds,   23.294 MB/s
AES-128-GCM-dec     25 MB took 1.088 seconds,   22.988 MB/s
AES-192-GCM-enc     25 MB took 1.182 seconds,   21.155 MB/s
AES-192-GCM-dec     25 MB took 1.165 seconds,   21.452 MB/s
AES-256-GCM-enc     20 MB took 1.013 seconds,   19.750 MB/s
AES-256-GCM-dec     20 MB took 1.033 seconds,   19.356 MB/s
GMAC Table 4-bit    68 MB took 1.000 seconds,   67.974 MB/s
RABBIT              95 MB took 1.050 seconds,   90.463 MB/s
3DES                10 MB took 1.106 seconds,    9.044 MB/s
MD5                305 MB took 1.007 seconds,  302.760 MB/s
SHA                130 MB took 1.029 seconds,  126.369 MB/s
SHA-256             35 MB took 1.151 seconds,   30.403 MB/s
HMAC-MD5           305 MB took 1.014 seconds,  300.722 MB/s
HMAC-SHA           130 MB took 1.016 seconds,  127.953 MB/s
HMAC-SHA256         35 MB took 1.131 seconds,   30.942 MB/s
PBKDF2               4 KB took 1.007 seconds,    3.722 KB/s
RSA     2048 public       1500 ops took 1.068 sec, avg 0.712 ms, 1404.026 ops/sec
RSA     2048 private       100 ops took 3.653 sec, avg 36.531 ms, 27.374 ops/sec
DH      2048 key gen        65 ops took 1.001 sec, avg 15.399 ms, 64.941 ops/sec
DH      2048 agree         100 ops took 1.569 sec, avg 15.690 ms, 63.735 ops/sec
ECC   [      SECP256R1]   256 key gen      1403 ops took 1.000 sec, avg 0.713 ms, 1402.896 ops/sec
ECDHE [      SECP256R1]   256 agree        1000 ops took 1.095 sec, avg 1.095 ms, 912.852 ops/sec
ECDSA [      SECP256R1]   256 sign         1200 ops took 1.011 sec, avg 0.842 ms, 1187.305 ops/sec
ECDSA [      SECP256R1]   256 verify        900 ops took 1.041 sec, avg 1.156 ms, 864.725 ops/sec
Benchmark complete
[SGXSan] ALWAYS: Enter enc_wolfSSL_CTX_load_verify_buffer
[SGXSan] ALWAYS: Enter wc_test
------------------------------------------------------------------------------
 wolfSSL version 5.1.0
------------------------------------------------------------------------------
error    test passed!
MEMORY   test passed!
base64   test passed!
asn      test passed!
RANDOM   test passed!
MD5      test passed!
MD4      test passed!
SHA      test passed!
SHA-256  test passed!
Hash     test passed!
HMAC-MD5 test passed!
HMAC-SHA test passed!
HMAC-SHA256 test passed!
GMAC     test passed!
HC-128   test passed!
Rabbit   test passed!
DES      test passed!
DES3     test passed!
AES      test passed!
AES192   test passed!
AES256   test passed!
AES-GCM  test passed!
RSA      test passed!
DH       test passed!
DSA      test passed!
PWDBASED test passed!
ECC      test passed!
ECC buffer test passed!
logging  test passed!
mutex    test passed!
memcb    test failed!
 error = -13803
[SGXSan] ALWAYS: Enter enc_wolfSSL_free
[SGXSan] ALWAYS: Enter enc_wolfSSL_set_fd
[SGXSan] ALWAYS: Enter enc_wolfSSL_Debugging_OFF
[SGXSan] ALWAYS: Enter enc_wolfSSL_new
[SGXSan] ALWAYS: Enter enc_wolfSSL_CTX_use_PrivateKey_buffer
[SGXSan] ALWAYS: Enter enc_wolfSSL_Cleanup
[SGXSan] ALWAYS: Enter enc_wolfSSL_CTX_free
[SGXSan] ALWAYS: Enter enc_wolfSSL_read
[SGXSan] ALWAYS: Enter enc_wolfSSL_Debugging_ON
[SGXSan] ALWAYS: Enter enc_wolfTLSv1_2_client_method
[SGXSan] ALWAYS: Enter enc_wolfSSL_write
[SGXSan] ALWAYS: Enter enc_wolfSSL_connect
[SGXSan] ALWAYS: Enter enc_wolfSSL_get_error
[SGXSan] ALWAYS: Enter enc_wolfSSL_CTX_set_cipher_list
[SGXSan] ALWAYS: Enter enc_wolfSSL_CTX_use_certificate_chain_buffer_format
[SGXSan] ALWAYS: Enter enc_wolfSSL_CTX_use_certificate_buffer
[SGXSan] ALWAYS: Enter enc_wolfSSL_CTX_new
[SGXSan] ALWAYS: Enter enc_wolfSSL_Init
[SGXSan] ALWAYS: Enter enc_wolfTLSv1_2_server_method
[SGXSan] ALWAYS: Enter wc_benchmark_test
------------------------------------------------------------------------------
 wolfSSL version 5.1.0
------------------------------------------------------------------------------
wolfCrypt Benchmark (block bytes 1048576, min 1.0 sec each)
RNG                 15 MB took 1.132 seconds,   13.246 MB/s
AES-128-CBC-enc     35 MB took 1.062 seconds,   32.971 MB/s
AES-128-CBC-dec     30 MB took 1.020 seconds,   29.425 MB/s
AES-192-CBC-enc     30 MB took 1.056 seconds,   28.398 MB/s
AES-192-CBC-dec     30 MB took 1.169 seconds,   25.672 MB/s
AES-256-CBC-enc     30 MB took 1.178 seconds,   25.459 MB/s
AES-256-CBC-dec     25 MB took 1.087 seconds,   23.004 MB/s
AES-128-GCM-enc     25 MB took 1.049 seconds,   23.824 MB/s
AES-128-GCM-dec     25 MB took 1.053 seconds,   23.751 MB/s
AES-192-GCM-enc     25 MB took 1.167 seconds,   21.428 MB/s
AES-192-GCM-dec     25 MB took 1.169 seconds,   21.382 MB/s
AES-256-GCM-enc     20 MB took 1.036 seconds,   19.310 MB/s
AES-256-GCM-dec     20 MB took 1.025 seconds,   19.514 MB/s
GMAC Table 4-bit    68 MB took 1.001 seconds,   67.910 MB/s
RABBIT              95 MB took 1.049 seconds,   90.534 MB/s
3DES                10 MB took 1.100 seconds,    9.091 MB/s
MD5                305 MB took 1.009 seconds,  302.281 MB/s
SHA                130 MB took 1.026 seconds,  126.732 MB/s
SHA-256             35 MB took 1.132 seconds,   30.924 MB/s
HMAC-MD5           305 MB took 1.004 seconds,  303.648 MB/s
HMAC-SHA           130 MB took 1.029 seconds,  126.373 MB/s
HMAC-SHA256         35 MB took 1.133 seconds,   30.881 MB/s
PBKDF2               4 KB took 1.006 seconds,    3.760 KB/s
RSA     2048 public       1500 ops took 1.071 sec, avg 0.714 ms, 1400.938 ops/sec
RSA     2048 private       100 ops took 3.671 sec, avg 36.707 ms, 27.242 ops/sec
DH      2048 key gen        64 ops took 1.010 sec, avg 15.782 ms, 63.364 ops/sec
DH      2048 agree         100 ops took 1.566 sec, avg 15.659 ms, 63.861 ops/sec
ECC   [      SECP256R1]   256 key gen      1358 ops took 1.000 sec, avg 0.737 ms, 1357.516 ops/sec
ECDHE [      SECP256R1]   256 agree        1000 ops took 1.105 sec, avg 1.105 ms, 905.011 ops/sec
ECDSA [      SECP256R1]   256 sign         1200 ops took 1.025 sec, avg 0.855 ms, 1170.228 ops/sec
ECDSA [      SECP256R1]   256 verify        900 ops took 1.048 sec, avg 1.164 ms, 858.746 ops/sec
Benchmark complete
[SGXSan] ALWAYS: Enter enc_wolfSSL_CTX_load_verify_buffer
[SGXSan] ALWAYS: Enter wc_test
#8	pulse  cov: 6301 ft: 6301 corp: 2/723Kb lim: 1000000 exec/s: 0 rss: 84Mb
------------------------------------------------------------------------------
 wolfSSL version 5.1.0
------------------------------------------------------------------------------
error    test passed!
MEMORY   test passed!
base64   test passed!
asn      test passed!
RANDOM   test passed!
MD5      test passed!
MD4      test passed!
SHA      test passed!
SHA-256  test passed!
Hash     test passed!
HMAC-MD5 test passed!
HMAC-SHA test passed!
HMAC-SHA256 test passed!
GMAC     test passed!
HC-128   test passed!
Rabbit   test passed!
DES      test passed!
DES3     test passed!
AES      test passed!
AES192   test passed!
AES256   test passed!
AES-GCM  test passed!
RSA      test passed!
DH       test passed!
DSA      test passed!
PWDBASED test passed!
ECC      test passed!
ECC buffer test passed!
logging  test passed!
mutex    test passed!
memcb    test failed!
 error = -13803
[SGXSan] ALWAYS: Enter enc_wolfSSL_Debugging_OFF
[SGXSan] ALWAYS: Enter enc_wolfSSL_Init
[SGXSan] ALWAYS: Enter enc_wolfSSL_write
[SGXSan] ALWAYS: Enter enc_wolfTLSv1_2_server_method
[SGXSan] ALWAYS: Enter wc_benchmark_test
------------------------------------------------------------------------------
 wolfSSL version 5.1.0
------------------------------------------------------------------------------
wolfCrypt Benchmark (block bytes 1048576, min 1.0 sec each)
RNG                 15 MB took 1.148 seconds,   13.067 MB/s
AES-128-CBC-enc     35 MB took 1.091 seconds,   32.094 MB/s
AES-128-CBC-dec     30 MB took 1.020 seconds,   29.410 MB/s
AES-192-CBC-enc     30 MB took 1.080 seconds,   27.772 MB/s
AES-192-CBC-dec     30 MB took 1.174 seconds,   25.555 MB/s
AES-256-CBC-enc     25 MB took 1.014 seconds,   24.664 MB/s
AES-256-CBC-dec     25 MB took 1.109 seconds,   22.537 MB/s
AES-128-GCM-enc     25 MB took 1.077 seconds,   23.204 MB/s
AES-128-GCM-dec     25 MB took 1.065 seconds,   23.468 MB/s
AES-192-GCM-enc     25 MB took 1.191 seconds,   20.994 MB/s
AES-192-GCM-dec     25 MB took 1.192 seconds,   20.981 MB/s
AES-256-GCM-enc     20 MB took 1.043 seconds,   19.183 MB/s
AES-256-GCM-dec     20 MB took 1.065 seconds,   18.777 MB/s
GMAC Table 4-bit    67 MB took 1.001 seconds,   66.964 MB/s
RABBIT              90 MB took 1.016 seconds,   88.572 MB/s
3DES                10 MB took 1.104 seconds,    9.062 MB/s
MD5                300 MB took 1.009 seconds,  297.255 MB/s
SHA                125 MB took 1.013 seconds,  123.400 MB/s
SHA-256             35 MB took 1.159 seconds,   30.201 MB/s
HMAC-MD5           300 MB took 1.014 seconds,  295.764 MB/s
HMAC-SHA           130 MB took 1.037 seconds,  125.397 MB/s
HMAC-SHA256         35 MB took 1.151 seconds,   30.415 MB/s
PBKDF2               4 KB took 1.005 seconds,    3.668 KB/s
RSA     2048 public       1400 ops took 1.011 sec, avg 0.722 ms, 1384.180 ops/sec
RSA     2048 private       100 ops took 3.770 sec, avg 37.696 ms, 26.528 ops/sec
DH      2048 key gen        65 ops took 1.013 sec, avg 15.592 ms, 64.134 ops/sec
DH      2048 agree         100 ops took 1.568 sec, avg 15.680 ms, 63.775 ops/sec
ECC   [      SECP256R1]   256 key gen      1374 ops took 1.001 sec, avg 0.728 ms, 1373.081 ops/sec
ECDHE [      SECP256R1]   256 agree         900 ops took 1.009 sec, avg 1.121 ms, 891.808 ops/sec
ECDSA [      SECP256R1]   256 sign         1200 ops took 1.030 sec, avg 0.859 ms, 1164.523 ops/sec
ECDSA [      SECP256R1]   256 verify        900 ops took 1.079 sec, avg 1.199 ms, 833.882 ops/sec
Benchmark complete
[SGXSan] ALWAYS: Enter enc_wolfSSL_new
[SGXSan] ALWAYS: Enter enc_wolfSSL_CTX_new
[SGXSan] ALWAYS: Enter wc_test
------------------------------------------------------------------------------
 wolfSSL version 5.1.0
------------------------------------------------------------------------------
error    test passed!
MEMORY   test passed!
base64   test passed!
asn      test passed!
RANDOM   test passed!
MD5      test passed!
MD4      test passed!
SHA      test passed!
SHA-256  test passed!
Hash     test passed!
HMAC-MD5 test passed!
HMAC-SHA test passed!
HMAC-SHA256 test passed!
GMAC     test passed!
HC-128   test passed!
Rabbit   test passed!
DES      test passed!
DES3     test passed!
AES      test passed!
AES192   test passed!
AES256   test passed!
AES-GCM  test passed!
RSA      test passed!
DH       test passed!
DSA      test passed!
PWDBASED test passed!
ECC      test passed!
ECC buffer test passed!
logging  test passed!
mutex    test passed!
memcb    test failed!
 error = -13803
[SGXSan] ALWAYS: Enter enc_wolfSSL_connect
[SGXSan] ALWAYS: Enter enc_wolfTLSv1_2_client_method
[SGXSan] ALWAYS: Enter enc_wolfSSL_Cleanup
[SGXSan] ALWAYS: Enter enc_wolfSSL_set_fd
[SGXSan] ALWAYS: Enter enc_wolfSSL_CTX_free
[SGXSan] ALWAYS: Enter enc_wolfSSL_CTX_set_cipher_list
[SGXSan] ALWAYS: Enter enc_wolfSSL_free
[SGXSan] ALWAYS: Enter enc_wolfSSL_CTX_use_certificate_chain_buffer_format
[SGXSan] ALWAYS: Enter enc_wolfSSL_CTX_use_PrivateKey_buffer
[SGXSan] ALWAYS: Enter enc_wolfSSL_Debugging_ON
[SGXSan] ALWAYS: Enter enc_wolfSSL_read
[SGXSan] ALWAYS: Enter enc_wolfSSL_CTX_load_verify_buffer
[SGXSan] ALWAYS: Enter enc_wolfSSL_CTX_use_certificate_buffer
[SGXSan] ALWAYS: Enter enc_wolfSSL_get_error
#9	DONE   cov: 6301 ft: 6301 corp: 2/723Kb lim: 1000000 exec/s: 0 rss: 90Mb
Done 9 runs in 388 second(s)
stat::number_of_executed_units: 9
stat::average_exec_per_sec:     0
stat::new_units_added:          0
stat::slowest_unit_time_sec:    47
stat::peak_rss_mb:              90
