WARNING: Failed to find function "__sanitizer_acquire_crash_state".
WARNING: Failed to find function "__sanitizer_print_stack_trace".
WARNING: Failed to find function "__sanitizer_set_death_callback".
[2023-01-15 19:13:11.797] [Init] Num of ECall: 22
[2023-01-15 19:13:11.797] ECalls:
  0 - fuzz_enc_wolfSSL_CTX_free
  1 - fuzz_enc_wolfSSL_CTX_load_verify_buffer
  2 - fuzz_enc_wolfSSL_CTX_new
  3 - fuzz_enc_wolfSSL_CTX_set_cipher_list
  4 - fuzz_enc_wolfSSL_CTX_use_PrivateKey_buffer
  5 - fuzz_enc_wolfSSL_CTX_use_certificate_buffer
  6 - fuzz_enc_wolfSSL_CTX_use_certificate_chain_buffer_format
  7 - fuzz_enc_wolfSSL_Cleanup
  8 - fuzz_enc_wolfSSL_Debugging_OFF
  9 - fuzz_enc_wolfSSL_Debugging_ON
  10 - fuzz_enc_wolfSSL_Init
  11 - fuzz_enc_wolfSSL_connect
  12 - fuzz_enc_wolfSSL_free
  13 - fuzz_enc_wolfSSL_get_error
  14 - fuzz_enc_wolfSSL_new
  15 - fuzz_enc_wolfSSL_read
  16 - fuzz_enc_wolfSSL_set_fd
  17 - fuzz_enc_wolfSSL_write
  18 - fuzz_enc_wolfTLSv1_2_client_method
  19 - fuzz_enc_wolfTLSv1_2_server_method
  20 - fuzz_wc_benchmark_test
  21 - fuzz_wc_test

INFO: found LLVMFuzzerCustomMutator (0x44ac30). Disabling -len_control by default.
INFO: libFuzzer ignores flags that start with '--'
INFO: Running with entropic power schedule (0xFF, 100).
INFO: Seed: 954338227
INFO: Loaded 1 modules   (291 inline 8-bit counters): 291 [0x4cb7e8, 0x4cb90b), 
INFO: Loaded 1 PC tables (291 PCs): 291 [0x4cb910,0x4ccb40), 
INFO:        0 files found in /tmp/libFuzzerTemp.FuzzWithFork422940.dir/C187
[SGXSan] ALWAYS: Hook __sanitizer_cov_8bit_counters_init of Enclave, 21636 inline 8-bit counts [0x7ff949c949c0, 0x7ff949c99e44) (First time)
[SGXSan] ALWAYS: Hook __sanitizer_cov_pcs_init of Enclave, 21636 PCs [0x7ff949c99e48, 0x7ff949cee688) (First time)
[SGXSan] ALWAYS: Enter enc_wolfSSL_CTX_free
[SGXSan] ALWAYS: Enter enc_wolfSSL_CTX_load_verify_buffer
[SGXSan] ALWAYS: Enter enc_wolfSSL_CTX_new
[SGXSan] ALWAYS: Enter enc_wolfSSL_CTX_set_cipher_list
[SGXSan] ALWAYS: Enter enc_wolfSSL_CTX_use_PrivateKey_buffer
[SGXSan] ALWAYS: Enter enc_wolfSSL_CTX_use_certificate_buffer
[SGXSan] ALWAYS: Enter enc_wolfSSL_CTX_use_certificate_chain_buffer_format
[SGXSan] ALWAYS: Enter enc_wolfSSL_Cleanup
[SGXSan] ALWAYS: Enter enc_wolfSSL_Debugging_OFF
[SGXSan] ALWAYS: Enter enc_wolfSSL_Debugging_ON
[SGXSan] ALWAYS: Enter enc_wolfSSL_Init
[SGXSan] ALWAYS: Enter enc_wolfSSL_connect
[SGXSan] ALWAYS: Enter enc_wolfSSL_free
[SGXSan] ALWAYS: Enter enc_wolfSSL_get_error
[SGXSan] ALWAYS: Enter enc_wolfSSL_new
[SGXSan] ALWAYS: Enter enc_wolfSSL_read
[SGXSan] ALWAYS: Enter enc_wolfSSL_set_fd
[SGXSan] ALWAYS: Enter enc_wolfSSL_write
[SGXSan] ALWAYS: Enter enc_wolfTLSv1_2_client_method
[SGXSan] ALWAYS: Enter enc_wolfTLSv1_2_server_method
[SGXSan] ALWAYS: Enter wc_benchmark_test
------------------------------------------------------------------------------
 wolfSSL version 5.1.0
------------------------------------------------------------------------------
wolfCrypt Benchmark (block bytes 1048576, min 1.0 sec each)
RNG                 15 MB took 1.161 seconds,   12.921 MB/s
AES-128-CBC-enc     35 MB took 1.062 seconds,   32.966 MB/s
AES-128-CBC-dec     35 MB took 1.145 seconds,   30.575 MB/s
AES-192-CBC-enc     30 MB took 1.051 seconds,   28.544 MB/s
AES-192-CBC-dec     30 MB took 1.143 seconds,   26.254 MB/s
AES-256-CBC-enc     30 MB took 1.186 seconds,   25.285 MB/s
AES-256-CBC-dec     25 MB took 1.042 seconds,   23.985 MB/s
AES-128-GCM-enc     25 MB took 1.050 seconds,   23.815 MB/s
AES-128-GCM-dec     25 MB took 1.084 seconds,   23.057 MB/s
AES-192-GCM-enc     25 MB took 1.169 seconds,   21.389 MB/s
AES-192-GCM-dec     25 MB took 1.172 seconds,   21.324 MB/s
AES-256-GCM-enc     20 MB took 1.017 seconds,   19.657 MB/s
AES-256-GCM-dec     20 MB took 1.026 seconds,   19.485 MB/s
GMAC Table 4-bit    68 MB took 1.012 seconds,   67.163 MB/s
RABBIT              95 MB took 1.049 seconds,   90.597 MB/s
3DES                10 MB took 1.092 seconds,    9.156 MB/s
MD5                305 MB took 1.005 seconds,  303.403 MB/s
SHA                130 MB took 1.012 seconds,  128.404 MB/s
SHA-256             35 MB took 1.144 seconds,   30.582 MB/s
HMAC-MD5           305 MB took 1.014 seconds,  300.827 MB/s
HMAC-SHA           130 MB took 1.022 seconds,  127.224 MB/s
HMAC-SHA256         35 MB took 1.137 seconds,   30.774 MB/s
PBKDF2               4 KB took 1.007 seconds,    3.756 KB/s
RSA     2048 public       1400 ops took 1.008 sec, avg 0.720 ms, 1388.301 ops/sec
RSA     2048 private       100 ops took 3.699 sec, avg 36.986 ms, 27.038 ops/sec
DH      2048 key gen        65 ops took 1.014 sec, avg 15.600 ms, 64.103 ops/sec
DH      2048 agree         100 ops took 1.552 sec, avg 15.523 ms, 64.419 ops/sec
ECC   [      SECP256R1]   256 key gen      1409 ops took 1.001 sec, avg 0.710 ms, 1408.043 ops/sec
ECDHE [      SECP256R1]   256 agree        1000 ops took 1.089 sec, avg 1.089 ms, 918.650 ops/sec
ECDSA [      SECP256R1]   256 sign         1200 ops took 1.012 sec, avg 0.843 ms, 1185.959 ops/sec
ECDSA [      SECP256R1]   256 verify        900 ops took 1.037 sec, avg 1.153 ms, 867.633 ops/sec
Benchmark complete
[SGXSan] ALWAYS: Enter wc_test
INFO: seed corpus: files: 3 min: 370191b max: 370191b total: 1110573b rss: 43Mb
------------------------------------------------------------------------------
 wolfSSL version 5.1.0
------------------------------------------------------------------------------
error    test passed!
MEMORY   test passed!
base64   test passed!
asn      test passed!
RANDOM   test passed!
MD5      test passed!
MD4      test passed!
SHA      test passed!
SHA-256  test passed!
Hash     test passed!
HMAC-MD5 test passed!
HMAC-SHA test passed!
HMAC-SHA256 test passed!
GMAC     test passed!
HC-128   test passed!
Rabbit   test passed!
DES      test passed!
DES3     test passed!
AES      test passed!
AES192   test passed!
AES256   test passed!
AES-GCM  test passed!
RSA      test passed!
DH       test passed!
DSA      test passed!
PWDBASED test passed!
ECC      test passed!
ECC buffer test passed!
logging  test passed!
mutex    test passed!
memcb    test passed!
Test complete
[SGXSan] ALWAYS: Enter enc_wolfSSL_new
[SGXSan] ALWAYS: Enter wc_test
------------------------------------------------------------------------------
 wolfSSL version 5.1.0
------------------------------------------------------------------------------
error    test passed!
MEMORY   test passed!
base64   test passed!
asn      test passed!
RANDOM   test passed!
MD5      test passed!
MD4      test passed!
SHA      test passed!
SHA-256  test passed!
Hash     test passed!
HMAC-MD5 test passed!
HMAC-SHA test passed!
HMAC-SHA256 test passed!
GMAC     test passed!
HC-128   test passed!
Rabbit   test passed!
DES      test passed!
DES3     test passed!
AES      test passed!
AES192   test passed!
AES256   test passed!
AES-GCM  test passed!
RSA      test passed!
DH       test passed!
DSA      test passed!
PWDBASED test passed!
ECC      test passed!
ECC buffer test passed!
logging  test passed!
mutex    test passed!
memcb    test failed!
 error = -13803
[SGXSan] ALWAYS: Enter enc_wolfSSL_CTX_use_certificate_chain_buffer_format
[SGXSan] ALWAYS: Enter enc_wolfSSL_write
[SGXSan] ALWAYS: Enter enc_wolfSSL_get_error
[SGXSan] ALWAYS: Enter enc_wolfSSL_CTX_load_verify_buffer
[SGXSan] ALWAYS: Enter enc_wolfSSL_CTX_use_PrivateKey_buffer
[SGXSan] ALWAYS: Enter enc_wolfSSL_CTX_use_certificate_buffer
[SGXSan] ALWAYS: Enter enc_wolfTLSv1_2_server_method
[SGXSan] ALWAYS: Enter enc_wolfSSL_Debugging_ON
[SGXSan] ALWAYS: Enter enc_wolfSSL_CTX_new
[SGXSan] ALWAYS: Enter enc_wolfSSL_Cleanup
[SGXSan] ALWAYS: Enter enc_wolfSSL_connect
[SGXSan] ALWAYS: Enter wc_benchmark_test
------------------------------------------------------------------------------
 wolfSSL version 5.1.0
------------------------------------------------------------------------------
wolfCrypt Benchmark (block bytes 1048576, min 1.0 sec each)
RNG                 15 MB took 1.151 seconds,   13.029 MB/s
AES-128-CBC-enc     35 MB took 1.077 seconds,   32.486 MB/s
AES-128-CBC-dec     30 MB took 1.005 seconds,   29.842 MB/s
AES-192-CBC-enc     30 MB took 1.084 seconds,   27.687 MB/s
AES-192-CBC-dec     30 MB took 1.156 seconds,   25.961 MB/s
AES-256-CBC-enc     25 MB took 1.013 seconds,   24.687 MB/s
AES-256-CBC-dec     25 MB took 1.067 seconds,   23.423 MB/s
AES-128-GCM-enc     25 MB took 1.070 seconds,   23.368 MB/s
AES-128-GCM-dec     25 MB took 1.088 seconds,   22.972 MB/s
AES-192-GCM-enc     25 MB took 1.199 seconds,   20.857 MB/s
AES-192-GCM-dec     25 MB took 1.186 seconds,   21.086 MB/s
AES-256-GCM-enc     20 MB took 1.039 seconds,   19.242 MB/s
AES-256-GCM-dec     20 MB took 1.047 seconds,   19.101 MB/s
GMAC Table 4-bit    66 MB took 1.001 seconds,   65.925 MB/s
RABBIT              90 MB took 1.018 seconds,   88.425 MB/s
3DES                10 MB took 1.141 seconds,    8.762 MB/s
MD5                300 MB took 1.010 seconds,  297.115 MB/s
SHA                125 MB took 1.002 seconds,  124.785 MB/s
SHA-256             35 MB took 1.168 seconds,   29.968 MB/s
HMAC-MD5           300 MB took 1.006 seconds,  298.081 MB/s
HMAC-SHA           130 MB took 1.039 seconds,  125.174 MB/s
HMAC-SHA256         35 MB took 1.156 seconds,   30.286 MB/s
PBKDF2               4 KB took 1.007 seconds,    3.693 KB/s
RSA     2048 public       1400 ops took 1.029 sec, avg 0.735 ms, 1360.037 ops/sec
RSA     2048 private       100 ops took 3.780 sec, avg 37.796 ms, 26.458 ops/sec
DH      2048 key gen        64 ops took 1.004 sec, avg 15.695 ms, 63.715 ops/sec
DH      2048 agree         100 ops took 1.581 sec, avg 15.808 ms, 63.258 ops/sec
ECC   [      SECP256R1]   256 key gen      1374 ops took 1.001 sec, avg 0.728 ms, 1373.168 ops/sec
ECDHE [      SECP256R1]   256 agree         900 ops took 1.087 sec, avg 1.208 ms, 827.966 ops/sec
ECDSA [      SECP256R1]   256 sign         1200 ops took 1.026 sec, avg 0.855 ms, 1170.105 ops/sec
ECDSA [      SECP256R1]   256 verify        900 ops took 1.062 sec, avg 1.180 ms, 847.424 ops/sec
Benchmark complete
[SGXSan] ALWAYS: Enter enc_wolfSSL_free
[SGXSan] ALWAYS: Enter enc_wolfSSL_set_fd
[SGXSan] ALWAYS: Enter enc_wolfTLSv1_2_client_method
[SGXSan] ALWAYS: Enter enc_wolfSSL_Init
[SGXSan] ALWAYS: Enter enc_wolfSSL_CTX_set_cipher_list
[SGXSan] ALWAYS: Enter enc_wolfSSL_Debugging_OFF
[SGXSan] ALWAYS: Enter enc_wolfSSL_read
[SGXSan] ALWAYS: Enter enc_wolfSSL_CTX_free
#2	pulse  ft: 6295 exec/s: 0 rss: 49Mb
Slowest unit: 42 s:
artifact_prefix='./crashes/'; Test unit written to ./crashes/slow-unit-c9cfd7010b0779e2835c2ded8690708a4975af65
[SGXSan] ALWAYS: Enter enc_wolfSSL_set_fd
[SGXSan] ALWAYS: Enter enc_wolfTLSv1_2_client_method
[SGXSan] ALWAYS: Enter enc_wolfSSL_CTX_new
[SGXSan] ALWAYS: Enter enc_wolfSSL_read
[SGXSan] ALWAYS: Enter enc_wolfSSL_CTX_set_cipher_list
[SGXSan] ALWAYS: Enter enc_wolfSSL_CTX_free
[SGXSan] ALWAYS: Enter enc_wolfSSL_new
[SGXSan] ALWAYS: Enter enc_wolfSSL_CTX_use_PrivateKey_buffer
[SGXSan] ALWAYS: Enter enc_wolfTLSv1_2_server_method
[SGXSan] ALWAYS: Enter enc_wolfSSL_CTX_load_verify_buffer
[SGXSan] ALWAYS: Enter enc_wolfSSL_connect
[SGXSan] ALWAYS: Enter enc_wolfSSL_Debugging_OFF
[SGXSan] ALWAYS: Enter enc_wolfSSL_CTX_use_certificate_buffer
[SGXSan] ALWAYS: Enter enc_wolfSSL_free
[SGXSan] ALWAYS: Enter enc_wolfSSL_Init
[SGXSan] ALWAYS: Enter enc_wolfSSL_CTX_use_certificate_chain_buffer_format
[SGXSan] ALWAYS: Enter wc_benchmark_test
------------------------------------------------------------------------------
 wolfSSL version 5.1.0
------------------------------------------------------------------------------
wolfCrypt Benchmark (block bytes 1048576, min 1.0 sec each)
RNG                 15 MB took 1.184 seconds,   12.672 MB/s
AES-128-CBC-enc     35 MB took 1.083 seconds,   32.321 MB/s
AES-128-CBC-dec     35 MB took 1.165 seconds,   30.037 MB/s
AES-192-CBC-enc     30 MB took 1.066 seconds,   28.144 MB/s
AES-192-CBC-dec     30 MB took 1.150 seconds,   26.098 MB/s
AES-256-CBC-enc     30 MB took 1.197 seconds,   25.070 MB/s
AES-256-CBC-dec     25 MB took 1.062 seconds,   23.549 MB/s
AES-128-GCM-enc     25 MB took 1.077 seconds,   23.213 MB/s
AES-128-GCM-dec     25 MB took 1.059 seconds,   23.617 MB/s
AES-192-GCM-enc     25 MB took 1.191 seconds,   20.983 MB/s
AES-192-GCM-dec     25 MB took 1.213 seconds,   20.618 MB/s
AES-256-GCM-enc     20 MB took 1.025 seconds,   19.513 MB/s
AES-256-GCM-dec     20 MB took 1.020 seconds,   19.612 MB/s
GMAC Table 4-bit    69 MB took 1.010 seconds,   68.292 MB/s
RABBIT              95 MB took 1.039 seconds,   91.402 MB/s
3DES                10 MB took 1.094 seconds,    9.139 MB/s
MD5                305 MB took 1.006 seconds,  303.144 MB/s
SHA                130 MB took 1.019 seconds,  127.620 MB/s
SHA-256             35 MB took 1.134 seconds,   30.864 MB/s
HMAC-MD5           305 MB took 1.011 seconds,  301.829 MB/s
HMAC-SHA           130 MB took 1.032 seconds,  125.997 MB/s
HMAC-SHA256         35 MB took 1.137 seconds,   30.788 MB/s
PBKDF2               4 KB took 1.003 seconds,    3.771 KB/s
RSA     2048 public       1500 ops took 1.070 sec, avg 0.713 ms, 1401.860 ops/sec
RSA     2048 private       100 ops took 3.693 sec, avg 36.933 ms, 27.076 ops/sec
DH      2048 key gen        65 ops took 1.010 sec, avg 15.541 ms, 64.347 ops/sec
DH      2048 agree         100 ops took 1.542 sec, avg 15.420 ms, 64.850 ops/sec
ECC   [      SECP256R1]   256 key gen      1398 ops took 1.000 sec, avg 0.716 ms, 1397.351 ops/sec
ECDHE [      SECP256R1]   256 agree        1000 ops took 1.087 sec, avg 1.087 ms, 919.546 ops/sec
ECDSA [      SECP256R1]   256 sign         1200 ops took 1.001 sec, avg 0.834 ms, 1198.856 ops/sec
ECDSA [      SECP256R1]   256 verify        900 ops took 1.031 sec, avg 1.145 ms, 873.191 ops/sec
Benchmark complete
[SGXSan] ALWAYS: Enter enc_wolfSSL_Debugging_ON
[SGXSan] ALWAYS: Enter wc_test
------------------------------------------------------------------------------
 wolfSSL version 5.1.0
------------------------------------------------------------------------------
error    test passed!
MEMORY   test passed!
base64   test passed!
asn      test passed!
RANDOM   test passed!
MD5      test passed!
MD4      test passed!
SHA      test passed!
SHA-256  test passed!
Hash     test passed!
HMAC-MD5 test passed!
HMAC-SHA test passed!
HMAC-SHA256 test passed!
GMAC     test passed!
HC-128   test passed!
Rabbit   test passed!
DES      test passed!
DES3     test passed!
AES      test passed!
AES192   test passed!
AES256   test passed!
AES-GCM  test passed!
RSA      test passed!
DH       test passed!
DSA      test passed!
PWDBASED test passed!
ECC      test passed!
ECC buffer test passed!
logging  test passed!
mutex    test passed!
memcb    test failed!
 error = -13803
[SGXSan] ALWAYS: Enter enc_wolfSSL_Cleanup
[SGXSan] ALWAYS: Enter enc_wolfSSL_write
[SGXSan] ALWAYS: Enter enc_wolfSSL_get_error
[SGXSan] ALWAYS: Enter enc_wolfTLSv1_2_server_method
[SGXSan] ALWAYS: Enter enc_wolfSSL_Debugging_ON
[SGXSan] ALWAYS: Enter enc_wolfSSL_CTX_use_PrivateKey_buffer
[SGXSan] ALWAYS: Enter enc_wolfSSL_new
[SGXSan] ALWAYS: Enter enc_wolfSSL_CTX_free
[SGXSan] ALWAYS: Enter enc_wolfSSL_get_error
[SGXSan] ALWAYS: Enter enc_wolfSSL_Debugging_OFF
[SGXSan] ALWAYS: Enter enc_wolfSSL_CTX_load_verify_buffer
[SGXSan] ALWAYS: Enter enc_wolfSSL_CTX_use_certificate_chain_buffer_format
[SGXSan] ALWAYS: Enter enc_wolfSSL_CTX_use_certificate_buffer
[SGXSan] ALWAYS: Enter wc_test
------------------------------------------------------------------------------
 wolfSSL version 5.1.0
------------------------------------------------------------------------------
error    test passed!
MEMORY   test passed!
base64   test passed!
asn      test passed!
RANDOM   test passed!
MD5      test passed!
MD4      test passed!
SHA      test passed!
SHA-256  test passed!
Hash     test passed!
HMAC-MD5 test passed!
HMAC-SHA test passed!
HMAC-SHA256 test passed!
GMAC     test passed!
HC-128   test passed!
Rabbit   test passed!
DES      test passed!
DES3     test passed!
AES      test passed!
AES192   test passed!
AES256   test passed!
AES-GCM  test passed!
RSA      test passed!
DH       test passed!
DSA      test passed!
PWDBASED test passed!
ECC      test passed!
ECC buffer test passed!
logging  test passed!
mutex    test passed!
memcb    test failed!
 error = -13803
[SGXSan] ALWAYS: Enter wc_benchmark_test
------------------------------------------------------------------------------
 wolfSSL version 5.1.0
------------------------------------------------------------------------------
wolfCrypt Benchmark (block bytes 1048576, min 1.0 sec each)
RNG                 15 MB took 1.142 seconds,   13.137 MB/s
AES-128-CBC-enc     35 MB took 1.058 seconds,   33.081 MB/s
AES-128-CBC-dec     35 MB took 1.147 seconds,   30.504 MB/s
AES-192-CBC-enc     30 MB took 1.055 seconds,   28.439 MB/s
AES-192-CBC-dec     30 MB took 1.146 seconds,   26.170 MB/s
AES-256-CBC-enc     30 MB took 1.179 seconds,   25.455 MB/s
AES-256-CBC-dec     25 MB took 1.041 seconds,   24.016 MB/s
AES-128-GCM-enc     25 MB took 1.043 seconds,   23.964 MB/s
AES-128-GCM-dec     25 MB took 1.045 seconds,   23.925 MB/s
AES-192-GCM-enc     25 MB took 1.177 seconds,   21.246 MB/s
AES-192-GCM-dec     25 MB took 1.171 seconds,   21.344 MB/s
AES-256-GCM-enc     20 MB took 1.014 seconds,   19.731 MB/s
AES-256-GCM-dec     20 MB took 1.015 seconds,   19.714 MB/s
GMAC Table 4-bit    68 MB took 1.006 seconds,   67.606 MB/s
RABBIT              95 MB took 1.043 seconds,   91.070 MB/s
3DES                10 MB took 1.089 seconds,    9.181 MB/s
MD5                305 MB took 1.009 seconds,  302.226 MB/s
SHA                130 MB took 1.018 seconds,  127.759 MB/s
SHA-256             35 MB took 1.146 seconds,   30.540 MB/s
HMAC-MD5           305 MB took 1.010 seconds,  302.014 MB/s
HMAC-SHA           130 MB took 1.020 seconds,  127.472 MB/s
HMAC-SHA256         35 MB took 1.130 seconds,   30.982 MB/s
PBKDF2               4 KB took 1.008 seconds,    3.783 KB/s
RSA     2048 public       1400 ops took 1.022 sec, avg 0.730 ms, 1369.600 ops/sec
RSA     2048 private       100 ops took 3.686 sec, avg 36.865 ms, 27.126 ops/sec
DH      2048 key gen        64 ops took 1.002 sec, avg 15.660 ms, 63.859 ops/sec
DH      2048 agree         100 ops took 1.539 sec, avg 15.394 ms, 64.960 ops/sec
ECC   [      SECP256R1]   256 key gen      1413 ops took 1.001 sec, avg 0.708 ms, 1412.009 ops/sec
ECDHE [      SECP256R1]   256 agree        1000 ops took 1.079 sec, avg 1.079 ms, 926.745 ops/sec
ECDSA [      SECP256R1]   256 sign         1300 ops took 1.077 sec, avg 0.829 ms, 1206.654 ops/sec
ECDSA [      SECP256R1]   256 verify        900 ops took 1.046 sec, avg 1.162 ms, 860.335 ops/sec
Benchmark complete
[SGXSan] ALWAYS: Enter enc_wolfSSL_Cleanup
[SGXSan] ALWAYS: Enter enc_wolfSSL_write
[SGXSan] ALWAYS: Enter enc_wolfSSL_CTX_set_cipher_list
[SGXSan] ALWAYS: Enter enc_wolfSSL_CTX_new
[SGXSan] ALWAYS: Enter enc_wolfSSL_read
[SGXSan] ALWAYS: Enter enc_wolfSSL_free
[SGXSan] ALWAYS: Enter enc_wolfTLSv1_2_client_method
[SGXSan] ALWAYS: Enter enc_wolfSSL_connect
[SGXSan] ALWAYS: Enter enc_wolfSSL_Init
[SGXSan] ALWAYS: Enter enc_wolfSSL_set_fd
#4	pulse  cov: 6295 ft: 6300 corp: 1/361Kb exec/s: 0 rss: 63Mb
#4	INITED cov: 6295 ft: 6300 corp: 2/723Kb exec/s: 0 rss: 64Mb
[SGXSan] ALWAYS: Enter enc_wolfSSL_new
[SGXSan] ALWAYS: Enter wc_test
------------------------------------------------------------------------------
 wolfSSL version 5.1.0
------------------------------------------------------------------------------
error    test passed!
MEMORY   test passed!
base64   test passed!
asn      test passed!
RANDOM   test passed!
MD5      test passed!
MD4      test passed!
SHA      test passed!
SHA-256  test passed!
Hash     test passed!
HMAC-MD5 test passed!
HMAC-SHA test passed!
HMAC-SHA256 test passed!
GMAC     test passed!
HC-128   test passed!
Rabbit   test passed!
DES      test passed!
DES3     test passed!
AES      test passed!
AES192   test passed!
AES256   test passed!
AES-GCM  test passed!
RSA      test passed!
DH       test passed!
DSA      test passed!
PWDBASED test passed!
ECC      test passed!
ECC buffer test passed!
logging  test passed!
mutex    test passed!
memcb    test failed!
 error = -13803
[SGXSan] ALWAYS: Enter enc_wolfSSL_CTX_use_certificate_chain_buffer_format
[SGXSan] ALWAYS: Enter enc_wolfSSL_write
[SGXSan] ALWAYS: Enter enc_wolfSSL_get_error
[SGXSan] ALWAYS: Enter enc_wolfSSL_CTX_load_verify_buffer
[SGXSan] ALWAYS: Enter enc_wolfSSL_CTX_use_PrivateKey_buffer
[SGXSan] ALWAYS: Enter enc_wolfSSL_CTX_use_certificate_buffer
[SGXSan] ALWAYS: Enter enc_wolfTLSv1_2_server_method
[SGXSan] ALWAYS: Enter enc_wolfSSL_Debugging_ON
[SGXSan] ALWAYS: Enter enc_wolfSSL_CTX_new
[SGXSan] ALWAYS: Enter enc_wolfSSL_Cleanup
[SGXSan] ALWAYS: Enter enc_wolfSSL_connect
[SGXSan] ALWAYS: Enter wc_benchmark_test
------------------------------------------------------------------------------
 wolfSSL version 5.1.0
------------------------------------------------------------------------------
wolfCrypt Benchmark (block bytes 1048576, min 1.0 sec each)
RNG                 15 MB took 1.130 seconds,   13.279 MB/s
AES-128-CBC-enc     35 MB took 1.054 seconds,   33.210 MB/s
AES-128-CBC-dec     35 MB took 1.154 seconds,   30.335 MB/s
AES-192-CBC-enc     30 MB took 1.053 seconds,   28.481 MB/s
AES-192-CBC-dec     30 MB took 1.131 seconds,   26.532 MB/s
AES-256-CBC-enc     30 MB took 1.172 seconds,   25.602 MB/s
AES-256-CBC-dec     25 MB took 1.039 seconds,   24.061 MB/s
AES-128-GCM-enc     25 MB took 1.059 seconds,   23.616 MB/s
AES-128-GCM-dec     25 MB took 1.053 seconds,   23.751 MB/s
AES-192-GCM-enc     25 MB took 1.171 seconds,   21.347 MB/s
AES-192-GCM-dec     25 MB took 1.168 seconds,   21.408 MB/s
AES-256-GCM-enc     20 MB took 1.019 seconds,   19.622 MB/s
AES-256-GCM-dec     20 MB took 1.032 seconds,   19.372 MB/s
GMAC Table 4-bit    68 MB took 1.002 seconds,   67.891 MB/s
RABBIT              95 MB took 1.047 seconds,   90.771 MB/s
3DES                10 MB took 1.089 seconds,    9.182 MB/s
MD5                300 MB took 1.000 seconds,  299.895 MB/s
SHA                130 MB took 1.016 seconds,  127.989 MB/s
SHA-256             30 MB took 1.016 seconds,   29.529 MB/s
HMAC-MD5           305 MB took 1.004 seconds,  303.689 MB/s
HMAC-SHA           130 MB took 1.010 seconds,  128.732 MB/s
HMAC-SHA256         30 MB took 1.051 seconds,   28.556 MB/s
PBKDF2               4 KB took 1.003 seconds,    3.769 KB/s
RSA     2048 public       1400 ops took 1.018 sec, avg 0.727 ms, 1374.869 ops/sec
RSA     2048 private       100 ops took 3.679 sec, avg 36.788 ms, 27.183 ops/sec
DH      2048 key gen        65 ops took 1.004 sec, avg 15.445 ms, 64.746 ops/sec
DH      2048 agree         100 ops took 1.548 sec, avg 15.479 ms, 64.605 ops/sec
ECC   [      SECP256R1]   256 key gen      1413 ops took 1.000 sec, avg 0.708 ms, 1412.651 ops/sec
ECDHE [      SECP256R1]   256 agree        1000 ops took 1.103 sec, avg 1.103 ms, 906.215 ops/sec
ECDSA [      SECP256R1]   256 sign         1300 ops took 1.081 sec, avg 0.831 ms, 1203.137 ops/sec
ECDSA [      SECP256R1]   256 verify        900 ops took 1.046 sec, avg 1.162 ms, 860.395 ops/sec
Benchmark complete
[SGXSan] ALWAYS: Enter enc_wolfSSL_free
[SGXSan] ALWAYS: Enter enc_wolfSSL_set_fd
[SGXSan] ALWAYS: Enter enc_wolfTLSv1_2_client_method
[SGXSan] ALWAYS: Enter enc_wolfSSL_Init
[SGXSan] ALWAYS: Enter enc_wolfSSL_CTX_set_cipher_list
[SGXSan] ALWAYS: Enter enc_wolfSSL_Debugging_OFF
[SGXSan] ALWAYS: Enter enc_wolfSSL_read
[SGXSan] ALWAYS: Enter enc_wolfSSL_CTX_free
#5	NEW    cov: 6295 ft: 6305 corp: 3/1084Kb lim: 1000000 exec/s: 0 rss: 71Mb L: 370191/370191 MS: 2 EraseBytes-Custom-
#5	DONE   cov: 6295 ft: 6305 corp: 3/1084Kb lim: 1000000 exec/s: 0 rss: 71Mb
Done 5 runs in 211 second(s)
stat::number_of_executed_units: 5
stat::average_exec_per_sec:     0
stat::new_units_added:          1
stat::slowest_unit_time_sec:    42
stat::peak_rss_mb:              71
