WARNING: Failed to find function "__sanitizer_acquire_crash_state".
WARNING: Failed to find function "__sanitizer_print_stack_trace".
WARNING: Failed to find function "__sanitizer_set_death_callback".
[2023-01-15 19:17:25.069] [Init] Num of ECall: 22
[2023-01-15 19:17:25.069] ECalls:
  0 - fuzz_enc_wolfSSL_CTX_free
  1 - fuzz_enc_wolfSSL_CTX_load_verify_buffer
  2 - fuzz_enc_wolfSSL_CTX_new
  3 - fuzz_enc_wolfSSL_CTX_set_cipher_list
  4 - fuzz_enc_wolfSSL_CTX_use_PrivateKey_buffer
  5 - fuzz_enc_wolfSSL_CTX_use_certificate_buffer
  6 - fuzz_enc_wolfSSL_CTX_use_certificate_chain_buffer_format
  7 - fuzz_enc_wolfSSL_Cleanup
  8 - fuzz_enc_wolfSSL_Debugging_OFF
  9 - fuzz_enc_wolfSSL_Debugging_ON
  10 - fuzz_enc_wolfSSL_Init
  11 - fuzz_enc_wolfSSL_connect
  12 - fuzz_enc_wolfSSL_free
  13 - fuzz_enc_wolfSSL_get_error
  14 - fuzz_enc_wolfSSL_new
  15 - fuzz_enc_wolfSSL_read
  16 - fuzz_enc_wolfSSL_set_fd
  17 - fuzz_enc_wolfSSL_write
  18 - fuzz_enc_wolfTLSv1_2_client_method
  19 - fuzz_enc_wolfTLSv1_2_server_method
  20 - fuzz_wc_benchmark_test
  21 - fuzz_wc_test

INFO: found LLVMFuzzerCustomMutator (0x44ac30). Disabling -len_control by default.
INFO: libFuzzer ignores flags that start with '--'
INFO: Running with entropic power schedule (0xFF, 100).
INFO: Seed: 823105265
INFO: Loaded 1 modules   (291 inline 8-bit counters): 291 [0x4cb7e8, 0x4cb90b), 
INFO: Loaded 1 PC tables (291 PCs): 291 [0x4cb910,0x4ccb40), 
INFO:        0 files found in /tmp/libFuzzerTemp.FuzzWithFork422940.dir/C189
[SGXSan] ALWAYS: Hook __sanitizer_cov_8bit_counters_init of Enclave, 21636 inline 8-bit counts [0x7f1ea68a69c0, 0x7f1ea68abe44) (First time)
[SGXSan] ALWAYS: Hook __sanitizer_cov_pcs_init of Enclave, 21636 PCs [0x7f1ea68abe48, 0x7f1ea6900688) (First time)
[SGXSan] ALWAYS: Enter enc_wolfSSL_CTX_free
[SGXSan] ALWAYS: Enter enc_wolfSSL_CTX_load_verify_buffer
[SGXSan] ALWAYS: Enter enc_wolfSSL_CTX_new
[SGXSan] ALWAYS: Enter enc_wolfSSL_CTX_set_cipher_list
[SGXSan] ALWAYS: Enter enc_wolfSSL_CTX_use_PrivateKey_buffer
[SGXSan] ALWAYS: Enter enc_wolfSSL_CTX_use_certificate_buffer
[SGXSan] ALWAYS: Enter enc_wolfSSL_CTX_use_certificate_chain_buffer_format
[SGXSan] ALWAYS: Enter enc_wolfSSL_Cleanup
[SGXSan] ALWAYS: Enter enc_wolfSSL_Debugging_OFF
[SGXSan] ALWAYS: Enter enc_wolfSSL_Debugging_ON
[SGXSan] ALWAYS: Enter enc_wolfSSL_Init
[SGXSan] ALWAYS: Enter enc_wolfSSL_connect
[SGXSan] ALWAYS: Enter enc_wolfSSL_free
[SGXSan] ALWAYS: Enter enc_wolfSSL_get_error
[SGXSan] ALWAYS: Enter enc_wolfSSL_new
[SGXSan] ALWAYS: Enter enc_wolfSSL_read
[SGXSan] ALWAYS: Enter enc_wolfSSL_set_fd
[SGXSan] ALWAYS: Enter enc_wolfSSL_write
[SGXSan] ALWAYS: Enter enc_wolfTLSv1_2_client_method
[SGXSan] ALWAYS: Enter enc_wolfTLSv1_2_server_method
[SGXSan] ALWAYS: Enter wc_benchmark_test
------------------------------------------------------------------------------
 wolfSSL version 5.1.0
------------------------------------------------------------------------------
wolfCrypt Benchmark (block bytes 1048576, min 1.0 sec each)
RNG                 15 MB took 1.169 seconds,   12.832 MB/s
AES-128-CBC-enc     35 MB took 1.085 seconds,   32.246 MB/s
AES-128-CBC-dec     30 MB took 1.009 seconds,   29.738 MB/s
AES-192-CBC-enc     30 MB took 1.082 seconds,   27.716 MB/s
AES-192-CBC-dec     30 MB took 1.144 seconds,   26.229 MB/s
AES-256-CBC-enc     25 MB took 1.020 seconds,   24.518 MB/s
AES-256-CBC-dec     25 MB took 1.069 seconds,   23.394 MB/s
AES-128-GCM-enc     25 MB took 1.070 seconds,   23.355 MB/s
AES-128-GCM-dec     25 MB took 1.062 seconds,   23.529 MB/s
AES-192-GCM-enc     25 MB took 1.218 seconds,   20.532 MB/s
AES-192-GCM-dec     25 MB took 1.220 seconds,   20.491 MB/s
AES-256-GCM-enc     20 MB took 1.046 seconds,   19.114 MB/s
AES-256-GCM-dec     20 MB took 1.046 seconds,   19.115 MB/s
GMAC Table 4-bit    66 MB took 1.010 seconds,   65.373 MB/s
RABBIT              90 MB took 1.010 seconds,   89.128 MB/s
3DES                10 MB took 1.115 seconds,    8.965 MB/s
MD5                295 MB took 1.006 seconds,  293.356 MB/s
SHA                130 MB took 1.035 seconds,  125.624 MB/s
SHA-256             30 MB took 1.001 seconds,   29.965 MB/s
HMAC-MD5           295 MB took 1.001 seconds,  294.813 MB/s
HMAC-SHA           125 MB took 1.013 seconds,  123.415 MB/s
HMAC-SHA256         35 MB took 1.155 seconds,   30.308 MB/s
PBKDF2               4 KB took 1.006 seconds,    3.698 KB/s
RSA     2048 public       1400 ops took 1.027 sec, avg 0.734 ms, 1363.105 ops/sec
RSA     2048 private       100 ops took 3.763 sec, avg 37.633 ms, 26.572 ops/sec
DH      2048 key gen        64 ops took 1.008 sec, avg 15.755 ms, 63.473 ops/sec
DH      2048 agree         100 ops took 1.579 sec, avg 15.788 ms, 63.338 ops/sec
ECC   [      SECP256R1]   256 key gen      1364 ops took 1.000 sec, avg 0.733 ms, 1363.933 ops/sec
ECDHE [      SECP256R1]   256 agree         900 ops took 1.018 sec, avg 1.131 ms, 883.960 ops/sec
ECDSA [      SECP256R1]   256 sign         1200 ops took 1.021 sec, avg 0.851 ms, 1175.169 ops/sec
ECDSA [      SECP256R1]   256 verify        900 ops took 1.073 sec, avg 1.192 ms, 838.901 ops/sec
Benchmark complete
[SGXSan] ALWAYS: Enter wc_test
INFO: seed corpus: files: 4 min: 370191b max: 370191b total: 1480764b rss: 43Mb
------------------------------------------------------------------------------
 wolfSSL version 5.1.0
------------------------------------------------------------------------------
error    test passed!
MEMORY   test passed!
base64   test passed!
asn      test passed!
RANDOM   test passed!
MD5      test passed!
MD4      test passed!
SHA      test passed!
SHA-256  test passed!
Hash     test passed!
HMAC-MD5 test passed!
HMAC-SHA test passed!
HMAC-SHA256 test passed!
GMAC     test passed!
HC-128   test passed!
Rabbit   test passed!
DES      test passed!
DES3     test passed!
AES      test passed!
AES192   test passed!
AES256   test passed!
AES-GCM  test passed!
RSA      test passed!
DH       test passed!
DSA      test passed!
PWDBASED test passed!
ECC      test passed!
ECC buffer test passed!
logging  test passed!
mutex    test passed!
memcb    test passed!
Test complete
[SGXSan] ALWAYS: Enter enc_wolfSSL_new
[SGXSan] ALWAYS: Enter wc_test
------------------------------------------------------------------------------
 wolfSSL version 5.1.0
------------------------------------------------------------------------------
error    test passed!
MEMORY   test passed!
base64   test passed!
asn      test passed!
RANDOM   test passed!
MD5      test passed!
MD4      test passed!
SHA      test passed!
SHA-256  test passed!
Hash     test passed!
HMAC-MD5 test passed!
HMAC-SHA test passed!
HMAC-SHA256 test passed!
GMAC     test passed!
HC-128   test passed!
Rabbit   test passed!
DES      test passed!
DES3     test passed!
AES      test passed!
AES192   test passed!
AES256   test passed!
AES-GCM  test passed!
RSA      test passed!
DH       test passed!
DSA      test passed!
PWDBASED test passed!
ECC      test passed!
ECC buffer test passed!
logging  test passed!
mutex    test passed!
memcb    test failed!
 error = -13803
[SGXSan] ALWAYS: Enter enc_wolfSSL_CTX_use_certificate_chain_buffer_format
[SGXSan] ALWAYS: Enter enc_wolfSSL_write
[SGXSan] ALWAYS: Enter enc_wolfSSL_get_error
[SGXSan] ALWAYS: Enter enc_wolfSSL_CTX_load_verify_buffer
[SGXSan] ALWAYS: Enter enc_wolfSSL_CTX_use_PrivateKey_buffer
[SGXSan] ALWAYS: Enter enc_wolfSSL_CTX_use_certificate_buffer
[SGXSan] ALWAYS: Enter enc_wolfTLSv1_2_server_method
[SGXSan] ALWAYS: Enter enc_wolfSSL_Debugging_ON
[SGXSan] ALWAYS: Enter enc_wolfSSL_CTX_new
[SGXSan] ALWAYS: Enter enc_wolfSSL_Cleanup
[SGXSan] ALWAYS: Enter enc_wolfSSL_connect
[SGXSan] ALWAYS: Enter wc_benchmark_test
------------------------------------------------------------------------------
 wolfSSL version 5.1.0
------------------------------------------------------------------------------
wolfCrypt Benchmark (block bytes 1048576, min 1.0 sec each)
RNG                 15 MB took 1.153 seconds,   13.004 MB/s
AES-128-CBC-enc     35 MB took 1.075 seconds,   32.560 MB/s
AES-128-CBC-dec     35 MB took 1.161 seconds,   30.157 MB/s
AES-192-CBC-enc     30 MB took 1.085 seconds,   27.655 MB/s
AES-192-CBC-dec     30 MB took 1.147 seconds,   26.152 MB/s
AES-256-CBC-enc     25 MB took 1.009 seconds,   24.775 MB/s
AES-256-CBC-dec     25 MB took 1.059 seconds,   23.610 MB/s
AES-128-GCM-enc     25 MB took 1.059 seconds,   23.613 MB/s
AES-128-GCM-dec     25 MB took 1.075 seconds,   23.247 MB/s
AES-192-GCM-enc     25 MB took 1.200 seconds,   20.829 MB/s
AES-192-GCM-dec     25 MB took 1.203 seconds,   20.777 MB/s
AES-256-GCM-enc     20 MB took 1.044 seconds,   19.162 MB/s
AES-256-GCM-dec     20 MB took 1.031 seconds,   19.397 MB/s
GMAC Table 4-bit    67 MB took 1.014 seconds,   66.044 MB/s
RABBIT              90 MB took 1.017 seconds,   88.452 MB/s
3DES                10 MB took 1.117 seconds,    8.954 MB/s
MD5                300 MB took 1.010 seconds,  297.130 MB/s
SHA                125 MB took 1.012 seconds,  123.469 MB/s
SHA-256             35 MB took 1.162 seconds,   30.113 MB/s
HMAC-MD5           300 MB took 1.012 seconds,  296.513 MB/s
HMAC-SHA           125 MB took 1.005 seconds,  124.365 MB/s
HMAC-SHA256         35 MB took 1.151 seconds,   30.408 MB/s
PBKDF2               4 KB took 1.008 seconds,    3.722 KB/s
RSA     2048 public       1400 ops took 1.029 sec, avg 0.735 ms, 1360.392 ops/sec
RSA     2048 private       100 ops took 3.791 sec, avg 37.909 ms, 26.379 ops/sec
DH      2048 key gen        64 ops took 1.015 sec, avg 15.861 ms, 63.046 ops/sec
DH      2048 agree         100 ops took 1.587 sec, avg 15.875 ms, 62.992 ops/sec
ECC   [      SECP256R1]   256 key gen      1382 ops took 1.000 sec, avg 0.724 ms, 1381.878 ops/sec
ECDHE [      SECP256R1]   256 agree         900 ops took 1.011 sec, avg 1.124 ms, 889.847 ops/sec
ECDSA [      SECP256R1]   256 sign         1200 ops took 1.022 sec, avg 0.852 ms, 1174.102 ops/sec
ECDSA [      SECP256R1]   256 verify        900 ops took 1.052 sec, avg 1.169 ms, 855.792 ops/sec
Benchmark complete
[SGXSan] ALWAYS: Enter enc_wolfSSL_free
[SGXSan] ALWAYS: Enter enc_wolfSSL_set_fd
[SGXSan] ALWAYS: Enter enc_wolfTLSv1_2_client_method
[SGXSan] ALWAYS: Enter enc_wolfSSL_Init
[SGXSan] ALWAYS: Enter enc_wolfSSL_CTX_set_cipher_list
[SGXSan] ALWAYS: Enter enc_wolfSSL_Debugging_OFF
[SGXSan] ALWAYS: Enter enc_wolfSSL_read
[SGXSan] ALWAYS: Enter enc_wolfSSL_CTX_free
#2	pulse  ft: 6295 exec/s: 0 rss: 49Mb
Slowest unit: 42 s:
artifact_prefix='./crashes/'; Test unit written to ./crashes/slow-unit-c9cfd7010b0779e2835c2ded8690708a4975af65
[SGXSan] ALWAYS: Enter enc_wolfSSL_new
[SGXSan] ALWAYS: Enter wc_test
------------------------------------------------------------------------------
 wolfSSL version 5.1.0
------------------------------------------------------------------------------
error    test passed!
MEMORY   test passed!
base64   test passed!
asn      test passed!
RANDOM   test passed!
MD5      test passed!
MD4      test passed!
SHA      test passed!
SHA-256  test passed!
Hash     test passed!
HMAC-MD5 test passed!
HMAC-SHA test passed!
HMAC-SHA256 test passed!
GMAC     test passed!
HC-128   test passed!
Rabbit   test passed!
DES      test passed!
DES3     test passed!
AES      test passed!
AES192   test passed!
AES256   test passed!
AES-GCM  test passed!
RSA      test passed!
DH       test passed!
DSA      test passed!
PWDBASED test passed!
ECC      test passed!
ECC buffer test passed!
logging  test passed!
mutex    test passed!
memcb    test failed!
 error = -13803
[SGXSan] ALWAYS: Enter enc_wolfSSL_CTX_use_certificate_chain_buffer_format
[SGXSan] ALWAYS: Enter enc_wolfSSL_write
[SGXSan] ALWAYS: Enter enc_wolfSSL_get_error
[SGXSan] ALWAYS: Enter enc_wolfSSL_CTX_load_verify_buffer
[SGXSan] ALWAYS: Enter enc_wolfSSL_CTX_use_PrivateKey_buffer
[SGXSan] ALWAYS: Enter enc_wolfSSL_CTX_use_certificate_buffer
[SGXSan] ALWAYS: Enter enc_wolfTLSv1_2_server_method
[SGXSan] ALWAYS: Enter enc_wolfSSL_Debugging_ON
[SGXSan] ALWAYS: Enter enc_wolfSSL_CTX_new
[SGXSan] ALWAYS: Enter enc_wolfSSL_Cleanup
[SGXSan] ALWAYS: Enter enc_wolfSSL_connect
[SGXSan] ALWAYS: Enter wc_benchmark_test
------------------------------------------------------------------------------
 wolfSSL version 5.1.0
------------------------------------------------------------------------------
wolfCrypt Benchmark (block bytes 1048576, min 1.0 sec each)
RNG                 15 MB took 1.151 seconds,   13.030 MB/s
AES-128-CBC-enc     35 MB took 1.076 seconds,   32.514 MB/s
AES-128-CBC-dec     30 MB took 1.006 seconds,   29.820 MB/s
AES-192-CBC-enc     30 MB took 1.070 seconds,   28.038 MB/s
AES-192-CBC-dec     30 MB took 1.145 seconds,   26.205 MB/s
AES-256-CBC-enc     25 MB took 1.011 seconds,   24.731 MB/s
AES-256-CBC-dec     25 MB took 1.062 seconds,   23.543 MB/s
AES-128-GCM-enc     25 MB took 1.069 seconds,   23.378 MB/s
AES-128-GCM-dec     25 MB took 1.057 seconds,   23.657 MB/s
AES-192-GCM-enc     25 MB took 1.197 seconds,   20.891 MB/s
AES-192-GCM-dec     25 MB took 1.207 seconds,   20.718 MB/s
AES-256-GCM-enc     20 MB took 1.042 seconds,   19.192 MB/s
AES-256-GCM-dec     20 MB took 1.047 seconds,   19.102 MB/s
GMAC Table 4-bit    68 MB took 1.008 seconds,   67.431 MB/s
RABBIT              90 MB took 1.001 seconds,   89.873 MB/s
3DES                10 MB took 1.117 seconds,    8.951 MB/s
MD5                295 MB took 1.001 seconds,  294.720 MB/s
SHA                125 MB took 1.008 seconds,  123.952 MB/s
SHA-256             35 MB took 1.147 seconds,   30.506 MB/s
HMAC-MD5           305 MB took 1.014 seconds,  300.674 MB/s
HMAC-SHA           130 MB took 1.021 seconds,  127.313 MB/s
HMAC-SHA256         35 MB took 1.162 seconds,   30.133 MB/s
PBKDF2               4 KB took 1.008 seconds,    3.688 KB/s
RSA     2048 public       1400 ops took 1.038 sec, avg 0.741 ms, 1349.123 ops/sec
RSA     2048 private       100 ops took 3.739 sec, avg 37.388 ms, 26.747 ops/sec
DH      2048 key gen        63 ops took 1.000 sec, avg 15.878 ms, 62.980 ops/sec
DH      2048 agree         100 ops took 1.594 sec, avg 15.944 ms, 62.719 ops/sec
ECC   [      SECP256R1]   256 key gen      1374 ops took 1.001 sec, avg 0.728 ms, 1373.179 ops/sec
ECDHE [      SECP256R1]   256 agree         900 ops took 1.026 sec, avg 1.140 ms, 877.250 ops/sec
ECDSA [      SECP256R1]   256 sign         1200 ops took 1.021 sec, avg 0.851 ms, 1175.273 ops/sec
ECDSA [      SECP256R1]   256 verify        900 ops took 1.064 sec, avg 1.182 ms, 846.078 ops/sec
Benchmark complete
[SGXSan] ALWAYS: Enter enc_wolfSSL_free
[SGXSan] ALWAYS: Enter enc_wolfSSL_set_fd
[SGXSan] ALWAYS: Enter enc_wolfTLSv1_2_client_method
[SGXSan] ALWAYS: Enter enc_wolfSSL_Init
[SGXSan] ALWAYS: Enter enc_wolfSSL_CTX_set_cipher_list
[SGXSan] ALWAYS: Enter enc_wolfSSL_Debugging_OFF
[SGXSan] ALWAYS: Enter enc_wolfSSL_read
[SGXSan] ALWAYS: Enter enc_wolfSSL_CTX_free
[SGXSan] ALWAYS: Enter enc_wolfTLSv1_2_server_method
[SGXSan] ALWAYS: Enter enc_wolfSSL_Debugging_ON
[SGXSan] ALWAYS: Enter enc_wolfSSL_CTX_use_PrivateKey_buffer
[SGXSan] ALWAYS: Enter enc_wolfSSL_new
[SGXSan] ALWAYS: Enter enc_wolfSSL_CTX_free
[SGXSan] ALWAYS: Enter enc_wolfSSL_get_error
[SGXSan] ALWAYS: Enter enc_wolfSSL_Debugging_OFF
[SGXSan] ALWAYS: Enter enc_wolfSSL_CTX_load_verify_buffer
[SGXSan] ALWAYS: Enter enc_wolfSSL_CTX_use_certificate_chain_buffer_format
[SGXSan] ALWAYS: Enter enc_wolfSSL_CTX_use_certificate_buffer
[SGXSan] ALWAYS: Enter wc_test
------------------------------------------------------------------------------
 wolfSSL version 5.1.0
------------------------------------------------------------------------------
error    test passed!
MEMORY   test passed!
base64   test passed!
asn      test passed!
RANDOM   test passed!
MD5      test passed!
MD4      test passed!
SHA      test passed!
SHA-256  test passed!
Hash     test passed!
HMAC-MD5 test passed!
HMAC-SHA test passed!
HMAC-SHA256 test passed!
GMAC     test passed!
HC-128   test passed!
Rabbit   test passed!
DES      test passed!
DES3     test passed!
AES      test passed!
AES192   test passed!
AES256   test passed!
AES-GCM  test passed!
RSA      test passed!
DH       test passed!
DSA      test passed!
PWDBASED test passed!
ECC      test passed!
ECC buffer test passed!
logging  test passed!
mutex    test passed!
memcb    test failed!
 error = -13803
[SGXSan] ALWAYS: Enter wc_benchmark_test
------------------------------------------------------------------------------
 wolfSSL version 5.1.0
------------------------------------------------------------------------------
wolfCrypt Benchmark (block bytes 1048576, min 1.0 sec each)
RNG                 15 MB took 1.151 seconds,   13.029 MB/s
AES-128-CBC-enc     35 MB took 1.084 seconds,   32.302 MB/s
AES-128-CBC-dec     30 MB took 1.012 seconds,   29.657 MB/s
AES-192-CBC-enc     30 MB took 1.085 seconds,   27.641 MB/s
AES-192-CBC-dec     30 MB took 1.144 seconds,   26.216 MB/s
AES-256-CBC-enc     25 MB took 1.009 seconds,   24.777 MB/s
AES-256-CBC-dec     25 MB took 1.050 seconds,   23.807 MB/s
AES-128-GCM-enc     25 MB took 1.096 seconds,   22.803 MB/s
AES-128-GCM-dec     25 MB took 1.073 seconds,   23.299 MB/s
AES-192-GCM-enc     25 MB took 1.189 seconds,   21.027 MB/s
AES-192-GCM-dec     25 MB took 1.191 seconds,   20.987 MB/s
AES-256-GCM-enc     20 MB took 1.042 seconds,   19.196 MB/s
AES-256-GCM-dec     20 MB took 1.043 seconds,   19.175 MB/s
GMAC Table 4-bit    67 MB took 1.004 seconds,   66.732 MB/s
RABBIT              90 MB took 1.011 seconds,   88.986 MB/s
3DES                10 MB took 1.119 seconds,    8.933 MB/s
MD5                300 MB took 1.015 seconds,  295.566 MB/s
SHA                125 MB took 1.012 seconds,  123.550 MB/s
SHA-256             35 MB took 1.165 seconds,   30.034 MB/s
HMAC-MD5           300 MB took 1.010 seconds,  296.987 MB/s
HMAC-SHA           125 MB took 1.006 seconds,  124.214 MB/s
HMAC-SHA256         35 MB took 1.151 seconds,   30.421 MB/s
PBKDF2               4 KB took 1.003 seconds,    3.709 KB/s
RSA     2048 public       1400 ops took 1.042 sec, avg 0.744 ms, 1343.494 ops/sec
RSA     2048 private       100 ops took 3.763 sec, avg 37.630 ms, 26.575 ops/sec
DH      2048 key gen        64 ops took 1.014 sec, avg 15.843 ms, 63.121 ops/sec
DH      2048 agree         100 ops took 1.593 sec, avg 15.928 ms, 62.781 ops/sec
ECC   [      SECP256R1]   256 key gen      1358 ops took 1.001 sec, avg 0.737 ms, 1357.126 ops/sec
ECDHE [      SECP256R1]   256 agree         900 ops took 1.011 sec, avg 1.124 ms, 890.062 ops/sec
ECDSA [      SECP256R1]   256 sign         1200 ops took 1.014 sec, avg 0.845 ms, 1182.963 ops/sec
ECDSA [      SECP256R1]   256 verify        900 ops took 1.073 sec, avg 1.192 ms, 838.866 ops/sec
Benchmark complete
[SGXSan] ALWAYS: Enter enc_wolfSSL_Cleanup
[SGXSan] ALWAYS: Enter enc_wolfSSL_write
[SGXSan] ALWAYS: Enter enc_wolfSSL_CTX_set_cipher_list
[SGXSan] ALWAYS: Enter enc_wolfSSL_CTX_new
[SGXSan] ALWAYS: Enter enc_wolfSSL_read
[SGXSan] ALWAYS: Enter enc_wolfSSL_free
[SGXSan] ALWAYS: Enter enc_wolfTLSv1_2_client_method
[SGXSan] ALWAYS: Enter enc_wolfSSL_connect
[SGXSan] ALWAYS: Enter enc_wolfSSL_Init
[SGXSan] ALWAYS: Enter enc_wolfSSL_set_fd
#4	pulse  cov: 6295 ft: 6295 corp: 1/361Kb exec/s: 0 rss: 63Mb
[SGXSan] ALWAYS: Enter enc_wolfTLSv1_2_server_method
[SGXSan] ALWAYS: Enter enc_wolfSSL_Debugging_ON
[SGXSan] ALWAYS: Enter enc_wolfSSL_CTX_use_PrivateKey_buffer
[SGXSan] ALWAYS: Enter enc_wolfSSL_new
[SGXSan] ALWAYS: Enter enc_wolfSSL_CTX_free
[SGXSan] ALWAYS: Enter enc_wolfSSL_get_error
[SGXSan] ALWAYS: Enter enc_wolfSSL_Debugging_OFF
[SGXSan] ALWAYS: Enter enc_wolfSSL_CTX_load_verify_buffer
[SGXSan] ALWAYS: Enter enc_wolfSSL_CTX_use_certificate_chain_buffer_format
[SGXSan] ALWAYS: Enter enc_wolfSSL_CTX_use_certificate_buffer
[SGXSan] ALWAYS: Enter wc_test
------------------------------------------------------------------------------
 wolfSSL version 5.1.0
------------------------------------------------------------------------------
error    test passed!
MEMORY   test passed!
base64   test passed!
asn      test passed!
RANDOM   test passed!
MD5      test passed!
MD4      test passed!
SHA      test passed!
SHA-256  test passed!
Hash     test passed!
HMAC-MD5 test passed!
HMAC-SHA test passed!
HMAC-SHA256 test passed!
GMAC     test passed!
HC-128   test passed!
Rabbit   test passed!
DES      test passed!
DES3     test passed!
AES      test passed!
AES192   test passed!
AES256   test passed!
AES-GCM  test passed!
RSA      test passed!
DH       test passed!
DSA      test passed!
PWDBASED test passed!
ECC      test passed!
ECC buffer test passed!
logging  test passed!
mutex    test passed!
memcb    test failed!
 error = -13803
[SGXSan] ALWAYS: Enter wc_benchmark_test
------------------------------------------------------------------------------
 wolfSSL version 5.1.0
------------------------------------------------------------------------------
wolfCrypt Benchmark (block bytes 1048576, min 1.0 sec each)
RNG                 15 MB took 1.167 seconds,   12.855 MB/s
AES-128-CBC-enc     35 MB took 1.087 seconds,   32.194 MB/s
AES-128-CBC-dec     35 MB took 1.161 seconds,   30.142 MB/s
AES-192-CBC-enc     30 MB took 1.074 seconds,   27.930 MB/s
AES-192-CBC-dec     30 MB took 1.160 seconds,   25.869 MB/s
AES-256-CBC-enc     30 MB took 1.198 seconds,   25.039 MB/s
AES-256-CBC-dec     25 MB took 1.049 seconds,   23.824 MB/s
AES-128-GCM-enc     15 MB took 1.084 seconds,   13.833 MB/s
AES-128-GCM-dec     15 MB took 1.122 seconds,   13.371 MB/s
AES-192-GCM-enc     15 MB took 1.256 seconds,   11.942 MB/s
AES-192-GCM-dec     15 MB took 1.259 seconds,   11.919 MB/s
AES-256-GCM-enc     15 MB took 1.128 seconds,   13.293 MB/s
AES-256-GCM-dec     20 MB took 1.018 seconds,   19.649 MB/s
GMAC Table 4-bit    69 MB took 1.012 seconds,   68.204 MB/s
RABBIT              90 MB took 1.029 seconds,   87.439 MB/s
3DES                10 MB took 1.110 seconds,    9.005 MB/s
MD5                280 MB took 1.013 seconds,  276.510 MB/s
SHA                125 MB took 1.004 seconds,  124.538 MB/s
SHA-256             35 MB took 1.158 seconds,   30.227 MB/s
HMAC-MD5           290 MB took 1.013 seconds,  286.384 MB/s
HMAC-SHA           130 MB took 1.034 seconds,  125.678 MB/s
HMAC-SHA256         35 MB took 1.163 seconds,   30.087 MB/s
PBKDF2               4 KB took 1.008 seconds,    3.719 KB/s
RSA     2048 public       1400 ops took 1.023 sec, avg 0.731 ms, 1368.563 ops/sec
RSA     2048 private       100 ops took 3.758 sec, avg 37.582 ms, 26.608 ops/sec
DH      2048 key gen        63 ops took 1.007 sec, avg 15.989 ms, 62.543 ops/sec
DH      2048 agree         100 ops took 1.650 sec, avg 16.505 ms, 60.588 ops/sec
ECC   [      SECP256R1]   256 key gen      1341 ops took 1.000 sec, avg 0.746 ms, 1340.607 ops/sec
ECDHE [      SECP256R1]   256 agree         900 ops took 1.044 sec, avg 1.160 ms, 862.283 ops/sec
ECDSA [      SECP256R1]   256 sign         1200 ops took 1.029 sec, avg 0.858 ms, 1166.141 ops/sec
ECDSA [      SECP256R1]   256 verify        900 ops took 1.056 sec, avg 1.173 ms, 852.468 ops/sec
Benchmark complete
[SGXSan] ALWAYS: Enter enc_wolfSSL_Cleanup
[SGXSan] ALWAYS: Enter enc_wolfSSL_write
[SGXSan] ALWAYS: Enter enc_wolfSSL_CTX_set_cipher_list
[SGXSan] ALWAYS: Enter enc_wolfSSL_CTX_new
[SGXSan] ALWAYS: Enter enc_wolfSSL_read
[SGXSan] ALWAYS: Enter enc_wolfSSL_free
[SGXSan] ALWAYS: Enter enc_wolfTLSv1_2_client_method
[SGXSan] ALWAYS: Enter enc_wolfSSL_connect
[SGXSan] ALWAYS: Enter enc_wolfSSL_Init
[SGXSan] ALWAYS: Enter enc_wolfSSL_set_fd
#5	INITED cov: 6295 ft: 6295 corp: 1/361Kb exec/s: 0 rss: 68Mb
#5	DONE   cov: 6295 ft: 6295 corp: 1/361Kb lim: 370191 exec/s: 0 rss: 68Mb
Done 5 runs in 212 second(s)
stat::number_of_executed_units: 5
stat::average_exec_per_sec:     0
stat::new_units_added:          0
stat::slowest_unit_time_sec:    42
stat::peak_rss_mb:              68
