WARNING: Failed to find function "__sanitizer_acquire_crash_state".
WARNING: Failed to find function "__sanitizer_print_stack_trace".
WARNING: Failed to find function "__sanitizer_set_death_callback".
[2023-01-15 16:47:41.199] [Init] Num of ECall: 22
[2023-01-15 16:47:41.199] ECalls:
  0 - fuzz_enc_wolfSSL_CTX_free
  1 - fuzz_enc_wolfSSL_CTX_load_verify_buffer
  2 - fuzz_enc_wolfSSL_CTX_new
  3 - fuzz_enc_wolfSSL_CTX_set_cipher_list
  4 - fuzz_enc_wolfSSL_CTX_use_PrivateKey_buffer
  5 - fuzz_enc_wolfSSL_CTX_use_certificate_buffer
  6 - fuzz_enc_wolfSSL_CTX_use_certificate_chain_buffer_format
  7 - fuzz_enc_wolfSSL_Cleanup
  8 - fuzz_enc_wolfSSL_Debugging_OFF
  9 - fuzz_enc_wolfSSL_Debugging_ON
  10 - fuzz_enc_wolfSSL_Init
  11 - fuzz_enc_wolfSSL_connect
  12 - fuzz_enc_wolfSSL_free
  13 - fuzz_enc_wolfSSL_get_error
  14 - fuzz_enc_wolfSSL_new
  15 - fuzz_enc_wolfSSL_read
  16 - fuzz_enc_wolfSSL_set_fd
  17 - fuzz_enc_wolfSSL_write
  18 - fuzz_enc_wolfTLSv1_2_client_method
  19 - fuzz_enc_wolfTLSv1_2_server_method
  20 - fuzz_wc_benchmark_test
  21 - fuzz_wc_test

INFO: found LLVMFuzzerCustomMutator (0x44ac30). Disabling -len_control by default.
INFO: libFuzzer ignores flags that start with '--'
INFO: Running with entropic power schedule (0xFF, 100).
INFO: Seed: 2024544569
INFO: Loaded 1 modules   (291 inline 8-bit counters): 291 [0x4cb7e8, 0x4cb90b), 
INFO: Loaded 1 PC tables (291 PCs): 291 [0x4cb910,0x4ccb40), 
INFO:        0 files found in /tmp/libFuzzerTemp.FuzzWithFork422940.dir/C19
[SGXSan] ALWAYS: Hook __sanitizer_cov_8bit_counters_init of Enclave, 21636 inline 8-bit counts [0x7fcba4d449c0, 0x7fcba4d49e44) (First time)
[SGXSan] ALWAYS: Hook __sanitizer_cov_pcs_init of Enclave, 21636 PCs [0x7fcba4d49e48, 0x7fcba4d9e688) (First time)
[SGXSan] ALWAYS: Enter enc_wolfSSL_CTX_free
[SGXSan] ALWAYS: Enter enc_wolfSSL_CTX_load_verify_buffer
[SGXSan] ALWAYS: Enter enc_wolfSSL_CTX_new
[SGXSan] ALWAYS: Enter enc_wolfSSL_CTX_set_cipher_list
[SGXSan] ALWAYS: Enter enc_wolfSSL_CTX_use_PrivateKey_buffer
[SGXSan] ALWAYS: Enter enc_wolfSSL_CTX_use_certificate_buffer
[SGXSan] ALWAYS: Enter enc_wolfSSL_CTX_use_certificate_chain_buffer_format
[SGXSan] ALWAYS: Enter enc_wolfSSL_Cleanup
[SGXSan] ALWAYS: Enter enc_wolfSSL_Debugging_OFF
[SGXSan] ALWAYS: Enter enc_wolfSSL_Debugging_ON
[SGXSan] ALWAYS: Enter enc_wolfSSL_Init
[SGXSan] ALWAYS: Enter enc_wolfSSL_connect
[SGXSan] ALWAYS: Enter enc_wolfSSL_free
[SGXSan] ALWAYS: Enter enc_wolfSSL_get_error
[SGXSan] ALWAYS: Enter enc_wolfSSL_new
[SGXSan] ALWAYS: Enter enc_wolfSSL_read
[SGXSan] ALWAYS: Enter enc_wolfSSL_set_fd
[SGXSan] ALWAYS: Enter enc_wolfSSL_write
[SGXSan] ALWAYS: Enter enc_wolfTLSv1_2_client_method
[SGXSan] ALWAYS: Enter enc_wolfTLSv1_2_server_method
[SGXSan] ALWAYS: Enter wc_benchmark_test
------------------------------------------------------------------------------
 wolfSSL version 5.1.0
------------------------------------------------------------------------------
wolfCrypt Benchmark (block bytes 1048576, min 1.0 sec each)
RNG                 15 MB took 1.137 seconds,   13.189 MB/s
AES-128-CBC-enc     35 MB took 1.067 seconds,   32.795 MB/s
AES-128-CBC-dec     35 MB took 1.161 seconds,   30.133 MB/s
AES-192-CBC-enc     30 MB took 1.056 seconds,   28.407 MB/s
AES-192-CBC-dec     30 MB took 1.149 seconds,   26.121 MB/s
AES-256-CBC-enc     30 MB took 1.171 seconds,   25.630 MB/s
AES-256-CBC-dec     25 MB took 1.054 seconds,   23.716 MB/s
AES-128-GCM-enc     25 MB took 1.045 seconds,   23.923 MB/s
AES-128-GCM-dec     25 MB took 1.048 seconds,   23.865 MB/s
AES-192-GCM-enc     25 MB took 1.165 seconds,   21.456 MB/s
AES-192-GCM-dec     25 MB took 1.158 seconds,   21.586 MB/s
AES-256-GCM-enc     20 MB took 1.023 seconds,   19.543 MB/s
AES-256-GCM-dec     20 MB took 1.024 seconds,   19.523 MB/s
GMAC Table 4-bit    68 MB took 1.014 seconds,   67.085 MB/s
RABBIT              95 MB took 1.054 seconds,   90.155 MB/s
3DES                10 MB took 1.101 seconds,    9.080 MB/s
MD5                295 MB took 1.009 seconds,  292.443 MB/s
SHA                130 MB took 1.028 seconds,  126.450 MB/s
SHA-256             30 MB took 1.008 seconds,   29.767 MB/s
HMAC-MD5           300 MB took 1.015 seconds,  295.693 MB/s
HMAC-SHA           125 MB took 1.015 seconds,  123.154 MB/s
HMAC-SHA256         35 MB took 1.165 seconds,   30.052 MB/s
PBKDF2               4 KB took 1.006 seconds,    3.695 KB/s
RSA     2048 public       1400 ops took 1.001 sec, avg 0.715 ms, 1398.167 ops/sec
RSA     2048 private       100 ops took 3.709 sec, avg 37.085 ms, 26.965 ops/sec
DH      2048 key gen        64 ops took 1.007 sec, avg 15.734 ms, 63.556 ops/sec
DH      2048 agree         100 ops took 1.571 sec, avg 15.708 ms, 63.661 ops/sec
ECC   [      SECP256R1]   256 key gen      1407 ops took 1.000 sec, avg 0.711 ms, 1406.300 ops/sec
ECDHE [      SECP256R1]   256 agree        1000 ops took 1.098 sec, avg 1.098 ms, 910.392 ops/sec
ECDSA [      SECP256R1]   256 sign         1200 ops took 1.028 sec, avg 0.857 ms, 1167.521 ops/sec
ECDSA [      SECP256R1]   256 verify        900 ops took 1.050 sec, avg 1.167 ms, 856.855 ops/sec
Benchmark complete
[SGXSan] ALWAYS: Enter wc_test
INFO: A corpus is not provided, starting from an empty corpus
------------------------------------------------------------------------------
 wolfSSL version 5.1.0
------------------------------------------------------------------------------
error    test passed!
MEMORY   test passed!
base64   test passed!
asn      test passed!
RANDOM   test passed!
MD5      test passed!
MD4      test passed!
SHA      test passed!
SHA-256  test passed!
Hash     test passed!
HMAC-MD5 test passed!
HMAC-SHA test passed!
HMAC-SHA256 test passed!
GMAC     test passed!
HC-128   test passed!
Rabbit   test passed!
DES      test passed!
DES3     test passed!
AES      test passed!
AES192   test passed!
AES256   test passed!
AES-GCM  test passed!
RSA      test passed!
DH       test passed!
DSA      test passed!
PWDBASED test passed!
ECC      test passed!
ECC buffer test passed!
logging  test passed!
mutex    test passed!
memcb    test passed!
Test complete
[SGXSan] ALWAYS: Enter enc_wolfSSL_Init
[SGXSan] ALWAYS: Enter enc_wolfSSL_CTX_free
[SGXSan] ALWAYS: Enter enc_wolfSSL_CTX_load_verify_buffer
[SGXSan] ALWAYS: Enter enc_wolfSSL_CTX_new
[SGXSan] ALWAYS: Enter enc_wolfSSL_CTX_set_cipher_list
[SGXSan] ALWAYS: Enter enc_wolfSSL_CTX_use_PrivateKey_buffer
[SGXSan] ALWAYS: Enter enc_wolfSSL_CTX_use_certificate_buffer
[SGXSan] ALWAYS: Enter enc_wolfSSL_CTX_use_certificate_chain_buffer_format
[SGXSan] ALWAYS: Enter enc_wolfSSL_Cleanup
[SGXSan] ALWAYS: Enter enc_wolfSSL_Debugging_OFF
[SGXSan] ALWAYS: Enter enc_wolfSSL_Debugging_ON
[SGXSan] ALWAYS: Enter enc_wolfSSL_connect
[SGXSan] ALWAYS: Enter enc_wolfSSL_free
[SGXSan] ALWAYS: Enter enc_wolfSSL_get_error
[SGXSan] ALWAYS: Enter enc_wolfSSL_new
[SGXSan] ALWAYS: Enter enc_wolfSSL_read
[SGXSan] ALWAYS: Enter enc_wolfSSL_set_fd
[SGXSan] ALWAYS: Enter enc_wolfSSL_write
[SGXSan] ALWAYS: Enter enc_wolfTLSv1_2_client_method
[SGXSan] ALWAYS: Enter enc_wolfTLSv1_2_server_method
[SGXSan] ALWAYS: Enter wc_benchmark_test
------------------------------------------------------------------------------
 wolfSSL version 5.1.0
------------------------------------------------------------------------------
wolfCrypt Benchmark (block bytes 1048576, min 1.0 sec each)
RNG                 15 MB took 1.199 seconds,   12.514 MB/s
AES-128-CBC-enc     35 MB took 1.073 seconds,   32.610 MB/s
AES-128-CBC-dec     35 MB took 1.160 seconds,   30.162 MB/s
AES-192-CBC-enc     30 MB took 1.067 seconds,   28.106 MB/s
AES-192-CBC-dec     30 MB took 1.151 seconds,   26.059 MB/s
AES-256-CBC-enc     25 MB took 1.007 seconds,   24.820 MB/s
AES-256-CBC-dec     25 MB took 1.078 seconds,   23.188 MB/s
AES-128-GCM-enc     25 MB took 1.063 seconds,   23.522 MB/s
AES-128-GCM-dec     25 MB took 1.077 seconds,   23.209 MB/s
AES-192-GCM-enc     25 MB took 1.194 seconds,   20.945 MB/s
AES-192-GCM-dec     25 MB took 1.190 seconds,   21.016 MB/s
AES-256-GCM-enc     20 MB took 1.055 seconds,   18.956 MB/s
AES-256-GCM-dec     20 MB took 1.056 seconds,   18.942 MB/s
GMAC Table 4-bit    66 MB took 1.014 seconds,   65.077 MB/s
RABBIT              90 MB took 1.014 seconds,   88.773 MB/s
3DES                10 MB took 1.107 seconds,    9.030 MB/s
MD5                305 MB took 1.014 seconds,  300.806 MB/s
SHA                130 MB took 1.007 seconds,  129.044 MB/s
SHA-256             35 MB took 1.137 seconds,   30.793 MB/s
HMAC-MD5           305 MB took 1.008 seconds,  302.539 MB/s
HMAC-SHA           130 MB took 1.014 seconds,  128.213 MB/s
HMAC-SHA256         35 MB took 1.129 seconds,   30.996 MB/s
PBKDF2               4 KB took 1.003 seconds,    3.737 KB/s
RSA     2048 public       1400 ops took 1.009 sec, avg 0.720 ms, 1388.063 ops/sec
RSA     2048 private       100 ops took 3.743 sec, avg 37.429 ms, 26.717 ops/sec
DH      2048 key gen        63 ops took 1.010 sec, avg 16.026 ms, 62.400 ops/sec
DH      2048 agree         100 ops took 1.644 sec, avg 16.444 ms, 60.813 ops/sec
ECC   [      SECP256R1]   256 key gen      1357 ops took 1.000 sec, avg 0.737 ms, 1356.535 ops/sec
ECDHE [      SECP256R1]   256 agree         900 ops took 1.042 sec, avg 1.158 ms, 863.893 ops/sec
ECDSA [      SECP256R1]   256 sign         1200 ops took 1.050 sec, avg 0.875 ms, 1142.855 ops/sec
ECDSA [      SECP256R1]   256 verify        900 ops took 1.119 sec, avg 1.244 ms, 804.111 ops/sec
Benchmark complete
[SGXSan] ALWAYS: Enter wc_test
#2	pulse  ft: 6290 exec/s: 0 rss: 48Mb
Slowest unit: 42 s:
artifact_prefix='./crashes/'; Test unit written to ./crashes/slow-unit-adc83b19e793491b1c6ea0fd8b46cd9f32e592fc
Base64: Cg==
#2	INITED cov: 6290 ft: 6290 corp: 1/1b exec/s: 0 rss: 49Mb
#2	DONE   cov: 6290 ft: 6290 corp: 1/1b lim: 4 exec/s: 0 rss: 49Mb
Done 2 runs in 84 second(s)
stat::number_of_executed_units: 2
stat::average_exec_per_sec:     0
stat::new_units_added:          0
stat::slowest_unit_time_sec:    42
stat::peak_rss_mb:              49
------------------------------------------------------------------------------
 wolfSSL version 5.1.0
------------------------------------------------------------------------------
error    test passed!
MEMORY   test passed!
base64   test passed!
asn      test passed!
RANDOM   test passed!
MD5      test passed!
MD4      test passed!
SHA      test passed!
SHA-256  test passed!
Hash     test passed!
HMAC-MD5 test passed!
HMAC-SHA test passed!
HMAC-SHA256 test passed!
GMAC     test passed!
HC-128   test passed!
Rabbit   test passed!
DES      test passed!
DES3     test passed!
AES      test passed!
AES192   test passed!
AES256   test passed!
AES-GCM  test passed!
RSA      test passed!
DH       test passed!
DSA      test passed!
PWDBASED test passed!
ECC      test passed!
ECC buffer test passed!
logging  test passed!
mutex    test passed!
memcb    test failed!
 error = -13803
