WARNING: Failed to find function "__sanitizer_acquire_crash_state".
WARNING: Failed to find function "__sanitizer_print_stack_trace".
WARNING: Failed to find function "__sanitizer_set_death_callback".
[2023-01-15 19:21:04.457] [Init] Num of ECall: 22
[2023-01-15 19:21:04.457] ECalls:
  0 - fuzz_enc_wolfSSL_CTX_free
  1 - fuzz_enc_wolfSSL_CTX_load_verify_buffer
  2 - fuzz_enc_wolfSSL_CTX_new
  3 - fuzz_enc_wolfSSL_CTX_set_cipher_list
  4 - fuzz_enc_wolfSSL_CTX_use_PrivateKey_buffer
  5 - fuzz_enc_wolfSSL_CTX_use_certificate_buffer
  6 - fuzz_enc_wolfSSL_CTX_use_certificate_chain_buffer_format
  7 - fuzz_enc_wolfSSL_Cleanup
  8 - fuzz_enc_wolfSSL_Debugging_OFF
  9 - fuzz_enc_wolfSSL_Debugging_ON
  10 - fuzz_enc_wolfSSL_Init
  11 - fuzz_enc_wolfSSL_connect
  12 - fuzz_enc_wolfSSL_free
  13 - fuzz_enc_wolfSSL_get_error
  14 - fuzz_enc_wolfSSL_new
  15 - fuzz_enc_wolfSSL_read
  16 - fuzz_enc_wolfSSL_set_fd
  17 - fuzz_enc_wolfSSL_write
  18 - fuzz_enc_wolfTLSv1_2_client_method
  19 - fuzz_enc_wolfTLSv1_2_server_method
  20 - fuzz_wc_benchmark_test
  21 - fuzz_wc_test

INFO: found LLVMFuzzerCustomMutator (0x44ac30). Disabling -len_control by default.
INFO: libFuzzer ignores flags that start with '--'
INFO: Running with entropic power schedule (0xFF, 100).
INFO: Seed: 1167836343
INFO: Loaded 1 modules   (291 inline 8-bit counters): 291 [0x4cb7e8, 0x4cb90b), 
INFO: Loaded 1 PC tables (291 PCs): 291 [0x4cb910,0x4ccb40), 
INFO:        0 files found in /tmp/libFuzzerTemp.FuzzWithFork422940.dir/C191
[SGXSan] ALWAYS: Hook __sanitizer_cov_8bit_counters_init of Enclave, 21636 inline 8-bit counts [0x7fe1c4d579c0, 0x7fe1c4d5ce44) (First time)
[SGXSan] ALWAYS: Hook __sanitizer_cov_pcs_init of Enclave, 21636 PCs [0x7fe1c4d5ce48, 0x7fe1c4db1688) (First time)
[SGXSan] ALWAYS: Enter enc_wolfSSL_CTX_free
[SGXSan] ALWAYS: Enter enc_wolfSSL_CTX_load_verify_buffer
[SGXSan] ALWAYS: Enter enc_wolfSSL_CTX_new
[SGXSan] ALWAYS: Enter enc_wolfSSL_CTX_set_cipher_list
[SGXSan] ALWAYS: Enter enc_wolfSSL_CTX_use_PrivateKey_buffer
[SGXSan] ALWAYS: Enter enc_wolfSSL_CTX_use_certificate_buffer
[SGXSan] ALWAYS: Enter enc_wolfSSL_CTX_use_certificate_chain_buffer_format
[SGXSan] ALWAYS: Enter enc_wolfSSL_Cleanup
[SGXSan] ALWAYS: Enter enc_wolfSSL_Debugging_OFF
[SGXSan] ALWAYS: Enter enc_wolfSSL_Debugging_ON
[SGXSan] ALWAYS: Enter enc_wolfSSL_Init
[SGXSan] ALWAYS: Enter enc_wolfSSL_connect
[SGXSan] ALWAYS: Enter enc_wolfSSL_free
[SGXSan] ALWAYS: Enter enc_wolfSSL_get_error
[SGXSan] ALWAYS: Enter enc_wolfSSL_new
[SGXSan] ALWAYS: Enter enc_wolfSSL_read
[SGXSan] ALWAYS: Enter enc_wolfSSL_set_fd
[SGXSan] ALWAYS: Enter enc_wolfSSL_write
[SGXSan] ALWAYS: Enter enc_wolfTLSv1_2_client_method
[SGXSan] ALWAYS: Enter enc_wolfTLSv1_2_server_method
[SGXSan] ALWAYS: Enter wc_benchmark_test
------------------------------------------------------------------------------
 wolfSSL version 5.1.0
------------------------------------------------------------------------------
wolfCrypt Benchmark (block bytes 1048576, min 1.0 sec each)
RNG                 10 MB took 1.290 seconds,    7.750 MB/s
AES-128-CBC-enc     20 MB took 1.110 seconds,   18.016 MB/s
AES-128-CBC-dec     20 MB took 1.203 seconds,   16.621 MB/s
AES-192-CBC-enc     20 MB took 1.274 seconds,   15.703 MB/s
AES-192-CBC-dec     15 MB took 1.038 seconds,   14.449 MB/s
AES-256-CBC-enc     15 MB took 1.074 seconds,   13.968 MB/s
AES-256-CBC-dec     15 MB took 1.139 seconds,   13.165 MB/s
AES-128-GCM-enc     15 MB took 1.114 seconds,   13.470 MB/s
AES-128-GCM-dec     15 MB took 1.097 seconds,   13.668 MB/s
AES-192-GCM-enc     15 MB took 1.257 seconds,   11.935 MB/s
AES-192-GCM-dec     15 MB took 1.253 seconds,   11.975 MB/s
AES-256-GCM-enc     20 MB took 1.231 seconds,   16.252 MB/s
AES-256-GCM-dec     20 MB took 1.050 seconds,   19.046 MB/s
GMAC Table 4-bit    68 MB took 1.010 seconds,   67.339 MB/s
RABBIT              90 MB took 1.017 seconds,   88.477 MB/s
3DES                10 MB took 1.106 seconds,    9.042 MB/s
MD5                300 MB took 1.005 seconds,  298.488 MB/s
SHA                125 MB took 1.007 seconds,  124.087 MB/s
SHA-256             35 MB took 1.157 seconds,   30.243 MB/s
HMAC-MD5           300 MB took 1.016 seconds,  295.399 MB/s
HMAC-SHA           130 MB took 1.031 seconds,  126.099 MB/s
HMAC-SHA256         35 MB took 1.151 seconds,   30.397 MB/s
PBKDF2               4 KB took 1.002 seconds,    3.679 KB/s
RSA     2048 public       1400 ops took 1.037 sec, avg 0.741 ms, 1349.758 ops/sec
RSA     2048 private       100 ops took 3.781 sec, avg 37.814 ms, 26.445 ops/sec
DH      2048 key gen        64 ops took 1.011 sec, avg 15.795 ms, 63.312 ops/sec
DH      2048 agree         100 ops took 1.581 sec, avg 15.811 ms, 63.246 ops/sec
ECC   [      SECP256R1]   256 key gen      1375 ops took 1.001 sec, avg 0.728 ms, 1374.277 ops/sec
ECDHE [      SECP256R1]   256 agree         900 ops took 1.009 sec, avg 1.121 ms, 892.035 ops/sec
ECDSA [      SECP256R1]   256 sign         1200 ops took 1.031 sec, avg 0.859 ms, 1163.973 ops/sec
ECDSA [      SECP256R1]   256 verify        900 ops took 1.075 sec, avg 1.195 ms, 836.865 ops/sec
Benchmark complete
[SGXSan] ALWAYS: Enter wc_test
INFO: seed corpus: files: 4 min: 370191b max: 370191b total: 1480764b rss: 43Mb
------------------------------------------------------------------------------
 wolfSSL version 5.1.0
------------------------------------------------------------------------------
error    test passed!
MEMORY   test passed!
base64   test passed!
asn      test passed!
RANDOM   test passed!
MD5      test passed!
MD4      test passed!
SHA      test passed!
SHA-256  test passed!
Hash     test passed!
HMAC-MD5 test passed!
HMAC-SHA test passed!
HMAC-SHA256 test passed!
GMAC     test passed!
HC-128   test passed!
Rabbit   test passed!
DES      test passed!
DES3     test passed!
AES      test passed!
AES192   test passed!
AES256   test passed!
AES-GCM  test passed!
RSA      test passed!
DH       test passed!
DSA      test passed!
PWDBASED test passed!
ECC      test passed!
ECC buffer test passed!
logging  test passed!
mutex    test passed!
memcb    test passed!
Test complete
[SGXSan] ALWAYS: Enter enc_wolfSSL_new
[SGXSan] ALWAYS: Enter wc_test
------------------------------------------------------------------------------
 wolfSSL version 5.1.0
------------------------------------------------------------------------------
error    test passed!
MEMORY   test passed!
base64   test passed!
asn      test passed!
RANDOM   test passed!
MD5      test passed!
MD4      test passed!
SHA      test passed!
SHA-256  test passed!
Hash     test passed!
HMAC-MD5 test passed!
HMAC-SHA test passed!
HMAC-SHA256 test passed!
GMAC     test passed!
HC-128   test passed!
Rabbit   test passed!
DES      test passed!
DES3     test passed!
AES      test passed!
AES192   test passed!
AES256   test passed!
AES-GCM  test passed!
RSA      test passed!
DH       test passed!
DSA      test passed!
PWDBASED test passed!
ECC      test passed!
ECC buffer test passed!
logging  test passed!
mutex    test passed!
memcb    test failed!
 error = -13803
[SGXSan] ALWAYS: Enter enc_wolfSSL_CTX_use_certificate_chain_buffer_format
[SGXSan] ALWAYS: Enter enc_wolfSSL_write
[SGXSan] ALWAYS: Enter enc_wolfSSL_get_error
[SGXSan] ALWAYS: Enter enc_wolfSSL_CTX_load_verify_buffer
[SGXSan] ALWAYS: Enter enc_wolfSSL_CTX_use_PrivateKey_buffer
[SGXSan] ALWAYS: Enter enc_wolfSSL_CTX_use_certificate_buffer
[SGXSan] ALWAYS: Enter enc_wolfTLSv1_2_server_method
[SGXSan] ALWAYS: Enter enc_wolfSSL_Debugging_ON
[SGXSan] ALWAYS: Enter enc_wolfSSL_CTX_new
[SGXSan] ALWAYS: Enter enc_wolfSSL_Cleanup
[SGXSan] ALWAYS: Enter enc_wolfSSL_connect
[SGXSan] ALWAYS: Enter wc_benchmark_test
------------------------------------------------------------------------------
 wolfSSL version 5.1.0
------------------------------------------------------------------------------
wolfCrypt Benchmark (block bytes 1048576, min 1.0 sec each)
RNG                 15 MB took 1.156 seconds,   12.973 MB/s
AES-128-CBC-enc     35 MB took 1.087 seconds,   32.206 MB/s
AES-128-CBC-dec     30 MB took 1.001 seconds,   29.961 MB/s
AES-192-CBC-enc     30 MB took 1.092 seconds,   27.470 MB/s
AES-192-CBC-dec     30 MB took 1.154 seconds,   25.992 MB/s
AES-256-CBC-enc     25 MB took 1.016 seconds,   24.609 MB/s
AES-256-CBC-dec     25 MB took 1.064 seconds,   23.503 MB/s
AES-128-GCM-enc     25 MB took 1.061 seconds,   23.560 MB/s
AES-128-GCM-dec     25 MB took 1.073 seconds,   23.306 MB/s
AES-192-GCM-enc     25 MB took 1.204 seconds,   20.769 MB/s
AES-192-GCM-dec     25 MB took 1.196 seconds,   20.899 MB/s
AES-256-GCM-enc     20 MB took 1.032 seconds,   19.389 MB/s
AES-256-GCM-dec     20 MB took 1.025 seconds,   19.510 MB/s
GMAC Table 4-bit    68 MB took 1.011 seconds,   67.279 MB/s
RABBIT              90 MB took 1.027 seconds,   87.623 MB/s
3DES                10 MB took 1.109 seconds,    9.016 MB/s
MD5                300 MB took 1.008 seconds,  297.508 MB/s
SHA                130 MB took 1.025 seconds,  126.841 MB/s
SHA-256             35 MB took 1.150 seconds,   30.438 MB/s
HMAC-MD5           280 MB took 1.010 seconds,  277.131 MB/s
HMAC-SHA           125 MB took 1.002 seconds,  124.766 MB/s
HMAC-SHA256         30 MB took 1.001 seconds,   29.976 MB/s
PBKDF2               4 KB took 1.002 seconds,    3.710 KB/s
RSA     2048 public       1400 ops took 1.020 sec, avg 0.729 ms, 1372.423 ops/sec
RSA     2048 private       100 ops took 3.778 sec, avg 37.777 ms, 26.471 ops/sec
DH      2048 key gen        64 ops took 1.008 sec, avg 15.755 ms, 63.470 ops/sec
DH      2048 agree         100 ops took 1.596 sec, avg 15.962 ms, 62.647 ops/sec
ECC   [      SECP256R1]   256 key gen      1369 ops took 1.000 sec, avg 0.730 ms, 1368.930 ops/sec
ECDHE [      SECP256R1]   256 agree         900 ops took 1.000 sec, avg 1.111 ms, 899.859 ops/sec
ECDSA [      SECP256R1]   256 sign         1200 ops took 1.014 sec, avg 0.845 ms, 1183.448 ops/sec
ECDSA [      SECP256R1]   256 verify        900 ops took 1.051 sec, avg 1.167 ms, 856.575 ops/sec
Benchmark complete
[SGXSan] ALWAYS: Enter enc_wolfSSL_free
[SGXSan] ALWAYS: Enter enc_wolfSSL_set_fd
[SGXSan] ALWAYS: Enter enc_wolfTLSv1_2_client_method
[SGXSan] ALWAYS: Enter enc_wolfSSL_Init
[SGXSan] ALWAYS: Enter enc_wolfSSL_CTX_set_cipher_list
[SGXSan] ALWAYS: Enter enc_wolfSSL_Debugging_OFF
[SGXSan] ALWAYS: Enter enc_wolfSSL_read
[SGXSan] ALWAYS: Enter enc_wolfSSL_CTX_free
#2	pulse  ft: 6300 exec/s: 0 rss: 49Mb
Slowest unit: 42 s:
artifact_prefix='./crashes/'; Test unit written to ./crashes/slow-unit-ddd80d5e9861e976679df15b45e797151fd301fa
[SGXSan] ALWAYS: Enter enc_wolfSSL_connect
[SGXSan] ALWAYS: Enter enc_wolfSSL_new
[SGXSan] ALWAYS: Enter enc_wolfSSL_CTX_new
[SGXSan] ALWAYS: Enter enc_wolfSSL_CTX_free
[SGXSan] ALWAYS: Enter enc_wolfSSL_write
[SGXSan] ALWAYS: Enter enc_wolfSSL_CTX_load_verify_buffer
[SGXSan] ALWAYS: Enter enc_wolfSSL_CTX_use_PrivateKey_buffer
[SGXSan] ALWAYS: Enter enc_wolfTLSv1_2_client_method
[SGXSan] ALWAYS: Enter wc_benchmark_test
------------------------------------------------------------------------------
 wolfSSL version 5.1.0
------------------------------------------------------------------------------
wolfCrypt Benchmark (block bytes 1048576, min 1.0 sec each)
RNG                 15 MB took 1.181 seconds,   12.702 MB/s
AES-128-CBC-enc     35 MB took 1.077 seconds,   32.484 MB/s
AES-128-CBC-dec     30 MB took 1.003 seconds,   29.902 MB/s
AES-192-CBC-enc     30 MB took 1.103 seconds,   27.192 MB/s
AES-192-CBC-dec     30 MB took 1.155 seconds,   25.977 MB/s
AES-256-CBC-enc     25 MB took 1.008 seconds,   24.792 MB/s
AES-256-CBC-dec     25 MB took 1.062 seconds,   23.540 MB/s
AES-128-GCM-enc     25 MB took 1.069 seconds,   23.381 MB/s
AES-128-GCM-dec     25 MB took 1.072 seconds,   23.310 MB/s
AES-192-GCM-enc     25 MB took 1.199 seconds,   20.847 MB/s
AES-192-GCM-dec     25 MB took 1.203 seconds,   20.786 MB/s
AES-256-GCM-enc     20 MB took 1.041 seconds,   19.205 MB/s
AES-256-GCM-dec     20 MB took 1.033 seconds,   19.360 MB/s
GMAC Table 4-bit    68 MB took 1.011 seconds,   67.291 MB/s
RABBIT              90 MB took 1.022 seconds,   88.046 MB/s
3DES                10 MB took 1.121 seconds,    8.921 MB/s
MD5                300 MB took 1.015 seconds,  295.635 MB/s
SHA                125 MB took 1.002 seconds,  124.784 MB/s
SHA-256             35 MB took 1.153 seconds,   30.367 MB/s
HMAC-MD5           300 MB took 1.004 seconds,  298.684 MB/s
HMAC-SHA           125 MB took 1.020 seconds,  122.600 MB/s
HMAC-SHA256         35 MB took 1.151 seconds,   30.421 MB/s
PBKDF2               3 KB took 1.003 seconds,    3.457 KB/s
RSA     2048 public       1400 ops took 1.049 sec, avg 0.749 ms, 1335.036 ops/sec
RSA     2048 private       100 ops took 3.755 sec, avg 37.551 ms, 26.630 ops/sec
DH      2048 key gen        64 ops took 1.005 sec, avg 15.710 ms, 63.653 ops/sec
DH      2048 agree         100 ops took 1.584 sec, avg 15.845 ms, 63.112 ops/sec
ECC   [      SECP256R1]   256 key gen      1335 ops took 1.001 sec, avg 0.750 ms, 1334.025 ops/sec
ECDHE [      SECP256R1]   256 agree         900 ops took 1.016 sec, avg 1.129 ms, 886.122 ops/sec
ECDSA [      SECP256R1]   256 sign         1200 ops took 1.059 sec, avg 0.883 ms, 1133.025 ops/sec
ECDSA [      SECP256R1]   256 verify        900 ops took 1.061 sec, avg 1.178 ms, 848.564 ops/sec
Benchmark complete
[SGXSan] ALWAYS: Enter enc_wolfSSL_CTX_set_cipher_list
[SGXSan] ALWAYS: Enter enc_wolfSSL_get_error
[SGXSan] ALWAYS: Enter enc_wolfSSL_Init
[SGXSan] ALWAYS: Enter enc_wolfSSL_free
[SGXSan] ALWAYS: Enter wc_test
------------------------------------------------------------------------------
 wolfSSL version 5.1.0
------------------------------------------------------------------------------
error    test passed!
MEMORY   test passed!
base64   test passed!
asn      test passed!
RANDOM   test passed!
MD5      test passed!
MD4      test passed!
SHA      test passed!
SHA-256  test passed!
Hash     test passed!
HMAC-MD5 test passed!
HMAC-SHA test passed!
HMAC-SHA256 test passed!
GMAC     test passed!
HC-128   test passed!
Rabbit   test passed!
DES      test passed!
DES3     test passed!
AES      test passed!
AES192   test passed!
AES256   test passed!
AES-GCM  test passed!
RSA      test passed!
DH       test passed!
DSA      test passed!
PWDBASED test passed!
ECC      test passed!
ECC buffer test passed!
logging  test passed!
mutex    test passed!
memcb    test failed!
 error = -13803
[SGXSan] ALWAYS: Enter enc_wolfSSL_Debugging_ON
[SGXSan] ALWAYS: Enter enc_wolfSSL_read
[SGXSan] ALWAYS: Enter enc_wolfSSL_Debugging_OFF
[SGXSan] ALWAYS: Enter enc_wolfTLSv1_2_server_method
[SGXSan] ALWAYS: Enter enc_wolfSSL_set_fd
[SGXSan] ALWAYS: Enter enc_wolfSSL_CTX_use_certificate_buffer
[SGXSan] ALWAYS: Enter enc_wolfSSL_CTX_use_certificate_chain_buffer_format
[SGXSan] ALWAYS: Enter enc_wolfSSL_Cleanup
[SGXSan] ALWAYS: Enter enc_wolfSSL_connect
[SGXSan] ALWAYS: Enter enc_wolfSSL_new
[SGXSan] ALWAYS: Enter enc_wolfSSL_CTX_new
[SGXSan] ALWAYS: Enter enc_wolfSSL_CTX_free
[SGXSan] ALWAYS: Enter enc_wolfSSL_write
[SGXSan] ALWAYS: Enter enc_wolfSSL_CTX_load_verify_buffer
[SGXSan] ALWAYS: Enter enc_wolfSSL_CTX_use_PrivateKey_buffer
[SGXSan] ALWAYS: Enter enc_wolfTLSv1_2_client_method
[SGXSan] ALWAYS: Enter wc_benchmark_test
------------------------------------------------------------------------------
 wolfSSL version 5.1.0
------------------------------------------------------------------------------
wolfCrypt Benchmark (block bytes 1048576, min 1.0 sec each)
RNG                 15 MB took 1.151 seconds,   13.031 MB/s
AES-128-CBC-enc     35 MB took 1.104 seconds,   31.706 MB/s
AES-128-CBC-dec     30 MB took 1.005 seconds,   29.851 MB/s
AES-192-CBC-enc     30 MB took 1.072 seconds,   27.977 MB/s
AES-192-CBC-dec     30 MB took 1.144 seconds,   26.230 MB/s
AES-256-CBC-enc     30 MB took 1.202 seconds,   24.963 MB/s
AES-256-CBC-dec     25 MB took 1.080 seconds,   23.143 MB/s
AES-128-GCM-enc     25 MB took 1.066 seconds,   23.455 MB/s
AES-128-GCM-dec     25 MB took 1.069 seconds,   23.384 MB/s
AES-192-GCM-enc     25 MB took 1.189 seconds,   21.019 MB/s
AES-192-GCM-dec     25 MB took 1.197 seconds,   20.893 MB/s
AES-256-GCM-enc     20 MB took 1.042 seconds,   19.203 MB/s
AES-256-GCM-dec     20 MB took 1.032 seconds,   19.386 MB/s
GMAC Table 4-bit    68 MB took 1.012 seconds,   67.212 MB/s
RABBIT              90 MB took 1.005 seconds,   89.585 MB/s
3DES                10 MB took 1.111 seconds,    9.003 MB/s
MD5                295 MB took 1.009 seconds,  292.395 MB/s
SHA                125 MB took 1.003 seconds,  124.569 MB/s
SHA-256             35 MB took 1.163 seconds,   30.107 MB/s
HMAC-MD5           300 MB took 1.011 seconds,  296.697 MB/s
HMAC-SHA           130 MB took 1.030 seconds,  126.217 MB/s
HMAC-SHA256         35 MB took 1.154 seconds,   30.340 MB/s
PBKDF2               4 KB took 1.006 seconds,    3.664 KB/s
RSA     2048 public       1400 ops took 1.025 sec, avg 0.732 ms, 1366.451 ops/sec
RSA     2048 private       100 ops took 3.757 sec, avg 37.569 ms, 26.617 ops/sec
DH      2048 key gen        64 ops took 1.005 sec, avg 15.697 ms, 63.708 ops/sec
DH      2048 agree         100 ops took 1.574 sec, avg 15.741 ms, 63.527 ops/sec
ECC   [      SECP256R1]   256 key gen      1082 ops took 1.000 sec, avg 0.924 ms, 1081.932 ops/sec
ECDHE [      SECP256R1]   256 agree         700 ops took 1.042 sec, avg 1.489 ms, 671.621 ops/sec
ECDSA [      SECP256R1]   256 sign         1200 ops took 1.039 sec, avg 0.866 ms, 1154.939 ops/sec
ECDSA [      SECP256R1]   256 verify        900 ops took 1.065 sec, avg 1.183 ms, 845.433 ops/sec
Benchmark complete
[SGXSan] ALWAYS: Enter enc_wolfSSL_CTX_set_cipher_list
[SGXSan] ALWAYS: Enter enc_wolfSSL_get_error
[SGXSan] ALWAYS: Enter enc_wolfSSL_Init
[SGXSan] ALWAYS: Enter enc_wolfSSL_free
[SGXSan] ALWAYS: Enter wc_test
------------------------------------------------------------------------------
 wolfSSL version 5.1.0
------------------------------------------------------------------------------
error    test passed!
MEMORY   test passed!
base64   test passed!
asn      test passed!
RANDOM   test passed!
MD5      test passed!
MD4      test passed!
SHA      test passed!
SHA-256  test passed!
Hash     test passed!
HMAC-MD5 test passed!
HMAC-SHA test passed!
HMAC-SHA256 test passed!
GMAC     test passed!
HC-128   test passed!
Rabbit   test passed!
DES      test passed!
DES3     test passed!
AES      test passed!
AES192   test passed!
AES256   test passed!
AES-GCM  test passed!
RSA      test passed!
DH       test passed!
DSA      test passed!
PWDBASED test passed!
ECC      test passed!
ECC buffer test passed!
logging  test passed!
mutex    test passed!
memcb    test failed!
 error = -13803
[SGXSan] ALWAYS: Enter enc_wolfSSL_Debugging_ON
[SGXSan] ALWAYS: Enter enc_wolfSSL_read
[SGXSan] ALWAYS: Enter enc_wolfSSL_Debugging_OFF
[SGXSan] ALWAYS: Enter enc_wolfTLSv1_2_server_method
[SGXSan] ALWAYS: Enter enc_wolfSSL_set_fd
[SGXSan] ALWAYS: Enter enc_wolfSSL_CTX_use_certificate_buffer
[SGXSan] ALWAYS: Enter enc_wolfSSL_CTX_use_certificate_chain_buffer_format
[SGXSan] ALWAYS: Enter enc_wolfSSL_Cleanup
#4	pulse  cov: 6301 ft: 6301 corp: 2/723Kb exec/s: 0 rss: 64Mb
[SGXSan] ALWAYS: Enter enc_wolfSSL_connect
[SGXSan] ALWAYS: Enter enc_wolfSSL_new
[SGXSan] ALWAYS: Enter enc_wolfSSL_CTX_new
[SGXSan] ALWAYS: Enter enc_wolfSSL_CTX_free
[SGXSan] ALWAYS: Enter enc_wolfSSL_write
[SGXSan] ALWAYS: Enter enc_wolfSSL_CTX_load_verify_buffer
[SGXSan] ALWAYS: Enter enc_wolfSSL_CTX_use_PrivateKey_buffer
[SGXSan] ALWAYS: Enter enc_wolfTLSv1_2_client_method
[SGXSan] ALWAYS: Enter wc_benchmark_test
------------------------------------------------------------------------------
 wolfSSL version 5.1.0
------------------------------------------------------------------------------
wolfCrypt Benchmark (block bytes 1048576, min 1.0 sec each)
RNG                 15 MB took 1.160 seconds,   12.932 MB/s
AES-128-CBC-enc     35 MB took 1.075 seconds,   32.569 MB/s
AES-128-CBC-dec     35 MB took 1.162 seconds,   30.108 MB/s
AES-192-CBC-enc     30 MB took 1.078 seconds,   27.836 MB/s
AES-192-CBC-dec     30 MB took 1.156 seconds,   25.959 MB/s
AES-256-CBC-enc     30 MB took 1.199 seconds,   25.030 MB/s
AES-256-CBC-dec     25 MB took 1.054 seconds,   23.725 MB/s
AES-128-GCM-enc     25 MB took 1.064 seconds,   23.505 MB/s
AES-128-GCM-dec     25 MB took 1.046 seconds,   23.894 MB/s
AES-192-GCM-enc     25 MB took 1.176 seconds,   21.260 MB/s
AES-192-GCM-dec     25 MB took 1.166 seconds,   21.435 MB/s
AES-256-GCM-enc     20 MB took 1.013 seconds,   19.735 MB/s
AES-256-GCM-dec     20 MB took 1.033 seconds,   19.360 MB/s
GMAC Table 4-bit    69 MB took 1.014 seconds,   68.069 MB/s
RABBIT              95 MB took 1.050 seconds,   90.483 MB/s
3DES                10 MB took 1.087 seconds,    9.200 MB/s
MD5                305 MB took 1.007 seconds,  302.964 MB/s
SHA                130 MB took 1.026 seconds,  126.674 MB/s
SHA-256             35 MB took 1.131 seconds,   30.934 MB/s
HMAC-MD5           305 MB took 1.010 seconds,  302.013 MB/s
HMAC-SHA           130 MB took 1.012 seconds,  128.484 MB/s
HMAC-SHA256         35 MB took 1.136 seconds,   30.815 MB/s
PBKDF2               4 KB took 1.004 seconds,    3.737 KB/s
RSA     2048 public       1400 ops took 1.006 sec, avg 0.718 ms, 1391.858 ops/sec
RSA     2048 private       100 ops took 3.687 sec, avg 36.870 ms, 27.122 ops/sec
DH      2048 key gen        65 ops took 1.003 sec, avg 15.431 ms, 64.806 ops/sec
DH      2048 agree         100 ops took 1.544 sec, avg 15.442 ms, 64.759 ops/sec
ECC   [      SECP256R1]   256 key gen      1413 ops took 1.000 sec, avg 0.708 ms, 1412.705 ops/sec
ECDHE [      SECP256R1]   256 agree        1000 ops took 1.097 sec, avg 1.097 ms, 911.834 ops/sec
ECDSA [      SECP256R1]   256 sign         1300 ops took 1.081 sec, avg 0.831 ms, 1202.726 ops/sec
ECDSA [      SECP256R1]   256 verify        900 ops took 1.047 sec, avg 1.163 ms, 859.535 ops/sec
Benchmark complete
[SGXSan] ALWAYS: Enter enc_wolfSSL_CTX_set_cipher_list
[SGXSan] ALWAYS: Enter enc_wolfSSL_get_error
[SGXSan] ALWAYS: Enter enc_wolfSSL_Init
[SGXSan] ALWAYS: Enter enc_wolfSSL_free
[SGXSan] ALWAYS: Enter wc_test
------------------------------------------------------------------------------
 wolfSSL version 5.1.0
------------------------------------------------------------------------------
error    test passed!
MEMORY   test passed!
base64   test passed!
asn      test passed!
RANDOM   test passed!
MD5      test passed!
MD4      test passed!
SHA      test passed!
SHA-256  test passed!
Hash     test passed!
HMAC-MD5 test passed!
HMAC-SHA test passed!
HMAC-SHA256 test passed!
GMAC     test passed!
HC-128   test passed!
Rabbit   test passed!
DES      test passed!
DES3     test passed!
AES      test passed!
AES192   test passed!
AES256   test passed!
AES-GCM  test passed!
RSA      test passed!
DH       test passed!
DSA      test passed!
PWDBASED test passed!
ECC      test passed!
ECC buffer test passed!
logging  test passed!
mutex    test passed!
memcb    test failed!
 error = -13803
[SGXSan] ALWAYS: Enter enc_wolfSSL_Debugging_ON
[SGXSan] ALWAYS: Enter enc_wolfSSL_read
[SGXSan] ALWAYS: Enter enc_wolfSSL_Debugging_OFF
[SGXSan] ALWAYS: Enter enc_wolfTLSv1_2_server_method
[SGXSan] ALWAYS: Enter enc_wolfSSL_set_fd
[SGXSan] ALWAYS: Enter enc_wolfSSL_CTX_use_certificate_buffer
[SGXSan] ALWAYS: Enter enc_wolfSSL_CTX_use_certificate_chain_buffer_format
[SGXSan] ALWAYS: Enter enc_wolfSSL_Cleanup
#5	INITED cov: 6301 ft: 6306 corp: 3/1084Kb exec/s: 0 rss: 70Mb
#5	DONE   cov: 6301 ft: 6306 corp: 3/1084Kb lim: 370191 exec/s: 0 rss: 70Mb
Done 5 runs in 212 second(s)
stat::number_of_executed_units: 5
stat::average_exec_per_sec:     0
stat::new_units_added:          0
stat::slowest_unit_time_sec:    42
stat::peak_rss_mb:              70
