WARNING: Failed to find function "__sanitizer_acquire_crash_state".
WARNING: Failed to find function "__sanitizer_print_stack_trace".
WARNING: Failed to find function "__sanitizer_set_death_callback".
[2023-01-15 19:21:04.457] [Init] Num of ECall: 22
[2023-01-15 19:21:04.457] ECalls:
  0 - fuzz_enc_wolfSSL_CTX_free
  1 - fuzz_enc_wolfSSL_CTX_load_verify_buffer
  2 - fuzz_enc_wolfSSL_CTX_new
  3 - fuzz_enc_wolfSSL_CTX_set_cipher_list
  4 - fuzz_enc_wolfSSL_CTX_use_PrivateKey_buffer
  5 - fuzz_enc_wolfSSL_CTX_use_certificate_buffer
  6 - fuzz_enc_wolfSSL_CTX_use_certificate_chain_buffer_format
  7 - fuzz_enc_wolfSSL_Cleanup
  8 - fuzz_enc_wolfSSL_Debugging_OFF
  9 - fuzz_enc_wolfSSL_Debugging_ON
  10 - fuzz_enc_wolfSSL_Init
  11 - fuzz_enc_wolfSSL_connect
  12 - fuzz_enc_wolfSSL_free
  13 - fuzz_enc_wolfSSL_get_error
  14 - fuzz_enc_wolfSSL_new
  15 - fuzz_enc_wolfSSL_read
  16 - fuzz_enc_wolfSSL_set_fd
  17 - fuzz_enc_wolfSSL_write
  18 - fuzz_enc_wolfTLSv1_2_client_method
  19 - fuzz_enc_wolfTLSv1_2_server_method
  20 - fuzz_wc_benchmark_test
  21 - fuzz_wc_test

INFO: found LLVMFuzzerCustomMutator (0x44ac30). Disabling -len_control by default.
INFO: libFuzzer ignores flags that start with '--'
INFO: Running with entropic power schedule (0xFF, 100).
INFO: Seed: 1167818736
INFO: Loaded 1 modules   (291 inline 8-bit counters): 291 [0x4cb7e8, 0x4cb90b), 
INFO: Loaded 1 PC tables (291 PCs): 291 [0x4cb910,0x4ccb40), 
INFO:        0 files found in /tmp/libFuzzerTemp.FuzzWithFork422940.dir/C192
[SGXSan] ALWAYS: Hook __sanitizer_cov_8bit_counters_init of Enclave, 21636 inline 8-bit counts [0x7f7bdaa199c0, 0x7f7bdaa1ee44) (First time)
[SGXSan] ALWAYS: Hook __sanitizer_cov_pcs_init of Enclave, 21636 PCs [0x7f7bdaa1ee48, 0x7f7bdaa73688) (First time)
[SGXSan] ALWAYS: Enter enc_wolfSSL_CTX_free
[SGXSan] ALWAYS: Enter enc_wolfSSL_CTX_load_verify_buffer
[SGXSan] ALWAYS: Enter enc_wolfSSL_CTX_new
[SGXSan] ALWAYS: Enter enc_wolfSSL_CTX_set_cipher_list
[SGXSan] ALWAYS: Enter enc_wolfSSL_CTX_use_PrivateKey_buffer
[SGXSan] ALWAYS: Enter enc_wolfSSL_CTX_use_certificate_buffer
[SGXSan] ALWAYS: Enter enc_wolfSSL_CTX_use_certificate_chain_buffer_format
[SGXSan] ALWAYS: Enter enc_wolfSSL_Cleanup
[SGXSan] ALWAYS: Enter enc_wolfSSL_Debugging_OFF
[SGXSan] ALWAYS: Enter enc_wolfSSL_Debugging_ON
[SGXSan] ALWAYS: Enter enc_wolfSSL_Init
[SGXSan] ALWAYS: Enter enc_wolfSSL_connect
[SGXSan] ALWAYS: Enter enc_wolfSSL_free
[SGXSan] ALWAYS: Enter enc_wolfSSL_get_error
[SGXSan] ALWAYS: Enter enc_wolfSSL_new
[SGXSan] ALWAYS: Enter enc_wolfSSL_read
[SGXSan] ALWAYS: Enter enc_wolfSSL_set_fd
[SGXSan] ALWAYS: Enter enc_wolfSSL_write
[SGXSan] ALWAYS: Enter enc_wolfTLSv1_2_client_method
[SGXSan] ALWAYS: Enter enc_wolfTLSv1_2_server_method
[SGXSan] ALWAYS: Enter wc_benchmark_test
------------------------------------------------------------------------------
 wolfSSL version 5.1.0
------------------------------------------------------------------------------
wolfCrypt Benchmark (block bytes 1048576, min 1.0 sec each)
RNG                 15 MB took 1.192 seconds,   12.587 MB/s
AES-128-CBC-enc     35 MB took 1.085 seconds,   32.246 MB/s
AES-128-CBC-dec     30 MB took 1.001 seconds,   29.959 MB/s
AES-192-CBC-enc     30 MB took 1.079 seconds,   27.807 MB/s
AES-192-CBC-dec     30 MB took 1.147 seconds,   26.159 MB/s
AES-256-CBC-enc     25 MB took 1.008 seconds,   24.809 MB/s
AES-256-CBC-dec     25 MB took 1.065 seconds,   23.471 MB/s
AES-128-GCM-enc     25 MB took 1.067 seconds,   23.440 MB/s
AES-128-GCM-dec     25 MB took 1.078 seconds,   23.197 MB/s
AES-192-GCM-enc     25 MB took 1.197 seconds,   20.893 MB/s
AES-192-GCM-dec     25 MB took 1.200 seconds,   20.842 MB/s
AES-256-GCM-enc     20 MB took 1.027 seconds,   19.471 MB/s
AES-256-GCM-dec     20 MB took 1.019 seconds,   19.620 MB/s
GMAC Table 4-bit    67 MB took 1.007 seconds,   66.534 MB/s
RABBIT              90 MB took 1.012 seconds,   88.908 MB/s
3DES                10 MB took 1.108 seconds,    9.023 MB/s
MD5                300 MB took 1.003 seconds,  299.202 MB/s
SHA                130 MB took 1.021 seconds,  127.368 MB/s
SHA-256             30 MB took 1.005 seconds,   29.843 MB/s
HMAC-MD5           300 MB took 1.006 seconds,  298.162 MB/s
HMAC-SHA           130 MB took 1.038 seconds,  125.219 MB/s
HMAC-SHA256         35 MB took 1.155 seconds,   30.302 MB/s
PBKDF2               4 KB took 1.002 seconds,    3.713 KB/s
RSA     2048 public       1400 ops took 1.030 sec, avg 0.736 ms, 1358.905 ops/sec
RSA     2048 private       100 ops took 3.737 sec, avg 37.374 ms, 26.756 ops/sec
DH      2048 key gen        63 ops took 1.001 sec, avg 15.885 ms, 62.951 ops/sec
DH      2048 agree         100 ops took 1.588 sec, avg 15.881 ms, 62.969 ops/sec
ECC   [      SECP256R1]   256 key gen      1366 ops took 1.000 sec, avg 0.732 ms, 1365.658 ops/sec
ECDHE [      SECP256R1]   256 agree         900 ops took 1.016 sec, avg 1.128 ms, 886.147 ops/sec
ECDSA [      SECP256R1]   256 sign         1200 ops took 1.022 sec, avg 0.852 ms, 1173.981 ops/sec
ECDSA [      SECP256R1]   256 verify        900 ops took 1.054 sec, avg 1.171 ms, 853.769 ops/sec
Benchmark complete
[SGXSan] ALWAYS: Enter wc_test
INFO: seed corpus: files: 4 min: 370191b max: 370191b total: 1480764b rss: 43Mb
------------------------------------------------------------------------------
 wolfSSL version 5.1.0
------------------------------------------------------------------------------
error    test passed!
MEMORY   test passed!
base64   test passed!
asn      test passed!
RANDOM   test passed!
MD5      test passed!
MD4      test passed!
SHA      test passed!
SHA-256  test passed!
Hash     test passed!
HMAC-MD5 test passed!
HMAC-SHA test passed!
HMAC-SHA256 test passed!
GMAC     test passed!
HC-128   test passed!
Rabbit   test passed!
DES      test passed!
DES3     test passed!
AES      test passed!
AES192   test passed!
AES256   test passed!
AES-GCM  test passed!
RSA      test passed!
DH       test passed!
DSA      test passed!
PWDBASED test passed!
ECC      test passed!
ECC buffer test passed!
logging  test passed!
mutex    test passed!
memcb    test passed!
Test complete
[SGXSan] ALWAYS: Enter enc_wolfSSL_new
[SGXSan] ALWAYS: Enter wc_test
------------------------------------------------------------------------------
 wolfSSL version 5.1.0
------------------------------------------------------------------------------
error    test passed!
MEMORY   test passed!
base64   test passed!
asn      test passed!
RANDOM   test passed!
MD5      test passed!
MD4      test passed!
SHA      test passed!
SHA-256  test passed!
Hash     test passed!
HMAC-MD5 test passed!
HMAC-SHA test passed!
HMAC-SHA256 test passed!
GMAC     test passed!
HC-128   test passed!
Rabbit   test passed!
DES      test passed!
DES3     test passed!
AES      test passed!
AES192   test passed!
AES256   test passed!
AES-GCM  test passed!
RSA      test passed!
DH       test passed!
DSA      test passed!
PWDBASED test passed!
ECC      test passed!
ECC buffer test passed!
logging  test passed!
mutex    test passed!
memcb    test failed!
 error = -13803
[SGXSan] ALWAYS: Enter enc_wolfSSL_CTX_use_certificate_chain_buffer_format
[SGXSan] ALWAYS: Enter enc_wolfSSL_write
[SGXSan] ALWAYS: Enter enc_wolfSSL_get_error
[SGXSan] ALWAYS: Enter enc_wolfSSL_CTX_load_verify_buffer
[SGXSan] ALWAYS: Enter enc_wolfSSL_CTX_use_PrivateKey_buffer
[SGXSan] ALWAYS: Enter enc_wolfSSL_CTX_use_certificate_buffer
[SGXSan] ALWAYS: Enter enc_wolfTLSv1_2_server_method
[SGXSan] ALWAYS: Enter enc_wolfSSL_Debugging_ON
[SGXSan] ALWAYS: Enter enc_wolfSSL_CTX_new
[SGXSan] ALWAYS: Enter enc_wolfSSL_Cleanup
[SGXSan] ALWAYS: Enter enc_wolfSSL_connect
[SGXSan] ALWAYS: Enter wc_benchmark_test
------------------------------------------------------------------------------
 wolfSSL version 5.1.0
------------------------------------------------------------------------------
wolfCrypt Benchmark (block bytes 1048576, min 1.0 sec each)
RNG                 15 MB took 1.177 seconds,   12.739 MB/s
AES-128-CBC-enc     35 MB took 1.075 seconds,   32.554 MB/s
AES-128-CBC-dec     35 MB took 1.165 seconds,   30.052 MB/s
AES-192-CBC-enc     30 MB took 1.063 seconds,   28.227 MB/s
AES-192-CBC-dec     30 MB took 1.161 seconds,   25.838 MB/s
AES-256-CBC-enc     25 MB took 1.016 seconds,   24.601 MB/s
AES-256-CBC-dec     25 MB took 1.066 seconds,   23.456 MB/s
AES-128-GCM-enc     25 MB took 1.066 seconds,   23.444 MB/s
AES-128-GCM-dec     25 MB took 1.082 seconds,   23.104 MB/s
AES-192-GCM-enc     25 MB took 1.199 seconds,   20.859 MB/s
AES-192-GCM-dec     25 MB took 1.207 seconds,   20.714 MB/s
AES-256-GCM-enc     20 MB took 1.029 seconds,   19.441 MB/s
AES-256-GCM-dec     20 MB took 1.030 seconds,   19.412 MB/s
GMAC Table 4-bit    68 MB took 1.013 seconds,   67.135 MB/s
RABBIT              90 MB took 1.018 seconds,   88.451 MB/s
3DES                10 MB took 1.110 seconds,    9.010 MB/s
MD5                300 MB took 1.000 seconds,  299.970 MB/s
SHA                130 MB took 1.040 seconds,  125.031 MB/s
SHA-256             30 MB took 1.006 seconds,   29.808 MB/s
HMAC-MD5           300 MB took 1.011 seconds,  296.620 MB/s
HMAC-SHA           125 MB took 1.034 seconds,  120.865 MB/s
HMAC-SHA256         30 MB took 1.000 seconds,   29.987 MB/s
PBKDF2               4 KB took 1.005 seconds,    3.699 KB/s
RSA     2048 public       1400 ops took 1.029 sec, avg 0.735 ms, 1361.009 ops/sec
RSA     2048 private       100 ops took 3.767 sec, avg 37.674 ms, 26.544 ops/sec
DH      2048 key gen        63 ops took 1.003 sec, avg 15.925 ms, 62.795 ops/sec
DH      2048 agree         100 ops took 1.574 sec, avg 15.738 ms, 63.541 ops/sec
ECC   [      SECP256R1]   256 key gen      1349 ops took 1.000 sec, avg 0.742 ms, 1348.505 ops/sec
ECDHE [      SECP256R1]   256 agree         900 ops took 1.016 sec, avg 1.129 ms, 885.862 ops/sec
ECDSA [      SECP256R1]   256 sign         1200 ops took 1.033 sec, avg 0.861 ms, 1161.775 ops/sec
ECDSA [      SECP256R1]   256 verify        900 ops took 1.066 sec, avg 1.185 ms, 843.928 ops/sec
Benchmark complete
[SGXSan] ALWAYS: Enter enc_wolfSSL_free
[SGXSan] ALWAYS: Enter enc_wolfSSL_set_fd
[SGXSan] ALWAYS: Enter enc_wolfTLSv1_2_client_method
[SGXSan] ALWAYS: Enter enc_wolfSSL_Init
[SGXSan] ALWAYS: Enter enc_wolfSSL_CTX_set_cipher_list
[SGXSan] ALWAYS: Enter enc_wolfSSL_Debugging_OFF
[SGXSan] ALWAYS: Enter enc_wolfSSL_read
[SGXSan] ALWAYS: Enter enc_wolfSSL_CTX_free
#2	pulse  ft: 6299 exec/s: 0 rss: 49Mb
Slowest unit: 42 s:
artifact_prefix='./crashes/'; Test unit written to ./crashes/slow-unit-ddd80d5e9861e976679df15b45e797151fd301fa
[SGXSan] ALWAYS: Enter enc_wolfSSL_new
[SGXSan] ALWAYS: Enter wc_test
------------------------------------------------------------------------------
 wolfSSL version 5.1.0
------------------------------------------------------------------------------
error    test passed!
MEMORY   test passed!
base64   test passed!
asn      test passed!
RANDOM   test passed!
MD5      test passed!
MD4      test passed!
SHA      test passed!
SHA-256  test passed!
Hash     test passed!
HMAC-MD5 test passed!
HMAC-SHA test passed!
HMAC-SHA256 test passed!
GMAC     test passed!
HC-128   test passed!
Rabbit   test passed!
DES      test passed!
DES3     test passed!
AES      test passed!
AES192   test passed!
AES256   test passed!
AES-GCM  test passed!
RSA      test passed!
DH       test passed!
DSA      test passed!
PWDBASED test passed!
ECC      test passed!
ECC buffer test passed!
logging  test passed!
mutex    test passed!
memcb    test failed!
 error = -13803
[SGXSan] ALWAYS: Enter enc_wolfSSL_CTX_use_certificate_chain_buffer_format
[SGXSan] ALWAYS: Enter enc_wolfSSL_write
[SGXSan] ALWAYS: Enter enc_wolfSSL_get_error
[SGXSan] ALWAYS: Enter enc_wolfSSL_CTX_load_verify_buffer
[SGXSan] ALWAYS: Enter enc_wolfSSL_CTX_use_PrivateKey_buffer
[SGXSan] ALWAYS: Enter enc_wolfSSL_CTX_use_certificate_buffer
[SGXSan] ALWAYS: Enter enc_wolfTLSv1_2_server_method
[SGXSan] ALWAYS: Enter enc_wolfSSL_Debugging_ON
[SGXSan] ALWAYS: Enter enc_wolfSSL_CTX_new
[SGXSan] ALWAYS: Enter enc_wolfSSL_Cleanup
[SGXSan] ALWAYS: Enter enc_wolfSSL_connect
[SGXSan] ALWAYS: Enter wc_benchmark_test
------------------------------------------------------------------------------
 wolfSSL version 5.1.0
------------------------------------------------------------------------------
wolfCrypt Benchmark (block bytes 1048576, min 1.0 sec each)
RNG                 15 MB took 1.177 seconds,   12.742 MB/s
AES-128-CBC-enc     35 MB took 1.080 seconds,   32.414 MB/s
AES-128-CBC-dec     30 MB took 1.019 seconds,   29.435 MB/s
AES-192-CBC-enc     30 MB took 1.073 seconds,   27.962 MB/s
AES-192-CBC-dec     30 MB took 1.151 seconds,   26.069 MB/s
AES-256-CBC-enc     25 MB took 1.019 seconds,   24.541 MB/s
AES-256-CBC-dec     25 MB took 1.052 seconds,   23.761 MB/s
AES-128-GCM-enc     25 MB took 1.078 seconds,   23.192 MB/s
AES-128-GCM-dec     25 MB took 1.060 seconds,   23.594 MB/s
AES-192-GCM-enc     25 MB took 1.183 seconds,   21.134 MB/s
AES-192-GCM-dec     25 MB took 1.221 seconds,   20.471 MB/s
AES-256-GCM-enc     20 MB took 1.047 seconds,   19.101 MB/s
AES-256-GCM-dec     20 MB took 1.043 seconds,   19.176 MB/s
GMAC Table 4-bit    68 MB took 1.008 seconds,   67.454 MB/s
RABBIT              90 MB took 1.021 seconds,   88.128 MB/s
3DES                10 MB took 1.117 seconds,    8.954 MB/s
MD5                300 MB took 1.006 seconds,  298.328 MB/s
SHA                120 MB took 1.022 seconds,  117.395 MB/s
SHA-256             35 MB took 1.184 seconds,   29.561 MB/s
HMAC-MD5           300 MB took 1.005 seconds,  298.438 MB/s
HMAC-SHA           125 MB took 1.010 seconds,  123.715 MB/s
HMAC-SHA256         35 MB took 1.149 seconds,   30.461 MB/s
PBKDF2               4 KB took 1.005 seconds,    3.699 KB/s
RSA     2048 public       1400 ops took 1.029 sec, avg 0.735 ms, 1360.271 ops/sec
RSA     2048 private       100 ops took 3.757 sec, avg 37.570 ms, 26.617 ops/sec
DH      2048 key gen        63 ops took 1.011 sec, avg 16.055 ms, 62.288 ops/sec
DH      2048 agree         100 ops took 1.594 sec, avg 15.941 ms, 62.730 ops/sec
ECC   [      SECP256R1]   256 key gen      1342 ops took 1.001 sec, avg 0.746 ms, 1341.248 ops/sec
ECDHE [      SECP256R1]   256 agree         900 ops took 1.024 sec, avg 1.138 ms, 878.595 ops/sec
ECDSA [      SECP256R1]   256 sign         1200 ops took 1.029 sec, avg 0.858 ms, 1165.972 ops/sec
ECDSA [      SECP256R1]   256 verify        900 ops took 1.066 sec, avg 1.185 ms, 844.179 ops/sec
Benchmark complete
[SGXSan] ALWAYS: Enter enc_wolfSSL_free
[SGXSan] ALWAYS: Enter enc_wolfSSL_set_fd
[SGXSan] ALWAYS: Enter enc_wolfTLSv1_2_client_method
[SGXSan] ALWAYS: Enter enc_wolfSSL_Init
[SGXSan] ALWAYS: Enter enc_wolfSSL_CTX_set_cipher_list
[SGXSan] ALWAYS: Enter enc_wolfSSL_Debugging_OFF
[SGXSan] ALWAYS: Enter enc_wolfSSL_read
[SGXSan] ALWAYS: Enter enc_wolfSSL_CTX_free
[SGXSan] ALWAYS: Enter enc_wolfSSL_connect
[SGXSan] ALWAYS: Enter enc_wolfSSL_free
[SGXSan] ALWAYS: Enter enc_wolfSSL_Init
[SGXSan] ALWAYS: Enter wc_benchmark_test
------------------------------------------------------------------------------
 wolfSSL version 5.1.0
------------------------------------------------------------------------------
wolfCrypt Benchmark (block bytes 1048576, min 1.0 sec each)
RNG                 15 MB took 1.167 seconds,   12.859 MB/s
AES-128-CBC-enc     35 MB took 1.085 seconds,   32.262 MB/s
AES-128-CBC-dec     30 MB took 1.019 seconds,   29.452 MB/s
AES-192-CBC-enc     30 MB took 1.082 seconds,   27.717 MB/s
AES-192-CBC-dec     30 MB took 1.143 seconds,   26.249 MB/s
AES-256-CBC-enc     25 MB took 1.004 seconds,   24.896 MB/s
AES-256-CBC-dec     25 MB took 1.048 seconds,   23.861 MB/s
AES-128-GCM-enc     25 MB took 1.078 seconds,   23.202 MB/s
AES-128-GCM-dec     25 MB took 1.065 seconds,   23.470 MB/s
AES-192-GCM-enc     25 MB took 1.197 seconds,   20.889 MB/s
AES-192-GCM-dec     25 MB took 1.194 seconds,   20.932 MB/s
AES-256-GCM-enc     20 MB took 1.035 seconds,   19.320 MB/s
AES-256-GCM-dec     20 MB took 1.044 seconds,   19.159 MB/s
GMAC Table 4-bit    68 MB took 1.013 seconds,   67.113 MB/s
RABBIT              90 MB took 1.020 seconds,   88.232 MB/s
3DES                10 MB took 1.106 seconds,    9.041 MB/s
MD5                300 MB took 1.005 seconds,  298.632 MB/s
SHA                130 MB took 1.033 seconds,  125.831 MB/s
SHA-256             30 MB took 1.006 seconds,   29.810 MB/s
HMAC-MD5           300 MB took 1.015 seconds,  295.493 MB/s
HMAC-SHA           130 MB took 1.035 seconds,  125.600 MB/s
HMAC-SHA256         35 MB took 1.148 seconds,   30.489 MB/s
PBKDF2               4 KB took 1.002 seconds,    3.712 KB/s
RSA     2048 public       1400 ops took 1.047 sec, avg 0.748 ms, 1337.052 ops/sec
RSA     2048 private       100 ops took 3.743 sec, avg 37.435 ms, 26.713 ops/sec
DH      2048 key gen        64 ops took 1.010 sec, avg 15.788 ms, 63.338 ops/sec
DH      2048 agree         100 ops took 1.580 sec, avg 15.800 ms, 63.293 ops/sec
ECC   [      SECP256R1]   256 key gen      1370 ops took 1.000 sec, avg 0.730 ms, 1369.506 ops/sec
ECDHE [      SECP256R1]   256 agree         900 ops took 1.006 sec, avg 1.117 ms, 895.064 ops/sec
ECDSA [      SECP256R1]   256 sign         1200 ops took 1.020 sec, avg 0.850 ms, 1176.757 ops/sec
ECDSA [      SECP256R1]   256 verify        900 ops took 1.091 sec, avg 1.213 ms, 824.667 ops/sec
Benchmark complete
[SGXSan] ALWAYS: Enter enc_wolfSSL_Debugging_ON
[SGXSan] ALWAYS: Enter enc_wolfSSL_read
[SGXSan] ALWAYS: Enter enc_wolfSSL_CTX_use_certificate_chain_buffer_format
[SGXSan] ALWAYS: Enter enc_wolfSSL_CTX_load_verify_buffer
[SGXSan] ALWAYS: Enter enc_wolfSSL_set_fd
[SGXSan] ALWAYS: Enter enc_wolfSSL_write
[SGXSan] ALWAYS: Enter enc_wolfSSL_Cleanup
[SGXSan] ALWAYS: Enter enc_wolfSSL_new
[SGXSan] ALWAYS: Enter enc_wolfSSL_CTX_set_cipher_list
[SGXSan] ALWAYS: Enter enc_wolfSSL_CTX_use_certificate_buffer
[SGXSan] ALWAYS: Enter enc_wolfSSL_CTX_use_PrivateKey_buffer
[SGXSan] ALWAYS: Enter enc_wolfSSL_get_error
[SGXSan] ALWAYS: Enter enc_wolfSSL_CTX_new
[SGXSan] ALWAYS: Enter enc_wolfTLSv1_2_client_method
[SGXSan] ALWAYS: Enter wc_test
------------------------------------------------------------------------------
 wolfSSL version 5.1.0
------------------------------------------------------------------------------
error    test passed!
MEMORY   test passed!
base64   test passed!
asn      test passed!
RANDOM   test passed!
MD5      test passed!
MD4      test passed!
SHA      test passed!
SHA-256  test passed!
Hash     test passed!
HMAC-MD5 test passed!
HMAC-SHA test passed!
HMAC-SHA256 test passed!
GMAC     test passed!
HC-128   test passed!
Rabbit   test passed!
DES      test passed!
DES3     test passed!
AES      test passed!
AES192   test passed!
AES256   test passed!
AES-GCM  test passed!
RSA      test passed!
DH       test passed!
DSA      test passed!
PWDBASED test passed!
ECC      test passed!
ECC buffer test passed!
logging  test passed!
mutex    test passed!
memcb    test failed!
 error = -13803
[SGXSan] ALWAYS: Enter enc_wolfTLSv1_2_server_method
[SGXSan] ALWAYS: Enter enc_wolfSSL_CTX_free
[SGXSan] ALWAYS: Enter enc_wolfSSL_Debugging_OFF
#4	pulse  cov: 6299 ft: 6299 corp: 1/361Kb exec/s: 0 rss: 63Mb
[SGXSan] ALWAYS: Enter enc_wolfSSL_connect
[SGXSan] ALWAYS: Enter enc_wolfSSL_new
[SGXSan] ALWAYS: Enter enc_wolfSSL_CTX_new
[SGXSan] ALWAYS: Enter enc_wolfSSL_CTX_free
[SGXSan] ALWAYS: Enter enc_wolfSSL_write
[SGXSan] ALWAYS: Enter enc_wolfSSL_CTX_load_verify_buffer
[SGXSan] ALWAYS: Enter enc_wolfSSL_CTX_use_PrivateKey_buffer
[SGXSan] ALWAYS: Enter enc_wolfTLSv1_2_client_method
[SGXSan] ALWAYS: Enter wc_benchmark_test
------------------------------------------------------------------------------
 wolfSSL version 5.1.0
------------------------------------------------------------------------------
wolfCrypt Benchmark (block bytes 1048576, min 1.0 sec each)
RNG                 15 MB took 1.166 seconds,   12.866 MB/s
AES-128-CBC-enc     35 MB took 1.088 seconds,   32.167 MB/s
AES-128-CBC-dec     35 MB took 1.156 seconds,   30.266 MB/s
AES-192-CBC-enc     30 MB took 1.063 seconds,   28.218 MB/s
AES-192-CBC-dec     30 MB took 1.167 seconds,   25.702 MB/s
AES-256-CBC-enc     25 MB took 1.005 seconds,   24.886 MB/s
AES-256-CBC-dec     25 MB took 1.058 seconds,   23.620 MB/s
AES-128-GCM-enc     25 MB took 1.068 seconds,   23.415 MB/s
AES-128-GCM-dec     25 MB took 1.057 seconds,   23.659 MB/s
AES-192-GCM-enc     25 MB took 1.183 seconds,   21.136 MB/s
AES-192-GCM-dec     25 MB took 1.177 seconds,   21.248 MB/s
AES-256-GCM-enc     20 MB took 1.019 seconds,   19.630 MB/s
AES-256-GCM-dec     20 MB took 1.014 seconds,   19.722 MB/s
GMAC Table 4-bit    69 MB took 1.013 seconds,   68.085 MB/s
RABBIT              90 MB took 1.006 seconds,   89.490 MB/s
3DES                10 MB took 1.091 seconds,    9.166 MB/s
MD5                305 MB took 1.014 seconds,  300.764 MB/s
SHA                130 MB took 1.019 seconds,  127.603 MB/s
SHA-256             35 MB took 1.137 seconds,   30.788 MB/s
HMAC-MD5           305 MB took 1.012 seconds,  301.350 MB/s
HMAC-SHA           130 MB took 1.017 seconds,  127.798 MB/s
HMAC-SHA256         35 MB took 1.131 seconds,   30.949 MB/s
PBKDF2               4 KB took 1.006 seconds,    3.791 KB/s
RSA     2048 public       1400 ops took 1.020 sec, avg 0.729 ms, 1372.206 ops/sec
RSA     2048 private       100 ops took 3.659 sec, avg 36.586 ms, 27.333 ops/sec
DH      2048 key gen        65 ops took 1.010 sec, avg 15.537 ms, 64.362 ops/sec
DH      2048 agree         100 ops took 1.551 sec, avg 15.511 ms, 64.469 ops/sec
ECC   [      SECP256R1]   256 key gen      1401 ops took 1.000 sec, avg 0.714 ms, 1400.967 ops/sec
ECDHE [      SECP256R1]   256 agree        1000 ops took 1.090 sec, avg 1.090 ms, 917.805 ops/sec
ECDSA [      SECP256R1]   256 sign         1300 ops took 1.082 sec, avg 0.832 ms, 1201.603 ops/sec
ECDSA [      SECP256R1]   256 verify        900 ops took 1.057 sec, avg 1.175 ms, 851.133 ops/sec
Benchmark complete
[SGXSan] ALWAYS: Enter enc_wolfSSL_CTX_set_cipher_list
[SGXSan] ALWAYS: Enter enc_wolfSSL_get_error
[SGXSan] ALWAYS: Enter enc_wolfSSL_Init
[SGXSan] ALWAYS: Enter enc_wolfSSL_free
[SGXSan] ALWAYS: Enter wc_test
------------------------------------------------------------------------------
 wolfSSL version 5.1.0
------------------------------------------------------------------------------
error    test passed!
MEMORY   test passed!
base64   test passed!
asn      test passed!
RANDOM   test passed!
MD5      test passed!
MD4      test passed!
SHA      test passed!
SHA-256  test passed!
Hash     test passed!
HMAC-MD5 test passed!
HMAC-SHA test passed!
HMAC-SHA256 test passed!
GMAC     test passed!
HC-128   test passed!
Rabbit   test passed!
DES      test passed!
DES3     test passed!
AES      test passed!
AES192   test passed!
AES256   test passed!
AES-GCM  test passed!
RSA      test passed!
DH       test passed!
DSA      test passed!
PWDBASED test passed!
ECC      test passed!
ECC buffer test passed!
logging  test passed!
mutex    test passed!
memcb    test failed!
 error = -13803
[SGXSan] ALWAYS: Enter enc_wolfSSL_Debugging_ON
[SGXSan] ALWAYS: Enter enc_wolfSSL_read
[SGXSan] ALWAYS: Enter enc_wolfSSL_Debugging_OFF
[SGXSan] ALWAYS: Enter enc_wolfTLSv1_2_server_method
[SGXSan] ALWAYS: Enter enc_wolfSSL_set_fd
[SGXSan] ALWAYS: Enter enc_wolfSSL_CTX_use_certificate_buffer
[SGXSan] ALWAYS: Enter enc_wolfSSL_CTX_use_certificate_chain_buffer_format
[SGXSan] ALWAYS: Enter enc_wolfSSL_Cleanup
#5	INITED cov: 6300 ft: 6300 corp: 2/723Kb exec/s: 0 rss: 69Mb
#5	DONE   cov: 6300 ft: 6300 corp: 2/723Kb lim: 370191 exec/s: 0 rss: 69Mb
Done 5 runs in 210 second(s)
stat::number_of_executed_units: 5
stat::average_exec_per_sec:     0
stat::new_units_added:          0
stat::slowest_unit_time_sec:    42
stat::peak_rss_mb:              69
