WARNING: Failed to find function "__sanitizer_acquire_crash_state".
WARNING: Failed to find function "__sanitizer_print_stack_trace".
WARNING: Failed to find function "__sanitizer_set_death_callback".
[2023-01-15 19:23:01.079] [Init] Num of ECall: 22
[2023-01-15 19:23:01.080] ECalls:
  0 - fuzz_enc_wolfSSL_CTX_free
  1 - fuzz_enc_wolfSSL_CTX_load_verify_buffer
  2 - fuzz_enc_wolfSSL_CTX_new
  3 - fuzz_enc_wolfSSL_CTX_set_cipher_list
  4 - fuzz_enc_wolfSSL_CTX_use_PrivateKey_buffer
  5 - fuzz_enc_wolfSSL_CTX_use_certificate_buffer
  6 - fuzz_enc_wolfSSL_CTX_use_certificate_chain_buffer_format
  7 - fuzz_enc_wolfSSL_Cleanup
  8 - fuzz_enc_wolfSSL_Debugging_OFF
  9 - fuzz_enc_wolfSSL_Debugging_ON
  10 - fuzz_enc_wolfSSL_Init
  11 - fuzz_enc_wolfSSL_connect
  12 - fuzz_enc_wolfSSL_free
  13 - fuzz_enc_wolfSSL_get_error
  14 - fuzz_enc_wolfSSL_new
  15 - fuzz_enc_wolfSSL_read
  16 - fuzz_enc_wolfSSL_set_fd
  17 - fuzz_enc_wolfSSL_write
  18 - fuzz_enc_wolfTLSv1_2_client_method
  19 - fuzz_enc_wolfTLSv1_2_server_method
  20 - fuzz_wc_benchmark_test
  21 - fuzz_wc_test

INFO: found LLVMFuzzerCustomMutator (0x44ac30). Disabling -len_control by default.
INFO: libFuzzer ignores flags that start with '--'
INFO: Running with entropic power schedule (0xFF, 100).
INFO: Seed: 1826238581
INFO: Loaded 1 modules   (291 inline 8-bit counters): 291 [0x4cb7e8, 0x4cb90b), 
INFO: Loaded 1 PC tables (291 PCs): 291 [0x4cb910,0x4ccb40), 
INFO:        0 files found in /tmp/libFuzzerTemp.FuzzWithFork422940.dir/C193
[SGXSan] ALWAYS: Hook __sanitizer_cov_8bit_counters_init of Enclave, 21636 inline 8-bit counts [0x7fadb7b6d9c0, 0x7fadb7b72e44) (First time)
[SGXSan] ALWAYS: Hook __sanitizer_cov_pcs_init of Enclave, 21636 PCs [0x7fadb7b72e48, 0x7fadb7bc7688) (First time)
[SGXSan] ALWAYS: Enter enc_wolfSSL_CTX_free
[SGXSan] ALWAYS: Enter enc_wolfSSL_CTX_load_verify_buffer
[SGXSan] ALWAYS: Enter enc_wolfSSL_CTX_new
[SGXSan] ALWAYS: Enter enc_wolfSSL_CTX_set_cipher_list
[SGXSan] ALWAYS: Enter enc_wolfSSL_CTX_use_PrivateKey_buffer
[SGXSan] ALWAYS: Enter enc_wolfSSL_CTX_use_certificate_buffer
[SGXSan] ALWAYS: Enter enc_wolfSSL_CTX_use_certificate_chain_buffer_format
[SGXSan] ALWAYS: Enter enc_wolfSSL_Cleanup
[SGXSan] ALWAYS: Enter enc_wolfSSL_Debugging_OFF
[SGXSan] ALWAYS: Enter enc_wolfSSL_Debugging_ON
[SGXSan] ALWAYS: Enter enc_wolfSSL_Init
[SGXSan] ALWAYS: Enter enc_wolfSSL_connect
[SGXSan] ALWAYS: Enter enc_wolfSSL_free
[SGXSan] ALWAYS: Enter enc_wolfSSL_get_error
[SGXSan] ALWAYS: Enter enc_wolfSSL_new
[SGXSan] ALWAYS: Enter enc_wolfSSL_read
[SGXSan] ALWAYS: Enter enc_wolfSSL_set_fd
[SGXSan] ALWAYS: Enter enc_wolfSSL_write
[SGXSan] ALWAYS: Enter enc_wolfTLSv1_2_client_method
[SGXSan] ALWAYS: Enter enc_wolfTLSv1_2_server_method
[SGXSan] ALWAYS: Enter wc_benchmark_test
------------------------------------------------------------------------------
 wolfSSL version 5.1.0
------------------------------------------------------------------------------
wolfCrypt Benchmark (block bytes 1048576, min 1.0 sec each)
RNG                 15 MB took 1.177 seconds,   12.741 MB/s
AES-128-CBC-enc     35 MB took 1.087 seconds,   32.187 MB/s
AES-128-CBC-dec     30 MB took 1.043 seconds,   28.776 MB/s
AES-192-CBC-enc     30 MB took 1.090 seconds,   27.529 MB/s
AES-192-CBC-dec     30 MB took 1.152 seconds,   26.037 MB/s
AES-256-CBC-enc     25 MB took 1.009 seconds,   24.783 MB/s
AES-256-CBC-dec     25 MB took 1.083 seconds,   23.081 MB/s
AES-128-GCM-enc     25 MB took 1.063 seconds,   23.519 MB/s
AES-128-GCM-dec     25 MB took 1.073 seconds,   23.299 MB/s
AES-192-GCM-enc     25 MB took 1.202 seconds,   20.796 MB/s
AES-192-GCM-dec     25 MB took 1.201 seconds,   20.813 MB/s
AES-256-GCM-enc     20 MB took 1.055 seconds,   18.950 MB/s
AES-256-GCM-dec     20 MB took 1.047 seconds,   19.103 MB/s
GMAC Table 4-bit    67 MB took 1.009 seconds,   66.428 MB/s
RABBIT              90 MB took 1.006 seconds,   89.424 MB/s
3DES                10 MB took 1.103 seconds,    9.066 MB/s
MD5                295 MB took 1.017 seconds,  290.010 MB/s
SHA                130 MB took 1.032 seconds,  126.007 MB/s
SHA-256             35 MB took 1.163 seconds,   30.106 MB/s
HMAC-MD5           300 MB took 1.011 seconds,  296.802 MB/s
HMAC-SHA           130 MB took 1.025 seconds,  126.820 MB/s
HMAC-SHA256         35 MB took 1.157 seconds,   30.243 MB/s
PBKDF2               4 KB took 1.006 seconds,    3.695 KB/s
RSA     2048 public       1400 ops took 1.056 sec, avg 0.754 ms, 1325.898 ops/sec
RSA     2048 private       100 ops took 3.757 sec, avg 37.567 ms, 26.619 ops/sec
DH      2048 key gen        63 ops took 1.002 sec, avg 15.903 ms, 62.883 ops/sec
DH      2048 agree         100 ops took 1.593 sec, avg 15.932 ms, 62.767 ops/sec
ECC   [      SECP256R1]   256 key gen      1371 ops took 1.000 sec, avg 0.729 ms, 1370.860 ops/sec
ECDHE [      SECP256R1]   256 agree         900 ops took 1.008 sec, avg 1.120 ms, 892.507 ops/sec
ECDSA [      SECP256R1]   256 sign         1200 ops took 1.025 sec, avg 0.854 ms, 1170.445 ops/sec
ECDSA [      SECP256R1]   256 verify        900 ops took 1.076 sec, avg 1.195 ms, 836.687 ops/sec
Benchmark complete
[SGXSan] ALWAYS: Enter wc_test
INFO: seed corpus: files: 4 min: 370191b max: 370191b total: 1480764b rss: 43Mb
------------------------------------------------------------------------------
 wolfSSL version 5.1.0
------------------------------------------------------------------------------
error    test passed!
MEMORY   test passed!
base64   test passed!
asn      test passed!
RANDOM   test passed!
MD5      test passed!
MD4      test passed!
SHA      test passed!
SHA-256  test passed!
Hash     test passed!
HMAC-MD5 test passed!
HMAC-SHA test passed!
HMAC-SHA256 test passed!
GMAC     test passed!
HC-128   test passed!
Rabbit   test passed!
DES      test passed!
DES3     test passed!
AES      test passed!
AES192   test passed!
AES256   test passed!
AES-GCM  test passed!
RSA      test passed!
DH       test passed!
DSA      test passed!
PWDBASED test passed!
ECC      test passed!
ECC buffer test passed!
logging  test passed!
mutex    test passed!
memcb    test passed!
Test complete
[SGXSan] ALWAYS: Enter enc_wolfSSL_new
[SGXSan] ALWAYS: Enter wc_test
------------------------------------------------------------------------------
 wolfSSL version 5.1.0
------------------------------------------------------------------------------
error    test passed!
MEMORY   test passed!
base64   test passed!
asn      test passed!
RANDOM   test passed!
MD5      test passed!
MD4      test passed!
SHA      test passed!
SHA-256  test passed!
Hash     test passed!
HMAC-MD5 test passed!
HMAC-SHA test passed!
HMAC-SHA256 test passed!
GMAC     test passed!
HC-128   test passed!
Rabbit   test passed!
DES      test passed!
DES3     test passed!
AES      test passed!
AES192   test passed!
AES256   test passed!
AES-GCM  test passed!
RSA      test passed!
DH       test passed!
DSA      test passed!
PWDBASED test passed!
ECC      test passed!
ECC buffer test passed!
logging  test passed!
mutex    test passed!
memcb    test failed!
 error = -13803
[SGXSan] ALWAYS: Enter enc_wolfSSL_CTX_use_certificate_chain_buffer_format
[SGXSan] ALWAYS: Enter enc_wolfSSL_write
[SGXSan] ALWAYS: Enter enc_wolfSSL_get_error
[SGXSan] ALWAYS: Enter enc_wolfSSL_CTX_load_verify_buffer
[SGXSan] ALWAYS: Enter enc_wolfSSL_CTX_use_PrivateKey_buffer
[SGXSan] ALWAYS: Enter enc_wolfSSL_CTX_use_certificate_buffer
[SGXSan] ALWAYS: Enter enc_wolfTLSv1_2_server_method
[SGXSan] ALWAYS: Enter enc_wolfSSL_Debugging_ON
[SGXSan] ALWAYS: Enter enc_wolfSSL_CTX_new
[SGXSan] ALWAYS: Enter enc_wolfSSL_Cleanup
[SGXSan] ALWAYS: Enter enc_wolfSSL_connect
[SGXSan] ALWAYS: Enter wc_benchmark_test
------------------------------------------------------------------------------
 wolfSSL version 5.1.0
------------------------------------------------------------------------------
wolfCrypt Benchmark (block bytes 1048576, min 1.0 sec each)
RNG                 15 MB took 1.162 seconds,   12.904 MB/s
AES-128-CBC-enc     35 MB took 1.081 seconds,   32.391 MB/s
AES-128-CBC-dec     30 MB took 1.019 seconds,   29.440 MB/s
AES-192-CBC-enc     30 MB took 1.081 seconds,   27.759 MB/s
AES-192-CBC-dec     30 MB took 1.148 seconds,   26.128 MB/s
AES-256-CBC-enc     25 MB took 1.005 seconds,   24.880 MB/s
AES-256-CBC-dec     25 MB took 1.059 seconds,   23.609 MB/s
AES-128-GCM-enc     25 MB took 1.085 seconds,   23.040 MB/s
AES-128-GCM-dec     25 MB took 1.060 seconds,   23.593 MB/s
AES-192-GCM-enc     25 MB took 1.205 seconds,   20.742 MB/s
AES-192-GCM-dec     25 MB took 1.198 seconds,   20.865 MB/s
AES-256-GCM-enc     20 MB took 1.031 seconds,   19.394 MB/s
AES-256-GCM-dec     20 MB took 1.028 seconds,   19.459 MB/s
GMAC Table 4-bit    69 MB took 1.013 seconds,   68.141 MB/s
RABBIT              95 MB took 1.051 seconds,   90.373 MB/s
3DES                10 MB took 1.087 seconds,    9.203 MB/s
MD5                305 MB took 1.007 seconds,  302.912 MB/s
SHA                130 MB took 1.033 seconds,  125.856 MB/s
SHA-256             35 MB took 1.136 seconds,   30.804 MB/s
HMAC-MD5           305 MB took 1.015 seconds,  300.575 MB/s
HMAC-SHA           130 MB took 1.018 seconds,  127.668 MB/s
HMAC-SHA256         35 MB took 1.131 seconds,   30.947 MB/s
PBKDF2               4 KB took 1.007 seconds,    3.754 KB/s
RSA     2048 public       1400 ops took 1.006 sec, avg 0.719 ms, 1391.649 ops/sec
RSA     2048 private       100 ops took 3.669 sec, avg 36.687 ms, 27.258 ops/sec
DH      2048 key gen        65 ops took 1.004 sec, avg 15.444 ms, 64.750 ops/sec
DH      2048 agree         100 ops took 1.550 sec, avg 15.495 ms, 64.535 ops/sec
ECC   [      SECP256R1]   256 key gen      1411 ops took 1.000 sec, avg 0.709 ms, 1410.323 ops/sec
ECDHE [      SECP256R1]   256 agree        1000 ops took 1.097 sec, avg 1.097 ms, 911.373 ops/sec
ECDSA [      SECP256R1]   256 sign         1200 ops took 1.003 sec, avg 0.836 ms, 1196.821 ops/sec
ECDSA [      SECP256R1]   256 verify        900 ops took 1.047 sec, avg 1.163 ms, 859.845 ops/sec
Benchmark complete
[SGXSan] ALWAYS: Enter enc_wolfSSL_free
[SGXSan] ALWAYS: Enter enc_wolfSSL_set_fd
[SGXSan] ALWAYS: Enter enc_wolfTLSv1_2_client_method
[SGXSan] ALWAYS: Enter enc_wolfSSL_Init
[SGXSan] ALWAYS: Enter enc_wolfSSL_CTX_set_cipher_list
[SGXSan] ALWAYS: Enter enc_wolfSSL_Debugging_OFF
[SGXSan] ALWAYS: Enter enc_wolfSSL_read
[SGXSan] ALWAYS: Enter enc_wolfSSL_CTX_free
#2	pulse  ft: 6296 exec/s: 0 rss: 49Mb
Slowest unit: 42 s:
artifact_prefix='./crashes/'; Test unit written to ./crashes/slow-unit-eea13a3d5a82fc21c5d57bf5c2da85a11c88d78c
[SGXSan] ALWAYS: Enter enc_wolfSSL_new
[SGXSan] ALWAYS: Enter wc_test
------------------------------------------------------------------------------
 wolfSSL version 5.1.0
------------------------------------------------------------------------------
error    test passed!
MEMORY   test passed!
base64   test passed!
asn      test passed!
RANDOM   test passed!
MD5      test passed!
MD4      test passed!
SHA      test passed!
SHA-256  test passed!
Hash     test passed!
HMAC-MD5 test passed!
HMAC-SHA test passed!
HMAC-SHA256 test passed!
GMAC     test passed!
HC-128   test passed!
Rabbit   test passed!
DES      test passed!
DES3     test passed!
AES      test passed!
AES192   test passed!
AES256   test passed!
AES-GCM  test passed!
RSA      test passed!
DH       test passed!
DSA      test passed!
PWDBASED test passed!
ECC      test passed!
ECC buffer test passed!
logging  test passed!
mutex    test passed!
memcb    test failed!
 error = -13803
[SGXSan] ALWAYS: Enter enc_wolfSSL_CTX_use_certificate_chain_buffer_format
[SGXSan] ALWAYS: Enter enc_wolfSSL_write
[SGXSan] ALWAYS: Enter enc_wolfSSL_get_error
[SGXSan] ALWAYS: Enter enc_wolfSSL_CTX_load_verify_buffer
[SGXSan] ALWAYS: Enter enc_wolfSSL_CTX_use_PrivateKey_buffer
[SGXSan] ALWAYS: Enter enc_wolfSSL_CTX_use_certificate_buffer
[SGXSan] ALWAYS: Enter enc_wolfTLSv1_2_server_method
[SGXSan] ALWAYS: Enter enc_wolfSSL_Debugging_ON
[SGXSan] ALWAYS: Enter enc_wolfSSL_CTX_new
[SGXSan] ALWAYS: Enter enc_wolfSSL_Cleanup
[SGXSan] ALWAYS: Enter enc_wolfSSL_connect
[SGXSan] ALWAYS: Enter wc_benchmark_test
------------------------------------------------------------------------------
 wolfSSL version 5.1.0
------------------------------------------------------------------------------
wolfCrypt Benchmark (block bytes 1048576, min 1.0 sec each)
RNG                 15 MB took 1.135 seconds,   13.212 MB/s
AES-128-CBC-enc     35 MB took 1.071 seconds,   32.675 MB/s
AES-128-CBC-dec     35 MB took 1.146 seconds,   30.537 MB/s
AES-192-CBC-enc     30 MB took 1.143 seconds,   26.256 MB/s
AES-192-CBC-dec     30 MB took 1.165 seconds,   25.757 MB/s
AES-256-CBC-enc     30 MB took 1.180 seconds,   25.415 MB/s
AES-256-CBC-dec     25 MB took 1.049 seconds,   23.839 MB/s
AES-128-GCM-enc     25 MB took 1.048 seconds,   23.844 MB/s
AES-128-GCM-dec     25 MB took 1.047 seconds,   23.870 MB/s
AES-192-GCM-enc     25 MB took 1.170 seconds,   21.359 MB/s
AES-192-GCM-dec     25 MB took 1.176 seconds,   21.251 MB/s
AES-256-GCM-enc     20 MB took 1.023 seconds,   19.551 MB/s
AES-256-GCM-dec     20 MB took 1.018 seconds,   19.640 MB/s
GMAC Table 4-bit    69 MB took 1.013 seconds,   68.105 MB/s
RABBIT              95 MB took 1.047 seconds,   90.743 MB/s
3DES                10 MB took 1.094 seconds,    9.141 MB/s
MD5                305 MB took 1.012 seconds,  301.283 MB/s
SHA                130 MB took 1.019 seconds,  127.536 MB/s
SHA-256             35 MB took 1.131 seconds,   30.949 MB/s
HMAC-MD5           305 MB took 1.007 seconds,  302.972 MB/s
HMAC-SHA           130 MB took 1.023 seconds,  127.076 MB/s
HMAC-SHA256         35 MB took 1.137 seconds,   30.784 MB/s
PBKDF2               4 KB took 1.005 seconds,    3.764 KB/s
RSA     2048 public       1400 ops took 1.004 sec, avg 0.717 ms, 1395.099 ops/sec
RSA     2048 private       100 ops took 3.667 sec, avg 36.666 ms, 27.273 ops/sec
DH      2048 key gen        65 ops took 1.006 sec, avg 15.480 ms, 64.599 ops/sec
DH      2048 agree         100 ops took 1.538 sec, avg 15.383 ms, 65.006 ops/sec
ECC   [      SECP256R1]   256 key gen      1400 ops took 1.000 sec, avg 0.714 ms, 1399.661 ops/sec
ECDHE [      SECP256R1]   256 agree        1000 ops took 1.090 sec, avg 1.090 ms, 917.074 ops/sec
ECDSA [      SECP256R1]   256 sign         1200 ops took 1.000 sec, avg 0.834 ms, 1199.505 ops/sec
ECDSA [      SECP256R1]   256 verify        900 ops took 1.040 sec, avg 1.156 ms, 865.298 ops/sec
Benchmark complete
[SGXSan] ALWAYS: Enter enc_wolfSSL_free
[SGXSan] ALWAYS: Enter enc_wolfSSL_set_fd
[SGXSan] ALWAYS: Enter enc_wolfTLSv1_2_client_method
[SGXSan] ALWAYS: Enter enc_wolfSSL_Init
[SGXSan] ALWAYS: Enter enc_wolfSSL_CTX_set_cipher_list
[SGXSan] ALWAYS: Enter enc_wolfSSL_Debugging_OFF
[SGXSan] ALWAYS: Enter enc_wolfSSL_read
[SGXSan] ALWAYS: Enter enc_wolfSSL_CTX_free
[SGXSan] ALWAYS: Enter enc_wolfSSL_connect
[SGXSan] ALWAYS: Enter enc_wolfSSL_free
[SGXSan] ALWAYS: Enter enc_wolfSSL_Init
[SGXSan] ALWAYS: Enter wc_benchmark_test
------------------------------------------------------------------------------
 wolfSSL version 5.1.0
------------------------------------------------------------------------------
wolfCrypt Benchmark (block bytes 1048576, min 1.0 sec each)
RNG                 15 MB took 1.131 seconds,   13.258 MB/s
AES-128-CBC-enc     35 MB took 1.063 seconds,   32.918 MB/s
AES-128-CBC-dec     35 MB took 1.148 seconds,   30.494 MB/s
AES-192-CBC-enc     30 MB took 1.053 seconds,   28.496 MB/s
AES-192-CBC-dec     30 MB took 1.126 seconds,   26.647 MB/s
AES-256-CBC-enc     30 MB took 1.193 seconds,   25.153 MB/s
AES-256-CBC-dec     25 MB took 1.039 seconds,   24.058 MB/s
AES-128-GCM-enc     25 MB took 1.047 seconds,   23.886 MB/s
AES-128-GCM-dec     25 MB took 1.045 seconds,   23.932 MB/s
AES-192-GCM-enc     25 MB took 1.170 seconds,   21.361 MB/s
AES-192-GCM-dec     25 MB took 1.181 seconds,   21.172 MB/s
AES-256-GCM-enc     20 MB took 1.022 seconds,   19.568 MB/s
AES-256-GCM-dec     20 MB took 1.019 seconds,   19.624 MB/s
GMAC Table 4-bit    69 MB took 1.013 seconds,   68.113 MB/s
RABBIT              95 MB took 1.054 seconds,   90.133 MB/s
3DES                10 MB took 1.090 seconds,    9.174 MB/s
MD5                305 MB took 1.011 seconds,  301.739 MB/s
SHA                130 MB took 1.014 seconds,  128.203 MB/s
SHA-256             35 MB took 1.132 seconds,   30.915 MB/s
HMAC-MD5           300 MB took 1.006 seconds,  298.312 MB/s
HMAC-SHA           130 MB took 1.018 seconds,  127.713 MB/s
HMAC-SHA256         35 MB took 1.141 seconds,   30.669 MB/s
PBKDF2               4 KB took 1.004 seconds,    3.765 KB/s
RSA     2048 public       1400 ops took 1.004 sec, avg 0.717 ms, 1393.771 ops/sec
RSA     2048 private       100 ops took 3.847 sec, avg 38.468 ms, 25.995 ops/sec
DH      2048 key gen        65 ops took 1.005 sec, avg 15.455 ms, 64.703 ops/sec
DH      2048 agree         100 ops took 1.571 sec, avg 15.714 ms, 63.637 ops/sec
ECC   [      SECP256R1]   256 key gen      1405 ops took 1.000 sec, avg 0.712 ms, 1404.694 ops/sec
ECDHE [      SECP256R1]   256 agree        1000 ops took 1.095 sec, avg 1.095 ms, 913.591 ops/sec
ECDSA [      SECP256R1]   256 sign         1300 ops took 1.081 sec, avg 0.832 ms, 1202.644 ops/sec
ECDSA [      SECP256R1]   256 verify        900 ops took 1.057 sec, avg 1.174 ms, 851.707 ops/sec
Benchmark complete
[SGXSan] ALWAYS: Enter enc_wolfSSL_Debugging_ON
[SGXSan] ALWAYS: Enter enc_wolfSSL_read
[SGXSan] ALWAYS: Enter enc_wolfSSL_CTX_use_certificate_chain_buffer_format
[SGXSan] ALWAYS: Enter enc_wolfSSL_CTX_load_verify_buffer
[SGXSan] ALWAYS: Enter enc_wolfSSL_set_fd
[SGXSan] ALWAYS: Enter enc_wolfSSL_write
[SGXSan] ALWAYS: Enter enc_wolfSSL_Cleanup
[SGXSan] ALWAYS: Enter enc_wolfSSL_new
[SGXSan] ALWAYS: Enter enc_wolfSSL_CTX_set_cipher_list
[SGXSan] ALWAYS: Enter enc_wolfSSL_CTX_use_certificate_buffer
[SGXSan] ALWAYS: Enter enc_wolfSSL_CTX_use_PrivateKey_buffer
[SGXSan] ALWAYS: Enter enc_wolfSSL_get_error
[SGXSan] ALWAYS: Enter enc_wolfSSL_CTX_new
[SGXSan] ALWAYS: Enter enc_wolfTLSv1_2_client_method
[SGXSan] ALWAYS: Enter wc_test
------------------------------------------------------------------------------
 wolfSSL version 5.1.0
------------------------------------------------------------------------------
error    test passed!
MEMORY   test passed!
base64   test passed!
asn      test passed!
RANDOM   test passed!
MD5      test passed!
MD4      test passed!
SHA      test passed!
SHA-256  test passed!
Hash     test passed!
HMAC-MD5 test passed!
HMAC-SHA test passed!
HMAC-SHA256 test passed!
GMAC     test passed!
HC-128   test passed!
Rabbit   test passed!
DES      test passed!
DES3     test passed!
AES      test passed!
AES192   test passed!
AES256   test passed!
AES-GCM  test passed!
RSA      test passed!
DH       test passed!
DSA      test passed!
PWDBASED test passed!
ECC      test passed!
ECC buffer test passed!
logging  test passed!
mutex    test passed!
memcb    test failed!
 error = -13803
[SGXSan] ALWAYS: Enter enc_wolfTLSv1_2_server_method
[SGXSan] ALWAYS: Enter enc_wolfSSL_CTX_free
[SGXSan] ALWAYS: Enter enc_wolfSSL_Debugging_OFF
#4	pulse  cov: 6296 ft: 6301 corp: 2/723Kb exec/s: 0 rss: 64Mb
[SGXSan] ALWAYS: Enter enc_wolfTLSv1_2_server_method
[SGXSan] ALWAYS: Enter enc_wolfSSL_Debugging_ON
[SGXSan] ALWAYS: Enter enc_wolfSSL_CTX_use_PrivateKey_buffer
[SGXSan] ALWAYS: Enter enc_wolfSSL_new
[SGXSan] ALWAYS: Enter enc_wolfSSL_CTX_free
[SGXSan] ALWAYS: Enter enc_wolfSSL_get_error
[SGXSan] ALWAYS: Enter enc_wolfSSL_Debugging_OFF
[SGXSan] ALWAYS: Enter enc_wolfSSL_CTX_load_verify_buffer
[SGXSan] ALWAYS: Enter enc_wolfSSL_CTX_use_certificate_chain_buffer_format
[SGXSan] ALWAYS: Enter enc_wolfSSL_CTX_use_certificate_buffer
[SGXSan] ALWAYS: Enter wc_test
------------------------------------------------------------------------------
 wolfSSL version 5.1.0
------------------------------------------------------------------------------
error    test passed!
MEMORY   test passed!
base64   test passed!
asn      test passed!
RANDOM   test passed!
MD5      test passed!
MD4      test passed!
SHA      test passed!
SHA-256  test passed!
Hash     test passed!
HMAC-MD5 test passed!
HMAC-SHA test passed!
HMAC-SHA256 test passed!
GMAC     test passed!
HC-128   test passed!
Rabbit   test passed!
DES      test passed!
DES3     test passed!
AES      test passed!
AES192   test passed!
AES256   test passed!
AES-GCM  test passed!
RSA      test passed!
DH       test passed!
DSA      test passed!
PWDBASED test passed!
ECC      test passed!
ECC buffer test passed!
logging  test passed!
mutex    test passed!
memcb    test failed!
 error = -13803
[SGXSan] ALWAYS: Enter wc_benchmark_test
------------------------------------------------------------------------------
 wolfSSL version 5.1.0
------------------------------------------------------------------------------
wolfCrypt Benchmark (block bytes 1048576, min 1.0 sec each)
RNG                 15 MB took 1.132 seconds,   13.253 MB/s
AES-128-CBC-enc     35 MB took 1.055 seconds,   33.172 MB/s
AES-128-CBC-dec     35 MB took 1.160 seconds,   30.163 MB/s
AES-192-CBC-enc     30 MB took 1.056 seconds,   28.396 MB/s
AES-192-CBC-dec     30 MB took 1.131 seconds,   26.532 MB/s
AES-256-CBC-enc     30 MB took 1.175 seconds,   25.536 MB/s
AES-256-CBC-dec     25 MB took 1.041 seconds,   24.008 MB/s
AES-128-GCM-enc     25 MB took 1.061 seconds,   23.556 MB/s
AES-128-GCM-dec     25 MB took 1.049 seconds,   23.831 MB/s
AES-192-GCM-enc     25 MB took 1.173 seconds,   21.304 MB/s
AES-192-GCM-dec     25 MB took 1.168 seconds,   21.397 MB/s
AES-256-GCM-enc     20 MB took 1.025 seconds,   19.516 MB/s
AES-256-GCM-dec     20 MB took 1.017 seconds,   19.656 MB/s
GMAC Table 4-bit    68 MB took 1.000 seconds,   67.984 MB/s
RABBIT              95 MB took 1.044 seconds,   90.995 MB/s
3DES                10 MB took 1.087 seconds,    9.202 MB/s
MD5                305 MB took 1.015 seconds,  300.576 MB/s
SHA                130 MB took 1.011 seconds,  128.558 MB/s
SHA-256             35 MB took 1.138 seconds,   30.747 MB/s
HMAC-MD5           305 MB took 1.005 seconds,  303.553 MB/s
HMAC-SHA           130 MB took 1.011 seconds,  128.526 MB/s
HMAC-SHA256         35 MB took 1.140 seconds,   30.697 MB/s
PBKDF2               4 KB took 1.007 seconds,    3.787 KB/s
RSA     2048 public       1400 ops took 1.013 sec, avg 0.724 ms, 1382.106 ops/sec
RSA     2048 private       100 ops took 3.650 sec, avg 36.497 ms, 27.400 ops/sec
DH      2048 key gen        65 ops took 1.006 sec, avg 15.482 ms, 64.592 ops/sec
DH      2048 agree         100 ops took 1.545 sec, avg 15.446 ms, 64.740 ops/sec
ECC   [      SECP256R1]   256 key gen      1404 ops took 1.001 sec, avg 0.713 ms, 1403.024 ops/sec
ECDHE [      SECP256R1]   256 agree        1000 ops took 1.096 sec, avg 1.096 ms, 912.073 ops/sec
ECDSA [      SECP256R1]   256 sign         1200 ops took 1.002 sec, avg 0.835 ms, 1197.194 ops/sec
ECDSA [      SECP256R1]   256 verify        900 ops took 1.044 sec, avg 1.160 ms, 861.864 ops/sec
Benchmark complete
[SGXSan] ALWAYS: Enter enc_wolfSSL_Cleanup
[SGXSan] ALWAYS: Enter enc_wolfSSL_write
[SGXSan] ALWAYS: Enter enc_wolfSSL_CTX_set_cipher_list
[SGXSan] ALWAYS: Enter enc_wolfSSL_CTX_new
[SGXSan] ALWAYS: Enter enc_wolfSSL_read
[SGXSan] ALWAYS: Enter enc_wolfSSL_free
[SGXSan] ALWAYS: Enter enc_wolfTLSv1_2_client_method
[SGXSan] ALWAYS: Enter enc_wolfSSL_connect
[SGXSan] ALWAYS: Enter enc_wolfSSL_Init
[SGXSan] ALWAYS: Enter enc_wolfSSL_set_fd
#5	INITED cov: 6296 ft: 6301 corp: 2/723Kb exec/s: 0 rss: 70Mb
#5	DONE   cov: 6296 ft: 6301 corp: 2/723Kb lim: 370191 exec/s: 0 rss: 70Mb
Done 5 runs in 211 second(s)
stat::number_of_executed_units: 5
stat::average_exec_per_sec:     0
stat::new_units_added:          0
stat::slowest_unit_time_sec:    42
stat::peak_rss_mb:              70
