WARNING: Failed to find function "__sanitizer_acquire_crash_state".
WARNING: Failed to find function "__sanitizer_print_stack_trace".
WARNING: Failed to find function "__sanitizer_set_death_callback".
[2023-01-15 19:24:37.027] [Init] Num of ECall: 22
[2023-01-15 19:24:37.027] ECalls:
  0 - fuzz_enc_wolfSSL_CTX_free
  1 - fuzz_enc_wolfSSL_CTX_load_verify_buffer
  2 - fuzz_enc_wolfSSL_CTX_new
  3 - fuzz_enc_wolfSSL_CTX_set_cipher_list
  4 - fuzz_enc_wolfSSL_CTX_use_PrivateKey_buffer
  5 - fuzz_enc_wolfSSL_CTX_use_certificate_buffer
  6 - fuzz_enc_wolfSSL_CTX_use_certificate_chain_buffer_format
  7 - fuzz_enc_wolfSSL_Cleanup
  8 - fuzz_enc_wolfSSL_Debugging_OFF
  9 - fuzz_enc_wolfSSL_Debugging_ON
  10 - fuzz_enc_wolfSSL_Init
  11 - fuzz_enc_wolfSSL_connect
  12 - fuzz_enc_wolfSSL_free
  13 - fuzz_enc_wolfSSL_get_error
  14 - fuzz_enc_wolfSSL_new
  15 - fuzz_enc_wolfSSL_read
  16 - fuzz_enc_wolfSSL_set_fd
  17 - fuzz_enc_wolfSSL_write
  18 - fuzz_enc_wolfTLSv1_2_client_method
  19 - fuzz_enc_wolfTLSv1_2_server_method
  20 - fuzz_wc_benchmark_test
  21 - fuzz_wc_test

INFO: found LLVMFuzzerCustomMutator (0x44ac30). Disabling -len_control by default.
INFO: libFuzzer ignores flags that start with '--'
INFO: Running with entropic power schedule (0xFF, 100).
INFO: Seed: 3285020525
INFO: Loaded 1 modules   (291 inline 8-bit counters): 291 [0x4cb7e8, 0x4cb90b), 
INFO: Loaded 1 PC tables (291 PCs): 291 [0x4cb910,0x4ccb40), 
INFO:        0 files found in /tmp/libFuzzerTemp.FuzzWithFork422940.dir/C195
[SGXSan] ALWAYS: Hook __sanitizer_cov_8bit_counters_init of Enclave, 21636 inline 8-bit counts [0x7f60b5abc9c0, 0x7f60b5ac1e44) (First time)
[SGXSan] ALWAYS: Hook __sanitizer_cov_pcs_init of Enclave, 21636 PCs [0x7f60b5ac1e48, 0x7f60b5b16688) (First time)
[SGXSan] ALWAYS: Enter enc_wolfSSL_CTX_free
[SGXSan] ALWAYS: Enter enc_wolfSSL_CTX_load_verify_buffer
[SGXSan] ALWAYS: Enter enc_wolfSSL_CTX_new
[SGXSan] ALWAYS: Enter enc_wolfSSL_CTX_set_cipher_list
[SGXSan] ALWAYS: Enter enc_wolfSSL_CTX_use_PrivateKey_buffer
[SGXSan] ALWAYS: Enter enc_wolfSSL_CTX_use_certificate_buffer
[SGXSan] ALWAYS: Enter enc_wolfSSL_CTX_use_certificate_chain_buffer_format
[SGXSan] ALWAYS: Enter enc_wolfSSL_Cleanup
[SGXSan] ALWAYS: Enter enc_wolfSSL_Debugging_OFF
[SGXSan] ALWAYS: Enter enc_wolfSSL_Debugging_ON
[SGXSan] ALWAYS: Enter enc_wolfSSL_Init
[SGXSan] ALWAYS: Enter enc_wolfSSL_connect
[SGXSan] ALWAYS: Enter enc_wolfSSL_free
[SGXSan] ALWAYS: Enter enc_wolfSSL_get_error
[SGXSan] ALWAYS: Enter enc_wolfSSL_new
[SGXSan] ALWAYS: Enter enc_wolfSSL_read
[SGXSan] ALWAYS: Enter enc_wolfSSL_set_fd
[SGXSan] ALWAYS: Enter enc_wolfSSL_write
[SGXSan] ALWAYS: Enter enc_wolfTLSv1_2_client_method
[SGXSan] ALWAYS: Enter enc_wolfTLSv1_2_server_method
[SGXSan] ALWAYS: Enter wc_benchmark_test
------------------------------------------------------------------------------
 wolfSSL version 5.1.0
------------------------------------------------------------------------------
wolfCrypt Benchmark (block bytes 1048576, min 1.0 sec each)
RNG                 15 MB took 1.162 seconds,   12.910 MB/s
AES-128-CBC-enc     35 MB took 1.093 seconds,   32.035 MB/s
AES-128-CBC-dec     35 MB took 1.147 seconds,   30.515 MB/s
AES-192-CBC-enc     30 MB took 1.058 seconds,   28.352 MB/s
AES-192-CBC-dec     30 MB took 1.128 seconds,   26.584 MB/s
AES-256-CBC-enc     30 MB took 1.176 seconds,   25.500 MB/s
AES-256-CBC-dec     25 MB took 1.053 seconds,   23.747 MB/s
AES-128-GCM-enc     25 MB took 1.048 seconds,   23.856 MB/s
AES-128-GCM-dec     25 MB took 1.049 seconds,   23.833 MB/s
AES-192-GCM-enc     25 MB took 1.172 seconds,   21.339 MB/s
AES-192-GCM-dec     25 MB took 1.187 seconds,   21.063 MB/s
AES-256-GCM-enc     20 MB took 1.018 seconds,   19.647 MB/s
AES-256-GCM-dec     20 MB took 1.021 seconds,   19.581 MB/s
GMAC Table 4-bit    69 MB took 1.010 seconds,   68.313 MB/s
RABBIT              95 MB took 1.043 seconds,   91.077 MB/s
3DES                10 MB took 1.105 seconds,    9.049 MB/s
MD5                305 MB took 1.007 seconds,  302.775 MB/s
SHA                130 MB took 1.017 seconds,  127.846 MB/s
SHA-256             35 MB took 1.131 seconds,   30.935 MB/s
HMAC-MD5           305 MB took 1.008 seconds,  302.639 MB/s
HMAC-SHA           130 MB took 1.033 seconds,  125.865 MB/s
HMAC-SHA256         35 MB took 1.136 seconds,   30.822 MB/s
PBKDF2               4 KB took 1.005 seconds,    3.763 KB/s
RSA     2048 public       1500 ops took 1.070 sec, avg 0.713 ms, 1401.671 ops/sec
RSA     2048 private       100 ops took 3.646 sec, avg 36.463 ms, 27.425 ops/sec
DH      2048 key gen        66 ops took 1.015 sec, avg 15.382 ms, 65.011 ops/sec
DH      2048 agree         100 ops took 1.557 sec, avg 15.567 ms, 64.240 ops/sec
ECC   [      SECP256R1]   256 key gen      1414 ops took 1.000 sec, avg 0.707 ms, 1413.447 ops/sec
ECDHE [      SECP256R1]   256 agree        1000 ops took 1.091 sec, avg 1.091 ms, 916.487 ops/sec
ECDSA [      SECP256R1]   256 sign         1300 ops took 1.078 sec, avg 0.829 ms, 1205.711 ops/sec
ECDSA [      SECP256R1]   256 verify        900 ops took 1.037 sec, avg 1.152 ms, 868.197 ops/sec
Benchmark complete
[SGXSan] ALWAYS: Enter wc_test
INFO: seed corpus: files: 4 min: 370191b max: 370191b total: 1480764b rss: 43Mb
------------------------------------------------------------------------------
 wolfSSL version 5.1.0
------------------------------------------------------------------------------
error    test passed!
MEMORY   test passed!
base64   test passed!
asn      test passed!
RANDOM   test passed!
MD5      test passed!
MD4      test passed!
SHA      test passed!
SHA-256  test passed!
Hash     test passed!
HMAC-MD5 test passed!
HMAC-SHA test passed!
HMAC-SHA256 test passed!
GMAC     test passed!
HC-128   test passed!
Rabbit   test passed!
DES      test passed!
DES3     test passed!
AES      test passed!
AES192   test passed!
AES256   test passed!
AES-GCM  test passed!
RSA      test passed!
DH       test passed!
DSA      test passed!
PWDBASED test passed!
ECC      test passed!
ECC buffer test passed!
logging  test passed!
mutex    test passed!
memcb    test passed!
Test complete
[SGXSan] ALWAYS: Enter enc_wolfSSL_new
[SGXSan] ALWAYS: Enter wc_test
------------------------------------------------------------------------------
 wolfSSL version 5.1.0
------------------------------------------------------------------------------
error    test passed!
MEMORY   test passed!
base64   test passed!
asn      test passed!
RANDOM   test passed!
MD5      test passed!
MD4      test passed!
SHA      test passed!
SHA-256  test passed!
Hash     test passed!
HMAC-MD5 test passed!
HMAC-SHA test passed!
HMAC-SHA256 test passed!
GMAC     test passed!
HC-128   test passed!
Rabbit   test passed!
DES      test passed!
DES3     test passed!
AES      test passed!
AES192   test passed!
AES256   test passed!
AES-GCM  test passed!
RSA      test passed!
DH       test passed!
DSA      test passed!
PWDBASED test passed!
ECC      test passed!
ECC buffer test passed!
logging  test passed!
mutex    test passed!
memcb    test failed!
 error = -13803
[SGXSan] ALWAYS: Enter enc_wolfSSL_CTX_use_certificate_chain_buffer_format
[SGXSan] ALWAYS: Enter enc_wolfSSL_write
[SGXSan] ALWAYS: Enter enc_wolfSSL_get_error
[SGXSan] ALWAYS: Enter enc_wolfSSL_CTX_load_verify_buffer
[SGXSan] ALWAYS: Enter enc_wolfSSL_CTX_use_PrivateKey_buffer
[SGXSan] ALWAYS: Enter enc_wolfSSL_CTX_use_certificate_buffer
[SGXSan] ALWAYS: Enter enc_wolfTLSv1_2_server_method
[SGXSan] ALWAYS: Enter enc_wolfSSL_Debugging_ON
[SGXSan] ALWAYS: Enter enc_wolfSSL_CTX_new
[SGXSan] ALWAYS: Enter enc_wolfSSL_Cleanup
[SGXSan] ALWAYS: Enter enc_wolfSSL_connect
[SGXSan] ALWAYS: Enter wc_benchmark_test
------------------------------------------------------------------------------
 wolfSSL version 5.1.0
------------------------------------------------------------------------------
wolfCrypt Benchmark (block bytes 1048576, min 1.0 sec each)
RNG                 15 MB took 1.136 seconds,   13.204 MB/s
AES-128-CBC-enc     35 MB took 1.056 seconds,   33.153 MB/s
AES-128-CBC-dec     35 MB took 1.145 seconds,   30.577 MB/s
AES-192-CBC-enc     30 MB took 1.072 seconds,   27.975 MB/s
AES-192-CBC-dec     30 MB took 1.129 seconds,   26.577 MB/s
AES-256-CBC-enc     30 MB took 1.184 seconds,   25.346 MB/s
AES-256-CBC-dec     25 MB took 1.043 seconds,   23.970 MB/s
AES-128-GCM-enc     25 MB took 1.052 seconds,   23.773 MB/s
AES-128-GCM-dec     25 MB took 1.048 seconds,   23.848 MB/s
AES-192-GCM-enc     25 MB took 1.176 seconds,   21.254 MB/s
AES-192-GCM-dec     25 MB took 1.176 seconds,   21.265 MB/s
AES-256-GCM-enc     20 MB took 1.016 seconds,   19.694 MB/s
AES-256-GCM-dec     20 MB took 1.031 seconds,   19.401 MB/s
GMAC Table 4-bit    69 MB took 1.014 seconds,   68.040 MB/s
RABBIT              95 MB took 1.051 seconds,   90.396 MB/s
3DES                10 MB took 1.085 seconds,    9.216 MB/s
MD5                305 MB took 1.010 seconds,  301.893 MB/s
SHA                130 MB took 1.035 seconds,  125.642 MB/s
SHA-256             35 MB took 1.136 seconds,   30.816 MB/s
HMAC-MD5           305 MB took 1.010 seconds,  301.836 MB/s
HMAC-SHA           130 MB took 1.014 seconds,  128.167 MB/s
HMAC-SHA256         35 MB took 1.136 seconds,   30.812 MB/s
PBKDF2               4 KB took 1.001 seconds,    3.748 KB/s
RSA     2048 public       1400 ops took 1.002 sec, avg 0.716 ms, 1396.676 ops/sec
RSA     2048 private       100 ops took 3.647 sec, avg 36.471 ms, 27.419 ops/sec
DH      2048 key gen        66 ops took 1.014 sec, avg 15.369 ms, 65.067 ops/sec
DH      2048 agree         100 ops took 1.548 sec, avg 15.478 ms, 64.609 ops/sec
ECC   [      SECP256R1]   256 key gen      1417 ops took 1.000 sec, avg 0.706 ms, 1416.568 ops/sec
ECDHE [      SECP256R1]   256 agree        1000 ops took 1.094 sec, avg 1.094 ms, 913.977 ops/sec
ECDSA [      SECP256R1]   256 sign         1200 ops took 1.004 sec, avg 0.837 ms, 1195.224 ops/sec
ECDSA [      SECP256R1]   256 verify        900 ops took 1.045 sec, avg 1.161 ms, 861.611 ops/sec
Benchmark complete
[SGXSan] ALWAYS: Enter enc_wolfSSL_free
[SGXSan] ALWAYS: Enter enc_wolfSSL_set_fd
[SGXSan] ALWAYS: Enter enc_wolfTLSv1_2_client_method
[SGXSan] ALWAYS: Enter enc_wolfSSL_Init
[SGXSan] ALWAYS: Enter enc_wolfSSL_CTX_set_cipher_list
[SGXSan] ALWAYS: Enter enc_wolfSSL_Debugging_OFF
[SGXSan] ALWAYS: Enter enc_wolfSSL_read
[SGXSan] ALWAYS: Enter enc_wolfSSL_CTX_free
#2	pulse  ft: 6294 exec/s: 0 rss: 49Mb
Slowest unit: 42 s:
artifact_prefix='./crashes/'; Test unit written to ./crashes/slow-unit-ddd80d5e9861e976679df15b45e797151fd301fa
[SGXSan] ALWAYS: Enter enc_wolfSSL_set_fd
[SGXSan] ALWAYS: Enter enc_wolfTLSv1_2_client_method
[SGXSan] ALWAYS: Enter enc_wolfSSL_CTX_new
[SGXSan] ALWAYS: Enter enc_wolfSSL_read
[SGXSan] ALWAYS: Enter enc_wolfSSL_CTX_set_cipher_list
[SGXSan] ALWAYS: Enter enc_wolfSSL_CTX_free
[SGXSan] ALWAYS: Enter enc_wolfSSL_new
[SGXSan] ALWAYS: Enter enc_wolfSSL_CTX_use_PrivateKey_buffer
[SGXSan] ALWAYS: Enter enc_wolfTLSv1_2_server_method
[SGXSan] ALWAYS: Enter enc_wolfSSL_CTX_load_verify_buffer
[SGXSan] ALWAYS: Enter enc_wolfSSL_connect
[SGXSan] ALWAYS: Enter enc_wolfSSL_Debugging_OFF
[SGXSan] ALWAYS: Enter enc_wolfSSL_CTX_use_certificate_buffer
[SGXSan] ALWAYS: Enter enc_wolfSSL_free
[SGXSan] ALWAYS: Enter enc_wolfSSL_Init
[SGXSan] ALWAYS: Enter enc_wolfSSL_CTX_use_certificate_chain_buffer_format
[SGXSan] ALWAYS: Enter wc_benchmark_test
------------------------------------------------------------------------------
 wolfSSL version 5.1.0
------------------------------------------------------------------------------
wolfCrypt Benchmark (block bytes 1048576, min 1.0 sec each)
RNG                 15 MB took 1.134 seconds,   13.232 MB/s
AES-128-CBC-enc     35 MB took 1.062 seconds,   32.957 MB/s
AES-128-CBC-dec     35 MB took 1.161 seconds,   30.150 MB/s
AES-192-CBC-enc     30 MB took 1.055 seconds,   28.434 MB/s
AES-192-CBC-dec     30 MB took 1.139 seconds,   26.339 MB/s
AES-256-CBC-enc     30 MB took 1.188 seconds,   25.255 MB/s
AES-256-CBC-dec     25 MB took 1.045 seconds,   23.929 MB/s
AES-128-GCM-enc     25 MB took 1.056 seconds,   23.681 MB/s
AES-128-GCM-dec     25 MB took 1.047 seconds,   23.881 MB/s
AES-192-GCM-enc     25 MB took 1.168 seconds,   21.396 MB/s
AES-192-GCM-dec     25 MB took 1.169 seconds,   21.384 MB/s
AES-256-GCM-enc     20 MB took 1.028 seconds,   19.452 MB/s
AES-256-GCM-dec     20 MB took 1.013 seconds,   19.747 MB/s
GMAC Table 4-bit    68 MB took 1.001 seconds,   67.928 MB/s
RABBIT              95 MB took 1.044 seconds,   91.031 MB/s
3DES                10 MB took 1.084 seconds,    9.221 MB/s
MD5                300 MB took 1.007 seconds,  297.803 MB/s
SHA                130 MB took 1.015 seconds,  128.037 MB/s
SHA-256             35 MB took 1.137 seconds,   30.773 MB/s
HMAC-MD5           305 MB took 1.008 seconds,  302.524 MB/s
HMAC-SHA           130 MB took 1.014 seconds,  128.255 MB/s
HMAC-SHA256         35 MB took 1.144 seconds,   30.604 MB/s
PBKDF2               4 KB took 1.000 seconds,    3.750 KB/s
RSA     2048 public       1400 ops took 1.001 sec, avg 0.715 ms, 1399.289 ops/sec
RSA     2048 private       100 ops took 3.650 sec, avg 36.497 ms, 27.400 ops/sec
DH      2048 key gen        65 ops took 1.004 sec, avg 15.441 ms, 64.762 ops/sec
DH      2048 agree         100 ops took 1.541 sec, avg 15.407 ms, 64.907 ops/sec
ECC   [      SECP256R1]   256 key gen      1401 ops took 1.000 sec, avg 0.714 ms, 1400.972 ops/sec
ECDHE [      SECP256R1]   256 agree        1000 ops took 1.084 sec, avg 1.084 ms, 922.388 ops/sec
ECDSA [      SECP256R1]   256 sign         1200 ops took 1.004 sec, avg 0.837 ms, 1195.210 ops/sec
ECDSA [      SECP256R1]   256 verify        900 ops took 1.035 sec, avg 1.150 ms, 869.273 ops/sec
Benchmark complete
[SGXSan] ALWAYS: Enter enc_wolfSSL_Debugging_ON
[SGXSan] ALWAYS: Enter wc_test
------------------------------------------------------------------------------
 wolfSSL version 5.1.0
------------------------------------------------------------------------------
error    test passed!
MEMORY   test passed!
base64   test passed!
asn      test passed!
RANDOM   test passed!
MD5      test passed!
MD4      test passed!
SHA      test passed!
SHA-256  test passed!
Hash     test passed!
HMAC-MD5 test passed!
HMAC-SHA test passed!
HMAC-SHA256 test passed!
GMAC     test passed!
HC-128   test passed!
Rabbit   test passed!
DES      test passed!
DES3     test passed!
AES      test passed!
AES192   test passed!
AES256   test passed!
AES-GCM  test passed!
RSA      test passed!
DH       test passed!
DSA      test passed!
PWDBASED test passed!
ECC      test passed!
ECC buffer test passed!
logging  test passed!
mutex    test passed!
memcb    test failed!
 error = -13803
[SGXSan] ALWAYS: Enter enc_wolfSSL_Cleanup
[SGXSan] ALWAYS: Enter enc_wolfSSL_write
[SGXSan] ALWAYS: Enter enc_wolfSSL_get_error
[SGXSan] ALWAYS: Enter enc_wolfTLSv1_2_server_method
[SGXSan] ALWAYS: Enter enc_wolfSSL_Debugging_ON
[SGXSan] ALWAYS: Enter enc_wolfSSL_CTX_use_PrivateKey_buffer
[SGXSan] ALWAYS: Enter enc_wolfSSL_new
[SGXSan] ALWAYS: Enter enc_wolfSSL_CTX_free
[SGXSan] ALWAYS: Enter enc_wolfSSL_get_error
[SGXSan] ALWAYS: Enter enc_wolfSSL_Debugging_OFF
[SGXSan] ALWAYS: Enter enc_wolfSSL_CTX_load_verify_buffer
[SGXSan] ALWAYS: Enter enc_wolfSSL_CTX_use_certificate_chain_buffer_format
[SGXSan] ALWAYS: Enter enc_wolfSSL_CTX_use_certificate_buffer
[SGXSan] ALWAYS: Enter wc_test
------------------------------------------------------------------------------
 wolfSSL version 5.1.0
------------------------------------------------------------------------------
error    test passed!
MEMORY   test passed!
base64   test passed!
asn      test passed!
RANDOM   test passed!
MD5      test passed!
MD4      test passed!
SHA      test passed!
SHA-256  test passed!
Hash     test passed!
HMAC-MD5 test passed!
HMAC-SHA test passed!
HMAC-SHA256 test passed!
GMAC     test passed!
HC-128   test passed!
Rabbit   test passed!
DES      test passed!
DES3     test passed!
AES      test passed!
AES192   test passed!
AES256   test passed!
AES-GCM  test passed!
RSA      test passed!
DH       test passed!
DSA      test passed!
PWDBASED test passed!
ECC      test passed!
ECC buffer test passed!
logging  test passed!
mutex    test passed!
memcb    test failed!
 error = -13803
[SGXSan] ALWAYS: Enter wc_benchmark_test
------------------------------------------------------------------------------
 wolfSSL version 5.1.0
------------------------------------------------------------------------------
wolfCrypt Benchmark (block bytes 1048576, min 1.0 sec each)
RNG                 15 MB took 1.135 seconds,   13.212 MB/s
AES-128-CBC-enc     35 MB took 1.063 seconds,   32.937 MB/s
AES-128-CBC-dec     35 MB took 1.148 seconds,   30.498 MB/s
AES-192-CBC-enc     30 MB took 1.054 seconds,   28.466 MB/s
AES-192-CBC-dec     30 MB took 1.150 seconds,   26.086 MB/s
AES-256-CBC-enc     30 MB took 1.183 seconds,   25.352 MB/s
AES-256-CBC-dec     25 MB took 1.042 seconds,   24.003 MB/s
AES-128-GCM-enc     25 MB took 1.043 seconds,   23.967 MB/s
AES-128-GCM-dec     25 MB took 1.050 seconds,   23.812 MB/s
AES-192-GCM-enc     25 MB took 1.178 seconds,   21.222 MB/s
AES-192-GCM-dec     25 MB took 1.172 seconds,   21.328 MB/s
AES-256-GCM-enc     20 MB took 1.015 seconds,   19.699 MB/s
AES-256-GCM-dec     20 MB took 1.011 seconds,   19.778 MB/s
GMAC Table 4-bit    68 MB took 1.005 seconds,   67.634 MB/s
RABBIT              95 MB took 1.046 seconds,   90.865 MB/s
3DES                10 MB took 1.089 seconds,    9.182 MB/s
MD5                305 MB took 1.013 seconds,  301.020 MB/s
SHA                125 MB took 1.000 seconds,  124.956 MB/s
SHA-256             30 MB took 1.013 seconds,   29.616 MB/s
HMAC-MD5           300 MB took 1.004 seconds,  298.890 MB/s
HMAC-SHA           130 MB took 1.038 seconds,  125.283 MB/s
HMAC-SHA256         35 MB took 1.152 seconds,   30.375 MB/s
PBKDF2               4 KB took 1.004 seconds,    3.735 KB/s
RSA     2048 public       1400 ops took 1.037 sec, avg 0.741 ms, 1349.786 ops/sec
RSA     2048 private       100 ops took 3.765 sec, avg 37.649 ms, 26.561 ops/sec
DH      2048 key gen        64 ops took 1.008 sec, avg 15.755 ms, 63.471 ops/sec
DH      2048 agree         100 ops took 1.598 sec, avg 15.977 ms, 62.591 ops/sec
ECC   [      SECP256R1]   256 key gen      1365 ops took 1.000 sec, avg 0.733 ms, 1364.762 ops/sec
ECDHE [      SECP256R1]   256 agree         900 ops took 1.027 sec, avg 1.141 ms, 876.080 ops/sec
ECDSA [      SECP256R1]   256 sign         1200 ops took 1.028 sec, avg 0.856 ms, 1167.547 ops/sec
ECDSA [      SECP256R1]   256 verify        900 ops took 1.081 sec, avg 1.201 ms, 832.789 ops/sec
Benchmark complete
[SGXSan] ALWAYS: Enter enc_wolfSSL_Cleanup
[SGXSan] ALWAYS: Enter enc_wolfSSL_write
[SGXSan] ALWAYS: Enter enc_wolfSSL_CTX_set_cipher_list
[SGXSan] ALWAYS: Enter enc_wolfSSL_CTX_new
[SGXSan] ALWAYS: Enter enc_wolfSSL_read
[SGXSan] ALWAYS: Enter enc_wolfSSL_free
[SGXSan] ALWAYS: Enter enc_wolfTLSv1_2_client_method
[SGXSan] ALWAYS: Enter enc_wolfSSL_connect
[SGXSan] ALWAYS: Enter enc_wolfSSL_Init
[SGXSan] ALWAYS: Enter enc_wolfSSL_set_fd
#4	pulse  cov: 6294 ft: 6299 corp: 2/723Kb exec/s: 0 rss: 64Mb
[SGXSan] ALWAYS: Enter enc_wolfSSL_connect
[SGXSan] ALWAYS: Enter enc_wolfSSL_free
[SGXSan] ALWAYS: Enter enc_wolfSSL_Init
[SGXSan] ALWAYS: Enter wc_benchmark_test
------------------------------------------------------------------------------
 wolfSSL version 5.1.0
------------------------------------------------------------------------------
wolfCrypt Benchmark (block bytes 1048576, min 1.0 sec each)
RNG                 15 MB took 1.180 seconds,   12.714 MB/s
AES-128-CBC-enc     35 MB took 1.086 seconds,   32.222 MB/s
AES-128-CBC-dec     35 MB took 1.159 seconds,   30.196 MB/s
AES-192-CBC-enc     30 MB took 1.061 seconds,   28.271 MB/s
AES-192-CBC-dec     30 MB took 1.164 seconds,   25.765 MB/s
AES-256-CBC-enc     25 MB took 1.002 seconds,   24.945 MB/s
AES-256-CBC-dec     25 MB took 1.066 seconds,   23.459 MB/s
AES-128-GCM-enc     25 MB took 1.072 seconds,   23.319 MB/s
AES-128-GCM-dec     25 MB took 1.075 seconds,   23.246 MB/s
AES-192-GCM-enc     25 MB took 1.206 seconds,   20.722 MB/s
AES-192-GCM-dec     25 MB took 1.199 seconds,   20.846 MB/s
AES-256-GCM-enc     20 MB took 1.036 seconds,   19.301 MB/s
AES-256-GCM-dec     20 MB took 1.030 seconds,   19.424 MB/s
GMAC Table 4-bit    68 MB took 1.008 seconds,   67.485 MB/s
RABBIT              90 MB took 1.027 seconds,   87.593 MB/s
3DES                10 MB took 1.106 seconds,    9.042 MB/s
MD5                300 MB took 1.013 seconds,  296.233 MB/s
SHA                130 MB took 1.035 seconds,  125.620 MB/s
SHA-256             35 MB took 1.158 seconds,   30.225 MB/s
HMAC-MD5           300 MB took 1.016 seconds,  295.271 MB/s
HMAC-SHA           125 MB took 1.003 seconds,  124.588 MB/s
HMAC-SHA256         35 MB took 1.163 seconds,   30.089 MB/s
PBKDF2               4 KB took 1.001 seconds,    3.714 KB/s
RSA     2048 public       1400 ops took 1.018 sec, avg 0.727 ms, 1375.435 ops/sec
RSA     2048 private       100 ops took 3.740 sec, avg 37.400 ms, 26.738 ops/sec
DH      2048 key gen        62 ops took 1.009 sec, avg 16.276 ms, 61.439 ops/sec
DH      2048 agree         100 ops took 1.575 sec, avg 15.746 ms, 63.506 ops/sec
ECC   [      SECP256R1]   256 key gen      1380 ops took 1.000 sec, avg 0.725 ms, 1379.608 ops/sec
ECDHE [      SECP256R1]   256 agree         900 ops took 1.014 sec, avg 1.126 ms, 887.814 ops/sec
ECDSA [      SECP256R1]   256 sign         1200 ops took 1.025 sec, avg 0.854 ms, 1170.518 ops/sec
ECDSA [      SECP256R1]   256 verify        900 ops took 1.057 sec, avg 1.174 ms, 851.485 ops/sec
Benchmark complete
[SGXSan] ALWAYS: Enter enc_wolfSSL_Debugging_ON
[SGXSan] ALWAYS: Enter enc_wolfSSL_read
[SGXSan] ALWAYS: Enter enc_wolfSSL_CTX_use_certificate_chain_buffer_format
[SGXSan] ALWAYS: Enter enc_wolfSSL_CTX_load_verify_buffer
[SGXSan] ALWAYS: Enter enc_wolfSSL_set_fd
[SGXSan] ALWAYS: Enter enc_wolfSSL_write
[SGXSan] ALWAYS: Enter enc_wolfSSL_Cleanup
[SGXSan] ALWAYS: Enter enc_wolfSSL_new
[SGXSan] ALWAYS: Enter enc_wolfSSL_CTX_set_cipher_list
[SGXSan] ALWAYS: Enter enc_wolfSSL_CTX_use_certificate_buffer
[SGXSan] ALWAYS: Enter enc_wolfSSL_CTX_use_PrivateKey_buffer
[SGXSan] ALWAYS: Enter enc_wolfSSL_get_error
[SGXSan] ALWAYS: Enter enc_wolfSSL_CTX_new
[SGXSan] ALWAYS: Enter enc_wolfTLSv1_2_client_method
[SGXSan] ALWAYS: Enter wc_test
------------------------------------------------------------------------------
 wolfSSL version 5.1.0
------------------------------------------------------------------------------
error    test passed!
MEMORY   test passed!
base64   test passed!
asn      test passed!
RANDOM   test passed!
MD5      test passed!
MD4      test passed!
SHA      test passed!
SHA-256  test passed!
Hash     test passed!
HMAC-MD5 test passed!
HMAC-SHA test passed!
HMAC-SHA256 test passed!
GMAC     test passed!
HC-128   test passed!
Rabbit   test passed!
DES      test passed!
DES3     test passed!
AES      test passed!
AES192   test passed!
AES256   test passed!
AES-GCM  test passed!
RSA      test passed!
DH       test passed!
DSA      test passed!
PWDBASED test passed!
ECC      test passed!
ECC buffer test passed!
logging  test passed!
mutex    test passed!
memcb    test failed!
 error = -13803
[SGXSan] ALWAYS: Enter enc_wolfTLSv1_2_server_method
[SGXSan] ALWAYS: Enter enc_wolfSSL_CTX_free
[SGXSan] ALWAYS: Enter enc_wolfSSL_Debugging_OFF
#5	INITED cov: 6294 ft: 6299 corp: 2/723Kb exec/s: 0 rss: 70Mb
#5	DONE   cov: 6294 ft: 6299 corp: 2/723Kb lim: 370191 exec/s: 0 rss: 70Mb
Done 5 runs in 210 second(s)
stat::number_of_executed_units: 5
stat::average_exec_per_sec:     0
stat::new_units_added:          0
stat::slowest_unit_time_sec:    42
stat::peak_rss_mb:              70
