WARNING: Failed to find function "__sanitizer_acquire_crash_state".
WARNING: Failed to find function "__sanitizer_print_stack_trace".
WARNING: Failed to find function "__sanitizer_set_death_callback".
[2023-01-15 16:47:43.463] [Init] Num of ECall: 22
[2023-01-15 16:47:43.463] ECalls:
  0 - fuzz_enc_wolfSSL_CTX_free
  1 - fuzz_enc_wolfSSL_CTX_load_verify_buffer
  2 - fuzz_enc_wolfSSL_CTX_new
  3 - fuzz_enc_wolfSSL_CTX_set_cipher_list
  4 - fuzz_enc_wolfSSL_CTX_use_PrivateKey_buffer
  5 - fuzz_enc_wolfSSL_CTX_use_certificate_buffer
  6 - fuzz_enc_wolfSSL_CTX_use_certificate_chain_buffer_format
  7 - fuzz_enc_wolfSSL_Cleanup
  8 - fuzz_enc_wolfSSL_Debugging_OFF
  9 - fuzz_enc_wolfSSL_Debugging_ON
  10 - fuzz_enc_wolfSSL_Init
  11 - fuzz_enc_wolfSSL_connect
  12 - fuzz_enc_wolfSSL_free
  13 - fuzz_enc_wolfSSL_get_error
  14 - fuzz_enc_wolfSSL_new
  15 - fuzz_enc_wolfSSL_read
  16 - fuzz_enc_wolfSSL_set_fd
  17 - fuzz_enc_wolfSSL_write
  18 - fuzz_enc_wolfTLSv1_2_client_method
  19 - fuzz_enc_wolfTLSv1_2_server_method
  20 - fuzz_wc_benchmark_test
  21 - fuzz_wc_test

INFO: found LLVMFuzzerCustomMutator (0x44ac30). Disabling -len_control by default.
INFO: libFuzzer ignores flags that start with '--'
INFO: Running with entropic power schedule (0xFF, 100).
INFO: Seed: 4288177728
INFO: Loaded 1 modules   (291 inline 8-bit counters): 291 [0x4cb7e8, 0x4cb90b), 
INFO: Loaded 1 PC tables (291 PCs): 291 [0x4cb910,0x4ccb40), 
INFO:        0 files found in /tmp/libFuzzerTemp.FuzzWithFork422940.dir/C20
[SGXSan] ALWAYS: Hook __sanitizer_cov_8bit_counters_init of Enclave, 21636 inline 8-bit counts [0x7f204c5559c0, 0x7f204c55ae44) (First time)
[SGXSan] ALWAYS: Hook __sanitizer_cov_pcs_init of Enclave, 21636 PCs [0x7f204c55ae48, 0x7f204c5af688) (First time)
[SGXSan] ALWAYS: Enter enc_wolfSSL_CTX_free
[SGXSan] ALWAYS: Enter enc_wolfSSL_CTX_load_verify_buffer
[SGXSan] ALWAYS: Enter enc_wolfSSL_CTX_new
[SGXSan] ALWAYS: Enter enc_wolfSSL_CTX_set_cipher_list
[SGXSan] ALWAYS: Enter enc_wolfSSL_CTX_use_PrivateKey_buffer
[SGXSan] ALWAYS: Enter enc_wolfSSL_CTX_use_certificate_buffer
[SGXSan] ALWAYS: Enter enc_wolfSSL_CTX_use_certificate_chain_buffer_format
[SGXSan] ALWAYS: Enter enc_wolfSSL_Cleanup
[SGXSan] ALWAYS: Enter enc_wolfSSL_Debugging_OFF
[SGXSan] ALWAYS: Enter enc_wolfSSL_Debugging_ON
[SGXSan] ALWAYS: Enter enc_wolfSSL_Init
[SGXSan] ALWAYS: Enter enc_wolfSSL_connect
[SGXSan] ALWAYS: Enter enc_wolfSSL_free
[SGXSan] ALWAYS: Enter enc_wolfSSL_get_error
[SGXSan] ALWAYS: Enter enc_wolfSSL_new
[SGXSan] ALWAYS: Enter enc_wolfSSL_read
[SGXSan] ALWAYS: Enter enc_wolfSSL_set_fd
[SGXSan] ALWAYS: Enter enc_wolfSSL_write
[SGXSan] ALWAYS: Enter enc_wolfTLSv1_2_client_method
[SGXSan] ALWAYS: Enter enc_wolfTLSv1_2_server_method
[SGXSan] ALWAYS: Enter wc_benchmark_test
------------------------------------------------------------------------------
 wolfSSL version 5.1.0
------------------------------------------------------------------------------
wolfCrypt Benchmark (block bytes 1048576, min 1.0 sec each)
RNG                 15 MB took 1.174 seconds,   12.777 MB/s
AES-128-CBC-enc     35 MB took 1.059 seconds,   33.037 MB/s
AES-128-CBC-dec     35 MB took 1.162 seconds,   30.114 MB/s
AES-192-CBC-enc     30 MB took 1.049 seconds,   28.592 MB/s
AES-192-CBC-dec     30 MB took 1.144 seconds,   26.226 MB/s
AES-256-CBC-enc     30 MB took 1.167 seconds,   25.707 MB/s
AES-256-CBC-dec     25 MB took 1.048 seconds,   23.863 MB/s
AES-128-GCM-enc     25 MB took 1.050 seconds,   23.806 MB/s
AES-128-GCM-dec     25 MB took 1.038 seconds,   24.082 MB/s
AES-192-GCM-enc     25 MB took 1.183 seconds,   21.141 MB/s
AES-192-GCM-dec     25 MB took 1.189 seconds,   21.027 MB/s
AES-256-GCM-enc     20 MB took 1.045 seconds,   19.143 MB/s
AES-256-GCM-dec     20 MB took 1.035 seconds,   19.314 MB/s
GMAC Table 4-bit    68 MB took 1.012 seconds,   67.184 MB/s
RABBIT              90 MB took 1.048 seconds,   85.891 MB/s
3DES                10 MB took 1.119 seconds,    8.937 MB/s
MD5                295 MB took 1.011 seconds,  291.887 MB/s
SHA                125 MB took 1.013 seconds,  123.365 MB/s
SHA-256             30 MB took 1.008 seconds,   29.768 MB/s
HMAC-MD5           295 MB took 1.005 seconds,  293.458 MB/s
HMAC-SHA           130 MB took 1.039 seconds,  125.167 MB/s
HMAC-SHA256         35 MB took 1.136 seconds,   30.802 MB/s
PBKDF2               3 KB took 1.003 seconds,    3.021 KB/s
RSA     2048 public        900 ops took 1.128 sec, avg 1.253 ms, 798.188 ops/sec
RSA     2048 private       100 ops took 3.785 sec, avg 37.853 ms, 26.418 ops/sec
DH      2048 key gen        65 ops took 1.006 sec, avg 15.473 ms, 64.628 ops/sec
DH      2048 agree         100 ops took 1.580 sec, avg 15.796 ms, 63.306 ops/sec
ECC   [      SECP256R1]   256 key gen      1350 ops took 1.000 sec, avg 0.741 ms, 1349.825 ops/sec
ECDHE [      SECP256R1]   256 agree         900 ops took 1.007 sec, avg 1.119 ms, 893.486 ops/sec
ECDSA [      SECP256R1]   256 sign         1200 ops took 1.051 sec, avg 0.876 ms, 1142.076 ops/sec
ECDSA [      SECP256R1]   256 verify        900 ops took 1.064 sec, avg 1.182 ms, 845.765 ops/sec
Benchmark complete
[SGXSan] ALWAYS: Enter wc_test
INFO: A corpus is not provided, starting from an empty corpus
------------------------------------------------------------------------------
 wolfSSL version 5.1.0
------------------------------------------------------------------------------
error    test passed!
MEMORY   test passed!
base64   test passed!
asn      test passed!
RANDOM   test passed!
MD5      test passed!
MD4      test passed!
SHA      test passed!
SHA-256  test passed!
Hash     test passed!
HMAC-MD5 test passed!
HMAC-SHA test passed!
HMAC-SHA256 test passed!
GMAC     test passed!
HC-128   test passed!
Rabbit   test passed!
DES      test passed!
DES3     test passed!
AES      test passed!
AES192   test passed!
AES256   test passed!
AES-GCM  test passed!
RSA      test passed!
DH       test passed!
DSA      test passed!
PWDBASED test passed!
ECC      test passed!
ECC buffer test passed!
logging  test passed!
mutex    test passed!
memcb    test passed!
Test complete
[SGXSan] ALWAYS: Enter enc_wolfSSL_Init
[SGXSan] ALWAYS: Enter enc_wolfSSL_CTX_free
[SGXSan] ALWAYS: Enter enc_wolfSSL_CTX_load_verify_buffer
[SGXSan] ALWAYS: Enter enc_wolfSSL_CTX_new
[SGXSan] ALWAYS: Enter enc_wolfSSL_CTX_set_cipher_list
[SGXSan] ALWAYS: Enter enc_wolfSSL_CTX_use_PrivateKey_buffer
[SGXSan] ALWAYS: Enter enc_wolfSSL_CTX_use_certificate_buffer
[SGXSan] ALWAYS: Enter enc_wolfSSL_CTX_use_certificate_chain_buffer_format
[SGXSan] ALWAYS: Enter enc_wolfSSL_Cleanup
[SGXSan] ALWAYS: Enter enc_wolfSSL_Debugging_OFF
[SGXSan] ALWAYS: Enter enc_wolfSSL_Debugging_ON
[SGXSan] ALWAYS: Enter enc_wolfSSL_connect
[SGXSan] ALWAYS: Enter enc_wolfSSL_free
[SGXSan] ALWAYS: Enter enc_wolfSSL_get_error
[SGXSan] ALWAYS: Enter enc_wolfSSL_new
[SGXSan] ALWAYS: Enter enc_wolfSSL_read
[SGXSan] ALWAYS: Enter enc_wolfSSL_set_fd
[SGXSan] ALWAYS: Enter enc_wolfSSL_write
[SGXSan] ALWAYS: Enter enc_wolfTLSv1_2_client_method
[SGXSan] ALWAYS: Enter enc_wolfTLSv1_2_server_method
[SGXSan] ALWAYS: Enter wc_benchmark_test
------------------------------------------------------------------------------
 wolfSSL version 5.1.0
------------------------------------------------------------------------------
wolfCrypt Benchmark (block bytes 1048576, min 1.0 sec each)
RNG                 15 MB took 1.140 seconds,   13.155 MB/s
AES-128-CBC-enc     35 MB took 1.063 seconds,   32.924 MB/s
AES-128-CBC-dec     30 MB took 1.002 seconds,   29.926 MB/s
AES-192-CBC-enc     30 MB took 1.083 seconds,   27.700 MB/s
AES-192-CBC-dec     30 MB took 1.141 seconds,   26.294 MB/s
AES-256-CBC-enc     25 MB took 1.002 seconds,   24.947 MB/s
AES-256-CBC-dec     25 MB took 1.072 seconds,   23.317 MB/s
AES-128-GCM-enc     25 MB took 1.079 seconds,   23.174 MB/s
AES-128-GCM-dec     25 MB took 1.055 seconds,   23.688 MB/s
AES-192-GCM-enc     25 MB took 1.234 seconds,   20.266 MB/s
AES-192-GCM-dec     25 MB took 1.215 seconds,   20.584 MB/s
AES-256-GCM-enc     20 MB took 1.065 seconds,   18.773 MB/s
AES-256-GCM-dec     20 MB took 1.037 seconds,   19.295 MB/s
GMAC Table 4-bit    67 MB took 1.000 seconds,   66.991 MB/s
RABBIT              95 MB took 1.051 seconds,   90.399 MB/s
3DES                10 MB took 1.080 seconds,    9.259 MB/s
MD5                300 MB took 1.001 seconds,  299.600 MB/s
SHA                130 MB took 1.022 seconds,  127.253 MB/s
SHA-256             35 MB took 1.135 seconds,   30.847 MB/s
HMAC-MD5           305 MB took 1.003 seconds,  303.944 MB/s
HMAC-SHA           130 MB took 1.030 seconds,  126.176 MB/s
HMAC-SHA256         35 MB took 1.136 seconds,   30.799 MB/s
PBKDF2               4 KB took 1.003 seconds,    3.739 KB/s
RSA     2048 public       1400 ops took 1.029 sec, avg 0.735 ms, 1361.163 ops/sec
RSA     2048 private       100 ops took 3.775 sec, avg 37.746 ms, 26.493 ops/sec
DH      2048 key gen        63 ops took 1.014 sec, avg 16.088 ms, 62.157 ops/sec
DH      2048 agree         100 ops took 1.594 sec, avg 15.941 ms, 62.733 ops/sec
ECC   [      SECP256R1]   256 key gen      1359 ops took 1.001 sec, avg 0.736 ms, 1358.180 ops/sec
ECDHE [      SECP256R1]   256 agree         900 ops took 1.042 sec, avg 1.158 ms, 863.434 ops/sec
ECDSA [      SECP256R1]   256 sign         1200 ops took 1.010 sec, avg 0.842 ms, 1188.125 ops/sec
ECDSA [      SECP256R1]   256 verify        900 ops took 1.066 sec, avg 1.185 ms, 843.938 ops/sec
Benchmark complete
[SGXSan] ALWAYS: Enter wc_test
#2	pulse  ft: 6288 exec/s: 0 rss: 48Mb
Slowest unit: 42 s:
artifact_prefix='./crashes/'; Test unit written to ./crashes/slow-unit-adc83b19e793491b1c6ea0fd8b46cd9f32e592fc
Base64: Cg==
#2	INITED cov: 6288 ft: 6288 corp: 1/1b exec/s: 0 rss: 49Mb
#2	DONE   cov: 6288 ft: 6288 corp: 1/1b lim: 4 exec/s: 0 rss: 49Mb
Done 2 runs in 84 second(s)
stat::number_of_executed_units: 2
stat::average_exec_per_sec:     0
stat::new_units_added:          0
stat::slowest_unit_time_sec:    42
stat::peak_rss_mb:              49
------------------------------------------------------------------------------
 wolfSSL version 5.1.0
------------------------------------------------------------------------------
error    test passed!
MEMORY   test passed!
base64   test passed!
asn      test passed!
RANDOM   test passed!
MD5      test passed!
MD4      test passed!
SHA      test passed!
SHA-256  test passed!
Hash     test passed!
HMAC-MD5 test passed!
HMAC-SHA test passed!
HMAC-SHA256 test passed!
GMAC     test passed!
HC-128   test passed!
Rabbit   test passed!
DES      test passed!
DES3     test passed!
AES      test passed!
AES192   test passed!
AES256   test passed!
AES-GCM  test passed!
RSA      test passed!
DH       test passed!
DSA      test passed!
PWDBASED test passed!
ECC      test passed!
ECC buffer test passed!
logging  test passed!
mutex    test passed!
memcb    test failed!
 error = -13803
