WARNING: Failed to find function "__sanitizer_acquire_crash_state".
WARNING: Failed to find function "__sanitizer_print_stack_trace".
WARNING: Failed to find function "__sanitizer_set_death_callback".
[2023-01-15 19:40:35.306] [Init] Num of ECall: 22
[2023-01-15 19:40:35.306] ECalls:
  0 - fuzz_enc_wolfSSL_CTX_free
  1 - fuzz_enc_wolfSSL_CTX_load_verify_buffer
  2 - fuzz_enc_wolfSSL_CTX_new
  3 - fuzz_enc_wolfSSL_CTX_set_cipher_list
  4 - fuzz_enc_wolfSSL_CTX_use_PrivateKey_buffer
  5 - fuzz_enc_wolfSSL_CTX_use_certificate_buffer
  6 - fuzz_enc_wolfSSL_CTX_use_certificate_chain_buffer_format
  7 - fuzz_enc_wolfSSL_Cleanup
  8 - fuzz_enc_wolfSSL_Debugging_OFF
  9 - fuzz_enc_wolfSSL_Debugging_ON
  10 - fuzz_enc_wolfSSL_Init
  11 - fuzz_enc_wolfSSL_connect
  12 - fuzz_enc_wolfSSL_free
  13 - fuzz_enc_wolfSSL_get_error
  14 - fuzz_enc_wolfSSL_new
  15 - fuzz_enc_wolfSSL_read
  16 - fuzz_enc_wolfSSL_set_fd
  17 - fuzz_enc_wolfSSL_write
  18 - fuzz_enc_wolfTLSv1_2_client_method
  19 - fuzz_enc_wolfTLSv1_2_server_method
  20 - fuzz_wc_benchmark_test
  21 - fuzz_wc_test

INFO: found LLVMFuzzerCustomMutator (0x44ac30). Disabling -len_control by default.
INFO: libFuzzer ignores flags that start with '--'
INFO: Running with entropic power schedule (0xFF, 100).
INFO: Seed: 3785791234
INFO: Loaded 1 modules   (291 inline 8-bit counters): 291 [0x4cb7e8, 0x4cb90b), 
INFO: Loaded 1 PC tables (291 PCs): 291 [0x4cb910,0x4ccb40), 
INFO:        0 files found in /tmp/libFuzzerTemp.FuzzWithFork422940.dir/C208
[SGXSan] ALWAYS: Hook __sanitizer_cov_8bit_counters_init of Enclave, 21636 inline 8-bit counts [0x7fbc24cd89c0, 0x7fbc24cdde44) (First time)
[SGXSan] ALWAYS: Hook __sanitizer_cov_pcs_init of Enclave, 21636 PCs [0x7fbc24cdde48, 0x7fbc24d32688) (First time)
[SGXSan] ALWAYS: Enter enc_wolfSSL_CTX_free
[SGXSan] ALWAYS: Enter enc_wolfSSL_CTX_load_verify_buffer
[SGXSan] ALWAYS: Enter enc_wolfSSL_CTX_new
[SGXSan] ALWAYS: Enter enc_wolfSSL_CTX_set_cipher_list
[SGXSan] ALWAYS: Enter enc_wolfSSL_CTX_use_PrivateKey_buffer
[SGXSan] ALWAYS: Enter enc_wolfSSL_CTX_use_certificate_buffer
[SGXSan] ALWAYS: Enter enc_wolfSSL_CTX_use_certificate_chain_buffer_format
[SGXSan] ALWAYS: Enter enc_wolfSSL_Cleanup
[SGXSan] ALWAYS: Enter enc_wolfSSL_Debugging_OFF
[SGXSan] ALWAYS: Enter enc_wolfSSL_Debugging_ON
[SGXSan] ALWAYS: Enter enc_wolfSSL_Init
[SGXSan] ALWAYS: Enter enc_wolfSSL_connect
[SGXSan] ALWAYS: Enter enc_wolfSSL_free
[SGXSan] ALWAYS: Enter enc_wolfSSL_get_error
[SGXSan] ALWAYS: Enter enc_wolfSSL_new
[SGXSan] ALWAYS: Enter enc_wolfSSL_read
[SGXSan] ALWAYS: Enter enc_wolfSSL_set_fd
[SGXSan] ALWAYS: Enter enc_wolfSSL_write
[SGXSan] ALWAYS: Enter enc_wolfTLSv1_2_client_method
[SGXSan] ALWAYS: Enter enc_wolfTLSv1_2_server_method
[SGXSan] ALWAYS: Enter wc_benchmark_test
------------------------------------------------------------------------------
 wolfSSL version 5.1.0
------------------------------------------------------------------------------
wolfCrypt Benchmark (block bytes 1048576, min 1.0 sec each)
RNG                 15 MB took 1.146 seconds,   13.084 MB/s
AES-128-CBC-enc     35 MB took 1.059 seconds,   33.065 MB/s
AES-128-CBC-dec     35 MB took 1.148 seconds,   30.495 MB/s
AES-192-CBC-enc     30 MB took 1.050 seconds,   28.576 MB/s
AES-192-CBC-dec     30 MB took 1.155 seconds,   25.969 MB/s
AES-256-CBC-enc     30 MB took 1.185 seconds,   25.323 MB/s
AES-256-CBC-dec     25 MB took 1.073 seconds,   23.298 MB/s
AES-128-GCM-enc     25 MB took 1.040 seconds,   24.030 MB/s
AES-128-GCM-dec     25 MB took 1.040 seconds,   24.045 MB/s
AES-192-GCM-enc     25 MB took 1.199 seconds,   20.852 MB/s
AES-192-GCM-dec     25 MB took 1.165 seconds,   21.450 MB/s
AES-256-GCM-enc     20 MB took 1.020 seconds,   19.598 MB/s
AES-256-GCM-dec     20 MB took 1.011 seconds,   19.785 MB/s
GMAC Table 4-bit    69 MB took 1.011 seconds,   68.257 MB/s
RABBIT              90 MB took 1.010 seconds,   89.129 MB/s
3DES                10 MB took 1.088 seconds,    9.189 MB/s
MD5                305 MB took 1.011 seconds,  301.781 MB/s
SHA                130 MB took 1.013 seconds,  128.279 MB/s
SHA-256             35 MB took 1.135 seconds,   30.831 MB/s
HMAC-MD5           305 MB took 1.014 seconds,  300.729 MB/s
HMAC-SHA           130 MB took 1.025 seconds,  126.830 MB/s
HMAC-SHA256         35 MB took 1.138 seconds,   30.768 MB/s
PBKDF2               4 KB took 1.000 seconds,    3.780 KB/s
RSA     2048 public       1400 ops took 1.014 sec, avg 0.724 ms, 1381.060 ops/sec
RSA     2048 private       100 ops took 3.673 sec, avg 36.730 ms, 27.226 ops/sec
DH      2048 key gen        66 ops took 1.015 sec, avg 15.373 ms, 65.048 ops/sec
DH      2048 agree         100 ops took 1.562 sec, avg 15.622 ms, 64.013 ops/sec
ECC   [      SECP256R1]   256 key gen      1402 ops took 1.000 sec, avg 0.713 ms, 1401.566 ops/sec
ECDHE [      SECP256R1]   256 agree        1000 ops took 1.090 sec, avg 1.090 ms, 917.670 ops/sec
ECDSA [      SECP256R1]   256 sign         1300 ops took 1.077 sec, avg 0.828 ms, 1207.504 ops/sec
ECDSA [      SECP256R1]   256 verify        900 ops took 1.058 sec, avg 1.176 ms, 850.340 ops/sec
Benchmark complete
[SGXSan] ALWAYS: Enter wc_test
INFO: seed corpus: files: 4 min: 370191b max: 370191b total: 1480764b rss: 43Mb
------------------------------------------------------------------------------
 wolfSSL version 5.1.0
------------------------------------------------------------------------------
error    test passed!
MEMORY   test passed!
base64   test passed!
asn      test passed!
RANDOM   test passed!
MD5      test passed!
MD4      test passed!
SHA      test passed!
SHA-256  test passed!
Hash     test passed!
HMAC-MD5 test passed!
HMAC-SHA test passed!
HMAC-SHA256 test passed!
GMAC     test passed!
HC-128   test passed!
Rabbit   test passed!
DES      test passed!
DES3     test passed!
AES      test passed!
AES192   test passed!
AES256   test passed!
AES-GCM  test passed!
RSA      test passed!
DH       test passed!
DSA      test passed!
PWDBASED test passed!
ECC      test passed!
ECC buffer test passed!
logging  test passed!
mutex    test passed!
memcb    test passed!
Test complete
[SGXSan] ALWAYS: Enter enc_wolfSSL_new
[SGXSan] ALWAYS: Enter wc_test
------------------------------------------------------------------------------
 wolfSSL version 5.1.0
------------------------------------------------------------------------------
error    test passed!
MEMORY   test passed!
base64   test passed!
asn      test passed!
RANDOM   test passed!
MD5      test passed!
MD4      test passed!
SHA      test passed!
SHA-256  test passed!
Hash     test passed!
HMAC-MD5 test passed!
HMAC-SHA test passed!
HMAC-SHA256 test passed!
GMAC     test passed!
HC-128   test passed!
Rabbit   test passed!
DES      test passed!
DES3     test passed!
AES      test passed!
AES192   test passed!
AES256   test passed!
AES-GCM  test passed!
RSA      test passed!
DH       test passed!
DSA      test passed!
PWDBASED test passed!
ECC      test passed!
ECC buffer test passed!
logging  test passed!
mutex    test passed!
memcb    test failed!
 error = -13803
[SGXSan] ALWAYS: Enter enc_wolfSSL_CTX_use_certificate_chain_buffer_format
[SGXSan] ALWAYS: Enter enc_wolfSSL_write
[SGXSan] ALWAYS: Enter enc_wolfSSL_get_error
[SGXSan] ALWAYS: Enter enc_wolfSSL_CTX_load_verify_buffer
[SGXSan] ALWAYS: Enter enc_wolfSSL_CTX_use_PrivateKey_buffer
[SGXSan] ALWAYS: Enter enc_wolfSSL_CTX_use_certificate_buffer
[SGXSan] ALWAYS: Enter enc_wolfTLSv1_2_server_method
[SGXSan] ALWAYS: Enter enc_wolfSSL_Debugging_ON
[SGXSan] ALWAYS: Enter enc_wolfSSL_CTX_new
[SGXSan] ALWAYS: Enter enc_wolfSSL_Cleanup
[SGXSan] ALWAYS: Enter enc_wolfSSL_connect
[SGXSan] ALWAYS: Enter wc_benchmark_test
------------------------------------------------------------------------------
 wolfSSL version 5.1.0
------------------------------------------------------------------------------
wolfCrypt Benchmark (block bytes 1048576, min 1.0 sec each)
RNG                 10 MB took 1.305 seconds,    7.661 MB/s
AES-128-CBC-enc     20 MB took 1.096 seconds,   18.243 MB/s
AES-128-CBC-dec     20 MB took 1.189 seconds,   16.816 MB/s
AES-192-CBC-enc     20 MB took 1.285 seconds,   15.561 MB/s
AES-192-CBC-dec     15 MB took 1.027 seconds,   14.608 MB/s
AES-256-CBC-enc     15 MB took 1.078 seconds,   13.917 MB/s
AES-256-CBC-dec     15 MB took 1.130 seconds,   13.269 MB/s
AES-128-GCM-enc     15 MB took 1.111 seconds,   13.497 MB/s
AES-128-GCM-dec     15 MB took 1.107 seconds,   13.553 MB/s
AES-192-GCM-enc     15 MB took 1.250 seconds,   12.003 MB/s
AES-192-GCM-dec     15 MB took 1.250 seconds,   12.003 MB/s
AES-256-GCM-enc     15 MB took 1.343 seconds,   11.169 MB/s
AES-256-GCM-dec     15 MB took 1.357 seconds,   11.054 MB/s
GMAC Table 4-bit    65 MB took 1.001 seconds,   64.935 MB/s
RABBIT              90 MB took 1.011 seconds,   89.021 MB/s
3DES                10 MB took 1.118 seconds,    8.945 MB/s
MD5                255 MB took 1.008 seconds,  253.085 MB/s
SHA                130 MB took 1.039 seconds,  125.078 MB/s
SHA-256             35 MB took 1.164 seconds,   30.077 MB/s
HMAC-MD5           300 MB took 1.010 seconds,  297.051 MB/s
HMAC-SHA           125 MB took 1.002 seconds,  124.793 MB/s
HMAC-SHA256         30 MB took 1.004 seconds,   29.873 MB/s
PBKDF2               4 KB took 1.008 seconds,    3.690 KB/s
RSA     2048 public       1400 ops took 1.031 sec, avg 0.737 ms, 1357.610 ops/sec
RSA     2048 private       100 ops took 3.783 sec, avg 37.827 ms, 26.436 ops/sec
DH      2048 key gen        64 ops took 1.004 sec, avg 15.687 ms, 63.746 ops/sec
DH      2048 agree         100 ops took 1.567 sec, avg 15.665 ms, 63.836 ops/sec
ECC   [      SECP256R1]   256 key gen      1382 ops took 1.000 sec, avg 0.724 ms, 1381.914 ops/sec
ECDHE [      SECP256R1]   256 agree         900 ops took 1.043 sec, avg 1.159 ms, 862.525 ops/sec
ECDSA [      SECP256R1]   256 sign         1200 ops took 1.019 sec, avg 0.849 ms, 1177.743 ops/sec
ECDSA [      SECP256R1]   256 verify        900 ops took 1.073 sec, avg 1.192 ms, 838.880 ops/sec
Benchmark complete
[SGXSan] ALWAYS: Enter enc_wolfSSL_free
[SGXSan] ALWAYS: Enter enc_wolfSSL_set_fd
[SGXSan] ALWAYS: Enter enc_wolfTLSv1_2_client_method
[SGXSan] ALWAYS: Enter enc_wolfSSL_Init
[SGXSan] ALWAYS: Enter enc_wolfSSL_CTX_set_cipher_list
[SGXSan] ALWAYS: Enter enc_wolfSSL_Debugging_OFF
[SGXSan] ALWAYS: Enter enc_wolfSSL_read
[SGXSan] ALWAYS: Enter enc_wolfSSL_CTX_free
#2	pulse  ft: 6297 exec/s: 0 rss: 49Mb
Slowest unit: 43 s:
artifact_prefix='./crashes/'; Test unit written to ./crashes/slow-unit-ddd80d5e9861e976679df15b45e797151fd301fa
[SGXSan] ALWAYS: Enter enc_wolfSSL_connect
[SGXSan] ALWAYS: Enter enc_wolfSSL_free
[SGXSan] ALWAYS: Enter enc_wolfSSL_Init
[SGXSan] ALWAYS: Enter wc_benchmark_test
------------------------------------------------------------------------------
 wolfSSL version 5.1.0
------------------------------------------------------------------------------
wolfCrypt Benchmark (block bytes 1048576, min 1.0 sec each)
RNG                 15 MB took 1.157 seconds,   12.965 MB/s
AES-128-CBC-enc     35 MB took 1.087 seconds,   32.189 MB/s
AES-128-CBC-dec     30 MB took 1.038 seconds,   28.904 MB/s
AES-192-CBC-enc     30 MB took 1.067 seconds,   28.115 MB/s
AES-192-CBC-dec     30 MB took 1.159 seconds,   25.879 MB/s
AES-256-CBC-enc     30 MB took 1.180 seconds,   25.432 MB/s
AES-256-CBC-dec     25 MB took 1.057 seconds,   23.646 MB/s
AES-128-GCM-enc     25 MB took 1.085 seconds,   23.034 MB/s
AES-128-GCM-dec     25 MB took 1.078 seconds,   23.196 MB/s
AES-192-GCM-enc     25 MB took 1.231 seconds,   20.313 MB/s
AES-192-GCM-dec     25 MB took 1.194 seconds,   20.930 MB/s
AES-256-GCM-enc     20 MB took 1.041 seconds,   19.211 MB/s
AES-256-GCM-dec     20 MB took 1.062 seconds,   18.825 MB/s
GMAC Table 4-bit    67 MB took 1.008 seconds,   66.501 MB/s
RABBIT              90 MB took 1.019 seconds,   88.326 MB/s
3DES                10 MB took 1.095 seconds,    9.132 MB/s
MD5                305 MB took 1.013 seconds,  301.121 MB/s
SHA                130 MB took 1.025 seconds,  126.876 MB/s
SHA-256             35 MB took 1.137 seconds,   30.782 MB/s
HMAC-MD5           305 MB took 1.016 seconds,  300.053 MB/s
HMAC-SHA           130 MB took 1.018 seconds,  127.654 MB/s
HMAC-SHA256         35 MB took 1.164 seconds,   30.073 MB/s
PBKDF2               4 KB took 1.005 seconds,    3.764 KB/s
RSA     2048 public       1400 ops took 1.009 sec, avg 0.720 ms, 1388.009 ops/sec
RSA     2048 private       100 ops took 3.668 sec, avg 36.679 ms, 27.264 ops/sec
DH      2048 key gen        65 ops took 1.003 sec, avg 15.423 ms, 64.836 ops/sec
DH      2048 agree         100 ops took 1.530 sec, avg 15.298 ms, 65.369 ops/sec
ECC   [      SECP256R1]   256 key gen      1419 ops took 1.000 sec, avg 0.705 ms, 1418.297 ops/sec
ECDHE [      SECP256R1]   256 agree         900 ops took 1.002 sec, avg 1.114 ms, 897.800 ops/sec
ECDSA [      SECP256R1]   256 sign         1200 ops took 1.002 sec, avg 0.835 ms, 1197.442 ops/sec
ECDSA [      SECP256R1]   256 verify        900 ops took 1.049 sec, avg 1.165 ms, 858.070 ops/sec
Benchmark complete
[SGXSan] ALWAYS: Enter enc_wolfSSL_Debugging_ON
[SGXSan] ALWAYS: Enter enc_wolfSSL_read
[SGXSan] ALWAYS: Enter enc_wolfSSL_CTX_use_certificate_chain_buffer_format
[SGXSan] ALWAYS: Enter enc_wolfSSL_CTX_load_verify_buffer
[SGXSan] ALWAYS: Enter enc_wolfSSL_set_fd
[SGXSan] ALWAYS: Enter enc_wolfSSL_write
[SGXSan] ALWAYS: Enter enc_wolfSSL_Cleanup
[SGXSan] ALWAYS: Enter enc_wolfSSL_new
[SGXSan] ALWAYS: Enter enc_wolfSSL_CTX_set_cipher_list
[SGXSan] ALWAYS: Enter enc_wolfSSL_CTX_use_certificate_buffer
[SGXSan] ALWAYS: Enter enc_wolfSSL_CTX_use_PrivateKey_buffer
[SGXSan] ALWAYS: Enter enc_wolfSSL_get_error
[SGXSan] ALWAYS: Enter enc_wolfSSL_CTX_new
[SGXSan] ALWAYS: Enter enc_wolfTLSv1_2_client_method
[SGXSan] ALWAYS: Enter wc_test
------------------------------------------------------------------------------
 wolfSSL version 5.1.0
------------------------------------------------------------------------------
error    test passed!
MEMORY   test passed!
base64   test passed!
asn      test passed!
RANDOM   test passed!
MD5      test passed!
MD4      test passed!
SHA      test passed!
SHA-256  test passed!
Hash     test passed!
HMAC-MD5 test passed!
HMAC-SHA test passed!
HMAC-SHA256 test passed!
GMAC     test passed!
HC-128   test passed!
Rabbit   test passed!
DES      test passed!
DES3     test passed!
AES      test passed!
AES192   test passed!
AES256   test passed!
AES-GCM  test passed!
RSA      test passed!
DH       test passed!
DSA      test passed!
PWDBASED test passed!
ECC      test passed!
ECC buffer test passed!
logging  test passed!
mutex    test passed!
memcb    test failed!
 error = -13803
[SGXSan] ALWAYS: Enter enc_wolfTLSv1_2_server_method
[SGXSan] ALWAYS: Enter enc_wolfSSL_CTX_free
[SGXSan] ALWAYS: Enter enc_wolfSSL_Debugging_OFF
[SGXSan] ALWAYS: Enter enc_wolfSSL_connect
[SGXSan] ALWAYS: Enter enc_wolfSSL_free
[SGXSan] ALWAYS: Enter enc_wolfSSL_Init
[SGXSan] ALWAYS: Enter wc_benchmark_test
------------------------------------------------------------------------------
 wolfSSL version 5.1.0
------------------------------------------------------------------------------
wolfCrypt Benchmark (block bytes 1048576, min 1.0 sec each)
RNG                 15 MB took 1.132 seconds,   13.253 MB/s
AES-128-CBC-enc     35 MB took 1.070 seconds,   32.705 MB/s
AES-128-CBC-dec     35 MB took 1.149 seconds,   30.471 MB/s
AES-192-CBC-enc     30 MB took 1.056 seconds,   28.396 MB/s
AES-192-CBC-dec     30 MB took 1.128 seconds,   26.584 MB/s
AES-256-CBC-enc     30 MB took 1.180 seconds,   25.430 MB/s
AES-256-CBC-dec     25 MB took 1.033 seconds,   24.201 MB/s
AES-128-GCM-enc     25 MB took 1.049 seconds,   23.841 MB/s
AES-128-GCM-dec     25 MB took 1.044 seconds,   23.939 MB/s
AES-192-GCM-enc     25 MB took 1.167 seconds,   21.424 MB/s
AES-192-GCM-dec     25 MB took 1.178 seconds,   21.230 MB/s
AES-256-GCM-enc     20 MB took 1.016 seconds,   19.683 MB/s
AES-256-GCM-dec     20 MB took 1.018 seconds,   19.642 MB/s
GMAC Table 4-bit    69 MB took 1.011 seconds,   68.282 MB/s
RABBIT              95 MB took 1.042 seconds,   91.142 MB/s
3DES                10 MB took 1.095 seconds,    9.129 MB/s
MD5                305 MB took 1.012 seconds,  301.474 MB/s
SHA                130 MB took 1.014 seconds,  128.248 MB/s
SHA-256             35 MB took 1.129 seconds,   30.989 MB/s
HMAC-MD5           300 MB took 1.011 seconds,  296.799 MB/s
HMAC-SHA           130 MB took 1.020 seconds,  127.493 MB/s
HMAC-SHA256         30 MB took 1.009 seconds,   29.729 MB/s
PBKDF2               4 KB took 1.001 seconds,    3.776 KB/s
RSA     2048 public       1400 ops took 1.004 sec, avg 0.717 ms, 1394.236 ops/sec
RSA     2048 private       100 ops took 3.701 sec, avg 37.006 ms, 27.023 ops/sec
DH      2048 key gen        66 ops took 1.011 sec, avg 15.317 ms, 65.286 ops/sec
DH      2048 agree         100 ops took 1.551 sec, avg 15.510 ms, 64.474 ops/sec
ECC   [      SECP256R1]   256 key gen      1411 ops took 1.001 sec, avg 0.709 ms, 1410.085 ops/sec
ECDHE [      SECP256R1]   256 agree         900 ops took 1.014 sec, avg 1.127 ms, 887.410 ops/sec
ECDSA [      SECP256R1]   256 sign         1200 ops took 1.019 sec, avg 0.849 ms, 1178.134 ops/sec
ECDSA [      SECP256R1]   256 verify        900 ops took 1.060 sec, avg 1.178 ms, 848.876 ops/sec
Benchmark complete
[SGXSan] ALWAYS: Enter enc_wolfSSL_Debugging_ON
[SGXSan] ALWAYS: Enter enc_wolfSSL_read
[SGXSan] ALWAYS: Enter enc_wolfSSL_CTX_use_certificate_chain_buffer_format
[SGXSan] ALWAYS: Enter enc_wolfSSL_CTX_load_verify_buffer
[SGXSan] ALWAYS: Enter enc_wolfSSL_set_fd
[SGXSan] ALWAYS: Enter enc_wolfSSL_write
[SGXSan] ALWAYS: Enter enc_wolfSSL_Cleanup
[SGXSan] ALWAYS: Enter enc_wolfSSL_new
[SGXSan] ALWAYS: Enter enc_wolfSSL_CTX_set_cipher_list
[SGXSan] ALWAYS: Enter enc_wolfSSL_CTX_use_certificate_buffer
[SGXSan] ALWAYS: Enter enc_wolfSSL_CTX_use_PrivateKey_buffer
[SGXSan] ALWAYS: Enter enc_wolfSSL_get_error
[SGXSan] ALWAYS: Enter enc_wolfSSL_CTX_new
[SGXSan] ALWAYS: Enter enc_wolfTLSv1_2_client_method
[SGXSan] ALWAYS: Enter wc_test
------------------------------------------------------------------------------
 wolfSSL version 5.1.0
------------------------------------------------------------------------------
error    test passed!
MEMORY   test passed!
base64   test passed!
asn      test passed!
RANDOM   test passed!
MD5      test passed!
MD4      test passed!
SHA      test passed!
SHA-256  test passed!
Hash     test passed!
HMAC-MD5 test passed!
HMAC-SHA test passed!
HMAC-SHA256 test passed!
GMAC     test passed!
HC-128   test passed!
Rabbit   test passed!
DES      test passed!
DES3     test passed!
AES      test passed!
AES192   test passed!
AES256   test passed!
AES-GCM  test passed!
RSA      test passed!
DH       test passed!
DSA      test passed!
PWDBASED test passed!
ECC      test passed!
ECC buffer test passed!
logging  test passed!
mutex    test passed!
memcb    test failed!
 error = -13803
[SGXSan] ALWAYS: Enter enc_wolfTLSv1_2_server_method
[SGXSan] ALWAYS: Enter enc_wolfSSL_CTX_free
[SGXSan] ALWAYS: Enter enc_wolfSSL_Debugging_OFF
#4	pulse  cov: 6297 ft: 6307 corp: 2/723Kb exec/s: 0 rss: 64Mb
[SGXSan] ALWAYS: Enter enc_wolfSSL_new
[SGXSan] ALWAYS: Enter wc_test
------------------------------------------------------------------------------
 wolfSSL version 5.1.0
------------------------------------------------------------------------------
error    test passed!
MEMORY   test passed!
base64   test passed!
asn      test passed!
RANDOM   test passed!
MD5      test passed!
MD4      test passed!
SHA      test passed!
SHA-256  test passed!
Hash     test passed!
HMAC-MD5 test passed!
HMAC-SHA test passed!
HMAC-SHA256 test passed!
GMAC     test passed!
HC-128   test passed!
Rabbit   test passed!
DES      test passed!
DES3     test passed!
AES      test passed!
AES192   test passed!
AES256   test passed!
AES-GCM  test passed!
RSA      test passed!
DH       test passed!
DSA      test passed!
PWDBASED test passed!
ECC      test passed!
ECC buffer test passed!
logging  test passed!
mutex    test passed!
memcb    test failed!
 error = -13803
[SGXSan] ALWAYS: Enter enc_wolfSSL_CTX_use_certificate_chain_buffer_format
[SGXSan] ALWAYS: Enter enc_wolfSSL_write
[SGXSan] ALWAYS: Enter enc_wolfSSL_get_error
[SGXSan] ALWAYS: Enter enc_wolfSSL_CTX_load_verify_buffer
[SGXSan] ALWAYS: Enter enc_wolfSSL_CTX_use_PrivateKey_buffer
[SGXSan] ALWAYS: Enter enc_wolfSSL_CTX_use_certificate_buffer
[SGXSan] ALWAYS: Enter enc_wolfTLSv1_2_server_method
[SGXSan] ALWAYS: Enter enc_wolfSSL_Debugging_ON
[SGXSan] ALWAYS: Enter enc_wolfSSL_CTX_new
[SGXSan] ALWAYS: Enter enc_wolfSSL_Cleanup
[SGXSan] ALWAYS: Enter enc_wolfSSL_connect
[SGXSan] ALWAYS: Enter wc_benchmark_test
------------------------------------------------------------------------------
 wolfSSL version 5.1.0
------------------------------------------------------------------------------
wolfCrypt Benchmark (block bytes 1048576, min 1.0 sec each)
RNG                 15 MB took 1.146 seconds,   13.092 MB/s
AES-128-CBC-enc     35 MB took 1.088 seconds,   32.171 MB/s
AES-128-CBC-dec     30 MB took 1.003 seconds,   29.898 MB/s
AES-192-CBC-enc     30 MB took 1.073 seconds,   27.970 MB/s
AES-192-CBC-dec     30 MB took 1.165 seconds,   25.750 MB/s
AES-256-CBC-enc     25 MB took 1.013 seconds,   24.684 MB/s
AES-256-CBC-dec     25 MB took 1.075 seconds,   23.259 MB/s
AES-128-GCM-enc     25 MB took 1.067 seconds,   23.422 MB/s
AES-128-GCM-dec     25 MB took 1.061 seconds,   23.555 MB/s
AES-192-GCM-enc     25 MB took 1.212 seconds,   20.630 MB/s
AES-192-GCM-dec     25 MB took 1.191 seconds,   20.996 MB/s
AES-256-GCM-enc     20 MB took 1.046 seconds,   19.112 MB/s
AES-256-GCM-dec     20 MB took 1.034 seconds,   19.341 MB/s
GMAC Table 4-bit    68 MB took 1.010 seconds,   67.301 MB/s
RABBIT              90 MB took 1.038 seconds,   86.707 MB/s
3DES                10 MB took 1.104 seconds,    9.059 MB/s
MD5                300 MB took 1.017 seconds,  295.010 MB/s
SHA                130 MB took 1.034 seconds,  125.777 MB/s
SHA-256             35 MB took 1.151 seconds,   30.404 MB/s
HMAC-MD5           255 MB took 1.015 seconds,  251.268 MB/s
HMAC-SHA            75 MB took 1.036 seconds,   72.377 MB/s
HMAC-SHA256         20 MB took 1.110 seconds,   18.012 MB/s
PBKDF2               2 KB took 1.013 seconds,    2.189 KB/s
RSA     2048 public        900 ops took 1.109 sec, avg 1.233 ms, 811.290 ops/sec
RSA     2048 private       100 ops took 6.221 sec, avg 62.206 ms, 16.076 ops/sec
DH      2048 key gen        64 ops took 1.014 sec, avg 15.836 ms, 63.147 ops/sec
DH      2048 agree         100 ops took 1.575 sec, avg 15.752 ms, 63.484 ops/sec
ECC   [      SECP256R1]   256 key gen      1381 ops took 1.000 sec, avg 0.724 ms, 1380.648 ops/sec
ECDHE [      SECP256R1]   256 agree        1000 ops took 1.105 sec, avg 1.105 ms, 905.146 ops/sec
ECDSA [      SECP256R1]   256 sign         1200 ops took 1.021 sec, avg 0.851 ms, 1175.279 ops/sec
ECDSA [      SECP256R1]   256 verify        900 ops took 1.063 sec, avg 1.181 ms, 846.422 ops/sec
Benchmark complete
[SGXSan] ALWAYS: Enter enc_wolfSSL_free
[SGXSan] ALWAYS: Enter enc_wolfSSL_set_fd
[SGXSan] ALWAYS: Enter enc_wolfTLSv1_2_client_method
[SGXSan] ALWAYS: Enter enc_wolfSSL_Init
[SGXSan] ALWAYS: Enter enc_wolfSSL_CTX_set_cipher_list
[SGXSan] ALWAYS: Enter enc_wolfSSL_Debugging_OFF
[SGXSan] ALWAYS: Enter enc_wolfSSL_read
[SGXSan] ALWAYS: Enter enc_wolfSSL_CTX_free
#5	INITED cov: 6297 ft: 6307 corp: 3/1084Kb exec/s: 0 rss: 70Mb
#5	DONE   cov: 6297 ft: 6307 corp: 3/1084Kb lim: 370191 exec/s: 0 rss: 70Mb
Done 5 runs in 214 second(s)
stat::number_of_executed_units: 5
stat::average_exec_per_sec:     0
stat::new_units_added:          0
stat::slowest_unit_time_sec:    43
stat::peak_rss_mb:              70
