WARNING: Failed to find function "__sanitizer_acquire_crash_state".
WARNING: Failed to find function "__sanitizer_print_stack_trace".
WARNING: Failed to find function "__sanitizer_set_death_callback".
[2023-01-15 16:47:43.892] [Init] Num of ECall: 22
[2023-01-15 16:47:43.892] ECalls:
  0 - fuzz_enc_wolfSSL_CTX_free
  1 - fuzz_enc_wolfSSL_CTX_load_verify_buffer
  2 - fuzz_enc_wolfSSL_CTX_new
  3 - fuzz_enc_wolfSSL_CTX_set_cipher_list
  4 - fuzz_enc_wolfSSL_CTX_use_PrivateKey_buffer
  5 - fuzz_enc_wolfSSL_CTX_use_certificate_buffer
  6 - fuzz_enc_wolfSSL_CTX_use_certificate_chain_buffer_format
  7 - fuzz_enc_wolfSSL_Cleanup
  8 - fuzz_enc_wolfSSL_Debugging_OFF
  9 - fuzz_enc_wolfSSL_Debugging_ON
  10 - fuzz_enc_wolfSSL_Init
  11 - fuzz_enc_wolfSSL_connect
  12 - fuzz_enc_wolfSSL_free
  13 - fuzz_enc_wolfSSL_get_error
  14 - fuzz_enc_wolfSSL_new
  15 - fuzz_enc_wolfSSL_read
  16 - fuzz_enc_wolfSSL_set_fd
  17 - fuzz_enc_wolfSSL_write
  18 - fuzz_enc_wolfTLSv1_2_client_method
  19 - fuzz_enc_wolfTLSv1_2_server_method
  20 - fuzz_wc_benchmark_test
  21 - fuzz_wc_test

INFO: found LLVMFuzzerCustomMutator (0x44ac30). Disabling -len_control by default.
INFO: libFuzzer ignores flags that start with '--'
INFO: Running with entropic power schedule (0xFF, 100).
INFO: Seed: 422611038
INFO: Loaded 1 modules   (291 inline 8-bit counters): 291 [0x4cb7e8, 0x4cb90b), 
INFO: Loaded 1 PC tables (291 PCs): 291 [0x4cb910,0x4ccb40), 
INFO:        0 files found in /tmp/libFuzzerTemp.FuzzWithFork422940.dir/C21
[SGXSan] ALWAYS: Hook __sanitizer_cov_8bit_counters_init of Enclave, 21636 inline 8-bit counts [0x7fa3758a09c0, 0x7fa3758a5e44) (First time)
[SGXSan] ALWAYS: Hook __sanitizer_cov_pcs_init of Enclave, 21636 PCs [0x7fa3758a5e48, 0x7fa3758fa688) (First time)
[SGXSan] ALWAYS: Enter enc_wolfSSL_CTX_free
[SGXSan] ALWAYS: Enter enc_wolfSSL_CTX_load_verify_buffer
[SGXSan] ALWAYS: Enter enc_wolfSSL_CTX_new
[SGXSan] ALWAYS: Enter enc_wolfSSL_CTX_set_cipher_list
[SGXSan] ALWAYS: Enter enc_wolfSSL_CTX_use_PrivateKey_buffer
[SGXSan] ALWAYS: Enter enc_wolfSSL_CTX_use_certificate_buffer
[SGXSan] ALWAYS: Enter enc_wolfSSL_CTX_use_certificate_chain_buffer_format
[SGXSan] ALWAYS: Enter enc_wolfSSL_Cleanup
[SGXSan] ALWAYS: Enter enc_wolfSSL_Debugging_OFF
[SGXSan] ALWAYS: Enter enc_wolfSSL_Debugging_ON
[SGXSan] ALWAYS: Enter enc_wolfSSL_Init
[SGXSan] ALWAYS: Enter enc_wolfSSL_connect
[SGXSan] ALWAYS: Enter enc_wolfSSL_free
[SGXSan] ALWAYS: Enter enc_wolfSSL_get_error
[SGXSan] ALWAYS: Enter enc_wolfSSL_new
[SGXSan] ALWAYS: Enter enc_wolfSSL_read
[SGXSan] ALWAYS: Enter enc_wolfSSL_set_fd
[SGXSan] ALWAYS: Enter enc_wolfSSL_write
[SGXSan] ALWAYS: Enter enc_wolfTLSv1_2_client_method
[SGXSan] ALWAYS: Enter enc_wolfTLSv1_2_server_method
[SGXSan] ALWAYS: Enter wc_benchmark_test
------------------------------------------------------------------------------
 wolfSSL version 5.1.0
------------------------------------------------------------------------------
wolfCrypt Benchmark (block bytes 1048576, min 1.0 sec each)
RNG                 15 MB took 1.131 seconds,   13.266 MB/s
AES-128-CBC-enc     35 MB took 1.121 seconds,   31.229 MB/s
AES-128-CBC-dec     35 MB took 1.142 seconds,   30.641 MB/s
AES-192-CBC-enc     30 MB took 1.046 seconds,   28.674 MB/s
AES-192-CBC-dec     30 MB took 1.137 seconds,   26.374 MB/s
AES-256-CBC-enc     30 MB took 1.171 seconds,   25.629 MB/s
AES-256-CBC-dec     25 MB took 1.034 seconds,   24.180 MB/s
AES-128-GCM-enc     25 MB took 1.039 seconds,   24.066 MB/s
AES-128-GCM-dec     25 MB took 1.049 seconds,   23.823 MB/s
AES-192-GCM-enc     25 MB took 1.161 seconds,   21.530 MB/s
AES-192-GCM-dec     25 MB took 1.185 seconds,   21.103 MB/s
AES-256-GCM-enc     20 MB took 1.020 seconds,   19.612 MB/s
AES-256-GCM-dec     20 MB took 1.029 seconds,   19.433 MB/s
GMAC Table 4-bit    63 MB took 1.002 seconds,   62.893 MB/s
RABBIT              55 MB took 1.090 seconds,   50.438 MB/s
3DES                10 MB took 1.850 seconds,    5.406 MB/s
MD5                255 MB took 1.014 seconds,  251.566 MB/s
SHA                125 MB took 1.000 seconds,  124.996 MB/s
SHA-256             35 MB took 1.175 seconds,   29.781 MB/s
HMAC-MD5           305 MB took 1.012 seconds,  301.472 MB/s
HMAC-SHA           130 MB took 1.024 seconds,  126.924 MB/s
HMAC-SHA256         35 MB took 1.127 seconds,   31.054 MB/s
PBKDF2               4 KB took 1.004 seconds,    3.766 KB/s
RSA     2048 public       1400 ops took 1.045 sec, avg 0.747 ms, 1339.376 ops/sec
RSA     2048 private       100 ops took 3.706 sec, avg 37.063 ms, 26.981 ops/sec
DH      2048 key gen        64 ops took 1.000 sec, avg 15.631 ms, 63.975 ops/sec
DH      2048 agree         100 ops took 1.588 sec, avg 15.884 ms, 62.954 ops/sec
ECC   [      SECP256R1]   256 key gen      1383 ops took 1.000 sec, avg 0.723 ms, 1382.502 ops/sec
ECDHE [      SECP256R1]   256 agree         900 ops took 1.001 sec, avg 1.112 ms, 899.463 ops/sec
ECDSA [      SECP256R1]   256 sign         1200 ops took 1.017 sec, avg 0.848 ms, 1179.931 ops/sec
ECDSA [      SECP256R1]   256 verify        900 ops took 1.070 sec, avg 1.189 ms, 841.174 ops/sec
Benchmark complete
[SGXSan] ALWAYS: Enter wc_test
INFO: A corpus is not provided, starting from an empty corpus
------------------------------------------------------------------------------
 wolfSSL version 5.1.0
------------------------------------------------------------------------------
error    test passed!
MEMORY   test passed!
base64   test passed!
asn      test passed!
RANDOM   test passed!
MD5      test passed!
MD4      test passed!
SHA      test passed!
SHA-256  test passed!
Hash     test passed!
HMAC-MD5 test passed!
HMAC-SHA test passed!
HMAC-SHA256 test passed!
GMAC     test passed!
HC-128   test passed!
Rabbit   test passed!
DES      test passed!
DES3     test passed!
AES      test passed!
AES192   test passed!
AES256   test passed!
AES-GCM  test passed!
RSA      test passed!
DH       test passed!
DSA      test passed!
PWDBASED test passed!
ECC      test passed!
ECC buffer test passed!
logging  test passed!
mutex    test passed!
memcb    test passed!
Test complete
[SGXSan] ALWAYS: Enter enc_wolfSSL_Init
[SGXSan] ALWAYS: Enter enc_wolfSSL_CTX_free
[SGXSan] ALWAYS: Enter enc_wolfSSL_CTX_load_verify_buffer
[SGXSan] ALWAYS: Enter enc_wolfSSL_CTX_new
[SGXSan] ALWAYS: Enter enc_wolfSSL_CTX_set_cipher_list
[SGXSan] ALWAYS: Enter enc_wolfSSL_CTX_use_PrivateKey_buffer
[SGXSan] ALWAYS: Enter enc_wolfSSL_CTX_use_certificate_buffer
[SGXSan] ALWAYS: Enter enc_wolfSSL_CTX_use_certificate_chain_buffer_format
[SGXSan] ALWAYS: Enter enc_wolfSSL_Cleanup
[SGXSan] ALWAYS: Enter enc_wolfSSL_Debugging_OFF
[SGXSan] ALWAYS: Enter enc_wolfSSL_Debugging_ON
[SGXSan] ALWAYS: Enter enc_wolfSSL_connect
[SGXSan] ALWAYS: Enter enc_wolfSSL_free
[SGXSan] ALWAYS: Enter enc_wolfSSL_get_error
[SGXSan] ALWAYS: Enter enc_wolfSSL_new
[SGXSan] ALWAYS: Enter enc_wolfSSL_read
[SGXSan] ALWAYS: Enter enc_wolfSSL_set_fd
[SGXSan] ALWAYS: Enter enc_wolfSSL_write
[SGXSan] ALWAYS: Enter enc_wolfTLSv1_2_client_method
[SGXSan] ALWAYS: Enter enc_wolfTLSv1_2_server_method
[SGXSan] ALWAYS: Enter wc_benchmark_test
------------------------------------------------------------------------------
 wolfSSL version 5.1.0
------------------------------------------------------------------------------
wolfCrypt Benchmark (block bytes 1048576, min 1.0 sec each)
RNG                 15 MB took 1.139 seconds,   13.169 MB/s
AES-128-CBC-enc     35 MB took 1.075 seconds,   32.548 MB/s
AES-128-CBC-dec     35 MB took 1.148 seconds,   30.475 MB/s
AES-192-CBC-enc     30 MB took 1.059 seconds,   28.317 MB/s
AES-192-CBC-dec     30 MB took 1.155 seconds,   25.967 MB/s
AES-256-CBC-enc     30 MB took 1.194 seconds,   25.128 MB/s
AES-256-CBC-dec     25 MB took 1.059 seconds,   23.601 MB/s
AES-128-GCM-enc     25 MB took 1.075 seconds,   23.258 MB/s
AES-128-GCM-dec     25 MB took 1.091 seconds,   22.909 MB/s
AES-192-GCM-enc     25 MB took 1.222 seconds,   20.462 MB/s
AES-192-GCM-dec     25 MB took 1.196 seconds,   20.897 MB/s
AES-256-GCM-enc     20 MB took 1.039 seconds,   19.242 MB/s
AES-256-GCM-dec     20 MB took 1.021 seconds,   19.595 MB/s
GMAC Table 4-bit    69 MB took 1.003 seconds,   68.764 MB/s
RABBIT              95 MB took 1.052 seconds,   90.284 MB/s
3DES                10 MB took 1.083 seconds,    9.231 MB/s
MD5                305 MB took 1.011 seconds,  301.744 MB/s
SHA                130 MB took 1.011 seconds,  128.543 MB/s
SHA-256             35 MB took 1.128 seconds,   31.020 MB/s
HMAC-MD5           300 MB took 1.008 seconds,  297.576 MB/s
HMAC-SHA           130 MB took 1.019 seconds,  127.612 MB/s
HMAC-SHA256         35 MB took 1.153 seconds,   30.351 MB/s
PBKDF2               4 KB took 1.004 seconds,    3.705 KB/s
RSA     2048 public       1400 ops took 1.030 sec, avg 0.736 ms, 1358.762 ops/sec
RSA     2048 private       100 ops took 3.852 sec, avg 38.519 ms, 25.961 ops/sec
DH      2048 key gen        63 ops took 1.015 sec, avg 16.115 ms, 62.054 ops/sec
DH      2048 agree         100 ops took 1.635 sec, avg 16.349 ms, 61.167 ops/sec
ECC   [      SECP256R1]   256 key gen      1387 ops took 1.000 sec, avg 0.721 ms, 1386.505 ops/sec
ECDHE [      SECP256R1]   256 agree         900 ops took 1.003 sec, avg 1.115 ms, 897.064 ops/sec
ECDSA [      SECP256R1]   256 sign         1200 ops took 1.015 sec, avg 0.846 ms, 1181.748 ops/sec
ECDSA [      SECP256R1]   256 verify        900 ops took 1.064 sec, avg 1.182 ms, 846.004 ops/sec
Benchmark complete
[SGXSan] ALWAYS: Enter wc_test
#2	pulse  ft: 6289 exec/s: 0 rss: 48Mb
Slowest unit: 42 s:
artifact_prefix='./crashes/'; Test unit written to ./crashes/slow-unit-adc83b19e793491b1c6ea0fd8b46cd9f32e592fc
Base64: Cg==
#2	INITED cov: 6289 ft: 6289 corp: 1/1b exec/s: 0 rss: 49Mb
#2	DONE   cov: 6289 ft: 6289 corp: 1/1b lim: 4 exec/s: 0 rss: 49Mb
Done 2 runs in 85 second(s)
stat::number_of_executed_units: 2
stat::average_exec_per_sec:     0
stat::new_units_added:          0
stat::slowest_unit_time_sec:    42
stat::peak_rss_mb:              49
------------------------------------------------------------------------------
 wolfSSL version 5.1.0
------------------------------------------------------------------------------
error    test passed!
MEMORY   test passed!
base64   test passed!
asn      test passed!
RANDOM   test passed!
MD5      test passed!
MD4      test passed!
SHA      test passed!
SHA-256  test passed!
Hash     test passed!
HMAC-MD5 test passed!
HMAC-SHA test passed!
HMAC-SHA256 test passed!
GMAC     test passed!
HC-128   test passed!
Rabbit   test passed!
DES      test passed!
DES3     test passed!
AES      test passed!
AES192   test passed!
AES256   test passed!
AES-GCM  test passed!
RSA      test passed!
DH       test passed!
DSA      test passed!
PWDBASED test passed!
ECC      test passed!
ECC buffer test passed!
logging  test passed!
mutex    test passed!
memcb    test failed!
 error = -13803
