WARNING: Failed to find function "__sanitizer_acquire_crash_state".
WARNING: Failed to find function "__sanitizer_print_stack_trace".
WARNING: Failed to find function "__sanitizer_set_death_callback".
[2023-01-15 19:45:53.175] [Init] Num of ECall: 22
[2023-01-15 19:45:53.175] ECalls:
  0 - fuzz_enc_wolfSSL_CTX_free
  1 - fuzz_enc_wolfSSL_CTX_load_verify_buffer
  2 - fuzz_enc_wolfSSL_CTX_new
  3 - fuzz_enc_wolfSSL_CTX_set_cipher_list
  4 - fuzz_enc_wolfSSL_CTX_use_PrivateKey_buffer
  5 - fuzz_enc_wolfSSL_CTX_use_certificate_buffer
  6 - fuzz_enc_wolfSSL_CTX_use_certificate_chain_buffer_format
  7 - fuzz_enc_wolfSSL_Cleanup
  8 - fuzz_enc_wolfSSL_Debugging_OFF
  9 - fuzz_enc_wolfSSL_Debugging_ON
  10 - fuzz_enc_wolfSSL_Init
  11 - fuzz_enc_wolfSSL_connect
  12 - fuzz_enc_wolfSSL_free
  13 - fuzz_enc_wolfSSL_get_error
  14 - fuzz_enc_wolfSSL_new
  15 - fuzz_enc_wolfSSL_read
  16 - fuzz_enc_wolfSSL_set_fd
  17 - fuzz_enc_wolfSSL_write
  18 - fuzz_enc_wolfTLSv1_2_client_method
  19 - fuzz_enc_wolfTLSv1_2_server_method
  20 - fuzz_wc_benchmark_test
  21 - fuzz_wc_test

INFO: found LLVMFuzzerCustomMutator (0x44ac30). Disabling -len_control by default.
INFO: libFuzzer ignores flags that start with '--'
INFO: Running with entropic power schedule (0xFF, 100).
INFO: Seed: 3827409149
INFO: Loaded 1 modules   (291 inline 8-bit counters): 291 [0x4cb7e8, 0x4cb90b), 
INFO: Loaded 1 PC tables (291 PCs): 291 [0x4cb910,0x4ccb40), 
INFO:        0 files found in /tmp/libFuzzerTemp.FuzzWithFork422940.dir/C213
[SGXSan] ALWAYS: Hook __sanitizer_cov_8bit_counters_init of Enclave, 21636 inline 8-bit counts [0x7f1c0eeed9c0, 0x7f1c0eef2e44) (First time)
[SGXSan] ALWAYS: Hook __sanitizer_cov_pcs_init of Enclave, 21636 PCs [0x7f1c0eef2e48, 0x7f1c0ef47688) (First time)
[SGXSan] ALWAYS: Enter enc_wolfSSL_CTX_free
[SGXSan] ALWAYS: Enter enc_wolfSSL_CTX_load_verify_buffer
[SGXSan] ALWAYS: Enter enc_wolfSSL_CTX_new
[SGXSan] ALWAYS: Enter enc_wolfSSL_CTX_set_cipher_list
[SGXSan] ALWAYS: Enter enc_wolfSSL_CTX_use_PrivateKey_buffer
[SGXSan] ALWAYS: Enter enc_wolfSSL_CTX_use_certificate_buffer
[SGXSan] ALWAYS: Enter enc_wolfSSL_CTX_use_certificate_chain_buffer_format
[SGXSan] ALWAYS: Enter enc_wolfSSL_Cleanup
[SGXSan] ALWAYS: Enter enc_wolfSSL_Debugging_OFF
[SGXSan] ALWAYS: Enter enc_wolfSSL_Debugging_ON
[SGXSan] ALWAYS: Enter enc_wolfSSL_Init
[SGXSan] ALWAYS: Enter enc_wolfSSL_connect
[SGXSan] ALWAYS: Enter enc_wolfSSL_free
[SGXSan] ALWAYS: Enter enc_wolfSSL_get_error
[SGXSan] ALWAYS: Enter enc_wolfSSL_new
[SGXSan] ALWAYS: Enter enc_wolfSSL_read
[SGXSan] ALWAYS: Enter enc_wolfSSL_set_fd
[SGXSan] ALWAYS: Enter enc_wolfSSL_write
[SGXSan] ALWAYS: Enter enc_wolfTLSv1_2_client_method
[SGXSan] ALWAYS: Enter enc_wolfTLSv1_2_server_method
[SGXSan] ALWAYS: Enter wc_benchmark_test
------------------------------------------------------------------------------
 wolfSSL version 5.1.0
------------------------------------------------------------------------------
wolfCrypt Benchmark (block bytes 1048576, min 1.0 sec each)
RNG                 15 MB took 1.140 seconds,   13.162 MB/s
AES-128-CBC-enc     35 MB took 1.059 seconds,   33.043 MB/s
AES-128-CBC-dec     35 MB took 1.158 seconds,   30.216 MB/s
AES-192-CBC-enc     30 MB took 1.055 seconds,   28.434 MB/s
AES-192-CBC-dec     25 MB took 1.008 seconds,   24.805 MB/s
AES-256-CBC-enc     30 MB took 1.330 seconds,   22.563 MB/s
AES-256-CBC-dec     15 MB took 1.147 seconds,   13.075 MB/s
AES-128-GCM-enc     15 MB took 1.109 seconds,   13.522 MB/s
AES-128-GCM-dec     15 MB took 1.126 seconds,   13.321 MB/s
AES-192-GCM-enc     15 MB took 1.257 seconds,   11.937 MB/s
AES-192-GCM-dec     20 MB took 1.161 seconds,   17.226 MB/s
AES-256-GCM-enc     20 MB took 1.032 seconds,   19.382 MB/s
AES-256-GCM-dec     20 MB took 1.014 seconds,   19.725 MB/s
GMAC Table 4-bit    51 MB took 1.006 seconds,   50.682 MB/s
RABBIT              50 MB took 1.024 seconds,   48.838 MB/s
3DES                10 MB took 1.777 seconds,    5.628 MB/s
MD5                305 MB took 1.011 seconds,  301.711 MB/s
SHA                130 MB took 1.025 seconds,  126.801 MB/s
SHA-256             35 MB took 1.137 seconds,   30.785 MB/s
HMAC-MD5           305 MB took 1.008 seconds,  302.724 MB/s
HMAC-SHA           130 MB took 1.030 seconds,  126.240 MB/s
HMAC-SHA256         35 MB took 1.134 seconds,   30.865 MB/s
PBKDF2               4 KB took 1.007 seconds,    3.756 KB/s
RSA     2048 public       1400 ops took 1.013 sec, avg 0.724 ms, 1382.125 ops/sec
RSA     2048 private       100 ops took 3.703 sec, avg 37.034 ms, 27.002 ops/sec
DH      2048 key gen        65 ops took 1.003 sec, avg 15.430 ms, 64.809 ops/sec
DH      2048 agree         100 ops took 1.544 sec, avg 15.441 ms, 64.763 ops/sec
ECC   [      SECP256R1]   256 key gen      1393 ops took 1.000 sec, avg 0.718 ms, 1392.709 ops/sec
ECDHE [      SECP256R1]   256 agree        1000 ops took 1.097 sec, avg 1.097 ms, 911.971 ops/sec
ECDSA [      SECP256R1]   256 sign         1300 ops took 1.083 sec, avg 0.833 ms, 1200.622 ops/sec
ECDSA [      SECP256R1]   256 verify        900 ops took 1.038 sec, avg 1.154 ms, 866.688 ops/sec
Benchmark complete
[SGXSan] ALWAYS: Enter wc_test
INFO: seed corpus: files: 4 min: 370191b max: 370191b total: 1480764b rss: 43Mb
------------------------------------------------------------------------------
 wolfSSL version 5.1.0
------------------------------------------------------------------------------
error    test passed!
MEMORY   test passed!
base64   test passed!
asn      test passed!
RANDOM   test passed!
MD5      test passed!
MD4      test passed!
SHA      test passed!
SHA-256  test passed!
Hash     test passed!
HMAC-MD5 test passed!
HMAC-SHA test passed!
HMAC-SHA256 test passed!
GMAC     test passed!
HC-128   test passed!
Rabbit   test passed!
DES      test passed!
DES3     test passed!
AES      test passed!
AES192   test passed!
AES256   test passed!
AES-GCM  test passed!
RSA      test passed!
DH       test passed!
DSA      test passed!
PWDBASED test passed!
ECC      test passed!
ECC buffer test passed!
logging  test passed!
mutex    test passed!
memcb    test passed!
Test complete
[SGXSan] ALWAYS: Enter enc_wolfTLSv1_2_server_method
[SGXSan] ALWAYS: Enter enc_wolfSSL_Debugging_ON
[SGXSan] ALWAYS: Enter enc_wolfSSL_CTX_use_PrivateKey_buffer
[SGXSan] ALWAYS: Enter enc_wolfSSL_new
[SGXSan] ALWAYS: Enter enc_wolfSSL_CTX_free
[SGXSan] ALWAYS: Enter enc_wolfSSL_get_error
[SGXSan] ALWAYS: Enter enc_wolfSSL_Debugging_OFF
[SGXSan] ALWAYS: Enter enc_wolfSSL_CTX_load_verify_buffer
[SGXSan] ALWAYS: Enter enc_wolfSSL_CTX_use_certificate_chain_buffer_format
[SGXSan] ALWAYS: Enter enc_wolfSSL_CTX_use_certificate_buffer
[SGXSan] ALWAYS: Enter wc_test
------------------------------------------------------------------------------
 wolfSSL version 5.1.0
------------------------------------------------------------------------------
error    test passed!
MEMORY   test passed!
base64   test passed!
asn      test passed!
RANDOM   test passed!
MD5      test passed!
MD4      test passed!
SHA      test passed!
SHA-256  test passed!
Hash     test passed!
HMAC-MD5 test passed!
HMAC-SHA test passed!
HMAC-SHA256 test passed!
GMAC     test passed!
HC-128   test passed!
Rabbit   test passed!
DES      test passed!
DES3     test passed!
AES      test passed!
AES192   test passed!
AES256   test passed!
AES-GCM  test passed!
RSA      test passed!
DH       test passed!
DSA      test passed!
PWDBASED test passed!
ECC      test passed!
ECC buffer test passed!
logging  test passed!
mutex    test passed!
memcb    test failed!
 error = -13803
[SGXSan] ALWAYS: Enter wc_benchmark_test
------------------------------------------------------------------------------
 wolfSSL version 5.1.0
------------------------------------------------------------------------------
wolfCrypt Benchmark (block bytes 1048576, min 1.0 sec each)
RNG                 15 MB took 1.135 seconds,   13.210 MB/s
AES-128-CBC-enc     35 MB took 1.057 seconds,   33.121 MB/s
AES-128-CBC-dec     35 MB took 1.147 seconds,   30.525 MB/s
AES-192-CBC-enc     30 MB took 1.072 seconds,   27.985 MB/s
AES-192-CBC-dec     30 MB took 1.130 seconds,   26.539 MB/s
AES-256-CBC-enc     30 MB took 1.188 seconds,   25.249 MB/s
AES-256-CBC-dec     25 MB took 1.040 seconds,   24.040 MB/s
AES-128-GCM-enc     25 MB took 1.045 seconds,   23.920 MB/s
AES-128-GCM-dec     25 MB took 1.060 seconds,   23.589 MB/s
AES-192-GCM-enc     25 MB took 1.223 seconds,   20.445 MB/s
AES-192-GCM-dec     25 MB took 1.173 seconds,   21.318 MB/s
AES-256-GCM-enc     20 MB took 1.017 seconds,   19.672 MB/s
AES-256-GCM-dec     20 MB took 1.035 seconds,   19.327 MB/s
GMAC Table 4-bit    69 MB took 1.012 seconds,   68.158 MB/s
RABBIT              95 MB took 1.049 seconds,   90.596 MB/s
3DES                10 MB took 1.087 seconds,    9.203 MB/s
MD5                305 MB took 1.009 seconds,  302.201 MB/s
SHA                130 MB took 1.032 seconds,  125.938 MB/s
SHA-256             35 MB took 1.135 seconds,   30.839 MB/s
HMAC-MD5           305 MB took 1.011 seconds,  301.792 MB/s
HMAC-SHA           130 MB took 1.013 seconds,  128.332 MB/s
HMAC-SHA256         35 MB took 1.130 seconds,   30.966 MB/s
PBKDF2               4 KB took 1.003 seconds,    3.740 KB/s
RSA     2048 public       1400 ops took 1.007 sec, avg 0.720 ms, 1389.829 ops/sec
RSA     2048 private       100 ops took 3.662 sec, avg 36.615 ms, 27.311 ops/sec
DH      2048 key gen        65 ops took 1.003 sec, avg 15.436 ms, 64.784 ops/sec
DH      2048 agree         100 ops took 1.553 sec, avg 15.533 ms, 64.378 ops/sec
ECC   [      SECP256R1]   256 key gen      1410 ops took 1.000 sec, avg 0.709 ms, 1409.560 ops/sec
ECDHE [      SECP256R1]   256 agree        1000 ops took 1.112 sec, avg 1.112 ms, 899.023 ops/sec
ECDSA [      SECP256R1]   256 sign         1200 ops took 1.003 sec, avg 0.836 ms, 1196.561 ops/sec
ECDSA [      SECP256R1]   256 verify        900 ops took 1.049 sec, avg 1.165 ms, 858.043 ops/sec
Benchmark complete
[SGXSan] ALWAYS: Enter enc_wolfSSL_Cleanup
[SGXSan] ALWAYS: Enter enc_wolfSSL_write
[SGXSan] ALWAYS: Enter enc_wolfSSL_CTX_set_cipher_list
[SGXSan] ALWAYS: Enter enc_wolfSSL_CTX_new
[SGXSan] ALWAYS: Enter enc_wolfSSL_read
[SGXSan] ALWAYS: Enter enc_wolfSSL_free
[SGXSan] ALWAYS: Enter enc_wolfTLSv1_2_client_method
[SGXSan] ALWAYS: Enter enc_wolfSSL_connect
[SGXSan] ALWAYS: Enter enc_wolfSSL_Init
[SGXSan] ALWAYS: Enter enc_wolfSSL_set_fd
#2	pulse  ft: 6301 exec/s: 0 rss: 49Mb
Slowest unit: 42 s:
artifact_prefix='./crashes/'; Test unit written to ./crashes/slow-unit-c404165af8b2748707d8b2d07561dcba808d3638
[SGXSan] ALWAYS: Enter enc_wolfSSL_connect
[SGXSan] ALWAYS: Enter enc_wolfSSL_new
[SGXSan] ALWAYS: Enter enc_wolfSSL_CTX_new
[SGXSan] ALWAYS: Enter enc_wolfSSL_CTX_free
[SGXSan] ALWAYS: Enter enc_wolfSSL_write
[SGXSan] ALWAYS: Enter enc_wolfSSL_CTX_load_verify_buffer
[SGXSan] ALWAYS: Enter enc_wolfSSL_CTX_use_PrivateKey_buffer
[SGXSan] ALWAYS: Enter enc_wolfTLSv1_2_client_method
[SGXSan] ALWAYS: Enter wc_benchmark_test
------------------------------------------------------------------------------
 wolfSSL version 5.1.0
------------------------------------------------------------------------------
wolfCrypt Benchmark (block bytes 1048576, min 1.0 sec each)
RNG                 15 MB took 1.131 seconds,   13.264 MB/s
AES-128-CBC-enc     35 MB took 1.053 seconds,   33.252 MB/s
AES-128-CBC-dec     35 MB took 1.155 seconds,   30.316 MB/s
AES-192-CBC-enc     30 MB took 1.056 seconds,   28.401 MB/s
AES-192-CBC-dec     30 MB took 1.132 seconds,   26.490 MB/s
AES-256-CBC-enc     30 MB took 1.178 seconds,   25.473 MB/s
AES-256-CBC-dec     25 MB took 1.052 seconds,   23.774 MB/s
AES-128-GCM-enc     25 MB took 1.061 seconds,   23.555 MB/s
AES-128-GCM-dec     25 MB took 1.050 seconds,   23.801 MB/s
AES-192-GCM-enc     25 MB took 1.168 seconds,   21.405 MB/s
AES-192-GCM-dec     25 MB took 1.170 seconds,   21.362 MB/s
AES-256-GCM-enc     20 MB took 1.030 seconds,   19.422 MB/s
AES-256-GCM-dec     20 MB took 1.016 seconds,   19.692 MB/s
GMAC Table 4-bit    68 MB took 1.004 seconds,   67.713 MB/s
RABBIT              95 MB took 1.048 seconds,   90.665 MB/s
3DES                10 MB took 1.087 seconds,    9.196 MB/s
MD5                300 MB took 1.012 seconds,  296.554 MB/s
SHA                130 MB took 1.016 seconds,  127.930 MB/s
SHA-256             35 MB took 1.143 seconds,   30.612 MB/s
HMAC-MD5           305 MB took 1.009 seconds,  302.235 MB/s
HMAC-SHA           130 MB took 1.018 seconds,  127.690 MB/s
HMAC-SHA256         35 MB took 1.146 seconds,   30.550 MB/s
PBKDF2               4 KB took 1.004 seconds,    3.765 KB/s
RSA     2048 public       1400 ops took 1.012 sec, avg 0.723 ms, 1383.968 ops/sec
RSA     2048 private       100 ops took 3.660 sec, avg 36.600 ms, 27.322 ops/sec
DH      2048 key gen        65 ops took 1.008 sec, avg 15.515 ms, 64.454 ops/sec
DH      2048 agree         100 ops took 1.535 sec, avg 15.349 ms, 65.149 ops/sec
ECC   [      SECP256R1]   256 key gen      1410 ops took 1.000 sec, avg 0.709 ms, 1409.655 ops/sec
ECDHE [      SECP256R1]   256 agree        1000 ops took 1.107 sec, avg 1.107 ms, 903.293 ops/sec
ECDSA [      SECP256R1]   256 sign         1200 ops took 1.003 sec, avg 0.836 ms, 1196.392 ops/sec
ECDSA [      SECP256R1]   256 verify        900 ops took 1.046 sec, avg 1.163 ms, 860.141 ops/sec
Benchmark complete
[SGXSan] ALWAYS: Enter enc_wolfSSL_CTX_set_cipher_list
[SGXSan] ALWAYS: Enter enc_wolfSSL_get_error
[SGXSan] ALWAYS: Enter enc_wolfSSL_Init
[SGXSan] ALWAYS: Enter enc_wolfSSL_free
[SGXSan] ALWAYS: Enter wc_test
------------------------------------------------------------------------------
 wolfSSL version 5.1.0
------------------------------------------------------------------------------
error    test passed!
MEMORY   test passed!
base64   test passed!
asn      test passed!
RANDOM   test passed!
MD5      test passed!
MD4      test passed!
SHA      test passed!
SHA-256  test passed!
Hash     test passed!
HMAC-MD5 test passed!
HMAC-SHA test passed!
HMAC-SHA256 test passed!
GMAC     test passed!
HC-128   test passed!
Rabbit   test passed!
DES      test passed!
DES3     test passed!
AES      test passed!
AES192   test passed!
AES256   test passed!
AES-GCM  test passed!
RSA      test passed!
DH       test passed!
DSA      test passed!
PWDBASED test passed!
ECC      test passed!
ECC buffer test passed!
logging  test passed!
mutex    test passed!
memcb    test failed!
 error = -13803
[SGXSan] ALWAYS: Enter enc_wolfSSL_Debugging_ON
[SGXSan] ALWAYS: Enter enc_wolfSSL_read
[SGXSan] ALWAYS: Enter enc_wolfSSL_Debugging_OFF
[SGXSan] ALWAYS: Enter enc_wolfTLSv1_2_server_method
[SGXSan] ALWAYS: Enter enc_wolfSSL_set_fd
[SGXSan] ALWAYS: Enter enc_wolfSSL_CTX_use_certificate_buffer
[SGXSan] ALWAYS: Enter enc_wolfSSL_CTX_use_certificate_chain_buffer_format
[SGXSan] ALWAYS: Enter enc_wolfSSL_Cleanup
[SGXSan] ALWAYS: Enter enc_wolfSSL_Debugging_OFF
[SGXSan] ALWAYS: Enter wc_test
------------------------------------------------------------------------------
 wolfSSL version 5.1.0
------------------------------------------------------------------------------
error    test passed!
MEMORY   test passed!
base64   test passed!
asn      test passed!
RANDOM   test passed!
MD5      test passed!
MD4      test passed!
SHA      test passed!
SHA-256  test passed!
Hash     test passed!
HMAC-MD5 test passed!
HMAC-SHA test passed!
HMAC-SHA256 test passed!
GMAC     test passed!
HC-128   test passed!
Rabbit   test passed!
DES      test passed!
DES3     test passed!
AES      test passed!
AES192   test passed!
AES256   test passed!
AES-GCM  test passed!
RSA      test passed!
DH       test passed!
DSA      test passed!
PWDBASED test passed!
ECC      test passed!
ECC buffer test passed!
logging  test passed!
mutex    test passed!
memcb    test failed!
 error = -13803
[SGXSan] ALWAYS: Enter enc_wolfSSL_CTX_set_cipher_list
[SGXSan] ALWAYS: Enter enc_wolfSSL_free
[SGXSan] ALWAYS: Enter enc_wolfSSL_get_error
[SGXSan] ALWAYS: Enter enc_wolfSSL_CTX_free
[SGXSan] ALWAYS: Enter enc_wolfSSL_Init
[SGXSan] ALWAYS: Enter enc_wolfSSL_CTX_new
[SGXSan] ALWAYS: Enter enc_wolfSSL_CTX_use_certificate_chain_buffer_format
[SGXSan] ALWAYS: Enter enc_wolfSSL_CTX_load_verify_buffer
[SGXSan] ALWAYS: Enter wc_benchmark_test
------------------------------------------------------------------------------
 wolfSSL version 5.1.0
------------------------------------------------------------------------------
wolfCrypt Benchmark (block bytes 1048576, min 1.0 sec each)
RNG                 15 MB took 1.148 seconds,   13.061 MB/s
AES-128-CBC-enc     35 MB took 1.063 seconds,   32.922 MB/s
AES-128-CBC-dec     35 MB took 1.148 seconds,   30.489 MB/s
AES-192-CBC-enc     30 MB took 1.055 seconds,   28.433 MB/s
AES-192-CBC-dec     30 MB took 1.153 seconds,   26.015 MB/s
AES-256-CBC-enc     30 MB took 1.182 seconds,   25.379 MB/s
AES-256-CBC-dec     25 MB took 1.047 seconds,   23.866 MB/s
AES-128-GCM-enc     25 MB took 1.047 seconds,   23.884 MB/s
AES-128-GCM-dec     25 MB took 1.041 seconds,   24.014 MB/s
AES-192-GCM-enc     25 MB took 1.179 seconds,   21.210 MB/s
AES-192-GCM-dec     25 MB took 1.171 seconds,   21.346 MB/s
AES-256-GCM-enc     20 MB took 1.023 seconds,   19.541 MB/s
AES-256-GCM-dec     20 MB took 1.018 seconds,   19.654 MB/s
GMAC Table 4-bit    69 MB took 1.012 seconds,   68.153 MB/s
RABBIT              90 MB took 1.005 seconds,   89.590 MB/s
3DES                10 MB took 1.085 seconds,    9.213 MB/s
MD5                305 MB took 1.012 seconds,  301.498 MB/s
SHA                130 MB took 1.015 seconds,  128.076 MB/s
SHA-256             35 MB took 1.142 seconds,   30.655 MB/s
HMAC-MD5           305 MB took 1.012 seconds,  301.508 MB/s
HMAC-SHA           130 MB took 1.015 seconds,  128.035 MB/s
HMAC-SHA256         35 MB took 1.132 seconds,   30.930 MB/s
PBKDF2               4 KB took 1.002 seconds,    3.804 KB/s
RSA     2048 public       1400 ops took 1.020 sec, avg 0.729 ms, 1372.140 ops/sec
RSA     2048 private       100 ops took 3.642 sec, avg 36.419 ms, 27.458 ops/sec
DH      2048 key gen        65 ops took 1.003 sec, avg 15.429 ms, 64.813 ops/sec
DH      2048 agree         100 ops took 1.550 sec, avg 15.498 ms, 64.526 ops/sec
ECC   [      SECP256R1]   256 key gen      1389 ops took 1.000 sec, avg 0.720 ms, 1388.381 ops/sec
ECDHE [      SECP256R1]   256 agree        1000 ops took 1.094 sec, avg 1.094 ms, 913.732 ops/sec
ECDSA [      SECP256R1]   256 sign         1300 ops took 1.081 sec, avg 0.832 ms, 1202.141 ops/sec
ECDSA [      SECP256R1]   256 verify        900 ops took 1.068 sec, avg 1.187 ms, 842.703 ops/sec
Benchmark complete
[SGXSan] ALWAYS: Enter enc_wolfSSL_Cleanup
[SGXSan] ALWAYS: Enter enc_wolfSSL_set_fd
[SGXSan] ALWAYS: Enter enc_wolfSSL_Debugging_ON
[SGXSan] ALWAYS: Enter enc_wolfSSL_write
[SGXSan] ALWAYS: Enter enc_wolfSSL_new
[SGXSan] ALWAYS: Enter enc_wolfTLSv1_2_server_method
[SGXSan] ALWAYS: Enter enc_wolfSSL_CTX_use_PrivateKey_buffer
[SGXSan] ALWAYS: Enter enc_wolfTLSv1_2_client_method
[SGXSan] ALWAYS: Enter enc_wolfSSL_connect
[SGXSan] ALWAYS: Enter enc_wolfSSL_CTX_use_certificate_buffer
[SGXSan] ALWAYS: Enter enc_wolfSSL_read
#4	pulse  cov: 6302 ft: 6312 corp: 2/723Kb exec/s: 0 rss: 64Mb
[SGXSan] ALWAYS: Enter enc_wolfSSL_connect
[SGXSan] ALWAYS: Enter enc_wolfSSL_new
[SGXSan] ALWAYS: Enter enc_wolfSSL_CTX_new
[SGXSan] ALWAYS: Enter enc_wolfSSL_CTX_free
[SGXSan] ALWAYS: Enter enc_wolfSSL_write
[SGXSan] ALWAYS: Enter enc_wolfSSL_CTX_load_verify_buffer
[SGXSan] ALWAYS: Enter enc_wolfSSL_CTX_use_PrivateKey_buffer
[SGXSan] ALWAYS: Enter enc_wolfTLSv1_2_client_method
[SGXSan] ALWAYS: Enter wc_benchmark_test
------------------------------------------------------------------------------
 wolfSSL version 5.1.0
------------------------------------------------------------------------------
wolfCrypt Benchmark (block bytes 1048576, min 1.0 sec each)
RNG                 15 MB took 1.138 seconds,   13.186 MB/s
AES-128-CBC-enc     35 MB took 1.059 seconds,   33.035 MB/s
AES-128-CBC-dec     35 MB took 1.144 seconds,   30.600 MB/s
AES-192-CBC-enc     30 MB took 1.065 seconds,   28.163 MB/s
AES-192-CBC-dec     30 MB took 1.134 seconds,   26.446 MB/s
AES-256-CBC-enc     30 MB took 1.186 seconds,   25.291 MB/s
AES-256-CBC-dec     25 MB took 1.041 seconds,   24.016 MB/s
AES-128-GCM-enc     25 MB took 1.047 seconds,   23.867 MB/s
AES-128-GCM-dec     25 MB took 1.064 seconds,   23.506 MB/s
AES-192-GCM-enc     25 MB took 1.171 seconds,   21.345 MB/s
AES-192-GCM-dec     25 MB took 1.179 seconds,   21.207 MB/s
AES-256-GCM-enc     20 MB took 1.014 seconds,   19.723 MB/s
AES-256-GCM-dec     20 MB took 1.014 seconds,   19.717 MB/s
GMAC Table 4-bit    68 MB took 1.010 seconds,   67.309 MB/s
RABBIT              95 MB took 1.050 seconds,   90.447 MB/s
3DES                10 MB took 1.085 seconds,    9.213 MB/s
MD5                305 MB took 1.007 seconds,  302.830 MB/s
SHA                130 MB took 1.026 seconds,  126.765 MB/s
SHA-256             35 MB took 1.144 seconds,   30.600 MB/s
HMAC-MD5           300 MB took 1.000 seconds,  299.927 MB/s
HMAC-SHA           130 MB took 1.019 seconds,  127.541 MB/s
HMAC-SHA256         35 MB took 1.136 seconds,   30.806 MB/s
PBKDF2               4 KB took 1.006 seconds,    3.726 KB/s
RSA     2048 public       1400 ops took 1.006 sec, avg 0.719 ms, 1391.422 ops/sec
RSA     2048 private       100 ops took 3.670 sec, avg 36.701 ms, 27.247 ops/sec
DH      2048 key gen        64 ops took 1.001 sec, avg 15.637 ms, 63.950 ops/sec
DH      2048 agree         100 ops took 1.552 sec, avg 15.522 ms, 64.424 ops/sec
ECC   [      SECP256R1]   256 key gen      1409 ops took 1.001 sec, avg 0.710 ms, 1407.999 ops/sec
ECDHE [      SECP256R1]   256 agree        1000 ops took 1.085 sec, avg 1.085 ms, 922.075 ops/sec
ECDSA [      SECP256R1]   256 sign         1200 ops took 1.009 sec, avg 0.841 ms, 1189.343 ops/sec
ECDSA [      SECP256R1]   256 verify        900 ops took 1.046 sec, avg 1.162 ms, 860.802 ops/sec
Benchmark complete
[SGXSan] ALWAYS: Enter enc_wolfSSL_CTX_set_cipher_list
[SGXSan] ALWAYS: Enter enc_wolfSSL_get_error
[SGXSan] ALWAYS: Enter enc_wolfSSL_Init
[SGXSan] ALWAYS: Enter enc_wolfSSL_free
[SGXSan] ALWAYS: Enter wc_test
------------------------------------------------------------------------------
 wolfSSL version 5.1.0
------------------------------------------------------------------------------
error    test passed!
MEMORY   test passed!
base64   test passed!
asn      test passed!
RANDOM   test passed!
MD5      test passed!
MD4      test passed!
SHA      test passed!
SHA-256  test passed!
Hash     test passed!
HMAC-MD5 test passed!
HMAC-SHA test passed!
HMAC-SHA256 test passed!
GMAC     test passed!
HC-128   test passed!
Rabbit   test passed!
DES      test passed!
DES3     test passed!
AES      test passed!
AES192   test passed!
AES256   test passed!
AES-GCM  test passed!
RSA      test passed!
DH       test passed!
DSA      test passed!
PWDBASED test passed!
ECC      test passed!
ECC buffer test passed!
logging  test passed!
mutex    test passed!
memcb    test failed!
 error = -13803
[SGXSan] ALWAYS: Enter enc_wolfSSL_Debugging_ON
[SGXSan] ALWAYS: Enter enc_wolfSSL_read
[SGXSan] ALWAYS: Enter enc_wolfSSL_Debugging_OFF
[SGXSan] ALWAYS: Enter enc_wolfTLSv1_2_server_method
[SGXSan] ALWAYS: Enter enc_wolfSSL_set_fd
[SGXSan] ALWAYS: Enter enc_wolfSSL_CTX_use_certificate_buffer
[SGXSan] ALWAYS: Enter enc_wolfSSL_CTX_use_certificate_chain_buffer_format
[SGXSan] ALWAYS: Enter enc_wolfSSL_Cleanup
#5	INITED cov: 6302 ft: 6312 corp: 3/1084Kb exec/s: 0 rss: 70Mb
[SGXSan] ALWAYS: Enter enc_wolfTLSv1_2_server_method
[SGXSan] ALWAYS: Enter enc_wolfSSL_Debugging_ON
[SGXSan] ALWAYS: Enter enc_wolfSSL_CTX_use_PrivateKey_buffer
[SGXSan] ALWAYS: Enter enc_wolfSSL_new
[SGXSan] ALWAYS: Enter enc_wolfSSL_CTX_free
[SGXSan] ALWAYS: Enter enc_wolfSSL_get_error
[SGXSan] ALWAYS: Enter enc_wolfSSL_Debugging_OFF
[SGXSan] ALWAYS: Enter enc_wolfSSL_CTX_load_verify_buffer
[SGXSan] ALWAYS: Enter enc_wolfSSL_CTX_use_certificate_chain_buffer_format
[SGXSan] ALWAYS: Enter enc_wolfSSL_CTX_use_certificate_buffer
[SGXSan] ALWAYS: Enter wc_test
------------------------------------------------------------------------------
 wolfSSL version 5.1.0
------------------------------------------------------------------------------
error    test passed!
MEMORY   test passed!
base64   test passed!
asn      test passed!
RANDOM   test passed!
MD5      test passed!
MD4      test passed!
SHA      test passed!
SHA-256  test passed!
Hash     test passed!
HMAC-MD5 test passed!
HMAC-SHA test passed!
HMAC-SHA256 test passed!
GMAC     test passed!
HC-128   test passed!
Rabbit   test passed!
DES      test passed!
DES3     test passed!
AES      test passed!
AES192   test passed!
AES256   test passed!
AES-GCM  test passed!
RSA      test passed!
DH       test passed!
DSA      test passed!
PWDBASED test passed!
ECC      test passed!
ECC buffer test passed!
logging  test passed!
mutex    test passed!
memcb    test failed!
 error = -13803
[SGXSan] ALWAYS: Enter wc_benchmark_test
------------------------------------------------------------------------------
 wolfSSL version 5.1.0
------------------------------------------------------------------------------
wolfCrypt Benchmark (block bytes 1048576, min 1.0 sec each)
RNG                 15 MB took 1.130 seconds,   13.272 MB/s
AES-128-CBC-enc     35 MB took 1.067 seconds,   32.796 MB/s
AES-128-CBC-dec     35 MB took 1.147 seconds,   30.510 MB/s
AES-192-CBC-enc     30 MB took 1.052 seconds,   28.513 MB/s
AES-192-CBC-dec     30 MB took 1.126 seconds,   26.645 MB/s
AES-256-CBC-enc     30 MB took 1.194 seconds,   25.132 MB/s
AES-256-CBC-dec     25 MB took 1.039 seconds,   24.066 MB/s
AES-128-GCM-enc     25 MB took 1.049 seconds,   23.822 MB/s
AES-128-GCM-dec     25 MB took 1.051 seconds,   23.785 MB/s
AES-192-GCM-enc     25 MB took 1.167 seconds,   21.423 MB/s
AES-192-GCM-dec     25 MB took 1.187 seconds,   21.055 MB/s
AES-256-GCM-enc     20 MB took 1.022 seconds,   19.566 MB/s
AES-256-GCM-dec     20 MB took 1.018 seconds,   19.650 MB/s
GMAC Table 4-bit    69 MB took 1.013 seconds,   68.087 MB/s
RABBIT              95 MB took 1.056 seconds,   89.971 MB/s
3DES                10 MB took 1.091 seconds,    9.162 MB/s
MD5                300 MB took 1.013 seconds,  296.057 MB/s
SHA                130 MB took 1.020 seconds,  127.411 MB/s
SHA-256             35 MB took 1.134 seconds,   30.868 MB/s
HMAC-MD5           300 MB took 1.002 seconds,  299.313 MB/s
HMAC-SHA           130 MB took 1.020 seconds,  127.422 MB/s
HMAC-SHA256         35 MB took 1.141 seconds,   30.687 MB/s
PBKDF2               4 KB took 1.008 seconds,    3.784 KB/s
RSA     2048 public       1400 ops took 1.009 sec, avg 0.720 ms, 1388.102 ops/sec
RSA     2048 private       100 ops took 3.677 sec, avg 36.768 ms, 27.198 ops/sec
DH      2048 key gen        65 ops took 1.003 sec, avg 15.437 ms, 64.779 ops/sec
DH      2048 agree         100 ops took 1.568 sec, avg 15.685 ms, 63.757 ops/sec
ECC   [      SECP256R1]   256 key gen      1401 ops took 1.001 sec, avg 0.714 ms, 1400.174 ops/sec
ECDHE [      SECP256R1]   256 agree        1000 ops took 1.095 sec, avg 1.095 ms, 913.338 ops/sec
ECDSA [      SECP256R1]   256 sign         1300 ops took 1.077 sec, avg 0.828 ms, 1207.058 ops/sec
ECDSA [      SECP256R1]   256 verify        900 ops took 1.055 sec, avg 1.173 ms, 852.724 ops/sec
Benchmark complete
[SGXSan] ALWAYS: Enter enc_wolfSSL_Cleanup
[SGXSan] ALWAYS: Enter enc_wolfSSL_write
[SGXSan] ALWAYS: Enter enc_wolfSSL_CTX_set_cipher_list
[SGXSan] ALWAYS: Enter enc_wolfSSL_CTX_new
[SGXSan] ALWAYS: Enter enc_wolfSSL_read
[SGXSan] ALWAYS: Enter enc_wolfSSL_free
[SGXSan] ALWAYS: Enter enc_wolfTLSv1_2_client_method
[SGXSan] ALWAYS: Enter enc_wolfSSL_connect
[SGXSan] ALWAYS: Enter enc_wolfSSL_Init
[SGXSan] ALWAYS: Enter enc_wolfSSL_set_fd
[SGXSan] ALWAYS: Enter enc_wolfTLSv1_2_server_method
[SGXSan] ALWAYS: Enter enc_wolfSSL_Debugging_ON
[SGXSan] ALWAYS: Enter enc_wolfSSL_CTX_use_PrivateKey_buffer
[SGXSan] ALWAYS: Enter enc_wolfSSL_new
[SGXSan] ALWAYS: Enter enc_wolfSSL_CTX_free
[SGXSan] ALWAYS: Enter enc_wolfSSL_get_error
[SGXSan] ALWAYS: Enter enc_wolfSSL_Debugging_OFF
[SGXSan] ALWAYS: Enter enc_wolfSSL_CTX_load_verify_buffer
[SGXSan] ALWAYS: Enter enc_wolfSSL_CTX_use_certificate_chain_buffer_format
[SGXSan] ALWAYS: Enter enc_wolfSSL_CTX_use_certificate_buffer
[SGXSan] ALWAYS: Enter wc_test
------------------------------------------------------------------------------
 wolfSSL version 5.1.0
------------------------------------------------------------------------------
error    test passed!
MEMORY   test passed!
base64   test passed!
asn      test passed!
RANDOM   test passed!
MD5      test passed!
MD4      test passed!
SHA      test passed!
SHA-256  test passed!
Hash     test passed!
HMAC-MD5 test passed!
HMAC-SHA test passed!
HMAC-SHA256 test passed!
GMAC     test passed!
HC-128   test passed!
Rabbit   test passed!
DES      test passed!
DES3     test passed!
AES      test passed!
AES192   test passed!
AES256   test passed!
AES-GCM  test passed!
RSA      test passed!
DH       test passed!
DSA      test passed!
PWDBASED test passed!
ECC      test passed!
ECC buffer test passed!
logging  test passed!
mutex    test passed!
memcb    test failed!
 error = -13803
[SGXSan] ALWAYS: Enter wc_benchmark_test
------------------------------------------------------------------------------
 wolfSSL version 5.1.0
------------------------------------------------------------------------------
wolfCrypt Benchmark (block bytes 1048576, min 1.0 sec each)
RNG                 15 MB took 1.139 seconds,   13.175 MB/s
AES-128-CBC-enc     35 MB took 1.061 seconds,   33.001 MB/s
AES-128-CBC-dec     35 MB took 1.145 seconds,   30.578 MB/s
AES-192-CBC-enc     30 MB took 1.068 seconds,   28.088 MB/s
AES-192-CBC-dec     30 MB took 1.129 seconds,   26.565 MB/s
AES-256-CBC-enc     30 MB took 1.186 seconds,   25.285 MB/s
AES-256-CBC-dec     25 MB took 1.041 seconds,   24.015 MB/s
AES-128-GCM-enc     25 MB took 1.046 seconds,   23.910 MB/s
AES-128-GCM-dec     25 MB took 1.064 seconds,   23.506 MB/s
AES-192-GCM-enc     25 MB took 1.178 seconds,   21.221 MB/s
AES-192-GCM-dec     25 MB took 1.173 seconds,   21.317 MB/s
AES-256-GCM-enc     20 MB took 1.015 seconds,   19.711 MB/s
AES-256-GCM-dec     20 MB took 1.032 seconds,   19.385 MB/s
GMAC Table 4-bit    69 MB took 1.014 seconds,   68.029 MB/s
RABBIT              95 MB took 1.050 seconds,   90.446 MB/s
3DES                10 MB took 1.089 seconds,    9.182 MB/s
MD5                305 MB took 1.013 seconds,  301.144 MB/s
SHA                130 MB took 1.028 seconds,  126.494 MB/s
SHA-256             35 MB took 1.140 seconds,   30.691 MB/s
HMAC-MD5           305 MB took 1.014 seconds,  300.683 MB/s
HMAC-SHA           130 MB took 1.019 seconds,  127.576 MB/s
HMAC-SHA256         35 MB took 1.134 seconds,   30.852 MB/s
PBKDF2               4 KB took 1.008 seconds,    3.751 KB/s
RSA     2048 public       1400 ops took 1.004 sec, avg 0.717 ms, 1393.886 ops/sec
RSA     2048 private       100 ops took 3.652 sec, avg 36.522 ms, 27.380 ops/sec
DH      2048 key gen        65 ops took 1.012 sec, avg 15.571 ms, 64.223 ops/sec
DH      2048 agree         100 ops took 1.550 sec, avg 15.499 ms, 64.520 ops/sec
ECC   [      SECP256R1]   256 key gen      1413 ops took 1.000 sec, avg 0.708 ms, 1412.770 ops/sec
ECDHE [      SECP256R1]   256 agree        1000 ops took 1.086 sec, avg 1.086 ms, 920.615 ops/sec
ECDSA [      SECP256R1]   256 sign         1200 ops took 1.016 sec, avg 0.847 ms, 1181.308 ops/sec
ECDSA [      SECP256R1]   256 verify        900 ops took 1.039 sec, avg 1.155 ms, 866.092 ops/sec
Benchmark complete
[SGXSan] ALWAYS: Enter enc_wolfSSL_Cleanup
[SGXSan] ALWAYS: Enter enc_wolfSSL_write
[SGXSan] ALWAYS: Enter enc_wolfSSL_CTX_set_cipher_list
[SGXSan] ALWAYS: Enter enc_wolfSSL_CTX_new
[SGXSan] ALWAYS: Enter enc_wolfSSL_read
[SGXSan] ALWAYS: Enter enc_wolfSSL_free
[SGXSan] ALWAYS: Enter enc_wolfTLSv1_2_client_method
[SGXSan] ALWAYS: Enter enc_wolfSSL_connect
[SGXSan] ALWAYS: Enter enc_wolfSSL_Init
[SGXSan] ALWAYS: Enter enc_wolfSSL_set_fd
#7	NEW    cov: 6302 ft: 6317 corp: 4/1446Kb lim: 1000000 exec/s: 0 rss: 82Mb L: 370191/370191 MS: 4 ShuffleBytes-Custom-ChangeASCIIInt-Custom-
#7	DONE   cov: 6302 ft: 6317 corp: 4/1446Kb lim: 1000000 exec/s: 0 rss: 82Mb
Done 7 runs in 295 second(s)
stat::number_of_executed_units: 7
stat::average_exec_per_sec:     0
stat::new_units_added:          1
stat::slowest_unit_time_sec:    42
stat::peak_rss_mb:              82
