WARNING: Failed to find function "__sanitizer_acquire_crash_state".
WARNING: Failed to find function "__sanitizer_print_stack_trace".
WARNING: Failed to find function "__sanitizer_set_death_callback".
[2023-01-15 19:50:30.577] [Init] Num of ECall: 22
[2023-01-15 19:50:30.577] ECalls:
  0 - fuzz_enc_wolfSSL_CTX_free
  1 - fuzz_enc_wolfSSL_CTX_load_verify_buffer
  2 - fuzz_enc_wolfSSL_CTX_new
  3 - fuzz_enc_wolfSSL_CTX_set_cipher_list
  4 - fuzz_enc_wolfSSL_CTX_use_PrivateKey_buffer
  5 - fuzz_enc_wolfSSL_CTX_use_certificate_buffer
  6 - fuzz_enc_wolfSSL_CTX_use_certificate_chain_buffer_format
  7 - fuzz_enc_wolfSSL_Cleanup
  8 - fuzz_enc_wolfSSL_Debugging_OFF
  9 - fuzz_enc_wolfSSL_Debugging_ON
  10 - fuzz_enc_wolfSSL_Init
  11 - fuzz_enc_wolfSSL_connect
  12 - fuzz_enc_wolfSSL_free
  13 - fuzz_enc_wolfSSL_get_error
  14 - fuzz_enc_wolfSSL_new
  15 - fuzz_enc_wolfSSL_read
  16 - fuzz_enc_wolfSSL_set_fd
  17 - fuzz_enc_wolfSSL_write
  18 - fuzz_enc_wolfTLSv1_2_client_method
  19 - fuzz_enc_wolfTLSv1_2_server_method
  20 - fuzz_wc_benchmark_test
  21 - fuzz_wc_test

INFO: found LLVMFuzzerCustomMutator (0x44ac30). Disabling -len_control by default.
INFO: libFuzzer ignores flags that start with '--'
INFO: Running with entropic power schedule (0xFF, 100).
INFO: Seed: 2056002920
INFO: Loaded 1 modules   (291 inline 8-bit counters): 291 [0x4cb7e8, 0x4cb90b), 
INFO: Loaded 1 PC tables (291 PCs): 291 [0x4cb910,0x4ccb40), 
INFO:        0 files found in /tmp/libFuzzerTemp.FuzzWithFork422940.dir/C214
[SGXSan] ALWAYS: Hook __sanitizer_cov_8bit_counters_init of Enclave, 21636 inline 8-bit counts [0x7f83e2c3c9c0, 0x7f83e2c41e44) (First time)
[SGXSan] ALWAYS: Hook __sanitizer_cov_pcs_init of Enclave, 21636 PCs [0x7f83e2c41e48, 0x7f83e2c96688) (First time)
[SGXSan] ALWAYS: Enter enc_wolfSSL_CTX_free
[SGXSan] ALWAYS: Enter enc_wolfSSL_CTX_load_verify_buffer
[SGXSan] ALWAYS: Enter enc_wolfSSL_CTX_new
[SGXSan] ALWAYS: Enter enc_wolfSSL_CTX_set_cipher_list
[SGXSan] ALWAYS: Enter enc_wolfSSL_CTX_use_PrivateKey_buffer
[SGXSan] ALWAYS: Enter enc_wolfSSL_CTX_use_certificate_buffer
[SGXSan] ALWAYS: Enter enc_wolfSSL_CTX_use_certificate_chain_buffer_format
[SGXSan] ALWAYS: Enter enc_wolfSSL_Cleanup
[SGXSan] ALWAYS: Enter enc_wolfSSL_Debugging_OFF
[SGXSan] ALWAYS: Enter enc_wolfSSL_Debugging_ON
[SGXSan] ALWAYS: Enter enc_wolfSSL_Init
[SGXSan] ALWAYS: Enter enc_wolfSSL_connect
[SGXSan] ALWAYS: Enter enc_wolfSSL_free
[SGXSan] ALWAYS: Enter enc_wolfSSL_get_error
[SGXSan] ALWAYS: Enter enc_wolfSSL_new
[SGXSan] ALWAYS: Enter enc_wolfSSL_read
[SGXSan] ALWAYS: Enter enc_wolfSSL_set_fd
[SGXSan] ALWAYS: Enter enc_wolfSSL_write
[SGXSan] ALWAYS: Enter enc_wolfTLSv1_2_client_method
[SGXSan] ALWAYS: Enter enc_wolfTLSv1_2_server_method
[SGXSan] ALWAYS: Enter wc_benchmark_test
------------------------------------------------------------------------------
 wolfSSL version 5.1.0
------------------------------------------------------------------------------
wolfCrypt Benchmark (block bytes 1048576, min 1.0 sec each)
RNG                 15 MB took 1.134 seconds,   13.226 MB/s
AES-128-CBC-enc     35 MB took 1.076 seconds,   32.514 MB/s
AES-128-CBC-dec     35 MB took 1.147 seconds,   30.512 MB/s
AES-192-CBC-enc     30 MB took 1.064 seconds,   28.184 MB/s
AES-192-CBC-dec     30 MB took 1.129 seconds,   26.578 MB/s
AES-256-CBC-enc     30 MB took 1.176 seconds,   25.515 MB/s
AES-256-CBC-dec     25 MB took 1.051 seconds,   23.778 MB/s
AES-128-GCM-enc     25 MB took 1.047 seconds,   23.875 MB/s
AES-128-GCM-dec     25 MB took 1.049 seconds,   23.828 MB/s
AES-192-GCM-enc     25 MB took 1.168 seconds,   21.405 MB/s
AES-192-GCM-dec     25 MB took 1.183 seconds,   21.126 MB/s
AES-256-GCM-enc     20 MB took 1.012 seconds,   19.760 MB/s
AES-256-GCM-dec     20 MB took 1.020 seconds,   19.609 MB/s
GMAC Table 4-bit    69 MB took 1.012 seconds,   68.173 MB/s
RABBIT              95 MB took 1.044 seconds,   91.026 MB/s
3DES                10 MB took 1.102 seconds,    9.073 MB/s
MD5                305 MB took 1.009 seconds,  302.398 MB/s
SHA                130 MB took 1.026 seconds,  126.656 MB/s
SHA-256             35 MB took 1.137 seconds,   30.773 MB/s
HMAC-MD5           305 MB took 1.009 seconds,  302.145 MB/s
HMAC-SHA           130 MB took 1.036 seconds,  125.510 MB/s
HMAC-SHA256         35 MB took 1.140 seconds,   30.699 MB/s
PBKDF2               4 KB took 1.006 seconds,    3.760 KB/s
RSA     2048 public       1500 ops took 1.070 sec, avg 0.714 ms, 1401.373 ops/sec
RSA     2048 private       100 ops took 3.670 sec, avg 36.696 ms, 27.251 ops/sec
DH      2048 key gen        65 ops took 1.007 sec, avg 15.496 ms, 64.531 ops/sec
DH      2048 agree         100 ops took 1.539 sec, avg 15.394 ms, 64.962 ops/sec
ECC   [      SECP256R1]   256 key gen      1394 ops took 1.000 sec, avg 0.718 ms, 1393.521 ops/sec
ECDHE [      SECP256R1]   256 agree        1000 ops took 1.099 sec, avg 1.099 ms, 910.051 ops/sec
ECDSA [      SECP256R1]   256 sign         1300 ops took 1.082 sec, avg 0.832 ms, 1201.594 ops/sec
ECDSA [      SECP256R1]   256 verify        900 ops took 1.038 sec, avg 1.154 ms, 866.776 ops/sec
Benchmark complete
[SGXSan] ALWAYS: Enter wc_test
INFO: seed corpus: files: 4 min: 370191b max: 390122b total: 1520626b rss: 43Mb
------------------------------------------------------------------------------
 wolfSSL version 5.1.0
------------------------------------------------------------------------------
error    test passed!
MEMORY   test passed!
base64   test passed!
asn      test passed!
RANDOM   test passed!
MD5      test passed!
MD4      test passed!
SHA      test passed!
SHA-256  test passed!
Hash     test passed!
HMAC-MD5 test passed!
HMAC-SHA test passed!
HMAC-SHA256 test passed!
GMAC     test passed!
HC-128   test passed!
Rabbit   test passed!
DES      test passed!
DES3     test passed!
AES      test passed!
AES192   test passed!
AES256   test passed!
AES-GCM  test passed!
RSA      test passed!
DH       test passed!
DSA      test passed!
PWDBASED test passed!
ECC      test passed!
ECC buffer test passed!
logging  test passed!
mutex    test passed!
memcb    test passed!
Test complete
[SGXSan] ALWAYS: Enter enc_wolfSSL_new
[SGXSan] ALWAYS: Enter wc_test
------------------------------------------------------------------------------
 wolfSSL version 5.1.0
------------------------------------------------------------------------------
error    test passed!
MEMORY   test passed!
base64   test passed!
asn      test passed!
RANDOM   test passed!
MD5      test passed!
MD4      test passed!
SHA      test passed!
SHA-256  test passed!
Hash     test passed!
HMAC-MD5 test passed!
HMAC-SHA test passed!
HMAC-SHA256 test passed!
GMAC     test passed!
HC-128   test passed!
Rabbit   test passed!
DES      test passed!
DES3     test passed!
AES      test passed!
AES192   test passed!
AES256   test passed!
AES-GCM  test passed!
RSA      test passed!
DH       test passed!
DSA      test passed!
PWDBASED test passed!
ECC      test passed!
ECC buffer test passed!
logging  test passed!
mutex    test passed!
memcb    test failed!
 error = -13803
[SGXSan] ALWAYS: Enter enc_wolfSSL_CTX_use_certificate_chain_buffer_format
[SGXSan] ALWAYS: Enter enc_wolfSSL_write
[SGXSan] ALWAYS: Enter enc_wolfSSL_get_error
[SGXSan] ALWAYS: Enter enc_wolfSSL_CTX_load_verify_buffer
[SGXSan] ALWAYS: Enter enc_wolfSSL_CTX_use_PrivateKey_buffer
[SGXSan] ALWAYS: Enter enc_wolfSSL_CTX_use_certificate_buffer
[SGXSan] ALWAYS: Enter enc_wolfTLSv1_2_server_method
[SGXSan] ALWAYS: Enter enc_wolfSSL_Debugging_ON
[SGXSan] ALWAYS: Enter enc_wolfSSL_CTX_new
[SGXSan] ALWAYS: Enter enc_wolfSSL_Cleanup
[SGXSan] ALWAYS: Enter enc_wolfSSL_connect
[SGXSan] ALWAYS: Enter wc_benchmark_test
------------------------------------------------------------------------------
 wolfSSL version 5.1.0
------------------------------------------------------------------------------
wolfCrypt Benchmark (block bytes 1048576, min 1.0 sec each)
RNG                 15 MB took 1.154 seconds,   12.999 MB/s
AES-128-CBC-enc     35 MB took 1.081 seconds,   32.386 MB/s
AES-128-CBC-dec     35 MB took 1.161 seconds,   30.136 MB/s
AES-192-CBC-enc     30 MB took 1.085 seconds,   27.641 MB/s
AES-192-CBC-dec     30 MB took 1.162 seconds,   25.815 MB/s
AES-256-CBC-enc     30 MB took 1.198 seconds,   25.045 MB/s
AES-256-CBC-dec     25 MB took 1.065 seconds,   23.466 MB/s
AES-128-GCM-enc     25 MB took 1.062 seconds,   23.531 MB/s
AES-128-GCM-dec     25 MB took 1.066 seconds,   23.458 MB/s
AES-192-GCM-enc     25 MB took 1.199 seconds,   20.845 MB/s
AES-192-GCM-dec     25 MB took 1.200 seconds,   20.834 MB/s
AES-256-GCM-enc     20 MB took 1.040 seconds,   19.236 MB/s
AES-256-GCM-dec     20 MB took 1.040 seconds,   19.227 MB/s
GMAC Table 4-bit    67 MB took 1.001 seconds,   66.903 MB/s
RABBIT              90 MB took 1.024 seconds,   87.880 MB/s
3DES                10 MB took 1.108 seconds,    9.027 MB/s
MD5                300 MB took 1.010 seconds,  297.059 MB/s
SHA                130 MB took 1.024 seconds,  126.985 MB/s
SHA-256             35 MB took 1.144 seconds,   30.594 MB/s
HMAC-MD5           300 MB took 1.016 seconds,  295.265 MB/s
HMAC-SHA           125 MB took 1.002 seconds,  124.753 MB/s
HMAC-SHA256         35 MB took 1.163 seconds,   30.086 MB/s
PBKDF2               4 KB took 1.007 seconds,    3.723 KB/s
RSA     2048 public       1400 ops took 1.016 sec, avg 0.726 ms, 1378.040 ops/sec
RSA     2048 private       100 ops took 3.784 sec, avg 37.840 ms, 26.427 ops/sec
DH      2048 key gen        64 ops took 1.010 sec, avg 15.789 ms, 63.336 ops/sec
DH      2048 agree         100 ops took 1.615 sec, avg 16.151 ms, 61.915 ops/sec
ECC   [      SECP256R1]   256 key gen      1367 ops took 1.000 sec, avg 0.732 ms, 1366.675 ops/sec
ECDHE [      SECP256R1]   256 agree         900 ops took 1.025 sec, avg 1.138 ms, 878.403 ops/sec
ECDSA [      SECP256R1]   256 sign         1200 ops took 1.027 sec, avg 0.856 ms, 1168.712 ops/sec
ECDSA [      SECP256R1]   256 verify        900 ops took 1.052 sec, avg 1.169 ms, 855.237 ops/sec
Benchmark complete
[SGXSan] ALWAYS: Enter enc_wolfSSL_free
[SGXSan] ALWAYS: Enter enc_wolfSSL_set_fd
[SGXSan] ALWAYS: Enter enc_wolfTLSv1_2_client_method
[SGXSan] ALWAYS: Enter enc_wolfSSL_Init
[SGXSan] ALWAYS: Enter enc_wolfSSL_CTX_set_cipher_list
[SGXSan] ALWAYS: Enter enc_wolfSSL_Debugging_OFF
[SGXSan] ALWAYS: Enter enc_wolfSSL_read
[SGXSan] ALWAYS: Enter enc_wolfSSL_CTX_free
#2	pulse  ft: 6293 exec/s: 0 rss: 49Mb
Slowest unit: 42 s:
artifact_prefix='./crashes/'; Test unit written to ./crashes/slow-unit-c9cfd7010b0779e2835c2ded8690708a4975af65
[SGXSan] ALWAYS: Enter enc_wolfSSL_set_fd
[SGXSan] ALWAYS: Enter enc_wolfTLSv1_2_client_method
[SGXSan] ALWAYS: Enter enc_wolfSSL_CTX_new
[SGXSan] ALWAYS: Enter enc_wolfSSL_read
[SGXSan] ALWAYS: Enter enc_wolfSSL_CTX_set_cipher_list
[SGXSan] ALWAYS: Enter enc_wolfSSL_CTX_free
[SGXSan] ALWAYS: Enter enc_wolfSSL_new
[SGXSan] ALWAYS: Enter enc_wolfSSL_CTX_use_PrivateKey_buffer
[SGXSan] ALWAYS: Enter enc_wolfTLSv1_2_server_method
[SGXSan] ALWAYS: Enter enc_wolfSSL_CTX_load_verify_buffer
[SGXSan] ALWAYS: Enter enc_wolfSSL_connect
[SGXSan] ALWAYS: Enter enc_wolfSSL_Debugging_OFF
[SGXSan] ALWAYS: Enter enc_wolfSSL_CTX_use_certificate_buffer
[SGXSan] ALWAYS: Enter enc_wolfSSL_free
[SGXSan] ALWAYS: Enter enc_wolfSSL_Init
[SGXSan] ALWAYS: Enter enc_wolfSSL_CTX_use_certificate_chain_buffer_format
[SGXSan] ALWAYS: Enter wc_benchmark_test
------------------------------------------------------------------------------
 wolfSSL version 5.1.0
------------------------------------------------------------------------------
wolfCrypt Benchmark (block bytes 1048576, min 1.0 sec each)
RNG                 15 MB took 1.167 seconds,   12.854 MB/s
AES-128-CBC-enc     35 MB took 1.094 seconds,   32.001 MB/s
AES-128-CBC-dec     30 MB took 1.005 seconds,   29.855 MB/s
AES-192-CBC-enc     30 MB took 1.076 seconds,   27.883 MB/s
AES-192-CBC-dec     30 MB took 1.147 seconds,   26.164 MB/s
AES-256-CBC-enc     25 MB took 1.000 seconds,   24.990 MB/s
AES-256-CBC-dec     25 MB took 1.062 seconds,   23.551 MB/s
AES-128-GCM-enc     25 MB took 1.070 seconds,   23.374 MB/s
AES-128-GCM-dec     25 MB took 1.077 seconds,   23.205 MB/s
AES-192-GCM-enc     25 MB took 1.191 seconds,   20.983 MB/s
AES-192-GCM-dec     25 MB took 1.199 seconds,   20.851 MB/s
AES-256-GCM-enc     20 MB took 1.039 seconds,   19.257 MB/s
AES-256-GCM-dec     20 MB took 1.110 seconds,   18.014 MB/s
GMAC Table 4-bit    68 MB took 1.013 seconds,   67.132 MB/s
RABBIT              90 MB took 1.004 seconds,   89.614 MB/s
3DES                10 MB took 1.098 seconds,    9.107 MB/s
MD5                295 MB took 1.005 seconds,  293.661 MB/s
SHA                130 MB took 1.036 seconds,  125.458 MB/s
SHA-256             35 MB took 1.157 seconds,   30.248 MB/s
HMAC-MD5           300 MB took 1.007 seconds,  297.840 MB/s
HMAC-SHA           125 MB took 1.003 seconds,  124.599 MB/s
HMAC-SHA256         30 MB took 1.006 seconds,   29.835 MB/s
PBKDF2               4 KB took 1.005 seconds,    3.700 KB/s
RSA     2048 public       1400 ops took 1.043 sec, avg 0.745 ms, 1342.346 ops/sec
RSA     2048 private       100 ops took 3.784 sec, avg 37.843 ms, 26.425 ops/sec
DH      2048 key gen        64 ops took 1.008 sec, avg 15.756 ms, 63.469 ops/sec
DH      2048 agree         100 ops took 1.599 sec, avg 15.989 ms, 62.543 ops/sec
ECC   [      SECP256R1]   256 key gen      1366 ops took 1.001 sec, avg 0.732 ms, 1365.268 ops/sec
ECDHE [      SECP256R1]   256 agree         900 ops took 1.005 sec, avg 1.117 ms, 895.443 ops/sec
ECDSA [      SECP256R1]   256 sign         1200 ops took 1.032 sec, avg 0.860 ms, 1162.499 ops/sec
ECDSA [      SECP256R1]   256 verify        900 ops took 1.071 sec, avg 1.190 ms, 840.606 ops/sec
Benchmark complete
[SGXSan] ALWAYS: Enter enc_wolfSSL_Debugging_ON
[SGXSan] ALWAYS: Enter wc_test
------------------------------------------------------------------------------
 wolfSSL version 5.1.0
------------------------------------------------------------------------------
error    test passed!
MEMORY   test passed!
base64   test passed!
asn      test passed!
RANDOM   test passed!
MD5      test passed!
MD4      test passed!
SHA      test passed!
SHA-256  test passed!
Hash     test passed!
HMAC-MD5 test passed!
HMAC-SHA test passed!
HMAC-SHA256 test passed!
GMAC     test passed!
HC-128   test passed!
Rabbit   test passed!
DES      test passed!
DES3     test passed!
AES      test passed!
AES192   test passed!
AES256   test passed!
AES-GCM  test passed!
RSA      test passed!
DH       test passed!
DSA      test passed!
PWDBASED test passed!
ECC      test passed!
ECC buffer test passed!
logging  test passed!
mutex    test passed!
memcb    test failed!
 error = -13803
[SGXSan] ALWAYS: Enter enc_wolfSSL_Cleanup
[SGXSan] ALWAYS: Enter enc_wolfSSL_write
[SGXSan] ALWAYS: Enter enc_wolfSSL_get_error
[SGXSan] ALWAYS: Enter enc_wolfSSL_Init
[SGXSan] ALWAYS: Enter enc_wolfSSL_Cleanup
[SGXSan] ALWAYS: Enter enc_wolfSSL_set_fd
[SGXSan] ALWAYS: Enter enc_wolfSSL_CTX_load_verify_buffer
[SGXSan] ALWAYS: Enter enc_wolfSSL_Debugging_ON
[SGXSan] ALWAYS: Enter wc_benchmark_test
------------------------------------------------------------------------------
 wolfSSL version 5.1.0
------------------------------------------------------------------------------
wolfCrypt Benchmark (block bytes 1048576, min 1.0 sec each)
RNG                 15 MB took 1.151 seconds,   13.029 MB/s
AES-128-CBC-enc     35 MB took 1.076 seconds,   32.538 MB/s
AES-128-CBC-dec     30 MB took 1.002 seconds,   29.949 MB/s
AES-192-CBC-enc     30 MB took 1.097 seconds,   27.339 MB/s
AES-192-CBC-dec     30 MB took 1.160 seconds,   25.872 MB/s
AES-256-CBC-enc     25 MB took 1.020 seconds,   24.520 MB/s
AES-256-CBC-dec     25 MB took 1.070 seconds,   23.374 MB/s
AES-128-GCM-enc     25 MB took 1.069 seconds,   23.391 MB/s
AES-128-GCM-dec     25 MB took 1.081 seconds,   23.131 MB/s
AES-192-GCM-enc     25 MB took 1.186 seconds,   21.072 MB/s
AES-192-GCM-dec     25 MB took 1.200 seconds,   20.836 MB/s
AES-256-GCM-enc     20 MB took 1.026 seconds,   19.488 MB/s
AES-256-GCM-dec     20 MB took 1.040 seconds,   19.224 MB/s
GMAC Table 4-bit    67 MB took 1.009 seconds,   66.413 MB/s
RABBIT              90 MB took 1.026 seconds,   87.708 MB/s
3DES                10 MB took 1.114 seconds,    8.973 MB/s
MD5                300 MB took 1.015 seconds,  295.705 MB/s
SHA                130 MB took 1.024 seconds,  126.987 MB/s
SHA-256             35 MB took 1.164 seconds,   30.078 MB/s
HMAC-MD5           300 MB took 1.009 seconds,  297.236 MB/s
HMAC-SHA           125 MB took 1.004 seconds,  124.548 MB/s
HMAC-SHA256         30 MB took 1.006 seconds,   29.816 MB/s
PBKDF2               4 KB took 1.003 seconds,    3.706 KB/s
RSA     2048 public       1400 ops took 1.019 sec, avg 0.728 ms, 1373.627 ops/sec
RSA     2048 private       100 ops took 3.782 sec, avg 37.825 ms, 26.438 ops/sec
DH      2048 key gen        64 ops took 1.009 sec, avg 15.769 ms, 63.416 ops/sec
DH      2048 agree         100 ops took 1.599 sec, avg 15.991 ms, 62.537 ops/sec
ECC   [      SECP256R1]   256 key gen      1335 ops took 1.001 sec, avg 0.750 ms, 1334.165 ops/sec
ECDHE [      SECP256R1]   256 agree         900 ops took 1.011 sec, avg 1.123 ms, 890.233 ops/sec
ECDSA [      SECP256R1]   256 sign         1200 ops took 1.034 sec, avg 0.862 ms, 1160.669 ops/sec
ECDSA [      SECP256R1]   256 verify        900 ops took 1.054 sec, avg 1.171 ms, 854.071 ops/sec
Benchmark complete
[SGXSan] ALWAYS: Enter enc_wolfSSL_new
[SGXSan] ALWAYS: Enter enc_wolfSSL_free
[SGXSan] ALWAYS: Enter enc_wolfSSL_CTX_use_certificate_buffer
[SGXSan] ALWAYS: Enter enc_wolfSSL_connect
[SGXSan] ALWAYS: Enter enc_wolfTLSv1_2_server_method
[SGXSan] ALWAYS: Enter enc_wolfSSL_CTX_use_certificate_chain_buffer_format
[SGXSan] ALWAYS: Enter enc_wolfSSL_Debugging_OFF
[SGXSan] ALWAYS: Enter wc_test
------------------------------------------------------------------------------
 wolfSSL version 5.1.0
------------------------------------------------------------------------------
error    test passed!
MEMORY   test passed!
base64   test passed!
asn      test passed!
RANDOM   test passed!
MD5      test passed!
MD4      test passed!
SHA      test passed!
SHA-256  test passed!
Hash     test passed!
HMAC-MD5 test passed!
HMAC-SHA test passed!
HMAC-SHA256 test passed!
GMAC     test passed!
HC-128   test passed!
Rabbit   test passed!
DES      test passed!
DES3     test passed!
AES      test passed!
AES192   test passed!
AES256   test passed!
AES-GCM  test passed!
RSA      test passed!
DH       test passed!
DSA      test passed!
PWDBASED test passed!
ECC      test passed!
ECC buffer test passed!
logging  test passed!
mutex    test passed!
memcb    test failed!
 error = -13803
[SGXSan] ALWAYS: Enter enc_wolfSSL_write
[SGXSan] ALWAYS: Enter enc_wolfSSL_get_error
[SGXSan] ALWAYS: Enter enc_wolfTLSv1_2_client_method
[SGXSan] ALWAYS: Enter enc_wolfSSL_CTX_set_cipher_list
[SGXSan] ALWAYS: Enter enc_wolfSSL_CTX_free
[SGXSan] ALWAYS: Enter enc_wolfSSL_CTX_use_PrivateKey_buffer
[SGXSan] ALWAYS: Enter enc_wolfSSL_read
[SGXSan] ALWAYS: Enter enc_wolfSSL_CTX_new
#4	pulse  cov: 6293 ft: 6293 corp: 1/361Kb exec/s: 0 rss: 63Mb
[SGXSan] ALWAYS: Enter enc_wolfSSL_Init
[SGXSan] ALWAYS: Enter enc_wolfSSL_Cleanup
[SGXSan] ALWAYS: Enter enc_wolfSSL_set_fd
[SGXSan] ALWAYS: Enter enc_wolfSSL_CTX_load_verify_buffer
[SGXSan] ALWAYS: Enter enc_wolfSSL_Debugging_ON
[SGXSan] ALWAYS: Enter wc_benchmark_test
------------------------------------------------------------------------------
 wolfSSL version 5.1.0
------------------------------------------------------------------------------
wolfCrypt Benchmark (block bytes 1048576, min 1.0 sec each)
RNG                 15 MB took 1.151 seconds,   13.031 MB/s
AES-128-CBC-enc     35 MB took 1.098 seconds,   31.870 MB/s
AES-128-CBC-dec     35 MB took 1.160 seconds,   30.162 MB/s
AES-192-CBC-enc     30 MB took 1.065 seconds,   28.174 MB/s
AES-192-CBC-dec     30 MB took 1.138 seconds,   26.351 MB/s
AES-256-CBC-enc     30 MB took 1.200 seconds,   25.009 MB/s
AES-256-CBC-dec     25 MB took 1.066 seconds,   23.442 MB/s
AES-128-GCM-enc     25 MB took 1.066 seconds,   23.462 MB/s
AES-128-GCM-dec     25 MB took 1.068 seconds,   23.407 MB/s
AES-192-GCM-enc     25 MB took 1.194 seconds,   20.934 MB/s
AES-192-GCM-dec     25 MB took 1.202 seconds,   20.792 MB/s
AES-256-GCM-enc     20 MB took 1.026 seconds,   19.486 MB/s
AES-256-GCM-dec     20 MB took 1.043 seconds,   19.170 MB/s
GMAC Table 4-bit    67 MB took 1.000 seconds,   66.996 MB/s
RABBIT              90 MB took 1.010 seconds,   89.115 MB/s
3DES                10 MB took 1.109 seconds,    9.015 MB/s
MD5                300 MB took 1.003 seconds,  299.133 MB/s
SHA                130 MB took 1.037 seconds,  125.347 MB/s
SHA-256             35 MB took 1.150 seconds,   30.445 MB/s
HMAC-MD5           300 MB took 1.010 seconds,  297.070 MB/s
HMAC-SHA           130 MB took 1.039 seconds,  125.175 MB/s
HMAC-SHA256         35 MB took 1.157 seconds,   30.243 MB/s
PBKDF2               4 KB took 1.004 seconds,    3.672 KB/s
RSA     2048 public       1400 ops took 1.028 sec, avg 0.734 ms, 1361.496 ops/sec
RSA     2048 private       100 ops took 3.769 sec, avg 37.690 ms, 26.532 ops/sec
DH      2048 key gen        63 ops took 1.000 sec, avg 15.881 ms, 62.969 ops/sec
DH      2048 agree         100 ops took 1.807 sec, avg 18.066 ms, 55.352 ops/sec
ECC   [      SECP256R1]   256 key gen      1363 ops took 1.000 sec, avg 0.734 ms, 1362.584 ops/sec
ECDHE [      SECP256R1]   256 agree         900 ops took 1.028 sec, avg 1.142 ms, 875.735 ops/sec
ECDSA [      SECP256R1]   256 sign         1200 ops took 1.023 sec, avg 0.852 ms, 1173.497 ops/sec
ECDSA [      SECP256R1]   256 verify        900 ops took 1.058 sec, avg 1.176 ms, 850.681 ops/sec
Benchmark complete
[SGXSan] ALWAYS: Enter enc_wolfSSL_new
[SGXSan] ALWAYS: Enter enc_wolfSSL_free
[SGXSan] ALWAYS: Enter enc_wolfSSL_CTX_use_certificate_buffer
[SGXSan] ALWAYS: Enter enc_wolfSSL_connect
[SGXSan] ALWAYS: Enter enc_wolfTLSv1_2_server_method
[SGXSan] ALWAYS: Enter enc_wolfSSL_CTX_use_certificate_chain_buffer_format
[SGXSan] ALWAYS: Enter enc_wolfSSL_Debugging_OFF
[SGXSan] ALWAYS: Enter wc_test
------------------------------------------------------------------------------
 wolfSSL version 5.1.0
------------------------------------------------------------------------------
error    test passed!
MEMORY   test passed!
base64   test passed!
asn      test passed!
RANDOM   test passed!
MD5      test passed!
MD4      test passed!
SHA      test passed!
SHA-256  test passed!
Hash     test passed!
HMAC-MD5 test passed!
HMAC-SHA test passed!
HMAC-SHA256 test passed!
GMAC     test passed!
HC-128   test passed!
Rabbit   test passed!
DES      test passed!
DES3     test passed!
AES      test passed!
AES192   test passed!
AES256   test passed!
AES-GCM  test passed!
RSA      test passed!
DH       test passed!
DSA      test passed!
PWDBASED test passed!
ECC      test passed!
ECC buffer test passed!
logging  test passed!
mutex    test passed!
memcb    test failed!
 error = -13803
[SGXSan] ALWAYS: Enter enc_wolfSSL_write
[SGXSan] ALWAYS: Enter enc_wolfSSL_get_error
[SGXSan] ALWAYS: Enter enc_wolfTLSv1_2_client_method
[SGXSan] ALWAYS: Enter enc_wolfSSL_CTX_set_cipher_list
[SGXSan] ALWAYS: Enter enc_wolfSSL_CTX_free
[SGXSan] ALWAYS: Enter enc_wolfSSL_CTX_use_PrivateKey_buffer
[SGXSan] ALWAYS: Enter enc_wolfSSL_read
[SGXSan] ALWAYS: Enter enc_wolfSSL_CTX_new
#5	INITED cov: 6293 ft: 6293 corp: 1/361Kb exec/s: 0 rss: 69Mb
[SGXSan] ALWAYS: Enter enc_wolfSSL_free
[SGXSan] ALWAYS: Enter wc_test
------------------------------------------------------------------------------
 wolfSSL version 5.1.0
------------------------------------------------------------------------------
error    test passed!
MEMORY   test passed!
base64   test passed!
asn      test passed!
RANDOM   test passed!
MD5      test passed!
MD4      test passed!
SHA      test passed!
SHA-256  test passed!
Hash     test passed!
HMAC-MD5 test passed!
HMAC-SHA test passed!
HMAC-SHA256 test passed!
GMAC     test passed!
HC-128   test passed!
Rabbit   test passed!
DES      test passed!
DES3     test passed!
AES      test passed!
AES192   test passed!
AES256   test passed!
AES-GCM  test passed!
RSA      test passed!
DH       test passed!
DSA      test passed!
PWDBASED test passed!
ECC      test passed!
ECC buffer test passed!
logging  test passed!
mutex    test passed!
memcb    test failed!
 error = -13803
[SGXSan] ALWAYS: Enter enc_wolfSSL_CTX_use_PrivateKey_buffer
[SGXSan] ALWAYS: Enter enc_wolfSSL_CTX_use_certificate_chain_buffer_format
[SGXSan] ALWAYS: Enter enc_wolfSSL_Init
[SGXSan] ALWAYS: Enter enc_wolfSSL_CTX_use_certificate_buffer
[SGXSan] ALWAYS: Enter enc_wolfSSL_connect
[SGXSan] ALWAYS: Enter enc_wolfSSL_CTX_set_cipher_list
[SGXSan] ALWAYS: Enter enc_wolfSSL_Cleanup
[SGXSan] ALWAYS: Enter enc_wolfSSL_Debugging_OFF
[SGXSan] ALWAYS: Enter wc_benchmark_test
------------------------------------------------------------------------------
 wolfSSL version 5.1.0
------------------------------------------------------------------------------
wolfCrypt Benchmark (block bytes 1048576, min 1.0 sec each)
RNG                 15 MB took 1.149 seconds,   13.055 MB/s
AES-128-CBC-enc     35 MB took 1.087 seconds,   32.205 MB/s
AES-128-CBC-dec     35 MB took 1.166 seconds,   30.012 MB/s
AES-192-CBC-enc     30 MB took 1.071 seconds,   28.009 MB/s
AES-192-CBC-dec     30 MB took 1.140 seconds,   26.306 MB/s
AES-256-CBC-enc     25 MB took 1.001 seconds,   24.978 MB/s
AES-256-CBC-dec     25 MB took 1.099 seconds,   22.745 MB/s
AES-128-GCM-enc     25 MB took 1.075 seconds,   23.256 MB/s
AES-128-GCM-dec     25 MB took 1.077 seconds,   23.211 MB/s
AES-192-GCM-enc     25 MB took 1.191 seconds,   20.999 MB/s
AES-192-GCM-dec     25 MB took 1.200 seconds,   20.842 MB/s
AES-256-GCM-enc     20 MB took 1.064 seconds,   18.800 MB/s
AES-256-GCM-dec     20 MB took 1.032 seconds,   19.377 MB/s
GMAC Table 4-bit    68 MB took 1.014 seconds,   67.085 MB/s
RABBIT              90 MB took 1.004 seconds,   89.646 MB/s
3DES                10 MB took 1.101 seconds,    9.082 MB/s
MD5                295 MB took 1.008 seconds,  292.583 MB/s
SHA                130 MB took 1.024 seconds,  126.921 MB/s
SHA-256             35 MB took 1.153 seconds,   30.353 MB/s
HMAC-MD5           305 MB took 1.014 seconds,  300.809 MB/s
HMAC-SHA           125 MB took 1.000 seconds,  124.963 MB/s
HMAC-SHA256         35 MB took 1.162 seconds,   30.113 MB/s
PBKDF2               4 KB took 1.006 seconds,    3.758 KB/s
RSA     2048 public       1400 ops took 1.035 sec, avg 0.739 ms, 1352.526 ops/sec
RSA     2048 private       100 ops took 3.743 sec, avg 37.431 ms, 26.716 ops/sec
DH      2048 key gen        64 ops took 1.008 sec, avg 15.745 ms, 63.512 ops/sec
DH      2048 agree         100 ops took 1.564 sec, avg 15.644 ms, 63.921 ops/sec
ECC   [      SECP256R1]   256 key gen      1393 ops took 1.000 sec, avg 0.718 ms, 1392.545 ops/sec
ECDHE [      SECP256R1]   256 agree        1000 ops took 1.097 sec, avg 1.097 ms, 911.602 ops/sec
ECDSA [      SECP256R1]   256 sign         1200 ops took 1.032 sec, avg 0.860 ms, 1162.392 ops/sec
ECDSA [      SECP256R1]   256 verify        900 ops took 1.051 sec, avg 1.167 ms, 856.677 ops/sec
Benchmark complete
[SGXSan] ALWAYS: Enter enc_wolfSSL_set_fd
[SGXSan] ALWAYS: Enter enc_wolfSSL_new
[SGXSan] ALWAYS: Enter enc_wolfSSL_CTX_new
[SGXSan] ALWAYS: Enter enc_wolfSSL_get_error
[SGXSan] ALWAYS: Enter enc_wolfSSL_CTX_free
[SGXSan] ALWAYS: Enter enc_wolfTLSv1_2_server_method
[SGXSan] ALWAYS: Enter enc_wolfSSL_CTX_load_verify_buffer
[SGXSan] ALWAYS: Enter enc_wolfSSL_Debugging_ON
[SGXSan] ALWAYS: Enter enc_wolfSSL_write
[SGXSan] ALWAYS: Enter enc_wolfSSL_read
[SGXSan] ALWAYS: Enter enc_wolfTLSv1_2_client_method
[SGXSan] ALWAYS: Enter enc_wolfSSL_free
[SGXSan] ALWAYS: Enter wc_test
------------------------------------------------------------------------------
 wolfSSL version 5.1.0
------------------------------------------------------------------------------
error    test passed!
MEMORY   test passed!
base64   test passed!
asn      test passed!
RANDOM   test passed!
MD5      test passed!
MD4      test passed!
SHA      test passed!
SHA-256  test passed!
Hash     test passed!
HMAC-MD5 test passed!
HMAC-SHA test passed!
HMAC-SHA256 test passed!
GMAC     test passed!
HC-128   test passed!
Rabbit   test passed!
DES      test passed!
DES3     test passed!
AES      test passed!
AES192   test passed!
AES256   test passed!
AES-GCM  test passed!
RSA      test passed!
DH       test passed!
DSA      test passed!
PWDBASED test passed!
ECC      test passed!
ECC buffer test passed!
logging  test passed!
mutex    test passed!
memcb    test failed!
 error = -13803
[SGXSan] ALWAYS: Enter enc_wolfSSL_CTX_use_PrivateKey_buffer
[SGXSan] ALWAYS: Enter enc_wolfSSL_CTX_use_certificate_chain_buffer_format
[SGXSan] ALWAYS: Enter enc_wolfSSL_Init
[SGXSan] ALWAYS: Enter enc_wolfSSL_CTX_use_certificate_buffer
[SGXSan] ALWAYS: Enter enc_wolfSSL_connect
[SGXSan] ALWAYS: Enter enc_wolfSSL_CTX_set_cipher_list
[SGXSan] ALWAYS: Enter enc_wolfSSL_Cleanup
[SGXSan] ALWAYS: Enter enc_wolfSSL_Debugging_OFF
[SGXSan] ALWAYS: Enter wc_benchmark_test
------------------------------------------------------------------------------
 wolfSSL version 5.1.0
------------------------------------------------------------------------------
wolfCrypt Benchmark (block bytes 1048576, min 1.0 sec each)
RNG                 15 MB took 1.148 seconds,   13.068 MB/s
AES-128-CBC-enc     35 MB took 1.079 seconds,   32.438 MB/s
AES-128-CBC-dec     35 MB took 1.173 seconds,   29.842 MB/s
AES-192-CBC-enc     30 MB took 1.070 seconds,   28.027 MB/s
AES-192-CBC-dec     30 MB took 1.148 seconds,   26.126 MB/s
AES-256-CBC-enc     30 MB took 1.195 seconds,   25.096 MB/s
AES-256-CBC-dec     25 MB took 1.056 seconds,   23.682 MB/s
AES-128-GCM-enc     25 MB took 1.069 seconds,   23.386 MB/s
AES-128-GCM-dec     25 MB took 1.080 seconds,   23.151 MB/s
AES-192-GCM-enc     25 MB took 1.198 seconds,   20.876 MB/s
AES-192-GCM-dec     25 MB took 1.186 seconds,   21.075 MB/s
AES-256-GCM-enc     20 MB took 1.028 seconds,   19.448 MB/s
AES-256-GCM-dec     20 MB took 1.037 seconds,   19.286 MB/s
GMAC Table 4-bit    66 MB took 1.005 seconds,   65.670 MB/s
RABBIT              90 MB took 1.018 seconds,   88.438 MB/s
3DES                10 MB took 1.110 seconds,    9.009 MB/s
MD5                300 MB took 1.011 seconds,  296.802 MB/s
SHA                130 MB took 1.036 seconds,  125.513 MB/s
SHA-256             35 MB took 1.160 seconds,   30.185 MB/s
HMAC-MD5           300 MB took 1.011 seconds,  296.762 MB/s
HMAC-SHA           125 MB took 1.007 seconds,  124.151 MB/s
HMAC-SHA256         35 MB took 1.162 seconds,   30.110 MB/s
PBKDF2               4 KB took 1.001 seconds,    3.716 KB/s
RSA     2048 public       1400 ops took 1.038 sec, avg 0.741 ms, 1349.273 ops/sec
RSA     2048 private       100 ops took 3.707 sec, avg 37.072 ms, 26.975 ops/sec
DH      2048 key gen        64 ops took 1.011 sec, avg 15.794 ms, 63.316 ops/sec
DH      2048 agree         100 ops took 1.562 sec, avg 15.625 ms, 64.001 ops/sec
ECC   [      SECP256R1]   256 key gen      1375 ops took 1.000 sec, avg 0.728 ms, 1374.457 ops/sec
ECDHE [      SECP256R1]   256 agree        1000 ops took 1.103 sec, avg 1.103 ms, 906.765 ops/sec
ECDSA [      SECP256R1]   256 sign         1200 ops took 1.008 sec, avg 0.840 ms, 1190.095 ops/sec
ECDSA [      SECP256R1]   256 verify        900 ops took 1.071 sec, avg 1.189 ms, 840.718 ops/sec
Benchmark complete
[SGXSan] ALWAYS: Enter enc_wolfSSL_set_fd
[SGXSan] ALWAYS: Enter enc_wolfSSL_new
[SGXSan] ALWAYS: Enter enc_wolfSSL_CTX_new
[SGXSan] ALWAYS: Enter enc_wolfSSL_get_error
[SGXSan] ALWAYS: Enter enc_wolfSSL_CTX_free
[SGXSan] ALWAYS: Enter enc_wolfTLSv1_2_server_method
[SGXSan] ALWAYS: Enter enc_wolfSSL_CTX_load_verify_buffer
[SGXSan] ALWAYS: Enter enc_wolfSSL_Debugging_ON
[SGXSan] ALWAYS: Enter enc_wolfSSL_write
[SGXSan] ALWAYS: Enter enc_wolfSSL_read
[SGXSan] ALWAYS: Enter enc_wolfTLSv1_2_client_method
[SGXSan] ALWAYS: Enter enc_wolfSSL_free
[SGXSan] ALWAYS: Enter wc_test
------------------------------------------------------------------------------
 wolfSSL version 5.1.0
------------------------------------------------------------------------------
error    test passed!
MEMORY   test passed!
base64   test passed!
asn      test passed!
RANDOM   test passed!
MD5      test passed!
MD4      test passed!
SHA      test passed!
SHA-256  test passed!
Hash     test passed!
HMAC-MD5 test passed!
HMAC-SHA test passed!
HMAC-SHA256 test passed!
GMAC     test passed!
HC-128   test passed!
Rabbit   test passed!
DES      test passed!
DES3     test passed!
AES      test passed!
AES192   test passed!
AES256   test passed!
AES-GCM  test passed!
RSA      test passed!
DH       test passed!
DSA      test passed!
PWDBASED test passed!
ECC      test passed!
ECC buffer test passed!
logging  test passed!
mutex    test passed!
memcb    test failed!
 error = -13803
[SGXSan] ALWAYS: Enter enc_wolfSSL_CTX_use_PrivateKey_buffer
[SGXSan] ALWAYS: Enter enc_wolfSSL_CTX_use_certificate_chain_buffer_format
[SGXSan] ALWAYS: Enter enc_wolfSSL_Init
[SGXSan] ALWAYS: Enter enc_wolfSSL_CTX_use_certificate_buffer
[SGXSan] ALWAYS: Enter enc_wolfSSL_connect
[SGXSan] ALWAYS: Enter enc_wolfSSL_CTX_set_cipher_list
[SGXSan] ALWAYS: Enter enc_wolfSSL_Cleanup
[SGXSan] ALWAYS: Enter enc_wolfSSL_Debugging_OFF
[SGXSan] ALWAYS: Enter wc_benchmark_test
------------------------------------------------------------------------------
 wolfSSL version 5.1.0
------------------------------------------------------------------------------
wolfCrypt Benchmark (block bytes 1048576, min 1.0 sec each)
RNG                 15 MB took 1.160 seconds,   12.926 MB/s
AES-128-CBC-enc     35 MB took 1.078 seconds,   32.464 MB/s
AES-128-CBC-dec     30 MB took 1.008 seconds,   29.754 MB/s
AES-192-CBC-enc     30 MB took 1.088 seconds,   27.579 MB/s
AES-192-CBC-dec     30 MB took 1.163 seconds,   25.788 MB/s
AES-256-CBC-enc     25 MB took 1.010 seconds,   24.744 MB/s
AES-256-CBC-dec     25 MB took 1.066 seconds,   23.446 MB/s
AES-128-GCM-enc     25 MB took 1.071 seconds,   23.336 MB/s
AES-128-GCM-dec     25 MB took 1.062 seconds,   23.543 MB/s
AES-192-GCM-enc     25 MB took 1.193 seconds,   20.955 MB/s
AES-192-GCM-dec     25 MB took 1.182 seconds,   21.154 MB/s
AES-256-GCM-enc     20 MB took 1.045 seconds,   19.147 MB/s
AES-256-GCM-dec     20 MB took 1.045 seconds,   19.144 MB/s
GMAC Table 4-bit    67 MB took 1.006 seconds,   66.598 MB/s
RABBIT              90 MB took 1.019 seconds,   88.312 MB/s
3DES                10 MB took 1.105 seconds,    9.048 MB/s
MD5                285 MB took 1.008 seconds,  282.829 MB/s
SHA                130 MB took 1.028 seconds,  126.508 MB/s
SHA-256             35 MB took 1.147 seconds,   30.502 MB/s
HMAC-MD5           295 MB took 1.001 seconds,  294.834 MB/s
HMAC-SHA           125 MB took 1.000 seconds,  124.969 MB/s
HMAC-SHA256         35 MB took 1.165 seconds,   30.036 MB/s
PBKDF2               4 KB took 1.002 seconds,    3.711 KB/s
RSA     2048 public       1400 ops took 1.038 sec, avg 0.741 ms, 1349.236 ops/sec
RSA     2048 private       100 ops took 3.756 sec, avg 37.561 ms, 26.623 ops/sec
DH      2048 key gen        63 ops took 1.002 sec, avg 15.910 ms, 62.854 ops/sec
DH      2048 agree         100 ops took 1.581 sec, avg 15.811 ms, 63.248 ops/sec
ECC   [      SECP256R1]   256 key gen      1367 ops took 1.000 sec, avg 0.732 ms, 1366.885 ops/sec
ECDHE [      SECP256R1]   256 agree        1000 ops took 1.103 sec, avg 1.103 ms, 906.798 ops/sec
ECDSA [      SECP256R1]   256 sign         1200 ops took 1.026 sec, avg 0.855 ms, 1169.290 ops/sec
ECDSA [      SECP256R1]   256 verify        900 ops took 1.058 sec, avg 1.176 ms, 850.434 ops/sec
Benchmark complete
[SGXSan] ALWAYS: Enter enc_wolfSSL_set_fd
[SGXSan] ALWAYS: Enter enc_wolfSSL_new
[SGXSan] ALWAYS: Enter enc_wolfSSL_CTX_new
[SGXSan] ALWAYS: Enter enc_wolfSSL_get_error
[SGXSan] ALWAYS: Enter enc_wolfSSL_CTX_free
[SGXSan] ALWAYS: Enter enc_wolfTLSv1_2_server_method
[SGXSan] ALWAYS: Enter enc_wolfSSL_CTX_load_verify_buffer
[SGXSan] ALWAYS: Enter enc_wolfSSL_Debugging_ON
[SGXSan] ALWAYS: Enter enc_wolfSSL_write
[SGXSan] ALWAYS: Enter enc_wolfSSL_read
[SGXSan] ALWAYS: Enter enc_wolfTLSv1_2_client_method
#8	pulse  cov: 6293 ft: 6293 corp: 1/361Kb lim: 1000000 exec/s: 0 rss: 86Mb
[SGXSan] ALWAYS: Enter enc_wolfSSL_free
[SGXSan] ALWAYS: Enter wc_test
------------------------------------------------------------------------------
 wolfSSL version 5.1.0
------------------------------------------------------------------------------
error    test passed!
MEMORY   test passed!
base64   test passed!
asn      test passed!
RANDOM   test passed!
MD5      test passed!
MD4      test passed!
SHA      test passed!
SHA-256  test passed!
Hash     test passed!
HMAC-MD5 test passed!
HMAC-SHA test passed!
HMAC-SHA256 test passed!
GMAC     test passed!
HC-128   test passed!
Rabbit   test passed!
DES      test passed!
DES3     test passed!
AES      test passed!
AES192   test passed!
AES256   test passed!
AES-GCM  test passed!
RSA      test passed!
DH       test passed!
DSA      test passed!
PWDBASED test passed!
ECC      test passed!
ECC buffer test passed!
logging  test passed!
mutex    test passed!
memcb    test failed!
 error = -13803
[SGXSan] ALWAYS: Enter enc_wolfSSL_CTX_use_PrivateKey_buffer
[SGXSan] ALWAYS: Enter enc_wolfSSL_CTX_use_certificate_chain_buffer_format
[SGXSan] ALWAYS: Enter enc_wolfSSL_Init
[SGXSan] ALWAYS: Enter enc_wolfSSL_CTX_use_certificate_buffer
[SGXSan] ALWAYS: Enter enc_wolfSSL_connect
[SGXSan] ALWAYS: Enter enc_wolfSSL_CTX_set_cipher_list
[SGXSan] ALWAYS: Enter enc_wolfSSL_Cleanup
[SGXSan] ALWAYS: Enter enc_wolfSSL_Debugging_OFF
[SGXSan] ALWAYS: Enter wc_benchmark_test
------------------------------------------------------------------------------
 wolfSSL version 5.1.0
------------------------------------------------------------------------------
wolfCrypt Benchmark (block bytes 1048576, min 1.0 sec each)
RNG                 15 MB took 1.144 seconds,   13.108 MB/s
AES-128-CBC-enc     35 MB took 1.096 seconds,   31.934 MB/s
AES-128-CBC-dec     35 MB took 1.159 seconds,   30.197 MB/s
AES-192-CBC-enc     30 MB took 1.080 seconds,   27.773 MB/s
AES-192-CBC-dec     30 MB took 1.150 seconds,   26.093 MB/s
AES-256-CBC-enc     25 MB took 1.007 seconds,   24.818 MB/s
AES-256-CBC-dec     25 MB took 1.081 seconds,   23.123 MB/s
AES-128-GCM-enc     25 MB took 1.074 seconds,   23.287 MB/s
AES-128-GCM-dec     25 MB took 1.066 seconds,   23.461 MB/s
AES-192-GCM-enc     25 MB took 1.203 seconds,   20.775 MB/s
AES-192-GCM-dec     25 MB took 1.199 seconds,   20.855 MB/s
AES-256-GCM-enc     20 MB took 1.032 seconds,   19.378 MB/s
AES-256-GCM-dec     20 MB took 1.038 seconds,   19.266 MB/s
GMAC Table 4-bit    67 MB took 1.001 seconds,   66.924 MB/s
RABBIT              90 MB took 1.009 seconds,   89.181 MB/s
3DES                10 MB took 1.101 seconds,    9.085 MB/s
MD5                300 MB took 1.015 seconds,  295.464 MB/s
SHA                130 MB took 1.039 seconds,  125.152 MB/s
SHA-256             35 MB took 1.152 seconds,   30.385 MB/s
HMAC-MD5           300 MB took 1.003 seconds,  299.006 MB/s
HMAC-SHA           125 MB took 1.001 seconds,  124.920 MB/s
HMAC-SHA256         30 MB took 1.004 seconds,   29.878 MB/s
PBKDF2               4 KB took 1.000 seconds,    3.687 KB/s
RSA     2048 public       1400 ops took 1.036 sec, avg 0.740 ms, 1351.617 ops/sec
RSA     2048 private       100 ops took 3.760 sec, avg 37.597 ms, 26.598 ops/sec
DH      2048 key gen        64 ops took 1.013 sec, avg 15.831 ms, 63.168 ops/sec
DH      2048 agree         100 ops took 1.577 sec, avg 15.766 ms, 63.429 ops/sec
ECC   [      SECP256R1]   256 key gen      1390 ops took 1.000 sec, avg 0.720 ms, 1389.378 ops/sec
ECDHE [      SECP256R1]   256 agree         900 ops took 1.011 sec, avg 1.124 ms, 890.046 ops/sec
ECDSA [      SECP256R1]   256 sign         1200 ops took 1.024 sec, avg 0.854 ms, 1171.351 ops/sec
ECDSA [      SECP256R1]   256 verify        900 ops took 1.070 sec, avg 1.189 ms, 840.979 ops/sec
Benchmark complete
[SGXSan] ALWAYS: Enter enc_wolfSSL_set_fd
[SGXSan] ALWAYS: Enter enc_wolfSSL_new
[SGXSan] ALWAYS: Enter enc_wolfSSL_CTX_new
[SGXSan] ALWAYS: Enter enc_wolfSSL_get_error
[SGXSan] ALWAYS: Enter enc_wolfSSL_CTX_free
[SGXSan] ALWAYS: Enter enc_wolfTLSv1_2_server_method
[SGXSan] ALWAYS: Enter enc_wolfSSL_CTX_load_verify_buffer
[SGXSan] ALWAYS: Enter enc_wolfSSL_Debugging_ON
[SGXSan] ALWAYS: Enter enc_wolfSSL_write
[SGXSan] ALWAYS: Enter enc_wolfSSL_read
[SGXSan] ALWAYS: Enter enc_wolfTLSv1_2_client_method
[SGXSan] ALWAYS: Enter enc_wolfSSL_free
[SGXSan] ALWAYS: Enter wc_test
------------------------------------------------------------------------------
 wolfSSL version 5.1.0
------------------------------------------------------------------------------
error    test passed!
MEMORY   test passed!
base64   test passed!
asn      test passed!
RANDOM   test passed!
MD5      test passed!
MD4      test passed!
SHA      test passed!
SHA-256  test passed!
Hash     test passed!
HMAC-MD5 test passed!
HMAC-SHA test passed!
HMAC-SHA256 test passed!
GMAC     test passed!
HC-128   test passed!
Rabbit   test passed!
DES      test passed!
DES3     test passed!
AES      test passed!
AES192   test passed!
AES256   test passed!
AES-GCM  test passed!
RSA      test passed!
DH       test passed!
DSA      test passed!
PWDBASED test passed!
ECC      test passed!
ECC buffer test passed!
logging  test passed!
mutex    test passed!
memcb    test failed!
 error = -13803
[SGXSan] ALWAYS: Enter enc_wolfSSL_CTX_use_PrivateKey_buffer
[SGXSan] ALWAYS: Enter enc_wolfSSL_CTX_use_certificate_chain_buffer_format
[SGXSan] ALWAYS: Enter enc_wolfSSL_Init
[SGXSan] ALWAYS: Enter enc_wolfSSL_CTX_use_certificate_buffer
[SGXSan] ALWAYS: Enter enc_wolfSSL_connect
[SGXSan] ALWAYS: Enter enc_wolfSSL_CTX_set_cipher_list
[SGXSan] ALWAYS: Enter enc_wolfSSL_Cleanup
[SGXSan] ALWAYS: Enter enc_wolfSSL_Debugging_OFF
[SGXSan] ALWAYS: Enter wc_benchmark_test
------------------------------------------------------------------------------
 wolfSSL version 5.1.0
------------------------------------------------------------------------------
wolfCrypt Benchmark (block bytes 1048576, min 1.0 sec each)
RNG                 15 MB took 1.153 seconds,   13.014 MB/s
AES-128-CBC-enc     35 MB took 1.078 seconds,   32.457 MB/s
AES-128-CBC-dec     30 MB took 1.012 seconds,   29.632 MB/s
AES-192-CBC-enc     30 MB took 1.089 seconds,   27.555 MB/s
AES-192-CBC-dec     30 MB took 1.162 seconds,   25.821 MB/s
AES-256-CBC-enc     25 MB took 1.005 seconds,   24.869 MB/s
AES-256-CBC-dec     25 MB took 1.053 seconds,   23.738 MB/s
AES-128-GCM-enc     25 MB took 1.104 seconds,   22.647 MB/s
AES-128-GCM-dec     25 MB took 1.067 seconds,   23.440 MB/s
AES-192-GCM-enc     25 MB took 1.208 seconds,   20.700 MB/s
AES-192-GCM-dec     25 MB took 1.192 seconds,   20.968 MB/s
AES-256-GCM-enc     20 MB took 1.044 seconds,   19.166 MB/s
AES-256-GCM-dec     20 MB took 1.047 seconds,   19.104 MB/s
GMAC Table 4-bit    68 MB took 1.008 seconds,   67.472 MB/s
RABBIT              90 MB took 1.018 seconds,   88.446 MB/s
3DES                10 MB took 1.112 seconds,    8.994 MB/s
MD5                300 MB took 1.015 seconds,  295.601 MB/s
SHA                125 MB took 1.012 seconds,  123.506 MB/s
SHA-256             35 MB took 1.158 seconds,   30.214 MB/s
HMAC-MD5           295 MB took 1.007 seconds,  293.057 MB/s
HMAC-SHA           130 MB took 1.036 seconds,  125.454 MB/s
HMAC-SHA256         35 MB took 1.146 seconds,   30.536 MB/s
PBKDF2               4 KB took 1.002 seconds,    3.742 KB/s
RSA     2048 public       1400 ops took 1.039 sec, avg 0.742 ms, 1347.702 ops/sec
RSA     2048 private       100 ops took 4.245 sec, avg 42.451 ms, 23.557 ops/sec
DH      2048 key gen        49 ops took 1.007 sec, avg 20.554 ms, 48.652 ops/sec
DH      2048 agree         100 ops took 1.575 sec, avg 15.753 ms, 63.480 ops/sec
ECC   [      SECP256R1]   256 key gen      1364 ops took 1.000 sec, avg 0.733 ms, 1363.825 ops/sec
ECDHE [      SECP256R1]   256 agree         900 ops took 1.000 sec, avg 1.111 ms, 899.763 ops/sec
ECDSA [      SECP256R1]   256 sign         1200 ops took 1.028 sec, avg 0.857 ms, 1166.876 ops/sec
ECDSA [      SECP256R1]   256 verify        900 ops took 1.079 sec, avg 1.199 ms, 834.093 ops/sec
Benchmark complete
[SGXSan] ALWAYS: Enter enc_wolfSSL_set_fd
[SGXSan] ALWAYS: Enter enc_wolfSSL_new
[SGXSan] ALWAYS: Enter enc_wolfSSL_CTX_new
[SGXSan] ALWAYS: Enter enc_wolfSSL_get_error
[SGXSan] ALWAYS: Enter enc_wolfSSL_CTX_free
[SGXSan] ALWAYS: Enter enc_wolfTLSv1_2_server_method
[SGXSan] ALWAYS: Enter enc_wolfSSL_CTX_load_verify_buffer
[SGXSan] ALWAYS: Enter enc_wolfSSL_Debugging_ON
[SGXSan] ALWAYS: Enter enc_wolfSSL_write
[SGXSan] ALWAYS: Enter enc_wolfSSL_read
[SGXSan] ALWAYS: Enter enc_wolfTLSv1_2_client_method
#10	DONE   cov: 6293 ft: 6293 corp: 1/361Kb lim: 1000000 exec/s: 0 rss: 97Mb
Done 10 runs in 424 second(s)
stat::number_of_executed_units: 10
stat::average_exec_per_sec:     0
stat::new_units_added:          0
stat::slowest_unit_time_sec:    42
stat::peak_rss_mb:              97
