WARNING: Failed to find function "__sanitizer_acquire_crash_state".
WARNING: Failed to find function "__sanitizer_print_stack_trace".
WARNING: Failed to find function "__sanitizer_set_death_callback".
[2023-01-15 19:50:49.140] [Init] Num of ECall: 22
[2023-01-15 19:50:49.140] ECalls:
  0 - fuzz_enc_wolfSSL_CTX_free
  1 - fuzz_enc_wolfSSL_CTX_load_verify_buffer
  2 - fuzz_enc_wolfSSL_CTX_new
  3 - fuzz_enc_wolfSSL_CTX_set_cipher_list
  4 - fuzz_enc_wolfSSL_CTX_use_PrivateKey_buffer
  5 - fuzz_enc_wolfSSL_CTX_use_certificate_buffer
  6 - fuzz_enc_wolfSSL_CTX_use_certificate_chain_buffer_format
  7 - fuzz_enc_wolfSSL_Cleanup
  8 - fuzz_enc_wolfSSL_Debugging_OFF
  9 - fuzz_enc_wolfSSL_Debugging_ON
  10 - fuzz_enc_wolfSSL_Init
  11 - fuzz_enc_wolfSSL_connect
  12 - fuzz_enc_wolfSSL_free
  13 - fuzz_enc_wolfSSL_get_error
  14 - fuzz_enc_wolfSSL_new
  15 - fuzz_enc_wolfSSL_read
  16 - fuzz_enc_wolfSSL_set_fd
  17 - fuzz_enc_wolfSSL_write
  18 - fuzz_enc_wolfTLSv1_2_client_method
  19 - fuzz_enc_wolfTLSv1_2_server_method
  20 - fuzz_wc_benchmark_test
  21 - fuzz_wc_test

INFO: found LLVMFuzzerCustomMutator (0x44ac30). Disabling -len_control by default.
INFO: libFuzzer ignores flags that start with '--'
INFO: Running with entropic power schedule (0xFF, 100).
INFO: Seed: 3439207804
INFO: Loaded 1 modules   (291 inline 8-bit counters): 291 [0x4cb7e8, 0x4cb90b), 
INFO: Loaded 1 PC tables (291 PCs): 291 [0x4cb910,0x4ccb40), 
INFO:        0 files found in /tmp/libFuzzerTemp.FuzzWithFork422940.dir/C215
[SGXSan] ALWAYS: Hook __sanitizer_cov_8bit_counters_init of Enclave, 21636 inline 8-bit counts [0x7fafdea039c0, 0x7fafdea08e44) (First time)
[SGXSan] ALWAYS: Hook __sanitizer_cov_pcs_init of Enclave, 21636 PCs [0x7fafdea08e48, 0x7fafdea5d688) (First time)
[SGXSan] ALWAYS: Enter enc_wolfSSL_CTX_free
[SGXSan] ALWAYS: Enter enc_wolfSSL_CTX_load_verify_buffer
[SGXSan] ALWAYS: Enter enc_wolfSSL_CTX_new
[SGXSan] ALWAYS: Enter enc_wolfSSL_CTX_set_cipher_list
[SGXSan] ALWAYS: Enter enc_wolfSSL_CTX_use_PrivateKey_buffer
[SGXSan] ALWAYS: Enter enc_wolfSSL_CTX_use_certificate_buffer
[SGXSan] ALWAYS: Enter enc_wolfSSL_CTX_use_certificate_chain_buffer_format
[SGXSan] ALWAYS: Enter enc_wolfSSL_Cleanup
[SGXSan] ALWAYS: Enter enc_wolfSSL_Debugging_OFF
[SGXSan] ALWAYS: Enter enc_wolfSSL_Debugging_ON
[SGXSan] ALWAYS: Enter enc_wolfSSL_Init
[SGXSan] ALWAYS: Enter enc_wolfSSL_connect
[SGXSan] ALWAYS: Enter enc_wolfSSL_free
[SGXSan] ALWAYS: Enter enc_wolfSSL_get_error
[SGXSan] ALWAYS: Enter enc_wolfSSL_new
[SGXSan] ALWAYS: Enter enc_wolfSSL_read
[SGXSan] ALWAYS: Enter enc_wolfSSL_set_fd
[SGXSan] ALWAYS: Enter enc_wolfSSL_write
[SGXSan] ALWAYS: Enter enc_wolfTLSv1_2_client_method
[SGXSan] ALWAYS: Enter enc_wolfTLSv1_2_server_method
[SGXSan] ALWAYS: Enter wc_benchmark_test
------------------------------------------------------------------------------
 wolfSSL version 5.1.0
------------------------------------------------------------------------------
wolfCrypt Benchmark (block bytes 1048576, min 1.0 sec each)
RNG                 15 MB took 1.244 seconds,   12.058 MB/s
AES-128-CBC-enc     35 MB took 1.061 seconds,   32.993 MB/s
AES-128-CBC-dec     35 MB took 1.149 seconds,   30.462 MB/s
AES-192-CBC-enc     30 MB took 1.082 seconds,   27.728 MB/s
AES-192-CBC-dec     30 MB took 1.131 seconds,   26.527 MB/s
AES-256-CBC-enc     30 MB took 1.199 seconds,   25.028 MB/s
AES-256-CBC-dec     25 MB took 1.039 seconds,   24.064 MB/s
AES-128-GCM-enc     25 MB took 1.054 seconds,   23.713 MB/s
AES-128-GCM-dec     25 MB took 1.045 seconds,   23.931 MB/s
AES-192-GCM-enc     25 MB took 1.187 seconds,   21.055 MB/s
AES-192-GCM-dec     25 MB took 1.170 seconds,   21.368 MB/s
AES-256-GCM-enc     20 MB took 1.015 seconds,   19.713 MB/s
AES-256-GCM-dec     20 MB took 1.033 seconds,   19.355 MB/s
GMAC Table 4-bit    69 MB took 1.014 seconds,   68.065 MB/s
RABBIT              95 MB took 1.051 seconds,   90.358 MB/s
3DES                10 MB took 1.085 seconds,    9.214 MB/s
MD5                305 MB took 1.011 seconds,  301.780 MB/s
SHA                130 MB took 1.030 seconds,  126.259 MB/s
SHA-256             35 MB took 1.141 seconds,   30.675 MB/s
HMAC-MD5           305 MB took 1.012 seconds,  301.246 MB/s
HMAC-SHA           130 MB took 1.017 seconds,  127.778 MB/s
HMAC-SHA256         35 MB took 1.148 seconds,   30.478 MB/s
PBKDF2               4 KB took 1.003 seconds,    3.771 KB/s
RSA     2048 public       1400 ops took 1.003 sec, avg 0.716 ms, 1396.166 ops/sec
RSA     2048 private       100 ops took 3.680 sec, avg 36.802 ms, 27.173 ops/sec
DH      2048 key gen        64 ops took 1.003 sec, avg 15.676 ms, 63.792 ops/sec
DH      2048 agree         100 ops took 1.573 sec, avg 15.735 ms, 63.554 ops/sec
ECC   [      SECP256R1]   256 key gen      1366 ops took 1.000 sec, avg 0.732 ms, 1365.810 ops/sec
ECDHE [      SECP256R1]   256 agree         900 ops took 1.014 sec, avg 1.127 ms, 887.177 ops/sec
ECDSA [      SECP256R1]   256 sign         1200 ops took 1.031 sec, avg 0.860 ms, 1163.358 ops/sec
ECDSA [      SECP256R1]   256 verify        900 ops took 1.058 sec, avg 1.175 ms, 850.814 ops/sec
Benchmark complete
[SGXSan] ALWAYS: Enter wc_test
INFO: seed corpus: files: 4 min: 370191b max: 390122b total: 1500695b rss: 43Mb
------------------------------------------------------------------------------
 wolfSSL version 5.1.0
------------------------------------------------------------------------------
error    test passed!
MEMORY   test passed!
base64   test passed!
asn      test passed!
RANDOM   test passed!
MD5      test passed!
MD4      test passed!
SHA      test passed!
SHA-256  test passed!
Hash     test passed!
HMAC-MD5 test passed!
HMAC-SHA test passed!
HMAC-SHA256 test passed!
GMAC     test passed!
HC-128   test passed!
Rabbit   test passed!
DES      test passed!
DES3     test passed!
AES      test passed!
AES192   test passed!
AES256   test passed!
AES-GCM  test passed!
RSA      test passed!
DH       test passed!
DSA      test passed!
PWDBASED test passed!
ECC      test passed!
ECC buffer test passed!
logging  test passed!
mutex    test passed!
memcb    test passed!
Test complete
[SGXSan] ALWAYS: Enter enc_wolfSSL_new
[SGXSan] ALWAYS: Enter wc_test
------------------------------------------------------------------------------
 wolfSSL version 5.1.0
------------------------------------------------------------------------------
error    test passed!
MEMORY   test passed!
base64   test passed!
asn      test passed!
RANDOM   test passed!
MD5      test passed!
MD4      test passed!
SHA      test passed!
SHA-256  test passed!
Hash     test passed!
HMAC-MD5 test passed!
HMAC-SHA test passed!
HMAC-SHA256 test passed!
GMAC     test passed!
HC-128   test passed!
Rabbit   test passed!
DES      test passed!
DES3     test passed!
AES      test passed!
AES192   test passed!
AES256   test passed!
AES-GCM  test passed!
RSA      test passed!
DH       test passed!
DSA      test passed!
PWDBASED test passed!
ECC      test passed!
ECC buffer test passed!
logging  test passed!
mutex    test passed!
memcb    test failed!
 error = -13803
[SGXSan] ALWAYS: Enter enc_wolfSSL_CTX_use_certificate_chain_buffer_format
[SGXSan] ALWAYS: Enter enc_wolfSSL_write
[SGXSan] ALWAYS: Enter enc_wolfSSL_get_error
[SGXSan] ALWAYS: Enter enc_wolfSSL_CTX_load_verify_buffer
[SGXSan] ALWAYS: Enter enc_wolfSSL_CTX_use_PrivateKey_buffer
[SGXSan] ALWAYS: Enter enc_wolfSSL_CTX_use_certificate_buffer
[SGXSan] ALWAYS: Enter enc_wolfTLSv1_2_server_method
[SGXSan] ALWAYS: Enter enc_wolfSSL_Debugging_ON
[SGXSan] ALWAYS: Enter enc_wolfSSL_CTX_new
[SGXSan] ALWAYS: Enter enc_wolfSSL_Cleanup
[SGXSan] ALWAYS: Enter enc_wolfSSL_connect
[SGXSan] ALWAYS: Enter wc_benchmark_test
------------------------------------------------------------------------------
 wolfSSL version 5.1.0
------------------------------------------------------------------------------
wolfCrypt Benchmark (block bytes 1048576, min 1.0 sec each)
RNG                 15 MB took 1.160 seconds,   12.931 MB/s
AES-128-CBC-enc     35 MB took 1.082 seconds,   32.341 MB/s
AES-128-CBC-dec     30 MB took 1.013 seconds,   29.609 MB/s
AES-192-CBC-enc     30 MB took 1.072 seconds,   27.985 MB/s
AES-192-CBC-dec     30 MB took 1.155 seconds,   25.973 MB/s
AES-256-CBC-enc     25 MB took 1.013 seconds,   24.680 MB/s
AES-256-CBC-dec     25 MB took 1.068 seconds,   23.406 MB/s
AES-128-GCM-enc     25 MB took 1.075 seconds,   23.254 MB/s
AES-128-GCM-dec     25 MB took 1.075 seconds,   23.251 MB/s
AES-192-GCM-enc     25 MB took 1.197 seconds,   20.880 MB/s
AES-192-GCM-dec     25 MB took 1.192 seconds,   20.972 MB/s
AES-256-GCM-enc     20 MB took 1.055 seconds,   18.959 MB/s
AES-256-GCM-dec     20 MB took 1.048 seconds,   19.083 MB/s
GMAC Table 4-bit    67 MB took 1.010 seconds,   66.361 MB/s
RABBIT              90 MB took 1.038 seconds,   86.737 MB/s
3DES                10 MB took 1.118 seconds,    8.947 MB/s
MD5                300 MB took 1.013 seconds,  296.155 MB/s
SHA                125 MB took 1.006 seconds,  124.253 MB/s
SHA-256             35 MB took 1.162 seconds,   30.110 MB/s
HMAC-MD5           300 MB took 1.007 seconds,  298.049 MB/s
HMAC-SHA           130 MB took 1.025 seconds,  126.848 MB/s
HMAC-SHA256         35 MB took 1.150 seconds,   30.448 MB/s
PBKDF2               4 KB took 1.005 seconds,    3.668 KB/s
RSA     2048 public       1400 ops took 1.027 sec, avg 0.733 ms, 1363.799 ops/sec
RSA     2048 private       100 ops took 3.751 sec, avg 37.514 ms, 26.657 ops/sec
DH      2048 key gen        64 ops took 1.009 sec, avg 15.765 ms, 63.430 ops/sec
DH      2048 agree         100 ops took 1.644 sec, avg 16.441 ms, 60.823 ops/sec
ECC   [      SECP256R1]   256 key gen      1361 ops took 1.000 sec, avg 0.735 ms, 1360.973 ops/sec
ECDHE [      SECP256R1]   256 agree         900 ops took 1.006 sec, avg 1.118 ms, 894.762 ops/sec
ECDSA [      SECP256R1]   256 sign         1200 ops took 1.042 sec, avg 0.868 ms, 1151.683 ops/sec
ECDSA [      SECP256R1]   256 verify        900 ops took 1.068 sec, avg 1.187 ms, 842.553 ops/sec
Benchmark complete
[SGXSan] ALWAYS: Enter enc_wolfSSL_free
[SGXSan] ALWAYS: Enter enc_wolfSSL_set_fd
[SGXSan] ALWAYS: Enter enc_wolfTLSv1_2_client_method
[SGXSan] ALWAYS: Enter enc_wolfSSL_Init
[SGXSan] ALWAYS: Enter enc_wolfSSL_CTX_set_cipher_list
[SGXSan] ALWAYS: Enter enc_wolfSSL_Debugging_OFF
[SGXSan] ALWAYS: Enter enc_wolfSSL_read
[SGXSan] ALWAYS: Enter enc_wolfSSL_CTX_free
#2	pulse  ft: 6297 exec/s: 0 rss: 49Mb
Slowest unit: 42 s:
artifact_prefix='./crashes/'; Test unit written to ./crashes/slow-unit-c9cfd7010b0779e2835c2ded8690708a4975af65
[SGXSan] ALWAYS: Enter enc_wolfSSL_CTX_load_verify_buffer
[SGXSan] ALWAYS: Enter enc_wolfSSL_CTX_new
[SGXSan] ALWAYS: Enter enc_wolfSSL_CTX_free
[SGXSan] ALWAYS: Enter enc_wolfSSL_Debugging_ON
[SGXSan] ALWAYS: Enter wc_benchmark_test
------------------------------------------------------------------------------
 wolfSSL version 5.1.0
------------------------------------------------------------------------------
wolfCrypt Benchmark (block bytes 1048576, min 1.0 sec each)
RNG                 15 MB took 1.162 seconds,   12.912 MB/s
AES-128-CBC-enc     35 MB took 1.079 seconds,   32.452 MB/s
AES-128-CBC-dec     30 MB took 1.010 seconds,   29.712 MB/s
AES-192-CBC-enc     30 MB took 1.090 seconds,   27.535 MB/s
AES-192-CBC-dec     30 MB took 1.158 seconds,   25.902 MB/s
AES-256-CBC-enc     25 MB took 1.009 seconds,   24.782 MB/s
AES-256-CBC-dec     25 MB took 1.070 seconds,   23.357 MB/s
AES-128-GCM-enc     25 MB took 1.071 seconds,   23.350 MB/s
AES-128-GCM-dec     25 MB took 1.068 seconds,   23.399 MB/s
AES-192-GCM-enc     25 MB took 1.228 seconds,   20.358 MB/s
AES-192-GCM-dec     25 MB took 1.193 seconds,   20.953 MB/s
AES-256-GCM-enc     20 MB took 1.072 seconds,   18.651 MB/s
AES-256-GCM-dec     20 MB took 1.039 seconds,   19.243 MB/s
GMAC Table 4-bit    68 MB took 1.007 seconds,   67.520 MB/s
RABBIT              90 MB took 1.012 seconds,   88.976 MB/s
3DES                10 MB took 1.105 seconds,    9.047 MB/s
MD5                300 MB took 1.016 seconds,  295.411 MB/s
SHA                125 MB took 1.000 seconds,  124.980 MB/s
SHA-256             35 MB took 1.161 seconds,   30.134 MB/s
HMAC-MD5           300 MB took 1.006 seconds,  298.165 MB/s
HMAC-SHA           125 MB took 1.008 seconds,  124.063 MB/s
HMAC-SHA256         35 MB took 1.151 seconds,   30.401 MB/s
PBKDF2               4 KB took 1.002 seconds,    3.681 KB/s
RSA     2048 public       1400 ops took 1.031 sec, avg 0.736 ms, 1358.105 ops/sec
RSA     2048 private       100 ops took 3.818 sec, avg 38.182 ms, 26.190 ops/sec
DH      2048 key gen        64 ops took 1.013 sec, avg 15.836 ms, 63.149 ops/sec
DH      2048 agree         100 ops took 1.625 sec, avg 16.254 ms, 61.522 ops/sec
ECC   [      SECP256R1]   256 key gen      1371 ops took 1.000 sec, avg 0.730 ms, 1370.759 ops/sec
ECDHE [      SECP256R1]   256 agree        1000 ops took 1.093 sec, avg 1.093 ms, 914.967 ops/sec
ECDSA [      SECP256R1]   256 sign         1200 ops took 1.045 sec, avg 0.871 ms, 1148.701 ops/sec
ECDSA [      SECP256R1]   256 verify        900 ops took 1.059 sec, avg 1.176 ms, 850.087 ops/sec
Benchmark complete
[SGXSan] ALWAYS: Enter enc_wolfTLSv1_2_server_method
[SGXSan] ALWAYS: Enter enc_wolfSSL_Debugging_OFF
[SGXSan] ALWAYS: Enter enc_wolfSSL_set_fd
[SGXSan] ALWAYS: Enter enc_wolfSSL_free
[SGXSan] ALWAYS: Enter enc_wolfSSL_Init
[SGXSan] ALWAYS: Enter enc_wolfTLSv1_2_client_method
[SGXSan] ALWAYS: Enter enc_wolfSSL_CTX_use_certificate_buffer
[SGXSan] ALWAYS: Enter enc_wolfSSL_Cleanup
[SGXSan] ALWAYS: Enter enc_wolfSSL_CTX_use_certificate_chain_buffer_format
[SGXSan] ALWAYS: Enter enc_wolfSSL_CTX_set_cipher_list
[SGXSan] ALWAYS: Enter enc_wolfSSL_get_error
[SGXSan] ALWAYS: Enter enc_wolfSSL_new
[SGXSan] ALWAYS: Enter enc_wolfSSL_read
[SGXSan] ALWAYS: Enter enc_wolfSSL_connect
[SGXSan] ALWAYS: Enter enc_wolfSSL_write
[SGXSan] ALWAYS: Enter enc_wolfSSL_CTX_use_PrivateKey_buffer
[SGXSan] ALWAYS: Enter wc_test
------------------------------------------------------------------------------
 wolfSSL version 5.1.0
------------------------------------------------------------------------------
error    test passed!
MEMORY   test passed!
base64   test passed!
asn      test passed!
RANDOM   test passed!
MD5      test passed!
MD4      test passed!
SHA      test passed!
SHA-256  test passed!
Hash     test passed!
HMAC-MD5 test passed!
HMAC-SHA test passed!
HMAC-SHA256 test passed!
GMAC     test passed!
HC-128   test passed!
Rabbit   test passed!
DES      test passed!
DES3     test passed!
AES      test passed!
AES192   test passed!
AES256   test passed!
AES-GCM  test passed!
RSA      test passed!
DH       test passed!
DSA      test passed!
PWDBASED test passed!
ECC      test passed!
ECC buffer test passed!
logging  test passed!
mutex    test passed!
memcb    test failed!
 error = -13803
[SGXSan] ALWAYS: Enter enc_wolfSSL_connect
[SGXSan] ALWAYS: Enter enc_wolfSSL_free
[SGXSan] ALWAYS: Enter enc_wolfSSL_Init
[SGXSan] ALWAYS: Enter wc_benchmark_test
------------------------------------------------------------------------------
 wolfSSL version 5.1.0
------------------------------------------------------------------------------
wolfCrypt Benchmark (block bytes 1048576, min 1.0 sec each)
RNG                 15 MB took 1.149 seconds,   13.055 MB/s
AES-128-CBC-enc     35 MB took 1.106 seconds,   31.652 MB/s
AES-128-CBC-dec     35 MB took 1.161 seconds,   30.152 MB/s
AES-192-CBC-enc     30 MB took 1.087 seconds,   27.603 MB/s
AES-192-CBC-dec     30 MB took 1.148 seconds,   26.134 MB/s
AES-256-CBC-enc     30 MB took 1.194 seconds,   25.126 MB/s
AES-256-CBC-dec     25 MB took 1.085 seconds,   23.049 MB/s
AES-128-GCM-enc     25 MB took 1.072 seconds,   23.313 MB/s
AES-128-GCM-dec     25 MB took 1.079 seconds,   23.173 MB/s
AES-192-GCM-enc     25 MB took 1.207 seconds,   20.714 MB/s
AES-192-GCM-dec     25 MB took 1.195 seconds,   20.928 MB/s
AES-256-GCM-enc     20 MB took 1.052 seconds,   19.006 MB/s
AES-256-GCM-dec     20 MB took 1.043 seconds,   19.168 MB/s
GMAC Table 4-bit    66 MB took 1.010 seconds,   65.358 MB/s
RABBIT              90 MB took 1.020 seconds,   88.199 MB/s
3DES                10 MB took 1.114 seconds,    8.978 MB/s
MD5                300 MB took 1.016 seconds,  295.228 MB/s
SHA                125 MB took 1.015 seconds,  123.121 MB/s
SHA-256             30 MB took 1.006 seconds,   29.826 MB/s
HMAC-MD5           300 MB took 1.016 seconds,  295.147 MB/s
HMAC-SHA           125 MB took 1.004 seconds,  124.520 MB/s
HMAC-SHA256         30 MB took 1.000 seconds,   29.994 MB/s
PBKDF2               4 KB took 1.009 seconds,    3.653 KB/s
RSA     2048 public       1400 ops took 1.029 sec, avg 0.735 ms, 1360.983 ops/sec
RSA     2048 private       100 ops took 3.793 sec, avg 37.930 ms, 26.364 ops/sec
DH      2048 key gen        63 ops took 1.002 sec, avg 15.907 ms, 62.865 ops/sec
DH      2048 agree         100 ops took 1.630 sec, avg 16.303 ms, 61.340 ops/sec
ECC   [      SECP256R1]   256 key gen      1399 ops took 1.001 sec, avg 0.715 ms, 1398.227 ops/sec
ECDHE [      SECP256R1]   256 agree        1000 ops took 1.094 sec, avg 1.094 ms, 913.790 ops/sec
ECDSA [      SECP256R1]   256 sign         1200 ops took 1.024 sec, avg 0.854 ms, 1171.490 ops/sec
ECDSA [      SECP256R1]   256 verify        900 ops took 1.059 sec, avg 1.177 ms, 849.602 ops/sec
Benchmark complete
[SGXSan] ALWAYS: Enter enc_wolfSSL_Debugging_ON
[SGXSan] ALWAYS: Enter enc_wolfSSL_read
[SGXSan] ALWAYS: Enter enc_wolfSSL_CTX_use_certificate_chain_buffer_format
[SGXSan] ALWAYS: Enter enc_wolfSSL_CTX_load_verify_buffer
[SGXSan] ALWAYS: Enter enc_wolfSSL_set_fd
[SGXSan] ALWAYS: Enter enc_wolfSSL_write
[SGXSan] ALWAYS: Enter enc_wolfSSL_Cleanup
[SGXSan] ALWAYS: Enter enc_wolfSSL_new
[SGXSan] ALWAYS: Enter enc_wolfSSL_CTX_set_cipher_list
[SGXSan] ALWAYS: Enter enc_wolfSSL_CTX_use_certificate_buffer
[SGXSan] ALWAYS: Enter enc_wolfSSL_CTX_use_PrivateKey_buffer
[SGXSan] ALWAYS: Enter enc_wolfSSL_get_error
[SGXSan] ALWAYS: Enter enc_wolfSSL_CTX_new
[SGXSan] ALWAYS: Enter enc_wolfTLSv1_2_client_method
[SGXSan] ALWAYS: Enter wc_test
------------------------------------------------------------------------------
 wolfSSL version 5.1.0
------------------------------------------------------------------------------
error    test passed!
MEMORY   test passed!
base64   test passed!
asn      test passed!
RANDOM   test passed!
MD5      test passed!
MD4      test passed!
SHA      test passed!
SHA-256  test passed!
Hash     test passed!
HMAC-MD5 test passed!
HMAC-SHA test passed!
HMAC-SHA256 test passed!
GMAC     test passed!
HC-128   test passed!
Rabbit   test passed!
DES      test passed!
DES3     test passed!
AES      test passed!
AES192   test passed!
AES256   test passed!
AES-GCM  test passed!
RSA      test passed!
DH       test passed!
DSA      test passed!
PWDBASED test passed!
ECC      test passed!
ECC buffer test passed!
logging  test passed!
mutex    test passed!
memcb    test failed!
 error = -13803
[SGXSan] ALWAYS: Enter enc_wolfTLSv1_2_server_method
[SGXSan] ALWAYS: Enter enc_wolfSSL_CTX_free
[SGXSan] ALWAYS: Enter enc_wolfSSL_Debugging_OFF
#4	pulse  cov: 6298 ft: 6298 corp: 2/723Kb exec/s: 0 rss: 64Mb
[SGXSan] ALWAYS: Enter enc_wolfSSL_Init
[SGXSan] ALWAYS: Enter enc_wolfSSL_Cleanup
[SGXSan] ALWAYS: Enter enc_wolfSSL_set_fd
[SGXSan] ALWAYS: Enter enc_wolfSSL_CTX_load_verify_buffer
[SGXSan] ALWAYS: Enter enc_wolfSSL_Debugging_ON
[SGXSan] ALWAYS: Enter wc_benchmark_test
------------------------------------------------------------------------------
 wolfSSL version 5.1.0
------------------------------------------------------------------------------
wolfCrypt Benchmark (block bytes 1048576, min 1.0 sec each)
RNG                 15 MB took 1.202 seconds,   12.480 MB/s
AES-128-CBC-enc     35 MB took 1.073 seconds,   32.608 MB/s
AES-128-CBC-dec     30 MB took 1.005 seconds,   29.854 MB/s
AES-192-CBC-enc     30 MB took 1.086 seconds,   27.630 MB/s
AES-192-CBC-dec     30 MB took 1.151 seconds,   26.066 MB/s
AES-256-CBC-enc     25 MB took 1.013 seconds,   24.670 MB/s
AES-256-CBC-dec     25 MB took 1.062 seconds,   23.550 MB/s
AES-128-GCM-enc     25 MB took 1.061 seconds,   23.566 MB/s
AES-128-GCM-dec     25 MB took 1.081 seconds,   23.135 MB/s
AES-192-GCM-enc     25 MB took 1.201 seconds,   20.811 MB/s
AES-192-GCM-dec     25 MB took 1.207 seconds,   20.716 MB/s
AES-256-GCM-enc     20 MB took 1.043 seconds,   19.172 MB/s
AES-256-GCM-dec     20 MB took 1.040 seconds,   19.227 MB/s
GMAC Table 4-bit    67 MB took 1.007 seconds,   66.521 MB/s
RABBIT              90 MB took 1.012 seconds,   88.960 MB/s
3DES                10 MB took 1.125 seconds,    8.891 MB/s
MD5                305 MB took 1.009 seconds,  302.402 MB/s
SHA                130 MB took 1.027 seconds,  126.636 MB/s
SHA-256             30 MB took 1.002 seconds,   29.947 MB/s
HMAC-MD5           300 MB took 1.013 seconds,  296.276 MB/s
HMAC-SHA           130 MB took 1.038 seconds,  125.219 MB/s
HMAC-SHA256         30 MB took 1.000 seconds,   29.997 MB/s
PBKDF2               4 KB took 1.004 seconds,    3.673 KB/s
RSA     2048 public       1400 ops took 1.038 sec, avg 0.741 ms, 1348.829 ops/sec
RSA     2048 private       100 ops took 3.792 sec, avg 37.923 ms, 26.369 ops/sec
DH      2048 key gen        64 ops took 1.007 sec, avg 15.740 ms, 63.531 ops/sec
DH      2048 agree         100 ops took 1.634 sec, avg 16.340 ms, 61.200 ops/sec
ECC   [      SECP256R1]   256 key gen      1365 ops took 1.000 sec, avg 0.733 ms, 1364.365 ops/sec
ECDHE [      SECP256R1]   256 agree         900 ops took 1.012 sec, avg 1.125 ms, 889.094 ops/sec
ECDSA [      SECP256R1]   256 sign         1200 ops took 1.029 sec, avg 0.857 ms, 1166.444 ops/sec
ECDSA [      SECP256R1]   256 verify        900 ops took 1.073 sec, avg 1.192 ms, 838.788 ops/sec
Benchmark complete
[SGXSan] ALWAYS: Enter enc_wolfSSL_new
[SGXSan] ALWAYS: Enter enc_wolfSSL_free
[SGXSan] ALWAYS: Enter enc_wolfSSL_CTX_use_certificate_buffer
[SGXSan] ALWAYS: Enter enc_wolfSSL_connect
[SGXSan] ALWAYS: Enter enc_wolfTLSv1_2_server_method
[SGXSan] ALWAYS: Enter enc_wolfSSL_CTX_use_certificate_chain_buffer_format
[SGXSan] ALWAYS: Enter enc_wolfSSL_Debugging_OFF
[SGXSan] ALWAYS: Enter wc_test
------------------------------------------------------------------------------
 wolfSSL version 5.1.0
------------------------------------------------------------------------------
error    test passed!
MEMORY   test passed!
base64   test passed!
asn      test passed!
RANDOM   test passed!
MD5      test passed!
MD4      test passed!
SHA      test passed!
SHA-256  test passed!
Hash     test passed!
HMAC-MD5 test passed!
HMAC-SHA test passed!
HMAC-SHA256 test passed!
GMAC     test passed!
HC-128   test passed!
Rabbit   test passed!
DES      test passed!
DES3     test passed!
AES      test passed!
AES192   test passed!
AES256   test passed!
AES-GCM  test passed!
RSA      test passed!
DH       test passed!
DSA      test passed!
PWDBASED test passed!
ECC      test passed!
ECC buffer test passed!
logging  test passed!
mutex    test passed!
memcb    test failed!
 error = -13803
[SGXSan] ALWAYS: Enter enc_wolfSSL_write
[SGXSan] ALWAYS: Enter enc_wolfSSL_get_error
[SGXSan] ALWAYS: Enter enc_wolfTLSv1_2_client_method
[SGXSan] ALWAYS: Enter enc_wolfSSL_CTX_set_cipher_list
[SGXSan] ALWAYS: Enter enc_wolfSSL_CTX_free
[SGXSan] ALWAYS: Enter enc_wolfSSL_CTX_use_PrivateKey_buffer
[SGXSan] ALWAYS: Enter enc_wolfSSL_read
[SGXSan] ALWAYS: Enter enc_wolfSSL_CTX_new
#5	INITED cov: 6298 ft: 6298 corp: 2/723Kb exec/s: 0 rss: 70Mb
[SGXSan] ALWAYS: Enter wc_benchmark_test
------------------------------------------------------------------------------
 wolfSSL version 5.1.0
------------------------------------------------------------------------------
wolfCrypt Benchmark (block bytes 1048576, min 1.0 sec each)
RNG                 15 MB took 1.162 seconds,   12.904 MB/s
AES-128-CBC-enc     35 MB took 1.084 seconds,   32.289 MB/s
AES-128-CBC-dec     30 MB took 1.002 seconds,   29.951 MB/s
AES-192-CBC-enc     30 MB took 1.083 seconds,   27.694 MB/s
AES-192-CBC-dec     30 MB took 1.160 seconds,   25.871 MB/s
AES-256-CBC-enc     25 MB took 1.001 seconds,   24.965 MB/s
AES-256-CBC-dec     25 MB took 1.069 seconds,   23.389 MB/s
AES-128-GCM-enc     25 MB took 1.061 seconds,   23.570 MB/s
AES-128-GCM-dec     25 MB took 1.058 seconds,   23.638 MB/s
AES-192-GCM-enc     25 MB took 1.213 seconds,   20.612 MB/s
AES-192-GCM-dec     25 MB took 1.195 seconds,   20.923 MB/s
AES-256-GCM-enc     20 MB took 1.045 seconds,   19.145 MB/s
AES-256-GCM-dec     20 MB took 1.049 seconds,   19.069 MB/s
GMAC Table 4-bit    68 MB took 1.007 seconds,   67.506 MB/s
RABBIT              90 MB took 1.001 seconds,   89.893 MB/s
3DES                10 MB took 1.111 seconds,    8.998 MB/s
MD5                300 MB took 1.009 seconds,  297.380 MB/s
SHA                110 MB took 1.047 seconds,  105.090 MB/s
SHA-256             25 MB took 1.081 seconds,   23.120 MB/s
HMAC-MD5           300 MB took 1.003 seconds,  299.218 MB/s
HMAC-SHA           125 MB took 1.021 seconds,  122.476 MB/s
HMAC-SHA256         35 MB took 1.156 seconds,   30.286 MB/s
PBKDF2               4 KB took 1.003 seconds,    3.677 KB/s
RSA     2048 public       1400 ops took 1.017 sec, avg 0.726 ms, 1376.795 ops/sec
RSA     2048 private       100 ops took 3.776 sec, avg 37.758 ms, 26.485 ops/sec
DH      2048 key gen        63 ops took 1.011 sec, avg 16.043 ms, 62.331 ops/sec
DH      2048 agree         100 ops took 1.579 sec, avg 15.791 ms, 63.327 ops/sec
ECC   [      SECP256R1]   256 key gen      1338 ops took 1.001 sec, avg 0.748 ms, 1337.232 ops/sec
ECDHE [      SECP256R1]   256 agree         900 ops took 1.012 sec, avg 1.125 ms, 888.997 ops/sec
ECDSA [      SECP256R1]   256 sign         1200 ops took 1.025 sec, avg 0.855 ms, 1170.264 ops/sec
ECDSA [      SECP256R1]   256 verify        900 ops took 1.056 sec, avg 1.174 ms, 851.915 ops/sec
Benchmark complete
[SGXSan] ALWAYS: Enter enc_wolfSSL_CTX_set_cipher_list
[SGXSan] ALWAYS: Enter enc_wolfSSL_write
[SGXSan] ALWAYS: Enter enc_wolfSSL_connect
[SGXSan] ALWAYS: Enter enc_wolfSSL_CTX_use_certificate_chain_buffer_format
[SGXSan] ALWAYS: Enter enc_wolfSSL_set_fd
[SGXSan] ALWAYS: Enter enc_wolfSSL_Cleanup
[SGXSan] ALWAYS: Enter enc_wolfSSL_free
[SGXSan] ALWAYS: Enter enc_wolfSSL_CTX_load_verify_buffer
[SGXSan] ALWAYS: Enter enc_wolfSSL_Debugging_ON
[SGXSan] ALWAYS: Enter enc_wolfSSL_read
[SGXSan] ALWAYS: Enter enc_wolfSSL_CTX_free
[SGXSan] ALWAYS: Enter enc_wolfSSL_get_error
[SGXSan] ALWAYS: Enter enc_wolfSSL_Init
[SGXSan] ALWAYS: Enter enc_wolfSSL_Debugging_OFF
[SGXSan] ALWAYS: Enter wc_test
------------------------------------------------------------------------------
 wolfSSL version 5.1.0
------------------------------------------------------------------------------
error    test passed!
MEMORY   test passed!
base64   test passed!
asn      test passed!
RANDOM   test passed!
MD5      test passed!
MD4      test passed!
SHA      test passed!
SHA-256  test passed!
Hash     test passed!
HMAC-MD5 test passed!
HMAC-SHA test passed!
HMAC-SHA256 test passed!
GMAC     test passed!
HC-128   test passed!
Rabbit   test passed!
DES      test passed!
DES3     test passed!
AES      test passed!
AES192   test passed!
AES256   test passed!
AES-GCM  test passed!
RSA      test passed!
DH       test passed!
DSA      test passed!
PWDBASED test passed!
ECC      test passed!
ECC buffer test passed!
logging  test passed!
mutex    test passed!
memcb    test failed!
 error = -13803
[SGXSan] ALWAYS: Enter enc_wolfSSL_CTX_use_certificate_buffer
[SGXSan] ALWAYS: Enter enc_wolfTLSv1_2_server_method
[SGXSan] ALWAYS: Enter enc_wolfSSL_CTX_use_PrivateKey_buffer
[SGXSan] ALWAYS: Enter enc_wolfTLSv1_2_client_method
[SGXSan] ALWAYS: Enter enc_wolfSSL_new
[SGXSan] ALWAYS: Enter enc_wolfSSL_CTX_new
[SGXSan] ALWAYS: Enter wc_benchmark_test
------------------------------------------------------------------------------
 wolfSSL version 5.1.0
------------------------------------------------------------------------------
wolfCrypt Benchmark (block bytes 1048576, min 1.0 sec each)
RNG                 15 MB took 1.154 seconds,   13.001 MB/s
AES-128-CBC-enc     35 MB took 1.104 seconds,   31.689 MB/s
AES-128-CBC-dec     30 MB took 1.003 seconds,   29.905 MB/s
AES-192-CBC-enc     30 MB took 1.103 seconds,   27.193 MB/s
AES-192-CBC-dec     30 MB took 1.144 seconds,   26.214 MB/s
AES-256-CBC-enc     25 MB took 1.001 seconds,   24.985 MB/s
AES-256-CBC-dec     25 MB took 1.058 seconds,   23.624 MB/s
AES-128-GCM-enc     25 MB took 1.071 seconds,   23.335 MB/s
AES-128-GCM-dec     25 MB took 1.093 seconds,   22.865 MB/s
AES-192-GCM-enc     25 MB took 1.215 seconds,   20.581 MB/s
AES-192-GCM-dec     25 MB took 1.203 seconds,   20.784 MB/s
AES-256-GCM-enc     20 MB took 1.046 seconds,   19.117 MB/s
AES-256-GCM-dec     20 MB took 1.039 seconds,   19.244 MB/s
GMAC Table 4-bit    68 MB took 1.009 seconds,   67.372 MB/s
RABBIT              90 MB took 1.003 seconds,   89.760 MB/s
3DES                10 MB took 1.097 seconds,    9.114 MB/s
MD5                300 MB took 1.007 seconds,  297.995 MB/s
SHA                130 MB took 1.036 seconds,  125.500 MB/s
SHA-256             35 MB took 1.157 seconds,   30.261 MB/s
HMAC-MD5           300 MB took 1.005 seconds,  298.508 MB/s
HMAC-SHA           130 MB took 1.037 seconds,  125.346 MB/s
HMAC-SHA256         30 MB took 1.003 seconds,   29.912 MB/s
PBKDF2               4 KB took 1.008 seconds,    3.687 KB/s
RSA     2048 public       1400 ops took 1.035 sec, avg 0.739 ms, 1352.794 ops/sec
RSA     2048 private       100 ops took 3.792 sec, avg 37.918 ms, 26.373 ops/sec
DH      2048 key gen        65 ops took 1.015 sec, avg 15.613 ms, 64.050 ops/sec
DH      2048 agree         100 ops took 1.561 sec, avg 15.612 ms, 64.054 ops/sec
ECC   [      SECP256R1]   256 key gen      1387 ops took 1.001 sec, avg 0.721 ms, 1386.157 ops/sec
ECDHE [      SECP256R1]   256 agree        1000 ops took 1.101 sec, avg 1.101 ms, 907.958 ops/sec
ECDSA [      SECP256R1]   256 sign         1200 ops took 1.026 sec, avg 0.855 ms, 1169.626 ops/sec
ECDSA [      SECP256R1]   256 verify        900 ops took 1.054 sec, avg 1.172 ms, 853.551 ops/sec
Benchmark complete
[SGXSan] ALWAYS: Enter enc_wolfSSL_CTX_set_cipher_list
[SGXSan] ALWAYS: Enter enc_wolfSSL_write
[SGXSan] ALWAYS: Enter enc_wolfSSL_connect
[SGXSan] ALWAYS: Enter enc_wolfSSL_CTX_use_certificate_chain_buffer_format
[SGXSan] ALWAYS: Enter enc_wolfSSL_set_fd
[SGXSan] ALWAYS: Enter enc_wolfSSL_Cleanup
[SGXSan] ALWAYS: Enter enc_wolfSSL_free
[SGXSan] ALWAYS: Enter enc_wolfSSL_CTX_load_verify_buffer
[SGXSan] ALWAYS: Enter enc_wolfSSL_Debugging_ON
[SGXSan] ALWAYS: Enter enc_wolfSSL_read
[SGXSan] ALWAYS: Enter enc_wolfSSL_CTX_free
[SGXSan] ALWAYS: Enter enc_wolfSSL_get_error
[SGXSan] ALWAYS: Enter enc_wolfSSL_Init
[SGXSan] ALWAYS: Enter enc_wolfSSL_Debugging_OFF
[SGXSan] ALWAYS: Enter wc_test
------------------------------------------------------------------------------
 wolfSSL version 5.1.0
------------------------------------------------------------------------------
error    test passed!
MEMORY   test passed!
base64   test passed!
asn      test passed!
RANDOM   test passed!
MD5      test passed!
MD4      test passed!
SHA      test passed!
SHA-256  test passed!
Hash     test passed!
HMAC-MD5 test passed!
HMAC-SHA test passed!
HMAC-SHA256 test passed!
GMAC     test passed!
HC-128   test passed!
Rabbit   test passed!
DES      test passed!
DES3     test passed!
AES      test passed!
AES192   test passed!
AES256   test passed!
AES-GCM  test passed!
RSA      test passed!
DH       test passed!
DSA      test passed!
PWDBASED test passed!
ECC      test passed!
ECC buffer test passed!
logging  test passed!
mutex    test passed!
memcb    test failed!
 error = -13803
[SGXSan] ALWAYS: Enter enc_wolfSSL_CTX_use_certificate_buffer
[SGXSan] ALWAYS: Enter enc_wolfTLSv1_2_server_method
[SGXSan] ALWAYS: Enter enc_wolfSSL_CTX_use_PrivateKey_buffer
[SGXSan] ALWAYS: Enter enc_wolfTLSv1_2_client_method
[SGXSan] ALWAYS: Enter enc_wolfSSL_new
[SGXSan] ALWAYS: Enter enc_wolfSSL_CTX_new
[SGXSan] ALWAYS: Enter wc_benchmark_test
------------------------------------------------------------------------------
 wolfSSL version 5.1.0
------------------------------------------------------------------------------
wolfCrypt Benchmark (block bytes 1048576, min 1.0 sec each)
RNG                 15 MB took 1.143 seconds,   13.125 MB/s
AES-128-CBC-enc     35 MB took 1.067 seconds,   32.792 MB/s
AES-128-CBC-dec     30 MB took 1.119 seconds,   26.802 MB/s
AES-192-CBC-enc     20 MB took 1.277 seconds,   15.664 MB/s
AES-192-CBC-dec     15 MB took 1.025 seconds,   14.632 MB/s
AES-256-CBC-enc     25 MB took 1.138 seconds,   21.966 MB/s
AES-256-CBC-dec     25 MB took 1.068 seconds,   23.410 MB/s
AES-128-GCM-enc     25 MB took 1.063 seconds,   23.512 MB/s
AES-128-GCM-dec     25 MB took 1.077 seconds,   23.213 MB/s
AES-192-GCM-enc     25 MB took 1.189 seconds,   21.020 MB/s
AES-192-GCM-dec     25 MB took 1.211 seconds,   20.651 MB/s
AES-256-GCM-enc     20 MB took 1.050 seconds,   19.048 MB/s
AES-256-GCM-dec     20 MB took 1.042 seconds,   19.199 MB/s
GMAC Table 4-bit    68 MB took 1.012 seconds,   67.188 MB/s
RABBIT              90 MB took 1.012 seconds,   88.957 MB/s
3DES                10 MB took 1.111 seconds,    8.998 MB/s
MD5                300 MB took 1.013 seconds,  296.049 MB/s
SHA                125 MB took 1.013 seconds,  123.356 MB/s
SHA-256             30 MB took 1.002 seconds,   29.931 MB/s
HMAC-MD5           300 MB took 1.008 seconds,  297.577 MB/s
HMAC-SHA           130 MB took 1.035 seconds,  125.605 MB/s
HMAC-SHA256         35 MB took 1.157 seconds,   30.253 MB/s
PBKDF2               4 KB took 1.007 seconds,    3.754 KB/s
RSA     2048 public       1400 ops took 1.029 sec, avg 0.735 ms, 1360.199 ops/sec
RSA     2048 private       100 ops took 3.782 sec, avg 37.816 ms, 26.444 ops/sec
DH      2048 key gen        63 ops took 1.012 sec, avg 16.068 ms, 62.235 ops/sec
DH      2048 agree         100 ops took 1.592 sec, avg 15.915 ms, 62.833 ops/sec
ECC   [      SECP256R1]   256 key gen      1392 ops took 1.000 sec, avg 0.718 ms, 1391.851 ops/sec
ECDHE [      SECP256R1]   256 agree        1000 ops took 1.110 sec, avg 1.110 ms, 901.090 ops/sec
ECDSA [      SECP256R1]   256 sign         1200 ops took 1.012 sec, avg 0.844 ms, 1185.202 ops/sec
ECDSA [      SECP256R1]   256 verify        900 ops took 1.053 sec, avg 1.170 ms, 854.932 ops/sec
Benchmark complete
[SGXSan] ALWAYS: Enter enc_wolfSSL_CTX_set_cipher_list
[SGXSan] ALWAYS: Enter enc_wolfSSL_write
[SGXSan] ALWAYS: Enter enc_wolfSSL_connect
[SGXSan] ALWAYS: Enter enc_wolfSSL_CTX_use_certificate_chain_buffer_format
[SGXSan] ALWAYS: Enter enc_wolfSSL_set_fd
[SGXSan] ALWAYS: Enter enc_wolfSSL_Cleanup
[SGXSan] ALWAYS: Enter enc_wolfSSL_free
[SGXSan] ALWAYS: Enter enc_wolfSSL_CTX_load_verify_buffer
[SGXSan] ALWAYS: Enter enc_wolfSSL_Debugging_ON
[SGXSan] ALWAYS: Enter enc_wolfSSL_read
[SGXSan] ALWAYS: Enter enc_wolfSSL_CTX_free
[SGXSan] ALWAYS: Enter enc_wolfSSL_get_error
[SGXSan] ALWAYS: Enter enc_wolfSSL_Init
[SGXSan] ALWAYS: Enter enc_wolfSSL_Debugging_OFF
[SGXSan] ALWAYS: Enter wc_test
------------------------------------------------------------------------------
 wolfSSL version 5.1.0
------------------------------------------------------------------------------
error    test passed!
MEMORY   test passed!
base64   test passed!
asn      test passed!
RANDOM   test passed!
MD5      test passed!
MD4      test passed!
SHA      test passed!
SHA-256  test passed!
Hash     test passed!
HMAC-MD5 test passed!
HMAC-SHA test passed!
HMAC-SHA256 test passed!
GMAC     test passed!
HC-128   test passed!
Rabbit   test passed!
DES      test passed!
DES3     test passed!
AES      test passed!
AES192   test passed!
AES256   test passed!
AES-GCM  test passed!
RSA      test passed!
DH       test passed!
DSA      test passed!
PWDBASED test passed!
ECC      test passed!
ECC buffer test passed!
logging  test passed!
mutex    test passed!
memcb    test failed!
 error = -13803
[SGXSan] ALWAYS: Enter enc_wolfSSL_CTX_use_certificate_buffer
[SGXSan] ALWAYS: Enter enc_wolfTLSv1_2_server_method
[SGXSan] ALWAYS: Enter enc_wolfSSL_CTX_use_PrivateKey_buffer
[SGXSan] ALWAYS: Enter enc_wolfTLSv1_2_client_method
[SGXSan] ALWAYS: Enter enc_wolfSSL_new
[SGXSan] ALWAYS: Enter enc_wolfSSL_CTX_new
#8	pulse  cov: 6298 ft: 6298 corp: 2/723Kb lim: 1000000 exec/s: 0 rss: 86Mb
[SGXSan] ALWAYS: Enter enc_wolfSSL_Debugging_OFF
[SGXSan] ALWAYS: Enter enc_wolfSSL_read
[SGXSan] ALWAYS: Enter enc_wolfSSL_CTX_free
[SGXSan] ALWAYS: Enter wc_benchmark_test
------------------------------------------------------------------------------
 wolfSSL version 5.1.0
------------------------------------------------------------------------------
wolfCrypt Benchmark (block bytes 1048576, min 1.0 sec each)
RNG                 15 MB took 1.147 seconds,   13.079 MB/s
AES-128-CBC-enc     35 MB took 1.075 seconds,   32.573 MB/s
AES-128-CBC-dec     35 MB took 1.162 seconds,   30.123 MB/s
AES-192-CBC-enc     30 MB took 1.070 seconds,   28.028 MB/s
AES-192-CBC-dec     30 MB took 1.165 seconds,   25.754 MB/s
AES-256-CBC-enc     25 MB took 1.022 seconds,   24.465 MB/s
AES-256-CBC-dec     25 MB took 1.072 seconds,   23.317 MB/s
AES-128-GCM-enc     25 MB took 1.063 seconds,   23.522 MB/s
AES-128-GCM-dec     25 MB took 1.061 seconds,   23.564 MB/s
AES-192-GCM-enc     25 MB took 1.215 seconds,   20.570 MB/s
AES-192-GCM-dec     25 MB took 1.193 seconds,   20.958 MB/s
AES-256-GCM-enc     20 MB took 1.056 seconds,   18.944 MB/s
AES-256-GCM-dec     20 MB took 1.047 seconds,   19.104 MB/s
GMAC Table 4-bit    67 MB took 1.005 seconds,   66.654 MB/s
RABBIT              90 MB took 1.037 seconds,   86.747 MB/s
3DES                10 MB took 1.100 seconds,    9.087 MB/s
MD5                300 MB took 1.002 seconds,  299.281 MB/s
SHA                130 MB took 1.027 seconds,  126.613 MB/s
SHA-256             35 MB took 1.151 seconds,   30.403 MB/s
HMAC-MD5           295 MB took 1.008 seconds,  292.735 MB/s
HMAC-SHA           130 MB took 1.030 seconds,  126.231 MB/s
HMAC-SHA256         30 MB took 1.002 seconds,   29.947 MB/s
PBKDF2               4 KB took 1.007 seconds,    3.725 KB/s
RSA     2048 public       1400 ops took 1.030 sec, avg 0.736 ms, 1359.518 ops/sec
RSA     2048 private       100 ops took 3.802 sec, avg 38.022 ms, 26.301 ops/sec
DH      2048 key gen        63 ops took 1.003 sec, avg 15.925 ms, 62.794 ops/sec
DH      2048 agree         100 ops took 1.577 sec, avg 15.766 ms, 63.427 ops/sec
ECC   [      SECP256R1]   256 key gen      1355 ops took 1.001 sec, avg 0.738 ms, 1354.261 ops/sec
ECDHE [      SECP256R1]   256 agree         900 ops took 1.011 sec, avg 1.124 ms, 889.946 ops/sec
ECDSA [      SECP256R1]   256 sign         1200 ops took 1.040 sec, avg 0.867 ms, 1153.335 ops/sec
ECDSA [      SECP256R1]   256 verify        900 ops took 1.069 sec, avg 1.188 ms, 841.578 ops/sec
Benchmark complete
[SGXSan] ALWAYS: Enter enc_wolfSSL_Cleanup
[SGXSan] ALWAYS: Enter enc_wolfTLSv1_2_server_method
[SGXSan] ALWAYS: Enter wc_test
------------------------------------------------------------------------------
 wolfSSL version 5.1.0
------------------------------------------------------------------------------
error    test passed!
MEMORY   test passed!
base64   test passed!
asn      test passed!
RANDOM   test passed!
MD5      test passed!
MD4      test passed!
SHA      test passed!
SHA-256  test passed!
Hash     test passed!
HMAC-MD5 test passed!
HMAC-SHA test passed!
HMAC-SHA256 test passed!
GMAC     test passed!
HC-128   test passed!
Rabbit   test passed!
DES      test passed!
DES3     test passed!
AES      test passed!
AES192   test passed!
AES256   test passed!
AES-GCM  test passed!
RSA      test passed!
DH       test passed!
DSA      test passed!
PWDBASED test passed!
ECC      test passed!
ECC buffer test passed!
logging  test passed!
mutex    test passed!
memcb    test failed!
 error = -13803
[SGXSan] ALWAYS: Enter enc_wolfSSL_free
[SGXSan] ALWAYS: Enter enc_wolfSSL_CTX_use_certificate_chain_buffer_format
[SGXSan] ALWAYS: Enter enc_wolfSSL_CTX_load_verify_buffer
[SGXSan] ALWAYS: Enter enc_wolfSSL_Init
[SGXSan] ALWAYS: Enter enc_wolfSSL_Debugging_ON
[SGXSan] ALWAYS: Enter enc_wolfSSL_get_error
[SGXSan] ALWAYS: Enter enc_wolfSSL_CTX_use_PrivateKey_buffer
[SGXSan] ALWAYS: Enter enc_wolfSSL_CTX_use_certificate_buffer
[SGXSan] ALWAYS: Enter enc_wolfTLSv1_2_client_method
[SGXSan] ALWAYS: Enter enc_wolfSSL_set_fd
[SGXSan] ALWAYS: Enter enc_wolfSSL_connect
[SGXSan] ALWAYS: Enter enc_wolfSSL_write
[SGXSan] ALWAYS: Enter enc_wolfSSL_CTX_new
[SGXSan] ALWAYS: Enter enc_wolfSSL_new
[SGXSan] ALWAYS: Enter enc_wolfSSL_CTX_set_cipher_list
[SGXSan] ALWAYS: Enter enc_wolfSSL_Debugging_OFF
[SGXSan] ALWAYS: Enter enc_wolfSSL_read
[SGXSan] ALWAYS: Enter enc_wolfSSL_CTX_free
[SGXSan] ALWAYS: Enter wc_benchmark_test
------------------------------------------------------------------------------
 wolfSSL version 5.1.0
------------------------------------------------------------------------------
wolfCrypt Benchmark (block bytes 1048576, min 1.0 sec each)
RNG                 15 MB took 1.163 seconds,   12.903 MB/s
AES-128-CBC-enc     35 MB took 1.087 seconds,   32.196 MB/s
AES-128-CBC-dec     30 MB took 1.004 seconds,   29.892 MB/s
AES-192-CBC-enc     30 MB took 1.106 seconds,   27.118 MB/s
AES-192-CBC-dec     30 MB took 1.146 seconds,   26.182 MB/s
AES-256-CBC-enc     25 MB took 1.014 seconds,   24.657 MB/s
AES-256-CBC-dec     25 MB took 1.074 seconds,   23.288 MB/s
AES-128-GCM-enc     25 MB took 1.072 seconds,   23.327 MB/s
AES-128-GCM-dec     25 MB took 1.064 seconds,   23.494 MB/s
AES-192-GCM-enc     25 MB took 1.191 seconds,   20.998 MB/s
AES-192-GCM-dec     25 MB took 1.202 seconds,   20.805 MB/s
AES-256-GCM-enc     20 MB took 1.043 seconds,   19.169 MB/s
AES-256-GCM-dec     20 MB took 1.044 seconds,   19.150 MB/s
GMAC Table 4-bit    68 MB took 1.004 seconds,   67.735 MB/s
RABBIT              90 MB took 1.002 seconds,   89.783 MB/s
3DES                10 MB took 1.102 seconds,    9.071 MB/s
MD5                295 MB took 1.007 seconds,  292.968 MB/s
SHA                130 MB took 1.035 seconds,  125.620 MB/s
SHA-256             30 MB took 1.000 seconds,   29.989 MB/s
HMAC-MD5           300 MB took 1.007 seconds,  298.008 MB/s
HMAC-SHA           125 MB took 1.001 seconds,  124.905 MB/s
HMAC-SHA256         35 MB took 1.171 seconds,   29.894 MB/s
PBKDF2               4 KB took 1.008 seconds,    3.660 KB/s
RSA     2048 public       1400 ops took 1.060 sec, avg 0.757 ms, 1321.176 ops/sec
RSA     2048 private       100 ops took 3.811 sec, avg 38.109 ms, 26.241 ops/sec
DH      2048 key gen        63 ops took 1.007 sec, avg 15.980 ms, 62.577 ops/sec
DH      2048 agree         100 ops took 1.580 sec, avg 15.802 ms, 63.285 ops/sec
ECC   [      SECP256R1]   256 key gen      1393 ops took 1.000 sec, avg 0.718 ms, 1392.773 ops/sec
ECDHE [      SECP256R1]   256 agree         900 ops took 1.007 sec, avg 1.119 ms, 893.752 ops/sec
ECDSA [      SECP256R1]   256 sign         1200 ops took 1.041 sec, avg 0.868 ms, 1152.312 ops/sec
ECDSA [      SECP256R1]   256 verify        900 ops took 1.070 sec, avg 1.189 ms, 840.818 ops/sec
Benchmark complete
[SGXSan] ALWAYS: Enter enc_wolfSSL_Cleanup
[SGXSan] ALWAYS: Enter enc_wolfTLSv1_2_server_method
[SGXSan] ALWAYS: Enter wc_test
------------------------------------------------------------------------------
 wolfSSL version 5.1.0
------------------------------------------------------------------------------
error    test passed!
MEMORY   test passed!
base64   test passed!
asn      test passed!
RANDOM   test passed!
MD5      test passed!
MD4      test passed!
SHA      test passed!
SHA-256  test passed!
Hash     test passed!
HMAC-MD5 test passed!
HMAC-SHA test passed!
HMAC-SHA256 test passed!
GMAC     test passed!
HC-128   test passed!
Rabbit   test passed!
DES      test passed!
DES3     test passed!
AES      test passed!
AES192   test passed!
AES256   test passed!
AES-GCM  test passed!
RSA      test passed!
DH       test passed!
DSA      test passed!
PWDBASED test passed!
ECC      test passed!
ECC buffer test passed!
logging  test passed!
mutex    test passed!
memcb    test failed!
 error = -13803
[SGXSan] ALWAYS: Enter enc_wolfSSL_free
[SGXSan] ALWAYS: Enter enc_wolfSSL_CTX_use_certificate_chain_buffer_format
[SGXSan] ALWAYS: Enter enc_wolfSSL_CTX_load_verify_buffer
[SGXSan] ALWAYS: Enter enc_wolfSSL_Init
[SGXSan] ALWAYS: Enter enc_wolfSSL_Debugging_ON
[SGXSan] ALWAYS: Enter enc_wolfSSL_get_error
[SGXSan] ALWAYS: Enter enc_wolfSSL_CTX_use_PrivateKey_buffer
[SGXSan] ALWAYS: Enter enc_wolfSSL_CTX_use_certificate_buffer
[SGXSan] ALWAYS: Enter enc_wolfTLSv1_2_client_method
[SGXSan] ALWAYS: Enter enc_wolfSSL_set_fd
[SGXSan] ALWAYS: Enter enc_wolfSSL_connect
[SGXSan] ALWAYS: Enter enc_wolfSSL_write
[SGXSan] ALWAYS: Enter enc_wolfSSL_CTX_new
[SGXSan] ALWAYS: Enter enc_wolfSSL_new
[SGXSan] ALWAYS: Enter enc_wolfSSL_CTX_set_cipher_list
#10	DONE   cov: 6298 ft: 6298 corp: 2/723Kb lim: 1000000 exec/s: 0 rss: 96Mb
Done 10 runs in 423 second(s)
stat::number_of_executed_units: 10
stat::average_exec_per_sec:     0
stat::new_units_added:          0
stat::slowest_unit_time_sec:    42
stat::peak_rss_mb:              96
