WARNING: Failed to find function "__sanitizer_acquire_crash_state".
WARNING: Failed to find function "__sanitizer_print_stack_trace".
WARNING: Failed to find function "__sanitizer_set_death_callback".
[2023-01-15 19:57:34.720] [Init] Num of ECall: 22
[2023-01-15 19:57:34.720] ECalls:
  0 - fuzz_enc_wolfSSL_CTX_free
  1 - fuzz_enc_wolfSSL_CTX_load_verify_buffer
  2 - fuzz_enc_wolfSSL_CTX_new
  3 - fuzz_enc_wolfSSL_CTX_set_cipher_list
  4 - fuzz_enc_wolfSSL_CTX_use_PrivateKey_buffer
  5 - fuzz_enc_wolfSSL_CTX_use_certificate_buffer
  6 - fuzz_enc_wolfSSL_CTX_use_certificate_chain_buffer_format
  7 - fuzz_enc_wolfSSL_Cleanup
  8 - fuzz_enc_wolfSSL_Debugging_OFF
  9 - fuzz_enc_wolfSSL_Debugging_ON
  10 - fuzz_enc_wolfSSL_Init
  11 - fuzz_enc_wolfSSL_connect
  12 - fuzz_enc_wolfSSL_free
  13 - fuzz_enc_wolfSSL_get_error
  14 - fuzz_enc_wolfSSL_new
  15 - fuzz_enc_wolfSSL_read
  16 - fuzz_enc_wolfSSL_set_fd
  17 - fuzz_enc_wolfSSL_write
  18 - fuzz_enc_wolfTLSv1_2_client_method
  19 - fuzz_enc_wolfTLSv1_2_server_method
  20 - fuzz_wc_benchmark_test
  21 - fuzz_wc_test

INFO: found LLVMFuzzerCustomMutator (0x44ac30). Disabling -len_control by default.
INFO: libFuzzer ignores flags that start with '--'
INFO: Running with entropic power schedule (0xFF, 100).
INFO: Seed: 997965375
INFO: Loaded 1 modules   (291 inline 8-bit counters): 291 [0x4cb7e8, 0x4cb90b), 
INFO: Loaded 1 PC tables (291 PCs): 291 [0x4cb910,0x4ccb40), 
INFO:        0 files found in /tmp/libFuzzerTemp.FuzzWithFork422940.dir/C218
[SGXSan] ALWAYS: Hook __sanitizer_cov_8bit_counters_init of Enclave, 21636 inline 8-bit counts [0x7fc16bab79c0, 0x7fc16babce44) (First time)
[SGXSan] ALWAYS: Hook __sanitizer_cov_pcs_init of Enclave, 21636 PCs [0x7fc16babce48, 0x7fc16bb11688) (First time)
[SGXSan] ALWAYS: Enter enc_wolfSSL_CTX_free
[SGXSan] ALWAYS: Enter enc_wolfSSL_CTX_load_verify_buffer
[SGXSan] ALWAYS: Enter enc_wolfSSL_CTX_new
[SGXSan] ALWAYS: Enter enc_wolfSSL_CTX_set_cipher_list
[SGXSan] ALWAYS: Enter enc_wolfSSL_CTX_use_PrivateKey_buffer
[SGXSan] ALWAYS: Enter enc_wolfSSL_CTX_use_certificate_buffer
[SGXSan] ALWAYS: Enter enc_wolfSSL_CTX_use_certificate_chain_buffer_format
[SGXSan] ALWAYS: Enter enc_wolfSSL_Cleanup
[SGXSan] ALWAYS: Enter enc_wolfSSL_Debugging_OFF
[SGXSan] ALWAYS: Enter enc_wolfSSL_Debugging_ON
[SGXSan] ALWAYS: Enter enc_wolfSSL_Init
[SGXSan] ALWAYS: Enter enc_wolfSSL_connect
[SGXSan] ALWAYS: Enter enc_wolfSSL_free
[SGXSan] ALWAYS: Enter enc_wolfSSL_get_error
[SGXSan] ALWAYS: Enter enc_wolfSSL_new
[SGXSan] ALWAYS: Enter enc_wolfSSL_read
[SGXSan] ALWAYS: Enter enc_wolfSSL_set_fd
[SGXSan] ALWAYS: Enter enc_wolfSSL_write
[SGXSan] ALWAYS: Enter enc_wolfTLSv1_2_client_method
[SGXSan] ALWAYS: Enter enc_wolfTLSv1_2_server_method
[SGXSan] ALWAYS: Enter wc_benchmark_test
------------------------------------------------------------------------------
 wolfSSL version 5.1.0
------------------------------------------------------------------------------
wolfCrypt Benchmark (block bytes 1048576, min 1.0 sec each)
RNG                 15 MB took 1.184 seconds,   12.666 MB/s
AES-128-CBC-enc     35 MB took 1.151 seconds,   30.418 MB/s
AES-128-CBC-dec     30 MB took 1.037 seconds,   28.941 MB/s
AES-192-CBC-enc     30 MB took 1.144 seconds,   26.234 MB/s
AES-192-CBC-dec     25 MB took 1.021 seconds,   24.476 MB/s
AES-256-CBC-enc     25 MB took 1.029 seconds,   24.296 MB/s
AES-256-CBC-dec     25 MB took 1.105 seconds,   22.633 MB/s
AES-128-GCM-enc     25 MB took 1.073 seconds,   23.303 MB/s
AES-128-GCM-dec     25 MB took 1.074 seconds,   23.277 MB/s
AES-192-GCM-enc     25 MB took 1.214 seconds,   20.594 MB/s
AES-192-GCM-dec     25 MB took 1.194 seconds,   20.944 MB/s
AES-256-GCM-enc     20 MB took 1.037 seconds,   19.289 MB/s
AES-256-GCM-dec     20 MB took 1.035 seconds,   19.320 MB/s
GMAC Table 4-bit    68 MB took 1.008 seconds,   67.432 MB/s
RABBIT              90 MB took 1.036 seconds,   86.841 MB/s
3DES                10 MB took 1.107 seconds,    9.032 MB/s
MD5                290 MB took 1.007 seconds,  287.925 MB/s
SHA                125 MB took 1.005 seconds,  124.323 MB/s
SHA-256             35 MB took 1.150 seconds,   30.441 MB/s
HMAC-MD5           290 MB took 1.005 seconds,  288.559 MB/s
HMAC-SHA           125 MB took 1.005 seconds,  124.425 MB/s
HMAC-SHA256         30 MB took 1.050 seconds,   28.571 MB/s
PBKDF2               4 KB took 1.006 seconds,    3.633 KB/s
RSA     2048 public       1400 ops took 1.039 sec, avg 0.742 ms, 1347.531 ops/sec
RSA     2048 private       100 ops took 3.761 sec, avg 37.609 ms, 26.589 ops/sec
DH      2048 key gen        64 ops took 1.004 sec, avg 15.689 ms, 63.739 ops/sec
DH      2048 agree         100 ops took 1.601 sec, avg 16.012 ms, 62.452 ops/sec
ECC   [      SECP256R1]   256 key gen      1384 ops took 1.000 sec, avg 0.723 ms, 1383.844 ops/sec
ECDHE [      SECP256R1]   256 agree         900 ops took 1.019 sec, avg 1.132 ms, 883.092 ops/sec
ECDSA [      SECP256R1]   256 sign         1200 ops took 1.028 sec, avg 0.857 ms, 1166.919 ops/sec
ECDSA [      SECP256R1]   256 verify        900 ops took 1.055 sec, avg 1.173 ms, 852.694 ops/sec
Benchmark complete
[SGXSan] ALWAYS: Enter wc_test
INFO: seed corpus: files: 4 min: 370191b max: 390122b total: 1500695b rss: 43Mb
------------------------------------------------------------------------------
 wolfSSL version 5.1.0
------------------------------------------------------------------------------
error    test passed!
MEMORY   test passed!
base64   test passed!
asn      test passed!
RANDOM   test passed!
MD5      test passed!
MD4      test passed!
SHA      test passed!
SHA-256  test passed!
Hash     test passed!
HMAC-MD5 test passed!
HMAC-SHA test passed!
HMAC-SHA256 test passed!
GMAC     test passed!
HC-128   test passed!
Rabbit   test passed!
DES      test passed!
DES3     test passed!
AES      test passed!
AES192   test passed!
AES256   test passed!
AES-GCM  test passed!
RSA      test passed!
DH       test passed!
DSA      test passed!
PWDBASED test passed!
ECC      test passed!
ECC buffer test passed!
logging  test passed!
mutex    test passed!
memcb    test passed!
Test complete
[SGXSan] ALWAYS: Enter enc_wolfSSL_connect
[SGXSan] ALWAYS: Enter enc_wolfSSL_new
[SGXSan] ALWAYS: Enter enc_wolfSSL_CTX_new
[SGXSan] ALWAYS: Enter enc_wolfSSL_CTX_free
[SGXSan] ALWAYS: Enter enc_wolfSSL_write
[SGXSan] ALWAYS: Enter enc_wolfSSL_CTX_load_verify_buffer
[SGXSan] ALWAYS: Enter enc_wolfSSL_CTX_use_PrivateKey_buffer
[SGXSan] ALWAYS: Enter enc_wolfTLSv1_2_client_method
[SGXSan] ALWAYS: Enter wc_benchmark_test
------------------------------------------------------------------------------
 wolfSSL version 5.1.0
------------------------------------------------------------------------------
wolfCrypt Benchmark (block bytes 1048576, min 1.0 sec each)
RNG                 15 MB took 1.166 seconds,   12.861 MB/s
AES-128-CBC-enc     35 MB took 1.181 seconds,   29.631 MB/s
AES-128-CBC-dec     30 MB took 1.028 seconds,   29.177 MB/s
AES-192-CBC-enc     30 MB took 1.127 seconds,   26.621 MB/s
AES-192-CBC-dec     30 MB took 1.172 seconds,   25.591 MB/s
AES-256-CBC-enc     25 MB took 1.034 seconds,   24.188 MB/s
AES-256-CBC-dec     25 MB took 1.084 seconds,   23.072 MB/s
AES-128-GCM-enc     25 MB took 1.048 seconds,   23.861 MB/s
AES-128-GCM-dec     25 MB took 1.053 seconds,   23.734 MB/s
AES-192-GCM-enc     25 MB took 1.173 seconds,   21.309 MB/s
AES-192-GCM-dec     25 MB took 1.187 seconds,   21.054 MB/s
AES-256-GCM-enc     20 MB took 1.029 seconds,   19.440 MB/s
AES-256-GCM-dec     20 MB took 1.020 seconds,   19.616 MB/s
GMAC Table 4-bit    69 MB took 1.013 seconds,   68.083 MB/s
RABBIT              90 MB took 1.007 seconds,   89.409 MB/s
3DES                10 MB took 1.092 seconds,    9.159 MB/s
MD5                295 MB took 1.002 seconds,  294.523 MB/s
SHA                130 MB took 1.024 seconds,  126.928 MB/s
SHA-256             35 MB took 1.135 seconds,   30.836 MB/s
HMAC-MD5           295 MB took 1.004 seconds,  293.870 MB/s
HMAC-SHA           130 MB took 1.028 seconds,  126.518 MB/s
HMAC-SHA256         35 MB took 1.141 seconds,   30.671 MB/s
PBKDF2               4 KB took 1.005 seconds,    3.732 KB/s
RSA     2048 public       1400 ops took 1.011 sec, avg 0.722 ms, 1384.242 ops/sec
RSA     2048 private       100 ops took 3.716 sec, avg 37.165 ms, 26.907 ops/sec
DH      2048 key gen        65 ops took 1.008 sec, avg 15.510 ms, 64.474 ops/sec
DH      2048 agree         100 ops took 1.566 sec, avg 15.658 ms, 63.865 ops/sec
ECC   [      SECP256R1]   256 key gen      1407 ops took 1.000 sec, avg 0.711 ms, 1406.772 ops/sec
ECDHE [      SECP256R1]   256 agree        1000 ops took 1.103 sec, avg 1.103 ms, 906.210 ops/sec
ECDSA [      SECP256R1]   256 sign         1200 ops took 1.001 sec, avg 0.834 ms, 1199.260 ops/sec
ECDSA [      SECP256R1]   256 verify        900 ops took 1.043 sec, avg 1.159 ms, 862.647 ops/sec
Benchmark complete
[SGXSan] ALWAYS: Enter enc_wolfSSL_CTX_set_cipher_list
[SGXSan] ALWAYS: Enter enc_wolfSSL_get_error
[SGXSan] ALWAYS: Enter enc_wolfSSL_Init
[SGXSan] ALWAYS: Enter enc_wolfSSL_free
[SGXSan] ALWAYS: Enter wc_test
------------------------------------------------------------------------------
 wolfSSL version 5.1.0
------------------------------------------------------------------------------
error    test passed!
MEMORY   test passed!
base64   test passed!
asn      test passed!
RANDOM   test passed!
MD5      test passed!
MD4      test passed!
SHA      test passed!
SHA-256  test passed!
Hash     test passed!
HMAC-MD5 test passed!
HMAC-SHA test passed!
HMAC-SHA256 test passed!
GMAC     test passed!
HC-128   test passed!
Rabbit   test passed!
DES      test passed!
DES3     test passed!
AES      test passed!
AES192   test passed!
AES256   test passed!
AES-GCM  test passed!
RSA      test passed!
DH       test passed!
DSA      test passed!
PWDBASED test passed!
ECC      test passed!
ECC buffer test passed!
logging  test passed!
mutex    test passed!
memcb    test failed!
 error = -13803
[SGXSan] ALWAYS: Enter enc_wolfSSL_Debugging_ON
[SGXSan] ALWAYS: Enter enc_wolfSSL_read
[SGXSan] ALWAYS: Enter enc_wolfSSL_Debugging_OFF
[SGXSan] ALWAYS: Enter enc_wolfTLSv1_2_server_method
[SGXSan] ALWAYS: Enter enc_wolfSSL_set_fd
[SGXSan] ALWAYS: Enter enc_wolfSSL_CTX_use_certificate_buffer
[SGXSan] ALWAYS: Enter enc_wolfSSL_CTX_use_certificate_chain_buffer_format
[SGXSan] ALWAYS: Enter enc_wolfSSL_Cleanup
#2	pulse  ft: 6289 exec/s: 0 rss: 49Mb
Slowest unit: 42 s:
artifact_prefix='./crashes/'; Test unit written to ./crashes/slow-unit-ac42e3697c14bc73e89856eb01e7cfa15498cb71
[SGXSan] ALWAYS: Enter enc_wolfSSL_connect
[SGXSan] ALWAYS: Enter enc_wolfSSL_free
[SGXSan] ALWAYS: Enter enc_wolfSSL_Init
[SGXSan] ALWAYS: Enter wc_benchmark_test
------------------------------------------------------------------------------
 wolfSSL version 5.1.0
------------------------------------------------------------------------------
wolfCrypt Benchmark (block bytes 1048576, min 1.0 sec each)
RNG                 15 MB took 1.163 seconds,   12.899 MB/s
AES-128-CBC-enc     35 MB took 1.108 seconds,   31.597 MB/s
AES-128-CBC-dec     30 MB took 1.011 seconds,   29.665 MB/s
AES-192-CBC-enc     30 MB took 1.113 seconds,   26.947 MB/s
AES-192-CBC-dec     30 MB took 1.161 seconds,   25.831 MB/s
AES-256-CBC-enc     25 MB took 1.013 seconds,   24.677 MB/s
AES-256-CBC-dec     25 MB took 1.082 seconds,   23.105 MB/s
AES-128-GCM-enc     25 MB took 1.046 seconds,   23.899 MB/s
AES-128-GCM-dec     25 MB took 1.064 seconds,   23.497 MB/s
AES-192-GCM-enc     25 MB took 1.174 seconds,   21.294 MB/s
AES-192-GCM-dec     25 MB took 1.203 seconds,   20.789 MB/s
AES-256-GCM-enc     20 MB took 1.024 seconds,   19.527 MB/s
AES-256-GCM-dec     20 MB took 1.022 seconds,   19.577 MB/s
GMAC Table 4-bit    68 MB took 1.009 seconds,   67.412 MB/s
RABBIT              95 MB took 1.047 seconds,   90.726 MB/s
3DES                10 MB took 1.094 seconds,    9.144 MB/s
MD5                295 MB took 1.008 seconds,  292.633 MB/s
SHA                125 MB took 1.014 seconds,  123.223 MB/s
SHA-256             35 MB took 1.146 seconds,   30.543 MB/s
HMAC-MD5           300 MB took 1.014 seconds,  295.752 MB/s
HMAC-SHA           130 MB took 1.030 seconds,  126.236 MB/s
HMAC-SHA256         35 MB took 1.138 seconds,   30.766 MB/s
PBKDF2               4 KB took 1.007 seconds,    3.724 KB/s
RSA     2048 public       1400 ops took 1.020 sec, avg 0.728 ms, 1373.108 ops/sec
RSA     2048 private       100 ops took 3.669 sec, avg 36.692 ms, 27.254 ops/sec
DH      2048 key gen        64 ops took 1.004 sec, avg 15.690 ms, 63.735 ops/sec
DH      2048 agree         100 ops took 1.560 sec, avg 15.602 ms, 64.093 ops/sec
ECC   [      SECP256R1]   256 key gen      1398 ops took 1.000 sec, avg 0.716 ms, 1397.560 ops/sec
ECDHE [      SECP256R1]   256 agree        1000 ops took 1.101 sec, avg 1.101 ms, 908.562 ops/sec
ECDSA [      SECP256R1]   256 sign         1200 ops took 1.011 sec, avg 0.842 ms, 1187.147 ops/sec
ECDSA [      SECP256R1]   256 verify        900 ops took 1.068 sec, avg 1.187 ms, 842.590 ops/sec
Benchmark complete
[SGXSan] ALWAYS: Enter enc_wolfSSL_Debugging_ON
[SGXSan] ALWAYS: Enter enc_wolfSSL_read
[SGXSan] ALWAYS: Enter enc_wolfSSL_CTX_use_certificate_chain_buffer_format
[SGXSan] ALWAYS: Enter enc_wolfSSL_CTX_load_verify_buffer
[SGXSan] ALWAYS: Enter enc_wolfSSL_set_fd
[SGXSan] ALWAYS: Enter enc_wolfSSL_write
[SGXSan] ALWAYS: Enter enc_wolfSSL_Cleanup
[SGXSan] ALWAYS: Enter enc_wolfSSL_new
[SGXSan] ALWAYS: Enter enc_wolfSSL_CTX_set_cipher_list
[SGXSan] ALWAYS: Enter enc_wolfSSL_CTX_use_certificate_buffer
[SGXSan] ALWAYS: Enter enc_wolfSSL_CTX_use_PrivateKey_buffer
[SGXSan] ALWAYS: Enter enc_wolfSSL_get_error
[SGXSan] ALWAYS: Enter enc_wolfSSL_CTX_new
[SGXSan] ALWAYS: Enter enc_wolfTLSv1_2_client_method
[SGXSan] ALWAYS: Enter wc_test
------------------------------------------------------------------------------
 wolfSSL version 5.1.0
------------------------------------------------------------------------------
error    test passed!
MEMORY   test passed!
base64   test passed!
asn      test passed!
RANDOM   test passed!
MD5      test passed!
MD4      test passed!
SHA      test passed!
SHA-256  test passed!
Hash     test passed!
HMAC-MD5 test passed!
HMAC-SHA test passed!
HMAC-SHA256 test passed!
GMAC     test passed!
HC-128   test passed!
Rabbit   test passed!
DES      test passed!
DES3     test passed!
AES      test passed!
AES192   test passed!
AES256   test passed!
AES-GCM  test passed!
RSA      test passed!
DH       test passed!
DSA      test passed!
PWDBASED test passed!
ECC      test passed!
ECC buffer test passed!
logging  test passed!
mutex    test passed!
memcb    test failed!
 error = -13803
[SGXSan] ALWAYS: Enter enc_wolfTLSv1_2_server_method
[SGXSan] ALWAYS: Enter enc_wolfSSL_CTX_free
[SGXSan] ALWAYS: Enter enc_wolfSSL_Debugging_OFF
[SGXSan] ALWAYS: Enter enc_wolfSSL_connect
[SGXSan] ALWAYS: Enter enc_wolfSSL_new
[SGXSan] ALWAYS: Enter enc_wolfSSL_CTX_new
[SGXSan] ALWAYS: Enter enc_wolfSSL_CTX_free
[SGXSan] ALWAYS: Enter enc_wolfSSL_write
[SGXSan] ALWAYS: Enter enc_wolfSSL_CTX_load_verify_buffer
[SGXSan] ALWAYS: Enter enc_wolfSSL_CTX_use_PrivateKey_buffer
[SGXSan] ALWAYS: Enter enc_wolfTLSv1_2_client_method
[SGXSan] ALWAYS: Enter wc_benchmark_test
------------------------------------------------------------------------------
 wolfSSL version 5.1.0
------------------------------------------------------------------------------
wolfCrypt Benchmark (block bytes 1048576, min 1.0 sec each)
RNG                 15 MB took 1.178 seconds,   12.735 MB/s
AES-128-CBC-enc     35 MB took 1.105 seconds,   31.661 MB/s
AES-128-CBC-dec     30 MB took 1.019 seconds,   29.429 MB/s
AES-192-CBC-enc     30 MB took 1.141 seconds,   26.297 MB/s
AES-192-CBC-dec     30 MB took 1.169 seconds,   25.673 MB/s
AES-256-CBC-enc     25 MB took 1.013 seconds,   24.677 MB/s
AES-256-CBC-dec     25 MB took 1.081 seconds,   23.116 MB/s
AES-128-GCM-enc     25 MB took 1.051 seconds,   23.790 MB/s
AES-128-GCM-dec     25 MB took 1.083 seconds,   23.084 MB/s
AES-192-GCM-enc     25 MB took 1.181 seconds,   21.166 MB/s
AES-192-GCM-dec     25 MB took 1.168 seconds,   21.400 MB/s
AES-256-GCM-enc     20 MB took 1.013 seconds,   19.751 MB/s
AES-256-GCM-dec     20 MB took 1.034 seconds,   19.349 MB/s
GMAC Table 4-bit    68 MB took 1.003 seconds,   67.770 MB/s
RABBIT              95 MB took 1.055 seconds,   90.032 MB/s
3DES                10 MB took 1.088 seconds,    9.188 MB/s
MD5                295 MB took 1.004 seconds,  293.728 MB/s
SHA                125 MB took 1.009 seconds,  123.931 MB/s
SHA-256             35 MB took 1.139 seconds,   30.731 MB/s
HMAC-MD5           295 MB took 1.012 seconds,  291.423 MB/s
HMAC-SHA           130 MB took 1.024 seconds,  126.995 MB/s
HMAC-SHA256         35 MB took 1.131 seconds,   30.939 MB/s
PBKDF2               4 KB took 1.007 seconds,    3.725 KB/s
RSA     2048 public       1400 ops took 1.014 sec, avg 0.724 ms, 1380.733 ops/sec
RSA     2048 private       100 ops took 3.694 sec, avg 36.942 ms, 27.069 ops/sec
DH      2048 key gen        65 ops took 1.014 sec, avg 15.593 ms, 64.131 ops/sec
DH      2048 agree         100 ops took 1.559 sec, avg 15.592 ms, 64.135 ops/sec
ECC   [      SECP256R1]   256 key gen      1380 ops took 1.000 sec, avg 0.725 ms, 1379.361 ops/sec
ECDHE [      SECP256R1]   256 agree        1000 ops took 1.097 sec, avg 1.097 ms, 911.676 ops/sec
ECDSA [      SECP256R1]   256 sign         1200 ops took 1.012 sec, avg 0.843 ms, 1186.086 ops/sec
ECDSA [      SECP256R1]   256 verify        900 ops took 1.046 sec, avg 1.163 ms, 860.063 ops/sec
Benchmark complete
[SGXSan] ALWAYS: Enter enc_wolfSSL_CTX_set_cipher_list
[SGXSan] ALWAYS: Enter enc_wolfSSL_get_error
[SGXSan] ALWAYS: Enter enc_wolfSSL_Init
[SGXSan] ALWAYS: Enter enc_wolfSSL_free
[SGXSan] ALWAYS: Enter wc_test
------------------------------------------------------------------------------
 wolfSSL version 5.1.0
------------------------------------------------------------------------------
error    test passed!
MEMORY   test passed!
base64   test passed!
asn      test passed!
RANDOM   test passed!
MD5      test passed!
MD4      test passed!
SHA      test passed!
SHA-256  test passed!
Hash     test passed!
HMAC-MD5 test passed!
HMAC-SHA test passed!
HMAC-SHA256 test passed!
GMAC     test passed!
HC-128   test passed!
Rabbit   test passed!
DES      test passed!
DES3     test passed!
AES      test passed!
AES192   test passed!
AES256   test passed!
AES-GCM  test passed!
RSA      test passed!
DH       test passed!
DSA      test passed!
PWDBASED test passed!
ECC      test passed!
ECC buffer test passed!
logging  test passed!
mutex    test passed!
memcb    test failed!
 error = -13803
[SGXSan] ALWAYS: Enter enc_wolfSSL_Debugging_ON
[SGXSan] ALWAYS: Enter enc_wolfSSL_read
[SGXSan] ALWAYS: Enter enc_wolfSSL_Debugging_OFF
[SGXSan] ALWAYS: Enter enc_wolfTLSv1_2_server_method
[SGXSan] ALWAYS: Enter enc_wolfSSL_set_fd
[SGXSan] ALWAYS: Enter enc_wolfSSL_CTX_use_certificate_buffer
[SGXSan] ALWAYS: Enter enc_wolfSSL_CTX_use_certificate_chain_buffer_format
[SGXSan] ALWAYS: Enter enc_wolfSSL_Cleanup
#4	pulse  cov: 6289 ft: 6289 corp: 1/361Kb exec/s: 0 rss: 63Mb
[SGXSan] ALWAYS: Enter enc_wolfSSL_Init
[SGXSan] ALWAYS: Enter enc_wolfSSL_Cleanup
[SGXSan] ALWAYS: Enter enc_wolfSSL_set_fd
[SGXSan] ALWAYS: Enter enc_wolfSSL_CTX_load_verify_buffer
[SGXSan] ALWAYS: Enter enc_wolfSSL_Debugging_ON
[SGXSan] ALWAYS: Enter wc_benchmark_test
------------------------------------------------------------------------------
 wolfSSL version 5.1.0
------------------------------------------------------------------------------
wolfCrypt Benchmark (block bytes 1048576, min 1.0 sec each)
RNG                 15 MB took 1.160 seconds,   12.936 MB/s
AES-128-CBC-enc     35 MB took 1.109 seconds,   31.556 MB/s
AES-128-CBC-dec     30 MB took 1.014 seconds,   29.587 MB/s
AES-192-CBC-enc     30 MB took 1.106 seconds,   27.132 MB/s
AES-192-CBC-dec     30 MB took 1.165 seconds,   25.758 MB/s
AES-256-CBC-enc     25 MB took 1.036 seconds,   24.142 MB/s
AES-256-CBC-dec     25 MB took 1.078 seconds,   23.192 MB/s
AES-128-GCM-enc     25 MB took 1.051 seconds,   23.785 MB/s
AES-128-GCM-dec     25 MB took 1.051 seconds,   23.791 MB/s
AES-192-GCM-enc     25 MB took 1.177 seconds,   21.242 MB/s
AES-192-GCM-dec     25 MB took 1.190 seconds,   21.015 MB/s
AES-256-GCM-enc     20 MB took 1.015 seconds,   19.695 MB/s
AES-256-GCM-dec     20 MB took 1.022 seconds,   19.572 MB/s
GMAC Table 4-bit    68 MB took 1.002 seconds,   67.866 MB/s
RABBIT              95 MB took 1.054 seconds,   90.116 MB/s
3DES                10 MB took 1.101 seconds,    9.082 MB/s
MD5                295 MB took 1.000 seconds,  294.902 MB/s
SHA                130 MB took 1.038 seconds,  125.217 MB/s
SHA-256             35 MB took 1.140 seconds,   30.693 MB/s
HMAC-MD5           295 MB took 1.005 seconds,  293.664 MB/s
HMAC-SHA           125 MB took 1.005 seconds,  124.399 MB/s
HMAC-SHA256         35 MB took 1.140 seconds,   30.708 MB/s
PBKDF2               4 KB took 1.006 seconds,    3.696 KB/s
RSA     2048 public       1400 ops took 1.010 sec, avg 0.722 ms, 1385.493 ops/sec
RSA     2048 private       100 ops took 3.684 sec, avg 36.835 ms, 27.148 ops/sec
DH      2048 key gen        65 ops took 1.006 sec, avg 15.480 ms, 64.601 ops/sec
DH      2048 agree         100 ops took 1.558 sec, avg 15.577 ms, 64.197 ops/sec
ECC   [      SECP256R1]   256 key gen      1388 ops took 1.001 sec, avg 0.721 ms, 1387.290 ops/sec
ECDHE [      SECP256R1]   256 agree        1000 ops took 1.090 sec, avg 1.090 ms, 917.489 ops/sec
ECDSA [      SECP256R1]   256 sign         1200 ops took 1.006 sec, avg 0.838 ms, 1192.730 ops/sec
ECDSA [      SECP256R1]   256 verify        900 ops took 1.045 sec, avg 1.161 ms, 861.285 ops/sec
Benchmark complete
[SGXSan] ALWAYS: Enter enc_wolfSSL_new
[SGXSan] ALWAYS: Enter enc_wolfSSL_free
[SGXSan] ALWAYS: Enter enc_wolfSSL_CTX_use_certificate_buffer
[SGXSan] ALWAYS: Enter enc_wolfSSL_connect
[SGXSan] ALWAYS: Enter enc_wolfTLSv1_2_server_method
[SGXSan] ALWAYS: Enter enc_wolfSSL_CTX_use_certificate_chain_buffer_format
[SGXSan] ALWAYS: Enter enc_wolfSSL_Debugging_OFF
[SGXSan] ALWAYS: Enter wc_test
------------------------------------------------------------------------------
 wolfSSL version 5.1.0
------------------------------------------------------------------------------
error    test passed!
MEMORY   test passed!
base64   test passed!
asn      test passed!
RANDOM   test passed!
MD5      test passed!
MD4      test passed!
SHA      test passed!
SHA-256  test passed!
Hash     test passed!
HMAC-MD5 test passed!
HMAC-SHA test passed!
HMAC-SHA256 test passed!
GMAC     test passed!
HC-128   test passed!
Rabbit   test passed!
DES      test passed!
DES3     test passed!
AES      test passed!
AES192   test passed!
AES256   test passed!
AES-GCM  test passed!
RSA      test passed!
DH       test passed!
DSA      test passed!
PWDBASED test passed!
ECC      test passed!
ECC buffer test passed!
logging  test passed!
mutex    test passed!
memcb    test failed!
 error = -13803
[SGXSan] ALWAYS: Enter enc_wolfSSL_write
[SGXSan] ALWAYS: Enter enc_wolfSSL_get_error
[SGXSan] ALWAYS: Enter enc_wolfTLSv1_2_client_method
[SGXSan] ALWAYS: Enter enc_wolfSSL_CTX_set_cipher_list
[SGXSan] ALWAYS: Enter enc_wolfSSL_CTX_free
[SGXSan] ALWAYS: Enter enc_wolfSSL_CTX_use_PrivateKey_buffer
[SGXSan] ALWAYS: Enter enc_wolfSSL_read
[SGXSan] ALWAYS: Enter enc_wolfSSL_CTX_new
#5	INITED cov: 6289 ft: 6289 corp: 1/361Kb exec/s: 0 rss: 69Mb
[SGXSan] ALWAYS: Enter wc_test
------------------------------------------------------------------------------
 wolfSSL version 5.1.0
------------------------------------------------------------------------------
error    test passed!
MEMORY   test passed!
base64   test passed!
asn      test passed!
RANDOM   test passed!
MD5      test passed!
MD4      test passed!
SHA      test passed!
SHA-256  test passed!
Hash     test passed!
HMAC-MD5 test passed!
HMAC-SHA test passed!
HMAC-SHA256 test passed!
GMAC     test passed!
HC-128   test passed!
Rabbit   test passed!
DES      test passed!
DES3     test passed!
AES      test passed!
AES192   test passed!
AES256   test passed!
AES-GCM  test passed!
RSA      test passed!
DH       test passed!
DSA      test passed!
PWDBASED test passed!
ECC      test passed!
ECC buffer test passed!
logging  test passed!
mutex    test passed!
memcb    test failed!
 error = -13803
[SGXSan] ALWAYS: Enter enc_wolfSSL_new
[SGXSan] ALWAYS: Enter enc_wolfSSL_write
[SGXSan] ALWAYS: Enter enc_wolfSSL_Cleanup
[SGXSan] ALWAYS: Enter enc_wolfSSL_CTX_free
[SGXSan] ALWAYS: Enter enc_wolfSSL_connect
[SGXSan] ALWAYS: Enter enc_wolfSSL_CTX_use_PrivateKey_buffer
[SGXSan] ALWAYS: Enter enc_wolfSSL_Init
[SGXSan] ALWAYS: Enter enc_wolfSSL_free
[SGXSan] ALWAYS: Enter enc_wolfTLSv1_2_server_method
[SGXSan] ALWAYS: Enter enc_wolfSSL_CTX_load_verify_buffer
[SGXSan] ALWAYS: Enter enc_wolfSSL_Debugging_ON
[SGXSan] ALWAYS: Enter enc_wolfTLSv1_2_client_method
[SGXSan] ALWAYS: Enter enc_wolfSSL_read
[SGXSan] ALWAYS: Enter wc_benchmark_test
------------------------------------------------------------------------------
 wolfSSL version 5.1.0
------------------------------------------------------------------------------
wolfCrypt Benchmark (block bytes 1048576, min 1.0 sec each)
RNG                 15 MB took 1.158 seconds,   12.954 MB/s
AES-128-CBC-enc     35 MB took 1.110 seconds,   31.541 MB/s
AES-128-CBC-dec     30 MB took 1.013 seconds,   29.626 MB/s
AES-192-CBC-enc     30 MB took 1.111 seconds,   27.005 MB/s
AES-192-CBC-dec     30 MB took 1.171 seconds,   25.615 MB/s
AES-256-CBC-enc     25 MB took 1.023 seconds,   24.432 MB/s
AES-256-CBC-dec     25 MB took 1.086 seconds,   23.023 MB/s
AES-128-GCM-enc     25 MB took 1.047 seconds,   23.870 MB/s
AES-128-GCM-dec     25 MB took 1.066 seconds,   23.444 MB/s
AES-192-GCM-enc     25 MB took 1.177 seconds,   21.237 MB/s
AES-192-GCM-dec     25 MB took 1.177 seconds,   21.243 MB/s
AES-256-GCM-enc     20 MB took 1.014 seconds,   19.724 MB/s
AES-256-GCM-dec     20 MB took 1.013 seconds,   19.752 MB/s
GMAC Table 4-bit    68 MB took 1.013 seconds,   67.131 MB/s
RABBIT              95 MB took 1.053 seconds,   90.215 MB/s
3DES                10 MB took 1.095 seconds,    9.134 MB/s
MD5                300 MB took 1.013 seconds,  296.170 MB/s
SHA                130 MB took 1.025 seconds,  126.814 MB/s
SHA-256             35 MB took 1.154 seconds,   30.338 MB/s
HMAC-MD5           295 MB took 1.005 seconds,  293.419 MB/s
HMAC-SHA           130 MB took 1.029 seconds,  126.364 MB/s
HMAC-SHA256         35 MB took 1.127 seconds,   31.069 MB/s
PBKDF2               4 KB took 1.006 seconds,    3.728 KB/s
RSA     2048 public       1400 ops took 1.031 sec, avg 0.736 ms, 1358.076 ops/sec
RSA     2048 private       100 ops took 3.654 sec, avg 36.538 ms, 27.369 ops/sec
DH      2048 key gen        64 ops took 1.011 sec, avg 15.803 ms, 63.281 ops/sec
DH      2048 agree         100 ops took 1.563 sec, avg 15.635 ms, 63.959 ops/sec
ECC   [      SECP256R1]   256 key gen      1397 ops took 1.000 sec, avg 0.716 ms, 1396.529 ops/sec
ECDHE [      SECP256R1]   256 agree        1000 ops took 1.085 sec, avg 1.085 ms, 921.887 ops/sec
ECDSA [      SECP256R1]   256 sign         1200 ops took 1.006 sec, avg 0.838 ms, 1192.947 ops/sec
ECDSA [      SECP256R1]   256 verify        900 ops took 1.059 sec, avg 1.177 ms, 849.708 ops/sec
Benchmark complete
[SGXSan] ALWAYS: Enter enc_wolfSSL_CTX_set_cipher_list
[SGXSan] ALWAYS: Enter enc_wolfSSL_Debugging_OFF
[SGXSan] ALWAYS: Enter enc_wolfSSL_set_fd
[SGXSan] ALWAYS: Enter enc_wolfSSL_CTX_use_certificate_buffer
[SGXSan] ALWAYS: Enter enc_wolfSSL_CTX_new
[SGXSan] ALWAYS: Enter enc_wolfSSL_get_error
[SGXSan] ALWAYS: Enter enc_wolfSSL_CTX_use_certificate_chain_buffer_format
[SGXSan] ALWAYS: Enter wc_test
------------------------------------------------------------------------------
 wolfSSL version 5.1.0
------------------------------------------------------------------------------
error    test passed!
MEMORY   test passed!
base64   test passed!
asn      test passed!
RANDOM   test passed!
MD5      test passed!
MD4      test passed!
SHA      test passed!
SHA-256  test passed!
Hash     test passed!
HMAC-MD5 test passed!
HMAC-SHA test passed!
HMAC-SHA256 test passed!
GMAC     test passed!
HC-128   test passed!
Rabbit   test passed!
DES      test passed!
DES3     test passed!
AES      test passed!
AES192   test passed!
AES256   test passed!
AES-GCM  test passed!
RSA      test passed!
DH       test passed!
DSA      test passed!
PWDBASED test passed!
ECC      test passed!
ECC buffer test passed!
logging  test passed!
mutex    test passed!
memcb    test failed!
 error = -13803
[SGXSan] ALWAYS: Enter enc_wolfSSL_new
[SGXSan] ALWAYS: Enter enc_wolfSSL_write
[SGXSan] ALWAYS: Enter enc_wolfSSL_Cleanup
[SGXSan] ALWAYS: Enter enc_wolfSSL_CTX_free
[SGXSan] ALWAYS: Enter enc_wolfSSL_connect
[SGXSan] ALWAYS: Enter enc_wolfSSL_CTX_use_PrivateKey_buffer
[SGXSan] ALWAYS: Enter enc_wolfSSL_Init
[SGXSan] ALWAYS: Enter enc_wolfSSL_free
[SGXSan] ALWAYS: Enter enc_wolfTLSv1_2_server_method
[SGXSan] ALWAYS: Enter enc_wolfSSL_CTX_load_verify_buffer
[SGXSan] ALWAYS: Enter enc_wolfSSL_Debugging_ON
[SGXSan] ALWAYS: Enter enc_wolfTLSv1_2_client_method
[SGXSan] ALWAYS: Enter enc_wolfSSL_read
[SGXSan] ALWAYS: Enter wc_benchmark_test
------------------------------------------------------------------------------
 wolfSSL version 5.1.0
------------------------------------------------------------------------------
wolfCrypt Benchmark (block bytes 1048576, min 1.0 sec each)
RNG                 15 MB took 1.158 seconds,   12.954 MB/s
AES-128-CBC-enc     35 MB took 1.102 seconds,   31.762 MB/s
AES-128-CBC-dec     30 MB took 1.018 seconds,   29.467 MB/s
AES-192-CBC-enc     30 MB took 1.124 seconds,   26.687 MB/s
AES-192-CBC-dec     30 MB took 1.174 seconds,   25.548 MB/s
AES-256-CBC-enc     25 MB took 1.011 seconds,   24.718 MB/s
AES-256-CBC-dec     25 MB took 1.077 seconds,   23.222 MB/s
AES-128-GCM-enc     25 MB took 1.052 seconds,   23.773 MB/s
AES-128-GCM-dec     25 MB took 1.066 seconds,   23.461 MB/s
AES-192-GCM-enc     25 MB took 1.181 seconds,   21.163 MB/s
AES-192-GCM-dec     25 MB took 1.182 seconds,   21.153 MB/s
AES-256-GCM-enc     20 MB took 1.016 seconds,   19.677 MB/s
AES-256-GCM-dec     20 MB took 1.027 seconds,   19.471 MB/s
GMAC Table 4-bit    68 MB took 1.005 seconds,   67.644 MB/s
RABBIT              90 MB took 1.001 seconds,   89.898 MB/s
3DES                10 MB took 1.092 seconds,    9.155 MB/s
MD5                295 MB took 1.001 seconds,  294.806 MB/s
SHA                130 MB took 1.037 seconds,  125.366 MB/s
SHA-256             35 MB took 1.146 seconds,   30.542 MB/s
HMAC-MD5           295 MB took 1.010 seconds,  292.091 MB/s
HMAC-SHA           130 MB took 1.037 seconds,  125.364 MB/s
HMAC-SHA256         35 MB took 1.139 seconds,   30.728 MB/s
PBKDF2               4 KB took 1.003 seconds,    3.706 KB/s
RSA     2048 public       1400 ops took 1.035 sec, avg 0.739 ms, 1353.148 ops/sec
RSA     2048 private       100 ops took 3.843 sec, avg 38.426 ms, 26.024 ops/sec
DH      2048 key gen        64 ops took 1.001 sec, avg 15.648 ms, 63.906 ops/sec
DH      2048 agree         100 ops took 1.563 sec, avg 15.629 ms, 63.984 ops/sec
ECC   [      SECP256R1]   256 key gen      1387 ops took 1.000 sec, avg 0.721 ms, 1386.623 ops/sec
ECDHE [      SECP256R1]   256 agree        1000 ops took 1.107 sec, avg 1.107 ms, 903.147 ops/sec
ECDSA [      SECP256R1]   256 sign         1200 ops took 1.013 sec, avg 0.844 ms, 1184.418 ops/sec
ECDSA [      SECP256R1]   256 verify        900 ops took 1.060 sec, avg 1.177 ms, 849.275 ops/sec
Benchmark complete
[SGXSan] ALWAYS: Enter enc_wolfSSL_CTX_set_cipher_list
[SGXSan] ALWAYS: Enter enc_wolfSSL_Debugging_OFF
[SGXSan] ALWAYS: Enter enc_wolfSSL_set_fd
[SGXSan] ALWAYS: Enter enc_wolfSSL_CTX_use_certificate_buffer
[SGXSan] ALWAYS: Enter enc_wolfSSL_CTX_new
[SGXSan] ALWAYS: Enter enc_wolfSSL_get_error
[SGXSan] ALWAYS: Enter enc_wolfSSL_CTX_use_certificate_chain_buffer_format
[SGXSan] ALWAYS: Enter wc_test
------------------------------------------------------------------------------
 wolfSSL version 5.1.0
------------------------------------------------------------------------------
error    test passed!
MEMORY   test passed!
base64   test passed!
asn      test passed!
RANDOM   test passed!
MD5      test passed!
MD4      test passed!
SHA      test passed!
SHA-256  test passed!
Hash     test passed!
HMAC-MD5 test passed!
HMAC-SHA test passed!
HMAC-SHA256 test passed!
GMAC     test passed!
HC-128   test passed!
Rabbit   test passed!
DES      test passed!
DES3     test passed!
AES      test passed!
AES192   test passed!
AES256   test passed!
AES-GCM  test passed!
RSA      test passed!
DH       test passed!
DSA      test passed!
PWDBASED test passed!
ECC      test passed!
ECC buffer test passed!
logging  test passed!
mutex    test passed!
memcb    test failed!
 error = -13803
[SGXSan] ALWAYS: Enter enc_wolfSSL_new
[SGXSan] ALWAYS: Enter enc_wolfSSL_write
[SGXSan] ALWAYS: Enter enc_wolfSSL_Cleanup
[SGXSan] ALWAYS: Enter enc_wolfSSL_CTX_free
[SGXSan] ALWAYS: Enter enc_wolfSSL_connect
[SGXSan] ALWAYS: Enter enc_wolfSSL_CTX_use_PrivateKey_buffer
[SGXSan] ALWAYS: Enter enc_wolfSSL_Init
[SGXSan] ALWAYS: Enter enc_wolfSSL_free
[SGXSan] ALWAYS: Enter enc_wolfTLSv1_2_server_method
[SGXSan] ALWAYS: Enter enc_wolfSSL_CTX_load_verify_buffer
[SGXSan] ALWAYS: Enter enc_wolfSSL_Debugging_ON
[SGXSan] ALWAYS: Enter enc_wolfTLSv1_2_client_method
[SGXSan] ALWAYS: Enter enc_wolfSSL_read
[SGXSan] ALWAYS: Enter wc_benchmark_test
------------------------------------------------------------------------------
 wolfSSL version 5.1.0
------------------------------------------------------------------------------
wolfCrypt Benchmark (block bytes 1048576, min 1.0 sec each)
RNG                 15 MB took 1.152 seconds,   13.021 MB/s
AES-128-CBC-enc     35 MB took 1.107 seconds,   31.614 MB/s
AES-128-CBC-dec     30 MB took 1.016 seconds,   29.523 MB/s
AES-192-CBC-enc     30 MB took 1.107 seconds,   27.091 MB/s
AES-192-CBC-dec     30 MB took 1.184 seconds,   25.337 MB/s
AES-256-CBC-enc     25 MB took 1.018 seconds,   24.549 MB/s
AES-256-CBC-dec     25 MB took 1.082 seconds,   23.100 MB/s
AES-128-GCM-enc     25 MB took 1.049 seconds,   23.842 MB/s
AES-128-GCM-dec     25 MB took 1.049 seconds,   23.835 MB/s
AES-192-GCM-enc     25 MB took 1.188 seconds,   21.051 MB/s
AES-192-GCM-dec     25 MB took 1.178 seconds,   21.215 MB/s
AES-256-GCM-enc     20 MB took 1.018 seconds,   19.650 MB/s
AES-256-GCM-dec     20 MB took 1.018 seconds,   19.656 MB/s
GMAC Table 4-bit    68 MB took 1.014 seconds,   67.053 MB/s
RABBIT              90 MB took 1.001 seconds,   89.882 MB/s
3DES                10 MB took 1.092 seconds,    9.157 MB/s
MD5                300 MB took 1.009 seconds,  297.250 MB/s
SHA                130 MB took 1.024 seconds,  126.912 MB/s
SHA-256             35 MB took 1.151 seconds,   30.410 MB/s
HMAC-MD5           295 MB took 1.005 seconds,  293.677 MB/s
HMAC-SHA           125 MB took 1.000 seconds,  124.946 MB/s
HMAC-SHA256         35 MB took 1.136 seconds,   30.804 MB/s
PBKDF2               4 KB took 1.002 seconds,    3.713 KB/s
RSA     2048 public       1400 ops took 1.025 sec, avg 0.732 ms, 1366.439 ops/sec
RSA     2048 private       100 ops took 3.680 sec, avg 36.796 ms, 27.177 ops/sec
DH      2048 key gen        65 ops took 1.012 sec, avg 15.577 ms, 64.198 ops/sec
DH      2048 agree         100 ops took 1.563 sec, avg 15.631 ms, 63.977 ops/sec
ECC   [      SECP256R1]   256 key gen      1389 ops took 1.000 sec, avg 0.720 ms, 1388.543 ops/sec
ECDHE [      SECP256R1]   256 agree        1000 ops took 1.103 sec, avg 1.103 ms, 906.316 ops/sec
ECDSA [      SECP256R1]   256 sign         1300 ops took 1.082 sec, avg 0.832 ms, 1201.446 ops/sec
ECDSA [      SECP256R1]   256 verify        900 ops took 1.052 sec, avg 1.169 ms, 855.752 ops/sec
Benchmark complete
[SGXSan] ALWAYS: Enter enc_wolfSSL_CTX_set_cipher_list
[SGXSan] ALWAYS: Enter enc_wolfSSL_Debugging_OFF
[SGXSan] ALWAYS: Enter enc_wolfSSL_set_fd
[SGXSan] ALWAYS: Enter enc_wolfSSL_CTX_use_certificate_buffer
[SGXSan] ALWAYS: Enter enc_wolfSSL_CTX_new
[SGXSan] ALWAYS: Enter enc_wolfSSL_get_error
[SGXSan] ALWAYS: Enter enc_wolfSSL_CTX_use_certificate_chain_buffer_format
#8	pulse  cov: 6289 ft: 6289 corp: 1/361Kb lim: 1000000 exec/s: 0 rss: 85Mb
[SGXSan] ALWAYS: Enter wc_test
------------------------------------------------------------------------------
 wolfSSL version 5.1.0
------------------------------------------------------------------------------
error    test passed!
MEMORY   test passed!
base64   test passed!
asn      test passed!
RANDOM   test passed!
MD5      test passed!
MD4      test passed!
SHA      test passed!
SHA-256  test passed!
Hash     test passed!
HMAC-MD5 test passed!
HMAC-SHA test passed!
HMAC-SHA256 test passed!
GMAC     test passed!
HC-128   test passed!
Rabbit   test passed!
DES      test passed!
DES3     test passed!
AES      test passed!
AES192   test passed!
AES256   test passed!
AES-GCM  test passed!
RSA      test passed!
DH       test passed!
DSA      test passed!
PWDBASED test passed!
ECC      test passed!
ECC buffer test passed!
logging  test passed!
mutex    test passed!
memcb    test failed!
 error = -13803
[SGXSan] ALWAYS: Enter enc_wolfSSL_new
[SGXSan] ALWAYS: Enter enc_wolfSSL_write
[SGXSan] ALWAYS: Enter enc_wolfSSL_Cleanup
[SGXSan] ALWAYS: Enter enc_wolfSSL_CTX_free
[SGXSan] ALWAYS: Enter enc_wolfSSL_connect
[SGXSan] ALWAYS: Enter enc_wolfSSL_CTX_use_PrivateKey_buffer
[SGXSan] ALWAYS: Enter enc_wolfSSL_Init
[SGXSan] ALWAYS: Enter enc_wolfSSL_free
[SGXSan] ALWAYS: Enter enc_wolfTLSv1_2_server_method
[SGXSan] ALWAYS: Enter enc_wolfSSL_CTX_load_verify_buffer
[SGXSan] ALWAYS: Enter enc_wolfSSL_Debugging_ON
[SGXSan] ALWAYS: Enter enc_wolfTLSv1_2_client_method
[SGXSan] ALWAYS: Enter enc_wolfSSL_read
[SGXSan] ALWAYS: Enter wc_benchmark_test
------------------------------------------------------------------------------
 wolfSSL version 5.1.0
------------------------------------------------------------------------------
wolfCrypt Benchmark (block bytes 1048576, min 1.0 sec each)
RNG                 15 MB took 1.157 seconds,   12.962 MB/s
AES-128-CBC-enc     35 MB took 1.111 seconds,   31.512 MB/s
AES-128-CBC-dec     30 MB took 1.009 seconds,   29.721 MB/s
AES-192-CBC-enc     30 MB took 1.127 seconds,   26.625 MB/s
AES-192-CBC-dec     30 MB took 1.167 seconds,   25.717 MB/s
AES-256-CBC-enc     25 MB took 1.025 seconds,   24.387 MB/s
AES-256-CBC-dec     25 MB took 1.087 seconds,   22.993 MB/s
AES-128-GCM-enc     25 MB took 1.051 seconds,   23.789 MB/s
AES-128-GCM-dec     25 MB took 1.067 seconds,   23.424 MB/s
AES-192-GCM-enc     25 MB took 1.180 seconds,   21.195 MB/s
AES-192-GCM-dec     25 MB took 1.176 seconds,   21.256 MB/s
AES-256-GCM-enc     20 MB took 1.022 seconds,   19.569 MB/s
AES-256-GCM-dec     20 MB took 1.018 seconds,   19.655 MB/s
GMAC Table 4-bit    62 MB took 1.008 seconds,   61.528 MB/s
RABBIT              95 MB took 1.048 seconds,   90.619 MB/s
3DES                10 MB took 1.092 seconds,    9.159 MB/s
MD5                295 MB took 1.004 seconds,  293.834 MB/s
SHA                130 MB took 1.028 seconds,  126.492 MB/s
SHA-256             35 MB took 1.141 seconds,   30.674 MB/s
HMAC-MD5           300 MB took 1.012 seconds,  296.553 MB/s
HMAC-SHA           130 MB took 1.038 seconds,  125.231 MB/s
HMAC-SHA256         35 MB took 1.137 seconds,   30.789 MB/s
PBKDF2               4 KB took 1.000 seconds,    3.717 KB/s
RSA     2048 public       1400 ops took 1.017 sec, avg 0.726 ms, 1376.733 ops/sec
RSA     2048 private       100 ops took 6.028 sec, avg 60.282 ms, 16.589 ops/sec
DH      2048 key gen        64 ops took 1.002 sec, avg 15.663 ms, 63.846 ops/sec
DH      2048 agree         100 ops took 1.557 sec, avg 15.573 ms, 64.214 ops/sec
ECC   [      SECP256R1]   256 key gen      1412 ops took 1.000 sec, avg 0.708 ms, 1411.990 ops/sec
ECDHE [      SECP256R1]   256 agree        1000 ops took 1.202 sec, avg 1.202 ms, 831.725 ops/sec
ECDSA [      SECP256R1]   256 sign          800 ops took 1.109 sec, avg 1.386 ms, 721.602 ops/sec
ECDSA [      SECP256R1]   256 verify        500 ops took 1.079 sec, avg 2.158 ms, 463.332 ops/sec
Benchmark complete
[SGXSan] ALWAYS: Enter enc_wolfSSL_CTX_set_cipher_list
[SGXSan] ALWAYS: Enter enc_wolfSSL_Debugging_OFF
[SGXSan] ALWAYS: Enter enc_wolfSSL_set_fd
[SGXSan] ALWAYS: Enter enc_wolfSSL_CTX_use_certificate_buffer
[SGXSan] ALWAYS: Enter enc_wolfSSL_CTX_new
[SGXSan] ALWAYS: Enter enc_wolfSSL_get_error
[SGXSan] ALWAYS: Enter enc_wolfSSL_CTX_use_certificate_chain_buffer_format
[SGXSan] ALWAYS: Enter enc_wolfSSL_CTX_free
[SGXSan] ALWAYS: Enter enc_wolfSSL_write
[SGXSan] ALWAYS: Enter enc_wolfSSL_CTX_use_PrivateKey_buffer
[SGXSan] ALWAYS: Enter enc_wolfSSL_connect
[SGXSan] ALWAYS: Enter enc_wolfSSL_Cleanup
[SGXSan] ALWAYS: Enter enc_wolfSSL_CTX_use_certificate_chain_buffer_format
[SGXSan] ALWAYS: Enter enc_wolfSSL_set_fd
[SGXSan] ALWAYS: Enter enc_wolfSSL_free
[SGXSan] ALWAYS: Enter enc_wolfSSL_CTX_new
[SGXSan] ALWAYS: Enter enc_wolfSSL_Debugging_OFF
[SGXSan] ALWAYS: Enter enc_wolfSSL_CTX_load_verify_buffer
[SGXSan] ALWAYS: Enter enc_wolfSSL_CTX_use_certificate_buffer
[SGXSan] ALWAYS: Enter enc_wolfSSL_Debugging_ON
[SGXSan] ALWAYS: Enter wc_benchmark_test
------------------------------------------------------------------------------
 wolfSSL version 5.1.0
------------------------------------------------------------------------------
wolfCrypt Benchmark (block bytes 1048576, min 1.0 sec each)
RNG                 10 MB took 1.314 seconds,    7.611 MB/s
AES-128-CBC-enc     20 MB took 1.128 seconds,   17.723 MB/s
AES-128-CBC-dec     30 MB took 1.021 seconds,   29.391 MB/s
AES-192-CBC-enc     30 MB took 1.113 seconds,   26.944 MB/s
AES-192-CBC-dec     30 MB took 1.170 seconds,   25.631 MB/s
AES-256-CBC-enc     25 MB took 1.008 seconds,   24.809 MB/s
AES-256-CBC-dec     25 MB took 1.097 seconds,   22.797 MB/s
AES-128-GCM-enc     25 MB took 1.045 seconds,   23.929 MB/s
AES-128-GCM-dec     25 MB took 1.057 seconds,   23.652 MB/s
AES-192-GCM-enc     25 MB took 1.184 seconds,   21.122 MB/s
AES-192-GCM-dec     25 MB took 1.178 seconds,   21.214 MB/s
AES-256-GCM-enc     20 MB took 1.038 seconds,   19.272 MB/s
AES-256-GCM-dec     20 MB took 1.015 seconds,   19.704 MB/s
GMAC Table 4-bit    68 MB took 1.003 seconds,   67.815 MB/s
RABBIT              95 MB took 1.052 seconds,   90.293 MB/s
3DES                10 MB took 1.091 seconds,    9.168 MB/s
MD5                290 MB took 1.003 seconds,  289.164 MB/s
SHA                130 MB took 1.036 seconds,  125.543 MB/s
SHA-256             35 MB took 1.138 seconds,   30.754 MB/s
HMAC-MD5           295 MB took 1.001 seconds,  294.628 MB/s
HMAC-SHA           130 MB took 1.031 seconds,  126.062 MB/s
HMAC-SHA256         35 MB took 1.153 seconds,   30.346 MB/s
PBKDF2               4 KB took 1.003 seconds,    3.709 KB/s
RSA     2048 public       1400 ops took 1.017 sec, avg 0.727 ms, 1376.443 ops/sec
RSA     2048 private       100 ops took 3.686 sec, avg 36.856 ms, 27.133 ops/sec
DH      2048 key gen        65 ops took 1.012 sec, avg 15.563 ms, 64.254 ops/sec
DH      2048 agree         100 ops took 1.559 sec, avg 15.585 ms, 64.164 ops/sec
ECC   [      SECP256R1]   256 key gen      1383 ops took 1.000 sec, avg 0.723 ms, 1382.450 ops/sec
ECDHE [      SECP256R1]   256 agree         900 ops took 1.001 sec, avg 1.113 ms, 898.695 ops/sec
ECDSA [      SECP256R1]   256 sign         1200 ops took 1.017 sec, avg 0.848 ms, 1179.812 ops/sec
ECDSA [      SECP256R1]   256 verify        900 ops took 1.057 sec, avg 1.175 ms, 851.251 ops/sec
Benchmark complete
[SGXSan] ALWAYS: Enter enc_wolfTLSv1_2_client_method
[SGXSan] ALWAYS: Enter enc_wolfSSL_read
[SGXSan] ALWAYS: Enter wc_test
------------------------------------------------------------------------------
 wolfSSL version 5.1.0
------------------------------------------------------------------------------
error    test passed!
MEMORY   test passed!
base64   test passed!
asn      test passed!
RANDOM   test passed!
MD5      test passed!
MD4      test passed!
SHA      test passed!
SHA-256  test passed!
Hash     test passed!
HMAC-MD5 test passed!
HMAC-SHA test passed!
HMAC-SHA256 test passed!
GMAC     test passed!
HC-128   test passed!
Rabbit   test passed!
DES      test passed!
DES3     test passed!
AES      test passed!
AES192   test passed!
AES256   test passed!
AES-GCM  test passed!
RSA      test passed!
DH       test passed!
DSA      test passed!
PWDBASED test passed!
ECC      test passed!
ECC buffer test passed!
logging  test passed!
mutex    test passed!
memcb    test failed!
 error = -13803
[SGXSan] ALWAYS: Enter enc_wolfSSL_Init
[SGXSan] ALWAYS: Enter enc_wolfSSL_get_error
[SGXSan] ALWAYS: Enter enc_wolfSSL_CTX_set_cipher_list
[SGXSan] ALWAYS: Enter enc_wolfSSL_new
[SGXSan] ALWAYS: Enter enc_wolfTLSv1_2_server_method
#10	DONE   cov: 6289 ft: 6289 corp: 1/361Kb lim: 1000000 exec/s: 0 rss: 96Mb
Done 10 runs in 424 second(s)
stat::number_of_executed_units: 10
stat::average_exec_per_sec:     0
stat::new_units_added:          0
stat::slowest_unit_time_sec:    42
stat::peak_rss_mb:              96
