WARNING: Failed to find function "__sanitizer_acquire_crash_state".
WARNING: Failed to find function "__sanitizer_print_stack_trace".
WARNING: Failed to find function "__sanitizer_set_death_callback".
[2023-01-15 20:11:15.759] [Init] Num of ECall: 22
[2023-01-15 20:11:15.759] ECalls:
  0 - fuzz_enc_wolfSSL_CTX_free
  1 - fuzz_enc_wolfSSL_CTX_load_verify_buffer
  2 - fuzz_enc_wolfSSL_CTX_new
  3 - fuzz_enc_wolfSSL_CTX_set_cipher_list
  4 - fuzz_enc_wolfSSL_CTX_use_PrivateKey_buffer
  5 - fuzz_enc_wolfSSL_CTX_use_certificate_buffer
  6 - fuzz_enc_wolfSSL_CTX_use_certificate_chain_buffer_format
  7 - fuzz_enc_wolfSSL_Cleanup
  8 - fuzz_enc_wolfSSL_Debugging_OFF
  9 - fuzz_enc_wolfSSL_Debugging_ON
  10 - fuzz_enc_wolfSSL_Init
  11 - fuzz_enc_wolfSSL_connect
  12 - fuzz_enc_wolfSSL_free
  13 - fuzz_enc_wolfSSL_get_error
  14 - fuzz_enc_wolfSSL_new
  15 - fuzz_enc_wolfSSL_read
  16 - fuzz_enc_wolfSSL_set_fd
  17 - fuzz_enc_wolfSSL_write
  18 - fuzz_enc_wolfTLSv1_2_client_method
  19 - fuzz_enc_wolfTLSv1_2_server_method
  20 - fuzz_wc_benchmark_test
  21 - fuzz_wc_test

INFO: found LLVMFuzzerCustomMutator (0x44ac30). Disabling -len_control by default.
INFO: libFuzzer ignores flags that start with '--'
INFO: Running with entropic power schedule (0xFF, 100).
INFO: Seed: 1697834977
INFO: Loaded 1 modules   (291 inline 8-bit counters): 291 [0x4cb7e8, 0x4cb90b), 
INFO: Loaded 1 PC tables (291 PCs): 291 [0x4cb910,0x4ccb40), 
INFO:        0 files found in /tmp/libFuzzerTemp.FuzzWithFork422940.dir/C224
[SGXSan] ALWAYS: Hook __sanitizer_cov_8bit_counters_init of Enclave, 21636 inline 8-bit counts [0x7fe7d0c3c9c0, 0x7fe7d0c41e44) (First time)
[SGXSan] ALWAYS: Hook __sanitizer_cov_pcs_init of Enclave, 21636 PCs [0x7fe7d0c41e48, 0x7fe7d0c96688) (First time)
[SGXSan] ALWAYS: Enter enc_wolfSSL_CTX_free
[SGXSan] ALWAYS: Enter enc_wolfSSL_CTX_load_verify_buffer
[SGXSan] ALWAYS: Enter enc_wolfSSL_CTX_new
[SGXSan] ALWAYS: Enter enc_wolfSSL_CTX_set_cipher_list
[SGXSan] ALWAYS: Enter enc_wolfSSL_CTX_use_PrivateKey_buffer
[SGXSan] ALWAYS: Enter enc_wolfSSL_CTX_use_certificate_buffer
[SGXSan] ALWAYS: Enter enc_wolfSSL_CTX_use_certificate_chain_buffer_format
[SGXSan] ALWAYS: Enter enc_wolfSSL_Cleanup
[SGXSan] ALWAYS: Enter enc_wolfSSL_Debugging_OFF
[SGXSan] ALWAYS: Enter enc_wolfSSL_Debugging_ON
[SGXSan] ALWAYS: Enter enc_wolfSSL_Init
[SGXSan] ALWAYS: Enter enc_wolfSSL_connect
[SGXSan] ALWAYS: Enter enc_wolfSSL_free
[SGXSan] ALWAYS: Enter enc_wolfSSL_get_error
[SGXSan] ALWAYS: Enter enc_wolfSSL_new
[SGXSan] ALWAYS: Enter enc_wolfSSL_read
[SGXSan] ALWAYS: Enter enc_wolfSSL_set_fd
[SGXSan] ALWAYS: Enter enc_wolfSSL_write
[SGXSan] ALWAYS: Enter enc_wolfTLSv1_2_client_method
[SGXSan] ALWAYS: Enter enc_wolfTLSv1_2_server_method
[SGXSan] ALWAYS: Enter wc_benchmark_test
------------------------------------------------------------------------------
 wolfSSL version 5.1.0
------------------------------------------------------------------------------
wolfCrypt Benchmark (block bytes 1048576, min 1.0 sec each)
RNG                 15 MB took 1.190 seconds,   12.604 MB/s
AES-128-CBC-enc     35 MB took 1.091 seconds,   32.094 MB/s
AES-128-CBC-dec     30 MB took 1.002 seconds,   29.927 MB/s
AES-192-CBC-enc     30 MB took 1.074 seconds,   27.933 MB/s
AES-192-CBC-dec     30 MB took 1.153 seconds,   26.018 MB/s
AES-256-CBC-enc     25 MB took 1.030 seconds,   24.261 MB/s
AES-256-CBC-dec     25 MB took 1.067 seconds,   23.439 MB/s
AES-128-GCM-enc     25 MB took 1.079 seconds,   23.172 MB/s
AES-128-GCM-dec     25 MB took 1.052 seconds,   23.766 MB/s
AES-192-GCM-enc     25 MB took 1.169 seconds,   21.389 MB/s
AES-192-GCM-dec     25 MB took 1.178 seconds,   21.231 MB/s
AES-256-GCM-enc     20 MB took 1.015 seconds,   19.695 MB/s
AES-256-GCM-dec     20 MB took 1.017 seconds,   19.667 MB/s
GMAC Table 4-bit    69 MB took 1.013 seconds,   68.099 MB/s
RABBIT              90 MB took 1.012 seconds,   88.937 MB/s
3DES                10 MB took 1.088 seconds,    9.193 MB/s
MD5                305 MB took 1.007 seconds,  302.966 MB/s
SHA                130 MB took 1.012 seconds,  128.420 MB/s
SHA-256             35 MB took 1.128 seconds,   31.028 MB/s
HMAC-MD5           300 MB took 1.001 seconds,  299.602 MB/s
HMAC-SHA           130 MB took 1.007 seconds,  129.050 MB/s
HMAC-SHA256         35 MB took 1.137 seconds,   30.771 MB/s
PBKDF2               4 KB took 1.008 seconds,    3.782 KB/s
RSA     2048 public       1400 ops took 1.002 sec, avg 0.716 ms, 1397.238 ops/sec
RSA     2048 private       100 ops took 3.661 sec, avg 36.606 ms, 27.318 ops/sec
DH      2048 key gen        66 ops took 1.012 sec, avg 15.331 ms, 65.225 ops/sec
DH      2048 agree         100 ops took 1.550 sec, avg 15.499 ms, 64.522 ops/sec
ECC   [      SECP256R1]   256 key gen      1414 ops took 1.000 sec, avg 0.707 ms, 1413.668 ops/sec
ECDHE [      SECP256R1]   256 agree        1000 ops took 1.086 sec, avg 1.086 ms, 920.434 ops/sec
ECDSA [      SECP256R1]   256 sign         1300 ops took 1.068 sec, avg 0.821 ms, 1217.633 ops/sec
ECDSA [      SECP256R1]   256 verify        900 ops took 1.027 sec, avg 1.142 ms, 875.970 ops/sec
Benchmark complete
[SGXSan] ALWAYS: Enter wc_test
INFO: seed corpus: files: 4 min: 370191b max: 390122b total: 1500695b rss: 43Mb
------------------------------------------------------------------------------
 wolfSSL version 5.1.0
------------------------------------------------------------------------------
error    test passed!
MEMORY   test passed!
base64   test passed!
asn      test passed!
RANDOM   test passed!
MD5      test passed!
MD4      test passed!
SHA      test passed!
SHA-256  test passed!
Hash     test passed!
HMAC-MD5 test passed!
HMAC-SHA test passed!
HMAC-SHA256 test passed!
GMAC     test passed!
HC-128   test passed!
Rabbit   test passed!
DES      test passed!
DES3     test passed!
AES      test passed!
AES192   test passed!
AES256   test passed!
AES-GCM  test passed!
RSA      test passed!
DH       test passed!
DSA      test passed!
PWDBASED test passed!
ECC      test passed!
ECC buffer test passed!
logging  test passed!
mutex    test passed!
memcb    test passed!
Test complete
[SGXSan] ALWAYS: Enter enc_wolfSSL_new
[SGXSan] ALWAYS: Enter wc_test
------------------------------------------------------------------------------
 wolfSSL version 5.1.0
------------------------------------------------------------------------------
error    test passed!
MEMORY   test passed!
base64   test passed!
asn      test passed!
RANDOM   test passed!
MD5      test passed!
MD4      test passed!
SHA      test passed!
SHA-256  test passed!
Hash     test passed!
HMAC-MD5 test passed!
HMAC-SHA test passed!
HMAC-SHA256 test passed!
GMAC     test passed!
HC-128   test passed!
Rabbit   test passed!
DES      test passed!
DES3     test passed!
AES      test passed!
AES192   test passed!
AES256   test passed!
AES-GCM  test passed!
RSA      test passed!
DH       test passed!
DSA      test passed!
PWDBASED test passed!
ECC      test passed!
ECC buffer test passed!
logging  test passed!
mutex    test passed!
memcb    test failed!
 error = -13803
[SGXSan] ALWAYS: Enter enc_wolfSSL_CTX_use_certificate_chain_buffer_format
[SGXSan] ALWAYS: Enter enc_wolfSSL_write
[SGXSan] ALWAYS: Enter enc_wolfSSL_get_error
[SGXSan] ALWAYS: Enter enc_wolfSSL_CTX_load_verify_buffer
[SGXSan] ALWAYS: Enter enc_wolfSSL_CTX_use_PrivateKey_buffer
[SGXSan] ALWAYS: Enter enc_wolfSSL_CTX_use_certificate_buffer
[SGXSan] ALWAYS: Enter enc_wolfTLSv1_2_server_method
[SGXSan] ALWAYS: Enter enc_wolfSSL_Debugging_ON
[SGXSan] ALWAYS: Enter enc_wolfSSL_CTX_new
[SGXSan] ALWAYS: Enter enc_wolfSSL_Cleanup
[SGXSan] ALWAYS: Enter enc_wolfSSL_connect
[SGXSan] ALWAYS: Enter wc_benchmark_test
------------------------------------------------------------------------------
 wolfSSL version 5.1.0
------------------------------------------------------------------------------
wolfCrypt Benchmark (block bytes 1048576, min 1.0 sec each)
RNG                 15 MB took 1.134 seconds,   13.222 MB/s
AES-128-CBC-enc     35 MB took 1.049 seconds,   33.357 MB/s
AES-128-CBC-dec     35 MB took 1.138 seconds,   30.753 MB/s
AES-192-CBC-enc     30 MB took 1.055 seconds,   28.429 MB/s
AES-192-CBC-dec     30 MB took 1.132 seconds,   26.512 MB/s
AES-256-CBC-enc     30 MB took 1.179 seconds,   25.452 MB/s
AES-256-CBC-dec     25 MB took 1.037 seconds,   24.098 MB/s
AES-128-GCM-enc     25 MB took 1.054 seconds,   23.718 MB/s
AES-128-GCM-dec     25 MB took 1.042 seconds,   24.000 MB/s
AES-192-GCM-enc     25 MB took 1.173 seconds,   21.306 MB/s
AES-192-GCM-dec     25 MB took 1.164 seconds,   21.474 MB/s
AES-256-GCM-enc     20 MB took 1.017 seconds,   19.672 MB/s
AES-256-GCM-dec     20 MB took 1.032 seconds,   19.383 MB/s
GMAC Table 4-bit    68 MB took 1.004 seconds,   67.736 MB/s
RABBIT              95 MB took 1.046 seconds,   90.826 MB/s
3DES                10 MB took 1.088 seconds,    9.193 MB/s
MD5                300 MB took 1.001 seconds,  299.626 MB/s
SHA                130 MB took 1.015 seconds,  128.111 MB/s
SHA-256             35 MB took 1.140 seconds,   30.715 MB/s
HMAC-MD5           305 MB took 1.013 seconds,  301.031 MB/s
HMAC-SHA           130 MB took 1.020 seconds,  127.465 MB/s
HMAC-SHA256         35 MB took 1.140 seconds,   30.702 MB/s
PBKDF2               4 KB took 1.004 seconds,    3.798 KB/s
RSA     2048 public       1400 ops took 1.004 sec, avg 0.717 ms, 1394.183 ops/sec
RSA     2048 private       100 ops took 3.627 sec, avg 36.266 ms, 27.574 ops/sec
DH      2048 key gen        65 ops took 1.004 sec, avg 15.439 ms, 64.769 ops/sec
DH      2048 agree         100 ops took 1.557 sec, avg 15.571 ms, 64.222 ops/sec
ECC   [      SECP256R1]   256 key gen      1418 ops took 1.001 sec, avg 0.706 ms, 1417.043 ops/sec
ECDHE [      SECP256R1]   256 agree        1000 ops took 1.096 sec, avg 1.096 ms, 912.323 ops/sec
ECDSA [      SECP256R1]   256 sign         1300 ops took 1.076 sec, avg 0.827 ms, 1208.548 ops/sec
ECDSA [      SECP256R1]   256 verify        900 ops took 1.042 sec, avg 1.157 ms, 864.015 ops/sec
Benchmark complete
[SGXSan] ALWAYS: Enter enc_wolfSSL_free
[SGXSan] ALWAYS: Enter enc_wolfSSL_set_fd
[SGXSan] ALWAYS: Enter enc_wolfTLSv1_2_client_method
[SGXSan] ALWAYS: Enter enc_wolfSSL_Init
[SGXSan] ALWAYS: Enter enc_wolfSSL_CTX_set_cipher_list
[SGXSan] ALWAYS: Enter enc_wolfSSL_Debugging_OFF
[SGXSan] ALWAYS: Enter enc_wolfSSL_read
[SGXSan] ALWAYS: Enter enc_wolfSSL_CTX_free
#2	pulse  ft: 6295 exec/s: 0 rss: 49Mb
Slowest unit: 42 s:
artifact_prefix='./crashes/'; Test unit written to ./crashes/slow-unit-ddd80d5e9861e976679df15b45e797151fd301fa
[SGXSan] ALWAYS: Enter enc_wolfSSL_CTX_load_verify_buffer
[SGXSan] ALWAYS: Enter enc_wolfSSL_CTX_new
[SGXSan] ALWAYS: Enter enc_wolfSSL_CTX_free
[SGXSan] ALWAYS: Enter enc_wolfSSL_Debugging_ON
[SGXSan] ALWAYS: Enter wc_benchmark_test
------------------------------------------------------------------------------
 wolfSSL version 5.1.0
------------------------------------------------------------------------------
wolfCrypt Benchmark (block bytes 1048576, min 1.0 sec each)
RNG                 15 MB took 1.128 seconds,   13.294 MB/s
AES-128-CBC-enc     35 MB took 1.054 seconds,   33.214 MB/s
AES-128-CBC-dec     35 MB took 1.156 seconds,   30.281 MB/s
AES-192-CBC-enc     30 MB took 1.055 seconds,   28.428 MB/s
AES-192-CBC-dec     30 MB took 1.127 seconds,   26.617 MB/s
AES-256-CBC-enc     30 MB took 1.168 seconds,   25.675 MB/s
AES-256-CBC-dec     25 MB took 1.047 seconds,   23.869 MB/s
AES-128-GCM-enc     25 MB took 1.048 seconds,   23.860 MB/s
AES-128-GCM-dec     25 MB took 1.049 seconds,   23.835 MB/s
AES-192-GCM-enc     25 MB took 1.167 seconds,   21.415 MB/s
AES-192-GCM-dec     25 MB took 1.163 seconds,   21.495 MB/s
AES-256-GCM-enc     20 MB took 1.020 seconds,   19.599 MB/s
AES-256-GCM-dec     20 MB took 1.006 seconds,   19.876 MB/s
GMAC Table 4-bit    69 MB took 1.014 seconds,   68.065 MB/s
RABBIT              95 MB took 1.038 seconds,   91.502 MB/s
3DES                10 MB took 1.077 seconds,    9.283 MB/s
MD5                305 MB took 1.013 seconds,  300.988 MB/s
SHA                130 MB took 1.008 seconds,  128.930 MB/s
SHA-256             35 MB took 1.136 seconds,   30.801 MB/s
HMAC-MD5           310 MB took 1.016 seconds,  305.120 MB/s
HMAC-SHA           130 MB took 1.008 seconds,  128.998 MB/s
HMAC-SHA256         35 MB took 1.143 seconds,   30.610 MB/s
PBKDF2               4 KB took 1.006 seconds,    3.757 KB/s
RSA     2048 public       1400 ops took 1.006 sec, avg 0.718 ms, 1392.287 ops/sec
RSA     2048 private       100 ops took 3.628 sec, avg 36.276 ms, 27.566 ops/sec
DH      2048 key gen        65 ops took 1.005 sec, avg 15.459 ms, 64.686 ops/sec
DH      2048 agree         100 ops took 1.535 sec, avg 15.353 ms, 65.135 ops/sec
ECC   [      SECP256R1]   256 key gen      1389 ops took 1.001 sec, avg 0.720 ms, 1388.106 ops/sec
ECDHE [      SECP256R1]   256 agree        1000 ops took 1.086 sec, avg 1.086 ms, 920.844 ops/sec
ECDSA [      SECP256R1]   256 sign         1200 ops took 1.004 sec, avg 0.837 ms, 1195.294 ops/sec
ECDSA [      SECP256R1]   256 verify        900 ops took 1.024 sec, avg 1.138 ms, 879.025 ops/sec
Benchmark complete
[SGXSan] ALWAYS: Enter enc_wolfTLSv1_2_server_method
[SGXSan] ALWAYS: Enter enc_wolfSSL_Debugging_OFF
[SGXSan] ALWAYS: Enter enc_wolfSSL_set_fd
[SGXSan] ALWAYS: Enter enc_wolfSSL_free
[SGXSan] ALWAYS: Enter enc_wolfSSL_Init
[SGXSan] ALWAYS: Enter enc_wolfTLSv1_2_client_method
[SGXSan] ALWAYS: Enter enc_wolfSSL_CTX_use_certificate_buffer
[SGXSan] ALWAYS: Enter enc_wolfSSL_Cleanup
[SGXSan] ALWAYS: Enter enc_wolfSSL_CTX_use_certificate_chain_buffer_format
[SGXSan] ALWAYS: Enter enc_wolfSSL_CTX_set_cipher_list
[SGXSan] ALWAYS: Enter enc_wolfSSL_get_error
[SGXSan] ALWAYS: Enter enc_wolfSSL_new
[SGXSan] ALWAYS: Enter enc_wolfSSL_read
[SGXSan] ALWAYS: Enter enc_wolfSSL_connect
[SGXSan] ALWAYS: Enter enc_wolfSSL_write
[SGXSan] ALWAYS: Enter enc_wolfSSL_CTX_use_PrivateKey_buffer
[SGXSan] ALWAYS: Enter wc_test
------------------------------------------------------------------------------
 wolfSSL version 5.1.0
------------------------------------------------------------------------------
error    test passed!
MEMORY   test passed!
base64   test passed!
asn      test passed!
RANDOM   test passed!
MD5      test passed!
MD4      test passed!
SHA      test passed!
SHA-256  test passed!
Hash     test passed!
HMAC-MD5 test passed!
HMAC-SHA test passed!
HMAC-SHA256 test passed!
GMAC     test passed!
HC-128   test passed!
Rabbit   test passed!
DES      test passed!
DES3     test passed!
AES      test passed!
AES192   test passed!
AES256   test passed!
AES-GCM  test passed!
RSA      test passed!
DH       test passed!
DSA      test passed!
PWDBASED test passed!
ECC      test passed!
ECC buffer test passed!
logging  test passed!
mutex    test passed!
memcb    test failed!
 error = -13803
[SGXSan] ALWAYS: Enter enc_wolfSSL_connect
[SGXSan] ALWAYS: Enter enc_wolfSSL_new
[SGXSan] ALWAYS: Enter enc_wolfSSL_CTX_new
[SGXSan] ALWAYS: Enter enc_wolfSSL_CTX_free
[SGXSan] ALWAYS: Enter enc_wolfSSL_write
[SGXSan] ALWAYS: Enter enc_wolfSSL_CTX_load_verify_buffer
[SGXSan] ALWAYS: Enter enc_wolfSSL_CTX_use_PrivateKey_buffer
[SGXSan] ALWAYS: Enter enc_wolfTLSv1_2_client_method
[SGXSan] ALWAYS: Enter wc_benchmark_test
------------------------------------------------------------------------------
 wolfSSL version 5.1.0
------------------------------------------------------------------------------
wolfCrypt Benchmark (block bytes 1048576, min 1.0 sec each)
RNG                 15 MB took 1.144 seconds,   13.112 MB/s
AES-128-CBC-enc     35 MB took 1.052 seconds,   33.280 MB/s
AES-128-CBC-dec     35 MB took 1.156 seconds,   30.280 MB/s
AES-192-CBC-enc     30 MB took 1.072 seconds,   27.996 MB/s
AES-192-CBC-dec     30 MB took 1.140 seconds,   26.318 MB/s
AES-256-CBC-enc     25 MB took 1.007 seconds,   24.817 MB/s
AES-256-CBC-dec     25 MB took 1.045 seconds,   23.930 MB/s
AES-128-GCM-enc     25 MB took 1.074 seconds,   23.272 MB/s
AES-128-GCM-dec     25 MB took 1.058 seconds,   23.634 MB/s
AES-192-GCM-enc     25 MB took 1.190 seconds,   21.005 MB/s
AES-192-GCM-dec     25 MB took 1.205 seconds,   20.746 MB/s
AES-256-GCM-enc     20 MB took 1.029 seconds,   19.431 MB/s
AES-256-GCM-dec     20 MB took 1.037 seconds,   19.281 MB/s
GMAC Table 4-bit    68 MB took 1.006 seconds,   67.614 MB/s
RABBIT              90 MB took 1.002 seconds,   89.816 MB/s
3DES                10 MB took 1.112 seconds,    8.991 MB/s
MD5                295 MB took 1.007 seconds,  293.079 MB/s
SHA                130 MB took 1.039 seconds,  125.147 MB/s
SHA-256             35 MB took 1.155 seconds,   30.316 MB/s
HMAC-MD5           300 MB took 1.003 seconds,  299.128 MB/s
HMAC-SHA           130 MB took 1.030 seconds,  126.239 MB/s
HMAC-SHA256         30 MB took 1.005 seconds,   29.837 MB/s
PBKDF2               4 KB took 1.000 seconds,    3.718 KB/s
RSA     2048 public       1400 ops took 1.033 sec, avg 0.738 ms, 1355.642 ops/sec
RSA     2048 private       100 ops took 3.737 sec, avg 37.365 ms, 26.763 ops/sec
DH      2048 key gen        63 ops took 1.010 sec, avg 16.030 ms, 62.383 ops/sec
DH      2048 agree         100 ops took 1.596 sec, avg 15.964 ms, 62.640 ops/sec
ECC   [      SECP256R1]   256 key gen      1373 ops took 1.000 sec, avg 0.729 ms, 1372.613 ops/sec
ECDHE [      SECP256R1]   256 agree         900 ops took 1.009 sec, avg 1.122 ms, 891.663 ops/sec
ECDSA [      SECP256R1]   256 sign         1200 ops took 1.041 sec, avg 0.867 ms, 1152.960 ops/sec
ECDSA [      SECP256R1]   256 verify        900 ops took 1.067 sec, avg 1.186 ms, 843.190 ops/sec
Benchmark complete
[SGXSan] ALWAYS: Enter enc_wolfSSL_CTX_set_cipher_list
[SGXSan] ALWAYS: Enter enc_wolfSSL_get_error
[SGXSan] ALWAYS: Enter enc_wolfSSL_Init
[SGXSan] ALWAYS: Enter enc_wolfSSL_free
[SGXSan] ALWAYS: Enter wc_test
------------------------------------------------------------------------------
 wolfSSL version 5.1.0
------------------------------------------------------------------------------
error    test passed!
MEMORY   test passed!
base64   test passed!
asn      test passed!
RANDOM   test passed!
MD5      test passed!
MD4      test passed!
SHA      test passed!
SHA-256  test passed!
Hash     test passed!
HMAC-MD5 test passed!
HMAC-SHA test passed!
HMAC-SHA256 test passed!
GMAC     test passed!
HC-128   test passed!
Rabbit   test passed!
DES      test passed!
DES3     test passed!
AES      test passed!
AES192   test passed!
AES256   test passed!
AES-GCM  test passed!
RSA      test passed!
DH       test passed!
DSA      test passed!
PWDBASED test passed!
ECC      test passed!
ECC buffer test passed!
logging  test passed!
mutex    test passed!
memcb    test failed!
 error = -13803
[SGXSan] ALWAYS: Enter enc_wolfSSL_Debugging_ON
[SGXSan] ALWAYS: Enter enc_wolfSSL_read
[SGXSan] ALWAYS: Enter enc_wolfSSL_Debugging_OFF
[SGXSan] ALWAYS: Enter enc_wolfTLSv1_2_server_method
[SGXSan] ALWAYS: Enter enc_wolfSSL_set_fd
[SGXSan] ALWAYS: Enter enc_wolfSSL_CTX_use_certificate_buffer
[SGXSan] ALWAYS: Enter enc_wolfSSL_CTX_use_certificate_chain_buffer_format
[SGXSan] ALWAYS: Enter enc_wolfSSL_Cleanup
#4	pulse  cov: 6296 ft: 6302 corp: 2/723Kb exec/s: 0 rss: 64Mb
[SGXSan] ALWAYS: Enter enc_wolfSSL_read
[SGXSan] ALWAYS: Enter enc_wolfSSL_CTX_free
[SGXSan] ALWAYS: Enter wc_benchmark_test
------------------------------------------------------------------------------
 wolfSSL version 5.1.0
------------------------------------------------------------------------------
wolfCrypt Benchmark (block bytes 1048576, min 1.0 sec each)
RNG                 10 MB took 1.304 seconds,    7.669 MB/s
AES-128-CBC-enc     25 MB took 1.002 seconds,   24.948 MB/s
AES-128-CBC-dec     35 MB took 1.163 seconds,   30.101 MB/s
AES-192-CBC-enc     30 MB took 1.061 seconds,   28.271 MB/s
AES-192-CBC-dec     30 MB took 1.149 seconds,   26.105 MB/s
AES-256-CBC-enc     25 MB took 1.016 seconds,   24.604 MB/s
AES-256-CBC-dec     25 MB took 1.071 seconds,   23.349 MB/s
AES-128-GCM-enc     25 MB took 1.066 seconds,   23.449 MB/s
AES-128-GCM-dec     25 MB took 1.056 seconds,   23.680 MB/s
AES-192-GCM-enc     25 MB took 1.190 seconds,   21.001 MB/s
AES-192-GCM-dec     25 MB took 1.202 seconds,   20.790 MB/s
AES-256-GCM-enc     20 MB took 1.028 seconds,   19.454 MB/s
AES-256-GCM-dec     20 MB took 1.034 seconds,   19.341 MB/s
GMAC Table 4-bit    68 MB took 1.003 seconds,   67.795 MB/s
RABBIT              90 MB took 1.011 seconds,   89.031 MB/s
3DES                10 MB took 1.125 seconds,    8.886 MB/s
MD5                295 MB took 1.003 seconds,  294.187 MB/s
SHA                125 MB took 1.005 seconds,  124.364 MB/s
SHA-256             35 MB took 1.165 seconds,   30.055 MB/s
HMAC-MD5           300 MB took 1.004 seconds,  298.837 MB/s
HMAC-SHA           130 MB took 1.033 seconds,  125.888 MB/s
HMAC-SHA256         30 MB took 1.020 seconds,   29.423 MB/s
PBKDF2               4 KB took 1.005 seconds,    3.702 KB/s
RSA     2048 public       1400 ops took 1.036 sec, avg 0.740 ms, 1351.449 ops/sec
RSA     2048 private       100 ops took 3.722 sec, avg 37.224 ms, 26.864 ops/sec
DH      2048 key gen        63 ops took 1.005 sec, avg 15.954 ms, 62.680 ops/sec
DH      2048 agree         100 ops took 1.600 sec, avg 15.998 ms, 62.509 ops/sec
ECC   [      SECP256R1]   256 key gen      1366 ops took 1.000 sec, avg 0.732 ms, 1365.737 ops/sec
ECDHE [      SECP256R1]   256 agree         900 ops took 1.017 sec, avg 1.130 ms, 884.624 ops/sec
ECDSA [      SECP256R1]   256 sign         1200 ops took 1.025 sec, avg 0.854 ms, 1171.082 ops/sec
ECDSA [      SECP256R1]   256 verify        900 ops took 1.076 sec, avg 1.195 ms, 836.471 ops/sec
Benchmark complete
[SGXSan] ALWAYS: Enter enc_wolfSSL_CTX_use_certificate_chain_buffer_format
[SGXSan] ALWAYS: Enter enc_wolfSSL_write
[SGXSan] ALWAYS: Enter enc_wolfSSL_CTX_use_certificate_buffer
[SGXSan] ALWAYS: Enter wc_test
------------------------------------------------------------------------------
 wolfSSL version 5.1.0
------------------------------------------------------------------------------
error    test passed!
MEMORY   test passed!
base64   test passed!
asn      test passed!
RANDOM   test passed!
MD5      test passed!
MD4      test passed!
SHA      test passed!
SHA-256  test passed!
Hash     test passed!
HMAC-MD5 test passed!
HMAC-SHA test passed!
HMAC-SHA256 test passed!
GMAC     test passed!
HC-128   test passed!
Rabbit   test passed!
DES      test passed!
DES3     test passed!
AES      test passed!
AES192   test passed!
AES256   test passed!
AES-GCM  test passed!
RSA      test passed!
DH       test passed!
DSA      test passed!
PWDBASED test passed!
ECC      test passed!
ECC buffer test passed!
logging  test passed!
mutex    test passed!
memcb    test failed!
 error = -13803
[SGXSan] ALWAYS: Enter enc_wolfSSL_Cleanup
[SGXSan] ALWAYS: Enter enc_wolfTLSv1_2_server_method
[SGXSan] ALWAYS: Enter enc_wolfSSL_new
[SGXSan] ALWAYS: Enter enc_wolfSSL_Init
[SGXSan] ALWAYS: Enter enc_wolfSSL_CTX_use_PrivateKey_buffer
[SGXSan] ALWAYS: Enter enc_wolfSSL_get_error
[SGXSan] ALWAYS: Enter enc_wolfTLSv1_2_client_method
[SGXSan] ALWAYS: Enter enc_wolfSSL_connect
[SGXSan] ALWAYS: Enter enc_wolfSSL_CTX_load_verify_buffer
[SGXSan] ALWAYS: Enter enc_wolfSSL_Debugging_ON
[SGXSan] ALWAYS: Enter enc_wolfSSL_Debugging_OFF
[SGXSan] ALWAYS: Enter enc_wolfSSL_CTX_set_cipher_list
[SGXSan] ALWAYS: Enter enc_wolfSSL_set_fd
[SGXSan] ALWAYS: Enter enc_wolfSSL_free
[SGXSan] ALWAYS: Enter enc_wolfSSL_CTX_new
#5	INITED cov: 6298 ft: 6303 corp: 4/1465Kb exec/s: 0 rss: 71Mb
[SGXSan] ALWAYS: Enter enc_wolfSSL_write
[SGXSan] ALWAYS: Enter wc_test
------------------------------------------------------------------------------
 wolfSSL version 5.1.0
------------------------------------------------------------------------------
error    test passed!
MEMORY   test passed!
base64   test passed!
asn      test passed!
RANDOM   test passed!
MD5      test passed!
MD4      test passed!
SHA      test passed!
SHA-256  test passed!
Hash     test passed!
HMAC-MD5 test passed!
HMAC-SHA test passed!
HMAC-SHA256 test passed!
GMAC     test passed!
HC-128   test passed!
Rabbit   test passed!
DES      test passed!
DES3     test passed!
AES      test passed!
AES192   test passed!
AES256   test passed!
AES-GCM  test passed!
RSA      test passed!
DH       test passed!
DSA      test passed!
PWDBASED test passed!
ECC      test passed!
ECC buffer test passed!
logging  test passed!
mutex    test passed!
memcb    test failed!
 error = -13803
[SGXSan] ALWAYS: Enter enc_wolfSSL_CTX_free
[SGXSan] ALWAYS: Enter enc_wolfSSL_CTX_load_verify_buffer
[SGXSan] ALWAYS: Enter enc_wolfSSL_free
[SGXSan] ALWAYS: Enter enc_wolfSSL_get_error
[SGXSan] ALWAYS: Enter enc_wolfSSL_Cleanup
[SGXSan] ALWAYS: Enter enc_wolfSSL_CTX_use_PrivateKey_buffer
[SGXSan] ALWAYS: Enter wc_benchmark_test
------------------------------------------------------------------------------
 wolfSSL version 5.1.0
------------------------------------------------------------------------------
wolfCrypt Benchmark (block bytes 1048576, min 1.0 sec each)
RNG                 15 MB took 1.156 seconds,   12.980 MB/s
AES-128-CBC-enc     35 MB took 1.098 seconds,   31.878 MB/s
AES-128-CBC-dec     30 MB took 1.072 seconds,   27.987 MB/s
AES-192-CBC-enc     30 MB took 1.090 seconds,   27.535 MB/s
AES-192-CBC-dec     25 MB took 1.016 seconds,   24.611 MB/s
AES-256-CBC-enc     25 MB took 1.002 seconds,   24.945 MB/s
AES-256-CBC-dec     25 MB took 1.060 seconds,   23.585 MB/s
AES-128-GCM-enc     25 MB took 1.088 seconds,   22.986 MB/s
AES-128-GCM-dec     25 MB took 1.070 seconds,   23.368 MB/s
AES-192-GCM-enc     25 MB took 1.217 seconds,   20.542 MB/s
AES-192-GCM-dec     25 MB took 1.202 seconds,   20.790 MB/s
AES-256-GCM-enc     20 MB took 1.069 seconds,   18.705 MB/s
AES-256-GCM-dec     20 MB took 1.085 seconds,   18.430 MB/s
GMAC Table 4-bit    67 MB took 1.004 seconds,   66.705 MB/s
RABBIT              90 MB took 1.015 seconds,   88.685 MB/s
3DES                10 MB took 1.110 seconds,    9.012 MB/s
MD5                300 MB took 1.016 seconds,  295.345 MB/s
SHA                125 MB took 1.018 seconds,  122.824 MB/s
SHA-256             30 MB took 1.013 seconds,   29.602 MB/s
HMAC-MD5           290 MB took 1.003 seconds,  289.169 MB/s
HMAC-SHA           130 MB took 1.038 seconds,  125.234 MB/s
HMAC-SHA256         35 MB took 1.163 seconds,   30.097 MB/s
PBKDF2               4 KB took 1.003 seconds,    3.675 KB/s
RSA     2048 public       1400 ops took 1.035 sec, avg 0.739 ms, 1352.913 ops/sec
RSA     2048 private       100 ops took 3.755 sec, avg 37.548 ms, 26.633 ops/sec
DH      2048 key gen        63 ops took 1.013 sec, avg 16.084 ms, 62.175 ops/sec
DH      2048 agree         100 ops took 1.596 sec, avg 15.957 ms, 62.668 ops/sec
ECC   [      SECP256R1]   256 key gen      1356 ops took 1.001 sec, avg 0.738 ms, 1355.171 ops/sec
ECDHE [      SECP256R1]   256 agree         900 ops took 1.021 sec, avg 1.135 ms, 881.273 ops/sec
ECDSA [      SECP256R1]   256 sign         1200 ops took 1.031 sec, avg 0.859 ms, 1164.197 ops/sec
ECDSA [      SECP256R1]   256 verify        900 ops took 1.081 sec, avg 1.201 ms, 832.568 ops/sec
Benchmark complete
[SGXSan] ALWAYS: Enter enc_wolfSSL_Debugging_OFF
[SGXSan] ALWAYS: Enter enc_wolfSSL_CTX_use_certificate_chain_buffer_format
[SGXSan] ALWAYS: Enter enc_wolfSSL_CTX_use_certificate_buffer
[SGXSan] ALWAYS: Enter enc_wolfSSL_CTX_new
[SGXSan] ALWAYS: Enter enc_wolfSSL_Debugging_ON
[SGXSan] ALWAYS: Enter enc_wolfSSL_Init
[SGXSan] ALWAYS: Enter enc_wolfSSL_read
[SGXSan] ALWAYS: Enter enc_wolfSSL_new
[SGXSan] ALWAYS: Enter enc_wolfSSL_CTX_set_cipher_list
[SGXSan] ALWAYS: Enter enc_wolfSSL_set_fd
[SGXSan] ALWAYS: Enter enc_wolfTLSv1_2_server_method
[SGXSan] ALWAYS: Enter enc_wolfTLSv1_2_client_method
[SGXSan] ALWAYS: Enter enc_wolfSSL_connect
[SGXSan] ALWAYS: Enter enc_wolfSSL_write
[SGXSan] ALWAYS: Enter wc_test
------------------------------------------------------------------------------
 wolfSSL version 5.1.0
------------------------------------------------------------------------------
error    test passed!
MEMORY   test passed!
base64   test passed!
asn      test passed!
RANDOM   test passed!
MD5      test passed!
MD4      test passed!
SHA      test passed!
SHA-256  test passed!
Hash     test passed!
HMAC-MD5 test passed!
HMAC-SHA test passed!
HMAC-SHA256 test passed!
GMAC     test passed!
HC-128   test passed!
Rabbit   test passed!
DES      test passed!
DES3     test passed!
AES      test passed!
AES192   test passed!
AES256   test passed!
AES-GCM  test passed!
RSA      test passed!
DH       test passed!
DSA      test passed!
PWDBASED test passed!
ECC      test passed!
ECC buffer test passed!
logging  test passed!
mutex    test passed!
memcb    test failed!
 error = -13803
[SGXSan] ALWAYS: Enter enc_wolfSSL_CTX_free
[SGXSan] ALWAYS: Enter enc_wolfSSL_CTX_load_verify_buffer
[SGXSan] ALWAYS: Enter enc_wolfSSL_free
[SGXSan] ALWAYS: Enter enc_wolfSSL_get_error
[SGXSan] ALWAYS: Enter enc_wolfSSL_Cleanup
[SGXSan] ALWAYS: Enter enc_wolfSSL_CTX_use_PrivateKey_buffer
[SGXSan] ALWAYS: Enter wc_benchmark_test
------------------------------------------------------------------------------
 wolfSSL version 5.1.0
------------------------------------------------------------------------------
wolfCrypt Benchmark (block bytes 1048576, min 1.0 sec each)
RNG                 15 MB took 1.167 seconds,   12.852 MB/s
AES-128-CBC-enc     35 MB took 1.087 seconds,   32.187 MB/s
AES-128-CBC-dec     35 MB took 1.161 seconds,   30.142 MB/s
AES-192-CBC-enc     30 MB took 1.082 seconds,   27.729 MB/s
AES-192-CBC-dec     30 MB took 1.167 seconds,   25.715 MB/s
AES-256-CBC-enc     25 MB took 1.004 seconds,   24.901 MB/s
AES-256-CBC-dec     25 MB took 1.066 seconds,   23.442 MB/s
AES-128-GCM-enc     25 MB took 1.076 seconds,   23.241 MB/s
AES-128-GCM-dec     25 MB took 1.076 seconds,   23.238 MB/s
AES-192-GCM-enc     25 MB took 1.210 seconds,   20.661 MB/s
AES-192-GCM-dec     25 MB took 1.193 seconds,   20.960 MB/s
AES-256-GCM-enc     20 MB took 1.039 seconds,   19.241 MB/s
AES-256-GCM-dec     20 MB took 1.038 seconds,   19.267 MB/s
GMAC Table 4-bit    68 MB took 1.005 seconds,   67.676 MB/s
RABBIT              90 MB took 1.034 seconds,   87.030 MB/s
3DES                10 MB took 1.107 seconds,    9.035 MB/s
MD5                300 MB took 1.015 seconds,  295.509 MB/s
SHA                125 MB took 1.001 seconds,  124.920 MB/s
SHA-256             35 MB took 1.166 seconds,   30.022 MB/s
HMAC-MD5           300 MB took 1.015 seconds,  295.643 MB/s
HMAC-SHA           125 MB took 1.005 seconds,  124.354 MB/s
HMAC-SHA256         35 MB took 1.164 seconds,   30.060 MB/s
PBKDF2               4 KB took 1.001 seconds,    3.717 KB/s
RSA     2048 public       1400 ops took 1.035 sec, avg 0.739 ms, 1352.484 ops/sec
RSA     2048 private       100 ops took 3.765 sec, avg 37.649 ms, 26.561 ops/sec
DH      2048 key gen        63 ops took 1.012 sec, avg 16.065 ms, 62.247 ops/sec
DH      2048 agree         100 ops took 1.586 sec, avg 15.863 ms, 63.040 ops/sec
ECC   [      SECP256R1]   256 key gen      1346 ops took 1.000 sec, avg 0.743 ms, 1345.630 ops/sec
ECDHE [      SECP256R1]   256 agree         900 ops took 1.027 sec, avg 1.141 ms, 876.743 ops/sec
ECDSA [      SECP256R1]   256 sign         1200 ops took 1.035 sec, avg 0.863 ms, 1158.931 ops/sec
ECDSA [      SECP256R1]   256 verify        900 ops took 1.078 sec, avg 1.198 ms, 834.678 ops/sec
Benchmark complete
[SGXSan] ALWAYS: Enter enc_wolfSSL_Debugging_OFF
[SGXSan] ALWAYS: Enter enc_wolfSSL_CTX_use_certificate_chain_buffer_format
[SGXSan] ALWAYS: Enter enc_wolfSSL_CTX_use_certificate_buffer
[SGXSan] ALWAYS: Enter enc_wolfSSL_CTX_new
[SGXSan] ALWAYS: Enter enc_wolfSSL_Debugging_ON
[SGXSan] ALWAYS: Enter enc_wolfSSL_Init
[SGXSan] ALWAYS: Enter enc_wolfSSL_read
[SGXSan] ALWAYS: Enter enc_wolfSSL_new
[SGXSan] ALWAYS: Enter enc_wolfSSL_CTX_set_cipher_list
[SGXSan] ALWAYS: Enter enc_wolfSSL_set_fd
[SGXSan] ALWAYS: Enter enc_wolfTLSv1_2_server_method
[SGXSan] ALWAYS: Enter enc_wolfTLSv1_2_client_method
[SGXSan] ALWAYS: Enter enc_wolfSSL_connect
[SGXSan] ALWAYS: Enter wc_benchmark_test
------------------------------------------------------------------------------
 wolfSSL version 5.1.0
------------------------------------------------------------------------------
wolfCrypt Benchmark (block bytes 1048576, min 1.0 sec each)
RNG                 15 MB took 1.160 seconds,   12.933 MB/s
AES-128-CBC-enc     35 MB took 1.092 seconds,   32.050 MB/s
AES-128-CBC-dec     30 MB took 1.003 seconds,   29.924 MB/s
AES-192-CBC-enc     30 MB took 1.078 seconds,   27.839 MB/s
AES-192-CBC-dec     30 MB took 1.144 seconds,   26.234 MB/s
AES-256-CBC-enc     30 MB took 1.198 seconds,   25.036 MB/s
AES-256-CBC-dec     25 MB took 1.070 seconds,   23.356 MB/s
AES-128-GCM-enc     25 MB took 1.063 seconds,   23.525 MB/s
AES-128-GCM-dec     25 MB took 1.066 seconds,   23.452 MB/s
AES-192-GCM-enc     25 MB took 1.190 seconds,   21.008 MB/s
AES-192-GCM-dec     25 MB took 1.190 seconds,   21.017 MB/s
AES-256-GCM-enc     20 MB took 1.049 seconds,   19.060 MB/s
AES-256-GCM-dec     20 MB took 1.044 seconds,   19.161 MB/s
GMAC Table 4-bit    67 MB took 1.004 seconds,   66.738 MB/s
RABBIT              90 MB took 1.015 seconds,   88.639 MB/s
3DES                10 MB took 1.105 seconds,    9.053 MB/s
MD5                300 MB took 1.014 seconds,  295.847 MB/s
SHA                125 MB took 1.006 seconds,  124.220 MB/s
SHA-256             35 MB took 1.158 seconds,   30.219 MB/s
HMAC-MD5           300 MB took 1.016 seconds,  295.322 MB/s
HMAC-SHA           130 MB took 1.026 seconds,  126.737 MB/s
HMAC-SHA256         35 MB took 1.145 seconds,   30.579 MB/s
PBKDF2               4 KB took 1.007 seconds,    3.661 KB/s
RSA     2048 public       1400 ops took 1.027 sec, avg 0.734 ms, 1363.190 ops/sec
RSA     2048 private       100 ops took 3.709 sec, avg 37.095 ms, 26.958 ops/sec
DH      2048 key gen        62 ops took 1.003 sec, avg 16.184 ms, 61.790 ops/sec
DH      2048 agree         100 ops took 1.585 sec, avg 15.852 ms, 63.082 ops/sec
ECC   [      SECP256R1]   256 key gen      1360 ops took 1.001 sec, avg 0.736 ms, 1359.100 ops/sec
ECDHE [      SECP256R1]   256 agree         900 ops took 1.004 sec, avg 1.115 ms, 896.615 ops/sec
ECDSA [      SECP256R1]   256 sign         1200 ops took 1.015 sec, avg 0.846 ms, 1182.363 ops/sec
ECDSA [      SECP256R1]   256 verify        900 ops took 1.080 sec, avg 1.200 ms, 833.117 ops/sec
Benchmark complete
[SGXSan] ALWAYS: Enter enc_wolfSSL_Debugging_OFF
[SGXSan] ALWAYS: Enter enc_wolfSSL_CTX_load_verify_buffer
[SGXSan] ALWAYS: Enter wc_test
------------------------------------------------------------------------------
 wolfSSL version 5.1.0
------------------------------------------------------------------------------
error    test passed!
MEMORY   test passed!
base64   test passed!
asn      test passed!
RANDOM   test passed!
MD5      test passed!
MD4      test passed!
SHA      test passed!
SHA-256  test passed!
Hash     test passed!
HMAC-MD5 test passed!
HMAC-SHA test passed!
HMAC-SHA256 test passed!
GMAC     test passed!
HC-128   test passed!
Rabbit   test passed!
DES      test passed!
DES3     test passed!
AES      test passed!
AES192   test passed!
AES256   test passed!
AES-GCM  test passed!
RSA      test passed!
DH       test passed!
DSA      test passed!
PWDBASED test passed!
ECC      test passed!
ECC buffer test passed!
logging  test passed!
mutex    test passed!
memcb    test failed!
 error = -13803
[SGXSan] ALWAYS: Enter enc_wolfSSL_CTX_new
[SGXSan] ALWAYS: Enter enc_wolfSSL_get_error
[SGXSan] ALWAYS: Enter enc_wolfTLSv1_2_server_method
[SGXSan] ALWAYS: Enter enc_wolfSSL_CTX_set_cipher_list
[SGXSan] ALWAYS: Enter enc_wolfSSL_read
[SGXSan] ALWAYS: Enter enc_wolfSSL_set_fd
[SGXSan] ALWAYS: Enter enc_wolfSSL_CTX_use_PrivateKey_buffer
[SGXSan] ALWAYS: Enter enc_wolfSSL_CTX_free
[SGXSan] ALWAYS: Enter enc_wolfSSL_Cleanup
[SGXSan] ALWAYS: Enter enc_wolfSSL_free
[SGXSan] ALWAYS: Enter enc_wolfSSL_new
[SGXSan] ALWAYS: Enter enc_wolfSSL_write
[SGXSan] ALWAYS: Enter enc_wolfSSL_Init
[SGXSan] ALWAYS: Enter enc_wolfSSL_connect
[SGXSan] ALWAYS: Enter enc_wolfSSL_CTX_use_certificate_buffer
[SGXSan] ALWAYS: Enter enc_wolfSSL_Debugging_ON
[SGXSan] ALWAYS: Enter enc_wolfTLSv1_2_client_method
[SGXSan] ALWAYS: Enter enc_wolfSSL_CTX_use_certificate_chain_buffer_format
#8	pulse  cov: 6298 ft: 6303 corp: 4/1465Kb lim: 1000000 exec/s: 0 rss: 87Mb
[SGXSan] ALWAYS: Enter wc_benchmark_test
------------------------------------------------------------------------------
 wolfSSL version 5.1.0
------------------------------------------------------------------------------
wolfCrypt Benchmark (block bytes 1048576, min 1.0 sec each)
RNG                 15 MB took 1.226 seconds,   12.233 MB/s
AES-128-CBC-enc     35 MB took 1.077 seconds,   32.486 MB/s
AES-128-CBC-dec     30 MB took 1.011 seconds,   29.684 MB/s
AES-192-CBC-enc     30 MB took 1.104 seconds,   27.184 MB/s
AES-192-CBC-dec     25 MB took 1.025 seconds,   24.380 MB/s
AES-256-CBC-enc     25 MB took 1.109 seconds,   22.545 MB/s
AES-256-CBC-dec     25 MB took 1.063 seconds,   23.514 MB/s
AES-128-GCM-enc     25 MB took 1.068 seconds,   23.401 MB/s
AES-128-GCM-dec     25 MB took 1.092 seconds,   22.900 MB/s
AES-192-GCM-enc     25 MB took 1.211 seconds,   20.646 MB/s
AES-192-GCM-dec     25 MB took 1.207 seconds,   20.714 MB/s
AES-256-GCM-enc     20 MB took 1.030 seconds,   19.414 MB/s
AES-256-GCM-dec     20 MB took 1.024 seconds,   19.524 MB/s
GMAC Table 4-bit    68 MB took 1.010 seconds,   67.297 MB/s
RABBIT              90 MB took 1.005 seconds,   89.514 MB/s
3DES                10 MB took 1.103 seconds,    9.063 MB/s
MD5                300 MB took 1.011 seconds,  296.766 MB/s
SHA                130 MB took 1.033 seconds,  125.814 MB/s
SHA-256             35 MB took 1.153 seconds,   30.356 MB/s
HMAC-MD5           295 MB took 1.014 seconds,  290.951 MB/s
HMAC-SHA           125 MB took 1.070 seconds,  116.810 MB/s
HMAC-SHA256         30 MB took 1.003 seconds,   29.920 MB/s
PBKDF2               4 KB took 1.004 seconds,    3.733 KB/s
RSA     2048 public       1400 ops took 1.032 sec, avg 0.737 ms, 1356.630 ops/sec
RSA     2048 private       100 ops took 3.760 sec, avg 37.603 ms, 26.594 ops/sec
DH      2048 key gen        64 ops took 1.011 sec, avg 15.796 ms, 63.309 ops/sec
DH      2048 agree         100 ops took 1.588 sec, avg 15.879 ms, 62.975 ops/sec
ECC   [      SECP256R1]   256 key gen      1384 ops took 1.000 sec, avg 0.723 ms, 1383.532 ops/sec
ECDHE [      SECP256R1]   256 agree         900 ops took 1.021 sec, avg 1.135 ms, 881.102 ops/sec
ECDSA [      SECP256R1]   256 sign         1200 ops took 1.027 sec, avg 0.856 ms, 1168.595 ops/sec
ECDSA [      SECP256R1]   256 verify        900 ops took 1.060 sec, avg 1.178 ms, 848.791 ops/sec
Benchmark complete
[SGXSan] ALWAYS: Enter enc_wolfSSL_Debugging_OFF
[SGXSan] ALWAYS: Enter enc_wolfSSL_CTX_load_verify_buffer
[SGXSan] ALWAYS: Enter wc_test
------------------------------------------------------------------------------
 wolfSSL version 5.1.0
------------------------------------------------------------------------------
error    test passed!
MEMORY   test passed!
base64   test passed!
asn      test passed!
RANDOM   test passed!
MD5      test passed!
MD4      test passed!
SHA      test passed!
SHA-256  test passed!
Hash     test passed!
HMAC-MD5 test passed!
HMAC-SHA test passed!
HMAC-SHA256 test passed!
GMAC     test passed!
HC-128   test passed!
Rabbit   test passed!
DES      test passed!
DES3     test passed!
AES      test passed!
AES192   test passed!
AES256   test passed!
AES-GCM  test passed!
RSA      test passed!
DH       test passed!
DSA      test passed!
PWDBASED test passed!
ECC      test passed!
ECC buffer test passed!
logging  test passed!
mutex    test passed!
memcb    test failed!
 error = -13803
[SGXSan] ALWAYS: Enter enc_wolfSSL_CTX_new
[SGXSan] ALWAYS: Enter enc_wolfSSL_get_error
[SGXSan] ALWAYS: Enter enc_wolfTLSv1_2_server_method
[SGXSan] ALWAYS: Enter enc_wolfSSL_CTX_set_cipher_list
[SGXSan] ALWAYS: Enter enc_wolfSSL_read
[SGXSan] ALWAYS: Enter enc_wolfSSL_set_fd
[SGXSan] ALWAYS: Enter enc_wolfSSL_CTX_use_PrivateKey_buffer
[SGXSan] ALWAYS: Enter enc_wolfSSL_CTX_free
[SGXSan] ALWAYS: Enter enc_wolfSSL_Cleanup
[SGXSan] ALWAYS: Enter enc_wolfSSL_free
[SGXSan] ALWAYS: Enter enc_wolfSSL_new
[SGXSan] ALWAYS: Enter enc_wolfSSL_write
[SGXSan] ALWAYS: Enter enc_wolfSSL_Init
[SGXSan] ALWAYS: Enter enc_wolfSSL_connect
[SGXSan] ALWAYS: Enter enc_wolfSSL_CTX_use_certificate_buffer
[SGXSan] ALWAYS: Enter enc_wolfSSL_Debugging_ON
[SGXSan] ALWAYS: Enter enc_wolfTLSv1_2_client_method
[SGXSan] ALWAYS: Enter enc_wolfSSL_CTX_use_certificate_chain_buffer_format
[SGXSan] ALWAYS: Enter wc_benchmark_test
------------------------------------------------------------------------------
 wolfSSL version 5.1.0
------------------------------------------------------------------------------
wolfCrypt Benchmark (block bytes 1048576, min 1.0 sec each)
RNG                 15 MB took 1.178 seconds,   12.732 MB/s
AES-128-CBC-enc     35 MB took 1.076 seconds,   32.520 MB/s
AES-128-CBC-dec     30 MB took 1.005 seconds,   29.860 MB/s
AES-192-CBC-enc     30 MB took 1.078 seconds,   27.818 MB/s
AES-192-CBC-dec     30 MB took 1.152 seconds,   26.047 MB/s
AES-256-CBC-enc     25 MB took 1.012 seconds,   24.702 MB/s
AES-256-CBC-dec     25 MB took 1.055 seconds,   23.694 MB/s
AES-128-GCM-enc     25 MB took 1.071 seconds,   23.343 MB/s
AES-128-GCM-dec     25 MB took 1.066 seconds,   23.442 MB/s
AES-192-GCM-enc     25 MB took 1.202 seconds,   20.791 MB/s
AES-192-GCM-dec     25 MB took 1.213 seconds,   20.611 MB/s
AES-256-GCM-enc     20 MB took 1.040 seconds,   19.236 MB/s
AES-256-GCM-dec     20 MB took 1.044 seconds,   19.164 MB/s
GMAC Table 4-bit    68 MB took 1.008 seconds,   67.479 MB/s
RABBIT              90 MB took 1.014 seconds,   88.774 MB/s
3DES                10 MB took 1.121 seconds,    8.919 MB/s
MD5                295 MB took 1.006 seconds,  293.145 MB/s
SHA                125 MB took 1.005 seconds,  124.339 MB/s
SHA-256             35 MB took 1.160 seconds,   30.180 MB/s
HMAC-MD5           300 MB took 1.016 seconds,  295.144 MB/s
HMAC-SHA           125 MB took 1.009 seconds,  123.865 MB/s
HMAC-SHA256         30 MB took 1.010 seconds,   29.714 MB/s
PBKDF2               4 KB took 1.002 seconds,    3.713 KB/s
RSA     2048 public       1400 ops took 1.027 sec, avg 0.734 ms, 1362.610 ops/sec
RSA     2048 private       100 ops took 3.779 sec, avg 37.788 ms, 26.464 ops/sec
DH      2048 key gen        62 ops took 1.012 sec, avg 16.321 ms, 61.272 ops/sec
DH      2048 agree         100 ops took 1.632 sec, avg 16.319 ms, 61.280 ops/sec
ECC   [      SECP256R1]   256 key gen      1384 ops took 1.001 sec, avg 0.723 ms, 1383.086 ops/sec
ECDHE [      SECP256R1]   256 agree         900 ops took 1.014 sec, avg 1.126 ms, 887.893 ops/sec
ECDSA [      SECP256R1]   256 sign         1200 ops took 1.017 sec, avg 0.847 ms, 1180.338 ops/sec
ECDSA [      SECP256R1]   256 verify        900 ops took 1.070 sec, avg 1.189 ms, 841.367 ops/sec
Benchmark complete
[SGXSan] ALWAYS: Enter enc_wolfSSL_Debugging_OFF
[SGXSan] ALWAYS: Enter enc_wolfSSL_CTX_load_verify_buffer
[SGXSan] ALWAYS: Enter wc_test
------------------------------------------------------------------------------
 wolfSSL version 5.1.0
------------------------------------------------------------------------------
error    test passed!
MEMORY   test passed!
base64   test passed!
asn      test passed!
RANDOM   test passed!
MD5      test passed!
MD4      test passed!
SHA      test passed!
SHA-256  test passed!
Hash     test passed!
HMAC-MD5 test passed!
HMAC-SHA test passed!
HMAC-SHA256 test passed!
GMAC     test passed!
HC-128   test passed!
Rabbit   test passed!
DES      test passed!
DES3     test passed!
AES      test passed!
AES192   test passed!
AES256   test passed!
AES-GCM  test passed!
RSA      test passed!
DH       test passed!
DSA      test passed!
PWDBASED test passed!
ECC      test passed!
ECC buffer test passed!
logging  test passed!
mutex    test passed!
memcb    test failed!
 error = -13803
[SGXSan] ALWAYS: Enter enc_wolfSSL_CTX_new
[SGXSan] ALWAYS: Enter enc_wolfSSL_get_error
[SGXSan] ALWAYS: Enter enc_wolfTLSv1_2_server_method
[SGXSan] ALWAYS: Enter enc_wolfSSL_CTX_set_cipher_list
[SGXSan] ALWAYS: Enter enc_wolfSSL_read
[SGXSan] ALWAYS: Enter enc_wolfSSL_set_fd
[SGXSan] ALWAYS: Enter enc_wolfSSL_CTX_use_PrivateKey_buffer
[SGXSan] ALWAYS: Enter enc_wolfSSL_CTX_free
[SGXSan] ALWAYS: Enter enc_wolfSSL_Cleanup
[SGXSan] ALWAYS: Enter enc_wolfSSL_free
[SGXSan] ALWAYS: Enter enc_wolfSSL_new
[SGXSan] ALWAYS: Enter enc_wolfSSL_write
[SGXSan] ALWAYS: Enter enc_wolfSSL_Init
[SGXSan] ALWAYS: Enter enc_wolfSSL_connect
[SGXSan] ALWAYS: Enter enc_wolfSSL_CTX_use_certificate_buffer
[SGXSan] ALWAYS: Enter enc_wolfSSL_Debugging_ON
[SGXSan] ALWAYS: Enter enc_wolfTLSv1_2_client_method
[SGXSan] ALWAYS: Enter enc_wolfSSL_CTX_use_certificate_chain_buffer_format
#10	DONE   cov: 6298 ft: 6303 corp: 4/1465Kb lim: 1000000 exec/s: 0 rss: 98Mb
Done 10 runs in 425 second(s)
stat::number_of_executed_units: 10
stat::average_exec_per_sec:     0
stat::new_units_added:          0
stat::slowest_unit_time_sec:    42
stat::peak_rss_mb:              98
