WARNING: Failed to find function "__sanitizer_acquire_crash_state".
WARNING: Failed to find function "__sanitizer_print_stack_trace".
WARNING: Failed to find function "__sanitizer_set_death_callback".
[2023-01-15 20:18:21.483] [Init] Num of ECall: 22
[2023-01-15 20:18:21.483] ECalls:
  0 - fuzz_enc_wolfSSL_CTX_free
  1 - fuzz_enc_wolfSSL_CTX_load_verify_buffer
  2 - fuzz_enc_wolfSSL_CTX_new
  3 - fuzz_enc_wolfSSL_CTX_set_cipher_list
  4 - fuzz_enc_wolfSSL_CTX_use_PrivateKey_buffer
  5 - fuzz_enc_wolfSSL_CTX_use_certificate_buffer
  6 - fuzz_enc_wolfSSL_CTX_use_certificate_chain_buffer_format
  7 - fuzz_enc_wolfSSL_Cleanup
  8 - fuzz_enc_wolfSSL_Debugging_OFF
  9 - fuzz_enc_wolfSSL_Debugging_ON
  10 - fuzz_enc_wolfSSL_Init
  11 - fuzz_enc_wolfSSL_connect
  12 - fuzz_enc_wolfSSL_free
  13 - fuzz_enc_wolfSSL_get_error
  14 - fuzz_enc_wolfSSL_new
  15 - fuzz_enc_wolfSSL_read
  16 - fuzz_enc_wolfSSL_set_fd
  17 - fuzz_enc_wolfSSL_write
  18 - fuzz_enc_wolfTLSv1_2_client_method
  19 - fuzz_enc_wolfTLSv1_2_server_method
  20 - fuzz_wc_benchmark_test
  21 - fuzz_wc_test

INFO: found LLVMFuzzerCustomMutator (0x44ac30). Disabling -len_control by default.
INFO: libFuzzer ignores flags that start with '--'
INFO: Running with entropic power schedule (0xFF, 100).
INFO: Seed: 2220487229
INFO: Loaded 1 modules   (291 inline 8-bit counters): 291 [0x4cb7e8, 0x4cb90b), 
INFO: Loaded 1 PC tables (291 PCs): 291 [0x4cb910,0x4ccb40), 
INFO:        0 files found in /tmp/libFuzzerTemp.FuzzWithFork422940.dir/C228
[SGXSan] ALWAYS: Hook __sanitizer_cov_8bit_counters_init of Enclave, 21636 inline 8-bit counts [0x7f57ed2a59c0, 0x7f57ed2aae44) (First time)
[SGXSan] ALWAYS: Hook __sanitizer_cov_pcs_init of Enclave, 21636 PCs [0x7f57ed2aae48, 0x7f57ed2ff688) (First time)
[SGXSan] ALWAYS: Enter enc_wolfSSL_CTX_free
[SGXSan] ALWAYS: Enter enc_wolfSSL_CTX_load_verify_buffer
[SGXSan] ALWAYS: Enter enc_wolfSSL_CTX_new
[SGXSan] ALWAYS: Enter enc_wolfSSL_CTX_set_cipher_list
[SGXSan] ALWAYS: Enter enc_wolfSSL_CTX_use_PrivateKey_buffer
[SGXSan] ALWAYS: Enter enc_wolfSSL_CTX_use_certificate_buffer
[SGXSan] ALWAYS: Enter enc_wolfSSL_CTX_use_certificate_chain_buffer_format
[SGXSan] ALWAYS: Enter enc_wolfSSL_Cleanup
[SGXSan] ALWAYS: Enter enc_wolfSSL_Debugging_OFF
[SGXSan] ALWAYS: Enter enc_wolfSSL_Debugging_ON
[SGXSan] ALWAYS: Enter enc_wolfSSL_Init
[SGXSan] ALWAYS: Enter enc_wolfSSL_connect
[SGXSan] ALWAYS: Enter enc_wolfSSL_free
[SGXSan] ALWAYS: Enter enc_wolfSSL_get_error
[SGXSan] ALWAYS: Enter enc_wolfSSL_new
[SGXSan] ALWAYS: Enter enc_wolfSSL_read
[SGXSan] ALWAYS: Enter enc_wolfSSL_set_fd
[SGXSan] ALWAYS: Enter enc_wolfSSL_write
[SGXSan] ALWAYS: Enter enc_wolfTLSv1_2_client_method
[SGXSan] ALWAYS: Enter enc_wolfTLSv1_2_server_method
[SGXSan] ALWAYS: Enter wc_benchmark_test
------------------------------------------------------------------------------
 wolfSSL version 5.1.0
------------------------------------------------------------------------------
wolfCrypt Benchmark (block bytes 1048576, min 1.0 sec each)
RNG                 15 MB took 1.161 seconds,   12.915 MB/s
AES-128-CBC-enc     35 MB took 1.081 seconds,   32.373 MB/s
AES-128-CBC-dec     30 MB took 1.001 seconds,   29.978 MB/s
AES-192-CBC-enc     30 MB took 1.105 seconds,   27.158 MB/s
AES-192-CBC-dec     30 MB took 1.142 seconds,   26.271 MB/s
AES-256-CBC-enc     30 MB took 1.193 seconds,   25.155 MB/s
AES-256-CBC-dec     25 MB took 1.060 seconds,   23.578 MB/s
AES-128-GCM-enc     25 MB took 1.082 seconds,   23.098 MB/s
AES-128-GCM-dec     25 MB took 1.068 seconds,   23.414 MB/s
AES-192-GCM-enc     25 MB took 1.195 seconds,   20.924 MB/s
AES-192-GCM-dec     25 MB took 1.200 seconds,   20.826 MB/s
AES-256-GCM-enc     20 MB took 1.047 seconds,   19.103 MB/s
AES-256-GCM-dec     20 MB took 1.041 seconds,   19.208 MB/s
GMAC Table 4-bit    67 MB took 1.010 seconds,   66.338 MB/s
RABBIT              90 MB took 1.018 seconds,   88.449 MB/s
3DES                10 MB took 1.109 seconds,    9.019 MB/s
MD5                300 MB took 1.003 seconds,  299.020 MB/s
SHA                125 MB took 1.010 seconds,  123.702 MB/s
SHA-256             35 MB took 1.158 seconds,   30.234 MB/s
HMAC-MD5           300 MB took 1.010 seconds,  296.885 MB/s
HMAC-SHA           130 MB took 1.039 seconds,  125.176 MB/s
HMAC-SHA256         35 MB took 1.159 seconds,   30.190 MB/s
PBKDF2               4 KB took 1.003 seconds,    3.646 KB/s
RSA     2048 public       1400 ops took 1.027 sec, avg 0.734 ms, 1362.546 ops/sec
RSA     2048 private       100 ops took 3.742 sec, avg 37.420 ms, 26.723 ops/sec
DH      2048 key gen        64 ops took 1.008 sec, avg 15.747 ms, 63.503 ops/sec
DH      2048 agree         100 ops took 1.590 sec, avg 15.896 ms, 62.907 ops/sec
ECC   [      SECP256R1]   256 key gen      1365 ops took 1.000 sec, avg 0.733 ms, 1364.738 ops/sec
ECDHE [      SECP256R1]   256 agree         900 ops took 1.011 sec, avg 1.123 ms, 890.238 ops/sec
ECDSA [      SECP256R1]   256 sign         1200 ops took 1.034 sec, avg 0.862 ms, 1160.168 ops/sec
ECDSA [      SECP256R1]   256 verify        900 ops took 1.056 sec, avg 1.173 ms, 852.158 ops/sec
Benchmark complete
[SGXSan] ALWAYS: Enter wc_test
INFO: seed corpus: files: 4 min: 370191b max: 390122b total: 1500695b rss: 43Mb
------------------------------------------------------------------------------
 wolfSSL version 5.1.0
------------------------------------------------------------------------------
error    test passed!
MEMORY   test passed!
base64   test passed!
asn      test passed!
RANDOM   test passed!
MD5      test passed!
MD4      test passed!
SHA      test passed!
SHA-256  test passed!
Hash     test passed!
HMAC-MD5 test passed!
HMAC-SHA test passed!
HMAC-SHA256 test passed!
GMAC     test passed!
HC-128   test passed!
Rabbit   test passed!
DES      test passed!
DES3     test passed!
AES      test passed!
AES192   test passed!
AES256   test passed!
AES-GCM  test passed!
RSA      test passed!
DH       test passed!
DSA      test passed!
PWDBASED test passed!
ECC      test passed!
ECC buffer test passed!
logging  test passed!
mutex    test passed!
memcb    test passed!
Test complete
[SGXSan] ALWAYS: Enter enc_wolfSSL_connect
[SGXSan] ALWAYS: Enter enc_wolfSSL_new
[SGXSan] ALWAYS: Enter enc_wolfSSL_CTX_new
[SGXSan] ALWAYS: Enter enc_wolfSSL_CTX_free
[SGXSan] ALWAYS: Enter enc_wolfSSL_write
[SGXSan] ALWAYS: Enter enc_wolfSSL_CTX_load_verify_buffer
[SGXSan] ALWAYS: Enter enc_wolfSSL_CTX_use_PrivateKey_buffer
[SGXSan] ALWAYS: Enter enc_wolfTLSv1_2_client_method
[SGXSan] ALWAYS: Enter wc_benchmark_test
------------------------------------------------------------------------------
 wolfSSL version 5.1.0
------------------------------------------------------------------------------
wolfCrypt Benchmark (block bytes 1048576, min 1.0 sec each)
RNG                 15 MB took 1.154 seconds,   12.994 MB/s
AES-128-CBC-enc     35 MB took 1.070 seconds,   32.707 MB/s
AES-128-CBC-dec     30 MB took 1.002 seconds,   29.941 MB/s
AES-192-CBC-enc     30 MB took 1.091 seconds,   27.491 MB/s
AES-192-CBC-dec     30 MB took 1.154 seconds,   25.997 MB/s
AES-256-CBC-enc     25 MB took 1.006 seconds,   24.846 MB/s
AES-256-CBC-dec     25 MB took 1.067 seconds,   23.438 MB/s
AES-128-GCM-enc     25 MB took 1.073 seconds,   23.298 MB/s
AES-128-GCM-dec     25 MB took 1.076 seconds,   23.232 MB/s
AES-192-GCM-enc     25 MB took 1.202 seconds,   20.791 MB/s
AES-192-GCM-dec     25 MB took 1.214 seconds,   20.600 MB/s
AES-256-GCM-enc     20 MB took 1.039 seconds,   19.249 MB/s
AES-256-GCM-dec     20 MB took 1.043 seconds,   19.182 MB/s
GMAC Table 4-bit    68 MB took 1.014 seconds,   67.083 MB/s
RABBIT              90 MB took 1.025 seconds,   87.806 MB/s
3DES                10 MB took 1.109 seconds,    9.014 MB/s
MD5                300 MB took 1.014 seconds,  295.878 MB/s
SHA                130 MB took 1.036 seconds,  125.516 MB/s
SHA-256             35 MB took 1.162 seconds,   30.117 MB/s
HMAC-MD5           295 MB took 1.010 seconds,  292.202 MB/s
HMAC-SHA           130 MB took 1.027 seconds,  126.635 MB/s
HMAC-SHA256         35 MB took 1.141 seconds,   30.679 MB/s
PBKDF2               4 KB took 1.002 seconds,    3.772 KB/s
RSA     2048 public       1400 ops took 1.005 sec, avg 0.718 ms, 1392.701 ops/sec
RSA     2048 private       100 ops took 3.655 sec, avg 36.555 ms, 27.356 ops/sec
DH      2048 key gen        65 ops took 1.002 sec, avg 15.419 ms, 64.854 ops/sec
DH      2048 agree         100 ops took 1.564 sec, avg 15.639 ms, 63.944 ops/sec
ECC   [      SECP256R1]   256 key gen      1408 ops took 1.001 sec, avg 0.711 ms, 1406.994 ops/sec
ECDHE [      SECP256R1]   256 agree        1000 ops took 1.092 sec, avg 1.092 ms, 915.564 ops/sec
ECDSA [      SECP256R1]   256 sign         1300 ops took 1.080 sec, avg 0.831 ms, 1203.631 ops/sec
ECDSA [      SECP256R1]   256 verify        900 ops took 1.050 sec, avg 1.167 ms, 857.159 ops/sec
Benchmark complete
[SGXSan] ALWAYS: Enter enc_wolfSSL_CTX_set_cipher_list
[SGXSan] ALWAYS: Enter enc_wolfSSL_get_error
[SGXSan] ALWAYS: Enter enc_wolfSSL_Init
[SGXSan] ALWAYS: Enter enc_wolfSSL_free
[SGXSan] ALWAYS: Enter wc_test
------------------------------------------------------------------------------
 wolfSSL version 5.1.0
------------------------------------------------------------------------------
error    test passed!
MEMORY   test passed!
base64   test passed!
asn      test passed!
RANDOM   test passed!
MD5      test passed!
MD4      test passed!
SHA      test passed!
SHA-256  test passed!
Hash     test passed!
HMAC-MD5 test passed!
HMAC-SHA test passed!
HMAC-SHA256 test passed!
GMAC     test passed!
HC-128   test passed!
Rabbit   test passed!
DES      test passed!
DES3     test passed!
AES      test passed!
AES192   test passed!
AES256   test passed!
AES-GCM  test passed!
RSA      test passed!
DH       test passed!
DSA      test passed!
PWDBASED test passed!
ECC      test passed!
ECC buffer test passed!
logging  test passed!
mutex    test passed!
memcb    test failed!
 error = -13803
[SGXSan] ALWAYS: Enter enc_wolfSSL_Debugging_ON
[SGXSan] ALWAYS: Enter enc_wolfSSL_read
[SGXSan] ALWAYS: Enter enc_wolfSSL_Debugging_OFF
[SGXSan] ALWAYS: Enter enc_wolfTLSv1_2_server_method
[SGXSan] ALWAYS: Enter enc_wolfSSL_set_fd
[SGXSan] ALWAYS: Enter enc_wolfSSL_CTX_use_certificate_buffer
[SGXSan] ALWAYS: Enter enc_wolfSSL_CTX_use_certificate_chain_buffer_format
[SGXSan] ALWAYS: Enter enc_wolfSSL_Cleanup
#2	pulse  ft: 6292 exec/s: 0 rss: 49Mb
Slowest unit: 42 s:
artifact_prefix='./crashes/'; Test unit written to ./crashes/slow-unit-ac42e3697c14bc73e89856eb01e7cfa15498cb71
[SGXSan] ALWAYS: Enter enc_wolfSSL_CTX_load_verify_buffer
[SGXSan] ALWAYS: Enter enc_wolfSSL_CTX_new
[SGXSan] ALWAYS: Enter enc_wolfSSL_CTX_free
[SGXSan] ALWAYS: Enter enc_wolfSSL_Debugging_ON
[SGXSan] ALWAYS: Enter wc_benchmark_test
------------------------------------------------------------------------------
 wolfSSL version 5.1.0
------------------------------------------------------------------------------
wolfCrypt Benchmark (block bytes 1048576, min 1.0 sec each)
RNG                 15 MB took 1.140 seconds,   13.160 MB/s
AES-128-CBC-enc     35 MB took 1.056 seconds,   33.154 MB/s
AES-128-CBC-dec     35 MB took 1.144 seconds,   30.588 MB/s
AES-192-CBC-enc     30 MB took 1.064 seconds,   28.188 MB/s
AES-192-CBC-dec     30 MB took 1.128 seconds,   26.607 MB/s
AES-256-CBC-enc     30 MB took 1.175 seconds,   25.535 MB/s
AES-256-CBC-dec     25 MB took 1.038 seconds,   24.084 MB/s
AES-128-GCM-enc     25 MB took 1.051 seconds,   23.789 MB/s
AES-128-GCM-dec     25 MB took 1.060 seconds,   23.575 MB/s
AES-192-GCM-enc     25 MB took 1.176 seconds,   21.262 MB/s
AES-192-GCM-dec     25 MB took 1.173 seconds,   21.316 MB/s
AES-256-GCM-enc     20 MB took 1.012 seconds,   19.770 MB/s
AES-256-GCM-dec     20 MB took 1.028 seconds,   19.458 MB/s
GMAC Table 4-bit    69 MB took 1.010 seconds,   68.318 MB/s
RABBIT              90 MB took 1.002 seconds,   89.787 MB/s
3DES                10 MB took 1.086 seconds,    9.212 MB/s
MD5                305 MB took 1.007 seconds,  302.949 MB/s
SHA                125 MB took 1.009 seconds,  123.923 MB/s
SHA-256             35 MB took 1.140 seconds,   30.702 MB/s
HMAC-MD5           300 MB took 1.005 seconds,  298.381 MB/s
HMAC-SHA           130 MB took 1.017 seconds,  127.772 MB/s
HMAC-SHA256         35 MB took 1.134 seconds,   30.858 MB/s
PBKDF2               4 KB took 1.006 seconds,    3.728 KB/s
RSA     2048 public       1400 ops took 1.006 sec, avg 0.718 ms, 1392.251 ops/sec
RSA     2048 private       100 ops took 3.683 sec, avg 36.827 ms, 27.154 ops/sec
DH      2048 key gen        65 ops took 1.009 sec, avg 15.519 ms, 64.439 ops/sec
DH      2048 agree         100 ops took 1.548 sec, avg 15.477 ms, 64.614 ops/sec
ECC   [      SECP256R1]   256 key gen      1414 ops took 1.000 sec, avg 0.707 ms, 1413.706 ops/sec
ECDHE [      SECP256R1]   256 agree        1000 ops took 1.102 sec, avg 1.102 ms, 907.321 ops/sec
ECDSA [      SECP256R1]   256 sign         1300 ops took 1.077 sec, avg 0.829 ms, 1206.568 ops/sec
ECDSA [      SECP256R1]   256 verify        900 ops took 1.044 sec, avg 1.160 ms, 862.089 ops/sec
Benchmark complete
[SGXSan] ALWAYS: Enter enc_wolfTLSv1_2_server_method
[SGXSan] ALWAYS: Enter enc_wolfSSL_Debugging_OFF
[SGXSan] ALWAYS: Enter enc_wolfSSL_set_fd
[SGXSan] ALWAYS: Enter enc_wolfSSL_free
[SGXSan] ALWAYS: Enter enc_wolfSSL_Init
[SGXSan] ALWAYS: Enter enc_wolfTLSv1_2_client_method
[SGXSan] ALWAYS: Enter enc_wolfSSL_CTX_use_certificate_buffer
[SGXSan] ALWAYS: Enter enc_wolfSSL_Cleanup
[SGXSan] ALWAYS: Enter enc_wolfSSL_CTX_use_certificate_chain_buffer_format
[SGXSan] ALWAYS: Enter enc_wolfSSL_CTX_set_cipher_list
[SGXSan] ALWAYS: Enter enc_wolfSSL_get_error
[SGXSan] ALWAYS: Enter enc_wolfSSL_new
[SGXSan] ALWAYS: Enter enc_wolfSSL_read
[SGXSan] ALWAYS: Enter enc_wolfSSL_connect
[SGXSan] ALWAYS: Enter enc_wolfSSL_write
[SGXSan] ALWAYS: Enter enc_wolfSSL_CTX_use_PrivateKey_buffer
[SGXSan] ALWAYS: Enter wc_test
------------------------------------------------------------------------------
 wolfSSL version 5.1.0
------------------------------------------------------------------------------
error    test passed!
MEMORY   test passed!
base64   test passed!
asn      test passed!
RANDOM   test passed!
MD5      test passed!
MD4      test passed!
SHA      test passed!
SHA-256  test passed!
Hash     test passed!
HMAC-MD5 test passed!
HMAC-SHA test passed!
HMAC-SHA256 test passed!
GMAC     test passed!
HC-128   test passed!
Rabbit   test passed!
DES      test passed!
DES3     test passed!
AES      test passed!
AES192   test passed!
AES256   test passed!
AES-GCM  test passed!
RSA      test passed!
DH       test passed!
DSA      test passed!
PWDBASED test passed!
ECC      test passed!
ECC buffer test passed!
logging  test passed!
mutex    test passed!
memcb    test failed!
 error = -13803
[SGXSan] ALWAYS: Enter enc_wolfSSL_connect
[SGXSan] ALWAYS: Enter enc_wolfSSL_new
[SGXSan] ALWAYS: Enter enc_wolfSSL_CTX_new
[SGXSan] ALWAYS: Enter enc_wolfSSL_CTX_free
[SGXSan] ALWAYS: Enter enc_wolfSSL_write
[SGXSan] ALWAYS: Enter enc_wolfSSL_CTX_load_verify_buffer
[SGXSan] ALWAYS: Enter enc_wolfSSL_CTX_use_PrivateKey_buffer
[SGXSan] ALWAYS: Enter enc_wolfTLSv1_2_client_method
[SGXSan] ALWAYS: Enter wc_benchmark_test
------------------------------------------------------------------------------
 wolfSSL version 5.1.0
------------------------------------------------------------------------------
wolfCrypt Benchmark (block bytes 1048576, min 1.0 sec each)
RNG                 15 MB took 1.156 seconds,   12.978 MB/s
AES-128-CBC-enc     35 MB took 1.078 seconds,   32.464 MB/s
AES-128-CBC-dec     35 MB took 1.162 seconds,   30.110 MB/s
AES-192-CBC-enc     30 MB took 1.069 seconds,   28.053 MB/s
AES-192-CBC-dec     30 MB took 1.136 seconds,   26.402 MB/s
AES-256-CBC-enc     30 MB took 1.188 seconds,   25.262 MB/s
AES-256-CBC-dec     25 MB took 1.051 seconds,   23.786 MB/s
AES-128-GCM-enc     25 MB took 1.070 seconds,   23.373 MB/s
AES-128-GCM-dec     25 MB took 1.065 seconds,   23.477 MB/s
AES-192-GCM-enc     25 MB took 1.184 seconds,   21.111 MB/s
AES-192-GCM-dec     25 MB took 1.186 seconds,   21.083 MB/s
AES-256-GCM-enc     20 MB took 1.046 seconds,   19.119 MB/s
AES-256-GCM-dec     20 MB took 1.046 seconds,   19.113 MB/s
GMAC Table 4-bit    67 MB took 1.002 seconds,   66.837 MB/s
RABBIT              90 MB took 1.011 seconds,   89.010 MB/s
3DES                10 MB took 1.106 seconds,    9.043 MB/s
MD5                300 MB took 1.011 seconds,  296.835 MB/s
SHA                125 MB took 1.014 seconds,  123.320 MB/s
SHA-256             35 MB took 1.162 seconds,   30.116 MB/s
HMAC-MD5           295 MB took 1.002 seconds,  294.384 MB/s
HMAC-SHA           130 MB took 1.037 seconds,  125.352 MB/s
HMAC-SHA256         35 MB took 1.160 seconds,   30.167 MB/s
PBKDF2               4 KB took 1.001 seconds,    3.684 KB/s
RSA     2048 public       1400 ops took 1.040 sec, avg 0.743 ms, 1346.317 ops/sec
RSA     2048 private       100 ops took 3.826 sec, avg 38.258 ms, 26.138 ops/sec
DH      2048 key gen        60 ops took 1.005 sec, avg 16.749 ms, 59.704 ops/sec
DH      2048 agree         100 ops took 1.593 sec, avg 15.928 ms, 62.782 ops/sec
ECC   [      SECP256R1]   256 key gen      1359 ops took 1.000 sec, avg 0.736 ms, 1358.870 ops/sec
ECDHE [      SECP256R1]   256 agree         900 ops took 1.021 sec, avg 1.135 ms, 881.342 ops/sec
ECDSA [      SECP256R1]   256 sign         1200 ops took 1.020 sec, avg 0.850 ms, 1176.668 ops/sec
ECDSA [      SECP256R1]   256 verify        900 ops took 1.082 sec, avg 1.203 ms, 831.594 ops/sec
Benchmark complete
[SGXSan] ALWAYS: Enter enc_wolfSSL_CTX_set_cipher_list
[SGXSan] ALWAYS: Enter enc_wolfSSL_get_error
[SGXSan] ALWAYS: Enter enc_wolfSSL_Init
[SGXSan] ALWAYS: Enter enc_wolfSSL_free
[SGXSan] ALWAYS: Enter wc_test
------------------------------------------------------------------------------
 wolfSSL version 5.1.0
------------------------------------------------------------------------------
error    test passed!
MEMORY   test passed!
base64   test passed!
asn      test passed!
RANDOM   test passed!
MD5      test passed!
MD4      test passed!
SHA      test passed!
SHA-256  test passed!
Hash     test passed!
HMAC-MD5 test passed!
HMAC-SHA test passed!
HMAC-SHA256 test passed!
GMAC     test passed!
HC-128   test passed!
Rabbit   test passed!
DES      test passed!
DES3     test passed!
AES      test passed!
AES192   test passed!
AES256   test passed!
AES-GCM  test passed!
RSA      test passed!
DH       test passed!
DSA      test passed!
PWDBASED test passed!
ECC      test passed!
ECC buffer test passed!
logging  test passed!
mutex    test passed!
memcb    test failed!
 error = -13803
[SGXSan] ALWAYS: Enter enc_wolfSSL_Debugging_ON
[SGXSan] ALWAYS: Enter enc_wolfSSL_read
[SGXSan] ALWAYS: Enter enc_wolfSSL_Debugging_OFF
[SGXSan] ALWAYS: Enter enc_wolfTLSv1_2_server_method
[SGXSan] ALWAYS: Enter enc_wolfSSL_set_fd
[SGXSan] ALWAYS: Enter enc_wolfSSL_CTX_use_certificate_buffer
[SGXSan] ALWAYS: Enter enc_wolfSSL_CTX_use_certificate_chain_buffer_format
[SGXSan] ALWAYS: Enter enc_wolfSSL_Cleanup
#4	pulse  cov: 6293 ft: 6298 corp: 2/723Kb exec/s: 0 rss: 64Mb
[SGXSan] ALWAYS: Enter enc_wolfSSL_read
[SGXSan] ALWAYS: Enter enc_wolfSSL_CTX_free
[SGXSan] ALWAYS: Enter wc_benchmark_test
------------------------------------------------------------------------------
 wolfSSL version 5.1.0
------------------------------------------------------------------------------
wolfCrypt Benchmark (block bytes 1048576, min 1.0 sec each)
RNG                 15 MB took 1.158 seconds,   12.956 MB/s
AES-128-CBC-enc     35 MB took 1.091 seconds,   32.095 MB/s
AES-128-CBC-dec     35 MB took 1.165 seconds,   30.034 MB/s
AES-192-CBC-enc     30 MB took 1.079 seconds,   27.805 MB/s
AES-192-CBC-dec     30 MB took 1.163 seconds,   25.801 MB/s
AES-256-CBC-enc     30 MB took 1.192 seconds,   25.159 MB/s
AES-256-CBC-dec     25 MB took 1.068 seconds,   23.398 MB/s
AES-128-GCM-enc     25 MB took 1.070 seconds,   23.357 MB/s
AES-128-GCM-dec     25 MB took 1.139 seconds,   21.940 MB/s
AES-192-GCM-enc     20 MB took 1.016 seconds,   19.685 MB/s
AES-192-GCM-dec     25 MB took 1.202 seconds,   20.803 MB/s
AES-256-GCM-enc     15 MB took 1.179 seconds,   12.723 MB/s
AES-256-GCM-dec     20 MB took 1.035 seconds,   19.325 MB/s
GMAC Table 4-bit    68 MB took 1.009 seconds,   67.423 MB/s
RABBIT              90 MB took 1.026 seconds,   87.721 MB/s
3DES                10 MB took 1.086 seconds,    9.211 MB/s
MD5                305 MB took 1.009 seconds,  302.141 MB/s
SHA                130 MB took 1.017 seconds,  127.839 MB/s
SHA-256             35 MB took 1.140 seconds,   30.698 MB/s
HMAC-MD5           305 MB took 1.016 seconds,  300.053 MB/s
HMAC-SHA           130 MB took 1.025 seconds,  126.851 MB/s
HMAC-SHA256         35 MB took 1.136 seconds,   30.814 MB/s
PBKDF2               4 KB took 1.002 seconds,    3.773 KB/s
RSA     2048 public       1400 ops took 1.009 sec, avg 0.721 ms, 1387.155 ops/sec
RSA     2048 private       100 ops took 3.642 sec, avg 36.422 ms, 27.456 ops/sec
DH      2048 key gen        65 ops took 1.006 sec, avg 15.477 ms, 64.611 ops/sec
DH      2048 agree         100 ops took 1.561 sec, avg 15.612 ms, 64.054 ops/sec
ECC   [      SECP256R1]   256 key gen      1404 ops took 1.000 sec, avg 0.712 ms, 1403.812 ops/sec
ECDHE [      SECP256R1]   256 agree        1000 ops took 1.094 sec, avg 1.094 ms, 913.690 ops/sec
ECDSA [      SECP256R1]   256 sign         1300 ops took 1.080 sec, avg 0.831 ms, 1203.287 ops/sec
ECDSA [      SECP256R1]   256 verify        900 ops took 1.060 sec, avg 1.178 ms, 848.684 ops/sec
Benchmark complete
[SGXSan] ALWAYS: Enter enc_wolfSSL_CTX_use_certificate_chain_buffer_format
[SGXSan] ALWAYS: Enter enc_wolfSSL_write
[SGXSan] ALWAYS: Enter enc_wolfSSL_CTX_use_certificate_buffer
[SGXSan] ALWAYS: Enter wc_test
------------------------------------------------------------------------------
 wolfSSL version 5.1.0
------------------------------------------------------------------------------
error    test passed!
MEMORY   test passed!
base64   test passed!
asn      test passed!
RANDOM   test passed!
MD5      test passed!
MD4      test passed!
SHA      test passed!
SHA-256  test passed!
Hash     test passed!
HMAC-MD5 test passed!
HMAC-SHA test passed!
HMAC-SHA256 test passed!
GMAC     test passed!
HC-128   test passed!
Rabbit   test passed!
DES      test passed!
DES3     test passed!
AES      test passed!
AES192   test passed!
AES256   test passed!
AES-GCM  test passed!
RSA      test passed!
DH       test passed!
DSA      test passed!
PWDBASED test passed!
ECC      test passed!
ECC buffer test passed!
logging  test passed!
mutex    test passed!
memcb    test failed!
 error = -13803
[SGXSan] ALWAYS: Enter enc_wolfSSL_Cleanup
[SGXSan] ALWAYS: Enter enc_wolfTLSv1_2_server_method
[SGXSan] ALWAYS: Enter enc_wolfSSL_new
[SGXSan] ALWAYS: Enter enc_wolfSSL_Init
[SGXSan] ALWAYS: Enter enc_wolfSSL_CTX_use_PrivateKey_buffer
[SGXSan] ALWAYS: Enter enc_wolfSSL_get_error
[SGXSan] ALWAYS: Enter enc_wolfTLSv1_2_client_method
[SGXSan] ALWAYS: Enter enc_wolfSSL_connect
[SGXSan] ALWAYS: Enter enc_wolfSSL_CTX_load_verify_buffer
[SGXSan] ALWAYS: Enter enc_wolfSSL_Debugging_ON
[SGXSan] ALWAYS: Enter enc_wolfSSL_Debugging_OFF
[SGXSan] ALWAYS: Enter enc_wolfSSL_CTX_set_cipher_list
[SGXSan] ALWAYS: Enter enc_wolfSSL_set_fd
[SGXSan] ALWAYS: Enter enc_wolfSSL_free
[SGXSan] ALWAYS: Enter enc_wolfSSL_CTX_new
#5	INITED cov: 6294 ft: 6299 corp: 3/1104Kb exec/s: 0 rss: 71Mb
[SGXSan] ALWAYS: Enter enc_wolfSSL_read
[SGXSan] ALWAYS: Enter enc_wolfSSL_CTX_free
[SGXSan] ALWAYS: Enter wc_benchmark_test
------------------------------------------------------------------------------
 wolfSSL version 5.1.0
------------------------------------------------------------------------------
wolfCrypt Benchmark (block bytes 1048576, min 1.0 sec each)
RNG                 15 MB took 1.142 seconds,   13.140 MB/s
AES-128-CBC-enc     35 MB took 1.058 seconds,   33.092 MB/s
AES-128-CBC-dec     35 MB took 1.140 seconds,   30.712 MB/s
AES-192-CBC-enc     30 MB took 1.068 seconds,   28.083 MB/s
AES-192-CBC-dec     30 MB took 1.125 seconds,   26.673 MB/s
AES-256-CBC-enc     30 MB took 1.196 seconds,   25.081 MB/s
AES-256-CBC-dec     25 MB took 1.039 seconds,   24.071 MB/s
AES-128-GCM-enc     25 MB took 1.054 seconds,   23.724 MB/s
AES-128-GCM-dec     25 MB took 1.063 seconds,   23.527 MB/s
AES-192-GCM-enc     25 MB took 1.172 seconds,   21.326 MB/s
AES-192-GCM-dec     25 MB took 1.166 seconds,   21.444 MB/s
AES-256-GCM-enc     20 MB took 1.012 seconds,   19.760 MB/s
AES-256-GCM-dec     20 MB took 1.029 seconds,   19.434 MB/s
GMAC Table 4-bit    69 MB took 1.014 seconds,   68.035 MB/s
RABBIT              95 MB took 1.050 seconds,   90.511 MB/s
3DES                10 MB took 1.086 seconds,    9.206 MB/s
MD5                305 MB took 1.011 seconds,  301.825 MB/s
SHA                130 MB took 1.037 seconds,  125.307 MB/s
SHA-256             35 MB took 1.139 seconds,   30.717 MB/s
HMAC-MD5           300 MB took 1.011 seconds,  296.718 MB/s
HMAC-SHA           130 MB took 1.014 seconds,  128.203 MB/s
HMAC-SHA256         35 MB took 1.137 seconds,   30.794 MB/s
PBKDF2               4 KB took 1.005 seconds,    3.733 KB/s
RSA     2048 public       1400 ops took 1.003 sec, avg 0.717 ms, 1395.359 ops/sec
RSA     2048 private       100 ops took 3.651 sec, avg 36.506 ms, 27.393 ops/sec
DH      2048 key gen        65 ops took 1.002 sec, avg 15.411 ms, 64.889 ops/sec
DH      2048 agree         100 ops took 1.546 sec, avg 15.456 ms, 64.701 ops/sec
ECC   [      SECP256R1]   256 key gen      1420 ops took 1.000 sec, avg 0.705 ms, 1419.415 ops/sec
ECDHE [      SECP256R1]   256 agree        1000 ops took 1.110 sec, avg 1.110 ms, 900.992 ops/sec
ECDSA [      SECP256R1]   256 sign         1200 ops took 1.003 sec, avg 0.836 ms, 1195.914 ops/sec
ECDSA [      SECP256R1]   256 verify        900 ops took 1.054 sec, avg 1.171 ms, 854.099 ops/sec
Benchmark complete
[SGXSan] ALWAYS: Enter enc_wolfSSL_CTX_use_certificate_chain_buffer_format
[SGXSan] ALWAYS: Enter enc_wolfSSL_write
[SGXSan] ALWAYS: Enter enc_wolfSSL_CTX_use_certificate_buffer
[SGXSan] ALWAYS: Enter wc_test
------------------------------------------------------------------------------
 wolfSSL version 5.1.0
------------------------------------------------------------------------------
error    test passed!
MEMORY   test passed!
base64   test passed!
asn      test passed!
RANDOM   test passed!
MD5      test passed!
MD4      test passed!
SHA      test passed!
SHA-256  test passed!
Hash     test passed!
HMAC-MD5 test passed!
HMAC-SHA test passed!
HMAC-SHA256 test passed!
GMAC     test passed!
HC-128   test passed!
Rabbit   test passed!
DES      test passed!
DES3     test passed!
AES      test passed!
AES192   test passed!
AES256   test passed!
AES-GCM  test passed!
RSA      test passed!
DH       test passed!
DSA      test passed!
PWDBASED test passed!
ECC      test passed!
ECC buffer test passed!
logging  test passed!
mutex    test passed!
memcb    test failed!
 error = -13803
[SGXSan] ALWAYS: Enter enc_wolfSSL_Cleanup
[SGXSan] ALWAYS: Enter enc_wolfTLSv1_2_server_method
[SGXSan] ALWAYS: Enter enc_wolfSSL_new
[SGXSan] ALWAYS: Enter enc_wolfSSL_Init
[SGXSan] ALWAYS: Enter enc_wolfSSL_CTX_use_PrivateKey_buffer
[SGXSan] ALWAYS: Enter enc_wolfSSL_get_error
[SGXSan] ALWAYS: Enter enc_wolfTLSv1_2_client_method
[SGXSan] ALWAYS: Enter enc_wolfSSL_connect
[SGXSan] ALWAYS: Enter enc_wolfSSL_CTX_load_verify_buffer
[SGXSan] ALWAYS: Enter enc_wolfSSL_Debugging_ON
[SGXSan] ALWAYS: Enter enc_wolfSSL_Debugging_OFF
[SGXSan] ALWAYS: Enter enc_wolfSSL_CTX_set_cipher_list
[SGXSan] ALWAYS: Enter enc_wolfSSL_set_fd
[SGXSan] ALWAYS: Enter enc_wolfSSL_free
[SGXSan] ALWAYS: Enter enc_wolfSSL_CTX_new
#6	NEW    cov: 6294 ft: 6304 corp: 4/1484Kb lim: 1000000 exec/s: 0 rss: 77Mb L: 390122/390122 MS: 2 ChangeASCIIInt-Custom-
#6	DONE   cov: 6294 ft: 6304 corp: 4/1484Kb lim: 1000000 exec/s: 0 rss: 77Mb
Done 6 runs in 253 second(s)
stat::number_of_executed_units: 6
stat::average_exec_per_sec:     0
stat::new_units_added:          1
stat::slowest_unit_time_sec:    42
stat::peak_rss_mb:              77
