WARNING: Failed to find function "__sanitizer_acquire_crash_state".
WARNING: Failed to find function "__sanitizer_print_stack_trace".
WARNING: Failed to find function "__sanitizer_set_death_callback".
[2023-01-15 20:23:41.052] [Init] Num of ECall: 22
[2023-01-15 20:23:41.052] ECalls:
  0 - fuzz_enc_wolfSSL_CTX_free
  1 - fuzz_enc_wolfSSL_CTX_load_verify_buffer
  2 - fuzz_enc_wolfSSL_CTX_new
  3 - fuzz_enc_wolfSSL_CTX_set_cipher_list
  4 - fuzz_enc_wolfSSL_CTX_use_PrivateKey_buffer
  5 - fuzz_enc_wolfSSL_CTX_use_certificate_buffer
  6 - fuzz_enc_wolfSSL_CTX_use_certificate_chain_buffer_format
  7 - fuzz_enc_wolfSSL_Cleanup
  8 - fuzz_enc_wolfSSL_Debugging_OFF
  9 - fuzz_enc_wolfSSL_Debugging_ON
  10 - fuzz_enc_wolfSSL_Init
  11 - fuzz_enc_wolfSSL_connect
  12 - fuzz_enc_wolfSSL_free
  13 - fuzz_enc_wolfSSL_get_error
  14 - fuzz_enc_wolfSSL_new
  15 - fuzz_enc_wolfSSL_read
  16 - fuzz_enc_wolfSSL_set_fd
  17 - fuzz_enc_wolfSSL_write
  18 - fuzz_enc_wolfTLSv1_2_client_method
  19 - fuzz_enc_wolfTLSv1_2_server_method
  20 - fuzz_wc_benchmark_test
  21 - fuzz_wc_test

INFO: found LLVMFuzzerCustomMutator (0x44ac30). Disabling -len_control by default.
INFO: libFuzzer ignores flags that start with '--'
INFO: Running with entropic power schedule (0xFF, 100).
INFO: Seed: 3961303281
INFO: Loaded 1 modules   (291 inline 8-bit counters): 291 [0x4cb7e8, 0x4cb90b), 
INFO: Loaded 1 PC tables (291 PCs): 291 [0x4cb910,0x4ccb40), 
INFO:        0 files found in /tmp/libFuzzerTemp.FuzzWithFork422940.dir/C231
[SGXSan] ALWAYS: Hook __sanitizer_cov_8bit_counters_init of Enclave, 21636 inline 8-bit counts [0x7f4aeb7999c0, 0x7f4aeb79ee44) (First time)
[SGXSan] ALWAYS: Hook __sanitizer_cov_pcs_init of Enclave, 21636 PCs [0x7f4aeb79ee48, 0x7f4aeb7f3688) (First time)
[SGXSan] ALWAYS: Enter enc_wolfSSL_CTX_free
[SGXSan] ALWAYS: Enter enc_wolfSSL_CTX_load_verify_buffer
[SGXSan] ALWAYS: Enter enc_wolfSSL_CTX_new
[SGXSan] ALWAYS: Enter enc_wolfSSL_CTX_set_cipher_list
[SGXSan] ALWAYS: Enter enc_wolfSSL_CTX_use_PrivateKey_buffer
[SGXSan] ALWAYS: Enter enc_wolfSSL_CTX_use_certificate_buffer
[SGXSan] ALWAYS: Enter enc_wolfSSL_CTX_use_certificate_chain_buffer_format
[SGXSan] ALWAYS: Enter enc_wolfSSL_Cleanup
[SGXSan] ALWAYS: Enter enc_wolfSSL_Debugging_OFF
[SGXSan] ALWAYS: Enter enc_wolfSSL_Debugging_ON
[SGXSan] ALWAYS: Enter enc_wolfSSL_Init
[SGXSan] ALWAYS: Enter enc_wolfSSL_connect
[SGXSan] ALWAYS: Enter enc_wolfSSL_free
[SGXSan] ALWAYS: Enter enc_wolfSSL_get_error
[SGXSan] ALWAYS: Enter enc_wolfSSL_new
[SGXSan] ALWAYS: Enter enc_wolfSSL_read
[SGXSan] ALWAYS: Enter enc_wolfSSL_set_fd
[SGXSan] ALWAYS: Enter enc_wolfSSL_write
[SGXSan] ALWAYS: Enter enc_wolfTLSv1_2_client_method
[SGXSan] ALWAYS: Enter enc_wolfTLSv1_2_server_method
[SGXSan] ALWAYS: Enter wc_benchmark_test
------------------------------------------------------------------------------
 wolfSSL version 5.1.0
------------------------------------------------------------------------------
wolfCrypt Benchmark (block bytes 1048576, min 1.0 sec each)
RNG                 15 MB took 1.195 seconds,   12.548 MB/s
AES-128-CBC-enc     35 MB took 1.071 seconds,   32.673 MB/s
AES-128-CBC-dec     35 MB took 1.146 seconds,   30.543 MB/s
AES-192-CBC-enc     30 MB took 1.070 seconds,   28.030 MB/s
AES-192-CBC-dec     30 MB took 1.129 seconds,   26.582 MB/s
AES-256-CBC-enc     30 MB took 1.196 seconds,   25.074 MB/s
AES-256-CBC-dec     25 MB took 1.047 seconds,   23.884 MB/s
AES-128-GCM-enc     25 MB took 1.049 seconds,   23.832 MB/s
AES-128-GCM-dec     25 MB took 1.049 seconds,   23.821 MB/s
AES-192-GCM-enc     25 MB took 1.171 seconds,   21.355 MB/s
AES-192-GCM-dec     25 MB took 1.182 seconds,   21.156 MB/s
AES-256-GCM-enc     20 MB took 1.017 seconds,   19.663 MB/s
AES-256-GCM-dec     20 MB took 1.018 seconds,   19.647 MB/s
GMAC Table 4-bit    69 MB took 1.012 seconds,   68.172 MB/s
RABBIT              95 MB took 1.046 seconds,   90.828 MB/s
3DES                10 MB took 1.104 seconds,    9.058 MB/s
MD5                305 MB took 1.010 seconds,  301.895 MB/s
SHA                130 MB took 1.025 seconds,  126.880 MB/s
SHA-256             35 MB took 1.128 seconds,   31.036 MB/s
HMAC-MD5           305 MB took 1.007 seconds,  302.917 MB/s
HMAC-SHA           130 MB took 1.023 seconds,  127.061 MB/s
HMAC-SHA256         35 MB took 1.135 seconds,   30.850 MB/s
PBKDF2               4 KB took 1.006 seconds,    3.789 KB/s
RSA     2048 public       1500 ops took 1.071 sec, avg 0.714 ms, 1400.972 ops/sec
RSA     2048 private       100 ops took 3.667 sec, avg 36.665 ms, 27.274 ops/sec
DH      2048 key gen        66 ops took 1.014 sec, avg 15.364 ms, 65.089 ops/sec
DH      2048 agree         100 ops took 1.558 sec, avg 15.583 ms, 64.172 ops/sec
ECC   [      SECP256R1]   256 key gen      1402 ops took 1.000 sec, avg 0.713 ms, 1401.811 ops/sec
ECDHE [      SECP256R1]   256 agree        1000 ops took 1.099 sec, avg 1.099 ms, 909.915 ops/sec
ECDSA [      SECP256R1]   256 sign         1200 ops took 1.003 sec, avg 0.836 ms, 1196.198 ops/sec
ECDSA [      SECP256R1]   256 verify        900 ops took 1.042 sec, avg 1.158 ms, 863.549 ops/sec
Benchmark complete
[SGXSan] ALWAYS: Enter wc_test
INFO: seed corpus: files: 4 min: 370191b max: 390122b total: 1500695b rss: 43Mb
------------------------------------------------------------------------------
 wolfSSL version 5.1.0
------------------------------------------------------------------------------
error    test passed!
MEMORY   test passed!
base64   test passed!
asn      test passed!
RANDOM   test passed!
MD5      test passed!
MD4      test passed!
SHA      test passed!
SHA-256  test passed!
Hash     test passed!
HMAC-MD5 test passed!
HMAC-SHA test passed!
HMAC-SHA256 test passed!
GMAC     test passed!
HC-128   test passed!
Rabbit   test passed!
DES      test passed!
DES3     test passed!
AES      test passed!
AES192   test passed!
AES256   test passed!
AES-GCM  test passed!
RSA      test passed!
DH       test passed!
DSA      test passed!
PWDBASED test passed!
ECC      test passed!
ECC buffer test passed!
logging  test passed!
mutex    test passed!
memcb    test passed!
Test complete
[SGXSan] ALWAYS: Enter enc_wolfTLSv1_2_server_method
[SGXSan] ALWAYS: Enter enc_wolfSSL_Debugging_ON
[SGXSan] ALWAYS: Enter enc_wolfSSL_CTX_use_PrivateKey_buffer
[SGXSan] ALWAYS: Enter enc_wolfSSL_new
[SGXSan] ALWAYS: Enter enc_wolfSSL_CTX_free
[SGXSan] ALWAYS: Enter enc_wolfSSL_get_error
[SGXSan] ALWAYS: Enter enc_wolfSSL_Debugging_OFF
[SGXSan] ALWAYS: Enter enc_wolfSSL_CTX_load_verify_buffer
[SGXSan] ALWAYS: Enter enc_wolfSSL_CTX_use_certificate_chain_buffer_format
[SGXSan] ALWAYS: Enter enc_wolfSSL_CTX_use_certificate_buffer
[SGXSan] ALWAYS: Enter wc_test
------------------------------------------------------------------------------
 wolfSSL version 5.1.0
------------------------------------------------------------------------------
error    test passed!
MEMORY   test passed!
base64   test passed!
asn      test passed!
RANDOM   test passed!
MD5      test passed!
MD4      test passed!
SHA      test passed!
SHA-256  test passed!
Hash     test passed!
HMAC-MD5 test passed!
HMAC-SHA test passed!
HMAC-SHA256 test passed!
GMAC     test passed!
HC-128   test passed!
Rabbit   test passed!
DES      test passed!
DES3     test passed!
AES      test passed!
AES192   test passed!
AES256   test passed!
AES-GCM  test passed!
RSA      test passed!
DH       test passed!
DSA      test passed!
PWDBASED test passed!
ECC      test passed!
ECC buffer test passed!
logging  test passed!
mutex    test passed!
memcb    test failed!
 error = -13803
[SGXSan] ALWAYS: Enter wc_benchmark_test
------------------------------------------------------------------------------
 wolfSSL version 5.1.0
------------------------------------------------------------------------------
wolfCrypt Benchmark (block bytes 1048576, min 1.0 sec each)
RNG                 15 MB took 1.144 seconds,   13.114 MB/s
AES-128-CBC-enc     35 MB took 1.058 seconds,   33.067 MB/s
AES-128-CBC-dec     35 MB took 1.143 seconds,   30.629 MB/s
AES-192-CBC-enc     30 MB took 1.073 seconds,   27.971 MB/s
AES-192-CBC-dec     25 MB took 1.010 seconds,   24.742 MB/s
AES-256-CBC-enc     25 MB took 1.018 seconds,   24.563 MB/s
AES-256-CBC-dec     25 MB took 1.040 seconds,   24.044 MB/s
AES-128-GCM-enc     25 MB took 1.041 seconds,   24.025 MB/s
AES-128-GCM-dec     25 MB took 1.059 seconds,   23.616 MB/s
AES-192-GCM-enc     25 MB took 1.170 seconds,   21.374 MB/s
AES-192-GCM-dec     25 MB took 1.174 seconds,   21.297 MB/s
AES-256-GCM-enc     20 MB took 1.015 seconds,   19.706 MB/s
AES-256-GCM-dec     20 MB took 1.016 seconds,   19.686 MB/s
GMAC Table 4-bit    68 MB took 1.010 seconds,   67.301 MB/s
RABBIT              95 MB took 1.048 seconds,   90.644 MB/s
3DES                10 MB took 1.096 seconds,    9.127 MB/s
MD5                305 MB took 1.004 seconds,  303.875 MB/s
SHA                130 MB took 1.013 seconds,  128.391 MB/s
SHA-256             35 MB took 1.145 seconds,   30.555 MB/s
HMAC-MD5           305 MB took 1.006 seconds,  303.141 MB/s
HMAC-SHA           130 MB took 1.015 seconds,  128.037 MB/s
HMAC-SHA256         35 MB took 1.130 seconds,   30.964 MB/s
PBKDF2               4 KB took 1.002 seconds,    3.775 KB/s
RSA     2048 public       1400 ops took 1.024 sec, avg 0.732 ms, 1366.690 ops/sec
RSA     2048 private       100 ops took 3.670 sec, avg 36.703 ms, 27.246 ops/sec
DH      2048 key gen        65 ops took 1.012 sec, avg 15.564 ms, 64.251 ops/sec
DH      2048 agree         100 ops took 1.548 sec, avg 15.482 ms, 64.590 ops/sec
ECC   [      SECP256R1]   256 key gen      1414 ops took 1.001 sec, avg 0.708 ms, 1413.059 ops/sec
ECDHE [      SECP256R1]   256 agree        1000 ops took 1.085 sec, avg 1.085 ms, 921.313 ops/sec
ECDSA [      SECP256R1]   256 sign         1200 ops took 1.001 sec, avg 0.834 ms, 1199.282 ops/sec
ECDSA [      SECP256R1]   256 verify        900 ops took 1.043 sec, avg 1.159 ms, 862.532 ops/sec
Benchmark complete
[SGXSan] ALWAYS: Enter enc_wolfSSL_Cleanup
[SGXSan] ALWAYS: Enter enc_wolfSSL_write
[SGXSan] ALWAYS: Enter enc_wolfSSL_CTX_set_cipher_list
[SGXSan] ALWAYS: Enter enc_wolfSSL_CTX_new
[SGXSan] ALWAYS: Enter enc_wolfSSL_read
[SGXSan] ALWAYS: Enter enc_wolfSSL_free
[SGXSan] ALWAYS: Enter enc_wolfTLSv1_2_client_method
[SGXSan] ALWAYS: Enter enc_wolfSSL_connect
[SGXSan] ALWAYS: Enter enc_wolfSSL_Init
[SGXSan] ALWAYS: Enter enc_wolfSSL_set_fd
#2	pulse  ft: 6298 exec/s: 0 rss: 49Mb
Slowest unit: 41 s:
artifact_prefix='./crashes/'; Test unit written to ./crashes/slow-unit-c404165af8b2748707d8b2d07561dcba808d3638
[SGXSan] ALWAYS: Enter enc_wolfSSL_new
[SGXSan] ALWAYS: Enter wc_test
------------------------------------------------------------------------------
 wolfSSL version 5.1.0
------------------------------------------------------------------------------
error    test passed!
MEMORY   test passed!
base64   test passed!
asn      test passed!
RANDOM   test passed!
MD5      test passed!
MD4      test passed!
SHA      test passed!
SHA-256  test passed!
Hash     test passed!
HMAC-MD5 test passed!
HMAC-SHA test passed!
HMAC-SHA256 test passed!
GMAC     test passed!
HC-128   test passed!
Rabbit   test passed!
DES      test passed!
DES3     test passed!
AES      test passed!
AES192   test passed!
AES256   test passed!
AES-GCM  test passed!
RSA      test passed!
DH       test passed!
DSA      test passed!
PWDBASED test passed!
ECC      test passed!
ECC buffer test passed!
logging  test passed!
mutex    test passed!
memcb    test failed!
 error = -13803
[SGXSan] ALWAYS: Enter enc_wolfSSL_CTX_use_certificate_chain_buffer_format
[SGXSan] ALWAYS: Enter enc_wolfSSL_write
[SGXSan] ALWAYS: Enter enc_wolfSSL_get_error
[SGXSan] ALWAYS: Enter enc_wolfSSL_CTX_load_verify_buffer
[SGXSan] ALWAYS: Enter enc_wolfSSL_CTX_use_PrivateKey_buffer
[SGXSan] ALWAYS: Enter enc_wolfSSL_CTX_use_certificate_buffer
[SGXSan] ALWAYS: Enter enc_wolfTLSv1_2_server_method
[SGXSan] ALWAYS: Enter enc_wolfSSL_Debugging_ON
[SGXSan] ALWAYS: Enter enc_wolfSSL_CTX_new
[SGXSan] ALWAYS: Enter enc_wolfSSL_Cleanup
[SGXSan] ALWAYS: Enter enc_wolfSSL_connect
[SGXSan] ALWAYS: Enter wc_benchmark_test
------------------------------------------------------------------------------
 wolfSSL version 5.1.0
------------------------------------------------------------------------------
wolfCrypt Benchmark (block bytes 1048576, min 1.0 sec each)
RNG                 15 MB took 1.136 seconds,   13.199 MB/s
AES-128-CBC-enc     35 MB took 1.052 seconds,   33.265 MB/s
AES-128-CBC-dec     35 MB took 1.155 seconds,   30.294 MB/s
AES-192-CBC-enc     30 MB took 1.050 seconds,   28.578 MB/s
AES-192-CBC-dec     30 MB took 1.130 seconds,   26.543 MB/s
AES-256-CBC-enc     30 MB took 1.191 seconds,   25.199 MB/s
AES-256-CBC-dec     25 MB took 1.034 seconds,   24.185 MB/s
AES-128-GCM-enc     25 MB took 1.056 seconds,   23.676 MB/s
AES-128-GCM-dec     25 MB took 1.042 seconds,   23.987 MB/s
AES-192-GCM-enc     25 MB took 1.175 seconds,   21.277 MB/s
AES-192-GCM-dec     25 MB took 1.171 seconds,   21.349 MB/s
AES-256-GCM-enc     20 MB took 1.020 seconds,   19.613 MB/s
AES-256-GCM-dec     20 MB took 1.024 seconds,   19.531 MB/s
GMAC Table 4-bit    69 MB took 1.014 seconds,   68.039 MB/s
RABBIT              95 MB took 1.042 seconds,   91.155 MB/s
3DES                10 MB took 1.090 seconds,    9.177 MB/s
MD5                300 MB took 1.016 seconds,  295.406 MB/s
SHA                125 MB took 1.004 seconds,  124.485 MB/s
SHA-256             35 MB took 1.164 seconds,   30.056 MB/s
HMAC-MD5           290 MB took 1.010 seconds,  287.209 MB/s
HMAC-SHA           125 MB took 1.002 seconds,  124.771 MB/s
HMAC-SHA256         30 MB took 1.007 seconds,   29.795 MB/s
PBKDF2               4 KB took 1.004 seconds,    3.674 KB/s
RSA     2048 public       1400 ops took 1.045 sec, avg 0.746 ms, 1340.160 ops/sec
RSA     2048 private       100 ops took 3.772 sec, avg 37.719 ms, 26.512 ops/sec
DH      2048 key gen        64 ops took 1.015 sec, avg 15.867 ms, 63.025 ops/sec
DH      2048 agree         100 ops took 1.607 sec, avg 16.074 ms, 62.214 ops/sec
ECC   [      SECP256R1]   256 key gen      1361 ops took 1.000 sec, avg 0.735 ms, 1360.895 ops/sec
ECDHE [      SECP256R1]   256 agree         900 ops took 1.009 sec, avg 1.121 ms, 891.835 ops/sec
ECDSA [      SECP256R1]   256 sign         1200 ops took 1.044 sec, avg 0.870 ms, 1149.618 ops/sec
ECDSA [      SECP256R1]   256 verify        900 ops took 1.069 sec, avg 1.188 ms, 841.658 ops/sec
Benchmark complete
[SGXSan] ALWAYS: Enter enc_wolfSSL_free
[SGXSan] ALWAYS: Enter enc_wolfSSL_set_fd
[SGXSan] ALWAYS: Enter enc_wolfTLSv1_2_client_method
[SGXSan] ALWAYS: Enter enc_wolfSSL_Init
[SGXSan] ALWAYS: Enter enc_wolfSSL_CTX_set_cipher_list
[SGXSan] ALWAYS: Enter enc_wolfSSL_Debugging_OFF
[SGXSan] ALWAYS: Enter enc_wolfSSL_read
[SGXSan] ALWAYS: Enter enc_wolfSSL_CTX_free
[SGXSan] ALWAYS: Enter enc_wolfSSL_connect
[SGXSan] ALWAYS: Enter enc_wolfSSL_new
[SGXSan] ALWAYS: Enter enc_wolfSSL_CTX_new
[SGXSan] ALWAYS: Enter enc_wolfSSL_CTX_free
[SGXSan] ALWAYS: Enter enc_wolfSSL_write
[SGXSan] ALWAYS: Enter enc_wolfSSL_CTX_load_verify_buffer
[SGXSan] ALWAYS: Enter enc_wolfSSL_CTX_use_PrivateKey_buffer
[SGXSan] ALWAYS: Enter enc_wolfTLSv1_2_client_method
[SGXSan] ALWAYS: Enter wc_benchmark_test
------------------------------------------------------------------------------
 wolfSSL version 5.1.0
------------------------------------------------------------------------------
wolfCrypt Benchmark (block bytes 1048576, min 1.0 sec each)
RNG                 15 MB took 1.177 seconds,   12.743 MB/s
AES-128-CBC-enc     35 MB took 1.066 seconds,   32.824 MB/s
AES-128-CBC-dec     35 MB took 1.161 seconds,   30.138 MB/s
AES-192-CBC-enc     30 MB took 1.153 seconds,   26.017 MB/s
AES-192-CBC-dec     30 MB took 1.167 seconds,   25.712 MB/s
AES-256-CBC-enc     25 MB took 1.015 seconds,   24.622 MB/s
AES-256-CBC-dec     25 MB took 1.059 seconds,   23.603 MB/s
AES-128-GCM-enc     25 MB took 1.064 seconds,   23.492 MB/s
AES-128-GCM-dec     25 MB took 1.083 seconds,   23.086 MB/s
AES-192-GCM-enc     25 MB took 1.200 seconds,   20.836 MB/s
AES-192-GCM-dec     25 MB took 1.196 seconds,   20.903 MB/s
AES-256-GCM-enc     20 MB took 1.033 seconds,   19.362 MB/s
AES-256-GCM-dec     20 MB took 1.035 seconds,   19.325 MB/s
GMAC Table 4-bit    67 MB took 1.012 seconds,   66.231 MB/s
RABBIT              90 MB took 1.020 seconds,   88.193 MB/s
3DES                10 MB took 1.114 seconds,    8.978 MB/s
MD5                300 MB took 1.016 seconds,  295.340 MB/s
SHA                125 MB took 1.001 seconds,  124.855 MB/s
SHA-256             30 MB took 1.007 seconds,   29.777 MB/s
HMAC-MD5           300 MB took 1.012 seconds,  296.392 MB/s
HMAC-SHA           125 MB took 1.011 seconds,  123.683 MB/s
HMAC-SHA256         30 MB took 1.001 seconds,   29.984 MB/s
PBKDF2               4 KB took 1.003 seconds,    3.676 KB/s
RSA     2048 public       1400 ops took 1.028 sec, avg 0.734 ms, 1362.419 ops/sec
RSA     2048 private       100 ops took 3.806 sec, avg 38.056 ms, 26.277 ops/sec
DH      2048 key gen        63 ops took 1.004 sec, avg 15.942 ms, 62.728 ops/sec
DH      2048 agree         100 ops took 1.608 sec, avg 16.082 ms, 62.182 ops/sec
ECC   [      SECP256R1]   256 key gen      1360 ops took 1.000 sec, avg 0.735 ms, 1359.649 ops/sec
ECDHE [      SECP256R1]   256 agree         900 ops took 1.020 sec, avg 1.133 ms, 882.354 ops/sec
ECDSA [      SECP256R1]   256 sign         1200 ops took 1.088 sec, avg 0.907 ms, 1102.597 ops/sec
ECDSA [      SECP256R1]   256 verify        800 ops took 1.004 sec, avg 1.255 ms, 796.966 ops/sec
Benchmark complete
[SGXSan] ALWAYS: Enter enc_wolfSSL_CTX_set_cipher_list
[SGXSan] ALWAYS: Enter enc_wolfSSL_get_error
[SGXSan] ALWAYS: Enter enc_wolfSSL_Init
[SGXSan] ALWAYS: Enter enc_wolfSSL_free
[SGXSan] ALWAYS: Enter wc_test
------------------------------------------------------------------------------
 wolfSSL version 5.1.0
------------------------------------------------------------------------------
error    test passed!
MEMORY   test passed!
base64   test passed!
asn      test passed!
RANDOM   test passed!
MD5      test passed!
MD4      test passed!
SHA      test passed!
SHA-256  test passed!
Hash     test passed!
HMAC-MD5 test passed!
HMAC-SHA test passed!
HMAC-SHA256 test passed!
GMAC     test passed!
HC-128   test passed!
Rabbit   test passed!
DES      test passed!
DES3     test passed!
AES      test passed!
AES192   test passed!
AES256   test passed!
AES-GCM  test passed!
RSA      test passed!
DH       test passed!
DSA      test passed!
PWDBASED test passed!
ECC      test passed!
ECC buffer test passed!
logging  test passed!
mutex    test passed!
memcb    test failed!
 error = -13803
[SGXSan] ALWAYS: Enter enc_wolfSSL_Debugging_ON
[SGXSan] ALWAYS: Enter enc_wolfSSL_read
[SGXSan] ALWAYS: Enter enc_wolfSSL_Debugging_OFF
[SGXSan] ALWAYS: Enter enc_wolfTLSv1_2_server_method
[SGXSan] ALWAYS: Enter enc_wolfSSL_set_fd
[SGXSan] ALWAYS: Enter enc_wolfSSL_CTX_use_certificate_buffer
[SGXSan] ALWAYS: Enter enc_wolfSSL_CTX_use_certificate_chain_buffer_format
[SGXSan] ALWAYS: Enter enc_wolfSSL_Cleanup
#4	pulse  cov: 6299 ft: 6305 corp: 2/723Kb exec/s: 0 rss: 64Mb
[SGXSan] ALWAYS: Enter enc_wolfSSL_free
[SGXSan] ALWAYS: Enter enc_wolfSSL_new
[SGXSan] ALWAYS: Enter enc_wolfSSL_write
[SGXSan] ALWAYS: Enter enc_wolfSSL_CTX_set_cipher_list
[SGXSan] ALWAYS: Enter enc_wolfSSL_Init
[SGXSan] ALWAYS: Enter wc_test
------------------------------------------------------------------------------
 wolfSSL version 5.1.0
------------------------------------------------------------------------------
error    test passed!
MEMORY   test passed!
base64   test passed!
asn      test passed!
RANDOM   test passed!
MD5      test passed!
MD4      test passed!
SHA      test passed!
SHA-256  test passed!
Hash     test passed!
HMAC-MD5 test passed!
HMAC-SHA test passed!
HMAC-SHA256 test passed!
GMAC     test passed!
HC-128   test passed!
Rabbit   test passed!
DES      test passed!
DES3     test passed!
AES      test passed!
AES192   test passed!
AES256   test passed!
AES-GCM  test passed!
RSA      test passed!
DH       test passed!
DSA      test passed!
PWDBASED test passed!
ECC      test passed!
ECC buffer test passed!
logging  test passed!
mutex    test passed!
memcb    test failed!
 error = -13803
[SGXSan] ALWAYS: Enter enc_wolfSSL_CTX_use_certificate_chain_buffer_format
[SGXSan] ALWAYS: Enter enc_wolfSSL_connect
[SGXSan] ALWAYS: Enter wc_benchmark_test
------------------------------------------------------------------------------
 wolfSSL version 5.1.0
------------------------------------------------------------------------------
wolfCrypt Benchmark (block bytes 1048576, min 1.0 sec each)
RNG                 15 MB took 1.160 seconds,   12.928 MB/s
AES-128-CBC-enc     35 MB took 1.084 seconds,   32.279 MB/s
AES-128-CBC-dec     30 MB took 1.232 seconds,   24.352 MB/s
AES-192-CBC-enc     30 MB took 1.082 seconds,   27.738 MB/s
AES-192-CBC-dec     30 MB took 1.182 seconds,   25.391 MB/s
AES-256-CBC-enc     25 MB took 1.014 seconds,   24.661 MB/s
AES-256-CBC-dec     25 MB took 1.076 seconds,   23.242 MB/s
AES-128-GCM-enc     25 MB took 1.071 seconds,   23.352 MB/s
AES-128-GCM-dec     25 MB took 1.077 seconds,   23.218 MB/s
AES-192-GCM-enc     25 MB took 1.211 seconds,   20.637 MB/s
AES-192-GCM-dec     25 MB took 1.198 seconds,   20.870 MB/s
AES-256-GCM-enc     20 MB took 1.043 seconds,   19.184 MB/s
AES-256-GCM-dec     20 MB took 1.028 seconds,   19.447 MB/s
GMAC Table 4-bit    67 MB took 1.006 seconds,   66.622 MB/s
RABBIT              90 MB took 1.016 seconds,   88.541 MB/s
3DES                10 MB took 1.118 seconds,    8.941 MB/s
MD5                300 MB took 1.003 seconds,  299.097 MB/s
SHA                130 MB took 1.039 seconds,  125.130 MB/s
SHA-256             30 MB took 1.001 seconds,   29.963 MB/s
HMAC-MD5           300 MB took 1.012 seconds,  296.308 MB/s
HMAC-SHA           125 MB took 1.014 seconds,  123.249 MB/s
HMAC-SHA256         35 MB took 1.159 seconds,   30.208 MB/s
PBKDF2               4 KB took 1.007 seconds,    3.661 KB/s
RSA     2048 public       1400 ops took 1.036 sec, avg 0.740 ms, 1350.989 ops/sec
RSA     2048 private       100 ops took 3.836 sec, avg 38.362 ms, 26.067 ops/sec
DH      2048 key gen        63 ops took 1.015 sec, avg 16.116 ms, 62.051 ops/sec
DH      2048 agree         100 ops took 1.709 sec, avg 17.095 ms, 58.497 ops/sec
ECC   [      SECP256R1]   256 key gen      1334 ops took 1.000 sec, avg 0.750 ms, 1333.863 ops/sec
ECDHE [      SECP256R1]   256 agree         900 ops took 1.018 sec, avg 1.131 ms, 884.184 ops/sec
ECDSA [      SECP256R1]   256 sign         1200 ops took 1.044 sec, avg 0.870 ms, 1149.167 ops/sec
ECDSA [      SECP256R1]   256 verify        900 ops took 1.074 sec, avg 1.194 ms, 837.823 ops/sec
Benchmark complete
[SGXSan] ALWAYS: Enter enc_wolfSSL_read
[SGXSan] ALWAYS: Enter enc_wolfSSL_set_fd
[SGXSan] ALWAYS: Enter enc_wolfSSL_CTX_use_certificate_buffer
[SGXSan] ALWAYS: Enter enc_wolfSSL_Debugging_OFF
[SGXSan] ALWAYS: Enter enc_wolfTLSv1_2_server_method
[SGXSan] ALWAYS: Enter enc_wolfSSL_get_error
[SGXSan] ALWAYS: Enter enc_wolfSSL_CTX_free
[SGXSan] ALWAYS: Enter enc_wolfSSL_CTX_load_verify_buffer
[SGXSan] ALWAYS: Enter enc_wolfTLSv1_2_client_method
[SGXSan] ALWAYS: Enter enc_wolfSSL_CTX_new
[SGXSan] ALWAYS: Enter enc_wolfSSL_Debugging_ON
[SGXSan] ALWAYS: Enter enc_wolfSSL_Cleanup
[SGXSan] ALWAYS: Enter enc_wolfSSL_CTX_use_PrivateKey_buffer
#5	INITED cov: 6301 ft: 6306 corp: 4/1465Kb exec/s: 0 rss: 71Mb
[SGXSan] ALWAYS: Enter enc_wolfSSL_read
[SGXSan] ALWAYS: Enter wc_test
------------------------------------------------------------------------------
 wolfSSL version 5.1.0
------------------------------------------------------------------------------
error    test passed!
MEMORY   test passed!
base64   test passed!
asn      test passed!
RANDOM   test passed!
MD5      test passed!
MD4      test passed!
SHA      test passed!
SHA-256  test passed!
Hash     test passed!
HMAC-MD5 test passed!
HMAC-SHA test passed!
HMAC-SHA256 test passed!
GMAC     test passed!
HC-128   test passed!
Rabbit   test passed!
DES      test passed!
DES3     test passed!
AES      test passed!
AES192   test passed!
AES256   test passed!
AES-GCM  test passed!
RSA      test passed!
DH       test passed!
DSA      test passed!
PWDBASED test passed!
ECC      test passed!
ECC buffer test passed!
logging  test passed!
mutex    test passed!
memcb    test failed!
 error = -13803
[SGXSan] ALWAYS: Enter enc_wolfSSL_set_fd
[SGXSan] ALWAYS: Enter enc_wolfTLSv1_2_server_method
[SGXSan] ALWAYS: Enter wc_benchmark_test
------------------------------------------------------------------------------
 wolfSSL version 5.1.0
------------------------------------------------------------------------------
wolfCrypt Benchmark (block bytes 1048576, min 1.0 sec each)
RNG                 15 MB took 1.189 seconds,   12.615 MB/s
AES-128-CBC-enc     35 MB took 1.092 seconds,   32.037 MB/s
AES-128-CBC-dec     30 MB took 1.016 seconds,   29.538 MB/s
AES-192-CBC-enc     30 MB took 1.085 seconds,   27.645 MB/s
AES-192-CBC-dec     30 MB took 1.155 seconds,   25.970 MB/s
AES-256-CBC-enc     25 MB took 1.023 seconds,   24.430 MB/s
AES-256-CBC-dec     25 MB took 1.059 seconds,   23.614 MB/s
AES-128-GCM-enc     25 MB took 1.097 seconds,   22.791 MB/s
AES-128-GCM-dec     25 MB took 1.100 seconds,   22.723 MB/s
AES-192-GCM-enc     25 MB took 1.203 seconds,   20.787 MB/s
AES-192-GCM-dec     25 MB took 1.217 seconds,   20.540 MB/s
AES-256-GCM-enc     20 MB took 1.035 seconds,   19.329 MB/s
AES-256-GCM-dec     20 MB took 1.038 seconds,   19.266 MB/s
GMAC Table 4-bit    67 MB took 1.004 seconds,   66.765 MB/s
RABBIT              90 MB took 1.018 seconds,   88.413 MB/s
3DES                10 MB took 1.136 seconds,    8.804 MB/s
MD5                295 MB took 1.008 seconds,  292.524 MB/s
SHA                125 MB took 1.006 seconds,  124.207 MB/s
SHA-256             30 MB took 1.003 seconds,   29.913 MB/s
HMAC-MD5           300 MB took 1.015 seconds,  295.456 MB/s
HMAC-SHA           125 MB took 1.005 seconds,  124.323 MB/s
HMAC-SHA256         30 MB took 1.013 seconds,   29.603 MB/s
PBKDF2               4 KB took 1.008 seconds,    3.720 KB/s
RSA     2048 public       1400 ops took 1.029 sec, avg 0.735 ms, 1359.890 ops/sec
RSA     2048 private       100 ops took 3.765 sec, avg 37.652 ms, 26.559 ops/sec
DH      2048 key gen        63 ops took 1.001 sec, avg 15.888 ms, 62.941 ops/sec
DH      2048 agree         100 ops took 1.583 sec, avg 15.829 ms, 63.175 ops/sec
ECC   [      SECP256R1]   256 key gen      1378 ops took 1.001 sec, avg 0.726 ms, 1377.039 ops/sec
ECDHE [      SECP256R1]   256 agree         900 ops took 1.018 sec, avg 1.131 ms, 884.449 ops/sec
ECDSA [      SECP256R1]   256 sign         1200 ops took 1.020 sec, avg 0.850 ms, 1176.450 ops/sec
ECDSA [      SECP256R1]   256 verify        900 ops took 1.069 sec, avg 1.188 ms, 841.546 ops/sec
Benchmark complete
[SGXSan] ALWAYS: Enter enc_wolfSSL_connect
[SGXSan] ALWAYS: Enter enc_wolfSSL_CTX_use_certificate_chain_buffer_format
[SGXSan] ALWAYS: Enter enc_wolfSSL_CTX_use_certificate_buffer
[SGXSan] ALWAYS: Enter enc_wolfSSL_Cleanup
[SGXSan] ALWAYS: Enter enc_wolfSSL_new
[SGXSan] ALWAYS: Enter enc_wolfSSL_Debugging_ON
[SGXSan] ALWAYS: Enter enc_wolfSSL_free
[SGXSan] ALWAYS: Enter enc_wolfSSL_write
[SGXSan] ALWAYS: Enter enc_wolfSSL_get_error
[SGXSan] ALWAYS: Enter enc_wolfSSL_Debugging_OFF
[SGXSan] ALWAYS: Enter enc_wolfSSL_CTX_free
[SGXSan] ALWAYS: Enter enc_wolfSSL_Init
[SGXSan] ALWAYS: Enter enc_wolfTLSv1_2_client_method
[SGXSan] ALWAYS: Enter enc_wolfSSL_CTX_use_PrivateKey_buffer
[SGXSan] ALWAYS: Enter enc_wolfSSL_CTX_new
[SGXSan] ALWAYS: Enter enc_wolfSSL_CTX_load_verify_buffer
[SGXSan] ALWAYS: Enter enc_wolfSSL_CTX_set_cipher_list
[SGXSan] ALWAYS: Enter enc_wolfSSL_read
[SGXSan] ALWAYS: Enter wc_test
------------------------------------------------------------------------------
 wolfSSL version 5.1.0
------------------------------------------------------------------------------
error    test passed!
MEMORY   test passed!
base64   test passed!
asn      test passed!
RANDOM   test passed!
MD5      test passed!
MD4      test passed!
SHA      test passed!
SHA-256  test passed!
Hash     test passed!
HMAC-MD5 test passed!
HMAC-SHA test passed!
HMAC-SHA256 test passed!
GMAC     test passed!
HC-128   test passed!
Rabbit   test passed!
DES      test passed!
DES3     test passed!
AES      test passed!
AES192   test passed!
AES256   test passed!
AES-GCM  test passed!
RSA      test passed!
DH       test passed!
DSA      test passed!
PWDBASED test passed!
ECC      test passed!
ECC buffer test passed!
logging  test passed!
mutex    test passed!
memcb    test failed!
 error = -13803
[SGXSan] ALWAYS: Enter enc_wolfSSL_set_fd
[SGXSan] ALWAYS: Enter enc_wolfTLSv1_2_server_method
[SGXSan] ALWAYS: Enter wc_benchmark_test
------------------------------------------------------------------------------
 wolfSSL version 5.1.0
------------------------------------------------------------------------------
wolfCrypt Benchmark (block bytes 1048576, min 1.0 sec each)
RNG                 15 MB took 1.169 seconds,   12.829 MB/s
AES-128-CBC-enc     35 MB took 1.103 seconds,   31.720 MB/s
AES-128-CBC-dec     30 MB took 1.081 seconds,   27.753 MB/s
AES-192-CBC-enc     30 MB took 1.105 seconds,   27.145 MB/s
AES-192-CBC-dec     30 MB took 1.152 seconds,   26.039 MB/s
AES-256-CBC-enc     25 MB took 1.014 seconds,   24.662 MB/s
AES-256-CBC-dec     25 MB took 1.068 seconds,   23.414 MB/s
AES-128-GCM-enc     25 MB took 1.067 seconds,   23.431 MB/s
AES-128-GCM-dec     25 MB took 1.082 seconds,   23.110 MB/s
AES-192-GCM-enc     25 MB took 1.206 seconds,   20.731 MB/s
AES-192-GCM-dec     25 MB took 1.202 seconds,   20.802 MB/s
AES-256-GCM-enc     20 MB took 1.030 seconds,   19.421 MB/s
AES-256-GCM-dec     20 MB took 1.046 seconds,   19.124 MB/s
GMAC Table 4-bit    68 MB took 1.015 seconds,   67.021 MB/s
RABBIT              90 MB took 1.017 seconds,   88.485 MB/s
3DES                10 MB took 1.111 seconds,    8.998 MB/s
MD5                300 MB took 1.007 seconds,  297.840 MB/s
SHA                125 MB took 1.008 seconds,  124.057 MB/s
SHA-256             35 MB took 1.155 seconds,   30.294 MB/s
HMAC-MD5           300 MB took 1.015 seconds,  295.630 MB/s
HMAC-SHA           130 MB took 1.024 seconds,  126.924 MB/s
HMAC-SHA256         35 MB took 1.154 seconds,   30.327 MB/s
PBKDF2               4 KB took 1.001 seconds,    3.651 KB/s
RSA     2048 public       1400 ops took 1.049 sec, avg 0.749 ms, 1334.467 ops/sec
RSA     2048 private       100 ops took 3.711 sec, avg 37.112 ms, 26.946 ops/sec
DH      2048 key gen        63 ops took 1.008 sec, avg 15.997 ms, 62.511 ops/sec
DH      2048 agree         100 ops took 1.595 sec, avg 15.946 ms, 62.711 ops/sec
ECC   [      SECP256R1]   256 key gen      1396 ops took 1.000 sec, avg 0.717 ms, 1395.344 ops/sec
ECDHE [      SECP256R1]   256 agree        1000 ops took 1.105 sec, avg 1.105 ms, 905.091 ops/sec
ECDSA [      SECP256R1]   256 sign         1200 ops took 1.028 sec, avg 0.857 ms, 1166.869 ops/sec
ECDSA [      SECP256R1]   256 verify        900 ops took 1.066 sec, avg 1.184 ms, 844.374 ops/sec
Benchmark complete
[SGXSan] ALWAYS: Enter enc_wolfSSL_connect
[SGXSan] ALWAYS: Enter enc_wolfSSL_CTX_use_certificate_chain_buffer_format
[SGXSan] ALWAYS: Enter enc_wolfSSL_CTX_use_certificate_buffer
[SGXSan] ALWAYS: Enter enc_wolfSSL_Cleanup
[SGXSan] ALWAYS: Enter enc_wolfSSL_new
[SGXSan] ALWAYS: Enter enc_wolfSSL_Debugging_ON
[SGXSan] ALWAYS: Enter enc_wolfSSL_free
[SGXSan] ALWAYS: Enter enc_wolfSSL_write
[SGXSan] ALWAYS: Enter enc_wolfSSL_get_error
[SGXSan] ALWAYS: Enter enc_wolfSSL_Debugging_OFF
[SGXSan] ALWAYS: Enter enc_wolfSSL_CTX_free
[SGXSan] ALWAYS: Enter enc_wolfSSL_Init
[SGXSan] ALWAYS: Enter enc_wolfTLSv1_2_client_method
[SGXSan] ALWAYS: Enter enc_wolfSSL_CTX_use_PrivateKey_buffer
[SGXSan] ALWAYS: Enter enc_wolfSSL_CTX_new
[SGXSan] ALWAYS: Enter enc_wolfSSL_CTX_load_verify_buffer
[SGXSan] ALWAYS: Enter enc_wolfSSL_CTX_set_cipher_list
[SGXSan] ALWAYS: Enter enc_wolfSSL_read
[SGXSan] ALWAYS: Enter wc_test
------------------------------------------------------------------------------
 wolfSSL version 5.1.0
------------------------------------------------------------------------------
error    test passed!
MEMORY   test passed!
base64   test passed!
asn      test passed!
RANDOM   test passed!
MD5      test passed!
MD4      test passed!
SHA      test passed!
SHA-256  test passed!
Hash     test passed!
HMAC-MD5 test passed!
HMAC-SHA test passed!
HMAC-SHA256 test passed!
GMAC     test passed!
HC-128   test passed!
Rabbit   test passed!
DES      test passed!
DES3     test passed!
AES      test passed!
AES192   test passed!
AES256   test passed!
AES-GCM  test passed!
RSA      test passed!
DH       test passed!
DSA      test passed!
PWDBASED test passed!
ECC      test passed!
ECC buffer test passed!
logging  test passed!
mutex    test passed!
memcb    test failed!
 error = -13803
[SGXSan] ALWAYS: Enter enc_wolfSSL_set_fd
[SGXSan] ALWAYS: Enter enc_wolfTLSv1_2_server_method
[SGXSan] ALWAYS: Enter wc_benchmark_test
------------------------------------------------------------------------------
 wolfSSL version 5.1.0
------------------------------------------------------------------------------
wolfCrypt Benchmark (block bytes 1048576, min 1.0 sec each)
RNG                 15 MB took 1.185 seconds,   12.655 MB/s
AES-128-CBC-enc     35 MB took 1.063 seconds,   32.931 MB/s
AES-128-CBC-dec     35 MB took 1.152 seconds,   30.386 MB/s
AES-192-CBC-enc     30 MB took 1.065 seconds,   28.179 MB/s
AES-192-CBC-dec     30 MB took 1.125 seconds,   26.662 MB/s
AES-256-CBC-enc     25 MB took 1.004 seconds,   24.890 MB/s
AES-256-CBC-dec     25 MB took 1.065 seconds,   23.474 MB/s
AES-128-GCM-enc     25 MB took 1.050 seconds,   23.808 MB/s
AES-128-GCM-dec     25 MB took 1.053 seconds,   23.732 MB/s
AES-192-GCM-enc     25 MB took 1.186 seconds,   21.083 MB/s
AES-192-GCM-dec     25 MB took 1.176 seconds,   21.265 MB/s
AES-256-GCM-enc     20 MB took 1.022 seconds,   19.568 MB/s
AES-256-GCM-dec     20 MB took 1.038 seconds,   19.272 MB/s
GMAC Table 4-bit    69 MB took 1.013 seconds,   68.104 MB/s
RABBIT              95 MB took 1.049 seconds,   90.598 MB/s
3DES                10 MB took 1.093 seconds,    9.145 MB/s
MD5                305 MB took 1.014 seconds,  300.646 MB/s
SHA                130 MB took 1.029 seconds,  126.316 MB/s
SHA-256             35 MB took 1.133 seconds,   30.885 MB/s
HMAC-MD5           305 MB took 1.013 seconds,  301.008 MB/s
HMAC-SHA           130 MB took 1.020 seconds,  127.504 MB/s
HMAC-SHA256         35 MB took 1.139 seconds,   30.731 MB/s
PBKDF2               4 KB took 1.003 seconds,    3.769 KB/s
RSA     2048 public       1400 ops took 1.012 sec, avg 0.723 ms, 1382.768 ops/sec
RSA     2048 private       100 ops took 3.669 sec, avg 36.690 ms, 27.255 ops/sec
DH      2048 key gen        65 ops took 1.010 sec, avg 15.540 ms, 64.350 ops/sec
DH      2048 agree         100 ops took 1.549 sec, avg 15.488 ms, 64.565 ops/sec
ECC   [      SECP256R1]   256 key gen      1352 ops took 1.001 sec, avg 0.740 ms, 1350.649 ops/sec
ECDHE [      SECP256R1]   256 agree         900 ops took 1.071 sec, avg 1.190 ms, 840.464 ops/sec
ECDSA [      SECP256R1]   256 sign         1200 ops took 1.020 sec, avg 0.850 ms, 1176.608 ops/sec
ECDSA [      SECP256R1]   256 verify        900 ops took 1.058 sec, avg 1.175 ms, 850.987 ops/sec
Benchmark complete
[SGXSan] ALWAYS: Enter enc_wolfSSL_connect
[SGXSan] ALWAYS: Enter enc_wolfSSL_CTX_use_certificate_chain_buffer_format
[SGXSan] ALWAYS: Enter enc_wolfSSL_CTX_use_certificate_buffer
[SGXSan] ALWAYS: Enter enc_wolfSSL_Cleanup
[SGXSan] ALWAYS: Enter enc_wolfSSL_new
[SGXSan] ALWAYS: Enter enc_wolfSSL_Debugging_ON
[SGXSan] ALWAYS: Enter enc_wolfSSL_free
[SGXSan] ALWAYS: Enter enc_wolfSSL_write
[SGXSan] ALWAYS: Enter enc_wolfSSL_get_error
[SGXSan] ALWAYS: Enter enc_wolfSSL_Debugging_OFF
[SGXSan] ALWAYS: Enter enc_wolfSSL_CTX_free
[SGXSan] ALWAYS: Enter enc_wolfSSL_Init
[SGXSan] ALWAYS: Enter enc_wolfTLSv1_2_client_method
[SGXSan] ALWAYS: Enter enc_wolfSSL_CTX_use_PrivateKey_buffer
[SGXSan] ALWAYS: Enter enc_wolfSSL_CTX_new
[SGXSan] ALWAYS: Enter enc_wolfSSL_CTX_load_verify_buffer
[SGXSan] ALWAYS: Enter enc_wolfSSL_CTX_set_cipher_list
#8	pulse  cov: 6301 ft: 6306 corp: 4/1465Kb lim: 1000000 exec/s: 0 rss: 88Mb
[SGXSan] ALWAYS: Enter enc_wolfSSL_read
[SGXSan] ALWAYS: Enter wc_test
------------------------------------------------------------------------------
 wolfSSL version 5.1.0
------------------------------------------------------------------------------
error    test passed!
MEMORY   test passed!
base64   test passed!
asn      test passed!
RANDOM   test passed!
MD5      test passed!
MD4      test passed!
SHA      test passed!
SHA-256  test passed!
Hash     test passed!
HMAC-MD5 test passed!
HMAC-SHA test passed!
HMAC-SHA256 test passed!
GMAC     test passed!
HC-128   test passed!
Rabbit   test passed!
DES      test passed!
DES3     test passed!
AES      test passed!
AES192   test passed!
AES256   test passed!
AES-GCM  test passed!
RSA      test passed!
DH       test passed!
DSA      test passed!
PWDBASED test passed!
ECC      test passed!
ECC buffer test passed!
logging  test passed!
mutex    test passed!
memcb    test failed!
 error = -13803
[SGXSan] ALWAYS: Enter enc_wolfSSL_set_fd
[SGXSan] ALWAYS: Enter enc_wolfTLSv1_2_server_method
[SGXSan] ALWAYS: Enter wc_benchmark_test
------------------------------------------------------------------------------
 wolfSSL version 5.1.0
------------------------------------------------------------------------------
wolfCrypt Benchmark (block bytes 1048576, min 1.0 sec each)
RNG                 15 MB took 1.142 seconds,   13.133 MB/s
AES-128-CBC-enc     35 MB took 1.062 seconds,   32.946 MB/s
AES-128-CBC-dec     35 MB took 1.149 seconds,   30.453 MB/s
AES-192-CBC-enc     25 MB took 1.129 seconds,   22.143 MB/s
AES-192-CBC-dec     15 MB took 1.022 seconds,   14.673 MB/s
AES-256-CBC-enc     15 MB took 1.075 seconds,   13.955 MB/s
AES-256-CBC-dec     15 MB took 1.130 seconds,   13.270 MB/s
AES-128-GCM-enc     15 MB took 1.110 seconds,   13.509 MB/s
AES-128-GCM-dec     15 MB took 1.102 seconds,   13.606 MB/s
AES-192-GCM-enc     15 MB took 1.243 seconds,   12.063 MB/s
AES-192-GCM-dec     15 MB took 1.258 seconds,   11.924 MB/s
AES-256-GCM-enc     15 MB took 1.010 seconds,   14.858 MB/s
AES-256-GCM-dec     20 MB took 1.033 seconds,   19.367 MB/s
GMAC Table 4-bit    69 MB took 1.012 seconds,   68.193 MB/s
RABBIT              95 MB took 1.049 seconds,   90.599 MB/s
3DES                10 MB took 1.075 seconds,    9.305 MB/s
MD5                305 MB took 1.011 seconds,  301.693 MB/s
SHA                130 MB took 1.026 seconds,  126.682 MB/s
SHA-256             35 MB took 1.134 seconds,   30.862 MB/s
HMAC-MD5           225 MB took 1.022 seconds,  220.241 MB/s
HMAC-SHA            75 MB took 1.036 seconds,   72.406 MB/s
HMAC-SHA256         20 MB took 1.118 seconds,   17.885 MB/s
PBKDF2               3 KB took 1.004 seconds,    2.644 KB/s
RSA     2048 public       1300 ops took 1.012 sec, avg 0.779 ms, 1284.134 ops/sec
RSA     2048 private       100 ops took 3.666 sec, avg 36.658 ms, 27.279 ops/sec
DH      2048 key gen        65 ops took 1.008 sec, avg 15.504 ms, 64.498 ops/sec
DH      2048 agree         100 ops took 1.548 sec, avg 15.479 ms, 64.604 ops/sec
ECC   [      SECP256R1]   256 key gen      1406 ops took 1.000 sec, avg 0.711 ms, 1405.916 ops/sec
ECDHE [      SECP256R1]   256 agree        1000 ops took 1.104 sec, avg 1.104 ms, 906.096 ops/sec
ECDSA [      SECP256R1]   256 sign         1200 ops took 1.011 sec, avg 0.842 ms, 1187.050 ops/sec
ECDSA [      SECP256R1]   256 verify        900 ops took 1.048 sec, avg 1.164 ms, 858.789 ops/sec
Benchmark complete
[SGXSan] ALWAYS: Enter enc_wolfSSL_connect
[SGXSan] ALWAYS: Enter enc_wolfSSL_CTX_use_certificate_chain_buffer_format
[SGXSan] ALWAYS: Enter enc_wolfSSL_CTX_use_certificate_buffer
[SGXSan] ALWAYS: Enter enc_wolfSSL_Cleanup
[SGXSan] ALWAYS: Enter enc_wolfSSL_new
[SGXSan] ALWAYS: Enter enc_wolfSSL_Debugging_ON
[SGXSan] ALWAYS: Enter enc_wolfSSL_free
[SGXSan] ALWAYS: Enter enc_wolfSSL_write
[SGXSan] ALWAYS: Enter enc_wolfSSL_get_error
[SGXSan] ALWAYS: Enter enc_wolfSSL_Debugging_OFF
[SGXSan] ALWAYS: Enter enc_wolfSSL_CTX_free
[SGXSan] ALWAYS: Enter enc_wolfSSL_Init
[SGXSan] ALWAYS: Enter enc_wolfTLSv1_2_client_method
[SGXSan] ALWAYS: Enter enc_wolfSSL_CTX_use_PrivateKey_buffer
[SGXSan] ALWAYS: Enter enc_wolfSSL_CTX_new
[SGXSan] ALWAYS: Enter enc_wolfSSL_CTX_load_verify_buffer
[SGXSan] ALWAYS: Enter enc_wolfSSL_CTX_set_cipher_list
[SGXSan] ALWAYS: Enter enc_wolfSSL_read
[SGXSan] ALWAYS: Enter wc_test
------------------------------------------------------------------------------
 wolfSSL version 5.1.0
------------------------------------------------------------------------------
error    test passed!
MEMORY   test passed!
base64   test passed!
asn      test passed!
RANDOM   test passed!
MD5      test passed!
MD4      test passed!
SHA      test passed!
SHA-256  test passed!
Hash     test passed!
HMAC-MD5 test passed!
HMAC-SHA test passed!
HMAC-SHA256 test passed!
GMAC     test passed!
HC-128   test passed!
Rabbit   test passed!
DES      test passed!
DES3     test passed!
AES      test passed!
AES192   test passed!
AES256   test passed!
AES-GCM  test passed!
RSA      test passed!
DH       test passed!
DSA      test passed!
PWDBASED test passed!
ECC      test passed!
ECC buffer test passed!
logging  test passed!
mutex    test passed!
memcb    test failed!
 error = -13803
[SGXSan] ALWAYS: Enter enc_wolfSSL_set_fd
[SGXSan] ALWAYS: Enter enc_wolfTLSv1_2_server_method
[SGXSan] ALWAYS: Enter wc_benchmark_test
------------------------------------------------------------------------------
 wolfSSL version 5.1.0
------------------------------------------------------------------------------
wolfCrypt Benchmark (block bytes 1048576, min 1.0 sec each)
RNG                 15 MB took 1.140 seconds,   13.159 MB/s
AES-128-CBC-enc     35 MB took 1.056 seconds,   33.135 MB/s
AES-128-CBC-dec     35 MB took 1.153 seconds,   30.346 MB/s
AES-192-CBC-enc     30 MB took 1.055 seconds,   28.437 MB/s
AES-192-CBC-dec     30 MB took 1.144 seconds,   26.231 MB/s
AES-256-CBC-enc     30 MB took 1.198 seconds,   25.044 MB/s
AES-256-CBC-dec     25 MB took 1.093 seconds,   22.873 MB/s
AES-128-GCM-enc     25 MB took 1.050 seconds,   23.817 MB/s
AES-128-GCM-dec     25 MB took 1.049 seconds,   23.834 MB/s
AES-192-GCM-enc     25 MB took 1.175 seconds,   21.285 MB/s
AES-192-GCM-dec     25 MB took 1.170 seconds,   21.360 MB/s
AES-256-GCM-enc     20 MB took 1.027 seconds,   19.479 MB/s
AES-256-GCM-dec     20 MB took 1.008 seconds,   19.844 MB/s
GMAC Table 4-bit    68 MB took 1.003 seconds,   67.798 MB/s
RABBIT              95 MB took 1.053 seconds,   90.210 MB/s
3DES                10 MB took 1.089 seconds,    9.182 MB/s
MD5                300 MB took 1.007 seconds,  297.994 MB/s
SHA                130 MB took 1.012 seconds,  128.486 MB/s
SHA-256             35 MB took 1.135 seconds,   30.845 MB/s
HMAC-MD5           305 MB took 1.010 seconds,  301.980 MB/s
HMAC-SHA           130 MB took 1.016 seconds,  127.988 MB/s
HMAC-SHA256         35 MB took 1.143 seconds,   30.618 MB/s
PBKDF2               4 KB took 1.002 seconds,    3.775 KB/s
RSA     2048 public       1400 ops took 1.008 sec, avg 0.720 ms, 1388.926 ops/sec
RSA     2048 private       100 ops took 3.669 sec, avg 36.686 ms, 27.258 ops/sec
DH      2048 key gen        65 ops took 1.013 sec, avg 15.586 ms, 64.161 ops/sec
DH      2048 agree         100 ops took 1.545 sec, avg 15.448 ms, 64.733 ops/sec
ECC   [      SECP256R1]   256 key gen      1400 ops took 1.000 sec, avg 0.715 ms, 1399.349 ops/sec
ECDHE [      SECP256R1]   256 agree        1000 ops took 1.100 sec, avg 1.100 ms, 909.099 ops/sec
ECDSA [      SECP256R1]   256 sign         1200 ops took 1.008 sec, avg 0.840 ms, 1190.935 ops/sec
ECDSA [      SECP256R1]   256 verify        900 ops took 1.045 sec, avg 1.162 ms, 860.947 ops/sec
Benchmark complete
[SGXSan] ALWAYS: Enter enc_wolfSSL_connect
[SGXSan] ALWAYS: Enter enc_wolfSSL_CTX_use_certificate_chain_buffer_format
[SGXSan] ALWAYS: Enter enc_wolfSSL_CTX_use_certificate_buffer
[SGXSan] ALWAYS: Enter enc_wolfSSL_Cleanup
[SGXSan] ALWAYS: Enter enc_wolfSSL_new
[SGXSan] ALWAYS: Enter enc_wolfSSL_Debugging_ON
[SGXSan] ALWAYS: Enter enc_wolfSSL_free
[SGXSan] ALWAYS: Enter enc_wolfSSL_write
[SGXSan] ALWAYS: Enter enc_wolfSSL_get_error
[SGXSan] ALWAYS: Enter enc_wolfSSL_Debugging_OFF
[SGXSan] ALWAYS: Enter enc_wolfSSL_CTX_free
[SGXSan] ALWAYS: Enter enc_wolfSSL_Init
[SGXSan] ALWAYS: Enter enc_wolfTLSv1_2_client_method
[SGXSan] ALWAYS: Enter enc_wolfSSL_CTX_use_PrivateKey_buffer
[SGXSan] ALWAYS: Enter enc_wolfSSL_CTX_new
[SGXSan] ALWAYS: Enter enc_wolfSSL_CTX_load_verify_buffer
[SGXSan] ALWAYS: Enter enc_wolfSSL_CTX_set_cipher_list
#10	DONE   cov: 6301 ft: 6306 corp: 4/1465Kb lim: 1000000 exec/s: 0 rss: 98Mb
Done 10 runs in 422 second(s)
stat::number_of_executed_units: 10
stat::average_exec_per_sec:     0
stat::new_units_added:          0
stat::slowest_unit_time_sec:    41
stat::peak_rss_mb:              98
