WARNING: Failed to find function "__sanitizer_acquire_crash_state".
WARNING: Failed to find function "__sanitizer_print_stack_trace".
WARNING: Failed to find function "__sanitizer_set_death_callback".
[2023-01-15 20:35:12.507] [Init] Num of ECall: 22
[2023-01-15 20:35:12.507] ECalls:
  0 - fuzz_enc_wolfSSL_CTX_free
  1 - fuzz_enc_wolfSSL_CTX_load_verify_buffer
  2 - fuzz_enc_wolfSSL_CTX_new
  3 - fuzz_enc_wolfSSL_CTX_set_cipher_list
  4 - fuzz_enc_wolfSSL_CTX_use_PrivateKey_buffer
  5 - fuzz_enc_wolfSSL_CTX_use_certificate_buffer
  6 - fuzz_enc_wolfSSL_CTX_use_certificate_chain_buffer_format
  7 - fuzz_enc_wolfSSL_Cleanup
  8 - fuzz_enc_wolfSSL_Debugging_OFF
  9 - fuzz_enc_wolfSSL_Debugging_ON
  10 - fuzz_enc_wolfSSL_Init
  11 - fuzz_enc_wolfSSL_connect
  12 - fuzz_enc_wolfSSL_free
  13 - fuzz_enc_wolfSSL_get_error
  14 - fuzz_enc_wolfSSL_new
  15 - fuzz_enc_wolfSSL_read
  16 - fuzz_enc_wolfSSL_set_fd
  17 - fuzz_enc_wolfSSL_write
  18 - fuzz_enc_wolfTLSv1_2_client_method
  19 - fuzz_enc_wolfTLSv1_2_server_method
  20 - fuzz_wc_benchmark_test
  21 - fuzz_wc_test

INFO: found LLVMFuzzerCustomMutator (0x44ac30). Disabling -len_control by default.
INFO: libFuzzer ignores flags that start with '--'
INFO: Running with entropic power schedule (0xFF, 100).
INFO: Seed: 3927269809
INFO: Loaded 1 modules   (291 inline 8-bit counters): 291 [0x4cb7e8, 0x4cb90b), 
INFO: Loaded 1 PC tables (291 PCs): 291 [0x4cb910,0x4ccb40), 
INFO:        0 files found in /tmp/libFuzzerTemp.FuzzWithFork422940.dir/C235
[SGXSan] ALWAYS: Hook __sanitizer_cov_8bit_counters_init of Enclave, 21636 inline 8-bit counts [0x7f6c007fe9c0, 0x7f6c00803e44) (First time)
[SGXSan] ALWAYS: Hook __sanitizer_cov_pcs_init of Enclave, 21636 PCs [0x7f6c00803e48, 0x7f6c00858688) (First time)
[SGXSan] ALWAYS: Enter enc_wolfSSL_CTX_free
[SGXSan] ALWAYS: Enter enc_wolfSSL_CTX_load_verify_buffer
[SGXSan] ALWAYS: Enter enc_wolfSSL_CTX_new
[SGXSan] ALWAYS: Enter enc_wolfSSL_CTX_set_cipher_list
[SGXSan] ALWAYS: Enter enc_wolfSSL_CTX_use_PrivateKey_buffer
[SGXSan] ALWAYS: Enter enc_wolfSSL_CTX_use_certificate_buffer
[SGXSan] ALWAYS: Enter enc_wolfSSL_CTX_use_certificate_chain_buffer_format
[SGXSan] ALWAYS: Enter enc_wolfSSL_Cleanup
[SGXSan] ALWAYS: Enter enc_wolfSSL_Debugging_OFF
[SGXSan] ALWAYS: Enter enc_wolfSSL_Debugging_ON
[SGXSan] ALWAYS: Enter enc_wolfSSL_Init
[SGXSan] ALWAYS: Enter enc_wolfSSL_connect
[SGXSan] ALWAYS: Enter enc_wolfSSL_free
[SGXSan] ALWAYS: Enter enc_wolfSSL_get_error
[SGXSan] ALWAYS: Enter enc_wolfSSL_new
[SGXSan] ALWAYS: Enter enc_wolfSSL_read
[SGXSan] ALWAYS: Enter enc_wolfSSL_set_fd
[SGXSan] ALWAYS: Enter enc_wolfSSL_write
[SGXSan] ALWAYS: Enter enc_wolfTLSv1_2_client_method
[SGXSan] ALWAYS: Enter enc_wolfTLSv1_2_server_method
[SGXSan] ALWAYS: Enter wc_benchmark_test
------------------------------------------------------------------------------
 wolfSSL version 5.1.0
------------------------------------------------------------------------------
wolfCrypt Benchmark (block bytes 1048576, min 1.0 sec each)
RNG                 15 MB took 1.135 seconds,   13.220 MB/s
AES-128-CBC-enc     35 MB took 1.059 seconds,   33.042 MB/s
AES-128-CBC-dec     30 MB took 1.028 seconds,   29.171 MB/s
AES-192-CBC-enc     30 MB took 1.058 seconds,   28.343 MB/s
AES-192-CBC-dec     30 MB took 1.132 seconds,   26.499 MB/s
AES-256-CBC-enc     30 MB took 1.183 seconds,   25.360 MB/s
AES-256-CBC-dec     25 MB took 1.039 seconds,   24.058 MB/s
AES-128-GCM-enc     25 MB took 1.056 seconds,   23.675 MB/s
AES-128-GCM-dec     25 MB took 1.046 seconds,   23.894 MB/s
AES-192-GCM-enc     25 MB took 1.173 seconds,   21.309 MB/s
AES-192-GCM-dec     25 MB took 1.169 seconds,   21.394 MB/s
AES-256-GCM-enc     20 MB took 1.028 seconds,   19.448 MB/s
AES-256-GCM-dec     20 MB took 1.050 seconds,   19.051 MB/s
GMAC Table 4-bit    67 MB took 1.001 seconds,   66.901 MB/s
RABBIT              90 MB took 1.018 seconds,   88.412 MB/s
3DES                10 MB took 1.103 seconds,    9.065 MB/s
MD5                300 MB took 1.013 seconds,  296.012 MB/s
SHA                125 MB took 1.016 seconds,  123.038 MB/s
SHA-256             30 MB took 1.020 seconds,   29.417 MB/s
HMAC-MD5           285 MB took 1.012 seconds,  281.698 MB/s
HMAC-SHA           130 MB took 1.021 seconds,  127.294 MB/s
HMAC-SHA256         35 MB took 1.135 seconds,   30.850 MB/s
PBKDF2               4 KB took 1.000 seconds,    3.718 KB/s
RSA     2048 public       1400 ops took 1.006 sec, avg 0.719 ms, 1391.361 ops/sec
RSA     2048 private       100 ops took 3.720 sec, avg 37.198 ms, 26.883 ops/sec
DH      2048 key gen        64 ops took 1.008 sec, avg 15.746 ms, 63.507 ops/sec
DH      2048 agree         100 ops took 1.588 sec, avg 15.875 ms, 62.990 ops/sec
ECC   [      SECP256R1]   256 key gen      1391 ops took 1.000 sec, avg 0.719 ms, 1390.465 ops/sec
ECDHE [      SECP256R1]   256 agree        1000 ops took 1.112 sec, avg 1.112 ms, 899.466 ops/sec
ECDSA [      SECP256R1]   256 sign         1200 ops took 1.027 sec, avg 0.856 ms, 1168.667 ops/sec
ECDSA [      SECP256R1]   256 verify        900 ops took 1.060 sec, avg 1.177 ms, 849.303 ops/sec
Benchmark complete
[SGXSan] ALWAYS: Enter wc_test
INFO: seed corpus: files: 4 min: 370191b max: 390122b total: 1520626b rss: 43Mb
------------------------------------------------------------------------------
 wolfSSL version 5.1.0
------------------------------------------------------------------------------
error    test passed!
MEMORY   test passed!
base64   test passed!
asn      test passed!
RANDOM   test passed!
MD5      test passed!
MD4      test passed!
SHA      test passed!
SHA-256  test passed!
Hash     test passed!
HMAC-MD5 test passed!
HMAC-SHA test passed!
HMAC-SHA256 test passed!
GMAC     test passed!
HC-128   test passed!
Rabbit   test passed!
DES      test passed!
DES3     test passed!
AES      test passed!
AES192   test passed!
AES256   test passed!
AES-GCM  test passed!
RSA      test passed!
DH       test passed!
DSA      test passed!
PWDBASED test passed!
ECC      test passed!
ECC buffer test passed!
logging  test passed!
mutex    test passed!
memcb    test passed!
Test complete
[SGXSan] ALWAYS: Enter enc_wolfSSL_set_fd
[SGXSan] ALWAYS: Enter enc_wolfTLSv1_2_client_method
[SGXSan] ALWAYS: Enter enc_wolfSSL_CTX_new
[SGXSan] ALWAYS: Enter enc_wolfSSL_read
[SGXSan] ALWAYS: Enter enc_wolfSSL_CTX_set_cipher_list
[SGXSan] ALWAYS: Enter enc_wolfSSL_CTX_free
[SGXSan] ALWAYS: Enter enc_wolfSSL_new
[SGXSan] ALWAYS: Enter enc_wolfSSL_CTX_use_PrivateKey_buffer
[SGXSan] ALWAYS: Enter enc_wolfTLSv1_2_server_method
[SGXSan] ALWAYS: Enter enc_wolfSSL_CTX_load_verify_buffer
[SGXSan] ALWAYS: Enter enc_wolfSSL_connect
[SGXSan] ALWAYS: Enter enc_wolfSSL_Debugging_OFF
[SGXSan] ALWAYS: Enter enc_wolfSSL_CTX_use_certificate_buffer
[SGXSan] ALWAYS: Enter enc_wolfSSL_free
[SGXSan] ALWAYS: Enter enc_wolfSSL_Init
[SGXSan] ALWAYS: Enter enc_wolfSSL_CTX_use_certificate_chain_buffer_format
[SGXSan] ALWAYS: Enter wc_benchmark_test
------------------------------------------------------------------------------
 wolfSSL version 5.1.0
------------------------------------------------------------------------------
wolfCrypt Benchmark (block bytes 1048576, min 1.0 sec each)
RNG                 15 MB took 1.129 seconds,   13.286 MB/s
AES-128-CBC-enc     35 MB took 1.067 seconds,   32.800 MB/s
AES-128-CBC-dec     30 MB took 1.018 seconds,   29.478 MB/s
AES-192-CBC-enc     30 MB took 1.086 seconds,   27.636 MB/s
AES-192-CBC-dec     30 MB took 1.163 seconds,   25.793 MB/s
AES-256-CBC-enc     30 MB took 1.195 seconds,   25.102 MB/s
AES-256-CBC-dec     25 MB took 1.067 seconds,   23.435 MB/s
AES-128-GCM-enc     25 MB took 1.085 seconds,   23.052 MB/s
AES-128-GCM-dec     25 MB took 1.064 seconds,   23.490 MB/s
AES-192-GCM-enc     25 MB took 1.172 seconds,   21.332 MB/s
AES-192-GCM-dec     25 MB took 1.169 seconds,   21.389 MB/s
AES-256-GCM-enc     20 MB took 1.015 seconds,   19.713 MB/s
AES-256-GCM-dec     20 MB took 1.034 seconds,   19.340 MB/s
GMAC Table 4-bit    67 MB took 1.005 seconds,   66.685 MB/s
RABBIT              90 MB took 1.021 seconds,   88.106 MB/s
3DES                10 MB took 1.101 seconds,    9.079 MB/s
MD5                300 MB took 1.005 seconds,  298.558 MB/s
SHA                125 MB took 1.019 seconds,  122.655 MB/s
SHA-256             35 MB took 1.158 seconds,   30.212 MB/s
HMAC-MD5           300 MB took 1.013 seconds,  296.125 MB/s
HMAC-SHA           130 MB took 1.020 seconds,  127.430 MB/s
HMAC-SHA256         35 MB took 1.137 seconds,   30.793 MB/s
PBKDF2               4 KB took 1.004 seconds,    3.735 KB/s
RSA     2048 public       1400 ops took 1.004 sec, avg 0.717 ms, 1394.799 ops/sec
RSA     2048 private       100 ops took 3.656 sec, avg 36.560 ms, 27.352 ops/sec
DH      2048 key gen        65 ops took 1.012 sec, avg 15.573 ms, 64.214 ops/sec
DH      2048 agree         100 ops took 1.544 sec, avg 15.439 ms, 64.771 ops/sec
ECC   [      SECP256R1]   256 key gen      1415 ops took 1.000 sec, avg 0.707 ms, 1414.536 ops/sec
ECDHE [      SECP256R1]   256 agree        1000 ops took 1.081 sec, avg 1.081 ms, 924.956 ops/sec
ECDSA [      SECP256R1]   256 sign         1200 ops took 1.002 sec, avg 0.835 ms, 1197.425 ops/sec
ECDSA [      SECP256R1]   256 verify        900 ops took 1.024 sec, avg 1.138 ms, 878.743 ops/sec
Benchmark complete
[SGXSan] ALWAYS: Enter enc_wolfSSL_Debugging_ON
[SGXSan] ALWAYS: Enter wc_test
------------------------------------------------------------------------------
 wolfSSL version 5.1.0
------------------------------------------------------------------------------
error    test passed!
MEMORY   test passed!
base64   test passed!
asn      test passed!
RANDOM   test passed!
MD5      test passed!
MD4      test passed!
SHA      test passed!
SHA-256  test passed!
Hash     test passed!
HMAC-MD5 test passed!
HMAC-SHA test passed!
HMAC-SHA256 test passed!
GMAC     test passed!
HC-128   test passed!
Rabbit   test passed!
DES      test passed!
DES3     test passed!
AES      test passed!
AES192   test passed!
AES256   test passed!
AES-GCM  test passed!
RSA      test passed!
DH       test passed!
DSA      test passed!
PWDBASED test passed!
ECC      test passed!
ECC buffer test passed!
logging  test passed!
mutex    test passed!
memcb    test failed!
 error = -13803
[SGXSan] ALWAYS: Enter enc_wolfSSL_Cleanup
[SGXSan] ALWAYS: Enter enc_wolfSSL_write
[SGXSan] ALWAYS: Enter enc_wolfSSL_get_error
#2	pulse  ft: 6274 exec/s: 0 rss: 50Mb
Slowest unit: 42 s:
artifact_prefix='./crashes/'; Test unit written to ./crashes/slow-unit-eac2caf48f68a7de1dbebb64ea9fb2e3320b7df3
[SGXSan] ALWAYS: Enter enc_wolfTLSv1_2_server_method
[SGXSan] ALWAYS: Enter enc_wolfSSL_Debugging_ON
[SGXSan] ALWAYS: Enter enc_wolfSSL_CTX_use_PrivateKey_buffer
[SGXSan] ALWAYS: Enter enc_wolfSSL_new
[SGXSan] ALWAYS: Enter enc_wolfSSL_CTX_free
[SGXSan] ALWAYS: Enter enc_wolfSSL_get_error
[SGXSan] ALWAYS: Enter enc_wolfSSL_Debugging_OFF
[SGXSan] ALWAYS: Enter enc_wolfSSL_CTX_load_verify_buffer
[SGXSan] ALWAYS: Enter enc_wolfSSL_CTX_use_certificate_chain_buffer_format
[SGXSan] ALWAYS: Enter enc_wolfSSL_CTX_use_certificate_buffer
[SGXSan] ALWAYS: Enter wc_test
------------------------------------------------------------------------------
 wolfSSL version 5.1.0
------------------------------------------------------------------------------
error    test passed!
MEMORY   test passed!
base64   test passed!
asn      test passed!
RANDOM   test passed!
MD5      test passed!
MD4      test passed!
SHA      test passed!
SHA-256  test passed!
Hash     test passed!
HMAC-MD5 test passed!
HMAC-SHA test passed!
HMAC-SHA256 test passed!
GMAC     test passed!
HC-128   test passed!
Rabbit   test passed!
DES      test passed!
DES3     test passed!
AES      test passed!
AES192   test passed!
AES256   test passed!
AES-GCM  test passed!
RSA      test passed!
DH       test passed!
DSA      test passed!
PWDBASED test passed!
ECC      test passed!
ECC buffer test passed!
logging  test passed!
mutex    test passed!
memcb    test failed!
 error = -13803
[SGXSan] ALWAYS: Enter wc_benchmark_test
------------------------------------------------------------------------------
 wolfSSL version 5.1.0
------------------------------------------------------------------------------
wolfCrypt Benchmark (block bytes 1048576, min 1.0 sec each)
RNG                 15 MB took 1.157 seconds,   12.969 MB/s
AES-128-CBC-enc     35 MB took 1.064 seconds,   32.896 MB/s
AES-128-CBC-dec     30 MB took 1.013 seconds,   29.615 MB/s
AES-192-CBC-enc     30 MB took 1.072 seconds,   27.997 MB/s
AES-192-CBC-dec     25 MB took 1.002 seconds,   24.961 MB/s
AES-256-CBC-enc     30 MB took 1.182 seconds,   25.373 MB/s
AES-256-CBC-dec     25 MB took 1.033 seconds,   24.195 MB/s
AES-128-GCM-enc     25 MB took 1.050 seconds,   23.816 MB/s
AES-128-GCM-dec     25 MB took 1.043 seconds,   23.967 MB/s
AES-192-GCM-enc     25 MB took 1.187 seconds,   21.059 MB/s
AES-192-GCM-dec     25 MB took 1.193 seconds,   20.952 MB/s
AES-256-GCM-enc     20 MB took 1.032 seconds,   19.381 MB/s
AES-256-GCM-dec     20 MB took 1.047 seconds,   19.095 MB/s
GMAC Table 4-bit    67 MB took 1.005 seconds,   66.680 MB/s
RABBIT              90 MB took 1.014 seconds,   88.777 MB/s
3DES                10 MB took 1.104 seconds,    9.057 MB/s
MD5                305 MB took 1.009 seconds,  302.221 MB/s
SHA                130 MB took 1.025 seconds,  126.886 MB/s
SHA-256             35 MB took 1.145 seconds,   30.575 MB/s
HMAC-MD5           300 MB took 1.008 seconds,  297.551 MB/s
HMAC-SHA           130 MB took 1.037 seconds,  125.414 MB/s
HMAC-SHA256         35 MB took 1.168 seconds,   29.963 MB/s
PBKDF2               4 KB took 1.001 seconds,    3.685 KB/s
RSA     2048 public       1400 ops took 1.052 sec, avg 0.751 ms, 1331.263 ops/sec
RSA     2048 private       100 ops took 3.770 sec, avg 37.698 ms, 26.526 ops/sec
DH      2048 key gen        60 ops took 1.004 sec, avg 16.734 ms, 59.758 ops/sec
DH      2048 agree         100 ops took 2.559 sec, avg 25.588 ms, 39.080 ops/sec
ECC   [      SECP256R1]   256 key gen       863 ops took 1.001 sec, avg 1.159 ms, 862.546 ops/sec
ECDHE [      SECP256R1]   256 agree         500 ops took 1.008 sec, avg 2.015 ms, 496.211 ops/sec
ECDSA [      SECP256R1]   256 sign          800 ops took 1.089 sec, avg 1.362 ms, 734.317 ops/sec
ECDSA [      SECP256R1]   256 verify        600 ops took 1.047 sec, avg 1.745 ms, 573.150 ops/sec
Benchmark complete
[SGXSan] ALWAYS: Enter enc_wolfSSL_Cleanup
[SGXSan] ALWAYS: Enter enc_wolfSSL_write
[SGXSan] ALWAYS: Enter enc_wolfSSL_CTX_set_cipher_list
[SGXSan] ALWAYS: Enter enc_wolfSSL_CTX_new
[SGXSan] ALWAYS: Enter enc_wolfSSL_read
[SGXSan] ALWAYS: Enter enc_wolfSSL_free
[SGXSan] ALWAYS: Enter enc_wolfTLSv1_2_client_method
[SGXSan] ALWAYS: Enter enc_wolfSSL_connect
[SGXSan] ALWAYS: Enter enc_wolfSSL_Init
[SGXSan] ALWAYS: Enter enc_wolfSSL_set_fd
[SGXSan] ALWAYS: Enter enc_wolfSSL_free
[SGXSan] ALWAYS: Enter enc_wolfSSL_new
[SGXSan] ALWAYS: Enter enc_wolfSSL_write
[SGXSan] ALWAYS: Enter enc_wolfSSL_CTX_set_cipher_list
[SGXSan] ALWAYS: Enter enc_wolfSSL_Init
[SGXSan] ALWAYS: Enter wc_test
------------------------------------------------------------------------------
 wolfSSL version 5.1.0
------------------------------------------------------------------------------
error    test passed!
MEMORY   test passed!
base64   test passed!
asn      test passed!
RANDOM   test passed!
MD5      test passed!
MD4      test passed!
SHA      test passed!
SHA-256  test passed!
Hash     test passed!
HMAC-MD5 test passed!
HMAC-SHA test passed!
HMAC-SHA256 test passed!
GMAC     test passed!
HC-128   test passed!
Rabbit   test passed!
DES      test passed!
DES3     test passed!
AES      test passed!
AES192   test passed!
AES256   test passed!
AES-GCM  test passed!
RSA      test passed!
DH       test passed!
DSA      test passed!
PWDBASED test passed!
ECC      test passed!
ECC buffer test passed!
logging  test passed!
mutex    test passed!
memcb    test failed!
 error = -13803
[SGXSan] ALWAYS: Enter enc_wolfSSL_CTX_use_certificate_chain_buffer_format
[SGXSan] ALWAYS: Enter enc_wolfSSL_connect
[SGXSan] ALWAYS: Enter wc_benchmark_test
------------------------------------------------------------------------------
 wolfSSL version 5.1.0
------------------------------------------------------------------------------
wolfCrypt Benchmark (block bytes 1048576, min 1.0 sec each)
RNG                 10 MB took 1.293 seconds,    7.732 MB/s
AES-128-CBC-enc     20 MB took 1.109 seconds,   18.028 MB/s
AES-128-CBC-dec     30 MB took 1.140 seconds,   26.316 MB/s
AES-192-CBC-enc     30 MB took 1.078 seconds,   27.828 MB/s
AES-192-CBC-dec     30 MB took 1.159 seconds,   25.886 MB/s
AES-256-CBC-enc     25 MB took 1.006 seconds,   24.855 MB/s
AES-256-CBC-dec     25 MB took 1.061 seconds,   23.570 MB/s
AES-128-GCM-enc     25 MB took 1.123 seconds,   22.265 MB/s
AES-128-GCM-dec     25 MB took 1.052 seconds,   23.762 MB/s
AES-192-GCM-enc     25 MB took 1.161 seconds,   21.525 MB/s
AES-192-GCM-dec     25 MB took 1.187 seconds,   21.053 MB/s
AES-256-GCM-enc     20 MB took 1.043 seconds,   19.182 MB/s
AES-256-GCM-dec     20 MB took 1.040 seconds,   19.230 MB/s
GMAC Table 4-bit    67 MB took 1.011 seconds,   66.247 MB/s
RABBIT              90 MB took 1.023 seconds,   87.951 MB/s
3DES                10 MB took 1.145 seconds,    8.734 MB/s
MD5                300 MB took 1.007 seconds,  297.978 MB/s
SHA                120 MB took 1.036 seconds,  115.780 MB/s
SHA-256             35 MB took 1.151 seconds,   30.402 MB/s
HMAC-MD5           305 MB took 1.003 seconds,  304.007 MB/s
HMAC-SHA           130 MB took 1.018 seconds,  127.653 MB/s
HMAC-SHA256         35 MB took 1.136 seconds,   30.807 MB/s
PBKDF2               4 KB took 1.002 seconds,    3.774 KB/s
RSA     2048 public       1400 ops took 1.014 sec, avg 0.725 ms, 1380.018 ops/sec
RSA     2048 private       100 ops took 3.712 sec, avg 37.121 ms, 26.939 ops/sec
DH      2048 key gen        64 ops took 1.009 sec, avg 15.763 ms, 63.440 ops/sec
DH      2048 agree         100 ops took 1.603 sec, avg 16.033 ms, 62.370 ops/sec
ECC   [      SECP256R1]   256 key gen      1353 ops took 1.000 sec, avg 0.739 ms, 1352.731 ops/sec
ECDHE [      SECP256R1]   256 agree         900 ops took 1.010 sec, avg 1.122 ms, 891.261 ops/sec
ECDSA [      SECP256R1]   256 sign         1200 ops took 1.038 sec, avg 0.865 ms, 1155.784 ops/sec
ECDSA [      SECP256R1]   256 verify        900 ops took 1.051 sec, avg 1.168 ms, 855.954 ops/sec
Benchmark complete
[SGXSan] ALWAYS: Enter enc_wolfSSL_read
[SGXSan] ALWAYS: Enter enc_wolfSSL_set_fd
[SGXSan] ALWAYS: Enter enc_wolfSSL_CTX_use_certificate_buffer
[SGXSan] ALWAYS: Enter enc_wolfSSL_Debugging_OFF
[SGXSan] ALWAYS: Enter enc_wolfTLSv1_2_server_method
[SGXSan] ALWAYS: Enter enc_wolfSSL_get_error
[SGXSan] ALWAYS: Enter enc_wolfSSL_CTX_free
[SGXSan] ALWAYS: Enter enc_wolfSSL_CTX_load_verify_buffer
[SGXSan] ALWAYS: Enter enc_wolfTLSv1_2_client_method
[SGXSan] ALWAYS: Enter enc_wolfSSL_CTX_new
[SGXSan] ALWAYS: Enter enc_wolfSSL_Debugging_ON
[SGXSan] ALWAYS: Enter enc_wolfSSL_Cleanup
[SGXSan] ALWAYS: Enter enc_wolfSSL_CTX_use_PrivateKey_buffer
#4	pulse  cov: 6279 ft: 6280 corp: 2/723Kb exec/s: 0 rss: 64Mb
[SGXSan] ALWAYS: Enter enc_wolfSSL_Init
[SGXSan] ALWAYS: Enter enc_wolfSSL_Cleanup
[SGXSan] ALWAYS: Enter enc_wolfSSL_set_fd
[SGXSan] ALWAYS: Enter enc_wolfSSL_CTX_load_verify_buffer
[SGXSan] ALWAYS: Enter enc_wolfSSL_Debugging_ON
[SGXSan] ALWAYS: Enter wc_benchmark_test
------------------------------------------------------------------------------
 wolfSSL version 5.1.0
------------------------------------------------------------------------------
wolfCrypt Benchmark (block bytes 1048576, min 1.0 sec each)
RNG                 15 MB took 1.127 seconds,   13.316 MB/s
AES-128-CBC-enc     35 MB took 1.061 seconds,   32.984 MB/s
AES-128-CBC-dec     35 MB took 1.149 seconds,   30.453 MB/s
AES-192-CBC-enc     30 MB took 1.054 seconds,   28.476 MB/s
AES-192-CBC-dec     30 MB took 1.141 seconds,   26.298 MB/s
AES-256-CBC-enc     30 MB took 1.178 seconds,   25.473 MB/s
AES-256-CBC-dec     25 MB took 1.034 seconds,   24.180 MB/s
AES-128-GCM-enc     25 MB took 1.048 seconds,   23.844 MB/s
AES-128-GCM-dec     25 MB took 1.081 seconds,   23.135 MB/s
AES-192-GCM-enc     25 MB took 1.208 seconds,   20.699 MB/s
AES-192-GCM-dec     25 MB took 1.220 seconds,   20.495 MB/s
AES-256-GCM-enc     20 MB took 1.046 seconds,   19.126 MB/s
AES-256-GCM-dec     20 MB took 1.040 seconds,   19.239 MB/s
GMAC Table 4-bit    67 MB took 1.004 seconds,   66.720 MB/s
RABBIT              90 MB took 1.009 seconds,   89.192 MB/s
3DES                10 MB took 1.122 seconds,    8.909 MB/s
MD5                300 MB took 1.000 seconds,  299.865 MB/s
SHA                130 MB took 1.032 seconds,  125.944 MB/s
SHA-256             35 MB took 1.156 seconds,   30.289 MB/s
HMAC-MD5           300 MB took 1.006 seconds,  298.289 MB/s
HMAC-SHA           125 MB took 1.002 seconds,  124.703 MB/s
HMAC-SHA256         35 MB took 1.151 seconds,   30.413 MB/s
PBKDF2               4 KB took 1.007 seconds,    3.753 KB/s
RSA     2048 public       1400 ops took 1.040 sec, avg 0.743 ms, 1346.304 ops/sec
RSA     2048 private       100 ops took 3.769 sec, avg 37.694 ms, 26.529 ops/sec
DH      2048 key gen        64 ops took 1.010 sec, avg 15.774 ms, 63.394 ops/sec
DH      2048 agree         100 ops took 1.594 sec, avg 15.936 ms, 62.750 ops/sec
ECC   [      SECP256R1]   256 key gen      1361 ops took 1.000 sec, avg 0.735 ms, 1360.357 ops/sec
ECDHE [      SECP256R1]   256 agree         900 ops took 1.011 sec, avg 1.124 ms, 890.045 ops/sec
ECDSA [      SECP256R1]   256 sign         1200 ops took 1.027 sec, avg 0.856 ms, 1168.603 ops/sec
ECDSA [      SECP256R1]   256 verify        900 ops took 1.060 sec, avg 1.178 ms, 848.901 ops/sec
Benchmark complete
[SGXSan] ALWAYS: Enter enc_wolfSSL_new
[SGXSan] ALWAYS: Enter enc_wolfSSL_free
[SGXSan] ALWAYS: Enter enc_wolfSSL_CTX_use_certificate_buffer
[SGXSan] ALWAYS: Enter enc_wolfSSL_connect
[SGXSan] ALWAYS: Enter enc_wolfTLSv1_2_server_method
[SGXSan] ALWAYS: Enter enc_wolfSSL_CTX_use_certificate_chain_buffer_format
[SGXSan] ALWAYS: Enter enc_wolfSSL_Debugging_OFF
[SGXSan] ALWAYS: Enter wc_test
------------------------------------------------------------------------------
 wolfSSL version 5.1.0
------------------------------------------------------------------------------
error    test passed!
MEMORY   test passed!
base64   test passed!
asn      test passed!
RANDOM   test passed!
MD5      test passed!
MD4      test passed!
SHA      test passed!
SHA-256  test passed!
Hash     test passed!
HMAC-MD5 test passed!
HMAC-SHA test passed!
HMAC-SHA256 test passed!
GMAC     test passed!
HC-128   test passed!
Rabbit   test passed!
DES      test passed!
DES3     test passed!
AES      test passed!
AES192   test passed!
AES256   test passed!
AES-GCM  test passed!
RSA      test passed!
DH       test passed!
DSA      test passed!
PWDBASED test passed!
ECC      test passed!
ECC buffer test passed!
logging  test passed!
mutex    test passed!
memcb    test failed!
 error = -13803
[SGXSan] ALWAYS: Enter enc_wolfSSL_write
[SGXSan] ALWAYS: Enter enc_wolfSSL_get_error
[SGXSan] ALWAYS: Enter enc_wolfTLSv1_2_client_method
[SGXSan] ALWAYS: Enter enc_wolfSSL_CTX_set_cipher_list
[SGXSan] ALWAYS: Enter enc_wolfSSL_CTX_free
[SGXSan] ALWAYS: Enter enc_wolfSSL_CTX_use_PrivateKey_buffer
[SGXSan] ALWAYS: Enter enc_wolfSSL_read
[SGXSan] ALWAYS: Enter enc_wolfSSL_CTX_new
#5	INITED cov: 6280 ft: 6280 corp: 3/1104Kb exec/s: 0 rss: 71Mb
[SGXSan] ALWAYS: Enter enc_wolfSSL_free
[SGXSan] ALWAYS: Enter enc_wolfSSL_new
[SGXSan] ALWAYS: Enter enc_wolfSSL_write
[SGXSan] ALWAYS: Enter enc_wolfSSL_CTX_set_cipher_list
[SGXSan] ALWAYS: Enter enc_wolfSSL_Init
[SGXSan] ALWAYS: Enter wc_test
------------------------------------------------------------------------------
 wolfSSL version 5.1.0
------------------------------------------------------------------------------
error    test passed!
MEMORY   test passed!
base64   test passed!
asn      test passed!
RANDOM   test passed!
MD5      test passed!
MD4      test passed!
SHA      test passed!
SHA-256  test passed!
Hash     test passed!
HMAC-MD5 test passed!
HMAC-SHA test passed!
HMAC-SHA256 test passed!
GMAC     test passed!
HC-128   test passed!
Rabbit   test passed!
DES      test passed!
DES3     test passed!
AES      test passed!
AES192   test passed!
AES256   test passed!
AES-GCM  test passed!
RSA      test passed!
DH       test passed!
DSA      test passed!
PWDBASED test passed!
ECC      test passed!
ECC buffer test passed!
logging  test passed!
mutex    test passed!
memcb    test failed!
 error = -13803
[SGXSan] ALWAYS: Enter enc_wolfSSL_CTX_use_certificate_chain_buffer_format
[SGXSan] ALWAYS: Enter enc_wolfSSL_connect
[SGXSan] ALWAYS: Enter wc_benchmark_test
------------------------------------------------------------------------------
 wolfSSL version 5.1.0
------------------------------------------------------------------------------
wolfCrypt Benchmark (block bytes 1048576, min 1.0 sec each)
RNG                 15 MB took 1.167 seconds,   12.855 MB/s
AES-128-CBC-enc     35 MB took 1.072 seconds,   32.642 MB/s
AES-128-CBC-dec     35 MB took 1.158 seconds,   30.216 MB/s
AES-192-CBC-enc     30 MB took 1.102 seconds,   27.234 MB/s
AES-192-CBC-dec     30 MB took 1.147 seconds,   26.150 MB/s
AES-256-CBC-enc     25 MB took 1.016 seconds,   24.599 MB/s
AES-256-CBC-dec     25 MB took 1.063 seconds,   23.528 MB/s
AES-128-GCM-enc     25 MB took 1.069 seconds,   23.385 MB/s
AES-128-GCM-dec     25 MB took 1.081 seconds,   23.121 MB/s
AES-192-GCM-enc     25 MB took 1.200 seconds,   20.836 MB/s
AES-192-GCM-dec     25 MB took 1.194 seconds,   20.931 MB/s
AES-256-GCM-enc     20 MB took 1.034 seconds,   19.336 MB/s
AES-256-GCM-dec     20 MB took 1.090 seconds,   18.347 MB/s
GMAC Table 4-bit    68 MB took 1.009 seconds,   67.405 MB/s
RABBIT              90 MB took 1.011 seconds,   88.989 MB/s
3DES                10 MB took 1.109 seconds,    9.021 MB/s
MD5                300 MB took 1.011 seconds,  296.596 MB/s
SHA                125 MB took 1.010 seconds,  123.740 MB/s
SHA-256             35 MB took 1.154 seconds,   30.321 MB/s
HMAC-MD5           295 MB took 1.005 seconds,  293.618 MB/s
HMAC-SHA           130 MB took 1.017 seconds,  127.782 MB/s
HMAC-SHA256         35 MB took 1.136 seconds,   30.805 MB/s
PBKDF2               4 KB took 1.008 seconds,    3.720 KB/s
RSA     2048 public       1400 ops took 1.007 sec, avg 0.719 ms, 1390.406 ops/sec
RSA     2048 private       100 ops took 3.728 sec, avg 37.280 ms, 26.824 ops/sec
DH      2048 key gen        63 ops took 1.001 sec, avg 15.886 ms, 62.948 ops/sec
DH      2048 agree         100 ops took 1.605 sec, avg 16.049 ms, 62.309 ops/sec
ECC   [      SECP256R1]   256 key gen      1360 ops took 1.000 sec, avg 0.736 ms, 1359.588 ops/sec
ECDHE [      SECP256R1]   256 agree         900 ops took 1.012 sec, avg 1.125 ms, 889.224 ops/sec
ECDSA [      SECP256R1]   256 sign         1200 ops took 1.018 sec, avg 0.849 ms, 1178.515 ops/sec
ECDSA [      SECP256R1]   256 verify        900 ops took 1.054 sec, avg 1.172 ms, 853.586 ops/sec
Benchmark complete
[SGXSan] ALWAYS: Enter enc_wolfSSL_read
[SGXSan] ALWAYS: Enter enc_wolfSSL_set_fd
[SGXSan] ALWAYS: Enter enc_wolfSSL_CTX_use_certificate_buffer
[SGXSan] ALWAYS: Enter enc_wolfSSL_Debugging_OFF
[SGXSan] ALWAYS: Enter enc_wolfTLSv1_2_server_method
[SGXSan] ALWAYS: Enter enc_wolfSSL_get_error
[SGXSan] ALWAYS: Enter enc_wolfSSL_CTX_free
[SGXSan] ALWAYS: Enter enc_wolfSSL_CTX_load_verify_buffer
[SGXSan] ALWAYS: Enter enc_wolfTLSv1_2_client_method
[SGXSan] ALWAYS: Enter enc_wolfSSL_CTX_new
[SGXSan] ALWAYS: Enter enc_wolfSSL_Debugging_ON
[SGXSan] ALWAYS: Enter enc_wolfSSL_Cleanup
[SGXSan] ALWAYS: Enter enc_wolfSSL_CTX_use_PrivateKey_buffer
[SGXSan] ALWAYS: Enter enc_wolfSSL_free
[SGXSan] ALWAYS: Enter enc_wolfSSL_new
[SGXSan] ALWAYS: Enter enc_wolfSSL_write
[SGXSan] ALWAYS: Enter enc_wolfSSL_CTX_set_cipher_list
[SGXSan] ALWAYS: Enter enc_wolfSSL_Init
[SGXSan] ALWAYS: Enter wc_test
------------------------------------------------------------------------------
 wolfSSL version 5.1.0
------------------------------------------------------------------------------
error    test passed!
MEMORY   test passed!
base64   test passed!
asn      test passed!
RANDOM   test passed!
MD5      test passed!
MD4      test passed!
SHA      test passed!
SHA-256  test passed!
Hash     test passed!
HMAC-MD5 test passed!
HMAC-SHA test passed!
HMAC-SHA256 test passed!
GMAC     test passed!
HC-128   test passed!
Rabbit   test passed!
DES      test passed!
DES3     test passed!
AES      test passed!
AES192   test passed!
AES256   test passed!
AES-GCM  test passed!
RSA      test passed!
DH       test passed!
DSA      test passed!
PWDBASED test passed!
ECC      test passed!
ECC buffer test passed!
logging  test passed!
mutex    test passed!
memcb    test failed!
 error = -13803
[SGXSan] ALWAYS: Enter enc_wolfSSL_CTX_use_certificate_chain_buffer_format
[SGXSan] ALWAYS: Enter enc_wolfSSL_connect
[SGXSan] ALWAYS: Enter wc_benchmark_test
------------------------------------------------------------------------------
 wolfSSL version 5.1.0
------------------------------------------------------------------------------
wolfCrypt Benchmark (block bytes 1048576, min 1.0 sec each)
RNG                 15 MB took 1.163 seconds,   12.895 MB/s
AES-128-CBC-enc     35 MB took 1.075 seconds,   32.563 MB/s
AES-128-CBC-dec     35 MB took 1.156 seconds,   30.271 MB/s
AES-192-CBC-enc     30 MB took 1.068 seconds,   28.088 MB/s
AES-192-CBC-dec     30 MB took 1.166 seconds,   25.719 MB/s
AES-256-CBC-enc     30 MB took 1.189 seconds,   25.237 MB/s
AES-256-CBC-dec     25 MB took 1.038 seconds,   24.076 MB/s
AES-128-GCM-enc     25 MB took 1.046 seconds,   23.902 MB/s
AES-128-GCM-dec     25 MB took 1.062 seconds,   23.536 MB/s
AES-192-GCM-enc     25 MB took 1.170 seconds,   21.359 MB/s
AES-192-GCM-dec     25 MB took 1.196 seconds,   20.902 MB/s
AES-256-GCM-enc     20 MB took 1.033 seconds,   19.366 MB/s
AES-256-GCM-dec     20 MB took 1.043 seconds,   19.168 MB/s
GMAC Table 4-bit    66 MB took 1.006 seconds,   65.585 MB/s
RABBIT              90 MB took 1.014 seconds,   88.771 MB/s
3DES                10 MB took 1.108 seconds,    9.025 MB/s
MD5                305 MB took 1.014 seconds,  300.844 MB/s
SHA                130 MB took 1.007 seconds,  129.107 MB/s
SHA-256             35 MB took 1.144 seconds,   30.603 MB/s
HMAC-MD5           305 MB took 1.004 seconds,  303.918 MB/s
HMAC-SHA           130 MB took 1.021 seconds,  127.344 MB/s
HMAC-SHA256         35 MB took 1.129 seconds,   31.012 MB/s
PBKDF2               4 KB took 1.008 seconds,    3.814 KB/s
RSA     2048 public       1400 ops took 1.018 sec, avg 0.727 ms, 1375.535 ops/sec
RSA     2048 private       100 ops took 3.632 sec, avg 36.316 ms, 27.536 ops/sec
DH      2048 key gen        65 ops took 1.005 sec, avg 15.457 ms, 64.695 ops/sec
DH      2048 agree         100 ops took 1.541 sec, avg 15.409 ms, 64.896 ops/sec
ECC   [      SECP256R1]   256 key gen      1414 ops took 1.000 sec, avg 0.708 ms, 1413.371 ops/sec
ECDHE [      SECP256R1]   256 agree        1000 ops took 1.088 sec, avg 1.088 ms, 919.349 ops/sec
ECDSA [      SECP256R1]   256 sign         1300 ops took 1.080 sec, avg 0.831 ms, 1203.680 ops/sec
ECDSA [      SECP256R1]   256 verify        900 ops took 1.039 sec, avg 1.154 ms, 866.595 ops/sec
Benchmark complete
[SGXSan] ALWAYS: Enter enc_wolfSSL_read
[SGXSan] ALWAYS: Enter enc_wolfSSL_set_fd
[SGXSan] ALWAYS: Enter enc_wolfSSL_CTX_use_certificate_buffer
[SGXSan] ALWAYS: Enter enc_wolfSSL_Debugging_OFF
[SGXSan] ALWAYS: Enter enc_wolfTLSv1_2_server_method
[SGXSan] ALWAYS: Enter enc_wolfSSL_get_error
[SGXSan] ALWAYS: Enter enc_wolfSSL_CTX_free
[SGXSan] ALWAYS: Enter enc_wolfSSL_CTX_load_verify_buffer
[SGXSan] ALWAYS: Enter enc_wolfTLSv1_2_client_method
[SGXSan] ALWAYS: Enter enc_wolfSSL_CTX_new
[SGXSan] ALWAYS: Enter enc_wolfSSL_Debugging_ON
[SGXSan] ALWAYS: Enter enc_wolfSSL_Cleanup
[SGXSan] ALWAYS: Enter enc_wolfSSL_CTX_use_PrivateKey_buffer
#7	NEW    cov: 6280 ft: 6285 corp: 4/1484Kb lim: 1000000 exec/s: 0 rss: 83Mb L: 390122/390122 MS: 4 CopyPart-Custom-ShuffleBytes-Custom-
#7	DONE   cov: 6280 ft: 6285 corp: 4/1484Kb lim: 1000000 exec/s: 0 rss: 83Mb
Done 7 runs in 298 second(s)
stat::number_of_executed_units: 7
stat::average_exec_per_sec:     0
stat::new_units_added:          1
stat::slowest_unit_time_sec:    42
stat::peak_rss_mb:              83
