WARNING: Failed to find function "__sanitizer_acquire_crash_state".
WARNING: Failed to find function "__sanitizer_print_stack_trace".
WARNING: Failed to find function "__sanitizer_set_death_callback".
[2023-01-15 20:40:11.150] [Init] Num of ECall: 22
[2023-01-15 20:40:11.150] ECalls:
  0 - fuzz_enc_wolfSSL_CTX_free
  1 - fuzz_enc_wolfSSL_CTX_load_verify_buffer
  2 - fuzz_enc_wolfSSL_CTX_new
  3 - fuzz_enc_wolfSSL_CTX_set_cipher_list
  4 - fuzz_enc_wolfSSL_CTX_use_PrivateKey_buffer
  5 - fuzz_enc_wolfSSL_CTX_use_certificate_buffer
  6 - fuzz_enc_wolfSSL_CTX_use_certificate_chain_buffer_format
  7 - fuzz_enc_wolfSSL_Cleanup
  8 - fuzz_enc_wolfSSL_Debugging_OFF
  9 - fuzz_enc_wolfSSL_Debugging_ON
  10 - fuzz_enc_wolfSSL_Init
  11 - fuzz_enc_wolfSSL_connect
  12 - fuzz_enc_wolfSSL_free
  13 - fuzz_enc_wolfSSL_get_error
  14 - fuzz_enc_wolfSSL_new
  15 - fuzz_enc_wolfSSL_read
  16 - fuzz_enc_wolfSSL_set_fd
  17 - fuzz_enc_wolfSSL_write
  18 - fuzz_enc_wolfTLSv1_2_client_method
  19 - fuzz_enc_wolfTLSv1_2_server_method
  20 - fuzz_wc_benchmark_test
  21 - fuzz_wc_test

INFO: found LLVMFuzzerCustomMutator (0x44ac30). Disabling -len_control by default.
INFO: libFuzzer ignores flags that start with '--'
INFO: Running with entropic power schedule (0xFF, 100).
INFO: Seed: 1922416358
INFO: Loaded 1 modules   (291 inline 8-bit counters): 291 [0x4cb7e8, 0x4cb90b), 
INFO: Loaded 1 PC tables (291 PCs): 291 [0x4cb910,0x4ccb40), 
INFO:        0 files found in /tmp/libFuzzerTemp.FuzzWithFork422940.dir/C238
[SGXSan] ALWAYS: Hook __sanitizer_cov_8bit_counters_init of Enclave, 21636 inline 8-bit counts [0x7f00017419c0, 0x7f0001746e44) (First time)
[SGXSan] ALWAYS: Hook __sanitizer_cov_pcs_init of Enclave, 21636 PCs [0x7f0001746e48, 0x7f000179b688) (First time)
[SGXSan] ALWAYS: Enter enc_wolfSSL_CTX_free
[SGXSan] ALWAYS: Enter enc_wolfSSL_CTX_load_verify_buffer
[SGXSan] ALWAYS: Enter enc_wolfSSL_CTX_new
[SGXSan] ALWAYS: Enter enc_wolfSSL_CTX_set_cipher_list
[SGXSan] ALWAYS: Enter enc_wolfSSL_CTX_use_PrivateKey_buffer
[SGXSan] ALWAYS: Enter enc_wolfSSL_CTX_use_certificate_buffer
[SGXSan] ALWAYS: Enter enc_wolfSSL_CTX_use_certificate_chain_buffer_format
[SGXSan] ALWAYS: Enter enc_wolfSSL_Cleanup
[SGXSan] ALWAYS: Enter enc_wolfSSL_Debugging_OFF
[SGXSan] ALWAYS: Enter enc_wolfSSL_Debugging_ON
[SGXSan] ALWAYS: Enter enc_wolfSSL_Init
[SGXSan] ALWAYS: Enter enc_wolfSSL_connect
[SGXSan] ALWAYS: Enter enc_wolfSSL_free
[SGXSan] ALWAYS: Enter enc_wolfSSL_get_error
[SGXSan] ALWAYS: Enter enc_wolfSSL_new
[SGXSan] ALWAYS: Enter enc_wolfSSL_read
[SGXSan] ALWAYS: Enter enc_wolfSSL_set_fd
[SGXSan] ALWAYS: Enter enc_wolfSSL_write
[SGXSan] ALWAYS: Enter enc_wolfTLSv1_2_client_method
[SGXSan] ALWAYS: Enter enc_wolfTLSv1_2_server_method
[SGXSan] ALWAYS: Enter wc_benchmark_test
------------------------------------------------------------------------------
 wolfSSL version 5.1.0
------------------------------------------------------------------------------
wolfCrypt Benchmark (block bytes 1048576, min 1.0 sec each)
RNG                 15 MB took 1.376 seconds,   10.902 MB/s
AES-128-CBC-enc     35 MB took 1.081 seconds,   32.388 MB/s
AES-128-CBC-dec     30 MB took 1.005 seconds,   29.854 MB/s
AES-192-CBC-enc     30 MB took 1.093 seconds,   27.456 MB/s
AES-192-CBC-dec     30 MB took 1.157 seconds,   25.930 MB/s
AES-256-CBC-enc     25 MB took 1.004 seconds,   24.907 MB/s
AES-256-CBC-dec     25 MB took 1.057 seconds,   23.658 MB/s
AES-128-GCM-enc     25 MB took 1.042 seconds,   23.992 MB/s
AES-128-GCM-dec     25 MB took 1.059 seconds,   23.603 MB/s
AES-192-GCM-enc     25 MB took 1.177 seconds,   21.243 MB/s
AES-192-GCM-dec     25 MB took 1.201 seconds,   20.812 MB/s
AES-256-GCM-enc     20 MB took 1.025 seconds,   19.510 MB/s
AES-256-GCM-dec     20 MB took 1.046 seconds,   19.122 MB/s
GMAC Table 4-bit    64 MB took 1.006 seconds,   63.640 MB/s
RABBIT              90 MB took 1.024 seconds,   87.877 MB/s
3DES                10 MB took 1.116 seconds,    8.961 MB/s
MD5                300 MB took 1.013 seconds,  296.092 MB/s
SHA                130 MB took 1.021 seconds,  127.370 MB/s
SHA-256             35 MB took 1.153 seconds,   30.357 MB/s
HMAC-MD5           305 MB took 1.015 seconds,  300.413 MB/s
HMAC-SHA           130 MB took 1.018 seconds,  127.717 MB/s
HMAC-SHA256         35 MB took 1.152 seconds,   30.375 MB/s
PBKDF2               4 KB took 1.007 seconds,    3.693 KB/s
RSA     2048 public       1400 ops took 1.016 sec, avg 0.726 ms, 1377.497 ops/sec
RSA     2048 private       100 ops took 3.769 sec, avg 37.693 ms, 26.530 ops/sec
DH      2048 key gen        64 ops took 1.001 sec, avg 15.648 ms, 63.906 ops/sec
DH      2048 agree         100 ops took 1.578 sec, avg 15.779 ms, 63.376 ops/sec
ECC   [      SECP256R1]   256 key gen      1364 ops took 1.000 sec, avg 0.733 ms, 1363.376 ops/sec
ECDHE [      SECP256R1]   256 agree         900 ops took 1.011 sec, avg 1.123 ms, 890.204 ops/sec
ECDSA [      SECP256R1]   256 sign         1300 ops took 1.078 sec, avg 0.829 ms, 1206.128 ops/sec
ECDSA [      SECP256R1]   256 verify        900 ops took 1.035 sec, avg 1.150 ms, 869.694 ops/sec
Benchmark complete
[SGXSan] ALWAYS: Enter wc_test
INFO: seed corpus: files: 4 min: 370191b max: 390122b total: 1500695b rss: 43Mb
------------------------------------------------------------------------------
 wolfSSL version 5.1.0
------------------------------------------------------------------------------
error    test passed!
MEMORY   test passed!
base64   test passed!
asn      test passed!
RANDOM   test passed!
MD5      test passed!
MD4      test passed!
SHA      test passed!
SHA-256  test passed!
Hash     test passed!
HMAC-MD5 test passed!
HMAC-SHA test passed!
HMAC-SHA256 test passed!
GMAC     test passed!
HC-128   test passed!
Rabbit   test passed!
DES      test passed!
DES3     test passed!
AES      test passed!
AES192   test passed!
AES256   test passed!
AES-GCM  test passed!
RSA      test passed!
DH       test passed!
DSA      test passed!
PWDBASED test passed!
ECC      test passed!
ECC buffer test passed!
logging  test passed!
mutex    test passed!
memcb    test passed!
Test complete
[SGXSan] ALWAYS: Enter enc_wolfSSL_connect
[SGXSan] ALWAYS: Enter enc_wolfSSL_new
[SGXSan] ALWAYS: Enter enc_wolfSSL_CTX_new
[SGXSan] ALWAYS: Enter enc_wolfSSL_CTX_free
[SGXSan] ALWAYS: Enter enc_wolfSSL_write
[SGXSan] ALWAYS: Enter enc_wolfSSL_CTX_load_verify_buffer
[SGXSan] ALWAYS: Enter enc_wolfSSL_CTX_use_PrivateKey_buffer
[SGXSan] ALWAYS: Enter enc_wolfTLSv1_2_client_method
[SGXSan] ALWAYS: Enter wc_benchmark_test
------------------------------------------------------------------------------
 wolfSSL version 5.1.0
------------------------------------------------------------------------------
wolfCrypt Benchmark (block bytes 1048576, min 1.0 sec each)
RNG                 15 MB took 1.160 seconds,   12.933 MB/s
AES-128-CBC-enc     35 MB took 1.058 seconds,   33.078 MB/s
AES-128-CBC-dec     35 MB took 1.138 seconds,   30.745 MB/s
AES-192-CBC-enc     30 MB took 1.057 seconds,   28.369 MB/s
AES-192-CBC-dec     30 MB took 1.137 seconds,   26.392 MB/s
AES-256-CBC-enc     30 MB took 1.177 seconds,   25.478 MB/s
AES-256-CBC-dec     25 MB took 1.037 seconds,   24.098 MB/s
AES-128-GCM-enc     25 MB took 1.041 seconds,   24.011 MB/s
AES-128-GCM-dec     25 MB took 1.076 seconds,   23.242 MB/s
AES-192-GCM-enc     25 MB took 1.174 seconds,   21.303 MB/s
AES-192-GCM-dec     25 MB took 1.197 seconds,   20.877 MB/s
AES-256-GCM-enc     20 MB took 1.017 seconds,   19.659 MB/s
AES-256-GCM-dec     20 MB took 1.031 seconds,   19.397 MB/s
GMAC Table 4-bit    68 MB took 1.001 seconds,   67.911 MB/s
RABBIT              95 MB took 1.042 seconds,   91.139 MB/s
3DES                10 MB took 1.086 seconds,    9.209 MB/s
MD5                305 MB took 1.008 seconds,  302.639 MB/s
SHA                130 MB took 1.021 seconds,  127.356 MB/s
SHA-256             35 MB took 1.164 seconds,   30.075 MB/s
HMAC-MD5           305 MB took 1.016 seconds,  300.326 MB/s
HMAC-SHA           130 MB took 1.021 seconds,  127.326 MB/s
HMAC-SHA256         35 MB took 1.158 seconds,   30.236 MB/s
PBKDF2               4 KB took 1.000 seconds,    3.655 KB/s
RSA     2048 public       1400 ops took 1.000 sec, avg 0.714 ms, 1399.925 ops/sec
RSA     2048 private       100 ops took 3.638 sec, avg 36.378 ms, 27.489 ops/sec
DH      2048 key gen        64 ops took 1.010 sec, avg 15.784 ms, 63.353 ops/sec
DH      2048 agree         100 ops took 1.540 sec, avg 15.395 ms, 64.956 ops/sec
ECC   [      SECP256R1]   256 key gen      1417 ops took 1.001 sec, avg 0.706 ms, 1416.014 ops/sec
ECDHE [      SECP256R1]   256 agree        1000 ops took 1.090 sec, avg 1.090 ms, 917.158 ops/sec
ECDSA [      SECP256R1]   256 sign         1200 ops took 1.014 sec, avg 0.845 ms, 1183.697 ops/sec
ECDSA [      SECP256R1]   256 verify        900 ops took 1.028 sec, avg 1.142 ms, 875.321 ops/sec
Benchmark complete
[SGXSan] ALWAYS: Enter enc_wolfSSL_CTX_set_cipher_list
[SGXSan] ALWAYS: Enter enc_wolfSSL_get_error
[SGXSan] ALWAYS: Enter enc_wolfSSL_Init
[SGXSan] ALWAYS: Enter enc_wolfSSL_free
[SGXSan] ALWAYS: Enter wc_test
------------------------------------------------------------------------------
 wolfSSL version 5.1.0
------------------------------------------------------------------------------
error    test passed!
MEMORY   test passed!
base64   test passed!
asn      test passed!
RANDOM   test passed!
MD5      test passed!
MD4      test passed!
SHA      test passed!
SHA-256  test passed!
Hash     test passed!
HMAC-MD5 test passed!
HMAC-SHA test passed!
HMAC-SHA256 test passed!
GMAC     test passed!
HC-128   test passed!
Rabbit   test passed!
DES      test passed!
DES3     test passed!
AES      test passed!
AES192   test passed!
AES256   test passed!
AES-GCM  test passed!
RSA      test passed!
DH       test passed!
DSA      test passed!
PWDBASED test passed!
ECC      test passed!
ECC buffer test passed!
logging  test passed!
mutex    test passed!
memcb    test failed!
 error = -13803
[SGXSan] ALWAYS: Enter enc_wolfSSL_Debugging_ON
[SGXSan] ALWAYS: Enter enc_wolfSSL_read
[SGXSan] ALWAYS: Enter enc_wolfSSL_Debugging_OFF
[SGXSan] ALWAYS: Enter enc_wolfTLSv1_2_server_method
[SGXSan] ALWAYS: Enter enc_wolfSSL_set_fd
[SGXSan] ALWAYS: Enter enc_wolfSSL_CTX_use_certificate_buffer
[SGXSan] ALWAYS: Enter enc_wolfSSL_CTX_use_certificate_chain_buffer_format
[SGXSan] ALWAYS: Enter enc_wolfSSL_Cleanup
#2	pulse  ft: 6291 exec/s: 0 rss: 49Mb
Slowest unit: 42 s:
artifact_prefix='./crashes/'; Test unit written to ./crashes/slow-unit-ac42e3697c14bc73e89856eb01e7cfa15498cb71
[SGXSan] ALWAYS: Enter enc_wolfSSL_new
[SGXSan] ALWAYS: Enter wc_test
------------------------------------------------------------------------------
 wolfSSL version 5.1.0
------------------------------------------------------------------------------
error    test passed!
MEMORY   test passed!
base64   test passed!
asn      test passed!
RANDOM   test passed!
MD5      test passed!
MD4      test passed!
SHA      test passed!
SHA-256  test passed!
Hash     test passed!
HMAC-MD5 test passed!
HMAC-SHA test passed!
HMAC-SHA256 test passed!
GMAC     test passed!
HC-128   test passed!
Rabbit   test passed!
DES      test passed!
DES3     test passed!
AES      test passed!
AES192   test passed!
AES256   test passed!
AES-GCM  test passed!
RSA      test passed!
DH       test passed!
DSA      test passed!
PWDBASED test passed!
ECC      test passed!
ECC buffer test passed!
logging  test passed!
mutex    test passed!
memcb    test failed!
 error = -13803
[SGXSan] ALWAYS: Enter enc_wolfSSL_CTX_use_certificate_chain_buffer_format
[SGXSan] ALWAYS: Enter enc_wolfSSL_write
[SGXSan] ALWAYS: Enter enc_wolfSSL_get_error
[SGXSan] ALWAYS: Enter enc_wolfSSL_CTX_load_verify_buffer
[SGXSan] ALWAYS: Enter enc_wolfSSL_CTX_use_PrivateKey_buffer
[SGXSan] ALWAYS: Enter enc_wolfSSL_CTX_use_certificate_buffer
[SGXSan] ALWAYS: Enter enc_wolfTLSv1_2_server_method
[SGXSan] ALWAYS: Enter enc_wolfSSL_Debugging_ON
[SGXSan] ALWAYS: Enter enc_wolfSSL_CTX_new
[SGXSan] ALWAYS: Enter enc_wolfSSL_Cleanup
[SGXSan] ALWAYS: Enter enc_wolfSSL_connect
[SGXSan] ALWAYS: Enter wc_benchmark_test
------------------------------------------------------------------------------
 wolfSSL version 5.1.0
------------------------------------------------------------------------------
wolfCrypt Benchmark (block bytes 1048576, min 1.0 sec each)
RNG                 15 MB took 1.160 seconds,   12.926 MB/s
AES-128-CBC-enc     35 MB took 1.099 seconds,   31.842 MB/s
AES-128-CBC-dec     30 MB took 1.000 seconds,   29.992 MB/s
AES-192-CBC-enc     30 MB took 1.130 seconds,   26.551 MB/s
AES-192-CBC-dec     25 MB took 1.093 seconds,   22.874 MB/s
AES-256-CBC-enc     25 MB took 1.015 seconds,   24.635 MB/s
AES-256-CBC-dec     25 MB took 1.088 seconds,   22.974 MB/s
AES-128-GCM-enc     25 MB took 1.081 seconds,   23.120 MB/s
AES-128-GCM-dec     25 MB took 1.073 seconds,   23.308 MB/s
AES-192-GCM-enc     25 MB took 1.171 seconds,   21.349 MB/s
AES-192-GCM-dec     25 MB took 1.194 seconds,   20.942 MB/s
AES-256-GCM-enc     20 MB took 1.015 seconds,   19.701 MB/s
AES-256-GCM-dec     20 MB took 1.034 seconds,   19.348 MB/s
GMAC Table 4-bit    69 MB took 1.005 seconds,   68.683 MB/s
RABBIT              95 MB took 1.045 seconds,   90.933 MB/s
3DES                10 MB took 1.099 seconds,    9.096 MB/s
MD5                305 MB took 1.010 seconds,  301.854 MB/s
SHA                130 MB took 1.018 seconds,  127.706 MB/s
SHA-256             35 MB took 1.143 seconds,   30.616 MB/s
HMAC-MD5           305 MB took 1.011 seconds,  301.659 MB/s
HMAC-SHA           130 MB took 1.028 seconds,  126.444 MB/s
HMAC-SHA256         35 MB took 1.177 seconds,   29.744 MB/s
PBKDF2               4 KB took 1.008 seconds,    3.722 KB/s
RSA     2048 public       1500 ops took 1.068 sec, avg 0.712 ms, 1404.414 ops/sec
RSA     2048 private       100 ops took 3.682 sec, avg 36.819 ms, 27.160 ops/sec
DH      2048 key gen        66 ops took 1.007 sec, avg 15.250 ms, 65.572 ops/sec
DH      2048 agree         100 ops took 1.552 sec, avg 15.521 ms, 64.428 ops/sec
ECC   [      SECP256R1]   256 key gen      1428 ops took 1.001 sec, avg 0.701 ms, 1427.282 ops/sec
ECDHE [      SECP256R1]   256 agree        1000 ops took 1.096 sec, avg 1.096 ms, 912.059 ops/sec
ECDSA [      SECP256R1]   256 sign         1300 ops took 1.079 sec, avg 0.830 ms, 1204.652 ops/sec
ECDSA [      SECP256R1]   256 verify        900 ops took 1.028 sec, avg 1.142 ms, 875.778 ops/sec
Benchmark complete
[SGXSan] ALWAYS: Enter enc_wolfSSL_free
[SGXSan] ALWAYS: Enter enc_wolfSSL_set_fd
[SGXSan] ALWAYS: Enter enc_wolfTLSv1_2_client_method
[SGXSan] ALWAYS: Enter enc_wolfSSL_Init
[SGXSan] ALWAYS: Enter enc_wolfSSL_CTX_set_cipher_list
[SGXSan] ALWAYS: Enter enc_wolfSSL_Debugging_OFF
[SGXSan] ALWAYS: Enter enc_wolfSSL_read
[SGXSan] ALWAYS: Enter enc_wolfSSL_CTX_free
[SGXSan] ALWAYS: Enter enc_wolfTLSv1_2_server_method
[SGXSan] ALWAYS: Enter enc_wolfSSL_Debugging_ON
[SGXSan] ALWAYS: Enter enc_wolfSSL_CTX_use_PrivateKey_buffer
[SGXSan] ALWAYS: Enter enc_wolfSSL_new
[SGXSan] ALWAYS: Enter enc_wolfSSL_CTX_free
[SGXSan] ALWAYS: Enter enc_wolfSSL_get_error
[SGXSan] ALWAYS: Enter enc_wolfSSL_Debugging_OFF
[SGXSan] ALWAYS: Enter enc_wolfSSL_CTX_load_verify_buffer
[SGXSan] ALWAYS: Enter enc_wolfSSL_CTX_use_certificate_chain_buffer_format
[SGXSan] ALWAYS: Enter enc_wolfSSL_CTX_use_certificate_buffer
[SGXSan] ALWAYS: Enter wc_test
------------------------------------------------------------------------------
 wolfSSL version 5.1.0
------------------------------------------------------------------------------
error    test passed!
MEMORY   test passed!
base64   test passed!
asn      test passed!
RANDOM   test passed!
MD5      test passed!
MD4      test passed!
SHA      test passed!
SHA-256  test passed!
Hash     test passed!
HMAC-MD5 test passed!
HMAC-SHA test passed!
HMAC-SHA256 test passed!
GMAC     test passed!
HC-128   test passed!
Rabbit   test passed!
DES      test passed!
DES3     test passed!
AES      test passed!
AES192   test passed!
AES256   test passed!
AES-GCM  test passed!
RSA      test passed!
DH       test passed!
DSA      test passed!
PWDBASED test passed!
ECC      test passed!
ECC buffer test passed!
logging  test passed!
mutex    test passed!
memcb    test failed!
 error = -13803
[SGXSan] ALWAYS: Enter wc_benchmark_test
------------------------------------------------------------------------------
 wolfSSL version 5.1.0
------------------------------------------------------------------------------
wolfCrypt Benchmark (block bytes 1048576, min 1.0 sec each)
RNG                 15 MB took 1.150 seconds,   13.044 MB/s
AES-128-CBC-enc     35 MB took 1.062 seconds,   32.951 MB/s
AES-128-CBC-dec     35 MB took 1.131 seconds,   30.938 MB/s
AES-192-CBC-enc     30 MB took 1.048 seconds,   28.635 MB/s
AES-192-CBC-dec     30 MB took 1.136 seconds,   26.419 MB/s
AES-256-CBC-enc     30 MB took 1.182 seconds,   25.376 MB/s
AES-256-CBC-dec     25 MB took 1.037 seconds,   24.102 MB/s
AES-128-GCM-enc     25 MB took 1.083 seconds,   23.083 MB/s
AES-128-GCM-dec     20 MB took 1.085 seconds,   18.438 MB/s
AES-192-GCM-enc     25 MB took 1.182 seconds,   21.147 MB/s
AES-192-GCM-dec     25 MB took 1.218 seconds,   20.530 MB/s
AES-256-GCM-enc     20 MB took 1.046 seconds,   19.120 MB/s
AES-256-GCM-dec     20 MB took 1.054 seconds,   18.975 MB/s
GMAC Table 4-bit    68 MB took 1.013 seconds,   67.139 MB/s
RABBIT              90 MB took 1.039 seconds,   86.663 MB/s
3DES                10 MB took 1.116 seconds,    8.962 MB/s
MD5                300 MB took 1.015 seconds,  295.452 MB/s
SHA                130 MB took 1.016 seconds,  127.928 MB/s
SHA-256             35 MB took 1.149 seconds,   30.456 MB/s
HMAC-MD5           300 MB took 1.000 seconds,  299.997 MB/s
HMAC-SHA           130 MB took 1.010 seconds,  128.744 MB/s
HMAC-SHA256         30 MB took 1.015 seconds,   29.546 MB/s
PBKDF2               4 KB took 1.007 seconds,    3.785 KB/s
RSA     2048 public       1500 ops took 1.072 sec, avg 0.714 ms, 1399.580 ops/sec
RSA     2048 private       100 ops took 3.674 sec, avg 36.741 ms, 27.218 ops/sec
DH      2048 key gen        65 ops took 1.002 sec, avg 15.412 ms, 64.885 ops/sec
DH      2048 agree         100 ops took 1.558 sec, avg 15.580 ms, 64.183 ops/sec
ECC   [      SECP256R1]   256 key gen      1398 ops took 1.000 sec, avg 0.716 ms, 1397.560 ops/sec
ECDHE [      SECP256R1]   256 agree        1000 ops took 1.095 sec, avg 1.095 ms, 913.171 ops/sec
ECDSA [      SECP256R1]   256 sign         1300 ops took 1.082 sec, avg 0.833 ms, 1201.112 ops/sec
ECDSA [      SECP256R1]   256 verify        900 ops took 1.046 sec, avg 1.162 ms, 860.397 ops/sec
Benchmark complete
[SGXSan] ALWAYS: Enter enc_wolfSSL_Cleanup
[SGXSan] ALWAYS: Enter enc_wolfSSL_write
[SGXSan] ALWAYS: Enter enc_wolfSSL_CTX_set_cipher_list
[SGXSan] ALWAYS: Enter enc_wolfSSL_CTX_new
[SGXSan] ALWAYS: Enter enc_wolfSSL_read
[SGXSan] ALWAYS: Enter enc_wolfSSL_free
[SGXSan] ALWAYS: Enter enc_wolfTLSv1_2_client_method
[SGXSan] ALWAYS: Enter enc_wolfSSL_connect
[SGXSan] ALWAYS: Enter enc_wolfSSL_Init
[SGXSan] ALWAYS: Enter enc_wolfSSL_set_fd
#4	pulse  cov: 6292 ft: 6302 corp: 2/723Kb exec/s: 0 rss: 64Mb
[SGXSan] ALWAYS: Enter enc_wolfSSL_Init
[SGXSan] ALWAYS: Enter enc_wolfSSL_CTX_free
[SGXSan] ALWAYS: Enter enc_wolfSSL_get_error
[SGXSan] ALWAYS: Enter enc_wolfSSL_Debugging_ON
[SGXSan] ALWAYS: Enter enc_wolfSSL_connect
[SGXSan] ALWAYS: Enter enc_wolfSSL_Debugging_OFF
[SGXSan] ALWAYS: Enter wc_benchmark_test
------------------------------------------------------------------------------
 wolfSSL version 5.1.0
------------------------------------------------------------------------------
wolfCrypt Benchmark (block bytes 1048576, min 1.0 sec each)
RNG                 15 MB took 1.150 seconds,   13.043 MB/s
AES-128-CBC-enc     35 MB took 1.060 seconds,   33.020 MB/s
AES-128-CBC-dec     30 MB took 1.033 seconds,   29.050 MB/s
AES-192-CBC-enc     30 MB took 1.049 seconds,   28.604 MB/s
AES-192-CBC-dec     30 MB took 1.148 seconds,   26.130 MB/s
AES-256-CBC-enc     30 MB took 1.180 seconds,   25.420 MB/s
AES-256-CBC-dec     25 MB took 1.039 seconds,   24.064 MB/s
AES-128-GCM-enc     25 MB took 1.044 seconds,   23.939 MB/s
AES-128-GCM-dec     25 MB took 1.067 seconds,   23.440 MB/s
AES-192-GCM-enc     25 MB took 1.180 seconds,   21.178 MB/s
AES-192-GCM-dec     25 MB took 1.217 seconds,   20.534 MB/s
AES-256-GCM-enc     20 MB took 1.040 seconds,   19.233 MB/s
AES-256-GCM-dec     20 MB took 1.051 seconds,   19.035 MB/s
GMAC Table 4-bit    68 MB took 1.013 seconds,   67.105 MB/s
RABBIT              90 MB took 1.036 seconds,   86.898 MB/s
3DES                10 MB took 1.116 seconds,    8.959 MB/s
MD5                300 MB took 1.014 seconds,  295.924 MB/s
SHA                130 MB took 1.036 seconds,  125.485 MB/s
SHA-256             30 MB took 1.012 seconds,   29.634 MB/s
HMAC-MD5           300 MB took 1.016 seconds,  295.308 MB/s
HMAC-SHA           130 MB took 1.034 seconds,  125.770 MB/s
HMAC-SHA256         30 MB took 1.037 seconds,   28.922 MB/s
PBKDF2               4 KB took 1.001 seconds,    3.652 KB/s
RSA     2048 public       1400 ops took 1.030 sec, avg 0.735 ms, 1359.683 ops/sec
RSA     2048 private       100 ops took 3.693 sec, avg 36.935 ms, 27.075 ops/sec
DH      2048 key gen        65 ops took 1.005 sec, avg 15.461 ms, 64.679 ops/sec
DH      2048 agree         100 ops took 1.622 sec, avg 16.223 ms, 61.641 ops/sec
ECC   [      SECP256R1]   256 key gen      1412 ops took 1.000 sec, avg 0.708 ms, 1411.452 ops/sec
ECDHE [      SECP256R1]   256 agree        1000 ops took 1.096 sec, avg 1.096 ms, 912.824 ops/sec
ECDSA [      SECP256R1]   256 sign         1200 ops took 1.005 sec, avg 0.838 ms, 1193.644 ops/sec
ECDSA [      SECP256R1]   256 verify        900 ops took 1.039 sec, avg 1.155 ms, 865.941 ops/sec
Benchmark complete
[SGXSan] ALWAYS: Enter enc_wolfSSL_CTX_use_PrivateKey_buffer
[SGXSan] ALWAYS: Enter enc_wolfSSL_set_fd
[SGXSan] ALWAYS: Enter enc_wolfSSL_CTX_load_verify_buffer
[SGXSan] ALWAYS: Enter enc_wolfSSL_write
[SGXSan] ALWAYS: Enter enc_wolfSSL_CTX_new
[SGXSan] ALWAYS: Enter enc_wolfTLSv1_2_server_method
[SGXSan] ALWAYS: Enter enc_wolfSSL_new
[SGXSan] ALWAYS: Enter enc_wolfSSL_read
[SGXSan] ALWAYS: Enter enc_wolfSSL_CTX_set_cipher_list
[SGXSan] ALWAYS: Enter enc_wolfSSL_CTX_use_certificate_chain_buffer_format
[SGXSan] ALWAYS: Enter enc_wolfSSL_free
[SGXSan] ALWAYS: Enter enc_wolfSSL_CTX_use_certificate_buffer
[SGXSan] ALWAYS: Enter enc_wolfTLSv1_2_client_method
[SGXSan] ALWAYS: Enter wc_test
------------------------------------------------------------------------------
 wolfSSL version 5.1.0
------------------------------------------------------------------------------
error    test passed!
MEMORY   test passed!
base64   test passed!
asn      test passed!
RANDOM   test passed!
MD5      test passed!
MD4      test passed!
SHA      test passed!
SHA-256  test passed!
Hash     test passed!
HMAC-MD5 test passed!
HMAC-SHA test passed!
HMAC-SHA256 test passed!
GMAC     test passed!
HC-128   test passed!
Rabbit   test passed!
DES      test passed!
DES3     test passed!
AES      test passed!
AES192   test passed!
AES256   test passed!
AES-GCM  test passed!
RSA      test passed!
DH       test passed!
DSA      test passed!
PWDBASED test passed!
ECC      test passed!
ECC buffer test passed!
logging  test passed!
mutex    test passed!
memcb    test failed!
 error = -13803
[SGXSan] ALWAYS: Enter enc_wolfSSL_Cleanup
#5	INITED cov: 6292 ft: 6302 corp: 3/1084Kb exec/s: 0 rss: 70Mb
[SGXSan] ALWAYS: Enter enc_wolfSSL_new
[SGXSan] ALWAYS: Enter enc_wolfSSL_connect
[SGXSan] ALWAYS: Enter enc_wolfSSL_CTX_free
[SGXSan] ALWAYS: Enter enc_wolfSSL_Cleanup
[SGXSan] ALWAYS: Enter enc_wolfTLSv1_2_client_method
[SGXSan] ALWAYS: Enter enc_wolfSSL_read
[SGXSan] ALWAYS: Enter enc_wolfSSL_CTX_load_verify_buffer
[SGXSan] ALWAYS: Enter enc_wolfSSL_get_error
[SGXSan] ALWAYS: Enter enc_wolfSSL_Debugging_ON
[SGXSan] ALWAYS: Enter enc_wolfSSL_CTX_set_cipher_list
[SGXSan] ALWAYS: Enter enc_wolfSSL_CTX_use_PrivateKey_buffer
[SGXSan] ALWAYS: Enter wc_benchmark_test
------------------------------------------------------------------------------
 wolfSSL version 5.1.0
------------------------------------------------------------------------------
wolfCrypt Benchmark (block bytes 1048576, min 1.0 sec each)
RNG                 15 MB took 1.183 seconds,   12.683 MB/s
AES-128-CBC-enc     35 MB took 1.091 seconds,   32.070 MB/s
AES-128-CBC-dec     35 MB took 1.160 seconds,   30.169 MB/s
AES-192-CBC-enc     30 MB took 1.059 seconds,   28.333 MB/s
AES-192-CBC-dec     30 MB took 1.144 seconds,   26.214 MB/s
AES-256-CBC-enc     30 MB took 1.179 seconds,   25.456 MB/s
AES-256-CBC-dec     25 MB took 1.041 seconds,   24.014 MB/s
AES-128-GCM-enc     25 MB took 1.048 seconds,   23.850 MB/s
AES-128-GCM-dec     25 MB took 1.078 seconds,   23.185 MB/s
AES-192-GCM-enc     25 MB took 1.166 seconds,   21.444 MB/s
AES-192-GCM-dec     25 MB took 1.199 seconds,   20.848 MB/s
AES-256-GCM-enc     20 MB took 1.020 seconds,   19.599 MB/s
AES-256-GCM-dec     20 MB took 1.034 seconds,   19.341 MB/s
GMAC Table 4-bit    67 MB took 1.001 seconds,   66.928 MB/s
RABBIT              95 MB took 1.049 seconds,   90.580 MB/s
3DES                10 MB took 1.090 seconds,    9.173 MB/s
MD5                305 MB took 1.010 seconds,  302.101 MB/s
SHA                130 MB took 1.021 seconds,  127.352 MB/s
SHA-256             35 MB took 1.159 seconds,   30.185 MB/s
HMAC-MD5           305 MB took 1.014 seconds,  300.855 MB/s
HMAC-SHA           130 MB took 1.019 seconds,  127.530 MB/s
HMAC-SHA256         35 MB took 1.162 seconds,   30.132 MB/s
PBKDF2               4 KB took 1.002 seconds,    3.585 KB/s
RSA     2048 public       1400 ops took 1.034 sec, avg 0.739 ms, 1353.452 ops/sec
RSA     2048 private       100 ops took 3.792 sec, avg 37.925 ms, 26.368 ops/sec
DH      2048 key gen        60 ops took 1.000 sec, avg 16.673 ms, 59.978 ops/sec
DH      2048 agree         100 ops took 1.625 sec, avg 16.250 ms, 61.538 ops/sec
ECC   [      SECP256R1]   256 key gen      1312 ops took 1.000 sec, avg 0.763 ms, 1311.447 ops/sec
ECDHE [      SECP256R1]   256 agree         900 ops took 1.010 sec, avg 1.123 ms, 890.762 ops/sec
ECDSA [      SECP256R1]   256 sign         1200 ops took 1.007 sec, avg 0.839 ms, 1191.979 ops/sec
ECDSA [      SECP256R1]   256 verify        900 ops took 1.056 sec, avg 1.173 ms, 852.269 ops/sec
Benchmark complete
[SGXSan] ALWAYS: Enter enc_wolfSSL_CTX_use_certificate_chain_buffer_format
[SGXSan] ALWAYS: Enter enc_wolfSSL_write
[SGXSan] ALWAYS: Enter enc_wolfTLSv1_2_server_method
[SGXSan] ALWAYS: Enter enc_wolfSSL_Init
[SGXSan] ALWAYS: Enter enc_wolfSSL_set_fd
[SGXSan] ALWAYS: Enter enc_wolfSSL_CTX_use_certificate_buffer
[SGXSan] ALWAYS: Enter enc_wolfSSL_Debugging_OFF
[SGXSan] ALWAYS: Enter enc_wolfSSL_free
[SGXSan] ALWAYS: Enter wc_test
------------------------------------------------------------------------------
 wolfSSL version 5.1.0
------------------------------------------------------------------------------
error    test passed!
MEMORY   test passed!
base64   test passed!
asn      test passed!
RANDOM   test passed!
MD5      test passed!
MD4      test passed!
SHA      test passed!
SHA-256  test passed!
Hash     test passed!
HMAC-MD5 test passed!
HMAC-SHA test passed!
HMAC-SHA256 test passed!
GMAC     test passed!
HC-128   test passed!
Rabbit   test passed!
DES      test passed!
DES3     test passed!
AES      test passed!
AES192   test passed!
AES256   test passed!
AES-GCM  test passed!
RSA      test passed!
DH       test passed!
DSA      test passed!
PWDBASED test passed!
ECC      test passed!
ECC buffer test passed!
logging  test passed!
mutex    test passed!
memcb    test failed!
 error = -13803
[SGXSan] ALWAYS: Enter enc_wolfSSL_CTX_new
[SGXSan] ALWAYS: Enter wc_benchmark_test
------------------------------------------------------------------------------
 wolfSSL version 5.1.0
------------------------------------------------------------------------------
wolfCrypt Benchmark (block bytes 1048576, min 1.0 sec each)
RNG                 15 MB took 1.157 seconds,   12.962 MB/s
AES-128-CBC-enc     35 MB took 1.059 seconds,   33.048 MB/s
AES-128-CBC-dec     35 MB took 1.168 seconds,   29.966 MB/s
AES-192-CBC-enc     30 MB took 1.072 seconds,   27.988 MB/s
AES-192-CBC-dec     30 MB took 1.138 seconds,   26.367 MB/s
AES-256-CBC-enc     30 MB took 1.178 seconds,   25.476 MB/s
AES-256-CBC-dec     25 MB took 1.039 seconds,   24.062 MB/s
AES-128-GCM-enc     25 MB took 1.063 seconds,   23.524 MB/s
AES-128-GCM-dec     25 MB took 1.068 seconds,   23.410 MB/s
AES-192-GCM-enc     25 MB took 1.179 seconds,   21.201 MB/s
AES-192-GCM-dec     25 MB took 1.195 seconds,   20.929 MB/s
AES-256-GCM-enc     20 MB took 1.034 seconds,   19.338 MB/s
AES-256-GCM-dec     20 MB took 1.034 seconds,   19.345 MB/s
GMAC Table 4-bit    68 MB took 1.004 seconds,   67.739 MB/s
RABBIT              95 MB took 1.047 seconds,   90.712 MB/s
3DES                10 MB took 1.088 seconds,    9.195 MB/s
MD5                300 MB took 1.024 seconds,  293.059 MB/s
SHA                120 MB took 1.006 seconds,  119.257 MB/s
SHA-256             35 MB took 1.159 seconds,   30.208 MB/s
HMAC-MD5           290 MB took 1.012 seconds,  286.549 MB/s
HMAC-SHA           115 MB took 1.014 seconds,  113.390 MB/s
HMAC-SHA256         30 MB took 1.046 seconds,   28.687 MB/s
PBKDF2               4 KB took 1.004 seconds,    3.736 KB/s
RSA     2048 public       1400 ops took 1.013 sec, avg 0.724 ms, 1382.090 ops/sec
RSA     2048 private       100 ops took 3.689 sec, avg 36.886 ms, 27.111 ops/sec
DH      2048 key gen        65 ops took 1.011 sec, avg 15.548 ms, 64.319 ops/sec
DH      2048 agree         100 ops took 1.548 sec, avg 15.478 ms, 64.606 ops/sec
ECC   [      SECP256R1]   256 key gen      1397 ops took 1.001 sec, avg 0.716 ms, 1396.122 ops/sec
ECDHE [      SECP256R1]   256 agree        1000 ops took 1.108 sec, avg 1.108 ms, 902.214 ops/sec
ECDSA [      SECP256R1]   256 sign         1100 ops took 1.055 sec, avg 0.959 ms, 1042.252 ops/sec
ECDSA [      SECP256R1]   256 verify        800 ops took 1.054 sec, avg 1.318 ms, 758.894 ops/sec
Benchmark complete
[SGXSan] ALWAYS: Enter enc_wolfSSL_get_error
[SGXSan] ALWAYS: Enter enc_wolfSSL_Cleanup
[SGXSan] ALWAYS: Enter enc_wolfSSL_connect
[SGXSan] ALWAYS: Enter enc_wolfTLSv1_2_server_method
[SGXSan] ALWAYS: Enter enc_wolfSSL_Debugging_ON
[SGXSan] ALWAYS: Enter wc_test
------------------------------------------------------------------------------
 wolfSSL version 5.1.0
------------------------------------------------------------------------------
error    test passed!
MEMORY   test passed!
base64   test passed!
asn      test passed!
RANDOM   test passed!
MD5      test passed!
MD4      test passed!
SHA      test passed!
SHA-256  test passed!
Hash     test passed!
HMAC-MD5 test passed!
HMAC-SHA test passed!
HMAC-SHA256 test passed!
GMAC     test passed!
HC-128   test passed!
Rabbit   test passed!
DES      test passed!
DES3     test passed!
AES      test passed!
AES192   test passed!
AES256   test passed!
AES-GCM  test passed!
RSA      test passed!
DH       test passed!
DSA      test passed!
PWDBASED test passed!
ECC      test passed!
ECC buffer test passed!
logging  test passed!
mutex    test passed!
memcb    test failed!
 error = -13803
[SGXSan] ALWAYS: Enter enc_wolfSSL_CTX_use_certificate_buffer
[SGXSan] ALWAYS: Enter enc_wolfTLSv1_2_client_method
[SGXSan] ALWAYS: Enter enc_wolfSSL_CTX_load_verify_buffer
[SGXSan] ALWAYS: Enter enc_wolfSSL_CTX_use_PrivateKey_buffer
[SGXSan] ALWAYS: Enter enc_wolfSSL_CTX_free
[SGXSan] ALWAYS: Enter enc_wolfSSL_new
[SGXSan] ALWAYS: Enter enc_wolfSSL_set_fd
[SGXSan] ALWAYS: Enter enc_wolfSSL_Init
[SGXSan] ALWAYS: Enter enc_wolfSSL_write
[SGXSan] ALWAYS: Enter enc_wolfSSL_CTX_set_cipher_list
[SGXSan] ALWAYS: Enter enc_wolfSSL_CTX_use_certificate_chain_buffer_format
[SGXSan] ALWAYS: Enter enc_wolfSSL_free
[SGXSan] ALWAYS: Enter enc_wolfSSL_read
[SGXSan] ALWAYS: Enter enc_wolfSSL_Debugging_OFF
[SGXSan] ALWAYS: Enter enc_wolfSSL_CTX_new
[SGXSan] ALWAYS: Enter wc_benchmark_test
------------------------------------------------------------------------------
 wolfSSL version 5.1.0
------------------------------------------------------------------------------
wolfCrypt Benchmark (block bytes 1048576, min 1.0 sec each)
RNG                 15 MB took 1.172 seconds,   12.804 MB/s
AES-128-CBC-enc     35 MB took 1.060 seconds,   33.003 MB/s
AES-128-CBC-dec     35 MB took 1.157 seconds,   30.239 MB/s
AES-192-CBC-enc     30 MB took 1.059 seconds,   28.342 MB/s
AES-192-CBC-dec     30 MB took 1.132 seconds,   26.491 MB/s
AES-256-CBC-enc     30 MB took 1.196 seconds,   25.080 MB/s
AES-256-CBC-dec     25 MB took 1.051 seconds,   23.792 MB/s
AES-128-GCM-enc     25 MB took 1.051 seconds,   23.783 MB/s
AES-128-GCM-dec     25 MB took 1.069 seconds,   23.395 MB/s
AES-192-GCM-enc     25 MB took 1.189 seconds,   21.027 MB/s
AES-192-GCM-dec     25 MB took 1.199 seconds,   20.857 MB/s
AES-256-GCM-enc     20 MB took 1.023 seconds,   19.545 MB/s
AES-256-GCM-dec     20 MB took 1.033 seconds,   19.359 MB/s
GMAC Table 4-bit    69 MB took 1.014 seconds,   68.067 MB/s
RABBIT              90 MB took 1.011 seconds,   89.019 MB/s
3DES                10 MB took 1.092 seconds,    9.156 MB/s
MD5                305 MB took 1.014 seconds,  300.789 MB/s
SHA                130 MB took 1.018 seconds,  127.655 MB/s
SHA-256             35 MB took 1.155 seconds,   30.304 MB/s
HMAC-MD5           300 MB took 1.006 seconds,  298.140 MB/s
HMAC-SHA           130 MB took 1.027 seconds,  126.542 MB/s
HMAC-SHA256         35 MB took 1.160 seconds,   30.170 MB/s
PBKDF2               4 KB took 1.001 seconds,    3.685 KB/s
RSA     2048 public       1400 ops took 1.011 sec, avg 0.722 ms, 1385.252 ops/sec
RSA     2048 private       100 ops took 3.898 sec, avg 38.980 ms, 25.654 ops/sec
DH      2048 key gen        65 ops took 1.011 sec, avg 15.555 ms, 64.290 ops/sec
DH      2048 agree         100 ops took 1.569 sec, avg 15.688 ms, 63.742 ops/sec
ECC   [      SECP256R1]   256 key gen      1393 ops took 1.000 sec, avg 0.718 ms, 1392.573 ops/sec
ECDHE [      SECP256R1]   256 agree        1000 ops took 1.095 sec, avg 1.095 ms, 913.548 ops/sec
ECDSA [      SECP256R1]   256 sign         1200 ops took 1.001 sec, avg 0.834 ms, 1199.345 ops/sec
ECDSA [      SECP256R1]   256 verify        900 ops took 1.060 sec, avg 1.178 ms, 848.713 ops/sec
Benchmark complete
[SGXSan] ALWAYS: Enter enc_wolfSSL_get_error
[SGXSan] ALWAYS: Enter enc_wolfSSL_Cleanup
[SGXSan] ALWAYS: Enter enc_wolfSSL_connect
[SGXSan] ALWAYS: Enter enc_wolfTLSv1_2_server_method
[SGXSan] ALWAYS: Enter enc_wolfSSL_Debugging_ON
[SGXSan] ALWAYS: Enter wc_test
------------------------------------------------------------------------------
 wolfSSL version 5.1.0
------------------------------------------------------------------------------
error    test passed!
MEMORY   test passed!
base64   test passed!
asn      test passed!
RANDOM   test passed!
MD5      test passed!
MD4      test passed!
SHA      test passed!
SHA-256  test passed!
Hash     test passed!
HMAC-MD5 test passed!
HMAC-SHA test passed!
HMAC-SHA256 test passed!
GMAC     test passed!
HC-128   test passed!
Rabbit   test passed!
DES      test passed!
DES3     test passed!
AES      test passed!
AES192   test passed!
AES256   test passed!
AES-GCM  test passed!
RSA      test passed!
DH       test passed!
DSA      test passed!
PWDBASED test passed!
ECC      test passed!
ECC buffer test passed!
logging  test passed!
mutex    test passed!
memcb    test failed!
 error = -13803
[SGXSan] ALWAYS: Enter enc_wolfSSL_CTX_use_certificate_buffer
[SGXSan] ALWAYS: Enter enc_wolfTLSv1_2_client_method
[SGXSan] ALWAYS: Enter enc_wolfSSL_CTX_load_verify_buffer
[SGXSan] ALWAYS: Enter enc_wolfSSL_CTX_use_PrivateKey_buffer
[SGXSan] ALWAYS: Enter enc_wolfSSL_CTX_free
[SGXSan] ALWAYS: Enter enc_wolfSSL_new
[SGXSan] ALWAYS: Enter enc_wolfSSL_set_fd
[SGXSan] ALWAYS: Enter enc_wolfSSL_Init
[SGXSan] ALWAYS: Enter enc_wolfSSL_write
[SGXSan] ALWAYS: Enter enc_wolfSSL_CTX_set_cipher_list
[SGXSan] ALWAYS: Enter enc_wolfSSL_CTX_use_certificate_chain_buffer_format
[SGXSan] ALWAYS: Enter enc_wolfSSL_free
[SGXSan] ALWAYS: Enter enc_wolfSSL_read
[SGXSan] ALWAYS: Enter enc_wolfSSL_Debugging_OFF
[SGXSan] ALWAYS: Enter enc_wolfSSL_CTX_new
#8	pulse  cov: 6292 ft: 6302 corp: 3/1084Kb lim: 1000000 exec/s: 0 rss: 86Mb
[SGXSan] ALWAYS: Enter wc_benchmark_test
------------------------------------------------------------------------------
 wolfSSL version 5.1.0
------------------------------------------------------------------------------
wolfCrypt Benchmark (block bytes 1048576, min 1.0 sec each)
RNG                 15 MB took 1.167 seconds,   12.853 MB/s
AES-128-CBC-enc     35 MB took 1.061 seconds,   33.002 MB/s
AES-128-CBC-dec     35 MB took 1.156 seconds,   30.290 MB/s
AES-192-CBC-enc     30 MB took 1.075 seconds,   27.912 MB/s
AES-192-CBC-dec     30 MB took 1.134 seconds,   26.456 MB/s
AES-256-CBC-enc     30 MB took 1.183 seconds,   25.350 MB/s
AES-256-CBC-dec     25 MB took 1.040 seconds,   24.040 MB/s
AES-128-GCM-enc     25 MB took 1.060 seconds,   23.590 MB/s
AES-128-GCM-dec     25 MB took 1.073 seconds,   23.301 MB/s
AES-192-GCM-enc     25 MB took 1.181 seconds,   21.170 MB/s
AES-192-GCM-dec     25 MB took 1.193 seconds,   20.950 MB/s
AES-256-GCM-enc     20 MB took 1.073 seconds,   18.636 MB/s
AES-256-GCM-dec     20 MB took 1.138 seconds,   17.582 MB/s
GMAC Table 4-bit    66 MB took 1.007 seconds,   65.514 MB/s
RABBIT              80 MB took 1.030 seconds,   77.667 MB/s
3DES                10 MB took 1.101 seconds,    9.086 MB/s
MD5                300 MB took 1.004 seconds,  298.942 MB/s
SHA                125 MB took 1.023 seconds,  122.131 MB/s
SHA-256             35 MB took 1.162 seconds,   30.124 MB/s
HMAC-MD5           300 MB took 1.012 seconds,  296.476 MB/s
HMAC-SHA           130 MB took 1.030 seconds,  126.261 MB/s
HMAC-SHA256         35 MB took 1.161 seconds,   30.149 MB/s
PBKDF2               4 KB took 1.002 seconds,    3.525 KB/s
RSA     2048 public       1300 ops took 1.070 sec, avg 0.823 ms, 1214.431 ops/sec
RSA     2048 private       100 ops took 4.309 sec, avg 43.092 ms, 23.206 ops/sec
DH      2048 key gen        63 ops took 1.011 sec, avg 16.055 ms, 62.287 ops/sec
DH      2048 agree         100 ops took 1.815 sec, avg 18.153 ms, 55.086 ops/sec
ECC   [      SECP256R1]   256 key gen      1370 ops took 1.001 sec, avg 0.730 ms, 1369.282 ops/sec
ECDHE [      SECP256R1]   256 agree         900 ops took 1.019 sec, avg 1.132 ms, 883.041 ops/sec
ECDSA [      SECP256R1]   256 sign         1100 ops took 1.004 sec, avg 0.913 ms, 1095.169 ops/sec
ECDSA [      SECP256R1]   256 verify        900 ops took 1.155 sec, avg 1.283 ms, 779.415 ops/sec
Benchmark complete
[SGXSan] ALWAYS: Enter enc_wolfSSL_get_error
[SGXSan] ALWAYS: Enter enc_wolfSSL_Cleanup
[SGXSan] ALWAYS: Enter enc_wolfSSL_connect
[SGXSan] ALWAYS: Enter enc_wolfTLSv1_2_server_method
[SGXSan] ALWAYS: Enter enc_wolfSSL_Debugging_ON
[SGXSan] ALWAYS: Enter wc_test
------------------------------------------------------------------------------
 wolfSSL version 5.1.0
------------------------------------------------------------------------------
error    test passed!
MEMORY   test passed!
base64   test passed!
asn      test passed!
RANDOM   test passed!
MD5      test passed!
MD4      test passed!
SHA      test passed!
SHA-256  test passed!
Hash     test passed!
HMAC-MD5 test passed!
HMAC-SHA test passed!
HMAC-SHA256 test passed!
GMAC     test passed!
HC-128   test passed!
Rabbit   test passed!
DES      test passed!
DES3     test passed!
AES      test passed!
AES192   test passed!
AES256   test passed!
AES-GCM  test passed!
RSA      test passed!
DH       test passed!
DSA      test passed!
PWDBASED test passed!
ECC      test passed!
ECC buffer test passed!
logging  test passed!
mutex    test passed!
memcb    test failed!
 error = -13803
[SGXSan] ALWAYS: Enter enc_wolfSSL_CTX_use_certificate_buffer
[SGXSan] ALWAYS: Enter enc_wolfTLSv1_2_client_method
[SGXSan] ALWAYS: Enter enc_wolfSSL_CTX_load_verify_buffer
[SGXSan] ALWAYS: Enter enc_wolfSSL_CTX_use_PrivateKey_buffer
[SGXSan] ALWAYS: Enter enc_wolfSSL_CTX_free
[SGXSan] ALWAYS: Enter enc_wolfSSL_new
[SGXSan] ALWAYS: Enter enc_wolfSSL_set_fd
[SGXSan] ALWAYS: Enter enc_wolfSSL_Init
[SGXSan] ALWAYS: Enter enc_wolfSSL_write
[SGXSan] ALWAYS: Enter enc_wolfSSL_CTX_set_cipher_list
[SGXSan] ALWAYS: Enter enc_wolfSSL_CTX_use_certificate_chain_buffer_format
[SGXSan] ALWAYS: Enter enc_wolfSSL_free
[SGXSan] ALWAYS: Enter enc_wolfSSL_read
[SGXSan] ALWAYS: Enter enc_wolfSSL_Debugging_OFF
[SGXSan] ALWAYS: Enter enc_wolfSSL_CTX_new
[SGXSan] ALWAYS: Enter wc_benchmark_test
------------------------------------------------------------------------------
 wolfSSL version 5.1.0
------------------------------------------------------------------------------
wolfCrypt Benchmark (block bytes 1048576, min 1.0 sec each)
RNG                 15 MB took 1.183 seconds,   12.675 MB/s
AES-128-CBC-enc     35 MB took 1.174 seconds,   29.823 MB/s
AES-128-CBC-dec     30 MB took 1.066 seconds,   28.137 MB/s
AES-192-CBC-enc     25 MB took 1.122 seconds,   22.287 MB/s
AES-192-CBC-dec     25 MB took 1.040 seconds,   24.044 MB/s
AES-256-CBC-enc     25 MB took 1.083 seconds,   23.076 MB/s
AES-256-CBC-dec     25 MB took 1.142 seconds,   21.883 MB/s
AES-128-GCM-enc     25 MB took 1.203 seconds,   20.784 MB/s
AES-128-GCM-dec     25 MB took 1.164 seconds,   21.479 MB/s
AES-192-GCM-enc     20 MB took 1.140 seconds,   17.542 MB/s
AES-192-GCM-dec     25 MB took 1.229 seconds,   20.338 MB/s
AES-256-GCM-enc     20 MB took 1.127 seconds,   17.751 MB/s
AES-256-GCM-dec     20 MB took 1.168 seconds,   17.120 MB/s
GMAC Table 4-bit    67 MB took 1.002 seconds,   66.888 MB/s
RABBIT              90 MB took 1.062 seconds,   84.712 MB/s
3DES                10 MB took 1.129 seconds,    8.859 MB/s
MD5                300 MB took 1.004 seconds,  298.790 MB/s
SHA                125 MB took 1.010 seconds,  123.755 MB/s
SHA-256             35 MB took 1.226 seconds,   28.553 MB/s
HMAC-MD5           295 MB took 1.007 seconds,  293.015 MB/s
HMAC-SHA           110 MB took 1.005 seconds,  109.485 MB/s
HMAC-SHA256         30 MB took 1.115 seconds,   26.895 MB/s
PBKDF2               3 KB took 1.006 seconds,    3.015 KB/s
RSA     2048 public       1300 ops took 1.032 sec, avg 0.794 ms, 1259.181 ops/sec
RSA     2048 private       100 ops took 4.360 sec, avg 43.596 ms, 22.938 ops/sec
DH      2048 key gen        40 ops took 1.023 sec, avg 25.581 ms, 39.091 ops/sec
DH      2048 agree         100 ops took 2.522 sec, avg 25.222 ms, 39.648 ops/sec
ECC   [      SECP256R1]   256 key gen       877 ops took 1.001 sec, avg 1.141 ms, 876.373 ops/sec
ECDHE [      SECP256R1]   256 agree         500 ops took 1.019 sec, avg 2.037 ms, 490.807 ops/sec
ECDSA [      SECP256R1]   256 sign          800 ops took 1.104 sec, avg 1.381 ms, 724.328 ops/sec
ECDSA [      SECP256R1]   256 verify        500 ops took 1.075 sec, avg 2.150 ms, 465.083 ops/sec
Benchmark complete
[SGXSan] ALWAYS: Enter enc_wolfSSL_get_error
[SGXSan] ALWAYS: Enter enc_wolfSSL_Cleanup
[SGXSan] ALWAYS: Enter enc_wolfSSL_connect
[SGXSan] ALWAYS: Enter enc_wolfTLSv1_2_server_method
[SGXSan] ALWAYS: Enter enc_wolfSSL_Debugging_ON
[SGXSan] ALWAYS: Enter wc_test
------------------------------------------------------------------------------
 wolfSSL version 5.1.0
------------------------------------------------------------------------------
error    test passed!
MEMORY   test passed!
base64   test passed!
asn      test passed!
RANDOM   test passed!
MD5      test passed!
MD4      test passed!
SHA      test passed!
SHA-256  test passed!
Hash     test passed!
HMAC-MD5 test passed!
HMAC-SHA test passed!
HMAC-SHA256 test passed!
GMAC     test passed!
HC-128   test passed!
Rabbit   test passed!
DES      test passed!
DES3     test passed!
AES      test passed!
AES192   test passed!
AES256   test passed!
AES-GCM  test passed!
RSA      test passed!
DH       test passed!
DSA      test passed!
PWDBASED test passed!
ECC      test passed!
ECC buffer test passed!
logging  test passed!
mutex    test passed!
memcb    test failed!
 error = -13803
[SGXSan] ALWAYS: Enter enc_wolfSSL_CTX_use_certificate_buffer
[SGXSan] ALWAYS: Enter enc_wolfTLSv1_2_client_method
[SGXSan] ALWAYS: Enter enc_wolfSSL_CTX_load_verify_buffer
[SGXSan] ALWAYS: Enter enc_wolfSSL_CTX_use_PrivateKey_buffer
[SGXSan] ALWAYS: Enter enc_wolfSSL_CTX_free
[SGXSan] ALWAYS: Enter enc_wolfSSL_new
[SGXSan] ALWAYS: Enter enc_wolfSSL_set_fd
[SGXSan] ALWAYS: Enter enc_wolfSSL_Init
[SGXSan] ALWAYS: Enter enc_wolfSSL_write
[SGXSan] ALWAYS: Enter enc_wolfSSL_CTX_set_cipher_list
[SGXSan] ALWAYS: Enter enc_wolfSSL_CTX_use_certificate_chain_buffer_format
[SGXSan] ALWAYS: Enter enc_wolfSSL_free
[SGXSan] ALWAYS: Enter enc_wolfSSL_read
[SGXSan] ALWAYS: Enter enc_wolfSSL_Debugging_OFF
[SGXSan] ALWAYS: Enter enc_wolfSSL_CTX_new
#10	DONE   cov: 6292 ft: 6302 corp: 3/1084Kb lim: 1000000 exec/s: 0 rss: 96Mb
Done 10 runs in 427 second(s)
stat::number_of_executed_units: 10
stat::average_exec_per_sec:     0
stat::new_units_added:          0
stat::slowest_unit_time_sec:    42
stat::peak_rss_mb:              96
