WARNING: Failed to find function "__sanitizer_acquire_crash_state".
WARNING: Failed to find function "__sanitizer_print_stack_trace".
WARNING: Failed to find function "__sanitizer_set_death_callback".
[2023-01-15 20:55:51.541] [Init] Num of ECall: 22
[2023-01-15 20:55:51.541] ECalls:
  0 - fuzz_enc_wolfSSL_CTX_free
  1 - fuzz_enc_wolfSSL_CTX_load_verify_buffer
  2 - fuzz_enc_wolfSSL_CTX_new
  3 - fuzz_enc_wolfSSL_CTX_set_cipher_list
  4 - fuzz_enc_wolfSSL_CTX_use_PrivateKey_buffer
  5 - fuzz_enc_wolfSSL_CTX_use_certificate_buffer
  6 - fuzz_enc_wolfSSL_CTX_use_certificate_chain_buffer_format
  7 - fuzz_enc_wolfSSL_Cleanup
  8 - fuzz_enc_wolfSSL_Debugging_OFF
  9 - fuzz_enc_wolfSSL_Debugging_ON
  10 - fuzz_enc_wolfSSL_Init
  11 - fuzz_enc_wolfSSL_connect
  12 - fuzz_enc_wolfSSL_free
  13 - fuzz_enc_wolfSSL_get_error
  14 - fuzz_enc_wolfSSL_new
  15 - fuzz_enc_wolfSSL_read
  16 - fuzz_enc_wolfSSL_set_fd
  17 - fuzz_enc_wolfSSL_write
  18 - fuzz_enc_wolfTLSv1_2_client_method
  19 - fuzz_enc_wolfTLSv1_2_server_method
  20 - fuzz_wc_benchmark_test
  21 - fuzz_wc_test

INFO: found LLVMFuzzerCustomMutator (0x44ac30). Disabling -len_control by default.
INFO: libFuzzer ignores flags that start with '--'
INFO: Running with entropic power schedule (0xFF, 100).
INFO: Seed: 1715802723
INFO: Loaded 1 modules   (291 inline 8-bit counters): 291 [0x4cb7e8, 0x4cb90b), 
INFO: Loaded 1 PC tables (291 PCs): 291 [0x4cb910,0x4ccb40), 
INFO:        0 files found in /tmp/libFuzzerTemp.FuzzWithFork422940.dir/C247
[SGXSan] ALWAYS: Hook __sanitizer_cov_8bit_counters_init of Enclave, 21636 inline 8-bit counts [0x7fcf3c2309c0, 0x7fcf3c235e44) (First time)
[SGXSan] ALWAYS: Hook __sanitizer_cov_pcs_init of Enclave, 21636 PCs [0x7fcf3c235e48, 0x7fcf3c28a688) (First time)
[SGXSan] ALWAYS: Enter enc_wolfSSL_CTX_free
[SGXSan] ALWAYS: Enter enc_wolfSSL_CTX_load_verify_buffer
[SGXSan] ALWAYS: Enter enc_wolfSSL_CTX_new
[SGXSan] ALWAYS: Enter enc_wolfSSL_CTX_set_cipher_list
[SGXSan] ALWAYS: Enter enc_wolfSSL_CTX_use_PrivateKey_buffer
[SGXSan] ALWAYS: Enter enc_wolfSSL_CTX_use_certificate_buffer
[SGXSan] ALWAYS: Enter enc_wolfSSL_CTX_use_certificate_chain_buffer_format
[SGXSan] ALWAYS: Enter enc_wolfSSL_Cleanup
[SGXSan] ALWAYS: Enter enc_wolfSSL_Debugging_OFF
[SGXSan] ALWAYS: Enter enc_wolfSSL_Debugging_ON
[SGXSan] ALWAYS: Enter enc_wolfSSL_Init
[SGXSan] ALWAYS: Enter enc_wolfSSL_connect
[SGXSan] ALWAYS: Enter enc_wolfSSL_free
[SGXSan] ALWAYS: Enter enc_wolfSSL_get_error
[SGXSan] ALWAYS: Enter enc_wolfSSL_new
[SGXSan] ALWAYS: Enter enc_wolfSSL_read
[SGXSan] ALWAYS: Enter enc_wolfSSL_set_fd
[SGXSan] ALWAYS: Enter enc_wolfSSL_write
[SGXSan] ALWAYS: Enter enc_wolfTLSv1_2_client_method
[SGXSan] ALWAYS: Enter enc_wolfTLSv1_2_server_method
[SGXSan] ALWAYS: Enter wc_benchmark_test
------------------------------------------------------------------------------
 wolfSSL version 5.1.0
------------------------------------------------------------------------------
wolfCrypt Benchmark (block bytes 1048576, min 1.0 sec each)
RNG                 15 MB took 1.308 seconds,   11.472 MB/s
AES-128-CBC-enc     25 MB took 1.053 seconds,   23.732 MB/s
AES-128-CBC-dec     25 MB took 1.061 seconds,   23.565 MB/s
AES-192-CBC-enc     25 MB took 1.244 seconds,   20.104 MB/s
AES-192-CBC-dec     25 MB took 1.243 seconds,   20.116 MB/s
AES-256-CBC-enc     25 MB took 1.155 seconds,   21.640 MB/s
AES-256-CBC-dec     20 MB took 1.038 seconds,   19.271 MB/s
AES-128-GCM-enc     20 MB took 1.013 seconds,   19.750 MB/s
AES-128-GCM-dec     20 MB took 1.041 seconds,   19.204 MB/s
AES-192-GCM-enc     20 MB took 1.087 seconds,   18.405 MB/s
AES-192-GCM-dec     15 MB took 1.072 seconds,   13.998 MB/s
AES-256-GCM-enc     15 MB took 1.004 seconds,   14.936 MB/s
AES-256-GCM-dec     20 MB took 1.273 seconds,   15.715 MB/s
GMAC Table 4-bit    57 MB took 1.000 seconds,   56.988 MB/s
RABBIT              70 MB took 1.042 seconds,   67.188 MB/s
3DES                10 MB took 1.524 seconds,    6.561 MB/s
MD5                255 MB took 1.026 seconds,  248.613 MB/s
SHA                110 MB took 1.031 seconds,  106.722 MB/s
SHA-256             30 MB took 1.154 seconds,   25.990 MB/s
HMAC-MD5           265 MB took 1.015 seconds,  261.066 MB/s
HMAC-SHA           100 MB took 1.020 seconds,   98.011 MB/s
HMAC-SHA256         30 MB took 1.194 seconds,   25.126 MB/s
PBKDF2               3 KB took 1.009 seconds,    3.284 KB/s
RSA     2048 public       1300 ops took 1.068 sec, avg 0.821 ms, 1217.761 ops/sec
RSA     2048 private       100 ops took 4.324 sec, avg 43.236 ms, 23.129 ops/sec
DH      2048 key gen        56 ops took 1.018 sec, avg 18.186 ms, 54.988 ops/sec
DH      2048 agree         100 ops took 2.093 sec, avg 20.931 ms, 47.776 ops/sec
ECC   [      SECP256R1]   256 key gen      1239 ops took 1.000 sec, avg 0.807 ms, 1238.572 ops/sec
ECDHE [      SECP256R1]   256 agree         800 ops took 1.004 sec, avg 1.254 ms, 797.184 ops/sec
ECDSA [      SECP256R1]   256 sign         1000 ops took 1.012 sec, avg 1.012 ms, 988.084 ops/sec
ECDSA [      SECP256R1]   256 verify        700 ops took 1.002 sec, avg 1.431 ms, 698.810 ops/sec
Benchmark complete
[SGXSan] ALWAYS: Enter wc_test
INFO: seed corpus: files: 5 min: 370191b max: 390122b total: 1910748b rss: 43Mb
------------------------------------------------------------------------------
 wolfSSL version 5.1.0
------------------------------------------------------------------------------
error    test passed!
MEMORY   test passed!
base64   test passed!
asn      test passed!
RANDOM   test passed!
MD5      test passed!
MD4      test passed!
SHA      test passed!
SHA-256  test passed!
Hash     test passed!
HMAC-MD5 test passed!
HMAC-SHA test passed!
HMAC-SHA256 test passed!
GMAC     test passed!
HC-128   test passed!
Rabbit   test passed!
DES      test passed!
DES3     test passed!
AES      test passed!
AES192   test passed!
AES256   test passed!
AES-GCM  test passed!
RSA      test passed!
DH       test passed!
DSA      test passed!
PWDBASED test passed!
ECC      test passed!
ECC buffer test passed!
logging  test passed!
mutex    test passed!
memcb    test passed!
Test complete
[SGXSan] ALWAYS: Enter enc_wolfSSL_CTX_load_verify_buffer
[SGXSan] ALWAYS: Enter enc_wolfSSL_CTX_new
[SGXSan] ALWAYS: Enter enc_wolfSSL_CTX_free
[SGXSan] ALWAYS: Enter enc_wolfSSL_Debugging_ON
[SGXSan] ALWAYS: Enter wc_benchmark_test
------------------------------------------------------------------------------
 wolfSSL version 5.1.0
------------------------------------------------------------------------------
wolfCrypt Benchmark (block bytes 1048576, min 1.0 sec each)
RNG                 15 MB took 1.328 seconds,   11.293 MB/s
AES-128-CBC-enc     30 MB took 1.101 seconds,   27.252 MB/s
AES-128-CBC-dec     30 MB took 1.033 seconds,   29.045 MB/s
AES-192-CBC-enc     30 MB took 1.110 seconds,   27.017 MB/s
AES-192-CBC-dec     25 MB took 1.156 seconds,   21.622 MB/s
AES-256-CBC-enc     25 MB took 1.199 seconds,   20.851 MB/s
AES-256-CBC-dec     20 MB took 1.066 seconds,   18.768 MB/s
AES-128-GCM-enc     20 MB took 1.079 seconds,   18.535 MB/s
AES-128-GCM-dec     25 MB took 1.157 seconds,   21.604 MB/s
AES-192-GCM-enc     20 MB took 1.069 seconds,   18.707 MB/s
AES-192-GCM-dec     20 MB took 1.105 seconds,   18.103 MB/s
AES-256-GCM-enc     20 MB took 1.213 seconds,   16.493 MB/s
AES-256-GCM-dec     20 MB took 1.102 seconds,   18.148 MB/s
GMAC Table 4-bit    62 MB took 1.012 seconds,   61.241 MB/s
RABBIT              85 MB took 1.066 seconds,   79.720 MB/s
3DES                10 MB took 1.157 seconds,    8.644 MB/s
MD5                290 MB took 1.003 seconds,  289.199 MB/s
SHA                125 MB took 1.040 seconds,  120.231 MB/s
SHA-256             30 MB took 1.007 seconds,   29.785 MB/s
HMAC-MD5           250 MB took 1.001 seconds,  249.781 MB/s
HMAC-SHA           115 MB took 1.010 seconds,  113.907 MB/s
HMAC-SHA256         30 MB took 1.043 seconds,   28.763 MB/s
PBKDF2               3 KB took 1.001 seconds,    3.308 KB/s
RSA     2048 public       1400 ops took 1.057 sec, avg 0.755 ms, 1324.726 ops/sec
RSA     2048 private       100 ops took 4.321 sec, avg 43.205 ms, 23.145 ops/sec
DH      2048 key gen        49 ops took 1.015 sec, avg 20.710 ms, 48.287 ops/sec
DH      2048 agree         100 ops took 1.781 sec, avg 17.815 ms, 56.133 ops/sec
ECC   [      SECP256R1]   256 key gen      1341 ops took 1.000 sec, avg 0.746 ms, 1340.561 ops/sec
ECDHE [      SECP256R1]   256 agree         900 ops took 1.030 sec, avg 1.144 ms, 874.000 ops/sec
ECDSA [      SECP256R1]   256 sign         1200 ops took 1.038 sec, avg 0.865 ms, 1155.583 ops/sec
ECDSA [      SECP256R1]   256 verify        800 ops took 1.062 sec, avg 1.327 ms, 753.523 ops/sec
Benchmark complete
[SGXSan] ALWAYS: Enter enc_wolfTLSv1_2_server_method
[SGXSan] ALWAYS: Enter enc_wolfSSL_Debugging_OFF
[SGXSan] ALWAYS: Enter enc_wolfSSL_set_fd
[SGXSan] ALWAYS: Enter enc_wolfSSL_free
[SGXSan] ALWAYS: Enter enc_wolfSSL_Init
[SGXSan] ALWAYS: Enter enc_wolfTLSv1_2_client_method
[SGXSan] ALWAYS: Enter enc_wolfSSL_CTX_use_certificate_buffer
[SGXSan] ALWAYS: Enter enc_wolfSSL_Cleanup
[SGXSan] ALWAYS: Enter enc_wolfSSL_CTX_use_certificate_chain_buffer_format
[SGXSan] ALWAYS: Enter enc_wolfSSL_CTX_set_cipher_list
[SGXSan] ALWAYS: Enter enc_wolfSSL_get_error
[SGXSan] ALWAYS: Enter enc_wolfSSL_new
[SGXSan] ALWAYS: Enter enc_wolfSSL_read
[SGXSan] ALWAYS: Enter enc_wolfSSL_connect
[SGXSan] ALWAYS: Enter enc_wolfSSL_write
[SGXSan] ALWAYS: Enter enc_wolfSSL_CTX_use_PrivateKey_buffer
[SGXSan] ALWAYS: Enter wc_test
#2	pulse  ft: 6286 exec/s: 0 rss: 49Mb
Slowest unit: 43 s:
artifact_prefix='./crashes/'; Test unit written to ./crashes/slow-unit-96909ea58d2e80ea57583f4c55878b5a1d153797
------------------------------------------------------------------------------
 wolfSSL version 5.1.0
------------------------------------------------------------------------------
error    test passed!
MEMORY   test passed!
base64   test passed!
asn      test passed!
RANDOM   test passed!
MD5      test passed!
MD4      test passed!
SHA      test passed!
SHA-256  test passed!
Hash     test passed!
HMAC-MD5 test passed!
HMAC-SHA test passed!
HMAC-SHA256 test passed!
GMAC     test passed!
HC-128   test passed!
Rabbit   test passed!
DES      test passed!
DES3     test passed!
AES      test passed!
AES192   test passed!
AES256   test passed!
AES-GCM  test passed!
RSA      test passed!
DH       test passed!
DSA      test passed!
PWDBASED test passed!
ECC      test passed!
ECC buffer test passed!
logging  test passed!
mutex    test passed!
memcb    test failed!
 error = -13803
[SGXSan] ALWAYS: Enter enc_wolfSSL_connect
[SGXSan] ALWAYS: Enter enc_wolfSSL_new
[SGXSan] ALWAYS: Enter enc_wolfSSL_CTX_new
[SGXSan] ALWAYS: Enter enc_wolfSSL_CTX_free
[SGXSan] ALWAYS: Enter enc_wolfSSL_write
[SGXSan] ALWAYS: Enter enc_wolfSSL_CTX_load_verify_buffer
[SGXSan] ALWAYS: Enter enc_wolfSSL_CTX_use_PrivateKey_buffer
[SGXSan] ALWAYS: Enter enc_wolfTLSv1_2_client_method
[SGXSan] ALWAYS: Enter wc_benchmark_test
------------------------------------------------------------------------------
 wolfSSL version 5.1.0
------------------------------------------------------------------------------
wolfCrypt Benchmark (block bytes 1048576, min 1.0 sec each)
RNG                 15 MB took 1.179 seconds,   12.723 MB/s
AES-128-CBC-enc     25 MB took 1.011 seconds,   24.722 MB/s
AES-128-CBC-dec     30 MB took 1.139 seconds,   26.343 MB/s
AES-192-CBC-enc     25 MB took 1.041 seconds,   24.025 MB/s
AES-192-CBC-dec     25 MB took 1.074 seconds,   23.288 MB/s
AES-256-CBC-enc     20 MB took 1.032 seconds,   19.381 MB/s
AES-256-CBC-dec     25 MB took 1.133 seconds,   22.065 MB/s
AES-128-GCM-enc     25 MB took 1.152 seconds,   21.710 MB/s
AES-128-GCM-dec     25 MB took 1.078 seconds,   23.190 MB/s
AES-192-GCM-enc     25 MB took 1.219 seconds,   20.503 MB/s
AES-192-GCM-dec     25 MB took 1.224 seconds,   20.419 MB/s
AES-256-GCM-enc     20 MB took 1.062 seconds,   18.833 MB/s
AES-256-GCM-dec     20 MB took 1.048 seconds,   19.079 MB/s
GMAC Table 4-bit    63 MB took 1.007 seconds,   62.560 MB/s
RABBIT              90 MB took 1.027 seconds,   87.656 MB/s
3DES                10 MB took 1.122 seconds,    8.910 MB/s
MD5                275 MB took 1.011 seconds,  271.941 MB/s
SHA                125 MB took 1.011 seconds,  123.659 MB/s
SHA-256             30 MB took 1.070 seconds,   28.048 MB/s
HMAC-MD5           295 MB took 1.004 seconds,  293.930 MB/s
HMAC-SHA           125 MB took 1.007 seconds,  124.072 MB/s
HMAC-SHA256         35 MB took 1.166 seconds,   30.007 MB/s
PBKDF2               4 KB took 1.008 seconds,    3.598 KB/s
RSA     2048 public       1400 ops took 1.039 sec, avg 0.742 ms, 1347.568 ops/sec
RSA     2048 private       100 ops took 3.858 sec, avg 38.582 ms, 25.919 ops/sec
DH      2048 key gen        63 ops took 1.015 sec, avg 16.117 ms, 62.047 ops/sec
DH      2048 agree         100 ops took 1.584 sec, avg 15.845 ms, 63.113 ops/sec
ECC   [      SECP256R1]   256 key gen      1235 ops took 1.000 sec, avg 0.810 ms, 1234.472 ops/sec
ECDHE [      SECP256R1]   256 agree         900 ops took 1.022 sec, avg 1.135 ms, 880.767 ops/sec
ECDSA [      SECP256R1]   256 sign         1200 ops took 1.038 sec, avg 0.865 ms, 1155.630 ops/sec
ECDSA [      SECP256R1]   256 verify        900 ops took 1.090 sec, avg 1.211 ms, 825.722 ops/sec
Benchmark complete
[SGXSan] ALWAYS: Enter enc_wolfSSL_CTX_set_cipher_list
[SGXSan] ALWAYS: Enter enc_wolfSSL_get_error
[SGXSan] ALWAYS: Enter enc_wolfSSL_Init
[SGXSan] ALWAYS: Enter enc_wolfSSL_free
[SGXSan] ALWAYS: Enter wc_test
------------------------------------------------------------------------------
 wolfSSL version 5.1.0
------------------------------------------------------------------------------
error    test passed!
MEMORY   test passed!
base64   test passed!
asn      test passed!
RANDOM   test passed!
MD5      test passed!
MD4      test passed!
SHA      test passed!
SHA-256  test passed!
Hash     test passed!
HMAC-MD5 test passed!
HMAC-SHA test passed!
HMAC-SHA256 test passed!
GMAC     test passed!
HC-128   test passed!
Rabbit   test passed!
DES      test passed!
DES3     test passed!
AES      test passed!
AES192   test passed!
AES256   test passed!
AES-GCM  test passed!
RSA      test passed!
DH       test passed!
DSA      test passed!
PWDBASED test passed!
ECC      test passed!
ECC buffer test passed!
logging  test passed!
mutex    test passed!
memcb    test failed!
 error = -13803
[SGXSan] ALWAYS: Enter enc_wolfSSL_Debugging_ON
[SGXSan] ALWAYS: Enter enc_wolfSSL_read
[SGXSan] ALWAYS: Enter enc_wolfSSL_Debugging_OFF
[SGXSan] ALWAYS: Enter enc_wolfTLSv1_2_server_method
[SGXSan] ALWAYS: Enter enc_wolfSSL_set_fd
[SGXSan] ALWAYS: Enter enc_wolfSSL_CTX_use_certificate_buffer
[SGXSan] ALWAYS: Enter enc_wolfSSL_CTX_use_certificate_chain_buffer_format
[SGXSan] ALWAYS: Enter enc_wolfSSL_Cleanup
[SGXSan] ALWAYS: Enter wc_test
------------------------------------------------------------------------------
 wolfSSL version 5.1.0
------------------------------------------------------------------------------
error    test passed!
MEMORY   test passed!
base64   test passed!
asn      test passed!
RANDOM   test passed!
MD5      test passed!
MD4      test passed!
SHA      test passed!
SHA-256  test passed!
Hash     test passed!
HMAC-MD5 test passed!
HMAC-SHA test passed!
HMAC-SHA256 test passed!
GMAC     test passed!
HC-128   test passed!
Rabbit   test passed!
DES      test passed!
DES3     test passed!
AES      test passed!
AES192   test passed!
AES256   test passed!
AES-GCM  test passed!
RSA      test passed!
DH       test passed!
DSA      test passed!
PWDBASED test passed!
ECC      test passed!
ECC buffer test passed!
logging  test passed!
mutex    test passed!
memcb    test failed!
 error = -13803
[SGXSan] ALWAYS: Enter enc_wolfTLSv1_2_client_method
[SGXSan] ALWAYS: Enter enc_wolfSSL_CTX_set_cipher_list
[SGXSan] ALWAYS: Enter enc_wolfSSL_get_error
[SGXSan] ALWAYS: Enter enc_wolfSSL_Init
[SGXSan] ALWAYS: Enter enc_wolfSSL_CTX_load_verify_buffer
[SGXSan] ALWAYS: Enter enc_wolfSSL_free
[SGXSan] ALWAYS: Enter enc_wolfSSL_CTX_use_certificate_chain_buffer_format
[SGXSan] ALWAYS: Enter enc_wolfSSL_set_fd
[SGXSan] ALWAYS: Enter enc_wolfSSL_new
[SGXSan] ALWAYS: Enter enc_wolfSSL_Debugging_ON
[SGXSan] ALWAYS: Enter enc_wolfSSL_Debugging_OFF
[SGXSan] ALWAYS: Enter enc_wolfSSL_CTX_use_certificate_buffer
[SGXSan] ALWAYS: Enter enc_wolfTLSv1_2_server_method
[SGXSan] ALWAYS: Enter enc_wolfSSL_read
[SGXSan] ALWAYS: Enter enc_wolfSSL_connect
[SGXSan] ALWAYS: Enter enc_wolfSSL_write
[SGXSan] ALWAYS: Enter enc_wolfSSL_CTX_new
[SGXSan] ALWAYS: Enter enc_wolfSSL_CTX_free
[SGXSan] ALWAYS: Enter enc_wolfSSL_CTX_use_PrivateKey_buffer
[SGXSan] ALWAYS: Enter enc_wolfSSL_Cleanup
[SGXSan] ALWAYS: Enter wc_benchmark_test
#4	pulse  cov: 6287 ft: 6292 corp: 2/723Kb exec/s: 0 rss: 64Mb
------------------------------------------------------------------------------
 wolfSSL version 5.1.0
------------------------------------------------------------------------------
wolfCrypt Benchmark (block bytes 1048576, min 1.0 sec each)
RNG                 15 MB took 1.168 seconds,   12.841 MB/s
AES-128-CBC-enc     35 MB took 1.084 seconds,   32.278 MB/s
AES-128-CBC-dec     30 MB took 1.007 seconds,   29.802 MB/s
AES-192-CBC-enc     30 MB took 1.115 seconds,   26.903 MB/s
AES-192-CBC-dec     30 MB took 1.171 seconds,   25.619 MB/s
AES-256-CBC-enc     25 MB took 1.015 seconds,   24.626 MB/s
AES-256-CBC-dec     25 MB took 1.150 seconds,   21.736 MB/s
AES-128-GCM-enc     15 MB took 1.030 seconds,   14.567 MB/s
AES-128-GCM-dec     25 MB took 1.108 seconds,   22.572 MB/s
AES-192-GCM-enc     25 MB took 1.194 seconds,   20.945 MB/s
AES-192-GCM-dec     25 MB took 1.199 seconds,   20.855 MB/s
AES-256-GCM-enc     20 MB took 1.036 seconds,   19.298 MB/s
AES-256-GCM-dec     20 MB took 1.034 seconds,   19.346 MB/s
GMAC Table 4-bit    67 MB took 1.014 seconds,   66.057 MB/s
RABBIT              75 MB took 1.013 seconds,   74.025 MB/s
3DES                10 MB took 1.864 seconds,    5.364 MB/s
MD5                195 MB took 1.005 seconds,  194.046 MB/s
SHA                 75 MB took 1.058 seconds,   70.907 MB/s
SHA-256             20 MB took 1.106 seconds,   18.088 MB/s
HMAC-MD5           260 MB took 1.007 seconds,  258.112 MB/s
HMAC-SHA           125 MB took 1.013 seconds,  123.439 MB/s
HMAC-SHA256         25 MB took 1.143 seconds,   21.868 MB/s
PBKDF2               2 KB took 1.004 seconds,    2.147 KB/s
RSA     2048 public        900 ops took 1.079 sec, avg 1.199 ms, 833.799 ops/sec
RSA     2048 private       100 ops took 4.142 sec, avg 41.424 ms, 24.141 ops/sec
DH      2048 key gen        62 ops took 1.006 sec, avg 16.222 ms, 61.646 ops/sec
DH      2048 agree         100 ops took 1.915 sec, avg 19.148 ms, 52.224 ops/sec
ECC   [      SECP256R1]   256 key gen      1154 ops took 1.001 sec, avg 0.867 ms, 1153.328 ops/sec
ECDHE [      SECP256R1]   256 agree         800 ops took 1.003 sec, avg 1.254 ms, 797.506 ops/sec
ECDSA [      SECP256R1]   256 sign         1000 ops took 1.011 sec, avg 1.011 ms, 988.634 ops/sec
ECDSA [      SECP256R1]   256 verify        800 ops took 1.127 sec, avg 1.409 ms, 709.974 ops/sec
Benchmark complete
[SGXSan] ALWAYS: Enter enc_wolfSSL_read
[SGXSan] ALWAYS: Enter enc_wolfSSL_CTX_free
[SGXSan] ALWAYS: Enter wc_benchmark_test
------------------------------------------------------------------------------
 wolfSSL version 5.1.0
------------------------------------------------------------------------------
wolfCrypt Benchmark (block bytes 1048576, min 1.0 sec each)
RNG                 15 MB took 1.332 seconds,   11.261 MB/s
AES-128-CBC-enc     30 MB took 1.051 seconds,   28.537 MB/s
AES-128-CBC-dec     30 MB took 1.091 seconds,   27.500 MB/s
AES-192-CBC-enc     25 MB took 1.023 seconds,   24.428 MB/s
AES-192-CBC-dec     25 MB took 1.111 seconds,   22.498 MB/s
AES-256-CBC-enc     25 MB took 1.085 seconds,   23.050 MB/s
AES-256-CBC-dec     20 MB took 1.029 seconds,   19.431 MB/s
AES-128-GCM-enc     20 MB took 1.031 seconds,   19.398 MB/s
AES-128-GCM-dec     20 MB took 1.105 seconds,   18.098 MB/s
AES-192-GCM-enc     20 MB took 1.084 seconds,   18.449 MB/s
AES-192-GCM-dec     20 MB took 1.025 seconds,   19.514 MB/s
AES-256-GCM-enc     20 MB took 1.129 seconds,   17.708 MB/s
AES-256-GCM-dec     20 MB took 1.157 seconds,   17.284 MB/s
GMAC Table 4-bit    66 MB took 1.002 seconds,   65.846 MB/s
RABBIT              85 MB took 1.078 seconds,   78.846 MB/s
3DES                10 MB took 1.142 seconds,    8.760 MB/s
MD5                290 MB took 1.007 seconds,  288.079 MB/s
SHA                110 MB took 1.033 seconds,  106.454 MB/s
SHA-256             25 MB took 1.171 seconds,   21.355 MB/s
HMAC-MD5           170 MB took 1.025 seconds,  165.773 MB/s
HMAC-SHA            65 MB took 1.055 seconds,   61.602 MB/s
HMAC-SHA256         25 MB took 1.093 seconds,   22.868 MB/s
PBKDF2               3 KB took 1.009 seconds,    3.439 KB/s
RSA     2048 public       1100 ops took 1.047 sec, avg 0.952 ms, 1050.620 ops/sec
RSA     2048 private       100 ops took 6.034 sec, avg 60.338 ms, 16.573 ops/sec
DH      2048 key gen        57 ops took 1.013 sec, avg 17.773 ms, 56.265 ops/sec
DH      2048 agree         100 ops took 1.778 sec, avg 17.778 ms, 56.249 ops/sec
ECC   [      SECP256R1]   256 key gen      1268 ops took 1.000 sec, avg 0.789 ms, 1267.796 ops/sec
ECDHE [      SECP256R1]   256 agree         900 ops took 1.115 sec, avg 1.239 ms, 807.393 ops/sec
ECDSA [      SECP256R1]   256 sign         1100 ops took 1.030 sec, avg 0.936 ms, 1068.058 ops/sec
ECDSA [      SECP256R1]   256 verify        800 ops took 1.026 sec, avg 1.283 ms, 779.436 ops/sec
Benchmark complete
[SGXSan] ALWAYS: Enter enc_wolfSSL_CTX_use_certificate_chain_buffer_format
[SGXSan] ALWAYS: Enter enc_wolfSSL_write
[SGXSan] ALWAYS: Enter enc_wolfSSL_CTX_use_certificate_buffer
[SGXSan] ALWAYS: Enter wc_test
------------------------------------------------------------------------------
 wolfSSL version 5.1.0
------------------------------------------------------------------------------
error    test passed!
MEMORY   test passed!
base64   test passed!
asn      test passed!
RANDOM   test passed!
MD5      test passed!
MD4      test passed!
SHA      test passed!
SHA-256  test passed!
Hash     test passed!
HMAC-MD5 test passed!
HMAC-SHA test passed!
HMAC-SHA256 test passed!
GMAC     test passed!
HC-128   test passed!
Rabbit   test passed!
DES      test passed!
DES3     test passed!
AES      test passed!
AES192   test passed!
AES256   test passed!
AES-GCM  test passed!
RSA      test passed!
DH       test passed!
DSA      test passed!
PWDBASED test passed!
ECC      test passed!
ECC buffer test passed!
logging  test passed!
mutex    test passed!
memcb    test failed!
 error = -13803
[SGXSan] ALWAYS: Enter enc_wolfSSL_Cleanup
[SGXSan] ALWAYS: Enter enc_wolfTLSv1_2_server_method
[SGXSan] ALWAYS: Enter enc_wolfSSL_new
[SGXSan] ALWAYS: Enter enc_wolfSSL_Init
[SGXSan] ALWAYS: Enter enc_wolfSSL_CTX_use_PrivateKey_buffer
[SGXSan] ALWAYS: Enter enc_wolfSSL_get_error
[SGXSan] ALWAYS: Enter enc_wolfTLSv1_2_client_method
[SGXSan] ALWAYS: Enter enc_wolfSSL_connect
[SGXSan] ALWAYS: Enter enc_wolfSSL_CTX_load_verify_buffer
[SGXSan] ALWAYS: Enter enc_wolfSSL_Debugging_ON
[SGXSan] ALWAYS: Enter enc_wolfSSL_Debugging_OFF
[SGXSan] ALWAYS: Enter enc_wolfSSL_CTX_set_cipher_list
[SGXSan] ALWAYS: Enter enc_wolfSSL_set_fd
[SGXSan] ALWAYS: Enter enc_wolfSSL_free
[SGXSan] ALWAYS: Enter enc_wolfSSL_CTX_new
[SGXSan] ALWAYS: Enter enc_wolfSSL_Init
[SGXSan] ALWAYS: Enter enc_wolfSSL_Cleanup
[SGXSan] ALWAYS: Enter enc_wolfSSL_set_fd
[SGXSan] ALWAYS: Enter enc_wolfSSL_CTX_load_verify_buffer
[SGXSan] ALWAYS: Enter enc_wolfSSL_Debugging_ON
[SGXSan] ALWAYS: Enter wc_benchmark_test
------------------------------------------------------------------------------
 wolfSSL version 5.1.0
------------------------------------------------------------------------------
wolfCrypt Benchmark (block bytes 1048576, min 1.0 sec each)
RNG                 15 MB took 1.439 seconds,   10.420 MB/s
AES-128-CBC-enc     30 MB took 1.104 seconds,   27.173 MB/s
AES-128-CBC-dec     30 MB took 1.173 seconds,   25.575 MB/s
AES-192-CBC-enc     25 MB took 1.032 seconds,   24.217 MB/s
AES-192-CBC-dec     25 MB took 1.063 seconds,   23.524 MB/s
AES-256-CBC-enc     25 MB took 1.075 seconds,   23.266 MB/s
AES-256-CBC-dec     25 MB took 1.130 seconds,   22.114 MB/s
AES-128-GCM-enc     25 MB took 1.134 seconds,   22.046 MB/s
AES-128-GCM-dec     25 MB took 1.175 seconds,   21.278 MB/s
AES-192-GCM-enc     20 MB took 1.123 seconds,   17.804 MB/s
AES-192-GCM-dec     20 MB took 1.235 seconds,   16.197 MB/s
AES-256-GCM-enc     20 MB took 1.258 seconds,   15.896 MB/s
AES-256-GCM-dec     20 MB took 1.094 seconds,   18.285 MB/s
GMAC Table 4-bit    62 MB took 1.012 seconds,   61.253 MB/s
RABBIT              85 MB took 1.042 seconds,   81.590 MB/s
3DES                10 MB took 1.178 seconds,    8.491 MB/s
MD5                250 MB took 1.005 seconds,  248.807 MB/s
SHA                 90 MB took 1.024 seconds,   87.850 MB/s
SHA-256             30 MB took 1.034 seconds,   29.025 MB/s
HMAC-MD5           260 MB took 1.016 seconds,  255.897 MB/s
HMAC-SHA           115 MB took 1.037 seconds,  110.924 MB/s
HMAC-SHA256         30 MB took 1.034 seconds,   29.024 MB/s
PBKDF2               3 KB took 1.005 seconds,    3.139 KB/s
RSA     2048 public       1100 ops took 1.095 sec, avg 0.995 ms, 1004.561 ops/sec
RSA     2048 private       100 ops took 4.684 sec, avg 46.836 ms, 21.351 ops/sec
DH      2048 key gen        61 ops took 1.010 sec, avg 16.564 ms, 60.373 ops/sec
DH      2048 agree         100 ops took 1.641 sec, avg 16.413 ms, 60.926 ops/sec
ECC   [      SECP256R1]   256 key gen      1308 ops took 1.000 sec, avg 0.765 ms, 1307.646 ops/sec
ECDHE [      SECP256R1]   256 agree         800 ops took 1.005 sec, avg 1.256 ms, 795.864 ops/sec
ECDSA [      SECP256R1]   256 sign         1000 ops took 1.024 sec, avg 1.024 ms, 976.633 ops/sec
ECDSA [      SECP256R1]   256 verify        700 ops took 1.080 sec, avg 1.543 ms, 648.280 ops/sec
Benchmark complete
[SGXSan] ALWAYS: Enter enc_wolfSSL_new
[SGXSan] ALWAYS: Enter enc_wolfSSL_free
[SGXSan] ALWAYS: Enter enc_wolfSSL_CTX_use_certificate_buffer
[SGXSan] ALWAYS: Enter enc_wolfSSL_connect
[SGXSan] ALWAYS: Enter enc_wolfTLSv1_2_server_method
[SGXSan] ALWAYS: Enter enc_wolfSSL_CTX_use_certificate_chain_buffer_format
[SGXSan] ALWAYS: Enter enc_wolfSSL_Debugging_OFF
[SGXSan] ALWAYS: Enter wc_test
------------------------------------------------------------------------------
 wolfSSL version 5.1.0
------------------------------------------------------------------------------
error    test passed!
MEMORY   test passed!
base64   test passed!
asn      test passed!
RANDOM   test passed!
MD5      test passed!
MD4      test passed!
SHA      test passed!
SHA-256  test passed!
Hash     test passed!
HMAC-MD5 test passed!
HMAC-SHA test passed!
HMAC-SHA256 test passed!
GMAC     test passed!
HC-128   test passed!
Rabbit   test passed!
DES      test passed!
DES3     test passed!
AES      test passed!
AES192   test passed!
AES256   test passed!
AES-GCM  test passed!
RSA      test passed!
DH       test passed!
DSA      test passed!
PWDBASED test passed!
ECC      test passed!
ECC buffer test passed!
logging  test passed!
mutex    test passed!
memcb    test failed!
 error = -13803
[SGXSan] ALWAYS: Enter enc_wolfSSL_write
[SGXSan] ALWAYS: Enter enc_wolfSSL_get_error
[SGXSan] ALWAYS: Enter enc_wolfTLSv1_2_client_method
[SGXSan] ALWAYS: Enter enc_wolfSSL_CTX_set_cipher_list
[SGXSan] ALWAYS: Enter enc_wolfSSL_CTX_free
[SGXSan] ALWAYS: Enter enc_wolfSSL_CTX_use_PrivateKey_buffer
[SGXSan] ALWAYS: Enter enc_wolfSSL_read
[SGXSan] ALWAYS: Enter enc_wolfSSL_CTX_new
#6	INITED cov: 6288 ft: 6298 corp: 4/1484Kb exec/s: 0 rss: 77Mb
#6	DONE   cov: 6288 ft: 6298 corp: 4/1484Kb lim: 390122 exec/s: 0 rss: 77Mb
Done 6 runs in 266 second(s)
stat::number_of_executed_units: 6
stat::average_exec_per_sec:     0
stat::new_units_added:          0
stat::slowest_unit_time_sec:    43
stat::peak_rss_mb:              77
