WARNING: Failed to find function "__sanitizer_acquire_crash_state".
WARNING: Failed to find function "__sanitizer_print_stack_trace".
WARNING: Failed to find function "__sanitizer_set_death_callback".
[2023-01-15 20:56:01.039] [Init] Num of ECall: 22
[2023-01-15 20:56:01.039] ECalls:
  0 - fuzz_enc_wolfSSL_CTX_free
  1 - fuzz_enc_wolfSSL_CTX_load_verify_buffer
  2 - fuzz_enc_wolfSSL_CTX_new
  3 - fuzz_enc_wolfSSL_CTX_set_cipher_list
  4 - fuzz_enc_wolfSSL_CTX_use_PrivateKey_buffer
  5 - fuzz_enc_wolfSSL_CTX_use_certificate_buffer
  6 - fuzz_enc_wolfSSL_CTX_use_certificate_chain_buffer_format
  7 - fuzz_enc_wolfSSL_Cleanup
  8 - fuzz_enc_wolfSSL_Debugging_OFF
  9 - fuzz_enc_wolfSSL_Debugging_ON
  10 - fuzz_enc_wolfSSL_Init
  11 - fuzz_enc_wolfSSL_connect
  12 - fuzz_enc_wolfSSL_free
  13 - fuzz_enc_wolfSSL_get_error
  14 - fuzz_enc_wolfSSL_new
  15 - fuzz_enc_wolfSSL_read
  16 - fuzz_enc_wolfSSL_set_fd
  17 - fuzz_enc_wolfSSL_write
  18 - fuzz_enc_wolfTLSv1_2_client_method
  19 - fuzz_enc_wolfTLSv1_2_server_method
  20 - fuzz_wc_benchmark_test
  21 - fuzz_wc_test

INFO: found LLVMFuzzerCustomMutator (0x44ac30). Disabling -len_control by default.
INFO: libFuzzer ignores flags that start with '--'
INFO: Running with entropic power schedule (0xFF, 100).
INFO: Seed: 2623874813
INFO: Loaded 1 modules   (291 inline 8-bit counters): 291 [0x4cb7e8, 0x4cb90b), 
INFO: Loaded 1 PC tables (291 PCs): 291 [0x4cb910,0x4ccb40), 
INFO:        0 files found in /tmp/libFuzzerTemp.FuzzWithFork422940.dir/C248
[SGXSan] ALWAYS: Hook __sanitizer_cov_8bit_counters_init of Enclave, 21636 inline 8-bit counts [0x7f3e68d869c0, 0x7f3e68d8be44) (First time)
[SGXSan] ALWAYS: Hook __sanitizer_cov_pcs_init of Enclave, 21636 PCs [0x7f3e68d8be48, 0x7f3e68de0688) (First time)
[SGXSan] ALWAYS: Enter enc_wolfSSL_CTX_free
[SGXSan] ALWAYS: Enter enc_wolfSSL_CTX_load_verify_buffer
[SGXSan] ALWAYS: Enter enc_wolfSSL_CTX_new
[SGXSan] ALWAYS: Enter enc_wolfSSL_CTX_set_cipher_list
[SGXSan] ALWAYS: Enter enc_wolfSSL_CTX_use_PrivateKey_buffer
[SGXSan] ALWAYS: Enter enc_wolfSSL_CTX_use_certificate_buffer
[SGXSan] ALWAYS: Enter enc_wolfSSL_CTX_use_certificate_chain_buffer_format
[SGXSan] ALWAYS: Enter enc_wolfSSL_Cleanup
[SGXSan] ALWAYS: Enter enc_wolfSSL_Debugging_OFF
[SGXSan] ALWAYS: Enter enc_wolfSSL_Debugging_ON
[SGXSan] ALWAYS: Enter enc_wolfSSL_Init
[SGXSan] ALWAYS: Enter enc_wolfSSL_connect
[SGXSan] ALWAYS: Enter enc_wolfSSL_free
[SGXSan] ALWAYS: Enter enc_wolfSSL_get_error
[SGXSan] ALWAYS: Enter enc_wolfSSL_new
[SGXSan] ALWAYS: Enter enc_wolfSSL_read
[SGXSan] ALWAYS: Enter enc_wolfSSL_set_fd
[SGXSan] ALWAYS: Enter enc_wolfSSL_write
[SGXSan] ALWAYS: Enter enc_wolfTLSv1_2_client_method
[SGXSan] ALWAYS: Enter enc_wolfTLSv1_2_server_method
[SGXSan] ALWAYS: Enter wc_benchmark_test
------------------------------------------------------------------------------
 wolfSSL version 5.1.0
------------------------------------------------------------------------------
wolfCrypt Benchmark (block bytes 1048576, min 1.0 sec each)
RNG                 15 MB took 1.401 seconds,   10.703 MB/s
AES-128-CBC-enc     25 MB took 1.018 seconds,   24.552 MB/s
AES-128-CBC-dec     30 MB took 1.177 seconds,   25.494 MB/s
AES-192-CBC-enc     25 MB took 1.225 seconds,   20.414 MB/s
AES-192-CBC-dec     20 MB took 1.086 seconds,   18.409 MB/s
AES-256-CBC-enc     25 MB took 1.200 seconds,   20.834 MB/s
AES-256-CBC-dec     25 MB took 1.226 seconds,   20.397 MB/s
AES-128-GCM-enc     20 MB took 1.077 seconds,   18.566 MB/s
AES-128-GCM-dec     25 MB took 1.213 seconds,   20.612 MB/s
AES-192-GCM-enc     20 MB took 1.122 seconds,   17.827 MB/s
AES-192-GCM-dec     20 MB took 1.128 seconds,   17.737 MB/s
AES-256-GCM-enc     15 MB took 1.035 seconds,   14.491 MB/s
AES-256-GCM-dec     20 MB took 1.159 seconds,   17.251 MB/s
GMAC Table 4-bit    62 MB took 1.011 seconds,   61.298 MB/s
RABBIT              80 MB took 1.029 seconds,   77.739 MB/s
3DES                10 MB took 1.283 seconds,    7.795 MB/s
MD5                265 MB took 1.016 seconds,  260.736 MB/s
SHA                110 MB took 1.022 seconds,  107.595 MB/s
SHA-256             20 MB took 1.026 seconds,   19.485 MB/s
HMAC-MD5           270 MB took 1.004 seconds,  269.012 MB/s
HMAC-SHA           120 MB took 1.017 seconds,  117.970 MB/s
HMAC-SHA256         30 MB took 1.127 seconds,   26.619 MB/s
PBKDF2               3 KB took 1.005 seconds,    3.359 KB/s
RSA     2048 public       1200 ops took 1.006 sec, avg 0.838 ms, 1192.685 ops/sec
RSA     2048 private       100 ops took 4.865 sec, avg 48.649 ms, 20.555 ops/sec
DH      2048 key gen        39 ops took 1.002 sec, avg 25.688 ms, 38.929 ops/sec
DH      2048 agree         100 ops took 2.589 sec, avg 25.885 ms, 38.632 ops/sec
ECC   [      SECP256R1]   256 key gen       872 ops took 1.001 sec, avg 1.148 ms, 871.034 ops/sec
ECDHE [      SECP256R1]   256 agree         600 ops took 1.084 sec, avg 1.807 ms, 553.549 ops/sec
ECDSA [      SECP256R1]   256 sign          800 ops took 1.087 sec, avg 1.359 ms, 735.987 ops/sec
ECDSA [      SECP256R1]   256 verify        500 ops took 1.052 sec, avg 2.103 ms, 475.456 ops/sec
Benchmark complete
[SGXSan] ALWAYS: Enter wc_test
INFO: seed corpus: files: 5 min: 370191b max: 390122b total: 1870886b rss: 43Mb
------------------------------------------------------------------------------
 wolfSSL version 5.1.0
------------------------------------------------------------------------------
error    test passed!
MEMORY   test passed!
base64   test passed!
asn      test passed!
RANDOM   test passed!
MD5      test passed!
MD4      test passed!
SHA      test passed!
SHA-256  test passed!
Hash     test passed!
HMAC-MD5 test passed!
HMAC-SHA test passed!
HMAC-SHA256 test passed!
GMAC     test passed!
HC-128   test passed!
Rabbit   test passed!
DES      test passed!
DES3     test passed!
AES      test passed!
AES192   test passed!
AES256   test passed!
AES-GCM  test passed!
RSA      test passed!
DH       test passed!
DSA      test passed!
PWDBASED test passed!
ECC      test passed!
ECC buffer test passed!
logging  test passed!
mutex    test passed!
memcb    test passed!
Test complete
[SGXSan] ALWAYS: Enter enc_wolfSSL_new
[SGXSan] ALWAYS: Enter wc_test
------------------------------------------------------------------------------
 wolfSSL version 5.1.0
------------------------------------------------------------------------------
error    test passed!
MEMORY   test passed!
base64   test passed!
asn      test passed!
RANDOM   test passed!
MD5      test passed!
MD4      test passed!
SHA      test passed!
SHA-256  test passed!
Hash     test passed!
HMAC-MD5 test passed!
HMAC-SHA test passed!
HMAC-SHA256 test passed!
GMAC     test passed!
HC-128   test passed!
Rabbit   test passed!
DES      test passed!
DES3     test passed!
AES      test passed!
AES192   test passed!
AES256   test passed!
AES-GCM  test passed!
RSA      test passed!
DH       test passed!
DSA      test passed!
PWDBASED test passed!
ECC      test passed!
ECC buffer test passed!
logging  test passed!
mutex    test passed!
memcb    test failed!
 error = -13803
[SGXSan] ALWAYS: Enter enc_wolfSSL_CTX_use_certificate_chain_buffer_format
[SGXSan] ALWAYS: Enter enc_wolfSSL_write
[SGXSan] ALWAYS: Enter enc_wolfSSL_get_error
[SGXSan] ALWAYS: Enter enc_wolfSSL_CTX_load_verify_buffer
[SGXSan] ALWAYS: Enter enc_wolfSSL_CTX_use_PrivateKey_buffer
[SGXSan] ALWAYS: Enter enc_wolfSSL_CTX_use_certificate_buffer
[SGXSan] ALWAYS: Enter enc_wolfTLSv1_2_server_method
[SGXSan] ALWAYS: Enter enc_wolfSSL_Debugging_ON
[SGXSan] ALWAYS: Enter enc_wolfSSL_CTX_new
[SGXSan] ALWAYS: Enter enc_wolfSSL_Cleanup
[SGXSan] ALWAYS: Enter enc_wolfSSL_connect
[SGXSan] ALWAYS: Enter wc_benchmark_test
------------------------------------------------------------------------------
 wolfSSL version 5.1.0
------------------------------------------------------------------------------
wolfCrypt Benchmark (block bytes 1048576, min 1.0 sec each)
RNG                 15 MB took 1.269 seconds,   11.824 MB/s
AES-128-CBC-enc     35 MB took 1.160 seconds,   30.163 MB/s
AES-128-CBC-dec     25 MB took 1.043 seconds,   23.959 MB/s
AES-192-CBC-enc     25 MB took 1.029 seconds,   24.285 MB/s
AES-192-CBC-dec     25 MB took 1.114 seconds,   22.450 MB/s
AES-256-CBC-enc     25 MB took 1.178 seconds,   21.218 MB/s
AES-256-CBC-dec     25 MB took 1.106 seconds,   22.609 MB/s
AES-128-GCM-enc     25 MB took 1.084 seconds,   23.068 MB/s
AES-128-GCM-dec     25 MB took 1.182 seconds,   21.144 MB/s
AES-192-GCM-enc     25 MB took 1.223 seconds,   20.441 MB/s
AES-192-GCM-dec     25 MB took 1.253 seconds,   19.947 MB/s
AES-256-GCM-enc     20 MB took 1.092 seconds,   18.316 MB/s
AES-256-GCM-dec     20 MB took 1.084 seconds,   18.453 MB/s
GMAC Table 4-bit    56 MB took 1.003 seconds,   55.849 MB/s
RABBIT              85 MB took 1.009 seconds,   84.220 MB/s
3DES                10 MB took 1.121 seconds,    8.924 MB/s
MD5                290 MB took 1.000 seconds,  289.872 MB/s
SHA                125 MB took 1.020 seconds,  122.600 MB/s
SHA-256             30 MB took 1.029 seconds,   29.161 MB/s
HMAC-MD5           295 MB took 1.014 seconds,  290.867 MB/s
HMAC-SHA           120 MB took 1.035 seconds,  115.937 MB/s
HMAC-SHA256         30 MB took 1.006 seconds,   29.827 MB/s
PBKDF2               4 KB took 1.001 seconds,    3.653 KB/s
RSA     2048 public       1400 ops took 1.059 sec, avg 0.757 ms, 1321.658 ops/sec
RSA     2048 private       100 ops took 4.058 sec, avg 40.575 ms, 24.645 ops/sec
DH      2048 key gen        63 ops took 1.014 sec, avg 16.095 ms, 62.130 ops/sec
DH      2048 agree         100 ops took 1.675 sec, avg 16.747 ms, 59.712 ops/sec
ECC   [      SECP256R1]   256 key gen      1180 ops took 1.001 sec, avg 0.848 ms, 1178.836 ops/sec
ECDHE [      SECP256R1]   256 agree         800 ops took 1.045 sec, avg 1.307 ms, 765.199 ops/sec
ECDSA [      SECP256R1]   256 sign         1200 ops took 1.041 sec, avg 0.867 ms, 1152.973 ops/sec
ECDSA [      SECP256R1]   256 verify        900 ops took 1.093 sec, avg 1.214 ms, 823.666 ops/sec
Benchmark complete
[SGXSan] ALWAYS: Enter enc_wolfSSL_free
[SGXSan] ALWAYS: Enter enc_wolfSSL_set_fd
[SGXSan] ALWAYS: Enter enc_wolfTLSv1_2_client_method
[SGXSan] ALWAYS: Enter enc_wolfSSL_Init
[SGXSan] ALWAYS: Enter enc_wolfSSL_CTX_set_cipher_list
[SGXSan] ALWAYS: Enter enc_wolfSSL_Debugging_OFF
[SGXSan] ALWAYS: Enter enc_wolfSSL_read
[SGXSan] ALWAYS: Enter enc_wolfSSL_CTX_free
#2	pulse  ft: 6297 exec/s: 0 rss: 49Mb
Slowest unit: 44 s:
artifact_prefix='./crashes/'; Test unit written to ./crashes/slow-unit-eea13a3d5a82fc21c5d57bf5c2da85a11c88d78c
[SGXSan] ALWAYS: Enter enc_wolfTLSv1_2_server_method
[SGXSan] ALWAYS: Enter enc_wolfSSL_Debugging_ON
[SGXSan] ALWAYS: Enter enc_wolfSSL_CTX_use_PrivateKey_buffer
[SGXSan] ALWAYS: Enter enc_wolfSSL_new
[SGXSan] ALWAYS: Enter enc_wolfSSL_CTX_free
[SGXSan] ALWAYS: Enter enc_wolfSSL_get_error
[SGXSan] ALWAYS: Enter enc_wolfSSL_Debugging_OFF
[SGXSan] ALWAYS: Enter enc_wolfSSL_CTX_load_verify_buffer
[SGXSan] ALWAYS: Enter enc_wolfSSL_CTX_use_certificate_chain_buffer_format
[SGXSan] ALWAYS: Enter enc_wolfSSL_CTX_use_certificate_buffer
[SGXSan] ALWAYS: Enter wc_test
------------------------------------------------------------------------------
 wolfSSL version 5.1.0
------------------------------------------------------------------------------
error    test passed!
MEMORY   test passed!
base64   test passed!
asn      test passed!
RANDOM   test passed!
MD5      test passed!
MD4      test passed!
SHA      test passed!
SHA-256  test passed!
Hash     test passed!
HMAC-MD5 test passed!
HMAC-SHA test passed!
HMAC-SHA256 test passed!
GMAC     test passed!
HC-128   test passed!
Rabbit   test passed!
DES      test passed!
DES3     test passed!
AES      test passed!
AES192   test passed!
AES256   test passed!
AES-GCM  test passed!
RSA      test passed!
DH       test passed!
DSA      test passed!
PWDBASED test passed!
ECC      test passed!
ECC buffer test passed!
logging  test passed!
mutex    test passed!
memcb    test failed!
 error = -13803
[SGXSan] ALWAYS: Enter wc_benchmark_test
------------------------------------------------------------------------------
 wolfSSL version 5.1.0
------------------------------------------------------------------------------
wolfCrypt Benchmark (block bytes 1048576, min 1.0 sec each)
RNG                 15 MB took 1.177 seconds,   12.739 MB/s
AES-128-CBC-enc     35 MB took 1.140 seconds,   30.690 MB/s
AES-128-CBC-dec     30 MB took 1.018 seconds,   29.483 MB/s
AES-192-CBC-enc     30 MB took 1.091 seconds,   27.504 MB/s
AES-192-CBC-dec     30 MB took 1.172 seconds,   25.593 MB/s
AES-256-CBC-enc     25 MB took 1.033 seconds,   24.210 MB/s
AES-256-CBC-dec     25 MB took 1.076 seconds,   23.236 MB/s
AES-128-GCM-enc     25 MB took 1.135 seconds,   22.025 MB/s
AES-128-GCM-dec     25 MB took 1.079 seconds,   23.160 MB/s
AES-192-GCM-enc     25 MB took 1.204 seconds,   20.768 MB/s
AES-192-GCM-dec     25 MB took 1.228 seconds,   20.360 MB/s
AES-256-GCM-enc     20 MB took 1.048 seconds,   19.081 MB/s
AES-256-GCM-dec     20 MB took 1.059 seconds,   18.889 MB/s
GMAC Table 4-bit    67 MB took 1.007 seconds,   66.538 MB/s
RABBIT              90 MB took 1.017 seconds,   88.499 MB/s
3DES                10 MB took 1.116 seconds,    8.958 MB/s
MD5                295 MB took 1.017 seconds,  290.162 MB/s
SHA                125 MB took 1.005 seconds,  124.371 MB/s
SHA-256             30 MB took 1.090 seconds,   27.517 MB/s
HMAC-MD5           300 MB took 1.014 seconds,  295.821 MB/s
HMAC-SHA           125 MB took 1.006 seconds,  124.307 MB/s
HMAC-SHA256         30 MB took 1.008 seconds,   29.751 MB/s
PBKDF2               4 KB took 1.004 seconds,    3.671 KB/s
RSA     2048 public       1300 ops took 1.051 sec, avg 0.808 ms, 1237.176 ops/sec
RSA     2048 private       100 ops took 3.824 sec, avg 38.242 ms, 26.150 ops/sec
DH      2048 key gen        63 ops took 1.012 sec, avg 16.058 ms, 62.274 ops/sec
DH      2048 agree         100 ops took 1.712 sec, avg 17.117 ms, 58.420 ops/sec
ECC   [      SECP256R1]   256 key gen      1361 ops took 1.000 sec, avg 0.735 ms, 1360.718 ops/sec
ECDHE [      SECP256R1]   256 agree         900 ops took 1.029 sec, avg 1.144 ms, 874.430 ops/sec
ECDSA [      SECP256R1]   256 sign         1200 ops took 1.051 sec, avg 0.876 ms, 1141.909 ops/sec
ECDSA [      SECP256R1]   256 verify        900 ops took 1.117 sec, avg 1.241 ms, 806.072 ops/sec
Benchmark complete
[SGXSan] ALWAYS: Enter enc_wolfSSL_Cleanup
[SGXSan] ALWAYS: Enter enc_wolfSSL_write
[SGXSan] ALWAYS: Enter enc_wolfSSL_CTX_set_cipher_list
[SGXSan] ALWAYS: Enter enc_wolfSSL_CTX_new
[SGXSan] ALWAYS: Enter enc_wolfSSL_read
[SGXSan] ALWAYS: Enter enc_wolfSSL_free
[SGXSan] ALWAYS: Enter enc_wolfTLSv1_2_client_method
[SGXSan] ALWAYS: Enter enc_wolfSSL_connect
[SGXSan] ALWAYS: Enter enc_wolfSSL_Init
[SGXSan] ALWAYS: Enter enc_wolfSSL_set_fd
[SGXSan] ALWAYS: Enter enc_wolfSSL_CTX_load_verify_buffer
[SGXSan] ALWAYS: Enter enc_wolfSSL_CTX_new
[SGXSan] ALWAYS: Enter enc_wolfSSL_CTX_free
[SGXSan] ALWAYS: Enter enc_wolfSSL_Debugging_ON
[SGXSan] ALWAYS: Enter wc_benchmark_test
------------------------------------------------------------------------------
 wolfSSL version 5.1.0
------------------------------------------------------------------------------
wolfCrypt Benchmark (block bytes 1048576, min 1.0 sec each)
RNG                 15 MB took 1.159 seconds,   12.946 MB/s
AES-128-CBC-enc     35 MB took 1.077 seconds,   32.499 MB/s
AES-128-CBC-dec     30 MB took 1.053 seconds,   28.494 MB/s
AES-192-CBC-enc     30 MB took 1.105 seconds,   27.141 MB/s
AES-192-CBC-dec     30 MB took 1.156 seconds,   25.941 MB/s
AES-256-CBC-enc     25 MB took 1.006 seconds,   24.844 MB/s
AES-256-CBC-dec     25 MB took 1.066 seconds,   23.462 MB/s
AES-128-GCM-enc     25 MB took 1.073 seconds,   23.305 MB/s
AES-128-GCM-dec     25 MB took 1.087 seconds,   22.995 MB/s
AES-192-GCM-enc     25 MB took 1.194 seconds,   20.939 MB/s
AES-192-GCM-dec     25 MB took 1.200 seconds,   20.834 MB/s
AES-256-GCM-enc     20 MB took 1.043 seconds,   19.175 MB/s
AES-256-GCM-dec     20 MB took 1.039 seconds,   19.257 MB/s
GMAC Table 4-bit    66 MB took 1.013 seconds,   65.158 MB/s
RABBIT              90 MB took 1.010 seconds,   89.111 MB/s
3DES                10 MB took 1.124 seconds,    8.897 MB/s
MD5                265 MB took 1.009 seconds,  262.541 MB/s
SHA                125 MB took 1.026 seconds,  121.828 MB/s
SHA-256             30 MB took 1.042 seconds,   28.789 MB/s
HMAC-MD5           285 MB took 1.013 seconds,  281.315 MB/s
HMAC-SHA           125 MB took 1.031 seconds,  121.228 MB/s
HMAC-SHA256         30 MB took 1.088 seconds,   27.579 MB/s
PBKDF2               4 KB took 1.002 seconds,    3.619 KB/s
RSA     2048 public       1400 ops took 1.064 sec, avg 0.760 ms, 1316.303 ops/sec
RSA     2048 private       100 ops took 4.793 sec, avg 47.931 ms, 20.863 ops/sec
DH      2048 key gen        57 ops took 1.008 sec, avg 17.676 ms, 56.574 ops/sec
DH      2048 agree         100 ops took 1.853 sec, avg 18.528 ms, 53.974 ops/sec
ECC   [      SECP256R1]   256 key gen      1284 ops took 1.000 sec, avg 0.779 ms, 1283.861 ops/sec
ECDHE [      SECP256R1]   256 agree         800 ops took 1.019 sec, avg 1.273 ms, 785.278 ops/sec
ECDSA [      SECP256R1]   256 sign         1000 ops took 1.056 sec, avg 1.056 ms, 946.969 ops/sec
ECDSA [      SECP256R1]   256 verify        800 ops took 1.043 sec, avg 1.303 ms, 767.270 ops/sec
Benchmark complete
[SGXSan] ALWAYS: Enter enc_wolfTLSv1_2_server_method
[SGXSan] ALWAYS: Enter enc_wolfSSL_Debugging_OFF
[SGXSan] ALWAYS: Enter enc_wolfSSL_set_fd
[SGXSan] ALWAYS: Enter enc_wolfSSL_free
[SGXSan] ALWAYS: Enter enc_wolfSSL_Init
[SGXSan] ALWAYS: Enter enc_wolfTLSv1_2_client_method
[SGXSan] ALWAYS: Enter enc_wolfSSL_CTX_use_certificate_buffer
[SGXSan] ALWAYS: Enter enc_wolfSSL_Cleanup
[SGXSan] ALWAYS: Enter enc_wolfSSL_CTX_use_certificate_chain_buffer_format
[SGXSan] ALWAYS: Enter enc_wolfSSL_CTX_set_cipher_list
[SGXSan] ALWAYS: Enter enc_wolfSSL_get_error
[SGXSan] ALWAYS: Enter enc_wolfSSL_new
[SGXSan] ALWAYS: Enter enc_wolfSSL_read
[SGXSan] ALWAYS: Enter enc_wolfSSL_connect
[SGXSan] ALWAYS: Enter enc_wolfSSL_write
[SGXSan] ALWAYS: Enter enc_wolfSSL_CTX_use_PrivateKey_buffer
[SGXSan] ALWAYS: Enter wc_test
#4	pulse  cov: 6297 ft: 6303 corp: 1/361Kb exec/s: 0 rss: 62Mb
------------------------------------------------------------------------------
 wolfSSL version 5.1.0
------------------------------------------------------------------------------
error    test passed!
MEMORY   test passed!
base64   test passed!
asn      test passed!
RANDOM   test passed!
MD5      test passed!
MD4      test passed!
SHA      test passed!
SHA-256  test passed!
Hash     test passed!
HMAC-MD5 test passed!
HMAC-SHA test passed!
HMAC-SHA256 test passed!
GMAC     test passed!
HC-128   test passed!
Rabbit   test passed!
DES      test passed!
DES3     test passed!
AES      test passed!
AES192   test passed!
AES256   test passed!
AES-GCM  test passed!
RSA      test passed!
DH       test passed!
DSA      test passed!
PWDBASED test passed!
ECC      test passed!
ECC buffer test passed!
logging  test passed!
mutex    test passed!
memcb    test failed!
 error = -13803
[SGXSan] ALWAYS: Enter enc_wolfSSL_new
[SGXSan] ALWAYS: Enter wc_test
------------------------------------------------------------------------------
 wolfSSL version 5.1.0
------------------------------------------------------------------------------
error    test passed!
MEMORY   test passed!
base64   test passed!
asn      test passed!
RANDOM   test passed!
MD5      test passed!
MD4      test passed!
SHA      test passed!
SHA-256  test passed!
Hash     test passed!
HMAC-MD5 test passed!
HMAC-SHA test passed!
HMAC-SHA256 test passed!
GMAC     test passed!
HC-128   test passed!
Rabbit   test passed!
DES      test passed!
DES3     test passed!
AES      test passed!
AES192   test passed!
AES256   test passed!
AES-GCM  test passed!
RSA      test passed!
DH       test passed!
DSA      test passed!
PWDBASED test passed!
ECC      test passed!
ECC buffer test passed!
logging  test passed!
mutex    test passed!
memcb    test failed!
 error = -13803
[SGXSan] ALWAYS: Enter enc_wolfSSL_CTX_use_certificate_chain_buffer_format
[SGXSan] ALWAYS: Enter enc_wolfSSL_write
[SGXSan] ALWAYS: Enter enc_wolfSSL_get_error
[SGXSan] ALWAYS: Enter enc_wolfSSL_CTX_load_verify_buffer
[SGXSan] ALWAYS: Enter enc_wolfSSL_CTX_use_PrivateKey_buffer
[SGXSan] ALWAYS: Enter enc_wolfSSL_CTX_use_certificate_buffer
[SGXSan] ALWAYS: Enter enc_wolfTLSv1_2_server_method
[SGXSan] ALWAYS: Enter enc_wolfSSL_Debugging_ON
[SGXSan] ALWAYS: Enter enc_wolfSSL_CTX_new
[SGXSan] ALWAYS: Enter enc_wolfSSL_Cleanup
[SGXSan] ALWAYS: Enter enc_wolfSSL_connect
[SGXSan] ALWAYS: Enter wc_benchmark_test
------------------------------------------------------------------------------
 wolfSSL version 5.1.0
------------------------------------------------------------------------------
wolfCrypt Benchmark (block bytes 1048576, min 1.0 sec each)
RNG                 15 MB took 1.266 seconds,   11.849 MB/s
AES-128-CBC-enc     35 MB took 1.154 seconds,   30.340 MB/s
AES-128-CBC-dec     30 MB took 1.056 seconds,   28.407 MB/s
AES-192-CBC-enc     30 MB took 1.226 seconds,   24.460 MB/s
AES-192-CBC-dec     25 MB took 1.113 seconds,   22.462 MB/s
AES-256-CBC-enc     25 MB took 1.092 seconds,   22.901 MB/s
AES-256-CBC-dec     20 MB took 1.004 seconds,   19.918 MB/s
AES-128-GCM-enc     20 MB took 1.009 seconds,   19.824 MB/s
AES-128-GCM-dec     25 MB took 1.209 seconds,   20.679 MB/s
AES-192-GCM-enc     25 MB took 1.283 seconds,   19.491 MB/s
AES-192-GCM-dec     20 MB took 1.262 seconds,   15.848 MB/s
AES-256-GCM-enc     15 MB took 1.246 seconds,   12.040 MB/s
AES-256-GCM-dec     15 MB took 1.271 seconds,   11.798 MB/s
GMAC Table 4-bit    46 MB took 1.009 seconds,   45.595 MB/s
RABBIT              55 MB took 1.044 seconds,   52.682 MB/s
3DES                10 MB took 1.707 seconds,    5.857 MB/s
MD5                200 MB took 1.017 seconds,  196.623 MB/s
SHA                 75 MB took 1.032 seconds,   72.697 MB/s
SHA-256             20 MB took 1.054 seconds,   18.984 MB/s
HMAC-MD5           195 MB took 1.020 seconds,  191.132 MB/s
HMAC-SHA            75 MB took 1.026 seconds,   73.078 MB/s
HMAC-SHA256         25 MB took 1.217 seconds,   20.550 MB/s
PBKDF2               2 KB took 1.005 seconds,    2.393 KB/s
RSA     2048 public        900 ops took 1.061 sec, avg 1.179 ms, 847.911 ops/sec
RSA     2048 private       100 ops took 6.077 sec, avg 60.773 ms, 16.455 ops/sec
DH      2048 key gen        40 ops took 1.013 sec, avg 25.315 ms, 39.502 ops/sec
DH      2048 agree         100 ops took 2.511 sec, avg 25.111 ms, 39.823 ops/sec
ECC   [      SECP256R1]   256 key gen       917 ops took 1.000 sec, avg 1.091 ms, 916.861 ops/sec
ECDHE [      SECP256R1]   256 agree         600 ops took 1.164 sec, avg 1.940 ms, 515.533 ops/sec
ECDSA [      SECP256R1]   256 sign          800 ops took 1.078 sec, avg 1.347 ms, 742.328 ops/sec
ECDSA [      SECP256R1]   256 verify        500 ops took 1.058 sec, avg 2.116 ms, 472.546 ops/sec
Benchmark complete
[SGXSan] ALWAYS: Enter enc_wolfSSL_free
[SGXSan] ALWAYS: Enter enc_wolfSSL_set_fd
[SGXSan] ALWAYS: Enter enc_wolfTLSv1_2_client_method
[SGXSan] ALWAYS: Enter enc_wolfSSL_Init
[SGXSan] ALWAYS: Enter enc_wolfSSL_CTX_set_cipher_list
[SGXSan] ALWAYS: Enter enc_wolfSSL_Debugging_OFF
[SGXSan] ALWAYS: Enter enc_wolfSSL_read
[SGXSan] ALWAYS: Enter enc_wolfSSL_CTX_free
[SGXSan] ALWAYS: Enter enc_wolfSSL_free
[SGXSan] ALWAYS: Enter enc_wolfSSL_new
[SGXSan] ALWAYS: Enter enc_wolfSSL_write
[SGXSan] ALWAYS: Enter enc_wolfSSL_CTX_set_cipher_list
[SGXSan] ALWAYS: Enter enc_wolfSSL_Init
[SGXSan] ALWAYS: Enter wc_test
------------------------------------------------------------------------------
 wolfSSL version 5.1.0
------------------------------------------------------------------------------
error    test passed!
MEMORY   test passed!
base64   test passed!
asn      test passed!
RANDOM   test passed!
MD5      test passed!
MD4      test passed!
SHA      test passed!
SHA-256  test passed!
Hash     test passed!
HMAC-MD5 test passed!
HMAC-SHA test passed!
HMAC-SHA256 test passed!
GMAC     test passed!
HC-128   test passed!
Rabbit   test passed!
DES      test passed!
DES3     test passed!
AES      test passed!
AES192   test passed!
AES256   test passed!
AES-GCM  test passed!
RSA      test passed!
DH       test passed!
DSA      test passed!
PWDBASED test passed!
ECC      test passed!
ECC buffer test passed!
logging  test passed!
mutex    test passed!
memcb    test failed!
 error = -13803
[SGXSan] ALWAYS: Enter enc_wolfSSL_CTX_use_certificate_chain_buffer_format
[SGXSan] ALWAYS: Enter enc_wolfSSL_connect
[SGXSan] ALWAYS: Enter wc_benchmark_test
------------------------------------------------------------------------------
 wolfSSL version 5.1.0
------------------------------------------------------------------------------
wolfCrypt Benchmark (block bytes 1048576, min 1.0 sec each)
RNG                 15 MB took 1.271 seconds,   11.806 MB/s
AES-128-CBC-enc     35 MB took 1.131 seconds,   30.942 MB/s
AES-128-CBC-dec     30 MB took 1.063 seconds,   28.224 MB/s
AES-192-CBC-enc     30 MB took 1.172 seconds,   25.607 MB/s
AES-192-CBC-dec     25 MB took 1.002 seconds,   24.938 MB/s
AES-256-CBC-enc     20 MB took 1.038 seconds,   19.276 MB/s
AES-256-CBC-dec     25 MB took 1.165 seconds,   21.459 MB/s
AES-128-GCM-enc     25 MB took 1.252 seconds,   19.960 MB/s
AES-128-GCM-dec     25 MB took 1.117 seconds,   22.379 MB/s
AES-192-GCM-enc     20 MB took 1.053 seconds,   18.994 MB/s
AES-192-GCM-dec     20 MB took 1.004 seconds,   19.927 MB/s
AES-256-GCM-enc     20 MB took 1.092 seconds,   18.316 MB/s
AES-256-GCM-dec     20 MB took 1.095 seconds,   18.269 MB/s
GMAC Table 4-bit    56 MB took 1.006 seconds,   55.663 MB/s
RABBIT              85 MB took 1.007 seconds,   84.407 MB/s
3DES                10 MB took 1.323 seconds,    7.559 MB/s
MD5                275 MB took 1.005 seconds,  273.499 MB/s
SHA                120 MB took 1.020 seconds,  117.649 MB/s
SHA-256             30 MB took 1.085 seconds,   27.649 MB/s
HMAC-MD5           280 MB took 1.014 seconds,  276.065 MB/s
HMAC-SHA           105 MB took 1.028 seconds,  102.148 MB/s
HMAC-SHA256         30 MB took 1.035 seconds,   28.983 MB/s
PBKDF2               3 KB took 1.010 seconds,    3.373 KB/s
RSA     2048 public       1200 ops took 1.076 sec, avg 0.896 ms, 1115.557 ops/sec
RSA     2048 private       100 ops took 4.298 sec, avg 42.980 ms, 23.267 ops/sec
DH      2048 key gen        61 ops took 1.004 sec, avg 16.451 ms, 60.785 ops/sec
DH      2048 agree         100 ops took 1.798 sec, avg 17.976 ms, 55.629 ops/sec
ECC   [      SECP256R1]   256 key gen      1304 ops took 1.001 sec, avg 0.767 ms, 1303.080 ops/sec
ECDHE [      SECP256R1]   256 agree         900 ops took 1.124 sec, avg 1.249 ms, 800.414 ops/sec
ECDSA [      SECP256R1]   256 sign         1200 ops took 1.051 sec, avg 0.875 ms, 1142.229 ops/sec
ECDSA [      SECP256R1]   256 verify        800 ops took 1.025 sec, avg 1.282 ms, 780.294 ops/sec
Benchmark complete
[SGXSan] ALWAYS: Enter enc_wolfSSL_read
[SGXSan] ALWAYS: Enter enc_wolfSSL_set_fd
[SGXSan] ALWAYS: Enter enc_wolfSSL_CTX_use_certificate_buffer
[SGXSan] ALWAYS: Enter enc_wolfSSL_Debugging_OFF
[SGXSan] ALWAYS: Enter enc_wolfTLSv1_2_server_method
[SGXSan] ALWAYS: Enter enc_wolfSSL_get_error
[SGXSan] ALWAYS: Enter enc_wolfSSL_CTX_free
[SGXSan] ALWAYS: Enter enc_wolfSSL_CTX_load_verify_buffer
[SGXSan] ALWAYS: Enter enc_wolfTLSv1_2_client_method
[SGXSan] ALWAYS: Enter enc_wolfSSL_CTX_new
[SGXSan] ALWAYS: Enter enc_wolfSSL_Debugging_ON
[SGXSan] ALWAYS: Enter enc_wolfSSL_Cleanup
[SGXSan] ALWAYS: Enter enc_wolfSSL_CTX_use_PrivateKey_buffer
#6	INITED cov: 6299 ft: 6304 corp: 3/1104Kb exec/s: 0 rss: 75Mb
#6	DONE   cov: 6299 ft: 6304 corp: 3/1104Kb lim: 390122 exec/s: 0 rss: 75Mb
Done 6 runs in 273 second(s)
stat::number_of_executed_units: 6
stat::average_exec_per_sec:     0
stat::new_units_added:          0
stat::slowest_unit_time_sec:    44
stat::peak_rss_mb:              75
