WARNING: Failed to find function "__sanitizer_acquire_crash_state".
WARNING: Failed to find function "__sanitizer_print_stack_trace".
WARNING: Failed to find function "__sanitizer_set_death_callback".
[2023-01-15 21:00:34.688] [Init] Num of ECall: 22
[2023-01-15 21:00:34.688] ECalls:
  0 - fuzz_enc_wolfSSL_CTX_free
  1 - fuzz_enc_wolfSSL_CTX_load_verify_buffer
  2 - fuzz_enc_wolfSSL_CTX_new
  3 - fuzz_enc_wolfSSL_CTX_set_cipher_list
  4 - fuzz_enc_wolfSSL_CTX_use_PrivateKey_buffer
  5 - fuzz_enc_wolfSSL_CTX_use_certificate_buffer
  6 - fuzz_enc_wolfSSL_CTX_use_certificate_chain_buffer_format
  7 - fuzz_enc_wolfSSL_Cleanup
  8 - fuzz_enc_wolfSSL_Debugging_OFF
  9 - fuzz_enc_wolfSSL_Debugging_ON
  10 - fuzz_enc_wolfSSL_Init
  11 - fuzz_enc_wolfSSL_connect
  12 - fuzz_enc_wolfSSL_free
  13 - fuzz_enc_wolfSSL_get_error
  14 - fuzz_enc_wolfSSL_new
  15 - fuzz_enc_wolfSSL_read
  16 - fuzz_enc_wolfSSL_set_fd
  17 - fuzz_enc_wolfSSL_write
  18 - fuzz_enc_wolfTLSv1_2_client_method
  19 - fuzz_enc_wolfTLSv1_2_server_method
  20 - fuzz_wc_benchmark_test
  21 - fuzz_wc_test

INFO: found LLVMFuzzerCustomMutator (0x44ac30). Disabling -len_control by default.
INFO: libFuzzer ignores flags that start with '--'
INFO: Running with entropic power schedule (0xFF, 100).
INFO: Seed: 1394321564
INFO: Loaded 1 modules   (291 inline 8-bit counters): 291 [0x4cb7e8, 0x4cb90b), 
INFO: Loaded 1 PC tables (291 PCs): 291 [0x4cb910,0x4ccb40), 
INFO:        0 files found in /tmp/libFuzzerTemp.FuzzWithFork422940.dir/C251
[SGXSan] ALWAYS: Hook __sanitizer_cov_8bit_counters_init of Enclave, 21636 inline 8-bit counts [0x7f9649acb9c0, 0x7f9649ad0e44) (First time)
[SGXSan] ALWAYS: Hook __sanitizer_cov_pcs_init of Enclave, 21636 PCs [0x7f9649ad0e48, 0x7f9649b25688) (First time)
[SGXSan] ALWAYS: Enter enc_wolfSSL_CTX_free
[SGXSan] ALWAYS: Enter enc_wolfSSL_CTX_load_verify_buffer
[SGXSan] ALWAYS: Enter enc_wolfSSL_CTX_new
[SGXSan] ALWAYS: Enter enc_wolfSSL_CTX_set_cipher_list
[SGXSan] ALWAYS: Enter enc_wolfSSL_CTX_use_PrivateKey_buffer
[SGXSan] ALWAYS: Enter enc_wolfSSL_CTX_use_certificate_buffer
[SGXSan] ALWAYS: Enter enc_wolfSSL_CTX_use_certificate_chain_buffer_format
[SGXSan] ALWAYS: Enter enc_wolfSSL_Cleanup
[SGXSan] ALWAYS: Enter enc_wolfSSL_Debugging_OFF
[SGXSan] ALWAYS: Enter enc_wolfSSL_Debugging_ON
[SGXSan] ALWAYS: Enter enc_wolfSSL_Init
[SGXSan] ALWAYS: Enter enc_wolfSSL_connect
[SGXSan] ALWAYS: Enter enc_wolfSSL_free
[SGXSan] ALWAYS: Enter enc_wolfSSL_get_error
[SGXSan] ALWAYS: Enter enc_wolfSSL_new
[SGXSan] ALWAYS: Enter enc_wolfSSL_read
[SGXSan] ALWAYS: Enter enc_wolfSSL_set_fd
[SGXSan] ALWAYS: Enter enc_wolfSSL_write
[SGXSan] ALWAYS: Enter enc_wolfTLSv1_2_client_method
[SGXSan] ALWAYS: Enter enc_wolfTLSv1_2_server_method
[SGXSan] ALWAYS: Enter wc_benchmark_test
------------------------------------------------------------------------------
 wolfSSL version 5.1.0
------------------------------------------------------------------------------
wolfCrypt Benchmark (block bytes 1048576, min 1.0 sec each)
RNG                 15 MB took 1.278 seconds,   11.736 MB/s
AES-128-CBC-enc     30 MB took 1.019 seconds,   29.451 MB/s
AES-128-CBC-dec     30 MB took 1.011 seconds,   29.664 MB/s
AES-192-CBC-enc     30 MB took 1.111 seconds,   27.003 MB/s
AES-192-CBC-dec     30 MB took 1.174 seconds,   25.555 MB/s
AES-256-CBC-enc     25 MB took 1.026 seconds,   24.368 MB/s
AES-256-CBC-dec     20 MB took 1.077 seconds,   18.563 MB/s
AES-128-GCM-enc     25 MB took 1.146 seconds,   21.818 MB/s
AES-128-GCM-dec     25 MB took 1.209 seconds,   20.684 MB/s
AES-192-GCM-enc     25 MB took 1.245 seconds,   20.083 MB/s
AES-192-GCM-dec     25 MB took 1.241 seconds,   20.141 MB/s
AES-256-GCM-enc     20 MB took 1.100 seconds,   18.176 MB/s
AES-256-GCM-dec     20 MB took 1.060 seconds,   18.864 MB/s
GMAC Table 4-bit    67 MB took 1.003 seconds,   66.827 MB/s
RABBIT              90 MB took 1.027 seconds,   87.615 MB/s
3DES                10 MB took 1.314 seconds,    7.608 MB/s
MD5                295 MB took 1.000 seconds,  294.991 MB/s
SHA                125 MB took 1.012 seconds,  123.458 MB/s
SHA-256             35 MB took 1.157 seconds,   30.248 MB/s
HMAC-MD5           295 MB took 1.003 seconds,  294.156 MB/s
HMAC-SHA           125 MB took 1.005 seconds,  124.343 MB/s
HMAC-SHA256         30 MB took 1.007 seconds,   29.801 MB/s
PBKDF2               4 KB took 1.004 seconds,    3.673 KB/s
RSA     2048 public       1400 ops took 1.055 sec, avg 0.753 ms, 1327.603 ops/sec
RSA     2048 private       100 ops took 3.816 sec, avg 38.162 ms, 26.204 ops/sec
DH      2048 key gen        62 ops took 1.007 sec, avg 16.248 ms, 61.545 ops/sec
DH      2048 agree         100 ops took 1.606 sec, avg 16.061 ms, 62.263 ops/sec
ECC   [      SECP256R1]   256 key gen      1360 ops took 1.001 sec, avg 0.736 ms, 1359.216 ops/sec
ECDHE [      SECP256R1]   256 agree         900 ops took 1.039 sec, avg 1.155 ms, 865.805 ops/sec
ECDSA [      SECP256R1]   256 sign         1200 ops took 1.037 sec, avg 0.865 ms, 1156.718 ops/sec
ECDSA [      SECP256R1]   256 verify        900 ops took 1.107 sec, avg 1.230 ms, 812.772 ops/sec
Benchmark complete
[SGXSan] ALWAYS: Enter wc_test
INFO: seed corpus: files: 5 min: 370191b max: 390122b total: 1890817b rss: 43Mb
------------------------------------------------------------------------------
 wolfSSL version 5.1.0
------------------------------------------------------------------------------
error    test passed!
MEMORY   test passed!
base64   test passed!
asn      test passed!
RANDOM   test passed!
MD5      test passed!
MD4      test passed!
SHA      test passed!
SHA-256  test passed!
Hash     test passed!
HMAC-MD5 test passed!
HMAC-SHA test passed!
HMAC-SHA256 test passed!
GMAC     test passed!
HC-128   test passed!
Rabbit   test passed!
DES      test passed!
DES3     test passed!
AES      test passed!
AES192   test passed!
AES256   test passed!
AES-GCM  test passed!
RSA      test passed!
DH       test passed!
DSA      test passed!
PWDBASED test passed!
ECC      test passed!
ECC buffer test passed!
logging  test passed!
mutex    test passed!
memcb    test passed!
Test complete
[SGXSan] ALWAYS: Enter enc_wolfSSL_connect
[SGXSan] ALWAYS: Enter enc_wolfSSL_new
[SGXSan] ALWAYS: Enter enc_wolfSSL_CTX_new
[SGXSan] ALWAYS: Enter enc_wolfSSL_CTX_free
[SGXSan] ALWAYS: Enter enc_wolfSSL_write
[SGXSan] ALWAYS: Enter enc_wolfSSL_CTX_load_verify_buffer
[SGXSan] ALWAYS: Enter enc_wolfSSL_CTX_use_PrivateKey_buffer
[SGXSan] ALWAYS: Enter enc_wolfTLSv1_2_client_method
[SGXSan] ALWAYS: Enter wc_benchmark_test
------------------------------------------------------------------------------
 wolfSSL version 5.1.0
------------------------------------------------------------------------------
wolfCrypt Benchmark (block bytes 1048576, min 1.0 sec each)
RNG                 15 MB took 1.159 seconds,   12.948 MB/s
AES-128-CBC-enc     35 MB took 1.093 seconds,   32.036 MB/s
AES-128-CBC-dec     30 MB took 1.051 seconds,   28.546 MB/s
AES-192-CBC-enc     30 MB took 1.091 seconds,   27.499 MB/s
AES-192-CBC-dec     30 MB took 1.168 seconds,   25.691 MB/s
AES-256-CBC-enc     25 MB took 1.014 seconds,   24.649 MB/s
AES-256-CBC-dec     25 MB took 1.073 seconds,   23.300 MB/s
AES-128-GCM-enc     25 MB took 1.112 seconds,   22.488 MB/s
AES-128-GCM-dec     25 MB took 1.155 seconds,   21.637 MB/s
AES-192-GCM-enc     25 MB took 1.216 seconds,   20.563 MB/s
AES-192-GCM-dec     25 MB took 1.243 seconds,   20.110 MB/s
AES-256-GCM-enc     20 MB took 1.150 seconds,   17.385 MB/s
AES-256-GCM-dec     20 MB took 1.074 seconds,   18.620 MB/s
GMAC Table 4-bit    66 MB took 1.011 seconds,   65.260 MB/s
RABBIT              85 MB took 1.033 seconds,   82.252 MB/s
3DES                10 MB took 1.119 seconds,    8.933 MB/s
MD5                290 MB took 1.003 seconds,  289.056 MB/s
SHA                120 MB took 1.001 seconds,  119.835 MB/s
SHA-256             30 MB took 1.005 seconds,   29.839 MB/s
HMAC-MD5           275 MB took 1.004 seconds,  273.994 MB/s
HMAC-SHA           125 MB took 1.009 seconds,  123.914 MB/s
HMAC-SHA256         35 MB took 1.164 seconds,   30.076 MB/s
PBKDF2               4 KB took 1.007 seconds,    3.632 KB/s
RSA     2048 public       1400 ops took 1.051 sec, avg 0.750 ms, 1332.659 ops/sec
RSA     2048 private       100 ops took 3.871 sec, avg 38.712 ms, 25.832 ops/sec
DH      2048 key gen        61 ops took 1.002 sec, avg 16.422 ms, 60.895 ops/sec
DH      2048 agree         100 ops took 1.610 sec, avg 16.105 ms, 62.094 ops/sec
ECC   [      SECP256R1]   256 key gen      1344 ops took 1.000 sec, avg 0.744 ms, 1343.969 ops/sec
ECDHE [      SECP256R1]   256 agree         900 ops took 1.023 sec, avg 1.136 ms, 879.999 ops/sec
ECDSA [      SECP256R1]   256 sign         1200 ops took 1.036 sec, avg 0.864 ms, 1157.965 ops/sec
ECDSA [      SECP256R1]   256 verify        800 ops took 1.019 sec, avg 1.274 ms, 784.775 ops/sec
Benchmark complete
[SGXSan] ALWAYS: Enter enc_wolfSSL_CTX_set_cipher_list
[SGXSan] ALWAYS: Enter enc_wolfSSL_get_error
[SGXSan] ALWAYS: Enter enc_wolfSSL_Init
[SGXSan] ALWAYS: Enter enc_wolfSSL_free
[SGXSan] ALWAYS: Enter wc_test
------------------------------------------------------------------------------
 wolfSSL version 5.1.0
------------------------------------------------------------------------------
error    test passed!
MEMORY   test passed!
base64   test passed!
asn      test passed!
RANDOM   test passed!
MD5      test passed!
MD4      test passed!
SHA      test passed!
SHA-256  test passed!
Hash     test passed!
HMAC-MD5 test passed!
HMAC-SHA test passed!
HMAC-SHA256 test passed!
GMAC     test passed!
HC-128   test passed!
Rabbit   test passed!
DES      test passed!
DES3     test passed!
AES      test passed!
AES192   test passed!
AES256   test passed!
AES-GCM  test passed!
RSA      test passed!
DH       test passed!
DSA      test passed!
PWDBASED test passed!
ECC      test passed!
ECC buffer test passed!
logging  test passed!
mutex    test passed!
memcb    test failed!
 error = -13803
[SGXSan] ALWAYS: Enter enc_wolfSSL_Debugging_ON
[SGXSan] ALWAYS: Enter enc_wolfSSL_read
[SGXSan] ALWAYS: Enter enc_wolfSSL_Debugging_OFF
[SGXSan] ALWAYS: Enter enc_wolfTLSv1_2_server_method
[SGXSan] ALWAYS: Enter enc_wolfSSL_set_fd
[SGXSan] ALWAYS: Enter enc_wolfSSL_CTX_use_certificate_buffer
[SGXSan] ALWAYS: Enter enc_wolfSSL_CTX_use_certificate_chain_buffer_format
[SGXSan] ALWAYS: Enter enc_wolfSSL_Cleanup
#2	pulse  ft: 6288 exec/s: 0 rss: 50Mb
Slowest unit: 42 s:
artifact_prefix='./crashes/'; Test unit written to ./crashes/slow-unit-ac42e3697c14bc73e89856eb01e7cfa15498cb71
[SGXSan] ALWAYS: Enter enc_wolfSSL_CTX_load_verify_buffer
[SGXSan] ALWAYS: Enter enc_wolfSSL_CTX_new
[SGXSan] ALWAYS: Enter enc_wolfSSL_CTX_free
[SGXSan] ALWAYS: Enter enc_wolfSSL_Debugging_ON
[SGXSan] ALWAYS: Enter wc_benchmark_test
------------------------------------------------------------------------------
 wolfSSL version 5.1.0
------------------------------------------------------------------------------
wolfCrypt Benchmark (block bytes 1048576, min 1.0 sec each)
RNG                 15 MB took 1.181 seconds,   12.705 MB/s
AES-128-CBC-enc     35 MB took 1.122 seconds,   31.184 MB/s
AES-128-CBC-dec     30 MB took 1.012 seconds,   29.636 MB/s
AES-192-CBC-enc     30 MB took 1.107 seconds,   27.103 MB/s
AES-192-CBC-dec     25 MB took 1.010 seconds,   24.763 MB/s
AES-256-CBC-enc     25 MB took 1.044 seconds,   23.955 MB/s
AES-256-CBC-dec     25 MB took 1.164 seconds,   21.478 MB/s
AES-128-GCM-enc     25 MB took 1.076 seconds,   23.226 MB/s
AES-128-GCM-dec     25 MB took 1.073 seconds,   23.303 MB/s
AES-192-GCM-enc     20 MB took 1.040 seconds,   19.228 MB/s
AES-192-GCM-dec     25 MB took 1.205 seconds,   20.742 MB/s
AES-256-GCM-enc     20 MB took 1.122 seconds,   17.830 MB/s
AES-256-GCM-dec     20 MB took 1.113 seconds,   17.965 MB/s
GMAC Table 4-bit    67 MB took 1.012 seconds,   66.176 MB/s
RABBIT              90 MB took 1.031 seconds,   87.269 MB/s
3DES                10 MB took 1.115 seconds,    8.966 MB/s
MD5                295 MB took 1.007 seconds,  292.895 MB/s
SHA                125 MB took 1.005 seconds,  124.421 MB/s
SHA-256             35 MB took 1.158 seconds,   30.232 MB/s
HMAC-MD5           290 MB took 1.010 seconds,  287.102 MB/s
HMAC-SHA           125 MB took 1.006 seconds,  124.295 MB/s
HMAC-SHA256         30 MB took 1.004 seconds,   29.887 MB/s
PBKDF2               4 KB took 1.006 seconds,    3.664 KB/s
RSA     2048 public       1400 ops took 1.041 sec, avg 0.743 ms, 1345.235 ops/sec
RSA     2048 private       100 ops took 3.862 sec, avg 38.616 ms, 25.896 ops/sec
DH      2048 key gen        63 ops took 1.005 sec, avg 15.954 ms, 62.681 ops/sec
DH      2048 agree         100 ops took 1.598 sec, avg 15.976 ms, 62.592 ops/sec
ECC   [      SECP256R1]   256 key gen      1342 ops took 1.000 sec, avg 0.745 ms, 1341.815 ops/sec
ECDHE [      SECP256R1]   256 agree         900 ops took 1.027 sec, avg 1.141 ms, 876.625 ops/sec
ECDSA [      SECP256R1]   256 sign         1200 ops took 1.045 sec, avg 0.871 ms, 1148.540 ops/sec
ECDSA [      SECP256R1]   256 verify        900 ops took 1.069 sec, avg 1.188 ms, 841.630 ops/sec
Benchmark complete
[SGXSan] ALWAYS: Enter enc_wolfTLSv1_2_server_method
[SGXSan] ALWAYS: Enter enc_wolfSSL_Debugging_OFF
[SGXSan] ALWAYS: Enter enc_wolfSSL_set_fd
[SGXSan] ALWAYS: Enter enc_wolfSSL_free
[SGXSan] ALWAYS: Enter enc_wolfSSL_Init
[SGXSan] ALWAYS: Enter enc_wolfTLSv1_2_client_method
[SGXSan] ALWAYS: Enter enc_wolfSSL_CTX_use_certificate_buffer
[SGXSan] ALWAYS: Enter enc_wolfSSL_Cleanup
[SGXSan] ALWAYS: Enter enc_wolfSSL_CTX_use_certificate_chain_buffer_format
[SGXSan] ALWAYS: Enter enc_wolfSSL_CTX_set_cipher_list
[SGXSan] ALWAYS: Enter enc_wolfSSL_get_error
[SGXSan] ALWAYS: Enter enc_wolfSSL_new
[SGXSan] ALWAYS: Enter enc_wolfSSL_read
[SGXSan] ALWAYS: Enter enc_wolfSSL_connect
[SGXSan] ALWAYS: Enter enc_wolfSSL_write
[SGXSan] ALWAYS: Enter enc_wolfSSL_CTX_use_PrivateKey_buffer
[SGXSan] ALWAYS: Enter wc_test
------------------------------------------------------------------------------
 wolfSSL version 5.1.0
------------------------------------------------------------------------------
error    test passed!
MEMORY   test passed!
base64   test passed!
asn      test passed!
RANDOM   test passed!
MD5      test passed!
MD4      test passed!
SHA      test passed!
SHA-256  test passed!
Hash     test passed!
HMAC-MD5 test passed!
HMAC-SHA test passed!
HMAC-SHA256 test passed!
GMAC     test passed!
HC-128   test passed!
Rabbit   test passed!
DES      test passed!
DES3     test passed!
AES      test passed!
AES192   test passed!
AES256   test passed!
AES-GCM  test passed!
RSA      test passed!
DH       test passed!
DSA      test passed!
PWDBASED test passed!
ECC      test passed!
ECC buffer test passed!
logging  test passed!
mutex    test passed!
memcb    test failed!
 error = -13803
[SGXSan] ALWAYS: Enter enc_wolfSSL_connect
[SGXSan] ALWAYS: Enter enc_wolfSSL_new
[SGXSan] ALWAYS: Enter enc_wolfSSL_CTX_new
[SGXSan] ALWAYS: Enter enc_wolfSSL_CTX_free
[SGXSan] ALWAYS: Enter enc_wolfSSL_write
[SGXSan] ALWAYS: Enter enc_wolfSSL_CTX_load_verify_buffer
[SGXSan] ALWAYS: Enter enc_wolfSSL_CTX_use_PrivateKey_buffer
[SGXSan] ALWAYS: Enter enc_wolfTLSv1_2_client_method
[SGXSan] ALWAYS: Enter wc_benchmark_test
------------------------------------------------------------------------------
 wolfSSL version 5.1.0
------------------------------------------------------------------------------
wolfCrypt Benchmark (block bytes 1048576, min 1.0 sec each)
RNG                 15 MB took 1.164 seconds,   12.886 MB/s
AES-128-CBC-enc     35 MB took 1.115 seconds,   31.379 MB/s
AES-128-CBC-dec     30 MB took 1.015 seconds,   29.555 MB/s
AES-192-CBC-enc     30 MB took 1.094 seconds,   27.421 MB/s
AES-192-CBC-dec     30 MB took 1.165 seconds,   25.747 MB/s
AES-256-CBC-enc     25 MB took 1.017 seconds,   24.588 MB/s
AES-256-CBC-dec     25 MB took 1.136 seconds,   22.004 MB/s
AES-128-GCM-enc     25 MB took 1.073 seconds,   23.298 MB/s
AES-128-GCM-dec     25 MB took 1.079 seconds,   23.168 MB/s
AES-192-GCM-enc     25 MB took 1.205 seconds,   20.753 MB/s
AES-192-GCM-dec     25 MB took 1.203 seconds,   20.783 MB/s
AES-256-GCM-enc     20 MB took 1.062 seconds,   18.834 MB/s
AES-256-GCM-dec     20 MB took 1.049 seconds,   19.065 MB/s
GMAC Table 4-bit    67 MB took 1.005 seconds,   66.659 MB/s
RABBIT              90 MB took 1.021 seconds,   88.109 MB/s
3DES                10 MB took 1.110 seconds,    9.007 MB/s
MD5                300 MB took 1.008 seconds,  297.701 MB/s
SHA                125 MB took 1.008 seconds,  123.996 MB/s
SHA-256             35 MB took 1.156 seconds,   30.279 MB/s
HMAC-MD5           255 MB took 1.001 seconds,  254.826 MB/s
HMAC-SHA           125 MB took 1.001 seconds,  124.867 MB/s
HMAC-SHA256         35 MB took 1.156 seconds,   30.270 MB/s
PBKDF2               4 KB took 1.004 seconds,    3.642 KB/s
RSA     2048 public       1400 ops took 1.035 sec, avg 0.739 ms, 1352.334 ops/sec
RSA     2048 private       100 ops took 3.769 sec, avg 37.685 ms, 26.536 ops/sec
DH      2048 key gen        62 ops took 1.005 sec, avg 16.210 ms, 61.691 ops/sec
DH      2048 agree         100 ops took 1.592 sec, avg 15.918 ms, 62.823 ops/sec
ECC   [      SECP256R1]   256 key gen      1380 ops took 1.001 sec, avg 0.725 ms, 1379.279 ops/sec
ECDHE [      SECP256R1]   256 agree         900 ops took 1.002 sec, avg 1.113 ms, 898.414 ops/sec
ECDSA [      SECP256R1]   256 sign         1200 ops took 1.025 sec, avg 0.854 ms, 1170.374 ops/sec
ECDSA [      SECP256R1]   256 verify        900 ops took 1.080 sec, avg 1.200 ms, 833.527 ops/sec
Benchmark complete
[SGXSan] ALWAYS: Enter enc_wolfSSL_CTX_set_cipher_list
[SGXSan] ALWAYS: Enter enc_wolfSSL_get_error
[SGXSan] ALWAYS: Enter enc_wolfSSL_Init
[SGXSan] ALWAYS: Enter enc_wolfSSL_free
[SGXSan] ALWAYS: Enter wc_test
------------------------------------------------------------------------------
 wolfSSL version 5.1.0
------------------------------------------------------------------------------
error    test passed!
MEMORY   test passed!
base64   test passed!
asn      test passed!
RANDOM   test passed!
MD5      test passed!
MD4      test passed!
SHA      test passed!
SHA-256  test passed!
Hash     test passed!
HMAC-MD5 test passed!
HMAC-SHA test passed!
HMAC-SHA256 test passed!
GMAC     test passed!
HC-128   test passed!
Rabbit   test passed!
DES      test passed!
DES3     test passed!
AES      test passed!
AES192   test passed!
AES256   test passed!
AES-GCM  test passed!
RSA      test passed!
DH       test passed!
DSA      test passed!
PWDBASED test passed!
ECC      test passed!
ECC buffer test passed!
logging  test passed!
mutex    test passed!
memcb    test failed!
 error = -13803
[SGXSan] ALWAYS: Enter enc_wolfSSL_Debugging_ON
[SGXSan] ALWAYS: Enter enc_wolfSSL_read
[SGXSan] ALWAYS: Enter enc_wolfSSL_Debugging_OFF
[SGXSan] ALWAYS: Enter enc_wolfTLSv1_2_server_method
[SGXSan] ALWAYS: Enter enc_wolfSSL_set_fd
[SGXSan] ALWAYS: Enter enc_wolfSSL_CTX_use_certificate_buffer
[SGXSan] ALWAYS: Enter enc_wolfSSL_CTX_use_certificate_chain_buffer_format
[SGXSan] ALWAYS: Enter enc_wolfSSL_Cleanup
#4	pulse  cov: 6289 ft: 6289 corp: 2/723Kb exec/s: 0 rss: 64Mb
[SGXSan] ALWAYS: Enter enc_wolfSSL_Init
[SGXSan] ALWAYS: Enter enc_wolfSSL_CTX_free
[SGXSan] ALWAYS: Enter enc_wolfSSL_get_error
[SGXSan] ALWAYS: Enter enc_wolfSSL_Debugging_ON
[SGXSan] ALWAYS: Enter enc_wolfSSL_connect
[SGXSan] ALWAYS: Enter enc_wolfSSL_Debugging_OFF
[SGXSan] ALWAYS: Enter wc_benchmark_test
------------------------------------------------------------------------------
 wolfSSL version 5.1.0
------------------------------------------------------------------------------
wolfCrypt Benchmark (block bytes 1048576, min 1.0 sec each)
RNG                 15 MB took 1.213 seconds,   12.363 MB/s
AES-128-CBC-enc     35 MB took 1.082 seconds,   32.343 MB/s
AES-128-CBC-dec     30 MB took 1.003 seconds,   29.921 MB/s
AES-192-CBC-enc     30 MB took 1.101 seconds,   27.240 MB/s
AES-192-CBC-dec     30 MB took 1.152 seconds,   26.047 MB/s
AES-256-CBC-enc     25 MB took 1.064 seconds,   23.494 MB/s
AES-256-CBC-dec     25 MB took 1.062 seconds,   23.533 MB/s
AES-128-GCM-enc     25 MB took 1.062 seconds,   23.540 MB/s
AES-128-GCM-dec     25 MB took 1.079 seconds,   23.174 MB/s
AES-192-GCM-enc     25 MB took 1.206 seconds,   20.726 MB/s
AES-192-GCM-dec     25 MB took 1.200 seconds,   20.831 MB/s
AES-256-GCM-enc     20 MB took 1.042 seconds,   19.193 MB/s
AES-256-GCM-dec     20 MB took 1.039 seconds,   19.252 MB/s
GMAC Table 4-bit    68 MB took 1.013 seconds,   67.157 MB/s
RABBIT              90 MB took 1.023 seconds,   87.953 MB/s
3DES                10 MB took 1.113 seconds,    8.985 MB/s
MD5                295 MB took 1.010 seconds,  292.169 MB/s
SHA                125 MB took 1.002 seconds,  124.723 MB/s
SHA-256             35 MB took 1.157 seconds,   30.243 MB/s
HMAC-MD5           295 MB took 1.004 seconds,  293.685 MB/s
HMAC-SHA           125 MB took 1.005 seconds,  124.373 MB/s
HMAC-SHA256         35 MB took 1.180 seconds,   29.658 MB/s
PBKDF2               4 KB took 1.006 seconds,    3.698 KB/s
RSA     2048 public       1400 ops took 1.036 sec, avg 0.740 ms, 1351.636 ops/sec
RSA     2048 private       100 ops took 3.791 sec, avg 37.907 ms, 26.380 ops/sec
DH      2048 key gen        64 ops took 1.011 sec, avg 15.790 ms, 63.333 ops/sec
DH      2048 agree         100 ops took 1.587 sec, avg 15.866 ms, 63.028 ops/sec
ECC   [      SECP256R1]   256 key gen      1354 ops took 1.001 sec, avg 0.739 ms, 1353.074 ops/sec
ECDHE [      SECP256R1]   256 agree         900 ops took 1.005 sec, avg 1.117 ms, 895.407 ops/sec
ECDSA [      SECP256R1]   256 sign         1200 ops took 1.027 sec, avg 0.856 ms, 1168.567 ops/sec
ECDSA [      SECP256R1]   256 verify        900 ops took 1.058 sec, avg 1.176 ms, 850.405 ops/sec
Benchmark complete
[SGXSan] ALWAYS: Enter enc_wolfSSL_CTX_use_PrivateKey_buffer
[SGXSan] ALWAYS: Enter enc_wolfSSL_set_fd
[SGXSan] ALWAYS: Enter enc_wolfSSL_CTX_load_verify_buffer
[SGXSan] ALWAYS: Enter enc_wolfSSL_write
[SGXSan] ALWAYS: Enter enc_wolfSSL_CTX_new
[SGXSan] ALWAYS: Enter enc_wolfTLSv1_2_server_method
[SGXSan] ALWAYS: Enter enc_wolfSSL_new
[SGXSan] ALWAYS: Enter enc_wolfSSL_read
[SGXSan] ALWAYS: Enter enc_wolfSSL_CTX_set_cipher_list
[SGXSan] ALWAYS: Enter enc_wolfSSL_CTX_use_certificate_chain_buffer_format
[SGXSan] ALWAYS: Enter enc_wolfSSL_free
[SGXSan] ALWAYS: Enter enc_wolfSSL_CTX_use_certificate_buffer
[SGXSan] ALWAYS: Enter enc_wolfTLSv1_2_client_method
[SGXSan] ALWAYS: Enter wc_test
------------------------------------------------------------------------------
 wolfSSL version 5.1.0
------------------------------------------------------------------------------
error    test passed!
MEMORY   test passed!
base64   test passed!
asn      test passed!
RANDOM   test passed!
MD5      test passed!
MD4      test passed!
SHA      test passed!
SHA-256  test passed!
Hash     test passed!
HMAC-MD5 test passed!
HMAC-SHA test passed!
HMAC-SHA256 test passed!
GMAC     test passed!
HC-128   test passed!
Rabbit   test passed!
DES      test passed!
DES3     test passed!
AES      test passed!
AES192   test passed!
AES256   test passed!
AES-GCM  test passed!
RSA      test passed!
DH       test passed!
DSA      test passed!
PWDBASED test passed!
ECC      test passed!
ECC buffer test passed!
logging  test passed!
mutex    test passed!
memcb    test failed!
 error = -13803
[SGXSan] ALWAYS: Enter enc_wolfSSL_Cleanup
[SGXSan] ALWAYS: Enter enc_wolfSSL_get_error
[SGXSan] ALWAYS: Enter enc_wolfSSL_free
[SGXSan] ALWAYS: Enter enc_wolfSSL_CTX_free
[SGXSan] ALWAYS: Enter enc_wolfSSL_connect
[SGXSan] ALWAYS: Enter enc_wolfSSL_CTX_new
[SGXSan] ALWAYS: Enter enc_wolfTLSv1_2_client_method
[SGXSan] ALWAYS: Enter wc_benchmark_test
------------------------------------------------------------------------------
 wolfSSL version 5.1.0
------------------------------------------------------------------------------
wolfCrypt Benchmark (block bytes 1048576, min 1.0 sec each)
RNG                 15 MB took 1.154 seconds,   12.997 MB/s
AES-128-CBC-enc     35 MB took 1.140 seconds,   30.709 MB/s
AES-128-CBC-dec     30 MB took 1.011 seconds,   29.688 MB/s
AES-192-CBC-enc     30 MB took 1.091 seconds,   27.492 MB/s
AES-192-CBC-dec     30 MB took 1.149 seconds,   26.103 MB/s
AES-256-CBC-enc     30 MB took 1.199 seconds,   25.025 MB/s
AES-256-CBC-dec     25 MB took 1.072 seconds,   23.317 MB/s
AES-128-GCM-enc     25 MB took 1.068 seconds,   23.404 MB/s
AES-128-GCM-dec     25 MB took 1.076 seconds,   23.228 MB/s
AES-192-GCM-enc     25 MB took 1.191 seconds,   20.987 MB/s
AES-192-GCM-dec     25 MB took 1.195 seconds,   20.923 MB/s
AES-256-GCM-enc     20 MB took 1.090 seconds,   18.349 MB/s
AES-256-GCM-dec     20 MB took 1.047 seconds,   19.101 MB/s
GMAC Table 4-bit    67 MB took 1.011 seconds,   66.298 MB/s
RABBIT              90 MB took 1.009 seconds,   89.233 MB/s
3DES                10 MB took 1.110 seconds,    9.006 MB/s
MD5                295 MB took 1.006 seconds,  293.198 MB/s
SHA                130 MB took 1.037 seconds,  125.380 MB/s
SHA-256             35 MB took 1.160 seconds,   30.177 MB/s
HMAC-MD5           300 MB took 1.011 seconds,  296.774 MB/s
HMAC-SHA           130 MB took 1.038 seconds,  125.214 MB/s
HMAC-SHA256         35 MB took 1.164 seconds,   30.075 MB/s
PBKDF2               4 KB took 1.006 seconds,    3.698 KB/s
RSA     2048 public       1400 ops took 1.034 sec, avg 0.739 ms, 1353.370 ops/sec
RSA     2048 private       100 ops took 3.755 sec, avg 37.553 ms, 26.629 ops/sec
DH      2048 key gen        63 ops took 1.004 sec, avg 15.938 ms, 62.745 ops/sec
DH      2048 agree         100 ops took 1.574 sec, avg 15.743 ms, 63.520 ops/sec
ECC   [      SECP256R1]   256 key gen      1393 ops took 1.000 sec, avg 0.718 ms, 1392.740 ops/sec
ECDHE [      SECP256R1]   256 agree         900 ops took 1.012 sec, avg 1.124 ms, 889.705 ops/sec
ECDSA [      SECP256R1]   256 sign         1200 ops took 1.029 sec, avg 0.858 ms, 1165.826 ops/sec
ECDSA [      SECP256R1]   256 verify        900 ops took 1.063 sec, avg 1.181 ms, 846.432 ops/sec
Benchmark complete
[SGXSan] ALWAYS: Enter enc_wolfSSL_Init
[SGXSan] ALWAYS: Enter enc_wolfSSL_write
[SGXSan] ALWAYS: Enter enc_wolfTLSv1_2_server_method
[SGXSan] ALWAYS: Enter enc_wolfSSL_CTX_load_verify_buffer
[SGXSan] ALWAYS: Enter enc_wolfSSL_CTX_set_cipher_list
[SGXSan] ALWAYS: Enter enc_wolfSSL_CTX_use_PrivateKey_buffer
[SGXSan] ALWAYS: Enter enc_wolfSSL_read
[SGXSan] ALWAYS: Enter enc_wolfSSL_Cleanup
[SGXSan] ALWAYS: Enter enc_wolfSSL_CTX_use_certificate_chain_buffer_format
[SGXSan] ALWAYS: Enter wc_test
------------------------------------------------------------------------------
 wolfSSL version 5.1.0
------------------------------------------------------------------------------
error    test passed!
MEMORY   test passed!
base64   test passed!
asn      test passed!
RANDOM   test passed!
MD5      test passed!
MD4      test passed!
SHA      test passed!
SHA-256  test passed!
Hash     test passed!
HMAC-MD5 test passed!
HMAC-SHA test passed!
HMAC-SHA256 test passed!
GMAC     test passed!
HC-128   test passed!
Rabbit   test passed!
DES      test passed!
DES3     test passed!
AES      test passed!
AES192   test passed!
AES256   test passed!
AES-GCM  test passed!
RSA      test passed!
DH       test passed!
DSA      test passed!
PWDBASED test passed!
ECC      test passed!
ECC buffer test passed!
logging  test passed!
mutex    test passed!
memcb    test failed!
 error = -13803
[SGXSan] ALWAYS: Enter enc_wolfSSL_CTX_use_certificate_buffer
[SGXSan] ALWAYS: Enter enc_wolfSSL_Debugging_ON
[SGXSan] ALWAYS: Enter enc_wolfSSL_set_fd
[SGXSan] ALWAYS: Enter enc_wolfSSL_new
[SGXSan] ALWAYS: Enter enc_wolfSSL_Debugging_OFF
#6	INITED cov: 6289 ft: 6289 corp: 2/723Kb exec/s: 0 rss: 75Mb
#6	DONE   cov: 6289 ft: 6289 corp: 2/723Kb lim: 370191 exec/s: 0 rss: 75Mb
Done 6 runs in 256 second(s)
stat::number_of_executed_units: 6
stat::average_exec_per_sec:     0
stat::new_units_added:          0
stat::slowest_unit_time_sec:    42
stat::peak_rss_mb:              75
