WARNING: Failed to find function "__sanitizer_acquire_crash_state".
WARNING: Failed to find function "__sanitizer_print_stack_trace".
WARNING: Failed to find function "__sanitizer_set_death_callback".
[2023-01-15 21:07:24.165] [Init] Num of ECall: 22
[2023-01-15 21:07:24.165] ECalls:
  0 - fuzz_enc_wolfSSL_CTX_free
  1 - fuzz_enc_wolfSSL_CTX_load_verify_buffer
  2 - fuzz_enc_wolfSSL_CTX_new
  3 - fuzz_enc_wolfSSL_CTX_set_cipher_list
  4 - fuzz_enc_wolfSSL_CTX_use_PrivateKey_buffer
  5 - fuzz_enc_wolfSSL_CTX_use_certificate_buffer
  6 - fuzz_enc_wolfSSL_CTX_use_certificate_chain_buffer_format
  7 - fuzz_enc_wolfSSL_Cleanup
  8 - fuzz_enc_wolfSSL_Debugging_OFF
  9 - fuzz_enc_wolfSSL_Debugging_ON
  10 - fuzz_enc_wolfSSL_Init
  11 - fuzz_enc_wolfSSL_connect
  12 - fuzz_enc_wolfSSL_free
  13 - fuzz_enc_wolfSSL_get_error
  14 - fuzz_enc_wolfSSL_new
  15 - fuzz_enc_wolfSSL_read
  16 - fuzz_enc_wolfSSL_set_fd
  17 - fuzz_enc_wolfSSL_write
  18 - fuzz_enc_wolfTLSv1_2_client_method
  19 - fuzz_enc_wolfTLSv1_2_server_method
  20 - fuzz_wc_benchmark_test
  21 - fuzz_wc_test

INFO: found LLVMFuzzerCustomMutator (0x44ac30). Disabling -len_control by default.
INFO: libFuzzer ignores flags that start with '--'
INFO: Running with entropic power schedule (0xFF, 100).
INFO: Seed: 2849906265
INFO: Loaded 1 modules   (291 inline 8-bit counters): 291 [0x4cb7e8, 0x4cb90b), 
INFO: Loaded 1 PC tables (291 PCs): 291 [0x4cb910,0x4ccb40), 
INFO:        0 files found in /tmp/libFuzzerTemp.FuzzWithFork422940.dir/C255
[SGXSan] ALWAYS: Hook __sanitizer_cov_8bit_counters_init of Enclave, 21636 inline 8-bit counts [0x7fb4e06669c0, 0x7fb4e066be44) (First time)
[SGXSan] ALWAYS: Hook __sanitizer_cov_pcs_init of Enclave, 21636 PCs [0x7fb4e066be48, 0x7fb4e06c0688) (First time)
[SGXSan] ALWAYS: Enter enc_wolfSSL_CTX_free
[SGXSan] ALWAYS: Enter enc_wolfSSL_CTX_load_verify_buffer
[SGXSan] ALWAYS: Enter enc_wolfSSL_CTX_new
[SGXSan] ALWAYS: Enter enc_wolfSSL_CTX_set_cipher_list
[SGXSan] ALWAYS: Enter enc_wolfSSL_CTX_use_PrivateKey_buffer
[SGXSan] ALWAYS: Enter enc_wolfSSL_CTX_use_certificate_buffer
[SGXSan] ALWAYS: Enter enc_wolfSSL_CTX_use_certificate_chain_buffer_format
[SGXSan] ALWAYS: Enter enc_wolfSSL_Cleanup
[SGXSan] ALWAYS: Enter enc_wolfSSL_Debugging_OFF
[SGXSan] ALWAYS: Enter enc_wolfSSL_Debugging_ON
[SGXSan] ALWAYS: Enter enc_wolfSSL_Init
[SGXSan] ALWAYS: Enter enc_wolfSSL_connect
[SGXSan] ALWAYS: Enter enc_wolfSSL_free
[SGXSan] ALWAYS: Enter enc_wolfSSL_get_error
[SGXSan] ALWAYS: Enter enc_wolfSSL_new
[SGXSan] ALWAYS: Enter enc_wolfSSL_read
[SGXSan] ALWAYS: Enter enc_wolfSSL_set_fd
[SGXSan] ALWAYS: Enter enc_wolfSSL_write
[SGXSan] ALWAYS: Enter enc_wolfTLSv1_2_client_method
[SGXSan] ALWAYS: Enter enc_wolfTLSv1_2_server_method
[SGXSan] ALWAYS: Enter wc_benchmark_test
------------------------------------------------------------------------------
 wolfSSL version 5.1.0
------------------------------------------------------------------------------
wolfCrypt Benchmark (block bytes 1048576, min 1.0 sec each)
RNG                 15 MB took 1.245 seconds,   12.047 MB/s
AES-128-CBC-enc     35 MB took 1.180 seconds,   29.649 MB/s
AES-128-CBC-dec     25 MB took 1.086 seconds,   23.018 MB/s
AES-192-CBC-enc     25 MB took 1.062 seconds,   23.547 MB/s
AES-192-CBC-dec     25 MB took 1.034 seconds,   24.184 MB/s
AES-256-CBC-enc     25 MB took 1.142 seconds,   21.895 MB/s
AES-256-CBC-dec     25 MB took 1.092 seconds,   22.904 MB/s
AES-128-GCM-enc     25 MB took 1.097 seconds,   22.798 MB/s
AES-128-GCM-dec     25 MB took 1.100 seconds,   22.723 MB/s
AES-192-GCM-enc     20 MB took 1.003 seconds,   19.949 MB/s
AES-192-GCM-dec     20 MB took 1.137 seconds,   17.583 MB/s
AES-256-GCM-enc     15 MB took 1.324 seconds,   11.333 MB/s
AES-256-GCM-dec     15 MB took 1.323 seconds,   11.334 MB/s
GMAC Table 4-bit    44 MB took 1.007 seconds,   43.680 MB/s
RABBIT              55 MB took 1.044 seconds,   52.698 MB/s
3DES                10 MB took 1.243 seconds,    8.047 MB/s
MD5                280 MB took 1.001 seconds,  279.599 MB/s
SHA                125 MB took 1.041 seconds,  120.114 MB/s
SHA-256             30 MB took 1.161 seconds,   25.832 MB/s
HMAC-MD5           295 MB took 1.003 seconds,  294.145 MB/s
HMAC-SHA           125 MB took 1.005 seconds,  124.361 MB/s
HMAC-SHA256         30 MB took 1.092 seconds,   27.474 MB/s
PBKDF2               3 KB took 1.005 seconds,    3.265 KB/s
RSA     2048 public       1300 ops took 1.052 sec, avg 0.809 ms, 1235.406 ops/sec
RSA     2048 private       100 ops took 3.941 sec, avg 39.413 ms, 25.372 ops/sec
DH      2048 key gen        48 ops took 1.018 sec, avg 21.217 ms, 47.133 ops/sec
DH      2048 agree         100 ops took 1.927 sec, avg 19.270 ms, 51.893 ops/sec
ECC   [      SECP256R1]   256 key gen      1194 ops took 1.000 sec, avg 0.838 ms, 1193.779 ops/sec
ECDHE [      SECP256R1]   256 agree         900 ops took 1.040 sec, avg 1.155 ms, 865.583 ops/sec
ECDSA [      SECP256R1]   256 sign         1200 ops took 1.058 sec, avg 0.881 ms, 1134.664 ops/sec
ECDSA [      SECP256R1]   256 verify        900 ops took 1.103 sec, avg 1.226 ms, 815.779 ops/sec
Benchmark complete
[SGXSan] ALWAYS: Enter wc_test
INFO: seed corpus: files: 5 min: 370191b max: 390122b total: 1910748b rss: 43Mb
------------------------------------------------------------------------------
 wolfSSL version 5.1.0
------------------------------------------------------------------------------
error    test passed!
MEMORY   test passed!
base64   test passed!
asn      test passed!
RANDOM   test passed!
MD5      test passed!
MD4      test passed!
SHA      test passed!
SHA-256  test passed!
Hash     test passed!
HMAC-MD5 test passed!
HMAC-SHA test passed!
HMAC-SHA256 test passed!
GMAC     test passed!
HC-128   test passed!
Rabbit   test passed!
DES      test passed!
DES3     test passed!
AES      test passed!
AES192   test passed!
AES256   test passed!
AES-GCM  test passed!
RSA      test passed!
DH       test passed!
DSA      test passed!
PWDBASED test passed!
ECC      test passed!
ECC buffer test passed!
logging  test passed!
mutex    test passed!
memcb    test passed!
Test complete
[SGXSan] ALWAYS: Enter enc_wolfSSL_connect
[SGXSan] ALWAYS: Enter enc_wolfSSL_new
[SGXSan] ALWAYS: Enter enc_wolfSSL_CTX_new
[SGXSan] ALWAYS: Enter enc_wolfSSL_CTX_free
[SGXSan] ALWAYS: Enter enc_wolfSSL_write
[SGXSan] ALWAYS: Enter enc_wolfSSL_CTX_load_verify_buffer
[SGXSan] ALWAYS: Enter enc_wolfSSL_CTX_use_PrivateKey_buffer
[SGXSan] ALWAYS: Enter enc_wolfTLSv1_2_client_method
[SGXSan] ALWAYS: Enter wc_benchmark_test
------------------------------------------------------------------------------
 wolfSSL version 5.1.0
------------------------------------------------------------------------------
wolfCrypt Benchmark (block bytes 1048576, min 1.0 sec each)
RNG                 15 MB took 1.194 seconds,   12.567 MB/s
AES-128-CBC-enc     35 MB took 1.131 seconds,   30.953 MB/s
AES-128-CBC-dec     30 MB took 1.037 seconds,   28.936 MB/s
AES-192-CBC-enc     30 MB took 1.170 seconds,   25.634 MB/s
AES-192-CBC-dec     25 MB took 1.038 seconds,   24.089 MB/s
AES-256-CBC-enc     25 MB took 1.077 seconds,   23.214 MB/s
AES-256-CBC-dec     25 MB took 1.212 seconds,   20.619 MB/s
AES-128-GCM-enc     25 MB took 1.194 seconds,   20.931 MB/s
AES-128-GCM-dec     25 MB took 1.164 seconds,   21.480 MB/s
AES-192-GCM-enc     25 MB took 1.240 seconds,   20.168 MB/s
AES-192-GCM-dec     20 MB took 1.013 seconds,   19.748 MB/s
AES-256-GCM-enc     20 MB took 1.094 seconds,   18.285 MB/s
AES-256-GCM-dec     20 MB took 1.081 seconds,   18.507 MB/s
GMAC Table 4-bit    67 MB took 1.014 seconds,   66.071 MB/s
RABBIT              90 MB took 1.021 seconds,   88.162 MB/s
3DES                10 MB took 1.121 seconds,    8.921 MB/s
MD5                290 MB took 1.004 seconds,  288.960 MB/s
SHA                125 MB took 1.007 seconds,  124.191 MB/s
SHA-256             30 MB took 1.018 seconds,   29.461 MB/s
HMAC-MD5           295 MB took 1.014 seconds,  290.838 MB/s
HMAC-SHA           125 MB took 1.025 seconds,  121.906 MB/s
HMAC-SHA256         30 MB took 1.020 seconds,   29.412 MB/s
PBKDF2               4 KB took 1.007 seconds,    3.508 KB/s
RSA     2048 public       1400 ops took 1.065 sec, avg 0.761 ms, 1314.874 ops/sec
RSA     2048 private       100 ops took 3.973 sec, avg 39.730 ms, 25.170 ops/sec
DH      2048 key gen        58 ops took 1.014 sec, avg 17.487 ms, 57.185 ops/sec
DH      2048 agree         100 ops took 1.646 sec, avg 16.457 ms, 60.763 ops/sec
ECC   [      SECP256R1]   256 key gen      1325 ops took 1.000 sec, avg 0.755 ms, 1324.883 ops/sec
ECDHE [      SECP256R1]   256 agree         900 ops took 1.044 sec, avg 1.160 ms, 862.081 ops/sec
ECDSA [      SECP256R1]   256 sign         1200 ops took 1.050 sec, avg 0.875 ms, 1142.722 ops/sec
ECDSA [      SECP256R1]   256 verify        900 ops took 1.116 sec, avg 1.240 ms, 806.323 ops/sec
Benchmark complete
[SGXSan] ALWAYS: Enter enc_wolfSSL_CTX_set_cipher_list
[SGXSan] ALWAYS: Enter enc_wolfSSL_get_error
[SGXSan] ALWAYS: Enter enc_wolfSSL_Init
[SGXSan] ALWAYS: Enter enc_wolfSSL_free
[SGXSan] ALWAYS: Enter wc_test
------------------------------------------------------------------------------
 wolfSSL version 5.1.0
------------------------------------------------------------------------------
error    test passed!
MEMORY   test passed!
base64   test passed!
asn      test passed!
RANDOM   test passed!
MD5      test passed!
MD4      test passed!
SHA      test passed!
SHA-256  test passed!
Hash     test passed!
HMAC-MD5 test passed!
HMAC-SHA test passed!
HMAC-SHA256 test passed!
GMAC     test passed!
HC-128   test passed!
Rabbit   test passed!
DES      test passed!
DES3     test passed!
AES      test passed!
AES192   test passed!
AES256   test passed!
AES-GCM  test passed!
RSA      test passed!
DH       test passed!
DSA      test passed!
PWDBASED test passed!
ECC      test passed!
ECC buffer test passed!
logging  test passed!
mutex    test passed!
memcb    test failed!
 error = -13803
[SGXSan] ALWAYS: Enter enc_wolfSSL_Debugging_ON
[SGXSan] ALWAYS: Enter enc_wolfSSL_read
[SGXSan] ALWAYS: Enter enc_wolfSSL_Debugging_OFF
[SGXSan] ALWAYS: Enter enc_wolfTLSv1_2_server_method
[SGXSan] ALWAYS: Enter enc_wolfSSL_set_fd
[SGXSan] ALWAYS: Enter enc_wolfSSL_CTX_use_certificate_buffer
[SGXSan] ALWAYS: Enter enc_wolfSSL_CTX_use_certificate_chain_buffer_format
[SGXSan] ALWAYS: Enter enc_wolfSSL_Cleanup
#2	pulse  ft: 6290 exec/s: 0 rss: 49Mb
Slowest unit: 43 s:
artifact_prefix='./crashes/'; Test unit written to ./crashes/slow-unit-aa67a8da5bebb8bc6521fd2051f0a99c78208cac
[SGXSan] ALWAYS: Enter enc_wolfTLSv1_2_server_method
[SGXSan] ALWAYS: Enter enc_wolfSSL_Debugging_ON
[SGXSan] ALWAYS: Enter enc_wolfSSL_CTX_use_PrivateKey_buffer
[SGXSan] ALWAYS: Enter enc_wolfSSL_new
[SGXSan] ALWAYS: Enter enc_wolfSSL_CTX_free
[SGXSan] ALWAYS: Enter enc_wolfSSL_get_error
[SGXSan] ALWAYS: Enter enc_wolfSSL_Debugging_OFF
[SGXSan] ALWAYS: Enter enc_wolfSSL_CTX_load_verify_buffer
[SGXSan] ALWAYS: Enter enc_wolfSSL_CTX_use_certificate_chain_buffer_format
[SGXSan] ALWAYS: Enter enc_wolfSSL_CTX_use_certificate_buffer
[SGXSan] ALWAYS: Enter wc_test
------------------------------------------------------------------------------
 wolfSSL version 5.1.0
------------------------------------------------------------------------------
error    test passed!
MEMORY   test passed!
base64   test passed!
asn      test passed!
RANDOM   test passed!
MD5      test passed!
MD4      test passed!
SHA      test passed!
SHA-256  test passed!
Hash     test passed!
HMAC-MD5 test passed!
HMAC-SHA test passed!
HMAC-SHA256 test passed!
GMAC     test passed!
HC-128   test passed!
Rabbit   test passed!
DES      test passed!
DES3     test passed!
AES      test passed!
AES192   test passed!
AES256   test passed!
AES-GCM  test passed!
RSA      test passed!
DH       test passed!
DSA      test passed!
PWDBASED test passed!
ECC      test passed!
ECC buffer test passed!
logging  test passed!
mutex    test passed!
memcb    test failed!
 error = -13803
[SGXSan] ALWAYS: Enter wc_benchmark_test
------------------------------------------------------------------------------
 wolfSSL version 5.1.0
------------------------------------------------------------------------------
wolfCrypt Benchmark (block bytes 1048576, min 1.0 sec each)
RNG                 15 MB took 1.195 seconds,   12.551 MB/s
AES-128-CBC-enc     30 MB took 1.010 seconds,   29.716 MB/s
AES-128-CBC-dec     30 MB took 1.028 seconds,   29.185 MB/s
AES-192-CBC-enc     30 MB took 1.108 seconds,   27.073 MB/s
AES-192-CBC-dec     30 MB took 1.194 seconds,   25.133 MB/s
AES-256-CBC-enc     25 MB took 1.177 seconds,   21.239 MB/s
AES-256-CBC-dec     25 MB took 1.097 seconds,   22.800 MB/s
AES-128-GCM-enc     25 MB took 1.107 seconds,   22.575 MB/s
AES-128-GCM-dec     25 MB took 1.098 seconds,   22.765 MB/s
AES-192-GCM-enc     25 MB took 1.222 seconds,   20.451 MB/s
AES-192-GCM-dec     25 MB took 1.221 seconds,   20.473 MB/s
AES-256-GCM-enc     20 MB took 1.084 seconds,   18.451 MB/s
AES-256-GCM-dec     20 MB took 1.055 seconds,   18.955 MB/s
GMAC Table 4-bit    67 MB took 1.009 seconds,   66.435 MB/s
RABBIT              90 MB took 1.053 seconds,   85.491 MB/s
3DES                10 MB took 1.115 seconds,    8.968 MB/s
MD5                300 MB took 1.012 seconds,  296.561 MB/s
SHA                125 MB took 1.005 seconds,  124.378 MB/s
SHA-256             35 MB took 1.155 seconds,   30.305 MB/s
HMAC-MD5           300 MB took 1.005 seconds,  298.368 MB/s
HMAC-SHA           125 MB took 1.019 seconds,  122.724 MB/s
HMAC-SHA256         35 MB took 1.158 seconds,   30.226 MB/s
PBKDF2               4 KB took 1.004 seconds,    3.674 KB/s
RSA     2048 public       1400 ops took 1.037 sec, avg 0.740 ms, 1350.445 ops/sec
RSA     2048 private       100 ops took 3.771 sec, avg 37.707 ms, 26.520 ops/sec
DH      2048 key gen        64 ops took 1.015 sec, avg 15.856 ms, 63.068 ops/sec
DH      2048 agree         100 ops took 1.578 sec, avg 15.784 ms, 63.354 ops/sec
ECC   [      SECP256R1]   256 key gen      1376 ops took 1.000 sec, avg 0.727 ms, 1375.640 ops/sec
ECDHE [      SECP256R1]   256 agree         900 ops took 1.034 sec, avg 1.149 ms, 870.690 ops/sec
ECDSA [      SECP256R1]   256 sign         1200 ops took 1.011 sec, avg 0.843 ms, 1186.678 ops/sec
ECDSA [      SECP256R1]   256 verify        900 ops took 1.074 sec, avg 1.193 ms, 838.287 ops/sec
Benchmark complete
[SGXSan] ALWAYS: Enter enc_wolfSSL_Cleanup
[SGXSan] ALWAYS: Enter enc_wolfSSL_write
[SGXSan] ALWAYS: Enter enc_wolfSSL_CTX_set_cipher_list
[SGXSan] ALWAYS: Enter enc_wolfSSL_CTX_new
[SGXSan] ALWAYS: Enter enc_wolfSSL_read
[SGXSan] ALWAYS: Enter enc_wolfSSL_free
[SGXSan] ALWAYS: Enter enc_wolfTLSv1_2_client_method
[SGXSan] ALWAYS: Enter enc_wolfSSL_connect
[SGXSan] ALWAYS: Enter enc_wolfSSL_Init
[SGXSan] ALWAYS: Enter enc_wolfSSL_set_fd
[SGXSan] ALWAYS: Enter wc_test
------------------------------------------------------------------------------
 wolfSSL version 5.1.0
------------------------------------------------------------------------------
error    test passed!
MEMORY   test passed!
base64   test passed!
asn      test passed!
RANDOM   test passed!
MD5      test passed!
MD4      test passed!
SHA      test passed!
SHA-256  test passed!
Hash     test passed!
HMAC-MD5 test passed!
HMAC-SHA test passed!
HMAC-SHA256 test passed!
GMAC     test passed!
HC-128   test passed!
Rabbit   test passed!
DES      test passed!
DES3     test passed!
AES      test passed!
AES192   test passed!
AES256   test passed!
AES-GCM  test passed!
RSA      test passed!
DH       test passed!
DSA      test passed!
PWDBASED test passed!
ECC      test passed!
ECC buffer test passed!
logging  test passed!
mutex    test passed!
memcb    test failed!
 error = -13803
[SGXSan] ALWAYS: Enter enc_wolfTLSv1_2_client_method
[SGXSan] ALWAYS: Enter enc_wolfSSL_CTX_set_cipher_list
[SGXSan] ALWAYS: Enter enc_wolfSSL_get_error
[SGXSan] ALWAYS: Enter enc_wolfSSL_Init
[SGXSan] ALWAYS: Enter enc_wolfSSL_CTX_load_verify_buffer
[SGXSan] ALWAYS: Enter enc_wolfSSL_free
[SGXSan] ALWAYS: Enter enc_wolfSSL_CTX_use_certificate_chain_buffer_format
[SGXSan] ALWAYS: Enter enc_wolfSSL_set_fd
[SGXSan] ALWAYS: Enter enc_wolfSSL_new
[SGXSan] ALWAYS: Enter enc_wolfSSL_Debugging_ON
[SGXSan] ALWAYS: Enter enc_wolfSSL_Debugging_OFF
[SGXSan] ALWAYS: Enter enc_wolfSSL_CTX_use_certificate_buffer
[SGXSan] ALWAYS: Enter enc_wolfTLSv1_2_server_method
[SGXSan] ALWAYS: Enter enc_wolfSSL_read
[SGXSan] ALWAYS: Enter enc_wolfSSL_connect
[SGXSan] ALWAYS: Enter enc_wolfSSL_write
[SGXSan] ALWAYS: Enter enc_wolfSSL_CTX_new
[SGXSan] ALWAYS: Enter enc_wolfSSL_CTX_free
[SGXSan] ALWAYS: Enter enc_wolfSSL_CTX_use_PrivateKey_buffer
[SGXSan] ALWAYS: Enter enc_wolfSSL_Cleanup
[SGXSan] ALWAYS: Enter wc_benchmark_test
#4	pulse  cov: 6290 ft: 6290 corp: 1/361Kb exec/s: 0 rss: 63Mb
------------------------------------------------------------------------------
 wolfSSL version 5.1.0
------------------------------------------------------------------------------
wolfCrypt Benchmark (block bytes 1048576, min 1.0 sec each)
RNG                 15 MB took 1.155 seconds,   12.986 MB/s
AES-128-CBC-enc     35 MB took 1.077 seconds,   32.507 MB/s
AES-128-CBC-dec     30 MB took 1.041 seconds,   28.806 MB/s
AES-192-CBC-enc     30 MB took 1.076 seconds,   27.879 MB/s
AES-192-CBC-dec     30 MB took 1.149 seconds,   26.119 MB/s
AES-256-CBC-enc     30 MB took 1.202 seconds,   24.966 MB/s
AES-256-CBC-dec     25 MB took 1.059 seconds,   23.601 MB/s
AES-128-GCM-enc     25 MB took 1.091 seconds,   22.908 MB/s
AES-128-GCM-dec     25 MB took 1.068 seconds,   23.416 MB/s
AES-192-GCM-enc     25 MB took 1.223 seconds,   20.445 MB/s
AES-192-GCM-dec     25 MB took 1.194 seconds,   20.932 MB/s
AES-256-GCM-enc     20 MB took 1.079 seconds,   18.538 MB/s
AES-256-GCM-dec     20 MB took 1.048 seconds,   19.077 MB/s
GMAC Table 4-bit    67 MB took 1.012 seconds,   66.175 MB/s
RABBIT              90 MB took 1.016 seconds,   88.595 MB/s
3DES                10 MB took 1.105 seconds,    9.050 MB/s
MD5                300 MB took 1.009 seconds,  297.188 MB/s
SHA                125 MB took 1.015 seconds,  123.130 MB/s
SHA-256             35 MB took 1.164 seconds,   30.058 MB/s
HMAC-MD5           300 MB took 1.011 seconds,  296.629 MB/s
HMAC-SHA           130 MB took 1.037 seconds,  125.354 MB/s
HMAC-SHA256         35 MB took 1.161 seconds,   30.150 MB/s
PBKDF2               4 KB took 1.005 seconds,    3.639 KB/s
RSA     2048 public       1400 ops took 1.039 sec, avg 0.742 ms, 1347.864 ops/sec
RSA     2048 private       100 ops took 3.760 sec, avg 37.598 ms, 26.597 ops/sec
DH      2048 key gen        63 ops took 1.001 sec, avg 15.896 ms, 62.908 ops/sec
DH      2048 agree         100 ops took 1.588 sec, avg 15.885 ms, 62.953 ops/sec
ECC   [      SECP256R1]   256 key gen      1380 ops took 1.000 sec, avg 0.725 ms, 1379.485 ops/sec
ECDHE [      SECP256R1]   256 agree         900 ops took 1.010 sec, avg 1.122 ms, 891.423 ops/sec
ECDSA [      SECP256R1]   256 sign         1200 ops took 1.041 sec, avg 0.868 ms, 1152.685 ops/sec
ECDSA [      SECP256R1]   256 verify        900 ops took 1.074 sec, avg 1.194 ms, 837.635 ops/sec
Benchmark complete
[SGXSan] ALWAYS: Enter enc_wolfSSL_free
[SGXSan] ALWAYS: Enter enc_wolfSSL_new
[SGXSan] ALWAYS: Enter enc_wolfSSL_write
[SGXSan] ALWAYS: Enter enc_wolfSSL_CTX_set_cipher_list
[SGXSan] ALWAYS: Enter enc_wolfSSL_Init
[SGXSan] ALWAYS: Enter wc_test
------------------------------------------------------------------------------
 wolfSSL version 5.1.0
------------------------------------------------------------------------------
error    test passed!
MEMORY   test passed!
base64   test passed!
asn      test passed!
RANDOM   test passed!
MD5      test passed!
MD4      test passed!
SHA      test passed!
SHA-256  test passed!
Hash     test passed!
HMAC-MD5 test passed!
HMAC-SHA test passed!
HMAC-SHA256 test passed!
GMAC     test passed!
HC-128   test passed!
Rabbit   test passed!
DES      test passed!
DES3     test passed!
AES      test passed!
AES192   test passed!
AES256   test passed!
AES-GCM  test passed!
RSA      test passed!
DH       test passed!
DSA      test passed!
PWDBASED test passed!
ECC      test passed!
ECC buffer test passed!
logging  test passed!
mutex    test passed!
memcb    test failed!
 error = -13803
[SGXSan] ALWAYS: Enter enc_wolfSSL_CTX_use_certificate_chain_buffer_format
[SGXSan] ALWAYS: Enter enc_wolfSSL_connect
[SGXSan] ALWAYS: Enter wc_benchmark_test
------------------------------------------------------------------------------
 wolfSSL version 5.1.0
------------------------------------------------------------------------------
wolfCrypt Benchmark (block bytes 1048576, min 1.0 sec each)
RNG                 15 MB took 1.201 seconds,   12.488 MB/s
AES-128-CBC-enc     35 MB took 1.074 seconds,   32.591 MB/s
AES-128-CBC-dec     35 MB took 1.157 seconds,   30.240 MB/s
AES-192-CBC-enc     30 MB took 1.099 seconds,   27.290 MB/s
AES-192-CBC-dec     30 MB took 1.151 seconds,   26.067 MB/s
AES-256-CBC-enc     25 MB took 1.011 seconds,   24.734 MB/s
AES-256-CBC-dec     25 MB took 1.059 seconds,   23.610 MB/s
AES-128-GCM-enc     25 MB took 1.070 seconds,   23.367 MB/s
AES-128-GCM-dec     25 MB took 1.088 seconds,   22.985 MB/s
AES-192-GCM-enc     25 MB took 1.189 seconds,   21.029 MB/s
AES-192-GCM-dec     25 MB took 1.251 seconds,   19.976 MB/s
AES-256-GCM-enc     20 MB took 1.043 seconds,   19.171 MB/s
AES-256-GCM-dec     20 MB took 1.043 seconds,   19.179 MB/s
GMAC Table 4-bit    67 MB took 1.012 seconds,   66.218 MB/s
RABBIT              90 MB took 1.022 seconds,   88.059 MB/s
3DES                10 MB took 1.110 seconds,    9.008 MB/s
MD5                300 MB took 1.009 seconds,  297.317 MB/s
SHA                130 MB took 1.038 seconds,  125.196 MB/s
SHA-256             35 MB took 1.167 seconds,   29.983 MB/s
HMAC-MD5           300 MB took 1.015 seconds,  295.537 MB/s
HMAC-SHA           125 MB took 1.004 seconds,  124.459 MB/s
HMAC-SHA256         35 MB took 1.157 seconds,   30.240 MB/s
PBKDF2               4 KB took 1.002 seconds,    3.710 KB/s
RSA     2048 public       1400 ops took 1.040 sec, avg 0.743 ms, 1346.234 ops/sec
RSA     2048 private       100 ops took 3.795 sec, avg 37.953 ms, 26.349 ops/sec
DH      2048 key gen        64 ops took 1.016 sec, avg 15.873 ms, 62.999 ops/sec
DH      2048 agree         100 ops took 1.600 sec, avg 16.004 ms, 62.484 ops/sec
ECC   [      SECP256R1]   256 key gen      1366 ops took 1.000 sec, avg 0.732 ms, 1365.839 ops/sec
ECDHE [      SECP256R1]   256 agree         900 ops took 1.024 sec, avg 1.138 ms, 878.934 ops/sec
ECDSA [      SECP256R1]   256 sign         1200 ops took 1.031 sec, avg 0.860 ms, 1163.456 ops/sec
ECDSA [      SECP256R1]   256 verify        900 ops took 1.070 sec, avg 1.189 ms, 840.935 ops/sec
Benchmark complete
[SGXSan] ALWAYS: Enter enc_wolfSSL_read
[SGXSan] ALWAYS: Enter enc_wolfSSL_set_fd
[SGXSan] ALWAYS: Enter enc_wolfSSL_CTX_use_certificate_buffer
[SGXSan] ALWAYS: Enter enc_wolfSSL_Debugging_OFF
[SGXSan] ALWAYS: Enter enc_wolfTLSv1_2_server_method
[SGXSan] ALWAYS: Enter enc_wolfSSL_get_error
[SGXSan] ALWAYS: Enter enc_wolfSSL_CTX_free
[SGXSan] ALWAYS: Enter enc_wolfSSL_CTX_load_verify_buffer
[SGXSan] ALWAYS: Enter enc_wolfTLSv1_2_client_method
[SGXSan] ALWAYS: Enter enc_wolfSSL_CTX_new
[SGXSan] ALWAYS: Enter enc_wolfSSL_Debugging_ON
[SGXSan] ALWAYS: Enter enc_wolfSSL_Cleanup
[SGXSan] ALWAYS: Enter enc_wolfSSL_CTX_use_PrivateKey_buffer
[SGXSan] ALWAYS: Enter enc_wolfSSL_get_error
[SGXSan] ALWAYS: Enter enc_wolfSSL_Init
[SGXSan] ALWAYS: Enter enc_wolfTLSv1_2_client_method
[SGXSan] ALWAYS: Enter enc_wolfSSL_CTX_use_PrivateKey_buffer
[SGXSan] ALWAYS: Enter enc_wolfSSL_Cleanup
[SGXSan] ALWAYS: Enter enc_wolfSSL_Debugging_OFF
[SGXSan] ALWAYS: Enter enc_wolfSSL_read
[SGXSan] ALWAYS: Enter enc_wolfSSL_free
[SGXSan] ALWAYS: Enter wc_test
------------------------------------------------------------------------------
 wolfSSL version 5.1.0
------------------------------------------------------------------------------
error    test passed!
MEMORY   test passed!
base64   test passed!
asn      test passed!
RANDOM   test passed!
MD5      test passed!
MD4      test passed!
SHA      test passed!
SHA-256  test passed!
Hash     test passed!
HMAC-MD5 test passed!
HMAC-SHA test passed!
HMAC-SHA256 test passed!
GMAC     test passed!
HC-128   test passed!
Rabbit   test passed!
DES      test passed!
DES3     test passed!
AES      test passed!
AES192   test passed!
AES256   test passed!
AES-GCM  test passed!
RSA      test passed!
DH       test passed!
DSA      test passed!
PWDBASED test passed!
ECC      test passed!
ECC buffer test passed!
logging  test passed!
mutex    test passed!
memcb    test failed!
 error = -13803
[SGXSan] ALWAYS: Enter enc_wolfSSL_new
[SGXSan] ALWAYS: Enter enc_wolfSSL_CTX_free
[SGXSan] ALWAYS: Enter enc_wolfSSL_CTX_new
[SGXSan] ALWAYS: Enter enc_wolfSSL_set_fd
[SGXSan] ALWAYS: Enter enc_wolfSSL_CTX_load_verify_buffer
[SGXSan] ALWAYS: Enter enc_wolfSSL_write
[SGXSan] ALWAYS: Enter enc_wolfSSL_Debugging_ON
[SGXSan] ALWAYS: Enter wc_benchmark_test
------------------------------------------------------------------------------
 wolfSSL version 5.1.0
------------------------------------------------------------------------------
wolfCrypt Benchmark (block bytes 1048576, min 1.0 sec each)
RNG                 15 MB took 1.168 seconds,   12.847 MB/s
AES-128-CBC-enc     35 MB took 1.084 seconds,   32.291 MB/s
AES-128-CBC-dec     30 MB took 1.006 seconds,   29.806 MB/s
AES-192-CBC-enc     30 MB took 1.077 seconds,   27.845 MB/s
AES-192-CBC-dec     30 MB took 1.155 seconds,   25.979 MB/s
AES-256-CBC-enc     25 MB took 1.018 seconds,   24.548 MB/s
AES-256-CBC-dec     25 MB took 1.071 seconds,   23.347 MB/s
AES-128-GCM-enc     25 MB took 1.080 seconds,   23.140 MB/s
AES-128-GCM-dec     25 MB took 1.070 seconds,   23.363 MB/s
AES-192-GCM-enc     25 MB took 1.210 seconds,   20.655 MB/s
AES-192-GCM-dec     25 MB took 1.211 seconds,   20.643 MB/s
AES-256-GCM-enc     20 MB took 1.067 seconds,   18.741 MB/s
AES-256-GCM-dec     20 MB took 1.083 seconds,   18.462 MB/s
GMAC Table 4-bit    66 MB took 1.002 seconds,   65.887 MB/s
RABBIT              90 MB took 1.030 seconds,   87.399 MB/s
3DES                10 MB took 1.143 seconds,    8.746 MB/s
MD5                295 MB took 1.006 seconds,  293.105 MB/s
SHA                125 MB took 1.016 seconds,  123.058 MB/s
SHA-256             30 MB took 1.011 seconds,   29.685 MB/s
HMAC-MD5           295 MB took 1.009 seconds,  292.270 MB/s
HMAC-SHA           125 MB took 1.023 seconds,  122.205 MB/s
HMAC-SHA256         30 MB took 1.011 seconds,   29.680 MB/s
PBKDF2               4 KB took 1.009 seconds,    3.624 KB/s
RSA     2048 public       1400 ops took 1.062 sec, avg 0.759 ms, 1318.271 ops/sec
RSA     2048 private       100 ops took 3.856 sec, avg 38.561 ms, 25.933 ops/sec
DH      2048 key gen        62 ops took 1.014 sec, avg 16.350 ms, 61.161 ops/sec
DH      2048 agree         100 ops took 1.601 sec, avg 16.012 ms, 62.453 ops/sec
ECC   [      SECP256R1]   256 key gen      1346 ops took 1.000 sec, avg 0.743 ms, 1345.428 ops/sec
ECDHE [      SECP256R1]   256 agree         900 ops took 1.091 sec, avg 1.212 ms, 824.842 ops/sec
ECDSA [      SECP256R1]   256 sign         1200 ops took 1.042 sec, avg 0.868 ms, 1151.618 ops/sec
ECDSA [      SECP256R1]   256 verify        900 ops took 1.111 sec, avg 1.234 ms, 810.077 ops/sec
Benchmark complete
[SGXSan] ALWAYS: Enter enc_wolfSSL_connect
[SGXSan] ALWAYS: Enter enc_wolfSSL_CTX_use_certificate_chain_buffer_format
[SGXSan] ALWAYS: Enter enc_wolfSSL_CTX_set_cipher_list
[SGXSan] ALWAYS: Enter enc_wolfSSL_CTX_use_certificate_buffer
[SGXSan] ALWAYS: Enter enc_wolfTLSv1_2_server_method
#6	INITED cov: 6292 ft: 6292 corp: 3/1123Kb exec/s: 0 rss: 76Mb
#6	DONE   cov: 6292 ft: 6292 corp: 3/1123Kb lim: 390122 exec/s: 0 rss: 76Mb
Done 6 runs in 258 second(s)
stat::number_of_executed_units: 6
stat::average_exec_per_sec:     0
stat::new_units_added:          0
stat::slowest_unit_time_sec:    43
stat::peak_rss_mb:              76
