WARNING: Failed to find function "__sanitizer_acquire_crash_state".
WARNING: Failed to find function "__sanitizer_print_stack_trace".
WARNING: Failed to find function "__sanitizer_set_death_callback".
[2023-01-15 21:11:42.206] [Init] Num of ECall: 22
[2023-01-15 21:11:42.206] ECalls:
  0 - fuzz_enc_wolfSSL_CTX_free
  1 - fuzz_enc_wolfSSL_CTX_load_verify_buffer
  2 - fuzz_enc_wolfSSL_CTX_new
  3 - fuzz_enc_wolfSSL_CTX_set_cipher_list
  4 - fuzz_enc_wolfSSL_CTX_use_PrivateKey_buffer
  5 - fuzz_enc_wolfSSL_CTX_use_certificate_buffer
  6 - fuzz_enc_wolfSSL_CTX_use_certificate_chain_buffer_format
  7 - fuzz_enc_wolfSSL_Cleanup
  8 - fuzz_enc_wolfSSL_Debugging_OFF
  9 - fuzz_enc_wolfSSL_Debugging_ON
  10 - fuzz_enc_wolfSSL_Init
  11 - fuzz_enc_wolfSSL_connect
  12 - fuzz_enc_wolfSSL_free
  13 - fuzz_enc_wolfSSL_get_error
  14 - fuzz_enc_wolfSSL_new
  15 - fuzz_enc_wolfSSL_read
  16 - fuzz_enc_wolfSSL_set_fd
  17 - fuzz_enc_wolfSSL_write
  18 - fuzz_enc_wolfTLSv1_2_client_method
  19 - fuzz_enc_wolfTLSv1_2_server_method
  20 - fuzz_wc_benchmark_test
  21 - fuzz_wc_test

INFO: found LLVMFuzzerCustomMutator (0x44ac30). Disabling -len_control by default.
INFO: libFuzzer ignores flags that start with '--'
INFO: Running with entropic power schedule (0xFF, 100).
INFO: Seed: 3192651447
INFO: Loaded 1 modules   (291 inline 8-bit counters): 291 [0x4cb7e8, 0x4cb90b), 
INFO: Loaded 1 PC tables (291 PCs): 291 [0x4cb910,0x4ccb40), 
INFO:        0 files found in /tmp/libFuzzerTemp.FuzzWithFork422940.dir/C258
[SGXSan] ALWAYS: Hook __sanitizer_cov_8bit_counters_init of Enclave, 21636 inline 8-bit counts [0x7f6da27a79c0, 0x7f6da27ace44) (First time)
[SGXSan] ALWAYS: Hook __sanitizer_cov_pcs_init of Enclave, 21636 PCs [0x7f6da27ace48, 0x7f6da2801688) (First time)
[SGXSan] ALWAYS: Enter enc_wolfSSL_CTX_free
[SGXSan] ALWAYS: Enter enc_wolfSSL_CTX_load_verify_buffer
[SGXSan] ALWAYS: Enter enc_wolfSSL_CTX_new
[SGXSan] ALWAYS: Enter enc_wolfSSL_CTX_set_cipher_list
[SGXSan] ALWAYS: Enter enc_wolfSSL_CTX_use_PrivateKey_buffer
[SGXSan] ALWAYS: Enter enc_wolfSSL_CTX_use_certificate_buffer
[SGXSan] ALWAYS: Enter enc_wolfSSL_CTX_use_certificate_chain_buffer_format
[SGXSan] ALWAYS: Enter enc_wolfSSL_Cleanup
[SGXSan] ALWAYS: Enter enc_wolfSSL_Debugging_OFF
[SGXSan] ALWAYS: Enter enc_wolfSSL_Debugging_ON
[SGXSan] ALWAYS: Enter enc_wolfSSL_Init
[SGXSan] ALWAYS: Enter enc_wolfSSL_connect
[SGXSan] ALWAYS: Enter enc_wolfSSL_free
[SGXSan] ALWAYS: Enter enc_wolfSSL_get_error
[SGXSan] ALWAYS: Enter enc_wolfSSL_new
[SGXSan] ALWAYS: Enter enc_wolfSSL_read
[SGXSan] ALWAYS: Enter enc_wolfSSL_set_fd
[SGXSan] ALWAYS: Enter enc_wolfSSL_write
[SGXSan] ALWAYS: Enter enc_wolfTLSv1_2_client_method
[SGXSan] ALWAYS: Enter enc_wolfTLSv1_2_server_method
[SGXSan] ALWAYS: Enter wc_benchmark_test
------------------------------------------------------------------------------
 wolfSSL version 5.1.0
------------------------------------------------------------------------------
wolfCrypt Benchmark (block bytes 1048576, min 1.0 sec each)
RNG                 15 MB took 1.212 seconds,   12.375 MB/s
AES-128-CBC-enc     35 MB took 1.104 seconds,   31.705 MB/s
AES-128-CBC-dec     30 MB took 1.057 seconds,   28.391 MB/s
AES-192-CBC-enc     30 MB took 1.096 seconds,   27.366 MB/s
AES-192-CBC-dec     30 MB took 1.193 seconds,   25.149 MB/s
AES-256-CBC-enc     25 MB took 1.022 seconds,   24.469 MB/s
AES-256-CBC-dec     25 MB took 1.095 seconds,   22.840 MB/s
AES-128-GCM-enc     25 MB took 1.090 seconds,   22.939 MB/s
AES-128-GCM-dec     25 MB took 1.099 seconds,   22.740 MB/s
AES-192-GCM-enc     25 MB took 1.229 seconds,   20.341 MB/s
AES-192-GCM-dec     25 MB took 1.214 seconds,   20.597 MB/s
AES-256-GCM-enc     20 MB took 1.059 seconds,   18.879 MB/s
AES-256-GCM-dec     20 MB took 1.062 seconds,   18.827 MB/s
GMAC Table 4-bit    66 MB took 1.005 seconds,   65.660 MB/s
RABBIT              90 MB took 1.033 seconds,   87.145 MB/s
3DES                10 MB took 1.119 seconds,    8.934 MB/s
MD5                300 MB took 1.006 seconds,  298.246 MB/s
SHA                125 MB took 1.003 seconds,  124.640 MB/s
SHA-256             30 MB took 1.004 seconds,   29.886 MB/s
HMAC-MD5           300 MB took 1.008 seconds,  297.658 MB/s
HMAC-SHA           125 MB took 1.018 seconds,  122.732 MB/s
HMAC-SHA256         30 MB took 1.007 seconds,   29.805 MB/s
PBKDF2               4 KB took 1.006 seconds,    3.634 KB/s
RSA     2048 public       1400 ops took 1.047 sec, avg 0.748 ms, 1337.393 ops/sec
RSA     2048 private       100 ops took 3.862 sec, avg 38.619 ms, 25.894 ops/sec
DH      2048 key gen        62 ops took 1.011 sec, avg 16.307 ms, 61.323 ops/sec
DH      2048 agree         100 ops took 1.637 sec, avg 16.368 ms, 61.095 ops/sec
ECC   [      SECP256R1]   256 key gen      1348 ops took 1.001 sec, avg 0.742 ms, 1347.004 ops/sec
ECDHE [      SECP256R1]   256 agree         900 ops took 1.041 sec, avg 1.157 ms, 864.585 ops/sec
ECDSA [      SECP256R1]   256 sign         1200 ops took 1.041 sec, avg 0.867 ms, 1153.071 ops/sec
ECDSA [      SECP256R1]   256 verify        900 ops took 1.086 sec, avg 1.206 ms, 828.957 ops/sec
Benchmark complete
[SGXSan] ALWAYS: Enter wc_test
INFO: seed corpus: files: 5 min: 370191b max: 390122b total: 1930679b rss: 43Mb
------------------------------------------------------------------------------
 wolfSSL version 5.1.0
------------------------------------------------------------------------------
error    test passed!
MEMORY   test passed!
base64   test passed!
asn      test passed!
RANDOM   test passed!
MD5      test passed!
MD4      test passed!
SHA      test passed!
SHA-256  test passed!
Hash     test passed!
HMAC-MD5 test passed!
HMAC-SHA test passed!
HMAC-SHA256 test passed!
GMAC     test passed!
HC-128   test passed!
Rabbit   test passed!
DES      test passed!
DES3     test passed!
AES      test passed!
AES192   test passed!
AES256   test passed!
AES-GCM  test passed!
RSA      test passed!
DH       test passed!
DSA      test passed!
PWDBASED test passed!
ECC      test passed!
ECC buffer test passed!
logging  test passed!
mutex    test passed!
memcb    test passed!
Test complete
[SGXSan] ALWAYS: Enter enc_wolfTLSv1_2_server_method
[SGXSan] ALWAYS: Enter enc_wolfSSL_Debugging_ON
[SGXSan] ALWAYS: Enter enc_wolfSSL_CTX_use_PrivateKey_buffer
[SGXSan] ALWAYS: Enter enc_wolfSSL_new
[SGXSan] ALWAYS: Enter enc_wolfSSL_CTX_free
[SGXSan] ALWAYS: Enter enc_wolfSSL_get_error
[SGXSan] ALWAYS: Enter enc_wolfSSL_Debugging_OFF
[SGXSan] ALWAYS: Enter enc_wolfSSL_CTX_load_verify_buffer
[SGXSan] ALWAYS: Enter enc_wolfSSL_CTX_use_certificate_chain_buffer_format
[SGXSan] ALWAYS: Enter enc_wolfSSL_CTX_use_certificate_buffer
[SGXSan] ALWAYS: Enter wc_test
------------------------------------------------------------------------------
 wolfSSL version 5.1.0
------------------------------------------------------------------------------
error    test passed!
MEMORY   test passed!
base64   test passed!
asn      test passed!
RANDOM   test passed!
MD5      test passed!
MD4      test passed!
SHA      test passed!
SHA-256  test passed!
Hash     test passed!
HMAC-MD5 test passed!
HMAC-SHA test passed!
HMAC-SHA256 test passed!
GMAC     test passed!
HC-128   test passed!
Rabbit   test passed!
DES      test passed!
DES3     test passed!
AES      test passed!
AES192   test passed!
AES256   test passed!
AES-GCM  test passed!
RSA      test passed!
DH       test passed!
DSA      test passed!
PWDBASED test passed!
ECC      test passed!
ECC buffer test passed!
logging  test passed!
mutex    test passed!
memcb    test failed!
 error = -13803
[SGXSan] ALWAYS: Enter wc_benchmark_test
------------------------------------------------------------------------------
 wolfSSL version 5.1.0
------------------------------------------------------------------------------
wolfCrypt Benchmark (block bytes 1048576, min 1.0 sec each)
RNG                 15 MB took 1.157 seconds,   12.963 MB/s
AES-128-CBC-enc     35 MB took 1.093 seconds,   32.029 MB/s
AES-128-CBC-dec     30 MB took 1.014 seconds,   29.586 MB/s
AES-192-CBC-enc     30 MB took 1.077 seconds,   27.849 MB/s
AES-192-CBC-dec     30 MB took 1.163 seconds,   25.792 MB/s
AES-256-CBC-enc     25 MB took 1.020 seconds,   24.511 MB/s
AES-256-CBC-dec     25 MB took 1.090 seconds,   22.932 MB/s
AES-128-GCM-enc     25 MB took 1.069 seconds,   23.393 MB/s
AES-128-GCM-dec     25 MB took 1.067 seconds,   23.425 MB/s
AES-192-GCM-enc     25 MB took 1.190 seconds,   21.002 MB/s
AES-192-GCM-dec     25 MB took 1.201 seconds,   20.818 MB/s
AES-256-GCM-enc     20 MB took 1.040 seconds,   19.234 MB/s
AES-256-GCM-dec     20 MB took 1.041 seconds,   19.205 MB/s
GMAC Table 4-bit    67 MB took 1.001 seconds,   66.957 MB/s
RABBIT              90 MB took 1.020 seconds,   88.261 MB/s
3DES                10 MB took 1.119 seconds,    8.934 MB/s
MD5                300 MB took 1.015 seconds,  295.632 MB/s
SHA                120 MB took 1.008 seconds,  119.029 MB/s
SHA-256             35 MB took 1.157 seconds,   30.263 MB/s
HMAC-MD5           300 MB took 1.006 seconds,  298.125 MB/s
HMAC-SHA           125 MB took 1.006 seconds,  124.217 MB/s
HMAC-SHA256         35 MB took 1.164 seconds,   30.063 MB/s
PBKDF2               4 KB took 1.004 seconds,    3.674 KB/s
RSA     2048 public       1400 ops took 1.040 sec, avg 0.743 ms, 1346.059 ops/sec
RSA     2048 private       100 ops took 3.789 sec, avg 37.891 ms, 26.391 ops/sec
DH      2048 key gen        63 ops took 1.016 sec, avg 16.123 ms, 62.021 ops/sec
DH      2048 agree         100 ops took 1.582 sec, avg 15.816 ms, 63.228 ops/sec
ECC   [      SECP256R1]   256 key gen      1374 ops took 1.000 sec, avg 0.728 ms, 1373.545 ops/sec
ECDHE [      SECP256R1]   256 agree         900 ops took 1.025 sec, avg 1.139 ms, 878.062 ops/sec
ECDSA [      SECP256R1]   256 sign         1200 ops took 1.046 sec, avg 0.871 ms, 1147.466 ops/sec
ECDSA [      SECP256R1]   256 verify        900 ops took 1.086 sec, avg 1.206 ms, 828.921 ops/sec
Benchmark complete
[SGXSan] ALWAYS: Enter enc_wolfSSL_Cleanup
[SGXSan] ALWAYS: Enter enc_wolfSSL_write
[SGXSan] ALWAYS: Enter enc_wolfSSL_CTX_set_cipher_list
[SGXSan] ALWAYS: Enter enc_wolfSSL_CTX_new
[SGXSan] ALWAYS: Enter enc_wolfSSL_read
[SGXSan] ALWAYS: Enter enc_wolfSSL_free
[SGXSan] ALWAYS: Enter enc_wolfTLSv1_2_client_method
[SGXSan] ALWAYS: Enter enc_wolfSSL_connect
[SGXSan] ALWAYS: Enter enc_wolfSSL_Init
[SGXSan] ALWAYS: Enter enc_wolfSSL_set_fd
#2	pulse  ft: 6299 exec/s: 0 rss: 49Mb
Slowest unit: 42 s:
artifact_prefix='./crashes/'; Test unit written to ./crashes/slow-unit-60d18ed962e29e8a2ab375cff57db472d341254d
[SGXSan] ALWAYS: Enter enc_wolfSSL_CTX_free
[SGXSan] ALWAYS: Enter enc_wolfSSL_CTX_set_cipher_list
[SGXSan] ALWAYS: Enter enc_wolfSSL_Cleanup
[SGXSan] ALWAYS: Enter enc_wolfSSL_Debugging_OFF
[SGXSan] ALWAYS: Enter enc_wolfSSL_write
[SGXSan] ALWAYS: Enter enc_wolfSSL_Init
[SGXSan] ALWAYS: Enter enc_wolfSSL_CTX_use_certificate_chain_buffer_format
[SGXSan] ALWAYS: Enter enc_wolfSSL_get_error
[SGXSan] ALWAYS: Enter enc_wolfSSL_CTX_new
[SGXSan] ALWAYS: Enter enc_wolfSSL_connect
[SGXSan] ALWAYS: Enter enc_wolfSSL_CTX_load_verify_buffer
[SGXSan] ALWAYS: Enter enc_wolfSSL_read
[SGXSan] ALWAYS: Enter enc_wolfSSL_set_fd
[SGXSan] ALWAYS: Enter enc_wolfSSL_new
[SGXSan] ALWAYS: Enter enc_wolfTLSv1_2_server_method
[SGXSan] ALWAYS: Enter enc_wolfTLSv1_2_client_method
[SGXSan] ALWAYS: Enter enc_wolfSSL_CTX_use_PrivateKey_buffer
[SGXSan] ALWAYS: Enter enc_wolfSSL_Debugging_ON
[SGXSan] ALWAYS: Enter enc_wolfSSL_free
[SGXSan] ALWAYS: Enter wc_test
------------------------------------------------------------------------------
 wolfSSL version 5.1.0
------------------------------------------------------------------------------
error    test passed!
MEMORY   test passed!
base64   test passed!
asn      test passed!
RANDOM   test passed!
MD5      test passed!
MD4      test passed!
SHA      test passed!
SHA-256  test passed!
Hash     test passed!
HMAC-MD5 test passed!
HMAC-SHA test passed!
HMAC-SHA256 test passed!
GMAC     test passed!
HC-128   test passed!
Rabbit   test passed!
DES      test passed!
DES3     test passed!
AES      test passed!
AES192   test passed!
AES256   test passed!
AES-GCM  test passed!
RSA      test passed!
DH       test passed!
DSA      test passed!
PWDBASED test passed!
ECC      test passed!
ECC buffer test passed!
logging  test passed!
mutex    test passed!
memcb    test failed!
 error = -13803
[SGXSan] ALWAYS: Enter enc_wolfSSL_CTX_use_certificate_buffer
[SGXSan] ALWAYS: Enter wc_benchmark_test
------------------------------------------------------------------------------
 wolfSSL version 5.1.0
------------------------------------------------------------------------------
wolfCrypt Benchmark (block bytes 1048576, min 1.0 sec each)
RNG                 15 MB took 1.156 seconds,   12.972 MB/s
AES-128-CBC-enc     35 MB took 1.104 seconds,   31.708 MB/s
AES-128-CBC-dec     30 MB took 1.016 seconds,   29.528 MB/s
AES-192-CBC-enc     30 MB took 1.102 seconds,   27.231 MB/s
AES-192-CBC-dec     30 MB took 1.167 seconds,   25.710 MB/s
AES-256-CBC-enc     25 MB took 1.008 seconds,   24.809 MB/s
AES-256-CBC-dec     25 MB took 1.090 seconds,   22.940 MB/s
AES-128-GCM-enc     25 MB took 1.075 seconds,   23.248 MB/s
AES-128-GCM-dec     25 MB took 1.071 seconds,   23.340 MB/s
AES-192-GCM-enc     25 MB took 1.190 seconds,   21.017 MB/s
AES-192-GCM-dec     25 MB took 1.197 seconds,   20.889 MB/s
AES-256-GCM-enc     20 MB took 1.050 seconds,   19.044 MB/s
AES-256-GCM-dec     20 MB took 1.042 seconds,   19.196 MB/s
GMAC Table 4-bit    67 MB took 1.001 seconds,   66.962 MB/s
RABBIT              90 MB took 1.013 seconds,   88.805 MB/s
3DES                10 MB took 1.114 seconds,    8.974 MB/s
MD5                300 MB took 1.015 seconds,  295.518 MB/s
SHA                125 MB took 1.017 seconds,  122.893 MB/s
SHA-256             35 MB took 1.150 seconds,   30.428 MB/s
HMAC-MD5           295 MB took 1.001 seconds,  294.688 MB/s
HMAC-SHA           125 MB took 1.000 seconds,  124.952 MB/s
HMAC-SHA256         35 MB took 1.158 seconds,   30.216 MB/s
PBKDF2               4 KB took 1.006 seconds,    3.635 KB/s
RSA     2048 public       1400 ops took 1.046 sec, avg 0.747 ms, 1337.808 ops/sec
RSA     2048 private       100 ops took 3.765 sec, avg 37.655 ms, 26.557 ops/sec
DH      2048 key gen        62 ops took 1.010 sec, avg 16.294 ms, 61.373 ops/sec
DH      2048 agree         100 ops took 1.588 sec, avg 15.878 ms, 62.981 ops/sec
ECC   [      SECP256R1]   256 key gen      1377 ops took 1.000 sec, avg 0.726 ms, 1376.647 ops/sec
ECDHE [      SECP256R1]   256 agree         900 ops took 1.005 sec, avg 1.117 ms, 895.398 ops/sec
ECDSA [      SECP256R1]   256 sign         1200 ops took 1.023 sec, avg 0.852 ms, 1173.576 ops/sec
ECDSA [      SECP256R1]   256 verify        900 ops took 1.089 sec, avg 1.210 ms, 826.563 ops/sec
Benchmark complete
[SGXSan] ALWAYS: Enter wc_test
------------------------------------------------------------------------------
 wolfSSL version 5.1.0
------------------------------------------------------------------------------
error    test passed!
MEMORY   test passed!
base64   test passed!
asn      test passed!
RANDOM   test passed!
MD5      test passed!
MD4      test passed!
SHA      test passed!
SHA-256  test passed!
Hash     test passed!
HMAC-MD5 test passed!
HMAC-SHA test passed!
HMAC-SHA256 test passed!
GMAC     test passed!
HC-128   test passed!
Rabbit   test passed!
DES      test passed!
DES3     test passed!
AES      test passed!
AES192   test passed!
AES256   test passed!
AES-GCM  test passed!
RSA      test passed!
DH       test passed!
DSA      test passed!
PWDBASED test passed!
ECC      test passed!
ECC buffer test passed!
logging  test passed!
mutex    test passed!
memcb    test failed!
 error = -13803
[SGXSan] ALWAYS: Enter enc_wolfTLSv1_2_client_method
[SGXSan] ALWAYS: Enter enc_wolfSSL_CTX_set_cipher_list
[SGXSan] ALWAYS: Enter enc_wolfSSL_get_error
[SGXSan] ALWAYS: Enter enc_wolfSSL_Init
[SGXSan] ALWAYS: Enter enc_wolfSSL_CTX_load_verify_buffer
[SGXSan] ALWAYS: Enter enc_wolfSSL_free
[SGXSan] ALWAYS: Enter enc_wolfSSL_CTX_use_certificate_chain_buffer_format
[SGXSan] ALWAYS: Enter enc_wolfSSL_set_fd
[SGXSan] ALWAYS: Enter enc_wolfSSL_new
[SGXSan] ALWAYS: Enter enc_wolfSSL_Debugging_ON
[SGXSan] ALWAYS: Enter enc_wolfSSL_Debugging_OFF
[SGXSan] ALWAYS: Enter enc_wolfSSL_CTX_use_certificate_buffer
[SGXSan] ALWAYS: Enter enc_wolfTLSv1_2_server_method
[SGXSan] ALWAYS: Enter enc_wolfSSL_read
[SGXSan] ALWAYS: Enter enc_wolfSSL_connect
[SGXSan] ALWAYS: Enter enc_wolfSSL_write
[SGXSan] ALWAYS: Enter enc_wolfSSL_CTX_new
[SGXSan] ALWAYS: Enter enc_wolfSSL_CTX_free
[SGXSan] ALWAYS: Enter enc_wolfSSL_CTX_use_PrivateKey_buffer
[SGXSan] ALWAYS: Enter enc_wolfSSL_Cleanup
[SGXSan] ALWAYS: Enter wc_benchmark_test
#4	pulse  cov: 6299 ft: 6299 corp: 1/361Kb exec/s: 0 rss: 63Mb
------------------------------------------------------------------------------
 wolfSSL version 5.1.0
------------------------------------------------------------------------------
wolfCrypt Benchmark (block bytes 1048576, min 1.0 sec each)
RNG                 15 MB took 1.164 seconds,   12.882 MB/s
AES-128-CBC-enc     35 MB took 1.081 seconds,   32.373 MB/s
AES-128-CBC-dec     30 MB took 1.016 seconds,   29.519 MB/s
AES-192-CBC-enc     30 MB took 1.105 seconds,   27.148 MB/s
AES-192-CBC-dec     30 MB took 1.173 seconds,   25.579 MB/s
AES-256-CBC-enc     25 MB took 1.009 seconds,   24.786 MB/s
AES-256-CBC-dec     25 MB took 1.064 seconds,   23.497 MB/s
AES-128-GCM-enc     25 MB took 1.073 seconds,   23.303 MB/s
AES-128-GCM-dec     25 MB took 1.082 seconds,   23.097 MB/s
AES-192-GCM-enc     25 MB took 1.197 seconds,   20.881 MB/s
AES-192-GCM-dec     25 MB took 1.204 seconds,   20.757 MB/s
AES-256-GCM-enc     20 MB took 1.043 seconds,   19.169 MB/s
AES-256-GCM-dec     20 MB took 1.041 seconds,   19.219 MB/s
GMAC Table 4-bit    67 MB took 1.006 seconds,   66.579 MB/s
RABBIT              90 MB took 1.026 seconds,   87.680 MB/s
3DES                10 MB took 1.123 seconds,    8.907 MB/s
MD5                295 MB took 1.001 seconds,  294.643 MB/s
SHA                130 MB took 1.037 seconds,  125.416 MB/s
SHA-256             35 MB took 1.155 seconds,   30.314 MB/s
HMAC-MD5           295 MB took 1.008 seconds,  292.771 MB/s
HMAC-SHA           130 MB took 1.040 seconds,  125.038 MB/s
HMAC-SHA256         35 MB took 1.155 seconds,   30.301 MB/s
PBKDF2               4 KB took 1.001 seconds,    3.715 KB/s
RSA     2048 public       1400 ops took 1.029 sec, avg 0.735 ms, 1360.062 ops/sec
RSA     2048 private       100 ops took 3.795 sec, avg 37.950 ms, 26.351 ops/sec
DH      2048 key gen        63 ops took 1.006 sec, avg 15.975 ms, 62.596 ops/sec
DH      2048 agree         100 ops took 1.638 sec, avg 16.382 ms, 61.043 ops/sec
ECC   [      SECP256R1]   256 key gen      1342 ops took 1.000 sec, avg 0.745 ms, 1341.957 ops/sec
ECDHE [      SECP256R1]   256 agree         900 ops took 1.040 sec, avg 1.156 ms, 865.057 ops/sec
ECDSA [      SECP256R1]   256 sign         1200 ops took 1.039 sec, avg 0.866 ms, 1154.831 ops/sec
ECDSA [      SECP256R1]   256 verify        900 ops took 1.084 sec, avg 1.204 ms, 830.285 ops/sec
Benchmark complete
[SGXSan] ALWAYS: Enter enc_wolfSSL_CTX_free
[SGXSan] ALWAYS: Enter enc_wolfSSL_CTX_set_cipher_list
[SGXSan] ALWAYS: Enter enc_wolfSSL_Cleanup
[SGXSan] ALWAYS: Enter enc_wolfSSL_Debugging_OFF
[SGXSan] ALWAYS: Enter enc_wolfSSL_write
[SGXSan] ALWAYS: Enter enc_wolfSSL_Init
[SGXSan] ALWAYS: Enter enc_wolfSSL_CTX_use_certificate_chain_buffer_format
[SGXSan] ALWAYS: Enter enc_wolfSSL_get_error
[SGXSan] ALWAYS: Enter enc_wolfSSL_CTX_new
[SGXSan] ALWAYS: Enter enc_wolfSSL_connect
[SGXSan] ALWAYS: Enter enc_wolfSSL_CTX_load_verify_buffer
[SGXSan] ALWAYS: Enter enc_wolfSSL_read
[SGXSan] ALWAYS: Enter enc_wolfSSL_set_fd
[SGXSan] ALWAYS: Enter enc_wolfSSL_new
[SGXSan] ALWAYS: Enter enc_wolfTLSv1_2_server_method
[SGXSan] ALWAYS: Enter enc_wolfTLSv1_2_client_method
[SGXSan] ALWAYS: Enter enc_wolfSSL_CTX_use_PrivateKey_buffer
[SGXSan] ALWAYS: Enter enc_wolfSSL_Debugging_ON
[SGXSan] ALWAYS: Enter enc_wolfSSL_free
[SGXSan] ALWAYS: Enter wc_test
------------------------------------------------------------------------------
 wolfSSL version 5.1.0
------------------------------------------------------------------------------
error    test passed!
MEMORY   test passed!
base64   test passed!
asn      test passed!
RANDOM   test passed!
MD5      test passed!
MD4      test passed!
SHA      test passed!
SHA-256  test passed!
Hash     test passed!
HMAC-MD5 test passed!
HMAC-SHA test passed!
HMAC-SHA256 test passed!
GMAC     test passed!
HC-128   test passed!
Rabbit   test passed!
DES      test passed!
DES3     test passed!
AES      test passed!
AES192   test passed!
AES256   test passed!
AES-GCM  test passed!
RSA      test passed!
DH       test passed!
DSA      test passed!
PWDBASED test passed!
ECC      test passed!
ECC buffer test passed!
logging  test passed!
mutex    test passed!
memcb    test failed!
 error = -13803
[SGXSan] ALWAYS: Enter enc_wolfSSL_CTX_use_certificate_buffer
[SGXSan] ALWAYS: Enter wc_benchmark_test
------------------------------------------------------------------------------
 wolfSSL version 5.1.0
------------------------------------------------------------------------------
wolfCrypt Benchmark (block bytes 1048576, min 1.0 sec each)
RNG                 15 MB took 1.333 seconds,   11.250 MB/s
AES-128-CBC-enc     35 MB took 1.096 seconds,   31.923 MB/s
AES-128-CBC-dec     30 MB took 1.054 seconds,   28.471 MB/s
AES-192-CBC-enc     30 MB took 1.097 seconds,   27.340 MB/s
AES-192-CBC-dec     30 MB took 1.181 seconds,   25.404 MB/s
AES-256-CBC-enc     25 MB took 1.050 seconds,   23.811 MB/s
AES-256-CBC-dec     25 MB took 1.086 seconds,   23.021 MB/s
AES-128-GCM-enc     25 MB took 1.095 seconds,   22.828 MB/s
AES-128-GCM-dec     25 MB took 1.085 seconds,   23.038 MB/s
AES-192-GCM-enc     25 MB took 1.202 seconds,   20.794 MB/s
AES-192-GCM-dec     25 MB took 1.241 seconds,   20.140 MB/s
AES-256-GCM-enc     20 MB took 1.056 seconds,   18.938 MB/s
AES-256-GCM-dec     20 MB took 1.069 seconds,   18.710 MB/s
GMAC Table 4-bit    67 MB took 1.009 seconds,   66.373 MB/s
RABBIT              90 MB took 1.025 seconds,   87.838 MB/s
3DES                10 MB took 1.138 seconds,    8.786 MB/s
MD5                290 MB took 1.009 seconds,  287.518 MB/s
SHA                125 MB took 1.025 seconds,  121.931 MB/s
SHA-256             30 MB took 1.008 seconds,   29.749 MB/s
HMAC-MD5           295 MB took 1.003 seconds,  294.004 MB/s
HMAC-SHA           125 MB took 1.019 seconds,  122.677 MB/s
HMAC-SHA256         30 MB took 1.004 seconds,   29.883 MB/s
PBKDF2               4 KB took 1.004 seconds,    3.578 KB/s
RSA     2048 public       1400 ops took 1.052 sec, avg 0.751 ms, 1330.942 ops/sec
RSA     2048 private       100 ops took 3.847 sec, avg 38.466 ms, 25.997 ops/sec
DH      2048 key gen        62 ops took 1.005 sec, avg 16.207 ms, 61.701 ops/sec
DH      2048 agree         100 ops took 1.617 sec, avg 16.167 ms, 61.855 ops/sec
ECC   [      SECP256R1]   256 key gen      1349 ops took 1.000 sec, avg 0.742 ms, 1348.471 ops/sec
ECDHE [      SECP256R1]   256 agree         900 ops took 1.033 sec, avg 1.148 ms, 870.989 ops/sec
ECDSA [      SECP256R1]   256 sign         1200 ops took 1.040 sec, avg 0.867 ms, 1153.515 ops/sec
ECDSA [      SECP256R1]   256 verify        900 ops took 1.092 sec, avg 1.213 ms, 824.286 ops/sec
Benchmark complete
[SGXSan] ALWAYS: Enter enc_wolfSSL_Init
[SGXSan] ALWAYS: Enter enc_wolfSSL_CTX_free
[SGXSan] ALWAYS: Enter enc_wolfSSL_get_error
[SGXSan] ALWAYS: Enter enc_wolfSSL_Debugging_ON
[SGXSan] ALWAYS: Enter enc_wolfSSL_connect
[SGXSan] ALWAYS: Enter enc_wolfSSL_Debugging_OFF
[SGXSan] ALWAYS: Enter wc_benchmark_test
------------------------------------------------------------------------------
 wolfSSL version 5.1.0
------------------------------------------------------------------------------
wolfCrypt Benchmark (block bytes 1048576, min 1.0 sec each)
RNG                 15 MB took 1.163 seconds,   12.900 MB/s
AES-128-CBC-enc     35 MB took 1.084 seconds,   32.278 MB/s
AES-128-CBC-dec     30 MB took 1.007 seconds,   29.781 MB/s
AES-192-CBC-enc     30 MB took 1.086 seconds,   27.616 MB/s
AES-192-CBC-dec     30 MB took 1.193 seconds,   25.153 MB/s
AES-256-CBC-enc     25 MB took 1.027 seconds,   24.338 MB/s
AES-256-CBC-dec     25 MB took 1.116 seconds,   22.410 MB/s
AES-128-GCM-enc     25 MB took 1.081 seconds,   23.116 MB/s
AES-128-GCM-dec     25 MB took 1.084 seconds,   23.058 MB/s
AES-192-GCM-enc     25 MB took 1.230 seconds,   20.324 MB/s
AES-192-GCM-dec     25 MB took 1.217 seconds,   20.550 MB/s
AES-256-GCM-enc     20 MB took 1.038 seconds,   19.260 MB/s
AES-256-GCM-dec     20 MB took 1.037 seconds,   19.286 MB/s
GMAC Table 4-bit    66 MB took 1.001 seconds,   65.957 MB/s
RABBIT              90 MB took 1.024 seconds,   87.853 MB/s
3DES                10 MB took 1.111 seconds,    8.997 MB/s
MD5                300 MB took 1.011 seconds,  296.776 MB/s
SHA                130 MB took 1.038 seconds,  125.271 MB/s
SHA-256             35 MB took 1.154 seconds,   30.334 MB/s
HMAC-MD5           295 MB took 1.012 seconds,  291.508 MB/s
HMAC-SHA           125 MB took 1.012 seconds,  123.558 MB/s
HMAC-SHA256         35 MB took 1.153 seconds,   30.345 MB/s
PBKDF2               4 KB took 1.007 seconds,    3.693 KB/s
RSA     2048 public       1400 ops took 1.029 sec, avg 0.735 ms, 1360.474 ops/sec
RSA     2048 private       100 ops took 3.794 sec, avg 37.942 ms, 26.356 ops/sec
DH      2048 key gen        64 ops took 1.012 sec, avg 15.814 ms, 63.236 ops/sec
DH      2048 agree         100 ops took 1.611 sec, avg 16.112 ms, 62.066 ops/sec
ECC   [      SECP256R1]   256 key gen      1370 ops took 1.001 sec, avg 0.730 ms, 1369.254 ops/sec
ECDHE [      SECP256R1]   256 agree         900 ops took 1.025 sec, avg 1.139 ms, 877.972 ops/sec
ECDSA [      SECP256R1]   256 sign         1200 ops took 1.024 sec, avg 0.853 ms, 1171.726 ops/sec
ECDSA [      SECP256R1]   256 verify        900 ops took 1.055 sec, avg 1.172 ms, 852.904 ops/sec
Benchmark complete
[SGXSan] ALWAYS: Enter enc_wolfSSL_CTX_use_PrivateKey_buffer
[SGXSan] ALWAYS: Enter enc_wolfSSL_set_fd
[SGXSan] ALWAYS: Enter enc_wolfSSL_CTX_load_verify_buffer
[SGXSan] ALWAYS: Enter enc_wolfSSL_write
[SGXSan] ALWAYS: Enter enc_wolfSSL_CTX_new
[SGXSan] ALWAYS: Enter enc_wolfTLSv1_2_server_method
[SGXSan] ALWAYS: Enter enc_wolfSSL_new
[SGXSan] ALWAYS: Enter enc_wolfSSL_read
[SGXSan] ALWAYS: Enter enc_wolfSSL_CTX_set_cipher_list
[SGXSan] ALWAYS: Enter enc_wolfSSL_CTX_use_certificate_chain_buffer_format
[SGXSan] ALWAYS: Enter enc_wolfSSL_free
[SGXSan] ALWAYS: Enter enc_wolfSSL_CTX_use_certificate_buffer
[SGXSan] ALWAYS: Enter enc_wolfTLSv1_2_client_method
[SGXSan] ALWAYS: Enter wc_test
------------------------------------------------------------------------------
 wolfSSL version 5.1.0
------------------------------------------------------------------------------
error    test passed!
MEMORY   test passed!
base64   test passed!
asn      test passed!
RANDOM   test passed!
MD5      test passed!
MD4      test passed!
SHA      test passed!
SHA-256  test passed!
Hash     test passed!
HMAC-MD5 test passed!
HMAC-SHA test passed!
HMAC-SHA256 test passed!
GMAC     test passed!
HC-128   test passed!
Rabbit   test passed!
DES      test passed!
DES3     test passed!
AES      test passed!
AES192   test passed!
AES256   test passed!
AES-GCM  test passed!
RSA      test passed!
DH       test passed!
DSA      test passed!
PWDBASED test passed!
ECC      test passed!
ECC buffer test passed!
logging  test passed!
mutex    test passed!
memcb    test failed!
 error = -13803
[SGXSan] ALWAYS: Enter enc_wolfSSL_Cleanup
#6	INITED cov: 6299 ft: 6299 corp: 1/361Kb exec/s: 0 rss: 74Mb
[SGXSan] ALWAYS: Enter enc_wolfSSL_CTX_new
[SGXSan] ALWAYS: Enter enc_wolfSSL_write
[SGXSan] ALWAYS: Enter enc_wolfSSL_read
[SGXSan] ALWAYS: Enter enc_wolfSSL_CTX_load_verify_buffer
[SGXSan] ALWAYS: Enter enc_wolfSSL_connect
[SGXSan] ALWAYS: Enter enc_wolfSSL_Cleanup
[SGXSan] ALWAYS: Enter enc_wolfSSL_CTX_use_certificate_chain_buffer_format
[SGXSan] ALWAYS: Enter enc_wolfSSL_get_error
[SGXSan] ALWAYS: Enter enc_wolfSSL_new
[SGXSan] ALWAYS: Enter enc_wolfSSL_Debugging_ON
[SGXSan] ALWAYS: Enter enc_wolfSSL_CTX_use_PrivateKey_buffer
[SGXSan] ALWAYS: Enter wc_test
------------------------------------------------------------------------------
 wolfSSL version 5.1.0
------------------------------------------------------------------------------
error    test passed!
MEMORY   test passed!
base64   test passed!
asn      test passed!
RANDOM   test passed!
MD5      test passed!
MD4      test passed!
SHA      test passed!
SHA-256  test passed!
Hash     test passed!
HMAC-MD5 test passed!
HMAC-SHA test passed!
HMAC-SHA256 test passed!
GMAC     test passed!
HC-128   test passed!
Rabbit   test passed!
DES      test passed!
DES3     test passed!
AES      test passed!
AES192   test passed!
AES256   test passed!
AES-GCM  test passed!
RSA      test passed!
DH       test passed!
DSA      test passed!
PWDBASED test passed!
ECC      test passed!
ECC buffer test passed!
logging  test passed!
mutex    test passed!
memcb    test failed!
 error = -13803
[SGXSan] ALWAYS: Enter enc_wolfSSL_set_fd
[SGXSan] ALWAYS: Enter enc_wolfTLSv1_2_server_method
[SGXSan] ALWAYS: Enter enc_wolfSSL_CTX_free
[SGXSan] ALWAYS: Enter enc_wolfSSL_CTX_set_cipher_list
[SGXSan] ALWAYS: Enter enc_wolfSSL_Init
[SGXSan] ALWAYS: Enter enc_wolfSSL_free
[SGXSan] ALWAYS: Enter enc_wolfSSL_CTX_use_certificate_buffer
[SGXSan] ALWAYS: Enter enc_wolfTLSv1_2_client_method
[SGXSan] ALWAYS: Enter wc_benchmark_test
------------------------------------------------------------------------------
 wolfSSL version 5.1.0
------------------------------------------------------------------------------
wolfCrypt Benchmark (block bytes 1048576, min 1.0 sec each)
RNG                 15 MB took 1.160 seconds,   12.930 MB/s
AES-128-CBC-enc     35 MB took 1.087 seconds,   32.189 MB/s
AES-128-CBC-dec     35 MB took 1.166 seconds,   30.018 MB/s
AES-192-CBC-enc     30 MB took 1.097 seconds,   27.336 MB/s
AES-192-CBC-dec     30 MB took 1.194 seconds,   25.117 MB/s
AES-256-CBC-enc     25 MB took 1.005 seconds,   24.871 MB/s
AES-256-CBC-dec     25 MB took 1.074 seconds,   23.270 MB/s
AES-128-GCM-enc     25 MB took 1.070 seconds,   23.371 MB/s
AES-128-GCM-dec     25 MB took 1.073 seconds,   23.297 MB/s
AES-192-GCM-enc     25 MB took 1.199 seconds,   20.844 MB/s
AES-192-GCM-dec     25 MB took 1.208 seconds,   20.694 MB/s
AES-256-GCM-enc     20 MB took 1.044 seconds,   19.158 MB/s
AES-256-GCM-dec     20 MB took 1.038 seconds,   19.274 MB/s
GMAC Table 4-bit    68 MB took 1.013 seconds,   67.157 MB/s
RABBIT              90 MB took 1.014 seconds,   88.729 MB/s
3DES                10 MB took 1.120 seconds,    8.930 MB/s
MD5                300 MB took 1.012 seconds,  296.384 MB/s
SHA                125 MB took 1.006 seconds,  124.199 MB/s
SHA-256             35 MB took 1.157 seconds,   30.239 MB/s
HMAC-MD5           300 MB took 1.016 seconds,  295.158 MB/s
HMAC-SHA           125 MB took 1.027 seconds,  121.732 MB/s
HMAC-SHA256         35 MB took 1.154 seconds,   30.323 MB/s
PBKDF2               4 KB took 1.007 seconds,    3.662 KB/s
RSA     2048 public       1400 ops took 1.035 sec, avg 0.739 ms, 1352.886 ops/sec
RSA     2048 private       100 ops took 3.777 sec, avg 37.769 ms, 26.476 ops/sec
DH      2048 key gen        49 ops took 1.013 sec, avg 20.678 ms, 48.361 ops/sec
DH      2048 agree         100 ops took 2.566 sec, avg 25.656 ms, 38.977 ops/sec
ECC   [      SECP256R1]   256 key gen      1361 ops took 1.001 sec, avg 0.735 ms, 1360.238 ops/sec
ECDHE [      SECP256R1]   256 agree         900 ops took 1.008 sec, avg 1.120 ms, 892.795 ops/sec
ECDSA [      SECP256R1]   256 sign         1200 ops took 1.028 sec, avg 0.857 ms, 1167.395 ops/sec
ECDSA [      SECP256R1]   256 verify        900 ops took 1.069 sec, avg 1.188 ms, 842.075 ops/sec
Benchmark complete
[SGXSan] ALWAYS: Enter enc_wolfSSL_Debugging_OFF
[SGXSan] ALWAYS: Enter enc_wolfSSL_Cleanup
[SGXSan] ALWAYS: Enter enc_wolfSSL_CTX_free
[SGXSan] ALWAYS: Enter enc_wolfSSL_CTX_use_certificate_buffer
[SGXSan] ALWAYS: Enter enc_wolfTLSv1_2_client_method
[SGXSan] ALWAYS: Enter enc_wolfSSL_CTX_use_certificate_chain_buffer_format
[SGXSan] ALWAYS: Enter enc_wolfSSL_Debugging_OFF
[SGXSan] ALWAYS: Enter enc_wolfSSL_CTX_use_PrivateKey_buffer
[SGXSan] ALWAYS: Enter enc_wolfTLSv1_2_server_method
[SGXSan] ALWAYS: Enter enc_wolfSSL_read
[SGXSan] ALWAYS: Enter enc_wolfSSL_Debugging_ON
[SGXSan] ALWAYS: Enter enc_wolfSSL_get_error
[SGXSan] ALWAYS: Enter enc_wolfSSL_CTX_set_cipher_list
[SGXSan] ALWAYS: Enter enc_wolfSSL_connect
[SGXSan] ALWAYS: Enter enc_wolfSSL_write
[SGXSan] ALWAYS: Enter enc_wolfSSL_CTX_load_verify_buffer
[SGXSan] ALWAYS: Enter enc_wolfSSL_free
[SGXSan] ALWAYS: Enter wc_test
------------------------------------------------------------------------------
 wolfSSL version 5.1.0
------------------------------------------------------------------------------
error    test passed!
MEMORY   test passed!
base64   test passed!
asn      test passed!
RANDOM   test passed!
MD5      test passed!
MD4      test passed!
SHA      test passed!
SHA-256  test passed!
Hash     test passed!
HMAC-MD5 test passed!
HMAC-SHA test passed!
HMAC-SHA256 test passed!
GMAC     test passed!
HC-128   test passed!
Rabbit   test passed!
DES      test passed!
DES3     test passed!
AES      test passed!
AES192   test passed!
AES256   test passed!
AES-GCM  test passed!
RSA      test passed!
DH       test passed!
DSA      test passed!
PWDBASED test passed!
ECC      test passed!
ECC buffer test passed!
logging  test passed!
mutex    test passed!
memcb    test failed!
 error = -13803
[SGXSan] ALWAYS: Enter enc_wolfSSL_new
[SGXSan] ALWAYS: Enter enc_wolfSSL_CTX_new
[SGXSan] ALWAYS: Enter enc_wolfSSL_set_fd
[SGXSan] ALWAYS: Enter wc_benchmark_test
------------------------------------------------------------------------------
 wolfSSL version 5.1.0
------------------------------------------------------------------------------
wolfCrypt Benchmark (block bytes 1048576, min 1.0 sec each)
RNG                 15 MB took 1.158 seconds,   12.948 MB/s
AES-128-CBC-enc     35 MB took 1.103 seconds,   31.721 MB/s
AES-128-CBC-dec     30 MB took 1.004 seconds,   29.872 MB/s
AES-192-CBC-enc     30 MB took 1.096 seconds,   27.382 MB/s
AES-192-CBC-dec     30 MB took 1.150 seconds,   26.094 MB/s
AES-256-CBC-enc     25 MB took 1.006 seconds,   24.850 MB/s
AES-256-CBC-dec     25 MB took 1.088 seconds,   22.983 MB/s
AES-128-GCM-enc     25 MB took 1.066 seconds,   23.453 MB/s
AES-128-GCM-dec     25 MB took 1.074 seconds,   23.283 MB/s
AES-192-GCM-enc     25 MB took 1.189 seconds,   21.026 MB/s
AES-192-GCM-dec     25 MB took 1.197 seconds,   20.879 MB/s
AES-256-GCM-enc     20 MB took 1.056 seconds,   18.941 MB/s
AES-256-GCM-dec     20 MB took 1.047 seconds,   19.104 MB/s
GMAC Table 4-bit    67 MB took 1.004 seconds,   66.762 MB/s
RABBIT              90 MB took 1.004 seconds,   89.629 MB/s
3DES                10 MB took 1.101 seconds,    9.080 MB/s
MD5                295 MB took 1.009 seconds,  292.365 MB/s
SHA                130 MB took 1.035 seconds,  125.623 MB/s
SHA-256             30 MB took 1.011 seconds,   29.663 MB/s
HMAC-MD5           295 MB took 1.001 seconds,  294.848 MB/s
HMAC-SHA           125 MB took 1.004 seconds,  124.536 MB/s
HMAC-SHA256         30 MB took 1.001 seconds,   29.974 MB/s
PBKDF2               4 KB took 1.005 seconds,    3.701 KB/s
RSA     2048 public       1400 ops took 1.032 sec, avg 0.737 ms, 1356.083 ops/sec
RSA     2048 private       100 ops took 4.522 sec, avg 45.219 ms, 22.115 ops/sec
DH      2048 key gen        63 ops took 1.003 sec, avg 15.926 ms, 62.791 ops/sec
DH      2048 agree         100 ops took 1.588 sec, avg 15.883 ms, 62.959 ops/sec
ECC   [      SECP256R1]   256 key gen      1384 ops took 1.000 sec, avg 0.723 ms, 1383.811 ops/sec
ECDHE [      SECP256R1]   256 agree         900 ops took 1.026 sec, avg 1.140 ms, 877.257 ops/sec
ECDSA [      SECP256R1]   256 sign         1200 ops took 1.029 sec, avg 0.858 ms, 1166.091 ops/sec
ECDSA [      SECP256R1]   256 verify        900 ops took 1.074 sec, avg 1.194 ms, 837.641 ops/sec
Benchmark complete
[SGXSan] ALWAYS: Enter enc_wolfSSL_Init
#8	pulse  cov: 6299 ft: 6299 corp: 1/361Kb lim: 1000000 exec/s: 0 rss: 86Mb
[SGXSan] ALWAYS: Enter enc_wolfSSL_Cleanup
[SGXSan] ALWAYS: Enter enc_wolfSSL_CTX_free
[SGXSan] ALWAYS: Enter enc_wolfSSL_CTX_use_certificate_buffer
[SGXSan] ALWAYS: Enter enc_wolfTLSv1_2_client_method
[SGXSan] ALWAYS: Enter enc_wolfSSL_CTX_use_certificate_chain_buffer_format
[SGXSan] ALWAYS: Enter enc_wolfSSL_Debugging_OFF
[SGXSan] ALWAYS: Enter enc_wolfSSL_CTX_use_PrivateKey_buffer
[SGXSan] ALWAYS: Enter enc_wolfTLSv1_2_server_method
[SGXSan] ALWAYS: Enter enc_wolfSSL_read
[SGXSan] ALWAYS: Enter enc_wolfSSL_Debugging_ON
[SGXSan] ALWAYS: Enter enc_wolfSSL_get_error
[SGXSan] ALWAYS: Enter enc_wolfSSL_CTX_set_cipher_list
[SGXSan] ALWAYS: Enter enc_wolfSSL_connect
[SGXSan] ALWAYS: Enter enc_wolfSSL_write
[SGXSan] ALWAYS: Enter enc_wolfSSL_CTX_load_verify_buffer
[SGXSan] ALWAYS: Enter enc_wolfSSL_free
[SGXSan] ALWAYS: Enter wc_test
------------------------------------------------------------------------------
 wolfSSL version 5.1.0
------------------------------------------------------------------------------
error    test passed!
MEMORY   test passed!
base64   test passed!
asn      test passed!
RANDOM   test passed!
MD5      test passed!
MD4      test passed!
SHA      test passed!
SHA-256  test passed!
Hash     test passed!
HMAC-MD5 test passed!
HMAC-SHA test passed!
HMAC-SHA256 test passed!
GMAC     test passed!
HC-128   test passed!
Rabbit   test passed!
DES      test passed!
DES3     test passed!
AES      test passed!
AES192   test passed!
AES256   test passed!
AES-GCM  test passed!
RSA      test passed!
DH       test passed!
DSA      test passed!
PWDBASED test passed!
ECC      test passed!
ECC buffer test passed!
logging  test passed!
mutex    test passed!
memcb    test failed!
 error = -13803
[SGXSan] ALWAYS: Enter enc_wolfSSL_new
[SGXSan] ALWAYS: Enter enc_wolfSSL_CTX_new
[SGXSan] ALWAYS: Enter enc_wolfSSL_set_fd
[SGXSan] ALWAYS: Enter wc_benchmark_test
------------------------------------------------------------------------------
 wolfSSL version 5.1.0
------------------------------------------------------------------------------
wolfCrypt Benchmark (block bytes 1048576, min 1.0 sec each)
RNG                 15 MB took 1.160 seconds,   12.933 MB/s
AES-128-CBC-enc     35 MB took 1.099 seconds,   31.852 MB/s
AES-128-CBC-dec     30 MB took 1.011 seconds,   29.661 MB/s
AES-192-CBC-enc     30 MB took 1.074 seconds,   27.927 MB/s
AES-192-CBC-dec     30 MB took 1.175 seconds,   25.540 MB/s
AES-256-CBC-enc     25 MB took 1.003 seconds,   24.937 MB/s
AES-256-CBC-dec     25 MB took 1.076 seconds,   23.224 MB/s
AES-128-GCM-enc     25 MB took 1.072 seconds,   23.310 MB/s
AES-128-GCM-dec     25 MB took 1.077 seconds,   23.220 MB/s
AES-192-GCM-enc     25 MB took 1.218 seconds,   20.533 MB/s
AES-192-GCM-dec     25 MB took 1.199 seconds,   20.857 MB/s
AES-256-GCM-enc     20 MB took 1.046 seconds,   19.115 MB/s
AES-256-GCM-dec     20 MB took 1.048 seconds,   19.085 MB/s
GMAC Table 4-bit    67 MB took 1.005 seconds,   66.678 MB/s
RABBIT              90 MB took 1.017 seconds,   88.521 MB/s
3DES                10 MB took 1.105 seconds,    9.051 MB/s
MD5                300 MB took 1.008 seconds,  297.686 MB/s
SHA                125 MB took 1.016 seconds,  123.043 MB/s
SHA-256             35 MB took 1.160 seconds,   30.173 MB/s
HMAC-MD5           295 MB took 1.004 seconds,  293.736 MB/s
HMAC-SHA           130 MB took 1.033 seconds,  125.850 MB/s
HMAC-SHA256         35 MB took 1.149 seconds,   30.471 MB/s
PBKDF2               4 KB took 1.003 seconds,    3.644 KB/s
RSA     2048 public       1400 ops took 1.035 sec, avg 0.739 ms, 1352.815 ops/sec
RSA     2048 private       100 ops took 3.758 sec, avg 37.581 ms, 26.609 ops/sec
DH      2048 key gen        63 ops took 1.013 sec, avg 16.084 ms, 62.173 ops/sec
DH      2048 agree         100 ops took 1.591 sec, avg 15.914 ms, 62.838 ops/sec
ECC   [      SECP256R1]   256 key gen      1371 ops took 1.000 sec, avg 0.730 ms, 1370.645 ops/sec
ECDHE [      SECP256R1]   256 agree         900 ops took 1.019 sec, avg 1.132 ms, 883.452 ops/sec
ECDSA [      SECP256R1]   256 sign         1200 ops took 1.021 sec, avg 0.851 ms, 1175.649 ops/sec
ECDSA [      SECP256R1]   256 verify        900 ops took 1.072 sec, avg 1.192 ms, 839.267 ops/sec
Benchmark complete
[SGXSan] ALWAYS: Enter enc_wolfSSL_Init
[SGXSan] ALWAYS: Enter enc_wolfSSL_Cleanup
[SGXSan] ALWAYS: Enter enc_wolfSSL_CTX_free
[SGXSan] ALWAYS: Enter enc_wolfSSL_CTX_use_certificate_buffer
[SGXSan] ALWAYS: Enter enc_wolfTLSv1_2_client_method
[SGXSan] ALWAYS: Enter enc_wolfSSL_CTX_use_certificate_chain_buffer_format
[SGXSan] ALWAYS: Enter enc_wolfSSL_Debugging_OFF
[SGXSan] ALWAYS: Enter enc_wolfSSL_CTX_use_PrivateKey_buffer
[SGXSan] ALWAYS: Enter enc_wolfTLSv1_2_server_method
[SGXSan] ALWAYS: Enter enc_wolfSSL_read
[SGXSan] ALWAYS: Enter enc_wolfSSL_Debugging_ON
[SGXSan] ALWAYS: Enter enc_wolfSSL_get_error
[SGXSan] ALWAYS: Enter enc_wolfSSL_CTX_set_cipher_list
[SGXSan] ALWAYS: Enter enc_wolfSSL_connect
[SGXSan] ALWAYS: Enter enc_wolfSSL_write
[SGXSan] ALWAYS: Enter enc_wolfSSL_CTX_load_verify_buffer
[SGXSan] ALWAYS: Enter enc_wolfSSL_free
[SGXSan] ALWAYS: Enter wc_test
------------------------------------------------------------------------------
 wolfSSL version 5.1.0
------------------------------------------------------------------------------
error    test passed!
MEMORY   test passed!
base64   test passed!
asn      test passed!
RANDOM   test passed!
MD5      test passed!
MD4      test passed!
SHA      test passed!
SHA-256  test passed!
Hash     test passed!
HMAC-MD5 test passed!
HMAC-SHA test passed!
HMAC-SHA256 test passed!
GMAC     test passed!
HC-128   test passed!
Rabbit   test passed!
DES      test passed!
DES3     test passed!
AES      test passed!
AES192   test passed!
AES256   test passed!
AES-GCM  test passed!
RSA      test passed!
DH       test passed!
DSA      test passed!
PWDBASED test passed!
ECC      test passed!
ECC buffer test passed!
logging  test passed!
mutex    test passed!
memcb    test failed!
 error = -13803
[SGXSan] ALWAYS: Enter enc_wolfSSL_new
[SGXSan] ALWAYS: Enter enc_wolfSSL_CTX_new
[SGXSan] ALWAYS: Enter enc_wolfSSL_set_fd
[SGXSan] ALWAYS: Enter wc_benchmark_test
------------------------------------------------------------------------------
 wolfSSL version 5.1.0
------------------------------------------------------------------------------
wolfCrypt Benchmark (block bytes 1048576, min 1.0 sec each)
RNG                 15 MB took 1.160 seconds,   12.936 MB/s
AES-128-CBC-enc     35 MB took 1.077 seconds,   32.493 MB/s
AES-128-CBC-dec     35 MB took 1.161 seconds,   30.146 MB/s
AES-192-CBC-enc     30 MB took 1.099 seconds,   27.310 MB/s
AES-192-CBC-dec     30 MB took 1.151 seconds,   26.068 MB/s
AES-256-CBC-enc     25 MB took 1.018 seconds,   24.560 MB/s
AES-256-CBC-dec     25 MB took 1.092 seconds,   22.897 MB/s
AES-128-GCM-enc     25 MB took 1.071 seconds,   23.332 MB/s
AES-128-GCM-dec     25 MB took 1.068 seconds,   23.406 MB/s
AES-192-GCM-enc     20 MB took 1.001 seconds,   19.983 MB/s
AES-192-GCM-dec     25 MB took 1.207 seconds,   20.719 MB/s
AES-256-GCM-enc     20 MB took 1.039 seconds,   19.242 MB/s
AES-256-GCM-dec     20 MB took 1.033 seconds,   19.356 MB/s
GMAC Table 4-bit    67 MB took 1.007 seconds,   66.539 MB/s
RABBIT              90 MB took 1.036 seconds,   86.903 MB/s
3DES                10 MB took 1.119 seconds,    8.935 MB/s
MD5                300 MB took 1.010 seconds,  297.082 MB/s
SHA                130 MB took 1.030 seconds,  126.206 MB/s
SHA-256             30 MB took 1.013 seconds,   29.628 MB/s
HMAC-MD5           295 MB took 1.002 seconds,  294.476 MB/s
HMAC-SHA           125 MB took 1.007 seconds,  124.171 MB/s
HMAC-SHA256         35 MB took 1.160 seconds,   30.177 MB/s
PBKDF2               4 KB took 1.006 seconds,    3.727 KB/s
RSA     2048 public       1400 ops took 1.027 sec, avg 0.733 ms, 1363.854 ops/sec
RSA     2048 private       100 ops took 3.816 sec, avg 38.163 ms, 26.203 ops/sec
DH      2048 key gen        63 ops took 1.005 sec, avg 15.954 ms, 62.679 ops/sec
DH      2048 agree         100 ops took 1.594 sec, avg 15.938 ms, 62.744 ops/sec
ECC   [      SECP256R1]   256 key gen      1361 ops took 1.000 sec, avg 0.735 ms, 1360.641 ops/sec
ECDHE [      SECP256R1]   256 agree         900 ops took 1.040 sec, avg 1.156 ms, 865.405 ops/sec
ECDSA [      SECP256R1]   256 sign         1200 ops took 1.024 sec, avg 0.853 ms, 1171.977 ops/sec
ECDSA [      SECP256R1]   256 verify        900 ops took 1.057 sec, avg 1.174 ms, 851.825 ops/sec
Benchmark complete
[SGXSan] ALWAYS: Enter enc_wolfSSL_Init
[SGXSan] ALWAYS: Enter enc_wolfSSL_Cleanup
[SGXSan] ALWAYS: Enter enc_wolfSSL_CTX_free
[SGXSan] ALWAYS: Enter enc_wolfSSL_CTX_use_certificate_buffer
[SGXSan] ALWAYS: Enter enc_wolfTLSv1_2_client_method
[SGXSan] ALWAYS: Enter enc_wolfSSL_CTX_use_certificate_chain_buffer_format
[SGXSan] ALWAYS: Enter enc_wolfSSL_Debugging_OFF
[SGXSan] ALWAYS: Enter enc_wolfSSL_CTX_use_PrivateKey_buffer
[SGXSan] ALWAYS: Enter enc_wolfTLSv1_2_server_method
[SGXSan] ALWAYS: Enter enc_wolfSSL_read
[SGXSan] ALWAYS: Enter enc_wolfSSL_Debugging_ON
[SGXSan] ALWAYS: Enter enc_wolfSSL_get_error
[SGXSan] ALWAYS: Enter enc_wolfSSL_CTX_set_cipher_list
[SGXSan] ALWAYS: Enter enc_wolfSSL_connect
[SGXSan] ALWAYS: Enter enc_wolfSSL_write
[SGXSan] ALWAYS: Enter enc_wolfSSL_CTX_load_verify_buffer
[SGXSan] ALWAYS: Enter enc_wolfSSL_free
[SGXSan] ALWAYS: Enter wc_test
------------------------------------------------------------------------------
 wolfSSL version 5.1.0
------------------------------------------------------------------------------
error    test passed!
MEMORY   test passed!
base64   test passed!
asn      test passed!
RANDOM   test passed!
MD5      test passed!
MD4      test passed!
SHA      test passed!
SHA-256  test passed!
Hash     test passed!
HMAC-MD5 test passed!
HMAC-SHA test passed!
HMAC-SHA256 test passed!
GMAC     test passed!
HC-128   test passed!
Rabbit   test passed!
DES      test passed!
DES3     test passed!
AES      test passed!
AES192   test passed!
AES256   test passed!
AES-GCM  test passed!
RSA      test passed!
DH       test passed!
DSA      test passed!
PWDBASED test passed!
ECC      test passed!
ECC buffer test passed!
logging  test passed!
mutex    test passed!
memcb    test failed!
 error = -13803
[SGXSan] ALWAYS: Enter enc_wolfSSL_new
[SGXSan] ALWAYS: Enter enc_wolfSSL_CTX_new
[SGXSan] ALWAYS: Enter enc_wolfSSL_set_fd
[SGXSan] ALWAYS: Enter wc_benchmark_test
------------------------------------------------------------------------------
 wolfSSL version 5.1.0
------------------------------------------------------------------------------
wolfCrypt Benchmark (block bytes 1048576, min 1.0 sec each)
RNG                 15 MB took 1.174 seconds,   12.776 MB/s
AES-128-CBC-enc     35 MB took 1.089 seconds,   32.127 MB/s
AES-128-CBC-dec     30 MB took 1.005 seconds,   29.849 MB/s
AES-192-CBC-enc     30 MB took 1.079 seconds,   27.794 MB/s
AES-192-CBC-dec     30 MB took 1.186 seconds,   25.303 MB/s
AES-256-CBC-enc     25 MB took 1.038 seconds,   24.081 MB/s
AES-256-CBC-dec     25 MB took 1.070 seconds,   23.356 MB/s
AES-128-GCM-enc     25 MB took 1.066 seconds,   23.463 MB/s
AES-128-GCM-dec     25 MB took 1.066 seconds,   23.462 MB/s
AES-192-GCM-enc     25 MB took 1.197 seconds,   20.893 MB/s
AES-192-GCM-dec     25 MB took 1.212 seconds,   20.632 MB/s
AES-256-GCM-enc     20 MB took 1.042 seconds,   19.200 MB/s
AES-256-GCM-dec     20 MB took 1.047 seconds,   19.101 MB/s
GMAC Table 4-bit    68 MB took 1.010 seconds,   67.301 MB/s
RABBIT              90 MB took 1.012 seconds,   88.910 MB/s
3DES                10 MB took 1.125 seconds,    8.892 MB/s
MD5                300 MB took 1.012 seconds,  296.519 MB/s
SHA                125 MB took 1.004 seconds,  124.553 MB/s
SHA-256             35 MB took 1.159 seconds,   30.201 MB/s
HMAC-MD5           300 MB took 1.014 seconds,  295.878 MB/s
HMAC-SHA           125 MB took 1.012 seconds,  123.518 MB/s
HMAC-SHA256         35 MB took 1.158 seconds,   30.222 MB/s
PBKDF2               4 KB took 1.007 seconds,    3.663 KB/s
RSA     2048 public       1400 ops took 1.025 sec, avg 0.732 ms, 1365.197 ops/sec
RSA     2048 private       100 ops took 3.800 sec, avg 38.004 ms, 26.313 ops/sec
DH      2048 key gen        63 ops took 1.004 sec, avg 15.935 ms, 62.756 ops/sec
DH      2048 agree         100 ops took 1.582 sec, avg 15.823 ms, 63.198 ops/sec
ECC   [      SECP256R1]   256 key gen      1342 ops took 1.000 sec, avg 0.745 ms, 1341.748 ops/sec
ECDHE [      SECP256R1]   256 agree         900 ops took 1.014 sec, avg 1.127 ms, 887.395 ops/sec
ECDSA [      SECP256R1]   256 sign         1200 ops took 1.023 sec, avg 0.853 ms, 1172.473 ops/sec
ECDSA [      SECP256R1]   256 verify        900 ops took 1.067 sec, avg 1.186 ms, 843.190 ops/sec
Benchmark complete
[SGXSan] ALWAYS: Enter enc_wolfSSL_Init
#11	DONE   cov: 6299 ft: 6299 corp: 1/361Kb lim: 1000000 exec/s: 0 rss: 101Mb
Done 11 runs in 469 second(s)
stat::number_of_executed_units: 11
stat::average_exec_per_sec:     0
stat::new_units_added:          0
stat::slowest_unit_time_sec:    42
stat::peak_rss_mb:              101
