WARNING: Failed to find function "__sanitizer_acquire_crash_state".
WARNING: Failed to find function "__sanitizer_print_stack_trace".
WARNING: Failed to find function "__sanitizer_set_death_callback".
[2023-01-15 21:13:15.341] [Init] Num of ECall: 22
[2023-01-15 21:13:15.341] ECalls:
  0 - fuzz_enc_wolfSSL_CTX_free
  1 - fuzz_enc_wolfSSL_CTX_load_verify_buffer
  2 - fuzz_enc_wolfSSL_CTX_new
  3 - fuzz_enc_wolfSSL_CTX_set_cipher_list
  4 - fuzz_enc_wolfSSL_CTX_use_PrivateKey_buffer
  5 - fuzz_enc_wolfSSL_CTX_use_certificate_buffer
  6 - fuzz_enc_wolfSSL_CTX_use_certificate_chain_buffer_format
  7 - fuzz_enc_wolfSSL_Cleanup
  8 - fuzz_enc_wolfSSL_Debugging_OFF
  9 - fuzz_enc_wolfSSL_Debugging_ON
  10 - fuzz_enc_wolfSSL_Init
  11 - fuzz_enc_wolfSSL_connect
  12 - fuzz_enc_wolfSSL_free
  13 - fuzz_enc_wolfSSL_get_error
  14 - fuzz_enc_wolfSSL_new
  15 - fuzz_enc_wolfSSL_read
  16 - fuzz_enc_wolfSSL_set_fd
  17 - fuzz_enc_wolfSSL_write
  18 - fuzz_enc_wolfTLSv1_2_client_method
  19 - fuzz_enc_wolfTLSv1_2_server_method
  20 - fuzz_wc_benchmark_test
  21 - fuzz_wc_test

INFO: found LLVMFuzzerCustomMutator (0x44ac30). Disabling -len_control by default.
INFO: libFuzzer ignores flags that start with '--'
INFO: Running with entropic power schedule (0xFF, 100).
INFO: Seed: 1837986336
INFO: Loaded 1 modules   (291 inline 8-bit counters): 291 [0x4cb7e8, 0x4cb90b), 
INFO: Loaded 1 PC tables (291 PCs): 291 [0x4cb910,0x4ccb40), 
INFO:        0 files found in /tmp/libFuzzerTemp.FuzzWithFork422940.dir/C259
[SGXSan] ALWAYS: Hook __sanitizer_cov_8bit_counters_init of Enclave, 21636 inline 8-bit counts [0x7f5ff72fc9c0, 0x7f5ff7301e44) (First time)
[SGXSan] ALWAYS: Hook __sanitizer_cov_pcs_init of Enclave, 21636 PCs [0x7f5ff7301e48, 0x7f5ff7356688) (First time)
[SGXSan] ALWAYS: Enter enc_wolfSSL_CTX_free
[SGXSan] ALWAYS: Enter enc_wolfSSL_CTX_load_verify_buffer
[SGXSan] ALWAYS: Enter enc_wolfSSL_CTX_new
[SGXSan] ALWAYS: Enter enc_wolfSSL_CTX_set_cipher_list
[SGXSan] ALWAYS: Enter enc_wolfSSL_CTX_use_PrivateKey_buffer
[SGXSan] ALWAYS: Enter enc_wolfSSL_CTX_use_certificate_buffer
[SGXSan] ALWAYS: Enter enc_wolfSSL_CTX_use_certificate_chain_buffer_format
[SGXSan] ALWAYS: Enter enc_wolfSSL_Cleanup
[SGXSan] ALWAYS: Enter enc_wolfSSL_Debugging_OFF
[SGXSan] ALWAYS: Enter enc_wolfSSL_Debugging_ON
[SGXSan] ALWAYS: Enter enc_wolfSSL_Init
[SGXSan] ALWAYS: Enter enc_wolfSSL_connect
[SGXSan] ALWAYS: Enter enc_wolfSSL_free
[SGXSan] ALWAYS: Enter enc_wolfSSL_get_error
[SGXSan] ALWAYS: Enter enc_wolfSSL_new
[SGXSan] ALWAYS: Enter enc_wolfSSL_read
[SGXSan] ALWAYS: Enter enc_wolfSSL_set_fd
[SGXSan] ALWAYS: Enter enc_wolfSSL_write
[SGXSan] ALWAYS: Enter enc_wolfTLSv1_2_client_method
[SGXSan] ALWAYS: Enter enc_wolfTLSv1_2_server_method
[SGXSan] ALWAYS: Enter wc_benchmark_test
------------------------------------------------------------------------------
 wolfSSL version 5.1.0
------------------------------------------------------------------------------
wolfCrypt Benchmark (block bytes 1048576, min 1.0 sec each)
RNG                 15 MB took 1.171 seconds,   12.808 MB/s
AES-128-CBC-enc     35 MB took 1.088 seconds,   32.162 MB/s
AES-128-CBC-dec     30 MB took 1.003 seconds,   29.917 MB/s
AES-192-CBC-enc     30 MB took 1.071 seconds,   28.002 MB/s
AES-192-CBC-dec     30 MB took 1.151 seconds,   26.059 MB/s
AES-256-CBC-enc     25 MB took 1.022 seconds,   24.464 MB/s
AES-256-CBC-dec     25 MB took 1.065 seconds,   23.469 MB/s
AES-128-GCM-enc     25 MB took 1.067 seconds,   23.426 MB/s
AES-128-GCM-dec     25 MB took 1.069 seconds,   23.377 MB/s
AES-192-GCM-enc     25 MB took 1.209 seconds,   20.671 MB/s
AES-192-GCM-dec     25 MB took 1.223 seconds,   20.449 MB/s
AES-256-GCM-enc     20 MB took 1.046 seconds,   19.125 MB/s
AES-256-GCM-dec     20 MB took 1.092 seconds,   18.313 MB/s
GMAC Table 4-bit    67 MB took 1.004 seconds,   66.758 MB/s
RABBIT              90 MB took 1.016 seconds,   88.606 MB/s
3DES                10 MB took 1.123 seconds,    8.903 MB/s
MD5                300 MB took 1.002 seconds,  299.400 MB/s
SHA                125 MB took 1.031 seconds,  121.233 MB/s
SHA-256             35 MB took 1.156 seconds,   30.270 MB/s
HMAC-MD5           300 MB took 1.006 seconds,  298.212 MB/s
HMAC-SHA           130 MB took 1.039 seconds,  125.096 MB/s
HMAC-SHA256         35 MB took 1.156 seconds,   30.281 MB/s
PBKDF2               4 KB took 1.006 seconds,    3.698 KB/s
RSA     2048 public       1400 ops took 1.019 sec, avg 0.728 ms, 1373.384 ops/sec
RSA     2048 private       100 ops took 3.747 sec, avg 37.470 ms, 26.688 ops/sec
DH      2048 key gen        63 ops took 1.002 sec, avg 15.911 ms, 62.851 ops/sec
DH      2048 agree         100 ops took 1.573 sec, avg 15.732 ms, 63.566 ops/sec
ECC   [      SECP256R1]   256 key gen      1380 ops took 1.000 sec, avg 0.725 ms, 1379.385 ops/sec
ECDHE [      SECP256R1]   256 agree         900 ops took 1.030 sec, avg 1.145 ms, 873.528 ops/sec
ECDSA [      SECP256R1]   256 sign         1200 ops took 1.028 sec, avg 0.856 ms, 1167.798 ops/sec
ECDSA [      SECP256R1]   256 verify        900 ops took 1.080 sec, avg 1.200 ms, 833.656 ops/sec
Benchmark complete
[SGXSan] ALWAYS: Enter wc_test
INFO: seed corpus: files: 5 min: 370191b max: 390122b total: 1930679b rss: 43Mb
------------------------------------------------------------------------------
 wolfSSL version 5.1.0
------------------------------------------------------------------------------
error    test passed!
MEMORY   test passed!
base64   test passed!
asn      test passed!
RANDOM   test passed!
MD5      test passed!
MD4      test passed!
SHA      test passed!
SHA-256  test passed!
Hash     test passed!
HMAC-MD5 test passed!
HMAC-SHA test passed!
HMAC-SHA256 test passed!
GMAC     test passed!
HC-128   test passed!
Rabbit   test passed!
DES      test passed!
DES3     test passed!
AES      test passed!
AES192   test passed!
AES256   test passed!
AES-GCM  test passed!
RSA      test passed!
DH       test passed!
DSA      test passed!
PWDBASED test passed!
ECC      test passed!
ECC buffer test passed!
logging  test passed!
mutex    test passed!
memcb    test passed!
Test complete
[SGXSan] ALWAYS: Enter enc_wolfSSL_CTX_load_verify_buffer
[SGXSan] ALWAYS: Enter enc_wolfSSL_CTX_new
[SGXSan] ALWAYS: Enter enc_wolfSSL_CTX_free
[SGXSan] ALWAYS: Enter enc_wolfSSL_Debugging_ON
[SGXSan] ALWAYS: Enter wc_benchmark_test
------------------------------------------------------------------------------
 wolfSSL version 5.1.0
------------------------------------------------------------------------------
wolfCrypt Benchmark (block bytes 1048576, min 1.0 sec each)
RNG                 15 MB took 1.154 seconds,   13.004 MB/s
AES-128-CBC-enc     35 MB took 1.085 seconds,   32.249 MB/s
AES-128-CBC-dec     30 MB took 1.007 seconds,   29.789 MB/s
AES-192-CBC-enc     30 MB took 1.082 seconds,   27.729 MB/s
AES-192-CBC-dec     30 MB took 1.154 seconds,   25.988 MB/s
AES-256-CBC-enc     30 MB took 1.199 seconds,   25.021 MB/s
AES-256-CBC-dec     25 MB took 1.065 seconds,   23.478 MB/s
AES-128-GCM-enc     25 MB took 1.075 seconds,   23.253 MB/s
AES-128-GCM-dec     25 MB took 1.083 seconds,   23.092 MB/s
AES-192-GCM-enc     25 MB took 1.202 seconds,   20.804 MB/s
AES-192-GCM-dec     25 MB took 1.191 seconds,   20.984 MB/s
AES-256-GCM-enc     20 MB took 1.044 seconds,   19.157 MB/s
AES-256-GCM-dec     20 MB took 1.053 seconds,   18.995 MB/s
GMAC Table 4-bit    67 MB took 1.008 seconds,   66.443 MB/s
RABBIT              90 MB took 1.015 seconds,   88.665 MB/s
3DES                10 MB took 1.105 seconds,    9.046 MB/s
MD5                300 MB took 1.006 seconds,  298.212 MB/s
SHA                125 MB took 1.015 seconds,  123.138 MB/s
SHA-256             35 MB took 1.161 seconds,   30.146 MB/s
HMAC-MD5           300 MB took 1.015 seconds,  295.690 MB/s
HMAC-SHA           130 MB took 1.040 seconds,  125.029 MB/s
HMAC-SHA256         35 MB took 1.146 seconds,   30.533 MB/s
PBKDF2               4 KB took 1.009 seconds,    3.656 KB/s
RSA     2048 public       1400 ops took 1.058 sec, avg 0.756 ms, 1322.756 ops/sec
RSA     2048 private       100 ops took 3.755 sec, avg 37.551 ms, 26.631 ops/sec
DH      2048 key gen        62 ops took 1.016 sec, avg 16.384 ms, 61.037 ops/sec
DH      2048 agree         100 ops took 1.606 sec, avg 16.063 ms, 62.257 ops/sec
ECC   [      SECP256R1]   256 key gen      1346 ops took 1.001 sec, avg 0.743 ms, 1345.221 ops/sec
ECDHE [      SECP256R1]   256 agree         900 ops took 1.029 sec, avg 1.143 ms, 875.011 ops/sec
ECDSA [      SECP256R1]   256 sign         1200 ops took 1.035 sec, avg 0.863 ms, 1159.333 ops/sec
ECDSA [      SECP256R1]   256 verify        900 ops took 1.102 sec, avg 1.225 ms, 816.422 ops/sec
Benchmark complete
[SGXSan] ALWAYS: Enter enc_wolfTLSv1_2_server_method
[SGXSan] ALWAYS: Enter enc_wolfSSL_Debugging_OFF
[SGXSan] ALWAYS: Enter enc_wolfSSL_set_fd
[SGXSan] ALWAYS: Enter enc_wolfSSL_free
[SGXSan] ALWAYS: Enter enc_wolfSSL_Init
[SGXSan] ALWAYS: Enter enc_wolfTLSv1_2_client_method
[SGXSan] ALWAYS: Enter enc_wolfSSL_CTX_use_certificate_buffer
[SGXSan] ALWAYS: Enter enc_wolfSSL_Cleanup
[SGXSan] ALWAYS: Enter enc_wolfSSL_CTX_use_certificate_chain_buffer_format
[SGXSan] ALWAYS: Enter enc_wolfSSL_CTX_set_cipher_list
[SGXSan] ALWAYS: Enter enc_wolfSSL_get_error
[SGXSan] ALWAYS: Enter enc_wolfSSL_new
[SGXSan] ALWAYS: Enter enc_wolfSSL_read
[SGXSan] ALWAYS: Enter enc_wolfSSL_connect
[SGXSan] ALWAYS: Enter enc_wolfSSL_write
[SGXSan] ALWAYS: Enter enc_wolfSSL_CTX_use_PrivateKey_buffer
[SGXSan] ALWAYS: Enter wc_test
#2	pulse  ft: 6287 exec/s: 0 rss: 49Mb
Slowest unit: 42 s:
artifact_prefix='./crashes/'; Test unit written to ./crashes/slow-unit-96909ea58d2e80ea57583f4c55878b5a1d153797
------------------------------------------------------------------------------
 wolfSSL version 5.1.0
------------------------------------------------------------------------------
error    test passed!
MEMORY   test passed!
base64   test passed!
asn      test passed!
RANDOM   test passed!
MD5      test passed!
MD4      test passed!
SHA      test passed!
SHA-256  test passed!
Hash     test passed!
HMAC-MD5 test passed!
HMAC-SHA test passed!
HMAC-SHA256 test passed!
GMAC     test passed!
HC-128   test passed!
Rabbit   test passed!
DES      test passed!
DES3     test passed!
AES      test passed!
AES192   test passed!
AES256   test passed!
AES-GCM  test passed!
RSA      test passed!
DH       test passed!
DSA      test passed!
PWDBASED test passed!
ECC      test passed!
ECC buffer test passed!
logging  test passed!
mutex    test passed!
memcb    test failed!
 error = -13803
[SGXSan] ALWAYS: Enter enc_wolfSSL_get_error
[SGXSan] ALWAYS: Enter enc_wolfSSL_free
[SGXSan] ALWAYS: Enter enc_wolfSSL_CTX_free
[SGXSan] ALWAYS: Enter enc_wolfSSL_connect
[SGXSan] ALWAYS: Enter enc_wolfSSL_CTX_new
[SGXSan] ALWAYS: Enter enc_wolfTLSv1_2_client_method
[SGXSan] ALWAYS: Enter wc_benchmark_test
------------------------------------------------------------------------------
 wolfSSL version 5.1.0
------------------------------------------------------------------------------
wolfCrypt Benchmark (block bytes 1048576, min 1.0 sec each)
RNG                 15 MB took 1.178 seconds,   12.733 MB/s
AES-128-CBC-enc     35 MB took 1.097 seconds,   31.891 MB/s
AES-128-CBC-dec     30 MB took 1.010 seconds,   29.711 MB/s
AES-192-CBC-enc     30 MB took 1.096 seconds,   27.372 MB/s
AES-192-CBC-dec     30 MB took 1.184 seconds,   25.332 MB/s
AES-256-CBC-enc     25 MB took 1.019 seconds,   24.526 MB/s
AES-256-CBC-dec     25 MB took 1.085 seconds,   23.037 MB/s
AES-128-GCM-enc     25 MB took 1.081 seconds,   23.130 MB/s
AES-128-GCM-dec     25 MB took 1.086 seconds,   23.029 MB/s
AES-192-GCM-enc     20 MB took 1.001 seconds,   19.979 MB/s
AES-192-GCM-dec     25 MB took 1.222 seconds,   20.461 MB/s
AES-256-GCM-enc     20 MB took 1.093 seconds,   18.299 MB/s
AES-256-GCM-dec     20 MB took 1.049 seconds,   19.063 MB/s
GMAC Table 4-bit    67 MB took 1.011 seconds,   66.284 MB/s
RABBIT              90 MB took 1.046 seconds,   86.073 MB/s
3DES                10 MB took 1.124 seconds,    8.900 MB/s
MD5                290 MB took 1.001 seconds,  289.722 MB/s
SHA                125 MB took 1.015 seconds,  123.126 MB/s
SHA-256             30 MB took 1.003 seconds,   29.916 MB/s
HMAC-MD5           295 MB took 1.006 seconds,  293.141 MB/s
HMAC-SHA           125 MB took 1.030 seconds,  121.303 MB/s
HMAC-SHA256         35 MB took 1.163 seconds,   30.089 MB/s
PBKDF2               4 KB took 1.003 seconds,    3.582 KB/s
RSA     2048 public       1400 ops took 1.047 sec, avg 0.748 ms, 1337.206 ops/sec
RSA     2048 private       100 ops took 3.847 sec, avg 38.467 ms, 25.997 ops/sec
DH      2048 key gen        62 ops took 1.003 sec, avg 16.174 ms, 61.828 ops/sec
DH      2048 agree         100 ops took 1.610 sec, avg 16.101 ms, 62.108 ops/sec
ECC   [      SECP256R1]   256 key gen      1348 ops took 1.000 sec, avg 0.742 ms, 1347.598 ops/sec
ECDHE [      SECP256R1]   256 agree         900 ops took 1.052 sec, avg 1.169 ms, 855.530 ops/sec
ECDSA [      SECP256R1]   256 sign         1200 ops took 1.028 sec, avg 0.857 ms, 1167.018 ops/sec
ECDSA [      SECP256R1]   256 verify        900 ops took 1.079 sec, avg 1.198 ms, 834.442 ops/sec
Benchmark complete
[SGXSan] ALWAYS: Enter enc_wolfSSL_Init
[SGXSan] ALWAYS: Enter enc_wolfSSL_write
[SGXSan] ALWAYS: Enter enc_wolfTLSv1_2_server_method
[SGXSan] ALWAYS: Enter enc_wolfSSL_CTX_load_verify_buffer
[SGXSan] ALWAYS: Enter enc_wolfSSL_CTX_set_cipher_list
[SGXSan] ALWAYS: Enter enc_wolfSSL_CTX_use_PrivateKey_buffer
[SGXSan] ALWAYS: Enter enc_wolfSSL_read
[SGXSan] ALWAYS: Enter enc_wolfSSL_Cleanup
[SGXSan] ALWAYS: Enter enc_wolfSSL_CTX_use_certificate_chain_buffer_format
[SGXSan] ALWAYS: Enter wc_test
------------------------------------------------------------------------------
 wolfSSL version 5.1.0
------------------------------------------------------------------------------
error    test passed!
MEMORY   test passed!
base64   test passed!
asn      test passed!
RANDOM   test passed!
MD5      test passed!
MD4      test passed!
SHA      test passed!
SHA-256  test passed!
Hash     test passed!
HMAC-MD5 test passed!
HMAC-SHA test passed!
HMAC-SHA256 test passed!
GMAC     test passed!
HC-128   test passed!
Rabbit   test passed!
DES      test passed!
DES3     test passed!
AES      test passed!
AES192   test passed!
AES256   test passed!
AES-GCM  test passed!
RSA      test passed!
DH       test passed!
DSA      test passed!
PWDBASED test passed!
ECC      test passed!
ECC buffer test passed!
logging  test passed!
mutex    test passed!
memcb    test failed!
 error = -13803
[SGXSan] ALWAYS: Enter enc_wolfSSL_CTX_use_certificate_buffer
[SGXSan] ALWAYS: Enter enc_wolfSSL_Debugging_ON
[SGXSan] ALWAYS: Enter enc_wolfSSL_set_fd
[SGXSan] ALWAYS: Enter enc_wolfSSL_new
[SGXSan] ALWAYS: Enter enc_wolfSSL_Debugging_OFF
[SGXSan] ALWAYS: Enter enc_wolfSSL_free
[SGXSan] ALWAYS: Enter enc_wolfSSL_new
[SGXSan] ALWAYS: Enter enc_wolfSSL_write
[SGXSan] ALWAYS: Enter enc_wolfSSL_CTX_set_cipher_list
[SGXSan] ALWAYS: Enter enc_wolfSSL_Init
[SGXSan] ALWAYS: Enter wc_test
------------------------------------------------------------------------------
 wolfSSL version 5.1.0
------------------------------------------------------------------------------
error    test passed!
MEMORY   test passed!
base64   test passed!
asn      test passed!
RANDOM   test passed!
MD5      test passed!
MD4      test passed!
SHA      test passed!
SHA-256  test passed!
Hash     test passed!
HMAC-MD5 test passed!
HMAC-SHA test passed!
HMAC-SHA256 test passed!
GMAC     test passed!
HC-128   test passed!
Rabbit   test passed!
DES      test passed!
DES3     test passed!
AES      test passed!
AES192   test passed!
AES256   test passed!
AES-GCM  test passed!
RSA      test passed!
DH       test passed!
DSA      test passed!
PWDBASED test passed!
ECC      test passed!
ECC buffer test passed!
logging  test passed!
mutex    test passed!
memcb    test failed!
 error = -13803
[SGXSan] ALWAYS: Enter enc_wolfSSL_CTX_use_certificate_chain_buffer_format
[SGXSan] ALWAYS: Enter enc_wolfSSL_connect
[SGXSan] ALWAYS: Enter wc_benchmark_test
------------------------------------------------------------------------------
 wolfSSL version 5.1.0
------------------------------------------------------------------------------
wolfCrypt Benchmark (block bytes 1048576, min 1.0 sec each)
RNG                 15 MB took 1.154 seconds,   13.002 MB/s
AES-128-CBC-enc     35 MB took 1.099 seconds,   31.845 MB/s
AES-128-CBC-dec     30 MB took 1.001 seconds,   29.966 MB/s
AES-192-CBC-enc     30 MB took 1.087 seconds,   27.593 MB/s
AES-192-CBC-dec     30 MB took 1.143 seconds,   26.249 MB/s
AES-256-CBC-enc     30 MB took 1.197 seconds,   25.056 MB/s
AES-256-CBC-dec     25 MB took 1.078 seconds,   23.194 MB/s
AES-128-GCM-enc     25 MB took 1.068 seconds,   23.399 MB/s
AES-128-GCM-dec     25 MB took 1.073 seconds,   23.304 MB/s
AES-192-GCM-enc     25 MB took 1.199 seconds,   20.846 MB/s
AES-192-GCM-dec     25 MB took 1.193 seconds,   20.964 MB/s
AES-256-GCM-enc     20 MB took 1.053 seconds,   19.001 MB/s
AES-256-GCM-dec     20 MB took 1.047 seconds,   19.110 MB/s
GMAC Table 4-bit    68 MB took 1.012 seconds,   67.212 MB/s
RABBIT              90 MB took 1.011 seconds,   89.048 MB/s
3DES                10 MB took 1.114 seconds,    8.973 MB/s
MD5                295 MB took 1.010 seconds,  292.169 MB/s
SHA                125 MB took 1.001 seconds,  124.862 MB/s
SHA-256             35 MB took 1.161 seconds,   30.155 MB/s
HMAC-MD5           300 MB took 1.010 seconds,  297.024 MB/s
HMAC-SHA           130 MB took 1.036 seconds,  125.477 MB/s
HMAC-SHA256         30 MB took 1.010 seconds,   29.709 MB/s
PBKDF2               4 KB took 1.001 seconds,    3.686 KB/s
RSA     2048 public       1400 ops took 1.033 sec, avg 0.738 ms, 1355.363 ops/sec
RSA     2048 private       100 ops took 3.747 sec, avg 37.470 ms, 26.688 ops/sec
DH      2048 key gen        64 ops took 1.008 sec, avg 15.754 ms, 63.477 ops/sec
DH      2048 agree         100 ops took 1.566 sec, avg 15.657 ms, 63.869 ops/sec
ECC   [      SECP256R1]   256 key gen      1377 ops took 1.000 sec, avg 0.726 ms, 1376.900 ops/sec
ECDHE [      SECP256R1]   256 agree         900 ops took 1.022 sec, avg 1.135 ms, 880.919 ops/sec
ECDSA [      SECP256R1]   256 sign         1200 ops took 1.046 sec, avg 0.871 ms, 1147.469 ops/sec
ECDSA [      SECP256R1]   256 verify        900 ops took 1.069 sec, avg 1.188 ms, 841.693 ops/sec
Benchmark complete
[SGXSan] ALWAYS: Enter enc_wolfSSL_read
[SGXSan] ALWAYS: Enter enc_wolfSSL_set_fd
[SGXSan] ALWAYS: Enter enc_wolfSSL_CTX_use_certificate_buffer
[SGXSan] ALWAYS: Enter enc_wolfSSL_Debugging_OFF
[SGXSan] ALWAYS: Enter enc_wolfTLSv1_2_server_method
[SGXSan] ALWAYS: Enter enc_wolfSSL_get_error
[SGXSan] ALWAYS: Enter enc_wolfSSL_CTX_free
[SGXSan] ALWAYS: Enter enc_wolfSSL_CTX_load_verify_buffer
[SGXSan] ALWAYS: Enter enc_wolfTLSv1_2_client_method
[SGXSan] ALWAYS: Enter enc_wolfSSL_CTX_new
[SGXSan] ALWAYS: Enter enc_wolfSSL_Debugging_ON
[SGXSan] ALWAYS: Enter enc_wolfSSL_Cleanup
[SGXSan] ALWAYS: Enter enc_wolfSSL_CTX_use_PrivateKey_buffer
#4	pulse  cov: 6287 ft: 6288 corp: 1/361Kb exec/s: 0 rss: 63Mb
[SGXSan] ALWAYS: Enter wc_test
------------------------------------------------------------------------------
 wolfSSL version 5.1.0
------------------------------------------------------------------------------
error    test passed!
MEMORY   test passed!
base64   test passed!
asn      test passed!
RANDOM   test passed!
MD5      test passed!
MD4      test passed!
SHA      test passed!
SHA-256  test passed!
Hash     test passed!
HMAC-MD5 test passed!
HMAC-SHA test passed!
HMAC-SHA256 test passed!
GMAC     test passed!
HC-128   test passed!
Rabbit   test passed!
DES      test passed!
DES3     test passed!
AES      test passed!
AES192   test passed!
AES256   test passed!
AES-GCM  test passed!
RSA      test passed!
DH       test passed!
DSA      test passed!
PWDBASED test passed!
ECC      test passed!
ECC buffer test passed!
logging  test passed!
mutex    test passed!
memcb    test failed!
 error = -13803
[SGXSan] ALWAYS: Enter enc_wolfTLSv1_2_client_method
[SGXSan] ALWAYS: Enter enc_wolfSSL_CTX_set_cipher_list
[SGXSan] ALWAYS: Enter enc_wolfSSL_get_error
[SGXSan] ALWAYS: Enter enc_wolfSSL_Init
[SGXSan] ALWAYS: Enter enc_wolfSSL_CTX_load_verify_buffer
[SGXSan] ALWAYS: Enter enc_wolfSSL_free
[SGXSan] ALWAYS: Enter enc_wolfSSL_CTX_use_certificate_chain_buffer_format
[SGXSan] ALWAYS: Enter enc_wolfSSL_set_fd
[SGXSan] ALWAYS: Enter enc_wolfSSL_new
[SGXSan] ALWAYS: Enter enc_wolfSSL_Debugging_ON
[SGXSan] ALWAYS: Enter enc_wolfSSL_Debugging_OFF
[SGXSan] ALWAYS: Enter enc_wolfSSL_CTX_use_certificate_buffer
[SGXSan] ALWAYS: Enter enc_wolfTLSv1_2_server_method
[SGXSan] ALWAYS: Enter enc_wolfSSL_read
[SGXSan] ALWAYS: Enter enc_wolfSSL_connect
[SGXSan] ALWAYS: Enter enc_wolfSSL_write
[SGXSan] ALWAYS: Enter enc_wolfSSL_CTX_new
[SGXSan] ALWAYS: Enter enc_wolfSSL_CTX_free
[SGXSan] ALWAYS: Enter enc_wolfSSL_CTX_use_PrivateKey_buffer
[SGXSan] ALWAYS: Enter enc_wolfSSL_Cleanup
[SGXSan] ALWAYS: Enter wc_benchmark_test
------------------------------------------------------------------------------
 wolfSSL version 5.1.0
------------------------------------------------------------------------------
wolfCrypt Benchmark (block bytes 1048576, min 1.0 sec each)
RNG                 15 MB took 1.165 seconds,   12.878 MB/s
AES-128-CBC-enc     35 MB took 1.079 seconds,   32.448 MB/s
AES-128-CBC-dec     30 MB took 1.011 seconds,   29.667 MB/s
AES-192-CBC-enc     30 MB took 1.089 seconds,   27.559 MB/s
AES-192-CBC-dec     30 MB took 1.151 seconds,   26.066 MB/s
AES-256-CBC-enc     25 MB took 1.009 seconds,   24.778 MB/s
AES-256-CBC-dec     25 MB took 1.061 seconds,   23.573 MB/s
AES-128-GCM-enc     25 MB took 1.072 seconds,   23.317 MB/s
AES-128-GCM-dec     25 MB took 1.079 seconds,   23.179 MB/s
AES-192-GCM-enc     25 MB took 1.190 seconds,   21.011 MB/s
AES-192-GCM-dec     25 MB took 1.203 seconds,   20.783 MB/s
AES-256-GCM-enc     20 MB took 1.042 seconds,   19.186 MB/s
AES-256-GCM-dec     20 MB took 1.040 seconds,   19.239 MB/s
GMAC Table 4-bit    66 MB took 1.002 seconds,   65.894 MB/s
RABBIT              90 MB took 1.020 seconds,   88.246 MB/s
3DES                10 MB took 1.116 seconds,    8.958 MB/s
MD5                300 MB took 1.011 seconds,  296.737 MB/s
SHA                130 MB took 1.033 seconds,  125.870 MB/s
SHA-256             35 MB took 1.159 seconds,   30.198 MB/s
HMAC-MD5           295 MB took 1.010 seconds,  292.211 MB/s
HMAC-SHA           130 MB took 1.040 seconds,  124.969 MB/s
HMAC-SHA256         35 MB took 1.161 seconds,   30.155 MB/s
PBKDF2               4 KB took 1.000 seconds,    3.718 KB/s
RSA     2048 public       1400 ops took 1.029 sec, avg 0.735 ms, 1360.519 ops/sec
RSA     2048 private       100 ops took 3.792 sec, avg 37.919 ms, 26.372 ops/sec
DH      2048 key gen        64 ops took 1.009 sec, avg 15.763 ms, 63.442 ops/sec
DH      2048 agree         100 ops took 1.581 sec, avg 15.809 ms, 63.255 ops/sec
ECC   [      SECP256R1]   256 key gen      1368 ops took 1.000 sec, avg 0.731 ms, 1367.966 ops/sec
ECDHE [      SECP256R1]   256 agree         900 ops took 1.027 sec, avg 1.141 ms, 876.044 ops/sec
ECDSA [      SECP256R1]   256 sign         1200 ops took 1.027 sec, avg 0.856 ms, 1168.856 ops/sec
ECDSA [      SECP256R1]   256 verify        900 ops took 1.075 sec, avg 1.194 ms, 837.535 ops/sec
Benchmark complete
[SGXSan] ALWAYS: Enter enc_wolfSSL_Init
[SGXSan] ALWAYS: Enter enc_wolfSSL_Cleanup
[SGXSan] ALWAYS: Enter enc_wolfSSL_set_fd
[SGXSan] ALWAYS: Enter enc_wolfSSL_CTX_load_verify_buffer
[SGXSan] ALWAYS: Enter enc_wolfSSL_Debugging_ON
[SGXSan] ALWAYS: Enter wc_benchmark_test
------------------------------------------------------------------------------
 wolfSSL version 5.1.0
------------------------------------------------------------------------------
wolfCrypt Benchmark (block bytes 1048576, min 1.0 sec each)
RNG                 15 MB took 1.155 seconds,   12.986 MB/s
AES-128-CBC-enc     35 MB took 1.099 seconds,   31.838 MB/s
AES-128-CBC-dec     30 MB took 1.005 seconds,   29.856 MB/s
AES-192-CBC-enc     30 MB took 1.086 seconds,   27.612 MB/s
AES-192-CBC-dec     30 MB took 1.142 seconds,   26.264 MB/s
AES-256-CBC-enc     30 MB took 1.194 seconds,   25.132 MB/s
AES-256-CBC-dec     25 MB took 1.079 seconds,   23.173 MB/s
AES-128-GCM-enc     25 MB took 1.079 seconds,   23.162 MB/s
AES-128-GCM-dec     25 MB took 1.068 seconds,   23.399 MB/s
AES-192-GCM-enc     25 MB took 1.188 seconds,   21.038 MB/s
AES-192-GCM-dec     25 MB took 1.202 seconds,   20.790 MB/s
AES-256-GCM-enc     20 MB took 1.053 seconds,   18.988 MB/s
AES-256-GCM-dec     20 MB took 1.067 seconds,   18.746 MB/s
GMAC Table 4-bit    67 MB took 1.001 seconds,   66.957 MB/s
RABBIT              90 MB took 1.007 seconds,   89.407 MB/s
3DES                10 MB took 1.111 seconds,    9.005 MB/s
MD5                295 MB took 1.003 seconds,  294.054 MB/s
SHA                125 MB took 1.002 seconds,  124.766 MB/s
SHA-256             35 MB took 1.162 seconds,   30.112 MB/s
HMAC-MD5           300 MB took 1.014 seconds,  295.917 MB/s
HMAC-SHA           130 MB took 1.039 seconds,  125.075 MB/s
HMAC-SHA256         30 MB took 1.003 seconds,   29.910 MB/s
PBKDF2               4 KB took 1.002 seconds,    3.713 KB/s
RSA     2048 public       1400 ops took 1.029 sec, avg 0.735 ms, 1360.580 ops/sec
RSA     2048 private       100 ops took 3.750 sec, avg 37.497 ms, 26.669 ops/sec
DH      2048 key gen        64 ops took 1.011 sec, avg 15.799 ms, 63.295 ops/sec
DH      2048 agree         100 ops took 1.572 sec, avg 15.722 ms, 63.606 ops/sec
ECC   [      SECP256R1]   256 key gen      1384 ops took 1.000 sec, avg 0.723 ms, 1383.871 ops/sec
ECDHE [      SECP256R1]   256 agree         900 ops took 1.024 sec, avg 1.137 ms, 879.274 ops/sec
ECDSA [      SECP256R1]   256 sign         1200 ops took 1.021 sec, avg 0.851 ms, 1175.223 ops/sec
ECDSA [      SECP256R1]   256 verify        900 ops took 1.080 sec, avg 1.200 ms, 833.132 ops/sec
Benchmark complete
[SGXSan] ALWAYS: Enter enc_wolfSSL_new
[SGXSan] ALWAYS: Enter enc_wolfSSL_free
[SGXSan] ALWAYS: Enter enc_wolfSSL_CTX_use_certificate_buffer
[SGXSan] ALWAYS: Enter enc_wolfSSL_connect
[SGXSan] ALWAYS: Enter enc_wolfTLSv1_2_server_method
[SGXSan] ALWAYS: Enter enc_wolfSSL_CTX_use_certificate_chain_buffer_format
[SGXSan] ALWAYS: Enter enc_wolfSSL_Debugging_OFF
[SGXSan] ALWAYS: Enter wc_test
------------------------------------------------------------------------------
 wolfSSL version 5.1.0
------------------------------------------------------------------------------
error    test passed!
MEMORY   test passed!
base64   test passed!
asn      test passed!
RANDOM   test passed!
MD5      test passed!
MD4      test passed!
SHA      test passed!
SHA-256  test passed!
Hash     test passed!
HMAC-MD5 test passed!
HMAC-SHA test passed!
HMAC-SHA256 test passed!
GMAC     test passed!
HC-128   test passed!
Rabbit   test passed!
DES      test passed!
DES3     test passed!
AES      test passed!
AES192   test passed!
AES256   test passed!
AES-GCM  test passed!
RSA      test passed!
DH       test passed!
DSA      test passed!
PWDBASED test passed!
ECC      test passed!
ECC buffer test passed!
logging  test passed!
mutex    test passed!
memcb    test failed!
 error = -13803
[SGXSan] ALWAYS: Enter enc_wolfSSL_write
[SGXSan] ALWAYS: Enter enc_wolfSSL_get_error
[SGXSan] ALWAYS: Enter enc_wolfTLSv1_2_client_method
[SGXSan] ALWAYS: Enter enc_wolfSSL_CTX_set_cipher_list
[SGXSan] ALWAYS: Enter enc_wolfSSL_CTX_free
[SGXSan] ALWAYS: Enter enc_wolfSSL_CTX_use_PrivateKey_buffer
[SGXSan] ALWAYS: Enter enc_wolfSSL_read
[SGXSan] ALWAYS: Enter enc_wolfSSL_CTX_new
#6	INITED cov: 6288 ft: 6288 corp: 2/742Kb exec/s: 0 rss: 76Mb
[SGXSan] ALWAYS: Enter enc_wolfSSL_CTX_use_certificate_buffer
[SGXSan] ALWAYS: Enter enc_wolfSSL_new
[SGXSan] ALWAYS: Enter enc_wolfSSL_Debugging_OFF
[SGXSan] ALWAYS: Enter wc_test
------------------------------------------------------------------------------
 wolfSSL version 5.1.0
------------------------------------------------------------------------------
error    test passed!
MEMORY   test passed!
base64   test passed!
asn      test passed!
RANDOM   test passed!
MD5      test passed!
MD4      test passed!
SHA      test passed!
SHA-256  test passed!
Hash     test passed!
HMAC-MD5 test passed!
HMAC-SHA test passed!
HMAC-SHA256 test passed!
GMAC     test passed!
HC-128   test passed!
Rabbit   test passed!
DES      test passed!
DES3     test passed!
AES      test passed!
AES192   test passed!
AES256   test passed!
AES-GCM  test passed!
RSA      test passed!
DH       test passed!
DSA      test passed!
PWDBASED test passed!
ECC      test passed!
ECC buffer test passed!
logging  test passed!
mutex    test passed!
memcb    test failed!
 error = -13803
[SGXSan] ALWAYS: Enter enc_wolfSSL_Cleanup
[SGXSan] ALWAYS: Enter enc_wolfSSL_CTX_use_PrivateKey_buffer
[SGXSan] ALWAYS: Enter enc_wolfSSL_Init
[SGXSan] ALWAYS: Enter enc_wolfSSL_CTX_load_verify_buffer
[SGXSan] ALWAYS: Enter enc_wolfSSL_CTX_set_cipher_list
[SGXSan] ALWAYS: Enter enc_wolfSSL_Debugging_ON
[SGXSan] ALWAYS: Enter enc_wolfSSL_CTX_new
[SGXSan] ALWAYS: Enter enc_wolfSSL_write
[SGXSan] ALWAYS: Enter enc_wolfSSL_set_fd
[SGXSan] ALWAYS: Enter enc_wolfSSL_connect
[SGXSan] ALWAYS: Enter enc_wolfSSL_get_error
[SGXSan] ALWAYS: Enter enc_wolfSSL_read
[SGXSan] ALWAYS: Enter enc_wolfSSL_CTX_free
[SGXSan] ALWAYS: Enter enc_wolfSSL_CTX_use_certificate_chain_buffer_format
[SGXSan] ALWAYS: Enter enc_wolfTLSv1_2_client_method
[SGXSan] ALWAYS: Enter wc_benchmark_test
------------------------------------------------------------------------------
 wolfSSL version 5.1.0
------------------------------------------------------------------------------
wolfCrypt Benchmark (block bytes 1048576, min 1.0 sec each)
RNG                 15 MB took 1.153 seconds,   13.008 MB/s
AES-128-CBC-enc     35 MB took 1.091 seconds,   32.079 MB/s
AES-128-CBC-dec     30 MB took 1.000 seconds,   29.996 MB/s
AES-192-CBC-enc     30 MB took 1.088 seconds,   27.569 MB/s
AES-192-CBC-dec     30 MB took 1.146 seconds,   26.187 MB/s
AES-256-CBC-enc     30 MB took 1.190 seconds,   25.216 MB/s
AES-256-CBC-dec     25 MB took 1.072 seconds,   23.312 MB/s
AES-128-GCM-enc     25 MB took 1.063 seconds,   23.509 MB/s
AES-128-GCM-dec     25 MB took 1.077 seconds,   23.206 MB/s
AES-192-GCM-enc     25 MB took 1.194 seconds,   20.939 MB/s
AES-192-GCM-dec     25 MB took 1.200 seconds,   20.828 MB/s
AES-256-GCM-enc     20 MB took 1.053 seconds,   18.989 MB/s
AES-256-GCM-dec     20 MB took 1.039 seconds,   19.253 MB/s
GMAC Table 4-bit    67 MB took 1.005 seconds,   66.697 MB/s
RABBIT              90 MB took 1.007 seconds,   89.330 MB/s
3DES                10 MB took 1.104 seconds,    9.060 MB/s
MD5                295 MB took 1.002 seconds,  294.347 MB/s
SHA                125 MB took 1.010 seconds,  123.723 MB/s
SHA-256             35 MB took 1.164 seconds,   30.073 MB/s
HMAC-MD5           300 MB took 1.016 seconds,  295.304 MB/s
HMAC-SHA           130 MB took 1.038 seconds,  125.195 MB/s
HMAC-SHA256         35 MB took 1.162 seconds,   30.108 MB/s
PBKDF2               4 KB took 1.000 seconds,    3.655 KB/s
RSA     2048 public       1400 ops took 1.029 sec, avg 0.735 ms, 1360.871 ops/sec
RSA     2048 private       100 ops took 3.753 sec, avg 37.526 ms, 26.649 ops/sec
DH      2048 key gen        63 ops took 1.011 sec, avg 16.052 ms, 62.298 ops/sec
DH      2048 agree         100 ops took 1.584 sec, avg 15.838 ms, 63.138 ops/sec
ECC   [      SECP256R1]   256 key gen      1368 ops took 1.000 sec, avg 0.731 ms, 1367.477 ops/sec
ECDHE [      SECP256R1]   256 agree         900 ops took 1.009 sec, avg 1.121 ms, 891.870 ops/sec
ECDSA [      SECP256R1]   256 sign         1200 ops took 1.036 sec, avg 0.863 ms, 1158.202 ops/sec
ECDSA [      SECP256R1]   256 verify        900 ops took 1.071 sec, avg 1.190 ms, 840.202 ops/sec
Benchmark complete
[SGXSan] ALWAYS: Enter enc_wolfSSL_free
[SGXSan] ALWAYS: Enter enc_wolfTLSv1_2_server_method
[SGXSan] ALWAYS: Enter enc_wolfSSL_free
[SGXSan] ALWAYS: Enter enc_wolfTLSv1_2_server_method
[SGXSan] ALWAYS: Enter enc_wolfSSL_Debugging_ON
[SGXSan] ALWAYS: Enter enc_wolfSSL_CTX_use_certificate_chain_buffer_format
[SGXSan] ALWAYS: Enter wc_test
------------------------------------------------------------------------------
 wolfSSL version 5.1.0
------------------------------------------------------------------------------
error    test passed!
MEMORY   test passed!
base64   test passed!
asn      test passed!
RANDOM   test passed!
MD5      test passed!
MD4      test passed!
SHA      test passed!
SHA-256  test passed!
Hash     test passed!
HMAC-MD5 test passed!
HMAC-SHA test passed!
HMAC-SHA256 test passed!
GMAC     test passed!
HC-128   test passed!
Rabbit   test passed!
DES      test passed!
DES3     test passed!
AES      test passed!
AES192   test passed!
AES256   test passed!
AES-GCM  test passed!
RSA      test passed!
DH       test passed!
DSA      test passed!
PWDBASED test passed!
ECC      test passed!
ECC buffer test passed!
logging  test passed!
mutex    test passed!
memcb    test failed!
 error = -13803
[SGXSan] ALWAYS: Enter enc_wolfSSL_CTX_use_certificate_buffer
[SGXSan] ALWAYS: Enter enc_wolfSSL_connect
[SGXSan] ALWAYS: Enter enc_wolfSSL_Debugging_OFF
[SGXSan] ALWAYS: Enter enc_wolfSSL_read
[SGXSan] ALWAYS: Enter enc_wolfTLSv1_2_client_method
[SGXSan] ALWAYS: Enter enc_wolfSSL_CTX_new
[SGXSan] ALWAYS: Enter enc_wolfSSL_Cleanup
[SGXSan] ALWAYS: Enter enc_wolfSSL_write
[SGXSan] ALWAYS: Enter enc_wolfSSL_CTX_set_cipher_list
[SGXSan] ALWAYS: Enter enc_wolfSSL_set_fd
[SGXSan] ALWAYS: Enter wc_benchmark_test
------------------------------------------------------------------------------
 wolfSSL version 5.1.0
------------------------------------------------------------------------------
wolfCrypt Benchmark (block bytes 1048576, min 1.0 sec each)
RNG                 15 MB took 1.170 seconds,   12.819 MB/s
AES-128-CBC-enc     35 MB took 1.079 seconds,   32.430 MB/s
AES-128-CBC-dec     35 MB took 1.166 seconds,   30.021 MB/s
AES-192-CBC-enc     30 MB took 1.092 seconds,   27.482 MB/s
AES-192-CBC-dec     30 MB took 1.156 seconds,   25.943 MB/s
AES-256-CBC-enc     25 MB took 1.011 seconds,   24.735 MB/s
AES-256-CBC-dec     25 MB took 1.061 seconds,   23.562 MB/s
AES-128-GCM-enc     25 MB took 1.066 seconds,   23.458 MB/s
AES-128-GCM-dec     25 MB took 1.080 seconds,   23.152 MB/s
AES-192-GCM-enc     25 MB took 1.207 seconds,   20.721 MB/s
AES-192-GCM-dec     25 MB took 1.203 seconds,   20.790 MB/s
AES-256-GCM-enc     20 MB took 1.036 seconds,   19.301 MB/s
AES-256-GCM-dec     20 MB took 1.040 seconds,   19.228 MB/s
GMAC Table 4-bit    66 MB took 1.000 seconds,   65.996 MB/s
RABBIT              90 MB took 1.019 seconds,   88.358 MB/s
3DES                10 MB took 1.115 seconds,    8.968 MB/s
MD5                300 MB took 1.009 seconds,  297.238 MB/s
SHA                130 MB took 1.035 seconds,  125.635 MB/s
SHA-256             30 MB took 1.006 seconds,   29.836 MB/s
HMAC-MD5           300 MB took 1.015 seconds,  295.651 MB/s
HMAC-SHA           125 MB took 1.009 seconds,  123.830 MB/s
HMAC-SHA256         35 MB took 1.154 seconds,   30.332 MB/s
PBKDF2               4 KB took 1.002 seconds,    3.710 KB/s
RSA     2048 public       1400 ops took 1.044 sec, avg 0.746 ms, 1340.710 ops/sec
RSA     2048 private       100 ops took 3.747 sec, avg 37.469 ms, 26.689 ops/sec
DH      2048 key gen        64 ops took 1.007 sec, avg 15.740 ms, 63.533 ops/sec
DH      2048 agree         100 ops took 1.584 sec, avg 15.842 ms, 63.124 ops/sec
ECC   [      SECP256R1]   256 key gen      1366 ops took 1.000 sec, avg 0.732 ms, 1365.478 ops/sec
ECDHE [      SECP256R1]   256 agree         900 ops took 1.013 sec, avg 1.125 ms, 888.603 ops/sec
ECDSA [      SECP256R1]   256 sign         1200 ops took 1.026 sec, avg 0.855 ms, 1169.247 ops/sec
ECDSA [      SECP256R1]   256 verify        900 ops took 1.064 sec, avg 1.183 ms, 845.633 ops/sec
Benchmark complete
[SGXSan] ALWAYS: Enter enc_wolfSSL_CTX_free
[SGXSan] ALWAYS: Enter enc_wolfSSL_CTX_load_verify_buffer
[SGXSan] ALWAYS: Enter enc_wolfSSL_Init
[SGXSan] ALWAYS: Enter enc_wolfSSL_get_error
[SGXSan] ALWAYS: Enter enc_wolfSSL_CTX_use_PrivateKey_buffer
[SGXSan] ALWAYS: Enter enc_wolfSSL_new
#8	pulse  cov: 6288 ft: 6288 corp: 2/742Kb lim: 1000000 exec/s: 0 rss: 87Mb
[SGXSan] ALWAYS: Enter enc_wolfSSL_free
[SGXSan] ALWAYS: Enter enc_wolfTLSv1_2_server_method
[SGXSan] ALWAYS: Enter enc_wolfSSL_Debugging_ON
[SGXSan] ALWAYS: Enter enc_wolfSSL_CTX_use_certificate_chain_buffer_format
[SGXSan] ALWAYS: Enter wc_test
------------------------------------------------------------------------------
 wolfSSL version 5.1.0
------------------------------------------------------------------------------
error    test passed!
MEMORY   test passed!
base64   test passed!
asn      test passed!
RANDOM   test passed!
MD5      test passed!
MD4      test passed!
SHA      test passed!
SHA-256  test passed!
Hash     test passed!
HMAC-MD5 test passed!
HMAC-SHA test passed!
HMAC-SHA256 test passed!
GMAC     test passed!
HC-128   test passed!
Rabbit   test passed!
DES      test passed!
DES3     test passed!
AES      test passed!
AES192   test passed!
AES256   test passed!
AES-GCM  test passed!
RSA      test passed!
DH       test passed!
DSA      test passed!
PWDBASED test passed!
ECC      test passed!
ECC buffer test passed!
logging  test passed!
mutex    test passed!
memcb    test failed!
 error = -13803
[SGXSan] ALWAYS: Enter enc_wolfSSL_CTX_use_certificate_buffer
[SGXSan] ALWAYS: Enter enc_wolfSSL_connect
[SGXSan] ALWAYS: Enter enc_wolfSSL_Debugging_OFF
[SGXSan] ALWAYS: Enter enc_wolfSSL_read
[SGXSan] ALWAYS: Enter enc_wolfTLSv1_2_client_method
[SGXSan] ALWAYS: Enter enc_wolfSSL_CTX_new
[SGXSan] ALWAYS: Enter enc_wolfSSL_Cleanup
[SGXSan] ALWAYS: Enter enc_wolfSSL_write
[SGXSan] ALWAYS: Enter enc_wolfSSL_CTX_set_cipher_list
[SGXSan] ALWAYS: Enter enc_wolfSSL_set_fd
[SGXSan] ALWAYS: Enter wc_benchmark_test
------------------------------------------------------------------------------
 wolfSSL version 5.1.0
------------------------------------------------------------------------------
wolfCrypt Benchmark (block bytes 1048576, min 1.0 sec each)
RNG                 15 MB took 1.148 seconds,   13.063 MB/s
AES-128-CBC-enc     35 MB took 1.083 seconds,   32.332 MB/s
AES-128-CBC-dec     35 MB took 1.162 seconds,   30.114 MB/s
AES-192-CBC-enc     30 MB took 1.080 seconds,   27.774 MB/s
AES-192-CBC-dec     30 MB took 1.158 seconds,   25.907 MB/s
AES-256-CBC-enc     25 MB took 1.011 seconds,   24.721 MB/s
AES-256-CBC-dec     25 MB took 1.065 seconds,   23.478 MB/s
AES-128-GCM-enc     25 MB took 1.073 seconds,   23.299 MB/s
AES-128-GCM-dec     25 MB took 1.070 seconds,   23.370 MB/s
AES-192-GCM-enc     25 MB took 1.197 seconds,   20.883 MB/s
AES-192-GCM-dec     25 MB took 1.199 seconds,   20.859 MB/s
AES-256-GCM-enc     20 MB took 1.044 seconds,   19.149 MB/s
AES-256-GCM-dec     20 MB took 1.045 seconds,   19.148 MB/s
GMAC Table 4-bit    68 MB took 1.013 seconds,   67.140 MB/s
RABBIT              90 MB took 1.015 seconds,   88.688 MB/s
3DES                10 MB took 1.118 seconds,    8.946 MB/s
MD5                300 MB took 1.012 seconds,  296.434 MB/s
SHA                130 MB took 1.040 seconds,  125.008 MB/s
SHA-256             35 MB took 1.159 seconds,   30.206 MB/s
HMAC-MD5           300 MB took 1.005 seconds,  298.396 MB/s
HMAC-SHA           125 MB took 1.010 seconds,  123.796 MB/s
HMAC-SHA256         35 MB took 1.153 seconds,   30.351 MB/s
PBKDF2               4 KB took 1.003 seconds,    3.706 KB/s
RSA     2048 public       1400 ops took 1.017 sec, avg 0.726 ms, 1376.966 ops/sec
RSA     2048 private       100 ops took 3.745 sec, avg 37.449 ms, 26.703 ops/sec
DH      2048 key gen        64 ops took 1.008 sec, avg 15.743 ms, 63.520 ops/sec
DH      2048 agree         100 ops took 1.583 sec, avg 15.826 ms, 63.186 ops/sec
ECC   [      SECP256R1]   256 key gen      1358 ops took 1.000 sec, avg 0.737 ms, 1357.479 ops/sec
ECDHE [      SECP256R1]   256 agree         900 ops took 1.015 sec, avg 1.128 ms, 886.535 ops/sec
ECDSA [      SECP256R1]   256 sign         1200 ops took 1.034 sec, avg 0.861 ms, 1160.967 ops/sec
ECDSA [      SECP256R1]   256 verify        900 ops took 1.075 sec, avg 1.194 ms, 837.240 ops/sec
Benchmark complete
[SGXSan] ALWAYS: Enter enc_wolfSSL_CTX_free
[SGXSan] ALWAYS: Enter enc_wolfSSL_CTX_load_verify_buffer
[SGXSan] ALWAYS: Enter enc_wolfSSL_Init
[SGXSan] ALWAYS: Enter enc_wolfSSL_get_error
[SGXSan] ALWAYS: Enter enc_wolfSSL_CTX_use_PrivateKey_buffer
[SGXSan] ALWAYS: Enter enc_wolfSSL_new
[SGXSan] ALWAYS: Enter enc_wolfSSL_free
[SGXSan] ALWAYS: Enter enc_wolfTLSv1_2_server_method
[SGXSan] ALWAYS: Enter enc_wolfSSL_Debugging_ON
[SGXSan] ALWAYS: Enter enc_wolfSSL_CTX_use_certificate_chain_buffer_format
[SGXSan] ALWAYS: Enter wc_test
------------------------------------------------------------------------------
 wolfSSL version 5.1.0
------------------------------------------------------------------------------
error    test passed!
MEMORY   test passed!
base64   test passed!
asn      test passed!
RANDOM   test passed!
MD5      test passed!
MD4      test passed!
SHA      test passed!
SHA-256  test passed!
Hash     test passed!
HMAC-MD5 test passed!
HMAC-SHA test passed!
HMAC-SHA256 test passed!
GMAC     test passed!
HC-128   test passed!
Rabbit   test passed!
DES      test passed!
DES3     test passed!
AES      test passed!
AES192   test passed!
AES256   test passed!
AES-GCM  test passed!
RSA      test passed!
DH       test passed!
DSA      test passed!
PWDBASED test passed!
ECC      test passed!
ECC buffer test passed!
logging  test passed!
mutex    test passed!
memcb    test failed!
 error = -13803
[SGXSan] ALWAYS: Enter enc_wolfSSL_CTX_use_certificate_buffer
[SGXSan] ALWAYS: Enter enc_wolfSSL_connect
[SGXSan] ALWAYS: Enter enc_wolfSSL_Debugging_OFF
[SGXSan] ALWAYS: Enter enc_wolfSSL_read
[SGXSan] ALWAYS: Enter enc_wolfTLSv1_2_client_method
[SGXSan] ALWAYS: Enter enc_wolfSSL_CTX_new
[SGXSan] ALWAYS: Enter enc_wolfSSL_Cleanup
[SGXSan] ALWAYS: Enter enc_wolfSSL_write
[SGXSan] ALWAYS: Enter enc_wolfSSL_CTX_set_cipher_list
[SGXSan] ALWAYS: Enter enc_wolfSSL_set_fd
[SGXSan] ALWAYS: Enter wc_benchmark_test
------------------------------------------------------------------------------
 wolfSSL version 5.1.0
------------------------------------------------------------------------------
wolfCrypt Benchmark (block bytes 1048576, min 1.0 sec each)
RNG                 15 MB took 1.156 seconds,   12.970 MB/s
AES-128-CBC-enc     35 MB took 1.090 seconds,   32.120 MB/s
AES-128-CBC-dec     30 MB took 1.002 seconds,   29.928 MB/s
AES-192-CBC-enc     25 MB took 1.043 seconds,   23.962 MB/s
AES-192-CBC-dec     30 MB took 1.165 seconds,   25.744 MB/s
AES-256-CBC-enc     25 MB took 1.020 seconds,   24.520 MB/s
AES-256-CBC-dec     25 MB took 1.097 seconds,   22.792 MB/s
AES-128-GCM-enc     25 MB took 1.088 seconds,   22.973 MB/s
AES-128-GCM-dec     25 MB took 1.124 seconds,   22.249 MB/s
AES-192-GCM-enc     25 MB took 1.206 seconds,   20.723 MB/s
AES-192-GCM-dec     25 MB took 1.214 seconds,   20.592 MB/s
AES-256-GCM-enc     20 MB took 1.079 seconds,   18.529 MB/s
AES-256-GCM-dec     20 MB took 1.060 seconds,   18.866 MB/s
GMAC Table 4-bit    67 MB took 1.012 seconds,   66.221 MB/s
RABBIT              90 MB took 1.030 seconds,   87.389 MB/s
3DES                10 MB took 1.128 seconds,    8.862 MB/s
MD5                290 MB took 1.001 seconds,  289.817 MB/s
SHA                125 MB took 1.014 seconds,  123.298 MB/s
SHA-256             30 MB took 1.014 seconds,   29.581 MB/s
HMAC-MD5           295 MB took 1.007 seconds,  293.028 MB/s
HMAC-SHA           125 MB took 1.014 seconds,  123.241 MB/s
HMAC-SHA256         30 MB took 1.003 seconds,   29.914 MB/s
PBKDF2               4 KB took 1.008 seconds,    3.595 KB/s
RSA     2048 public       1400 ops took 1.046 sec, avg 0.747 ms, 1338.719 ops/sec
RSA     2048 private       100 ops took 3.838 sec, avg 38.377 ms, 26.057 ops/sec
DH      2048 key gen        62 ops took 1.013 sec, avg 16.338 ms, 61.206 ops/sec
DH      2048 agree         100 ops took 1.620 sec, avg 16.199 ms, 61.731 ops/sec
ECC   [      SECP256R1]   256 key gen      1353 ops took 1.000 sec, avg 0.739 ms, 1352.834 ops/sec
ECDHE [      SECP256R1]   256 agree         900 ops took 1.026 sec, avg 1.140 ms, 877.124 ops/sec
ECDSA [      SECP256R1]   256 sign         1200 ops took 1.048 sec, avg 0.874 ms, 1144.778 ops/sec
ECDSA [      SECP256R1]   256 verify        900 ops took 1.104 sec, avg 1.227 ms, 815.187 ops/sec
Benchmark complete
[SGXSan] ALWAYS: Enter enc_wolfSSL_CTX_free
[SGXSan] ALWAYS: Enter enc_wolfSSL_CTX_load_verify_buffer
[SGXSan] ALWAYS: Enter enc_wolfSSL_Init
[SGXSan] ALWAYS: Enter enc_wolfSSL_get_error
[SGXSan] ALWAYS: Enter enc_wolfSSL_CTX_use_PrivateKey_buffer
[SGXSan] ALWAYS: Enter enc_wolfSSL_new
[SGXSan] ALWAYS: Enter enc_wolfSSL_free
[SGXSan] ALWAYS: Enter enc_wolfTLSv1_2_server_method
[SGXSan] ALWAYS: Enter enc_wolfSSL_Debugging_ON
[SGXSan] ALWAYS: Enter enc_wolfSSL_CTX_use_certificate_chain_buffer_format
[SGXSan] ALWAYS: Enter wc_test
------------------------------------------------------------------------------
 wolfSSL version 5.1.0
------------------------------------------------------------------------------
error    test passed!
MEMORY   test passed!
base64   test passed!
asn      test passed!
RANDOM   test passed!
MD5      test passed!
MD4      test passed!
SHA      test passed!
SHA-256  test passed!
Hash     test passed!
HMAC-MD5 test passed!
HMAC-SHA test passed!
HMAC-SHA256 test passed!
GMAC     test passed!
HC-128   test passed!
Rabbit   test passed!
DES      test passed!
DES3     test passed!
AES      test passed!
AES192   test passed!
AES256   test passed!
AES-GCM  test passed!
RSA      test passed!
DH       test passed!
DSA      test passed!
PWDBASED test passed!
ECC      test passed!
ECC buffer test passed!
logging  test passed!
mutex    test passed!
memcb    test failed!
 error = -13803
[SGXSan] ALWAYS: Enter enc_wolfSSL_CTX_use_certificate_buffer
[SGXSan] ALWAYS: Enter enc_wolfSSL_connect
[SGXSan] ALWAYS: Enter enc_wolfSSL_Debugging_OFF
[SGXSan] ALWAYS: Enter enc_wolfSSL_read
[SGXSan] ALWAYS: Enter enc_wolfTLSv1_2_client_method
[SGXSan] ALWAYS: Enter enc_wolfSSL_CTX_new
[SGXSan] ALWAYS: Enter enc_wolfSSL_Cleanup
[SGXSan] ALWAYS: Enter enc_wolfSSL_write
[SGXSan] ALWAYS: Enter enc_wolfSSL_CTX_set_cipher_list
[SGXSan] ALWAYS: Enter enc_wolfSSL_set_fd
[SGXSan] ALWAYS: Enter wc_benchmark_test
------------------------------------------------------------------------------
 wolfSSL version 5.1.0
------------------------------------------------------------------------------
wolfCrypt Benchmark (block bytes 1048576, min 1.0 sec each)
RNG                 15 MB took 1.180 seconds,   12.709 MB/s
AES-128-CBC-enc     35 MB took 1.090 seconds,   32.104 MB/s
AES-128-CBC-dec     30 MB took 1.017 seconds,   29.508 MB/s
AES-192-CBC-enc     30 MB took 1.120 seconds,   26.797 MB/s
AES-192-CBC-dec     30 MB took 1.192 seconds,   25.162 MB/s
AES-256-CBC-enc     25 MB took 1.032 seconds,   24.216 MB/s
AES-256-CBC-dec     25 MB took 1.073 seconds,   23.292 MB/s
AES-128-GCM-enc     25 MB took 1.078 seconds,   23.186 MB/s
AES-128-GCM-dec     25 MB took 1.099 seconds,   22.748 MB/s
AES-192-GCM-enc     25 MB took 1.222 seconds,   20.462 MB/s
AES-192-GCM-dec     25 MB took 1.250 seconds,   20.006 MB/s
AES-256-GCM-enc     20 MB took 1.048 seconds,   19.078 MB/s
AES-256-GCM-dec     20 MB took 1.046 seconds,   19.124 MB/s
GMAC Table 4-bit    66 MB took 1.004 seconds,   65.728 MB/s
RABBIT              90 MB took 1.037 seconds,   86.780 MB/s
3DES                10 MB took 1.130 seconds,    8.846 MB/s
MD5                295 MB took 1.005 seconds,  293.502 MB/s
SHA                125 MB took 1.010 seconds,  123.702 MB/s
SHA-256             30 MB took 1.000 seconds,   29.988 MB/s
HMAC-MD5           290 MB took 1.012 seconds,  286.464 MB/s
HMAC-SHA           125 MB took 1.012 seconds,  123.493 MB/s
HMAC-SHA256         30 MB took 1.015 seconds,   29.566 MB/s
PBKDF2               4 KB took 1.006 seconds,    3.664 KB/s
RSA     2048 public       1400 ops took 1.022 sec, avg 0.730 ms, 1370.287 ops/sec
RSA     2048 private       100 ops took 3.773 sec, avg 37.725 ms, 26.508 ops/sec
DH      2048 key gen        64 ops took 1.009 sec, avg 15.773 ms, 63.399 ops/sec
DH      2048 agree         100 ops took 1.596 sec, avg 15.958 ms, 62.665 ops/sec
ECC   [      SECP256R1]   256 key gen      1319 ops took 1.000 sec, avg 0.758 ms, 1318.888 ops/sec
ECDHE [      SECP256R1]   256 agree         900 ops took 1.017 sec, avg 1.130 ms, 885.267 ops/sec
ECDSA [      SECP256R1]   256 sign         1200 ops took 1.025 sec, avg 0.854 ms, 1170.358 ops/sec
ECDSA [      SECP256R1]   256 verify        900 ops took 1.057 sec, avg 1.175 ms, 851.238 ops/sec
Benchmark complete
[SGXSan] ALWAYS: Enter enc_wolfSSL_CTX_free
[SGXSan] ALWAYS: Enter enc_wolfSSL_CTX_load_verify_buffer
[SGXSan] ALWAYS: Enter enc_wolfSSL_Init
[SGXSan] ALWAYS: Enter enc_wolfSSL_get_error
[SGXSan] ALWAYS: Enter enc_wolfSSL_CTX_use_PrivateKey_buffer
[SGXSan] ALWAYS: Enter enc_wolfSSL_new
#11	DONE   cov: 6288 ft: 6288 corp: 2/742Kb lim: 1000000 exec/s: 0 rss: 105Mb
Done 11 runs in 466 second(s)
stat::number_of_executed_units: 11
stat::average_exec_per_sec:     0
stat::new_units_added:          0
stat::slowest_unit_time_sec:    42
stat::peak_rss_mb:              105
