WARNING: Failed to find function "__sanitizer_acquire_crash_state".
WARNING: Failed to find function "__sanitizer_print_stack_trace".
WARNING: Failed to find function "__sanitizer_set_death_callback".
[2023-01-15 21:17:00.565] [Init] Num of ECall: 22
[2023-01-15 21:17:00.565] ECalls:
  0 - fuzz_enc_wolfSSL_CTX_free
  1 - fuzz_enc_wolfSSL_CTX_load_verify_buffer
  2 - fuzz_enc_wolfSSL_CTX_new
  3 - fuzz_enc_wolfSSL_CTX_set_cipher_list
  4 - fuzz_enc_wolfSSL_CTX_use_PrivateKey_buffer
  5 - fuzz_enc_wolfSSL_CTX_use_certificate_buffer
  6 - fuzz_enc_wolfSSL_CTX_use_certificate_chain_buffer_format
  7 - fuzz_enc_wolfSSL_Cleanup
  8 - fuzz_enc_wolfSSL_Debugging_OFF
  9 - fuzz_enc_wolfSSL_Debugging_ON
  10 - fuzz_enc_wolfSSL_Init
  11 - fuzz_enc_wolfSSL_connect
  12 - fuzz_enc_wolfSSL_free
  13 - fuzz_enc_wolfSSL_get_error
  14 - fuzz_enc_wolfSSL_new
  15 - fuzz_enc_wolfSSL_read
  16 - fuzz_enc_wolfSSL_set_fd
  17 - fuzz_enc_wolfSSL_write
  18 - fuzz_enc_wolfTLSv1_2_client_method
  19 - fuzz_enc_wolfTLSv1_2_server_method
  20 - fuzz_wc_benchmark_test
  21 - fuzz_wc_test

INFO: found LLVMFuzzerCustomMutator (0x44ac30). Disabling -len_control by default.
INFO: libFuzzer ignores flags that start with '--'
INFO: Running with entropic power schedule (0xFF, 100).
INFO: Seed: 3723652321
INFO: Loaded 1 modules   (291 inline 8-bit counters): 291 [0x4cb7e8, 0x4cb90b), 
INFO: Loaded 1 PC tables (291 PCs): 291 [0x4cb910,0x4ccb40), 
INFO:        0 files found in /tmp/libFuzzerTemp.FuzzWithFork422940.dir/C260
[SGXSan] ALWAYS: Hook __sanitizer_cov_8bit_counters_init of Enclave, 21636 inline 8-bit counts [0x7f1ef435f9c0, 0x7f1ef4364e44) (First time)
[SGXSan] ALWAYS: Hook __sanitizer_cov_pcs_init of Enclave, 21636 PCs [0x7f1ef4364e48, 0x7f1ef43b9688) (First time)
[SGXSan] ALWAYS: Enter enc_wolfSSL_CTX_free
[SGXSan] ALWAYS: Enter enc_wolfSSL_CTX_load_verify_buffer
[SGXSan] ALWAYS: Enter enc_wolfSSL_CTX_new
[SGXSan] ALWAYS: Enter enc_wolfSSL_CTX_set_cipher_list
[SGXSan] ALWAYS: Enter enc_wolfSSL_CTX_use_PrivateKey_buffer
[SGXSan] ALWAYS: Enter enc_wolfSSL_CTX_use_certificate_buffer
[SGXSan] ALWAYS: Enter enc_wolfSSL_CTX_use_certificate_chain_buffer_format
[SGXSan] ALWAYS: Enter enc_wolfSSL_Cleanup
[SGXSan] ALWAYS: Enter enc_wolfSSL_Debugging_OFF
[SGXSan] ALWAYS: Enter enc_wolfSSL_Debugging_ON
[SGXSan] ALWAYS: Enter enc_wolfSSL_Init
[SGXSan] ALWAYS: Enter enc_wolfSSL_connect
[SGXSan] ALWAYS: Enter enc_wolfSSL_free
[SGXSan] ALWAYS: Enter enc_wolfSSL_get_error
[SGXSan] ALWAYS: Enter enc_wolfSSL_new
[SGXSan] ALWAYS: Enter enc_wolfSSL_read
[SGXSan] ALWAYS: Enter enc_wolfSSL_set_fd
[SGXSan] ALWAYS: Enter enc_wolfSSL_write
[SGXSan] ALWAYS: Enter enc_wolfTLSv1_2_client_method
[SGXSan] ALWAYS: Enter enc_wolfTLSv1_2_server_method
[SGXSan] ALWAYS: Enter wc_benchmark_test
------------------------------------------------------------------------------
 wolfSSL version 5.1.0
------------------------------------------------------------------------------
wolfCrypt Benchmark (block bytes 1048576, min 1.0 sec each)
RNG                 15 MB took 1.169 seconds,   12.836 MB/s
AES-128-CBC-enc     35 MB took 1.089 seconds,   32.149 MB/s
AES-128-CBC-dec     30 MB took 1.003 seconds,   29.907 MB/s
AES-192-CBC-enc     30 MB took 1.080 seconds,   27.776 MB/s
AES-192-CBC-dec     30 MB took 1.172 seconds,   25.587 MB/s
AES-256-CBC-enc     25 MB took 1.010 seconds,   24.753 MB/s
AES-256-CBC-dec     25 MB took 1.067 seconds,   23.421 MB/s
AES-128-GCM-enc     25 MB took 1.070 seconds,   23.366 MB/s
AES-128-GCM-dec     25 MB took 1.070 seconds,   23.365 MB/s
AES-192-GCM-enc     25 MB took 1.204 seconds,   20.771 MB/s
AES-192-GCM-dec     25 MB took 1.204 seconds,   20.767 MB/s
AES-256-GCM-enc     20 MB took 1.046 seconds,   19.121 MB/s
AES-256-GCM-dec     20 MB took 1.046 seconds,   19.112 MB/s
GMAC Table 4-bit    67 MB took 1.001 seconds,   66.952 MB/s
RABBIT              90 MB took 1.026 seconds,   87.731 MB/s
3DES                10 MB took 1.104 seconds,    9.060 MB/s
MD5                300 MB took 1.015 seconds,  295.586 MB/s
SHA                125 MB took 1.008 seconds,  123.966 MB/s
SHA-256             35 MB took 1.154 seconds,   30.318 MB/s
HMAC-MD5           295 MB took 1.014 seconds,  290.869 MB/s
HMAC-SHA           125 MB took 1.020 seconds,  122.602 MB/s
HMAC-SHA256         35 MB took 1.164 seconds,   30.059 MB/s
PBKDF2               4 KB took 1.005 seconds,    3.701 KB/s
RSA     2048 public       1400 ops took 1.020 sec, avg 0.728 ms, 1372.891 ops/sec
RSA     2048 private       100 ops took 3.805 sec, avg 38.048 ms, 26.283 ops/sec
DH      2048 key gen        64 ops took 1.011 sec, avg 15.802 ms, 63.284 ops/sec
DH      2048 agree         100 ops took 1.607 sec, avg 16.070 ms, 62.227 ops/sec
ECC   [      SECP256R1]   256 key gen      1368 ops took 1.000 sec, avg 0.731 ms, 1367.977 ops/sec
ECDHE [      SECP256R1]   256 agree         900 ops took 1.012 sec, avg 1.125 ms, 888.941 ops/sec
ECDSA [      SECP256R1]   256 sign         1200 ops took 1.026 sec, avg 0.855 ms, 1169.146 ops/sec
ECDSA [      SECP256R1]   256 verify        900 ops took 1.066 sec, avg 1.185 ms, 843.968 ops/sec
Benchmark complete
[SGXSan] ALWAYS: Enter wc_test
INFO: seed corpus: files: 5 min: 370191b max: 390122b total: 1930679b rss: 43Mb
------------------------------------------------------------------------------
 wolfSSL version 5.1.0
------------------------------------------------------------------------------
error    test passed!
MEMORY   test passed!
base64   test passed!
asn      test passed!
RANDOM   test passed!
MD5      test passed!
MD4      test passed!
SHA      test passed!
SHA-256  test passed!
Hash     test passed!
HMAC-MD5 test passed!
HMAC-SHA test passed!
HMAC-SHA256 test passed!
GMAC     test passed!
HC-128   test passed!
Rabbit   test passed!
DES      test passed!
DES3     test passed!
AES      test passed!
AES192   test passed!
AES256   test passed!
AES-GCM  test passed!
RSA      test passed!
DH       test passed!
DSA      test passed!
PWDBASED test passed!
ECC      test passed!
ECC buffer test passed!
logging  test passed!
mutex    test passed!
memcb    test passed!
Test complete
[SGXSan] ALWAYS: Enter enc_wolfSSL_set_fd
[SGXSan] ALWAYS: Enter enc_wolfTLSv1_2_client_method
[SGXSan] ALWAYS: Enter enc_wolfSSL_CTX_new
[SGXSan] ALWAYS: Enter enc_wolfSSL_read
[SGXSan] ALWAYS: Enter enc_wolfSSL_CTX_set_cipher_list
[SGXSan] ALWAYS: Enter enc_wolfSSL_CTX_free
[SGXSan] ALWAYS: Enter enc_wolfSSL_new
[SGXSan] ALWAYS: Enter enc_wolfSSL_CTX_use_PrivateKey_buffer
[SGXSan] ALWAYS: Enter enc_wolfTLSv1_2_server_method
[SGXSan] ALWAYS: Enter enc_wolfSSL_CTX_load_verify_buffer
[SGXSan] ALWAYS: Enter enc_wolfSSL_connect
[SGXSan] ALWAYS: Enter enc_wolfSSL_Debugging_OFF
[SGXSan] ALWAYS: Enter enc_wolfSSL_CTX_use_certificate_buffer
[SGXSan] ALWAYS: Enter enc_wolfSSL_free
[SGXSan] ALWAYS: Enter enc_wolfSSL_Init
[SGXSan] ALWAYS: Enter enc_wolfSSL_CTX_use_certificate_chain_buffer_format
[SGXSan] ALWAYS: Enter wc_benchmark_test
------------------------------------------------------------------------------
 wolfSSL version 5.1.0
------------------------------------------------------------------------------
wolfCrypt Benchmark (block bytes 1048576, min 1.0 sec each)
RNG                 15 MB took 1.183 seconds,   12.675 MB/s
AES-128-CBC-enc     35 MB took 1.084 seconds,   32.286 MB/s
AES-128-CBC-dec     30 MB took 1.010 seconds,   29.696 MB/s
AES-192-CBC-enc     30 MB took 1.077 seconds,   27.859 MB/s
AES-192-CBC-dec     30 MB took 1.151 seconds,   26.068 MB/s
AES-256-CBC-enc     25 MB took 1.015 seconds,   24.624 MB/s
AES-256-CBC-dec     25 MB took 1.057 seconds,   23.663 MB/s
AES-128-GCM-enc     25 MB took 1.079 seconds,   23.180 MB/s
AES-128-GCM-dec     25 MB took 1.074 seconds,   23.285 MB/s
AES-192-GCM-enc     25 MB took 1.194 seconds,   20.942 MB/s
AES-192-GCM-dec     25 MB took 1.213 seconds,   20.603 MB/s
AES-256-GCM-enc     20 MB took 1.033 seconds,   19.364 MB/s
AES-256-GCM-dec     20 MB took 1.055 seconds,   18.956 MB/s
GMAC Table 4-bit    68 MB took 1.012 seconds,   67.170 MB/s
RABBIT              90 MB took 1.009 seconds,   89.184 MB/s
3DES                10 MB took 1.129 seconds,    8.854 MB/s
MD5                300 MB took 1.010 seconds,  296.939 MB/s
SHA                125 MB took 1.016 seconds,  122.983 MB/s
SHA-256             35 MB took 1.160 seconds,   30.172 MB/s
HMAC-MD5           300 MB took 1.012 seconds,  296.416 MB/s
HMAC-SHA           125 MB took 1.007 seconds,  124.088 MB/s
HMAC-SHA256         30 MB took 1.010 seconds,   29.699 MB/s
PBKDF2               4 KB took 1.007 seconds,    3.569 KB/s
RSA     2048 public       1400 ops took 1.026 sec, avg 0.733 ms, 1365.053 ops/sec
RSA     2048 private       100 ops took 3.769 sec, avg 37.692 ms, 26.531 ops/sec
DH      2048 key gen        63 ops took 1.001 sec, avg 15.896 ms, 62.911 ops/sec
DH      2048 agree         100 ops took 1.576 sec, avg 15.762 ms, 63.445 ops/sec
ECC   [      SECP256R1]   256 key gen      1378 ops took 1.000 sec, avg 0.726 ms, 1377.774 ops/sec
ECDHE [      SECP256R1]   256 agree         900 ops took 1.008 sec, avg 1.120 ms, 892.509 ops/sec
ECDSA [      SECP256R1]   256 sign         1200 ops took 1.023 sec, avg 0.853 ms, 1172.525 ops/sec
ECDSA [      SECP256R1]   256 verify        900 ops took 1.072 sec, avg 1.191 ms, 839.522 ops/sec
Benchmark complete
[SGXSan] ALWAYS: Enter enc_wolfSSL_Debugging_ON
[SGXSan] ALWAYS: Enter wc_test
------------------------------------------------------------------------------
 wolfSSL version 5.1.0
------------------------------------------------------------------------------
error    test passed!
MEMORY   test passed!
base64   test passed!
asn      test passed!
RANDOM   test passed!
MD5      test passed!
MD4      test passed!
SHA      test passed!
SHA-256  test passed!
Hash     test passed!
HMAC-MD5 test passed!
HMAC-SHA test passed!
HMAC-SHA256 test passed!
GMAC     test passed!
HC-128   test passed!
Rabbit   test passed!
DES      test passed!
DES3     test passed!
AES      test passed!
AES192   test passed!
AES256   test passed!
AES-GCM  test passed!
RSA      test passed!
DH       test passed!
DSA      test passed!
PWDBASED test passed!
ECC      test passed!
ECC buffer test passed!
logging  test passed!
mutex    test passed!
memcb    test failed!
 error = -13803
[SGXSan] ALWAYS: Enter enc_wolfSSL_Cleanup
[SGXSan] ALWAYS: Enter enc_wolfSSL_write
[SGXSan] ALWAYS: Enter enc_wolfSSL_get_error
#2	pulse  ft: 6290 exec/s: 0 rss: 50Mb
Slowest unit: 42 s:
artifact_prefix='./crashes/'; Test unit written to ./crashes/slow-unit-eac2caf48f68a7de1dbebb64ea9fb2e3320b7df3
[SGXSan] ALWAYS: Enter enc_wolfSSL_free
[SGXSan] ALWAYS: Enter enc_wolfSSL_new
[SGXSan] ALWAYS: Enter enc_wolfSSL_write
[SGXSan] ALWAYS: Enter enc_wolfSSL_CTX_set_cipher_list
[SGXSan] ALWAYS: Enter enc_wolfSSL_Init
[SGXSan] ALWAYS: Enter wc_test
------------------------------------------------------------------------------
 wolfSSL version 5.1.0
------------------------------------------------------------------------------
error    test passed!
MEMORY   test passed!
base64   test passed!
asn      test passed!
RANDOM   test passed!
MD5      test passed!
MD4      test passed!
SHA      test passed!
SHA-256  test passed!
Hash     test passed!
HMAC-MD5 test passed!
HMAC-SHA test passed!
HMAC-SHA256 test passed!
GMAC     test passed!
HC-128   test passed!
Rabbit   test passed!
DES      test passed!
DES3     test passed!
AES      test passed!
AES192   test passed!
AES256   test passed!
AES-GCM  test passed!
RSA      test passed!
DH       test passed!
DSA      test passed!
PWDBASED test passed!
ECC      test passed!
ECC buffer test passed!
logging  test passed!
mutex    test passed!
memcb    test failed!
 error = -13803
[SGXSan] ALWAYS: Enter enc_wolfSSL_CTX_use_certificate_chain_buffer_format
[SGXSan] ALWAYS: Enter enc_wolfSSL_connect
[SGXSan] ALWAYS: Enter wc_benchmark_test
------------------------------------------------------------------------------
 wolfSSL version 5.1.0
------------------------------------------------------------------------------
wolfCrypt Benchmark (block bytes 1048576, min 1.0 sec each)
RNG                 15 MB took 1.152 seconds,   13.021 MB/s
AES-128-CBC-enc     35 MB took 1.101 seconds,   31.802 MB/s
AES-128-CBC-dec     30 MB took 1.010 seconds,   29.692 MB/s
AES-192-CBC-enc     30 MB took 1.093 seconds,   27.441 MB/s
AES-192-CBC-dec     30 MB took 1.148 seconds,   26.139 MB/s
AES-256-CBC-enc     25 MB took 1.003 seconds,   24.926 MB/s
AES-256-CBC-dec     25 MB took 1.087 seconds,   23.006 MB/s
AES-128-GCM-enc     25 MB took 1.070 seconds,   23.370 MB/s
AES-128-GCM-dec     25 MB took 1.075 seconds,   23.248 MB/s
AES-192-GCM-enc     25 MB took 1.196 seconds,   20.910 MB/s
AES-192-GCM-dec     25 MB took 1.194 seconds,   20.939 MB/s
AES-256-GCM-enc     20 MB took 1.052 seconds,   19.010 MB/s
AES-256-GCM-dec     20 MB took 1.046 seconds,   19.128 MB/s
GMAC Table 4-bit    67 MB took 1.001 seconds,   66.933 MB/s
RABBIT              90 MB took 1.007 seconds,   89.333 MB/s
3DES                10 MB took 1.114 seconds,    8.976 MB/s
MD5                295 MB took 1.005 seconds,  293.649 MB/s
SHA                125 MB took 1.006 seconds,  124.227 MB/s
SHA-256             35 MB took 1.162 seconds,   30.112 MB/s
HMAC-MD5           300 MB took 1.007 seconds,  297.784 MB/s
HMAC-SHA           125 MB took 1.018 seconds,  122.765 MB/s
HMAC-SHA256         35 MB took 1.155 seconds,   30.306 MB/s
PBKDF2               4 KB took 1.001 seconds,    3.653 KB/s
RSA     2048 public       1400 ops took 1.031 sec, avg 0.736 ms, 1358.214 ops/sec
RSA     2048 private       100 ops took 3.751 sec, avg 37.514 ms, 26.657 ops/sec
DH      2048 key gen        63 ops took 1.012 sec, avg 16.065 ms, 62.248 ops/sec
DH      2048 agree         100 ops took 1.584 sec, avg 15.845 ms, 63.113 ops/sec
ECC   [      SECP256R1]   256 key gen      1370 ops took 1.001 sec, avg 0.730 ms, 1369.100 ops/sec
ECDHE [      SECP256R1]   256 agree         900 ops took 1.010 sec, avg 1.122 ms, 891.125 ops/sec
ECDSA [      SECP256R1]   256 sign         1200 ops took 1.028 sec, avg 0.856 ms, 1167.650 ops/sec
ECDSA [      SECP256R1]   256 verify        900 ops took 1.082 sec, avg 1.202 ms, 831.908 ops/sec
Benchmark complete
[SGXSan] ALWAYS: Enter enc_wolfSSL_read
[SGXSan] ALWAYS: Enter enc_wolfSSL_set_fd
[SGXSan] ALWAYS: Enter enc_wolfSSL_CTX_use_certificate_buffer
[SGXSan] ALWAYS: Enter enc_wolfSSL_Debugging_OFF
[SGXSan] ALWAYS: Enter enc_wolfTLSv1_2_server_method
[SGXSan] ALWAYS: Enter enc_wolfSSL_get_error
[SGXSan] ALWAYS: Enter enc_wolfSSL_CTX_free
[SGXSan] ALWAYS: Enter enc_wolfSSL_CTX_load_verify_buffer
[SGXSan] ALWAYS: Enter enc_wolfTLSv1_2_client_method
[SGXSan] ALWAYS: Enter enc_wolfSSL_CTX_new
[SGXSan] ALWAYS: Enter enc_wolfSSL_Debugging_ON
[SGXSan] ALWAYS: Enter enc_wolfSSL_Cleanup
[SGXSan] ALWAYS: Enter enc_wolfSSL_CTX_use_PrivateKey_buffer
[SGXSan] ALWAYS: Enter enc_wolfSSL_Init
[SGXSan] ALWAYS: Enter enc_wolfSSL_Cleanup
[SGXSan] ALWAYS: Enter enc_wolfSSL_set_fd
[SGXSan] ALWAYS: Enter enc_wolfSSL_CTX_load_verify_buffer
[SGXSan] ALWAYS: Enter enc_wolfSSL_Debugging_ON
[SGXSan] ALWAYS: Enter wc_benchmark_test
------------------------------------------------------------------------------
 wolfSSL version 5.1.0
------------------------------------------------------------------------------
wolfCrypt Benchmark (block bytes 1048576, min 1.0 sec each)
RNG                 15 MB took 1.158 seconds,   12.956 MB/s
AES-128-CBC-enc     35 MB took 1.084 seconds,   32.300 MB/s
AES-128-CBC-dec     35 MB took 1.161 seconds,   30.148 MB/s
AES-192-CBC-enc     30 MB took 1.082 seconds,   27.717 MB/s
AES-192-CBC-dec     30 MB took 1.153 seconds,   26.026 MB/s
AES-256-CBC-enc     25 MB took 1.010 seconds,   24.750 MB/s
AES-256-CBC-dec     25 MB took 1.065 seconds,   23.478 MB/s
AES-128-GCM-enc     25 MB took 1.062 seconds,   23.537 MB/s
AES-128-GCM-dec     25 MB took 1.069 seconds,   23.384 MB/s
AES-192-GCM-enc     25 MB took 1.207 seconds,   20.721 MB/s
AES-192-GCM-dec     25 MB took 1.207 seconds,   20.708 MB/s
AES-256-GCM-enc     20 MB took 1.029 seconds,   19.433 MB/s
AES-256-GCM-dec     20 MB took 1.038 seconds,   19.272 MB/s
GMAC Table 4-bit    67 MB took 1.001 seconds,   66.946 MB/s
RABBIT              90 MB took 1.019 seconds,   88.323 MB/s
3DES                10 MB took 1.119 seconds,    8.937 MB/s
MD5                300 MB took 1.007 seconds,  297.867 MB/s
SHA                125 MB took 1.018 seconds,  122.754 MB/s
SHA-256             35 MB took 1.165 seconds,   30.050 MB/s
HMAC-MD5           300 MB took 1.012 seconds,  296.420 MB/s
HMAC-SHA           125 MB took 1.016 seconds,  123.016 MB/s
HMAC-SHA256         35 MB took 1.160 seconds,   30.179 MB/s
PBKDF2               4 KB took 1.007 seconds,    3.632 KB/s
RSA     2048 public       1400 ops took 1.030 sec, avg 0.736 ms, 1358.664 ops/sec
RSA     2048 private       100 ops took 3.779 sec, avg 37.788 ms, 26.464 ops/sec
DH      2048 key gen        64 ops took 1.014 sec, avg 15.851 ms, 63.089 ops/sec
DH      2048 agree         100 ops took 1.587 sec, avg 15.870 ms, 63.010 ops/sec
ECC   [      SECP256R1]   256 key gen      1369 ops took 1.000 sec, avg 0.731 ms, 1368.516 ops/sec
ECDHE [      SECP256R1]   256 agree         900 ops took 1.022 sec, avg 1.135 ms, 880.681 ops/sec
ECDSA [      SECP256R1]   256 sign         1200 ops took 1.033 sec, avg 0.861 ms, 1161.321 ops/sec
ECDSA [      SECP256R1]   256 verify        900 ops took 1.052 sec, avg 1.169 ms, 855.719 ops/sec
Benchmark complete
[SGXSan] ALWAYS: Enter enc_wolfSSL_new
[SGXSan] ALWAYS: Enter enc_wolfSSL_free
[SGXSan] ALWAYS: Enter enc_wolfSSL_CTX_use_certificate_buffer
[SGXSan] ALWAYS: Enter enc_wolfSSL_connect
[SGXSan] ALWAYS: Enter enc_wolfTLSv1_2_server_method
[SGXSan] ALWAYS: Enter enc_wolfSSL_CTX_use_certificate_chain_buffer_format
[SGXSan] ALWAYS: Enter enc_wolfSSL_Debugging_OFF
[SGXSan] ALWAYS: Enter wc_test
------------------------------------------------------------------------------
 wolfSSL version 5.1.0
------------------------------------------------------------------------------
error    test passed!
MEMORY   test passed!
base64   test passed!
asn      test passed!
RANDOM   test passed!
MD5      test passed!
MD4      test passed!
SHA      test passed!
SHA-256  test passed!
Hash     test passed!
HMAC-MD5 test passed!
HMAC-SHA test passed!
HMAC-SHA256 test passed!
GMAC     test passed!
HC-128   test passed!
Rabbit   test passed!
DES      test passed!
DES3     test passed!
AES      test passed!
AES192   test passed!
AES256   test passed!
AES-GCM  test passed!
RSA      test passed!
DH       test passed!
DSA      test passed!
PWDBASED test passed!
ECC      test passed!
ECC buffer test passed!
logging  test passed!
mutex    test passed!
memcb    test failed!
 error = -13803
[SGXSan] ALWAYS: Enter enc_wolfSSL_write
[SGXSan] ALWAYS: Enter enc_wolfSSL_get_error
[SGXSan] ALWAYS: Enter enc_wolfTLSv1_2_client_method
[SGXSan] ALWAYS: Enter enc_wolfSSL_CTX_set_cipher_list
[SGXSan] ALWAYS: Enter enc_wolfSSL_CTX_free
[SGXSan] ALWAYS: Enter enc_wolfSSL_CTX_use_PrivateKey_buffer
[SGXSan] ALWAYS: Enter enc_wolfSSL_read
[SGXSan] ALWAYS: Enter enc_wolfSSL_CTX_new
#4	pulse  cov: 6291 ft: 6291 corp: 2/742Kb exec/s: 0 rss: 64Mb
[SGXSan] ALWAYS: Enter wc_test
------------------------------------------------------------------------------
 wolfSSL version 5.1.0
------------------------------------------------------------------------------
error    test passed!
MEMORY   test passed!
base64   test passed!
asn      test passed!
RANDOM   test passed!
MD5      test passed!
MD4      test passed!
SHA      test passed!
SHA-256  test passed!
Hash     test passed!
HMAC-MD5 test passed!
HMAC-SHA test passed!
HMAC-SHA256 test passed!
GMAC     test passed!
HC-128   test passed!
Rabbit   test passed!
DES      test passed!
DES3     test passed!
AES      test passed!
AES192   test passed!
AES256   test passed!
AES-GCM  test passed!
RSA      test passed!
DH       test passed!
DSA      test passed!
PWDBASED test passed!
ECC      test passed!
ECC buffer test passed!
logging  test passed!
mutex    test passed!
memcb    test failed!
 error = -13803
[SGXSan] ALWAYS: Enter enc_wolfTLSv1_2_client_method
[SGXSan] ALWAYS: Enter enc_wolfSSL_CTX_set_cipher_list
[SGXSan] ALWAYS: Enter enc_wolfSSL_get_error
[SGXSan] ALWAYS: Enter enc_wolfSSL_Init
[SGXSan] ALWAYS: Enter enc_wolfSSL_CTX_load_verify_buffer
[SGXSan] ALWAYS: Enter enc_wolfSSL_free
[SGXSan] ALWAYS: Enter enc_wolfSSL_CTX_use_certificate_chain_buffer_format
[SGXSan] ALWAYS: Enter enc_wolfSSL_set_fd
[SGXSan] ALWAYS: Enter enc_wolfSSL_new
[SGXSan] ALWAYS: Enter enc_wolfSSL_Debugging_ON
[SGXSan] ALWAYS: Enter enc_wolfSSL_Debugging_OFF
[SGXSan] ALWAYS: Enter enc_wolfSSL_CTX_use_certificate_buffer
[SGXSan] ALWAYS: Enter enc_wolfTLSv1_2_server_method
[SGXSan] ALWAYS: Enter enc_wolfSSL_read
[SGXSan] ALWAYS: Enter enc_wolfSSL_connect
[SGXSan] ALWAYS: Enter enc_wolfSSL_write
[SGXSan] ALWAYS: Enter enc_wolfSSL_CTX_new
[SGXSan] ALWAYS: Enter enc_wolfSSL_CTX_free
[SGXSan] ALWAYS: Enter enc_wolfSSL_CTX_use_PrivateKey_buffer
[SGXSan] ALWAYS: Enter enc_wolfSSL_Cleanup
[SGXSan] ALWAYS: Enter wc_benchmark_test
------------------------------------------------------------------------------
 wolfSSL version 5.1.0
------------------------------------------------------------------------------
wolfCrypt Benchmark (block bytes 1048576, min 1.0 sec each)
RNG                 15 MB took 1.170 seconds,   12.816 MB/s
AES-128-CBC-enc     35 MB took 1.138 seconds,   30.755 MB/s
AES-128-CBC-dec     30 MB took 1.020 seconds,   29.424 MB/s
AES-192-CBC-enc     30 MB took 1.103 seconds,   27.190 MB/s
AES-192-CBC-dec     25 MB took 1.006 seconds,   24.857 MB/s
AES-256-CBC-enc     25 MB took 1.032 seconds,   24.231 MB/s
AES-256-CBC-dec     25 MB took 1.088 seconds,   22.968 MB/s
AES-128-GCM-enc     25 MB took 1.078 seconds,   23.199 MB/s
AES-128-GCM-dec     25 MB took 1.092 seconds,   22.901 MB/s
AES-192-GCM-enc     25 MB took 1.239 seconds,   20.185 MB/s
AES-192-GCM-dec     25 MB took 1.216 seconds,   20.562 MB/s
AES-256-GCM-enc     20 MB took 1.069 seconds,   18.708 MB/s
AES-256-GCM-dec     20 MB took 1.060 seconds,   18.870 MB/s
GMAC Table 4-bit    67 MB took 1.011 seconds,   66.259 MB/s
RABBIT              90 MB took 1.029 seconds,   87.495 MB/s
3DES                10 MB took 1.156 seconds,    8.648 MB/s
MD5                285 MB took 1.008 seconds,  282.642 MB/s
SHA                125 MB took 1.028 seconds,  121.587 MB/s
SHA-256             35 MB took 1.163 seconds,   30.107 MB/s
HMAC-MD5           300 MB took 1.015 seconds,  295.555 MB/s
HMAC-SHA           125 MB took 1.035 seconds,  120.824 MB/s
HMAC-SHA256         30 MB took 1.013 seconds,   29.614 MB/s
PBKDF2               4 KB took 1.005 seconds,    3.608 KB/s
RSA     2048 public       1400 ops took 1.041 sec, avg 0.743 ms, 1345.407 ops/sec
RSA     2048 private       100 ops took 3.843 sec, avg 38.431 ms, 26.021 ops/sec
DH      2048 key gen        61 ops took 1.016 sec, avg 16.649 ms, 60.063 ops/sec
DH      2048 agree         100 ops took 1.606 sec, avg 16.065 ms, 62.248 ops/sec
ECC   [      SECP256R1]   256 key gen      1352 ops took 1.000 sec, avg 0.740 ms, 1351.682 ops/sec
ECDHE [      SECP256R1]   256 agree         900 ops took 1.038 sec, avg 1.154 ms, 866.842 ops/sec
ECDSA [      SECP256R1]   256 sign         1200 ops took 1.050 sec, avg 0.875 ms, 1142.459 ops/sec
ECDSA [      SECP256R1]   256 verify        900 ops took 1.092 sec, avg 1.214 ms, 823.860 ops/sec
Benchmark complete
[SGXSan] ALWAYS: Enter enc_wolfSSL_Init
[SGXSan] ALWAYS: Enter enc_wolfSSL_Cleanup
[SGXSan] ALWAYS: Enter enc_wolfSSL_set_fd
[SGXSan] ALWAYS: Enter enc_wolfSSL_CTX_load_verify_buffer
[SGXSan] ALWAYS: Enter enc_wolfSSL_Debugging_ON
[SGXSan] ALWAYS: Enter wc_benchmark_test
------------------------------------------------------------------------------
 wolfSSL version 5.1.0
------------------------------------------------------------------------------
wolfCrypt Benchmark (block bytes 1048576, min 1.0 sec each)
RNG                 15 MB took 1.166 seconds,   12.866 MB/s
AES-128-CBC-enc     35 MB took 1.093 seconds,   32.015 MB/s
AES-128-CBC-dec     30 MB took 1.048 seconds,   28.616 MB/s
AES-192-CBC-enc     30 MB took 1.101 seconds,   27.237 MB/s
AES-192-CBC-dec     30 MB took 1.180 seconds,   25.429 MB/s
AES-256-CBC-enc     25 MB took 1.024 seconds,   24.410 MB/s
AES-256-CBC-dec     25 MB took 1.085 seconds,   23.037 MB/s
AES-128-GCM-enc     25 MB took 1.115 seconds,   22.414 MB/s
AES-128-GCM-dec     25 MB took 1.088 seconds,   22.976 MB/s
AES-192-GCM-enc     20 MB took 1.005 seconds,   19.905 MB/s
AES-192-GCM-dec     25 MB took 1.212 seconds,   20.634 MB/s
AES-256-GCM-enc     20 MB took 1.059 seconds,   18.889 MB/s
AES-256-GCM-dec     20 MB took 1.053 seconds,   18.986 MB/s
GMAC Table 4-bit    66 MB took 1.006 seconds,   65.608 MB/s
RABBIT              90 MB took 1.034 seconds,   87.068 MB/s
3DES                10 MB took 1.142 seconds,    8.760 MB/s
MD5                300 MB took 1.008 seconds,  297.611 MB/s
SHA                125 MB took 1.013 seconds,  123.456 MB/s
SHA-256             30 MB took 1.011 seconds,   29.680 MB/s
HMAC-MD5           300 MB took 1.012 seconds,  296.325 MB/s
HMAC-SHA           125 MB took 1.015 seconds,  123.155 MB/s
HMAC-SHA256         35 MB took 1.153 seconds,   30.345 MB/s
PBKDF2               4 KB took 1.006 seconds,    3.696 KB/s
RSA     2048 public       1400 ops took 1.038 sec, avg 0.742 ms, 1348.379 ops/sec
RSA     2048 private       100 ops took 3.771 sec, avg 37.705 ms, 26.522 ops/sec
DH      2048 key gen        63 ops took 1.015 sec, avg 16.110 ms, 62.074 ops/sec
DH      2048 agree         100 ops took 1.580 sec, avg 15.800 ms, 63.292 ops/sec
ECC   [      SECP256R1]   256 key gen      1365 ops took 1.000 sec, avg 0.733 ms, 1364.895 ops/sec
ECDHE [      SECP256R1]   256 agree         900 ops took 1.002 sec, avg 1.113 ms, 898.383 ops/sec
ECDSA [      SECP256R1]   256 sign         1200 ops took 1.023 sec, avg 0.853 ms, 1172.765 ops/sec
ECDSA [      SECP256R1]   256 verify        900 ops took 1.068 sec, avg 1.187 ms, 842.575 ops/sec
Benchmark complete
[SGXSan] ALWAYS: Enter enc_wolfSSL_new
[SGXSan] ALWAYS: Enter enc_wolfSSL_free
[SGXSan] ALWAYS: Enter enc_wolfSSL_CTX_use_certificate_buffer
[SGXSan] ALWAYS: Enter enc_wolfSSL_connect
[SGXSan] ALWAYS: Enter enc_wolfTLSv1_2_server_method
[SGXSan] ALWAYS: Enter enc_wolfSSL_CTX_use_certificate_chain_buffer_format
[SGXSan] ALWAYS: Enter enc_wolfSSL_Debugging_OFF
[SGXSan] ALWAYS: Enter wc_test
------------------------------------------------------------------------------
 wolfSSL version 5.1.0
------------------------------------------------------------------------------
error    test passed!
MEMORY   test passed!
base64   test passed!
asn      test passed!
RANDOM   test passed!
MD5      test passed!
MD4      test passed!
SHA      test passed!
SHA-256  test passed!
Hash     test passed!
HMAC-MD5 test passed!
HMAC-SHA test passed!
HMAC-SHA256 test passed!
GMAC     test passed!
HC-128   test passed!
Rabbit   test passed!
DES      test passed!
DES3     test passed!
AES      test passed!
AES192   test passed!
AES256   test passed!
AES-GCM  test passed!
RSA      test passed!
DH       test passed!
DSA      test passed!
PWDBASED test passed!
ECC      test passed!
ECC buffer test passed!
logging  test passed!
mutex    test passed!
memcb    test failed!
 error = -13803
[SGXSan] ALWAYS: Enter enc_wolfSSL_write
[SGXSan] ALWAYS: Enter enc_wolfSSL_get_error
[SGXSan] ALWAYS: Enter enc_wolfTLSv1_2_client_method
[SGXSan] ALWAYS: Enter enc_wolfSSL_CTX_set_cipher_list
[SGXSan] ALWAYS: Enter enc_wolfSSL_CTX_free
[SGXSan] ALWAYS: Enter enc_wolfSSL_CTX_use_PrivateKey_buffer
[SGXSan] ALWAYS: Enter enc_wolfSSL_read
[SGXSan] ALWAYS: Enter enc_wolfSSL_CTX_new
#6	INITED cov: 6291 ft: 6291 corp: 2/742Kb exec/s: 0 rss: 76Mb
[SGXSan] ALWAYS: Enter enc_wolfSSL_get_error
[SGXSan] ALWAYS: Enter enc_wolfSSL_CTX_use_certificate_chain_buffer_format
[SGXSan] ALWAYS: Enter enc_wolfSSL_new
[SGXSan] ALWAYS: Enter enc_wolfSSL_CTX_use_PrivateKey_buffer
[SGXSan] ALWAYS: Enter enc_wolfSSL_CTX_use_certificate_buffer
[SGXSan] ALWAYS: Enter enc_wolfSSL_Init
[SGXSan] ALWAYS: Enter enc_wolfTLSv1_2_client_method
[SGXSan] ALWAYS: Enter wc_test
------------------------------------------------------------------------------
 wolfSSL version 5.1.0
------------------------------------------------------------------------------
error    test passed!
MEMORY   test passed!
base64   test passed!
asn      test passed!
RANDOM   test passed!
MD5      test passed!
MD4      test passed!
SHA      test passed!
SHA-256  test passed!
Hash     test passed!
HMAC-MD5 test passed!
HMAC-SHA test passed!
HMAC-SHA256 test passed!
GMAC     test passed!
HC-128   test passed!
Rabbit   test passed!
DES      test passed!
DES3     test passed!
AES      test passed!
AES192   test passed!
AES256   test passed!
AES-GCM  test passed!
RSA      test passed!
DH       test passed!
DSA      test passed!
PWDBASED test passed!
ECC      test passed!
ECC buffer test passed!
logging  test passed!
mutex    test passed!
memcb    test failed!
 error = -13803
[SGXSan] ALWAYS: Enter enc_wolfTLSv1_2_server_method
[SGXSan] ALWAYS: Enter enc_wolfSSL_Debugging_ON
[SGXSan] ALWAYS: Enter enc_wolfSSL_set_fd
[SGXSan] ALWAYS: Enter enc_wolfSSL_write
[SGXSan] ALWAYS: Enter enc_wolfSSL_CTX_free
[SGXSan] ALWAYS: Enter enc_wolfSSL_CTX_set_cipher_list
[SGXSan] ALWAYS: Enter enc_wolfSSL_CTX_load_verify_buffer
[SGXSan] ALWAYS: Enter wc_benchmark_test
------------------------------------------------------------------------------
 wolfSSL version 5.1.0
------------------------------------------------------------------------------
wolfCrypt Benchmark (block bytes 1048576, min 1.0 sec each)
RNG                 15 MB took 1.163 seconds,   12.900 MB/s
AES-128-CBC-enc     35 MB took 1.081 seconds,   32.386 MB/s
AES-128-CBC-dec     35 MB took 1.166 seconds,   30.009 MB/s
AES-192-CBC-enc     30 MB took 1.091 seconds,   27.499 MB/s
AES-192-CBC-dec     30 MB took 1.149 seconds,   26.113 MB/s
AES-256-CBC-enc     25 MB took 1.008 seconds,   24.795 MB/s
AES-256-CBC-dec     25 MB took 1.054 seconds,   23.713 MB/s
AES-128-GCM-enc     25 MB took 1.069 seconds,   23.388 MB/s
AES-128-GCM-dec     25 MB took 1.090 seconds,   22.926 MB/s
AES-192-GCM-enc     25 MB took 1.202 seconds,   20.807 MB/s
AES-192-GCM-dec     25 MB took 1.198 seconds,   20.872 MB/s
AES-256-GCM-enc     20 MB took 1.033 seconds,   19.355 MB/s
AES-256-GCM-dec     20 MB took 1.039 seconds,   19.251 MB/s
GMAC Table 4-bit    63 MB took 1.009 seconds,   62.442 MB/s
RABBIT              90 MB took 1.007 seconds,   89.397 MB/s
3DES                10 MB took 1.112 seconds,    8.996 MB/s
MD5                300 MB took 1.009 seconds,  297.379 MB/s
SHA                125 MB took 1.014 seconds,  123.268 MB/s
SHA-256             30 MB took 1.014 seconds,   29.580 MB/s
HMAC-MD5           300 MB took 1.007 seconds,  298.026 MB/s
HMAC-SHA           125 MB took 1.014 seconds,  123.327 MB/s
HMAC-SHA256         35 MB took 1.164 seconds,   30.072 MB/s
PBKDF2               4 KB took 1.001 seconds,    3.714 KB/s
RSA     2048 public       1400 ops took 1.046 sec, avg 0.747 ms, 1338.529 ops/sec
RSA     2048 private       100 ops took 3.797 sec, avg 37.970 ms, 26.337 ops/sec
DH      2048 key gen        64 ops took 1.005 sec, avg 15.705 ms, 63.676 ops/sec
DH      2048 agree         100 ops took 1.592 sec, avg 15.918 ms, 62.821 ops/sec
ECC   [      SECP256R1]   256 key gen      1383 ops took 1.000 sec, avg 0.723 ms, 1382.750 ops/sec
ECDHE [      SECP256R1]   256 agree         900 ops took 1.020 sec, avg 1.133 ms, 882.695 ops/sec
ECDSA [      SECP256R1]   256 sign         1200 ops took 1.017 sec, avg 0.847 ms, 1180.032 ops/sec
ECDSA [      SECP256R1]   256 verify        900 ops took 1.053 sec, avg 1.170 ms, 854.360 ops/sec
Benchmark complete
[SGXSan] ALWAYS: Enter enc_wolfSSL_Cleanup
[SGXSan] ALWAYS: Enter enc_wolfSSL_Debugging_OFF
[SGXSan] ALWAYS: Enter enc_wolfSSL_read
[SGXSan] ALWAYS: Enter enc_wolfSSL_CTX_new
[SGXSan] ALWAYS: Enter enc_wolfSSL_connect
[SGXSan] ALWAYS: Enter enc_wolfSSL_free
[SGXSan] ALWAYS: Enter enc_wolfSSL_CTX_use_PrivateKey_buffer
[SGXSan] ALWAYS: Enter enc_wolfSSL_free
[SGXSan] ALWAYS: Enter enc_wolfSSL_set_fd
[SGXSan] ALWAYS: Enter enc_wolfSSL_write
[SGXSan] ALWAYS: Enter enc_wolfSSL_CTX_free
[SGXSan] ALWAYS: Enter wc_benchmark_test
------------------------------------------------------------------------------
 wolfSSL version 5.1.0
------------------------------------------------------------------------------
wolfCrypt Benchmark (block bytes 1048576, min 1.0 sec each)
RNG                 15 MB took 1.169 seconds,   12.834 MB/s
AES-128-CBC-enc     35 MB took 1.087 seconds,   32.208 MB/s
AES-128-CBC-dec     30 MB took 1.028 seconds,   29.182 MB/s
AES-192-CBC-enc     30 MB took 1.081 seconds,   27.757 MB/s
AES-192-CBC-dec     30 MB took 1.152 seconds,   26.046 MB/s
AES-256-CBC-enc     25 MB took 1.015 seconds,   24.641 MB/s
AES-256-CBC-dec     25 MB took 1.063 seconds,   23.513 MB/s
AES-128-GCM-enc     25 MB took 1.076 seconds,   23.233 MB/s
AES-128-GCM-dec     25 MB took 1.075 seconds,   23.259 MB/s
AES-192-GCM-enc     25 MB took 1.193 seconds,   20.959 MB/s
AES-192-GCM-dec     25 MB took 1.227 seconds,   20.368 MB/s
AES-256-GCM-enc     20 MB took 1.033 seconds,   19.355 MB/s
AES-256-GCM-dec     20 MB took 1.054 seconds,   18.977 MB/s
GMAC Table 4-bit    67 MB took 1.005 seconds,   66.672 MB/s
RABBIT              90 MB took 1.017 seconds,   88.528 MB/s
3DES                10 MB took 1.126 seconds,    8.879 MB/s
MD5                300 MB took 1.011 seconds,  296.786 MB/s
SHA                125 MB took 1.007 seconds,  124.081 MB/s
SHA-256             35 MB took 1.156 seconds,   30.264 MB/s
HMAC-MD5           300 MB took 1.005 seconds,  298.534 MB/s
HMAC-SHA           130 MB took 1.036 seconds,  125.470 MB/s
HMAC-SHA256         35 MB took 1.159 seconds,   30.194 MB/s
PBKDF2               4 KB took 1.003 seconds,    3.708 KB/s
RSA     2048 public       1400 ops took 1.020 sec, avg 0.728 ms, 1373.139 ops/sec
RSA     2048 private       100 ops took 3.747 sec, avg 37.474 ms, 26.685 ops/sec
DH      2048 key gen        63 ops took 1.001 sec, avg 15.893 ms, 62.923 ops/sec
DH      2048 agree         100 ops took 1.577 sec, avg 15.771 ms, 63.408 ops/sec
ECC   [      SECP256R1]   256 key gen      1380 ops took 1.000 sec, avg 0.725 ms, 1379.985 ops/sec
ECDHE [      SECP256R1]   256 agree         900 ops took 1.022 sec, avg 1.135 ms, 880.882 ops/sec
ECDSA [      SECP256R1]   256 sign         1200 ops took 1.028 sec, avg 0.856 ms, 1167.855 ops/sec
ECDSA [      SECP256R1]   256 verify        900 ops took 1.071 sec, avg 1.190 ms, 840.069 ops/sec
Benchmark complete
[SGXSan] ALWAYS: Enter enc_wolfSSL_Debugging_ON
[SGXSan] ALWAYS: Enter enc_wolfSSL_Debugging_OFF
[SGXSan] ALWAYS: Enter enc_wolfSSL_Cleanup
[SGXSan] ALWAYS: Enter enc_wolfSSL_Init
[SGXSan] ALWAYS: Enter enc_wolfSSL_new
[SGXSan] ALWAYS: Enter enc_wolfSSL_CTX_load_verify_buffer
[SGXSan] ALWAYS: Enter enc_wolfSSL_CTX_set_cipher_list
[SGXSan] ALWAYS: Enter enc_wolfSSL_connect
[SGXSan] ALWAYS: Enter enc_wolfSSL_CTX_use_certificate_buffer
[SGXSan] ALWAYS: Enter enc_wolfSSL_CTX_use_certificate_chain_buffer_format
[SGXSan] ALWAYS: Enter wc_test
------------------------------------------------------------------------------
 wolfSSL version 5.1.0
------------------------------------------------------------------------------
error    test passed!
MEMORY   test passed!
base64   test passed!
asn      test passed!
RANDOM   test passed!
MD5      test passed!
MD4      test passed!
SHA      test passed!
SHA-256  test passed!
Hash     test passed!
HMAC-MD5 test passed!
HMAC-SHA test passed!
HMAC-SHA256 test passed!
GMAC     test passed!
HC-128   test passed!
Rabbit   test passed!
DES      test passed!
DES3     test passed!
AES      test passed!
AES192   test passed!
AES256   test passed!
AES-GCM  test passed!
RSA      test passed!
DH       test passed!
DSA      test passed!
PWDBASED test passed!
ECC      test passed!
ECC buffer test passed!
logging  test passed!
mutex    test passed!
memcb    test failed!
 error = -13803
[SGXSan] ALWAYS: Enter enc_wolfSSL_read
[SGXSan] ALWAYS: Enter enc_wolfSSL_CTX_new
[SGXSan] ALWAYS: Enter enc_wolfTLSv1_2_server_method
[SGXSan] ALWAYS: Enter enc_wolfSSL_get_error
[SGXSan] ALWAYS: Enter enc_wolfTLSv1_2_client_method
#8	pulse  cov: 6291 ft: 6291 corp: 2/742Kb lim: 1000000 exec/s: 0 rss: 87Mb
[SGXSan] ALWAYS: Enter enc_wolfSSL_CTX_use_PrivateKey_buffer
[SGXSan] ALWAYS: Enter enc_wolfSSL_free
[SGXSan] ALWAYS: Enter enc_wolfSSL_set_fd
[SGXSan] ALWAYS: Enter enc_wolfSSL_write
[SGXSan] ALWAYS: Enter enc_wolfSSL_CTX_free
[SGXSan] ALWAYS: Enter wc_benchmark_test
------------------------------------------------------------------------------
 wolfSSL version 5.1.0
------------------------------------------------------------------------------
wolfCrypt Benchmark (block bytes 1048576, min 1.0 sec each)
RNG                 15 MB took 1.152 seconds,   13.023 MB/s
AES-128-CBC-enc     35 MB took 1.087 seconds,   32.208 MB/s
AES-128-CBC-dec     30 MB took 1.018 seconds,   29.481 MB/s
AES-192-CBC-enc     30 MB took 1.080 seconds,   27.773 MB/s
AES-192-CBC-dec     30 MB took 1.146 seconds,   26.167 MB/s
AES-256-CBC-enc     25 MB took 1.002 seconds,   24.948 MB/s
AES-256-CBC-dec     25 MB took 1.053 seconds,   23.740 MB/s
AES-128-GCM-enc     25 MB took 1.091 seconds,   22.913 MB/s
AES-128-GCM-dec     25 MB took 1.074 seconds,   23.284 MB/s
AES-192-GCM-enc     25 MB took 1.197 seconds,   20.879 MB/s
AES-192-GCM-dec     25 MB took 1.204 seconds,   20.757 MB/s
AES-256-GCM-enc     20 MB took 1.036 seconds,   19.306 MB/s
AES-256-GCM-dec     20 MB took 1.047 seconds,   19.101 MB/s
GMAC Table 4-bit    68 MB took 1.013 seconds,   67.113 MB/s
RABBIT              90 MB took 1.015 seconds,   88.651 MB/s
3DES                10 MB took 1.100 seconds,    9.092 MB/s
MD5                300 MB took 1.014 seconds,  295.736 MB/s
SHA                125 MB took 1.011 seconds,  123.581 MB/s
SHA-256             35 MB took 1.151 seconds,   30.411 MB/s
HMAC-MD5           300 MB took 1.009 seconds,  297.303 MB/s
HMAC-SHA           125 MB took 1.006 seconds,  124.195 MB/s
HMAC-SHA256         35 MB took 1.155 seconds,   30.292 MB/s
PBKDF2               4 KB took 1.007 seconds,    3.692 KB/s
RSA     2048 public       1400 ops took 1.016 sec, avg 0.726 ms, 1377.278 ops/sec
RSA     2048 private       100 ops took 3.787 sec, avg 37.866 ms, 26.409 ops/sec
DH      2048 key gen        64 ops took 1.014 sec, avg 15.836 ms, 63.146 ops/sec
DH      2048 agree         100 ops took 1.734 sec, avg 17.342 ms, 57.663 ops/sec
ECC   [      SECP256R1]   256 key gen      1289 ops took 1.000 sec, avg 0.776 ms, 1288.907 ops/sec
ECDHE [      SECP256R1]   256 agree         800 ops took 1.041 sec, avg 1.302 ms, 768.183 ops/sec
ECDSA [      SECP256R1]   256 sign         1100 ops took 1.050 sec, avg 0.954 ms, 1047.897 ops/sec
ECDSA [      SECP256R1]   256 verify        800 ops took 1.035 sec, avg 1.294 ms, 772.954 ops/sec
Benchmark complete
[SGXSan] ALWAYS: Enter enc_wolfSSL_Debugging_ON
[SGXSan] ALWAYS: Enter enc_wolfSSL_Debugging_OFF
[SGXSan] ALWAYS: Enter enc_wolfSSL_Cleanup
[SGXSan] ALWAYS: Enter enc_wolfSSL_Init
[SGXSan] ALWAYS: Enter enc_wolfSSL_new
[SGXSan] ALWAYS: Enter enc_wolfSSL_CTX_load_verify_buffer
[SGXSan] ALWAYS: Enter enc_wolfSSL_CTX_set_cipher_list
[SGXSan] ALWAYS: Enter enc_wolfSSL_connect
[SGXSan] ALWAYS: Enter enc_wolfSSL_CTX_use_certificate_buffer
[SGXSan] ALWAYS: Enter enc_wolfSSL_CTX_use_certificate_chain_buffer_format
[SGXSan] ALWAYS: Enter wc_test
------------------------------------------------------------------------------
 wolfSSL version 5.1.0
------------------------------------------------------------------------------
error    test passed!
MEMORY   test passed!
base64   test passed!
asn      test passed!
RANDOM   test passed!
MD5      test passed!
MD4      test passed!
SHA      test passed!
SHA-256  test passed!
Hash     test passed!
HMAC-MD5 test passed!
HMAC-SHA test passed!
HMAC-SHA256 test passed!
GMAC     test passed!
HC-128   test passed!
Rabbit   test passed!
DES      test passed!
DES3     test passed!
AES      test passed!
AES192   test passed!
AES256   test passed!
AES-GCM  test passed!
RSA      test passed!
DH       test passed!
DSA      test passed!
PWDBASED test passed!
ECC      test passed!
ECC buffer test passed!
logging  test passed!
mutex    test passed!
memcb    test failed!
 error = -13803
[SGXSan] ALWAYS: Enter enc_wolfSSL_read
[SGXSan] ALWAYS: Enter enc_wolfSSL_CTX_new
[SGXSan] ALWAYS: Enter enc_wolfTLSv1_2_server_method
[SGXSan] ALWAYS: Enter enc_wolfSSL_get_error
[SGXSan] ALWAYS: Enter enc_wolfTLSv1_2_client_method
#9	NEW    cov: 6291 ft: 6296 corp: 3/1123Kb lim: 1000000 exec/s: 0 rss: 94Mb L: 390122/390122 MS: 6 EraseBytes-Custom-InsertByte-Custom-CMP-Custom- DE: "open"-
#9	DONE   cov: 6291 ft: 6296 corp: 3/1123Kb lim: 1000000 exec/s: 0 rss: 94Mb
###### Recommended dictionary. ######
"open" # Uses: 0
###### End of recommended dictionary. ######
Done 9 runs in 382 second(s)
stat::number_of_executed_units: 9
stat::average_exec_per_sec:     0
stat::new_units_added:          1
stat::slowest_unit_time_sec:    42
stat::peak_rss_mb:              94
