WARNING: Failed to find function "__sanitizer_acquire_crash_state".
WARNING: Failed to find function "__sanitizer_print_stack_trace".
WARNING: Failed to find function "__sanitizer_set_death_callback".
[2023-01-15 21:28:55.360] [Init] Num of ECall: 22
[2023-01-15 21:28:55.360] ECalls:
  0 - fuzz_enc_wolfSSL_CTX_free
  1 - fuzz_enc_wolfSSL_CTX_load_verify_buffer
  2 - fuzz_enc_wolfSSL_CTX_new
  3 - fuzz_enc_wolfSSL_CTX_set_cipher_list
  4 - fuzz_enc_wolfSSL_CTX_use_PrivateKey_buffer
  5 - fuzz_enc_wolfSSL_CTX_use_certificate_buffer
  6 - fuzz_enc_wolfSSL_CTX_use_certificate_chain_buffer_format
  7 - fuzz_enc_wolfSSL_Cleanup
  8 - fuzz_enc_wolfSSL_Debugging_OFF
  9 - fuzz_enc_wolfSSL_Debugging_ON
  10 - fuzz_enc_wolfSSL_Init
  11 - fuzz_enc_wolfSSL_connect
  12 - fuzz_enc_wolfSSL_free
  13 - fuzz_enc_wolfSSL_get_error
  14 - fuzz_enc_wolfSSL_new
  15 - fuzz_enc_wolfSSL_read
  16 - fuzz_enc_wolfSSL_set_fd
  17 - fuzz_enc_wolfSSL_write
  18 - fuzz_enc_wolfTLSv1_2_client_method
  19 - fuzz_enc_wolfTLSv1_2_server_method
  20 - fuzz_wc_benchmark_test
  21 - fuzz_wc_test

INFO: found LLVMFuzzerCustomMutator (0x44ac30). Disabling -len_control by default.
INFO: libFuzzer ignores flags that start with '--'
INFO: Running with entropic power schedule (0xFF, 100).
INFO: Seed: 1260060204
INFO: Loaded 1 modules   (291 inline 8-bit counters): 291 [0x4cb7e8, 0x4cb90b), 
INFO: Loaded 1 PC tables (291 PCs): 291 [0x4cb910,0x4ccb40), 
INFO:        0 files found in /tmp/libFuzzerTemp.FuzzWithFork422940.dir/C265
[SGXSan] ALWAYS: Hook __sanitizer_cov_8bit_counters_init of Enclave, 21636 inline 8-bit counts [0x7f26745949c0, 0x7f2674599e44) (First time)
[SGXSan] ALWAYS: Hook __sanitizer_cov_pcs_init of Enclave, 21636 PCs [0x7f2674599e48, 0x7f26745ee688) (First time)
[SGXSan] ALWAYS: Enter enc_wolfSSL_CTX_free
[SGXSan] ALWAYS: Enter enc_wolfSSL_CTX_load_verify_buffer
[SGXSan] ALWAYS: Enter enc_wolfSSL_CTX_new
[SGXSan] ALWAYS: Enter enc_wolfSSL_CTX_set_cipher_list
[SGXSan] ALWAYS: Enter enc_wolfSSL_CTX_use_PrivateKey_buffer
[SGXSan] ALWAYS: Enter enc_wolfSSL_CTX_use_certificate_buffer
[SGXSan] ALWAYS: Enter enc_wolfSSL_CTX_use_certificate_chain_buffer_format
[SGXSan] ALWAYS: Enter enc_wolfSSL_Cleanup
[SGXSan] ALWAYS: Enter enc_wolfSSL_Debugging_OFF
[SGXSan] ALWAYS: Enter enc_wolfSSL_Debugging_ON
[SGXSan] ALWAYS: Enter enc_wolfSSL_Init
[SGXSan] ALWAYS: Enter enc_wolfSSL_connect
[SGXSan] ALWAYS: Enter enc_wolfSSL_free
[SGXSan] ALWAYS: Enter enc_wolfSSL_get_error
[SGXSan] ALWAYS: Enter enc_wolfSSL_new
[SGXSan] ALWAYS: Enter enc_wolfSSL_read
[SGXSan] ALWAYS: Enter enc_wolfSSL_set_fd
[SGXSan] ALWAYS: Enter enc_wolfSSL_write
[SGXSan] ALWAYS: Enter enc_wolfTLSv1_2_client_method
[SGXSan] ALWAYS: Enter enc_wolfTLSv1_2_server_method
[SGXSan] ALWAYS: Enter wc_benchmark_test
------------------------------------------------------------------------------
 wolfSSL version 5.1.0
------------------------------------------------------------------------------
wolfCrypt Benchmark (block bytes 1048576, min 1.0 sec each)
RNG                 15 MB took 1.194 seconds,   12.561 MB/s
AES-128-CBC-enc     35 MB took 1.091 seconds,   32.087 MB/s
AES-128-CBC-dec     35 MB took 1.159 seconds,   30.209 MB/s
AES-192-CBC-enc     30 MB took 1.070 seconds,   28.049 MB/s
AES-192-CBC-dec     30 MB took 1.157 seconds,   25.920 MB/s
AES-256-CBC-enc     25 MB took 1.005 seconds,   24.864 MB/s
AES-256-CBC-dec     25 MB took 1.067 seconds,   23.426 MB/s
AES-128-GCM-enc     25 MB took 1.068 seconds,   23.399 MB/s
AES-128-GCM-dec     25 MB took 1.066 seconds,   23.458 MB/s
AES-192-GCM-enc     25 MB took 1.197 seconds,   20.883 MB/s
AES-192-GCM-dec     25 MB took 1.207 seconds,   20.717 MB/s
AES-256-GCM-enc     20 MB took 1.044 seconds,   19.160 MB/s
AES-256-GCM-dec     20 MB took 1.036 seconds,   19.306 MB/s
GMAC Table 4-bit    68 MB took 1.015 seconds,   67.005 MB/s
RABBIT              90 MB took 1.012 seconds,   88.901 MB/s
3DES                10 MB took 1.393 seconds,    7.178 MB/s
MD5                265 MB took 1.004 seconds,  263.916 MB/s
SHA                125 MB took 1.005 seconds,  124.332 MB/s
SHA-256             35 MB took 1.161 seconds,   30.152 MB/s
HMAC-MD5           300 MB took 1.008 seconds,  297.671 MB/s
HMAC-SHA           125 MB took 1.001 seconds,  124.881 MB/s
HMAC-SHA256         35 MB took 1.160 seconds,   30.167 MB/s
PBKDF2               4 KB took 1.001 seconds,    3.715 KB/s
RSA     2048 public       1400 ops took 1.041 sec, avg 0.743 ms, 1345.414 ops/sec
RSA     2048 private       100 ops took 3.774 sec, avg 37.744 ms, 26.495 ops/sec
DH      2048 key gen        62 ops took 1.000 sec, avg 16.134 ms, 61.979 ops/sec
DH      2048 agree         100 ops took 1.654 sec, avg 16.536 ms, 60.473 ops/sec
ECC   [      SECP256R1]   256 key gen      1392 ops took 1.000 sec, avg 0.719 ms, 1391.662 ops/sec
ECDHE [      SECP256R1]   256 agree         900 ops took 1.017 sec, avg 1.130 ms, 885.163 ops/sec
ECDSA [      SECP256R1]   256 sign         1200 ops took 1.020 sec, avg 0.850 ms, 1176.950 ops/sec
ECDSA [      SECP256R1]   256 verify        900 ops took 1.071 sec, avg 1.190 ms, 840.661 ops/sec
Benchmark complete
[SGXSan] ALWAYS: Enter wc_test
INFO: seed corpus: files: 5 min: 370191b max: 390122b total: 1870886b rss: 43Mb
------------------------------------------------------------------------------
 wolfSSL version 5.1.0
------------------------------------------------------------------------------
error    test passed!
MEMORY   test passed!
base64   test passed!
asn      test passed!
RANDOM   test passed!
MD5      test passed!
MD4      test passed!
SHA      test passed!
SHA-256  test passed!
Hash     test passed!
HMAC-MD5 test passed!
HMAC-SHA test passed!
HMAC-SHA256 test passed!
GMAC     test passed!
HC-128   test passed!
Rabbit   test passed!
DES      test passed!
DES3     test passed!
AES      test passed!
AES192   test passed!
AES256   test passed!
AES-GCM  test passed!
RSA      test passed!
DH       test passed!
DSA      test passed!
PWDBASED test passed!
ECC      test passed!
ECC buffer test passed!
logging  test passed!
mutex    test passed!
memcb    test passed!
Test complete
[SGXSan] ALWAYS: Enter enc_wolfSSL_Debugging_OFF
[SGXSan] ALWAYS: Enter wc_test
------------------------------------------------------------------------------
 wolfSSL version 5.1.0
------------------------------------------------------------------------------
error    test passed!
MEMORY   test passed!
base64   test passed!
asn      test passed!
RANDOM   test passed!
MD5      test passed!
MD4      test passed!
SHA      test passed!
SHA-256  test passed!
Hash     test passed!
HMAC-MD5 test passed!
HMAC-SHA test passed!
HMAC-SHA256 test passed!
GMAC     test passed!
HC-128   test passed!
Rabbit   test passed!
DES      test passed!
DES3     test passed!
AES      test passed!
AES192   test passed!
AES256   test passed!
AES-GCM  test passed!
RSA      test passed!
DH       test passed!
DSA      test passed!
PWDBASED test passed!
ECC      test passed!
ECC buffer test passed!
logging  test passed!
mutex    test passed!
memcb    test failed!
 error = -13803
[SGXSan] ALWAYS: Enter enc_wolfSSL_CTX_set_cipher_list
[SGXSan] ALWAYS: Enter enc_wolfSSL_free
[SGXSan] ALWAYS: Enter enc_wolfSSL_get_error
[SGXSan] ALWAYS: Enter enc_wolfSSL_CTX_free
[SGXSan] ALWAYS: Enter enc_wolfSSL_Init
[SGXSan] ALWAYS: Enter enc_wolfSSL_CTX_new
[SGXSan] ALWAYS: Enter enc_wolfSSL_CTX_use_certificate_chain_buffer_format
[SGXSan] ALWAYS: Enter enc_wolfSSL_CTX_load_verify_buffer
[SGXSan] ALWAYS: Enter wc_benchmark_test
------------------------------------------------------------------------------
 wolfSSL version 5.1.0
------------------------------------------------------------------------------
wolfCrypt Benchmark (block bytes 1048576, min 1.0 sec each)
RNG                 15 MB took 1.156 seconds,   12.977 MB/s
AES-128-CBC-enc     35 MB took 1.079 seconds,   32.427 MB/s
AES-128-CBC-dec     30 MB took 1.008 seconds,   29.759 MB/s
AES-192-CBC-enc     30 MB took 1.102 seconds,   27.213 MB/s
AES-192-CBC-dec     30 MB took 1.154 seconds,   25.995 MB/s
AES-256-CBC-enc     25 MB took 1.009 seconds,   24.773 MB/s
AES-256-CBC-dec     25 MB took 1.057 seconds,   23.658 MB/s
AES-128-GCM-enc     25 MB took 1.068 seconds,   23.419 MB/s
AES-128-GCM-dec     25 MB took 1.061 seconds,   23.563 MB/s
AES-192-GCM-enc     25 MB took 1.202 seconds,   20.805 MB/s
AES-192-GCM-dec     25 MB took 1.191 seconds,   20.985 MB/s
AES-256-GCM-enc     20 MB took 1.046 seconds,   19.121 MB/s
AES-256-GCM-dec     20 MB took 1.044 seconds,   19.154 MB/s
GMAC Table 4-bit    68 MB took 1.012 seconds,   67.225 MB/s
RABBIT              90 MB took 1.022 seconds,   88.101 MB/s
3DES                10 MB took 1.112 seconds,    8.995 MB/s
MD5                295 MB took 1.006 seconds,  293.157 MB/s
SHA                130 MB took 1.039 seconds,  125.117 MB/s
SHA-256             35 MB took 1.164 seconds,   30.078 MB/s
HMAC-MD5           300 MB took 1.008 seconds,  297.637 MB/s
HMAC-SHA           125 MB took 1.022 seconds,  122.314 MB/s
HMAC-SHA256         35 MB took 1.160 seconds,   30.180 MB/s
PBKDF2               4 KB took 1.002 seconds,    3.679 KB/s
RSA     2048 public       1400 ops took 1.032 sec, avg 0.737 ms, 1356.198 ops/sec
RSA     2048 private       100 ops took 3.779 sec, avg 37.795 ms, 26.459 ops/sec
DH      2048 key gen        63 ops took 1.002 sec, avg 15.897 ms, 62.903 ops/sec
DH      2048 agree         100 ops took 1.577 sec, avg 15.768 ms, 63.419 ops/sec
ECC   [      SECP256R1]   256 key gen      1370 ops took 1.000 sec, avg 0.730 ms, 1369.521 ops/sec
ECDHE [      SECP256R1]   256 agree         900 ops took 1.031 sec, avg 1.145 ms, 873.113 ops/sec
ECDSA [      SECP256R1]   256 sign         1200 ops took 1.020 sec, avg 0.850 ms, 1176.836 ops/sec
ECDSA [      SECP256R1]   256 verify        900 ops took 1.069 sec, avg 1.188 ms, 841.597 ops/sec
Benchmark complete
[SGXSan] ALWAYS: Enter enc_wolfSSL_Cleanup
[SGXSan] ALWAYS: Enter enc_wolfSSL_set_fd
[SGXSan] ALWAYS: Enter enc_wolfSSL_Debugging_ON
[SGXSan] ALWAYS: Enter enc_wolfSSL_write
[SGXSan] ALWAYS: Enter enc_wolfSSL_new
[SGXSan] ALWAYS: Enter enc_wolfTLSv1_2_server_method
[SGXSan] ALWAYS: Enter enc_wolfSSL_CTX_use_PrivateKey_buffer
[SGXSan] ALWAYS: Enter enc_wolfTLSv1_2_client_method
[SGXSan] ALWAYS: Enter enc_wolfSSL_connect
[SGXSan] ALWAYS: Enter enc_wolfSSL_CTX_use_certificate_buffer
[SGXSan] ALWAYS: Enter enc_wolfSSL_read
#2	pulse  ft: 6289 exec/s: 0 rss: 49Mb
Slowest unit: 42 s:
artifact_prefix='./crashes/'; Test unit written to ./crashes/slow-unit-fc2a3918386db7eebd06936de7ccef9e93f69f53
[SGXSan] ALWAYS: Enter enc_wolfSSL_CTX_load_verify_buffer
[SGXSan] ALWAYS: Enter enc_wolfSSL_CTX_new
[SGXSan] ALWAYS: Enter enc_wolfSSL_CTX_free
[SGXSan] ALWAYS: Enter enc_wolfSSL_Debugging_ON
[SGXSan] ALWAYS: Enter wc_benchmark_test
------------------------------------------------------------------------------
 wolfSSL version 5.1.0
------------------------------------------------------------------------------
wolfCrypt Benchmark (block bytes 1048576, min 1.0 sec each)
RNG                 15 MB took 1.155 seconds,   12.983 MB/s
AES-128-CBC-enc     35 MB took 1.073 seconds,   32.619 MB/s
AES-128-CBC-dec     35 MB took 1.164 seconds,   30.063 MB/s
AES-192-CBC-enc     30 MB took 1.095 seconds,   27.392 MB/s
AES-192-CBC-dec     30 MB took 1.148 seconds,   26.142 MB/s
AES-256-CBC-enc     25 MB took 1.035 seconds,   24.165 MB/s
AES-256-CBC-dec     25 MB took 1.059 seconds,   23.617 MB/s
AES-128-GCM-enc     25 MB took 1.065 seconds,   23.484 MB/s
AES-128-GCM-dec     25 MB took 1.074 seconds,   23.271 MB/s
AES-192-GCM-enc     25 MB took 1.200 seconds,   20.841 MB/s
AES-192-GCM-dec     25 MB took 1.204 seconds,   20.756 MB/s
AES-256-GCM-enc     20 MB took 1.039 seconds,   19.249 MB/s
AES-256-GCM-dec     20 MB took 1.037 seconds,   19.278 MB/s
GMAC Table 4-bit    67 MB took 1.004 seconds,   66.748 MB/s
RABBIT              90 MB took 1.027 seconds,   87.603 MB/s
3DES                10 MB took 1.102 seconds,    9.072 MB/s
MD5                295 MB took 1.009 seconds,  292.311 MB/s
SHA                125 MB took 1.036 seconds,  120.697 MB/s
SHA-256             30 MB took 1.010 seconds,   29.696 MB/s
HMAC-MD5           295 MB took 1.005 seconds,  293.645 MB/s
HMAC-SHA           125 MB took 1.025 seconds,  122.004 MB/s
HMAC-SHA256         30 MB took 1.008 seconds,   29.776 MB/s
PBKDF2               4 KB took 1.001 seconds,    3.589 KB/s
RSA     2048 public       1400 ops took 1.041 sec, avg 0.744 ms, 1344.835 ops/sec
RSA     2048 private       100 ops took 3.801 sec, avg 38.010 ms, 26.309 ops/sec
DH      2048 key gen        62 ops took 1.016 sec, avg 16.390 ms, 61.013 ops/sec
DH      2048 agree         100 ops took 1.609 sec, avg 16.094 ms, 62.134 ops/sec
ECC   [      SECP256R1]   256 key gen      1356 ops took 1.000 sec, avg 0.738 ms, 1355.626 ops/sec
ECDHE [      SECP256R1]   256 agree         900 ops took 1.019 sec, avg 1.132 ms, 883.612 ops/sec
ECDSA [      SECP256R1]   256 sign         1200 ops took 1.051 sec, avg 0.876 ms, 1141.498 ops/sec
ECDSA [      SECP256R1]   256 verify        900 ops took 1.083 sec, avg 1.204 ms, 830.839 ops/sec
Benchmark complete
[SGXSan] ALWAYS: Enter enc_wolfTLSv1_2_server_method
[SGXSan] ALWAYS: Enter enc_wolfSSL_Debugging_OFF
[SGXSan] ALWAYS: Enter enc_wolfSSL_set_fd
[SGXSan] ALWAYS: Enter enc_wolfSSL_free
[SGXSan] ALWAYS: Enter enc_wolfSSL_Init
[SGXSan] ALWAYS: Enter enc_wolfTLSv1_2_client_method
[SGXSan] ALWAYS: Enter enc_wolfSSL_CTX_use_certificate_buffer
[SGXSan] ALWAYS: Enter enc_wolfSSL_Cleanup
[SGXSan] ALWAYS: Enter enc_wolfSSL_CTX_use_certificate_chain_buffer_format
[SGXSan] ALWAYS: Enter enc_wolfSSL_CTX_set_cipher_list
[SGXSan] ALWAYS: Enter enc_wolfSSL_get_error
[SGXSan] ALWAYS: Enter enc_wolfSSL_new
[SGXSan] ALWAYS: Enter enc_wolfSSL_read
[SGXSan] ALWAYS: Enter enc_wolfSSL_connect
[SGXSan] ALWAYS: Enter enc_wolfSSL_write
[SGXSan] ALWAYS: Enter enc_wolfSSL_CTX_use_PrivateKey_buffer
[SGXSan] ALWAYS: Enter wc_test
------------------------------------------------------------------------------
 wolfSSL version 5.1.0
------------------------------------------------------------------------------
error    test passed!
MEMORY   test passed!
base64   test passed!
asn      test passed!
RANDOM   test passed!
MD5      test passed!
MD4      test passed!
SHA      test passed!
SHA-256  test passed!
Hash     test passed!
HMAC-MD5 test passed!
HMAC-SHA test passed!
HMAC-SHA256 test passed!
GMAC     test passed!
HC-128   test passed!
Rabbit   test passed!
DES      test passed!
DES3     test passed!
AES      test passed!
AES192   test passed!
AES256   test passed!
AES-GCM  test passed!
RSA      test passed!
DH       test passed!
DSA      test passed!
PWDBASED test passed!
ECC      test passed!
ECC buffer test passed!
logging  test passed!
mutex    test passed!
memcb    test failed!
 error = -13803
[SGXSan] ALWAYS: Enter enc_wolfSSL_set_fd
[SGXSan] ALWAYS: Enter enc_wolfTLSv1_2_client_method
[SGXSan] ALWAYS: Enter enc_wolfSSL_CTX_new
[SGXSan] ALWAYS: Enter enc_wolfSSL_read
[SGXSan] ALWAYS: Enter enc_wolfSSL_CTX_set_cipher_list
[SGXSan] ALWAYS: Enter enc_wolfSSL_CTX_free
[SGXSan] ALWAYS: Enter enc_wolfSSL_new
[SGXSan] ALWAYS: Enter enc_wolfSSL_CTX_use_PrivateKey_buffer
[SGXSan] ALWAYS: Enter enc_wolfTLSv1_2_server_method
[SGXSan] ALWAYS: Enter enc_wolfSSL_CTX_load_verify_buffer
[SGXSan] ALWAYS: Enter enc_wolfSSL_connect
[SGXSan] ALWAYS: Enter enc_wolfSSL_Debugging_OFF
[SGXSan] ALWAYS: Enter enc_wolfSSL_CTX_use_certificate_buffer
[SGXSan] ALWAYS: Enter enc_wolfSSL_free
[SGXSan] ALWAYS: Enter enc_wolfSSL_Init
[SGXSan] ALWAYS: Enter enc_wolfSSL_CTX_use_certificate_chain_buffer_format
[SGXSan] ALWAYS: Enter wc_benchmark_test
------------------------------------------------------------------------------
 wolfSSL version 5.1.0
------------------------------------------------------------------------------
wolfCrypt Benchmark (block bytes 1048576, min 1.0 sec each)
RNG                 15 MB took 1.195 seconds,   12.557 MB/s
AES-128-CBC-enc     35 MB took 1.104 seconds,   31.696 MB/s
AES-128-CBC-dec     30 MB took 1.022 seconds,   29.359 MB/s
AES-192-CBC-enc     30 MB took 1.119 seconds,   26.799 MB/s
AES-192-CBC-dec     30 MB took 1.176 seconds,   25.508 MB/s
AES-256-CBC-enc     25 MB took 1.014 seconds,   24.653 MB/s
AES-256-CBC-dec     25 MB took 1.056 seconds,   23.675 MB/s
AES-128-GCM-enc     25 MB took 1.068 seconds,   23.414 MB/s
AES-128-GCM-dec     25 MB took 1.092 seconds,   22.884 MB/s
AES-192-GCM-enc     25 MB took 1.219 seconds,   20.509 MB/s
AES-192-GCM-dec     25 MB took 1.290 seconds,   19.374 MB/s
AES-256-GCM-enc     20 MB took 1.050 seconds,   19.045 MB/s
AES-256-GCM-dec     20 MB took 1.048 seconds,   19.077 MB/s
GMAC Table 4-bit    67 MB took 1.013 seconds,   66.134 MB/s
RABBIT              90 MB took 1.039 seconds,   86.649 MB/s
3DES                10 MB took 1.127 seconds,    8.877 MB/s
MD5                300 MB took 1.012 seconds,  296.528 MB/s
SHA                130 MB took 1.032 seconds,  126.027 MB/s
SHA-256             35 MB took 1.145 seconds,   30.578 MB/s
HMAC-MD5           300 MB took 1.015 seconds,  295.477 MB/s
HMAC-SHA           125 MB took 1.028 seconds,  121.641 MB/s
HMAC-SHA256         30 MB took 1.005 seconds,   29.839 MB/s
PBKDF2               4 KB took 1.003 seconds,    3.644 KB/s
RSA     2048 public       1400 ops took 1.050 sec, avg 0.750 ms, 1333.795 ops/sec
RSA     2048 private       100 ops took 3.846 sec, avg 38.461 ms, 26.000 ops/sec
DH      2048 key gen        63 ops took 1.009 sec, avg 16.016 ms, 62.438 ops/sec
DH      2048 agree         100 ops took 1.580 sec, avg 15.798 ms, 63.299 ops/sec
ECC   [      SECP256R1]   256 key gen      1373 ops took 1.000 sec, avg 0.729 ms, 1372.575 ops/sec
ECDHE [      SECP256R1]   256 agree         900 ops took 1.031 sec, avg 1.145 ms, 873.147 ops/sec
ECDSA [      SECP256R1]   256 sign         1200 ops took 1.033 sec, avg 0.861 ms, 1161.532 ops/sec
ECDSA [      SECP256R1]   256 verify        900 ops took 1.095 sec, avg 1.216 ms, 822.191 ops/sec
Benchmark complete
[SGXSan] ALWAYS: Enter enc_wolfSSL_Debugging_ON
[SGXSan] ALWAYS: Enter wc_test
------------------------------------------------------------------------------
 wolfSSL version 5.1.0
------------------------------------------------------------------------------
error    test passed!
MEMORY   test passed!
base64   test passed!
asn      test passed!
RANDOM   test passed!
MD5      test passed!
MD4      test passed!
SHA      test passed!
SHA-256  test passed!
Hash     test passed!
HMAC-MD5 test passed!
HMAC-SHA test passed!
HMAC-SHA256 test passed!
GMAC     test passed!
HC-128   test passed!
Rabbit   test passed!
DES      test passed!
DES3     test passed!
AES      test passed!
AES192   test passed!
AES256   test passed!
AES-GCM  test passed!
RSA      test passed!
DH       test passed!
DSA      test passed!
PWDBASED test passed!
ECC      test passed!
ECC buffer test passed!
logging  test passed!
mutex    test passed!
memcb    test failed!
 error = -13803
[SGXSan] ALWAYS: Enter enc_wolfSSL_Cleanup
[SGXSan] ALWAYS: Enter enc_wolfSSL_write
[SGXSan] ALWAYS: Enter enc_wolfSSL_get_error
#4	pulse  cov: 6290 ft: 6290 corp: 2/723Kb exec/s: 0 rss: 64Mb
[SGXSan] ALWAYS: Enter enc_wolfSSL_CTX_load_verify_buffer
[SGXSan] ALWAYS: Enter enc_wolfSSL_CTX_new
[SGXSan] ALWAYS: Enter enc_wolfSSL_CTX_free
[SGXSan] ALWAYS: Enter enc_wolfSSL_Debugging_ON
[SGXSan] ALWAYS: Enter wc_benchmark_test
------------------------------------------------------------------------------
 wolfSSL version 5.1.0
------------------------------------------------------------------------------
wolfCrypt Benchmark (block bytes 1048576, min 1.0 sec each)
RNG                 15 MB took 1.155 seconds,   12.989 MB/s
AES-128-CBC-enc     35 MB took 1.081 seconds,   32.382 MB/s
AES-128-CBC-dec     30 MB took 1.006 seconds,   29.807 MB/s
AES-192-CBC-enc     30 MB took 1.110 seconds,   27.031 MB/s
AES-192-CBC-dec     30 MB took 1.179 seconds,   25.437 MB/s
AES-256-CBC-enc     25 MB took 1.028 seconds,   24.318 MB/s
AES-256-CBC-dec     25 MB took 1.081 seconds,   23.124 MB/s
AES-128-GCM-enc     25 MB took 1.079 seconds,   23.168 MB/s
AES-128-GCM-dec     25 MB took 1.103 seconds,   22.670 MB/s
AES-192-GCM-enc     25 MB took 1.216 seconds,   20.558 MB/s
AES-192-GCM-dec     25 MB took 1.219 seconds,   20.507 MB/s
AES-256-GCM-enc     20 MB took 1.051 seconds,   19.037 MB/s
AES-256-GCM-dec     20 MB took 1.062 seconds,   18.833 MB/s
GMAC Table 4-bit    67 MB took 1.007 seconds,   66.537 MB/s
RABBIT              90 MB took 1.038 seconds,   86.713 MB/s
3DES                10 MB took 1.110 seconds,    9.009 MB/s
MD5                300 MB took 1.013 seconds,  296.054 MB/s
SHA                130 MB took 1.035 seconds,  125.656 MB/s
SHA-256             35 MB took 1.147 seconds,   30.511 MB/s
HMAC-MD5           300 MB took 1.015 seconds,  295.673 MB/s
HMAC-SHA           125 MB took 1.021 seconds,  122.488 MB/s
HMAC-SHA256         30 MB took 1.003 seconds,   29.924 MB/s
PBKDF2               4 KB took 1.001 seconds,    3.591 KB/s
RSA     2048 public       1400 ops took 1.051 sec, avg 0.750 ms, 1332.681 ops/sec
RSA     2048 private       100 ops took 3.819 sec, avg 38.186 ms, 26.188 ops/sec
DH      2048 key gen        63 ops took 1.005 sec, avg 15.958 ms, 62.663 ops/sec
DH      2048 agree         100 ops took 1.577 sec, avg 15.773 ms, 63.401 ops/sec
ECC   [      SECP256R1]   256 key gen      1391 ops took 1.000 sec, avg 0.719 ms, 1390.327 ops/sec
ECDHE [      SECP256R1]   256 agree         900 ops took 1.005 sec, avg 1.117 ms, 895.385 ops/sec
ECDSA [      SECP256R1]   256 sign         1200 ops took 1.027 sec, avg 0.856 ms, 1167.896 ops/sec
ECDSA [      SECP256R1]   256 verify        900 ops took 1.059 sec, avg 1.177 ms, 849.898 ops/sec
Benchmark complete
[SGXSan] ALWAYS: Enter enc_wolfTLSv1_2_server_method
[SGXSan] ALWAYS: Enter enc_wolfSSL_Debugging_OFF
[SGXSan] ALWAYS: Enter enc_wolfSSL_set_fd
[SGXSan] ALWAYS: Enter enc_wolfSSL_free
[SGXSan] ALWAYS: Enter enc_wolfSSL_Init
[SGXSan] ALWAYS: Enter enc_wolfTLSv1_2_client_method
[SGXSan] ALWAYS: Enter enc_wolfSSL_CTX_use_certificate_buffer
[SGXSan] ALWAYS: Enter enc_wolfSSL_Cleanup
[SGXSan] ALWAYS: Enter enc_wolfSSL_CTX_use_certificate_chain_buffer_format
[SGXSan] ALWAYS: Enter enc_wolfSSL_CTX_set_cipher_list
[SGXSan] ALWAYS: Enter enc_wolfSSL_get_error
[SGXSan] ALWAYS: Enter enc_wolfSSL_new
[SGXSan] ALWAYS: Enter enc_wolfSSL_read
[SGXSan] ALWAYS: Enter enc_wolfSSL_connect
[SGXSan] ALWAYS: Enter enc_wolfSSL_write
[SGXSan] ALWAYS: Enter enc_wolfSSL_CTX_use_PrivateKey_buffer
[SGXSan] ALWAYS: Enter wc_test
------------------------------------------------------------------------------
 wolfSSL version 5.1.0
------------------------------------------------------------------------------
error    test passed!
MEMORY   test passed!
base64   test passed!
asn      test passed!
RANDOM   test passed!
MD5      test passed!
MD4      test passed!
SHA      test passed!
SHA-256  test passed!
Hash     test passed!
HMAC-MD5 test passed!
HMAC-SHA test passed!
HMAC-SHA256 test passed!
GMAC     test passed!
HC-128   test passed!
Rabbit   test passed!
DES      test passed!
DES3     test passed!
AES      test passed!
AES192   test passed!
AES256   test passed!
AES-GCM  test passed!
RSA      test passed!
DH       test passed!
DSA      test passed!
PWDBASED test passed!
ECC      test passed!
ECC buffer test passed!
logging  test passed!
mutex    test passed!
memcb    test failed!
 error = -13803
[SGXSan] ALWAYS: Enter wc_test
------------------------------------------------------------------------------
 wolfSSL version 5.1.0
------------------------------------------------------------------------------
error    test passed!
MEMORY   test passed!
base64   test passed!
asn      test passed!
RANDOM   test passed!
MD5      test passed!
MD4      test passed!
SHA      test passed!
SHA-256  test passed!
Hash     test passed!
HMAC-MD5 test passed!
HMAC-SHA test passed!
HMAC-SHA256 test passed!
GMAC     test passed!
HC-128   test passed!
Rabbit   test passed!
DES      test passed!
DES3     test passed!
AES      test passed!
AES192   test passed!
AES256   test passed!
AES-GCM  test passed!
RSA      test passed!
DH       test passed!
DSA      test passed!
PWDBASED test passed!
ECC      test passed!
ECC buffer test passed!
logging  test passed!
mutex    test passed!
memcb    test failed!
 error = -13803
[SGXSan] ALWAYS: Enter enc_wolfTLSv1_2_client_method
[SGXSan] ALWAYS: Enter enc_wolfSSL_CTX_set_cipher_list
[SGXSan] ALWAYS: Enter enc_wolfSSL_get_error
[SGXSan] ALWAYS: Enter enc_wolfSSL_Init
[SGXSan] ALWAYS: Enter enc_wolfSSL_CTX_load_verify_buffer
[SGXSan] ALWAYS: Enter enc_wolfSSL_free
[SGXSan] ALWAYS: Enter enc_wolfSSL_CTX_use_certificate_chain_buffer_format
[SGXSan] ALWAYS: Enter enc_wolfSSL_set_fd
[SGXSan] ALWAYS: Enter enc_wolfSSL_new
[SGXSan] ALWAYS: Enter enc_wolfSSL_Debugging_ON
[SGXSan] ALWAYS: Enter enc_wolfSSL_Debugging_OFF
[SGXSan] ALWAYS: Enter enc_wolfSSL_CTX_use_certificate_buffer
[SGXSan] ALWAYS: Enter enc_wolfTLSv1_2_server_method
[SGXSan] ALWAYS: Enter enc_wolfSSL_read
[SGXSan] ALWAYS: Enter enc_wolfSSL_connect
[SGXSan] ALWAYS: Enter enc_wolfSSL_write
[SGXSan] ALWAYS: Enter enc_wolfSSL_CTX_new
[SGXSan] ALWAYS: Enter enc_wolfSSL_CTX_free
[SGXSan] ALWAYS: Enter enc_wolfSSL_CTX_use_PrivateKey_buffer
[SGXSan] ALWAYS: Enter enc_wolfSSL_Cleanup
[SGXSan] ALWAYS: Enter wc_benchmark_test
#6	INITED cov: 6290 ft: 6290 corp: 2/723Kb exec/s: 0 rss: 75Mb
------------------------------------------------------------------------------
 wolfSSL version 5.1.0
------------------------------------------------------------------------------
wolfCrypt Benchmark (block bytes 1048576, min 1.0 sec each)
RNG                 15 MB took 1.156 seconds,   12.977 MB/s
AES-128-CBC-enc     35 MB took 1.076 seconds,   32.529 MB/s
AES-128-CBC-dec     35 MB took 1.164 seconds,   30.077 MB/s
AES-192-CBC-enc     30 MB took 1.102 seconds,   27.228 MB/s
AES-192-CBC-dec     30 MB took 1.179 seconds,   25.442 MB/s
AES-256-CBC-enc     25 MB took 1.005 seconds,   24.875 MB/s
AES-256-CBC-dec     25 MB took 1.058 seconds,   23.627 MB/s
AES-128-GCM-enc     25 MB took 1.068 seconds,   23.398 MB/s
AES-128-GCM-dec     25 MB took 1.061 seconds,   23.568 MB/s
AES-192-GCM-enc     25 MB took 1.212 seconds,   20.622 MB/s
AES-192-GCM-dec     25 MB took 1.194 seconds,   20.934 MB/s
AES-256-GCM-enc     20 MB took 1.046 seconds,   19.128 MB/s
AES-256-GCM-dec     20 MB took 1.042 seconds,   19.187 MB/s
GMAC Table 4-bit    67 MB took 1.001 seconds,   66.924 MB/s
RABBIT              90 MB took 1.025 seconds,   87.837 MB/s
3DES                10 MB took 1.113 seconds,    8.982 MB/s
MD5                295 MB took 1.003 seconds,  294.023 MB/s
SHA                130 MB took 1.037 seconds,  125.397 MB/s
SHA-256             35 MB took 1.149 seconds,   30.451 MB/s
HMAC-MD5           300 MB took 1.008 seconds,  297.548 MB/s
HMAC-SHA           125 MB took 1.001 seconds,  124.873 MB/s
HMAC-SHA256         30 MB took 1.005 seconds,   29.838 MB/s
PBKDF2               4 KB took 1.008 seconds,    3.688 KB/s
RSA     2048 public       1400 ops took 1.037 sec, avg 0.741 ms, 1350.417 ops/sec
RSA     2048 private       100 ops took 3.780 sec, avg 37.797 ms, 26.457 ops/sec
DH      2048 key gen        64 ops took 1.008 sec, avg 15.745 ms, 63.513 ops/sec
DH      2048 agree         100 ops took 1.581 sec, avg 15.812 ms, 63.242 ops/sec
ECC   [      SECP256R1]   256 key gen      1381 ops took 1.001 sec, avg 0.725 ms, 1380.113 ops/sec
ECDHE [      SECP256R1]   256 agree         900 ops took 1.005 sec, avg 1.116 ms, 895.867 ops/sec
ECDSA [      SECP256R1]   256 sign         1200 ops took 1.025 sec, avg 0.854 ms, 1171.204 ops/sec
ECDSA [      SECP256R1]   256 verify        900 ops took 1.062 sec, avg 1.180 ms, 847.161 ops/sec
Benchmark complete
[SGXSan] ALWAYS: Enter wc_benchmark_test
------------------------------------------------------------------------------
 wolfSSL version 5.1.0
------------------------------------------------------------------------------
wolfCrypt Benchmark (block bytes 1048576, min 1.0 sec each)
RNG                 15 MB took 1.157 seconds,   12.969 MB/s
AES-128-CBC-enc     35 MB took 1.080 seconds,   32.416 MB/s
AES-128-CBC-dec     35 MB took 1.163 seconds,   30.094 MB/s
AES-192-CBC-enc     30 MB took 1.089 seconds,   27.555 MB/s
AES-192-CBC-dec     30 MB took 1.159 seconds,   25.887 MB/s
AES-256-CBC-enc     25 MB took 1.018 seconds,   24.558 MB/s
AES-256-CBC-dec     25 MB took 1.062 seconds,   23.543 MB/s
AES-128-GCM-enc     25 MB took 1.070 seconds,   23.360 MB/s
AES-128-GCM-dec     25 MB took 1.061 seconds,   23.552 MB/s
AES-192-GCM-enc     25 MB took 1.206 seconds,   20.722 MB/s
AES-192-GCM-dec     25 MB took 1.200 seconds,   20.842 MB/s
AES-256-GCM-enc     20 MB took 1.042 seconds,   19.201 MB/s
AES-256-GCM-dec     20 MB took 1.037 seconds,   19.292 MB/s
GMAC Table 4-bit    68 MB took 1.013 seconds,   67.154 MB/s
RABBIT              90 MB took 1.010 seconds,   89.151 MB/s
3DES                10 MB took 1.127 seconds,    8.876 MB/s
MD5                300 MB took 1.010 seconds,  296.896 MB/s
SHA                125 MB took 1.003 seconds,  124.614 MB/s
SHA-256             35 MB took 1.157 seconds,   30.252 MB/s
HMAC-MD5           300 MB took 1.008 seconds,  297.634 MB/s
HMAC-SHA           130 MB took 1.038 seconds,  125.184 MB/s
HMAC-SHA256         30 MB took 1.010 seconds,   29.703 MB/s
PBKDF2               4 KB took 1.002 seconds,    3.711 KB/s
RSA     2048 public       1400 ops took 1.030 sec, avg 0.736 ms, 1359.449 ops/sec
RSA     2048 private       100 ops took 4.803 sec, avg 48.026 ms, 20.822 ops/sec
DH      2048 key gen        63 ops took 1.014 sec, avg 16.088 ms, 62.158 ops/sec
DH      2048 agree         100 ops took 1.581 sec, avg 15.809 ms, 63.256 ops/sec
ECC   [      SECP256R1]   256 key gen      1386 ops took 1.001 sec, avg 0.722 ms, 1385.148 ops/sec
ECDHE [      SECP256R1]   256 agree         900 ops took 1.015 sec, avg 1.128 ms, 886.291 ops/sec
ECDSA [      SECP256R1]   256 sign         1200 ops took 1.021 sec, avg 0.851 ms, 1174.873 ops/sec
ECDSA [      SECP256R1]   256 verify        900 ops took 1.074 sec, avg 1.194 ms, 837.618 ops/sec
Benchmark complete
[SGXSan] ALWAYS: Enter enc_wolfSSL_get_error
[SGXSan] ALWAYS: Enter enc_wolfSSL_free
[SGXSan] ALWAYS: Enter enc_wolfSSL_Debugging_OFF
[SGXSan] ALWAYS: Enter enc_wolfSSL_connect
[SGXSan] ALWAYS: Enter wc_test
------------------------------------------------------------------------------
 wolfSSL version 5.1.0
------------------------------------------------------------------------------
error    test passed!
MEMORY   test passed!
base64   test passed!
asn      test passed!
RANDOM   test passed!
MD5      test passed!
MD4      test passed!
SHA      test passed!
SHA-256  test passed!
Hash     test passed!
HMAC-MD5 test passed!
HMAC-SHA test passed!
HMAC-SHA256 test passed!
GMAC     test passed!
HC-128   test passed!
Rabbit   test passed!
DES      test passed!
DES3     test passed!
AES      test passed!
AES192   test passed!
AES256   test passed!
AES-GCM  test passed!
RSA      test passed!
DH       test passed!
DSA      test passed!
PWDBASED test passed!
ECC      test passed!
ECC buffer test passed!
logging  test passed!
mutex    test passed!
memcb    test failed!
 error = -13803
[SGXSan] ALWAYS: Enter enc_wolfSSL_CTX_use_certificate_chain_buffer_format
[SGXSan] ALWAYS: Enter enc_wolfSSL_set_fd
[SGXSan] ALWAYS: Enter enc_wolfSSL_read
[SGXSan] ALWAYS: Enter enc_wolfSSL_Cleanup
[SGXSan] ALWAYS: Enter enc_wolfSSL_CTX_set_cipher_list
[SGXSan] ALWAYS: Enter enc_wolfSSL_Debugging_ON
[SGXSan] ALWAYS: Enter enc_wolfSSL_write
[SGXSan] ALWAYS: Enter enc_wolfSSL_CTX_new
[SGXSan] ALWAYS: Enter enc_wolfSSL_Init
[SGXSan] ALWAYS: Enter enc_wolfTLSv1_2_server_method
[SGXSan] ALWAYS: Enter enc_wolfSSL_CTX_use_certificate_buffer
[SGXSan] ALWAYS: Enter enc_wolfSSL_new
[SGXSan] ALWAYS: Enter enc_wolfSSL_CTX_free
[SGXSan] ALWAYS: Enter enc_wolfSSL_CTX_use_PrivateKey_buffer
[SGXSan] ALWAYS: Enter enc_wolfSSL_CTX_load_verify_buffer
[SGXSan] ALWAYS: Enter enc_wolfTLSv1_2_client_method
#7	NEW    cov: 6291 ft: 6291 corp: 3/1104Kb lim: 1000000 exec/s: 0 rss: 82Mb L: 390122/390122 MS: 2 ChangeBit-Custom-
#7	DONE   cov: 6291 ft: 6291 corp: 3/1104Kb lim: 1000000 exec/s: 0 rss: 82Mb
Done 7 runs in 298 second(s)
stat::number_of_executed_units: 7
stat::average_exec_per_sec:     0
stat::new_units_added:          1
stat::slowest_unit_time_sec:    42
stat::peak_rss_mb:              82
