WARNING: Failed to find function "__sanitizer_acquire_crash_state".
WARNING: Failed to find function "__sanitizer_print_stack_trace".
WARNING: Failed to find function "__sanitizer_set_death_callback".
[2023-01-15 21:34:36.158] [Init] Num of ECall: 22
[2023-01-15 21:34:36.158] ECalls:
  0 - fuzz_enc_wolfSSL_CTX_free
  1 - fuzz_enc_wolfSSL_CTX_load_verify_buffer
  2 - fuzz_enc_wolfSSL_CTX_new
  3 - fuzz_enc_wolfSSL_CTX_set_cipher_list
  4 - fuzz_enc_wolfSSL_CTX_use_PrivateKey_buffer
  5 - fuzz_enc_wolfSSL_CTX_use_certificate_buffer
  6 - fuzz_enc_wolfSSL_CTX_use_certificate_chain_buffer_format
  7 - fuzz_enc_wolfSSL_Cleanup
  8 - fuzz_enc_wolfSSL_Debugging_OFF
  9 - fuzz_enc_wolfSSL_Debugging_ON
  10 - fuzz_enc_wolfSSL_Init
  11 - fuzz_enc_wolfSSL_connect
  12 - fuzz_enc_wolfSSL_free
  13 - fuzz_enc_wolfSSL_get_error
  14 - fuzz_enc_wolfSSL_new
  15 - fuzz_enc_wolfSSL_read
  16 - fuzz_enc_wolfSSL_set_fd
  17 - fuzz_enc_wolfSSL_write
  18 - fuzz_enc_wolfTLSv1_2_client_method
  19 - fuzz_enc_wolfTLSv1_2_server_method
  20 - fuzz_wc_benchmark_test
  21 - fuzz_wc_test

INFO: found LLVMFuzzerCustomMutator (0x44ac30). Disabling -len_control by default.
INFO: libFuzzer ignores flags that start with '--'
INFO: Running with entropic power schedule (0xFF, 100).
INFO: Seed: 2754717069
INFO: Loaded 1 modules   (291 inline 8-bit counters): 291 [0x4cb7e8, 0x4cb90b), 
INFO: Loaded 1 PC tables (291 PCs): 291 [0x4cb910,0x4ccb40), 
INFO:        0 files found in /tmp/libFuzzerTemp.FuzzWithFork422940.dir/C267
[SGXSan] ALWAYS: Hook __sanitizer_cov_8bit_counters_init of Enclave, 21636 inline 8-bit counts [0x7fef0ceb39c0, 0x7fef0ceb8e44) (First time)
[SGXSan] ALWAYS: Hook __sanitizer_cov_pcs_init of Enclave, 21636 PCs [0x7fef0ceb8e48, 0x7fef0cf0d688) (First time)
[SGXSan] ALWAYS: Enter enc_wolfSSL_CTX_free
[SGXSan] ALWAYS: Enter enc_wolfSSL_CTX_load_verify_buffer
[SGXSan] ALWAYS: Enter enc_wolfSSL_CTX_new
[SGXSan] ALWAYS: Enter enc_wolfSSL_CTX_set_cipher_list
[SGXSan] ALWAYS: Enter enc_wolfSSL_CTX_use_PrivateKey_buffer
[SGXSan] ALWAYS: Enter enc_wolfSSL_CTX_use_certificate_buffer
[SGXSan] ALWAYS: Enter enc_wolfSSL_CTX_use_certificate_chain_buffer_format
[SGXSan] ALWAYS: Enter enc_wolfSSL_Cleanup
[SGXSan] ALWAYS: Enter enc_wolfSSL_Debugging_OFF
[SGXSan] ALWAYS: Enter enc_wolfSSL_Debugging_ON
[SGXSan] ALWAYS: Enter enc_wolfSSL_Init
[SGXSan] ALWAYS: Enter enc_wolfSSL_connect
[SGXSan] ALWAYS: Enter enc_wolfSSL_free
[SGXSan] ALWAYS: Enter enc_wolfSSL_get_error
[SGXSan] ALWAYS: Enter enc_wolfSSL_new
[SGXSan] ALWAYS: Enter enc_wolfSSL_read
[SGXSan] ALWAYS: Enter enc_wolfSSL_set_fd
[SGXSan] ALWAYS: Enter enc_wolfSSL_write
[SGXSan] ALWAYS: Enter enc_wolfTLSv1_2_client_method
[SGXSan] ALWAYS: Enter enc_wolfTLSv1_2_server_method
[SGXSan] ALWAYS: Enter wc_benchmark_test
------------------------------------------------------------------------------
 wolfSSL version 5.1.0
------------------------------------------------------------------------------
wolfCrypt Benchmark (block bytes 1048576, min 1.0 sec each)
RNG                 15 MB took 1.151 seconds,   13.027 MB/s
AES-128-CBC-enc     35 MB took 1.081 seconds,   32.379 MB/s
AES-128-CBC-dec     30 MB took 1.007 seconds,   29.780 MB/s
AES-192-CBC-enc     30 MB took 1.107 seconds,   27.091 MB/s
AES-192-CBC-dec     30 MB took 1.153 seconds,   26.026 MB/s
AES-256-CBC-enc     25 MB took 1.006 seconds,   24.860 MB/s
AES-256-CBC-dec     25 MB took 1.058 seconds,   23.628 MB/s
AES-128-GCM-enc     25 MB took 1.090 seconds,   22.945 MB/s
AES-128-GCM-dec     25 MB took 1.069 seconds,   23.380 MB/s
AES-192-GCM-enc     25 MB took 1.211 seconds,   20.643 MB/s
AES-192-GCM-dec     25 MB took 1.210 seconds,   20.668 MB/s
AES-256-GCM-enc     20 MB took 1.043 seconds,   19.175 MB/s
AES-256-GCM-dec     20 MB took 1.046 seconds,   19.122 MB/s
GMAC Table 4-bit    67 MB took 1.006 seconds,   66.603 MB/s
RABBIT              90 MB took 1.018 seconds,   88.375 MB/s
3DES                10 MB took 1.106 seconds,    9.038 MB/s
MD5                300 MB took 1.012 seconds,  296.537 MB/s
SHA                130 MB took 1.035 seconds,  125.568 MB/s
SHA-256             35 MB took 1.157 seconds,   30.261 MB/s
HMAC-MD5           305 MB took 1.015 seconds,  300.506 MB/s
HMAC-SHA           125 MB took 1.012 seconds,  123.507 MB/s
HMAC-SHA256         35 MB took 1.153 seconds,   30.343 MB/s
PBKDF2               4 KB took 1.002 seconds,    3.680 KB/s
RSA     2048 public       1400 ops took 1.034 sec, avg 0.739 ms, 1353.472 ops/sec
RSA     2048 private       100 ops took 3.775 sec, avg 37.752 ms, 26.489 ops/sec
DH      2048 key gen        63 ops took 1.002 sec, avg 15.910 ms, 62.853 ops/sec
DH      2048 agree         100 ops took 1.576 sec, avg 15.760 ms, 63.452 ops/sec
ECC   [      SECP256R1]   256 key gen      1376 ops took 1.000 sec, avg 0.727 ms, 1375.512 ops/sec
ECDHE [      SECP256R1]   256 agree         900 ops took 1.012 sec, avg 1.125 ms, 889.190 ops/sec
ECDSA [      SECP256R1]   256 sign         1200 ops took 1.043 sec, avg 0.869 ms, 1150.736 ops/sec
ECDSA [      SECP256R1]   256 verify        900 ops took 1.068 sec, avg 1.186 ms, 842.893 ops/sec
Benchmark complete
[SGXSan] ALWAYS: Enter wc_test
INFO: seed corpus: files: 5 min: 370191b max: 390122b total: 1930679b rss: 43Mb
------------------------------------------------------------------------------
 wolfSSL version 5.1.0
------------------------------------------------------------------------------
error    test passed!
MEMORY   test passed!
base64   test passed!
asn      test passed!
RANDOM   test passed!
MD5      test passed!
MD4      test passed!
SHA      test passed!
SHA-256  test passed!
Hash     test passed!
HMAC-MD5 test passed!
HMAC-SHA test passed!
HMAC-SHA256 test passed!
GMAC     test passed!
HC-128   test passed!
Rabbit   test passed!
DES      test passed!
DES3     test passed!
AES      test passed!
AES192   test passed!
AES256   test passed!
AES-GCM  test passed!
RSA      test passed!
DH       test passed!
DSA      test passed!
PWDBASED test passed!
ECC      test passed!
ECC buffer test passed!
logging  test passed!
mutex    test passed!
memcb    test passed!
Test complete
[SGXSan] ALWAYS: Enter enc_wolfTLSv1_2_server_method
[SGXSan] ALWAYS: Enter enc_wolfSSL_Debugging_ON
[SGXSan] ALWAYS: Enter enc_wolfSSL_CTX_use_PrivateKey_buffer
[SGXSan] ALWAYS: Enter enc_wolfSSL_new
[SGXSan] ALWAYS: Enter enc_wolfSSL_CTX_free
[SGXSan] ALWAYS: Enter enc_wolfSSL_get_error
[SGXSan] ALWAYS: Enter enc_wolfSSL_Debugging_OFF
[SGXSan] ALWAYS: Enter enc_wolfSSL_CTX_load_verify_buffer
[SGXSan] ALWAYS: Enter enc_wolfSSL_CTX_use_certificate_chain_buffer_format
[SGXSan] ALWAYS: Enter enc_wolfSSL_CTX_use_certificate_buffer
[SGXSan] ALWAYS: Enter wc_test
------------------------------------------------------------------------------
 wolfSSL version 5.1.0
------------------------------------------------------------------------------
error    test passed!
MEMORY   test passed!
base64   test passed!
asn      test passed!
RANDOM   test passed!
MD5      test passed!
MD4      test passed!
SHA      test passed!
SHA-256  test passed!
Hash     test passed!
HMAC-MD5 test passed!
HMAC-SHA test passed!
HMAC-SHA256 test passed!
GMAC     test passed!
HC-128   test passed!
Rabbit   test passed!
DES      test passed!
DES3     test passed!
AES      test passed!
AES192   test passed!
AES256   test passed!
AES-GCM  test passed!
RSA      test passed!
DH       test passed!
DSA      test passed!
PWDBASED test passed!
ECC      test passed!
ECC buffer test passed!
logging  test passed!
mutex    test passed!
memcb    test failed!
 error = -13803
[SGXSan] ALWAYS: Enter wc_benchmark_test
------------------------------------------------------------------------------
 wolfSSL version 5.1.0
------------------------------------------------------------------------------
wolfCrypt Benchmark (block bytes 1048576, min 1.0 sec each)
RNG                 15 MB took 1.149 seconds,   13.054 MB/s
AES-128-CBC-enc     35 MB took 1.085 seconds,   32.256 MB/s
AES-128-CBC-dec     30 MB took 1.026 seconds,   29.236 MB/s
AES-192-CBC-enc     30 MB took 1.107 seconds,   27.096 MB/s
AES-192-CBC-dec     30 MB took 1.157 seconds,   25.920 MB/s
AES-256-CBC-enc     25 MB took 1.012 seconds,   24.704 MB/s
AES-256-CBC-dec     25 MB took 1.102 seconds,   22.683 MB/s
AES-128-GCM-enc     25 MB took 1.111 seconds,   22.493 MB/s
AES-128-GCM-dec     25 MB took 1.072 seconds,   23.325 MB/s
AES-192-GCM-enc     25 MB took 1.211 seconds,   20.644 MB/s
AES-192-GCM-dec     25 MB took 1.201 seconds,   20.812 MB/s
AES-256-GCM-enc     20 MB took 1.049 seconds,   19.073 MB/s
AES-256-GCM-dec     20 MB took 1.055 seconds,   18.966 MB/s
GMAC Table 4-bit    68 MB took 1.014 seconds,   67.049 MB/s
RABBIT              90 MB took 1.031 seconds,   87.278 MB/s
3DES                10 MB took 1.113 seconds,    8.983 MB/s
MD5                300 MB took 1.007 seconds,  297.816 MB/s
SHA                125 MB took 1.019 seconds,  122.639 MB/s
SHA-256             35 MB took 1.159 seconds,   30.193 MB/s
HMAC-MD5           295 MB took 1.000 seconds,  294.940 MB/s
HMAC-SHA           125 MB took 1.003 seconds,  124.639 MB/s
HMAC-SHA256         35 MB took 1.156 seconds,   30.264 MB/s
PBKDF2               4 KB took 1.000 seconds,    3.655 KB/s
RSA     2048 public       1400 ops took 1.040 sec, avg 0.743 ms, 1346.054 ops/sec
RSA     2048 private       100 ops took 3.776 sec, avg 37.757 ms, 26.485 ops/sec
DH      2048 key gen        63 ops took 1.015 sec, avg 16.118 ms, 62.042 ops/sec
DH      2048 agree         100 ops took 1.592 sec, avg 15.917 ms, 62.825 ops/sec
ECC   [      SECP256R1]   256 key gen      1358 ops took 1.000 sec, avg 0.737 ms, 1357.358 ops/sec
ECDHE [      SECP256R1]   256 agree        1000 ops took 1.110 sec, avg 1.110 ms, 900.519 ops/sec
ECDSA [      SECP256R1]   256 sign         1200 ops took 1.021 sec, avg 0.851 ms, 1175.060 ops/sec
ECDSA [      SECP256R1]   256 verify        900 ops took 1.086 sec, avg 1.207 ms, 828.667 ops/sec
Benchmark complete
[SGXSan] ALWAYS: Enter enc_wolfSSL_Cleanup
[SGXSan] ALWAYS: Enter enc_wolfSSL_write
[SGXSan] ALWAYS: Enter enc_wolfSSL_CTX_set_cipher_list
[SGXSan] ALWAYS: Enter enc_wolfSSL_CTX_new
[SGXSan] ALWAYS: Enter enc_wolfSSL_read
[SGXSan] ALWAYS: Enter enc_wolfSSL_free
[SGXSan] ALWAYS: Enter enc_wolfTLSv1_2_client_method
[SGXSan] ALWAYS: Enter enc_wolfSSL_connect
[SGXSan] ALWAYS: Enter enc_wolfSSL_Init
[SGXSan] ALWAYS: Enter enc_wolfSSL_set_fd
#2	pulse  ft: 6299 exec/s: 0 rss: 49Mb
Slowest unit: 42 s:
artifact_prefix='./crashes/'; Test unit written to ./crashes/slow-unit-c404165af8b2748707d8b2d07561dcba808d3638
[SGXSan] ALWAYS: Enter enc_wolfSSL_CTX_use_PrivateKey_buffer
[SGXSan] ALWAYS: Enter enc_wolfSSL_free
[SGXSan] ALWAYS: Enter enc_wolfSSL_set_fd
[SGXSan] ALWAYS: Enter enc_wolfSSL_write
[SGXSan] ALWAYS: Enter enc_wolfSSL_CTX_free
[SGXSan] ALWAYS: Enter wc_benchmark_test
------------------------------------------------------------------------------
 wolfSSL version 5.1.0
------------------------------------------------------------------------------
wolfCrypt Benchmark (block bytes 1048576, min 1.0 sec each)
RNG                 15 MB took 1.166 seconds,   12.868 MB/s
AES-128-CBC-enc     35 MB took 1.092 seconds,   32.045 MB/s
AES-128-CBC-dec     35 MB took 1.148 seconds,   30.491 MB/s
AES-192-CBC-enc     30 MB took 1.075 seconds,   27.916 MB/s
AES-192-CBC-dec     30 MB took 1.158 seconds,   25.901 MB/s
AES-256-CBC-enc     30 MB took 1.181 seconds,   25.407 MB/s
AES-256-CBC-dec     25 MB took 1.040 seconds,   24.032 MB/s
AES-128-GCM-enc     25 MB took 1.071 seconds,   23.340 MB/s
AES-128-GCM-dec     25 MB took 1.053 seconds,   23.749 MB/s
AES-192-GCM-enc     25 MB took 1.215 seconds,   20.582 MB/s
AES-192-GCM-dec     25 MB took 1.190 seconds,   21.016 MB/s
AES-256-GCM-enc     20 MB took 1.051 seconds,   19.030 MB/s
AES-256-GCM-dec     20 MB took 1.042 seconds,   19.187 MB/s
GMAC Table 4-bit    67 MB took 1.002 seconds,   66.889 MB/s
RABBIT              90 MB took 1.030 seconds,   87.377 MB/s
3DES                10 MB took 1.118 seconds,    8.942 MB/s
MD5                300 MB took 1.012 seconds,  296.497 MB/s
SHA                130 MB took 1.016 seconds,  127.904 MB/s
SHA-256             35 MB took 1.135 seconds,   30.835 MB/s
HMAC-MD5           300 MB took 1.002 seconds,  299.401 MB/s
HMAC-SHA           130 MB took 1.033 seconds,  125.899 MB/s
HMAC-SHA256         30 MB took 1.019 seconds,   29.446 MB/s
PBKDF2               4 KB took 1.000 seconds,    3.687 KB/s
RSA     2048 public       1400 ops took 1.026 sec, avg 0.733 ms, 1364.230 ops/sec
RSA     2048 private       100 ops took 3.769 sec, avg 37.694 ms, 26.529 ops/sec
DH      2048 key gen        65 ops took 1.001 sec, avg 15.400 ms, 64.935 ops/sec
DH      2048 agree         100 ops took 1.562 sec, avg 15.624 ms, 64.002 ops/sec
ECC   [      SECP256R1]   256 key gen      1387 ops took 1.000 sec, avg 0.721 ms, 1386.484 ops/sec
ECDHE [      SECP256R1]   256 agree         900 ops took 1.010 sec, avg 1.122 ms, 891.301 ops/sec
ECDSA [      SECP256R1]   256 sign         1200 ops took 1.033 sec, avg 0.861 ms, 1161.896 ops/sec
ECDSA [      SECP256R1]   256 verify        900 ops took 1.097 sec, avg 1.219 ms, 820.211 ops/sec
Benchmark complete
[SGXSan] ALWAYS: Enter enc_wolfSSL_Debugging_ON
[SGXSan] ALWAYS: Enter enc_wolfSSL_Debugging_OFF
[SGXSan] ALWAYS: Enter enc_wolfSSL_Cleanup
[SGXSan] ALWAYS: Enter enc_wolfSSL_Init
[SGXSan] ALWAYS: Enter enc_wolfSSL_new
[SGXSan] ALWAYS: Enter enc_wolfSSL_CTX_load_verify_buffer
[SGXSan] ALWAYS: Enter enc_wolfSSL_CTX_set_cipher_list
[SGXSan] ALWAYS: Enter enc_wolfSSL_connect
[SGXSan] ALWAYS: Enter enc_wolfSSL_CTX_use_certificate_buffer
[SGXSan] ALWAYS: Enter enc_wolfSSL_CTX_use_certificate_chain_buffer_format
[SGXSan] ALWAYS: Enter wc_test
------------------------------------------------------------------------------
 wolfSSL version 5.1.0
------------------------------------------------------------------------------
error    test passed!
MEMORY   test passed!
base64   test passed!
asn      test passed!
RANDOM   test passed!
MD5      test passed!
MD4      test passed!
SHA      test passed!
SHA-256  test passed!
Hash     test passed!
HMAC-MD5 test passed!
HMAC-SHA test passed!
HMAC-SHA256 test passed!
GMAC     test passed!
HC-128   test passed!
Rabbit   test passed!
DES      test passed!
DES3     test passed!
AES      test passed!
AES192   test passed!
AES256   test passed!
AES-GCM  test passed!
RSA      test passed!
DH       test passed!
DSA      test passed!
PWDBASED test passed!
ECC      test passed!
ECC buffer test passed!
logging  test passed!
mutex    test passed!
memcb    test failed!
 error = -13803
[SGXSan] ALWAYS: Enter enc_wolfSSL_read
[SGXSan] ALWAYS: Enter enc_wolfSSL_CTX_new
[SGXSan] ALWAYS: Enter enc_wolfTLSv1_2_server_method
[SGXSan] ALWAYS: Enter enc_wolfSSL_get_error
[SGXSan] ALWAYS: Enter enc_wolfTLSv1_2_client_method
[SGXSan] ALWAYS: Enter enc_wolfSSL_free
[SGXSan] ALWAYS: Enter enc_wolfSSL_new
[SGXSan] ALWAYS: Enter enc_wolfSSL_write
[SGXSan] ALWAYS: Enter enc_wolfSSL_CTX_set_cipher_list
[SGXSan] ALWAYS: Enter enc_wolfSSL_Init
[SGXSan] ALWAYS: Enter wc_test
------------------------------------------------------------------------------
 wolfSSL version 5.1.0
------------------------------------------------------------------------------
error    test passed!
MEMORY   test passed!
base64   test passed!
asn      test passed!
RANDOM   test passed!
MD5      test passed!
MD4      test passed!
SHA      test passed!
SHA-256  test passed!
Hash     test passed!
HMAC-MD5 test passed!
HMAC-SHA test passed!
HMAC-SHA256 test passed!
GMAC     test passed!
HC-128   test passed!
Rabbit   test passed!
DES      test passed!
DES3     test passed!
AES      test passed!
AES192   test passed!
AES256   test passed!
AES-GCM  test passed!
RSA      test passed!
DH       test passed!
DSA      test passed!
PWDBASED test passed!
ECC      test passed!
ECC buffer test passed!
logging  test passed!
mutex    test passed!
memcb    test failed!
 error = -13803
[SGXSan] ALWAYS: Enter enc_wolfSSL_CTX_use_certificate_chain_buffer_format
[SGXSan] ALWAYS: Enter enc_wolfSSL_connect
[SGXSan] ALWAYS: Enter wc_benchmark_test
------------------------------------------------------------------------------
 wolfSSL version 5.1.0
------------------------------------------------------------------------------
wolfCrypt Benchmark (block bytes 1048576, min 1.0 sec each)
RNG                 15 MB took 1.173 seconds,   12.793 MB/s
AES-128-CBC-enc     35 MB took 1.084 seconds,   32.274 MB/s
AES-128-CBC-dec     35 MB took 1.147 seconds,   30.509 MB/s
AES-192-CBC-enc     30 MB took 1.077 seconds,   27.861 MB/s
AES-192-CBC-dec     30 MB took 1.142 seconds,   26.260 MB/s
AES-256-CBC-enc     25 MB took 1.019 seconds,   24.526 MB/s
AES-256-CBC-dec     25 MB took 1.061 seconds,   23.563 MB/s
AES-128-GCM-enc     25 MB took 1.082 seconds,   23.095 MB/s
AES-128-GCM-dec     25 MB took 1.077 seconds,   23.203 MB/s
AES-192-GCM-enc     25 MB took 1.212 seconds,   20.621 MB/s
AES-192-GCM-dec     25 MB took 1.195 seconds,   20.912 MB/s
AES-256-GCM-enc     20 MB took 1.024 seconds,   19.526 MB/s
AES-256-GCM-dec     20 MB took 1.012 seconds,   19.770 MB/s
GMAC Table 4-bit    67 MB took 1.002 seconds,   66.859 MB/s
RABBIT              90 MB took 1.018 seconds,   88.398 MB/s
3DES                10 MB took 1.112 seconds,    8.995 MB/s
MD5                300 MB took 1.008 seconds,  297.764 MB/s
SHA                130 MB took 1.032 seconds,  125.988 MB/s
SHA-256             30 MB took 1.004 seconds,   29.883 MB/s
HMAC-MD5           300 MB took 1.012 seconds,  296.447 MB/s
HMAC-SHA           130 MB took 1.028 seconds,  126.405 MB/s
HMAC-SHA256         35 MB took 1.133 seconds,   30.893 MB/s
PBKDF2               4 KB took 1.005 seconds,    3.763 KB/s
RSA     2048 public       1400 ops took 1.027 sec, avg 0.733 ms, 1363.607 ops/sec
RSA     2048 private       100 ops took 3.776 sec, avg 37.756 ms, 26.486 ops/sec
DH      2048 key gen        64 ops took 1.014 sec, avg 15.851 ms, 63.088 ops/sec
DH      2048 agree         100 ops took 1.604 sec, avg 16.044 ms, 62.328 ops/sec
ECC   [      SECP256R1]   256 key gen      1405 ops took 1.001 sec, avg 0.712 ms, 1404.030 ops/sec
ECDHE [      SECP256R1]   256 agree        1000 ops took 1.102 sec, avg 1.102 ms, 907.591 ops/sec
ECDSA [      SECP256R1]   256 sign         1200 ops took 1.004 sec, avg 0.837 ms, 1194.661 ops/sec
ECDSA [      SECP256R1]   256 verify        900 ops took 1.049 sec, avg 1.166 ms, 857.643 ops/sec
Benchmark complete
[SGXSan] ALWAYS: Enter enc_wolfSSL_read
[SGXSan] ALWAYS: Enter enc_wolfSSL_set_fd
[SGXSan] ALWAYS: Enter enc_wolfSSL_CTX_use_certificate_buffer
[SGXSan] ALWAYS: Enter enc_wolfSSL_Debugging_OFF
[SGXSan] ALWAYS: Enter enc_wolfTLSv1_2_server_method
[SGXSan] ALWAYS: Enter enc_wolfSSL_get_error
[SGXSan] ALWAYS: Enter enc_wolfSSL_CTX_free
[SGXSan] ALWAYS: Enter enc_wolfSSL_CTX_load_verify_buffer
[SGXSan] ALWAYS: Enter enc_wolfTLSv1_2_client_method
[SGXSan] ALWAYS: Enter enc_wolfSSL_CTX_new
[SGXSan] ALWAYS: Enter enc_wolfSSL_Debugging_ON
[SGXSan] ALWAYS: Enter enc_wolfSSL_Cleanup
[SGXSan] ALWAYS: Enter enc_wolfSSL_CTX_use_PrivateKey_buffer
#4	pulse  cov: 6299 ft: 6300 corp: 1/361Kb exec/s: 0 rss: 63Mb
[SGXSan] ALWAYS: Enter enc_wolfSSL_free
[SGXSan] ALWAYS: Enter enc_wolfSSL_new
[SGXSan] ALWAYS: Enter enc_wolfSSL_write
[SGXSan] ALWAYS: Enter enc_wolfSSL_CTX_set_cipher_list
[SGXSan] ALWAYS: Enter enc_wolfSSL_Init
[SGXSan] ALWAYS: Enter wc_test
------------------------------------------------------------------------------
 wolfSSL version 5.1.0
------------------------------------------------------------------------------
error    test passed!
MEMORY   test passed!
base64   test passed!
asn      test passed!
RANDOM   test passed!
MD5      test passed!
MD4      test passed!
SHA      test passed!
SHA-256  test passed!
Hash     test passed!
HMAC-MD5 test passed!
HMAC-SHA test passed!
HMAC-SHA256 test passed!
GMAC     test passed!
HC-128   test passed!
Rabbit   test passed!
DES      test passed!
DES3     test passed!
AES      test passed!
AES192   test passed!
AES256   test passed!
AES-GCM  test passed!
RSA      test passed!
DH       test passed!
DSA      test passed!
PWDBASED test passed!
ECC      test passed!
ECC buffer test passed!
logging  test passed!
mutex    test passed!
memcb    test failed!
 error = -13803
[SGXSan] ALWAYS: Enter enc_wolfSSL_CTX_use_certificate_chain_buffer_format
[SGXSan] ALWAYS: Enter enc_wolfSSL_connect
[SGXSan] ALWAYS: Enter wc_benchmark_test
------------------------------------------------------------------------------
 wolfSSL version 5.1.0
------------------------------------------------------------------------------
wolfCrypt Benchmark (block bytes 1048576, min 1.0 sec each)
RNG                 15 MB took 1.155 seconds,   12.988 MB/s
AES-128-CBC-enc     35 MB took 1.063 seconds,   32.918 MB/s
AES-128-CBC-dec     35 MB took 1.145 seconds,   30.566 MB/s
AES-192-CBC-enc     30 MB took 1.091 seconds,   27.509 MB/s
AES-192-CBC-dec     30 MB took 1.154 seconds,   25.991 MB/s
AES-256-CBC-enc     30 MB took 1.195 seconds,   25.099 MB/s
AES-256-CBC-dec     25 MB took 1.053 seconds,   23.749 MB/s
AES-128-GCM-enc     25 MB took 1.070 seconds,   23.370 MB/s
AES-128-GCM-dec     25 MB took 1.064 seconds,   23.498 MB/s
AES-192-GCM-enc     25 MB took 1.208 seconds,   20.692 MB/s
AES-192-GCM-dec     25 MB took 1.168 seconds,   21.403 MB/s
AES-256-GCM-enc     20 MB took 1.032 seconds,   19.379 MB/s
AES-256-GCM-dec     20 MB took 1.014 seconds,   19.718 MB/s
GMAC Table 4-bit    69 MB took 1.009 seconds,   68.411 MB/s
RABBIT              90 MB took 1.013 seconds,   88.873 MB/s
3DES                10 MB took 1.097 seconds,    9.114 MB/s
MD5                300 MB took 1.000 seconds,  299.947 MB/s
SHA                130 MB took 1.018 seconds,  127.715 MB/s
SHA-256             35 MB took 1.135 seconds,   30.827 MB/s
HMAC-MD5           300 MB took 1.005 seconds,  298.548 MB/s
HMAC-SHA           130 MB took 1.017 seconds,  127.804 MB/s
HMAC-SHA256         35 MB took 1.133 seconds,   30.894 MB/s
PBKDF2               4 KB took 1.003 seconds,    3.771 KB/s
RSA     2048 public       1400 ops took 1.002 sec, avg 0.715 ms, 1397.825 ops/sec
RSA     2048 private       100 ops took 3.676 sec, avg 36.759 ms, 27.204 ops/sec
DH      2048 key gen        66 ops took 1.015 sec, avg 15.379 ms, 65.022 ops/sec
DH      2048 agree         100 ops took 1.558 sec, avg 15.582 ms, 64.176 ops/sec
ECC   [      SECP256R1]   256 key gen      1407 ops took 1.000 sec, avg 0.711 ms, 1406.376 ops/sec
ECDHE [      SECP256R1]   256 agree        1000 ops took 1.101 sec, avg 1.101 ms, 908.556 ops/sec
ECDSA [      SECP256R1]   256 sign         1200 ops took 1.000 sec, avg 0.833 ms, 1199.923 ops/sec
ECDSA [      SECP256R1]   256 verify        900 ops took 1.036 sec, avg 1.152 ms, 868.356 ops/sec
Benchmark complete
[SGXSan] ALWAYS: Enter enc_wolfSSL_read
[SGXSan] ALWAYS: Enter enc_wolfSSL_set_fd
[SGXSan] ALWAYS: Enter enc_wolfSSL_CTX_use_certificate_buffer
[SGXSan] ALWAYS: Enter enc_wolfSSL_Debugging_OFF
[SGXSan] ALWAYS: Enter enc_wolfTLSv1_2_server_method
[SGXSan] ALWAYS: Enter enc_wolfSSL_get_error
[SGXSan] ALWAYS: Enter enc_wolfSSL_CTX_free
[SGXSan] ALWAYS: Enter enc_wolfSSL_CTX_load_verify_buffer
[SGXSan] ALWAYS: Enter enc_wolfTLSv1_2_client_method
[SGXSan] ALWAYS: Enter enc_wolfSSL_CTX_new
[SGXSan] ALWAYS: Enter enc_wolfSSL_Debugging_ON
[SGXSan] ALWAYS: Enter enc_wolfSSL_Cleanup
[SGXSan] ALWAYS: Enter enc_wolfSSL_CTX_use_PrivateKey_buffer
[SGXSan] ALWAYS: Enter enc_wolfSSL_CTX_load_verify_buffer
[SGXSan] ALWAYS: Enter enc_wolfSSL_Init
[SGXSan] ALWAYS: Enter enc_wolfSSL_Debugging_ON
[SGXSan] ALWAYS: Enter enc_wolfSSL_connect
[SGXSan] ALWAYS: Enter wc_test
------------------------------------------------------------------------------
 wolfSSL version 5.1.0
------------------------------------------------------------------------------
error    test passed!
MEMORY   test passed!
base64   test passed!
asn      test passed!
RANDOM   test passed!
MD5      test passed!
MD4      test passed!
SHA      test passed!
SHA-256  test passed!
Hash     test passed!
HMAC-MD5 test passed!
HMAC-SHA test passed!
HMAC-SHA256 test passed!
GMAC     test passed!
HC-128   test passed!
Rabbit   test passed!
DES      test passed!
DES3     test passed!
AES      test passed!
AES192   test passed!
AES256   test passed!
AES-GCM  test passed!
RSA      test passed!
DH       test passed!
DSA      test passed!
PWDBASED test passed!
ECC      test passed!
ECC buffer test passed!
logging  test passed!
mutex    test passed!
memcb    test failed!
 error = -13803
[SGXSan] ALWAYS: Enter enc_wolfTLSv1_2_client_method
[SGXSan] ALWAYS: Enter enc_wolfSSL_write
[SGXSan] ALWAYS: Enter enc_wolfSSL_read
[SGXSan] ALWAYS: Enter enc_wolfSSL_CTX_use_certificate_buffer
[SGXSan] ALWAYS: Enter enc_wolfSSL_Debugging_OFF
[SGXSan] ALWAYS: Enter enc_wolfSSL_CTX_set_cipher_list
[SGXSan] ALWAYS: Enter enc_wolfSSL_set_fd
[SGXSan] ALWAYS: Enter enc_wolfSSL_CTX_use_PrivateKey_buffer
[SGXSan] ALWAYS: Enter enc_wolfSSL_new
[SGXSan] ALWAYS: Enter enc_wolfSSL_Cleanup
[SGXSan] ALWAYS: Enter enc_wolfSSL_CTX_use_certificate_chain_buffer_format
[SGXSan] ALWAYS: Enter enc_wolfSSL_CTX_free
[SGXSan] ALWAYS: Enter enc_wolfTLSv1_2_server_method
[SGXSan] ALWAYS: Enter wc_benchmark_test
------------------------------------------------------------------------------
 wolfSSL version 5.1.0
------------------------------------------------------------------------------
wolfCrypt Benchmark (block bytes 1048576, min 1.0 sec each)
RNG                 15 MB took 1.135 seconds,   13.211 MB/s
AES-128-CBC-enc     35 MB took 1.063 seconds,   32.928 MB/s
AES-128-CBC-dec     35 MB took 1.145 seconds,   30.562 MB/s
AES-192-CBC-enc     30 MB took 1.083 seconds,   27.713 MB/s
AES-192-CBC-dec     30 MB took 1.144 seconds,   26.221 MB/s
AES-256-CBC-enc     30 MB took 1.180 seconds,   25.422 MB/s
AES-256-CBC-dec     25 MB took 1.045 seconds,   23.924 MB/s
AES-128-GCM-enc     25 MB took 1.067 seconds,   23.420 MB/s
AES-128-GCM-dec     25 MB took 1.059 seconds,   23.598 MB/s
AES-192-GCM-enc     25 MB took 1.191 seconds,   20.983 MB/s
AES-192-GCM-dec     25 MB took 1.175 seconds,   21.272 MB/s
AES-256-GCM-enc     20 MB took 1.030 seconds,   19.417 MB/s
AES-256-GCM-dec     20 MB took 1.021 seconds,   19.591 MB/s
GMAC Table 4-bit    68 MB took 1.009 seconds,   67.412 MB/s
RABBIT              95 MB took 1.048 seconds,   90.692 MB/s
3DES                10 MB took 1.090 seconds,    9.174 MB/s
MD5                305 MB took 1.008 seconds,  302.546 MB/s
SHA                130 MB took 1.014 seconds,  128.148 MB/s
SHA-256             35 MB took 1.143 seconds,   30.622 MB/s
HMAC-MD5           305 MB took 1.010 seconds,  301.853 MB/s
HMAC-SHA           130 MB took 1.017 seconds,  127.819 MB/s
HMAC-SHA256         35 MB took 1.140 seconds,   30.710 MB/s
PBKDF2               4 KB took 1.005 seconds,    3.762 KB/s
RSA     2048 public       1400 ops took 1.013 sec, avg 0.723 ms, 1382.556 ops/sec
RSA     2048 private       100 ops took 3.678 sec, avg 36.780 ms, 27.189 ops/sec
DH      2048 key gen        65 ops took 1.013 sec, avg 15.586 ms, 64.158 ops/sec
DH      2048 agree         100 ops took 1.915 sec, avg 19.154 ms, 52.210 ops/sec
ECC   [      SECP256R1]   256 key gen      1340 ops took 1.000 sec, avg 0.746 ms, 1339.871 ops/sec
ECDHE [      SECP256R1]   256 agree         900 ops took 1.014 sec, avg 1.127 ms, 887.330 ops/sec
ECDSA [      SECP256R1]   256 sign         1100 ops took 1.013 sec, avg 0.921 ms, 1086.054 ops/sec
ECDSA [      SECP256R1]   256 verify        900 ops took 1.155 sec, avg 1.283 ms, 779.246 ops/sec
Benchmark complete
[SGXSan] ALWAYS: Enter enc_wolfSSL_get_error
[SGXSan] ALWAYS: Enter enc_wolfSSL_free
[SGXSan] ALWAYS: Enter enc_wolfSSL_CTX_new
#6	INITED cov: 6301 ft: 6301 corp: 3/1123Kb exec/s: 0 rss: 77Mb
[SGXSan] ALWAYS: Enter enc_wolfSSL_CTX_set_cipher_list
[SGXSan] ALWAYS: Enter enc_wolfSSL_CTX_use_PrivateKey_buffer
[SGXSan] ALWAYS: Enter enc_wolfSSL_CTX_use_certificate_chain_buffer_format
[SGXSan] ALWAYS: Enter enc_wolfSSL_Debugging_ON
[SGXSan] ALWAYS: Enter enc_wolfSSL_free
[SGXSan] ALWAYS: Enter enc_wolfSSL_new
[SGXSan] ALWAYS: Enter wc_test
------------------------------------------------------------------------------
 wolfSSL version 5.1.0
------------------------------------------------------------------------------
error    test passed!
MEMORY   test passed!
base64   test passed!
asn      test passed!
RANDOM   test passed!
MD5      test passed!
MD4      test passed!
SHA      test passed!
SHA-256  test passed!
Hash     test passed!
HMAC-MD5 test passed!
HMAC-SHA test passed!
HMAC-SHA256 test passed!
GMAC     test passed!
HC-128   test passed!
Rabbit   test passed!
DES      test passed!
DES3     test passed!
AES      test passed!
AES192   test passed!
AES256   test passed!
AES-GCM  test passed!
RSA      test passed!
DH       test passed!
DSA      test passed!
PWDBASED test passed!
ECC      test passed!
ECC buffer test passed!
logging  test passed!
mutex    test passed!
memcb    test failed!
 error = -13803
[SGXSan] ALWAYS: Enter wc_benchmark_test
------------------------------------------------------------------------------
 wolfSSL version 5.1.0
------------------------------------------------------------------------------
wolfCrypt Benchmark (block bytes 1048576, min 1.0 sec each)
RNG                 15 MB took 1.357 seconds,   11.056 MB/s
AES-128-CBC-enc     35 MB took 1.100 seconds,   31.820 MB/s
AES-128-CBC-dec     30 MB took 1.014 seconds,   29.584 MB/s
AES-192-CBC-enc     25 MB took 1.065 seconds,   23.474 MB/s
AES-192-CBC-dec     25 MB took 1.033 seconds,   24.193 MB/s
AES-256-CBC-enc     25 MB took 1.061 seconds,   23.559 MB/s
AES-256-CBC-dec     25 MB took 1.134 seconds,   22.039 MB/s
AES-128-GCM-enc     25 MB took 1.087 seconds,   23.000 MB/s
AES-128-GCM-dec     25 MB took 1.076 seconds,   23.229 MB/s
AES-192-GCM-enc     20 MB took 1.146 seconds,   17.452 MB/s
AES-192-GCM-dec     25 MB took 1.254 seconds,   19.929 MB/s
AES-256-GCM-enc     20 MB took 1.203 seconds,   16.624 MB/s
AES-256-GCM-dec     20 MB took 1.132 seconds,   17.666 MB/s
GMAC Table 4-bit    61 MB took 1.001 seconds,   60.939 MB/s
RABBIT              80 MB took 1.016 seconds,   78.711 MB/s
3DES                10 MB took 1.243 seconds,    8.046 MB/s
MD5                285 MB took 1.005 seconds,  283.547 MB/s
SHA                120 MB took 1.014 seconds,  118.347 MB/s
SHA-256             30 MB took 1.022 seconds,   29.342 MB/s
HMAC-MD5           295 MB took 1.007 seconds,  292.866 MB/s
HMAC-SHA           115 MB took 1.013 seconds,  113.503 MB/s
HMAC-SHA256         30 MB took 1.051 seconds,   28.544 MB/s
PBKDF2               3 KB took 1.002 seconds,    3.400 KB/s
RSA     2048 public       1300 ops took 1.013 sec, avg 0.779 ms, 1282.923 ops/sec
RSA     2048 private       100 ops took 3.892 sec, avg 38.918 ms, 25.695 ops/sec
DH      2048 key gen        63 ops took 1.004 sec, avg 15.937 ms, 62.747 ops/sec
DH      2048 agree         100 ops took 1.722 sec, avg 17.223 ms, 58.063 ops/sec
ECC   [      SECP256R1]   256 key gen      1321 ops took 1.000 sec, avg 0.757 ms, 1320.754 ops/sec
ECDHE [      SECP256R1]   256 agree         900 ops took 1.050 sec, avg 1.167 ms, 856.776 ops/sec
ECDSA [      SECP256R1]   256 sign         1200 ops took 1.068 sec, avg 0.890 ms, 1123.192 ops/sec
ECDSA [      SECP256R1]   256 verify        800 ops took 1.002 sec, avg 1.252 ms, 798.701 ops/sec
Benchmark complete
[SGXSan] ALWAYS: Enter enc_wolfSSL_CTX_new
[SGXSan] ALWAYS: Enter enc_wolfTLSv1_2_server_method
[SGXSan] ALWAYS: Enter enc_wolfSSL_CTX_free
[SGXSan] ALWAYS: Enter enc_wolfSSL_connect
[SGXSan] ALWAYS: Enter enc_wolfSSL_Debugging_OFF
[SGXSan] ALWAYS: Enter enc_wolfSSL_set_fd
[SGXSan] ALWAYS: Enter enc_wolfSSL_CTX_load_verify_buffer
[SGXSan] ALWAYS: Enter enc_wolfTLSv1_2_client_method
[SGXSan] ALWAYS: Enter enc_wolfSSL_write
[SGXSan] ALWAYS: Enter enc_wolfSSL_get_error
[SGXSan] ALWAYS: Enter enc_wolfSSL_read
[SGXSan] ALWAYS: Enter enc_wolfSSL_CTX_use_certificate_buffer
[SGXSan] ALWAYS: Enter enc_wolfSSL_Init
[SGXSan] ALWAYS: Enter enc_wolfSSL_Cleanup
#7	NEW    cov: 6301 ft: 6306 corp: 4/1504Kb lim: 1000000 exec/s: 0 rss: 83Mb L: 390122/390122 MS: 2 InsertByte-Custom-
#7	DONE   cov: 6301 ft: 6306 corp: 4/1504Kb lim: 1000000 exec/s: 0 rss: 83Mb
Done 7 runs in 298 second(s)
stat::number_of_executed_units: 7
stat::average_exec_per_sec:     0
stat::new_units_added:          1
stat::slowest_unit_time_sec:    42
stat::peak_rss_mb:              83
