WARNING: Failed to find function "__sanitizer_acquire_crash_state".
WARNING: Failed to find function "__sanitizer_print_stack_trace".
WARNING: Failed to find function "__sanitizer_set_death_callback".
[2023-01-15 21:37:42.110] [Init] Num of ECall: 22
[2023-01-15 21:37:42.110] ECalls:
  0 - fuzz_enc_wolfSSL_CTX_free
  1 - fuzz_enc_wolfSSL_CTX_load_verify_buffer
  2 - fuzz_enc_wolfSSL_CTX_new
  3 - fuzz_enc_wolfSSL_CTX_set_cipher_list
  4 - fuzz_enc_wolfSSL_CTX_use_PrivateKey_buffer
  5 - fuzz_enc_wolfSSL_CTX_use_certificate_buffer
  6 - fuzz_enc_wolfSSL_CTX_use_certificate_chain_buffer_format
  7 - fuzz_enc_wolfSSL_Cleanup
  8 - fuzz_enc_wolfSSL_Debugging_OFF
  9 - fuzz_enc_wolfSSL_Debugging_ON
  10 - fuzz_enc_wolfSSL_Init
  11 - fuzz_enc_wolfSSL_connect
  12 - fuzz_enc_wolfSSL_free
  13 - fuzz_enc_wolfSSL_get_error
  14 - fuzz_enc_wolfSSL_new
  15 - fuzz_enc_wolfSSL_read
  16 - fuzz_enc_wolfSSL_set_fd
  17 - fuzz_enc_wolfSSL_write
  18 - fuzz_enc_wolfTLSv1_2_client_method
  19 - fuzz_enc_wolfTLSv1_2_server_method
  20 - fuzz_wc_benchmark_test
  21 - fuzz_wc_test

INFO: found LLVMFuzzerCustomMutator (0x44ac30). Disabling -len_control by default.
INFO: libFuzzer ignores flags that start with '--'
INFO: Running with entropic power schedule (0xFF, 100).
INFO: Seed: 4023709268
INFO: Loaded 1 modules   (291 inline 8-bit counters): 291 [0x4cb7e8, 0x4cb90b), 
INFO: Loaded 1 PC tables (291 PCs): 291 [0x4cb910,0x4ccb40), 
INFO:        0 files found in /tmp/libFuzzerTemp.FuzzWithFork422940.dir/C269
[SGXSan] ALWAYS: Hook __sanitizer_cov_8bit_counters_init of Enclave, 21636 inline 8-bit counts [0x7faff980a9c0, 0x7faff980fe44) (First time)
[SGXSan] ALWAYS: Hook __sanitizer_cov_pcs_init of Enclave, 21636 PCs [0x7faff980fe48, 0x7faff9864688) (First time)
[SGXSan] ALWAYS: Enter enc_wolfSSL_CTX_free
[SGXSan] ALWAYS: Enter enc_wolfSSL_CTX_load_verify_buffer
[SGXSan] ALWAYS: Enter enc_wolfSSL_CTX_new
[SGXSan] ALWAYS: Enter enc_wolfSSL_CTX_set_cipher_list
[SGXSan] ALWAYS: Enter enc_wolfSSL_CTX_use_PrivateKey_buffer
[SGXSan] ALWAYS: Enter enc_wolfSSL_CTX_use_certificate_buffer
[SGXSan] ALWAYS: Enter enc_wolfSSL_CTX_use_certificate_chain_buffer_format
[SGXSan] ALWAYS: Enter enc_wolfSSL_Cleanup
[SGXSan] ALWAYS: Enter enc_wolfSSL_Debugging_OFF
[SGXSan] ALWAYS: Enter enc_wolfSSL_Debugging_ON
[SGXSan] ALWAYS: Enter enc_wolfSSL_Init
[SGXSan] ALWAYS: Enter enc_wolfSSL_connect
[SGXSan] ALWAYS: Enter enc_wolfSSL_free
[SGXSan] ALWAYS: Enter enc_wolfSSL_get_error
[SGXSan] ALWAYS: Enter enc_wolfSSL_new
[SGXSan] ALWAYS: Enter enc_wolfSSL_read
[SGXSan] ALWAYS: Enter enc_wolfSSL_set_fd
[SGXSan] ALWAYS: Enter enc_wolfSSL_write
[SGXSan] ALWAYS: Enter enc_wolfTLSv1_2_client_method
[SGXSan] ALWAYS: Enter enc_wolfTLSv1_2_server_method
[SGXSan] ALWAYS: Enter wc_benchmark_test
------------------------------------------------------------------------------
 wolfSSL version 5.1.0
------------------------------------------------------------------------------
wolfCrypt Benchmark (block bytes 1048576, min 1.0 sec each)
RNG                 15 MB took 1.169 seconds,   12.832 MB/s
AES-128-CBC-enc     35 MB took 1.060 seconds,   33.028 MB/s
AES-128-CBC-dec     35 MB took 1.149 seconds,   30.451 MB/s
AES-192-CBC-enc     30 MB took 1.058 seconds,   28.360 MB/s
AES-192-CBC-dec     30 MB took 1.124 seconds,   26.682 MB/s
AES-256-CBC-enc     30 MB took 1.191 seconds,   25.191 MB/s
AES-256-CBC-dec     25 MB took 1.044 seconds,   23.953 MB/s
AES-128-GCM-enc     25 MB took 1.055 seconds,   23.690 MB/s
AES-128-GCM-dec     25 MB took 1.047 seconds,   23.877 MB/s
AES-192-GCM-enc     25 MB took 1.180 seconds,   21.184 MB/s
AES-192-GCM-dec     25 MB took 1.200 seconds,   20.826 MB/s
AES-256-GCM-enc     20 MB took 1.022 seconds,   19.562 MB/s
AES-256-GCM-dec     20 MB took 1.018 seconds,   19.653 MB/s
GMAC Table 4-bit    69 MB took 1.014 seconds,   68.060 MB/s
RABBIT              95 MB took 1.048 seconds,   90.620 MB/s
3DES                10 MB took 1.097 seconds,    9.118 MB/s
MD5                305 MB took 1.006 seconds,  303.068 MB/s
SHA                130 MB took 1.021 seconds,  127.313 MB/s
SHA-256             35 MB took 1.135 seconds,   30.849 MB/s
HMAC-MD5           305 MB took 1.011 seconds,  301.822 MB/s
HMAC-SHA           130 MB took 1.036 seconds,  125.528 MB/s
HMAC-SHA256         35 MB took 1.140 seconds,   30.691 MB/s
PBKDF2               4 KB took 1.002 seconds,    3.744 KB/s
RSA     2048 public       1400 ops took 1.004 sec, avg 0.717 ms, 1394.754 ops/sec
RSA     2048 private       100 ops took 3.683 sec, avg 36.835 ms, 27.148 ops/sec
DH      2048 key gen        65 ops took 1.003 sec, avg 15.423 ms, 64.837 ops/sec
DH      2048 agree         100 ops took 1.561 sec, avg 15.607 ms, 64.075 ops/sec
ECC   [      SECP256R1]   256 key gen      1388 ops took 1.001 sec, avg 0.721 ms, 1387.304 ops/sec
ECDHE [      SECP256R1]   256 agree        1000 ops took 1.102 sec, avg 1.102 ms, 907.566 ops/sec
ECDSA [      SECP256R1]   256 sign         1200 ops took 1.001 sec, avg 0.834 ms, 1198.802 ops/sec
ECDSA [      SECP256R1]   256 verify        900 ops took 1.033 sec, avg 1.148 ms, 870.848 ops/sec
Benchmark complete
[SGXSan] ALWAYS: Enter wc_test
INFO: seed corpus: files: 5 min: 370191b max: 390122b total: 1910748b rss: 43Mb
------------------------------------------------------------------------------
 wolfSSL version 5.1.0
------------------------------------------------------------------------------
error    test passed!
MEMORY   test passed!
base64   test passed!
asn      test passed!
RANDOM   test passed!
MD5      test passed!
MD4      test passed!
SHA      test passed!
SHA-256  test passed!
Hash     test passed!
HMAC-MD5 test passed!
HMAC-SHA test passed!
HMAC-SHA256 test passed!
GMAC     test passed!
HC-128   test passed!
Rabbit   test passed!
DES      test passed!
DES3     test passed!
AES      test passed!
AES192   test passed!
AES256   test passed!
AES-GCM  test passed!
RSA      test passed!
DH       test passed!
DSA      test passed!
PWDBASED test passed!
ECC      test passed!
ECC buffer test passed!
logging  test passed!
mutex    test passed!
memcb    test passed!
Test complete
[SGXSan] ALWAYS: Enter enc_wolfTLSv1_2_server_method
[SGXSan] ALWAYS: Enter enc_wolfSSL_Debugging_ON
[SGXSan] ALWAYS: Enter enc_wolfSSL_CTX_use_PrivateKey_buffer
[SGXSan] ALWAYS: Enter enc_wolfSSL_new
[SGXSan] ALWAYS: Enter enc_wolfSSL_CTX_free
[SGXSan] ALWAYS: Enter enc_wolfSSL_get_error
[SGXSan] ALWAYS: Enter enc_wolfSSL_Debugging_OFF
[SGXSan] ALWAYS: Enter enc_wolfSSL_CTX_load_verify_buffer
[SGXSan] ALWAYS: Enter enc_wolfSSL_CTX_use_certificate_chain_buffer_format
[SGXSan] ALWAYS: Enter enc_wolfSSL_CTX_use_certificate_buffer
[SGXSan] ALWAYS: Enter wc_test
------------------------------------------------------------------------------
 wolfSSL version 5.1.0
------------------------------------------------------------------------------
error    test passed!
MEMORY   test passed!
base64   test passed!
asn      test passed!
RANDOM   test passed!
MD5      test passed!
MD4      test passed!
SHA      test passed!
SHA-256  test passed!
Hash     test passed!
HMAC-MD5 test passed!
HMAC-SHA test passed!
HMAC-SHA256 test passed!
GMAC     test passed!
HC-128   test passed!
Rabbit   test passed!
DES      test passed!
DES3     test passed!
AES      test passed!
AES192   test passed!
AES256   test passed!
AES-GCM  test passed!
RSA      test passed!
DH       test passed!
DSA      test passed!
PWDBASED test passed!
ECC      test passed!
ECC buffer test passed!
logging  test passed!
mutex    test passed!
memcb    test failed!
 error = -13803
[SGXSan] ALWAYS: Enter wc_benchmark_test
------------------------------------------------------------------------------
 wolfSSL version 5.1.0
------------------------------------------------------------------------------
wolfCrypt Benchmark (block bytes 1048576, min 1.0 sec each)
RNG                 15 MB took 1.136 seconds,   13.205 MB/s
AES-128-CBC-enc     35 MB took 1.060 seconds,   33.008 MB/s
AES-128-CBC-dec     35 MB took 1.145 seconds,   30.575 MB/s
AES-192-CBC-enc     30 MB took 1.068 seconds,   28.099 MB/s
AES-192-CBC-dec     30 MB took 1.129 seconds,   26.579 MB/s
AES-256-CBC-enc     30 MB took 1.184 seconds,   25.337 MB/s
AES-256-CBC-dec     25 MB took 1.042 seconds,   23.992 MB/s
AES-128-GCM-enc     25 MB took 1.060 seconds,   23.594 MB/s
AES-128-GCM-dec     25 MB took 1.089 seconds,   22.958 MB/s
AES-192-GCM-enc     25 MB took 1.181 seconds,   21.174 MB/s
AES-192-GCM-dec     25 MB took 1.183 seconds,   21.130 MB/s
AES-256-GCM-enc     20 MB took 1.017 seconds,   19.673 MB/s
AES-256-GCM-dec     20 MB took 1.032 seconds,   19.383 MB/s
GMAC Table 4-bit    69 MB took 1.009 seconds,   68.365 MB/s
RABBIT              85 MB took 1.051 seconds,   80.865 MB/s
3DES                10 MB took 1.130 seconds,    8.846 MB/s
MD5                295 MB took 1.007 seconds,  292.932 MB/s
SHA                110 MB took 1.000 seconds,  109.959 MB/s
SHA-256             30 MB took 1.063 seconds,   28.229 MB/s
HMAC-MD5           295 MB took 1.009 seconds,  292.331 MB/s
HMAC-SHA           120 MB took 1.037 seconds,  115.692 MB/s
HMAC-SHA256         30 MB took 1.076 seconds,   27.878 MB/s
PBKDF2               3 KB took 1.008 seconds,    3.440 KB/s
RSA     2048 public       1300 ops took 1.057 sec, avg 0.813 ms, 1229.679 ops/sec
RSA     2048 private       100 ops took 4.156 sec, avg 41.556 ms, 24.064 ops/sec
DH      2048 key gen        61 ops took 1.005 sec, avg 16.469 ms, 60.719 ops/sec
DH      2048 agree         100 ops took 1.919 sec, avg 19.190 ms, 52.109 ops/sec
ECC   [      SECP256R1]   256 key gen      1216 ops took 1.000 sec, avg 0.823 ms, 1215.626 ops/sec
ECDHE [      SECP256R1]   256 agree         800 ops took 1.035 sec, avg 1.293 ms, 773.231 ops/sec
ECDSA [      SECP256R1]   256 sign         1100 ops took 1.022 sec, avg 0.929 ms, 1076.847 ops/sec
ECDSA [      SECP256R1]   256 verify        900 ops took 1.122 sec, avg 1.246 ms, 802.362 ops/sec
Benchmark complete
[SGXSan] ALWAYS: Enter enc_wolfSSL_Cleanup
[SGXSan] ALWAYS: Enter enc_wolfSSL_write
[SGXSan] ALWAYS: Enter enc_wolfSSL_CTX_set_cipher_list
[SGXSan] ALWAYS: Enter enc_wolfSSL_CTX_new
[SGXSan] ALWAYS: Enter enc_wolfSSL_read
[SGXSan] ALWAYS: Enter enc_wolfSSL_free
[SGXSan] ALWAYS: Enter enc_wolfTLSv1_2_client_method
[SGXSan] ALWAYS: Enter enc_wolfSSL_connect
[SGXSan] ALWAYS: Enter enc_wolfSSL_Init
[SGXSan] ALWAYS: Enter enc_wolfSSL_set_fd
#2	pulse  ft: 6300 exec/s: 0 rss: 49Mb
Slowest unit: 43 s:
artifact_prefix='./crashes/'; Test unit written to ./crashes/slow-unit-60d18ed962e29e8a2ab375cff57db472d341254d
[SGXSan] ALWAYS: Enter enc_wolfTLSv1_2_server_method
[SGXSan] ALWAYS: Enter enc_wolfSSL_Debugging_ON
[SGXSan] ALWAYS: Enter enc_wolfSSL_CTX_use_PrivateKey_buffer
[SGXSan] ALWAYS: Enter enc_wolfSSL_new
[SGXSan] ALWAYS: Enter enc_wolfSSL_CTX_free
[SGXSan] ALWAYS: Enter enc_wolfSSL_get_error
[SGXSan] ALWAYS: Enter enc_wolfSSL_Debugging_OFF
[SGXSan] ALWAYS: Enter enc_wolfSSL_CTX_load_verify_buffer
[SGXSan] ALWAYS: Enter enc_wolfSSL_CTX_use_certificate_chain_buffer_format
[SGXSan] ALWAYS: Enter enc_wolfSSL_CTX_use_certificate_buffer
[SGXSan] ALWAYS: Enter wc_test
------------------------------------------------------------------------------
 wolfSSL version 5.1.0
------------------------------------------------------------------------------
error    test passed!
MEMORY   test passed!
base64   test passed!
asn      test passed!
RANDOM   test passed!
MD5      test passed!
MD4      test passed!
SHA      test passed!
SHA-256  test passed!
Hash     test passed!
HMAC-MD5 test passed!
HMAC-SHA test passed!
HMAC-SHA256 test passed!
GMAC     test passed!
HC-128   test passed!
Rabbit   test passed!
DES      test passed!
DES3     test passed!
AES      test passed!
AES192   test passed!
AES256   test passed!
AES-GCM  test passed!
RSA      test passed!
DH       test passed!
DSA      test passed!
PWDBASED test passed!
ECC      test passed!
ECC buffer test passed!
logging  test passed!
mutex    test passed!
memcb    test failed!
 error = -13803
[SGXSan] ALWAYS: Enter wc_benchmark_test
------------------------------------------------------------------------------
 wolfSSL version 5.1.0
------------------------------------------------------------------------------
wolfCrypt Benchmark (block bytes 1048576, min 1.0 sec each)
RNG                 15 MB took 1.215 seconds,   12.348 MB/s
AES-128-CBC-enc     35 MB took 1.153 seconds,   30.358 MB/s
AES-128-CBC-dec     30 MB took 1.146 seconds,   26.168 MB/s
AES-192-CBC-enc     25 MB took 1.028 seconds,   24.309 MB/s
AES-192-CBC-dec     25 MB took 1.012 seconds,   24.710 MB/s
AES-256-CBC-enc     25 MB took 1.135 seconds,   22.025 MB/s
AES-256-CBC-dec     25 MB took 1.204 seconds,   20.761 MB/s
AES-128-GCM-enc     25 MB took 1.221 seconds,   20.470 MB/s
AES-128-GCM-dec     25 MB took 1.211 seconds,   20.640 MB/s
AES-192-GCM-enc     20 MB took 1.027 seconds,   19.467 MB/s
AES-192-GCM-dec     20 MB took 1.097 seconds,   18.224 MB/s
AES-256-GCM-enc     20 MB took 1.205 seconds,   16.594 MB/s
AES-256-GCM-dec     20 MB took 1.105 seconds,   18.105 MB/s
GMAC Table 4-bit    61 MB took 1.013 seconds,   60.188 MB/s
RABBIT              80 MB took 1.070 seconds,   74.740 MB/s
3DES                10 MB took 1.175 seconds,    8.514 MB/s
MD5                205 MB took 1.004 seconds,  204.201 MB/s
SHA                120 MB took 1.018 seconds,  117.831 MB/s
SHA-256             25 MB took 1.016 seconds,   24.595 MB/s
HMAC-MD5           285 MB took 1.001 seconds,  284.639 MB/s
HMAC-SHA           125 MB took 1.035 seconds,  120.790 MB/s
HMAC-SHA256         30 MB took 1.121 seconds,   26.755 MB/s
PBKDF2               3 KB took 1.005 seconds,    3.359 KB/s
RSA     2048 public       1300 ops took 1.033 sec, avg 0.795 ms, 1257.966 ops/sec
RSA     2048 private       100 ops took 4.242 sec, avg 42.422 ms, 23.573 ops/sec
DH      2048 key gen        62 ops took 1.009 sec, avg 16.275 ms, 61.445 ops/sec
DH      2048 agree         100 ops took 1.618 sec, avg 16.181 ms, 61.802 ops/sec
ECC   [      SECP256R1]   256 key gen      1264 ops took 1.001 sec, avg 0.792 ms, 1262.908 ops/sec
ECDHE [      SECP256R1]   256 agree         900 ops took 1.109 sec, avg 1.233 ms, 811.274 ops/sec
ECDSA [      SECP256R1]   256 sign         1000 ops took 1.005 sec, avg 1.005 ms, 994.922 ops/sec
ECDSA [      SECP256R1]   256 verify        800 ops took 1.064 sec, avg 1.330 ms, 751.763 ops/sec
Benchmark complete
[SGXSan] ALWAYS: Enter enc_wolfSSL_Cleanup
[SGXSan] ALWAYS: Enter enc_wolfSSL_write
[SGXSan] ALWAYS: Enter enc_wolfSSL_CTX_set_cipher_list
[SGXSan] ALWAYS: Enter enc_wolfSSL_CTX_new
[SGXSan] ALWAYS: Enter enc_wolfSSL_read
[SGXSan] ALWAYS: Enter enc_wolfSSL_free
[SGXSan] ALWAYS: Enter enc_wolfTLSv1_2_client_method
[SGXSan] ALWAYS: Enter enc_wolfSSL_connect
[SGXSan] ALWAYS: Enter enc_wolfSSL_Init
[SGXSan] ALWAYS: Enter enc_wolfSSL_set_fd
[SGXSan] ALWAYS: Enter enc_wolfSSL_get_error
[SGXSan] ALWAYS: Enter enc_wolfSSL_Init
[SGXSan] ALWAYS: Enter enc_wolfTLSv1_2_client_method
[SGXSan] ALWAYS: Enter enc_wolfSSL_CTX_use_PrivateKey_buffer
[SGXSan] ALWAYS: Enter enc_wolfSSL_Cleanup
[SGXSan] ALWAYS: Enter enc_wolfSSL_Debugging_OFF
[SGXSan] ALWAYS: Enter enc_wolfSSL_read
[SGXSan] ALWAYS: Enter enc_wolfSSL_free
[SGXSan] ALWAYS: Enter wc_test
------------------------------------------------------------------------------
 wolfSSL version 5.1.0
------------------------------------------------------------------------------
error    test passed!
MEMORY   test passed!
base64   test passed!
asn      test passed!
RANDOM   test passed!
MD5      test passed!
MD4      test passed!
SHA      test passed!
SHA-256  test passed!
Hash     test passed!
HMAC-MD5 test passed!
HMAC-SHA test passed!
HMAC-SHA256 test passed!
GMAC     test passed!
HC-128   test passed!
Rabbit   test passed!
DES      test passed!
DES3     test passed!
AES      test passed!
AES192   test passed!
AES256   test passed!
AES-GCM  test passed!
RSA      test passed!
DH       test passed!
DSA      test passed!
PWDBASED test passed!
ECC      test passed!
ECC buffer test passed!
logging  test passed!
mutex    test passed!
memcb    test failed!
 error = -13803
[SGXSan] ALWAYS: Enter enc_wolfSSL_new
[SGXSan] ALWAYS: Enter enc_wolfSSL_CTX_free
[SGXSan] ALWAYS: Enter enc_wolfSSL_CTX_new
[SGXSan] ALWAYS: Enter enc_wolfSSL_set_fd
[SGXSan] ALWAYS: Enter enc_wolfSSL_CTX_load_verify_buffer
[SGXSan] ALWAYS: Enter enc_wolfSSL_write
[SGXSan] ALWAYS: Enter enc_wolfSSL_Debugging_ON
[SGXSan] ALWAYS: Enter wc_benchmark_test
------------------------------------------------------------------------------
 wolfSSL version 5.1.0
------------------------------------------------------------------------------
wolfCrypt Benchmark (block bytes 1048576, min 1.0 sec each)
RNG                 15 MB took 1.226 seconds,   12.238 MB/s
AES-128-CBC-enc     25 MB took 1.130 seconds,   22.125 MB/s
AES-128-CBC-dec     30 MB took 1.166 seconds,   25.735 MB/s
AES-192-CBC-enc     20 MB took 1.023 seconds,   19.553 MB/s
AES-192-CBC-dec     15 MB took 1.227 seconds,   12.230 MB/s
AES-256-CBC-enc     15 MB took 1.227 seconds,   12.222 MB/s
AES-256-CBC-dec     25 MB took 1.069 seconds,   23.388 MB/s
AES-128-GCM-enc     25 MB took 1.084 seconds,   23.058 MB/s
AES-128-GCM-dec     20 MB took 1.025 seconds,   19.504 MB/s
AES-192-GCM-enc     25 MB took 1.196 seconds,   20.895 MB/s
AES-192-GCM-dec     25 MB took 1.203 seconds,   20.786 MB/s
AES-256-GCM-enc     20 MB took 1.051 seconds,   19.035 MB/s
AES-256-GCM-dec     20 MB took 1.041 seconds,   19.217 MB/s
GMAC Table 4-bit    68 MB took 1.006 seconds,   67.619 MB/s
RABBIT              90 MB took 1.030 seconds,   87.403 MB/s
3DES                10 MB took 1.170 seconds,    8.549 MB/s
MD5                280 MB took 1.004 seconds,  278.964 MB/s
SHA                125 MB took 1.012 seconds,  123.505 MB/s
SHA-256             30 MB took 1.024 seconds,   29.309 MB/s
HMAC-MD5           305 MB took 1.015 seconds,  300.528 MB/s
HMAC-SHA            85 MB took 1.041 seconds,   81.644 MB/s
HMAC-SHA256         25 MB took 1.111 seconds,   22.496 MB/s
PBKDF2               3 KB took 1.004 seconds,    3.424 KB/s
RSA     2048 public       1300 ops took 1.056 sec, avg 0.812 ms, 1231.546 ops/sec
RSA     2048 private       100 ops took 3.820 sec, avg 38.197 ms, 26.180 ops/sec
DH      2048 key gen        62 ops took 1.010 sec, avg 16.288 ms, 61.394 ops/sec
DH      2048 agree         100 ops took 1.666 sec, avg 16.656 ms, 60.040 ops/sec
ECC   [      SECP256R1]   256 key gen      1204 ops took 1.001 sec, avg 0.831 ms, 1203.344 ops/sec
ECDHE [      SECP256R1]   256 agree         900 ops took 1.078 sec, avg 1.197 ms, 835.223 ops/sec
ECDSA [      SECP256R1]   256 sign         1100 ops took 1.031 sec, avg 0.937 ms, 1067.315 ops/sec
ECDSA [      SECP256R1]   256 verify        900 ops took 1.072 sec, avg 1.191 ms, 839.370 ops/sec
Benchmark complete
[SGXSan] ALWAYS: Enter enc_wolfSSL_connect
[SGXSan] ALWAYS: Enter enc_wolfSSL_CTX_use_certificate_chain_buffer_format
[SGXSan] ALWAYS: Enter enc_wolfSSL_CTX_set_cipher_list
[SGXSan] ALWAYS: Enter enc_wolfSSL_CTX_use_certificate_buffer
[SGXSan] ALWAYS: Enter enc_wolfTLSv1_2_server_method
#4	pulse  cov: 6300 ft: 6306 corp: 1/361Kb exec/s: 0 rss: 63Mb
[SGXSan] ALWAYS: Enter enc_wolfSSL_CTX_use_PrivateKey_buffer
[SGXSan] ALWAYS: Enter enc_wolfSSL_free
[SGXSan] ALWAYS: Enter enc_wolfSSL_set_fd
[SGXSan] ALWAYS: Enter enc_wolfSSL_write
[SGXSan] ALWAYS: Enter enc_wolfSSL_CTX_free
[SGXSan] ALWAYS: Enter wc_benchmark_test
------------------------------------------------------------------------------
 wolfSSL version 5.1.0
------------------------------------------------------------------------------
wolfCrypt Benchmark (block bytes 1048576, min 1.0 sec each)
RNG                 15 MB took 1.180 seconds,   12.708 MB/s
AES-128-CBC-enc     35 MB took 1.070 seconds,   32.698 MB/s
AES-128-CBC-dec     35 MB took 1.155 seconds,   30.312 MB/s
AES-192-CBC-enc     30 MB took 1.105 seconds,   27.148 MB/s
AES-192-CBC-dec     30 MB took 1.154 seconds,   25.996 MB/s
AES-256-CBC-enc     30 MB took 1.197 seconds,   25.071 MB/s
AES-256-CBC-dec     25 MB took 1.062 seconds,   23.541 MB/s
AES-128-GCM-enc     25 MB took 1.065 seconds,   23.471 MB/s
AES-128-GCM-dec     25 MB took 1.057 seconds,   23.654 MB/s
AES-192-GCM-enc     25 MB took 1.227 seconds,   20.367 MB/s
AES-192-GCM-dec     25 MB took 1.191 seconds,   20.994 MB/s
AES-256-GCM-enc     20 MB took 1.047 seconds,   19.105 MB/s
AES-256-GCM-dec     20 MB took 1.038 seconds,   19.263 MB/s
GMAC Table 4-bit    68 MB took 1.008 seconds,   67.466 MB/s
RABBIT              90 MB took 1.005 seconds,   89.596 MB/s
3DES                10 MB took 1.116 seconds,    8.958 MB/s
MD5                300 MB took 1.005 seconds,  298.582 MB/s
SHA                130 MB took 1.039 seconds,  125.139 MB/s
SHA-256             35 MB took 1.142 seconds,   30.650 MB/s
HMAC-MD5           300 MB took 1.002 seconds,  299.404 MB/s
HMAC-SHA           130 MB took 1.035 seconds,  125.553 MB/s
HMAC-SHA256         35 MB took 1.140 seconds,   30.708 MB/s
PBKDF2               4 KB took 1.004 seconds,    3.736 KB/s
RSA     2048 public       1400 ops took 1.015 sec, avg 0.725 ms, 1379.573 ops/sec
RSA     2048 private       100 ops took 3.847 sec, avg 38.466 ms, 25.997 ops/sec
DH      2048 key gen        64 ops took 1.006 sec, avg 15.715 ms, 63.635 ops/sec
DH      2048 agree         100 ops took 1.561 sec, avg 15.614 ms, 64.046 ops/sec
ECC   [      SECP256R1]   256 key gen      1380 ops took 1.000 sec, avg 0.725 ms, 1379.960 ops/sec
ECDHE [      SECP256R1]   256 agree        1000 ops took 1.103 sec, avg 1.103 ms, 906.787 ops/sec
ECDSA [      SECP256R1]   256 sign         1200 ops took 1.059 sec, avg 0.883 ms, 1132.944 ops/sec
ECDSA [      SECP256R1]   256 verify        900 ops took 1.074 sec, avg 1.193 ms, 837.965 ops/sec
Benchmark complete
[SGXSan] ALWAYS: Enter enc_wolfSSL_Debugging_ON
[SGXSan] ALWAYS: Enter enc_wolfSSL_Debugging_OFF
[SGXSan] ALWAYS: Enter enc_wolfSSL_Cleanup
[SGXSan] ALWAYS: Enter enc_wolfSSL_Init
[SGXSan] ALWAYS: Enter enc_wolfSSL_new
[SGXSan] ALWAYS: Enter enc_wolfSSL_CTX_load_verify_buffer
[SGXSan] ALWAYS: Enter enc_wolfSSL_CTX_set_cipher_list
[SGXSan] ALWAYS: Enter enc_wolfSSL_connect
[SGXSan] ALWAYS: Enter enc_wolfSSL_CTX_use_certificate_buffer
[SGXSan] ALWAYS: Enter enc_wolfSSL_CTX_use_certificate_chain_buffer_format
[SGXSan] ALWAYS: Enter wc_test
------------------------------------------------------------------------------
 wolfSSL version 5.1.0
------------------------------------------------------------------------------
error    test passed!
MEMORY   test passed!
base64   test passed!
asn      test passed!
RANDOM   test passed!
MD5      test passed!
MD4      test passed!
SHA      test passed!
SHA-256  test passed!
Hash     test passed!
HMAC-MD5 test passed!
HMAC-SHA test passed!
HMAC-SHA256 test passed!
GMAC     test passed!
HC-128   test passed!
Rabbit   test passed!
DES      test passed!
DES3     test passed!
AES      test passed!
AES192   test passed!
AES256   test passed!
AES-GCM  test passed!
RSA      test passed!
DH       test passed!
DSA      test passed!
PWDBASED test passed!
ECC      test passed!
ECC buffer test passed!
logging  test passed!
mutex    test passed!
memcb    test failed!
 error = -13803
[SGXSan] ALWAYS: Enter enc_wolfSSL_read
[SGXSan] ALWAYS: Enter enc_wolfSSL_CTX_new
[SGXSan] ALWAYS: Enter enc_wolfTLSv1_2_server_method
[SGXSan] ALWAYS: Enter enc_wolfSSL_get_error
[SGXSan] ALWAYS: Enter enc_wolfTLSv1_2_client_method
[SGXSan] ALWAYS: Enter enc_wolfSSL_CTX_load_verify_buffer
[SGXSan] ALWAYS: Enter enc_wolfSSL_Init
[SGXSan] ALWAYS: Enter enc_wolfSSL_Debugging_ON
[SGXSan] ALWAYS: Enter enc_wolfSSL_connect
[SGXSan] ALWAYS: Enter wc_test
------------------------------------------------------------------------------
 wolfSSL version 5.1.0
------------------------------------------------------------------------------
error    test passed!
MEMORY   test passed!
base64   test passed!
asn      test passed!
RANDOM   test passed!
MD5      test passed!
MD4      test passed!
SHA      test passed!
SHA-256  test passed!
Hash     test passed!
HMAC-MD5 test passed!
HMAC-SHA test passed!
HMAC-SHA256 test passed!
GMAC     test passed!
HC-128   test passed!
Rabbit   test passed!
DES      test passed!
DES3     test passed!
AES      test passed!
AES192   test passed!
AES256   test passed!
AES-GCM  test passed!
RSA      test passed!
DH       test passed!
DSA      test passed!
PWDBASED test passed!
ECC      test passed!
ECC buffer test passed!
logging  test passed!
mutex    test passed!
memcb    test failed!
 error = -13803
[SGXSan] ALWAYS: Enter enc_wolfTLSv1_2_client_method
[SGXSan] ALWAYS: Enter enc_wolfSSL_write
[SGXSan] ALWAYS: Enter enc_wolfSSL_read
[SGXSan] ALWAYS: Enter enc_wolfSSL_CTX_use_certificate_buffer
[SGXSan] ALWAYS: Enter enc_wolfSSL_Debugging_OFF
[SGXSan] ALWAYS: Enter enc_wolfSSL_CTX_set_cipher_list
[SGXSan] ALWAYS: Enter enc_wolfSSL_set_fd
[SGXSan] ALWAYS: Enter enc_wolfSSL_CTX_use_PrivateKey_buffer
[SGXSan] ALWAYS: Enter enc_wolfSSL_new
[SGXSan] ALWAYS: Enter enc_wolfSSL_Cleanup
[SGXSan] ALWAYS: Enter enc_wolfSSL_CTX_use_certificate_chain_buffer_format
[SGXSan] ALWAYS: Enter enc_wolfSSL_CTX_free
[SGXSan] ALWAYS: Enter enc_wolfTLSv1_2_server_method
[SGXSan] ALWAYS: Enter wc_benchmark_test
------------------------------------------------------------------------------
 wolfSSL version 5.1.0
------------------------------------------------------------------------------
wolfCrypt Benchmark (block bytes 1048576, min 1.0 sec each)
RNG                 15 MB took 1.146 seconds,   13.093 MB/s
AES-128-CBC-enc     35 MB took 1.068 seconds,   32.771 MB/s
AES-128-CBC-dec     30 MB took 1.053 seconds,   28.493 MB/s
AES-192-CBC-enc     30 MB took 1.063 seconds,   28.211 MB/s
AES-192-CBC-dec     30 MB took 1.136 seconds,   26.410 MB/s
AES-256-CBC-enc     25 MB took 1.002 seconds,   24.951 MB/s
AES-256-CBC-dec     25 MB took 1.045 seconds,   23.920 MB/s
AES-128-GCM-enc     25 MB took 1.058 seconds,   23.634 MB/s
AES-128-GCM-dec     25 MB took 1.053 seconds,   23.746 MB/s
AES-192-GCM-enc     25 MB took 1.189 seconds,   21.020 MB/s
AES-192-GCM-dec     25 MB took 1.184 seconds,   21.116 MB/s
AES-256-GCM-enc     20 MB took 1.032 seconds,   19.388 MB/s
AES-256-GCM-dec     20 MB took 1.029 seconds,   19.432 MB/s
GMAC Table 4-bit    68 MB took 1.006 seconds,   67.574 MB/s
RABBIT              85 MB took 1.025 seconds,   82.934 MB/s
3DES                10 MB took 1.106 seconds,    9.045 MB/s
MD5                300 MB took 1.007 seconds,  297.837 MB/s
SHA                130 MB took 1.030 seconds,  126.159 MB/s
SHA-256             35 MB took 1.141 seconds,   30.673 MB/s
HMAC-MD5           300 MB took 1.016 seconds,  295.166 MB/s
HMAC-SHA           130 MB took 1.027 seconds,  126.601 MB/s
HMAC-SHA256         30 MB took 1.047 seconds,   28.658 MB/s
PBKDF2               4 KB took 1.004 seconds,    3.580 KB/s
RSA     2048 public       1400 ops took 1.025 sec, avg 0.732 ms, 1365.318 ops/sec
RSA     2048 private       100 ops took 3.744 sec, avg 37.442 ms, 26.708 ops/sec
DH      2048 key gen        64 ops took 1.005 sec, avg 15.700 ms, 63.696 ops/sec
DH      2048 agree         100 ops took 1.575 sec, avg 15.748 ms, 63.502 ops/sec
ECC   [      SECP256R1]   256 key gen      1363 ops took 1.000 sec, avg 0.734 ms, 1362.821 ops/sec
ECDHE [      SECP256R1]   256 agree         900 ops took 1.003 sec, avg 1.114 ms, 897.705 ops/sec
ECDSA [      SECP256R1]   256 sign         1200 ops took 1.025 sec, avg 0.855 ms, 1170.167 ops/sec
ECDSA [      SECP256R1]   256 verify        900 ops took 1.048 sec, avg 1.164 ms, 859.167 ops/sec
Benchmark complete
[SGXSan] ALWAYS: Enter enc_wolfSSL_get_error
[SGXSan] ALWAYS: Enter enc_wolfSSL_free
[SGXSan] ALWAYS: Enter enc_wolfSSL_CTX_new
#6	INITED cov: 6302 ft: 6312 corp: 4/1504Kb exec/s: 0 rss: 77Mb
[SGXSan] ALWAYS: Enter enc_wolfSSL_get_error
[SGXSan] ALWAYS: Enter enc_wolfSSL_Debugging_OFF
[SGXSan] ALWAYS: Enter enc_wolfSSL_CTX_free
[SGXSan] ALWAYS: Enter enc_wolfSSL_set_fd
[SGXSan] ALWAYS: Enter enc_wolfSSL_CTX_set_cipher_list
[SGXSan] ALWAYS: Enter enc_wolfSSL_Cleanup
[SGXSan] ALWAYS: Enter enc_wolfSSL_write
[SGXSan] ALWAYS: Enter enc_wolfSSL_CTX_new
[SGXSan] ALWAYS: Enter wc_test
------------------------------------------------------------------------------
 wolfSSL version 5.1.0
------------------------------------------------------------------------------
error    test passed!
MEMORY   test passed!
base64   test passed!
asn      test passed!
RANDOM   test passed!
MD5      test passed!
MD4      test passed!
SHA      test passed!
SHA-256  test passed!
Hash     test passed!
HMAC-MD5 test passed!
HMAC-SHA test passed!
HMAC-SHA256 test passed!
GMAC     test passed!
HC-128   test passed!
Rabbit   test passed!
DES      test passed!
DES3     test passed!
AES      test passed!
AES192   test passed!
AES256   test passed!
AES-GCM  test passed!
RSA      test passed!
DH       test passed!
DSA      test passed!
PWDBASED test passed!
ECC      test passed!
ECC buffer test passed!
logging  test passed!
mutex    test passed!
memcb    test failed!
 error = -13803
[SGXSan] ALWAYS: Enter enc_wolfSSL_Init
[SGXSan] ALWAYS: Enter enc_wolfSSL_CTX_use_certificate_chain_buffer_format
[SGXSan] ALWAYS: Enter enc_wolfSSL_read
[SGXSan] ALWAYS: Enter enc_wolfSSL_new
[SGXSan] ALWAYS: Enter enc_wolfTLSv1_2_server_method
[SGXSan] ALWAYS: Enter enc_wolfSSL_CTX_use_PrivateKey_buffer
[SGXSan] ALWAYS: Enter enc_wolfSSL_free
[SGXSan] ALWAYS: Enter wc_benchmark_test
------------------------------------------------------------------------------
 wolfSSL version 5.1.0
------------------------------------------------------------------------------
wolfCrypt Benchmark (block bytes 1048576, min 1.0 sec each)
RNG                 15 MB took 1.188 seconds,   12.628 MB/s
AES-128-CBC-enc     35 MB took 1.059 seconds,   33.055 MB/s
AES-128-CBC-dec     30 MB took 1.014 seconds,   29.571 MB/s
AES-192-CBC-enc     30 MB took 1.067 seconds,   28.127 MB/s
AES-192-CBC-dec     30 MB took 1.133 seconds,   26.481 MB/s
AES-256-CBC-enc     30 MB took 1.191 seconds,   25.181 MB/s
AES-256-CBC-dec     25 MB took 1.045 seconds,   23.916 MB/s
AES-128-GCM-enc     25 MB took 1.059 seconds,   23.598 MB/s
AES-128-GCM-dec     25 MB took 1.052 seconds,   23.762 MB/s
AES-192-GCM-enc     25 MB took 1.184 seconds,   21.118 MB/s
AES-192-GCM-dec     25 MB took 1.195 seconds,   20.922 MB/s
AES-256-GCM-enc     20 MB took 1.021 seconds,   19.594 MB/s
AES-256-GCM-dec     20 MB took 1.029 seconds,   19.441 MB/s
GMAC Table 4-bit    68 MB took 1.001 seconds,   67.904 MB/s
RABBIT              95 MB took 1.050 seconds,   90.517 MB/s
3DES                10 MB took 1.100 seconds,    9.092 MB/s
MD5                305 MB took 1.010 seconds,  301.934 MB/s
SHA                130 MB took 1.028 seconds,  126.514 MB/s
SHA-256             35 MB took 1.141 seconds,   30.665 MB/s
HMAC-MD5           300 MB took 1.003 seconds,  299.043 MB/s
HMAC-SHA           125 MB took 1.014 seconds,  123.267 MB/s
HMAC-SHA256         35 MB took 1.138 seconds,   30.756 MB/s
PBKDF2               4 KB took 1.004 seconds,    3.737 KB/s
RSA     2048 public       1400 ops took 1.015 sec, avg 0.725 ms, 1378.797 ops/sec
RSA     2048 private       100 ops took 3.713 sec, avg 37.127 ms, 26.935 ops/sec
DH      2048 key gen        65 ops took 1.013 sec, avg 15.577 ms, 64.196 ops/sec
DH      2048 agree         100 ops took 1.564 sec, avg 15.643 ms, 63.926 ops/sec
ECC   [      SECP256R1]   256 key gen      1377 ops took 1.000 sec, avg 0.726 ms, 1376.922 ops/sec
ECDHE [      SECP256R1]   256 agree        1000 ops took 1.100 sec, avg 1.100 ms, 909.015 ops/sec
ECDSA [      SECP256R1]   256 sign         1200 ops took 1.010 sec, avg 0.841 ms, 1188.519 ops/sec
ECDSA [      SECP256R1]   256 verify        900 ops took 1.063 sec, avg 1.181 ms, 847.021 ops/sec
Benchmark complete
[SGXSan] ALWAYS: Enter enc_wolfSSL_CTX_use_certificate_buffer
[SGXSan] ALWAYS: Enter enc_wolfSSL_CTX_load_verify_buffer
[SGXSan] ALWAYS: Enter enc_wolfSSL_connect
[SGXSan] ALWAYS: Enter enc_wolfTLSv1_2_client_method
[SGXSan] ALWAYS: Enter enc_wolfSSL_Debugging_ON
[SGXSan] ALWAYS: Enter enc_wolfSSL_get_error
[SGXSan] ALWAYS: Enter enc_wolfSSL_Debugging_OFF
[SGXSan] ALWAYS: Enter enc_wolfSSL_CTX_free
[SGXSan] ALWAYS: Enter enc_wolfSSL_set_fd
[SGXSan] ALWAYS: Enter enc_wolfSSL_CTX_set_cipher_list
[SGXSan] ALWAYS: Enter enc_wolfSSL_Cleanup
[SGXSan] ALWAYS: Enter enc_wolfSSL_write
[SGXSan] ALWAYS: Enter enc_wolfSSL_CTX_new
[SGXSan] ALWAYS: Enter wc_test
------------------------------------------------------------------------------
 wolfSSL version 5.1.0
------------------------------------------------------------------------------
error    test passed!
MEMORY   test passed!
base64   test passed!
asn      test passed!
RANDOM   test passed!
MD5      test passed!
MD4      test passed!
SHA      test passed!
SHA-256  test passed!
Hash     test passed!
HMAC-MD5 test passed!
HMAC-SHA test passed!
HMAC-SHA256 test passed!
GMAC     test passed!
HC-128   test passed!
Rabbit   test passed!
DES      test passed!
DES3     test passed!
AES      test passed!
AES192   test passed!
AES256   test passed!
AES-GCM  test passed!
RSA      test passed!
DH       test passed!
DSA      test passed!
PWDBASED test passed!
ECC      test passed!
ECC buffer test passed!
logging  test passed!
mutex    test passed!
memcb    test failed!
 error = -13803
[SGXSan] ALWAYS: Enter enc_wolfSSL_Init
[SGXSan] ALWAYS: Enter enc_wolfSSL_CTX_use_certificate_chain_buffer_format
[SGXSan] ALWAYS: Enter enc_wolfSSL_read
[SGXSan] ALWAYS: Enter enc_wolfSSL_new
[SGXSan] ALWAYS: Enter enc_wolfTLSv1_2_server_method
[SGXSan] ALWAYS: Enter enc_wolfSSL_CTX_use_PrivateKey_buffer
[SGXSan] ALWAYS: Enter enc_wolfSSL_free
[SGXSan] ALWAYS: Enter wc_benchmark_test
------------------------------------------------------------------------------
 wolfSSL version 5.1.0
------------------------------------------------------------------------------
wolfCrypt Benchmark (block bytes 1048576, min 1.0 sec each)
RNG                 15 MB took 1.155 seconds,   12.992 MB/s
AES-128-CBC-enc     35 MB took 1.091 seconds,   32.085 MB/s
AES-128-CBC-dec     30 MB took 1.001 seconds,   29.975 MB/s
AES-192-CBC-enc     30 MB took 1.077 seconds,   27.852 MB/s
AES-192-CBC-dec     30 MB took 1.148 seconds,   26.135 MB/s
AES-256-CBC-enc     30 MB took 1.193 seconds,   25.141 MB/s
AES-256-CBC-dec     25 MB took 1.071 seconds,   23.344 MB/s
AES-128-GCM-enc     25 MB took 1.064 seconds,   23.507 MB/s
AES-128-GCM-dec     25 MB took 1.072 seconds,   23.320 MB/s
AES-192-GCM-enc     25 MB took 1.201 seconds,   20.821 MB/s
AES-192-GCM-dec     25 MB took 1.207 seconds,   20.714 MB/s
AES-256-GCM-enc     20 MB took 1.055 seconds,   18.956 MB/s
AES-256-GCM-dec     20 MB took 1.048 seconds,   19.077 MB/s
GMAC Table 4-bit    67 MB took 1.013 seconds,   66.152 MB/s
RABBIT              90 MB took 1.012 seconds,   88.961 MB/s
3DES                10 MB took 1.112 seconds,    8.989 MB/s
MD5                300 MB took 1.010 seconds,  297.052 MB/s
SHA                125 MB took 1.019 seconds,  122.706 MB/s
SHA-256             35 MB took 1.163 seconds,   30.097 MB/s
HMAC-MD5           300 MB took 1.017 seconds,  295.052 MB/s
HMAC-SHA           120 MB took 1.004 seconds,  119.581 MB/s
HMAC-SHA256         30 MB took 1.024 seconds,   29.298 MB/s
PBKDF2               4 KB took 1.006 seconds,    3.478 KB/s
RSA     2048 public       1400 ops took 1.053 sec, avg 0.752 ms, 1329.820 ops/sec
RSA     2048 private       100 ops took 3.953 sec, avg 39.535 ms, 25.294 ops/sec
DH      2048 key gen        58 ops took 1.004 sec, avg 17.310 ms, 57.772 ops/sec
DH      2048 agree         100 ops took 1.629 sec, avg 16.293 ms, 61.375 ops/sec
ECC   [      SECP256R1]   256 key gen      1355 ops took 1.001 sec, avg 0.739 ms, 1354.039 ops/sec
ECDHE [      SECP256R1]   256 agree         900 ops took 1.035 sec, avg 1.150 ms, 869.420 ops/sec
ECDSA [      SECP256R1]   256 sign         1200 ops took 1.052 sec, avg 0.877 ms, 1140.423 ops/sec
ECDSA [      SECP256R1]   256 verify        900 ops took 1.097 sec, avg 1.219 ms, 820.283 ops/sec
Benchmark complete
[SGXSan] ALWAYS: Enter enc_wolfSSL_CTX_use_certificate_buffer
[SGXSan] ALWAYS: Enter enc_wolfSSL_CTX_load_verify_buffer
[SGXSan] ALWAYS: Enter enc_wolfSSL_connect
[SGXSan] ALWAYS: Enter enc_wolfTLSv1_2_client_method
[SGXSan] ALWAYS: Enter enc_wolfSSL_Debugging_ON
#8	pulse  cov: 6302 ft: 6312 corp: 4/1504Kb lim: 1000000 exec/s: 0 rss: 88Mb
[SGXSan] ALWAYS: Enter enc_wolfTLSv1_2_server_method
[SGXSan] ALWAYS: Enter enc_wolfTLSv1_2_client_method
[SGXSan] ALWAYS: Enter enc_wolfSSL_CTX_load_verify_buffer
[SGXSan] ALWAYS: Enter enc_wolfSSL_set_fd
[SGXSan] ALWAYS: Enter enc_wolfSSL_get_error
[SGXSan] ALWAYS: Enter enc_wolfSSL_new
[SGXSan] ALWAYS: Enter enc_wolfSSL_CTX_use_PrivateKey_buffer
[SGXSan] ALWAYS: Enter enc_wolfSSL_write
[SGXSan] ALWAYS: Enter enc_wolfSSL_Init
[SGXSan] ALWAYS: Enter enc_wolfSSL_Debugging_ON
[SGXSan] ALWAYS: Enter enc_wolfSSL_CTX_use_certificate_chain_buffer_format
[SGXSan] ALWAYS: Enter enc_wolfSSL_CTX_use_certificate_buffer
[SGXSan] ALWAYS: Enter enc_wolfSSL_connect
[SGXSan] ALWAYS: Enter wc_benchmark_test
------------------------------------------------------------------------------
 wolfSSL version 5.1.0
------------------------------------------------------------------------------
wolfCrypt Benchmark (block bytes 1048576, min 1.0 sec each)
RNG                 15 MB took 1.174 seconds,   12.779 MB/s
AES-128-CBC-enc     35 MB took 1.103 seconds,   31.721 MB/s
AES-128-CBC-dec     30 MB took 1.013 seconds,   29.619 MB/s
AES-192-CBC-enc     30 MB took 1.092 seconds,   27.481 MB/s
AES-192-CBC-dec     30 MB took 1.186 seconds,   25.286 MB/s
AES-256-CBC-enc     25 MB took 1.028 seconds,   24.319 MB/s
AES-256-CBC-dec     25 MB took 1.086 seconds,   23.020 MB/s
AES-128-GCM-enc     25 MB took 1.080 seconds,   23.149 MB/s
AES-128-GCM-dec     25 MB took 1.102 seconds,   22.687 MB/s
AES-192-GCM-enc     25 MB took 1.237 seconds,   20.218 MB/s
AES-192-GCM-dec     20 MB took 1.033 seconds,   19.358 MB/s
AES-256-GCM-enc     20 MB took 1.061 seconds,   18.850 MB/s
AES-256-GCM-dec     20 MB took 1.058 seconds,   18.909 MB/s
GMAC Table 4-bit    66 MB took 1.007 seconds,   65.529 MB/s
RABBIT              90 MB took 1.042 seconds,   86.392 MB/s
3DES                10 MB took 1.132 seconds,    8.835 MB/s
MD5                280 MB took 1.009 seconds,  277.441 MB/s
SHA                120 MB took 1.038 seconds,  115.634 MB/s
SHA-256             30 MB took 1.001 seconds,   29.982 MB/s
HMAC-MD5           295 MB took 1.007 seconds,  292.839 MB/s
HMAC-SHA           120 MB took 1.014 seconds,  118.326 MB/s
HMAC-SHA256         35 MB took 1.167 seconds,   29.983 MB/s
PBKDF2               4 KB took 1.001 seconds,    3.621 KB/s
RSA     2048 public       1400 ops took 1.052 sec, avg 0.751 ms, 1330.823 ops/sec
RSA     2048 private       100 ops took 3.862 sec, avg 38.622 ms, 25.892 ops/sec
DH      2048 key gen        62 ops took 1.008 sec, avg 16.254 ms, 61.522 ops/sec
DH      2048 agree         100 ops took 1.617 sec, avg 16.168 ms, 61.850 ops/sec
ECC   [      SECP256R1]   256 key gen      1348 ops took 1.001 sec, avg 0.742 ms, 1347.081 ops/sec
ECDHE [      SECP256R1]   256 agree         900 ops took 1.053 sec, avg 1.170 ms, 854.971 ops/sec
ECDSA [      SECP256R1]   256 sign         1200 ops took 1.038 sec, avg 0.865 ms, 1155.981 ops/sec
ECDSA [      SECP256R1]   256 verify        900 ops took 1.087 sec, avg 1.208 ms, 827.676 ops/sec
Benchmark complete
[SGXSan] ALWAYS: Enter enc_wolfSSL_CTX_new
[SGXSan] ALWAYS: Enter enc_wolfSSL_read
[SGXSan] ALWAYS: Enter enc_wolfSSL_Cleanup
[SGXSan] ALWAYS: Enter enc_wolfSSL_free
[SGXSan] ALWAYS: Enter enc_wolfSSL_CTX_free
[SGXSan] ALWAYS: Enter enc_wolfSSL_CTX_set_cipher_list
[SGXSan] ALWAYS: Enter enc_wolfSSL_Debugging_OFF
[SGXSan] ALWAYS: Enter wc_test
------------------------------------------------------------------------------
 wolfSSL version 5.1.0
------------------------------------------------------------------------------
error    test passed!
MEMORY   test passed!
base64   test passed!
asn      test passed!
RANDOM   test passed!
MD5      test passed!
MD4      test passed!
SHA      test passed!
SHA-256  test passed!
Hash     test passed!
HMAC-MD5 test passed!
HMAC-SHA test passed!
HMAC-SHA256 test passed!
GMAC     test passed!
HC-128   test passed!
Rabbit   test passed!
DES      test passed!
DES3     test passed!
AES      test passed!
AES192   test passed!
AES256   test passed!
AES-GCM  test passed!
RSA      test passed!
DH       test passed!
DSA      test passed!
PWDBASED test passed!
ECC      test passed!
ECC buffer test passed!
logging  test passed!
mutex    test passed!
memcb    test failed!
 error = -13803
[SGXSan] ALWAYS: Enter enc_wolfTLSv1_2_server_method
[SGXSan] ALWAYS: Enter enc_wolfTLSv1_2_client_method
[SGXSan] ALWAYS: Enter enc_wolfSSL_CTX_load_verify_buffer
[SGXSan] ALWAYS: Enter enc_wolfSSL_set_fd
[SGXSan] ALWAYS: Enter enc_wolfSSL_get_error
[SGXSan] ALWAYS: Enter enc_wolfSSL_new
[SGXSan] ALWAYS: Enter enc_wolfSSL_CTX_use_PrivateKey_buffer
[SGXSan] ALWAYS: Enter enc_wolfSSL_write
[SGXSan] ALWAYS: Enter enc_wolfSSL_Init
[SGXSan] ALWAYS: Enter enc_wolfSSL_Debugging_ON
[SGXSan] ALWAYS: Enter enc_wolfSSL_CTX_use_certificate_chain_buffer_format
[SGXSan] ALWAYS: Enter enc_wolfSSL_CTX_use_certificate_buffer
[SGXSan] ALWAYS: Enter enc_wolfSSL_connect
[SGXSan] ALWAYS: Enter wc_benchmark_test
------------------------------------------------------------------------------
 wolfSSL version 5.1.0
------------------------------------------------------------------------------
wolfCrypt Benchmark (block bytes 1048576, min 1.0 sec each)
RNG                 15 MB took 1.170 seconds,   12.822 MB/s
AES-128-CBC-enc     35 MB took 1.104 seconds,   31.694 MB/s
AES-128-CBC-dec     30 MB took 1.006 seconds,   29.830 MB/s
AES-192-CBC-enc     30 MB took 1.090 seconds,   27.519 MB/s
AES-192-CBC-dec     30 MB took 1.154 seconds,   25.994 MB/s
AES-256-CBC-enc     25 MB took 1.066 seconds,   23.449 MB/s
AES-256-CBC-dec     25 MB took 1.097 seconds,   22.783 MB/s
AES-128-GCM-enc     25 MB took 1.073 seconds,   23.300 MB/s
AES-128-GCM-dec     25 MB took 1.075 seconds,   23.254 MB/s
AES-192-GCM-enc     25 MB took 1.207 seconds,   20.709 MB/s
AES-192-GCM-dec     25 MB took 1.225 seconds,   20.401 MB/s
AES-256-GCM-enc     20 MB took 1.058 seconds,   18.905 MB/s
AES-256-GCM-dec     20 MB took 1.071 seconds,   18.666 MB/s
GMAC Table 4-bit    66 MB took 1.000 seconds,   65.988 MB/s
RABBIT              90 MB took 1.021 seconds,   88.167 MB/s
3DES                10 MB took 1.130 seconds,    8.848 MB/s
MD5                300 MB took 1.017 seconds,  295.000 MB/s
SHA                125 MB took 1.016 seconds,  123.027 MB/s
SHA-256             30 MB took 1.005 seconds,   29.862 MB/s
HMAC-MD5           300 MB took 1.013 seconds,  296.161 MB/s
HMAC-SHA           125 MB took 1.005 seconds,  124.433 MB/s
HMAC-SHA256         30 MB took 1.007 seconds,   29.796 MB/s
PBKDF2               4 KB took 1.005 seconds,    3.702 KB/s
RSA     2048 public       1400 ops took 1.040 sec, avg 0.743 ms, 1346.624 ops/sec
RSA     2048 private       100 ops took 3.840 sec, avg 38.405 ms, 26.038 ops/sec
DH      2048 key gen        63 ops took 1.003 sec, avg 15.921 ms, 62.810 ops/sec
DH      2048 agree         100 ops took 1.582 sec, avg 15.818 ms, 63.219 ops/sec
ECC   [      SECP256R1]   256 key gen      1383 ops took 1.000 sec, avg 0.723 ms, 1382.535 ops/sec
ECDHE [      SECP256R1]   256 agree         900 ops took 1.002 sec, avg 1.113 ms, 898.363 ops/sec
ECDSA [      SECP256R1]   256 sign         1200 ops took 1.004 sec, avg 0.836 ms, 1195.549 ops/sec
ECDSA [      SECP256R1]   256 verify        900 ops took 1.040 sec, avg 1.156 ms, 865.012 ops/sec
Benchmark complete
[SGXSan] ALWAYS: Enter enc_wolfSSL_CTX_new
[SGXSan] ALWAYS: Enter enc_wolfSSL_read
[SGXSan] ALWAYS: Enter enc_wolfSSL_Cleanup
[SGXSan] ALWAYS: Enter enc_wolfSSL_free
[SGXSan] ALWAYS: Enter enc_wolfSSL_CTX_free
[SGXSan] ALWAYS: Enter enc_wolfSSL_CTX_set_cipher_list
[SGXSan] ALWAYS: Enter enc_wolfSSL_Debugging_OFF
[SGXSan] ALWAYS: Enter wc_test
------------------------------------------------------------------------------
 wolfSSL version 5.1.0
------------------------------------------------------------------------------
error    test passed!
MEMORY   test passed!
base64   test passed!
asn      test passed!
RANDOM   test passed!
MD5      test passed!
MD4      test passed!
SHA      test passed!
SHA-256  test passed!
Hash     test passed!
HMAC-MD5 test passed!
HMAC-SHA test passed!
HMAC-SHA256 test passed!
GMAC     test passed!
HC-128   test passed!
Rabbit   test passed!
DES      test passed!
DES3     test passed!
AES      test passed!
AES192   test passed!
AES256   test passed!
AES-GCM  test passed!
RSA      test passed!
DH       test passed!
DSA      test passed!
PWDBASED test passed!
ECC      test passed!
ECC buffer test passed!
logging  test passed!
mutex    test passed!
memcb    test failed!
 error = -13803
[SGXSan] ALWAYS: Enter enc_wolfTLSv1_2_server_method
[SGXSan] ALWAYS: Enter enc_wolfTLSv1_2_client_method
[SGXSan] ALWAYS: Enter enc_wolfSSL_CTX_load_verify_buffer
[SGXSan] ALWAYS: Enter enc_wolfSSL_set_fd
[SGXSan] ALWAYS: Enter enc_wolfSSL_get_error
[SGXSan] ALWAYS: Enter enc_wolfSSL_new
[SGXSan] ALWAYS: Enter enc_wolfSSL_CTX_use_PrivateKey_buffer
[SGXSan] ALWAYS: Enter enc_wolfSSL_write
[SGXSan] ALWAYS: Enter enc_wolfSSL_Init
[SGXSan] ALWAYS: Enter enc_wolfSSL_Debugging_ON
[SGXSan] ALWAYS: Enter enc_wolfSSL_CTX_use_certificate_chain_buffer_format
[SGXSan] ALWAYS: Enter enc_wolfSSL_CTX_use_certificate_buffer
[SGXSan] ALWAYS: Enter enc_wolfSSL_connect
[SGXSan] ALWAYS: Enter wc_benchmark_test
------------------------------------------------------------------------------
 wolfSSL version 5.1.0
------------------------------------------------------------------------------
wolfCrypt Benchmark (block bytes 1048576, min 1.0 sec each)
RNG                 15 MB took 1.129 seconds,   13.281 MB/s
AES-128-CBC-enc     35 MB took 1.071 seconds,   32.666 MB/s
AES-128-CBC-dec     35 MB took 1.150 seconds,   30.443 MB/s
AES-192-CBC-enc     30 MB took 1.061 seconds,   28.285 MB/s
AES-192-CBC-dec     30 MB took 1.130 seconds,   26.556 MB/s
AES-256-CBC-enc     30 MB took 1.181 seconds,   25.398 MB/s
AES-256-CBC-dec     25 MB took 1.057 seconds,   23.649 MB/s
AES-128-GCM-enc     25 MB took 1.049 seconds,   23.827 MB/s
AES-128-GCM-dec     25 MB took 1.045 seconds,   23.913 MB/s
AES-192-GCM-enc     25 MB took 1.174 seconds,   21.298 MB/s
AES-192-GCM-dec     25 MB took 1.180 seconds,   21.178 MB/s
AES-256-GCM-enc     20 MB took 1.022 seconds,   19.561 MB/s
AES-256-GCM-dec     20 MB took 1.025 seconds,   19.516 MB/s
GMAC Table 4-bit    69 MB took 1.013 seconds,   68.100 MB/s
RABBIT              95 MB took 1.048 seconds,   90.659 MB/s
3DES                10 MB took 1.106 seconds,    9.045 MB/s
MD5                300 MB took 1.014 seconds,  295.757 MB/s
SHA                130 MB took 1.019 seconds,  127.532 MB/s
SHA-256             35 MB took 1.130 seconds,   30.968 MB/s
HMAC-MD5           305 MB took 1.009 seconds,  302.258 MB/s
HMAC-SHA           125 MB took 1.004 seconds,  124.463 MB/s
HMAC-SHA256         35 MB took 1.134 seconds,   30.861 MB/s
PBKDF2               4 KB took 1.001 seconds,    3.779 KB/s
RSA     2048 public       1400 ops took 1.007 sec, avg 0.719 ms, 1390.597 ops/sec
RSA     2048 private       100 ops took 3.887 sec, avg 38.874 ms, 25.724 ops/sec
DH      2048 key gen        63 ops took 1.006 sec, avg 15.975 ms, 62.599 ops/sec
DH      2048 agree         100 ops took 1.628 sec, avg 16.277 ms, 61.437 ops/sec
ECC   [      SECP256R1]   256 key gen      1371 ops took 1.000 sec, avg 0.730 ms, 1370.470 ops/sec
ECDHE [      SECP256R1]   256 agree         900 ops took 1.026 sec, avg 1.140 ms, 877.537 ops/sec
ECDSA [      SECP256R1]   256 sign         1200 ops took 1.013 sec, avg 0.844 ms, 1184.926 ops/sec
ECDSA [      SECP256R1]   256 verify        900 ops took 1.027 sec, avg 1.141 ms, 876.746 ops/sec
Benchmark complete
[SGXSan] ALWAYS: Enter enc_wolfSSL_CTX_new
[SGXSan] ALWAYS: Enter enc_wolfSSL_read
[SGXSan] ALWAYS: Enter enc_wolfSSL_Cleanup
[SGXSan] ALWAYS: Enter enc_wolfSSL_free
[SGXSan] ALWAYS: Enter enc_wolfSSL_CTX_free
[SGXSan] ALWAYS: Enter enc_wolfSSL_CTX_set_cipher_list
[SGXSan] ALWAYS: Enter enc_wolfSSL_Debugging_OFF
[SGXSan] ALWAYS: Enter wc_test
#11	DONE   cov: 6302 ft: 6312 corp: 4/1504Kb lim: 1000000 exec/s: 0 rss: 104Mb
Done 11 runs in 469 second(s)
stat::number_of_executed_units: 11
stat::average_exec_per_sec:     0
stat::new_units_added:          0
stat::slowest_unit_time_sec:    43
stat::peak_rss_mb:              104
------------------------------------------------------------------------------
 wolfSSL version 5.1.0
------------------------------------------------------------------------------
error    test passed!
MEMORY   test passed!
base64   test passed!
asn      test passed!
RANDOM   test passed!
MD5      test passed!
MD4      test passed!
SHA      test passed!
SHA-256  test passed!
Hash     test passed!
HMAC-MD5 test passed!
HMAC-SHA test passed!
HMAC-SHA256 test passed!
GMAC     test passed!
HC-128   test passed!
Rabbit   test passed!
DES      test passed!
DES3     test passed!
AES      test passed!
AES192   test passed!
AES256   test passed!
AES-GCM  test passed!
RSA      test passed!
DH       test passed!
DSA      test passed!
PWDBASED test passed!
ECC      test passed!
ECC buffer test passed!
logging  test passed!
mutex    test passed!
memcb    test failed!
 error = -13803
