WARNING: Failed to find function "__sanitizer_acquire_crash_state".
WARNING: Failed to find function "__sanitizer_print_stack_trace".
WARNING: Failed to find function "__sanitizer_set_death_callback".
[2023-01-15 21:45:31.454] [Init] Num of ECall: 22
[2023-01-15 21:45:31.454] ECalls:
  0 - fuzz_enc_wolfSSL_CTX_free
  1 - fuzz_enc_wolfSSL_CTX_load_verify_buffer
  2 - fuzz_enc_wolfSSL_CTX_new
  3 - fuzz_enc_wolfSSL_CTX_set_cipher_list
  4 - fuzz_enc_wolfSSL_CTX_use_PrivateKey_buffer
  5 - fuzz_enc_wolfSSL_CTX_use_certificate_buffer
  6 - fuzz_enc_wolfSSL_CTX_use_certificate_chain_buffer_format
  7 - fuzz_enc_wolfSSL_Cleanup
  8 - fuzz_enc_wolfSSL_Debugging_OFF
  9 - fuzz_enc_wolfSSL_Debugging_ON
  10 - fuzz_enc_wolfSSL_Init
  11 - fuzz_enc_wolfSSL_connect
  12 - fuzz_enc_wolfSSL_free
  13 - fuzz_enc_wolfSSL_get_error
  14 - fuzz_enc_wolfSSL_new
  15 - fuzz_enc_wolfSSL_read
  16 - fuzz_enc_wolfSSL_set_fd
  17 - fuzz_enc_wolfSSL_write
  18 - fuzz_enc_wolfTLSv1_2_client_method
  19 - fuzz_enc_wolfTLSv1_2_server_method
  20 - fuzz_wc_benchmark_test
  21 - fuzz_wc_test

INFO: found LLVMFuzzerCustomMutator (0x44ac30). Disabling -len_control by default.
INFO: libFuzzer ignores flags that start with '--'
INFO: Running with entropic power schedule (0xFF, 100).
INFO: Seed: 920720918
INFO: Loaded 1 modules   (291 inline 8-bit counters): 291 [0x4cb7e8, 0x4cb90b), 
INFO: Loaded 1 PC tables (291 PCs): 291 [0x4cb910,0x4ccb40), 
INFO:        0 files found in /tmp/libFuzzerTemp.FuzzWithFork422940.dir/C273
[SGXSan] ALWAYS: Hook __sanitizer_cov_8bit_counters_init of Enclave, 21636 inline 8-bit counts [0x7fd6621ce9c0, 0x7fd6621d3e44) (First time)
[SGXSan] ALWAYS: Hook __sanitizer_cov_pcs_init of Enclave, 21636 PCs [0x7fd6621d3e48, 0x7fd662228688) (First time)
[SGXSan] ALWAYS: Enter enc_wolfSSL_CTX_free
[SGXSan] ALWAYS: Enter enc_wolfSSL_CTX_load_verify_buffer
[SGXSan] ALWAYS: Enter enc_wolfSSL_CTX_new
[SGXSan] ALWAYS: Enter enc_wolfSSL_CTX_set_cipher_list
[SGXSan] ALWAYS: Enter enc_wolfSSL_CTX_use_PrivateKey_buffer
[SGXSan] ALWAYS: Enter enc_wolfSSL_CTX_use_certificate_buffer
[SGXSan] ALWAYS: Enter enc_wolfSSL_CTX_use_certificate_chain_buffer_format
[SGXSan] ALWAYS: Enter enc_wolfSSL_Cleanup
[SGXSan] ALWAYS: Enter enc_wolfSSL_Debugging_OFF
[SGXSan] ALWAYS: Enter enc_wolfSSL_Debugging_ON
[SGXSan] ALWAYS: Enter enc_wolfSSL_Init
[SGXSan] ALWAYS: Enter enc_wolfSSL_connect
[SGXSan] ALWAYS: Enter enc_wolfSSL_free
[SGXSan] ALWAYS: Enter enc_wolfSSL_get_error
[SGXSan] ALWAYS: Enter enc_wolfSSL_new
[SGXSan] ALWAYS: Enter enc_wolfSSL_read
[SGXSan] ALWAYS: Enter enc_wolfSSL_set_fd
[SGXSan] ALWAYS: Enter enc_wolfSSL_write
[SGXSan] ALWAYS: Enter enc_wolfTLSv1_2_client_method
[SGXSan] ALWAYS: Enter enc_wolfTLSv1_2_server_method
[SGXSan] ALWAYS: Enter wc_benchmark_test
------------------------------------------------------------------------------
 wolfSSL version 5.1.0
------------------------------------------------------------------------------
wolfCrypt Benchmark (block bytes 1048576, min 1.0 sec each)
RNG                 15 MB took 1.189 seconds,   12.620 MB/s
AES-128-CBC-enc     35 MB took 1.096 seconds,   31.928 MB/s
AES-128-CBC-dec     30 MB took 1.021 seconds,   29.376 MB/s
AES-192-CBC-enc     30 MB took 1.054 seconds,   28.452 MB/s
AES-192-CBC-dec     30 MB took 1.140 seconds,   26.312 MB/s
AES-256-CBC-enc     25 MB took 1.024 seconds,   24.416 MB/s
AES-256-CBC-dec     25 MB took 1.086 seconds,   23.012 MB/s
AES-128-GCM-enc     25 MB took 1.073 seconds,   23.303 MB/s
AES-128-GCM-dec     25 MB took 1.074 seconds,   23.280 MB/s
AES-192-GCM-enc     25 MB took 1.196 seconds,   20.906 MB/s
AES-192-GCM-dec     25 MB took 1.216 seconds,   20.554 MB/s
AES-256-GCM-enc     20 MB took 1.052 seconds,   19.006 MB/s
AES-256-GCM-dec     20 MB took 1.024 seconds,   19.524 MB/s
GMAC Table 4-bit    69 MB took 1.010 seconds,   68.334 MB/s
RABBIT              95 MB took 1.041 seconds,   91.290 MB/s
3DES                10 MB took 1.095 seconds,    9.136 MB/s
MD5                305 MB took 1.012 seconds,  301.350 MB/s
SHA                130 MB took 1.017 seconds,  127.847 MB/s
SHA-256             35 MB took 1.138 seconds,   30.750 MB/s
HMAC-MD5           280 MB took 1.004 seconds,  278.832 MB/s
HMAC-SHA           120 MB took 1.020 seconds,  117.700 MB/s
HMAC-SHA256         30 MB took 1.018 seconds,   29.482 MB/s
PBKDF2               4 KB took 1.005 seconds,    3.700 KB/s
RSA     2048 public       1400 ops took 1.033 sec, avg 0.738 ms, 1354.932 ops/sec
RSA     2048 private       100 ops took 3.731 sec, avg 37.307 ms, 26.805 ops/sec
DH      2048 key gen        63 ops took 1.013 sec, avg 16.077 ms, 62.201 ops/sec
DH      2048 agree         100 ops took 1.602 sec, avg 16.023 ms, 62.409 ops/sec
ECC   [      SECP256R1]   256 key gen      1338 ops took 1.001 sec, avg 0.748 ms, 1337.003 ops/sec
ECDHE [      SECP256R1]   256 agree         800 ops took 1.065 sec, avg 1.332 ms, 750.855 ops/sec
ECDSA [      SECP256R1]   256 sign         1200 ops took 1.046 sec, avg 0.872 ms, 1147.106 ops/sec
ECDSA [      SECP256R1]   256 verify        800 ops took 1.029 sec, avg 1.286 ms, 777.441 ops/sec
Benchmark complete
[SGXSan] ALWAYS: Enter wc_test
INFO: seed corpus: files: 5 min: 370191b max: 390122b total: 1930679b rss: 43Mb
------------------------------------------------------------------------------
 wolfSSL version 5.1.0
------------------------------------------------------------------------------
error    test passed!
MEMORY   test passed!
base64   test passed!
asn      test passed!
RANDOM   test passed!
MD5      test passed!
MD4      test passed!
SHA      test passed!
SHA-256  test passed!
Hash     test passed!
HMAC-MD5 test passed!
HMAC-SHA test passed!
HMAC-SHA256 test passed!
GMAC     test passed!
HC-128   test passed!
Rabbit   test passed!
DES      test passed!
DES3     test passed!
AES      test passed!
AES192   test passed!
AES256   test passed!
AES-GCM  test passed!
RSA      test passed!
DH       test passed!
DSA      test passed!
PWDBASED test passed!
ECC      test passed!
ECC buffer test passed!
logging  test passed!
mutex    test passed!
memcb    test passed!
Test complete
[SGXSan] ALWAYS: Enter enc_wolfSSL_set_fd
[SGXSan] ALWAYS: Enter enc_wolfTLSv1_2_client_method
[SGXSan] ALWAYS: Enter enc_wolfSSL_CTX_new
[SGXSan] ALWAYS: Enter enc_wolfSSL_read
[SGXSan] ALWAYS: Enter enc_wolfSSL_CTX_set_cipher_list
[SGXSan] ALWAYS: Enter enc_wolfSSL_CTX_free
[SGXSan] ALWAYS: Enter enc_wolfSSL_new
[SGXSan] ALWAYS: Enter enc_wolfSSL_CTX_use_PrivateKey_buffer
[SGXSan] ALWAYS: Enter enc_wolfTLSv1_2_server_method
[SGXSan] ALWAYS: Enter enc_wolfSSL_CTX_load_verify_buffer
[SGXSan] ALWAYS: Enter enc_wolfSSL_connect
[SGXSan] ALWAYS: Enter enc_wolfSSL_Debugging_OFF
[SGXSan] ALWAYS: Enter enc_wolfSSL_CTX_use_certificate_buffer
[SGXSan] ALWAYS: Enter enc_wolfSSL_free
[SGXSan] ALWAYS: Enter enc_wolfSSL_Init
[SGXSan] ALWAYS: Enter enc_wolfSSL_CTX_use_certificate_chain_buffer_format
[SGXSan] ALWAYS: Enter wc_benchmark_test
------------------------------------------------------------------------------
 wolfSSL version 5.1.0
------------------------------------------------------------------------------
wolfCrypt Benchmark (block bytes 1048576, min 1.0 sec each)
RNG                 15 MB took 1.175 seconds,   12.764 MB/s
AES-128-CBC-enc     35 MB took 1.126 seconds,   31.085 MB/s
AES-128-CBC-dec     30 MB took 1.026 seconds,   29.235 MB/s
AES-192-CBC-enc     30 MB took 1.114 seconds,   26.933 MB/s
AES-192-CBC-dec     30 MB took 1.142 seconds,   26.275 MB/s
AES-256-CBC-enc     30 MB took 1.190 seconds,   25.202 MB/s
AES-256-CBC-dec     25 MB took 1.046 seconds,   23.896 MB/s
AES-128-GCM-enc     25 MB took 1.070 seconds,   23.361 MB/s
AES-128-GCM-dec     25 MB took 1.072 seconds,   23.314 MB/s
AES-192-GCM-enc     25 MB took 1.224 seconds,   20.428 MB/s
AES-192-GCM-dec     20 MB took 1.059 seconds,   18.886 MB/s
AES-256-GCM-enc     20 MB took 1.030 seconds,   19.418 MB/s
AES-256-GCM-dec     20 MB took 1.025 seconds,   19.517 MB/s
GMAC Table 4-bit    68 MB took 1.013 seconds,   67.139 MB/s
RABBIT              95 MB took 1.052 seconds,   90.344 MB/s
3DES                10 MB took 1.117 seconds,    8.953 MB/s
MD5                300 MB took 1.001 seconds,  299.783 MB/s
SHA                130 MB took 1.036 seconds,  125.508 MB/s
SHA-256             35 MB took 1.161 seconds,   30.152 MB/s
HMAC-MD5           300 MB took 1.013 seconds,  296.066 MB/s
HMAC-SHA           110 MB took 1.015 seconds,  108.421 MB/s
HMAC-SHA256         35 MB took 1.141 seconds,   30.667 MB/s
PBKDF2               4 KB took 1.006 seconds,    3.728 KB/s
RSA     2048 public       1400 ops took 1.047 sec, avg 0.748 ms, 1336.773 ops/sec
RSA     2048 private       100 ops took 3.698 sec, avg 36.985 ms, 27.038 ops/sec
DH      2048 key gen        64 ops took 1.000 sec, avg 15.627 ms, 63.990 ops/sec
DH      2048 agree         100 ops took 1.635 sec, avg 16.348 ms, 61.168 ops/sec
ECC   [      SECP256R1]   256 key gen      1321 ops took 1.000 sec, avg 0.757 ms, 1320.794 ops/sec
ECDHE [      SECP256R1]   256 agree         900 ops took 1.030 sec, avg 1.144 ms, 874.140 ops/sec
ECDSA [      SECP256R1]   256 sign         1200 ops took 1.031 sec, avg 0.859 ms, 1164.056 ops/sec
ECDSA [      SECP256R1]   256 verify        900 ops took 1.079 sec, avg 1.199 ms, 833.981 ops/sec
Benchmark complete
[SGXSan] ALWAYS: Enter enc_wolfSSL_Debugging_ON
[SGXSan] ALWAYS: Enter wc_test
------------------------------------------------------------------------------
 wolfSSL version 5.1.0
------------------------------------------------------------------------------
error    test passed!
MEMORY   test passed!
base64   test passed!
asn      test passed!
RANDOM   test passed!
MD5      test passed!
MD4      test passed!
SHA      test passed!
SHA-256  test passed!
Hash     test passed!
HMAC-MD5 test passed!
HMAC-SHA test passed!
HMAC-SHA256 test passed!
GMAC     test passed!
HC-128   test passed!
Rabbit   test passed!
DES      test passed!
DES3     test passed!
AES      test passed!
AES192   test passed!
AES256   test passed!
AES-GCM  test passed!
RSA      test passed!
DH       test passed!
DSA      test passed!
PWDBASED test passed!
ECC      test passed!
ECC buffer test passed!
logging  test passed!
mutex    test passed!
memcb    test failed!
 error = -13803
[SGXSan] ALWAYS: Enter enc_wolfSSL_Cleanup
[SGXSan] ALWAYS: Enter enc_wolfSSL_write
[SGXSan] ALWAYS: Enter enc_wolfSSL_get_error
#2	pulse  ft: 6291 exec/s: 0 rss: 50Mb
Slowest unit: 42 s:
artifact_prefix='./crashes/'; Test unit written to ./crashes/slow-unit-eac2caf48f68a7de1dbebb64ea9fb2e3320b7df3
[SGXSan] ALWAYS: Enter enc_wolfSSL_Init
[SGXSan] ALWAYS: Enter enc_wolfSSL_Cleanup
[SGXSan] ALWAYS: Enter enc_wolfSSL_set_fd
[SGXSan] ALWAYS: Enter enc_wolfSSL_CTX_load_verify_buffer
[SGXSan] ALWAYS: Enter enc_wolfSSL_Debugging_ON
[SGXSan] ALWAYS: Enter wc_benchmark_test
------------------------------------------------------------------------------
 wolfSSL version 5.1.0
------------------------------------------------------------------------------
wolfCrypt Benchmark (block bytes 1048576, min 1.0 sec each)
RNG                 15 MB took 1.137 seconds,   13.194 MB/s
AES-128-CBC-enc     35 MB took 1.063 seconds,   32.937 MB/s
AES-128-CBC-dec     30 MB took 1.001 seconds,   29.963 MB/s
AES-192-CBC-enc     30 MB took 1.058 seconds,   28.362 MB/s
AES-192-CBC-dec     30 MB took 1.142 seconds,   26.260 MB/s
AES-256-CBC-enc     30 MB took 1.186 seconds,   25.305 MB/s
AES-256-CBC-dec     25 MB took 1.071 seconds,   23.340 MB/s
AES-128-GCM-enc     25 MB took 1.069 seconds,   23.382 MB/s
AES-128-GCM-dec     25 MB took 1.073 seconds,   23.295 MB/s
AES-192-GCM-enc     25 MB took 1.230 seconds,   20.319 MB/s
AES-192-GCM-dec     25 MB took 1.205 seconds,   20.739 MB/s
AES-256-GCM-enc     20 MB took 1.046 seconds,   19.113 MB/s
AES-256-GCM-dec     20 MB took 1.046 seconds,   19.121 MB/s
GMAC Table 4-bit    68 MB took 1.006 seconds,   67.570 MB/s
RABBIT              90 MB took 1.011 seconds,   89.027 MB/s
3DES                10 MB took 1.096 seconds,    9.128 MB/s
MD5                300 MB took 1.011 seconds,  296.706 MB/s
SHA                130 MB took 1.027 seconds,  126.643 MB/s
SHA-256             35 MB took 1.138 seconds,   30.756 MB/s
HMAC-MD5           300 MB took 1.013 seconds,  296.243 MB/s
HMAC-SHA           130 MB took 1.037 seconds,  125.321 MB/s
HMAC-SHA256         30 MB took 1.002 seconds,   29.952 MB/s
PBKDF2               4 KB took 1.004 seconds,    3.674 KB/s
RSA     2048 public       1400 ops took 1.040 sec, avg 0.743 ms, 1346.120 ops/sec
RSA     2048 private       100 ops took 3.817 sec, avg 38.170 ms, 26.199 ops/sec
DH      2048 key gen        62 ops took 1.007 sec, avg 16.249 ms, 61.541 ops/sec
DH      2048 agree         100 ops took 1.572 sec, avg 15.722 ms, 63.605 ops/sec
ECC   [      SECP256R1]   256 key gen      1390 ops took 1.001 sec, avg 0.720 ms, 1389.053 ops/sec
ECDHE [      SECP256R1]   256 agree        1000 ops took 1.100 sec, avg 1.100 ms, 909.058 ops/sec
ECDSA [      SECP256R1]   256 sign         1200 ops took 1.007 sec, avg 0.839 ms, 1191.804 ops/sec
ECDSA [      SECP256R1]   256 verify        900 ops took 1.041 sec, avg 1.156 ms, 864.847 ops/sec
Benchmark complete
[SGXSan] ALWAYS: Enter enc_wolfSSL_new
[SGXSan] ALWAYS: Enter enc_wolfSSL_free
[SGXSan] ALWAYS: Enter enc_wolfSSL_CTX_use_certificate_buffer
[SGXSan] ALWAYS: Enter enc_wolfSSL_connect
[SGXSan] ALWAYS: Enter enc_wolfTLSv1_2_server_method
[SGXSan] ALWAYS: Enter enc_wolfSSL_CTX_use_certificate_chain_buffer_format
[SGXSan] ALWAYS: Enter enc_wolfSSL_Debugging_OFF
[SGXSan] ALWAYS: Enter wc_test
------------------------------------------------------------------------------
 wolfSSL version 5.1.0
------------------------------------------------------------------------------
error    test passed!
MEMORY   test passed!
base64   test passed!
asn      test passed!
RANDOM   test passed!
MD5      test passed!
MD4      test passed!
SHA      test passed!
SHA-256  test passed!
Hash     test passed!
HMAC-MD5 test passed!
HMAC-SHA test passed!
HMAC-SHA256 test passed!
GMAC     test passed!
HC-128   test passed!
Rabbit   test passed!
DES      test passed!
DES3     test passed!
AES      test passed!
AES192   test passed!
AES256   test passed!
AES-GCM  test passed!
RSA      test passed!
DH       test passed!
DSA      test passed!
PWDBASED test passed!
ECC      test passed!
ECC buffer test passed!
logging  test passed!
mutex    test passed!
memcb    test failed!
 error = -13803
[SGXSan] ALWAYS: Enter enc_wolfSSL_write
[SGXSan] ALWAYS: Enter enc_wolfSSL_get_error
[SGXSan] ALWAYS: Enter enc_wolfTLSv1_2_client_method
[SGXSan] ALWAYS: Enter enc_wolfSSL_CTX_set_cipher_list
[SGXSan] ALWAYS: Enter enc_wolfSSL_CTX_free
[SGXSan] ALWAYS: Enter enc_wolfSSL_CTX_use_PrivateKey_buffer
[SGXSan] ALWAYS: Enter enc_wolfSSL_read
[SGXSan] ALWAYS: Enter enc_wolfSSL_CTX_new
[SGXSan] ALWAYS: Enter enc_wolfSSL_CTX_use_PrivateKey_buffer
[SGXSan] ALWAYS: Enter enc_wolfSSL_free
[SGXSan] ALWAYS: Enter enc_wolfSSL_set_fd
[SGXSan] ALWAYS: Enter enc_wolfSSL_write
[SGXSan] ALWAYS: Enter enc_wolfSSL_CTX_free
[SGXSan] ALWAYS: Enter wc_benchmark_test
------------------------------------------------------------------------------
 wolfSSL version 5.1.0
------------------------------------------------------------------------------
wolfCrypt Benchmark (block bytes 1048576, min 1.0 sec each)
RNG                 15 MB took 1.194 seconds,   12.560 MB/s
AES-128-CBC-enc     35 MB took 1.144 seconds,   30.584 MB/s
AES-128-CBC-dec     30 MB took 1.087 seconds,   27.587 MB/s
AES-192-CBC-enc     30 MB took 1.084 seconds,   27.670 MB/s
AES-192-CBC-dec     30 MB took 1.198 seconds,   25.037 MB/s
AES-256-CBC-enc     25 MB took 1.053 seconds,   23.731 MB/s
AES-256-CBC-dec     25 MB took 1.066 seconds,   23.454 MB/s
AES-128-GCM-enc     25 MB took 1.062 seconds,   23.541 MB/s
AES-128-GCM-dec     25 MB took 1.056 seconds,   23.679 MB/s
AES-192-GCM-enc     25 MB took 1.172 seconds,   21.330 MB/s
AES-192-GCM-dec     25 MB took 1.186 seconds,   21.085 MB/s
AES-256-GCM-enc     20 MB took 1.019 seconds,   19.621 MB/s
AES-256-GCM-dec     20 MB took 1.020 seconds,   19.603 MB/s
GMAC Table 4-bit    68 MB took 1.001 seconds,   67.962 MB/s
RABBIT              95 MB took 1.066 seconds,   89.107 MB/s
3DES                10 MB took 1.096 seconds,    9.122 MB/s
MD5                305 MB took 1.015 seconds,  300.481 MB/s
SHA                130 MB took 1.037 seconds,  125.305 MB/s
SHA-256             35 MB took 1.153 seconds,   30.352 MB/s
HMAC-MD5           275 MB took 1.002 seconds,  274.350 MB/s
HMAC-SHA           125 MB took 1.003 seconds,  124.593 MB/s
HMAC-SHA256         35 MB took 1.163 seconds,   30.093 MB/s
PBKDF2               4 KB took 1.005 seconds,    3.702 KB/s
RSA     2048 public       1400 ops took 1.024 sec, avg 0.732 ms, 1366.835 ops/sec
RSA     2048 private       100 ops took 3.660 sec, avg 36.596 ms, 27.325 ops/sec
DH      2048 key gen        65 ops took 1.004 sec, avg 15.440 ms, 64.767 ops/sec
DH      2048 agree         100 ops took 1.564 sec, avg 15.643 ms, 63.926 ops/sec
ECC   [      SECP256R1]   256 key gen      1389 ops took 1.001 sec, avg 0.720 ms, 1388.256 ops/sec
ECDHE [      SECP256R1]   256 agree        1000 ops took 1.102 sec, avg 1.102 ms, 907.121 ops/sec
ECDSA [      SECP256R1]   256 sign         1200 ops took 1.009 sec, avg 0.841 ms, 1188.783 ops/sec
ECDSA [      SECP256R1]   256 verify        900 ops took 1.043 sec, avg 1.159 ms, 863.102 ops/sec
Benchmark complete
[SGXSan] ALWAYS: Enter enc_wolfSSL_Debugging_ON
[SGXSan] ALWAYS: Enter enc_wolfSSL_Debugging_OFF
[SGXSan] ALWAYS: Enter enc_wolfSSL_Cleanup
[SGXSan] ALWAYS: Enter enc_wolfSSL_Init
[SGXSan] ALWAYS: Enter enc_wolfSSL_new
[SGXSan] ALWAYS: Enter enc_wolfSSL_CTX_load_verify_buffer
[SGXSan] ALWAYS: Enter enc_wolfSSL_CTX_set_cipher_list
[SGXSan] ALWAYS: Enter enc_wolfSSL_connect
[SGXSan] ALWAYS: Enter enc_wolfSSL_CTX_use_certificate_buffer
[SGXSan] ALWAYS: Enter enc_wolfSSL_CTX_use_certificate_chain_buffer_format
[SGXSan] ALWAYS: Enter wc_test
------------------------------------------------------------------------------
 wolfSSL version 5.1.0
------------------------------------------------------------------------------
error    test passed!
MEMORY   test passed!
base64   test passed!
asn      test passed!
RANDOM   test passed!
MD5      test passed!
MD4      test passed!
SHA      test passed!
SHA-256  test passed!
Hash     test passed!
HMAC-MD5 test passed!
HMAC-SHA test passed!
HMAC-SHA256 test passed!
GMAC     test passed!
HC-128   test passed!
Rabbit   test passed!
DES      test passed!
DES3     test passed!
AES      test passed!
AES192   test passed!
AES256   test passed!
AES-GCM  test passed!
RSA      test passed!
DH       test passed!
DSA      test passed!
PWDBASED test passed!
ECC      test passed!
ECC buffer test passed!
logging  test passed!
mutex    test passed!
memcb    test failed!
 error = -13803
[SGXSan] ALWAYS: Enter enc_wolfSSL_read
[SGXSan] ALWAYS: Enter enc_wolfSSL_CTX_new
[SGXSan] ALWAYS: Enter enc_wolfTLSv1_2_server_method
[SGXSan] ALWAYS: Enter enc_wolfSSL_get_error
[SGXSan] ALWAYS: Enter enc_wolfTLSv1_2_client_method
#4	pulse  cov: 6291 ft: 6291 corp: 1/361Kb exec/s: 0 rss: 64Mb
[SGXSan] ALWAYS: Enter wc_benchmark_test
------------------------------------------------------------------------------
 wolfSSL version 5.1.0
------------------------------------------------------------------------------
wolfCrypt Benchmark (block bytes 1048576, min 1.0 sec each)
RNG                 15 MB took 1.168 seconds,   12.844 MB/s
AES-128-CBC-enc     35 MB took 1.085 seconds,   32.257 MB/s
AES-128-CBC-dec     30 MB took 1.020 seconds,   29.415 MB/s
AES-192-CBC-enc     30 MB took 1.077 seconds,   27.863 MB/s
AES-192-CBC-dec     30 MB took 1.180 seconds,   25.417 MB/s
AES-256-CBC-enc     25 MB took 1.018 seconds,   24.558 MB/s
AES-256-CBC-dec     25 MB took 1.068 seconds,   23.409 MB/s
AES-128-GCM-enc     25 MB took 1.065 seconds,   23.464 MB/s
AES-128-GCM-dec     25 MB took 1.061 seconds,   23.572 MB/s
AES-192-GCM-enc     25 MB took 1.210 seconds,   20.655 MB/s
AES-192-GCM-dec     25 MB took 1.204 seconds,   20.762 MB/s
AES-256-GCM-enc     20 MB took 1.047 seconds,   19.102 MB/s
AES-256-GCM-dec     20 MB took 1.050 seconds,   19.041 MB/s
GMAC Table 4-bit    68 MB took 1.013 seconds,   67.118 MB/s
RABBIT              90 MB took 1.026 seconds,   87.745 MB/s
3DES                10 MB took 1.115 seconds,    8.972 MB/s
MD5                295 MB took 1.009 seconds,  292.414 MB/s
SHA                130 MB took 1.034 seconds,  125.680 MB/s
SHA-256             35 MB took 1.133 seconds,   30.879 MB/s
HMAC-MD5           300 MB took 1.005 seconds,  298.377 MB/s
HMAC-SHA           130 MB took 1.016 seconds,  127.964 MB/s
HMAC-SHA256         35 MB took 1.136 seconds,   30.812 MB/s
PBKDF2               4 KB took 1.001 seconds,    3.776 KB/s
RSA     2048 public       1400 ops took 1.010 sec, avg 0.722 ms, 1385.512 ops/sec
RSA     2048 private       100 ops took 3.750 sec, avg 37.503 ms, 26.665 ops/sec
DH      2048 key gen        65 ops took 1.003 sec, avg 15.429 ms, 64.812 ops/sec
DH      2048 agree         100 ops took 1.572 sec, avg 15.724 ms, 63.596 ops/sec
ECC   [      SECP256R1]   256 key gen      1407 ops took 1.000 sec, avg 0.711 ms, 1406.910 ops/sec
ECDHE [      SECP256R1]   256 agree        1000 ops took 1.096 sec, avg 1.096 ms, 912.318 ops/sec
ECDSA [      SECP256R1]   256 sign         1200 ops took 1.016 sec, avg 0.846 ms, 1181.654 ops/sec
ECDSA [      SECP256R1]   256 verify        900 ops took 1.087 sec, avg 1.208 ms, 827.682 ops/sec
Benchmark complete
[SGXSan] ALWAYS: Enter enc_wolfSSL_get_error
[SGXSan] ALWAYS: Enter enc_wolfSSL_free
[SGXSan] ALWAYS: Enter enc_wolfSSL_Debugging_OFF
[SGXSan] ALWAYS: Enter enc_wolfSSL_connect
[SGXSan] ALWAYS: Enter wc_test
------------------------------------------------------------------------------
 wolfSSL version 5.1.0
------------------------------------------------------------------------------
error    test passed!
MEMORY   test passed!
base64   test passed!
asn      test passed!
RANDOM   test passed!
MD5      test passed!
MD4      test passed!
SHA      test passed!
SHA-256  test passed!
Hash     test passed!
HMAC-MD5 test passed!
HMAC-SHA test passed!
HMAC-SHA256 test passed!
GMAC     test passed!
HC-128   test passed!
Rabbit   test passed!
DES      test passed!
DES3     test passed!
AES      test passed!
AES192   test passed!
AES256   test passed!
AES-GCM  test passed!
RSA      test passed!
DH       test passed!
DSA      test passed!
PWDBASED test passed!
ECC      test passed!
ECC buffer test passed!
logging  test passed!
mutex    test passed!
memcb    test failed!
 error = -13803
[SGXSan] ALWAYS: Enter enc_wolfSSL_CTX_use_certificate_chain_buffer_format
[SGXSan] ALWAYS: Enter enc_wolfSSL_set_fd
[SGXSan] ALWAYS: Enter enc_wolfSSL_read
[SGXSan] ALWAYS: Enter enc_wolfSSL_Cleanup
[SGXSan] ALWAYS: Enter enc_wolfSSL_CTX_set_cipher_list
[SGXSan] ALWAYS: Enter enc_wolfSSL_Debugging_ON
[SGXSan] ALWAYS: Enter enc_wolfSSL_write
[SGXSan] ALWAYS: Enter enc_wolfSSL_CTX_new
[SGXSan] ALWAYS: Enter enc_wolfSSL_Init
[SGXSan] ALWAYS: Enter enc_wolfTLSv1_2_server_method
[SGXSan] ALWAYS: Enter enc_wolfSSL_CTX_use_certificate_buffer
[SGXSan] ALWAYS: Enter enc_wolfSSL_new
[SGXSan] ALWAYS: Enter enc_wolfSSL_CTX_free
[SGXSan] ALWAYS: Enter enc_wolfSSL_CTX_use_PrivateKey_buffer
[SGXSan] ALWAYS: Enter enc_wolfSSL_CTX_load_verify_buffer
[SGXSan] ALWAYS: Enter enc_wolfTLSv1_2_client_method
[SGXSan] ALWAYS: Enter wc_benchmark_test
------------------------------------------------------------------------------
 wolfSSL version 5.1.0
------------------------------------------------------------------------------
wolfCrypt Benchmark (block bytes 1048576, min 1.0 sec each)
RNG                 15 MB took 1.158 seconds,   12.954 MB/s
AES-128-CBC-enc     35 MB took 1.057 seconds,   33.109 MB/s
AES-128-CBC-dec     30 MB took 1.003 seconds,   29.910 MB/s
AES-192-CBC-enc     30 MB took 1.048 seconds,   28.631 MB/s
AES-192-CBC-dec     30 MB took 1.123 seconds,   26.720 MB/s
AES-256-CBC-enc     30 MB took 1.181 seconds,   25.392 MB/s
AES-256-CBC-dec     25 MB took 1.044 seconds,   23.948 MB/s
AES-128-GCM-enc     25 MB took 1.045 seconds,   23.924 MB/s
AES-128-GCM-dec     25 MB took 1.042 seconds,   23.993 MB/s
AES-192-GCM-enc     25 MB took 1.172 seconds,   21.325 MB/s
AES-192-GCM-dec     25 MB took 1.164 seconds,   21.469 MB/s
AES-256-GCM-enc     20 MB took 1.021 seconds,   19.585 MB/s
AES-256-GCM-dec     20 MB took 1.012 seconds,   19.769 MB/s
GMAC Table 4-bit    69 MB took 1.013 seconds,   68.144 MB/s
RABBIT              95 MB took 1.058 seconds,   89.768 MB/s
3DES                10 MB took 1.079 seconds,    9.266 MB/s
MD5                305 MB took 1.009 seconds,  302.379 MB/s
SHA                130 MB took 1.007 seconds,  129.054 MB/s
SHA-256             35 MB took 1.127 seconds,   31.064 MB/s
HMAC-MD5           305 MB took 1.013 seconds,  301.231 MB/s
HMAC-SHA           130 MB took 1.010 seconds,  128.716 MB/s
HMAC-SHA256         35 MB took 1.135 seconds,   30.824 MB/s
PBKDF2               4 KB took 1.007 seconds,    3.817 KB/s
RSA     2048 public       1500 ops took 1.059 sec, avg 0.706 ms, 1416.393 ops/sec
RSA     2048 private       100 ops took 3.651 sec, avg 36.514 ms, 27.387 ops/sec
DH      2048 key gen        65 ops took 1.001 sec, avg 15.394 ms, 64.960 ops/sec
DH      2048 agree         100 ops took 1.578 sec, avg 15.778 ms, 63.378 ops/sec
ECC   [      SECP256R1]   256 key gen      1351 ops took 1.000 sec, avg 0.740 ms, 1350.839 ops/sec
ECDHE [      SECP256R1]   256 agree         900 ops took 1.018 sec, avg 1.131 ms, 883.811 ops/sec
ECDSA [      SECP256R1]   256 sign         1200 ops took 1.013 sec, avg 0.844 ms, 1184.283 ops/sec
ECDSA [      SECP256R1]   256 verify        900 ops took 1.057 sec, avg 1.175 ms, 851.087 ops/sec
Benchmark complete
[SGXSan] ALWAYS: Enter enc_wolfSSL_get_error
[SGXSan] ALWAYS: Enter enc_wolfSSL_free
[SGXSan] ALWAYS: Enter enc_wolfSSL_Debugging_OFF
[SGXSan] ALWAYS: Enter enc_wolfSSL_connect
[SGXSan] ALWAYS: Enter wc_test
------------------------------------------------------------------------------
 wolfSSL version 5.1.0
------------------------------------------------------------------------------
error    test passed!
MEMORY   test passed!
base64   test passed!
asn      test passed!
RANDOM   test passed!
MD5      test passed!
MD4      test passed!
SHA      test passed!
SHA-256  test passed!
Hash     test passed!
HMAC-MD5 test passed!
HMAC-SHA test passed!
HMAC-SHA256 test passed!
GMAC     test passed!
HC-128   test passed!
Rabbit   test passed!
DES      test passed!
DES3     test passed!
AES      test passed!
AES192   test passed!
AES256   test passed!
AES-GCM  test passed!
RSA      test passed!
DH       test passed!
DSA      test passed!
PWDBASED test passed!
ECC      test passed!
ECC buffer test passed!
logging  test passed!
mutex    test passed!
memcb    test failed!
 error = -13803
[SGXSan] ALWAYS: Enter enc_wolfSSL_CTX_use_certificate_chain_buffer_format
[SGXSan] ALWAYS: Enter enc_wolfSSL_set_fd
[SGXSan] ALWAYS: Enter enc_wolfSSL_read
[SGXSan] ALWAYS: Enter enc_wolfSSL_Cleanup
[SGXSan] ALWAYS: Enter enc_wolfSSL_CTX_set_cipher_list
[SGXSan] ALWAYS: Enter enc_wolfSSL_Debugging_ON
[SGXSan] ALWAYS: Enter enc_wolfSSL_write
[SGXSan] ALWAYS: Enter enc_wolfSSL_CTX_new
[SGXSan] ALWAYS: Enter enc_wolfSSL_Init
[SGXSan] ALWAYS: Enter enc_wolfTLSv1_2_server_method
[SGXSan] ALWAYS: Enter enc_wolfSSL_CTX_use_certificate_buffer
[SGXSan] ALWAYS: Enter enc_wolfSSL_new
[SGXSan] ALWAYS: Enter enc_wolfSSL_CTX_free
[SGXSan] ALWAYS: Enter enc_wolfSSL_CTX_use_PrivateKey_buffer
[SGXSan] ALWAYS: Enter enc_wolfSSL_CTX_load_verify_buffer
[SGXSan] ALWAYS: Enter enc_wolfTLSv1_2_client_method
#6	INITED cov: 6292 ft: 6292 corp: 2/742Kb exec/s: 0 rss: 77Mb
[SGXSan] ALWAYS: Enter wc_benchmark_test
------------------------------------------------------------------------------
 wolfSSL version 5.1.0
------------------------------------------------------------------------------
wolfCrypt Benchmark (block bytes 1048576, min 1.0 sec each)
RNG                 15 MB took 1.139 seconds,   13.168 MB/s
AES-128-CBC-enc     35 MB took 1.057 seconds,   33.121 MB/s
AES-128-CBC-dec     30 MB took 1.012 seconds,   29.630 MB/s
AES-192-CBC-enc     30 MB took 1.081 seconds,   27.741 MB/s
AES-192-CBC-dec     30 MB took 1.157 seconds,   25.927 MB/s
AES-256-CBC-enc     25 MB took 1.018 seconds,   24.558 MB/s
AES-256-CBC-dec     25 MB took 1.064 seconds,   23.501 MB/s
AES-128-GCM-enc     25 MB took 1.072 seconds,   23.326 MB/s
AES-128-GCM-dec     25 MB took 1.073 seconds,   23.308 MB/s
AES-192-GCM-enc     25 MB took 1.165 seconds,   21.454 MB/s
AES-192-GCM-dec     25 MB took 1.174 seconds,   21.300 MB/s
AES-256-GCM-enc     20 MB took 1.016 seconds,   19.691 MB/s
AES-256-GCM-dec     20 MB took 1.011 seconds,   19.786 MB/s
GMAC Table 4-bit    68 MB took 1.000 seconds,   67.981 MB/s
RABBIT              95 MB took 1.047 seconds,   90.775 MB/s
3DES                10 MB took 1.087 seconds,    9.200 MB/s
MD5                305 MB took 1.007 seconds,  302.731 MB/s
SHA                130 MB took 1.013 seconds,  128.291 MB/s
SHA-256             35 MB took 1.134 seconds,   30.863 MB/s
HMAC-MD5           300 MB took 1.005 seconds,  298.535 MB/s
HMAC-SHA           130 MB took 1.020 seconds,  127.432 MB/s
HMAC-SHA256         30 MB took 1.049 seconds,   28.590 MB/s
PBKDF2               4 KB took 1.001 seconds,    3.779 KB/s
RSA     2048 public       1500 ops took 1.066 sec, avg 0.711 ms, 1406.536 ops/sec
RSA     2048 private       100 ops took 7.181 sec, avg 71.809 ms, 13.926 ops/sec
DH      2048 key gen        37 ops took 1.001 sec, avg 27.065 ms, 36.948 ops/sec
DH      2048 agree         100 ops took 2.504 sec, avg 25.037 ms, 39.941 ops/sec
ECC   [      SECP256R1]   256 key gen       868 ops took 1.001 sec, avg 1.153 ms, 867.134 ops/sec
ECDHE [      SECP256R1]   256 agree         600 ops took 1.098 sec, avg 1.830 ms, 546.448 ops/sec
ECDSA [      SECP256R1]   256 sign         1200 ops took 1.102 sec, avg 0.918 ms, 1089.093 ops/sec
ECDSA [      SECP256R1]   256 verify        800 ops took 1.090 sec, avg 1.362 ms, 734.147 ops/sec
Benchmark complete
[SGXSan] ALWAYS: Enter enc_wolfSSL_get_error
[SGXSan] ALWAYS: Enter enc_wolfSSL_free
[SGXSan] ALWAYS: Enter enc_wolfSSL_Debugging_OFF
[SGXSan] ALWAYS: Enter enc_wolfSSL_connect
[SGXSan] ALWAYS: Enter wc_test
------------------------------------------------------------------------------
 wolfSSL version 5.1.0
------------------------------------------------------------------------------
error    test passed!
MEMORY   test passed!
base64   test passed!
asn      test passed!
RANDOM   test passed!
MD5      test passed!
MD4      test passed!
SHA      test passed!
SHA-256  test passed!
Hash     test passed!
HMAC-MD5 test passed!
HMAC-SHA test passed!
HMAC-SHA256 test passed!
GMAC     test passed!
HC-128   test passed!
Rabbit   test passed!
DES      test passed!
DES3     test passed!
AES      test passed!
AES192   test passed!
AES256   test passed!
AES-GCM  test passed!
RSA      test passed!
DH       test passed!
DSA      test passed!
PWDBASED test passed!
ECC      test passed!
ECC buffer test passed!
logging  test passed!
mutex    test passed!
memcb    test failed!
 error = -13803
[SGXSan] ALWAYS: Enter enc_wolfSSL_CTX_use_certificate_chain_buffer_format
[SGXSan] ALWAYS: Enter enc_wolfSSL_set_fd
[SGXSan] ALWAYS: Enter enc_wolfSSL_read
[SGXSan] ALWAYS: Enter enc_wolfSSL_Cleanup
[SGXSan] ALWAYS: Enter enc_wolfSSL_CTX_set_cipher_list
[SGXSan] ALWAYS: Enter enc_wolfSSL_Debugging_ON
[SGXSan] ALWAYS: Enter enc_wolfSSL_write
[SGXSan] ALWAYS: Enter enc_wolfSSL_CTX_new
[SGXSan] ALWAYS: Enter enc_wolfSSL_Init
[SGXSan] ALWAYS: Enter enc_wolfTLSv1_2_server_method
[SGXSan] ALWAYS: Enter enc_wolfSSL_CTX_use_certificate_buffer
[SGXSan] ALWAYS: Enter enc_wolfSSL_new
[SGXSan] ALWAYS: Enter enc_wolfSSL_CTX_free
[SGXSan] ALWAYS: Enter enc_wolfSSL_CTX_use_PrivateKey_buffer
[SGXSan] ALWAYS: Enter enc_wolfSSL_CTX_load_verify_buffer
[SGXSan] ALWAYS: Enter enc_wolfTLSv1_2_client_method
[SGXSan] ALWAYS: Enter wc_benchmark_test
------------------------------------------------------------------------------
 wolfSSL version 5.1.0
------------------------------------------------------------------------------
wolfCrypt Benchmark (block bytes 1048576, min 1.0 sec each)
RNG                 15 MB took 1.136 seconds,   13.208 MB/s
AES-128-CBC-enc     35 MB took 1.059 seconds,   33.038 MB/s
AES-128-CBC-dec     30 MB took 1.010 seconds,   29.702 MB/s
AES-192-CBC-enc     30 MB took 1.158 seconds,   25.900 MB/s
AES-192-CBC-dec     30 MB took 1.383 seconds,   21.689 MB/s
AES-256-CBC-enc     20 MB took 1.259 seconds,   15.883 MB/s
AES-256-CBC-dec     15 MB took 1.086 seconds,   13.806 MB/s
AES-128-GCM-enc     15 MB took 1.008 seconds,   14.887 MB/s
AES-128-GCM-dec     20 MB took 1.233 seconds,   16.227 MB/s
AES-192-GCM-enc     20 MB took 1.025 seconds,   19.504 MB/s
AES-192-GCM-dec     25 MB took 1.223 seconds,   20.439 MB/s
AES-256-GCM-enc     20 MB took 1.046 seconds,   19.117 MB/s
AES-256-GCM-dec     20 MB took 1.044 seconds,   19.155 MB/s
GMAC Table 4-bit    68 MB took 1.013 seconds,   67.107 MB/s
RABBIT              85 MB took 1.057 seconds,   80.444 MB/s
3DES                10 MB took 1.237 seconds,    8.085 MB/s
MD5                305 MB took 1.009 seconds,  302.369 MB/s
SHA                130 MB took 1.029 seconds,  126.304 MB/s
SHA-256             35 MB took 1.132 seconds,   30.913 MB/s
HMAC-MD5           305 MB took 1.013 seconds,  301.143 MB/s
HMAC-SHA           130 MB took 1.015 seconds,  128.020 MB/s
HMAC-SHA256         35 MB took 1.134 seconds,   30.856 MB/s
PBKDF2               4 KB took 1.002 seconds,    3.648 KB/s
RSA     2048 public       1400 ops took 1.034 sec, avg 0.738 ms, 1354.514 ops/sec
RSA     2048 private       100 ops took 3.818 sec, avg 38.179 ms, 26.192 ops/sec
DH      2048 key gen        59 ops took 1.002 sec, avg 16.988 ms, 58.864 ops/sec
DH      2048 agree         100 ops took 1.626 sec, avg 16.260 ms, 61.501 ops/sec
ECC   [      SECP256R1]   256 key gen      1383 ops took 1.000 sec, avg 0.723 ms, 1382.393 ops/sec
ECDHE [      SECP256R1]   256 agree        1000 ops took 1.097 sec, avg 1.097 ms, 911.281 ops/sec
ECDSA [      SECP256R1]   256 sign         1200 ops took 1.002 sec, avg 0.835 ms, 1198.074 ops/sec
ECDSA [      SECP256R1]   256 verify        900 ops took 1.049 sec, avg 1.166 ms, 857.742 ops/sec
Benchmark complete
[SGXSan] ALWAYS: Enter enc_wolfSSL_get_error
[SGXSan] ALWAYS: Enter enc_wolfSSL_free
[SGXSan] ALWAYS: Enter enc_wolfSSL_Debugging_OFF
[SGXSan] ALWAYS: Enter enc_wolfSSL_connect
[SGXSan] ALWAYS: Enter wc_test
------------------------------------------------------------------------------
 wolfSSL version 5.1.0
------------------------------------------------------------------------------
error    test passed!
MEMORY   test passed!
base64   test passed!
asn      test passed!
RANDOM   test passed!
MD5      test passed!
MD4      test passed!
SHA      test passed!
SHA-256  test passed!
Hash     test passed!
HMAC-MD5 test passed!
HMAC-SHA test passed!
HMAC-SHA256 test passed!
GMAC     test passed!
HC-128   test passed!
Rabbit   test passed!
DES      test passed!
DES3     test passed!
AES      test passed!
AES192   test passed!
AES256   test passed!
AES-GCM  test passed!
RSA      test passed!
DH       test passed!
DSA      test passed!
PWDBASED test passed!
ECC      test passed!
ECC buffer test passed!
logging  test passed!
mutex    test passed!
memcb    test failed!
 error = -13803
[SGXSan] ALWAYS: Enter enc_wolfSSL_CTX_use_certificate_chain_buffer_format
[SGXSan] ALWAYS: Enter enc_wolfSSL_set_fd
[SGXSan] ALWAYS: Enter enc_wolfSSL_read
[SGXSan] ALWAYS: Enter enc_wolfSSL_Cleanup
[SGXSan] ALWAYS: Enter enc_wolfSSL_CTX_set_cipher_list
[SGXSan] ALWAYS: Enter enc_wolfSSL_Debugging_ON
[SGXSan] ALWAYS: Enter enc_wolfSSL_write
[SGXSan] ALWAYS: Enter enc_wolfSSL_CTX_new
[SGXSan] ALWAYS: Enter enc_wolfSSL_Init
[SGXSan] ALWAYS: Enter enc_wolfTLSv1_2_server_method
[SGXSan] ALWAYS: Enter enc_wolfSSL_CTX_use_certificate_buffer
[SGXSan] ALWAYS: Enter enc_wolfSSL_new
[SGXSan] ALWAYS: Enter enc_wolfSSL_CTX_free
[SGXSan] ALWAYS: Enter enc_wolfSSL_CTX_use_PrivateKey_buffer
[SGXSan] ALWAYS: Enter enc_wolfSSL_CTX_load_verify_buffer
[SGXSan] ALWAYS: Enter enc_wolfTLSv1_2_client_method
#8	pulse  cov: 6292 ft: 6292 corp: 2/742Kb lim: 1000000 exec/s: 0 rss: 87Mb
[SGXSan] ALWAYS: Enter enc_wolfSSL_connect
[SGXSan] ALWAYS: Enter enc_wolfSSL_Init
[SGXSan] ALWAYS: Enter enc_wolfSSL_write
[SGXSan] ALWAYS: Enter enc_wolfSSL_CTX_set_cipher_list
[SGXSan] ALWAYS: Enter enc_wolfSSL_set_fd
[SGXSan] ALWAYS: Enter enc_wolfSSL_CTX_new
[SGXSan] ALWAYS: Enter enc_wolfSSL_read
[SGXSan] ALWAYS: Enter enc_wolfSSL_new
[SGXSan] ALWAYS: Enter enc_wolfSSL_CTX_use_certificate_buffer
[SGXSan] ALWAYS: Enter enc_wolfSSL_get_error
[SGXSan] ALWAYS: Enter wc_test
------------------------------------------------------------------------------
 wolfSSL version 5.1.0
------------------------------------------------------------------------------
error    test passed!
MEMORY   test passed!
base64   test passed!
asn      test passed!
RANDOM   test passed!
MD5      test passed!
MD4      test passed!
SHA      test passed!
SHA-256  test passed!
Hash     test passed!
HMAC-MD5 test passed!
HMAC-SHA test passed!
HMAC-SHA256 test passed!
GMAC     test passed!
HC-128   test passed!
Rabbit   test passed!
DES      test passed!
DES3     test passed!
AES      test passed!
AES192   test passed!
AES256   test passed!
AES-GCM  test passed!
RSA      test passed!
DH       test passed!
DSA      test passed!
PWDBASED test passed!
ECC      test passed!
ECC buffer test passed!
logging  test passed!
mutex    test passed!
memcb    test failed!
 error = -13803
[SGXSan] ALWAYS: Enter enc_wolfSSL_CTX_load_verify_buffer
[SGXSan] ALWAYS: Enter enc_wolfTLSv1_2_client_method
[SGXSan] ALWAYS: Enter wc_benchmark_test
------------------------------------------------------------------------------
 wolfSSL version 5.1.0
------------------------------------------------------------------------------
wolfCrypt Benchmark (block bytes 1048576, min 1.0 sec each)
RNG                 15 MB took 1.155 seconds,   12.988 MB/s
AES-128-CBC-enc     35 MB took 1.087 seconds,   32.213 MB/s
AES-128-CBC-dec     30 MB took 1.033 seconds,   29.045 MB/s
AES-192-CBC-enc     30 MB took 1.094 seconds,   27.431 MB/s
AES-192-CBC-dec     30 MB took 1.165 seconds,   25.748 MB/s
AES-256-CBC-enc     25 MB took 1.012 seconds,   24.699 MB/s
AES-256-CBC-dec     25 MB took 1.061 seconds,   23.562 MB/s
AES-128-GCM-enc     25 MB took 1.069 seconds,   23.378 MB/s
AES-128-GCM-dec     25 MB took 1.083 seconds,   23.075 MB/s
AES-192-GCM-enc     25 MB took 1.306 seconds,   19.149 MB/s
AES-192-GCM-dec     25 MB took 1.214 seconds,   20.597 MB/s
AES-256-GCM-enc     20 MB took 1.048 seconds,   19.079 MB/s
AES-256-GCM-dec     20 MB took 1.054 seconds,   18.981 MB/s
GMAC Table 4-bit    66 MB took 1.015 seconds,   65.054 MB/s
RABBIT              90 MB took 1.028 seconds,   87.576 MB/s
3DES                10 MB took 1.092 seconds,    9.156 MB/s
MD5                305 MB took 1.014 seconds,  300.666 MB/s
SHA                130 MB took 1.020 seconds,  127.506 MB/s
SHA-256             35 MB took 1.149 seconds,   30.448 MB/s
HMAC-MD5           300 MB took 1.010 seconds,  297.146 MB/s
HMAC-SHA           125 MB took 1.017 seconds,  122.884 MB/s
HMAC-SHA256         35 MB took 1.162 seconds,   30.118 MB/s
PBKDF2               4 KB took 1.008 seconds,    3.658 KB/s
RSA     2048 public       1400 ops took 1.055 sec, avg 0.753 ms, 1327.314 ops/sec
RSA     2048 private       100 ops took 3.749 sec, avg 37.486 ms, 26.677 ops/sec
DH      2048 key gen        65 ops took 1.010 sec, avg 15.531 ms, 64.388 ops/sec
DH      2048 agree         100 ops took 1.557 sec, avg 15.571 ms, 64.223 ops/sec
ECC   [      SECP256R1]   256 key gen      1379 ops took 1.000 sec, avg 0.725 ms, 1378.781 ops/sec
ECDHE [      SECP256R1]   256 agree        1000 ops took 1.103 sec, avg 1.103 ms, 906.570 ops/sec
ECDSA [      SECP256R1]   256 sign         1200 ops took 1.004 sec, avg 0.837 ms, 1194.827 ops/sec
ECDSA [      SECP256R1]   256 verify        900 ops took 1.063 sec, avg 1.181 ms, 846.964 ops/sec
Benchmark complete
[SGXSan] ALWAYS: Enter enc_wolfSSL_Cleanup
[SGXSan] ALWAYS: Enter enc_wolfSSL_Debugging_OFF
[SGXSan] ALWAYS: Enter enc_wolfSSL_CTX_use_PrivateKey_buffer
[SGXSan] ALWAYS: Enter enc_wolfSSL_Debugging_ON
[SGXSan] ALWAYS: Enter enc_wolfSSL_CTX_use_certificate_chain_buffer_format
[SGXSan] ALWAYS: Enter enc_wolfSSL_CTX_free
[SGXSan] ALWAYS: Enter enc_wolfTLSv1_2_server_method
[SGXSan] ALWAYS: Enter enc_wolfSSL_free
[SGXSan] ALWAYS: Enter enc_wolfSSL_Debugging_OFF
[SGXSan] ALWAYS: Enter enc_wolfSSL_CTX_set_cipher_list
[SGXSan] ALWAYS: Enter enc_wolfTLSv1_2_client_method
[SGXSan] ALWAYS: Enter enc_wolfSSL_free
[SGXSan] ALWAYS: Enter wc_benchmark_test
------------------------------------------------------------------------------
 wolfSSL version 5.1.0
------------------------------------------------------------------------------
wolfCrypt Benchmark (block bytes 1048576, min 1.0 sec each)
RNG                 15 MB took 1.136 seconds,   13.202 MB/s
AES-128-CBC-enc     35 MB took 1.068 seconds,   32.767 MB/s
AES-128-CBC-dec     30 MB took 1.005 seconds,   29.864 MB/s
AES-192-CBC-enc     30 MB took 1.058 seconds,   28.352 MB/s
AES-192-CBC-dec     30 MB took 1.153 seconds,   26.009 MB/s
AES-256-CBC-enc     30 MB took 1.200 seconds,   25.009 MB/s
AES-256-CBC-dec     25 MB took 1.059 seconds,   23.602 MB/s
AES-128-GCM-enc     25 MB took 1.049 seconds,   23.828 MB/s
AES-128-GCM-dec     25 MB took 1.049 seconds,   23.822 MB/s
AES-192-GCM-enc     25 MB took 1.193 seconds,   20.952 MB/s
AES-192-GCM-dec     25 MB took 1.177 seconds,   21.242 MB/s
AES-256-GCM-enc     20 MB took 1.026 seconds,   19.502 MB/s
AES-256-GCM-dec     20 MB took 1.028 seconds,   19.464 MB/s
GMAC Table 4-bit    68 MB took 1.004 seconds,   67.721 MB/s
RABBIT              90 MB took 1.033 seconds,   87.140 MB/s
3DES                10 MB took 1.291 seconds,    7.745 MB/s
MD5                280 MB took 1.015 seconds,  275.965 MB/s
SHA                130 MB took 1.024 seconds,  127.005 MB/s
SHA-256             35 MB took 1.137 seconds,   30.771 MB/s
HMAC-MD5           290 MB took 1.002 seconds,  289.557 MB/s
HMAC-SHA           130 MB took 1.028 seconds,  126.520 MB/s
HMAC-SHA256         35 MB took 1.145 seconds,   30.562 MB/s
PBKDF2               4 KB took 1.007 seconds,    3.756 KB/s
RSA     2048 public       1400 ops took 1.030 sec, avg 0.735 ms, 1359.821 ops/sec
RSA     2048 private       100 ops took 3.712 sec, avg 37.119 ms, 26.940 ops/sec
DH      2048 key gen        65 ops took 1.009 sec, avg 15.524 ms, 64.417 ops/sec
DH      2048 agree         100 ops took 1.564 sec, avg 15.636 ms, 63.957 ops/sec
ECC   [      SECP256R1]   256 key gen      1342 ops took 1.000 sec, avg 0.746 ms, 1341.339 ops/sec
ECDHE [      SECP256R1]   256 agree         900 ops took 1.017 sec, avg 1.130 ms, 884.571 ops/sec
ECDSA [      SECP256R1]   256 sign         1200 ops took 1.060 sec, avg 0.883 ms, 1132.441 ops/sec
ECDSA [      SECP256R1]   256 verify        900 ops took 1.064 sec, avg 1.182 ms, 846.161 ops/sec
Benchmark complete
[SGXSan] ALWAYS: Enter enc_wolfSSL_new
[SGXSan] ALWAYS: Enter enc_wolfSSL_set_fd
[SGXSan] ALWAYS: Enter enc_wolfSSL_CTX_free
[SGXSan] ALWAYS: Enter enc_wolfSSL_CTX_new
[SGXSan] ALWAYS: Enter enc_wolfSSL_get_error
[SGXSan] ALWAYS: Enter enc_wolfSSL_connect
[SGXSan] ALWAYS: Enter enc_wolfSSL_read
[SGXSan] ALWAYS: Enter enc_wolfTLSv1_2_server_method
[SGXSan] ALWAYS: Enter enc_wolfSSL_CTX_load_verify_buffer
[SGXSan] ALWAYS: Enter enc_wolfSSL_CTX_use_certificate_buffer
[SGXSan] ALWAYS: Enter wc_test
------------------------------------------------------------------------------
 wolfSSL version 5.1.0
------------------------------------------------------------------------------
error    test passed!
MEMORY   test passed!
base64   test passed!
asn      test passed!
RANDOM   test passed!
MD5      test passed!
MD4      test passed!
SHA      test passed!
SHA-256  test passed!
Hash     test passed!
HMAC-MD5 test passed!
HMAC-SHA test passed!
HMAC-SHA256 test passed!
GMAC     test passed!
HC-128   test passed!
Rabbit   test passed!
DES      test passed!
DES3     test passed!
AES      test passed!
AES192   test passed!
AES256   test passed!
AES-GCM  test passed!
RSA      test passed!
DH       test passed!
DSA      test passed!
PWDBASED test passed!
ECC      test passed!
ECC buffer test passed!
logging  test passed!
mutex    test passed!
memcb    test failed!
 error = -13803
[SGXSan] ALWAYS: Enter enc_wolfSSL_Init
[SGXSan] ALWAYS: Enter enc_wolfSSL_write
[SGXSan] ALWAYS: Enter enc_wolfSSL_Cleanup
[SGXSan] ALWAYS: Enter enc_wolfSSL_CTX_use_PrivateKey_buffer
[SGXSan] ALWAYS: Enter enc_wolfSSL_Debugging_ON
[SGXSan] ALWAYS: Enter enc_wolfSSL_CTX_use_certificate_chain_buffer_format
[SGXSan] ALWAYS: Enter enc_wolfSSL_Debugging_OFF
[SGXSan] ALWAYS: Enter enc_wolfSSL_CTX_set_cipher_list
[SGXSan] ALWAYS: Enter enc_wolfTLSv1_2_client_method
[SGXSan] ALWAYS: Enter enc_wolfSSL_free
[SGXSan] ALWAYS: Enter wc_benchmark_test
------------------------------------------------------------------------------
 wolfSSL version 5.1.0
------------------------------------------------------------------------------
wolfCrypt Benchmark (block bytes 1048576, min 1.0 sec each)
RNG                 15 MB took 1.151 seconds,   13.029 MB/s
AES-128-CBC-enc     35 MB took 1.060 seconds,   33.031 MB/s
AES-128-CBC-dec     30 MB took 1.002 seconds,   29.940 MB/s
AES-192-CBC-enc     30 MB took 1.061 seconds,   28.281 MB/s
AES-192-CBC-dec     30 MB took 1.153 seconds,   26.016 MB/s
AES-256-CBC-enc     25 MB took 1.010 seconds,   24.748 MB/s
AES-256-CBC-dec     25 MB took 1.058 seconds,   23.632 MB/s
AES-128-GCM-enc     25 MB took 1.052 seconds,   23.764 MB/s
AES-128-GCM-dec     25 MB took 1.049 seconds,   23.843 MB/s
AES-192-GCM-enc     25 MB took 1.172 seconds,   21.328 MB/s
AES-192-GCM-dec     25 MB took 1.215 seconds,   20.580 MB/s
AES-256-GCM-enc     20 MB took 1.033 seconds,   19.353 MB/s
AES-256-GCM-dec     20 MB took 1.046 seconds,   19.128 MB/s
GMAC Table 4-bit    68 MB took 1.007 seconds,   67.494 MB/s
RABBIT              90 MB took 1.003 seconds,   89.761 MB/s
3DES                10 MB took 1.099 seconds,    9.098 MB/s
MD5                305 MB took 1.015 seconds,  300.366 MB/s
SHA                125 MB took 1.027 seconds,  121.658 MB/s
SHA-256             35 MB took 1.149 seconds,   30.465 MB/s
HMAC-MD5           300 MB took 1.009 seconds,  297.216 MB/s
HMAC-SHA           130 MB took 1.036 seconds,  125.525 MB/s
HMAC-SHA256         35 MB took 1.145 seconds,   30.563 MB/s
PBKDF2               4 KB took 1.007 seconds,    3.693 KB/s
RSA     2048 public       1400 ops took 1.018 sec, avg 0.727 ms, 1375.382 ops/sec
RSA     2048 private       100 ops took 3.659 sec, avg 36.586 ms, 27.333 ops/sec
DH      2048 key gen        64 ops took 1.013 sec, avg 15.831 ms, 63.166 ops/sec
DH      2048 agree         100 ops took 1.570 sec, avg 15.696 ms, 63.709 ops/sec
ECC   [      SECP256R1]   256 key gen      1362 ops took 1.000 sec, avg 0.735 ms, 1361.460 ops/sec
ECDHE [      SECP256R1]   256 agree         900 ops took 1.009 sec, avg 1.121 ms, 891.665 ops/sec
ECDSA [      SECP256R1]   256 sign         1200 ops took 1.022 sec, avg 0.852 ms, 1173.879 ops/sec
ECDSA [      SECP256R1]   256 verify        900 ops took 1.072 sec, avg 1.191 ms, 839.762 ops/sec
Benchmark complete
[SGXSan] ALWAYS: Enter enc_wolfSSL_new
[SGXSan] ALWAYS: Enter enc_wolfSSL_set_fd
[SGXSan] ALWAYS: Enter enc_wolfSSL_CTX_free
[SGXSan] ALWAYS: Enter enc_wolfSSL_CTX_new
[SGXSan] ALWAYS: Enter enc_wolfSSL_get_error
[SGXSan] ALWAYS: Enter enc_wolfSSL_connect
[SGXSan] ALWAYS: Enter enc_wolfSSL_read
[SGXSan] ALWAYS: Enter enc_wolfTLSv1_2_server_method
[SGXSan] ALWAYS: Enter enc_wolfSSL_CTX_load_verify_buffer
[SGXSan] ALWAYS: Enter enc_wolfSSL_CTX_use_certificate_buffer
[SGXSan] ALWAYS: Enter wc_test
------------------------------------------------------------------------------
 wolfSSL version 5.1.0
------------------------------------------------------------------------------
error    test passed!
MEMORY   test passed!
base64   test passed!
asn      test passed!
RANDOM   test passed!
MD5      test passed!
MD4      test passed!
SHA      test passed!
SHA-256  test passed!
Hash     test passed!
HMAC-MD5 test passed!
HMAC-SHA test passed!
HMAC-SHA256 test passed!
GMAC     test passed!
HC-128   test passed!
Rabbit   test passed!
DES      test passed!
DES3     test passed!
AES      test passed!
AES192   test passed!
AES256   test passed!
AES-GCM  test passed!
RSA      test passed!
DH       test passed!
DSA      test passed!
PWDBASED test passed!
ECC      test passed!
ECC buffer test passed!
logging  test passed!
mutex    test passed!
memcb    test failed!
 error = -13803
[SGXSan] ALWAYS: Enter enc_wolfSSL_Init
[SGXSan] ALWAYS: Enter enc_wolfSSL_write
[SGXSan] ALWAYS: Enter enc_wolfSSL_Cleanup
[SGXSan] ALWAYS: Enter enc_wolfSSL_CTX_use_PrivateKey_buffer
[SGXSan] ALWAYS: Enter enc_wolfSSL_Debugging_ON
[SGXSan] ALWAYS: Enter enc_wolfSSL_CTX_use_certificate_chain_buffer_format
#11	DONE   cov: 6292 ft: 6292 corp: 2/742Kb lim: 1000000 exec/s: 0 rss: 104Mb
Done 11 runs in 471 second(s)
stat::number_of_executed_units: 11
stat::average_exec_per_sec:     0
stat::new_units_added:          0
stat::slowest_unit_time_sec:    42
stat::peak_rss_mb:              104
