WARNING: Failed to find function "__sanitizer_acquire_crash_state".
WARNING: Failed to find function "__sanitizer_print_stack_trace".
WARNING: Failed to find function "__sanitizer_set_death_callback".
[CEnclavePool /home/leone/Documents/linux-sgx/psw/urts/enclave.cpp:638] enter CEnclavePool constructor
[2023-01-15 21:51:04.712] [Init] Num of ECall: 22
[2023-01-15 21:51:04.712] ECalls:
  0 - fuzz_enc_wolfSSL_CTX_free
  1 - fuzz_enc_wolfSSL_CTX_load_verify_buffer
  2 - fuzz_enc_wolfSSL_CTX_new
  3 - fuzz_enc_wolfSSL_CTX_set_cipher_list
  4 - fuzz_enc_wolfSSL_CTX_use_PrivateKey_buffer
  5 - fuzz_enc_wolfSSL_CTX_use_certificate_buffer
  6 - fuzz_enc_wolfSSL_CTX_use_certificate_chain_buffer_format
  7 - fuzz_enc_wolfSSL_Cleanup
  8 - fuzz_enc_wolfSSL_Debugging_OFF
  9 - fuzz_enc_wolfSSL_Debugging_ON
  10 - fuzz_enc_wolfSSL_Init
  11 - fuzz_enc_wolfSSL_connect
  12 - fuzz_enc_wolfSSL_free
  13 - fuzz_enc_wolfSSL_get_error
  14 - fuzz_enc_wolfSSL_new
  15 - fuzz_enc_wolfSSL_read
  16 - fuzz_enc_wolfSSL_set_fd
  17 - fuzz_enc_wolfSSL_write
  18 - fuzz_enc_wolfTLSv1_2_client_method
  19 - fuzz_enc_wolfTLSv1_2_server_method
  20 - fuzz_wc_benchmark_test
  21 - fuzz_wc_test

INFO: found LLVMFuzzerCustomMutator (0x44ac30). Disabling -len_control by default.
INFO: libFuzzer ignores flags that start with '--'
INFO: Running with entropic power schedule (0xFF, 100).
INFO: Seed: 3466737484
INFO: Loaded 1 modules   (291 inline 8-bit counters): 291 [0x4cb7e8, 0x4cb90b), 
INFO: Loaded 1 PC tables (291 PCs): 291 [0x4cb910,0x4ccb40), 
INFO:        0 files found in /tmp/libFuzzerTemp.FuzzWithFork422940.dir/C274
[SGXSan] ALWAYS: Hook __sanitizer_cov_8bit_counters_init of Enclave, 21636 inline 8-bit counts [0x7f94211439c0, 0x7f9421148e44) (First time)
[SGXSan] ALWAYS: Hook __sanitizer_cov_pcs_init of Enclave, 21636 PCs [0x7f9421148e48, 0x7f942119d688) (First time)
[SGXSan] ALWAYS: Enter enc_wolfSSL_CTX_free
[SGXSan] ALWAYS: Enter enc_wolfSSL_CTX_load_verify_buffer
[SGXSan] ALWAYS: Enter enc_wolfSSL_CTX_new
[SGXSan] ALWAYS: Enter enc_wolfSSL_CTX_set_cipher_list
[SGXSan] ALWAYS: Enter enc_wolfSSL_CTX_use_PrivateKey_buffer
[SGXSan] ALWAYS: Enter enc_wolfSSL_CTX_use_certificate_buffer
[SGXSan] ALWAYS: Enter enc_wolfSSL_CTX_use_certificate_chain_buffer_format
[SGXSan] ALWAYS: Enter enc_wolfSSL_Cleanup
[SGXSan] ALWAYS: Enter enc_wolfSSL_Debugging_OFF
[SGXSan] ALWAYS: Enter enc_wolfSSL_Debugging_ON
[SGXSan] ALWAYS: Enter enc_wolfSSL_Init
[SGXSan] ALWAYS: Enter enc_wolfSSL_connect
[SGXSan] ALWAYS: Enter enc_wolfSSL_free
[SGXSan] ALWAYS: Enter enc_wolfSSL_get_error
[SGXSan] ALWAYS: Enter enc_wolfSSL_new
[SGXSan] ALWAYS: Enter enc_wolfSSL_read
[SGXSan] ALWAYS: Enter enc_wolfSSL_set_fd
[SGXSan] ALWAYS: Enter enc_wolfSSL_write
[SGXSan] ALWAYS: Enter enc_wolfTLSv1_2_client_method
[SGXSan] ALWAYS: Enter enc_wolfTLSv1_2_server_method
[SGXSan] ALWAYS: Enter wc_benchmark_test
------------------------------------------------------------------------------
 wolfSSL version 5.1.0
------------------------------------------------------------------------------
wolfCrypt Benchmark (block bytes 1048576, min 1.0 sec each)
RNG                 15 MB took 1.171 seconds,   12.805 MB/s
AES-128-CBC-enc     35 MB took 1.097 seconds,   31.907 MB/s
AES-128-CBC-dec     35 MB took 1.148 seconds,   30.483 MB/s
AES-192-CBC-enc     30 MB took 1.057 seconds,   28.394 MB/s
AES-192-CBC-dec     30 MB took 1.138 seconds,   26.355 MB/s
AES-256-CBC-enc     30 MB took 1.184 seconds,   25.347 MB/s
AES-256-CBC-dec     25 MB took 1.051 seconds,   23.795 MB/s
AES-128-GCM-enc     25 MB took 1.051 seconds,   23.780 MB/s
AES-128-GCM-dec     25 MB took 1.053 seconds,   23.732 MB/s
AES-192-GCM-enc     25 MB took 1.186 seconds,   21.076 MB/s
AES-192-GCM-dec     25 MB took 1.180 seconds,   21.192 MB/s
AES-256-GCM-enc     20 MB took 1.023 seconds,   19.547 MB/s
AES-256-GCM-dec     20 MB took 1.022 seconds,   19.571 MB/s
GMAC Table 4-bit    67 MB took 1.009 seconds,   66.435 MB/s
RABBIT              95 MB took 1.047 seconds,   90.708 MB/s
3DES                10 MB took 1.091 seconds,    9.162 MB/s
MD5                300 MB took 1.013 seconds,  296.127 MB/s
SHA                125 MB took 1.005 seconds,  124.391 MB/s
SHA-256             35 MB took 1.166 seconds,   30.015 MB/s
HMAC-MD5           295 MB took 1.009 seconds,  292.358 MB/s
HMAC-SHA           125 MB took 1.005 seconds,  124.336 MB/s
HMAC-SHA256         35 MB took 1.163 seconds,   30.106 MB/s
PBKDF2               4 KB took 1.004 seconds,    3.673 KB/s
RSA     2048 public       1400 ops took 1.028 sec, avg 0.734 ms, 1361.722 ops/sec
RSA     2048 private       100 ops took 3.834 sec, avg 38.339 ms, 26.083 ops/sec
DH      2048 key gen        64 ops took 1.015 sec, avg 15.860 ms, 63.051 ops/sec
DH      2048 agree         100 ops took 1.617 sec, avg 16.169 ms, 61.847 ops/sec
ECC   [      SECP256R1]   256 key gen      1352 ops took 1.001 sec, avg 0.740 ms, 1351.286 ops/sec
ECDHE [      SECP256R1]   256 agree        1000 ops took 1.096 sec, avg 1.096 ms, 912.479 ops/sec
ECDSA [      SECP256R1]   256 sign         1200 ops took 1.011 sec, avg 0.843 ms, 1186.731 ops/sec
ECDSA [      SECP256R1]   256 verify        900 ops took 1.043 sec, avg 1.158 ms, 863.241 ops/sec
Benchmark complete
[SGXSan] ALWAYS: Enter wc_test
INFO: seed corpus: files: 5 min: 370191b max: 390122b total: 1930679b rss: 43Mb
------------------------------------------------------------------------------
 wolfSSL version 5.1.0
------------------------------------------------------------------------------
error    test passed!
MEMORY   test passed!
base64   test passed!
asn      test passed!
RANDOM   test passed!
MD5      test passed!
MD4      test passed!
SHA      test passed!
SHA-256  test passed!
Hash     test passed!
HMAC-MD5 test passed!
HMAC-SHA test passed!
HMAC-SHA256 test passed!
GMAC     test passed!
HC-128   test passed!
Rabbit   test passed!
DES      test passed!
DES3     test passed!
AES      test passed!
AES192   test passed!
AES256   test passed!
AES-GCM  test passed!
RSA      test passed!
DH       test passed!
DSA      test passed!
PWDBASED test passed!
ECC      test passed!
ECC buffer test passed!
logging  test passed!
mutex    test passed!
memcb    test passed!
Test complete
[SGXSan] ALWAYS: Enter enc_wolfSSL_new
[SGXSan] ALWAYS: Enter wc_test
------------------------------------------------------------------------------
 wolfSSL version 5.1.0
------------------------------------------------------------------------------
error    test passed!
MEMORY   test passed!
base64   test passed!
asn      test passed!
RANDOM   test passed!
MD5      test passed!
MD4      test passed!
SHA      test passed!
SHA-256  test passed!
Hash     test passed!
HMAC-MD5 test passed!
HMAC-SHA test passed!
HMAC-SHA256 test passed!
GMAC     test passed!
HC-128   test passed!
Rabbit   test passed!
DES      test passed!
DES3     test passed!
AES      test passed!
AES192   test passed!
AES256   test passed!
AES-GCM  test passed!
RSA      test passed!
DH       test passed!
DSA      test passed!
PWDBASED test passed!
ECC      test passed!
ECC buffer test passed!
logging  test passed!
mutex    test passed!
memcb    test failed!
 error = -13803
[SGXSan] ALWAYS: Enter enc_wolfSSL_CTX_use_certificate_chain_buffer_format
[SGXSan] ALWAYS: Enter enc_wolfSSL_write
[SGXSan] ALWAYS: Enter enc_wolfSSL_get_error
[SGXSan] ALWAYS: Enter enc_wolfSSL_CTX_load_verify_buffer
[SGXSan] ALWAYS: Enter enc_wolfSSL_CTX_use_PrivateKey_buffer
[SGXSan] ALWAYS: Enter enc_wolfSSL_CTX_use_certificate_buffer
[SGXSan] ALWAYS: Enter enc_wolfTLSv1_2_server_method
[SGXSan] ALWAYS: Enter enc_wolfSSL_Debugging_ON
[SGXSan] ALWAYS: Enter enc_wolfSSL_CTX_new
[SGXSan] ALWAYS: Enter enc_wolfSSL_Cleanup
[SGXSan] ALWAYS: Enter enc_wolfSSL_connect
[SGXSan] ALWAYS: Enter wc_benchmark_test
------------------------------------------------------------------------------
 wolfSSL version 5.1.0
------------------------------------------------------------------------------
wolfCrypt Benchmark (block bytes 1048576, min 1.0 sec each)
RNG                 15 MB took 1.137 seconds,   13.197 MB/s
AES-128-CBC-enc     35 MB took 1.068 seconds,   32.775 MB/s
AES-128-CBC-dec     35 MB took 1.147 seconds,   30.503 MB/s
AES-192-CBC-enc     30 MB took 1.056 seconds,   28.413 MB/s
AES-192-CBC-dec     30 MB took 1.159 seconds,   25.875 MB/s
AES-256-CBC-enc     30 MB took 1.180 seconds,   25.426 MB/s
AES-256-CBC-dec     25 MB took 1.046 seconds,   23.903 MB/s
AES-128-GCM-enc     25 MB took 1.055 seconds,   23.688 MB/s
AES-128-GCM-dec     25 MB took 1.050 seconds,   23.821 MB/s
AES-192-GCM-enc     25 MB took 1.195 seconds,   20.916 MB/s
AES-192-GCM-dec     25 MB took 1.196 seconds,   20.900 MB/s
AES-256-GCM-enc     20 MB took 1.022 seconds,   19.561 MB/s
AES-256-GCM-dec     20 MB took 1.017 seconds,   19.657 MB/s
GMAC Table 4-bit    68 MB took 1.005 seconds,   67.659 MB/s
RABBIT              90 MB took 1.007 seconds,   89.366 MB/s
3DES                10 MB took 1.092 seconds,    9.159 MB/s
MD5                305 MB took 1.016 seconds,  300.212 MB/s
SHA                130 MB took 1.027 seconds,  126.642 MB/s
SHA-256             35 MB took 1.142 seconds,   30.659 MB/s
HMAC-MD5           295 MB took 1.007 seconds,  293.030 MB/s
HMAC-SHA           130 MB took 1.026 seconds,  126.765 MB/s
HMAC-SHA256         35 MB took 1.145 seconds,   30.567 MB/s
PBKDF2               4 KB took 1.006 seconds,    3.757 KB/s
RSA     2048 public       1400 ops took 1.015 sec, avg 0.725 ms, 1379.675 ops/sec
RSA     2048 private       100 ops took 3.821 sec, avg 38.214 ms, 26.168 ops/sec
DH      2048 key gen        64 ops took 1.009 sec, avg 15.770 ms, 63.410 ops/sec
DH      2048 agree         100 ops took 1.569 sec, avg 15.692 ms, 63.725 ops/sec
ECC   [      SECP256R1]   256 key gen      1385 ops took 1.001 sec, avg 0.722 ms, 1384.164 ops/sec
ECDHE [      SECP256R1]   256 agree         900 ops took 1.005 sec, avg 1.117 ms, 895.464 ops/sec
ECDSA [      SECP256R1]   256 sign         1200 ops took 1.005 sec, avg 0.837 ms, 1194.430 ops/sec
ECDSA [      SECP256R1]   256 verify        900 ops took 1.042 sec, avg 1.157 ms, 864.010 ops/sec
Benchmark complete
[SGXSan] ALWAYS: Enter enc_wolfSSL_free
[SGXSan] ALWAYS: Enter enc_wolfSSL_set_fd
[SGXSan] ALWAYS: Enter enc_wolfTLSv1_2_client_method
[SGXSan] ALWAYS: Enter enc_wolfSSL_Init
[SGXSan] ALWAYS: Enter enc_wolfSSL_CTX_set_cipher_list
[SGXSan] ALWAYS: Enter enc_wolfSSL_Debugging_OFF
[SGXSan] ALWAYS: Enter enc_wolfSSL_read
[SGXSan] ALWAYS: Enter enc_wolfSSL_CTX_free
#2	pulse  ft: 6295 exec/s: 0 rss: 49Mb
Slowest unit: 42 s:
artifact_prefix='./crashes/'; Test unit written to ./crashes/slow-unit-c9cfd7010b0779e2835c2ded8690708a4975af65
[SGXSan] ALWAYS: Enter wc_benchmark_test
------------------------------------------------------------------------------
 wolfSSL version 5.1.0
------------------------------------------------------------------------------
wolfCrypt Benchmark (block bytes 1048576, min 1.0 sec each)
RNG                 15 MB took 1.147 seconds,   13.079 MB/s
AES-128-CBC-enc     35 MB took 1.116 seconds,   31.349 MB/s
AES-128-CBC-dec     30 MB took 1.004 seconds,   29.888 MB/s
AES-192-CBC-enc     30 MB took 1.075 seconds,   27.913 MB/s
AES-192-CBC-dec     30 MB took 1.157 seconds,   25.918 MB/s
AES-256-CBC-enc     25 MB took 1.005 seconds,   24.885 MB/s
AES-256-CBC-dec     25 MB took 1.056 seconds,   23.672 MB/s
AES-128-GCM-enc     25 MB took 1.059 seconds,   23.614 MB/s
AES-128-GCM-dec     25 MB took 1.051 seconds,   23.783 MB/s
AES-192-GCM-enc     25 MB took 1.178 seconds,   21.222 MB/s
AES-192-GCM-dec     25 MB took 1.185 seconds,   21.095 MB/s
AES-256-GCM-enc     20 MB took 1.027 seconds,   19.475 MB/s
AES-256-GCM-dec     20 MB took 1.023 seconds,   19.541 MB/s
GMAC Table 4-bit    68 MB took 1.003 seconds,   67.778 MB/s
RABBIT              95 MB took 1.051 seconds,   90.412 MB/s
3DES                10 MB took 1.093 seconds,    9.152 MB/s
MD5                300 MB took 1.014 seconds,  295.903 MB/s
SHA                125 MB took 1.015 seconds,  123.184 MB/s
SHA-256             35 MB took 1.135 seconds,   30.846 MB/s
HMAC-MD5           305 MB took 1.013 seconds,  301.042 MB/s
HMAC-SHA           130 MB took 1.022 seconds,  127.230 MB/s
HMAC-SHA256         35 MB took 1.159 seconds,   30.211 MB/s
PBKDF2               4 KB took 1.000 seconds,    3.686 KB/s
RSA     2048 public       1400 ops took 1.041 sec, avg 0.743 ms, 1345.122 ops/sec
RSA     2048 private       100 ops took 3.746 sec, avg 37.465 ms, 26.692 ops/sec
DH      2048 key gen        64 ops took 1.005 sec, avg 15.705 ms, 63.676 ops/sec
DH      2048 agree         100 ops took 1.563 sec, avg 15.625 ms, 63.999 ops/sec
ECC   [      SECP256R1]   256 key gen      1372 ops took 1.000 sec, avg 0.729 ms, 1371.713 ops/sec
ECDHE [      SECP256R1]   256 agree         900 ops took 1.004 sec, avg 1.116 ms, 896.355 ops/sec
ECDSA [      SECP256R1]   256 sign         1200 ops took 1.012 sec, avg 0.843 ms, 1186.033 ops/sec
ECDSA [      SECP256R1]   256 verify        900 ops took 1.081 sec, avg 1.201 ms, 832.522 ops/sec
Benchmark complete
[SGXSan] ALWAYS: Enter enc_wolfSSL_get_error
[SGXSan] ALWAYS: Enter enc_wolfSSL_free
[SGXSan] ALWAYS: Enter enc_wolfSSL_Debugging_OFF
[SGXSan] ALWAYS: Enter enc_wolfSSL_connect
[SGXSan] ALWAYS: Enter wc_test
------------------------------------------------------------------------------
 wolfSSL version 5.1.0
------------------------------------------------------------------------------
error    test passed!
MEMORY   test passed!
base64   test passed!
asn      test passed!
RANDOM   test passed!
MD5      test passed!
MD4      test passed!
SHA      test passed!
SHA-256  test passed!
Hash     test passed!
HMAC-MD5 test passed!
HMAC-SHA test passed!
HMAC-SHA256 test passed!
GMAC     test passed!
HC-128   test passed!
Rabbit   test passed!
DES      test passed!
DES3     test passed!
AES      test passed!
AES192   test passed!
AES256   test passed!
AES-GCM  test passed!
RSA      test passed!
DH       test passed!
DSA      test passed!
PWDBASED test passed!
ECC      test passed!
ECC buffer test passed!
logging  test passed!
mutex    test passed!
memcb    test failed!
 error = -13803
[SGXSan] ALWAYS: Enter enc_wolfSSL_CTX_use_certificate_chain_buffer_format
[SGXSan] ALWAYS: Enter enc_wolfSSL_set_fd
[SGXSan] ALWAYS: Enter enc_wolfSSL_read
[SGXSan] ALWAYS: Enter enc_wolfSSL_Cleanup
[SGXSan] ALWAYS: Enter enc_wolfSSL_CTX_set_cipher_list
[SGXSan] ALWAYS: Enter enc_wolfSSL_Debugging_ON
[SGXSan] ALWAYS: Enter enc_wolfSSL_write
[SGXSan] ALWAYS: Enter enc_wolfSSL_CTX_new
[SGXSan] ALWAYS: Enter enc_wolfSSL_Init
[SGXSan] ALWAYS: Enter enc_wolfTLSv1_2_server_method
[SGXSan] ALWAYS: Enter enc_wolfSSL_CTX_use_certificate_buffer
[SGXSan] ALWAYS: Enter enc_wolfSSL_new
[SGXSan] ALWAYS: Enter enc_wolfSSL_CTX_free
[SGXSan] ALWAYS: Enter enc_wolfSSL_CTX_use_PrivateKey_buffer
[SGXSan] ALWAYS: Enter enc_wolfSSL_CTX_load_verify_buffer
[SGXSan] ALWAYS: Enter enc_wolfTLSv1_2_client_method
[SGXSan] ALWAYS: Enter enc_wolfSSL_CTX_load_verify_buffer
[SGXSan] ALWAYS: Enter enc_wolfSSL_Init
[SGXSan] ALWAYS: Enter enc_wolfSSL_Debugging_ON
[SGXSan] ALWAYS: Enter enc_wolfSSL_connect
[SGXSan] ALWAYS: Enter wc_test
------------------------------------------------------------------------------
 wolfSSL version 5.1.0
------------------------------------------------------------------------------
error    test passed!
MEMORY   test passed!
base64   test passed!
asn      test passed!
RANDOM   test passed!
MD5      test passed!
MD4      test passed!
SHA      test passed!
SHA-256  test passed!
Hash     test passed!
HMAC-MD5 test passed!
HMAC-SHA test passed!
HMAC-SHA256 test passed!
GMAC     test passed!
HC-128   test passed!
Rabbit   test passed!
DES      test passed!
DES3     test passed!
AES      test passed!
AES192   test passed!
AES256   test passed!
AES-GCM  test passed!
RSA      test passed!
DH       test passed!
DSA      test passed!
PWDBASED test passed!
ECC      test passed!
ECC buffer test passed!
logging  test passed!
mutex    test passed!
memcb    test failed!
 error = -13803
[SGXSan] ALWAYS: Enter enc_wolfTLSv1_2_client_method
[SGXSan] ALWAYS: Enter enc_wolfSSL_write
[SGXSan] ALWAYS: Enter enc_wolfSSL_read
[SGXSan] ALWAYS: Enter enc_wolfSSL_CTX_use_certificate_buffer
[SGXSan] ALWAYS: Enter enc_wolfSSL_Debugging_OFF
[SGXSan] ALWAYS: Enter enc_wolfSSL_CTX_set_cipher_list
[SGXSan] ALWAYS: Enter enc_wolfSSL_set_fd
[SGXSan] ALWAYS: Enter enc_wolfSSL_CTX_use_PrivateKey_buffer
[SGXSan] ALWAYS: Enter enc_wolfSSL_new
[SGXSan] ALWAYS: Enter enc_wolfSSL_Cleanup
[SGXSan] ALWAYS: Enter enc_wolfSSL_CTX_use_certificate_chain_buffer_format
[SGXSan] ALWAYS: Enter enc_wolfSSL_CTX_free
[SGXSan] ALWAYS: Enter enc_wolfTLSv1_2_server_method
[SGXSan] ALWAYS: Enter wc_benchmark_test
------------------------------------------------------------------------------
 wolfSSL version 5.1.0
------------------------------------------------------------------------------
wolfCrypt Benchmark (block bytes 1048576, min 1.0 sec each)
RNG                 15 MB took 1.138 seconds,   13.182 MB/s
AES-128-CBC-enc     35 MB took 1.059 seconds,   33.044 MB/s
AES-128-CBC-dec     35 MB took 1.152 seconds,   30.384 MB/s
AES-192-CBC-enc     30 MB took 1.069 seconds,   28.062 MB/s
AES-192-CBC-dec     30 MB took 1.141 seconds,   26.299 MB/s
AES-256-CBC-enc     25 MB took 1.015 seconds,   24.632 MB/s
AES-256-CBC-dec     25 MB took 1.046 seconds,   23.899 MB/s
AES-128-GCM-enc     25 MB took 1.052 seconds,   23.770 MB/s
AES-128-GCM-dec     25 MB took 1.065 seconds,   23.482 MB/s
AES-192-GCM-enc     25 MB took 1.180 seconds,   21.191 MB/s
AES-192-GCM-dec     25 MB took 1.177 seconds,   21.243 MB/s
AES-256-GCM-enc     20 MB took 1.034 seconds,   19.349 MB/s
AES-256-GCM-dec     20 MB took 1.036 seconds,   19.312 MB/s
GMAC Table 4-bit    66 MB took 1.011 seconds,   65.291 MB/s
RABBIT              90 MB took 1.012 seconds,   88.968 MB/s
3DES                10 MB took 1.103 seconds,    9.065 MB/s
MD5                305 MB took 1.008 seconds,  302.683 MB/s
SHA                130 MB took 1.016 seconds,  127.905 MB/s
SHA-256             35 MB took 1.148 seconds,   30.491 MB/s
HMAC-MD5           300 MB took 1.000 seconds,  299.870 MB/s
HMAC-SHA           130 MB took 1.021 seconds,  127.378 MB/s
HMAC-SHA256         35 MB took 1.139 seconds,   30.730 MB/s
PBKDF2               4 KB took 1.003 seconds,    3.739 KB/s
RSA     2048 public       1400 ops took 1.032 sec, avg 0.737 ms, 1356.660 ops/sec
RSA     2048 private       100 ops took 3.742 sec, avg 37.423 ms, 26.722 ops/sec
DH      2048 key gen        64 ops took 1.002 sec, avg 15.664 ms, 63.842 ops/sec
DH      2048 agree         100 ops took 1.556 sec, avg 15.559 ms, 64.274 ops/sec
ECC   [      SECP256R1]   256 key gen      1372 ops took 1.000 sec, avg 0.729 ms, 1371.440 ops/sec
ECDHE [      SECP256R1]   256 agree        1000 ops took 1.103 sec, avg 1.103 ms, 906.811 ops/sec
ECDSA [      SECP256R1]   256 sign         1200 ops took 1.043 sec, avg 0.869 ms, 1150.640 ops/sec
ECDSA [      SECP256R1]   256 verify        900 ops took 1.072 sec, avg 1.191 ms, 839.917 ops/sec
Benchmark complete
[SGXSan] ALWAYS: Enter enc_wolfSSL_get_error
[SGXSan] ALWAYS: Enter enc_wolfSSL_free
[SGXSan] ALWAYS: Enter enc_wolfSSL_CTX_new
#4	pulse  cov: 6296 ft: 6296 corp: 2/742Kb exec/s: 0 rss: 65Mb
[SGXSan] ALWAYS: Enter wc_test
------------------------------------------------------------------------------
 wolfSSL version 5.1.0
------------------------------------------------------------------------------
error    test passed!
MEMORY   test passed!
base64   test passed!
asn      test passed!
RANDOM   test passed!
MD5      test passed!
MD4      test passed!
SHA      test passed!
SHA-256  test passed!
Hash     test passed!
HMAC-MD5 test passed!
HMAC-SHA test passed!
HMAC-SHA256 test passed!
GMAC     test passed!
HC-128   test passed!
Rabbit   test passed!
DES      test passed!
DES3     test passed!
AES      test passed!
AES192   test passed!
AES256   test passed!
AES-GCM  test passed!
RSA      test passed!
DH       test passed!
DSA      test passed!
PWDBASED test passed!
ECC      test passed!
ECC buffer test passed!
logging  test passed!
mutex    test passed!
memcb    test failed!
 error = -13803
[SGXSan] ALWAYS: Enter enc_wolfTLSv1_2_client_method
[SGXSan] ALWAYS: Enter enc_wolfSSL_CTX_set_cipher_list
[SGXSan] ALWAYS: Enter enc_wolfSSL_get_error
[SGXSan] ALWAYS: Enter enc_wolfSSL_Init
[SGXSan] ALWAYS: Enter enc_wolfSSL_CTX_load_verify_buffer
[SGXSan] ALWAYS: Enter enc_wolfSSL_free
[SGXSan] ALWAYS: Enter enc_wolfSSL_CTX_use_certificate_chain_buffer_format
[SGXSan] ALWAYS: Enter enc_wolfSSL_set_fd
[SGXSan] ALWAYS: Enter enc_wolfSSL_new
[SGXSan] ALWAYS: Enter enc_wolfSSL_Debugging_ON
[SGXSan] ALWAYS: Enter enc_wolfSSL_Debugging_OFF
[SGXSan] ALWAYS: Enter enc_wolfSSL_CTX_use_certificate_buffer
[SGXSan] ALWAYS: Enter enc_wolfTLSv1_2_server_method
[SGXSan] ALWAYS: Enter enc_wolfSSL_read
[SGXSan] ALWAYS: Enter enc_wolfSSL_connect
[SGXSan] ALWAYS: Enter enc_wolfSSL_write
[SGXSan] ALWAYS: Enter enc_wolfSSL_CTX_new
[SGXSan] ALWAYS: Enter enc_wolfSSL_CTX_free
[SGXSan] ALWAYS: Enter enc_wolfSSL_CTX_use_PrivateKey_buffer
[SGXSan] ALWAYS: Enter enc_wolfSSL_Cleanup
[SGXSan] ALWAYS: Enter wc_benchmark_test
------------------------------------------------------------------------------
 wolfSSL version 5.1.0
------------------------------------------------------------------------------
wolfCrypt Benchmark (block bytes 1048576, min 1.0 sec each)
RNG                 15 MB took 1.194 seconds,   12.566 MB/s
AES-128-CBC-enc     35 MB took 1.071 seconds,   32.689 MB/s
AES-128-CBC-dec     35 MB took 1.148 seconds,   30.497 MB/s
AES-192-CBC-enc     30 MB took 1.082 seconds,   27.716 MB/s
AES-192-CBC-dec     30 MB took 1.134 seconds,   26.449 MB/s
AES-256-CBC-enc     25 MB took 1.006 seconds,   24.849 MB/s
AES-256-CBC-dec     25 MB took 1.060 seconds,   23.577 MB/s
AES-128-GCM-enc     25 MB took 1.068 seconds,   23.406 MB/s
AES-128-GCM-dec     25 MB took 1.083 seconds,   23.089 MB/s
AES-192-GCM-enc     25 MB took 1.195 seconds,   20.926 MB/s
AES-192-GCM-dec     25 MB took 1.183 seconds,   21.138 MB/s
AES-256-GCM-enc     20 MB took 1.023 seconds,   19.546 MB/s
AES-256-GCM-dec     20 MB took 1.020 seconds,   19.599 MB/s
GMAC Table 4-bit    67 MB took 1.006 seconds,   66.616 MB/s
RABBIT              95 MB took 1.049 seconds,   90.595 MB/s
3DES                10 MB took 1.090 seconds,    9.175 MB/s
MD5                305 MB took 1.015 seconds,  300.598 MB/s
SHA                130 MB took 1.029 seconds,  126.340 MB/s
SHA-256             35 MB took 1.149 seconds,   30.458 MB/s
HMAC-MD5           305 MB took 1.013 seconds,  301.048 MB/s
HMAC-SHA           130 MB took 1.019 seconds,  127.548 MB/s
HMAC-SHA256         35 MB took 1.128 seconds,   31.037 MB/s
PBKDF2               4 KB took 1.001 seconds,    3.777 KB/s
RSA     2048 public       1400 ops took 1.018 sec, avg 0.727 ms, 1375.004 ops/sec
RSA     2048 private       100 ops took 3.882 sec, avg 38.819 ms, 25.761 ops/sec
DH      2048 key gen        64 ops took 1.006 sec, avg 15.713 ms, 63.641 ops/sec
DH      2048 agree         100 ops took 1.563 sec, avg 15.630 ms, 63.981 ops/sec
ECC   [      SECP256R1]   256 key gen      1362 ops took 1.001 sec, avg 0.735 ms, 1361.200 ops/sec
ECDHE [      SECP256R1]   256 agree         900 ops took 1.000 sec, avg 1.111 ms, 899.753 ops/sec
ECDSA [      SECP256R1]   256 sign         1300 ops took 1.083 sec, avg 0.833 ms, 1200.528 ops/sec
ECDSA [      SECP256R1]   256 verify        900 ops took 1.051 sec, avg 1.168 ms, 856.521 ops/sec
Benchmark complete
[SGXSan] ALWAYS: Enter wc_benchmark_test
------------------------------------------------------------------------------
 wolfSSL version 5.1.0
------------------------------------------------------------------------------
wolfCrypt Benchmark (block bytes 1048576, min 1.0 sec each)
RNG                 15 MB took 1.129 seconds,   13.286 MB/s
AES-128-CBC-enc     35 MB took 1.062 seconds,   32.971 MB/s
AES-128-CBC-dec     35 MB took 1.144 seconds,   30.595 MB/s
AES-192-CBC-enc     30 MB took 1.058 seconds,   28.345 MB/s
AES-192-CBC-dec     30 MB took 1.152 seconds,   26.041 MB/s
AES-256-CBC-enc     30 MB took 1.196 seconds,   25.083 MB/s
AES-256-CBC-dec     25 MB took 1.070 seconds,   23.368 MB/s
AES-128-GCM-enc     25 MB took 1.050 seconds,   23.811 MB/s
AES-128-GCM-dec     25 MB took 1.058 seconds,   23.630 MB/s
AES-192-GCM-enc     25 MB took 1.190 seconds,   21.011 MB/s
AES-192-GCM-dec     25 MB took 1.189 seconds,   21.024 MB/s
AES-256-GCM-enc     20 MB took 1.043 seconds,   19.184 MB/s
AES-256-GCM-dec     20 MB took 1.032 seconds,   19.386 MB/s
GMAC Table 4-bit    67 MB took 1.012 seconds,   66.218 MB/s
RABBIT              95 MB took 1.055 seconds,   90.082 MB/s
3DES                10 MB took 1.094 seconds,    9.144 MB/s
MD5                305 MB took 1.011 seconds,  301.689 MB/s
SHA                130 MB took 1.015 seconds,  128.021 MB/s
SHA-256             35 MB took 1.144 seconds,   30.583 MB/s
HMAC-MD5           305 MB took 1.015 seconds,  300.514 MB/s
HMAC-SHA           130 MB took 1.024 seconds,  126.997 MB/s
HMAC-SHA256         35 MB took 1.134 seconds,   30.858 MB/s
PBKDF2               4 KB took 1.003 seconds,    3.772 KB/s
RSA     2048 public       1400 ops took 1.021 sec, avg 0.729 ms, 1371.511 ops/sec
RSA     2048 private       100 ops took 3.678 sec, avg 36.777 ms, 27.191 ops/sec
DH      2048 key gen        65 ops took 1.015 sec, avg 15.616 ms, 64.035 ops/sec
DH      2048 agree         100 ops took 1.558 sec, avg 15.577 ms, 64.196 ops/sec
ECC   [      SECP256R1]   256 key gen      1396 ops took 1.000 sec, avg 0.717 ms, 1395.308 ops/sec
ECDHE [      SECP256R1]   256 agree        1000 ops took 1.104 sec, avg 1.104 ms, 906.105 ops/sec
ECDSA [      SECP256R1]   256 sign         1200 ops took 1.012 sec, avg 0.843 ms, 1185.794 ops/sec
ECDSA [      SECP256R1]   256 verify        900 ops took 1.074 sec, avg 1.194 ms, 837.745 ops/sec
Benchmark complete
[SGXSan] ALWAYS: Enter enc_wolfSSL_get_error
[SGXSan] ALWAYS: Enter enc_wolfSSL_free
[SGXSan] ALWAYS: Enter enc_wolfSSL_Debugging_OFF
[SGXSan] ALWAYS: Enter enc_wolfSSL_connect
[SGXSan] ALWAYS: Enter wc_test
------------------------------------------------------------------------------
 wolfSSL version 5.1.0
------------------------------------------------------------------------------
error    test passed!
MEMORY   test passed!
base64   test passed!
asn      test passed!
RANDOM   test passed!
MD5      test passed!
MD4      test passed!
SHA      test passed!
SHA-256  test passed!
Hash     test passed!
HMAC-MD5 test passed!
HMAC-SHA test passed!
HMAC-SHA256 test passed!
GMAC     test passed!
HC-128   test passed!
Rabbit   test passed!
DES      test passed!
DES3     test passed!
AES      test passed!
AES192   test passed!
AES256   test passed!
AES-GCM  test passed!
RSA      test passed!
DH       test passed!
DSA      test passed!
PWDBASED test passed!
ECC      test passed!
ECC buffer test passed!
logging  test passed!
mutex    test passed!
memcb    test failed!
 error = -13803
[SGXSan] ALWAYS: Enter enc_wolfSSL_CTX_use_certificate_chain_buffer_format
[SGXSan] ALWAYS: Enter enc_wolfSSL_set_fd
[SGXSan] ALWAYS: Enter enc_wolfSSL_read
[SGXSan] ALWAYS: Enter enc_wolfSSL_Cleanup
[SGXSan] ALWAYS: Enter enc_wolfSSL_CTX_set_cipher_list
[SGXSan] ALWAYS: Enter enc_wolfSSL_Debugging_ON
[SGXSan] ALWAYS: Enter enc_wolfSSL_write
[SGXSan] ALWAYS: Enter enc_wolfSSL_CTX_new
[SGXSan] ALWAYS: Enter enc_wolfSSL_Init
[SGXSan] ALWAYS: Enter enc_wolfTLSv1_2_server_method
[SGXSan] ALWAYS: Enter enc_wolfSSL_CTX_use_certificate_buffer
[SGXSan] ALWAYS: Enter enc_wolfSSL_new
[SGXSan] ALWAYS: Enter enc_wolfSSL_CTX_free
[SGXSan] ALWAYS: Enter enc_wolfSSL_CTX_use_PrivateKey_buffer
[SGXSan] ALWAYS: Enter enc_wolfSSL_CTX_load_verify_buffer
[SGXSan] ALWAYS: Enter enc_wolfTLSv1_2_client_method
#6	INITED cov: 6296 ft: 6296 corp: 2/742Kb exec/s: 0 rss: 76Mb
[SGXSan] ALWAYS: Enter enc_wolfSSL_CTX_use_PrivateKey_buffer
[SGXSan] ALWAYS: Enter enc_wolfSSL_Debugging_OFF
[SGXSan] ALWAYS: Enter enc_wolfSSL_new
[SGXSan] ALWAYS: Enter wc_benchmark_test
------------------------------------------------------------------------------
 wolfSSL version 5.1.0
------------------------------------------------------------------------------
wolfCrypt Benchmark (block bytes 1048576, min 1.0 sec each)
RNG                 15 MB took 1.182 seconds,   12.695 MB/s
AES-128-CBC-enc     35 MB took 1.065 seconds,   32.861 MB/s
AES-128-CBC-dec     35 MB took 1.149 seconds,   30.450 MB/s
AES-192-CBC-enc     30 MB took 1.074 seconds,   27.946 MB/s
AES-192-CBC-dec     30 MB took 1.131 seconds,   26.524 MB/s
AES-256-CBC-enc     30 MB took 1.191 seconds,   25.198 MB/s
AES-256-CBC-dec     25 MB took 1.042 seconds,   23.995 MB/s
AES-128-GCM-enc     25 MB took 1.049 seconds,   23.827 MB/s
AES-128-GCM-dec     25 MB took 1.057 seconds,   23.643 MB/s
AES-192-GCM-enc     25 MB took 1.175 seconds,   21.275 MB/s
AES-192-GCM-dec     25 MB took 1.175 seconds,   21.272 MB/s
AES-256-GCM-enc     20 MB took 1.014 seconds,   19.716 MB/s
AES-256-GCM-dec     20 MB took 1.014 seconds,   19.733 MB/s
GMAC Table 4-bit    68 MB took 1.010 seconds,   67.339 MB/s
RABBIT              95 MB took 1.051 seconds,   90.371 MB/s
3DES                10 MB took 1.092 seconds,    9.157 MB/s
MD5                300 MB took 1.002 seconds,  299.335 MB/s
SHA                130 MB took 1.017 seconds,  127.874 MB/s
SHA-256             35 MB took 1.156 seconds,   30.277 MB/s
HMAC-MD5           300 MB took 1.008 seconds,  297.658 MB/s
HMAC-SHA           120 MB took 1.003 seconds,  119.693 MB/s
HMAC-SHA256         35 MB took 1.149 seconds,   30.450 MB/s
PBKDF2               4 KB took 1.004 seconds,    3.705 KB/s
RSA     2048 public       1400 ops took 1.016 sec, avg 0.726 ms, 1378.092 ops/sec
RSA     2048 private       100 ops took 3.711 sec, avg 37.106 ms, 26.949 ops/sec
DH      2048 key gen        63 ops took 1.005 sec, avg 15.945 ms, 62.715 ops/sec
DH      2048 agree         100 ops took 1.588 sec, avg 15.879 ms, 62.976 ops/sec
ECC   [      SECP256R1]   256 key gen      1391 ops took 1.000 sec, avg 0.719 ms, 1390.686 ops/sec
ECDHE [      SECP256R1]   256 agree         900 ops took 1.010 sec, avg 1.122 ms, 891.175 ops/sec
ECDSA [      SECP256R1]   256 sign         1200 ops took 1.028 sec, avg 0.856 ms, 1167.719 ops/sec
ECDSA [      SECP256R1]   256 verify        900 ops took 1.065 sec, avg 1.184 ms, 844.749 ops/sec
Benchmark complete
[SGXSan] ALWAYS: Enter enc_wolfSSL_CTX_new
[SGXSan] ALWAYS: Enter enc_wolfTLSv1_2_server_method
[SGXSan] ALWAYS: Enter enc_wolfSSL_Debugging_ON
[SGXSan] ALWAYS: Enter enc_wolfSSL_CTX_free
[SGXSan] ALWAYS: Enter enc_wolfSSL_connect
[SGXSan] ALWAYS: Enter enc_wolfSSL_read
[SGXSan] ALWAYS: Enter enc_wolfSSL_CTX_use_certificate_buffer
[SGXSan] ALWAYS: Enter enc_wolfSSL_write
[SGXSan] ALWAYS: Enter enc_wolfSSL_CTX_set_cipher_list
[SGXSan] ALWAYS: Enter enc_wolfSSL_free
[SGXSan] ALWAYS: Enter enc_wolfSSL_CTX_use_certificate_chain_buffer_format
[SGXSan] ALWAYS: Enter enc_wolfSSL_Cleanup
[SGXSan] ALWAYS: Enter wc_test
------------------------------------------------------------------------------
 wolfSSL version 5.1.0
------------------------------------------------------------------------------
error    test passed!
MEMORY   test passed!
base64   test passed!
asn      test passed!
RANDOM   test passed!
MD5      test passed!
MD4      test passed!
SHA      test passed!
SHA-256  test passed!
Hash     test passed!
HMAC-MD5 test passed!
HMAC-SHA test passed!
HMAC-SHA256 test passed!
GMAC     test passed!
HC-128   test passed!
Rabbit   test passed!
DES      test passed!
DES3     test passed!
AES      test passed!
AES192   test passed!
AES256   test passed!
AES-GCM  test passed!
RSA      test passed!
DH       test passed!
DSA      test passed!
PWDBASED test passed!
ECC      test passed!
ECC buffer test passed!
logging  test passed!
mutex    test passed!
memcb    test failed!
 error = -13803
[SGXSan] ALWAYS: Enter enc_wolfSSL_set_fd
[SGXSan] ALWAYS: Enter enc_wolfTLSv1_2_client_method
[SGXSan] ALWAYS: Enter enc_wolfSSL_CTX_load_verify_buffer
[SGXSan] ALWAYS: Enter enc_wolfSSL_Init
[SGXSan] ALWAYS: Enter enc_wolfSSL_get_error
[SGXSan] ALWAYS: Enter enc_wolfSSL_CTX_use_PrivateKey_buffer
[SGXSan] ALWAYS: Enter enc_wolfSSL_Debugging_OFF
[SGXSan] ALWAYS: Enter enc_wolfSSL_new
[SGXSan] ALWAYS: Enter wc_benchmark_test
------------------------------------------------------------------------------
 wolfSSL version 5.1.0
------------------------------------------------------------------------------
wolfCrypt Benchmark (block bytes 1048576, min 1.0 sec each)
RNG                 15 MB took 1.134 seconds,   13.224 MB/s
AES-128-CBC-enc     35 MB took 1.066 seconds,   32.824 MB/s
AES-128-CBC-dec     35 MB took 1.147 seconds,   30.523 MB/s
AES-192-CBC-enc     30 MB took 1.072 seconds,   27.973 MB/s
AES-192-CBC-dec     30 MB took 1.130 seconds,   26.548 MB/s
AES-256-CBC-enc     30 MB took 1.178 seconds,   25.466 MB/s
AES-256-CBC-dec     25 MB took 1.035 seconds,   24.147 MB/s
AES-128-GCM-enc     25 MB took 1.044 seconds,   23.950 MB/s
AES-128-GCM-dec     25 MB took 1.063 seconds,   23.525 MB/s
AES-192-GCM-enc     25 MB took 1.172 seconds,   21.333 MB/s
AES-192-GCM-dec     25 MB took 1.180 seconds,   21.195 MB/s
AES-256-GCM-enc     20 MB took 1.017 seconds,   19.661 MB/s
AES-256-GCM-dec     20 MB took 1.019 seconds,   19.635 MB/s
GMAC Table 4-bit    68 MB took 1.009 seconds,   67.400 MB/s
RABBIT              95 MB took 1.051 seconds,   90.423 MB/s
3DES                10 MB took 1.095 seconds,    9.135 MB/s
MD5                305 MB took 1.014 seconds,  300.906 MB/s
SHA                130 MB took 1.019 seconds,  127.557 MB/s
SHA-256             35 MB took 1.144 seconds,   30.606 MB/s
HMAC-MD5           305 MB took 1.009 seconds,  302.211 MB/s
HMAC-SHA           130 MB took 1.020 seconds,  127.394 MB/s
HMAC-SHA256         35 MB took 1.127 seconds,   31.066 MB/s
PBKDF2               4 KB took 1.002 seconds,    3.773 KB/s
RSA     2048 public       1400 ops took 1.024 sec, avg 0.731 ms, 1367.598 ops/sec
RSA     2048 private       100 ops took 3.690 sec, avg 36.903 ms, 27.098 ops/sec
DH      2048 key gen        66 ops took 1.011 sec, avg 15.322 ms, 65.264 ops/sec
DH      2048 agree         100 ops took 1.548 sec, avg 15.482 ms, 64.591 ops/sec
ECC   [      SECP256R1]   256 key gen      1393 ops took 1.000 sec, avg 0.718 ms, 1392.531 ops/sec
ECDHE [      SECP256R1]   256 agree        1000 ops took 1.092 sec, avg 1.092 ms, 915.509 ops/sec
ECDSA [      SECP256R1]   256 sign         1200 ops took 1.006 sec, avg 0.838 ms, 1192.941 ops/sec
ECDSA [      SECP256R1]   256 verify        900 ops took 1.054 sec, avg 1.171 ms, 853.609 ops/sec
Benchmark complete
[SGXSan] ALWAYS: Enter enc_wolfSSL_CTX_new
[SGXSan] ALWAYS: Enter enc_wolfTLSv1_2_server_method
[SGXSan] ALWAYS: Enter enc_wolfSSL_Debugging_ON
[SGXSan] ALWAYS: Enter enc_wolfSSL_CTX_free
[SGXSan] ALWAYS: Enter enc_wolfSSL_connect
[SGXSan] ALWAYS: Enter enc_wolfSSL_read
[SGXSan] ALWAYS: Enter enc_wolfSSL_CTX_use_certificate_buffer
[SGXSan] ALWAYS: Enter enc_wolfSSL_write
[SGXSan] ALWAYS: Enter enc_wolfSSL_CTX_set_cipher_list
[SGXSan] ALWAYS: Enter enc_wolfSSL_free
[SGXSan] ALWAYS: Enter enc_wolfSSL_CTX_use_certificate_chain_buffer_format
[SGXSan] ALWAYS: Enter enc_wolfSSL_Cleanup
[SGXSan] ALWAYS: Enter wc_test
------------------------------------------------------------------------------
 wolfSSL version 5.1.0
------------------------------------------------------------------------------
error    test passed!
MEMORY   test passed!
base64   test passed!
asn      test passed!
RANDOM   test passed!
MD5      test passed!
MD4      test passed!
SHA      test passed!
SHA-256  test passed!
Hash     test passed!
HMAC-MD5 test passed!
HMAC-SHA test passed!
HMAC-SHA256 test passed!
GMAC     test passed!
HC-128   test passed!
Rabbit   test passed!
DES      test passed!
DES3     test passed!
AES      test passed!
AES192   test passed!
AES256   test passed!
AES-GCM  test passed!
RSA      test passed!
DH       test passed!
DSA      test passed!
PWDBASED test passed!
ECC      test passed!
ECC buffer test passed!
logging  test passed!
mutex    test passed!
memcb    test failed!
 error = -13803
[SGXSan] ALWAYS: Enter enc_wolfSSL_set_fd
[SGXSan] ALWAYS: Enter enc_wolfTLSv1_2_client_method
[SGXSan] ALWAYS: Enter enc_wolfSSL_CTX_load_verify_buffer
[SGXSan] ALWAYS: Enter enc_wolfSSL_Init
[SGXSan] ALWAYS: Enter enc_wolfSSL_get_error
#8	pulse  cov: 6296 ft: 6296 corp: 2/742Kb lim: 1000000 exec/s: 0 rss: 89Mb
[SGXSan] ALWAYS: Enter enc_wolfSSL_CTX_use_PrivateKey_buffer
[SGXSan] ALWAYS: Enter enc_wolfSSL_Debugging_OFF
[SGXSan] ALWAYS: Enter enc_wolfSSL_new
[SGXSan] ALWAYS: Enter wc_benchmark_test
------------------------------------------------------------------------------
 wolfSSL version 5.1.0
------------------------------------------------------------------------------
wolfCrypt Benchmark (block bytes 1048576, min 1.0 sec each)
RNG                 15 MB took 1.134 seconds,   13.223 MB/s
AES-128-CBC-enc     35 MB took 1.055 seconds,   33.163 MB/s
AES-128-CBC-dec     35 MB took 1.145 seconds,   30.562 MB/s
AES-192-CBC-enc     30 MB took 1.161 seconds,   25.829 MB/s
AES-192-CBC-dec     20 MB took 1.039 seconds,   19.244 MB/s
AES-256-CBC-enc     25 MB took 1.093 seconds,   22.864 MB/s
AES-256-CBC-dec     25 MB took 1.057 seconds,   23.654 MB/s
AES-128-GCM-enc     25 MB took 1.071 seconds,   23.348 MB/s
AES-128-GCM-dec     25 MB took 1.102 seconds,   22.677 MB/s
AES-192-GCM-enc     25 MB took 1.186 seconds,   21.080 MB/s
AES-192-GCM-dec     20 MB took 1.010 seconds,   19.796 MB/s
AES-256-GCM-enc     20 MB took 1.044 seconds,   19.148 MB/s
AES-256-GCM-dec     20 MB took 1.033 seconds,   19.366 MB/s
GMAC Table 4-bit    66 MB took 1.004 seconds,   65.751 MB/s
RABBIT              90 MB took 1.012 seconds,   88.907 MB/s
3DES                10 MB took 1.098 seconds,    9.105 MB/s
MD5                300 MB took 1.008 seconds,  297.647 MB/s
SHA                130 MB took 1.032 seconds,  125.910 MB/s
SHA-256             30 MB took 1.038 seconds,   28.893 MB/s
HMAC-MD5           300 MB took 1.013 seconds,  296.165 MB/s
HMAC-SHA           125 MB took 1.002 seconds,  124.737 MB/s
HMAC-SHA256         35 MB took 1.143 seconds,   30.624 MB/s
PBKDF2               4 KB took 1.005 seconds,    3.699 KB/s
RSA     2048 public       1400 ops took 1.066 sec, avg 0.761 ms, 1313.421 ops/sec
RSA     2048 private       100 ops took 3.813 sec, avg 38.128 ms, 26.227 ops/sec
DH      2048 key gen        63 ops took 1.003 sec, avg 15.914 ms, 62.838 ops/sec
DH      2048 agree         100 ops took 1.618 sec, avg 16.184 ms, 61.789 ops/sec
ECC   [      SECP256R1]   256 key gen      1381 ops took 1.001 sec, avg 0.725 ms, 1380.037 ops/sec
ECDHE [      SECP256R1]   256 agree         900 ops took 1.005 sec, avg 1.116 ms, 895.660 ops/sec
ECDSA [      SECP256R1]   256 sign         1200 ops took 1.020 sec, avg 0.850 ms, 1176.585 ops/sec
ECDSA [      SECP256R1]   256 verify        900 ops took 1.069 sec, avg 1.188 ms, 841.518 ops/sec
Benchmark complete
[SGXSan] ALWAYS: Enter enc_wolfSSL_CTX_new
[SGXSan] ALWAYS: Enter enc_wolfTLSv1_2_server_method
[SGXSan] ALWAYS: Enter enc_wolfSSL_Debugging_ON
[SGXSan] ALWAYS: Enter enc_wolfSSL_CTX_free
[SGXSan] ALWAYS: Enter enc_wolfSSL_connect
[SGXSan] ALWAYS: Enter enc_wolfSSL_read
[SGXSan] ALWAYS: Enter enc_wolfSSL_CTX_use_certificate_buffer
[SGXSan] ALWAYS: Enter enc_wolfSSL_write
[SGXSan] ALWAYS: Enter enc_wolfSSL_CTX_set_cipher_list
[SGXSan] ALWAYS: Enter enc_wolfSSL_free
[SGXSan] ALWAYS: Enter enc_wolfSSL_CTX_use_certificate_chain_buffer_format
[SGXSan] ALWAYS: Enter enc_wolfSSL_Cleanup
[SGXSan] ALWAYS: Enter wc_test
------------------------------------------------------------------------------
 wolfSSL version 5.1.0
------------------------------------------------------------------------------
error    test passed!
MEMORY   test passed!
base64   test passed!
asn      test passed!
RANDOM   test passed!
MD5      test passed!
MD4      test passed!
SHA      test passed!
SHA-256  test passed!
Hash     test passed!
HMAC-MD5 test passed!
HMAC-SHA test passed!
HMAC-SHA256 test passed!
GMAC     test passed!
HC-128   test passed!
Rabbit   test passed!
DES      test passed!
DES3     test passed!
AES      test passed!
AES192   test passed!
AES256   test passed!
AES-GCM  test passed!
RSA      test passed!
DH       test passed!
DSA      test passed!
PWDBASED test passed!
ECC      test passed!
ECC buffer test passed!
logging  test passed!
mutex    test passed!
memcb    test failed!
 error = -13803
[SGXSan] ALWAYS: Enter enc_wolfSSL_set_fd
[SGXSan] ALWAYS: Enter enc_wolfTLSv1_2_client_method
[SGXSan] ALWAYS: Enter enc_wolfSSL_CTX_load_verify_buffer
[SGXSan] ALWAYS: Enter enc_wolfSSL_Init
[SGXSan] ALWAYS: Enter enc_wolfSSL_get_error
[SGXSan] ALWAYS: Enter enc_wolfSSL_read
[SGXSan] ALWAYS: Enter enc_wolfSSL_Cleanup
[SGXSan] ALWAYS: Enter wc_benchmark_test
------------------------------------------------------------------------------
 wolfSSL version 5.1.0
------------------------------------------------------------------------------
wolfCrypt Benchmark (block bytes 1048576, min 1.0 sec each)
RNG                 15 MB took 1.174 seconds,   12.773 MB/s
AES-128-CBC-enc     35 MB took 1.089 seconds,   32.135 MB/s
AES-128-CBC-dec     30 MB took 1.028 seconds,   29.175 MB/s
AES-192-CBC-enc     30 MB took 1.071 seconds,   28.005 MB/s
AES-192-CBC-dec     30 MB took 1.172 seconds,   25.597 MB/s
AES-256-CBC-enc     25 MB took 1.028 seconds,   24.309 MB/s
AES-256-CBC-dec     25 MB took 1.107 seconds,   22.587 MB/s
AES-128-GCM-enc     25 MB took 1.102 seconds,   22.682 MB/s
AES-128-GCM-dec     25 MB took 1.059 seconds,   23.599 MB/s
AES-192-GCM-enc     25 MB took 1.180 seconds,   21.191 MB/s
AES-192-GCM-dec     25 MB took 1.214 seconds,   20.588 MB/s
AES-256-GCM-enc     20 MB took 1.062 seconds,   18.836 MB/s
AES-256-GCM-dec     20 MB took 1.224 seconds,   16.343 MB/s
GMAC Table 4-bit    68 MB took 1.013 seconds,   67.095 MB/s
RABBIT              90 MB took 1.014 seconds,   88.793 MB/s
3DES                10 MB took 1.133 seconds,    8.822 MB/s
MD5                295 MB took 1.017 seconds,  290.069 MB/s
SHA                 80 MB took 1.101 seconds,   72.638 MB/s
SHA-256             15 MB took 1.338 seconds,   11.208 MB/s
HMAC-MD5           145 MB took 1.054 seconds,  137.630 MB/s
HMAC-SHA            40 MB took 1.007 seconds,   39.739 MB/s
HMAC-SHA256         15 MB took 1.455 seconds,   10.308 MB/s
PBKDF2               2 KB took 1.005 seconds,    1.772 KB/s
RSA     2048 public        900 ops took 1.058 sec, avg 1.176 ms, 850.661 ops/sec
RSA     2048 private       100 ops took 5.340 sec, avg 53.399 ms, 18.727 ops/sec
DH      2048 key gen        64 ops took 1.005 sec, avg 15.705 ms, 63.673 ops/sec
DH      2048 agree         100 ops took 1.599 sec, avg 15.986 ms, 62.556 ops/sec
ECC   [      SECP256R1]   256 key gen      1163 ops took 1.001 sec, avg 0.860 ms, 1162.249 ops/sec
ECDHE [      SECP256R1]   256 agree         900 ops took 1.032 sec, avg 1.146 ms, 872.442 ops/sec
ECDSA [      SECP256R1]   256 sign         1200 ops took 1.006 sec, avg 0.839 ms, 1192.429 ops/sec
ECDSA [      SECP256R1]   256 verify        800 ops took 1.075 sec, avg 1.343 ms, 744.511 ops/sec
Benchmark complete
[SGXSan] ALWAYS: Enter enc_wolfTLSv1_2_server_method
[SGXSan] ALWAYS: Enter enc_wolfSSL_new
[SGXSan] ALWAYS: Enter enc_wolfSSL_Debugging_OFF
[SGXSan] ALWAYS: Enter enc_wolfSSL_CTX_free
[SGXSan] ALWAYS: Enter enc_wolfSSL_CTX_use_certificate_buffer
[SGXSan] ALWAYS: Enter enc_wolfSSL_get_error
[SGXSan] ALWAYS: Enter wc_test
------------------------------------------------------------------------------
 wolfSSL version 5.1.0
------------------------------------------------------------------------------
error    test passed!
MEMORY   test passed!
base64   test passed!
asn      test passed!
RANDOM   test passed!
MD5      test passed!
MD4      test passed!
SHA      test passed!
SHA-256  test passed!
Hash     test passed!
HMAC-MD5 test passed!
HMAC-SHA test passed!
HMAC-SHA256 test passed!
GMAC     test passed!
HC-128   test passed!
Rabbit   test passed!
DES      test passed!
DES3     test passed!
AES      test passed!
AES192   test passed!
AES256   test passed!
AES-GCM  test passed!
RSA      test passed!
DH       test passed!
DSA      test passed!
PWDBASED test passed!
ECC      test passed!
ECC buffer test passed!
logging  test passed!
mutex    test passed!
memcb    test failed!
 error = -13803
[SGXSan] ALWAYS: Enter enc_wolfSSL_free
[SGXSan] ALWAYS: Enter enc_wolfSSL_write
[SGXSan] ALWAYS: Enter enc_wolfSSL_set_fd
[SGXSan] ALWAYS: Enter enc_wolfSSL_Debugging_ON
[SGXSan] ALWAYS: Enter enc_wolfSSL_CTX_use_certificate_chain_buffer_format
[SGXSan] ALWAYS: Enter enc_wolfSSL_Init
[SGXSan] ALWAYS: Enter enc_wolfSSL_CTX_set_cipher_list
[SGXSan] ALWAYS: Enter enc_wolfSSL_connect
[SGXSan] ALWAYS: Enter enc_wolfSSL_CTX_new
[SGXSan] ALWAYS: Enter enc_wolfSSL_CTX_use_PrivateKey_buffer
[SGXSan] ALWAYS: Enter enc_wolfTLSv1_2_client_method
[SGXSan] ALWAYS: Enter enc_wolfSSL_CTX_load_verify_buffer
#10	NEW    cov: 6296 ft: 6301 corp: 3/1123Kb lim: 1000000 exec/s: 0 rss: 101Mb L: 390122/390122 MS: 8 CrossOver-Custom-ChangeBinInt-Custom-ChangeBinInt-Custom-CrossOver-Custom-
#10	DONE   cov: 6296 ft: 6301 corp: 3/1123Kb lim: 1000000 exec/s: 0 rss: 101Mb
Done 10 runs in 425 second(s)
stat::number_of_executed_units: 10
stat::average_exec_per_sec:     0
stat::new_units_added:          1
stat::slowest_unit_time_sec:    42
stat::peak_rss_mb:              101
