WARNING: Failed to find function "__sanitizer_acquire_crash_state".
WARNING: Failed to find function "__sanitizer_print_stack_trace".
WARNING: Failed to find function "__sanitizer_set_death_callback".
[2023-01-15 16:51:55.051] [Init] Num of ECall: 22
[2023-01-15 16:51:55.051] ECalls:
  0 - fuzz_enc_wolfSSL_CTX_free
  1 - fuzz_enc_wolfSSL_CTX_load_verify_buffer
  2 - fuzz_enc_wolfSSL_CTX_new
  3 - fuzz_enc_wolfSSL_CTX_set_cipher_list
  4 - fuzz_enc_wolfSSL_CTX_use_PrivateKey_buffer
  5 - fuzz_enc_wolfSSL_CTX_use_certificate_buffer
  6 - fuzz_enc_wolfSSL_CTX_use_certificate_chain_buffer_format
  7 - fuzz_enc_wolfSSL_Cleanup
  8 - fuzz_enc_wolfSSL_Debugging_OFF
  9 - fuzz_enc_wolfSSL_Debugging_ON
  10 - fuzz_enc_wolfSSL_Init
  11 - fuzz_enc_wolfSSL_connect
  12 - fuzz_enc_wolfSSL_free
  13 - fuzz_enc_wolfSSL_get_error
  14 - fuzz_enc_wolfSSL_new
  15 - fuzz_enc_wolfSSL_read
  16 - fuzz_enc_wolfSSL_set_fd
  17 - fuzz_enc_wolfSSL_write
  18 - fuzz_enc_wolfTLSv1_2_client_method
  19 - fuzz_enc_wolfTLSv1_2_server_method
  20 - fuzz_wc_benchmark_test
  21 - fuzz_wc_test

INFO: found LLVMFuzzerCustomMutator (0x44ac30). Disabling -len_control by default.
INFO: libFuzzer ignores flags that start with '--'
INFO: Running with entropic power schedule (0xFF, 100).
INFO: Seed: 2473318605
INFO: Loaded 1 modules   (291 inline 8-bit counters): 291 [0x4cb7e8, 0x4cb90b), 
INFO: Loaded 1 PC tables (291 PCs): 291 [0x4cb910,0x4ccb40), 
INFO:        0 files found in /tmp/libFuzzerTemp.FuzzWithFork422940.dir/C28
[SGXSan] ALWAYS: Hook __sanitizer_cov_8bit_counters_init of Enclave, 21636 inline 8-bit counts [0x7fb0d7eff9c0, 0x7fb0d7f04e44) (First time)
[SGXSan] ALWAYS: Hook __sanitizer_cov_pcs_init of Enclave, 21636 PCs [0x7fb0d7f04e48, 0x7fb0d7f59688) (First time)
[SGXSan] ALWAYS: Enter enc_wolfSSL_CTX_free
[SGXSan] ALWAYS: Enter enc_wolfSSL_CTX_load_verify_buffer
[SGXSan] ALWAYS: Enter enc_wolfSSL_CTX_new
[SGXSan] ALWAYS: Enter enc_wolfSSL_CTX_set_cipher_list
[SGXSan] ALWAYS: Enter enc_wolfSSL_CTX_use_PrivateKey_buffer
[SGXSan] ALWAYS: Enter enc_wolfSSL_CTX_use_certificate_buffer
[SGXSan] ALWAYS: Enter enc_wolfSSL_CTX_use_certificate_chain_buffer_format
[SGXSan] ALWAYS: Enter enc_wolfSSL_Cleanup
[SGXSan] ALWAYS: Enter enc_wolfSSL_Debugging_OFF
[SGXSan] ALWAYS: Enter enc_wolfSSL_Debugging_ON
[SGXSan] ALWAYS: Enter enc_wolfSSL_Init
[SGXSan] ALWAYS: Enter enc_wolfSSL_connect
[SGXSan] ALWAYS: Enter enc_wolfSSL_free
[SGXSan] ALWAYS: Enter enc_wolfSSL_get_error
[SGXSan] ALWAYS: Enter enc_wolfSSL_new
[SGXSan] ALWAYS: Enter enc_wolfSSL_read
[SGXSan] ALWAYS: Enter enc_wolfSSL_set_fd
[SGXSan] ALWAYS: Enter enc_wolfSSL_write
[SGXSan] ALWAYS: Enter enc_wolfTLSv1_2_client_method
[SGXSan] ALWAYS: Enter enc_wolfTLSv1_2_server_method
[SGXSan] ALWAYS: Enter wc_benchmark_test
------------------------------------------------------------------------------
 wolfSSL version 5.1.0
------------------------------------------------------------------------------
wolfCrypt Benchmark (block bytes 1048576, min 1.0 sec each)
RNG                 15 MB took 1.180 seconds,   12.713 MB/s
AES-128-CBC-enc     35 MB took 1.079 seconds,   32.436 MB/s
AES-128-CBC-dec     30 MB took 1.023 seconds,   29.312 MB/s
AES-192-CBC-enc     30 MB took 1.081 seconds,   27.764 MB/s
AES-192-CBC-dec     30 MB took 1.144 seconds,   26.221 MB/s
AES-256-CBC-enc     30 MB took 1.197 seconds,   25.056 MB/s
AES-256-CBC-dec     25 MB took 1.032 seconds,   24.230 MB/s
AES-128-GCM-enc     25 MB took 1.048 seconds,   23.858 MB/s
AES-128-GCM-dec     25 MB took 1.044 seconds,   23.940 MB/s
AES-192-GCM-enc     25 MB took 1.169 seconds,   21.377 MB/s
AES-192-GCM-dec     25 MB took 1.184 seconds,   21.120 MB/s
AES-256-GCM-enc     20 MB took 1.013 seconds,   19.739 MB/s
AES-256-GCM-dec     20 MB took 1.033 seconds,   19.368 MB/s
GMAC Table 4-bit    67 MB took 1.008 seconds,   66.467 MB/s
RABBIT              90 MB took 1.037 seconds,   86.774 MB/s
3DES                10 MB took 1.146 seconds,    8.723 MB/s
MD5                295 MB took 1.014 seconds,  290.940 MB/s
SHA                125 MB took 1.020 seconds,  122.501 MB/s
SHA-256             35 MB took 1.140 seconds,   30.692 MB/s
HMAC-MD5           305 MB took 1.012 seconds,  301.331 MB/s
HMAC-SHA           125 MB took 1.018 seconds,  122.776 MB/s
HMAC-SHA256         30 MB took 1.012 seconds,   29.657 MB/s
PBKDF2               3 KB took 1.005 seconds,    3.420 KB/s
RSA     2048 public       1400 ops took 1.034 sec, avg 0.739 ms, 1353.316 ops/sec
RSA     2048 private       100 ops took 3.759 sec, avg 37.594 ms, 26.600 ops/sec
DH      2048 key gen        64 ops took 1.002 sec, avg 15.664 ms, 63.840 ops/sec
DH      2048 agree         100 ops took 1.536 sec, avg 15.362 ms, 65.094 ops/sec
ECC   [      SECP256R1]   256 key gen      1386 ops took 1.000 sec, avg 0.722 ms, 1385.458 ops/sec
ECDHE [      SECP256R1]   256 agree         900 ops took 1.012 sec, avg 1.124 ms, 889.722 ops/sec
ECDSA [      SECP256R1]   256 sign         1200 ops took 1.037 sec, avg 0.865 ms, 1156.672 ops/sec
ECDSA [      SECP256R1]   256 verify        900 ops took 1.070 sec, avg 1.189 ms, 841.328 ops/sec
Benchmark complete
[SGXSan] ALWAYS: Enter wc_test
INFO: A corpus is not provided, starting from an empty corpus
------------------------------------------------------------------------------
 wolfSSL version 5.1.0
------------------------------------------------------------------------------
error    test passed!
MEMORY   test passed!
base64   test passed!
asn      test passed!
RANDOM   test passed!
MD5      test passed!
MD4      test passed!
SHA      test passed!
SHA-256  test passed!
Hash     test passed!
HMAC-MD5 test passed!
HMAC-SHA test passed!
HMAC-SHA256 test passed!
GMAC     test passed!
HC-128   test passed!
Rabbit   test passed!
DES      test passed!
DES3     test passed!
AES      test passed!
AES192   test passed!
AES256   test passed!
AES-GCM  test passed!
RSA      test passed!
DH       test passed!
DSA      test passed!
PWDBASED test passed!
ECC      test passed!
ECC buffer test passed!
logging  test passed!
mutex    test passed!
memcb    test passed!
Test complete
[SGXSan] ALWAYS: Enter enc_wolfSSL_Init
[SGXSan] ALWAYS: Enter enc_wolfSSL_CTX_free
[SGXSan] ALWAYS: Enter enc_wolfSSL_CTX_load_verify_buffer
[SGXSan] ALWAYS: Enter enc_wolfSSL_CTX_new
[SGXSan] ALWAYS: Enter enc_wolfSSL_CTX_set_cipher_list
[SGXSan] ALWAYS: Enter enc_wolfSSL_CTX_use_PrivateKey_buffer
[SGXSan] ALWAYS: Enter enc_wolfSSL_CTX_use_certificate_buffer
[SGXSan] ALWAYS: Enter enc_wolfSSL_CTX_use_certificate_chain_buffer_format
[SGXSan] ALWAYS: Enter enc_wolfSSL_Cleanup
[SGXSan] ALWAYS: Enter enc_wolfSSL_Debugging_OFF
[SGXSan] ALWAYS: Enter enc_wolfSSL_Debugging_ON
[SGXSan] ALWAYS: Enter enc_wolfSSL_connect
[SGXSan] ALWAYS: Enter enc_wolfSSL_free
[SGXSan] ALWAYS: Enter enc_wolfSSL_get_error
[SGXSan] ALWAYS: Enter enc_wolfSSL_new
[SGXSan] ALWAYS: Enter enc_wolfSSL_read
[SGXSan] ALWAYS: Enter enc_wolfSSL_set_fd
[SGXSan] ALWAYS: Enter enc_wolfSSL_write
[SGXSan] ALWAYS: Enter enc_wolfTLSv1_2_client_method
[SGXSan] ALWAYS: Enter enc_wolfTLSv1_2_server_method
[SGXSan] ALWAYS: Enter wc_benchmark_test
------------------------------------------------------------------------------
 wolfSSL version 5.1.0
------------------------------------------------------------------------------
wolfCrypt Benchmark (block bytes 1048576, min 1.0 sec each)
RNG                 15 MB took 1.158 seconds,   12.951 MB/s
AES-128-CBC-enc     35 MB took 1.086 seconds,   32.231 MB/s
AES-128-CBC-dec     35 MB took 1.161 seconds,   30.152 MB/s
AES-192-CBC-enc     30 MB took 1.080 seconds,   27.765 MB/s
AES-192-CBC-dec     30 MB took 1.160 seconds,   25.870 MB/s
AES-256-CBC-enc     30 MB took 1.199 seconds,   25.020 MB/s
AES-256-CBC-dec     25 MB took 1.082 seconds,   23.095 MB/s
AES-128-GCM-enc     25 MB took 1.101 seconds,   22.709 MB/s
AES-128-GCM-dec     25 MB took 1.096 seconds,   22.804 MB/s
AES-192-GCM-enc     25 MB took 1.219 seconds,   20.502 MB/s
AES-192-GCM-dec     25 MB took 1.197 seconds,   20.886 MB/s
AES-256-GCM-enc     20 MB took 1.058 seconds,   18.906 MB/s
AES-256-GCM-dec     20 MB took 1.065 seconds,   18.785 MB/s
GMAC Table 4-bit    67 MB took 1.007 seconds,   66.533 MB/s
RABBIT              95 MB took 1.054 seconds,   90.126 MB/s
3DES                10 MB took 1.098 seconds,    9.110 MB/s
MD5                300 MB took 1.017 seconds,  295.068 MB/s
SHA                125 MB took 1.033 seconds,  120.978 MB/s
SHA-256             30 MB took 1.006 seconds,   29.806 MB/s
HMAC-MD5           295 MB took 1.013 seconds,  291.194 MB/s
HMAC-SHA           125 MB took 1.005 seconds,  124.352 MB/s
HMAC-SHA256         35 MB took 1.157 seconds,   30.263 MB/s
PBKDF2               4 KB took 1.000 seconds,    3.687 KB/s
RSA     2048 public       1400 ops took 1.052 sec, avg 0.751 ms, 1330.781 ops/sec
RSA     2048 private       100 ops took 3.850 sec, avg 38.497 ms, 25.976 ops/sec
DH      2048 key gen        62 ops took 1.009 sec, avg 16.268 ms, 61.469 ops/sec
DH      2048 agree         100 ops took 1.603 sec, avg 16.031 ms, 62.378 ops/sec
ECC   [      SECP256R1]   256 key gen      1335 ops took 1.000 sec, avg 0.749 ms, 1334.722 ops/sec
ECDHE [      SECP256R1]   256 agree         900 ops took 1.029 sec, avg 1.143 ms, 874.978 ops/sec
ECDSA [      SECP256R1]   256 sign         1200 ops took 1.071 sec, avg 0.893 ms, 1120.199 ops/sec
ECDSA [      SECP256R1]   256 verify        900 ops took 1.110 sec, avg 1.234 ms, 810.606 ops/sec
Benchmark complete
[SGXSan] ALWAYS: Enter wc_test
#2	pulse  ft: 6275 exec/s: 0 rss: 48Mb
Slowest unit: 42 s:
artifact_prefix='./crashes/'; Test unit written to ./crashes/slow-unit-adc83b19e793491b1c6ea0fd8b46cd9f32e592fc
Base64: Cg==
#2	INITED cov: 6275 ft: 6275 corp: 1/1b exec/s: 0 rss: 49Mb
#2	DONE   cov: 6275 ft: 6275 corp: 1/1b lim: 4 exec/s: 0 rss: 49Mb
Done 2 runs in 84 second(s)
stat::number_of_executed_units: 2
stat::average_exec_per_sec:     0
stat::new_units_added:          0
stat::slowest_unit_time_sec:    42
stat::peak_rss_mb:              49
------------------------------------------------------------------------------
 wolfSSL version 5.1.0
------------------------------------------------------------------------------
error    test passed!
MEMORY   test passed!
base64   test passed!
asn      test passed!
RANDOM   test passed!
MD5      test passed!
MD4      test passed!
SHA      test passed!
SHA-256  test passed!
Hash     test passed!
HMAC-MD5 test passed!
HMAC-SHA test passed!
HMAC-SHA256 test passed!
GMAC     test passed!
HC-128   test passed!
Rabbit   test passed!
DES      test passed!
DES3     test passed!
AES      test passed!
AES192   test passed!
AES256   test passed!
AES-GCM  test passed!
RSA      test passed!
DH       test passed!
DSA      test passed!
PWDBASED test passed!
ECC      test passed!
ECC buffer test passed!
logging  test passed!
mutex    test passed!
memcb    test failed!
 error = -13803
