WARNING: Failed to find function "__sanitizer_acquire_crash_state".
WARNING: Failed to find function "__sanitizer_print_stack_trace".
WARNING: Failed to find function "__sanitizer_set_death_callback".
[CEnclavePool /home/leone/Documents/linux-sgx/psw/urts/enclave.cpp:638] enter CEnclavePool constructor
[2023-01-15 22:03:17.645] [Init] Num of ECall: 22
[2023-01-15 22:03:17.645] ECalls:
  0 - fuzz_enc_wolfSSL_CTX_free
  1 - fuzz_enc_wolfSSL_CTX_load_verify_buffer
  2 - fuzz_enc_wolfSSL_CTX_new
  3 - fuzz_enc_wolfSSL_CTX_set_cipher_list
  4 - fuzz_enc_wolfSSL_CTX_use_PrivateKey_buffer
  5 - fuzz_enc_wolfSSL_CTX_use_certificate_buffer
  6 - fuzz_enc_wolfSSL_CTX_use_certificate_chain_buffer_format
  7 - fuzz_enc_wolfSSL_Cleanup
  8 - fuzz_enc_wolfSSL_Debugging_OFF
  9 - fuzz_enc_wolfSSL_Debugging_ON
  10 - fuzz_enc_wolfSSL_Init
  11 - fuzz_enc_wolfSSL_connect
  12 - fuzz_enc_wolfSSL_free
  13 - fuzz_enc_wolfSSL_get_error
  14 - fuzz_enc_wolfSSL_new
  15 - fuzz_enc_wolfSSL_read
  16 - fuzz_enc_wolfSSL_set_fd
  17 - fuzz_enc_wolfSSL_write
  18 - fuzz_enc_wolfTLSv1_2_client_method
  19 - fuzz_enc_wolfTLSv1_2_server_method
  20 - fuzz_wc_benchmark_test
  21 - fuzz_wc_test

INFO: found LLVMFuzzerCustomMutator (0x44ac30). Disabling -len_control by default.
INFO: libFuzzer ignores flags that start with '--'
INFO: Running with entropic power schedule (0xFF, 100).
INFO: Seed: 1960721698
INFO: Loaded 1 modules   (291 inline 8-bit counters): 291 [0x4cb7e8, 0x4cb90b), 
INFO: Loaded 1 PC tables (291 PCs): 291 [0x4cb910,0x4ccb40), 
INFO:        0 files found in /tmp/libFuzzerTemp.FuzzWithFork422940.dir/C280
[SGXSan] ALWAYS: Hook __sanitizer_cov_8bit_counters_init of Enclave, 21636 inline 8-bit counts [0x7f7ad65a09c0, 0x7f7ad65a5e44) (First time)
[SGXSan] ALWAYS: Hook __sanitizer_cov_pcs_init of Enclave, 21636 PCs [0x7f7ad65a5e48, 0x7f7ad65fa688) (First time)
[SGXSan] ALWAYS: Enter enc_wolfSSL_CTX_free
[SGXSan] ALWAYS: Enter enc_wolfSSL_CTX_load_verify_buffer
[SGXSan] ALWAYS: Enter enc_wolfSSL_CTX_new
[SGXSan] ALWAYS: Enter enc_wolfSSL_CTX_set_cipher_list
[SGXSan] ALWAYS: Enter enc_wolfSSL_CTX_use_PrivateKey_buffer
[SGXSan] ALWAYS: Enter enc_wolfSSL_CTX_use_certificate_buffer
[SGXSan] ALWAYS: Enter enc_wolfSSL_CTX_use_certificate_chain_buffer_format
[SGXSan] ALWAYS: Enter enc_wolfSSL_Cleanup
[SGXSan] ALWAYS: Enter enc_wolfSSL_Debugging_OFF
[SGXSan] ALWAYS: Enter enc_wolfSSL_Debugging_ON
[SGXSan] ALWAYS: Enter enc_wolfSSL_Init
[SGXSan] ALWAYS: Enter enc_wolfSSL_connect
[SGXSan] ALWAYS: Enter enc_wolfSSL_free
[SGXSan] ALWAYS: Enter enc_wolfSSL_get_error
[SGXSan] ALWAYS: Enter enc_wolfSSL_new
[SGXSan] ALWAYS: Enter enc_wolfSSL_read
[SGXSan] ALWAYS: Enter enc_wolfSSL_set_fd
[SGXSan] ALWAYS: Enter enc_wolfSSL_write
[SGXSan] ALWAYS: Enter enc_wolfTLSv1_2_client_method
[SGXSan] ALWAYS: Enter enc_wolfTLSv1_2_server_method
[SGXSan] ALWAYS: Enter wc_benchmark_test
------------------------------------------------------------------------------
 wolfSSL version 5.1.0
------------------------------------------------------------------------------
wolfCrypt Benchmark (block bytes 1048576, min 1.0 sec each)
RNG                 15 MB took 1.160 seconds,   12.933 MB/s
AES-128-CBC-enc     35 MB took 1.087 seconds,   32.193 MB/s
AES-128-CBC-dec     35 MB took 1.156 seconds,   30.266 MB/s
AES-192-CBC-enc     30 MB took 1.046 seconds,   28.685 MB/s
AES-192-CBC-dec     30 MB took 1.127 seconds,   26.610 MB/s
AES-256-CBC-enc     30 MB took 1.165 seconds,   25.762 MB/s
AES-256-CBC-dec     25 MB took 1.033 seconds,   24.203 MB/s
AES-128-GCM-enc     25 MB took 1.059 seconds,   23.615 MB/s
AES-128-GCM-dec     25 MB took 1.051 seconds,   23.785 MB/s
AES-192-GCM-enc     25 MB took 1.176 seconds,   21.256 MB/s
AES-192-GCM-dec     25 MB took 1.176 seconds,   21.263 MB/s
AES-256-GCM-enc     20 MB took 1.005 seconds,   19.901 MB/s
AES-256-GCM-dec     20 MB took 1.022 seconds,   19.562 MB/s
GMAC Table 4-bit    69 MB took 1.009 seconds,   68.388 MB/s
RABBIT              95 MB took 1.050 seconds,   90.437 MB/s
3DES                10 MB took 1.085 seconds,    9.214 MB/s
MD5                300 MB took 1.009 seconds,  297.252 MB/s
SHA                130 MB took 1.021 seconds,  127.379 MB/s
SHA-256             35 MB took 1.130 seconds,   30.964 MB/s
HMAC-MD5           305 MB took 1.010 seconds,  301.981 MB/s
HMAC-SHA           130 MB took 1.004 seconds,  129.525 MB/s
HMAC-SHA256         35 MB took 1.121 seconds,   31.230 MB/s
PBKDF2               4 KB took 1.002 seconds,    3.775 KB/s
RSA     2048 public       1400 ops took 1.001 sec, avg 0.715 ms, 1399.197 ops/sec
RSA     2048 private       100 ops took 3.655 sec, avg 36.547 ms, 27.362 ops/sec
DH      2048 key gen        64 ops took 1.000 sec, avg 15.627 ms, 63.990 ops/sec
DH      2048 agree         100 ops took 1.539 sec, avg 15.388 ms, 64.987 ops/sec
ECC   [      SECP256R1]   256 key gen      1431 ops took 1.000 sec, avg 0.699 ms, 1430.904 ops/sec
ECDHE [      SECP256R1]   256 agree        1000 ops took 1.075 sec, avg 1.075 ms, 930.054 ops/sec
ECDSA [      SECP256R1]   256 sign         1200 ops took 1.002 sec, avg 0.835 ms, 1197.781 ops/sec
ECDSA [      SECP256R1]   256 verify        900 ops took 1.029 sec, avg 1.144 ms, 874.420 ops/sec
Benchmark complete
[SGXSan] ALWAYS: Enter wc_test
INFO: seed corpus: files: 5 min: 370191b max: 390122b total: 1870886b rss: 43Mb
------------------------------------------------------------------------------
 wolfSSL version 5.1.0
------------------------------------------------------------------------------
error    test passed!
MEMORY   test passed!
base64   test passed!
asn      test passed!
RANDOM   test passed!
MD5      test passed!
MD4      test passed!
SHA      test passed!
SHA-256  test passed!
Hash     test passed!
HMAC-MD5 test passed!
HMAC-SHA test passed!
HMAC-SHA256 test passed!
GMAC     test passed!
HC-128   test passed!
Rabbit   test passed!
DES      test passed!
DES3     test passed!
AES      test passed!
AES192   test passed!
AES256   test passed!
AES-GCM  test passed!
RSA      test passed!
DH       test passed!
DSA      test passed!
PWDBASED test passed!
ECC      test passed!
ECC buffer test passed!
logging  test passed!
mutex    test passed!
memcb    test passed!
Test complete
[SGXSan] ALWAYS: Enter enc_wolfSSL_CTX_load_verify_buffer
[SGXSan] ALWAYS: Enter enc_wolfSSL_CTX_new
[SGXSan] ALWAYS: Enter enc_wolfSSL_CTX_free
[SGXSan] ALWAYS: Enter enc_wolfSSL_Debugging_ON
[SGXSan] ALWAYS: Enter wc_benchmark_test
------------------------------------------------------------------------------
 wolfSSL version 5.1.0
------------------------------------------------------------------------------
wolfCrypt Benchmark (block bytes 1048576, min 1.0 sec each)
RNG                 15 MB took 1.129 seconds,   13.291 MB/s
AES-128-CBC-enc     35 MB took 1.054 seconds,   33.209 MB/s
AES-128-CBC-dec     35 MB took 1.162 seconds,   30.120 MB/s
AES-192-CBC-enc     30 MB took 1.051 seconds,   28.540 MB/s
AES-192-CBC-dec     30 MB took 1.120 seconds,   26.788 MB/s
AES-256-CBC-enc     30 MB took 1.158 seconds,   25.904 MB/s
AES-256-CBC-dec     25 MB took 1.051 seconds,   23.789 MB/s
AES-128-GCM-enc     25 MB took 1.054 seconds,   23.717 MB/s
AES-128-GCM-dec     25 MB took 1.045 seconds,   23.921 MB/s
AES-192-GCM-enc     25 MB took 1.182 seconds,   21.144 MB/s
AES-192-GCM-dec     25 MB took 1.161 seconds,   21.525 MB/s
AES-256-GCM-enc     20 MB took 1.016 seconds,   19.683 MB/s
AES-256-GCM-dec     20 MB took 1.009 seconds,   19.829 MB/s
GMAC Table 4-bit    69 MB took 1.013 seconds,   68.108 MB/s
RABBIT              95 MB took 1.047 seconds,   90.709 MB/s
3DES                10 MB took 1.090 seconds,    9.178 MB/s
MD5                300 MB took 1.007 seconds,  297.994 MB/s
SHA                130 MB took 1.011 seconds,  128.630 MB/s
SHA-256             35 MB took 1.131 seconds,   30.957 MB/s
HMAC-MD5           310 MB took 1.013 seconds,  305.924 MB/s
HMAC-SHA           130 MB took 1.002 seconds,  129.684 MB/s
HMAC-SHA256         35 MB took 1.135 seconds,   30.829 MB/s
PBKDF2               4 KB took 1.005 seconds,    3.825 KB/s
RSA     2048 public       1400 ops took 1.006 sec, avg 0.718 ms, 1391.952 ops/sec
RSA     2048 private       100 ops took 3.628 sec, avg 36.277 ms, 27.566 ops/sec
DH      2048 key gen        65 ops took 1.007 sec, avg 15.499 ms, 64.518 ops/sec
DH      2048 agree         100 ops took 1.548 sec, avg 15.483 ms, 64.586 ops/sec
ECC   [      SECP256R1]   256 key gen      1421 ops took 1.000 sec, avg 0.704 ms, 1420.551 ops/sec
ECDHE [      SECP256R1]   256 agree        1000 ops took 1.107 sec, avg 1.107 ms, 903.221 ops/sec
ECDSA [      SECP256R1]   256 sign         1300 ops took 1.075 sec, avg 0.827 ms, 1209.442 ops/sec
ECDSA [      SECP256R1]   256 verify        900 ops took 1.041 sec, avg 1.156 ms, 864.716 ops/sec
Benchmark complete
[SGXSan] ALWAYS: Enter enc_wolfTLSv1_2_server_method
[SGXSan] ALWAYS: Enter enc_wolfSSL_Debugging_OFF
[SGXSan] ALWAYS: Enter enc_wolfSSL_set_fd
[SGXSan] ALWAYS: Enter enc_wolfSSL_free
[SGXSan] ALWAYS: Enter enc_wolfSSL_Init
[SGXSan] ALWAYS: Enter enc_wolfTLSv1_2_client_method
[SGXSan] ALWAYS: Enter enc_wolfSSL_CTX_use_certificate_buffer
[SGXSan] ALWAYS: Enter enc_wolfSSL_Cleanup
[SGXSan] ALWAYS: Enter enc_wolfSSL_CTX_use_certificate_chain_buffer_format
[SGXSan] ALWAYS: Enter enc_wolfSSL_CTX_set_cipher_list
[SGXSan] ALWAYS: Enter enc_wolfSSL_get_error
[SGXSan] ALWAYS: Enter enc_wolfSSL_new
[SGXSan] ALWAYS: Enter enc_wolfSSL_read
[SGXSan] ALWAYS: Enter enc_wolfSSL_connect
[SGXSan] ALWAYS: Enter enc_wolfSSL_write
[SGXSan] ALWAYS: Enter enc_wolfSSL_CTX_use_PrivateKey_buffer
[SGXSan] ALWAYS: Enter wc_test
#2	pulse  ft: 6291 exec/s: 0 rss: 50Mb
Slowest unit: 42 s:
artifact_prefix='./crashes/'; Test unit written to ./crashes/slow-unit-96909ea58d2e80ea57583f4c55878b5a1d153797
------------------------------------------------------------------------------
 wolfSSL version 5.1.0
------------------------------------------------------------------------------
error    test passed!
MEMORY   test passed!
base64   test passed!
asn      test passed!
RANDOM   test passed!
MD5      test passed!
MD4      test passed!
SHA      test passed!
SHA-256  test passed!
Hash     test passed!
HMAC-MD5 test passed!
HMAC-SHA test passed!
HMAC-SHA256 test passed!
GMAC     test passed!
HC-128   test passed!
Rabbit   test passed!
DES      test passed!
DES3     test passed!
AES      test passed!
AES192   test passed!
AES256   test passed!
AES-GCM  test passed!
RSA      test passed!
DH       test passed!
DSA      test passed!
PWDBASED test passed!
ECC      test passed!
ECC buffer test passed!
logging  test passed!
mutex    test passed!
memcb    test failed!
 error = -13803
[SGXSan] ALWAYS: Enter enc_wolfSSL_new
[SGXSan] ALWAYS: Enter wc_test
------------------------------------------------------------------------------
 wolfSSL version 5.1.0
------------------------------------------------------------------------------
error    test passed!
MEMORY   test passed!
base64   test passed!
asn      test passed!
RANDOM   test passed!
MD5      test passed!
MD4      test passed!
SHA      test passed!
SHA-256  test passed!
Hash     test passed!
HMAC-MD5 test passed!
HMAC-SHA test passed!
HMAC-SHA256 test passed!
GMAC     test passed!
HC-128   test passed!
Rabbit   test passed!
DES      test passed!
DES3     test passed!
AES      test passed!
AES192   test passed!
AES256   test passed!
AES-GCM  test passed!
RSA      test passed!
DH       test passed!
DSA      test passed!
PWDBASED test passed!
ECC      test passed!
ECC buffer test passed!
logging  test passed!
mutex    test passed!
memcb    test failed!
 error = -13803
[SGXSan] ALWAYS: Enter enc_wolfSSL_CTX_use_certificate_chain_buffer_format
[SGXSan] ALWAYS: Enter enc_wolfSSL_write
[SGXSan] ALWAYS: Enter enc_wolfSSL_get_error
[SGXSan] ALWAYS: Enter enc_wolfSSL_CTX_load_verify_buffer
[SGXSan] ALWAYS: Enter enc_wolfSSL_CTX_use_PrivateKey_buffer
[SGXSan] ALWAYS: Enter enc_wolfSSL_CTX_use_certificate_buffer
[SGXSan] ALWAYS: Enter enc_wolfTLSv1_2_server_method
[SGXSan] ALWAYS: Enter enc_wolfSSL_Debugging_ON
[SGXSan] ALWAYS: Enter enc_wolfSSL_CTX_new
[SGXSan] ALWAYS: Enter enc_wolfSSL_Cleanup
[SGXSan] ALWAYS: Enter enc_wolfSSL_connect
[SGXSan] ALWAYS: Enter wc_benchmark_test
------------------------------------------------------------------------------
 wolfSSL version 5.1.0
------------------------------------------------------------------------------
wolfCrypt Benchmark (block bytes 1048576, min 1.0 sec each)
RNG                 15 MB took 1.136 seconds,   13.203 MB/s
AES-128-CBC-enc     35 MB took 1.070 seconds,   32.706 MB/s
AES-128-CBC-dec     35 MB took 1.149 seconds,   30.448 MB/s
AES-192-CBC-enc     30 MB took 1.048 seconds,   28.625 MB/s
AES-192-CBC-dec     30 MB took 1.119 seconds,   26.814 MB/s
AES-256-CBC-enc     30 MB took 1.176 seconds,   25.520 MB/s
AES-256-CBC-dec     25 MB took 1.032 seconds,   24.232 MB/s
AES-128-GCM-enc     25 MB took 1.045 seconds,   23.915 MB/s
AES-128-GCM-dec     25 MB took 1.041 seconds,   24.018 MB/s
AES-192-GCM-enc     25 MB took 1.168 seconds,   21.410 MB/s
AES-192-GCM-dec     25 MB took 1.175 seconds,   21.269 MB/s
AES-256-GCM-enc     20 MB took 1.009 seconds,   19.821 MB/s
AES-256-GCM-dec     20 MB took 1.013 seconds,   19.739 MB/s
GMAC Table 4-bit    69 MB took 1.011 seconds,   68.271 MB/s
RABBIT              95 MB took 1.036 seconds,   91.715 MB/s
3DES                10 MB took 1.092 seconds,    9.158 MB/s
MD5                305 MB took 1.007 seconds,  302.861 MB/s
SHA                125 MB took 1.021 seconds,  122.372 MB/s
SHA-256             35 MB took 1.131 seconds,   30.938 MB/s
HMAC-MD5           305 MB took 1.012 seconds,  301.317 MB/s
HMAC-SHA           130 MB took 1.025 seconds,  126.802 MB/s
HMAC-SHA256         35 MB took 1.133 seconds,   30.893 MB/s
PBKDF2               4 KB took 1.007 seconds,    3.756 KB/s
RSA     2048 public       1400 ops took 1.016 sec, avg 0.725 ms, 1378.540 ops/sec
RSA     2048 private       100 ops took 3.651 sec, avg 36.509 ms, 27.391 ops/sec
DH      2048 key gen        65 ops took 1.006 sec, avg 15.483 ms, 64.587 ops/sec
DH      2048 agree         100 ops took 1.550 sec, avg 15.505 ms, 64.495 ops/sec
ECC   [      SECP256R1]   256 key gen      1359 ops took 1.000 sec, avg 0.736 ms, 1358.497 ops/sec
ECDHE [      SECP256R1]   256 agree        1000 ops took 1.092 sec, avg 1.092 ms, 915.877 ops/sec
ECDSA [      SECP256R1]   256 sign         1300 ops took 1.081 sec, avg 0.832 ms, 1202.041 ops/sec
ECDSA [      SECP256R1]   256 verify        900 ops took 1.041 sec, avg 1.157 ms, 864.337 ops/sec
Benchmark complete
[SGXSan] ALWAYS: Enter enc_wolfSSL_free
[SGXSan] ALWAYS: Enter enc_wolfSSL_set_fd
[SGXSan] ALWAYS: Enter enc_wolfTLSv1_2_client_method
[SGXSan] ALWAYS: Enter enc_wolfSSL_Init
[SGXSan] ALWAYS: Enter enc_wolfSSL_CTX_set_cipher_list
[SGXSan] ALWAYS: Enter enc_wolfSSL_Debugging_OFF
[SGXSan] ALWAYS: Enter enc_wolfSSL_read
[SGXSan] ALWAYS: Enter enc_wolfSSL_CTX_free
[SGXSan] ALWAYS: Enter enc_wolfTLSv1_2_server_method
[SGXSan] ALWAYS: Enter enc_wolfSSL_Debugging_ON
[SGXSan] ALWAYS: Enter enc_wolfSSL_CTX_use_PrivateKey_buffer
[SGXSan] ALWAYS: Enter enc_wolfSSL_new
[SGXSan] ALWAYS: Enter enc_wolfSSL_CTX_free
[SGXSan] ALWAYS: Enter enc_wolfSSL_get_error
[SGXSan] ALWAYS: Enter enc_wolfSSL_Debugging_OFF
[SGXSan] ALWAYS: Enter enc_wolfSSL_CTX_load_verify_buffer
[SGXSan] ALWAYS: Enter enc_wolfSSL_CTX_use_certificate_chain_buffer_format
[SGXSan] ALWAYS: Enter enc_wolfSSL_CTX_use_certificate_buffer
[SGXSan] ALWAYS: Enter wc_test
------------------------------------------------------------------------------
 wolfSSL version 5.1.0
------------------------------------------------------------------------------
error    test passed!
MEMORY   test passed!
base64   test passed!
asn      test passed!
RANDOM   test passed!
MD5      test passed!
MD4      test passed!
SHA      test passed!
SHA-256  test passed!
Hash     test passed!
HMAC-MD5 test passed!
HMAC-SHA test passed!
HMAC-SHA256 test passed!
GMAC     test passed!
HC-128   test passed!
Rabbit   test passed!
DES      test passed!
DES3     test passed!
AES      test passed!
AES192   test passed!
AES256   test passed!
AES-GCM  test passed!
RSA      test passed!
DH       test passed!
DSA      test passed!
PWDBASED test passed!
ECC      test passed!
ECC buffer test passed!
logging  test passed!
mutex    test passed!
memcb    test failed!
 error = -13803
[SGXSan] ALWAYS: Enter wc_benchmark_test
------------------------------------------------------------------------------
 wolfSSL version 5.1.0
------------------------------------------------------------------------------
wolfCrypt Benchmark (block bytes 1048576, min 1.0 sec each)
RNG                 15 MB took 1.148 seconds,   13.070 MB/s
AES-128-CBC-enc     35 MB took 1.073 seconds,   32.604 MB/s
AES-128-CBC-dec     35 MB took 1.166 seconds,   30.016 MB/s
AES-192-CBC-enc     30 MB took 1.080 seconds,   27.778 MB/s
AES-192-CBC-dec     30 MB took 1.144 seconds,   26.222 MB/s
AES-256-CBC-enc     25 MB took 1.013 seconds,   24.679 MB/s
AES-256-CBC-dec     25 MB took 1.053 seconds,   23.739 MB/s
AES-128-GCM-enc     25 MB took 1.072 seconds,   23.314 MB/s
AES-128-GCM-dec     25 MB took 1.067 seconds,   23.422 MB/s
AES-192-GCM-enc     25 MB took 1.190 seconds,   21.004 MB/s
AES-192-GCM-dec     25 MB took 1.193 seconds,   20.949 MB/s
AES-256-GCM-enc     20 MB took 1.051 seconds,   19.038 MB/s
AES-256-GCM-dec     20 MB took 1.041 seconds,   19.210 MB/s
GMAC Table 4-bit    68 MB took 1.011 seconds,   67.234 MB/s
RABBIT              90 MB took 1.008 seconds,   89.325 MB/s
3DES                10 MB took 1.105 seconds,    9.051 MB/s
MD5                295 MB took 1.002 seconds,  294.399 MB/s
SHA                130 MB took 1.032 seconds,  125.958 MB/s
SHA-256             35 MB took 1.157 seconds,   30.251 MB/s
HMAC-MD5           300 MB took 1.003 seconds,  299.119 MB/s
HMAC-SHA           130 MB took 1.026 seconds,  126.739 MB/s
HMAC-SHA256         35 MB took 1.156 seconds,   30.271 MB/s
PBKDF2               4 KB took 1.005 seconds,    3.668 KB/s
RSA     2048 public       1400 ops took 1.042 sec, avg 0.744 ms, 1343.832 ops/sec
RSA     2048 private       100 ops took 3.721 sec, avg 37.214 ms, 26.872 ops/sec
DH      2048 key gen        64 ops took 1.006 sec, avg 15.725 ms, 63.591 ops/sec
DH      2048 agree         100 ops took 1.558 sec, avg 15.576 ms, 64.200 ops/sec
ECC   [      SECP256R1]   256 key gen      1394 ops took 1.001 sec, avg 0.718 ms, 1393.122 ops/sec
ECDHE [      SECP256R1]   256 agree         900 ops took 1.002 sec, avg 1.114 ms, 897.945 ops/sec
ECDSA [      SECP256R1]   256 sign         1200 ops took 1.036 sec, avg 0.863 ms, 1158.413 ops/sec
ECDSA [      SECP256R1]   256 verify        900 ops took 1.094 sec, avg 1.216 ms, 822.445 ops/sec
Benchmark complete
[SGXSan] ALWAYS: Enter enc_wolfSSL_Cleanup
[SGXSan] ALWAYS: Enter enc_wolfSSL_write
[SGXSan] ALWAYS: Enter enc_wolfSSL_CTX_set_cipher_list
[SGXSan] ALWAYS: Enter enc_wolfSSL_CTX_new
[SGXSan] ALWAYS: Enter enc_wolfSSL_read
[SGXSan] ALWAYS: Enter enc_wolfSSL_free
[SGXSan] ALWAYS: Enter enc_wolfTLSv1_2_client_method
[SGXSan] ALWAYS: Enter enc_wolfSSL_connect
[SGXSan] ALWAYS: Enter enc_wolfSSL_Init
[SGXSan] ALWAYS: Enter enc_wolfSSL_set_fd
#4	pulse  cov: 6292 ft: 6297 corp: 2/723Kb exec/s: 0 rss: 64Mb
[SGXSan] ALWAYS: Enter enc_wolfSSL_connect
[SGXSan] ALWAYS: Enter enc_wolfSSL_new
[SGXSan] ALWAYS: Enter enc_wolfSSL_CTX_new
[SGXSan] ALWAYS: Enter enc_wolfSSL_CTX_free
[SGXSan] ALWAYS: Enter enc_wolfSSL_write
[SGXSan] ALWAYS: Enter enc_wolfSSL_CTX_load_verify_buffer
[SGXSan] ALWAYS: Enter enc_wolfSSL_CTX_use_PrivateKey_buffer
[SGXSan] ALWAYS: Enter enc_wolfTLSv1_2_client_method
[SGXSan] ALWAYS: Enter wc_benchmark_test
------------------------------------------------------------------------------
 wolfSSL version 5.1.0
------------------------------------------------------------------------------
wolfCrypt Benchmark (block bytes 1048576, min 1.0 sec each)
RNG                 15 MB took 1.163 seconds,   12.898 MB/s
AES-128-CBC-enc     35 MB took 1.146 seconds,   30.537 MB/s
AES-128-CBC-dec     35 MB took 1.160 seconds,   30.164 MB/s
AES-192-CBC-enc     30 MB took 1.071 seconds,   28.006 MB/s
AES-192-CBC-dec     30 MB took 1.175 seconds,   25.537 MB/s
AES-256-CBC-enc     25 MB took 1.006 seconds,   24.849 MB/s
AES-256-CBC-dec     25 MB took 1.070 seconds,   23.355 MB/s
AES-128-GCM-enc     25 MB took 1.061 seconds,   23.558 MB/s
AES-128-GCM-dec     25 MB took 1.066 seconds,   23.446 MB/s
AES-192-GCM-enc     25 MB took 1.202 seconds,   20.792 MB/s
AES-192-GCM-dec     25 MB took 1.195 seconds,   20.919 MB/s
AES-256-GCM-enc     20 MB took 1.045 seconds,   19.138 MB/s
AES-256-GCM-dec     20 MB took 1.038 seconds,   19.259 MB/s
GMAC Table 4-bit    67 MB took 1.002 seconds,   66.845 MB/s
RABBIT              85 MB took 1.041 seconds,   81.624 MB/s
3DES                10 MB took 1.101 seconds,    9.082 MB/s
MD5                300 MB took 1.016 seconds,  295.257 MB/s
SHA                130 MB took 1.033 seconds,  125.870 MB/s
SHA-256             35 MB took 1.153 seconds,   30.345 MB/s
HMAC-MD5           295 MB took 1.007 seconds,  292.825 MB/s
HMAC-SHA           125 MB took 1.005 seconds,  124.370 MB/s
HMAC-SHA256         35 MB took 1.161 seconds,   30.155 MB/s
PBKDF2               4 KB took 1.004 seconds,    3.766 KB/s
RSA     2048 public       1400 ops took 1.009 sec, avg 0.721 ms, 1387.266 ops/sec
RSA     2048 private       100 ops took 3.703 sec, avg 37.028 ms, 27.006 ops/sec
DH      2048 key gen        64 ops took 1.005 sec, avg 15.709 ms, 63.657 ops/sec
DH      2048 agree         100 ops took 1.582 sec, avg 15.817 ms, 63.223 ops/sec
ECC   [      SECP256R1]   256 key gen      1370 ops took 1.001 sec, avg 0.730 ms, 1369.222 ops/sec
ECDHE [      SECP256R1]   256 agree         900 ops took 1.017 sec, avg 1.130 ms, 884.802 ops/sec
ECDSA [      SECP256R1]   256 sign         1200 ops took 1.029 sec, avg 0.857 ms, 1166.516 ops/sec
ECDSA [      SECP256R1]   256 verify        900 ops took 1.040 sec, avg 1.155 ms, 865.663 ops/sec
Benchmark complete
[SGXSan] ALWAYS: Enter enc_wolfSSL_CTX_set_cipher_list
[SGXSan] ALWAYS: Enter enc_wolfSSL_get_error
[SGXSan] ALWAYS: Enter enc_wolfSSL_Init
[SGXSan] ALWAYS: Enter enc_wolfSSL_free
[SGXSan] ALWAYS: Enter wc_test
------------------------------------------------------------------------------
 wolfSSL version 5.1.0
------------------------------------------------------------------------------
error    test passed!
MEMORY   test passed!
base64   test passed!
asn      test passed!
RANDOM   test passed!
MD5      test passed!
MD4      test passed!
SHA      test passed!
SHA-256  test passed!
Hash     test passed!
HMAC-MD5 test passed!
HMAC-SHA test passed!
HMAC-SHA256 test passed!
GMAC     test passed!
HC-128   test passed!
Rabbit   test passed!
DES      test passed!
DES3     test passed!
AES      test passed!
AES192   test passed!
AES256   test passed!
AES-GCM  test passed!
RSA      test passed!
DH       test passed!
DSA      test passed!
PWDBASED test passed!
ECC      test passed!
ECC buffer test passed!
logging  test passed!
mutex    test passed!
memcb    test failed!
 error = -13803
[SGXSan] ALWAYS: Enter enc_wolfSSL_Debugging_ON
[SGXSan] ALWAYS: Enter enc_wolfSSL_read
[SGXSan] ALWAYS: Enter enc_wolfSSL_Debugging_OFF
[SGXSan] ALWAYS: Enter enc_wolfTLSv1_2_server_method
[SGXSan] ALWAYS: Enter enc_wolfSSL_set_fd
[SGXSan] ALWAYS: Enter enc_wolfSSL_CTX_use_certificate_buffer
[SGXSan] ALWAYS: Enter enc_wolfSSL_CTX_use_certificate_chain_buffer_format
[SGXSan] ALWAYS: Enter enc_wolfSSL_Cleanup
[SGXSan] ALWAYS: Enter wc_test
------------------------------------------------------------------------------
 wolfSSL version 5.1.0
------------------------------------------------------------------------------
error    test passed!
MEMORY   test passed!
base64   test passed!
asn      test passed!
RANDOM   test passed!
MD5      test passed!
MD4      test passed!
SHA      test passed!
SHA-256  test passed!
Hash     test passed!
HMAC-MD5 test passed!
HMAC-SHA test passed!
HMAC-SHA256 test passed!
GMAC     test passed!
HC-128   test passed!
Rabbit   test passed!
DES      test passed!
DES3     test passed!
AES      test passed!
AES192   test passed!
AES256   test passed!
AES-GCM  test passed!
RSA      test passed!
DH       test passed!
DSA      test passed!
PWDBASED test passed!
ECC      test passed!
ECC buffer test passed!
logging  test passed!
mutex    test passed!
memcb    test failed!
 error = -13803
[SGXSan] ALWAYS: Enter enc_wolfTLSv1_2_client_method
[SGXSan] ALWAYS: Enter enc_wolfSSL_CTX_set_cipher_list
[SGXSan] ALWAYS: Enter enc_wolfSSL_get_error
[SGXSan] ALWAYS: Enter enc_wolfSSL_Init
[SGXSan] ALWAYS: Enter enc_wolfSSL_CTX_load_verify_buffer
[SGXSan] ALWAYS: Enter enc_wolfSSL_free
[SGXSan] ALWAYS: Enter enc_wolfSSL_CTX_use_certificate_chain_buffer_format
[SGXSan] ALWAYS: Enter enc_wolfSSL_set_fd
[SGXSan] ALWAYS: Enter enc_wolfSSL_new
[SGXSan] ALWAYS: Enter enc_wolfSSL_Debugging_ON
[SGXSan] ALWAYS: Enter enc_wolfSSL_Debugging_OFF
[SGXSan] ALWAYS: Enter enc_wolfSSL_CTX_use_certificate_buffer
[SGXSan] ALWAYS: Enter enc_wolfTLSv1_2_server_method
[SGXSan] ALWAYS: Enter enc_wolfSSL_read
[SGXSan] ALWAYS: Enter enc_wolfSSL_connect
[SGXSan] ALWAYS: Enter enc_wolfSSL_write
[SGXSan] ALWAYS: Enter enc_wolfSSL_CTX_new
[SGXSan] ALWAYS: Enter enc_wolfSSL_CTX_free
[SGXSan] ALWAYS: Enter enc_wolfSSL_CTX_use_PrivateKey_buffer
[SGXSan] ALWAYS: Enter enc_wolfSSL_Cleanup
[SGXSan] ALWAYS: Enter wc_benchmark_test
#6	INITED cov: 6293 ft: 6298 corp: 3/1084Kb exec/s: 0 rss: 76Mb
------------------------------------------------------------------------------
 wolfSSL version 5.1.0
------------------------------------------------------------------------------
wolfCrypt Benchmark (block bytes 1048576, min 1.0 sec each)
RNG                 15 MB took 1.140 seconds,   13.155 MB/s
AES-128-CBC-enc     35 MB took 1.064 seconds,   32.884 MB/s
AES-128-CBC-dec     30 MB took 1.008 seconds,   29.752 MB/s
AES-192-CBC-enc     30 MB took 1.081 seconds,   27.762 MB/s
AES-192-CBC-dec     30 MB took 1.151 seconds,   26.075 MB/s
AES-256-CBC-enc     25 MB took 1.027 seconds,   24.343 MB/s
AES-256-CBC-dec     25 MB took 1.064 seconds,   23.500 MB/s
AES-128-GCM-enc     25 MB took 1.075 seconds,   23.259 MB/s
AES-128-GCM-dec     25 MB took 1.061 seconds,   23.561 MB/s
AES-192-GCM-enc     25 MB took 1.180 seconds,   21.183 MB/s
AES-192-GCM-dec     25 MB took 1.181 seconds,   21.169 MB/s
AES-256-GCM-enc     20 MB took 1.024 seconds,   19.527 MB/s
AES-256-GCM-dec     20 MB took 1.056 seconds,   18.946 MB/s
GMAC Table 4-bit    64 MB took 1.012 seconds,   63.222 MB/s
RABBIT              90 MB took 1.007 seconds,   89.397 MB/s
3DES                10 MB took 1.105 seconds,    9.047 MB/s
MD5                295 MB took 1.004 seconds,  293.859 MB/s
SHA                130 MB took 1.036 seconds,  125.479 MB/s
SHA-256             35 MB took 1.158 seconds,   30.216 MB/s
HMAC-MD5           305 MB took 1.006 seconds,  303.201 MB/s
HMAC-SHA           130 MB took 1.012 seconds,  128.456 MB/s
HMAC-SHA256         35 MB took 1.144 seconds,   30.601 MB/s
PBKDF2               4 KB took 1.001 seconds,    3.779 KB/s
RSA     2048 public       1400 ops took 1.013 sec, avg 0.723 ms, 1382.315 ops/sec
RSA     2048 private       100 ops took 3.666 sec, avg 36.662 ms, 27.276 ops/sec
DH      2048 key gen        65 ops took 1.009 sec, avg 15.529 ms, 64.396 ops/sec
DH      2048 agree         100 ops took 1.538 sec, avg 15.384 ms, 65.001 ops/sec
ECC   [      SECP256R1]   256 key gen      1410 ops took 1.001 sec, avg 0.710 ms, 1409.138 ops/sec
ECDHE [      SECP256R1]   256 agree         900 ops took 1.012 sec, avg 1.125 ms, 889.045 ops/sec
ECDSA [      SECP256R1]   256 sign         1200 ops took 1.013 sec, avg 0.844 ms, 1184.358 ops/sec
ECDSA [      SECP256R1]   256 verify        800 ops took 1.002 sec, avg 1.253 ms, 798.250 ops/sec
Benchmark complete
[SGXSan] ALWAYS: Enter enc_wolfSSL_read
[SGXSan] ALWAYS: Enter enc_wolfSSL_connect
[SGXSan] ALWAYS: Enter wc_test
------------------------------------------------------------------------------
 wolfSSL version 5.1.0
------------------------------------------------------------------------------
error    test passed!
MEMORY   test passed!
base64   test passed!
asn      test passed!
RANDOM   test passed!
MD5      test passed!
MD4      test passed!
SHA      test passed!
SHA-256  test passed!
Hash     test passed!
HMAC-MD5 test passed!
HMAC-SHA test passed!
HMAC-SHA256 test passed!
GMAC     test passed!
HC-128   test passed!
Rabbit   test passed!
DES      test passed!
DES3     test passed!
AES      test passed!
AES192   test passed!
AES256   test passed!
AES-GCM  test passed!
RSA      test passed!
DH       test passed!
DSA      test passed!
PWDBASED test passed!
ECC      test passed!
ECC buffer test passed!
logging  test passed!
mutex    test passed!
memcb    test failed!
 error = -13803
[SGXSan] ALWAYS: Enter enc_wolfSSL_Cleanup
[SGXSan] ALWAYS: Enter enc_wolfSSL_CTX_use_certificate_chain_buffer_format
[SGXSan] ALWAYS: Enter enc_wolfSSL_CTX_set_cipher_list
[SGXSan] ALWAYS: Enter enc_wolfSSL_Debugging_ON
[SGXSan] ALWAYS: Enter enc_wolfSSL_Init
[SGXSan] ALWAYS: Enter enc_wolfSSL_CTX_use_certificate_buffer
[SGXSan] ALWAYS: Enter enc_wolfSSL_CTX_use_PrivateKey_buffer
[SGXSan] ALWAYS: Enter enc_wolfSSL_CTX_free
[SGXSan] ALWAYS: Enter enc_wolfSSL_get_error
[SGXSan] ALWAYS: Enter enc_wolfSSL_set_fd
[SGXSan] ALWAYS: Enter enc_wolfSSL_new
[SGXSan] ALWAYS: Enter enc_wolfSSL_Debugging_OFF
[SGXSan] ALWAYS: Enter wc_benchmark_test
------------------------------------------------------------------------------
 wolfSSL version 5.1.0
------------------------------------------------------------------------------
wolfCrypt Benchmark (block bytes 1048576, min 1.0 sec each)
RNG                 15 MB took 1.164 seconds,   12.883 MB/s
AES-128-CBC-enc     35 MB took 1.091 seconds,   32.072 MB/s
AES-128-CBC-dec     35 MB took 1.150 seconds,   30.441 MB/s
AES-192-CBC-enc     30 MB took 1.063 seconds,   28.222 MB/s
AES-192-CBC-dec     30 MB took 1.146 seconds,   26.187 MB/s
AES-256-CBC-enc     25 MB took 1.035 seconds,   24.163 MB/s
AES-256-CBC-dec     25 MB took 1.131 seconds,   22.098 MB/s
AES-128-GCM-enc     25 MB took 1.075 seconds,   23.256 MB/s
AES-128-GCM-dec     25 MB took 1.107 seconds,   22.579 MB/s
AES-192-GCM-enc     25 MB took 1.205 seconds,   20.742 MB/s
AES-192-GCM-dec     25 MB took 1.206 seconds,   20.725 MB/s
AES-256-GCM-enc     20 MB took 1.064 seconds,   18.790 MB/s
AES-256-GCM-dec     20 MB took 1.033 seconds,   19.367 MB/s
GMAC Table 4-bit    68 MB took 1.003 seconds,   67.770 MB/s
RABBIT              95 MB took 1.050 seconds,   90.484 MB/s
3DES                10 MB took 1.088 seconds,    9.191 MB/s
MD5                295 MB took 1.000 seconds,  294.917 MB/s
SHA                130 MB took 1.022 seconds,  127.201 MB/s
SHA-256             35 MB took 1.147 seconds,   30.502 MB/s
HMAC-MD5           300 MB took 1.002 seconds,  299.536 MB/s
HMAC-SHA           130 MB took 1.026 seconds,  126.665 MB/s
HMAC-SHA256         35 MB took 1.153 seconds,   30.359 MB/s
PBKDF2               4 KB took 1.007 seconds,    3.660 KB/s
RSA     2048 public       1300 ops took 1.060 sec, avg 0.816 ms, 1226.188 ops/sec
RSA     2048 private       100 ops took 3.822 sec, avg 38.219 ms, 26.165 ops/sec
DH      2048 key gen        62 ops took 1.014 sec, avg 16.361 ms, 61.120 ops/sec
DH      2048 agree         100 ops took 1.648 sec, avg 16.483 ms, 60.667 ops/sec
ECC   [      SECP256R1]   256 key gen      1356 ops took 1.000 sec, avg 0.738 ms, 1355.381 ops/sec
ECDHE [      SECP256R1]   256 agree         900 ops took 1.018 sec, avg 1.131 ms, 884.177 ops/sec
ECDSA [      SECP256R1]   256 sign         1200 ops took 1.070 sec, avg 0.891 ms, 1121.901 ops/sec
ECDSA [      SECP256R1]   256 verify        900 ops took 1.099 sec, avg 1.221 ms, 819.054 ops/sec
Benchmark complete
[SGXSan] ALWAYS: Enter enc_wolfSSL_write
[SGXSan] ALWAYS: Enter enc_wolfSSL_CTX_new
[SGXSan] ALWAYS: Enter enc_wolfTLSv1_2_server_method
[SGXSan] ALWAYS: Enter enc_wolfSSL_free
[SGXSan] ALWAYS: Enter enc_wolfSSL_CTX_load_verify_buffer
[SGXSan] ALWAYS: Enter enc_wolfTLSv1_2_client_method
[SGXSan] ALWAYS: Enter enc_wolfSSL_read
[SGXSan] ALWAYS: Enter enc_wolfSSL_connect
[SGXSan] ALWAYS: Enter wc_test
------------------------------------------------------------------------------
 wolfSSL version 5.1.0
------------------------------------------------------------------------------
error    test passed!
MEMORY   test passed!
base64   test passed!
asn      test passed!
RANDOM   test passed!
MD5      test passed!
MD4      test passed!
SHA      test passed!
SHA-256  test passed!
Hash     test passed!
HMAC-MD5 test passed!
HMAC-SHA test passed!
HMAC-SHA256 test passed!
GMAC     test passed!
HC-128   test passed!
Rabbit   test passed!
DES      test passed!
DES3     test passed!
AES      test passed!
AES192   test passed!
AES256   test passed!
AES-GCM  test passed!
RSA      test passed!
DH       test passed!
DSA      test passed!
PWDBASED test passed!
ECC      test passed!
ECC buffer test passed!
logging  test passed!
mutex    test passed!
memcb    test failed!
 error = -13803
[SGXSan] ALWAYS: Enter enc_wolfSSL_Cleanup
[SGXSan] ALWAYS: Enter enc_wolfSSL_CTX_use_certificate_chain_buffer_format
[SGXSan] ALWAYS: Enter enc_wolfSSL_CTX_set_cipher_list
[SGXSan] ALWAYS: Enter enc_wolfSSL_Debugging_ON
[SGXSan] ALWAYS: Enter enc_wolfSSL_Init
[SGXSan] ALWAYS: Enter enc_wolfSSL_CTX_use_certificate_buffer
[SGXSan] ALWAYS: Enter enc_wolfSSL_CTX_use_PrivateKey_buffer
[SGXSan] ALWAYS: Enter enc_wolfSSL_CTX_free
[SGXSan] ALWAYS: Enter enc_wolfSSL_get_error
[SGXSan] ALWAYS: Enter enc_wolfSSL_set_fd
[SGXSan] ALWAYS: Enter enc_wolfSSL_new
[SGXSan] ALWAYS: Enter enc_wolfSSL_Debugging_OFF
[SGXSan] ALWAYS: Enter wc_benchmark_test
------------------------------------------------------------------------------
 wolfSSL version 5.1.0
------------------------------------------------------------------------------
wolfCrypt Benchmark (block bytes 1048576, min 1.0 sec each)
RNG                 15 MB took 1.166 seconds,   12.865 MB/s
AES-128-CBC-enc     35 MB took 1.081 seconds,   32.384 MB/s
AES-128-CBC-dec     30 MB took 1.004 seconds,   29.886 MB/s
AES-192-CBC-enc     30 MB took 1.088 seconds,   27.570 MB/s
AES-192-CBC-dec     25 MB took 1.024 seconds,   24.412 MB/s
AES-256-CBC-enc     25 MB took 1.010 seconds,   24.754 MB/s
AES-256-CBC-dec     25 MB took 1.057 seconds,   23.646 MB/s
AES-128-GCM-enc     25 MB took 1.078 seconds,   23.194 MB/s
AES-128-GCM-dec     25 MB took 1.084 seconds,   23.064 MB/s
AES-192-GCM-enc     25 MB took 1.225 seconds,   20.406 MB/s
AES-192-GCM-dec     25 MB took 1.190 seconds,   21.014 MB/s
AES-256-GCM-enc     20 MB took 1.042 seconds,   19.201 MB/s
AES-256-GCM-dec     20 MB took 1.060 seconds,   18.873 MB/s
GMAC Table 4-bit    66 MB took 1.010 seconds,   65.326 MB/s
RABBIT              90 MB took 1.024 seconds,   87.883 MB/s
3DES                10 MB took 1.141 seconds,    8.762 MB/s
MD5                295 MB took 1.014 seconds,  290.837 MB/s
SHA                125 MB took 1.019 seconds,  122.709 MB/s
SHA-256             30 MB took 1.020 seconds,   29.418 MB/s
HMAC-MD5           290 MB took 1.009 seconds,  287.483 MB/s
HMAC-SHA           125 MB took 1.027 seconds,  121.705 MB/s
HMAC-SHA256         30 MB took 1.005 seconds,   29.847 MB/s
PBKDF2               4 KB took 1.008 seconds,    3.691 KB/s
RSA     2048 public       1400 ops took 1.019 sec, avg 0.728 ms, 1373.294 ops/sec
RSA     2048 private       100 ops took 3.854 sec, avg 38.539 ms, 25.948 ops/sec
DH      2048 key gen        63 ops took 1.010 sec, avg 16.024 ms, 62.407 ops/sec
DH      2048 agree         100 ops took 1.582 sec, avg 15.821 ms, 63.207 ops/sec
ECC   [      SECP256R1]   256 key gen      1357 ops took 1.000 sec, avg 0.737 ms, 1356.870 ops/sec
ECDHE [      SECP256R1]   256 agree        1000 ops took 1.107 sec, avg 1.107 ms, 903.399 ops/sec
ECDSA [      SECP256R1]   256 sign         1200 ops took 1.017 sec, avg 0.848 ms, 1179.477 ops/sec
ECDSA [      SECP256R1]   256 verify        900 ops took 1.071 sec, avg 1.190 ms, 840.494 ops/sec
Benchmark complete
[SGXSan] ALWAYS: Enter enc_wolfSSL_write
[SGXSan] ALWAYS: Enter enc_wolfSSL_CTX_new
[SGXSan] ALWAYS: Enter enc_wolfTLSv1_2_server_method
[SGXSan] ALWAYS: Enter enc_wolfSSL_free
[SGXSan] ALWAYS: Enter enc_wolfSSL_CTX_load_verify_buffer
[SGXSan] ALWAYS: Enter enc_wolfTLSv1_2_client_method
#8	pulse  cov: 6293 ft: 6298 corp: 3/1084Kb lim: 1000000 exec/s: 0 rss: 88Mb
[SGXSan] ALWAYS: Enter enc_wolfSSL_Init
[SGXSan] ALWAYS: Enter enc_wolfSSL_write
[SGXSan] ALWAYS: Enter wc_test
------------------------------------------------------------------------------
 wolfSSL version 5.1.0
------------------------------------------------------------------------------
error    test passed!
MEMORY   test passed!
base64   test passed!
asn      test passed!
RANDOM   test passed!
MD5      test passed!
MD4      test passed!
SHA      test passed!
SHA-256  test passed!
Hash     test passed!
HMAC-MD5 test passed!
HMAC-SHA test passed!
HMAC-SHA256 test passed!
GMAC     test passed!
HC-128   test passed!
Rabbit   test passed!
DES      test passed!
DES3     test passed!
AES      test passed!
AES192   test passed!
AES256   test passed!
AES-GCM  test passed!
RSA      test passed!
DH       test passed!
DSA      test passed!
PWDBASED test passed!
ECC      test passed!
ECC buffer test passed!
logging  test passed!
mutex    test passed!
memcb    test failed!
 error = -13803
[SGXSan] ALWAYS: Enter enc_wolfSSL_free
[SGXSan] ALWAYS: Enter enc_wolfSSL_CTX_use_PrivateKey_buffer
[SGXSan] ALWAYS: Enter enc_wolfSSL_CTX_use_certificate_buffer
[SGXSan] ALWAYS: Enter enc_wolfSSL_set_fd
[SGXSan] ALWAYS: Enter enc_wolfSSL_Debugging_ON
[SGXSan] ALWAYS: Enter enc_wolfSSL_CTX_free
[SGXSan] ALWAYS: Enter enc_wolfSSL_CTX_new
[SGXSan] ALWAYS: Enter enc_wolfSSL_CTX_set_cipher_list
[SGXSan] ALWAYS: Enter enc_wolfSSL_connect
[SGXSan] ALWAYS: Enter enc_wolfSSL_get_error
[SGXSan] ALWAYS: Enter enc_wolfTLSv1_2_client_method
[SGXSan] ALWAYS: Enter wc_benchmark_test
------------------------------------------------------------------------------
 wolfSSL version 5.1.0
------------------------------------------------------------------------------
wolfCrypt Benchmark (block bytes 1048576, min 1.0 sec each)
RNG                 15 MB took 1.202 seconds,   12.484 MB/s
AES-128-CBC-enc     35 MB took 1.104 seconds,   31.713 MB/s
AES-128-CBC-dec     30 MB took 1.041 seconds,   28.824 MB/s
AES-192-CBC-enc     30 MB took 1.130 seconds,   26.555 MB/s
AES-192-CBC-dec     30 MB took 1.201 seconds,   24.989 MB/s
AES-256-CBC-enc     25 MB took 1.100 seconds,   22.732 MB/s
AES-256-CBC-dec     25 MB took 1.107 seconds,   22.586 MB/s
AES-128-GCM-enc     15 MB took 1.012 seconds,   14.828 MB/s
AES-128-GCM-dec     25 MB took 1.074 seconds,   23.284 MB/s
AES-192-GCM-enc     25 MB took 1.201 seconds,   20.824 MB/s
AES-192-GCM-dec     25 MB took 1.207 seconds,   20.712 MB/s
AES-256-GCM-enc     20 MB took 1.035 seconds,   19.331 MB/s
AES-256-GCM-dec     20 MB took 1.048 seconds,   19.082 MB/s
GMAC Table 4-bit    67 MB took 1.001 seconds,   66.963 MB/s
RABBIT              90 MB took 1.014 seconds,   88.795 MB/s
3DES                10 MB took 1.106 seconds,    9.040 MB/s
MD5                300 MB took 1.005 seconds,  298.608 MB/s
SHA                130 MB took 1.035 seconds,  125.585 MB/s
SHA-256             35 MB took 1.159 seconds,   30.194 MB/s
HMAC-MD5           300 MB took 1.012 seconds,  296.418 MB/s
HMAC-SHA           130 MB took 1.032 seconds,  125.924 MB/s
HMAC-SHA256         35 MB took 1.150 seconds,   30.425 MB/s
PBKDF2               4 KB took 1.004 seconds,    3.672 KB/s
RSA     2048 public       1400 ops took 1.051 sec, avg 0.751 ms, 1331.765 ops/sec
RSA     2048 private       100 ops took 3.775 sec, avg 37.755 ms, 26.487 ops/sec
DH      2048 key gen        63 ops took 1.007 sec, avg 15.989 ms, 62.542 ops/sec
DH      2048 agree         100 ops took 1.592 sec, avg 15.919 ms, 62.818 ops/sec
ECC   [      SECP256R1]   256 key gen      1216 ops took 1.000 sec, avg 0.822 ms, 1215.810 ops/sec
ECDHE [      SECP256R1]   256 agree         900 ops took 1.011 sec, avg 1.124 ms, 889.952 ops/sec
ECDSA [      SECP256R1]   256 sign         1200 ops took 1.025 sec, avg 0.854 ms, 1170.989 ops/sec
ECDSA [      SECP256R1]   256 verify        900 ops took 1.073 sec, avg 1.192 ms, 838.965 ops/sec
Benchmark complete
[SGXSan] ALWAYS: Enter enc_wolfSSL_Cleanup
[SGXSan] ALWAYS: Enter enc_wolfSSL_CTX_use_certificate_chain_buffer_format
[SGXSan] ALWAYS: Enter enc_wolfSSL_read
[SGXSan] ALWAYS: Enter enc_wolfSSL_Debugging_OFF
[SGXSan] ALWAYS: Enter enc_wolfSSL_new
[SGXSan] ALWAYS: Enter enc_wolfTLSv1_2_server_method
[SGXSan] ALWAYS: Enter enc_wolfSSL_CTX_load_verify_buffer
#9	NEW    cov: 6293 ft: 6303 corp: 4/1465Kb lim: 1000000 exec/s: 0 rss: 95Mb L: 390122/390122 MS: 6 CopyPart-Custom-CMP-Custom-CrossOver-Custom- DE: "__sanitizer_cov_8bi"-
#9	DONE   cov: 6293 ft: 6303 corp: 4/1465Kb lim: 1000000 exec/s: 0 rss: 95Mb
###### Recommended dictionary. ######
"__sanitizer_cov_8bi" # Uses: 0
###### End of recommended dictionary. ######
Done 9 runs in 380 second(s)
stat::number_of_executed_units: 9
stat::average_exec_per_sec:     0
stat::new_units_added:          1
stat::slowest_unit_time_sec:    42
stat::peak_rss_mb:              95
