WARNING: Failed to find function "__sanitizer_acquire_crash_state".
WARNING: Failed to find function "__sanitizer_print_stack_trace".
WARNING: Failed to find function "__sanitizer_set_death_callback".
[CEnclavePool /home/leone/Documents/linux-sgx/psw/urts/enclave.cpp:638] enter CEnclavePool constructor
[2023-01-15 22:20:53.038] [Init] Num of ECall: 22
[2023-01-15 22:20:53.038] ECalls:
  0 - fuzz_enc_wolfSSL_CTX_free
  1 - fuzz_enc_wolfSSL_CTX_load_verify_buffer
  2 - fuzz_enc_wolfSSL_CTX_new
  3 - fuzz_enc_wolfSSL_CTX_set_cipher_list
  4 - fuzz_enc_wolfSSL_CTX_use_PrivateKey_buffer
  5 - fuzz_enc_wolfSSL_CTX_use_certificate_buffer
  6 - fuzz_enc_wolfSSL_CTX_use_certificate_chain_buffer_format
  7 - fuzz_enc_wolfSSL_Cleanup
  8 - fuzz_enc_wolfSSL_Debugging_OFF
  9 - fuzz_enc_wolfSSL_Debugging_ON
  10 - fuzz_enc_wolfSSL_Init
  11 - fuzz_enc_wolfSSL_connect
  12 - fuzz_enc_wolfSSL_free
  13 - fuzz_enc_wolfSSL_get_error
  14 - fuzz_enc_wolfSSL_new
  15 - fuzz_enc_wolfSSL_read
  16 - fuzz_enc_wolfSSL_set_fd
  17 - fuzz_enc_wolfSSL_write
  18 - fuzz_enc_wolfTLSv1_2_client_method
  19 - fuzz_enc_wolfTLSv1_2_server_method
  20 - fuzz_wc_benchmark_test
  21 - fuzz_wc_test

INFO: found LLVMFuzzerCustomMutator (0x44ac30). Disabling -len_control by default.
INFO: libFuzzer ignores flags that start with '--'
INFO: Running with entropic power schedule (0xFF, 100).
INFO: Seed: 791831564
INFO: Loaded 1 modules   (291 inline 8-bit counters): 291 [0x4cb7e8, 0x4cb90b), 
INFO: Loaded 1 PC tables (291 PCs): 291 [0x4cb910,0x4ccb40), 
INFO:        0 files found in /tmp/libFuzzerTemp.FuzzWithFork422940.dir/C287
[SGXSan] ALWAYS: Hook __sanitizer_cov_8bit_counters_init of Enclave, 21636 inline 8-bit counts [0x7efedd7639c0, 0x7efedd768e44) (First time)
[SGXSan] ALWAYS: Hook __sanitizer_cov_pcs_init of Enclave, 21636 PCs [0x7efedd768e48, 0x7efedd7bd688) (First time)
[SGXSan] ALWAYS: Enter enc_wolfSSL_CTX_free
[SGXSan] ALWAYS: Enter enc_wolfSSL_CTX_load_verify_buffer
[SGXSan] ALWAYS: Enter enc_wolfSSL_CTX_new
[SGXSan] ALWAYS: Enter enc_wolfSSL_CTX_set_cipher_list
[SGXSan] ALWAYS: Enter enc_wolfSSL_CTX_use_PrivateKey_buffer
[SGXSan] ALWAYS: Enter enc_wolfSSL_CTX_use_certificate_buffer
[SGXSan] ALWAYS: Enter enc_wolfSSL_CTX_use_certificate_chain_buffer_format
[SGXSan] ALWAYS: Enter enc_wolfSSL_Cleanup
[SGXSan] ALWAYS: Enter enc_wolfSSL_Debugging_OFF
[SGXSan] ALWAYS: Enter enc_wolfSSL_Debugging_ON
[SGXSan] ALWAYS: Enter enc_wolfSSL_Init
[SGXSan] ALWAYS: Enter enc_wolfSSL_connect
[SGXSan] ALWAYS: Enter enc_wolfSSL_free
[SGXSan] ALWAYS: Enter enc_wolfSSL_get_error
[SGXSan] ALWAYS: Enter enc_wolfSSL_new
[SGXSan] ALWAYS: Enter enc_wolfSSL_read
[SGXSan] ALWAYS: Enter enc_wolfSSL_set_fd
[SGXSan] ALWAYS: Enter enc_wolfSSL_write
[SGXSan] ALWAYS: Enter enc_wolfTLSv1_2_client_method
[SGXSan] ALWAYS: Enter enc_wolfTLSv1_2_server_method
[SGXSan] ALWAYS: Enter wc_benchmark_test
------------------------------------------------------------------------------
 wolfSSL version 5.1.0
------------------------------------------------------------------------------
wolfCrypt Benchmark (block bytes 1048576, min 1.0 sec each)
RNG                 15 MB took 1.141 seconds,   13.146 MB/s
AES-128-CBC-enc     35 MB took 1.099 seconds,   31.846 MB/s
AES-128-CBC-dec     30 MB took 1.006 seconds,   29.833 MB/s
AES-192-CBC-enc     30 MB took 1.082 seconds,   27.731 MB/s
AES-192-CBC-dec     30 MB took 1.125 seconds,   26.659 MB/s
AES-256-CBC-enc     30 MB took 1.171 seconds,   25.616 MB/s
AES-256-CBC-dec     25 MB took 1.041 seconds,   24.019 MB/s
AES-128-GCM-enc     25 MB took 1.046 seconds,   23.903 MB/s
AES-128-GCM-dec     25 MB took 1.043 seconds,   23.960 MB/s
AES-192-GCM-enc     25 MB took 1.168 seconds,   21.403 MB/s
AES-192-GCM-dec     25 MB took 1.179 seconds,   21.206 MB/s
AES-256-GCM-enc     20 MB took 1.015 seconds,   19.710 MB/s
AES-256-GCM-dec     20 MB took 1.023 seconds,   19.542 MB/s
GMAC Table 4-bit    68 MB took 1.002 seconds,   67.849 MB/s
RABBIT              95 MB took 1.050 seconds,   90.433 MB/s
3DES                10 MB took 1.096 seconds,    9.126 MB/s
MD5                305 MB took 1.008 seconds,  302.464 MB/s
SHA                130 MB took 1.020 seconds,  127.470 MB/s
SHA-256             35 MB took 1.159 seconds,   30.203 MB/s
HMAC-MD5           195 MB took 1.026 seconds,  190.011 MB/s
HMAC-SHA            70 MB took 1.003 seconds,   69.809 MB/s
HMAC-SHA256         20 MB took 1.118 seconds,   17.886 MB/s
PBKDF2               2 KB took 1.014 seconds,    2.156 KB/s
RSA     2048 public        800 ops took 1.037 sec, avg 1.297 ms, 771.201 ops/sec
RSA     2048 private       100 ops took 3.947 sec, avg 39.468 ms, 25.337 ops/sec
DH      2048 key gen        65 ops took 1.016 sec, avg 15.625 ms, 64.001 ops/sec
DH      2048 agree         100 ops took 2.293 sec, avg 22.933 ms, 43.605 ops/sec
ECC   [      SECP256R1]   256 key gen      1356 ops took 1.000 sec, avg 0.738 ms, 1355.371 ops/sec
ECDHE [      SECP256R1]   256 agree        1000 ops took 1.097 sec, avg 1.097 ms, 911.649 ops/sec
ECDSA [      SECP256R1]   256 sign         1200 ops took 1.017 sec, avg 0.847 ms, 1179.992 ops/sec
ECDSA [      SECP256R1]   256 verify        900 ops took 1.053 sec, avg 1.170 ms, 854.675 ops/sec
Benchmark complete
[SGXSan] ALWAYS: Enter wc_test
INFO: seed corpus: files: 5 min: 370191b max: 390122b total: 1910748b rss: 43Mb
------------------------------------------------------------------------------
 wolfSSL version 5.1.0
------------------------------------------------------------------------------
error    test passed!
MEMORY   test passed!
base64   test passed!
asn      test passed!
RANDOM   test passed!
MD5      test passed!
MD4      test passed!
SHA      test passed!
SHA-256  test passed!
Hash     test passed!
HMAC-MD5 test passed!
HMAC-SHA test passed!
HMAC-SHA256 test passed!
GMAC     test passed!
HC-128   test passed!
Rabbit   test passed!
DES      test passed!
DES3     test passed!
AES      test passed!
AES192   test passed!
AES256   test passed!
AES-GCM  test passed!
RSA      test passed!
DH       test passed!
DSA      test passed!
PWDBASED test passed!
ECC      test passed!
ECC buffer test passed!
logging  test passed!
mutex    test passed!
memcb    test passed!
Test complete
[SGXSan] ALWAYS: Enter enc_wolfSSL_new
[SGXSan] ALWAYS: Enter wc_test
------------------------------------------------------------------------------
 wolfSSL version 5.1.0
------------------------------------------------------------------------------
error    test passed!
MEMORY   test passed!
base64   test passed!
asn      test passed!
RANDOM   test passed!
MD5      test passed!
MD4      test passed!
SHA      test passed!
SHA-256  test passed!
Hash     test passed!
HMAC-MD5 test passed!
HMAC-SHA test passed!
HMAC-SHA256 test passed!
GMAC     test passed!
HC-128   test passed!
Rabbit   test passed!
DES      test passed!
DES3     test passed!
AES      test passed!
AES192   test passed!
AES256   test passed!
AES-GCM  test passed!
RSA      test passed!
DH       test passed!
DSA      test passed!
PWDBASED test passed!
ECC      test passed!
ECC buffer test passed!
logging  test passed!
mutex    test passed!
memcb    test failed!
 error = -13803
[SGXSan] ALWAYS: Enter enc_wolfSSL_CTX_use_certificate_chain_buffer_format
[SGXSan] ALWAYS: Enter enc_wolfSSL_write
[SGXSan] ALWAYS: Enter enc_wolfSSL_get_error
[SGXSan] ALWAYS: Enter enc_wolfSSL_CTX_load_verify_buffer
[SGXSan] ALWAYS: Enter enc_wolfSSL_CTX_use_PrivateKey_buffer
[SGXSan] ALWAYS: Enter enc_wolfSSL_CTX_use_certificate_buffer
[SGXSan] ALWAYS: Enter enc_wolfTLSv1_2_server_method
[SGXSan] ALWAYS: Enter enc_wolfSSL_Debugging_ON
[SGXSan] ALWAYS: Enter enc_wolfSSL_CTX_new
[SGXSan] ALWAYS: Enter enc_wolfSSL_Cleanup
[SGXSan] ALWAYS: Enter enc_wolfSSL_connect
[SGXSan] ALWAYS: Enter wc_benchmark_test
------------------------------------------------------------------------------
 wolfSSL version 5.1.0
------------------------------------------------------------------------------
wolfCrypt Benchmark (block bytes 1048576, min 1.0 sec each)
RNG                 15 MB took 1.168 seconds,   12.847 MB/s
AES-128-CBC-enc     35 MB took 1.074 seconds,   32.578 MB/s
AES-128-CBC-dec     35 MB took 1.151 seconds,   30.400 MB/s
AES-192-CBC-enc     30 MB took 1.046 seconds,   28.689 MB/s
AES-192-CBC-dec     30 MB took 1.117 seconds,   26.862 MB/s
AES-256-CBC-enc     30 MB took 1.183 seconds,   25.359 MB/s
AES-256-CBC-dec     25 MB took 1.039 seconds,   24.068 MB/s
AES-128-GCM-enc     25 MB took 1.045 seconds,   23.919 MB/s
AES-128-GCM-dec     25 MB took 1.070 seconds,   23.356 MB/s
AES-192-GCM-enc     25 MB took 1.193 seconds,   20.949 MB/s
AES-192-GCM-dec     25 MB took 1.211 seconds,   20.644 MB/s
AES-256-GCM-enc     20 MB took 1.032 seconds,   19.383 MB/s
AES-256-GCM-dec     20 MB took 1.015 seconds,   19.713 MB/s
GMAC Table 4-bit    69 MB took 1.008 seconds,   68.485 MB/s
RABBIT              95 MB took 1.047 seconds,   90.740 MB/s
3DES                10 MB took 1.125 seconds,    8.889 MB/s
MD5                300 MB took 1.007 seconds,  297.912 MB/s
SHA                125 MB took 1.003 seconds,  124.654 MB/s
SHA-256             35 MB took 1.128 seconds,   31.032 MB/s
HMAC-MD5           305 MB took 1.005 seconds,  303.496 MB/s
HMAC-SHA           130 MB took 1.025 seconds,  126.814 MB/s
HMAC-SHA256         35 MB took 1.134 seconds,   30.863 MB/s
PBKDF2               4 KB took 1.008 seconds,    3.721 KB/s
RSA     2048 public       1400 ops took 1.039 sec, avg 0.742 ms, 1347.147 ops/sec
RSA     2048 private       100 ops took 3.874 sec, avg 38.736 ms, 25.816 ops/sec
DH      2048 key gen        64 ops took 1.008 sec, avg 15.749 ms, 63.498 ops/sec
DH      2048 agree         100 ops took 1.566 sec, avg 15.658 ms, 63.866 ops/sec
ECC   [      SECP256R1]   256 key gen      1387 ops took 1.000 sec, avg 0.721 ms, 1386.663 ops/sec
ECDHE [      SECP256R1]   256 agree        1000 ops took 1.090 sec, avg 1.090 ms, 917.318 ops/sec
ECDSA [      SECP256R1]   256 sign         1200 ops took 1.015 sec, avg 0.846 ms, 1182.471 ops/sec
ECDSA [      SECP256R1]   256 verify        900 ops took 1.039 sec, avg 1.154 ms, 866.207 ops/sec
Benchmark complete
[SGXSan] ALWAYS: Enter enc_wolfSSL_free
[SGXSan] ALWAYS: Enter enc_wolfSSL_set_fd
[SGXSan] ALWAYS: Enter enc_wolfTLSv1_2_client_method
[SGXSan] ALWAYS: Enter enc_wolfSSL_Init
[SGXSan] ALWAYS: Enter enc_wolfSSL_CTX_set_cipher_list
[SGXSan] ALWAYS: Enter enc_wolfSSL_Debugging_OFF
[SGXSan] ALWAYS: Enter enc_wolfSSL_read
[SGXSan] ALWAYS: Enter enc_wolfSSL_CTX_free
#2	pulse  ft: 6296 exec/s: 0 rss: 49Mb
Slowest unit: 42 s:
artifact_prefix='./crashes/'; Test unit written to ./crashes/slow-unit-c9cfd7010b0779e2835c2ded8690708a4975af65
[SGXSan] ALWAYS: Enter enc_wolfTLSv1_2_server_method
[SGXSan] ALWAYS: Enter enc_wolfSSL_Debugging_ON
[SGXSan] ALWAYS: Enter enc_wolfSSL_CTX_use_PrivateKey_buffer
[SGXSan] ALWAYS: Enter enc_wolfSSL_new
[SGXSan] ALWAYS: Enter enc_wolfSSL_CTX_free
[SGXSan] ALWAYS: Enter enc_wolfSSL_get_error
[SGXSan] ALWAYS: Enter enc_wolfSSL_Debugging_OFF
[SGXSan] ALWAYS: Enter enc_wolfSSL_CTX_load_verify_buffer
[SGXSan] ALWAYS: Enter enc_wolfSSL_CTX_use_certificate_chain_buffer_format
[SGXSan] ALWAYS: Enter enc_wolfSSL_CTX_use_certificate_buffer
[SGXSan] ALWAYS: Enter wc_test
------------------------------------------------------------------------------
 wolfSSL version 5.1.0
------------------------------------------------------------------------------
error    test passed!
MEMORY   test passed!
base64   test passed!
asn      test passed!
RANDOM   test passed!
MD5      test passed!
MD4      test passed!
SHA      test passed!
SHA-256  test passed!
Hash     test passed!
HMAC-MD5 test passed!
HMAC-SHA test passed!
HMAC-SHA256 test passed!
GMAC     test passed!
HC-128   test passed!
Rabbit   test passed!
DES      test passed!
DES3     test passed!
AES      test passed!
AES192   test passed!
AES256   test passed!
AES-GCM  test passed!
RSA      test passed!
DH       test passed!
DSA      test passed!
PWDBASED test passed!
ECC      test passed!
ECC buffer test passed!
logging  test passed!
mutex    test passed!
memcb    test failed!
 error = -13803
[SGXSan] ALWAYS: Enter wc_benchmark_test
------------------------------------------------------------------------------
 wolfSSL version 5.1.0
------------------------------------------------------------------------------
wolfCrypt Benchmark (block bytes 1048576, min 1.0 sec each)
RNG                 15 MB took 1.137 seconds,   13.195 MB/s
AES-128-CBC-enc     35 MB took 1.059 seconds,   33.050 MB/s
AES-128-CBC-dec     35 MB took 1.147 seconds,   30.513 MB/s
AES-192-CBC-enc     30 MB took 1.069 seconds,   28.072 MB/s
AES-192-CBC-dec     30 MB took 1.128 seconds,   26.597 MB/s
AES-256-CBC-enc     30 MB took 1.176 seconds,   25.504 MB/s
AES-256-CBC-dec     25 MB took 1.040 seconds,   24.044 MB/s
AES-128-GCM-enc     25 MB took 1.068 seconds,   23.407 MB/s
AES-128-GCM-dec     25 MB took 1.051 seconds,   23.788 MB/s
AES-192-GCM-enc     25 MB took 1.178 seconds,   21.225 MB/s
AES-192-GCM-dec     25 MB took 1.191 seconds,   20.988 MB/s
AES-256-GCM-enc     20 MB took 1.053 seconds,   18.996 MB/s
AES-256-GCM-dec     20 MB took 1.062 seconds,   18.827 MB/s
GMAC Table 4-bit    67 MB took 1.009 seconds,   66.391 MB/s
RABBIT              90 MB took 1.006 seconds,   89.435 MB/s
3DES                10 MB took 1.091 seconds,    9.165 MB/s
MD5                300 MB took 1.006 seconds,  298.210 MB/s
SHA                130 MB took 1.028 seconds,  126.509 MB/s
SHA-256             30 MB took 1.007 seconds,   29.796 MB/s
HMAC-MD5           300 MB took 1.012 seconds,  296.339 MB/s
HMAC-SHA           130 MB took 1.036 seconds,  125.496 MB/s
HMAC-SHA256         35 MB took 1.137 seconds,   30.773 MB/s
PBKDF2               4 KB took 1.000 seconds,    3.780 KB/s
RSA     2048 public       1400 ops took 1.029 sec, avg 0.735 ms, 1360.721 ops/sec
RSA     2048 private       100 ops took 3.779 sec, avg 37.788 ms, 26.464 ops/sec
DH      2048 key gen        64 ops took 1.002 sec, avg 15.658 ms, 63.866 ops/sec
DH      2048 agree         100 ops took 1.579 sec, avg 15.790 ms, 63.332 ops/sec
ECC   [      SECP256R1]   256 key gen      1391 ops took 1.000 sec, avg 0.719 ms, 1390.629 ops/sec
ECDHE [      SECP256R1]   256 agree        1000 ops took 1.104 sec, avg 1.104 ms, 905.562 ops/sec
ECDSA [      SECP256R1]   256 sign         1200 ops took 1.008 sec, avg 0.840 ms, 1190.155 ops/sec
ECDSA [      SECP256R1]   256 verify        900 ops took 1.038 sec, avg 1.154 ms, 866.825 ops/sec
Benchmark complete
[SGXSan] ALWAYS: Enter enc_wolfSSL_Cleanup
[SGXSan] ALWAYS: Enter enc_wolfSSL_write
[SGXSan] ALWAYS: Enter enc_wolfSSL_CTX_set_cipher_list
[SGXSan] ALWAYS: Enter enc_wolfSSL_CTX_new
[SGXSan] ALWAYS: Enter enc_wolfSSL_read
[SGXSan] ALWAYS: Enter enc_wolfSSL_free
[SGXSan] ALWAYS: Enter enc_wolfTLSv1_2_client_method
[SGXSan] ALWAYS: Enter enc_wolfSSL_connect
[SGXSan] ALWAYS: Enter enc_wolfSSL_Init
[SGXSan] ALWAYS: Enter enc_wolfSSL_set_fd
[SGXSan] ALWAYS: Enter enc_wolfSSL_get_error
[SGXSan] ALWAYS: Enter enc_wolfSSL_Init
[SGXSan] ALWAYS: Enter enc_wolfTLSv1_2_client_method
[SGXSan] ALWAYS: Enter enc_wolfSSL_CTX_use_PrivateKey_buffer
[SGXSan] ALWAYS: Enter enc_wolfSSL_Cleanup
[SGXSan] ALWAYS: Enter enc_wolfSSL_Debugging_OFF
[SGXSan] ALWAYS: Enter enc_wolfSSL_read
[SGXSan] ALWAYS: Enter enc_wolfSSL_free
[SGXSan] ALWAYS: Enter wc_test
------------------------------------------------------------------------------
 wolfSSL version 5.1.0
------------------------------------------------------------------------------
error    test passed!
MEMORY   test passed!
base64   test passed!
asn      test passed!
RANDOM   test passed!
MD5      test passed!
MD4      test passed!
SHA      test passed!
SHA-256  test passed!
Hash     test passed!
HMAC-MD5 test passed!
HMAC-SHA test passed!
HMAC-SHA256 test passed!
GMAC     test passed!
HC-128   test passed!
Rabbit   test passed!
DES      test passed!
DES3     test passed!
AES      test passed!
AES192   test passed!
AES256   test passed!
AES-GCM  test passed!
RSA      test passed!
DH       test passed!
DSA      test passed!
PWDBASED test passed!
ECC      test passed!
ECC buffer test passed!
logging  test passed!
mutex    test passed!
memcb    test failed!
 error = -13803
[SGXSan] ALWAYS: Enter enc_wolfSSL_new
[SGXSan] ALWAYS: Enter enc_wolfSSL_CTX_free
[SGXSan] ALWAYS: Enter enc_wolfSSL_CTX_new
[SGXSan] ALWAYS: Enter enc_wolfSSL_set_fd
[SGXSan] ALWAYS: Enter enc_wolfSSL_CTX_load_verify_buffer
[SGXSan] ALWAYS: Enter enc_wolfSSL_write
[SGXSan] ALWAYS: Enter enc_wolfSSL_Debugging_ON
[SGXSan] ALWAYS: Enter wc_benchmark_test
------------------------------------------------------------------------------
 wolfSSL version 5.1.0
------------------------------------------------------------------------------
wolfCrypt Benchmark (block bytes 1048576, min 1.0 sec each)
RNG                 15 MB took 1.166 seconds,   12.864 MB/s
AES-128-CBC-enc     35 MB took 1.067 seconds,   32.790 MB/s
AES-128-CBC-dec     35 MB took 1.148 seconds,   30.486 MB/s
AES-192-CBC-enc     30 MB took 1.060 seconds,   28.309 MB/s
AES-192-CBC-dec     30 MB took 1.144 seconds,   26.225 MB/s
AES-256-CBC-enc     30 MB took 1.180 seconds,   25.433 MB/s
AES-256-CBC-dec     25 MB took 1.058 seconds,   23.619 MB/s
AES-128-GCM-enc     25 MB took 1.075 seconds,   23.265 MB/s
AES-128-GCM-dec     25 MB took 1.073 seconds,   23.295 MB/s
AES-192-GCM-enc     25 MB took 1.212 seconds,   20.629 MB/s
AES-192-GCM-dec     25 MB took 1.187 seconds,   21.069 MB/s
AES-256-GCM-enc     20 MB took 1.021 seconds,   19.591 MB/s
AES-256-GCM-dec     20 MB took 1.019 seconds,   19.620 MB/s
GMAC Table 4-bit    68 MB took 1.002 seconds,   67.889 MB/s
RABBIT              90 MB took 1.004 seconds,   89.679 MB/s
3DES                10 MB took 1.090 seconds,    9.171 MB/s
MD5                305 MB took 1.014 seconds,  300.855 MB/s
SHA                130 MB took 1.035 seconds,  125.546 MB/s
SHA-256             30 MB took 1.006 seconds,   29.825 MB/s
HMAC-MD5           295 MB took 1.013 seconds,  291.089 MB/s
HMAC-SHA           130 MB took 1.039 seconds,  125.072 MB/s
HMAC-SHA256         35 MB took 1.141 seconds,   30.674 MB/s
PBKDF2               3 KB took 1.013 seconds,    2.591 KB/s
RSA     2048 public        800 ops took 1.007 sec, avg 1.258 ms, 794.721 ops/sec
RSA     2048 private       100 ops took 3.813 sec, avg 38.132 ms, 26.225 ops/sec
DH      2048 key gen        65 ops took 1.003 sec, avg 15.424 ms, 64.835 ops/sec
DH      2048 agree         100 ops took 1.558 sec, avg 15.577 ms, 64.195 ops/sec
ECC   [      SECP256R1]   256 key gen      1419 ops took 1.000 sec, avg 0.705 ms, 1418.814 ops/sec
ECDHE [      SECP256R1]   256 agree        1000 ops took 1.083 sec, avg 1.083 ms, 923.605 ops/sec
ECDSA [      SECP256R1]   256 sign         1300 ops took 1.078 sec, avg 0.829 ms, 1205.766 ops/sec
ECDSA [      SECP256R1]   256 verify        900 ops took 1.044 sec, avg 1.160 ms, 862.161 ops/sec
Benchmark complete
[SGXSan] ALWAYS: Enter enc_wolfSSL_connect
[SGXSan] ALWAYS: Enter enc_wolfSSL_CTX_use_certificate_chain_buffer_format
[SGXSan] ALWAYS: Enter enc_wolfSSL_CTX_set_cipher_list
[SGXSan] ALWAYS: Enter enc_wolfSSL_CTX_use_certificate_buffer
[SGXSan] ALWAYS: Enter enc_wolfTLSv1_2_server_method
#4	pulse  cov: 6296 ft: 6297 corp: 1/361Kb exec/s: 0 rss: 63Mb
[SGXSan] ALWAYS: Enter enc_wolfSSL_CTX_use_PrivateKey_buffer
[SGXSan] ALWAYS: Enter enc_wolfSSL_free
[SGXSan] ALWAYS: Enter enc_wolfSSL_set_fd
[SGXSan] ALWAYS: Enter enc_wolfSSL_write
[SGXSan] ALWAYS: Enter enc_wolfSSL_CTX_free
[SGXSan] ALWAYS: Enter wc_benchmark_test
------------------------------------------------------------------------------
 wolfSSL version 5.1.0
------------------------------------------------------------------------------
wolfCrypt Benchmark (block bytes 1048576, min 1.0 sec each)
RNG                 15 MB took 1.144 seconds,   13.108 MB/s
AES-128-CBC-enc     35 MB took 1.062 seconds,   32.952 MB/s
AES-128-CBC-dec     35 MB took 1.143 seconds,   30.617 MB/s
AES-192-CBC-enc     30 MB took 1.049 seconds,   28.587 MB/s
AES-192-CBC-dec     30 MB took 1.139 seconds,   26.336 MB/s
AES-256-CBC-enc     30 MB took 1.172 seconds,   25.598 MB/s
AES-256-CBC-dec     25 MB took 1.039 seconds,   24.071 MB/s
AES-128-GCM-enc     25 MB took 1.043 seconds,   23.972 MB/s
AES-128-GCM-dec     25 MB took 1.046 seconds,   23.906 MB/s
AES-192-GCM-enc     25 MB took 1.187 seconds,   21.068 MB/s
AES-192-GCM-dec     25 MB took 1.169 seconds,   21.382 MB/s
AES-256-GCM-enc     20 MB took 1.014 seconds,   19.722 MB/s
AES-256-GCM-dec     20 MB took 1.005 seconds,   19.891 MB/s
GMAC Table 4-bit    69 MB took 1.003 seconds,   68.761 MB/s
RABBIT              95 MB took 1.054 seconds,   90.145 MB/s
3DES                10 MB took 1.084 seconds,    9.227 MB/s
MD5                305 MB took 1.006 seconds,  303.189 MB/s
SHA                130 MB took 1.012 seconds,  128.499 MB/s
SHA-256             35 MB took 1.129 seconds,   31.010 MB/s
HMAC-MD5           305 MB took 1.004 seconds,  303.728 MB/s
HMAC-SHA           130 MB took 1.010 seconds,  128.761 MB/s
HMAC-SHA256         35 MB took 1.144 seconds,   30.597 MB/s
PBKDF2               4 KB took 1.006 seconds,    3.790 KB/s
RSA     2048 public       1400 ops took 1.017 sec, avg 0.726 ms, 1376.893 ops/sec
RSA     2048 private       100 ops took 3.767 sec, avg 37.666 ms, 26.549 ops/sec
DH      2048 key gen        63 ops took 1.007 sec, avg 15.984 ms, 62.562 ops/sec
DH      2048 agree         100 ops took 1.577 sec, avg 15.765 ms, 63.430 ops/sec
ECC   [      SECP256R1]   256 key gen      1394 ops took 1.001 sec, avg 0.718 ms, 1393.133 ops/sec
ECDHE [      SECP256R1]   256 agree         900 ops took 1.024 sec, avg 1.137 ms, 879.188 ops/sec
ECDSA [      SECP256R1]   256 sign         1300 ops took 1.073 sec, avg 0.826 ms, 1211.195 ops/sec
ECDSA [      SECP256R1]   256 verify        900 ops took 1.038 sec, avg 1.154 ms, 866.897 ops/sec
Benchmark complete
[SGXSan] ALWAYS: Enter enc_wolfSSL_Debugging_ON
[SGXSan] ALWAYS: Enter enc_wolfSSL_Debugging_OFF
[SGXSan] ALWAYS: Enter enc_wolfSSL_Cleanup
[SGXSan] ALWAYS: Enter enc_wolfSSL_Init
[SGXSan] ALWAYS: Enter enc_wolfSSL_new
[SGXSan] ALWAYS: Enter enc_wolfSSL_CTX_load_verify_buffer
[SGXSan] ALWAYS: Enter enc_wolfSSL_CTX_set_cipher_list
[SGXSan] ALWAYS: Enter enc_wolfSSL_connect
[SGXSan] ALWAYS: Enter enc_wolfSSL_CTX_use_certificate_buffer
[SGXSan] ALWAYS: Enter enc_wolfSSL_CTX_use_certificate_chain_buffer_format
[SGXSan] ALWAYS: Enter wc_test
------------------------------------------------------------------------------
 wolfSSL version 5.1.0
------------------------------------------------------------------------------
error    test passed!
MEMORY   test passed!
base64   test passed!
asn      test passed!
RANDOM   test passed!
MD5      test passed!
MD4      test passed!
SHA      test passed!
SHA-256  test passed!
Hash     test passed!
HMAC-MD5 test passed!
HMAC-SHA test passed!
HMAC-SHA256 test passed!
GMAC     test passed!
HC-128   test passed!
Rabbit   test passed!
DES      test passed!
DES3     test passed!
AES      test passed!
AES192   test passed!
AES256   test passed!
AES-GCM  test passed!
RSA      test passed!
DH       test passed!
DSA      test passed!
PWDBASED test passed!
ECC      test passed!
ECC buffer test passed!
logging  test passed!
mutex    test passed!
memcb    test failed!
 error = -13803
[SGXSan] ALWAYS: Enter enc_wolfSSL_read
[SGXSan] ALWAYS: Enter enc_wolfSSL_CTX_new
[SGXSan] ALWAYS: Enter enc_wolfTLSv1_2_server_method
[SGXSan] ALWAYS: Enter enc_wolfSSL_get_error
[SGXSan] ALWAYS: Enter enc_wolfTLSv1_2_client_method
[SGXSan] ALWAYS: Enter enc_wolfSSL_Init
[SGXSan] ALWAYS: Enter enc_wolfSSL_Cleanup
[SGXSan] ALWAYS: Enter enc_wolfSSL_set_fd
[SGXSan] ALWAYS: Enter enc_wolfSSL_CTX_load_verify_buffer
[SGXSan] ALWAYS: Enter enc_wolfSSL_Debugging_ON
[SGXSan] ALWAYS: Enter wc_benchmark_test
------------------------------------------------------------------------------
 wolfSSL version 5.1.0
------------------------------------------------------------------------------
wolfCrypt Benchmark (block bytes 1048576, min 1.0 sec each)
RNG                 15 MB took 1.135 seconds,   13.215 MB/s
AES-128-CBC-enc     35 MB took 1.067 seconds,   32.790 MB/s
AES-128-CBC-dec     35 MB took 1.143 seconds,   30.633 MB/s
AES-192-CBC-enc     30 MB took 1.053 seconds,   28.503 MB/s
AES-192-CBC-dec     30 MB took 1.115 seconds,   26.895 MB/s
AES-256-CBC-enc     30 MB took 1.183 seconds,   25.362 MB/s
AES-256-CBC-dec     25 MB took 1.058 seconds,   23.639 MB/s
AES-128-GCM-enc     25 MB took 1.064 seconds,   23.500 MB/s
AES-128-GCM-dec     25 MB took 1.065 seconds,   23.476 MB/s
AES-192-GCM-enc     25 MB took 1.183 seconds,   21.126 MB/s
AES-192-GCM-dec     25 MB took 1.201 seconds,   20.819 MB/s
AES-256-GCM-enc     20 MB took 1.010 seconds,   19.805 MB/s
AES-256-GCM-dec     20 MB took 1.015 seconds,   19.709 MB/s
GMAC Table 4-bit    69 MB took 1.000 seconds,   68.977 MB/s
RABBIT              95 MB took 1.034 seconds,   91.868 MB/s
3DES                10 MB took 1.105 seconds,    9.048 MB/s
MD5                310 MB took 1.014 seconds,  305.848 MB/s
SHA                130 MB took 1.013 seconds,  128.283 MB/s
SHA-256             35 MB took 1.126 seconds,   31.079 MB/s
HMAC-MD5           310 MB took 1.011 seconds,  306.575 MB/s
HMAC-SHA           130 MB took 1.037 seconds,  125.368 MB/s
HMAC-SHA256         35 MB took 1.131 seconds,   30.957 MB/s
PBKDF2               4 KB took 1.000 seconds,    3.781 KB/s
RSA     2048 public       1400 ops took 1.016 sec, avg 0.726 ms, 1378.029 ops/sec
RSA     2048 private       100 ops took 3.759 sec, avg 37.590 ms, 26.603 ops/sec
DH      2048 key gen        65 ops took 1.008 sec, avg 15.503 ms, 64.504 ops/sec
DH      2048 agree         100 ops took 1.545 sec, avg 15.450 ms, 64.727 ops/sec
ECC   [      SECP256R1]   256 key gen      1400 ops took 1.000 sec, avg 0.714 ms, 1399.865 ops/sec
ECDHE [      SECP256R1]   256 agree        1000 ops took 1.083 sec, avg 1.083 ms, 923.655 ops/sec
ECDSA [      SECP256R1]   256 sign         1300 ops took 1.074 sec, avg 0.826 ms, 1210.280 ops/sec
ECDSA [      SECP256R1]   256 verify        900 ops took 1.022 sec, avg 1.136 ms, 880.212 ops/sec
Benchmark complete
[SGXSan] ALWAYS: Enter enc_wolfSSL_new
[SGXSan] ALWAYS: Enter enc_wolfSSL_free
[SGXSan] ALWAYS: Enter enc_wolfSSL_CTX_use_certificate_buffer
[SGXSan] ALWAYS: Enter enc_wolfSSL_connect
[SGXSan] ALWAYS: Enter enc_wolfTLSv1_2_server_method
[SGXSan] ALWAYS: Enter enc_wolfSSL_CTX_use_certificate_chain_buffer_format
[SGXSan] ALWAYS: Enter enc_wolfSSL_Debugging_OFF
[SGXSan] ALWAYS: Enter wc_test
------------------------------------------------------------------------------
 wolfSSL version 5.1.0
------------------------------------------------------------------------------
error    test passed!
MEMORY   test passed!
base64   test passed!
asn      test passed!
RANDOM   test passed!
MD5      test passed!
MD4      test passed!
SHA      test passed!
SHA-256  test passed!
Hash     test passed!
HMAC-MD5 test passed!
HMAC-SHA test passed!
HMAC-SHA256 test passed!
GMAC     test passed!
HC-128   test passed!
Rabbit   test passed!
DES      test passed!
DES3     test passed!
AES      test passed!
AES192   test passed!
AES256   test passed!
AES-GCM  test passed!
RSA      test passed!
DH       test passed!
DSA      test passed!
PWDBASED test passed!
ECC      test passed!
ECC buffer test passed!
logging  test passed!
mutex    test passed!
memcb    test failed!
 error = -13803
[SGXSan] ALWAYS: Enter enc_wolfSSL_write
[SGXSan] ALWAYS: Enter enc_wolfSSL_get_error
[SGXSan] ALWAYS: Enter enc_wolfTLSv1_2_client_method
[SGXSan] ALWAYS: Enter enc_wolfSSL_CTX_set_cipher_list
[SGXSan] ALWAYS: Enter enc_wolfSSL_CTX_free
[SGXSan] ALWAYS: Enter enc_wolfSSL_CTX_use_PrivateKey_buffer
[SGXSan] ALWAYS: Enter enc_wolfSSL_read
[SGXSan] ALWAYS: Enter enc_wolfSSL_CTX_new
#6	INITED cov: 6297 ft: 6297 corp: 2/742Kb exec/s: 0 rss: 76Mb
[SGXSan] ALWAYS: Enter enc_wolfSSL_CTX_use_certificate_chain_buffer_format
[SGXSan] ALWAYS: Enter enc_wolfSSL_free
[SGXSan] ALWAYS: Enter enc_wolfSSL_CTX_use_PrivateKey_buffer
[SGXSan] ALWAYS: Enter wc_benchmark_test
------------------------------------------------------------------------------
 wolfSSL version 5.1.0
------------------------------------------------------------------------------
wolfCrypt Benchmark (block bytes 1048576, min 1.0 sec each)
RNG                 15 MB took 1.141 seconds,   13.145 MB/s
AES-128-CBC-enc     35 MB took 1.053 seconds,   33.241 MB/s
AES-128-CBC-dec     35 MB took 1.159 seconds,   30.210 MB/s
AES-192-CBC-enc     30 MB took 1.059 seconds,   28.338 MB/s
AES-192-CBC-dec     30 MB took 1.177 seconds,   25.495 MB/s
AES-256-CBC-enc     25 MB took 1.064 seconds,   23.493 MB/s
AES-256-CBC-dec     20 MB took 1.010 seconds,   19.802 MB/s
AES-128-GCM-enc     25 MB took 1.068 seconds,   23.414 MB/s
AES-128-GCM-dec     25 MB took 1.051 seconds,   23.796 MB/s
AES-192-GCM-enc     25 MB took 1.163 seconds,   21.500 MB/s
AES-192-GCM-dec     25 MB took 1.180 seconds,   21.178 MB/s
AES-256-GCM-enc     20 MB took 1.050 seconds,   19.045 MB/s
AES-256-GCM-dec     20 MB took 1.046 seconds,   19.124 MB/s
GMAC Table 4-bit    66 MB took 1.001 seconds,   65.963 MB/s
RABBIT              95 MB took 1.054 seconds,   90.164 MB/s
3DES                10 MB took 1.090 seconds,    9.170 MB/s
MD5                285 MB took 1.006 seconds,  283.423 MB/s
SHA                125 MB took 1.011 seconds,  123.631 MB/s
SHA-256             30 MB took 1.001 seconds,   29.965 MB/s
HMAC-MD5           295 MB took 1.003 seconds,  294.031 MB/s
HMAC-SHA           130 MB took 1.027 seconds,  126.588 MB/s
HMAC-SHA256         35 MB took 1.140 seconds,   30.704 MB/s
PBKDF2               4 KB took 1.007 seconds,    3.754 KB/s
RSA     2048 public       1400 ops took 1.026 sec, avg 0.733 ms, 1364.201 ops/sec
RSA     2048 private       100 ops took 3.786 sec, avg 37.860 ms, 26.413 ops/sec
DH      2048 key gen        65 ops took 1.009 sec, avg 15.524 ms, 64.416 ops/sec
DH      2048 agree         100 ops took 1.587 sec, avg 15.868 ms, 63.020 ops/sec
ECC   [      SECP256R1]   256 key gen      1352 ops took 1.001 sec, avg 0.740 ms, 1351.303 ops/sec
ECDHE [      SECP256R1]   256 agree         900 ops took 1.002 sec, avg 1.113 ms, 898.176 ops/sec
ECDSA [      SECP256R1]   256 sign         1200 ops took 1.014 sec, avg 0.845 ms, 1183.898 ops/sec
ECDSA [      SECP256R1]   256 verify        900 ops took 1.054 sec, avg 1.171 ms, 854.183 ops/sec
Benchmark complete
[SGXSan] ALWAYS: Enter wc_test
------------------------------------------------------------------------------
 wolfSSL version 5.1.0
------------------------------------------------------------------------------
error    test passed!
MEMORY   test passed!
base64   test passed!
asn      test passed!
RANDOM   test passed!
MD5      test passed!
MD4      test passed!
SHA      test passed!
SHA-256  test passed!
Hash     test passed!
HMAC-MD5 test passed!
HMAC-SHA test passed!
HMAC-SHA256 test passed!
GMAC     test passed!
HC-128   test passed!
Rabbit   test passed!
DES      test passed!
DES3     test passed!
AES      test passed!
AES192   test passed!
AES256   test passed!
AES-GCM  test passed!
RSA      test passed!
DH       test passed!
DSA      test passed!
PWDBASED test passed!
ECC      test passed!
ECC buffer test passed!
logging  test passed!
mutex    test passed!
memcb    test failed!
 error = -13803
[SGXSan] ALWAYS: Enter enc_wolfSSL_CTX_load_verify_buffer
[SGXSan] ALWAYS: Enter enc_wolfSSL_get_error
[SGXSan] ALWAYS: Enter enc_wolfSSL_Init
[SGXSan] ALWAYS: Enter enc_wolfSSL_connect
[SGXSan] ALWAYS: Enter enc_wolfSSL_new
[SGXSan] ALWAYS: Enter enc_wolfSSL_Debugging_ON
[SGXSan] ALWAYS: Enter enc_wolfSSL_CTX_new
[SGXSan] ALWAYS: Enter enc_wolfSSL_Debugging_OFF
[SGXSan] ALWAYS: Enter enc_wolfSSL_CTX_use_certificate_buffer
[SGXSan] ALWAYS: Enter enc_wolfSSL_write
[SGXSan] ALWAYS: Enter enc_wolfSSL_read
[SGXSan] ALWAYS: Enter enc_wolfSSL_set_fd
[SGXSan] ALWAYS: Enter enc_wolfSSL_CTX_free
[SGXSan] ALWAYS: Enter enc_wolfTLSv1_2_server_method
[SGXSan] ALWAYS: Enter enc_wolfSSL_CTX_set_cipher_list
[SGXSan] ALWAYS: Enter enc_wolfTLSv1_2_client_method
[SGXSan] ALWAYS: Enter enc_wolfSSL_Cleanup
[SGXSan] ALWAYS: Enter enc_wolfSSL_CTX_use_certificate_chain_buffer_format
[SGXSan] ALWAYS: Enter enc_wolfSSL_free
[SGXSan] ALWAYS: Enter enc_wolfSSL_CTX_use_PrivateKey_buffer
[SGXSan] ALWAYS: Enter wc_benchmark_test
------------------------------------------------------------------------------
 wolfSSL version 5.1.0
------------------------------------------------------------------------------
wolfCrypt Benchmark (block bytes 1048576, min 1.0 sec each)
RNG                 15 MB took 1.132 seconds,   13.251 MB/s
AES-128-CBC-enc     35 MB took 1.072 seconds,   32.645 MB/s
AES-128-CBC-dec     30 MB took 1.007 seconds,   29.789 MB/s
AES-192-CBC-enc     30 MB took 1.076 seconds,   27.894 MB/s
AES-192-CBC-dec     30 MB took 1.146 seconds,   26.172 MB/s
AES-256-CBC-enc     30 MB took 1.171 seconds,   25.611 MB/s
AES-256-CBC-dec     25 MB took 1.052 seconds,   23.772 MB/s
AES-128-GCM-enc     25 MB took 1.061 seconds,   23.572 MB/s
AES-128-GCM-dec     25 MB took 1.066 seconds,   23.455 MB/s
AES-192-GCM-enc     25 MB took 1.193 seconds,   20.950 MB/s
AES-192-GCM-dec     25 MB took 1.174 seconds,   21.300 MB/s
AES-256-GCM-enc     20 MB took 1.012 seconds,   19.761 MB/s
AES-256-GCM-dec     20 MB took 1.015 seconds,   19.709 MB/s
GMAC Table 4-bit    69 MB took 1.015 seconds,   68.010 MB/s
RABBIT              95 MB took 1.044 seconds,   91.004 MB/s
3DES                10 MB took 1.090 seconds,    9.175 MB/s
MD5                300 MB took 1.000 seconds,  299.861 MB/s
SHA                130 MB took 1.023 seconds,  127.051 MB/s
SHA-256             35 MB took 1.136 seconds,   30.823 MB/s
HMAC-MD5           305 MB took 1.010 seconds,  302.119 MB/s
HMAC-SHA           130 MB took 1.009 seconds,  128.806 MB/s
HMAC-SHA256         35 MB took 1.132 seconds,   30.914 MB/s
PBKDF2               4 KB took 1.000 seconds,    3.812 KB/s
RSA     2048 public       1400 ops took 1.020 sec, avg 0.728 ms, 1372.856 ops/sec
RSA     2048 private       100 ops took 3.779 sec, avg 37.788 ms, 26.464 ops/sec
DH      2048 key gen        64 ops took 1.005 sec, avg 15.711 ms, 63.650 ops/sec
DH      2048 agree         100 ops took 1.564 sec, avg 15.643 ms, 63.928 ops/sec
ECC   [      SECP256R1]   256 key gen      1421 ops took 1.001 sec, avg 0.704 ms, 1420.076 ops/sec
ECDHE [      SECP256R1]   256 agree        1000 ops took 1.075 sec, avg 1.075 ms, 929.889 ops/sec
ECDSA [      SECP256R1]   256 sign         1300 ops took 1.068 sec, avg 0.821 ms, 1217.545 ops/sec
ECDSA [      SECP256R1]   256 verify        900 ops took 1.022 sec, avg 1.135 ms, 880.818 ops/sec
Benchmark complete
[SGXSan] ALWAYS: Enter wc_test
------------------------------------------------------------------------------
 wolfSSL version 5.1.0
------------------------------------------------------------------------------
error    test passed!
MEMORY   test passed!
base64   test passed!
asn      test passed!
RANDOM   test passed!
MD5      test passed!
MD4      test passed!
SHA      test passed!
SHA-256  test passed!
Hash     test passed!
HMAC-MD5 test passed!
HMAC-SHA test passed!
HMAC-SHA256 test passed!
GMAC     test passed!
HC-128   test passed!
Rabbit   test passed!
DES      test passed!
DES3     test passed!
AES      test passed!
AES192   test passed!
AES256   test passed!
AES-GCM  test passed!
RSA      test passed!
DH       test passed!
DSA      test passed!
PWDBASED test passed!
ECC      test passed!
ECC buffer test passed!
logging  test passed!
mutex    test passed!
memcb    test failed!
 error = -13803
[SGXSan] ALWAYS: Enter enc_wolfSSL_CTX_load_verify_buffer
[SGXSan] ALWAYS: Enter enc_wolfSSL_get_error
[SGXSan] ALWAYS: Enter enc_wolfSSL_Init
[SGXSan] ALWAYS: Enter enc_wolfSSL_connect
[SGXSan] ALWAYS: Enter enc_wolfSSL_new
[SGXSan] ALWAYS: Enter enc_wolfSSL_Debugging_ON
[SGXSan] ALWAYS: Enter enc_wolfSSL_CTX_new
[SGXSan] ALWAYS: Enter enc_wolfSSL_Debugging_OFF
[SGXSan] ALWAYS: Enter enc_wolfSSL_CTX_use_certificate_buffer
[SGXSan] ALWAYS: Enter enc_wolfSSL_write
[SGXSan] ALWAYS: Enter enc_wolfSSL_read
[SGXSan] ALWAYS: Enter enc_wolfSSL_set_fd
[SGXSan] ALWAYS: Enter enc_wolfSSL_CTX_free
[SGXSan] ALWAYS: Enter enc_wolfTLSv1_2_server_method
[SGXSan] ALWAYS: Enter enc_wolfSSL_CTX_set_cipher_list
[SGXSan] ALWAYS: Enter enc_wolfTLSv1_2_client_method
[SGXSan] ALWAYS: Enter enc_wolfSSL_Cleanup
#8	pulse  cov: 6297 ft: 6302 corp: 2/742Kb lim: 1000000 exec/s: 0 rss: 86Mb
#8	NEW    cov: 6297 ft: 6302 corp: 3/1123Kb lim: 1000000 exec/s: 0 rss: 88Mb L: 390122/390122 MS: 4 InsertByte-Custom-ChangeBit-Custom-
#8	DONE   cov: 6297 ft: 6302 corp: 3/1123Kb lim: 1000000 exec/s: 0 rss: 88Mb
Done 8 runs in 338 second(s)
stat::number_of_executed_units: 8
stat::average_exec_per_sec:     0
stat::new_units_added:          1
stat::slowest_unit_time_sec:    42
stat::peak_rss_mb:              88
