WARNING: Failed to find function "__sanitizer_acquire_crash_state".
WARNING: Failed to find function "__sanitizer_print_stack_trace".
WARNING: Failed to find function "__sanitizer_set_death_callback".
[CEnclavePool /home/leone/Documents/linux-sgx/psw/urts/enclave.cpp:638] enter CEnclavePool constructor
[2023-01-15 22:22:05.327] [Init] Num of ECall: 22
[2023-01-15 22:22:05.327] ECalls:
  0 - fuzz_enc_wolfSSL_CTX_free
  1 - fuzz_enc_wolfSSL_CTX_load_verify_buffer
  2 - fuzz_enc_wolfSSL_CTX_new
  3 - fuzz_enc_wolfSSL_CTX_set_cipher_list
  4 - fuzz_enc_wolfSSL_CTX_use_PrivateKey_buffer
  5 - fuzz_enc_wolfSSL_CTX_use_certificate_buffer
  6 - fuzz_enc_wolfSSL_CTX_use_certificate_chain_buffer_format
  7 - fuzz_enc_wolfSSL_Cleanup
  8 - fuzz_enc_wolfSSL_Debugging_OFF
  9 - fuzz_enc_wolfSSL_Debugging_ON
  10 - fuzz_enc_wolfSSL_Init
  11 - fuzz_enc_wolfSSL_connect
  12 - fuzz_enc_wolfSSL_free
  13 - fuzz_enc_wolfSSL_get_error
  14 - fuzz_enc_wolfSSL_new
  15 - fuzz_enc_wolfSSL_read
  16 - fuzz_enc_wolfSSL_set_fd
  17 - fuzz_enc_wolfSSL_write
  18 - fuzz_enc_wolfTLSv1_2_client_method
  19 - fuzz_enc_wolfTLSv1_2_server_method
  20 - fuzz_wc_benchmark_test
  21 - fuzz_wc_test

INFO: found LLVMFuzzerCustomMutator (0x44ac30). Disabling -len_control by default.
INFO: libFuzzer ignores flags that start with '--'
INFO: Running with entropic power schedule (0xFF, 100).
INFO: Seed: 66234559
INFO: Loaded 1 modules   (291 inline 8-bit counters): 291 [0x4cb7e8, 0x4cb90b), 
INFO: Loaded 1 PC tables (291 PCs): 291 [0x4cb910,0x4ccb40), 
INFO:        0 files found in /tmp/libFuzzerTemp.FuzzWithFork422940.dir/C289
[SGXSan] ALWAYS: Hook __sanitizer_cov_8bit_counters_init of Enclave, 21636 inline 8-bit counts [0x7f0d532ca9c0, 0x7f0d532cfe44) (First time)
[SGXSan] ALWAYS: Hook __sanitizer_cov_pcs_init of Enclave, 21636 PCs [0x7f0d532cfe48, 0x7f0d53324688) (First time)
[SGXSan] ALWAYS: Enter enc_wolfSSL_CTX_free
[SGXSan] ALWAYS: Enter enc_wolfSSL_CTX_load_verify_buffer
[SGXSan] ALWAYS: Enter enc_wolfSSL_CTX_new
[SGXSan] ALWAYS: Enter enc_wolfSSL_CTX_set_cipher_list
[SGXSan] ALWAYS: Enter enc_wolfSSL_CTX_use_PrivateKey_buffer
[SGXSan] ALWAYS: Enter enc_wolfSSL_CTX_use_certificate_buffer
[SGXSan] ALWAYS: Enter enc_wolfSSL_CTX_use_certificate_chain_buffer_format
[SGXSan] ALWAYS: Enter enc_wolfSSL_Cleanup
[SGXSan] ALWAYS: Enter enc_wolfSSL_Debugging_OFF
[SGXSan] ALWAYS: Enter enc_wolfSSL_Debugging_ON
[SGXSan] ALWAYS: Enter enc_wolfSSL_Init
[SGXSan] ALWAYS: Enter enc_wolfSSL_connect
[SGXSan] ALWAYS: Enter enc_wolfSSL_free
[SGXSan] ALWAYS: Enter enc_wolfSSL_get_error
[SGXSan] ALWAYS: Enter enc_wolfSSL_new
[SGXSan] ALWAYS: Enter enc_wolfSSL_read
[SGXSan] ALWAYS: Enter enc_wolfSSL_set_fd
[SGXSan] ALWAYS: Enter enc_wolfSSL_write
[SGXSan] ALWAYS: Enter enc_wolfTLSv1_2_client_method
[SGXSan] ALWAYS: Enter enc_wolfTLSv1_2_server_method
[SGXSan] ALWAYS: Enter wc_benchmark_test
------------------------------------------------------------------------------
 wolfSSL version 5.1.0
------------------------------------------------------------------------------
wolfCrypt Benchmark (block bytes 1048576, min 1.0 sec each)
RNG                 15 MB took 1.143 seconds,   13.128 MB/s
AES-128-CBC-enc     35 MB took 1.114 seconds,   31.429 MB/s
AES-128-CBC-dec     35 MB took 1.162 seconds,   30.132 MB/s
AES-192-CBC-enc     30 MB took 1.085 seconds,   27.658 MB/s
AES-192-CBC-dec     30 MB took 1.164 seconds,   25.769 MB/s
AES-256-CBC-enc     30 MB took 1.186 seconds,   25.286 MB/s
AES-256-CBC-dec     25 MB took 1.043 seconds,   23.974 MB/s
AES-128-GCM-enc     25 MB took 1.049 seconds,   23.842 MB/s
AES-128-GCM-dec     25 MB took 1.053 seconds,   23.748 MB/s
AES-192-GCM-enc     25 MB took 1.181 seconds,   21.170 MB/s
AES-192-GCM-dec     25 MB took 1.181 seconds,   21.161 MB/s
AES-256-GCM-enc     20 MB took 1.017 seconds,   19.671 MB/s
AES-256-GCM-dec     20 MB took 1.013 seconds,   19.745 MB/s
GMAC Table 4-bit    68 MB took 1.005 seconds,   67.664 MB/s
RABBIT              90 MB took 1.004 seconds,   89.686 MB/s
3DES                10 MB took 1.088 seconds,    9.195 MB/s
MD5                305 MB took 1.000 seconds,  304.871 MB/s
SHA                130 MB took 1.003 seconds,  129.614 MB/s
SHA-256             35 MB took 1.135 seconds,   30.831 MB/s
HMAC-MD5           305 MB took 1.013 seconds,  301.221 MB/s
HMAC-SHA           130 MB took 1.023 seconds,  127.070 MB/s
HMAC-SHA256         35 MB took 1.148 seconds,   30.484 MB/s
PBKDF2               4 KB took 1.000 seconds,    3.781 KB/s
RSA     2048 public       1400 ops took 1.018 sec, avg 0.727 ms, 1375.870 ops/sec
RSA     2048 private       100 ops took 3.716 sec, avg 37.158 ms, 26.912 ops/sec
DH      2048 key gen        64 ops took 1.004 sec, avg 15.685 ms, 63.754 ops/sec
DH      2048 agree         100 ops took 1.592 sec, avg 15.917 ms, 62.824 ops/sec
ECC   [      SECP256R1]   256 key gen      1361 ops took 1.000 sec, avg 0.735 ms, 1360.358 ops/sec
ECDHE [      SECP256R1]   256 agree         900 ops took 1.032 sec, avg 1.146 ms, 872.483 ops/sec
ECDSA [      SECP256R1]   256 sign         1200 ops took 1.041 sec, avg 0.868 ms, 1152.496 ops/sec
ECDSA [      SECP256R1]   256 verify        900 ops took 1.042 sec, avg 1.158 ms, 863.369 ops/sec
Benchmark complete
[SGXSan] ALWAYS: Enter wc_test
INFO: seed corpus: files: 5 min: 370191b max: 390122b total: 1930679b rss: 44Mb
------------------------------------------------------------------------------
 wolfSSL version 5.1.0
------------------------------------------------------------------------------
error    test passed!
MEMORY   test passed!
base64   test passed!
asn      test passed!
RANDOM   test passed!
MD5      test passed!
MD4      test passed!
SHA      test passed!
SHA-256  test passed!
Hash     test passed!
HMAC-MD5 test passed!
HMAC-SHA test passed!
HMAC-SHA256 test passed!
GMAC     test passed!
HC-128   test passed!
Rabbit   test passed!
DES      test passed!
DES3     test passed!
AES      test passed!
AES192   test passed!
AES256   test passed!
AES-GCM  test passed!
RSA      test passed!
DH       test passed!
DSA      test passed!
PWDBASED test passed!
ECC      test passed!
ECC buffer test passed!
logging  test passed!
mutex    test passed!
memcb    test passed!
Test complete
[SGXSan] ALWAYS: Enter enc_wolfSSL_set_fd
[SGXSan] ALWAYS: Enter enc_wolfTLSv1_2_client_method
[SGXSan] ALWAYS: Enter enc_wolfSSL_CTX_new
[SGXSan] ALWAYS: Enter enc_wolfSSL_read
[SGXSan] ALWAYS: Enter enc_wolfSSL_CTX_set_cipher_list
[SGXSan] ALWAYS: Enter enc_wolfSSL_CTX_free
[SGXSan] ALWAYS: Enter enc_wolfSSL_new
[SGXSan] ALWAYS: Enter enc_wolfSSL_CTX_use_PrivateKey_buffer
[SGXSan] ALWAYS: Enter enc_wolfTLSv1_2_server_method
[SGXSan] ALWAYS: Enter enc_wolfSSL_CTX_load_verify_buffer
[SGXSan] ALWAYS: Enter enc_wolfSSL_connect
[SGXSan] ALWAYS: Enter enc_wolfSSL_Debugging_OFF
[SGXSan] ALWAYS: Enter enc_wolfSSL_CTX_use_certificate_buffer
[SGXSan] ALWAYS: Enter enc_wolfSSL_free
[SGXSan] ALWAYS: Enter enc_wolfSSL_Init
[SGXSan] ALWAYS: Enter enc_wolfSSL_CTX_use_certificate_chain_buffer_format
[SGXSan] ALWAYS: Enter wc_benchmark_test
------------------------------------------------------------------------------
 wolfSSL version 5.1.0
------------------------------------------------------------------------------
wolfCrypt Benchmark (block bytes 1048576, min 1.0 sec each)
RNG                 15 MB took 1.132 seconds,   13.247 MB/s
AES-128-CBC-enc     35 MB took 1.057 seconds,   33.126 MB/s
AES-128-CBC-dec     35 MB took 1.162 seconds,   30.124 MB/s
AES-192-CBC-enc     30 MB took 1.062 seconds,   28.247 MB/s
AES-192-CBC-dec     30 MB took 1.133 seconds,   26.472 MB/s
AES-256-CBC-enc     30 MB took 1.179 seconds,   25.439 MB/s
AES-256-CBC-dec     25 MB took 1.042 seconds,   23.986 MB/s
AES-128-GCM-enc     25 MB took 1.057 seconds,   23.661 MB/s
AES-128-GCM-dec     25 MB took 1.053 seconds,   23.749 MB/s
AES-192-GCM-enc     25 MB took 1.176 seconds,   21.264 MB/s
AES-192-GCM-dec     25 MB took 1.174 seconds,   21.292 MB/s
AES-256-GCM-enc     20 MB took 1.016 seconds,   19.684 MB/s
AES-256-GCM-dec     20 MB took 1.029 seconds,   19.433 MB/s
GMAC Table 4-bit    69 MB took 1.014 seconds,   68.027 MB/s
RABBIT              95 MB took 1.048 seconds,   90.614 MB/s
3DES                10 MB took 1.107 seconds,    9.033 MB/s
MD5                300 MB took 1.011 seconds,  296.678 MB/s
SHA                125 MB took 1.010 seconds,  123.808 MB/s
SHA-256             35 MB took 1.163 seconds,   30.101 MB/s
HMAC-MD5           305 MB took 1.015 seconds,  300.473 MB/s
HMAC-SHA           130 MB took 1.019 seconds,  127.606 MB/s
HMAC-SHA256         35 MB took 1.144 seconds,   30.595 MB/s
PBKDF2               4 KB took 1.008 seconds,    3.751 KB/s
RSA     2048 public       1400 ops took 1.016 sec, avg 0.725 ms, 1378.394 ops/sec
RSA     2048 private       100 ops took 3.796 sec, avg 37.960 ms, 26.343 ops/sec
DH      2048 key gen        63 ops took 1.016 sec, avg 16.120 ms, 62.035 ops/sec
DH      2048 agree         100 ops took 1.570 sec, avg 15.695 ms, 63.714 ops/sec
ECC   [      SECP256R1]   256 key gen      1401 ops took 1.000 sec, avg 0.714 ms, 1400.734 ops/sec
ECDHE [      SECP256R1]   256 agree        1000 ops took 1.096 sec, avg 1.096 ms, 912.609 ops/sec
ECDSA [      SECP256R1]   256 sign         1200 ops took 1.017 sec, avg 0.847 ms, 1180.508 ops/sec
ECDSA [      SECP256R1]   256 verify        900 ops took 1.037 sec, avg 1.153 ms, 867.543 ops/sec
Benchmark complete
[SGXSan] ALWAYS: Enter enc_wolfSSL_Debugging_ON
[SGXSan] ALWAYS: Enter wc_test
------------------------------------------------------------------------------
 wolfSSL version 5.1.0
------------------------------------------------------------------------------
error    test passed!
MEMORY   test passed!
base64   test passed!
asn      test passed!
RANDOM   test passed!
MD5      test passed!
MD4      test passed!
SHA      test passed!
SHA-256  test passed!
Hash     test passed!
HMAC-MD5 test passed!
HMAC-SHA test passed!
HMAC-SHA256 test passed!
GMAC     test passed!
HC-128   test passed!
Rabbit   test passed!
DES      test passed!
DES3     test passed!
AES      test passed!
AES192   test passed!
AES256   test passed!
AES-GCM  test passed!
RSA      test passed!
DH       test passed!
DSA      test passed!
PWDBASED test passed!
ECC      test passed!
ECC buffer test passed!
logging  test passed!
mutex    test passed!
memcb    test failed!
 error = -13803
[SGXSan] ALWAYS: Enter enc_wolfSSL_Cleanup
[SGXSan] ALWAYS: Enter enc_wolfSSL_write
[SGXSan] ALWAYS: Enter enc_wolfSSL_get_error
#2	pulse  ft: 6291 exec/s: 0 rss: 50Mb
Slowest unit: 42 s:
artifact_prefix='./crashes/'; Test unit written to ./crashes/slow-unit-eac2caf48f68a7de1dbebb64ea9fb2e3320b7df3
[SGXSan] ALWAYS: Enter enc_wolfSSL_Init
[SGXSan] ALWAYS: Enter enc_wolfSSL_Cleanup
[SGXSan] ALWAYS: Enter enc_wolfSSL_set_fd
[SGXSan] ALWAYS: Enter enc_wolfSSL_CTX_load_verify_buffer
[SGXSan] ALWAYS: Enter enc_wolfSSL_Debugging_ON
[SGXSan] ALWAYS: Enter wc_benchmark_test
------------------------------------------------------------------------------
 wolfSSL version 5.1.0
------------------------------------------------------------------------------
wolfCrypt Benchmark (block bytes 1048576, min 1.0 sec each)
RNG                 15 MB took 1.134 seconds,   13.225 MB/s
AES-128-CBC-enc     35 MB took 1.065 seconds,   32.872 MB/s
AES-128-CBC-dec     30 MB took 1.006 seconds,   29.834 MB/s
AES-192-CBC-enc     30 MB took 1.063 seconds,   28.211 MB/s
AES-192-CBC-dec     30 MB took 1.140 seconds,   26.320 MB/s
AES-256-CBC-enc     30 MB took 1.164 seconds,   25.768 MB/s
AES-256-CBC-dec     25 MB took 1.026 seconds,   24.376 MB/s
AES-128-GCM-enc     25 MB took 1.049 seconds,   23.826 MB/s
AES-128-GCM-dec     25 MB took 1.036 seconds,   24.141 MB/s
AES-192-GCM-enc     25 MB took 1.167 seconds,   21.414 MB/s
AES-192-GCM-dec     25 MB took 1.162 seconds,   21.507 MB/s
AES-256-GCM-enc     20 MB took 1.014 seconds,   19.724 MB/s
AES-256-GCM-dec     20 MB took 1.029 seconds,   19.445 MB/s
GMAC Table 4-bit    68 MB took 1.001 seconds,   67.949 MB/s
RABBIT              95 MB took 1.045 seconds,   90.936 MB/s
3DES                10 MB took 1.083 seconds,    9.234 MB/s
MD5                305 MB took 1.013 seconds,  300.971 MB/s
SHA                130 MB took 1.013 seconds,  128.271 MB/s
SHA-256             35 MB took 1.138 seconds,   30.758 MB/s
HMAC-MD5           305 MB took 1.007 seconds,  302.915 MB/s
HMAC-SHA           130 MB took 1.014 seconds,  128.164 MB/s
HMAC-SHA256         35 MB took 1.148 seconds,   30.493 MB/s
PBKDF2               4 KB took 1.004 seconds,    3.767 KB/s
RSA     2048 public       1400 ops took 1.023 sec, avg 0.731 ms, 1368.668 ops/sec
RSA     2048 private       100 ops took 3.665 sec, avg 36.648 ms, 27.286 ops/sec
DH      2048 key gen        65 ops took 1.005 sec, avg 15.456 ms, 64.701 ops/sec
DH      2048 agree         100 ops took 1.549 sec, avg 15.490 ms, 64.557 ops/sec
ECC   [      SECP256R1]   256 key gen      1417 ops took 1.001 sec, avg 0.706 ms, 1416.107 ops/sec
ECDHE [      SECP256R1]   256 agree        1000 ops took 1.082 sec, avg 1.082 ms, 924.445 ops/sec
ECDSA [      SECP256R1]   256 sign         1300 ops took 1.076 sec, avg 0.828 ms, 1208.296 ops/sec
ECDSA [      SECP256R1]   256 verify        900 ops took 1.033 sec, avg 1.148 ms, 870.865 ops/sec
Benchmark complete
[SGXSan] ALWAYS: Enter enc_wolfSSL_new
[SGXSan] ALWAYS: Enter enc_wolfSSL_free
[SGXSan] ALWAYS: Enter enc_wolfSSL_CTX_use_certificate_buffer
[SGXSan] ALWAYS: Enter enc_wolfSSL_connect
[SGXSan] ALWAYS: Enter enc_wolfTLSv1_2_server_method
[SGXSan] ALWAYS: Enter enc_wolfSSL_CTX_use_certificate_chain_buffer_format
[SGXSan] ALWAYS: Enter enc_wolfSSL_Debugging_OFF
[SGXSan] ALWAYS: Enter wc_test
------------------------------------------------------------------------------
 wolfSSL version 5.1.0
------------------------------------------------------------------------------
error    test passed!
MEMORY   test passed!
base64   test passed!
asn      test passed!
RANDOM   test passed!
MD5      test passed!
MD4      test passed!
SHA      test passed!
SHA-256  test passed!
Hash     test passed!
HMAC-MD5 test passed!
HMAC-SHA test passed!
HMAC-SHA256 test passed!
GMAC     test passed!
HC-128   test passed!
Rabbit   test passed!
DES      test passed!
DES3     test passed!
AES      test passed!
AES192   test passed!
AES256   test passed!
AES-GCM  test passed!
RSA      test passed!
DH       test passed!
DSA      test passed!
PWDBASED test passed!
ECC      test passed!
ECC buffer test passed!
logging  test passed!
mutex    test passed!
memcb    test failed!
 error = -13803
[SGXSan] ALWAYS: Enter enc_wolfSSL_write
[SGXSan] ALWAYS: Enter enc_wolfSSL_get_error
[SGXSan] ALWAYS: Enter enc_wolfTLSv1_2_client_method
[SGXSan] ALWAYS: Enter enc_wolfSSL_CTX_set_cipher_list
[SGXSan] ALWAYS: Enter enc_wolfSSL_CTX_free
[SGXSan] ALWAYS: Enter enc_wolfSSL_CTX_use_PrivateKey_buffer
[SGXSan] ALWAYS: Enter enc_wolfSSL_read
[SGXSan] ALWAYS: Enter enc_wolfSSL_CTX_new
[SGXSan] ALWAYS: Enter wc_benchmark_test
------------------------------------------------------------------------------
 wolfSSL version 5.1.0
------------------------------------------------------------------------------
wolfCrypt Benchmark (block bytes 1048576, min 1.0 sec each)
RNG                 15 MB took 1.136 seconds,   13.207 MB/s
AES-128-CBC-enc     35 MB took 1.077 seconds,   32.507 MB/s
AES-128-CBC-dec     35 MB took 1.162 seconds,   30.129 MB/s
AES-192-CBC-enc     30 MB took 1.071 seconds,   27.999 MB/s
AES-192-CBC-dec     30 MB took 1.152 seconds,   26.039 MB/s
AES-256-CBC-enc     30 MB took 1.168 seconds,   25.680 MB/s
AES-256-CBC-dec     25 MB took 1.040 seconds,   24.029 MB/s
AES-128-GCM-enc     25 MB took 1.046 seconds,   23.893 MB/s
AES-128-GCM-dec     25 MB took 1.050 seconds,   23.809 MB/s
AES-192-GCM-enc     25 MB took 1.192 seconds,   20.974 MB/s
AES-192-GCM-dec     25 MB took 1.171 seconds,   21.350 MB/s
AES-256-GCM-enc     20 MB took 1.017 seconds,   19.665 MB/s
AES-256-GCM-dec     20 MB took 1.015 seconds,   19.703 MB/s
GMAC Table 4-bit    68 MB took 1.006 seconds,   67.575 MB/s
RABBIT              95 MB took 1.041 seconds,   91.217 MB/s
3DES                10 MB took 1.085 seconds,    9.217 MB/s
MD5                310 MB took 1.012 seconds,  306.198 MB/s
SHA                130 MB took 1.002 seconds,  129.703 MB/s
SHA-256             35 MB took 1.162 seconds,   30.126 MB/s
HMAC-MD5           300 MB took 1.005 seconds,  298.434 MB/s
HMAC-SHA           125 MB took 1.003 seconds,  124.614 MB/s
HMAC-SHA256         35 MB took 1.158 seconds,   30.236 MB/s
PBKDF2               4 KB took 1.003 seconds,    3.800 KB/s
RSA     2048 public       1400 ops took 1.031 sec, avg 0.737 ms, 1357.582 ops/sec
RSA     2048 private       100 ops took 3.652 sec, avg 36.525 ms, 27.379 ops/sec
DH      2048 key gen        65 ops took 1.012 sec, avg 15.577 ms, 64.199 ops/sec
DH      2048 agree         100 ops took 1.541 sec, avg 15.412 ms, 64.884 ops/sec
ECC   [      SECP256R1]   256 key gen      1416 ops took 1.000 sec, avg 0.706 ms, 1415.854 ops/sec
ECDHE [      SECP256R1]   256 agree        1000 ops took 1.075 sec, avg 1.075 ms, 930.021 ops/sec
ECDSA [      SECP256R1]   256 sign         1300 ops took 1.067 sec, avg 0.821 ms, 1218.626 ops/sec
ECDSA [      SECP256R1]   256 verify        900 ops took 1.035 sec, avg 1.150 ms, 869.833 ops/sec
Benchmark complete
[SGXSan] ALWAYS: Enter enc_wolfSSL_get_error
[SGXSan] ALWAYS: Enter enc_wolfSSL_free
[SGXSan] ALWAYS: Enter enc_wolfSSL_Debugging_OFF
[SGXSan] ALWAYS: Enter enc_wolfSSL_connect
[SGXSan] ALWAYS: Enter wc_test
------------------------------------------------------------------------------
 wolfSSL version 5.1.0
------------------------------------------------------------------------------
error    test passed!
MEMORY   test passed!
base64   test passed!
asn      test passed!
RANDOM   test passed!
MD5      test passed!
MD4      test passed!
SHA      test passed!
SHA-256  test passed!
Hash     test passed!
HMAC-MD5 test passed!
HMAC-SHA test passed!
HMAC-SHA256 test passed!
GMAC     test passed!
HC-128   test passed!
Rabbit   test passed!
DES      test passed!
DES3     test passed!
AES      test passed!
AES192   test passed!
AES256   test passed!
AES-GCM  test passed!
RSA      test passed!
DH       test passed!
DSA      test passed!
PWDBASED test passed!
ECC      test passed!
ECC buffer test passed!
logging  test passed!
mutex    test passed!
memcb    test failed!
 error = -13803
[SGXSan] ALWAYS: Enter enc_wolfSSL_CTX_use_certificate_chain_buffer_format
[SGXSan] ALWAYS: Enter enc_wolfSSL_set_fd
[SGXSan] ALWAYS: Enter enc_wolfSSL_read
[SGXSan] ALWAYS: Enter enc_wolfSSL_Cleanup
[SGXSan] ALWAYS: Enter enc_wolfSSL_CTX_set_cipher_list
[SGXSan] ALWAYS: Enter enc_wolfSSL_Debugging_ON
[SGXSan] ALWAYS: Enter enc_wolfSSL_write
[SGXSan] ALWAYS: Enter enc_wolfSSL_CTX_new
[SGXSan] ALWAYS: Enter enc_wolfSSL_Init
[SGXSan] ALWAYS: Enter enc_wolfTLSv1_2_server_method
[SGXSan] ALWAYS: Enter enc_wolfSSL_CTX_use_certificate_buffer
[SGXSan] ALWAYS: Enter enc_wolfSSL_new
[SGXSan] ALWAYS: Enter enc_wolfSSL_CTX_free
[SGXSan] ALWAYS: Enter enc_wolfSSL_CTX_use_PrivateKey_buffer
[SGXSan] ALWAYS: Enter enc_wolfSSL_CTX_load_verify_buffer
[SGXSan] ALWAYS: Enter enc_wolfTLSv1_2_client_method
#4	pulse  cov: 6291 ft: 6297 corp: 2/742Kb exec/s: 0 rss: 65Mb
[SGXSan] ALWAYS: Enter enc_wolfSSL_get_error
[SGXSan] ALWAYS: Enter enc_wolfSSL_free
[SGXSan] ALWAYS: Enter enc_wolfSSL_CTX_free
[SGXSan] ALWAYS: Enter enc_wolfSSL_connect
[SGXSan] ALWAYS: Enter enc_wolfSSL_CTX_new
[SGXSan] ALWAYS: Enter enc_wolfTLSv1_2_client_method
[SGXSan] ALWAYS: Enter wc_benchmark_test
------------------------------------------------------------------------------
 wolfSSL version 5.1.0
------------------------------------------------------------------------------
wolfCrypt Benchmark (block bytes 1048576, min 1.0 sec each)
RNG                 15 MB took 1.135 seconds,   13.217 MB/s
AES-128-CBC-enc     35 MB took 1.046 seconds,   33.460 MB/s
AES-128-CBC-dec     35 MB took 1.135 seconds,   30.830 MB/s
AES-192-CBC-enc     30 MB took 1.066 seconds,   28.143 MB/s
AES-192-CBC-dec     30 MB took 1.125 seconds,   26.665 MB/s
AES-256-CBC-enc     30 MB took 1.163 seconds,   25.791 MB/s
AES-256-CBC-dec     25 MB took 1.029 seconds,   24.289 MB/s
AES-128-GCM-enc     25 MB took 1.047 seconds,   23.883 MB/s
AES-128-GCM-dec     25 MB took 1.040 seconds,   24.031 MB/s
AES-192-GCM-enc     25 MB took 1.178 seconds,   21.229 MB/s
AES-192-GCM-dec     25 MB took 1.161 seconds,   21.533 MB/s
AES-256-GCM-enc     20 MB took 1.012 seconds,   19.765 MB/s
AES-256-GCM-dec     20 MB took 1.030 seconds,   19.408 MB/s
GMAC Table 4-bit    69 MB took 1.005 seconds,   68.673 MB/s
RABBIT              95 MB took 1.053 seconds,   90.208 MB/s
3DES                10 MB took 1.087 seconds,    9.199 MB/s
MD5                305 MB took 1.012 seconds,  301.353 MB/s
SHA                105 MB took 1.005 seconds,  104.426 MB/s
SHA-256             20 MB took 1.028 seconds,   19.462 MB/s
HMAC-MD5           295 MB took 1.009 seconds,  292.297 MB/s
HMAC-SHA           130 MB took 1.035 seconds,  125.648 MB/s
HMAC-SHA256         35 MB took 1.127 seconds,   31.046 MB/s
PBKDF2               4 KB took 1.007 seconds,    3.788 KB/s
RSA     2048 public       1400 ops took 1.028 sec, avg 0.735 ms, 1361.322 ops/sec
RSA     2048 private       100 ops took 3.807 sec, avg 38.069 ms, 26.268 ops/sec
DH      2048 key gen        65 ops took 1.007 sec, avg 15.493 ms, 64.544 ops/sec
DH      2048 agree         100 ops took 1.602 sec, avg 16.019 ms, 62.427 ops/sec
ECC   [      SECP256R1]   256 key gen      1303 ops took 1.000 sec, avg 0.768 ms, 1302.625 ops/sec
ECDHE [      SECP256R1]   256 agree         900 ops took 1.098 sec, avg 1.220 ms, 819.968 ops/sec
ECDSA [      SECP256R1]   256 sign         1200 ops took 1.037 sec, avg 0.864 ms, 1157.326 ops/sec
ECDSA [      SECP256R1]   256 verify        900 ops took 1.043 sec, avg 1.159 ms, 862.876 ops/sec
Benchmark complete
[SGXSan] ALWAYS: Enter enc_wolfSSL_Init
[SGXSan] ALWAYS: Enter enc_wolfSSL_write
[SGXSan] ALWAYS: Enter enc_wolfTLSv1_2_server_method
[SGXSan] ALWAYS: Enter enc_wolfSSL_CTX_load_verify_buffer
[SGXSan] ALWAYS: Enter enc_wolfSSL_CTX_set_cipher_list
[SGXSan] ALWAYS: Enter enc_wolfSSL_CTX_use_PrivateKey_buffer
[SGXSan] ALWAYS: Enter enc_wolfSSL_read
[SGXSan] ALWAYS: Enter enc_wolfSSL_Cleanup
[SGXSan] ALWAYS: Enter enc_wolfSSL_CTX_use_certificate_chain_buffer_format
[SGXSan] ALWAYS: Enter wc_test
------------------------------------------------------------------------------
 wolfSSL version 5.1.0
------------------------------------------------------------------------------
error    test passed!
MEMORY   test passed!
base64   test passed!
asn      test passed!
RANDOM   test passed!
MD5      test passed!
MD4      test passed!
SHA      test passed!
SHA-256  test passed!
Hash     test passed!
HMAC-MD5 test passed!
HMAC-SHA test passed!
HMAC-SHA256 test passed!
GMAC     test passed!
HC-128   test passed!
Rabbit   test passed!
DES      test passed!
DES3     test passed!
AES      test passed!
AES192   test passed!
AES256   test passed!
AES-GCM  test passed!
RSA      test passed!
DH       test passed!
DSA      test passed!
PWDBASED test passed!
ECC      test passed!
ECC buffer test passed!
logging  test passed!
mutex    test passed!
memcb    test failed!
 error = -13803
[SGXSan] ALWAYS: Enter enc_wolfSSL_CTX_use_certificate_buffer
[SGXSan] ALWAYS: Enter enc_wolfSSL_Debugging_ON
[SGXSan] ALWAYS: Enter enc_wolfSSL_set_fd
[SGXSan] ALWAYS: Enter enc_wolfSSL_new
[SGXSan] ALWAYS: Enter enc_wolfSSL_Debugging_OFF
[SGXSan] ALWAYS: Enter enc_wolfSSL_get_error
[SGXSan] ALWAYS: Enter enc_wolfSSL_Init
[SGXSan] ALWAYS: Enter enc_wolfTLSv1_2_client_method
[SGXSan] ALWAYS: Enter enc_wolfSSL_CTX_use_PrivateKey_buffer
[SGXSan] ALWAYS: Enter enc_wolfSSL_Cleanup
[SGXSan] ALWAYS: Enter enc_wolfSSL_Debugging_OFF
[SGXSan] ALWAYS: Enter enc_wolfSSL_read
[SGXSan] ALWAYS: Enter enc_wolfSSL_free
[SGXSan] ALWAYS: Enter wc_test
------------------------------------------------------------------------------
 wolfSSL version 5.1.0
------------------------------------------------------------------------------
error    test passed!
MEMORY   test passed!
base64   test passed!
asn      test passed!
RANDOM   test passed!
MD5      test passed!
MD4      test passed!
SHA      test passed!
SHA-256  test passed!
Hash     test passed!
HMAC-MD5 test passed!
HMAC-SHA test passed!
HMAC-SHA256 test passed!
GMAC     test passed!
HC-128   test passed!
Rabbit   test passed!
DES      test passed!
DES3     test passed!
AES      test passed!
AES192   test passed!
AES256   test passed!
AES-GCM  test passed!
RSA      test passed!
DH       test passed!
DSA      test passed!
PWDBASED test passed!
ECC      test passed!
ECC buffer test passed!
logging  test passed!
mutex    test passed!
memcb    test failed!
 error = -13803
[SGXSan] ALWAYS: Enter enc_wolfSSL_new
[SGXSan] ALWAYS: Enter enc_wolfSSL_CTX_free
[SGXSan] ALWAYS: Enter enc_wolfSSL_CTX_new
[SGXSan] ALWAYS: Enter enc_wolfSSL_set_fd
[SGXSan] ALWAYS: Enter enc_wolfSSL_CTX_load_verify_buffer
[SGXSan] ALWAYS: Enter enc_wolfSSL_write
[SGXSan] ALWAYS: Enter enc_wolfSSL_Debugging_ON
[SGXSan] ALWAYS: Enter wc_benchmark_test
------------------------------------------------------------------------------
 wolfSSL version 5.1.0
------------------------------------------------------------------------------
wolfCrypt Benchmark (block bytes 1048576, min 1.0 sec each)
RNG                 15 MB took 1.155 seconds,   12.990 MB/s
AES-128-CBC-enc     35 MB took 1.075 seconds,   32.559 MB/s
AES-128-CBC-dec     35 MB took 1.163 seconds,   30.090 MB/s
AES-192-CBC-enc     30 MB took 1.072 seconds,   27.998 MB/s
AES-192-CBC-dec     30 MB took 1.141 seconds,   26.304 MB/s
AES-256-CBC-enc     30 MB took 1.171 seconds,   25.621 MB/s
AES-256-CBC-dec     25 MB took 1.033 seconds,   24.208 MB/s
AES-128-GCM-enc     25 MB took 1.050 seconds,   23.802 MB/s
AES-128-GCM-dec     25 MB took 1.079 seconds,   23.173 MB/s
AES-192-GCM-enc     25 MB took 1.191 seconds,   20.998 MB/s
AES-192-GCM-dec     25 MB took 1.189 seconds,   21.028 MB/s
AES-256-GCM-enc     20 MB took 1.013 seconds,   19.745 MB/s
AES-256-GCM-dec     20 MB took 1.012 seconds,   19.771 MB/s
GMAC Table 4-bit    67 MB took 1.001 seconds,   66.930 MB/s
RABBIT              90 MB took 1.005 seconds,   89.550 MB/s
3DES                10 MB took 1.097 seconds,    9.112 MB/s
MD5                300 MB took 1.001 seconds,  299.613 MB/s
SHA                130 MB took 1.012 seconds,  128.504 MB/s
SHA-256             35 MB took 1.136 seconds,   30.823 MB/s
HMAC-MD5           305 MB took 1.006 seconds,  303.111 MB/s
HMAC-SHA           130 MB took 1.018 seconds,  127.673 MB/s
HMAC-SHA256         35 MB took 1.131 seconds,   30.949 MB/s
PBKDF2               4 KB took 1.007 seconds,    3.785 KB/s
RSA     2048 public       1400 ops took 1.024 sec, avg 0.732 ms, 1366.831 ops/sec
RSA     2048 private       100 ops took 3.697 sec, avg 36.965 ms, 27.052 ops/sec
DH      2048 key gen        65 ops took 1.009 sec, avg 15.525 ms, 64.412 ops/sec
DH      2048 agree         100 ops took 1.538 sec, avg 15.377 ms, 65.032 ops/sec
ECC   [      SECP256R1]   256 key gen      1409 ops took 1.000 sec, avg 0.710 ms, 1408.720 ops/sec
ECDHE [      SECP256R1]   256 agree        1000 ops took 1.077 sec, avg 1.077 ms, 928.260 ops/sec
ECDSA [      SECP256R1]   256 sign         1300 ops took 1.077 sec, avg 0.828 ms, 1207.253 ops/sec
ECDSA [      SECP256R1]   256 verify        900 ops took 1.046 sec, avg 1.162 ms, 860.468 ops/sec
Benchmark complete
[SGXSan] ALWAYS: Enter enc_wolfSSL_connect
[SGXSan] ALWAYS: Enter enc_wolfSSL_CTX_use_certificate_chain_buffer_format
[SGXSan] ALWAYS: Enter enc_wolfSSL_CTX_set_cipher_list
[SGXSan] ALWAYS: Enter enc_wolfSSL_CTX_use_certificate_buffer
[SGXSan] ALWAYS: Enter enc_wolfTLSv1_2_server_method
#6	INITED cov: 6293 ft: 6298 corp: 4/1504Kb exec/s: 0 rss: 78Mb
[SGXSan] ALWAYS: Enter wc_benchmark_test
------------------------------------------------------------------------------
 wolfSSL version 5.1.0
------------------------------------------------------------------------------
wolfCrypt Benchmark (block bytes 1048576, min 1.0 sec each)
RNG                 15 MB took 1.133 seconds,   13.234 MB/s
AES-128-CBC-enc     35 MB took 1.057 seconds,   33.110 MB/s
AES-128-CBC-dec     35 MB took 1.148 seconds,   30.487 MB/s
AES-192-CBC-enc     30 MB took 1.048 seconds,   28.630 MB/s
AES-192-CBC-dec     30 MB took 1.118 seconds,   26.841 MB/s
AES-256-CBC-enc     30 MB took 1.164 seconds,   25.763 MB/s
AES-256-CBC-dec     25 MB took 1.028 seconds,   24.322 MB/s
AES-128-GCM-enc     25 MB took 1.045 seconds,   23.916 MB/s
AES-128-GCM-dec     25 MB took 1.073 seconds,   23.308 MB/s
AES-192-GCM-enc     25 MB took 1.196 seconds,   20.908 MB/s
AES-192-GCM-dec     25 MB took 1.195 seconds,   20.921 MB/s
AES-256-GCM-enc     20 MB took 1.015 seconds,   19.702 MB/s
AES-256-GCM-dec     20 MB took 1.024 seconds,   19.527 MB/s
GMAC Table 4-bit    67 MB took 1.004 seconds,   66.711 MB/s
RABBIT              95 MB took 1.055 seconds,   90.029 MB/s
3DES                10 MB took 1.089 seconds,    9.180 MB/s
MD5                300 MB took 1.008 seconds,  297.657 MB/s
SHA                130 MB took 1.008 seconds,  128.962 MB/s
SHA-256             35 MB took 1.137 seconds,   30.790 MB/s
HMAC-MD5           310 MB took 1.012 seconds,  306.227 MB/s
HMAC-SHA           130 MB took 1.006 seconds,  129.185 MB/s
HMAC-SHA256         35 MB took 1.125 seconds,   31.118 MB/s
PBKDF2               4 KB took 1.006 seconds,    3.788 KB/s
RSA     2048 public       1400 ops took 1.004 sec, avg 0.717 ms, 1394.042 ops/sec
RSA     2048 private       100 ops took 3.643 sec, avg 36.426 ms, 27.453 ops/sec
DH      2048 key gen        65 ops took 1.002 sec, avg 15.413 ms, 64.882 ops/sec
DH      2048 agree         100 ops took 1.546 sec, avg 15.464 ms, 64.666 ops/sec
ECC   [      SECP256R1]   256 key gen      1405 ops took 1.001 sec, avg 0.712 ms, 1404.292 ops/sec
ECDHE [      SECP256R1]   256 agree        1000 ops took 1.080 sec, avg 1.080 ms, 926.077 ops/sec
ECDSA [      SECP256R1]   256 sign         1300 ops took 1.066 sec, avg 0.820 ms, 1219.777 ops/sec
ECDSA [      SECP256R1]   256 verify        900 ops took 1.017 sec, avg 1.131 ms, 884.535 ops/sec
Benchmark complete
[SGXSan] ALWAYS: Enter enc_wolfSSL_get_error
[SGXSan] ALWAYS: Enter enc_wolfSSL_free
[SGXSan] ALWAYS: Enter enc_wolfSSL_Debugging_OFF
[SGXSan] ALWAYS: Enter enc_wolfSSL_connect
[SGXSan] ALWAYS: Enter wc_test
------------------------------------------------------------------------------
 wolfSSL version 5.1.0
------------------------------------------------------------------------------
error    test passed!
MEMORY   test passed!
base64   test passed!
asn      test passed!
RANDOM   test passed!
MD5      test passed!
MD4      test passed!
SHA      test passed!
SHA-256  test passed!
Hash     test passed!
HMAC-MD5 test passed!
HMAC-SHA test passed!
HMAC-SHA256 test passed!
GMAC     test passed!
HC-128   test passed!
Rabbit   test passed!
DES      test passed!
DES3     test passed!
AES      test passed!
AES192   test passed!
AES256   test passed!
AES-GCM  test passed!
RSA      test passed!
DH       test passed!
DSA      test passed!
PWDBASED test passed!
ECC      test passed!
ECC buffer test passed!
logging  test passed!
mutex    test passed!
memcb    test failed!
 error = -13803
[SGXSan] ALWAYS: Enter enc_wolfSSL_CTX_use_certificate_chain_buffer_format
[SGXSan] ALWAYS: Enter enc_wolfSSL_set_fd
[SGXSan] ALWAYS: Enter enc_wolfSSL_read
[SGXSan] ALWAYS: Enter enc_wolfSSL_Cleanup
[SGXSan] ALWAYS: Enter enc_wolfSSL_CTX_set_cipher_list
[SGXSan] ALWAYS: Enter enc_wolfSSL_Debugging_ON
[SGXSan] ALWAYS: Enter enc_wolfSSL_write
[SGXSan] ALWAYS: Enter enc_wolfSSL_CTX_new
[SGXSan] ALWAYS: Enter enc_wolfSSL_Init
[SGXSan] ALWAYS: Enter enc_wolfTLSv1_2_server_method
[SGXSan] ALWAYS: Enter enc_wolfSSL_CTX_use_certificate_buffer
[SGXSan] ALWAYS: Enter enc_wolfSSL_new
[SGXSan] ALWAYS: Enter enc_wolfSSL_CTX_free
[SGXSan] ALWAYS: Enter enc_wolfSSL_CTX_use_PrivateKey_buffer
[SGXSan] ALWAYS: Enter enc_wolfSSL_CTX_load_verify_buffer
[SGXSan] ALWAYS: Enter enc_wolfTLSv1_2_client_method
[SGXSan] ALWAYS: Enter wc_benchmark_test
------------------------------------------------------------------------------
 wolfSSL version 5.1.0
------------------------------------------------------------------------------
wolfCrypt Benchmark (block bytes 1048576, min 1.0 sec each)
RNG                 15 MB took 1.144 seconds,   13.115 MB/s
AES-128-CBC-enc     35 MB took 1.053 seconds,   33.224 MB/s
AES-128-CBC-dec     35 MB took 1.160 seconds,   30.165 MB/s
AES-192-CBC-enc     30 MB took 1.055 seconds,   28.444 MB/s
AES-192-CBC-dec     30 MB took 1.130 seconds,   26.544 MB/s
AES-256-CBC-enc     30 MB took 1.171 seconds,   25.610 MB/s
AES-256-CBC-dec     25 MB took 1.032 seconds,   24.216 MB/s
AES-128-GCM-enc     25 MB took 1.072 seconds,   23.326 MB/s
AES-128-GCM-dec     25 MB took 1.063 seconds,   23.515 MB/s
AES-192-GCM-enc     25 MB took 1.197 seconds,   20.890 MB/s
AES-192-GCM-dec     25 MB took 1.181 seconds,   21.169 MB/s
AES-256-GCM-enc     20 MB took 1.027 seconds,   19.467 MB/s
AES-256-GCM-dec     20 MB took 1.040 seconds,   19.239 MB/s
GMAC Table 4-bit    68 MB took 1.010 seconds,   67.302 MB/s
RABBIT              90 MB took 1.009 seconds,   89.192 MB/s
3DES                10 MB took 1.085 seconds,    9.218 MB/s
MD5                300 MB took 1.000 seconds,  299.987 MB/s
SHA                130 MB took 1.038 seconds,  125.298 MB/s
SHA-256             35 MB took 1.162 seconds,   30.116 MB/s
HMAC-MD5           300 MB took 1.014 seconds,  295.801 MB/s
HMAC-SHA           130 MB took 1.021 seconds,  127.386 MB/s
HMAC-SHA256         35 MB took 1.124 seconds,   31.138 MB/s
PBKDF2               4 KB took 1.005 seconds,    3.824 KB/s
RSA     2048 public       1500 ops took 1.073 sec, avg 0.715 ms, 1397.982 ops/sec
RSA     2048 private       100 ops took 3.658 sec, avg 36.582 ms, 27.336 ops/sec
DH      2048 key gen        63 ops took 1.003 sec, avg 15.916 ms, 62.829 ops/sec
DH      2048 agree         100 ops took 1.590 sec, avg 15.903 ms, 62.881 ops/sec
ECC   [      SECP256R1]   256 key gen      1374 ops took 1.000 sec, avg 0.728 ms, 1373.464 ops/sec
ECDHE [      SECP256R1]   256 agree         900 ops took 1.003 sec, avg 1.115 ms, 897.125 ops/sec
ECDSA [      SECP256R1]   256 sign         1200 ops took 1.001 sec, avg 0.834 ms, 1198.758 ops/sec
ECDSA [      SECP256R1]   256 verify        900 ops took 1.045 sec, avg 1.161 ms, 861.471 ops/sec
Benchmark complete
[SGXSan] ALWAYS: Enter enc_wolfSSL_get_error
[SGXSan] ALWAYS: Enter enc_wolfSSL_free
[SGXSan] ALWAYS: Enter enc_wolfSSL_Debugging_OFF
[SGXSan] ALWAYS: Enter enc_wolfSSL_connect
[SGXSan] ALWAYS: Enter wc_test
------------------------------------------------------------------------------
 wolfSSL version 5.1.0
------------------------------------------------------------------------------
error    test passed!
MEMORY   test passed!
base64   test passed!
asn      test passed!
RANDOM   test passed!
MD5      test passed!
MD4      test passed!
SHA      test passed!
SHA-256  test passed!
Hash     test passed!
HMAC-MD5 test passed!
HMAC-SHA test passed!
HMAC-SHA256 test passed!
GMAC     test passed!
HC-128   test passed!
Rabbit   test passed!
DES      test passed!
DES3     test passed!
AES      test passed!
AES192   test passed!
AES256   test passed!
AES-GCM  test passed!
RSA      test passed!
DH       test passed!
DSA      test passed!
PWDBASED test passed!
ECC      test passed!
ECC buffer test passed!
logging  test passed!
mutex    test passed!
memcb    test failed!
 error = -13803
[SGXSan] ALWAYS: Enter enc_wolfSSL_CTX_use_certificate_chain_buffer_format
[SGXSan] ALWAYS: Enter enc_wolfSSL_set_fd
[SGXSan] ALWAYS: Enter enc_wolfSSL_read
[SGXSan] ALWAYS: Enter enc_wolfSSL_Cleanup
[SGXSan] ALWAYS: Enter enc_wolfSSL_CTX_set_cipher_list
[SGXSan] ALWAYS: Enter enc_wolfSSL_Debugging_ON
[SGXSan] ALWAYS: Enter enc_wolfSSL_write
[SGXSan] ALWAYS: Enter enc_wolfSSL_CTX_new
[SGXSan] ALWAYS: Enter enc_wolfSSL_Init
[SGXSan] ALWAYS: Enter enc_wolfTLSv1_2_server_method
[SGXSan] ALWAYS: Enter enc_wolfSSL_CTX_use_certificate_buffer
[SGXSan] ALWAYS: Enter enc_wolfSSL_new
[SGXSan] ALWAYS: Enter enc_wolfSSL_CTX_free
[SGXSan] ALWAYS: Enter enc_wolfSSL_CTX_use_PrivateKey_buffer
[SGXSan] ALWAYS: Enter enc_wolfSSL_CTX_load_verify_buffer
[SGXSan] ALWAYS: Enter enc_wolfTLSv1_2_client_method
#8	pulse  cov: 6293 ft: 6298 corp: 4/1504Kb lim: 1000000 exec/s: 0 rss: 89Mb
[SGXSan] ALWAYS: Enter enc_wolfSSL_CTX_free
[SGXSan] ALWAYS: Enter enc_wolfSSL_CTX_use_PrivateKey_buffer
[SGXSan] ALWAYS: Enter wc_test
------------------------------------------------------------------------------
 wolfSSL version 5.1.0
------------------------------------------------------------------------------
error    test passed!
MEMORY   test passed!
base64   test passed!
asn      test passed!
RANDOM   test passed!
MD5      test passed!
MD4      test passed!
SHA      test passed!
SHA-256  test passed!
Hash     test passed!
HMAC-MD5 test passed!
HMAC-SHA test passed!
HMAC-SHA256 test passed!
GMAC     test passed!
HC-128   test passed!
Rabbit   test passed!
DES      test passed!
DES3     test passed!
AES      test passed!
AES192   test passed!
AES256   test passed!
AES-GCM  test passed!
RSA      test passed!
DH       test passed!
DSA      test passed!
PWDBASED test passed!
ECC      test passed!
ECC buffer test passed!
logging  test passed!
mutex    test passed!
memcb    test failed!
 error = -13803
[SGXSan] ALWAYS: Enter enc_wolfSSL_free
[SGXSan] ALWAYS: Enter enc_wolfSSL_CTX_load_verify_buffer
[SGXSan] ALWAYS: Enter enc_wolfSSL_read
[SGXSan] ALWAYS: Enter enc_wolfSSL_CTX_set_cipher_list
[SGXSan] ALWAYS: Enter enc_wolfSSL_CTX_use_certificate_buffer
[SGXSan] ALWAYS: Enter enc_wolfSSL_Debugging_OFF
[SGXSan] ALWAYS: Enter enc_wolfSSL_CTX_new
[SGXSan] ALWAYS: Enter enc_wolfSSL_Init
[SGXSan] ALWAYS: Enter enc_wolfSSL_CTX_use_certificate_chain_buffer_format
[SGXSan] ALWAYS: Enter enc_wolfSSL_Debugging_ON
[SGXSan] ALWAYS: Enter enc_wolfSSL_get_error
[SGXSan] ALWAYS: Enter enc_wolfSSL_set_fd
[SGXSan] ALWAYS: Enter enc_wolfTLSv1_2_server_method
[SGXSan] ALWAYS: Enter enc_wolfSSL_write
[SGXSan] ALWAYS: Enter enc_wolfSSL_new
[SGXSan] ALWAYS: Enter wc_benchmark_test
------------------------------------------------------------------------------
 wolfSSL version 5.1.0
------------------------------------------------------------------------------
wolfCrypt Benchmark (block bytes 1048576, min 1.0 sec each)
RNG                 15 MB took 1.142 seconds,   13.131 MB/s
AES-128-CBC-enc     35 MB took 1.074 seconds,   32.574 MB/s
AES-128-CBC-dec     30 MB took 1.001 seconds,   29.982 MB/s
AES-192-CBC-enc     30 MB took 1.071 seconds,   28.020 MB/s
AES-192-CBC-dec     30 MB took 1.125 seconds,   26.658 MB/s
AES-256-CBC-enc     30 MB took 1.173 seconds,   25.570 MB/s
AES-256-CBC-dec     25 MB took 1.031 seconds,   24.250 MB/s
AES-128-GCM-enc     25 MB took 1.036 seconds,   24.138 MB/s
AES-128-GCM-dec     25 MB took 1.054 seconds,   23.721 MB/s
AES-192-GCM-enc     25 MB took 1.169 seconds,   21.392 MB/s
AES-192-GCM-dec     25 MB took 1.169 seconds,   21.383 MB/s
AES-256-GCM-enc     20 MB took 1.021 seconds,   19.583 MB/s
AES-256-GCM-dec     20 MB took 1.023 seconds,   19.558 MB/s
GMAC Table 4-bit    68 MB took 1.008 seconds,   67.472 MB/s
RABBIT              90 MB took 1.005 seconds,   89.564 MB/s
3DES                10 MB took 1.109 seconds,    9.017 MB/s
MD5                305 MB took 1.011 seconds,  301.630 MB/s
SHA                130 MB took 1.022 seconds,  127.198 MB/s
SHA-256             35 MB took 1.135 seconds,   30.839 MB/s
HMAC-MD5           305 MB took 1.004 seconds,  303.760 MB/s
HMAC-SHA           130 MB took 1.012 seconds,  128.458 MB/s
HMAC-SHA256         35 MB took 1.132 seconds,   30.920 MB/s
PBKDF2               4 KB took 1.008 seconds,    3.813 KB/s
RSA     2048 public       1500 ops took 1.070 sec, avg 0.713 ms, 1401.855 ops/sec
RSA     2048 private       100 ops took 3.724 sec, avg 37.243 ms, 26.851 ops/sec
DH      2048 key gen        64 ops took 1.016 sec, avg 15.868 ms, 63.021 ops/sec
DH      2048 agree         100 ops took 1.554 sec, avg 15.542 ms, 64.343 ops/sec
ECC   [      SECP256R1]   256 key gen      1420 ops took 1.000 sec, avg 0.704 ms, 1419.908 ops/sec
ECDHE [      SECP256R1]   256 agree        1000 ops took 1.106 sec, avg 1.106 ms, 903.846 ops/sec
ECDSA [      SECP256R1]   256 sign         1200 ops took 1.013 sec, avg 0.844 ms, 1184.800 ops/sec
ECDSA [      SECP256R1]   256 verify        900 ops took 1.036 sec, avg 1.151 ms, 868.818 ops/sec
Benchmark complete
[SGXSan] ALWAYS: Enter enc_wolfSSL_connect
[SGXSan] ALWAYS: Enter enc_wolfSSL_Cleanup
[SGXSan] ALWAYS: Enter enc_wolfTLSv1_2_client_method
[SGXSan] ALWAYS: Enter enc_wolfSSL_CTX_free
[SGXSan] ALWAYS: Enter enc_wolfSSL_CTX_use_PrivateKey_buffer
[SGXSan] ALWAYS: Enter wc_test
------------------------------------------------------------------------------
 wolfSSL version 5.1.0
------------------------------------------------------------------------------
error    test passed!
MEMORY   test passed!
base64   test passed!
asn      test passed!
RANDOM   test passed!
MD5      test passed!
MD4      test passed!
SHA      test passed!
SHA-256  test passed!
Hash     test passed!
HMAC-MD5 test passed!
HMAC-SHA test passed!
HMAC-SHA256 test passed!
GMAC     test passed!
HC-128   test passed!
Rabbit   test passed!
DES      test passed!
DES3     test passed!
AES      test passed!
AES192   test passed!
AES256   test passed!
AES-GCM  test passed!
RSA      test passed!
DH       test passed!
DSA      test passed!
PWDBASED test passed!
ECC      test passed!
ECC buffer test passed!
logging  test passed!
mutex    test passed!
memcb    test failed!
 error = -13803
[SGXSan] ALWAYS: Enter enc_wolfSSL_free
[SGXSan] ALWAYS: Enter enc_wolfSSL_CTX_load_verify_buffer
[SGXSan] ALWAYS: Enter enc_wolfSSL_read
[SGXSan] ALWAYS: Enter enc_wolfSSL_CTX_set_cipher_list
[SGXSan] ALWAYS: Enter enc_wolfSSL_CTX_use_certificate_buffer
[SGXSan] ALWAYS: Enter enc_wolfSSL_Debugging_OFF
[SGXSan] ALWAYS: Enter enc_wolfSSL_CTX_new
[SGXSan] ALWAYS: Enter enc_wolfSSL_Init
[SGXSan] ALWAYS: Enter enc_wolfSSL_CTX_use_certificate_chain_buffer_format
[SGXSan] ALWAYS: Enter enc_wolfSSL_Debugging_ON
[SGXSan] ALWAYS: Enter enc_wolfSSL_get_error
[SGXSan] ALWAYS: Enter enc_wolfSSL_set_fd
[SGXSan] ALWAYS: Enter enc_wolfTLSv1_2_server_method
[SGXSan] ALWAYS: Enter enc_wolfSSL_write
[SGXSan] ALWAYS: Enter enc_wolfSSL_new
[SGXSan] ALWAYS: Enter wc_benchmark_test
------------------------------------------------------------------------------
 wolfSSL version 5.1.0
------------------------------------------------------------------------------
wolfCrypt Benchmark (block bytes 1048576, min 1.0 sec each)
RNG                 15 MB took 1.128 seconds,   13.300 MB/s
AES-128-CBC-enc     35 MB took 1.051 seconds,   33.316 MB/s
AES-128-CBC-dec     35 MB took 1.133 seconds,   30.885 MB/s
AES-192-CBC-enc     30 MB took 1.050 seconds,   28.580 MB/s
AES-192-CBC-dec     30 MB took 1.129 seconds,   26.577 MB/s
AES-256-CBC-enc     30 MB took 1.172 seconds,   25.607 MB/s
AES-256-CBC-dec     25 MB took 1.034 seconds,   24.183 MB/s
AES-128-GCM-enc     25 MB took 1.036 seconds,   24.135 MB/s
AES-128-GCM-dec     25 MB took 1.046 seconds,   23.904 MB/s
AES-192-GCM-enc     25 MB took 1.175 seconds,   21.269 MB/s
AES-192-GCM-dec     25 MB took 1.167 seconds,   21.426 MB/s
AES-256-GCM-enc     20 MB took 1.023 seconds,   19.547 MB/s
AES-256-GCM-dec     20 MB took 1.020 seconds,   19.604 MB/s
GMAC Table 4-bit    69 MB took 1.014 seconds,   68.040 MB/s
RABBIT              95 MB took 1.045 seconds,   90.951 MB/s
3DES                10 MB took 1.082 seconds,    9.239 MB/s
MD5                300 MB took 1.002 seconds,  299.398 MB/s
SHA                130 MB took 1.008 seconds,  128.967 MB/s
SHA-256             35 MB took 1.135 seconds,   30.845 MB/s
HMAC-MD5           305 MB took 1.003 seconds,  304.190 MB/s
HMAC-SHA           130 MB took 1.012 seconds,  128.405 MB/s
HMAC-SHA256         35 MB took 1.137 seconds,   30.794 MB/s
PBKDF2               4 KB took 1.000 seconds,    3.779 KB/s
RSA     2048 public       1400 ops took 1.002 sec, avg 0.716 ms, 1396.982 ops/sec
RSA     2048 private       100 ops took 3.711 sec, avg 37.113 ms, 26.945 ops/sec
DH      2048 key gen        64 ops took 1.010 sec, avg 15.785 ms, 63.351 ops/sec
DH      2048 agree         100 ops took 1.596 sec, avg 15.957 ms, 62.668 ops/sec
ECC   [      SECP256R1]   256 key gen      1369 ops took 1.001 sec, avg 0.731 ms, 1368.101 ops/sec
ECDHE [      SECP256R1]   256 agree         900 ops took 1.010 sec, avg 1.122 ms, 891.165 ops/sec
ECDSA [      SECP256R1]   256 sign         1200 ops took 1.001 sec, avg 0.834 ms, 1199.356 ops/sec
ECDSA [      SECP256R1]   256 verify        900 ops took 1.029 sec, avg 1.144 ms, 874.449 ops/sec
Benchmark complete
[SGXSan] ALWAYS: Enter enc_wolfSSL_connect
[SGXSan] ALWAYS: Enter enc_wolfSSL_Cleanup
[SGXSan] ALWAYS: Enter enc_wolfTLSv1_2_client_method
[SGXSan] ALWAYS: Enter enc_wolfSSL_CTX_new
[SGXSan] ALWAYS: Enter enc_wolfSSL_connect
[SGXSan] ALWAYS: Enter enc_wolfSSL_CTX_use_certificate_chain_buffer_format
[SGXSan] ALWAYS: Enter enc_wolfSSL_write
[SGXSan] ALWAYS: Enter wc_benchmark_test
------------------------------------------------------------------------------
 wolfSSL version 5.1.0
------------------------------------------------------------------------------
wolfCrypt Benchmark (block bytes 1048576, min 1.0 sec each)
RNG                 15 MB took 1.128 seconds,   13.295 MB/s
AES-128-CBC-enc     35 MB took 1.084 seconds,   32.294 MB/s
AES-128-CBC-dec     35 MB took 1.164 seconds,   30.056 MB/s
AES-192-CBC-enc     30 MB took 1.078 seconds,   27.820 MB/s
AES-192-CBC-dec     30 MB took 1.155 seconds,   25.983 MB/s
AES-256-CBC-enc     30 MB took 1.164 seconds,   25.763 MB/s
AES-256-CBC-dec     25 MB took 1.042 seconds,   24.003 MB/s
AES-128-GCM-enc     25 MB took 1.037 seconds,   24.099 MB/s
AES-128-GCM-dec     25 MB took 1.047 seconds,   23.877 MB/s
AES-192-GCM-enc     25 MB took 1.159 seconds,   21.577 MB/s
AES-192-GCM-dec     25 MB took 1.155 seconds,   21.636 MB/s
AES-256-GCM-enc     20 MB took 1.001 seconds,   19.987 MB/s
AES-256-GCM-dec     20 MB took 1.004 seconds,   19.927 MB/s
GMAC Table 4-bit    69 MB took 1.004 seconds,   68.723 MB/s
RABBIT              95 MB took 1.034 seconds,   91.840 MB/s
3DES                10 MB took 1.098 seconds,    9.105 MB/s
MD5                305 MB took 1.015 seconds,  300.621 MB/s
SHA                130 MB took 1.028 seconds,  126.427 MB/s
SHA-256             35 MB took 1.150 seconds,   30.436 MB/s
HMAC-MD5           305 MB took 1.008 seconds,  302.614 MB/s
HMAC-SHA           130 MB took 1.012 seconds,  128.398 MB/s
HMAC-SHA256         35 MB took 1.132 seconds,   30.915 MB/s
PBKDF2               4 KB took 1.005 seconds,    3.794 KB/s
RSA     2048 public       1400 ops took 1.005 sec, avg 0.718 ms, 1393.268 ops/sec
RSA     2048 private       100 ops took 3.674 sec, avg 36.740 ms, 27.218 ops/sec
DH      2048 key gen        63 ops took 1.015 sec, avg 16.114 ms, 62.060 ops/sec
DH      2048 agree         100 ops took 1.585 sec, avg 15.852 ms, 63.082 ops/sec
ECC   [      SECP256R1]   256 key gen      1377 ops took 1.001 sec, avg 0.727 ms, 1376.052 ops/sec
ECDHE [      SECP256R1]   256 agree        1000 ops took 1.092 sec, avg 1.092 ms, 915.948 ops/sec
ECDSA [      SECP256R1]   256 sign         1300 ops took 1.075 sec, avg 0.827 ms, 1209.165 ops/sec
ECDSA [      SECP256R1]   256 verify        900 ops took 1.020 sec, avg 1.133 ms, 882.737 ops/sec
Benchmark complete
[SGXSan] ALWAYS: Enter enc_wolfSSL_Cleanup
[SGXSan] ALWAYS: Enter wc_test
------------------------------------------------------------------------------
 wolfSSL version 5.1.0
------------------------------------------------------------------------------
error    test passed!
MEMORY   test passed!
base64   test passed!
asn      test passed!
RANDOM   test passed!
MD5      test passed!
MD4      test passed!
SHA      test passed!
SHA-256  test passed!
Hash     test passed!
HMAC-MD5 test passed!
HMAC-SHA test passed!
HMAC-SHA256 test passed!
GMAC     test passed!
HC-128   test passed!
Rabbit   test passed!
DES      test passed!
DES3     test passed!
AES      test passed!
AES192   test passed!
AES256   test passed!
AES-GCM  test passed!
RSA      test passed!
DH       test passed!
DSA      test passed!
PWDBASED test passed!
ECC      test passed!
ECC buffer test passed!
logging  test passed!
mutex    test passed!
memcb    test failed!
 error = -13803
[SGXSan] ALWAYS: Enter enc_wolfSSL_CTX_free
[SGXSan] ALWAYS: Enter enc_wolfSSL_read
[SGXSan] ALWAYS: Enter enc_wolfSSL_CTX_use_PrivateKey_buffer
[SGXSan] ALWAYS: Enter enc_wolfTLSv1_2_client_method
[SGXSan] ALWAYS: Enter enc_wolfSSL_CTX_use_certificate_buffer
[SGXSan] ALWAYS: Enter enc_wolfTLSv1_2_server_method
[SGXSan] ALWAYS: Enter enc_wolfSSL_get_error
[SGXSan] ALWAYS: Enter enc_wolfSSL_CTX_load_verify_buffer
[SGXSan] ALWAYS: Enter enc_wolfSSL_CTX_set_cipher_list
[SGXSan] ALWAYS: Enter enc_wolfSSL_Debugging_ON
[SGXSan] ALWAYS: Enter enc_wolfSSL_set_fd
[SGXSan] ALWAYS: Enter enc_wolfSSL_Debugging_OFF
[SGXSan] ALWAYS: Enter enc_wolfSSL_new
[SGXSan] ALWAYS: Enter enc_wolfSSL_free
[SGXSan] ALWAYS: Enter enc_wolfSSL_Init
#11	DONE   cov: 6293 ft: 6298 corp: 4/1504Kb lim: 1000000 exec/s: 0 rss: 105Mb
Done 11 runs in 463 second(s)
stat::number_of_executed_units: 11
stat::average_exec_per_sec:     0
stat::new_units_added:          0
stat::slowest_unit_time_sec:    42
stat::peak_rss_mb:              105
