WARNING: Failed to find function "__sanitizer_acquire_crash_state".
WARNING: Failed to find function "__sanitizer_print_stack_trace".
WARNING: Failed to find function "__sanitizer_set_death_callback".
[CEnclavePool /home/leone/Documents/linux-sgx/psw/urts/enclave.cpp:638] enter CEnclavePool constructor
[2023-01-15 22:26:32.035] [Init] Num of ECall: 22
[2023-01-15 22:26:32.035] ECalls:
  0 - fuzz_enc_wolfSSL_CTX_free
  1 - fuzz_enc_wolfSSL_CTX_load_verify_buffer
  2 - fuzz_enc_wolfSSL_CTX_new
  3 - fuzz_enc_wolfSSL_CTX_set_cipher_list
  4 - fuzz_enc_wolfSSL_CTX_use_PrivateKey_buffer
  5 - fuzz_enc_wolfSSL_CTX_use_certificate_buffer
  6 - fuzz_enc_wolfSSL_CTX_use_certificate_chain_buffer_format
  7 - fuzz_enc_wolfSSL_Cleanup
  8 - fuzz_enc_wolfSSL_Debugging_OFF
  9 - fuzz_enc_wolfSSL_Debugging_ON
  10 - fuzz_enc_wolfSSL_Init
  11 - fuzz_enc_wolfSSL_connect
  12 - fuzz_enc_wolfSSL_free
  13 - fuzz_enc_wolfSSL_get_error
  14 - fuzz_enc_wolfSSL_new
  15 - fuzz_enc_wolfSSL_read
  16 - fuzz_enc_wolfSSL_set_fd
  17 - fuzz_enc_wolfSSL_write
  18 - fuzz_enc_wolfTLSv1_2_client_method
  19 - fuzz_enc_wolfTLSv1_2_server_method
  20 - fuzz_wc_benchmark_test
  21 - fuzz_wc_test

INFO: found LLVMFuzzerCustomMutator (0x44ac30). Disabling -len_control by default.
INFO: libFuzzer ignores flags that start with '--'
INFO: Running with entropic power schedule (0xFF, 100).
INFO: Seed: 486137656
INFO: Loaded 1 modules   (291 inline 8-bit counters): 291 [0x4cb7e8, 0x4cb90b), 
INFO: Loaded 1 PC tables (291 PCs): 291 [0x4cb910,0x4ccb40), 
INFO:        0 files found in /tmp/libFuzzerTemp.FuzzWithFork422940.dir/C290
[SGXSan] ALWAYS: Hook __sanitizer_cov_8bit_counters_init of Enclave, 21636 inline 8-bit counts [0x7f98c25479c0, 0x7f98c254ce44) (First time)
[SGXSan] ALWAYS: Hook __sanitizer_cov_pcs_init of Enclave, 21636 PCs [0x7f98c254ce48, 0x7f98c25a1688) (First time)
[SGXSan] ALWAYS: Enter enc_wolfSSL_CTX_free
[SGXSan] ALWAYS: Enter enc_wolfSSL_CTX_load_verify_buffer
[SGXSan] ALWAYS: Enter enc_wolfSSL_CTX_new
[SGXSan] ALWAYS: Enter enc_wolfSSL_CTX_set_cipher_list
[SGXSan] ALWAYS: Enter enc_wolfSSL_CTX_use_PrivateKey_buffer
[SGXSan] ALWAYS: Enter enc_wolfSSL_CTX_use_certificate_buffer
[SGXSan] ALWAYS: Enter enc_wolfSSL_CTX_use_certificate_chain_buffer_format
[SGXSan] ALWAYS: Enter enc_wolfSSL_Cleanup
[SGXSan] ALWAYS: Enter enc_wolfSSL_Debugging_OFF
[SGXSan] ALWAYS: Enter enc_wolfSSL_Debugging_ON
[SGXSan] ALWAYS: Enter enc_wolfSSL_Init
[SGXSan] ALWAYS: Enter enc_wolfSSL_connect
[SGXSan] ALWAYS: Enter enc_wolfSSL_free
[SGXSan] ALWAYS: Enter enc_wolfSSL_get_error
[SGXSan] ALWAYS: Enter enc_wolfSSL_new
[SGXSan] ALWAYS: Enter enc_wolfSSL_read
[SGXSan] ALWAYS: Enter enc_wolfSSL_set_fd
[SGXSan] ALWAYS: Enter enc_wolfSSL_write
[SGXSan] ALWAYS: Enter enc_wolfTLSv1_2_client_method
[SGXSan] ALWAYS: Enter enc_wolfTLSv1_2_server_method
[SGXSan] ALWAYS: Enter wc_benchmark_test
------------------------------------------------------------------------------
 wolfSSL version 5.1.0
------------------------------------------------------------------------------
wolfCrypt Benchmark (block bytes 1048576, min 1.0 sec each)
RNG                 15 MB took 1.153 seconds,   13.008 MB/s
AES-128-CBC-enc     35 MB took 1.154 seconds,   30.316 MB/s
AES-128-CBC-dec     35 MB took 1.153 seconds,   30.354 MB/s
AES-192-CBC-enc     30 MB took 1.064 seconds,   28.184 MB/s
AES-192-CBC-dec     30 MB took 1.134 seconds,   26.454 MB/s
AES-256-CBC-enc     30 MB took 1.171 seconds,   25.626 MB/s
AES-256-CBC-dec     25 MB took 1.031 seconds,   24.254 MB/s
AES-128-GCM-enc     25 MB took 1.042 seconds,   23.996 MB/s
AES-128-GCM-dec     25 MB took 1.033 seconds,   24.212 MB/s
AES-192-GCM-enc     25 MB took 1.168 seconds,   21.408 MB/s
AES-192-GCM-dec     25 MB took 1.165 seconds,   21.465 MB/s
AES-256-GCM-enc     20 MB took 1.012 seconds,   19.771 MB/s
AES-256-GCM-dec     20 MB took 1.014 seconds,   19.722 MB/s
GMAC Table 4-bit    69 MB took 1.000 seconds,   68.988 MB/s
RABBIT              95 MB took 1.032 seconds,   92.067 MB/s
3DES                10 MB took 1.088 seconds,    9.193 MB/s
MD5                305 MB took 1.005 seconds,  303.398 MB/s
SHA                130 MB took 1.016 seconds,  127.989 MB/s
SHA-256             35 MB took 1.129 seconds,   31.001 MB/s
HMAC-MD5           310 MB took 1.013 seconds,  305.917 MB/s
HMAC-SHA           130 MB took 1.002 seconds,  129.743 MB/s
HMAC-SHA256         35 MB took 1.121 seconds,   31.230 MB/s
PBKDF2               4 KB took 1.001 seconds,    3.810 KB/s
RSA     2048 public       1400 ops took 1.004 sec, avg 0.717 ms, 1394.460 ops/sec
RSA     2048 private       100 ops took 3.752 sec, avg 37.524 ms, 26.650 ops/sec
DH      2048 key gen        64 ops took 1.014 sec, avg 15.850 ms, 63.092 ops/sec
DH      2048 agree         100 ops took 1.554 sec, avg 15.538 ms, 64.359 ops/sec
ECC   [      SECP256R1]   256 key gen      1413 ops took 1.000 sec, avg 0.708 ms, 1412.514 ops/sec
ECDHE [      SECP256R1]   256 agree        1000 ops took 1.093 sec, avg 1.093 ms, 914.815 ops/sec
ECDSA [      SECP256R1]   256 sign         1300 ops took 1.076 sec, avg 0.828 ms, 1208.211 ops/sec
ECDSA [      SECP256R1]   256 verify        900 ops took 1.027 sec, avg 1.141 ms, 876.412 ops/sec
Benchmark complete
[SGXSan] ALWAYS: Enter wc_test
INFO: seed corpus: files: 5 min: 370191b max: 390122b total: 1910748b rss: 43Mb
------------------------------------------------------------------------------
 wolfSSL version 5.1.0
------------------------------------------------------------------------------
error    test passed!
MEMORY   test passed!
base64   test passed!
asn      test passed!
RANDOM   test passed!
MD5      test passed!
MD4      test passed!
SHA      test passed!
SHA-256  test passed!
Hash     test passed!
HMAC-MD5 test passed!
HMAC-SHA test passed!
HMAC-SHA256 test passed!
GMAC     test passed!
HC-128   test passed!
Rabbit   test passed!
DES      test passed!
DES3     test passed!
AES      test passed!
AES192   test passed!
AES256   test passed!
AES-GCM  test passed!
RSA      test passed!
DH       test passed!
DSA      test passed!
PWDBASED test passed!
ECC      test passed!
ECC buffer test passed!
logging  test passed!
mutex    test passed!
memcb    test passed!
Test complete
[SGXSan] ALWAYS: Enter enc_wolfTLSv1_2_server_method
[SGXSan] ALWAYS: Enter enc_wolfSSL_Debugging_ON
[SGXSan] ALWAYS: Enter enc_wolfSSL_CTX_use_PrivateKey_buffer
[SGXSan] ALWAYS: Enter enc_wolfSSL_new
[SGXSan] ALWAYS: Enter enc_wolfSSL_CTX_free
[SGXSan] ALWAYS: Enter enc_wolfSSL_get_error
[SGXSan] ALWAYS: Enter enc_wolfSSL_Debugging_OFF
[SGXSan] ALWAYS: Enter enc_wolfSSL_CTX_load_verify_buffer
[SGXSan] ALWAYS: Enter enc_wolfSSL_CTX_use_certificate_chain_buffer_format
[SGXSan] ALWAYS: Enter enc_wolfSSL_CTX_use_certificate_buffer
[SGXSan] ALWAYS: Enter wc_test
------------------------------------------------------------------------------
 wolfSSL version 5.1.0
------------------------------------------------------------------------------
error    test passed!
MEMORY   test passed!
base64   test passed!
asn      test passed!
RANDOM   test passed!
MD5      test passed!
MD4      test passed!
SHA      test passed!
SHA-256  test passed!
Hash     test passed!
HMAC-MD5 test passed!
HMAC-SHA test passed!
HMAC-SHA256 test passed!
GMAC     test passed!
HC-128   test passed!
Rabbit   test passed!
DES      test passed!
DES3     test passed!
AES      test passed!
AES192   test passed!
AES256   test passed!
AES-GCM  test passed!
RSA      test passed!
DH       test passed!
DSA      test passed!
PWDBASED test passed!
ECC      test passed!
ECC buffer test passed!
logging  test passed!
mutex    test passed!
memcb    test failed!
 error = -13803
[SGXSan] ALWAYS: Enter wc_benchmark_test
------------------------------------------------------------------------------
 wolfSSL version 5.1.0
------------------------------------------------------------------------------
wolfCrypt Benchmark (block bytes 1048576, min 1.0 sec each)
RNG                 15 MB took 1.163 seconds,   12.903 MB/s
AES-128-CBC-enc     35 MB took 1.088 seconds,   32.177 MB/s
AES-128-CBC-dec     35 MB took 1.147 seconds,   30.526 MB/s
AES-192-CBC-enc     30 MB took 1.041 seconds,   28.813 MB/s
AES-192-CBC-dec     30 MB took 1.121 seconds,   26.755 MB/s
AES-256-CBC-enc     30 MB took 1.176 seconds,   25.517 MB/s
AES-256-CBC-dec     25 MB took 1.037 seconds,   24.117 MB/s
AES-128-GCM-enc     25 MB took 1.041 seconds,   24.024 MB/s
AES-128-GCM-dec     25 MB took 1.041 seconds,   24.025 MB/s
AES-192-GCM-enc     25 MB took 1.191 seconds,   20.988 MB/s
AES-192-GCM-dec     25 MB took 1.204 seconds,   20.769 MB/s
AES-256-GCM-enc     20 MB took 1.048 seconds,   19.085 MB/s
AES-256-GCM-dec     20 MB took 1.038 seconds,   19.269 MB/s
GMAC Table 4-bit    68 MB took 1.003 seconds,   67.825 MB/s
RABBIT              90 MB took 1.006 seconds,   89.506 MB/s
3DES                10 MB took 1.097 seconds,    9.120 MB/s
MD5                300 MB took 1.012 seconds,  296.572 MB/s
SHA                130 MB took 1.033 seconds,  125.843 MB/s
SHA-256             35 MB took 1.146 seconds,   30.543 MB/s
HMAC-MD5           305 MB took 1.016 seconds,  300.071 MB/s
HMAC-SHA           130 MB took 1.017 seconds,  127.795 MB/s
HMAC-SHA256         35 MB took 1.142 seconds,   30.640 MB/s
PBKDF2               4 KB took 1.005 seconds,    3.761 KB/s
RSA     2048 public       1500 ops took 1.070 sec, avg 0.713 ms, 1401.786 ops/sec
RSA     2048 private       100 ops took 3.659 sec, avg 36.591 ms, 27.329 ops/sec
DH      2048 key gen        64 ops took 1.004 sec, avg 15.691 ms, 63.730 ops/sec
DH      2048 agree         100 ops took 1.595 sec, avg 15.947 ms, 62.709 ops/sec
ECC   [      SECP256R1]   256 key gen      1407 ops took 1.000 sec, avg 0.711 ms, 1406.983 ops/sec
ECDHE [      SECP256R1]   256 agree        1000 ops took 1.091 sec, avg 1.091 ms, 916.371 ops/sec
ECDSA [      SECP256R1]   256 sign         1300 ops took 1.075 sec, avg 0.827 ms, 1208.745 ops/sec
ECDSA [      SECP256R1]   256 verify        900 ops took 1.027 sec, avg 1.141 ms, 876.419 ops/sec
Benchmark complete
[SGXSan] ALWAYS: Enter enc_wolfSSL_Cleanup
[SGXSan] ALWAYS: Enter enc_wolfSSL_write
[SGXSan] ALWAYS: Enter enc_wolfSSL_CTX_set_cipher_list
[SGXSan] ALWAYS: Enter enc_wolfSSL_CTX_new
[SGXSan] ALWAYS: Enter enc_wolfSSL_read
[SGXSan] ALWAYS: Enter enc_wolfSSL_free
[SGXSan] ALWAYS: Enter enc_wolfTLSv1_2_client_method
[SGXSan] ALWAYS: Enter enc_wolfSSL_connect
[SGXSan] ALWAYS: Enter enc_wolfSSL_Init
[SGXSan] ALWAYS: Enter enc_wolfSSL_set_fd
#2	pulse  ft: 6300 exec/s: 0 rss: 50Mb
Slowest unit: 42 s:
artifact_prefix='./crashes/'; Test unit written to ./crashes/slow-unit-60d18ed962e29e8a2ab375cff57db472d341254d
[SGXSan] ALWAYS: Enter enc_wolfSSL_new
[SGXSan] ALWAYS: Enter wc_test
------------------------------------------------------------------------------
 wolfSSL version 5.1.0
------------------------------------------------------------------------------
error    test passed!
MEMORY   test passed!
base64   test passed!
asn      test passed!
RANDOM   test passed!
MD5      test passed!
MD4      test passed!
SHA      test passed!
SHA-256  test passed!
Hash     test passed!
HMAC-MD5 test passed!
HMAC-SHA test passed!
HMAC-SHA256 test passed!
GMAC     test passed!
HC-128   test passed!
Rabbit   test passed!
DES      test passed!
DES3     test passed!
AES      test passed!
AES192   test passed!
AES256   test passed!
AES-GCM  test passed!
RSA      test passed!
DH       test passed!
DSA      test passed!
PWDBASED test passed!
ECC      test passed!
ECC buffer test passed!
logging  test passed!
mutex    test passed!
memcb    test failed!
 error = -13803
[SGXSan] ALWAYS: Enter enc_wolfSSL_CTX_use_certificate_chain_buffer_format
[SGXSan] ALWAYS: Enter enc_wolfSSL_write
[SGXSan] ALWAYS: Enter enc_wolfSSL_get_error
[SGXSan] ALWAYS: Enter enc_wolfSSL_CTX_load_verify_buffer
[SGXSan] ALWAYS: Enter enc_wolfSSL_CTX_use_PrivateKey_buffer
[SGXSan] ALWAYS: Enter enc_wolfSSL_CTX_use_certificate_buffer
[SGXSan] ALWAYS: Enter enc_wolfTLSv1_2_server_method
[SGXSan] ALWAYS: Enter enc_wolfSSL_Debugging_ON
[SGXSan] ALWAYS: Enter enc_wolfSSL_CTX_new
[SGXSan] ALWAYS: Enter enc_wolfSSL_Cleanup
[SGXSan] ALWAYS: Enter enc_wolfSSL_connect
[SGXSan] ALWAYS: Enter wc_benchmark_test
------------------------------------------------------------------------------
 wolfSSL version 5.1.0
------------------------------------------------------------------------------
wolfCrypt Benchmark (block bytes 1048576, min 1.0 sec each)
RNG                 15 MB took 1.155 seconds,   12.985 MB/s
AES-128-CBC-enc     35 MB took 1.083 seconds,   32.314 MB/s
AES-128-CBC-dec     30 MB took 1.012 seconds,   29.637 MB/s
AES-192-CBC-enc     30 MB took 1.053 seconds,   28.502 MB/s
AES-192-CBC-dec     30 MB took 1.136 seconds,   26.406 MB/s
AES-256-CBC-enc     30 MB took 1.174 seconds,   25.555 MB/s
AES-256-CBC-dec     25 MB took 1.039 seconds,   24.073 MB/s
AES-128-GCM-enc     25 MB took 1.045 seconds,   23.934 MB/s
AES-128-GCM-dec     25 MB took 1.044 seconds,   23.956 MB/s
AES-192-GCM-enc     25 MB took 1.163 seconds,   21.488 MB/s
AES-192-GCM-dec     25 MB took 1.160 seconds,   21.559 MB/s
AES-256-GCM-enc     20 MB took 1.017 seconds,   19.663 MB/s
AES-256-GCM-dec     20 MB took 1.025 seconds,   19.516 MB/s
GMAC Table 4-bit    67 MB took 1.004 seconds,   66.735 MB/s
RABBIT              90 MB took 1.014 seconds,   88.731 MB/s
3DES                10 MB took 1.115 seconds,    8.966 MB/s
MD5                305 MB took 1.011 seconds,  301.633 MB/s
SHA                130 MB took 1.010 seconds,  128.756 MB/s
SHA-256             35 MB took 1.153 seconds,   30.353 MB/s
HMAC-MD5           305 MB took 1.013 seconds,  301.178 MB/s
HMAC-SHA           130 MB took 1.025 seconds,  126.850 MB/s
HMAC-SHA256         35 MB took 1.156 seconds,   30.264 MB/s
PBKDF2               4 KB took 1.007 seconds,    3.816 KB/s
RSA     2048 public       1400 ops took 1.005 sec, avg 0.718 ms, 1393.013 ops/sec
RSA     2048 private       100 ops took 3.654 sec, avg 36.541 ms, 27.367 ops/sec
DH      2048 key gen        66 ops took 1.010 sec, avg 15.307 ms, 65.328 ops/sec
DH      2048 agree         100 ops took 1.536 sec, avg 15.363 ms, 65.092 ops/sec
ECC   [      SECP256R1]   256 key gen      1423 ops took 1.000 sec, avg 0.703 ms, 1422.751 ops/sec
ECDHE [      SECP256R1]   256 agree        1000 ops took 1.082 sec, avg 1.082 ms, 923.824 ops/sec
ECDSA [      SECP256R1]   256 sign         1300 ops took 1.071 sec, avg 0.824 ms, 1213.370 ops/sec
ECDSA [      SECP256R1]   256 verify        900 ops took 1.032 sec, avg 1.146 ms, 872.270 ops/sec
Benchmark complete
[SGXSan] ALWAYS: Enter enc_wolfSSL_free
[SGXSan] ALWAYS: Enter enc_wolfSSL_set_fd
[SGXSan] ALWAYS: Enter enc_wolfTLSv1_2_client_method
[SGXSan] ALWAYS: Enter enc_wolfSSL_Init
[SGXSan] ALWAYS: Enter enc_wolfSSL_CTX_set_cipher_list
[SGXSan] ALWAYS: Enter enc_wolfSSL_Debugging_OFF
[SGXSan] ALWAYS: Enter enc_wolfSSL_read
[SGXSan] ALWAYS: Enter enc_wolfSSL_CTX_free
[SGXSan] ALWAYS: Enter enc_wolfSSL_Init
[SGXSan] ALWAYS: Enter enc_wolfSSL_CTX_free
[SGXSan] ALWAYS: Enter enc_wolfSSL_get_error
[SGXSan] ALWAYS: Enter enc_wolfSSL_Debugging_ON
[SGXSan] ALWAYS: Enter enc_wolfSSL_connect
[SGXSan] ALWAYS: Enter enc_wolfSSL_Debugging_OFF
[SGXSan] ALWAYS: Enter wc_benchmark_test
------------------------------------------------------------------------------
 wolfSSL version 5.1.0
------------------------------------------------------------------------------
wolfCrypt Benchmark (block bytes 1048576, min 1.0 sec each)
RNG                 15 MB took 1.127 seconds,   13.306 MB/s
AES-128-CBC-enc     35 MB took 1.058 seconds,   33.067 MB/s
AES-128-CBC-dec     35 MB took 1.155 seconds,   30.302 MB/s
AES-192-CBC-enc     30 MB took 1.053 seconds,   28.501 MB/s
AES-192-CBC-dec     30 MB took 1.160 seconds,   25.857 MB/s
AES-256-CBC-enc     30 MB took 1.182 seconds,   25.379 MB/s
AES-256-CBC-dec     25 MB took 1.046 seconds,   23.892 MB/s
AES-128-GCM-enc     25 MB took 1.043 seconds,   23.960 MB/s
AES-128-GCM-dec     25 MB took 1.041 seconds,   24.012 MB/s
AES-192-GCM-enc     25 MB took 1.176 seconds,   21.266 MB/s
AES-192-GCM-dec     25 MB took 1.162 seconds,   21.507 MB/s
AES-256-GCM-enc     20 MB took 1.010 seconds,   19.802 MB/s
AES-256-GCM-dec     20 MB took 1.013 seconds,   19.747 MB/s
GMAC Table 4-bit    69 MB took 1.009 seconds,   68.366 MB/s
RABBIT              95 MB took 1.047 seconds,   90.701 MB/s
3DES                10 MB took 1.083 seconds,    9.231 MB/s
MD5                310 MB took 1.015 seconds,  305.462 MB/s
SHA                130 MB took 1.020 seconds,  127.478 MB/s
SHA-256             35 MB took 1.145 seconds,   30.579 MB/s
HMAC-MD5           300 MB took 1.006 seconds,  298.278 MB/s
HMAC-SHA           130 MB took 1.039 seconds,  125.143 MB/s
HMAC-SHA256         35 MB took 1.158 seconds,   30.228 MB/s
PBKDF2               4 KB took 1.002 seconds,    3.679 KB/s
RSA     2048 public       1400 ops took 1.037 sec, avg 0.741 ms, 1349.736 ops/sec
RSA     2048 private       100 ops took 3.687 sec, avg 36.866 ms, 27.125 ops/sec
DH      2048 key gen        64 ops took 1.015 sec, avg 15.857 ms, 63.065 ops/sec
DH      2048 agree         100 ops took 1.564 sec, avg 15.640 ms, 63.937 ops/sec
ECC   [      SECP256R1]   256 key gen      1380 ops took 1.001 sec, avg 0.725 ms, 1379.149 ops/sec
ECDHE [      SECP256R1]   256 agree        1000 ops took 1.100 sec, avg 1.100 ms, 909.386 ops/sec
ECDSA [      SECP256R1]   256 sign         1300 ops took 1.066 sec, avg 0.820 ms, 1219.608 ops/sec
ECDSA [      SECP256R1]   256 verify        900 ops took 1.038 sec, avg 1.154 ms, 866.865 ops/sec
Benchmark complete
[SGXSan] ALWAYS: Enter enc_wolfSSL_CTX_use_PrivateKey_buffer
[SGXSan] ALWAYS: Enter enc_wolfSSL_set_fd
[SGXSan] ALWAYS: Enter enc_wolfSSL_CTX_load_verify_buffer
[SGXSan] ALWAYS: Enter enc_wolfSSL_write
[SGXSan] ALWAYS: Enter enc_wolfSSL_CTX_new
[SGXSan] ALWAYS: Enter enc_wolfTLSv1_2_server_method
[SGXSan] ALWAYS: Enter enc_wolfSSL_new
[SGXSan] ALWAYS: Enter enc_wolfSSL_read
[SGXSan] ALWAYS: Enter enc_wolfSSL_CTX_set_cipher_list
[SGXSan] ALWAYS: Enter enc_wolfSSL_CTX_use_certificate_chain_buffer_format
[SGXSan] ALWAYS: Enter enc_wolfSSL_free
[SGXSan] ALWAYS: Enter enc_wolfSSL_CTX_use_certificate_buffer
[SGXSan] ALWAYS: Enter enc_wolfTLSv1_2_client_method
[SGXSan] ALWAYS: Enter wc_test
------------------------------------------------------------------------------
 wolfSSL version 5.1.0
------------------------------------------------------------------------------
error    test passed!
MEMORY   test passed!
base64   test passed!
asn      test passed!
RANDOM   test passed!
MD5      test passed!
MD4      test passed!
SHA      test passed!
SHA-256  test passed!
Hash     test passed!
HMAC-MD5 test passed!
HMAC-SHA test passed!
HMAC-SHA256 test passed!
GMAC     test passed!
HC-128   test passed!
Rabbit   test passed!
DES      test passed!
DES3     test passed!
AES      test passed!
AES192   test passed!
AES256   test passed!
AES-GCM  test passed!
RSA      test passed!
DH       test passed!
DSA      test passed!
PWDBASED test passed!
ECC      test passed!
ECC buffer test passed!
logging  test passed!
mutex    test passed!
memcb    test failed!
 error = -13803
[SGXSan] ALWAYS: Enter enc_wolfSSL_Cleanup
#4	pulse  cov: 6301 ft: 6306 corp: 2/723Kb exec/s: 0 rss: 64Mb
[SGXSan] ALWAYS: Enter enc_wolfSSL_Init
[SGXSan] ALWAYS: Enter enc_wolfSSL_CTX_free
[SGXSan] ALWAYS: Enter enc_wolfSSL_get_error
[SGXSan] ALWAYS: Enter enc_wolfSSL_Debugging_ON
[SGXSan] ALWAYS: Enter enc_wolfSSL_connect
[SGXSan] ALWAYS: Enter enc_wolfSSL_Debugging_OFF
[SGXSan] ALWAYS: Enter wc_benchmark_test
------------------------------------------------------------------------------
 wolfSSL version 5.1.0
------------------------------------------------------------------------------
wolfCrypt Benchmark (block bytes 1048576, min 1.0 sec each)
RNG                 15 MB took 1.125 seconds,   13.339 MB/s
AES-128-CBC-enc     35 MB took 1.046 seconds,   33.465 MB/s
AES-128-CBC-dec     35 MB took 1.154 seconds,   30.324 MB/s
AES-192-CBC-enc     30 MB took 1.080 seconds,   27.767 MB/s
AES-192-CBC-dec     30 MB took 1.162 seconds,   25.819 MB/s
AES-256-CBC-enc     25 MB took 1.005 seconds,   24.867 MB/s
AES-256-CBC-dec     25 MB took 1.046 seconds,   23.902 MB/s
AES-128-GCM-enc     25 MB took 1.044 seconds,   23.944 MB/s
AES-128-GCM-dec     25 MB took 1.043 seconds,   23.970 MB/s
AES-192-GCM-enc     25 MB took 1.165 seconds,   21.457 MB/s
AES-192-GCM-dec     25 MB took 1.166 seconds,   21.442 MB/s
AES-256-GCM-enc     20 MB took 1.015 seconds,   19.703 MB/s
AES-256-GCM-dec     20 MB took 1.007 seconds,   19.858 MB/s
GMAC Table 4-bit    69 MB took 1.006 seconds,   68.568 MB/s
RABBIT              90 MB took 1.024 seconds,   87.856 MB/s
3DES                10 MB took 1.108 seconds,    9.029 MB/s
MD5                300 MB took 1.014 seconds,  295.953 MB/s
SHA                125 MB took 1.005 seconds,  124.410 MB/s
SHA-256             35 MB took 1.136 seconds,   30.819 MB/s
HMAC-MD5           305 MB took 1.004 seconds,  303.759 MB/s
HMAC-SHA           130 MB took 1.005 seconds,  129.349 MB/s
HMAC-SHA256         35 MB took 1.125 seconds,   31.103 MB/s
PBKDF2               4 KB took 1.006 seconds,    3.788 KB/s
RSA     2048 public       1400 ops took 1.001 sec, avg 0.715 ms, 1398.695 ops/sec
RSA     2048 private       100 ops took 3.769 sec, avg 37.689 ms, 26.533 ops/sec
DH      2048 key gen        61 ops took 1.002 sec, avg 16.421 ms, 60.898 ops/sec
DH      2048 agree         100 ops took 1.657 sec, avg 16.566 ms, 60.366 ops/sec
ECC   [      SECP256R1]   256 key gen      1406 ops took 1.000 sec, avg 0.711 ms, 1405.685 ops/sec
ECDHE [      SECP256R1]   256 agree        1000 ops took 1.101 sec, avg 1.101 ms, 908.324 ops/sec
ECDSA [      SECP256R1]   256 sign         1300 ops took 1.072 sec, avg 0.824 ms, 1212.995 ops/sec
ECDSA [      SECP256R1]   256 verify        900 ops took 1.042 sec, avg 1.158 ms, 863.600 ops/sec
Benchmark complete
[SGXSan] ALWAYS: Enter enc_wolfSSL_CTX_use_PrivateKey_buffer
[SGXSan] ALWAYS: Enter enc_wolfSSL_set_fd
[SGXSan] ALWAYS: Enter enc_wolfSSL_CTX_load_verify_buffer
[SGXSan] ALWAYS: Enter enc_wolfSSL_write
[SGXSan] ALWAYS: Enter enc_wolfSSL_CTX_new
[SGXSan] ALWAYS: Enter enc_wolfTLSv1_2_server_method
[SGXSan] ALWAYS: Enter enc_wolfSSL_new
[SGXSan] ALWAYS: Enter enc_wolfSSL_read
[SGXSan] ALWAYS: Enter enc_wolfSSL_CTX_set_cipher_list
[SGXSan] ALWAYS: Enter enc_wolfSSL_CTX_use_certificate_chain_buffer_format
[SGXSan] ALWAYS: Enter enc_wolfSSL_free
[SGXSan] ALWAYS: Enter enc_wolfSSL_CTX_use_certificate_buffer
[SGXSan] ALWAYS: Enter enc_wolfTLSv1_2_client_method
[SGXSan] ALWAYS: Enter wc_test
------------------------------------------------------------------------------
 wolfSSL version 5.1.0
------------------------------------------------------------------------------
error    test passed!
MEMORY   test passed!
base64   test passed!
asn      test passed!
RANDOM   test passed!
MD5      test passed!
MD4      test passed!
SHA      test passed!
SHA-256  test passed!
Hash     test passed!
HMAC-MD5 test passed!
HMAC-SHA test passed!
HMAC-SHA256 test passed!
GMAC     test passed!
HC-128   test passed!
Rabbit   test passed!
DES      test passed!
DES3     test passed!
AES      test passed!
AES192   test passed!
AES256   test passed!
AES-GCM  test passed!
RSA      test passed!
DH       test passed!
DSA      test passed!
PWDBASED test passed!
ECC      test passed!
ECC buffer test passed!
logging  test passed!
mutex    test passed!
memcb    test failed!
 error = -13803
[SGXSan] ALWAYS: Enter enc_wolfSSL_Cleanup
[SGXSan] ALWAYS: Enter enc_wolfSSL_set_fd
[SGXSan] ALWAYS: Enter enc_wolfSSL_CTX_new
[SGXSan] ALWAYS: Enter enc_wolfSSL_free
[SGXSan] ALWAYS: Enter enc_wolfSSL_get_error
[SGXSan] ALWAYS: Enter enc_wolfSSL_read
[SGXSan] ALWAYS: Enter enc_wolfTLSv1_2_server_method
[SGXSan] ALWAYS: Enter enc_wolfSSL_Debugging_OFF
[SGXSan] ALWAYS: Enter enc_wolfSSL_CTX_use_certificate_buffer
[SGXSan] ALWAYS: Enter enc_wolfSSL_Cleanup
[SGXSan] ALWAYS: Enter enc_wolfSSL_Debugging_ON
[SGXSan] ALWAYS: Enter enc_wolfTLSv1_2_client_method
[SGXSan] ALWAYS: Enter enc_wolfSSL_CTX_set_cipher_list
[SGXSan] ALWAYS: Enter enc_wolfSSL_CTX_free
[SGXSan] ALWAYS: Enter enc_wolfSSL_CTX_load_verify_buffer
[SGXSan] ALWAYS: Enter enc_wolfSSL_write
[SGXSan] ALWAYS: Enter enc_wolfSSL_new
[SGXSan] ALWAYS: Enter wc_test
------------------------------------------------------------------------------
 wolfSSL version 5.1.0
------------------------------------------------------------------------------
error    test passed!
MEMORY   test passed!
base64   test passed!
asn      test passed!
RANDOM   test passed!
MD5      test passed!
MD4      test passed!
SHA      test passed!
SHA-256  test passed!
Hash     test passed!
HMAC-MD5 test passed!
HMAC-SHA test passed!
HMAC-SHA256 test passed!
GMAC     test passed!
HC-128   test passed!
Rabbit   test passed!
DES      test passed!
DES3     test passed!
AES      test passed!
AES192   test passed!
AES256   test passed!
AES-GCM  test passed!
RSA      test passed!
DH       test passed!
DSA      test passed!
PWDBASED test passed!
ECC      test passed!
ECC buffer test passed!
logging  test passed!
mutex    test passed!
memcb    test failed!
 error = -13803
[SGXSan] ALWAYS: Enter enc_wolfSSL_CTX_use_PrivateKey_buffer
[SGXSan] ALWAYS: Enter wc_benchmark_test
------------------------------------------------------------------------------
 wolfSSL version 5.1.0
------------------------------------------------------------------------------
wolfCrypt Benchmark (block bytes 1048576, min 1.0 sec each)
RNG                 15 MB took 1.132 seconds,   13.248 MB/s
AES-128-CBC-enc     35 MB took 1.049 seconds,   33.379 MB/s
AES-128-CBC-dec     35 MB took 1.139 seconds,   30.730 MB/s
AES-192-CBC-enc     30 MB took 1.060 seconds,   28.306 MB/s
AES-192-CBC-dec     30 MB took 1.133 seconds,   26.475 MB/s
AES-256-CBC-enc     30 MB took 1.184 seconds,   25.332 MB/s
AES-256-CBC-dec     25 MB took 1.045 seconds,   23.927 MB/s
AES-128-GCM-enc     25 MB took 1.046 seconds,   23.892 MB/s
AES-128-GCM-dec     25 MB took 1.037 seconds,   24.118 MB/s
AES-192-GCM-enc     25 MB took 1.170 seconds,   21.375 MB/s
AES-192-GCM-dec     25 MB took 1.160 seconds,   21.557 MB/s
AES-256-GCM-enc     20 MB took 1.006 seconds,   19.876 MB/s
AES-256-GCM-dec     20 MB took 1.022 seconds,   19.568 MB/s
GMAC Table 4-bit    69 MB took 1.010 seconds,   68.297 MB/s
RABBIT              95 MB took 1.047 seconds,   90.702 MB/s
3DES                10 MB took 1.081 seconds,    9.253 MB/s
MD5                305 MB took 1.007 seconds,  303.027 MB/s
SHA                130 MB took 1.005 seconds,  129.310 MB/s
SHA-256             35 MB took 1.127 seconds,   31.062 MB/s
HMAC-MD5           305 MB took 1.013 seconds,  301.209 MB/s
HMAC-SHA           130 MB took 1.035 seconds,  125.575 MB/s
HMAC-SHA256         35 MB took 1.154 seconds,   30.317 MB/s
PBKDF2               4 KB took 1.004 seconds,    3.672 KB/s
RSA     2048 public       1400 ops took 1.027 sec, avg 0.734 ms, 1363.155 ops/sec
RSA     2048 private       100 ops took 3.669 sec, avg 36.687 ms, 27.258 ops/sec
DH      2048 key gen        64 ops took 1.007 sec, avg 15.732 ms, 63.565 ops/sec
DH      2048 agree         100 ops took 1.554 sec, avg 15.540 ms, 64.349 ops/sec
ECC   [      SECP256R1]   256 key gen      1417 ops took 1.000 sec, avg 0.706 ms, 1416.626 ops/sec
ECDHE [      SECP256R1]   256 agree        1000 ops took 1.082 sec, avg 1.082 ms, 924.440 ops/sec
ECDSA [      SECP256R1]   256 sign         1200 ops took 1.011 sec, avg 0.842 ms, 1187.033 ops/sec
ECDSA [      SECP256R1]   256 verify        900 ops took 1.058 sec, avg 1.175 ms, 850.773 ops/sec
Benchmark complete
[SGXSan] ALWAYS: Enter enc_wolfSSL_Init
[SGXSan] ALWAYS: Enter enc_wolfSSL_connect
[SGXSan] ALWAYS: Enter enc_wolfSSL_CTX_use_certificate_chain_buffer_format
#6	INITED cov: 6301 ft: 6311 corp: 3/1104Kb exec/s: 0 rss: 77Mb
[SGXSan] ALWAYS: Enter enc_wolfSSL_new
[SGXSan] ALWAYS: Enter enc_wolfSSL_connect
[SGXSan] ALWAYS: Enter enc_wolfSSL_write
[SGXSan] ALWAYS: Enter enc_wolfSSL_CTX_set_cipher_list
[SGXSan] ALWAYS: Enter enc_wolfSSL_read
[SGXSan] ALWAYS: Enter enc_wolfSSL_CTX_use_PrivateKey_buffer
[SGXSan] ALWAYS: Enter enc_wolfSSL_CTX_load_verify_buffer
[SGXSan] ALWAYS: Enter enc_wolfSSL_Cleanup
[SGXSan] ALWAYS: Enter wc_benchmark_test
------------------------------------------------------------------------------
 wolfSSL version 5.1.0
------------------------------------------------------------------------------
wolfCrypt Benchmark (block bytes 1048576, min 1.0 sec each)
RNG                 15 MB took 1.148 seconds,   13.062 MB/s
AES-128-CBC-enc     35 MB took 1.079 seconds,   32.424 MB/s
AES-128-CBC-dec     30 MB took 1.005 seconds,   29.847 MB/s
AES-192-CBC-enc     30 MB took 1.055 seconds,   28.442 MB/s
AES-192-CBC-dec     30 MB took 1.124 seconds,   26.696 MB/s
AES-256-CBC-enc     30 MB took 1.165 seconds,   25.760 MB/s
AES-256-CBC-dec     25 MB took 1.028 seconds,   24.311 MB/s
AES-128-GCM-enc     25 MB took 1.039 seconds,   24.055 MB/s
AES-128-GCM-dec     25 MB took 1.065 seconds,   23.478 MB/s
AES-192-GCM-enc     25 MB took 1.172 seconds,   21.337 MB/s
AES-192-GCM-dec     25 MB took 1.195 seconds,   20.921 MB/s
AES-256-GCM-enc     20 MB took 1.035 seconds,   19.333 MB/s
AES-256-GCM-dec     20 MB took 1.028 seconds,   19.459 MB/s
GMAC Table 4-bit    67 MB took 1.008 seconds,   66.459 MB/s
RABBIT              95 MB took 1.047 seconds,   90.703 MB/s
3DES                10 MB took 1.086 seconds,    9.210 MB/s
MD5                305 MB took 1.005 seconds,  303.449 MB/s
SHA                130 MB took 1.009 seconds,  128.839 MB/s
SHA-256             35 MB took 1.129 seconds,   31.003 MB/s
HMAC-MD5           305 MB took 1.002 seconds,  304.334 MB/s
HMAC-SHA           130 MB took 1.010 seconds,  128.692 MB/s
HMAC-SHA256         35 MB took 1.147 seconds,   30.508 MB/s
PBKDF2               4 KB took 1.001 seconds,    3.684 KB/s
RSA     2048 public       1400 ops took 1.044 sec, avg 0.746 ms, 1340.574 ops/sec
RSA     2048 private       100 ops took 3.689 sec, avg 36.894 ms, 27.105 ops/sec
DH      2048 key gen        65 ops took 1.007 sec, avg 15.489 ms, 64.563 ops/sec
DH      2048 agree         100 ops took 1.528 sec, avg 15.284 ms, 65.430 ops/sec
ECC   [      SECP256R1]   256 key gen      1421 ops took 1.001 sec, avg 0.704 ms, 1420.233 ops/sec
ECDHE [      SECP256R1]   256 agree        1000 ops took 1.095 sec, avg 1.095 ms, 913.641 ops/sec
ECDSA [      SECP256R1]   256 sign         1300 ops took 1.074 sec, avg 0.826 ms, 1210.294 ops/sec
ECDSA [      SECP256R1]   256 verify        900 ops took 1.030 sec, avg 1.145 ms, 873.626 ops/sec
Benchmark complete
[SGXSan] ALWAYS: Enter enc_wolfTLSv1_2_server_method
[SGXSan] ALWAYS: Enter enc_wolfSSL_CTX_free
[SGXSan] ALWAYS: Enter enc_wolfSSL_set_fd
[SGXSan] ALWAYS: Enter enc_wolfSSL_free
[SGXSan] ALWAYS: Enter enc_wolfSSL_CTX_use_certificate_chain_buffer_format
[SGXSan] ALWAYS: Enter enc_wolfSSL_CTX_use_certificate_buffer
[SGXSan] ALWAYS: Enter wc_test
------------------------------------------------------------------------------
 wolfSSL version 5.1.0
------------------------------------------------------------------------------
error    test passed!
MEMORY   test passed!
base64   test passed!
asn      test passed!
RANDOM   test passed!
MD5      test passed!
MD4      test passed!
SHA      test passed!
SHA-256  test passed!
Hash     test passed!
HMAC-MD5 test passed!
HMAC-SHA test passed!
HMAC-SHA256 test passed!
GMAC     test passed!
HC-128   test passed!
Rabbit   test passed!
DES      test passed!
DES3     test passed!
AES      test passed!
AES192   test passed!
AES256   test passed!
AES-GCM  test passed!
RSA      test passed!
DH       test passed!
DSA      test passed!
PWDBASED test passed!
ECC      test passed!
ECC buffer test passed!
logging  test passed!
mutex    test passed!
memcb    test failed!
 error = -13803
[SGXSan] ALWAYS: Enter enc_wolfSSL_CTX_new
[SGXSan] ALWAYS: Enter enc_wolfSSL_Init
[SGXSan] ALWAYS: Enter enc_wolfSSL_get_error
[SGXSan] ALWAYS: Enter enc_wolfTLSv1_2_client_method
[SGXSan] ALWAYS: Enter enc_wolfSSL_Debugging_OFF
[SGXSan] ALWAYS: Enter enc_wolfSSL_Debugging_ON
#7	NEW    cov: 6301 ft: 6316 corp: 4/1484Kb lim: 1000000 exec/s: 0 rss: 83Mb L: 390122/390122 MS: 2 ChangeBinInt-Custom-
#7	DONE   cov: 6301 ft: 6316 corp: 4/1484Kb lim: 1000000 exec/s: 0 rss: 83Mb
Done 7 runs in 294 second(s)
stat::number_of_executed_units: 7
stat::average_exec_per_sec:     0
stat::new_units_added:          1
stat::slowest_unit_time_sec:    42
stat::peak_rss_mb:              83
