WARNING: Failed to find function "__sanitizer_acquire_crash_state".
WARNING: Failed to find function "__sanitizer_print_stack_trace".
WARNING: Failed to find function "__sanitizer_set_death_callback".
[CEnclavePool /home/leone/Documents/linux-sgx/psw/urts/enclave.cpp:638] enter CEnclavePool constructor
[2023-01-15 22:31:26.972] [Init] Num of ECall: 22
[2023-01-15 22:31:26.972] ECalls:
  0 - fuzz_enc_wolfSSL_CTX_free
  1 - fuzz_enc_wolfSSL_CTX_load_verify_buffer
  2 - fuzz_enc_wolfSSL_CTX_new
  3 - fuzz_enc_wolfSSL_CTX_set_cipher_list
  4 - fuzz_enc_wolfSSL_CTX_use_PrivateKey_buffer
  5 - fuzz_enc_wolfSSL_CTX_use_certificate_buffer
  6 - fuzz_enc_wolfSSL_CTX_use_certificate_chain_buffer_format
  7 - fuzz_enc_wolfSSL_Cleanup
  8 - fuzz_enc_wolfSSL_Debugging_OFF
  9 - fuzz_enc_wolfSSL_Debugging_ON
  10 - fuzz_enc_wolfSSL_Init
  11 - fuzz_enc_wolfSSL_connect
  12 - fuzz_enc_wolfSSL_free
  13 - fuzz_enc_wolfSSL_get_error
  14 - fuzz_enc_wolfSSL_new
  15 - fuzz_enc_wolfSSL_read
  16 - fuzz_enc_wolfSSL_set_fd
  17 - fuzz_enc_wolfSSL_write
  18 - fuzz_enc_wolfTLSv1_2_client_method
  19 - fuzz_enc_wolfTLSv1_2_server_method
  20 - fuzz_wc_benchmark_test
  21 - fuzz_wc_test

INFO: found LLVMFuzzerCustomMutator (0x44ac30). Disabling -len_control by default.
INFO: libFuzzer ignores flags that start with '--'
INFO: Running with entropic power schedule (0xFF, 100).
INFO: Seed: 3365117835
INFO: Loaded 1 modules   (291 inline 8-bit counters): 291 [0x4cb7e8, 0x4cb90b), 
INFO: Loaded 1 PC tables (291 PCs): 291 [0x4cb910,0x4ccb40), 
INFO:        0 files found in /tmp/libFuzzerTemp.FuzzWithFork422940.dir/C293
[SGXSan] ALWAYS: Hook __sanitizer_cov_8bit_counters_init of Enclave, 21636 inline 8-bit counts [0x7f7c563259c0, 0x7f7c5632ae44) (First time)
[SGXSan] ALWAYS: Hook __sanitizer_cov_pcs_init of Enclave, 21636 PCs [0x7f7c5632ae48, 0x7f7c5637f688) (First time)
[SGXSan] ALWAYS: Enter enc_wolfSSL_CTX_free
[SGXSan] ALWAYS: Enter enc_wolfSSL_CTX_load_verify_buffer
[SGXSan] ALWAYS: Enter enc_wolfSSL_CTX_new
[SGXSan] ALWAYS: Enter enc_wolfSSL_CTX_set_cipher_list
[SGXSan] ALWAYS: Enter enc_wolfSSL_CTX_use_PrivateKey_buffer
[SGXSan] ALWAYS: Enter enc_wolfSSL_CTX_use_certificate_buffer
[SGXSan] ALWAYS: Enter enc_wolfSSL_CTX_use_certificate_chain_buffer_format
[SGXSan] ALWAYS: Enter enc_wolfSSL_Cleanup
[SGXSan] ALWAYS: Enter enc_wolfSSL_Debugging_OFF
[SGXSan] ALWAYS: Enter enc_wolfSSL_Debugging_ON
[SGXSan] ALWAYS: Enter enc_wolfSSL_Init
[SGXSan] ALWAYS: Enter enc_wolfSSL_connect
[SGXSan] ALWAYS: Enter enc_wolfSSL_free
[SGXSan] ALWAYS: Enter enc_wolfSSL_get_error
[SGXSan] ALWAYS: Enter enc_wolfSSL_new
[SGXSan] ALWAYS: Enter enc_wolfSSL_read
[SGXSan] ALWAYS: Enter enc_wolfSSL_set_fd
[SGXSan] ALWAYS: Enter enc_wolfSSL_write
[SGXSan] ALWAYS: Enter enc_wolfTLSv1_2_client_method
[SGXSan] ALWAYS: Enter enc_wolfTLSv1_2_server_method
[SGXSan] ALWAYS: Enter wc_benchmark_test
------------------------------------------------------------------------------
 wolfSSL version 5.1.0
------------------------------------------------------------------------------
wolfCrypt Benchmark (block bytes 1048576, min 1.0 sec each)
RNG                 15 MB took 1.178 seconds,   12.732 MB/s
AES-128-CBC-enc     35 MB took 1.106 seconds,   31.631 MB/s
AES-128-CBC-dec     35 MB took 1.161 seconds,   30.135 MB/s
AES-192-CBC-enc     30 MB took 1.056 seconds,   28.422 MB/s
AES-192-CBC-dec     30 MB took 1.125 seconds,   26.671 MB/s
AES-256-CBC-enc     30 MB took 1.168 seconds,   25.692 MB/s
AES-256-CBC-dec     25 MB took 1.033 seconds,   24.194 MB/s
AES-128-GCM-enc     25 MB took 1.044 seconds,   23.946 MB/s
AES-128-GCM-dec     25 MB took 1.044 seconds,   23.957 MB/s
AES-192-GCM-enc     25 MB took 1.168 seconds,   21.400 MB/s
AES-192-GCM-dec     25 MB took 1.166 seconds,   21.438 MB/s
AES-256-GCM-enc     20 MB took 1.016 seconds,   19.687 MB/s
AES-256-GCM-dec     20 MB took 1.019 seconds,   19.626 MB/s
GMAC Table 4-bit    69 MB took 1.009 seconds,   68.355 MB/s
RABBIT              95 MB took 1.044 seconds,   90.985 MB/s
3DES                10 MB took 1.083 seconds,    9.234 MB/s
MD5                305 MB took 1.010 seconds,  301.835 MB/s
SHA                130 MB took 1.013 seconds,  128.390 MB/s
SHA-256             35 MB took 1.129 seconds,   30.990 MB/s
HMAC-MD5           310 MB took 1.016 seconds,  305.114 MB/s
HMAC-SHA           130 MB took 1.005 seconds,  129.391 MB/s
HMAC-SHA256         35 MB took 1.137 seconds,   30.784 MB/s
PBKDF2               4 KB took 1.003 seconds,    3.612 KB/s
RSA     2048 public       1400 ops took 1.039 sec, avg 0.742 ms, 1348.077 ops/sec
RSA     2048 private       100 ops took 3.728 sec, avg 37.276 ms, 26.827 ops/sec
DH      2048 key gen        65 ops took 1.000 sec, avg 15.390 ms, 64.976 ops/sec
DH      2048 agree         100 ops took 1.538 sec, avg 15.381 ms, 65.016 ops/sec
ECC   [      SECP256R1]   256 key gen      1429 ops took 1.000 sec, avg 0.700 ms, 1428.729 ops/sec
ECDHE [      SECP256R1]   256 agree        1000 ops took 1.080 sec, avg 1.080 ms, 926.170 ops/sec
ECDSA [      SECP256R1]   256 sign         1200 ops took 1.003 sec, avg 0.836 ms, 1196.306 ops/sec
ECDSA [      SECP256R1]   256 verify        900 ops took 1.062 sec, avg 1.179 ms, 847.849 ops/sec
Benchmark complete
[SGXSan] ALWAYS: Enter wc_test
INFO: seed corpus: files: 5 min: 370191b max: 390122b total: 1930679b rss: 44Mb
------------------------------------------------------------------------------
 wolfSSL version 5.1.0
------------------------------------------------------------------------------
error    test passed!
MEMORY   test passed!
base64   test passed!
asn      test passed!
RANDOM   test passed!
MD5      test passed!
MD4      test passed!
SHA      test passed!
SHA-256  test passed!
Hash     test passed!
HMAC-MD5 test passed!
HMAC-SHA test passed!
HMAC-SHA256 test passed!
GMAC     test passed!
HC-128   test passed!
Rabbit   test passed!
DES      test passed!
DES3     test passed!
AES      test passed!
AES192   test passed!
AES256   test passed!
AES-GCM  test passed!
RSA      test passed!
DH       test passed!
DSA      test passed!
PWDBASED test passed!
ECC      test passed!
ECC buffer test passed!
logging  test passed!
mutex    test passed!
memcb    test passed!
Test complete
[SGXSan] ALWAYS: Enter enc_wolfSSL_CTX_load_verify_buffer
[SGXSan] ALWAYS: Enter enc_wolfSSL_CTX_new
[SGXSan] ALWAYS: Enter enc_wolfSSL_CTX_free
[SGXSan] ALWAYS: Enter enc_wolfSSL_Debugging_ON
[SGXSan] ALWAYS: Enter wc_benchmark_test
------------------------------------------------------------------------------
 wolfSSL version 5.1.0
------------------------------------------------------------------------------
wolfCrypt Benchmark (block bytes 1048576, min 1.0 sec each)
RNG                 15 MB took 1.135 seconds,   13.215 MB/s
AES-128-CBC-enc     35 MB took 1.052 seconds,   33.285 MB/s
AES-128-CBC-dec     35 MB took 1.154 seconds,   30.320 MB/s
AES-192-CBC-enc     30 MB took 1.078 seconds,   27.820 MB/s
AES-192-CBC-dec     30 MB took 1.147 seconds,   26.146 MB/s
AES-256-CBC-enc     30 MB took 1.200 seconds,   25.002 MB/s
AES-256-CBC-dec     25 MB took 1.053 seconds,   23.749 MB/s
AES-128-GCM-enc     25 MB took 1.050 seconds,   23.804 MB/s
AES-128-GCM-dec     25 MB took 1.039 seconds,   24.068 MB/s
AES-192-GCM-enc     25 MB took 1.175 seconds,   21.282 MB/s
AES-192-GCM-dec     25 MB took 1.167 seconds,   21.429 MB/s
AES-256-GCM-enc     20 MB took 1.012 seconds,   19.758 MB/s
AES-256-GCM-dec     20 MB took 1.023 seconds,   19.547 MB/s
GMAC Table 4-bit    69 MB took 1.008 seconds,   68.428 MB/s
RABBIT              95 MB took 1.055 seconds,   90.087 MB/s
3DES                10 MB took 1.085 seconds,    9.219 MB/s
MD5                305 MB took 1.006 seconds,  303.289 MB/s
SHA                130 MB took 1.031 seconds,  126.052 MB/s
SHA-256             35 MB took 1.132 seconds,   30.931 MB/s
HMAC-MD5           305 MB took 1.005 seconds,  303.610 MB/s
HMAC-SHA           130 MB took 1.026 seconds,  126.678 MB/s
HMAC-SHA256         35 MB took 1.157 seconds,   30.243 MB/s
PBKDF2               4 KB took 1.008 seconds,    3.690 KB/s
RSA     2048 public       1400 ops took 1.032 sec, avg 0.737 ms, 1356.692 ops/sec
RSA     2048 private       100 ops took 3.662 sec, avg 36.616 ms, 27.310 ops/sec
DH      2048 key gen        65 ops took 1.006 sec, avg 15.481 ms, 64.595 ops/sec
DH      2048 agree         100 ops took 1.557 sec, avg 15.572 ms, 64.218 ops/sec
ECC   [      SECP256R1]   256 key gen      1379 ops took 1.000 sec, avg 0.725 ms, 1378.825 ops/sec
ECDHE [      SECP256R1]   256 agree        1000 ops took 1.110 sec, avg 1.110 ms, 900.748 ops/sec
ECDSA [      SECP256R1]   256 sign         1200 ops took 1.026 sec, avg 0.855 ms, 1169.348 ops/sec
ECDSA [      SECP256R1]   256 verify        900 ops took 1.066 sec, avg 1.185 ms, 844.105 ops/sec
Benchmark complete
[SGXSan] ALWAYS: Enter enc_wolfTLSv1_2_server_method
[SGXSan] ALWAYS: Enter enc_wolfSSL_Debugging_OFF
[SGXSan] ALWAYS: Enter enc_wolfSSL_set_fd
[SGXSan] ALWAYS: Enter enc_wolfSSL_free
[SGXSan] ALWAYS: Enter enc_wolfSSL_Init
[SGXSan] ALWAYS: Enter enc_wolfTLSv1_2_client_method
[SGXSan] ALWAYS: Enter enc_wolfSSL_CTX_use_certificate_buffer
[SGXSan] ALWAYS: Enter enc_wolfSSL_Cleanup
[SGXSan] ALWAYS: Enter enc_wolfSSL_CTX_use_certificate_chain_buffer_format
[SGXSan] ALWAYS: Enter enc_wolfSSL_CTX_set_cipher_list
[SGXSan] ALWAYS: Enter enc_wolfSSL_get_error
[SGXSan] ALWAYS: Enter enc_wolfSSL_new
[SGXSan] ALWAYS: Enter enc_wolfSSL_read
[SGXSan] ALWAYS: Enter enc_wolfSSL_connect
[SGXSan] ALWAYS: Enter enc_wolfSSL_write
[SGXSan] ALWAYS: Enter enc_wolfSSL_CTX_use_PrivateKey_buffer
[SGXSan] ALWAYS: Enter wc_test
#2	pulse  ft: 6290 exec/s: 0 rss: 50Mb
Slowest unit: 42 s:
artifact_prefix='./crashes/'; Test unit written to ./crashes/slow-unit-96909ea58d2e80ea57583f4c55878b5a1d153797
------------------------------------------------------------------------------
 wolfSSL version 5.1.0
------------------------------------------------------------------------------
error    test passed!
MEMORY   test passed!
base64   test passed!
asn      test passed!
RANDOM   test passed!
MD5      test passed!
MD4      test passed!
SHA      test passed!
SHA-256  test passed!
Hash     test passed!
HMAC-MD5 test passed!
HMAC-SHA test passed!
HMAC-SHA256 test passed!
GMAC     test passed!
HC-128   test passed!
Rabbit   test passed!
DES      test passed!
DES3     test passed!
AES      test passed!
AES192   test passed!
AES256   test passed!
AES-GCM  test passed!
RSA      test passed!
DH       test passed!
DSA      test passed!
PWDBASED test passed!
ECC      test passed!
ECC buffer test passed!
logging  test passed!
mutex    test passed!
memcb    test failed!
 error = -13803
[SGXSan] ALWAYS: Enter enc_wolfSSL_get_error
[SGXSan] ALWAYS: Enter enc_wolfSSL_Init
[SGXSan] ALWAYS: Enter enc_wolfTLSv1_2_client_method
[SGXSan] ALWAYS: Enter enc_wolfSSL_CTX_use_PrivateKey_buffer
[SGXSan] ALWAYS: Enter enc_wolfSSL_Cleanup
[SGXSan] ALWAYS: Enter enc_wolfSSL_Debugging_OFF
[SGXSan] ALWAYS: Enter enc_wolfSSL_read
[SGXSan] ALWAYS: Enter enc_wolfSSL_free
[SGXSan] ALWAYS: Enter wc_test
------------------------------------------------------------------------------
 wolfSSL version 5.1.0
------------------------------------------------------------------------------
error    test passed!
MEMORY   test passed!
base64   test passed!
asn      test passed!
RANDOM   test passed!
MD5      test passed!
MD4      test passed!
SHA      test passed!
SHA-256  test passed!
Hash     test passed!
HMAC-MD5 test passed!
HMAC-SHA test passed!
HMAC-SHA256 test passed!
GMAC     test passed!
HC-128   test passed!
Rabbit   test passed!
DES      test passed!
DES3     test passed!
AES      test passed!
AES192   test passed!
AES256   test passed!
AES-GCM  test passed!
RSA      test passed!
DH       test passed!
DSA      test passed!
PWDBASED test passed!
ECC      test passed!
ECC buffer test passed!
logging  test passed!
mutex    test passed!
memcb    test failed!
 error = -13803
[SGXSan] ALWAYS: Enter enc_wolfSSL_new
[SGXSan] ALWAYS: Enter enc_wolfSSL_CTX_free
[SGXSan] ALWAYS: Enter enc_wolfSSL_CTX_new
[SGXSan] ALWAYS: Enter enc_wolfSSL_set_fd
[SGXSan] ALWAYS: Enter enc_wolfSSL_CTX_load_verify_buffer
[SGXSan] ALWAYS: Enter enc_wolfSSL_write
[SGXSan] ALWAYS: Enter enc_wolfSSL_Debugging_ON
[SGXSan] ALWAYS: Enter wc_benchmark_test
------------------------------------------------------------------------------
 wolfSSL version 5.1.0
------------------------------------------------------------------------------
wolfCrypt Benchmark (block bytes 1048576, min 1.0 sec each)
RNG                 15 MB took 1.135 seconds,   13.221 MB/s
AES-128-CBC-enc     35 MB took 1.067 seconds,   32.812 MB/s
AES-128-CBC-dec     35 MB took 1.161 seconds,   30.144 MB/s
AES-192-CBC-enc     30 MB took 1.071 seconds,   28.005 MB/s
AES-192-CBC-dec     30 MB took 1.147 seconds,   26.162 MB/s
AES-256-CBC-enc     30 MB took 1.177 seconds,   25.497 MB/s
AES-256-CBC-dec     25 MB took 1.031 seconds,   24.255 MB/s
AES-128-GCM-enc     25 MB took 1.060 seconds,   23.575 MB/s
AES-128-GCM-dec     25 MB took 1.037 seconds,   24.097 MB/s
AES-192-GCM-enc     25 MB took 1.170 seconds,   21.363 MB/s
AES-192-GCM-dec     25 MB took 1.161 seconds,   21.532 MB/s
AES-256-GCM-enc     20 MB took 1.018 seconds,   19.655 MB/s
AES-256-GCM-dec     20 MB took 1.014 seconds,   19.718 MB/s
GMAC Table 4-bit    69 MB took 1.011 seconds,   68.281 MB/s
RABBIT              95 MB took 1.038 seconds,   91.555 MB/s
3DES                10 MB took 1.075 seconds,    9.298 MB/s
MD5                305 MB took 1.006 seconds,  303.160 MB/s
SHA                130 MB took 1.014 seconds,  128.188 MB/s
SHA-256             35 MB took 1.131 seconds,   30.942 MB/s
HMAC-MD5           305 MB took 1.005 seconds,  303.501 MB/s
HMAC-SHA           130 MB took 1.005 seconds,  129.330 MB/s
HMAC-SHA256         35 MB took 1.124 seconds,   31.135 MB/s
PBKDF2               4 KB took 1.003 seconds,    3.740 KB/s
RSA     2048 public       1400 ops took 1.001 sec, avg 0.715 ms, 1398.090 ops/sec
RSA     2048 private       100 ops took 3.617 sec, avg 36.167 ms, 27.650 ops/sec
DH      2048 key gen        66 ops took 1.014 sec, avg 15.371 ms, 65.057 ops/sec
DH      2048 agree         100 ops took 1.545 sec, avg 15.449 ms, 64.728 ops/sec
ECC   [      SECP256R1]   256 key gen      1434 ops took 1.001 sec, avg 0.698 ms, 1433.054 ops/sec
ECDHE [      SECP256R1]   256 agree        1000 ops took 1.094 sec, avg 1.094 ms, 914.383 ops/sec
ECDSA [      SECP256R1]   256 sign         1300 ops took 1.080 sec, avg 0.831 ms, 1203.267 ops/sec
ECDSA [      SECP256R1]   256 verify        900 ops took 1.044 sec, avg 1.160 ms, 861.899 ops/sec
Benchmark complete
[SGXSan] ALWAYS: Enter enc_wolfSSL_connect
[SGXSan] ALWAYS: Enter enc_wolfSSL_CTX_use_certificate_chain_buffer_format
[SGXSan] ALWAYS: Enter enc_wolfSSL_CTX_set_cipher_list
[SGXSan] ALWAYS: Enter enc_wolfSSL_CTX_use_certificate_buffer
[SGXSan] ALWAYS: Enter enc_wolfTLSv1_2_server_method
[SGXSan] ALWAYS: Enter enc_wolfSSL_free
[SGXSan] ALWAYS: Enter enc_wolfSSL_new
[SGXSan] ALWAYS: Enter enc_wolfSSL_write
[SGXSan] ALWAYS: Enter enc_wolfSSL_CTX_set_cipher_list
[SGXSan] ALWAYS: Enter enc_wolfSSL_Init
[SGXSan] ALWAYS: Enter wc_test
------------------------------------------------------------------------------
 wolfSSL version 5.1.0
------------------------------------------------------------------------------
error    test passed!
MEMORY   test passed!
base64   test passed!
asn      test passed!
RANDOM   test passed!
MD5      test passed!
MD4      test passed!
SHA      test passed!
SHA-256  test passed!
Hash     test passed!
HMAC-MD5 test passed!
HMAC-SHA test passed!
HMAC-SHA256 test passed!
GMAC     test passed!
HC-128   test passed!
Rabbit   test passed!
DES      test passed!
DES3     test passed!
AES      test passed!
AES192   test passed!
AES256   test passed!
AES-GCM  test passed!
RSA      test passed!
DH       test passed!
DSA      test passed!
PWDBASED test passed!
ECC      test passed!
ECC buffer test passed!
logging  test passed!
mutex    test passed!
memcb    test failed!
 error = -13803
[SGXSan] ALWAYS: Enter enc_wolfSSL_CTX_use_certificate_chain_buffer_format
[SGXSan] ALWAYS: Enter enc_wolfSSL_connect
[SGXSan] ALWAYS: Enter wc_benchmark_test
------------------------------------------------------------------------------
 wolfSSL version 5.1.0
------------------------------------------------------------------------------
wolfCrypt Benchmark (block bytes 1048576, min 1.0 sec each)
RNG                 15 MB took 1.134 seconds,   13.226 MB/s
AES-128-CBC-enc     35 MB took 1.053 seconds,   33.239 MB/s
AES-128-CBC-dec     35 MB took 1.157 seconds,   30.259 MB/s
AES-192-CBC-enc     30 MB took 1.052 seconds,   28.529 MB/s
AES-192-CBC-dec     30 MB took 1.124 seconds,   26.681 MB/s
AES-256-CBC-enc     30 MB took 1.167 seconds,   25.700 MB/s
AES-256-CBC-dec     25 MB took 1.048 seconds,   23.865 MB/s
AES-128-GCM-enc     25 MB took 1.016 seconds,   24.608 MB/s
AES-128-GCM-dec     25 MB took 1.033 seconds,   24.212 MB/s
AES-192-GCM-enc     25 MB took 1.186 seconds,   21.079 MB/s
AES-192-GCM-dec     25 MB took 1.191 seconds,   20.991 MB/s
AES-256-GCM-enc     20 MB took 1.050 seconds,   19.046 MB/s
AES-256-GCM-dec     20 MB took 1.035 seconds,   19.328 MB/s
GMAC Table 4-bit    68 MB took 1.001 seconds,   67.906 MB/s
RABBIT              95 MB took 1.036 seconds,   91.687 MB/s
3DES                10 MB took 1.083 seconds,    9.232 MB/s
MD5                300 MB took 1.002 seconds,  299.538 MB/s
SHA                130 MB took 1.012 seconds,  128.402 MB/s
SHA-256             35 MB took 1.146 seconds,   30.543 MB/s
HMAC-MD5           305 MB took 1.004 seconds,  303.819 MB/s
HMAC-SHA           130 MB took 1.012 seconds,  128.417 MB/s
HMAC-SHA256         35 MB took 1.146 seconds,   30.539 MB/s
PBKDF2               4 KB took 1.008 seconds,    3.750 KB/s
RSA     2048 public       1400 ops took 1.009 sec, avg 0.721 ms, 1387.441 ops/sec
RSA     2048 private       100 ops took 3.624 sec, avg 36.237 ms, 27.596 ops/sec
DH      2048 key gen        64 ops took 1.015 sec, avg 15.865 ms, 63.033 ops/sec
DH      2048 agree         100 ops took 1.566 sec, avg 15.664 ms, 63.840 ops/sec
ECC   [      SECP256R1]   256 key gen      1416 ops took 1.000 sec, avg 0.706 ms, 1415.777 ops/sec
ECDHE [      SECP256R1]   256 agree        1000 ops took 1.103 sec, avg 1.103 ms, 906.288 ops/sec
ECDSA [      SECP256R1]   256 sign         1300 ops took 1.073 sec, avg 0.826 ms, 1211.196 ops/sec
ECDSA [      SECP256R1]   256 verify        900 ops took 1.055 sec, avg 1.172 ms, 853.397 ops/sec
Benchmark complete
[SGXSan] ALWAYS: Enter enc_wolfSSL_read
[SGXSan] ALWAYS: Enter enc_wolfSSL_set_fd
[SGXSan] ALWAYS: Enter enc_wolfSSL_CTX_use_certificate_buffer
[SGXSan] ALWAYS: Enter enc_wolfSSL_Debugging_OFF
[SGXSan] ALWAYS: Enter enc_wolfTLSv1_2_server_method
[SGXSan] ALWAYS: Enter enc_wolfSSL_get_error
[SGXSan] ALWAYS: Enter enc_wolfSSL_CTX_free
[SGXSan] ALWAYS: Enter enc_wolfSSL_CTX_load_verify_buffer
[SGXSan] ALWAYS: Enter enc_wolfTLSv1_2_client_method
[SGXSan] ALWAYS: Enter enc_wolfSSL_CTX_new
[SGXSan] ALWAYS: Enter enc_wolfSSL_Debugging_ON
[SGXSan] ALWAYS: Enter enc_wolfSSL_Cleanup
[SGXSan] ALWAYS: Enter enc_wolfSSL_CTX_use_PrivateKey_buffer
#4	pulse  cov: 6291 ft: 6302 corp: 2/742Kb exec/s: 0 rss: 64Mb
[SGXSan] ALWAYS: Enter wc_test
------------------------------------------------------------------------------
 wolfSSL version 5.1.0
------------------------------------------------------------------------------
error    test passed!
MEMORY   test passed!
base64   test passed!
asn      test passed!
RANDOM   test passed!
MD5      test passed!
MD4      test passed!
SHA      test passed!
SHA-256  test passed!
Hash     test passed!
HMAC-MD5 test passed!
HMAC-SHA test passed!
HMAC-SHA256 test passed!
GMAC     test passed!
HC-128   test passed!
Rabbit   test passed!
DES      test passed!
DES3     test passed!
AES      test passed!
AES192   test passed!
AES256   test passed!
AES-GCM  test passed!
RSA      test passed!
DH       test passed!
DSA      test passed!
PWDBASED test passed!
ECC      test passed!
ECC buffer test passed!
logging  test passed!
mutex    test passed!
memcb    test failed!
 error = -13803
[SGXSan] ALWAYS: Enter enc_wolfTLSv1_2_client_method
[SGXSan] ALWAYS: Enter enc_wolfSSL_CTX_set_cipher_list
[SGXSan] ALWAYS: Enter enc_wolfSSL_get_error
[SGXSan] ALWAYS: Enter enc_wolfSSL_Init
[SGXSan] ALWAYS: Enter enc_wolfSSL_CTX_load_verify_buffer
[SGXSan] ALWAYS: Enter enc_wolfSSL_free
[SGXSan] ALWAYS: Enter enc_wolfSSL_CTX_use_certificate_chain_buffer_format
[SGXSan] ALWAYS: Enter enc_wolfSSL_set_fd
[SGXSan] ALWAYS: Enter enc_wolfSSL_new
[SGXSan] ALWAYS: Enter enc_wolfSSL_Debugging_ON
[SGXSan] ALWAYS: Enter enc_wolfSSL_Debugging_OFF
[SGXSan] ALWAYS: Enter enc_wolfSSL_CTX_use_certificate_buffer
[SGXSan] ALWAYS: Enter enc_wolfTLSv1_2_server_method
[SGXSan] ALWAYS: Enter enc_wolfSSL_read
[SGXSan] ALWAYS: Enter enc_wolfSSL_connect
[SGXSan] ALWAYS: Enter enc_wolfSSL_write
[SGXSan] ALWAYS: Enter enc_wolfSSL_CTX_new
[SGXSan] ALWAYS: Enter enc_wolfSSL_CTX_free
[SGXSan] ALWAYS: Enter enc_wolfSSL_CTX_use_PrivateKey_buffer
[SGXSan] ALWAYS: Enter enc_wolfSSL_Cleanup
[SGXSan] ALWAYS: Enter wc_benchmark_test
------------------------------------------------------------------------------
 wolfSSL version 5.1.0
------------------------------------------------------------------------------
wolfCrypt Benchmark (block bytes 1048576, min 1.0 sec each)
RNG                 15 MB took 1.159 seconds,   12.938 MB/s
AES-128-CBC-enc     35 MB took 1.080 seconds,   32.415 MB/s
AES-128-CBC-dec     30 MB took 1.011 seconds,   29.666 MB/s
AES-192-CBC-enc     30 MB took 1.075 seconds,   27.917 MB/s
AES-192-CBC-dec     30 MB took 1.131 seconds,   26.524 MB/s
AES-256-CBC-enc     30 MB took 1.173 seconds,   25.575 MB/s
AES-256-CBC-dec     25 MB took 1.037 seconds,   24.108 MB/s
AES-128-GCM-enc     25 MB took 1.053 seconds,   23.741 MB/s
AES-128-GCM-dec     25 MB took 1.038 seconds,   24.082 MB/s
AES-192-GCM-enc     25 MB took 1.167 seconds,   21.420 MB/s
AES-192-GCM-dec     25 MB took 1.140 seconds,   21.937 MB/s
AES-256-GCM-enc     25 MB took 1.228 seconds,   20.365 MB/s
AES-256-GCM-dec     20 MB took 1.004 seconds,   19.919 MB/s
GMAC Table 4-bit    69 MB took 1.012 seconds,   68.213 MB/s
RABBIT              95 MB took 1.046 seconds,   90.801 MB/s
3DES                10 MB took 1.107 seconds,    9.034 MB/s
MD5                300 MB took 1.013 seconds,  296.247 MB/s
SHA                130 MB took 1.030 seconds,  126.204 MB/s
SHA-256             35 MB took 1.163 seconds,   30.104 MB/s
HMAC-MD5           305 MB took 1.012 seconds,  301.444 MB/s
HMAC-SHA           130 MB took 1.015 seconds,  128.078 MB/s
HMAC-SHA256         35 MB took 1.105 seconds,   31.670 MB/s
PBKDF2               4 KB took 1.006 seconds,    3.884 KB/s
RSA     2048 public       1400 ops took 1.005 sec, avg 0.718 ms, 1392.471 ops/sec
RSA     2048 private       100 ops took 3.581 sec, avg 35.815 ms, 27.921 ops/sec
DH      2048 key gen        63 ops took 1.001 sec, avg 15.894 ms, 62.917 ops/sec
DH      2048 agree         100 ops took 1.584 sec, avg 15.840 ms, 63.132 ops/sec
ECC   [      SECP256R1]   256 key gen      1379 ops took 1.000 sec, avg 0.725 ms, 1378.963 ops/sec
ECDHE [      SECP256R1]   256 agree         800 ops took 1.094 sec, avg 1.367 ms, 731.386 ops/sec
ECDSA [      SECP256R1]   256 sign          800 ops took 1.072 sec, avg 1.339 ms, 746.586 ops/sec
ECDSA [      SECP256R1]   256 verify        500 ops took 1.027 sec, avg 2.053 ms, 487.064 ops/sec
Benchmark complete
[SGXSan] ALWAYS: Enter enc_wolfSSL_CTX_load_verify_buffer
[SGXSan] ALWAYS: Enter enc_wolfSSL_Init
[SGXSan] ALWAYS: Enter enc_wolfSSL_Debugging_ON
[SGXSan] ALWAYS: Enter enc_wolfSSL_connect
[SGXSan] ALWAYS: Enter wc_test
------------------------------------------------------------------------------
 wolfSSL version 5.1.0
------------------------------------------------------------------------------
error    test passed!
MEMORY   test passed!
base64   test passed!
asn      test passed!
RANDOM   test passed!
MD5      test passed!
MD4      test passed!
SHA      test passed!
SHA-256  test passed!
Hash     test passed!
HMAC-MD5 test passed!
HMAC-SHA test passed!
HMAC-SHA256 test passed!
GMAC     test passed!
HC-128   test passed!
Rabbit   test passed!
DES      test passed!
DES3     test passed!
AES      test passed!
AES192   test passed!
AES256   test passed!
AES-GCM  test passed!
RSA      test passed!
DH       test passed!
DSA      test passed!
PWDBASED test passed!
ECC      test passed!
ECC buffer test passed!
logging  test passed!
mutex    test passed!
memcb    test failed!
 error = -13803
[SGXSan] ALWAYS: Enter enc_wolfTLSv1_2_client_method
[SGXSan] ALWAYS: Enter enc_wolfSSL_write
[SGXSan] ALWAYS: Enter enc_wolfSSL_read
[SGXSan] ALWAYS: Enter enc_wolfSSL_CTX_use_certificate_buffer
[SGXSan] ALWAYS: Enter enc_wolfSSL_Debugging_OFF
[SGXSan] ALWAYS: Enter enc_wolfSSL_CTX_set_cipher_list
[SGXSan] ALWAYS: Enter enc_wolfSSL_set_fd
[SGXSan] ALWAYS: Enter enc_wolfSSL_CTX_use_PrivateKey_buffer
[SGXSan] ALWAYS: Enter enc_wolfSSL_new
[SGXSan] ALWAYS: Enter enc_wolfSSL_Cleanup
[SGXSan] ALWAYS: Enter enc_wolfSSL_CTX_use_certificate_chain_buffer_format
[SGXSan] ALWAYS: Enter enc_wolfSSL_CTX_free
[SGXSan] ALWAYS: Enter enc_wolfTLSv1_2_server_method
[SGXSan] ALWAYS: Enter wc_benchmark_test
------------------------------------------------------------------------------
 wolfSSL version 5.1.0
------------------------------------------------------------------------------
wolfCrypt Benchmark (block bytes 1048576, min 1.0 sec each)
RNG                 15 MB took 1.136 seconds,   13.201 MB/s
AES-128-CBC-enc     35 MB took 1.060 seconds,   33.023 MB/s
AES-128-CBC-dec     35 MB took 1.142 seconds,   30.661 MB/s
AES-192-CBC-enc     30 MB took 1.048 seconds,   28.632 MB/s
AES-192-CBC-dec     30 MB took 1.136 seconds,   26.405 MB/s
AES-256-CBC-enc     30 MB took 1.192 seconds,   25.176 MB/s
AES-256-CBC-dec     25 MB took 1.061 seconds,   23.570 MB/s
AES-128-GCM-enc     25 MB took 1.066 seconds,   23.444 MB/s
AES-128-GCM-dec     25 MB took 1.069 seconds,   23.396 MB/s
AES-192-GCM-enc     25 MB took 1.173 seconds,   21.308 MB/s
AES-192-GCM-dec     25 MB took 1.161 seconds,   21.542 MB/s
AES-256-GCM-enc     20 MB took 1.018 seconds,   19.648 MB/s
AES-256-GCM-dec     20 MB took 1.017 seconds,   19.672 MB/s
GMAC Table 4-bit    69 MB took 1.009 seconds,   68.386 MB/s
RABBIT              90 MB took 1.006 seconds,   89.477 MB/s
3DES                10 MB took 1.082 seconds,    9.243 MB/s
MD5                305 MB took 1.009 seconds,  302.416 MB/s
SHA                135 MB took 1.015 seconds,  133.057 MB/s
SHA-256             35 MB took 1.101 seconds,   31.779 MB/s
HMAC-MD5           315 MB took 1.014 seconds,  310.530 MB/s
HMAC-SHA           130 MB took 1.031 seconds,  126.057 MB/s
HMAC-SHA256         35 MB took 1.133 seconds,   30.902 MB/s
PBKDF2               4 KB took 1.004 seconds,    3.798 KB/s
RSA     2048 public       1500 ops took 1.047 sec, avg 0.698 ms, 1432.713 ops/sec
RSA     2048 private       100 ops took 3.608 sec, avg 36.078 ms, 27.718 ops/sec
DH      2048 key gen        65 ops took 1.011 sec, avg 15.560 ms, 64.267 ops/sec
DH      2048 agree         100 ops took 1.571 sec, avg 15.708 ms, 63.661 ops/sec
ECC   [      SECP256R1]   256 key gen      1380 ops took 1.000 sec, avg 0.725 ms, 1379.423 ops/sec
ECDHE [      SECP256R1]   256 agree         900 ops took 1.005 sec, avg 1.117 ms, 895.371 ops/sec
ECDSA [      SECP256R1]   256 sign         1300 ops took 1.079 sec, avg 0.830 ms, 1204.553 ops/sec
ECDSA [      SECP256R1]   256 verify        900 ops took 1.069 sec, avg 1.187 ms, 842.123 ops/sec
Benchmark complete
[SGXSan] ALWAYS: Enter enc_wolfSSL_get_error
[SGXSan] ALWAYS: Enter enc_wolfSSL_free
[SGXSan] ALWAYS: Enter enc_wolfSSL_CTX_new
#6	INITED cov: 6293 ft: 6303 corp: 4/1504Kb exec/s: 0 rss: 78Mb
[SGXSan] ALWAYS: Enter enc_wolfSSL_get_error
[SGXSan] ALWAYS: Enter enc_wolfSSL_Init
[SGXSan] ALWAYS: Enter enc_wolfTLSv1_2_client_method
[SGXSan] ALWAYS: Enter enc_wolfSSL_CTX_use_PrivateKey_buffer
[SGXSan] ALWAYS: Enter enc_wolfSSL_Cleanup
[SGXSan] ALWAYS: Enter enc_wolfSSL_Debugging_OFF
[SGXSan] ALWAYS: Enter enc_wolfSSL_read
[SGXSan] ALWAYS: Enter enc_wolfSSL_free
[SGXSan] ALWAYS: Enter wc_test
------------------------------------------------------------------------------
 wolfSSL version 5.1.0
------------------------------------------------------------------------------
error    test passed!
MEMORY   test passed!
base64   test passed!
asn      test passed!
RANDOM   test passed!
MD5      test passed!
MD4      test passed!
SHA      test passed!
SHA-256  test passed!
Hash     test passed!
HMAC-MD5 test passed!
HMAC-SHA test passed!
HMAC-SHA256 test passed!
GMAC     test passed!
HC-128   test passed!
Rabbit   test passed!
DES      test passed!
DES3     test passed!
AES      test passed!
AES192   test passed!
AES256   test passed!
AES-GCM  test passed!
RSA      test passed!
DH       test passed!
DSA      test passed!
PWDBASED test passed!
ECC      test passed!
ECC buffer test passed!
logging  test passed!
mutex    test passed!
memcb    test failed!
 error = -13803
[SGXSan] ALWAYS: Enter enc_wolfSSL_new
[SGXSan] ALWAYS: Enter enc_wolfSSL_CTX_free
[SGXSan] ALWAYS: Enter enc_wolfSSL_CTX_new
[SGXSan] ALWAYS: Enter enc_wolfSSL_set_fd
[SGXSan] ALWAYS: Enter enc_wolfSSL_CTX_load_verify_buffer
[SGXSan] ALWAYS: Enter enc_wolfSSL_write
[SGXSan] ALWAYS: Enter enc_wolfSSL_Debugging_ON
[SGXSan] ALWAYS: Enter wc_benchmark_test
------------------------------------------------------------------------------
 wolfSSL version 5.1.0
------------------------------------------------------------------------------
wolfCrypt Benchmark (block bytes 1048576, min 1.0 sec each)
RNG                 15 MB took 1.138 seconds,   13.181 MB/s
AES-128-CBC-enc     35 MB took 1.058 seconds,   33.078 MB/s
AES-128-CBC-dec     35 MB took 1.145 seconds,   30.559 MB/s
AES-192-CBC-enc     30 MB took 1.051 seconds,   28.536 MB/s
AES-192-CBC-dec     30 MB took 1.119 seconds,   26.802 MB/s
AES-256-CBC-enc     30 MB took 1.189 seconds,   25.237 MB/s
AES-256-CBC-dec     25 MB took 1.028 seconds,   24.308 MB/s
AES-128-GCM-enc     25 MB took 1.045 seconds,   23.916 MB/s
AES-128-GCM-dec     25 MB took 1.041 seconds,   24.018 MB/s
AES-192-GCM-enc     25 MB took 1.138 seconds,   21.971 MB/s
AES-192-GCM-dec     25 MB took 1.180 seconds,   21.186 MB/s
AES-256-GCM-enc     25 MB took 1.251 seconds,   19.987 MB/s
AES-256-GCM-dec     20 MB took 1.023 seconds,   19.557 MB/s
GMAC Table 4-bit    69 MB took 1.008 seconds,   68.485 MB/s
RABBIT              95 MB took 1.041 seconds,   91.282 MB/s
3DES                10 MB took 1.103 seconds,    9.069 MB/s
MD5                305 MB took 1.004 seconds,  303.705 MB/s
SHA                130 MB took 1.017 seconds,  127.879 MB/s
SHA-256             35 MB took 1.142 seconds,   30.659 MB/s
HMAC-MD5           300 MB took 1.012 seconds,  296.351 MB/s
HMAC-SHA           125 MB took 1.000 seconds,  124.992 MB/s
HMAC-SHA256         30 MB took 1.007 seconds,   29.780 MB/s
PBKDF2               4 KB took 1.003 seconds,    3.707 KB/s
RSA     2048 public       1400 ops took 1.012 sec, avg 0.723 ms, 1383.283 ops/sec
RSA     2048 private       100 ops took 3.807 sec, avg 38.071 ms, 26.267 ops/sec
DH      2048 key gen        64 ops took 1.015 sec, avg 15.866 ms, 63.027 ops/sec
DH      2048 agree         100 ops took 1.526 sec, avg 15.258 ms, 65.538 ops/sec
ECC   [      SECP256R1]   256 key gen      1439 ops took 1.000 sec, avg 0.695 ms, 1438.373 ops/sec
ECDHE [      SECP256R1]   256 agree        1000 ops took 1.078 sec, avg 1.078 ms, 927.809 ops/sec
ECDSA [      SECP256R1]   256 sign         1200 ops took 1.028 sec, avg 0.857 ms, 1166.929 ops/sec
ECDSA [      SECP256R1]   256 verify        900 ops took 1.079 sec, avg 1.199 ms, 833.873 ops/sec
Benchmark complete
[SGXSan] ALWAYS: Enter enc_wolfSSL_connect
[SGXSan] ALWAYS: Enter enc_wolfSSL_CTX_use_certificate_chain_buffer_format
[SGXSan] ALWAYS: Enter enc_wolfSSL_CTX_set_cipher_list
[SGXSan] ALWAYS: Enter enc_wolfSSL_CTX_use_certificate_buffer
[SGXSan] ALWAYS: Enter enc_wolfTLSv1_2_server_method
[SGXSan] ALWAYS: Enter enc_wolfSSL_Init
[SGXSan] ALWAYS: Enter enc_wolfSSL_read
[SGXSan] ALWAYS: Enter enc_wolfSSL_new
[SGXSan] ALWAYS: Enter enc_wolfTLSv1_2_server_method
[SGXSan] ALWAYS: Enter enc_wolfSSL_CTX_use_certificate_buffer
[SGXSan] ALWAYS: Enter enc_wolfSSL_free
[SGXSan] ALWAYS: Enter enc_wolfSSL_Cleanup
[SGXSan] ALWAYS: Enter enc_wolfSSL_get_error
[SGXSan] ALWAYS: Enter enc_wolfSSL_Debugging_ON
[SGXSan] ALWAYS: Enter enc_wolfSSL_set_fd
[SGXSan] ALWAYS: Enter enc_wolfSSL_CTX_load_verify_buffer
[SGXSan] ALWAYS: Enter enc_wolfSSL_connect
[SGXSan] ALWAYS: Enter enc_wolfSSL_write
[SGXSan] ALWAYS: Enter enc_wolfSSL_CTX_use_certificate_chain_buffer_format
[SGXSan] ALWAYS: Enter wc_test
------------------------------------------------------------------------------
 wolfSSL version 5.1.0
------------------------------------------------------------------------------
error    test passed!
MEMORY   test passed!
base64   test passed!
asn      test passed!
RANDOM   test passed!
MD5      test passed!
MD4      test passed!
SHA      test passed!
SHA-256  test passed!
Hash     test passed!
HMAC-MD5 test passed!
HMAC-SHA test passed!
HMAC-SHA256 test passed!
GMAC     test passed!
HC-128   test passed!
Rabbit   test passed!
DES      test passed!
DES3     test passed!
AES      test passed!
AES192   test passed!
AES256   test passed!
AES-GCM  test passed!
RSA      test passed!
DH       test passed!
DSA      test passed!
PWDBASED test passed!
ECC      test passed!
ECC buffer test passed!
logging  test passed!
mutex    test passed!
memcb    test failed!
 error = -13803
[SGXSan] ALWAYS: Enter enc_wolfSSL_Debugging_OFF
[SGXSan] ALWAYS: Enter enc_wolfSSL_CTX_free
[SGXSan] ALWAYS: Enter wc_benchmark_test
------------------------------------------------------------------------------
 wolfSSL version 5.1.0
------------------------------------------------------------------------------
wolfCrypt Benchmark (block bytes 1048576, min 1.0 sec each)
RNG                 15 MB took 1.155 seconds,   12.990 MB/s
AES-128-CBC-enc     35 MB took 1.071 seconds,   32.666 MB/s
AES-128-CBC-dec     30 MB took 1.014 seconds,   29.597 MB/s
AES-192-CBC-enc     30 MB took 1.063 seconds,   28.213 MB/s
AES-192-CBC-dec     30 MB took 1.125 seconds,   26.665 MB/s
AES-256-CBC-enc     30 MB took 1.170 seconds,   25.631 MB/s
AES-256-CBC-dec     25 MB took 1.062 seconds,   23.540 MB/s
AES-128-GCM-enc     25 MB took 1.088 seconds,   22.968 MB/s
AES-128-GCM-dec     25 MB took 1.063 seconds,   23.525 MB/s
AES-192-GCM-enc     25 MB took 1.183 seconds,   21.131 MB/s
AES-192-GCM-dec     25 MB took 1.163 seconds,   21.498 MB/s
AES-256-GCM-enc     20 MB took 1.028 seconds,   19.462 MB/s
AES-256-GCM-dec     20 MB took 1.059 seconds,   18.880 MB/s
GMAC Table 4-bit    68 MB took 1.014 seconds,   67.047 MB/s
RABBIT              90 MB took 1.043 seconds,   86.278 MB/s
3DES                10 MB took 1.092 seconds,    9.154 MB/s
MD5                310 MB took 1.009 seconds,  307.294 MB/s
SHA                130 MB took 1.017 seconds,  127.849 MB/s
SHA-256             35 MB took 1.149 seconds,   30.466 MB/s
HMAC-MD5           300 MB took 1.007 seconds,  297.931 MB/s
HMAC-SHA           125 MB took 1.001 seconds,  124.836 MB/s
HMAC-SHA256         35 MB took 1.154 seconds,   30.341 MB/s
PBKDF2               4 KB took 1.005 seconds,    3.761 KB/s
RSA     2048 public       1500 ops took 1.064 sec, avg 0.709 ms, 1410.413 ops/sec
RSA     2048 private       100 ops took 3.624 sec, avg 36.241 ms, 27.593 ops/sec
DH      2048 key gen        65 ops took 1.010 sec, avg 15.537 ms, 64.362 ops/sec
DH      2048 agree         100 ops took 1.522 sec, avg 15.223 ms, 65.691 ops/sec
ECC   [      SECP256R1]   256 key gen      1429 ops took 1.000 sec, avg 0.700 ms, 1428.690 ops/sec
ECDHE [      SECP256R1]   256 agree        1000 ops took 1.081 sec, avg 1.081 ms, 925.318 ops/sec
ECDSA [      SECP256R1]   256 sign         1200 ops took 1.001 sec, avg 0.834 ms, 1199.043 ops/sec
ECDSA [      SECP256R1]   256 verify        900 ops took 1.035 sec, avg 1.150 ms, 869.382 ops/sec
Benchmark complete
[SGXSan] ALWAYS: Enter enc_wolfSSL_CTX_set_cipher_list
[SGXSan] ALWAYS: Enter enc_wolfSSL_CTX_new
[SGXSan] ALWAYS: Enter enc_wolfTLSv1_2_client_method
[SGXSan] ALWAYS: Enter enc_wolfSSL_CTX_use_PrivateKey_buffer
#8	pulse  cov: 6293 ft: 6303 corp: 4/1504Kb lim: 1000000 exec/s: 0 rss: 88Mb
[SGXSan] ALWAYS: Enter enc_wolfSSL_Init
[SGXSan] ALWAYS: Enter enc_wolfSSL_read
[SGXSan] ALWAYS: Enter enc_wolfSSL_new
[SGXSan] ALWAYS: Enter enc_wolfTLSv1_2_server_method
[SGXSan] ALWAYS: Enter enc_wolfSSL_CTX_use_certificate_buffer
[SGXSan] ALWAYS: Enter enc_wolfSSL_free
[SGXSan] ALWAYS: Enter enc_wolfSSL_Cleanup
[SGXSan] ALWAYS: Enter enc_wolfSSL_get_error
[SGXSan] ALWAYS: Enter enc_wolfSSL_Debugging_ON
[SGXSan] ALWAYS: Enter enc_wolfSSL_set_fd
[SGXSan] ALWAYS: Enter enc_wolfSSL_CTX_load_verify_buffer
[SGXSan] ALWAYS: Enter enc_wolfSSL_connect
[SGXSan] ALWAYS: Enter enc_wolfSSL_write
[SGXSan] ALWAYS: Enter enc_wolfSSL_CTX_use_certificate_chain_buffer_format
[SGXSan] ALWAYS: Enter wc_test
------------------------------------------------------------------------------
 wolfSSL version 5.1.0
------------------------------------------------------------------------------
error    test passed!
MEMORY   test passed!
base64   test passed!
asn      test passed!
RANDOM   test passed!
MD5      test passed!
MD4      test passed!
SHA      test passed!
SHA-256  test passed!
Hash     test passed!
HMAC-MD5 test passed!
HMAC-SHA test passed!
HMAC-SHA256 test passed!
GMAC     test passed!
HC-128   test passed!
Rabbit   test passed!
DES      test passed!
DES3     test passed!
AES      test passed!
AES192   test passed!
AES256   test passed!
AES-GCM  test passed!
RSA      test passed!
DH       test passed!
DSA      test passed!
PWDBASED test passed!
ECC      test passed!
ECC buffer test passed!
logging  test passed!
mutex    test passed!
memcb    test failed!
 error = -13803
[SGXSan] ALWAYS: Enter enc_wolfSSL_Debugging_OFF
[SGXSan] ALWAYS: Enter enc_wolfSSL_CTX_free
[SGXSan] ALWAYS: Enter wc_benchmark_test
------------------------------------------------------------------------------
 wolfSSL version 5.1.0
------------------------------------------------------------------------------
wolfCrypt Benchmark (block bytes 1048576, min 1.0 sec each)
RNG                 15 MB took 1.127 seconds,   13.305 MB/s
AES-128-CBC-enc     35 MB took 1.042 seconds,   33.582 MB/s
AES-128-CBC-dec     35 MB took 1.156 seconds,   30.272 MB/s
AES-192-CBC-enc     30 MB took 1.055 seconds,   28.437 MB/s
AES-192-CBC-dec     30 MB took 1.128 seconds,   26.590 MB/s
AES-256-CBC-enc     30 MB took 1.166 seconds,   25.723 MB/s
AES-256-CBC-dec     25 MB took 1.016 seconds,   24.599 MB/s
AES-128-GCM-enc     25 MB took 1.028 seconds,   24.311 MB/s
AES-128-GCM-dec     25 MB took 1.029 seconds,   24.290 MB/s
AES-192-GCM-enc     25 MB took 1.174 seconds,   21.298 MB/s
AES-192-GCM-dec     25 MB took 1.185 seconds,   21.099 MB/s
AES-256-GCM-enc     20 MB took 1.035 seconds,   19.329 MB/s
AES-256-GCM-dec     20 MB took 1.043 seconds,   19.182 MB/s
GMAC Table 4-bit    67 MB took 1.001 seconds,   66.906 MB/s
RABBIT              90 MB took 1.012 seconds,   88.965 MB/s
3DES                10 MB took 1.099 seconds,    9.096 MB/s
MD5                300 MB took 1.007 seconds,  298.036 MB/s
SHA                130 MB took 1.011 seconds,  128.536 MB/s
SHA-256             35 MB took 1.152 seconds,   30.380 MB/s
HMAC-MD5           305 MB took 1.002 seconds,  304.458 MB/s
HMAC-SHA           130 MB took 1.000 seconds,  129.936 MB/s
HMAC-SHA256         35 MB took 1.111 seconds,   31.493 MB/s
PBKDF2               4 KB took 1.004 seconds,    3.828 KB/s
RSA     2048 public       1400 ops took 1.014 sec, avg 0.725 ms, 1379.997 ops/sec
RSA     2048 private       100 ops took 3.776 sec, avg 37.762 ms, 26.482 ops/sec
DH      2048 key gen        64 ops took 1.010 sec, avg 15.784 ms, 63.356 ops/sec
DH      2048 agree         100 ops took 1.551 sec, avg 15.512 ms, 64.468 ops/sec
ECC   [      SECP256R1]   256 key gen      1378 ops took 1.000 sec, avg 0.726 ms, 1377.318 ops/sec
ECDHE [      SECP256R1]   256 agree         900 ops took 1.012 sec, avg 1.124 ms, 889.601 ops/sec
ECDSA [      SECP256R1]   256 sign         1200 ops took 1.021 sec, avg 0.851 ms, 1174.868 ops/sec
ECDSA [      SECP256R1]   256 verify        900 ops took 1.061 sec, avg 1.179 ms, 848.279 ops/sec
Benchmark complete
[SGXSan] ALWAYS: Enter enc_wolfSSL_CTX_set_cipher_list
[SGXSan] ALWAYS: Enter enc_wolfSSL_CTX_new
[SGXSan] ALWAYS: Enter enc_wolfTLSv1_2_client_method
[SGXSan] ALWAYS: Enter enc_wolfSSL_CTX_use_PrivateKey_buffer
[SGXSan] ALWAYS: Enter enc_wolfSSL_free
[SGXSan] ALWAYS: Enter enc_wolfSSL_CTX_set_cipher_list
[SGXSan] ALWAYS: Enter enc_wolfSSL_Debugging_ON
[SGXSan] ALWAYS: Enter enc_wolfSSL_CTX_use_certificate_buffer
[SGXSan] ALWAYS: Enter enc_wolfSSL_new
[SGXSan] ALWAYS: Enter enc_wolfSSL_CTX_use_certificate_chain_buffer_format
[SGXSan] ALWAYS: Enter enc_wolfSSL_Debugging_OFF
[SGXSan] ALWAYS: Enter enc_wolfSSL_read
[SGXSan] ALWAYS: Enter enc_wolfSSL_connect
[SGXSan] ALWAYS: Enter enc_wolfSSL_CTX_use_PrivateKey_buffer
[SGXSan] ALWAYS: Enter wc_benchmark_test
------------------------------------------------------------------------------
 wolfSSL version 5.1.0
------------------------------------------------------------------------------
wolfCrypt Benchmark (block bytes 1048576, min 1.0 sec each)
RNG                 15 MB took 1.145 seconds,   13.099 MB/s
AES-128-CBC-enc     35 MB took 1.056 seconds,   33.142 MB/s
AES-128-CBC-dec     35 MB took 1.143 seconds,   30.613 MB/s
AES-192-CBC-enc     30 MB took 1.051 seconds,   28.549 MB/s
AES-192-CBC-dec     30 MB took 1.151 seconds,   26.075 MB/s
AES-256-CBC-enc     30 MB took 1.194 seconds,   25.121 MB/s
AES-256-CBC-dec     25 MB took 1.098 seconds,   22.761 MB/s
AES-128-GCM-enc     25 MB took 1.063 seconds,   23.525 MB/s
AES-128-GCM-dec     25 MB took 1.046 seconds,   23.898 MB/s
AES-192-GCM-enc     25 MB took 1.188 seconds,   21.046 MB/s
AES-192-GCM-dec     25 MB took 1.172 seconds,   21.324 MB/s
AES-256-GCM-enc     20 MB took 1.035 seconds,   19.320 MB/s
AES-256-GCM-dec     20 MB took 1.041 seconds,   19.218 MB/s
GMAC Table 4-bit    68 MB took 1.014 seconds,   67.069 MB/s
RABBIT              90 MB took 1.012 seconds,   88.953 MB/s
3DES                10 MB took 1.085 seconds,    9.220 MB/s
MD5                305 MB took 1.010 seconds,  301.998 MB/s
SHA                130 MB took 1.028 seconds,  126.424 MB/s
SHA-256             35 MB took 1.154 seconds,   30.320 MB/s
HMAC-MD5           295 MB took 1.000 seconds,  294.929 MB/s
HMAC-SHA           130 MB took 1.031 seconds,  126.066 MB/s
HMAC-SHA256         35 MB took 1.148 seconds,   30.491 MB/s
PBKDF2               4 KB took 1.004 seconds,    3.798 KB/s
RSA     2048 public       1400 ops took 1.006 sec, avg 0.719 ms, 1391.332 ops/sec
RSA     2048 private       100 ops took 3.651 sec, avg 36.512 ms, 27.388 ops/sec
DH      2048 key gen        65 ops took 1.003 sec, avg 15.430 ms, 64.808 ops/sec
DH      2048 agree         100 ops took 1.549 sec, avg 15.494 ms, 64.542 ops/sec
ECC   [      SECP256R1]   256 key gen      1417 ops took 1.001 sec, avg 0.706 ms, 1416.222 ops/sec
ECDHE [      SECP256R1]   256 agree        1000 ops took 1.107 sec, avg 1.107 ms, 903.606 ops/sec
ECDSA [      SECP256R1]   256 sign         1200 ops took 1.017 sec, avg 0.847 ms, 1180.445 ops/sec
ECDSA [      SECP256R1]   256 verify        900 ops took 1.057 sec, avg 1.174 ms, 851.747 ops/sec
Benchmark complete
[SGXSan] ALWAYS: Enter enc_wolfSSL_write
[SGXSan] ALWAYS: Enter enc_wolfSSL_get_error
[SGXSan] ALWAYS: Enter enc_wolfSSL_Init
[SGXSan] ALWAYS: Enter wc_test
------------------------------------------------------------------------------
 wolfSSL version 5.1.0
------------------------------------------------------------------------------
error    test passed!
MEMORY   test passed!
base64   test passed!
asn      test passed!
RANDOM   test passed!
MD5      test passed!
MD4      test passed!
SHA      test passed!
SHA-256  test passed!
Hash     test passed!
HMAC-MD5 test passed!
HMAC-SHA test passed!
HMAC-SHA256 test passed!
GMAC     test passed!
HC-128   test passed!
Rabbit   test passed!
DES      test passed!
DES3     test passed!
AES      test passed!
AES192   test passed!
AES256   test passed!
AES-GCM  test passed!
RSA      test passed!
DH       test passed!
DSA      test passed!
PWDBASED test passed!
ECC      test passed!
ECC buffer test passed!
logging  test passed!
mutex    test passed!
memcb    test failed!
 error = -13803
[SGXSan] ALWAYS: Enter enc_wolfSSL_Cleanup
[SGXSan] ALWAYS: Enter enc_wolfSSL_CTX_free
[SGXSan] ALWAYS: Enter enc_wolfSSL_CTX_new
[SGXSan] ALWAYS: Enter enc_wolfSSL_CTX_load_verify_buffer
[SGXSan] ALWAYS: Enter enc_wolfTLSv1_2_client_method
[SGXSan] ALWAYS: Enter enc_wolfTLSv1_2_server_method
[SGXSan] ALWAYS: Enter enc_wolfSSL_set_fd
[SGXSan] ALWAYS: Enter enc_wolfSSL_CTX_use_PrivateKey_buffer
[SGXSan] ALWAYS: Enter enc_wolfSSL_CTX_use_certificate_buffer
[SGXSan] ALWAYS: Enter enc_wolfSSL_free
[SGXSan] ALWAYS: Enter enc_wolfSSL_Debugging_ON
[SGXSan] ALWAYS: Enter enc_wolfSSL_CTX_load_verify_buffer
[SGXSan] ALWAYS: Enter enc_wolfSSL_new
[SGXSan] ALWAYS: Enter enc_wolfSSL_Cleanup
[SGXSan] ALWAYS: Enter wc_benchmark_test
------------------------------------------------------------------------------
 wolfSSL version 5.1.0
------------------------------------------------------------------------------
wolfCrypt Benchmark (block bytes 1048576, min 1.0 sec each)
RNG                 15 MB took 1.164 seconds,   12.892 MB/s
AES-128-CBC-enc     35 MB took 1.049 seconds,   33.380 MB/s
AES-128-CBC-dec     35 MB took 1.142 seconds,   30.659 MB/s
AES-192-CBC-enc     30 MB took 1.046 seconds,   28.672 MB/s
AES-192-CBC-dec     30 MB took 1.131 seconds,   26.530 MB/s
AES-256-CBC-enc     30 MB took 1.178 seconds,   25.468 MB/s
AES-256-CBC-dec     25 MB took 1.031 seconds,   24.249 MB/s
AES-128-GCM-enc     25 MB took 1.045 seconds,   23.927 MB/s
AES-128-GCM-dec     25 MB took 1.038 seconds,   24.084 MB/s
AES-192-GCM-enc     25 MB took 1.165 seconds,   21.454 MB/s
AES-192-GCM-dec     25 MB took 1.189 seconds,   21.031 MB/s
AES-256-GCM-enc     20 MB took 1.016 seconds,   19.682 MB/s
AES-256-GCM-dec     20 MB took 1.019 seconds,   19.618 MB/s
GMAC Table 4-bit    69 MB took 1.003 seconds,   68.764 MB/s
RABBIT              95 MB took 1.036 seconds,   91.709 MB/s
3DES                10 MB took 1.092 seconds,    9.161 MB/s
MD5                305 MB took 1.009 seconds,  302.240 MB/s
SHA                130 MB took 1.015 seconds,  128.136 MB/s
SHA-256             35 MB took 1.133 seconds,   30.903 MB/s
HMAC-MD5           305 MB took 1.005 seconds,  303.589 MB/s
HMAC-SHA           130 MB took 1.021 seconds,  127.282 MB/s
HMAC-SHA256         35 MB took 1.161 seconds,   30.138 MB/s
PBKDF2               4 KB took 1.007 seconds,    3.691 KB/s
RSA     2048 public       1400 ops took 1.022 sec, avg 0.730 ms, 1370.119 ops/sec
RSA     2048 private       100 ops took 3.665 sec, avg 36.648 ms, 27.287 ops/sec
DH      2048 key gen        65 ops took 1.007 sec, avg 15.491 ms, 64.555 ops/sec
DH      2048 agree         100 ops took 1.542 sec, avg 15.424 ms, 64.834 ops/sec
ECC   [      SECP256R1]   256 key gen      1426 ops took 1.000 sec, avg 0.702 ms, 1425.394 ops/sec
ECDHE [      SECP256R1]   256 agree         900 ops took 1.007 sec, avg 1.118 ms, 894.072 ops/sec
ECDSA [      SECP256R1]   256 sign         1200 ops took 1.030 sec, avg 0.858 ms, 1165.396 ops/sec
ECDSA [      SECP256R1]   256 verify        900 ops took 1.068 sec, avg 1.187 ms, 842.484 ops/sec
Benchmark complete
[SGXSan] ALWAYS: Enter enc_wolfSSL_write
[SGXSan] ALWAYS: Enter enc_wolfSSL_CTX_new
[SGXSan] ALWAYS: Enter enc_wolfSSL_set_fd
[SGXSan] ALWAYS: Enter enc_wolfTLSv1_2_server_method
[SGXSan] ALWAYS: Enter enc_wolfSSL_CTX_set_cipher_list
[SGXSan] ALWAYS: Enter enc_wolfSSL_CTX_use_certificate_chain_buffer_format
[SGXSan] ALWAYS: Enter enc_wolfSSL_CTX_free
[SGXSan] ALWAYS: Enter enc_wolfSSL_Debugging_OFF
[SGXSan] ALWAYS: Enter enc_wolfSSL_Init
[SGXSan] ALWAYS: Enter wc_test
------------------------------------------------------------------------------
 wolfSSL version 5.1.0
------------------------------------------------------------------------------
error    test passed!
MEMORY   test passed!
base64   test passed!
asn      test passed!
RANDOM   test passed!
MD5      test passed!
MD4      test passed!
SHA      test passed!
SHA-256  test passed!
Hash     test passed!
HMAC-MD5 test passed!
HMAC-SHA test passed!
HMAC-SHA256 test passed!
GMAC     test passed!
HC-128   test passed!
Rabbit   test passed!
DES      test passed!
DES3     test passed!
AES      test passed!
AES192   test passed!
AES256   test passed!
AES-GCM  test passed!
RSA      test passed!
DH       test passed!
DSA      test passed!
PWDBASED test passed!
ECC      test passed!
ECC buffer test passed!
logging  test passed!
mutex    test passed!
memcb    test failed!
 error = -13803
[SGXSan] ALWAYS: Enter enc_wolfSSL_connect
[SGXSan] ALWAYS: Enter enc_wolfSSL_get_error
[SGXSan] ALWAYS: Enter enc_wolfSSL_read
[SGXSan] ALWAYS: Enter enc_wolfTLSv1_2_client_method
#11	DONE   cov: 6293 ft: 6303 corp: 4/1504Kb lim: 1000000 exec/s: 0 rss: 104Mb
Done 11 runs in 464 second(s)
stat::number_of_executed_units: 11
stat::average_exec_per_sec:     0
stat::new_units_added:          0
stat::slowest_unit_time_sec:    42
stat::peak_rss_mb:              104
