WARNING: Failed to find function "__sanitizer_acquire_crash_state".
WARNING: Failed to find function "__sanitizer_print_stack_trace".
WARNING: Failed to find function "__sanitizer_set_death_callback".
[CEnclavePool /home/leone/Documents/linux-sgx/psw/urts/enclave.cpp:638] enter CEnclavePool constructor
[2023-01-15 22:33:34.695] [Init] Num of ECall: 22
[2023-01-15 22:33:34.695] ECalls:
  0 - fuzz_enc_wolfSSL_CTX_free
  1 - fuzz_enc_wolfSSL_CTX_load_verify_buffer
  2 - fuzz_enc_wolfSSL_CTX_new
  3 - fuzz_enc_wolfSSL_CTX_set_cipher_list
  4 - fuzz_enc_wolfSSL_CTX_use_PrivateKey_buffer
  5 - fuzz_enc_wolfSSL_CTX_use_certificate_buffer
  6 - fuzz_enc_wolfSSL_CTX_use_certificate_chain_buffer_format
  7 - fuzz_enc_wolfSSL_Cleanup
  8 - fuzz_enc_wolfSSL_Debugging_OFF
  9 - fuzz_enc_wolfSSL_Debugging_ON
  10 - fuzz_enc_wolfSSL_Init
  11 - fuzz_enc_wolfSSL_connect
  12 - fuzz_enc_wolfSSL_free
  13 - fuzz_enc_wolfSSL_get_error
  14 - fuzz_enc_wolfSSL_new
  15 - fuzz_enc_wolfSSL_read
  16 - fuzz_enc_wolfSSL_set_fd
  17 - fuzz_enc_wolfSSL_write
  18 - fuzz_enc_wolfTLSv1_2_client_method
  19 - fuzz_enc_wolfTLSv1_2_server_method
  20 - fuzz_wc_benchmark_test
  21 - fuzz_wc_test

INFO: found LLVMFuzzerCustomMutator (0x44ac30). Disabling -len_control by default.
INFO: libFuzzer ignores flags that start with '--'
INFO: Running with entropic power schedule (0xFF, 100).
INFO: Seed: 2239332496
INFO: Loaded 1 modules   (291 inline 8-bit counters): 291 [0x4cb7e8, 0x4cb90b), 
INFO: Loaded 1 PC tables (291 PCs): 291 [0x4cb910,0x4ccb40), 
INFO:        0 files found in /tmp/libFuzzerTemp.FuzzWithFork422940.dir/C294
[SGXSan] ALWAYS: Hook __sanitizer_cov_8bit_counters_init of Enclave, 21636 inline 8-bit counts [0x7ff0d0e349c0, 0x7ff0d0e39e44) (First time)
[SGXSan] ALWAYS: Hook __sanitizer_cov_pcs_init of Enclave, 21636 PCs [0x7ff0d0e39e48, 0x7ff0d0e8e688) (First time)
[SGXSan] ALWAYS: Enter enc_wolfSSL_CTX_free
[SGXSan] ALWAYS: Enter enc_wolfSSL_CTX_load_verify_buffer
[SGXSan] ALWAYS: Enter enc_wolfSSL_CTX_new
[SGXSan] ALWAYS: Enter enc_wolfSSL_CTX_set_cipher_list
[SGXSan] ALWAYS: Enter enc_wolfSSL_CTX_use_PrivateKey_buffer
[SGXSan] ALWAYS: Enter enc_wolfSSL_CTX_use_certificate_buffer
[SGXSan] ALWAYS: Enter enc_wolfSSL_CTX_use_certificate_chain_buffer_format
[SGXSan] ALWAYS: Enter enc_wolfSSL_Cleanup
[SGXSan] ALWAYS: Enter enc_wolfSSL_Debugging_OFF
[SGXSan] ALWAYS: Enter enc_wolfSSL_Debugging_ON
[SGXSan] ALWAYS: Enter enc_wolfSSL_Init
[SGXSan] ALWAYS: Enter enc_wolfSSL_connect
[SGXSan] ALWAYS: Enter enc_wolfSSL_free
[SGXSan] ALWAYS: Enter enc_wolfSSL_get_error
[SGXSan] ALWAYS: Enter enc_wolfSSL_new
[SGXSan] ALWAYS: Enter enc_wolfSSL_read
[SGXSan] ALWAYS: Enter enc_wolfSSL_set_fd
[SGXSan] ALWAYS: Enter enc_wolfSSL_write
[SGXSan] ALWAYS: Enter enc_wolfTLSv1_2_client_method
[SGXSan] ALWAYS: Enter enc_wolfTLSv1_2_server_method
[SGXSan] ALWAYS: Enter wc_benchmark_test
------------------------------------------------------------------------------
 wolfSSL version 5.1.0
------------------------------------------------------------------------------
wolfCrypt Benchmark (block bytes 1048576, min 1.0 sec each)
RNG                 15 MB took 1.137 seconds,   13.191 MB/s
AES-128-CBC-enc     35 MB took 1.083 seconds,   32.320 MB/s
AES-128-CBC-dec     35 MB took 1.146 seconds,   30.550 MB/s
AES-192-CBC-enc     30 MB took 1.057 seconds,   28.395 MB/s
AES-192-CBC-dec     30 MB took 1.126 seconds,   26.645 MB/s
AES-256-CBC-enc     30 MB took 1.167 seconds,   25.712 MB/s
AES-256-CBC-dec     25 MB took 1.045 seconds,   23.926 MB/s
AES-128-GCM-enc     25 MB took 1.037 seconds,   24.114 MB/s
AES-128-GCM-dec     25 MB took 1.049 seconds,   23.822 MB/s
AES-192-GCM-enc     25 MB took 1.164 seconds,   21.482 MB/s
AES-192-GCM-dec     25 MB took 1.159 seconds,   21.566 MB/s
AES-256-GCM-enc     20 MB took 1.018 seconds,   19.645 MB/s
AES-256-GCM-dec     25 MB took 1.240 seconds,   20.167 MB/s
GMAC Table 4-bit    68 MB took 1.003 seconds,   67.764 MB/s
RABBIT              90 MB took 1.008 seconds,   89.320 MB/s
3DES                10 MB took 1.102 seconds,    9.077 MB/s
MD5                300 MB took 1.016 seconds,  295.261 MB/s
SHA                130 MB took 1.035 seconds,  125.606 MB/s
SHA-256             35 MB took 1.131 seconds,   30.957 MB/s
HMAC-MD5           305 MB took 1.002 seconds,  304.449 MB/s
HMAC-SHA           130 MB took 1.009 seconds,  128.872 MB/s
HMAC-SHA256         35 MB took 1.142 seconds,   30.647 MB/s
PBKDF2               4 KB took 1.002 seconds,    3.744 KB/s
RSA     2048 public       1500 ops took 1.066 sec, avg 0.711 ms, 1406.763 ops/sec
RSA     2048 private       100 ops took 3.655 sec, avg 36.553 ms, 27.357 ops/sec
DH      2048 key gen        65 ops took 1.002 sec, avg 15.414 ms, 64.876 ops/sec
DH      2048 agree         100 ops took 1.511 sec, avg 15.114 ms, 66.165 ops/sec
ECC   [      SECP256R1]   256 key gen      1443 ops took 1.000 sec, avg 0.693 ms, 1442.712 ops/sec
ECDHE [      SECP256R1]   256 agree         900 ops took 1.012 sec, avg 1.125 ms, 889.105 ops/sec
ECDSA [      SECP256R1]   256 sign         1200 ops took 1.010 sec, avg 0.842 ms, 1188.282 ops/sec
ECDSA [      SECP256R1]   256 verify        900 ops took 1.048 sec, avg 1.164 ms, 858.821 ops/sec
Benchmark complete
[SGXSan] ALWAYS: Enter wc_test
INFO: seed corpus: files: 5 min: 370191b max: 390122b total: 1890817b rss: 44Mb
------------------------------------------------------------------------------
 wolfSSL version 5.1.0
------------------------------------------------------------------------------
error    test passed!
MEMORY   test passed!
base64   test passed!
asn      test passed!
RANDOM   test passed!
MD5      test passed!
MD4      test passed!
SHA      test passed!
SHA-256  test passed!
Hash     test passed!
HMAC-MD5 test passed!
HMAC-SHA test passed!
HMAC-SHA256 test passed!
GMAC     test passed!
HC-128   test passed!
Rabbit   test passed!
DES      test passed!
DES3     test passed!
AES      test passed!
AES192   test passed!
AES256   test passed!
AES-GCM  test passed!
RSA      test passed!
DH       test passed!
DSA      test passed!
PWDBASED test passed!
ECC      test passed!
ECC buffer test passed!
logging  test passed!
mutex    test passed!
memcb    test passed!
Test complete
[SGXSan] ALWAYS: Enter enc_wolfSSL_new
[SGXSan] ALWAYS: Enter wc_test
------------------------------------------------------------------------------
 wolfSSL version 5.1.0
------------------------------------------------------------------------------
error    test passed!
MEMORY   test passed!
base64   test passed!
asn      test passed!
RANDOM   test passed!
MD5      test passed!
MD4      test passed!
SHA      test passed!
SHA-256  test passed!
Hash     test passed!
HMAC-MD5 test passed!
HMAC-SHA test passed!
HMAC-SHA256 test passed!
GMAC     test passed!
HC-128   test passed!
Rabbit   test passed!
DES      test passed!
DES3     test passed!
AES      test passed!
AES192   test passed!
AES256   test passed!
AES-GCM  test passed!
RSA      test passed!
DH       test passed!
DSA      test passed!
PWDBASED test passed!
ECC      test passed!
ECC buffer test passed!
logging  test passed!
mutex    test passed!
memcb    test failed!
 error = -13803
[SGXSan] ALWAYS: Enter enc_wolfSSL_CTX_use_certificate_chain_buffer_format
[SGXSan] ALWAYS: Enter enc_wolfSSL_write
[SGXSan] ALWAYS: Enter enc_wolfSSL_get_error
[SGXSan] ALWAYS: Enter enc_wolfSSL_CTX_load_verify_buffer
[SGXSan] ALWAYS: Enter enc_wolfSSL_CTX_use_PrivateKey_buffer
[SGXSan] ALWAYS: Enter enc_wolfSSL_CTX_use_certificate_buffer
[SGXSan] ALWAYS: Enter enc_wolfTLSv1_2_server_method
[SGXSan] ALWAYS: Enter enc_wolfSSL_Debugging_ON
[SGXSan] ALWAYS: Enter enc_wolfSSL_CTX_new
[SGXSan] ALWAYS: Enter enc_wolfSSL_Cleanup
[SGXSan] ALWAYS: Enter enc_wolfSSL_connect
[SGXSan] ALWAYS: Enter wc_benchmark_test
------------------------------------------------------------------------------
 wolfSSL version 5.1.0
------------------------------------------------------------------------------
wolfCrypt Benchmark (block bytes 1048576, min 1.0 sec each)
RNG                 15 MB took 1.154 seconds,   12.994 MB/s
AES-128-CBC-enc     35 MB took 1.096 seconds,   31.941 MB/s
AES-128-CBC-dec     35 MB took 1.158 seconds,   30.232 MB/s
AES-192-CBC-enc     30 MB took 1.055 seconds,   28.426 MB/s
AES-192-CBC-dec     30 MB took 1.126 seconds,   26.649 MB/s
AES-256-CBC-enc     30 MB took 1.173 seconds,   25.586 MB/s
AES-256-CBC-dec     25 MB took 1.055 seconds,   23.695 MB/s
AES-128-GCM-enc     25 MB took 1.040 seconds,   24.045 MB/s
AES-128-GCM-dec     25 MB took 1.043 seconds,   23.971 MB/s
AES-192-GCM-enc     25 MB took 1.138 seconds,   21.961 MB/s
AES-192-GCM-dec     25 MB took 1.132 seconds,   22.092 MB/s
AES-256-GCM-enc     20 MB took 1.005 seconds,   19.905 MB/s
AES-256-GCM-dec     20 MB took 1.014 seconds,   19.716 MB/s
GMAC Table 4-bit    69 MB took 1.010 seconds,   68.294 MB/s
RABBIT              90 MB took 1.007 seconds,   89.354 MB/s
3DES                10 MB took 1.114 seconds,    8.977 MB/s
MD5                300 MB took 1.013 seconds,  296.018 MB/s
SHA                125 MB took 1.013 seconds,  123.399 MB/s
SHA-256             35 MB took 1.134 seconds,   30.851 MB/s
HMAC-MD5           305 MB took 1.011 seconds,  301.652 MB/s
HMAC-SHA           135 MB took 1.026 seconds,  131.538 MB/s
HMAC-SHA256         35 MB took 1.102 seconds,   31.748 MB/s
PBKDF2               4 KB took 1.004 seconds,    3.797 KB/s
RSA     2048 public       1500 ops took 1.050 sec, avg 0.700 ms, 1429.048 ops/sec
RSA     2048 private       100 ops took 3.650 sec, avg 36.497 ms, 27.400 ops/sec
DH      2048 key gen        63 ops took 1.011 sec, avg 16.051 ms, 62.301 ops/sec
DH      2048 agree         100 ops took 1.577 sec, avg 15.769 ms, 63.416 ops/sec
ECC   [      SECP256R1]   256 key gen      1419 ops took 1.000 sec, avg 0.705 ms, 1418.712 ops/sec
ECDHE [      SECP256R1]   256 agree        1000 ops took 1.075 sec, avg 1.075 ms, 930.266 ops/sec
ECDSA [      SECP256R1]   256 sign         1300 ops took 1.051 sec, avg 0.808 ms, 1236.911 ops/sec
ECDSA [      SECP256R1]   256 verify        800 ops took 1.006 sec, avg 1.257 ms, 795.347 ops/sec
Benchmark complete
[SGXSan] ALWAYS: Enter enc_wolfSSL_free
[SGXSan] ALWAYS: Enter enc_wolfSSL_set_fd
[SGXSan] ALWAYS: Enter enc_wolfTLSv1_2_client_method
[SGXSan] ALWAYS: Enter enc_wolfSSL_Init
[SGXSan] ALWAYS: Enter enc_wolfSSL_CTX_set_cipher_list
[SGXSan] ALWAYS: Enter enc_wolfSSL_Debugging_OFF
[SGXSan] ALWAYS: Enter enc_wolfSSL_read
[SGXSan] ALWAYS: Enter enc_wolfSSL_CTX_free
#2	pulse  ft: 6299 exec/s: 0 rss: 50Mb
Slowest unit: 42 s:
artifact_prefix='./crashes/'; Test unit written to ./crashes/slow-unit-ddd80d5e9861e976679df15b45e797151fd301fa
[SGXSan] ALWAYS: Enter enc_wolfSSL_Debugging_OFF
[SGXSan] ALWAYS: Enter wc_test
------------------------------------------------------------------------------
 wolfSSL version 5.1.0
------------------------------------------------------------------------------
error    test passed!
MEMORY   test passed!
base64   test passed!
asn      test passed!
RANDOM   test passed!
MD5      test passed!
MD4      test passed!
SHA      test passed!
SHA-256  test passed!
Hash     test passed!
HMAC-MD5 test passed!
HMAC-SHA test passed!
HMAC-SHA256 test passed!
GMAC     test passed!
HC-128   test passed!
Rabbit   test passed!
DES      test passed!
DES3     test passed!
AES      test passed!
AES192   test passed!
AES256   test passed!
AES-GCM  test passed!
RSA      test passed!
DH       test passed!
DSA      test passed!
PWDBASED test passed!
ECC      test passed!
ECC buffer test passed!
logging  test passed!
mutex    test passed!
memcb    test failed!
 error = -13803
[SGXSan] ALWAYS: Enter enc_wolfSSL_CTX_set_cipher_list
[SGXSan] ALWAYS: Enter enc_wolfSSL_free
[SGXSan] ALWAYS: Enter enc_wolfSSL_get_error
[SGXSan] ALWAYS: Enter enc_wolfSSL_CTX_free
[SGXSan] ALWAYS: Enter enc_wolfSSL_Init
[SGXSan] ALWAYS: Enter enc_wolfSSL_CTX_new
[SGXSan] ALWAYS: Enter enc_wolfSSL_CTX_use_certificate_chain_buffer_format
[SGXSan] ALWAYS: Enter enc_wolfSSL_CTX_load_verify_buffer
[SGXSan] ALWAYS: Enter wc_benchmark_test
------------------------------------------------------------------------------
 wolfSSL version 5.1.0
------------------------------------------------------------------------------
wolfCrypt Benchmark (block bytes 1048576, min 1.0 sec each)
RNG                 15 MB took 1.126 seconds,   13.318 MB/s
AES-128-CBC-enc     35 MB took 1.054 seconds,   33.195 MB/s
AES-128-CBC-dec     35 MB took 1.149 seconds,   30.457 MB/s
AES-192-CBC-enc     30 MB took 1.079 seconds,   27.795 MB/s
AES-192-CBC-dec     30 MB took 1.149 seconds,   26.105 MB/s
AES-256-CBC-enc     30 MB took 1.181 seconds,   25.396 MB/s
AES-256-CBC-dec     25 MB took 1.037 seconds,   24.099 MB/s
AES-128-GCM-enc     25 MB took 1.049 seconds,   23.831 MB/s
AES-128-GCM-dec     25 MB took 1.044 seconds,   23.938 MB/s
AES-192-GCM-enc     25 MB took 1.170 seconds,   21.359 MB/s
AES-192-GCM-dec     25 MB took 1.173 seconds,   21.315 MB/s
AES-256-GCM-enc     20 MB took 1.017 seconds,   19.658 MB/s
AES-256-GCM-dec     20 MB took 1.037 seconds,   19.291 MB/s
GMAC Table 4-bit    69 MB took 1.011 seconds,   68.277 MB/s
RABBIT              95 MB took 1.019 seconds,   93.262 MB/s
3DES                10 MB took 1.049 seconds,    9.531 MB/s
MD5                315 MB took 1.011 seconds,  311.667 MB/s
SHA                130 MB took 1.027 seconds,  126.554 MB/s
SHA-256             35 MB took 1.124 seconds,   31.142 MB/s
HMAC-MD5           305 MB took 1.010 seconds,  301.885 MB/s
HMAC-SHA           135 MB took 1.031 seconds,  130.961 MB/s
HMAC-SHA256         35 MB took 1.107 seconds,   31.615 MB/s
PBKDF2               4 KB took 1.004 seconds,    3.767 KB/s
RSA     2048 public       1500 ops took 1.062 sec, avg 0.708 ms, 1412.406 ops/sec
RSA     2048 private       100 ops took 3.674 sec, avg 36.741 ms, 27.218 ops/sec
DH      2048 key gen        64 ops took 1.010 sec, avg 15.788 ms, 63.339 ops/sec
DH      2048 agree         100 ops took 1.559 sec, avg 15.590 ms, 64.144 ops/sec
ECC   [      SECP256R1]   256 key gen      1401 ops took 1.000 sec, avg 0.714 ms, 1400.868 ops/sec
ECDHE [      SECP256R1]   256 agree         900 ops took 1.000 sec, avg 1.111 ms, 899.934 ops/sec
ECDSA [      SECP256R1]   256 sign         1200 ops took 1.023 sec, avg 0.853 ms, 1172.553 ops/sec
ECDSA [      SECP256R1]   256 verify        900 ops took 1.062 sec, avg 1.180 ms, 847.354 ops/sec
Benchmark complete
[SGXSan] ALWAYS: Enter enc_wolfSSL_Cleanup
[SGXSan] ALWAYS: Enter enc_wolfSSL_set_fd
[SGXSan] ALWAYS: Enter enc_wolfSSL_Debugging_ON
[SGXSan] ALWAYS: Enter enc_wolfSSL_write
[SGXSan] ALWAYS: Enter enc_wolfSSL_new
[SGXSan] ALWAYS: Enter enc_wolfTLSv1_2_server_method
[SGXSan] ALWAYS: Enter enc_wolfSSL_CTX_use_PrivateKey_buffer
[SGXSan] ALWAYS: Enter enc_wolfTLSv1_2_client_method
[SGXSan] ALWAYS: Enter enc_wolfSSL_connect
[SGXSan] ALWAYS: Enter enc_wolfSSL_CTX_use_certificate_buffer
[SGXSan] ALWAYS: Enter enc_wolfSSL_read
[SGXSan] ALWAYS: Enter enc_wolfSSL_connect
[SGXSan] ALWAYS: Enter enc_wolfSSL_new
[SGXSan] ALWAYS: Enter enc_wolfSSL_CTX_new
[SGXSan] ALWAYS: Enter enc_wolfSSL_CTX_free
[SGXSan] ALWAYS: Enter enc_wolfSSL_write
[SGXSan] ALWAYS: Enter enc_wolfSSL_CTX_load_verify_buffer
[SGXSan] ALWAYS: Enter enc_wolfSSL_CTX_use_PrivateKey_buffer
[SGXSan] ALWAYS: Enter enc_wolfTLSv1_2_client_method
[SGXSan] ALWAYS: Enter wc_benchmark_test
------------------------------------------------------------------------------
 wolfSSL version 5.1.0
------------------------------------------------------------------------------
wolfCrypt Benchmark (block bytes 1048576, min 1.0 sec each)
RNG                 15 MB took 1.136 seconds,   13.200 MB/s
AES-128-CBC-enc     35 MB took 1.047 seconds,   33.438 MB/s
AES-128-CBC-dec     30 MB took 1.001 seconds,   29.961 MB/s
AES-192-CBC-enc     30 MB took 1.045 seconds,   28.721 MB/s
AES-192-CBC-dec     30 MB took 1.148 seconds,   26.140 MB/s
AES-256-CBC-enc     30 MB took 1.174 seconds,   25.551 MB/s
AES-256-CBC-dec     25 MB took 1.038 seconds,   24.096 MB/s
AES-128-GCM-enc     25 MB took 1.040 seconds,   24.045 MB/s
AES-128-GCM-dec     25 MB took 1.054 seconds,   23.712 MB/s
AES-192-GCM-enc     25 MB took 1.163 seconds,   21.502 MB/s
AES-192-GCM-dec     25 MB took 1.170 seconds,   21.359 MB/s
AES-256-GCM-enc     20 MB took 1.009 seconds,   19.829 MB/s
AES-256-GCM-dec     25 MB took 1.241 seconds,   20.151 MB/s
GMAC Table 4-bit    69 MB took 1.001 seconds,   68.965 MB/s
RABBIT              95 MB took 1.029 seconds,   92.289 MB/s
3DES                10 MB took 1.092 seconds,    9.159 MB/s
MD5                305 MB took 1.005 seconds,  303.603 MB/s
SHA                130 MB took 1.010 seconds,  128.663 MB/s
SHA-256             35 MB took 1.138 seconds,   30.756 MB/s
HMAC-MD5           305 MB took 1.005 seconds,  303.382 MB/s
HMAC-SHA           130 MB took 1.016 seconds,  127.925 MB/s
HMAC-SHA256         35 MB took 1.131 seconds,   30.954 MB/s
PBKDF2               4 KB took 1.002 seconds,    3.711 KB/s
RSA     2048 public       1400 ops took 1.030 sec, avg 0.736 ms, 1358.578 ops/sec
RSA     2048 private       100 ops took 3.721 sec, avg 37.207 ms, 26.877 ops/sec
DH      2048 key gen        63 ops took 1.008 sec, avg 15.998 ms, 62.508 ops/sec
DH      2048 agree         100 ops took 1.638 sec, avg 16.380 ms, 61.052 ops/sec
ECC   [      SECP256R1]   256 key gen      1364 ops took 1.001 sec, avg 0.734 ms, 1363.148 ops/sec
ECDHE [      SECP256R1]   256 agree         900 ops took 1.006 sec, avg 1.118 ms, 894.602 ops/sec
ECDSA [      SECP256R1]   256 sign         1300 ops took 1.065 sec, avg 0.819 ms, 1220.862 ops/sec
ECDSA [      SECP256R1]   256 verify        900 ops took 1.008 sec, avg 1.120 ms, 892.606 ops/sec
Benchmark complete
[SGXSan] ALWAYS: Enter enc_wolfSSL_CTX_set_cipher_list
[SGXSan] ALWAYS: Enter enc_wolfSSL_get_error
[SGXSan] ALWAYS: Enter enc_wolfSSL_Init
[SGXSan] ALWAYS: Enter enc_wolfSSL_free
[SGXSan] ALWAYS: Enter wc_test
------------------------------------------------------------------------------
 wolfSSL version 5.1.0
------------------------------------------------------------------------------
error    test passed!
MEMORY   test passed!
base64   test passed!
asn      test passed!
RANDOM   test passed!
MD5      test passed!
MD4      test passed!
SHA      test passed!
SHA-256  test passed!
Hash     test passed!
HMAC-MD5 test passed!
HMAC-SHA test passed!
HMAC-SHA256 test passed!
GMAC     test passed!
HC-128   test passed!
Rabbit   test passed!
DES      test passed!
DES3     test passed!
AES      test passed!
AES192   test passed!
AES256   test passed!
AES-GCM  test passed!
RSA      test passed!
DH       test passed!
DSA      test passed!
PWDBASED test passed!
ECC      test passed!
ECC buffer test passed!
logging  test passed!
mutex    test passed!
memcb    test failed!
 error = -13803
[SGXSan] ALWAYS: Enter enc_wolfSSL_Debugging_ON
[SGXSan] ALWAYS: Enter enc_wolfSSL_read
[SGXSan] ALWAYS: Enter enc_wolfSSL_Debugging_OFF
[SGXSan] ALWAYS: Enter enc_wolfTLSv1_2_server_method
[SGXSan] ALWAYS: Enter enc_wolfSSL_set_fd
[SGXSan] ALWAYS: Enter enc_wolfSSL_CTX_use_certificate_buffer
[SGXSan] ALWAYS: Enter enc_wolfSSL_CTX_use_certificate_chain_buffer_format
[SGXSan] ALWAYS: Enter enc_wolfSSL_Cleanup
#4	pulse  cov: 6299 ft: 6305 corp: 2/723Kb exec/s: 0 rss: 64Mb
[SGXSan] ALWAYS: Enter wc_benchmark_test
------------------------------------------------------------------------------
 wolfSSL version 5.1.0
------------------------------------------------------------------------------
wolfCrypt Benchmark (block bytes 1048576, min 1.0 sec each)
RNG                 15 MB took 1.126 seconds,   13.321 MB/s
AES-128-CBC-enc     35 MB took 1.062 seconds,   32.955 MB/s
AES-128-CBC-dec     35 MB took 1.151 seconds,   30.420 MB/s
AES-192-CBC-enc     30 MB took 1.067 seconds,   28.103 MB/s
AES-192-CBC-dec     30 MB took 1.147 seconds,   26.153 MB/s
AES-256-CBC-enc     30 MB took 1.199 seconds,   25.026 MB/s
AES-256-CBC-dec     25 MB took 1.044 seconds,   23.954 MB/s
AES-128-GCM-enc     25 MB took 1.045 seconds,   23.925 MB/s
AES-128-GCM-dec     25 MB took 1.033 seconds,   24.190 MB/s
AES-192-GCM-enc     25 MB took 1.192 seconds,   20.969 MB/s
AES-192-GCM-dec     25 MB took 1.211 seconds,   20.641 MB/s
AES-256-GCM-enc     20 MB took 1.037 seconds,   19.282 MB/s
AES-256-GCM-dec     20 MB took 1.027 seconds,   19.482 MB/s
GMAC Table 4-bit    69 MB took 1.004 seconds,   68.712 MB/s
RABBIT              95 MB took 1.043 seconds,   91.121 MB/s
3DES                10 MB took 1.096 seconds,    9.120 MB/s
MD5                300 MB took 1.016 seconds,  295.214 MB/s
SHA                125 MB took 1.005 seconds,  124.328 MB/s
SHA-256             30 MB took 1.006 seconds,   29.808 MB/s
HMAC-MD5           305 MB took 1.004 seconds,  303.900 MB/s
HMAC-SHA           135 MB took 1.036 seconds,  130.281 MB/s
HMAC-SHA256         35 MB took 1.156 seconds,   30.267 MB/s
PBKDF2               4 KB took 1.008 seconds,    3.691 KB/s
RSA     2048 public       1400 ops took 1.023 sec, avg 0.730 ms, 1369.168 ops/sec
RSA     2048 private       100 ops took 3.672 sec, avg 36.724 ms, 27.230 ops/sec
DH      2048 key gen        66 ops took 1.010 sec, avg 15.306 ms, 65.333 ops/sec
DH      2048 agree         100 ops took 1.533 sec, avg 15.325 ms, 65.252 ops/sec
ECC   [      SECP256R1]   256 key gen      1425 ops took 1.001 sec, avg 0.702 ms, 1424.258 ops/sec
ECDHE [      SECP256R1]   256 agree        1000 ops took 1.093 sec, avg 1.093 ms, 914.625 ops/sec
ECDSA [      SECP256R1]   256 sign         1300 ops took 1.061 sec, avg 0.816 ms, 1225.416 ops/sec
ECDSA [      SECP256R1]   256 verify        900 ops took 1.017 sec, avg 1.130 ms, 884.774 ops/sec
Benchmark complete
[SGXSan] ALWAYS: Enter enc_wolfSSL_get_error
[SGXSan] ALWAYS: Enter enc_wolfSSL_free
[SGXSan] ALWAYS: Enter enc_wolfSSL_Debugging_OFF
[SGXSan] ALWAYS: Enter enc_wolfSSL_connect
[SGXSan] ALWAYS: Enter wc_test
------------------------------------------------------------------------------
 wolfSSL version 5.1.0
------------------------------------------------------------------------------
error    test passed!
MEMORY   test passed!
base64   test passed!
asn      test passed!
RANDOM   test passed!
MD5      test passed!
MD4      test passed!
SHA      test passed!
SHA-256  test passed!
Hash     test passed!
HMAC-MD5 test passed!
HMAC-SHA test passed!
HMAC-SHA256 test passed!
GMAC     test passed!
HC-128   test passed!
Rabbit   test passed!
DES      test passed!
DES3     test passed!
AES      test passed!
AES192   test passed!
AES256   test passed!
AES-GCM  test passed!
RSA      test passed!
DH       test passed!
DSA      test passed!
PWDBASED test passed!
ECC      test passed!
ECC buffer test passed!
logging  test passed!
mutex    test passed!
memcb    test failed!
 error = -13803
[SGXSan] ALWAYS: Enter enc_wolfSSL_CTX_use_certificate_chain_buffer_format
[SGXSan] ALWAYS: Enter enc_wolfSSL_set_fd
[SGXSan] ALWAYS: Enter enc_wolfSSL_read
[SGXSan] ALWAYS: Enter enc_wolfSSL_Cleanup
[SGXSan] ALWAYS: Enter enc_wolfSSL_CTX_set_cipher_list
[SGXSan] ALWAYS: Enter enc_wolfSSL_Debugging_ON
[SGXSan] ALWAYS: Enter enc_wolfSSL_write
[SGXSan] ALWAYS: Enter enc_wolfSSL_CTX_new
[SGXSan] ALWAYS: Enter enc_wolfSSL_Init
[SGXSan] ALWAYS: Enter enc_wolfTLSv1_2_server_method
[SGXSan] ALWAYS: Enter enc_wolfSSL_CTX_use_certificate_buffer
[SGXSan] ALWAYS: Enter enc_wolfSSL_new
[SGXSan] ALWAYS: Enter enc_wolfSSL_CTX_free
[SGXSan] ALWAYS: Enter enc_wolfSSL_CTX_use_PrivateKey_buffer
[SGXSan] ALWAYS: Enter enc_wolfSSL_CTX_load_verify_buffer
[SGXSan] ALWAYS: Enter enc_wolfTLSv1_2_client_method
[SGXSan] ALWAYS: Enter wc_test
------------------------------------------------------------------------------
 wolfSSL version 5.1.0
------------------------------------------------------------------------------
error    test passed!
MEMORY   test passed!
base64   test passed!
asn      test passed!
RANDOM   test passed!
MD5      test passed!
MD4      test passed!
SHA      test passed!
SHA-256  test passed!
Hash     test passed!
HMAC-MD5 test passed!
HMAC-SHA test passed!
HMAC-SHA256 test passed!
GMAC     test passed!
HC-128   test passed!
Rabbit   test passed!
DES      test passed!
DES3     test passed!
AES      test passed!
AES192   test passed!
AES256   test passed!
AES-GCM  test passed!
RSA      test passed!
DH       test passed!
DSA      test passed!
PWDBASED test passed!
ECC      test passed!
ECC buffer test passed!
logging  test passed!
mutex    test passed!
memcb    test failed!
 error = -13803
[SGXSan] ALWAYS: Enter enc_wolfTLSv1_2_client_method
[SGXSan] ALWAYS: Enter enc_wolfSSL_CTX_set_cipher_list
[SGXSan] ALWAYS: Enter enc_wolfSSL_get_error
[SGXSan] ALWAYS: Enter enc_wolfSSL_Init
[SGXSan] ALWAYS: Enter enc_wolfSSL_CTX_load_verify_buffer
[SGXSan] ALWAYS: Enter enc_wolfSSL_free
[SGXSan] ALWAYS: Enter enc_wolfSSL_CTX_use_certificate_chain_buffer_format
[SGXSan] ALWAYS: Enter enc_wolfSSL_set_fd
[SGXSan] ALWAYS: Enter enc_wolfSSL_new
[SGXSan] ALWAYS: Enter enc_wolfSSL_Debugging_ON
[SGXSan] ALWAYS: Enter enc_wolfSSL_Debugging_OFF
[SGXSan] ALWAYS: Enter enc_wolfSSL_CTX_use_certificate_buffer
[SGXSan] ALWAYS: Enter enc_wolfTLSv1_2_server_method
[SGXSan] ALWAYS: Enter enc_wolfSSL_read
[SGXSan] ALWAYS: Enter enc_wolfSSL_connect
[SGXSan] ALWAYS: Enter enc_wolfSSL_write
[SGXSan] ALWAYS: Enter enc_wolfSSL_CTX_new
[SGXSan] ALWAYS: Enter enc_wolfSSL_CTX_free
[SGXSan] ALWAYS: Enter enc_wolfSSL_CTX_use_PrivateKey_buffer
[SGXSan] ALWAYS: Enter enc_wolfSSL_Cleanup
[SGXSan] ALWAYS: Enter wc_benchmark_test
#6	INITED cov: 6301 ft: 6311 corp: 4/1465Kb exec/s: 0 rss: 77Mb
------------------------------------------------------------------------------
 wolfSSL version 5.1.0
------------------------------------------------------------------------------
wolfCrypt Benchmark (block bytes 1048576, min 1.0 sec each)
RNG                 15 MB took 1.147 seconds,   13.077 MB/s
AES-128-CBC-enc     35 MB took 1.058 seconds,   33.091 MB/s
AES-128-CBC-dec     35 MB took 1.147 seconds,   30.517 MB/s
AES-192-CBC-enc     30 MB took 1.046 seconds,   28.677 MB/s
AES-192-CBC-dec     30 MB took 1.104 seconds,   27.168 MB/s
AES-256-CBC-enc     30 MB took 1.159 seconds,   25.886 MB/s
AES-256-CBC-dec     25 MB took 1.016 seconds,   24.600 MB/s
AES-128-GCM-enc     25 MB took 1.059 seconds,   23.611 MB/s
AES-128-GCM-dec     25 MB took 1.070 seconds,   23.357 MB/s
AES-192-GCM-enc     25 MB took 1.189 seconds,   21.027 MB/s
AES-192-GCM-dec     25 MB took 1.203 seconds,   20.779 MB/s
AES-256-GCM-enc     20 MB took 1.038 seconds,   19.260 MB/s
AES-256-GCM-dec     20 MB took 1.036 seconds,   19.297 MB/s
GMAC Table 4-bit    67 MB took 1.003 seconds,   66.814 MB/s
RABBIT              90 MB took 1.013 seconds,   88.866 MB/s
3DES                10 MB took 1.084 seconds,    9.227 MB/s
MD5                300 MB took 1.005 seconds,  298.522 MB/s
SHA                130 MB took 1.007 seconds,  129.114 MB/s
SHA-256             35 MB took 1.118 seconds,   31.319 MB/s
HMAC-MD5           310 MB took 1.004 seconds,  308.804 MB/s
HMAC-SHA           130 MB took 1.001 seconds,  129.838 MB/s
HMAC-SHA256         35 MB took 1.150 seconds,   30.443 MB/s
PBKDF2               4 KB took 1.003 seconds,    3.708 KB/s
RSA     2048 public       1400 ops took 1.065 sec, avg 0.761 ms, 1314.037 ops/sec
RSA     2048 private       100 ops took 3.714 sec, avg 37.142 ms, 26.924 ops/sec
DH      2048 key gen        64 ops took 1.004 sec, avg 15.685 ms, 63.755 ops/sec
DH      2048 agree         100 ops took 1.572 sec, avg 15.724 ms, 63.596 ops/sec
ECC   [      SECP256R1]   256 key gen      1384 ops took 1.000 sec, avg 0.723 ms, 1383.824 ops/sec
ECDHE [      SECP256R1]   256 agree        1000 ops took 1.102 sec, avg 1.102 ms, 907.198 ops/sec
ECDSA [      SECP256R1]   256 sign         1300 ops took 1.077 sec, avg 0.829 ms, 1206.942 ops/sec
ECDSA [      SECP256R1]   256 verify        900 ops took 1.034 sec, avg 1.149 ms, 870.225 ops/sec
Benchmark complete
[SGXSan] ALWAYS: Enter enc_wolfSSL_CTX_load_verify_buffer
[SGXSan] ALWAYS: Enter enc_wolfSSL_Init
[SGXSan] ALWAYS: Enter enc_wolfTLSv1_2_server_method
[SGXSan] ALWAYS: Enter enc_wolfSSL_CTX_free
[SGXSan] ALWAYS: Enter enc_wolfSSL_CTX_set_cipher_list
[SGXSan] ALWAYS: Enter enc_wolfSSL_set_fd
[SGXSan] ALWAYS: Enter enc_wolfSSL_Cleanup
[SGXSan] ALWAYS: Enter enc_wolfSSL_Debugging_OFF
[SGXSan] ALWAYS: Enter enc_wolfSSL_get_error
[SGXSan] ALWAYS: Enter wc_benchmark_test
------------------------------------------------------------------------------
 wolfSSL version 5.1.0
------------------------------------------------------------------------------
wolfCrypt Benchmark (block bytes 1048576, min 1.0 sec each)
RNG                 15 MB took 1.132 seconds,   13.256 MB/s
AES-128-CBC-enc     35 MB took 1.053 seconds,   33.239 MB/s
AES-128-CBC-dec     30 MB took 1.011 seconds,   29.674 MB/s
AES-192-CBC-enc     30 MB took 1.077 seconds,   27.859 MB/s
AES-192-CBC-dec     30 MB took 1.164 seconds,   25.783 MB/s
AES-256-CBC-enc     30 MB took 1.195 seconds,   25.110 MB/s
AES-256-CBC-dec     25 MB took 1.035 seconds,   24.146 MB/s
AES-128-GCM-enc     25 MB took 1.060 seconds,   23.591 MB/s
AES-128-GCM-dec     25 MB took 1.040 seconds,   24.039 MB/s
AES-192-GCM-enc     25 MB took 1.189 seconds,   21.023 MB/s
AES-192-GCM-dec     25 MB took 1.179 seconds,   21.212 MB/s
AES-256-GCM-enc     20 MB took 1.024 seconds,   19.539 MB/s
AES-256-GCM-dec     20 MB took 1.035 seconds,   19.321 MB/s
GMAC Table 4-bit    69 MB took 1.012 seconds,   68.202 MB/s
RABBIT              95 MB took 1.048 seconds,   90.660 MB/s
3DES                10 MB took 1.091 seconds,    9.166 MB/s
MD5                300 MB took 1.002 seconds,  299.338 MB/s
SHA                125 MB took 1.007 seconds,  124.172 MB/s
SHA-256             35 MB took 1.147 seconds,   30.527 MB/s
HMAC-MD5           300 MB took 1.001 seconds,  299.781 MB/s
HMAC-SHA           130 MB took 1.009 seconds,  128.878 MB/s
HMAC-SHA256         35 MB took 1.132 seconds,   30.917 MB/s
PBKDF2               4 KB took 1.005 seconds,    3.732 KB/s
RSA     2048 public       1400 ops took 1.002 sec, avg 0.716 ms, 1397.058 ops/sec
RSA     2048 private       100 ops took 3.651 sec, avg 36.505 ms, 27.393 ops/sec
DH      2048 key gen        65 ops took 1.000 sec, avg 15.388 ms, 64.986 ops/sec
DH      2048 agree         100 ops took 1.544 sec, avg 15.439 ms, 64.773 ops/sec
ECC   [      SECP256R1]   256 key gen      1396 ops took 1.000 sec, avg 0.716 ms, 1395.750 ops/sec
ECDHE [      SECP256R1]   256 agree         900 ops took 1.010 sec, avg 1.122 ms, 891.265 ops/sec
ECDSA [      SECP256R1]   256 sign         1200 ops took 1.027 sec, avg 0.856 ms, 1168.384 ops/sec
ECDSA [      SECP256R1]   256 verify        900 ops took 1.064 sec, avg 1.182 ms, 845.896 ops/sec
Benchmark complete
[SGXSan] ALWAYS: Enter enc_wolfSSL_read
[SGXSan] ALWAYS: Enter enc_wolfSSL_write
[SGXSan] ALWAYS: Enter enc_wolfSSL_CTX_use_PrivateKey_buffer
[SGXSan] ALWAYS: Enter enc_wolfSSL_new
[SGXSan] ALWAYS: Enter enc_wolfSSL_connect
[SGXSan] ALWAYS: Enter enc_wolfSSL_CTX_use_certificate_buffer
[SGXSan] ALWAYS: Enter wc_test
------------------------------------------------------------------------------
 wolfSSL version 5.1.0
------------------------------------------------------------------------------
error    test passed!
MEMORY   test passed!
base64   test passed!
asn      test passed!
RANDOM   test passed!
MD5      test passed!
MD4      test passed!
SHA      test passed!
SHA-256  test passed!
Hash     test passed!
HMAC-MD5 test passed!
HMAC-SHA test passed!
HMAC-SHA256 test passed!
GMAC     test passed!
HC-128   test passed!
Rabbit   test passed!
DES      test passed!
DES3     test passed!
AES      test passed!
AES192   test passed!
AES256   test passed!
AES-GCM  test passed!
RSA      test passed!
DH       test passed!
DSA      test passed!
PWDBASED test passed!
ECC      test passed!
ECC buffer test passed!
logging  test passed!
mutex    test passed!
memcb    test failed!
 error = -13803
[SGXSan] ALWAYS: Enter enc_wolfSSL_Debugging_ON
[SGXSan] ALWAYS: Enter enc_wolfSSL_CTX_new
[SGXSan] ALWAYS: Enter enc_wolfTLSv1_2_client_method
[SGXSan] ALWAYS: Enter enc_wolfSSL_CTX_use_certificate_chain_buffer_format
[SGXSan] ALWAYS: Enter enc_wolfSSL_free
[SGXSan] ALWAYS: Enter enc_wolfSSL_CTX_load_verify_buffer
[SGXSan] ALWAYS: Enter enc_wolfSSL_Init
[SGXSan] ALWAYS: Enter enc_wolfTLSv1_2_server_method
[SGXSan] ALWAYS: Enter enc_wolfSSL_CTX_free
[SGXSan] ALWAYS: Enter enc_wolfSSL_CTX_set_cipher_list
[SGXSan] ALWAYS: Enter enc_wolfSSL_set_fd
[SGXSan] ALWAYS: Enter enc_wolfSSL_Cleanup
[SGXSan] ALWAYS: Enter enc_wolfSSL_Debugging_OFF
[SGXSan] ALWAYS: Enter enc_wolfSSL_get_error
[SGXSan] ALWAYS: Enter wc_benchmark_test
------------------------------------------------------------------------------
 wolfSSL version 5.1.0
------------------------------------------------------------------------------
wolfCrypt Benchmark (block bytes 1048576, min 1.0 sec each)
RNG                 15 MB took 1.130 seconds,   13.277 MB/s
AES-128-CBC-enc     35 MB took 1.048 seconds,   33.410 MB/s
AES-128-CBC-dec     35 MB took 1.146 seconds,   30.550 MB/s
AES-192-CBC-enc     30 MB took 1.063 seconds,   28.222 MB/s
AES-192-CBC-dec     30 MB took 1.131 seconds,   26.533 MB/s
AES-256-CBC-enc     30 MB took 1.175 seconds,   25.529 MB/s
AES-256-CBC-dec     25 MB took 1.028 seconds,   24.315 MB/s
AES-128-GCM-enc     25 MB took 1.040 seconds,   24.038 MB/s
AES-128-GCM-dec     25 MB took 1.060 seconds,   23.574 MB/s
AES-192-GCM-enc     25 MB took 1.168 seconds,   21.395 MB/s
AES-192-GCM-dec     25 MB took 1.172 seconds,   21.333 MB/s
AES-256-GCM-enc     20 MB took 1.008 seconds,   19.836 MB/s
AES-256-GCM-dec     20 MB took 1.007 seconds,   19.867 MB/s
GMAC Table 4-bit    68 MB took 1.008 seconds,   67.459 MB/s
RABBIT              95 MB took 1.046 seconds,   90.818 MB/s
3DES                10 MB took 1.089 seconds,    9.184 MB/s
MD5                305 MB took 1.009 seconds,  302.276 MB/s
SHA                130 MB took 1.010 seconds,  128.664 MB/s
SHA-256             35 MB took 1.137 seconds,   30.785 MB/s
HMAC-MD5           300 MB took 1.010 seconds,  297.123 MB/s
HMAC-SHA           125 MB took 1.002 seconds,  124.707 MB/s
HMAC-SHA256         35 MB took 1.158 seconds,   30.232 MB/s
PBKDF2               4 KB took 1.002 seconds,    3.710 KB/s
RSA     2048 public       1400 ops took 1.010 sec, avg 0.721 ms, 1386.036 ops/sec
RSA     2048 private       100 ops took 3.650 sec, avg 36.503 ms, 27.395 ops/sec
DH      2048 key gen        66 ops took 1.011 sec, avg 15.314 ms, 65.300 ops/sec
DH      2048 agree         100 ops took 1.546 sec, avg 15.464 ms, 64.665 ops/sec
ECC   [      SECP256R1]   256 key gen      1379 ops took 1.001 sec, avg 0.726 ms, 1378.114 ops/sec
ECDHE [      SECP256R1]   256 agree         900 ops took 1.017 sec, avg 1.130 ms, 885.130 ops/sec
ECDSA [      SECP256R1]   256 sign         1200 ops took 1.024 sec, avg 0.854 ms, 1171.365 ops/sec
ECDSA [      SECP256R1]   256 verify        900 ops took 1.038 sec, avg 1.153 ms, 867.027 ops/sec
Benchmark complete
[SGXSan] ALWAYS: Enter enc_wolfSSL_read
[SGXSan] ALWAYS: Enter enc_wolfSSL_write
[SGXSan] ALWAYS: Enter enc_wolfSSL_CTX_use_PrivateKey_buffer
[SGXSan] ALWAYS: Enter enc_wolfSSL_new
[SGXSan] ALWAYS: Enter enc_wolfSSL_connect
[SGXSan] ALWAYS: Enter enc_wolfSSL_CTX_use_certificate_buffer
[SGXSan] ALWAYS: Enter wc_test
------------------------------------------------------------------------------
 wolfSSL version 5.1.0
------------------------------------------------------------------------------
error    test passed!
MEMORY   test passed!
base64   test passed!
asn      test passed!
RANDOM   test passed!
MD5      test passed!
MD4      test passed!
SHA      test passed!
SHA-256  test passed!
Hash     test passed!
HMAC-MD5 test passed!
HMAC-SHA test passed!
HMAC-SHA256 test passed!
GMAC     test passed!
HC-128   test passed!
Rabbit   test passed!
DES      test passed!
DES3     test passed!
AES      test passed!
AES192   test passed!
AES256   test passed!
AES-GCM  test passed!
RSA      test passed!
DH       test passed!
DSA      test passed!
PWDBASED test passed!
ECC      test passed!
ECC buffer test passed!
logging  test passed!
mutex    test passed!
memcb    test failed!
 error = -13803
[SGXSan] ALWAYS: Enter enc_wolfSSL_Debugging_ON
[SGXSan] ALWAYS: Enter enc_wolfSSL_CTX_new
[SGXSan] ALWAYS: Enter enc_wolfTLSv1_2_client_method
[SGXSan] ALWAYS: Enter enc_wolfSSL_CTX_use_certificate_chain_buffer_format
[SGXSan] ALWAYS: Enter enc_wolfSSL_free
#8	pulse  cov: 6301 ft: 6311 corp: 4/1465Kb lim: 1000000 exec/s: 0 rss: 88Mb
[SGXSan] ALWAYS: Enter enc_wolfSSL_read
[SGXSan] ALWAYS: Enter enc_wolfSSL_CTX_load_verify_buffer
[SGXSan] ALWAYS: Enter enc_wolfSSL_free
[SGXSan] ALWAYS: Enter enc_wolfSSL_Cleanup
[SGXSan] ALWAYS: Enter enc_wolfSSL_set_fd
[SGXSan] ALWAYS: Enter enc_wolfSSL_CTX_use_certificate_buffer
[SGXSan] ALWAYS: Enter enc_wolfSSL_connect
[SGXSan] ALWAYS: Enter enc_wolfSSL_CTX_set_cipher_list
[SGXSan] ALWAYS: Enter wc_test
------------------------------------------------------------------------------
 wolfSSL version 5.1.0
------------------------------------------------------------------------------
error    test passed!
MEMORY   test passed!
base64   test passed!
asn      test passed!
RANDOM   test passed!
MD5      test passed!
MD4      test passed!
SHA      test passed!
SHA-256  test passed!
Hash     test passed!
HMAC-MD5 test passed!
HMAC-SHA test passed!
HMAC-SHA256 test passed!
GMAC     test passed!
HC-128   test passed!
Rabbit   test passed!
DES      test passed!
DES3     test passed!
AES      test passed!
AES192   test passed!
AES256   test passed!
AES-GCM  test passed!
RSA      test passed!
DH       test passed!
DSA      test passed!
PWDBASED test passed!
ECC      test passed!
ECC buffer test passed!
logging  test passed!
mutex    test passed!
memcb    test failed!
 error = -13803
[SGXSan] ALWAYS: Enter enc_wolfSSL_CTX_use_certificate_chain_buffer_format
[SGXSan] ALWAYS: Enter enc_wolfSSL_CTX_free
[SGXSan] ALWAYS: Enter enc_wolfSSL_Debugging_ON
[SGXSan] ALWAYS: Enter enc_wolfSSL_Debugging_OFF
[SGXSan] ALWAYS: Enter enc_wolfSSL_write
[SGXSan] ALWAYS: Enter enc_wolfSSL_Init
[SGXSan] ALWAYS: Enter enc_wolfSSL_get_error
[SGXSan] ALWAYS: Enter wc_benchmark_test
------------------------------------------------------------------------------
 wolfSSL version 5.1.0
------------------------------------------------------------------------------
wolfCrypt Benchmark (block bytes 1048576, min 1.0 sec each)
RNG                 15 MB took 1.124 seconds,   13.348 MB/s
AES-128-CBC-enc     35 MB took 1.045 seconds,   33.481 MB/s
AES-128-CBC-dec     35 MB took 1.164 seconds,   30.074 MB/s
AES-192-CBC-enc     30 MB took 1.072 seconds,   27.993 MB/s
AES-192-CBC-dec     30 MB took 1.156 seconds,   25.950 MB/s
AES-256-CBC-enc     30 MB took 1.195 seconds,   25.103 MB/s
AES-256-CBC-dec     25 MB took 1.057 seconds,   23.661 MB/s
AES-128-GCM-enc     25 MB took 1.066 seconds,   23.443 MB/s
AES-128-GCM-dec     25 MB took 1.053 seconds,   23.736 MB/s
AES-192-GCM-enc     25 MB took 1.176 seconds,   21.257 MB/s
AES-192-GCM-dec     25 MB took 1.164 seconds,   21.472 MB/s
AES-256-GCM-enc     20 MB took 1.016 seconds,   19.689 MB/s
AES-256-GCM-dec     20 MB took 1.035 seconds,   19.323 MB/s
GMAC Table 4-bit    69 MB took 1.013 seconds,   68.146 MB/s
RABBIT              95 MB took 1.045 seconds,   90.946 MB/s
3DES                10 MB took 1.083 seconds,    9.236 MB/s
MD5                305 MB took 1.002 seconds,  304.415 MB/s
SHA                130 MB took 1.006 seconds,  129.232 MB/s
SHA-256             35 MB took 1.137 seconds,   30.770 MB/s
HMAC-MD5           305 MB took 1.008 seconds,  302.572 MB/s
HMAC-SHA           130 MB took 1.025 seconds,  126.865 MB/s
HMAC-SHA256         35 MB took 1.141 seconds,   30.685 MB/s
PBKDF2               4 KB took 1.004 seconds,    3.765 KB/s
RSA     2048 public       1400 ops took 1.003 sec, avg 0.716 ms, 1396.467 ops/sec
RSA     2048 private       100 ops took 3.680 sec, avg 36.799 ms, 27.175 ops/sec
DH      2048 key gen        65 ops took 1.002 sec, avg 15.411 ms, 64.889 ops/sec
DH      2048 agree         100 ops took 1.562 sec, avg 15.624 ms, 64.003 ops/sec
ECC   [      SECP256R1]   256 key gen      1430 ops took 1.000 sec, avg 0.700 ms, 1429.561 ops/sec
ECDHE [      SECP256R1]   256 agree        1000 ops took 1.086 sec, avg 1.086 ms, 921.178 ops/sec
ECDSA [      SECP256R1]   256 sign         1200 ops took 1.000 sec, avg 0.834 ms, 1199.640 ops/sec
ECDSA [      SECP256R1]   256 verify        900 ops took 1.047 sec, avg 1.163 ms, 859.651 ops/sec
Benchmark complete
[SGXSan] ALWAYS: Enter enc_wolfSSL_CTX_use_PrivateKey_buffer
[SGXSan] ALWAYS: Enter enc_wolfSSL_new
[SGXSan] ALWAYS: Enter enc_wolfSSL_CTX_new
[SGXSan] ALWAYS: Enter enc_wolfTLSv1_2_client_method
[SGXSan] ALWAYS: Enter enc_wolfTLSv1_2_server_method
[SGXSan] ALWAYS: Enter enc_wolfSSL_get_error
[SGXSan] ALWAYS: Enter enc_wolfSSL_read
[SGXSan] ALWAYS: Enter enc_wolfSSL_CTX_new
[SGXSan] ALWAYS: Enter enc_wolfTLSv1_2_client_method
[SGXSan] ALWAYS: Enter wc_benchmark_test
------------------------------------------------------------------------------
 wolfSSL version 5.1.0
------------------------------------------------------------------------------
wolfCrypt Benchmark (block bytes 1048576, min 1.0 sec each)
RNG                 15 MB took 1.147 seconds,   13.074 MB/s
AES-128-CBC-enc     35 MB took 1.056 seconds,   33.134 MB/s
AES-128-CBC-dec     35 MB took 1.143 seconds,   30.621 MB/s
AES-192-CBC-enc     30 MB took 1.044 seconds,   28.734 MB/s
AES-192-CBC-dec     30 MB took 1.118 seconds,   26.825 MB/s
AES-256-CBC-enc     30 MB took 1.187 seconds,   25.284 MB/s
AES-256-CBC-dec     25 MB took 1.044 seconds,   23.949 MB/s
AES-128-GCM-enc     25 MB took 1.045 seconds,   23.931 MB/s
AES-128-GCM-dec     25 MB took 1.041 seconds,   24.020 MB/s
AES-192-GCM-enc     25 MB took 1.163 seconds,   21.488 MB/s
AES-192-GCM-dec     25 MB took 1.185 seconds,   21.095 MB/s
AES-256-GCM-enc     20 MB took 1.018 seconds,   19.648 MB/s
AES-256-GCM-dec     20 MB took 1.034 seconds,   19.340 MB/s
GMAC Table 4-bit    69 MB took 1.011 seconds,   68.229 MB/s
RABBIT              95 MB took 1.051 seconds,   90.366 MB/s
3DES                10 MB took 1.092 seconds,    9.160 MB/s
MD5                305 MB took 1.009 seconds,  302.319 MB/s
SHA                130 MB took 1.015 seconds,  128.019 MB/s
SHA-256             35 MB took 1.128 seconds,   31.017 MB/s
HMAC-MD5           305 MB took 1.011 seconds,  301.754 MB/s
HMAC-SHA           130 MB took 1.023 seconds,  127.064 MB/s
HMAC-SHA256         35 MB took 1.136 seconds,   30.808 MB/s
PBKDF2               4 KB took 1.002 seconds,    3.805 KB/s
RSA     2048 public       1500 ops took 1.068 sec, avg 0.712 ms, 1404.575 ops/sec
RSA     2048 private       100 ops took 3.662 sec, avg 36.622 ms, 27.306 ops/sec
DH      2048 key gen        65 ops took 1.007 sec, avg 15.489 ms, 64.563 ops/sec
DH      2048 agree         100 ops took 1.556 sec, avg 15.555 ms, 64.287 ops/sec
ECC   [      SECP256R1]   256 key gen      1418 ops took 1.000 sec, avg 0.705 ms, 1417.702 ops/sec
ECDHE [      SECP256R1]   256 agree        1000 ops took 1.083 sec, avg 1.083 ms, 923.659 ops/sec
ECDSA [      SECP256R1]   256 sign         1200 ops took 1.000 sec, avg 0.834 ms, 1199.490 ops/sec
ECDSA [      SECP256R1]   256 verify        900 ops took 1.042 sec, avg 1.158 ms, 863.387 ops/sec
Benchmark complete
[SGXSan] ALWAYS: Enter enc_wolfSSL_Cleanup
[SGXSan] ALWAYS: Enter enc_wolfTLSv1_2_server_method
[SGXSan] ALWAYS: Enter enc_wolfSSL_CTX_load_verify_buffer
[SGXSan] ALWAYS: Enter enc_wolfSSL_connect
[SGXSan] ALWAYS: Enter enc_wolfSSL_CTX_use_certificate_chain_buffer_format
[SGXSan] ALWAYS: Enter enc_wolfSSL_CTX_use_PrivateKey_buffer
[SGXSan] ALWAYS: Enter enc_wolfSSL_Debugging_OFF
[SGXSan] ALWAYS: Enter enc_wolfSSL_CTX_free
[SGXSan] ALWAYS: Enter enc_wolfSSL_set_fd
[SGXSan] ALWAYS: Enter enc_wolfSSL_new
[SGXSan] ALWAYS: Enter wc_test
------------------------------------------------------------------------------
 wolfSSL version 5.1.0
------------------------------------------------------------------------------
error    test passed!
MEMORY   test passed!
base64   test passed!
asn      test passed!
RANDOM   test passed!
MD5      test passed!
MD4      test passed!
SHA      test passed!
SHA-256  test passed!
Hash     test passed!
HMAC-MD5 test passed!
HMAC-SHA test passed!
HMAC-SHA256 test passed!
GMAC     test passed!
HC-128   test passed!
Rabbit   test passed!
DES      test passed!
DES3     test passed!
AES      test passed!
AES192   test passed!
AES256   test passed!
AES-GCM  test passed!
RSA      test passed!
DH       test passed!
DSA      test passed!
PWDBASED test passed!
ECC      test passed!
ECC buffer test passed!
logging  test passed!
mutex    test passed!
memcb    test failed!
 error = -13803
[SGXSan] ALWAYS: Enter enc_wolfSSL_CTX_use_certificate_buffer
[SGXSan] ALWAYS: Enter enc_wolfSSL_write
[SGXSan] ALWAYS: Enter enc_wolfSSL_free
[SGXSan] ALWAYS: Enter enc_wolfSSL_CTX_set_cipher_list
[SGXSan] ALWAYS: Enter enc_wolfSSL_Init
[SGXSan] ALWAYS: Enter enc_wolfSSL_Debugging_ON
[SGXSan] ALWAYS: Enter enc_wolfSSL_get_error
[SGXSan] ALWAYS: Enter enc_wolfSSL_read
[SGXSan] ALWAYS: Enter enc_wolfSSL_CTX_new
[SGXSan] ALWAYS: Enter enc_wolfTLSv1_2_client_method
[SGXSan] ALWAYS: Enter wc_benchmark_test
------------------------------------------------------------------------------
 wolfSSL version 5.1.0
------------------------------------------------------------------------------
wolfCrypt Benchmark (block bytes 1048576, min 1.0 sec each)
RNG                 10 MB took 1.303 seconds,    7.677 MB/s
AES-128-CBC-enc     20 MB took 1.106 seconds,   18.090 MB/s
AES-128-CBC-dec     20 MB took 1.205 seconds,   16.599 MB/s
AES-192-CBC-enc     30 MB took 1.058 seconds,   28.364 MB/s
AES-192-CBC-dec     30 MB took 1.126 seconds,   26.642 MB/s
AES-256-CBC-enc     30 MB took 1.184 seconds,   25.346 MB/s
AES-256-CBC-dec     25 MB took 1.034 seconds,   24.181 MB/s
AES-128-GCM-enc     25 MB took 1.049 seconds,   23.826 MB/s
AES-128-GCM-dec     20 MB took 1.144 seconds,   17.487 MB/s
AES-192-GCM-enc     25 MB took 1.165 seconds,   21.457 MB/s
AES-192-GCM-dec     25 MB took 1.179 seconds,   21.196 MB/s
AES-256-GCM-enc     20 MB took 1.016 seconds,   19.683 MB/s
AES-256-GCM-dec     20 MB took 1.029 seconds,   19.445 MB/s
GMAC Table 4-bit    68 MB took 1.003 seconds,   67.816 MB/s
RABBIT              90 MB took 1.003 seconds,   89.760 MB/s
3DES                10 MB took 1.112 seconds,    8.992 MB/s
MD5                305 MB took 1.014 seconds,  300.674 MB/s
SHA                130 MB took 1.015 seconds,  128.107 MB/s
SHA-256             35 MB took 1.140 seconds,   30.707 MB/s
HMAC-MD5           305 MB took 1.013 seconds,  300.940 MB/s
HMAC-SHA           130 MB took 1.031 seconds,  126.065 MB/s
HMAC-SHA256         35 MB took 1.134 seconds,   30.855 MB/s
PBKDF2               4 KB took 1.002 seconds,    3.773 KB/s
RSA     2048 public       1500 ops took 1.068 sec, avg 0.712 ms, 1404.715 ops/sec
RSA     2048 private       100 ops took 3.649 sec, avg 36.492 ms, 27.404 ops/sec
DH      2048 key gen        66 ops took 1.014 sec, avg 15.363 ms, 65.091 ops/sec
DH      2048 agree         100 ops took 1.529 sec, avg 15.291 ms, 65.399 ops/sec
ECC   [      SECP256R1]   256 key gen      1424 ops took 1.000 sec, avg 0.703 ms, 1423.358 ops/sec
ECDHE [      SECP256R1]   256 agree        1000 ops took 1.083 sec, avg 1.083 ms, 923.335 ops/sec
ECDSA [      SECP256R1]   256 sign         1200 ops took 1.002 sec, avg 0.835 ms, 1197.871 ops/sec
ECDSA [      SECP256R1]   256 verify        900 ops took 1.031 sec, avg 1.146 ms, 872.619 ops/sec
Benchmark complete
[SGXSan] ALWAYS: Enter enc_wolfSSL_Cleanup
[SGXSan] ALWAYS: Enter enc_wolfTLSv1_2_server_method
[SGXSan] ALWAYS: Enter enc_wolfSSL_CTX_load_verify_buffer
[SGXSan] ALWAYS: Enter enc_wolfSSL_connect
[SGXSan] ALWAYS: Enter enc_wolfSSL_CTX_use_certificate_chain_buffer_format
[SGXSan] ALWAYS: Enter enc_wolfSSL_CTX_use_PrivateKey_buffer
[SGXSan] ALWAYS: Enter enc_wolfSSL_Debugging_OFF
[SGXSan] ALWAYS: Enter enc_wolfSSL_CTX_free
[SGXSan] ALWAYS: Enter enc_wolfSSL_set_fd
[SGXSan] ALWAYS: Enter enc_wolfSSL_new
[SGXSan] ALWAYS: Enter wc_test
------------------------------------------------------------------------------
 wolfSSL version 5.1.0
------------------------------------------------------------------------------
error    test passed!
MEMORY   test passed!
base64   test passed!
asn      test passed!
RANDOM   test passed!
MD5      test passed!
MD4      test passed!
SHA      test passed!
SHA-256  test passed!
Hash     test passed!
HMAC-MD5 test passed!
HMAC-SHA test passed!
HMAC-SHA256 test passed!
GMAC     test passed!
HC-128   test passed!
Rabbit   test passed!
DES      test passed!
DES3     test passed!
AES      test passed!
AES192   test passed!
AES256   test passed!
AES-GCM  test passed!
RSA      test passed!
DH       test passed!
DSA      test passed!
PWDBASED test passed!
ECC      test passed!
ECC buffer test passed!
logging  test passed!
mutex    test passed!
memcb    test failed!
 error = -13803
[SGXSan] ALWAYS: Enter enc_wolfSSL_CTX_use_certificate_buffer
[SGXSan] ALWAYS: Enter enc_wolfSSL_write
[SGXSan] ALWAYS: Enter enc_wolfSSL_free
[SGXSan] ALWAYS: Enter enc_wolfSSL_CTX_set_cipher_list
[SGXSan] ALWAYS: Enter enc_wolfSSL_Init
[SGXSan] ALWAYS: Enter enc_wolfSSL_Debugging_ON
#11	DONE   cov: 6301 ft: 6311 corp: 4/1465Kb lim: 1000000 exec/s: 0 rss: 104Mb
Done 11 runs in 469 second(s)
stat::number_of_executed_units: 11
stat::average_exec_per_sec:     0
stat::new_units_added:          0
stat::slowest_unit_time_sec:    42
stat::peak_rss_mb:              104
