WARNING: Failed to find function "__sanitizer_acquire_crash_state".
WARNING: Failed to find function "__sanitizer_print_stack_trace".
WARNING: Failed to find function "__sanitizer_set_death_callback".
[2023-01-15 16:39:15.059] [Init] Num of ECall: 22
[2023-01-15 16:39:15.059] ECalls:
  0 - fuzz_enc_wolfSSL_CTX_free
  1 - fuzz_enc_wolfSSL_CTX_load_verify_buffer
  2 - fuzz_enc_wolfSSL_CTX_new
  3 - fuzz_enc_wolfSSL_CTX_set_cipher_list
  4 - fuzz_enc_wolfSSL_CTX_use_PrivateKey_buffer
  5 - fuzz_enc_wolfSSL_CTX_use_certificate_buffer
  6 - fuzz_enc_wolfSSL_CTX_use_certificate_chain_buffer_format
  7 - fuzz_enc_wolfSSL_Cleanup
  8 - fuzz_enc_wolfSSL_Debugging_OFF
  9 - fuzz_enc_wolfSSL_Debugging_ON
  10 - fuzz_enc_wolfSSL_Init
  11 - fuzz_enc_wolfSSL_connect
  12 - fuzz_enc_wolfSSL_free
  13 - fuzz_enc_wolfSSL_get_error
  14 - fuzz_enc_wolfSSL_new
  15 - fuzz_enc_wolfSSL_read
  16 - fuzz_enc_wolfSSL_set_fd
  17 - fuzz_enc_wolfSSL_write
  18 - fuzz_enc_wolfTLSv1_2_client_method
  19 - fuzz_enc_wolfTLSv1_2_server_method
  20 - fuzz_wc_benchmark_test
  21 - fuzz_wc_test

INFO: found LLVMFuzzerCustomMutator (0x44ac30). Disabling -len_control by default.
INFO: libFuzzer ignores flags that start with '--'
INFO: Running with entropic power schedule (0xFF, 100).
INFO: Seed: 2690679237
INFO: Loaded 1 modules   (291 inline 8-bit counters): 291 [0x4cb7e8, 0x4cb90b), 
INFO: Loaded 1 PC tables (291 PCs): 291 [0x4cb910,0x4ccb40), 
INFO:        0 files found in /tmp/libFuzzerTemp.FuzzWithFork422940.dir/C3
[SGXSan] ALWAYS: Hook __sanitizer_cov_8bit_counters_init of Enclave, 21636 inline 8-bit counts [0x7fbd68c229c0, 0x7fbd68c27e44) (First time)
[SGXSan] ALWAYS: Hook __sanitizer_cov_pcs_init of Enclave, 21636 PCs [0x7fbd68c27e48, 0x7fbd68c7c688) (First time)
[SGXSan] ALWAYS: Enter enc_wolfSSL_CTX_free
[SGXSan] ALWAYS: Enter enc_wolfSSL_CTX_load_verify_buffer
[SGXSan] ALWAYS: Enter enc_wolfSSL_CTX_new
[SGXSan] ALWAYS: Enter enc_wolfSSL_CTX_set_cipher_list
[SGXSan] ALWAYS: Enter enc_wolfSSL_CTX_use_PrivateKey_buffer
[SGXSan] ALWAYS: Enter enc_wolfSSL_CTX_use_certificate_buffer
[SGXSan] ALWAYS: Enter enc_wolfSSL_CTX_use_certificate_chain_buffer_format
[SGXSan] ALWAYS: Enter enc_wolfSSL_Cleanup
[SGXSan] ALWAYS: Enter enc_wolfSSL_Debugging_OFF
[SGXSan] ALWAYS: Enter enc_wolfSSL_Debugging_ON
[SGXSan] ALWAYS: Enter enc_wolfSSL_Init
[SGXSan] ALWAYS: Enter enc_wolfSSL_connect
[SGXSan] ALWAYS: Enter enc_wolfSSL_free
[SGXSan] ALWAYS: Enter enc_wolfSSL_get_error
[SGXSan] ALWAYS: Enter enc_wolfSSL_new
[SGXSan] ALWAYS: Enter enc_wolfSSL_read
[SGXSan] ALWAYS: Enter enc_wolfSSL_set_fd
[SGXSan] ALWAYS: Enter enc_wolfSSL_write
[SGXSan] ALWAYS: Enter enc_wolfTLSv1_2_client_method
[SGXSan] ALWAYS: Enter enc_wolfTLSv1_2_server_method
[SGXSan] ALWAYS: Enter wc_benchmark_test
------------------------------------------------------------------------------
 wolfSSL version 5.1.0
------------------------------------------------------------------------------
wolfCrypt Benchmark (block bytes 1048576, min 1.0 sec each)
RNG                 15 MB took 1.130 seconds,   13.280 MB/s
AES-128-CBC-enc     35 MB took 1.085 seconds,   32.252 MB/s
AES-128-CBC-dec     35 MB took 1.132 seconds,   30.923 MB/s
AES-192-CBC-enc     30 MB took 1.055 seconds,   28.437 MB/s
AES-192-CBC-dec     30 MB took 1.122 seconds,   26.747 MB/s
AES-256-CBC-enc     30 MB took 1.170 seconds,   25.636 MB/s
AES-256-CBC-dec     25 MB took 1.037 seconds,   24.116 MB/s
AES-128-GCM-enc     25 MB took 1.014 seconds,   24.667 MB/s
AES-128-GCM-dec     25 MB took 1.047 seconds,   23.878 MB/s
AES-192-GCM-enc     25 MB took 1.172 seconds,   21.336 MB/s
AES-192-GCM-dec     20 MB took 1.011 seconds,   19.783 MB/s
AES-256-GCM-enc     20 MB took 1.018 seconds,   19.640 MB/s
AES-256-GCM-dec     20 MB took 1.008 seconds,   19.841 MB/s
GMAC Table 4-bit    68 MB took 1.006 seconds,   67.605 MB/s
RABBIT              95 MB took 1.045 seconds,   90.885 MB/s
3DES                10 MB took 1.089 seconds,    9.181 MB/s
MD5                305 MB took 1.005 seconds,  303.443 MB/s
SHA                130 MB took 1.008 seconds,  129.002 MB/s
SHA-256             35 MB took 1.136 seconds,   30.814 MB/s
HMAC-MD5           305 MB took 1.001 seconds,  304.620 MB/s
HMAC-SHA           130 MB took 1.009 seconds,  128.880 MB/s
HMAC-SHA256         35 MB took 1.128 seconds,   31.027 MB/s
PBKDF2               4 KB took 1.007 seconds,    3.753 KB/s
RSA     2048 public       1400 ops took 1.007 sec, avg 0.719 ms, 1390.631 ops/sec
RSA     2048 private       100 ops took 3.663 sec, avg 36.627 ms, 27.302 ops/sec
DH      2048 key gen        65 ops took 1.001 sec, avg 15.397 ms, 64.948 ops/sec
DH      2048 agree         100 ops took 1.537 sec, avg 15.373 ms, 65.049 ops/sec
ECC   [      SECP256R1]   256 key gen      1427 ops took 1.000 sec, avg 0.701 ms, 1426.712 ops/sec
ECDHE [      SECP256R1]   256 agree        1000 ops took 1.077 sec, avg 1.077 ms, 928.683 ops/sec
ECDSA [      SECP256R1]   256 sign         1200 ops took 1.022 sec, avg 0.852 ms, 1174.152 ops/sec
ECDSA [      SECP256R1]   256 verify        900 ops took 1.032 sec, avg 1.147 ms, 871.818 ops/sec
Benchmark complete
[SGXSan] ALWAYS: Enter wc_test
INFO: A corpus is not provided, starting from an empty corpus
------------------------------------------------------------------------------
 wolfSSL version 5.1.0
------------------------------------------------------------------------------
error    test passed!
MEMORY   test passed!
base64   test passed!
asn      test passed!
RANDOM   test passed!
MD5      test passed!
MD4      test passed!
SHA      test passed!
SHA-256  test passed!
Hash     test passed!
HMAC-MD5 test passed!
HMAC-SHA test passed!
HMAC-SHA256 test passed!
GMAC     test passed!
HC-128   test passed!
Rabbit   test passed!
DES      test passed!
DES3     test passed!
AES      test passed!
AES192   test passed!
AES256   test passed!
AES-GCM  test passed!
RSA      test passed!
DH       test passed!
DSA      test passed!
PWDBASED test passed!
ECC      test passed!
ECC buffer test passed!
logging  test passed!
mutex    test passed!
memcb    test passed!
Test complete
[SGXSan] ALWAYS: Enter enc_wolfSSL_Init
[SGXSan] ALWAYS: Enter enc_wolfSSL_CTX_free
[SGXSan] ALWAYS: Enter enc_wolfSSL_CTX_load_verify_buffer
[SGXSan] ALWAYS: Enter enc_wolfSSL_CTX_new
[SGXSan] ALWAYS: Enter enc_wolfSSL_CTX_set_cipher_list
[SGXSan] ALWAYS: Enter enc_wolfSSL_CTX_use_PrivateKey_buffer
[SGXSan] ALWAYS: Enter enc_wolfSSL_CTX_use_certificate_buffer
[SGXSan] ALWAYS: Enter enc_wolfSSL_CTX_use_certificate_chain_buffer_format
[SGXSan] ALWAYS: Enter enc_wolfSSL_Cleanup
[SGXSan] ALWAYS: Enter enc_wolfSSL_Debugging_OFF
[SGXSan] ALWAYS: Enter enc_wolfSSL_Debugging_ON
[SGXSan] ALWAYS: Enter enc_wolfSSL_connect
[SGXSan] ALWAYS: Enter enc_wolfSSL_free
[SGXSan] ALWAYS: Enter enc_wolfSSL_get_error
[SGXSan] ALWAYS: Enter enc_wolfSSL_new
[SGXSan] ALWAYS: Enter enc_wolfSSL_read
[SGXSan] ALWAYS: Enter enc_wolfSSL_set_fd
[SGXSan] ALWAYS: Enter enc_wolfSSL_write
[SGXSan] ALWAYS: Enter enc_wolfTLSv1_2_client_method
[SGXSan] ALWAYS: Enter enc_wolfTLSv1_2_server_method
[SGXSan] ALWAYS: Enter wc_benchmark_test
------------------------------------------------------------------------------
 wolfSSL version 5.1.0
------------------------------------------------------------------------------
wolfCrypt Benchmark (block bytes 1048576, min 1.0 sec each)
RNG                 15 MB took 1.127 seconds,   13.313 MB/s
AES-128-CBC-enc     35 MB took 1.052 seconds,   33.285 MB/s
AES-128-CBC-dec     35 MB took 1.156 seconds,   30.283 MB/s
AES-192-CBC-enc     30 MB took 1.054 seconds,   28.471 MB/s
AES-192-CBC-dec     30 MB took 1.134 seconds,   26.457 MB/s
AES-256-CBC-enc     30 MB took 1.158 seconds,   25.909 MB/s
AES-256-CBC-dec     25 MB took 1.046 seconds,   23.889 MB/s
AES-128-GCM-enc     25 MB took 1.057 seconds,   23.654 MB/s
AES-128-GCM-dec     25 MB took 1.038 seconds,   24.087 MB/s
AES-192-GCM-enc     25 MB took 1.153 seconds,   21.685 MB/s
AES-192-GCM-dec     25 MB took 1.151 seconds,   21.713 MB/s
AES-256-GCM-enc     20 MB took 1.016 seconds,   19.683 MB/s
AES-256-GCM-dec     20 MB took 1.027 seconds,   19.483 MB/s
GMAC Table 4-bit    68 MB took 1.010 seconds,   67.328 MB/s
RABBIT              95 MB took 1.043 seconds,   91.049 MB/s
3DES                10 MB took 1.072 seconds,    9.328 MB/s
MD5                310 MB took 1.013 seconds,  305.878 MB/s
SHA                135 MB took 1.037 seconds,  130.165 MB/s
SHA-256             35 MB took 1.128 seconds,   31.028 MB/s
HMAC-MD5           315 MB took 1.013 seconds,  310.926 MB/s
HMAC-SHA           130 MB took 1.036 seconds,  125.502 MB/s
HMAC-SHA256         30 MB took 1.019 seconds,   29.439 MB/s
PBKDF2               4 KB took 1.004 seconds,    3.641 KB/s
RSA     2048 public       1400 ops took 1.010 sec, avg 0.721 ms, 1386.234 ops/sec
RSA     2048 private       100 ops took 3.664 sec, avg 36.644 ms, 27.290 ops/sec
DH      2048 key gen        66 ops took 1.003 sec, avg 15.196 ms, 65.807 ops/sec
DH      2048 agree         100 ops took 1.529 sec, avg 15.286 ms, 65.421 ops/sec
ECC   [      SECP256R1]   256 key gen      1407 ops took 1.000 sec, avg 0.711 ms, 1406.553 ops/sec
ECDHE [      SECP256R1]   256 agree        1000 ops took 1.103 sec, avg 1.103 ms, 906.404 ops/sec
ECDSA [      SECP256R1]   256 sign         1200 ops took 1.001 sec, avg 0.834 ms, 1198.867 ops/sec
ECDSA [      SECP256R1]   256 verify        900 ops took 1.040 sec, avg 1.156 ms, 864.970 ops/sec
Benchmark complete
[SGXSan] ALWAYS: Enter wc_test
#2	pulse  ft: 6285 exec/s: 0 rss: 49Mb
Slowest unit: 41 s:
artifact_prefix='./crashes/'; Test unit written to ./crashes/slow-unit-adc83b19e793491b1c6ea0fd8b46cd9f32e592fc
Base64: Cg==
#2	INITED cov: 6285 ft: 6285 corp: 1/1b exec/s: 0 rss: 49Mb
#2	DONE   cov: 6285 ft: 6285 corp: 1/1b lim: 4 exec/s: 0 rss: 49Mb
Done 2 runs in 83 second(s)
stat::number_of_executed_units: 2
stat::average_exec_per_sec:     0
stat::new_units_added:          0
stat::slowest_unit_time_sec:    41
stat::peak_rss_mb:              49
------------------------------------------------------------------------------
 wolfSSL version 5.1.0
------------------------------------------------------------------------------
error    test passed!
MEMORY   test passed!
base64   test passed!
asn      test passed!
RANDOM   test passed!
MD5      test passed!
MD4      test passed!
SHA      test passed!
SHA-256  test passed!
Hash     test passed!
HMAC-MD5 test passed!
HMAC-SHA test passed!
HMAC-SHA256 test passed!
GMAC     test passed!
HC-128   test passed!
Rabbit   test passed!
DES      test passed!
DES3     test passed!
AES      test passed!
AES192   test passed!
AES256   test passed!
AES-GCM  test passed!
RSA      test passed!
DH       test passed!
DSA      test passed!
PWDBASED test passed!
ECC      test passed!
ECC buffer test passed!
logging  test passed!
mutex    test passed!
memcb    test failed!
 error = -13803
