WARNING: Failed to find function "__sanitizer_acquire_crash_state".
WARNING: Failed to find function "__sanitizer_print_stack_trace".
WARNING: Failed to find function "__sanitizer_set_death_callback".
[2023-01-15 16:52:03.097] [Init] Num of ECall: 22
[2023-01-15 16:52:03.097] ECalls:
  0 - fuzz_enc_wolfSSL_CTX_free
  1 - fuzz_enc_wolfSSL_CTX_load_verify_buffer
  2 - fuzz_enc_wolfSSL_CTX_new
  3 - fuzz_enc_wolfSSL_CTX_set_cipher_list
  4 - fuzz_enc_wolfSSL_CTX_use_PrivateKey_buffer
  5 - fuzz_enc_wolfSSL_CTX_use_certificate_buffer
  6 - fuzz_enc_wolfSSL_CTX_use_certificate_chain_buffer_format
  7 - fuzz_enc_wolfSSL_Cleanup
  8 - fuzz_enc_wolfSSL_Debugging_OFF
  9 - fuzz_enc_wolfSSL_Debugging_ON
  10 - fuzz_enc_wolfSSL_Init
  11 - fuzz_enc_wolfSSL_connect
  12 - fuzz_enc_wolfSSL_free
  13 - fuzz_enc_wolfSSL_get_error
  14 - fuzz_enc_wolfSSL_new
  15 - fuzz_enc_wolfSSL_read
  16 - fuzz_enc_wolfSSL_set_fd
  17 - fuzz_enc_wolfSSL_write
  18 - fuzz_enc_wolfTLSv1_2_client_method
  19 - fuzz_enc_wolfTLSv1_2_server_method
  20 - fuzz_wc_benchmark_test
  21 - fuzz_wc_test

INFO: found LLVMFuzzerCustomMutator (0x44ac30). Disabling -len_control by default.
INFO: libFuzzer ignores flags that start with '--'
INFO: Running with entropic power schedule (0xFF, 100).
INFO: Seed: 1929288019
INFO: Loaded 1 modules   (291 inline 8-bit counters): 291 [0x4cb7e8, 0x4cb90b), 
INFO: Loaded 1 PC tables (291 PCs): 291 [0x4cb910,0x4ccb40), 
INFO:        0 files found in /tmp/libFuzzerTemp.FuzzWithFork422940.dir/C30
[SGXSan] ALWAYS: Hook __sanitizer_cov_8bit_counters_init of Enclave, 21636 inline 8-bit counts [0x7fb2c3ad09c0, 0x7fb2c3ad5e44) (First time)
[SGXSan] ALWAYS: Hook __sanitizer_cov_pcs_init of Enclave, 21636 PCs [0x7fb2c3ad5e48, 0x7fb2c3b2a688) (First time)
[SGXSan] ALWAYS: Enter enc_wolfSSL_CTX_free
[SGXSan] ALWAYS: Enter enc_wolfSSL_CTX_load_verify_buffer
[SGXSan] ALWAYS: Enter enc_wolfSSL_CTX_new
[SGXSan] ALWAYS: Enter enc_wolfSSL_CTX_set_cipher_list
[SGXSan] ALWAYS: Enter enc_wolfSSL_CTX_use_PrivateKey_buffer
[SGXSan] ALWAYS: Enter enc_wolfSSL_CTX_use_certificate_buffer
[SGXSan] ALWAYS: Enter enc_wolfSSL_CTX_use_certificate_chain_buffer_format
[SGXSan] ALWAYS: Enter enc_wolfSSL_Cleanup
[SGXSan] ALWAYS: Enter enc_wolfSSL_Debugging_OFF
[SGXSan] ALWAYS: Enter enc_wolfSSL_Debugging_ON
[SGXSan] ALWAYS: Enter enc_wolfSSL_Init
[SGXSan] ALWAYS: Enter enc_wolfSSL_connect
[SGXSan] ALWAYS: Enter enc_wolfSSL_free
[SGXSan] ALWAYS: Enter enc_wolfSSL_get_error
[SGXSan] ALWAYS: Enter enc_wolfSSL_new
[SGXSan] ALWAYS: Enter enc_wolfSSL_read
[SGXSan] ALWAYS: Enter enc_wolfSSL_set_fd
[SGXSan] ALWAYS: Enter enc_wolfSSL_write
[SGXSan] ALWAYS: Enter enc_wolfTLSv1_2_client_method
[SGXSan] ALWAYS: Enter enc_wolfTLSv1_2_server_method
[SGXSan] ALWAYS: Enter wc_benchmark_test
------------------------------------------------------------------------------
 wolfSSL version 5.1.0
------------------------------------------------------------------------------
wolfCrypt Benchmark (block bytes 1048576, min 1.0 sec each)
RNG                 15 MB took 1.134 seconds,   13.222 MB/s
AES-128-CBC-enc     35 MB took 1.054 seconds,   33.205 MB/s
AES-128-CBC-dec     35 MB took 1.150 seconds,   30.425 MB/s
AES-192-CBC-enc     30 MB took 1.057 seconds,   28.377 MB/s
AES-192-CBC-dec     30 MB took 1.138 seconds,   26.369 MB/s
AES-256-CBC-enc     30 MB took 1.196 seconds,   25.093 MB/s
AES-256-CBC-dec     25 MB took 1.073 seconds,   23.289 MB/s
AES-128-GCM-enc     25 MB took 1.083 seconds,   23.084 MB/s
AES-128-GCM-dec     25 MB took 1.105 seconds,   22.633 MB/s
AES-192-GCM-enc     25 MB took 1.203 seconds,   20.776 MB/s
AES-192-GCM-dec     25 MB took 1.197 seconds,   20.890 MB/s
AES-256-GCM-enc     20 MB took 1.045 seconds,   19.145 MB/s
AES-256-GCM-dec     20 MB took 1.039 seconds,   19.249 MB/s
GMAC Table 4-bit    66 MB took 1.001 seconds,   65.955 MB/s
RABBIT              90 MB took 1.020 seconds,   88.194 MB/s
3DES                10 MB took 1.167 seconds,    8.569 MB/s
MD5                300 MB took 1.008 seconds,  297.699 MB/s
SHA                130 MB took 1.028 seconds,  126.451 MB/s
SHA-256             30 MB took 1.005 seconds,   29.858 MB/s
HMAC-MD5           300 MB took 1.010 seconds,  297.108 MB/s
HMAC-SHA           130 MB took 1.034 seconds,  125.670 MB/s
HMAC-SHA256         35 MB took 1.127 seconds,   31.057 MB/s
PBKDF2               4 KB took 1.004 seconds,    3.705 KB/s
RSA     2048 public       1400 ops took 1.022 sec, avg 0.730 ms, 1370.399 ops/sec
RSA     2048 private       100 ops took 3.696 sec, avg 36.961 ms, 27.055 ops/sec
DH      2048 key gen        66 ops took 1.015 sec, avg 15.376 ms, 65.035 ops/sec
DH      2048 agree         100 ops took 1.567 sec, avg 15.673 ms, 63.802 ops/sec
ECC   [      SECP256R1]   256 key gen      1385 ops took 1.000 sec, avg 0.722 ms, 1384.650 ops/sec
ECDHE [      SECP256R1]   256 agree        1000 ops took 1.097 sec, avg 1.097 ms, 911.206 ops/sec
ECDSA [      SECP256R1]   256 sign         1200 ops took 1.008 sec, avg 0.840 ms, 1190.448 ops/sec
ECDSA [      SECP256R1]   256 verify        900 ops took 1.060 sec, avg 1.177 ms, 849.418 ops/sec
Benchmark complete
[SGXSan] ALWAYS: Enter wc_test
INFO: A corpus is not provided, starting from an empty corpus
------------------------------------------------------------------------------
 wolfSSL version 5.1.0
------------------------------------------------------------------------------
error    test passed!
MEMORY   test passed!
base64   test passed!
asn      test passed!
RANDOM   test passed!
MD5      test passed!
MD4      test passed!
SHA      test passed!
SHA-256  test passed!
Hash     test passed!
HMAC-MD5 test passed!
HMAC-SHA test passed!
HMAC-SHA256 test passed!
GMAC     test passed!
HC-128   test passed!
Rabbit   test passed!
DES      test passed!
DES3     test passed!
AES      test passed!
AES192   test passed!
AES256   test passed!
AES-GCM  test passed!
RSA      test passed!
DH       test passed!
DSA      test passed!
PWDBASED test passed!
ECC      test passed!
ECC buffer test passed!
logging  test passed!
mutex    test passed!
memcb    test passed!
Test complete
[SGXSan] ALWAYS: Enter enc_wolfSSL_Init
[SGXSan] ALWAYS: Enter enc_wolfSSL_CTX_free
[SGXSan] ALWAYS: Enter enc_wolfSSL_CTX_load_verify_buffer
[SGXSan] ALWAYS: Enter enc_wolfSSL_CTX_new
[SGXSan] ALWAYS: Enter enc_wolfSSL_CTX_set_cipher_list
[SGXSan] ALWAYS: Enter enc_wolfSSL_CTX_use_PrivateKey_buffer
[SGXSan] ALWAYS: Enter enc_wolfSSL_CTX_use_certificate_buffer
[SGXSan] ALWAYS: Enter enc_wolfSSL_CTX_use_certificate_chain_buffer_format
[SGXSan] ALWAYS: Enter enc_wolfSSL_Cleanup
[SGXSan] ALWAYS: Enter enc_wolfSSL_Debugging_OFF
[SGXSan] ALWAYS: Enter enc_wolfSSL_Debugging_ON
[SGXSan] ALWAYS: Enter enc_wolfSSL_connect
[SGXSan] ALWAYS: Enter enc_wolfSSL_free
[SGXSan] ALWAYS: Enter enc_wolfSSL_get_error
[SGXSan] ALWAYS: Enter enc_wolfSSL_new
[SGXSan] ALWAYS: Enter enc_wolfSSL_read
[SGXSan] ALWAYS: Enter enc_wolfSSL_set_fd
[SGXSan] ALWAYS: Enter enc_wolfSSL_write
[SGXSan] ALWAYS: Enter enc_wolfTLSv1_2_client_method
[SGXSan] ALWAYS: Enter enc_wolfTLSv1_2_server_method
[SGXSan] ALWAYS: Enter wc_benchmark_test
------------------------------------------------------------------------------
 wolfSSL version 5.1.0
------------------------------------------------------------------------------
wolfCrypt Benchmark (block bytes 1048576, min 1.0 sec each)
RNG                 15 MB took 1.167 seconds,   12.848 MB/s
AES-128-CBC-enc     35 MB took 1.093 seconds,   32.029 MB/s
AES-128-CBC-dec     30 MB took 1.022 seconds,   29.341 MB/s
AES-192-CBC-enc     30 MB took 1.110 seconds,   27.036 MB/s
AES-192-CBC-dec     30 MB took 1.182 seconds,   25.380 MB/s
AES-256-CBC-enc     25 MB took 1.035 seconds,   24.162 MB/s
AES-256-CBC-dec     25 MB took 1.071 seconds,   23.352 MB/s
AES-128-GCM-enc     25 MB took 1.055 seconds,   23.707 MB/s
AES-128-GCM-dec     25 MB took 1.066 seconds,   23.448 MB/s
AES-192-GCM-enc     25 MB took 1.225 seconds,   20.413 MB/s
AES-192-GCM-dec     25 MB took 1.221 seconds,   20.471 MB/s
AES-256-GCM-enc     20 MB took 1.059 seconds,   18.892 MB/s
AES-256-GCM-dec     20 MB took 1.051 seconds,   19.034 MB/s
GMAC Table 4-bit    67 MB took 1.002 seconds,   66.874 MB/s
RABBIT              90 MB took 1.025 seconds,   87.819 MB/s
3DES                10 MB took 1.139 seconds,    8.782 MB/s
MD5                295 MB took 1.008 seconds,  292.595 MB/s
SHA                125 MB took 1.011 seconds,  123.611 MB/s
SHA-256             35 MB took 1.164 seconds,   30.070 MB/s
HMAC-MD5           295 MB took 1.008 seconds,  292.725 MB/s
HMAC-SHA           125 MB took 1.017 seconds,  122.899 MB/s
HMAC-SHA256         30 MB took 1.010 seconds,   29.696 MB/s
PBKDF2               4 KB took 1.007 seconds,    3.661 KB/s
RSA     2048 public       1400 ops took 1.052 sec, avg 0.752 ms, 1330.611 ops/sec
RSA     2048 private       100 ops took 3.832 sec, avg 38.325 ms, 26.093 ops/sec
DH      2048 key gen        64 ops took 1.010 sec, avg 15.785 ms, 63.353 ops/sec
DH      2048 agree         100 ops took 1.556 sec, avg 15.556 ms, 64.285 ops/sec
ECC   [      SECP256R1]   256 key gen      1373 ops took 1.001 sec, avg 0.729 ms, 1372.285 ops/sec
ECDHE [      SECP256R1]   256 agree        1000 ops took 1.108 sec, avg 1.108 ms, 902.910 ops/sec
ECDSA [      SECP256R1]   256 sign         1200 ops took 1.015 sec, avg 0.846 ms, 1182.618 ops/sec
ECDSA [      SECP256R1]   256 verify        900 ops took 1.059 sec, avg 1.177 ms, 849.461 ops/sec
Benchmark complete
[SGXSan] ALWAYS: Enter wc_test
#2	pulse  ft: 6288 exec/s: 0 rss: 48Mb
Slowest unit: 42 s:
artifact_prefix='./crashes/'; Test unit written to ./crashes/slow-unit-adc83b19e793491b1c6ea0fd8b46cd9f32e592fc
Base64: Cg==
#2	INITED cov: 6288 ft: 6288 corp: 1/1b exec/s: 0 rss: 49Mb
#2	DONE   cov: 6288 ft: 6288 corp: 1/1b lim: 4 exec/s: 0 rss: 49Mb
Done 2 runs in 84 second(s)
stat::number_of_executed_units: 2
stat::average_exec_per_sec:     0
stat::new_units_added:          0
stat::slowest_unit_time_sec:    42
stat::peak_rss_mb:              49
------------------------------------------------------------------------------
 wolfSSL version 5.1.0
------------------------------------------------------------------------------
error    test passed!
MEMORY   test passed!
base64   test passed!
asn      test passed!
RANDOM   test passed!
MD5      test passed!
MD4      test passed!
SHA      test passed!
SHA-256  test passed!
Hash     test passed!
HMAC-MD5 test passed!
HMAC-SHA test passed!
HMAC-SHA256 test passed!
GMAC     test passed!
HC-128   test passed!
Rabbit   test passed!
DES      test passed!
DES3     test passed!
AES      test passed!
AES192   test passed!
AES256   test passed!
AES-GCM  test passed!
RSA      test passed!
DH       test passed!
DSA      test passed!
PWDBASED test passed!
ECC      test passed!
ECC buffer test passed!
logging  test passed!
mutex    test passed!
memcb    test failed!
 error = -13803
