WARNING: Failed to find function "__sanitizer_acquire_crash_state".
WARNING: Failed to find function "__sanitizer_print_stack_trace".
WARNING: Failed to find function "__sanitizer_set_death_callback".
[CEnclavePool /home/leone/Documents/linux-sgx/psw/urts/enclave.cpp:638] enter CEnclavePool constructor
[2023-01-15 22:53:59.749] [Init] Num of ECall: 22
[2023-01-15 22:53:59.749] ECalls:
  0 - fuzz_enc_wolfSSL_CTX_free
  1 - fuzz_enc_wolfSSL_CTX_load_verify_buffer
  2 - fuzz_enc_wolfSSL_CTX_new
  3 - fuzz_enc_wolfSSL_CTX_set_cipher_list
  4 - fuzz_enc_wolfSSL_CTX_use_PrivateKey_buffer
  5 - fuzz_enc_wolfSSL_CTX_use_certificate_buffer
  6 - fuzz_enc_wolfSSL_CTX_use_certificate_chain_buffer_format
  7 - fuzz_enc_wolfSSL_Cleanup
  8 - fuzz_enc_wolfSSL_Debugging_OFF
  9 - fuzz_enc_wolfSSL_Debugging_ON
  10 - fuzz_enc_wolfSSL_Init
  11 - fuzz_enc_wolfSSL_connect
  12 - fuzz_enc_wolfSSL_free
  13 - fuzz_enc_wolfSSL_get_error
  14 - fuzz_enc_wolfSSL_new
  15 - fuzz_enc_wolfSSL_read
  16 - fuzz_enc_wolfSSL_set_fd
  17 - fuzz_enc_wolfSSL_write
  18 - fuzz_enc_wolfTLSv1_2_client_method
  19 - fuzz_enc_wolfTLSv1_2_server_method
  20 - fuzz_wc_benchmark_test
  21 - fuzz_wc_test

INFO: found LLVMFuzzerCustomMutator (0x44ac30). Disabling -len_control by default.
INFO: libFuzzer ignores flags that start with '--'
INFO: Running with entropic power schedule (0xFF, 100).
INFO: Seed: 3227507813
INFO: Loaded 1 modules   (291 inline 8-bit counters): 291 [0x4cb7e8, 0x4cb90b), 
INFO: Loaded 1 PC tables (291 PCs): 291 [0x4cb910,0x4ccb40), 
INFO:        0 files found in /tmp/libFuzzerTemp.FuzzWithFork422940.dir/C303
[SGXSan] ALWAYS: Hook __sanitizer_cov_8bit_counters_init of Enclave, 21636 inline 8-bit counts [0x7f68740669c0, 0x7f687406be44) (First time)
[SGXSan] ALWAYS: Hook __sanitizer_cov_pcs_init of Enclave, 21636 PCs [0x7f687406be48, 0x7f68740c0688) (First time)
[SGXSan] ALWAYS: Enter enc_wolfSSL_CTX_free
[SGXSan] ALWAYS: Enter enc_wolfSSL_CTX_load_verify_buffer
[SGXSan] ALWAYS: Enter enc_wolfSSL_CTX_new
[SGXSan] ALWAYS: Enter enc_wolfSSL_CTX_set_cipher_list
[SGXSan] ALWAYS: Enter enc_wolfSSL_CTX_use_PrivateKey_buffer
[SGXSan] ALWAYS: Enter enc_wolfSSL_CTX_use_certificate_buffer
[SGXSan] ALWAYS: Enter enc_wolfSSL_CTX_use_certificate_chain_buffer_format
[SGXSan] ALWAYS: Enter enc_wolfSSL_Cleanup
[SGXSan] ALWAYS: Enter enc_wolfSSL_Debugging_OFF
[SGXSan] ALWAYS: Enter enc_wolfSSL_Debugging_ON
[SGXSan] ALWAYS: Enter enc_wolfSSL_Init
[SGXSan] ALWAYS: Enter enc_wolfSSL_connect
[SGXSan] ALWAYS: Enter enc_wolfSSL_free
[SGXSan] ALWAYS: Enter enc_wolfSSL_get_error
[SGXSan] ALWAYS: Enter enc_wolfSSL_new
[SGXSan] ALWAYS: Enter enc_wolfSSL_read
[SGXSan] ALWAYS: Enter enc_wolfSSL_set_fd
[SGXSan] ALWAYS: Enter enc_wolfSSL_write
[SGXSan] ALWAYS: Enter enc_wolfTLSv1_2_client_method
[SGXSan] ALWAYS: Enter enc_wolfTLSv1_2_server_method
[SGXSan] ALWAYS: Enter wc_benchmark_test
------------------------------------------------------------------------------
 wolfSSL version 5.1.0
------------------------------------------------------------------------------
wolfCrypt Benchmark (block bytes 1048576, min 1.0 sec each)
RNG                 15 MB took 1.165 seconds,   12.874 MB/s
AES-128-CBC-enc     35 MB took 1.064 seconds,   32.897 MB/s
AES-128-CBC-dec     30 MB took 1.002 seconds,   29.941 MB/s
AES-192-CBC-enc     30 MB took 1.067 seconds,   28.121 MB/s
AES-192-CBC-dec     30 MB took 1.136 seconds,   26.401 MB/s
AES-256-CBC-enc     30 MB took 1.181 seconds,   25.400 MB/s
AES-256-CBC-dec     25 MB took 1.037 seconds,   24.100 MB/s
AES-128-GCM-enc     25 MB took 1.068 seconds,   23.404 MB/s
AES-128-GCM-dec     25 MB took 1.051 seconds,   23.778 MB/s
AES-192-GCM-enc     25 MB took 1.183 seconds,   21.138 MB/s
AES-192-GCM-dec     25 MB took 1.164 seconds,   21.474 MB/s
AES-256-GCM-enc     20 MB took 1.349 seconds,   14.822 MB/s
AES-256-GCM-dec     15 MB took 1.209 seconds,   12.405 MB/s
GMAC Table 4-bit    69 MB took 1.014 seconds,   68.051 MB/s
RABBIT              95 MB took 1.046 seconds,   90.792 MB/s
3DES                10 MB took 1.084 seconds,    9.229 MB/s
MD5                305 MB took 1.013 seconds,  301.219 MB/s
SHA                130 MB took 1.036 seconds,  125.431 MB/s
SHA-256             35 MB took 1.131 seconds,   30.936 MB/s
HMAC-MD5           300 MB took 1.016 seconds,  295.185 MB/s
HMAC-SHA           130 MB took 1.016 seconds,  127.998 MB/s
HMAC-SHA256         35 MB took 1.144 seconds,   30.590 MB/s
PBKDF2               4 KB took 1.000 seconds,    3.749 KB/s
RSA     2048 public       1500 ops took 1.072 sec, avg 0.714 ms, 1399.787 ops/sec
RSA     2048 private       100 ops took 3.645 sec, avg 36.454 ms, 27.432 ops/sec
DH      2048 key gen        64 ops took 1.005 sec, avg 15.706 ms, 63.671 ops/sec
DH      2048 agree         100 ops took 1.559 sec, avg 15.589 ms, 64.147 ops/sec
ECC   [      SECP256R1]   256 key gen      1425 ops took 1.001 sec, avg 0.702 ms, 1424.160 ops/sec
ECDHE [      SECP256R1]   256 agree        1000 ops took 1.099 sec, avg 1.099 ms, 909.873 ops/sec
ECDSA [      SECP256R1]   256 sign         1200 ops took 1.016 sec, avg 0.847 ms, 1181.255 ops/sec
ECDSA [      SECP256R1]   256 verify        900 ops took 1.045 sec, avg 1.161 ms, 861.263 ops/sec
Benchmark complete
[SGXSan] ALWAYS: Enter wc_test
INFO: seed corpus: files: 5 min: 370191b max: 390122b total: 1930679b rss: 43Mb
------------------------------------------------------------------------------
 wolfSSL version 5.1.0
------------------------------------------------------------------------------
error    test passed!
MEMORY   test passed!
base64   test passed!
asn      test passed!
RANDOM   test passed!
MD5      test passed!
MD4      test passed!
SHA      test passed!
SHA-256  test passed!
Hash     test passed!
HMAC-MD5 test passed!
HMAC-SHA test passed!
HMAC-SHA256 test passed!
GMAC     test passed!
HC-128   test passed!
Rabbit   test passed!
DES      test passed!
DES3     test passed!
AES      test passed!
AES192   test passed!
AES256   test passed!
AES-GCM  test passed!
RSA      test passed!
DH       test passed!
DSA      test passed!
PWDBASED test passed!
ECC      test passed!
ECC buffer test passed!
logging  test passed!
mutex    test passed!
memcb    test passed!
Test complete
[SGXSan] ALWAYS: Enter enc_wolfSSL_new
[SGXSan] ALWAYS: Enter enc_wolfSSL_CTX_use_PrivateKey_buffer
[SGXSan] ALWAYS: Enter enc_wolfSSL_write
[SGXSan] ALWAYS: Enter enc_wolfSSL_Debugging_OFF
[SGXSan] ALWAYS: Enter enc_wolfSSL_CTX_new
[SGXSan] ALWAYS: Enter enc_wolfSSL_Init
[SGXSan] ALWAYS: Enter enc_wolfSSL_get_error
[SGXSan] ALWAYS: Enter enc_wolfSSL_CTX_set_cipher_list
[SGXSan] ALWAYS: Enter enc_wolfSSL_CTX_use_certificate_buffer
[SGXSan] ALWAYS: Enter enc_wolfTLSv1_2_client_method
[SGXSan] ALWAYS: Enter enc_wolfSSL_CTX_load_verify_buffer
[SGXSan] ALWAYS: Enter enc_wolfSSL_free
[SGXSan] ALWAYS: Enter enc_wolfSSL_set_fd
[SGXSan] ALWAYS: Enter enc_wolfTLSv1_2_server_method
[SGXSan] ALWAYS: Enter wc_benchmark_test
------------------------------------------------------------------------------
 wolfSSL version 5.1.0
------------------------------------------------------------------------------
wolfCrypt Benchmark (block bytes 1048576, min 1.0 sec each)
RNG                 15 MB took 1.125 seconds,   13.336 MB/s
AES-128-CBC-enc     35 MB took 1.061 seconds,   32.989 MB/s
AES-128-CBC-dec     35 MB took 1.156 seconds,   30.266 MB/s
AES-192-CBC-enc     30 MB took 1.063 seconds,   28.220 MB/s
AES-192-CBC-dec     30 MB took 1.128 seconds,   26.603 MB/s
AES-256-CBC-enc     30 MB took 1.175 seconds,   25.526 MB/s
AES-256-CBC-dec     25 MB took 1.034 seconds,   24.169 MB/s
AES-128-GCM-enc     25 MB took 1.050 seconds,   23.808 MB/s
AES-128-GCM-dec     25 MB took 1.043 seconds,   23.968 MB/s
AES-192-GCM-enc     25 MB took 1.220 seconds,   20.484 MB/s
AES-192-GCM-dec     25 MB took 1.166 seconds,   21.446 MB/s
AES-256-GCM-enc     20 MB took 1.025 seconds,   19.512 MB/s
AES-256-GCM-dec     20 MB took 1.016 seconds,   19.687 MB/s
GMAC Table 4-bit    69 MB took 1.004 seconds,   68.716 MB/s
RABBIT              95 MB took 1.050 seconds,   90.502 MB/s
3DES                10 MB took 1.077 seconds,    9.287 MB/s
MD5                300 MB took 1.000 seconds,  299.943 MB/s
SHA                130 MB took 1.016 seconds,  127.996 MB/s
SHA-256             35 MB took 1.133 seconds,   30.882 MB/s
HMAC-MD5           305 MB took 1.012 seconds,  301.275 MB/s
HMAC-SHA           130 MB took 1.014 seconds,  128.153 MB/s
HMAC-SHA256         35 MB took 1.135 seconds,   30.825 MB/s
PBKDF2               4 KB took 1.001 seconds,    3.808 KB/s
RSA     2048 public       1500 ops took 1.066 sec, avg 0.711 ms, 1407.345 ops/sec
RSA     2048 private       100 ops took 3.657 sec, avg 36.566 ms, 27.348 ops/sec
DH      2048 key gen        66 ops took 1.011 sec, avg 15.323 ms, 65.261 ops/sec
DH      2048 agree         100 ops took 1.540 sec, avg 15.403 ms, 64.921 ops/sec
ECC   [      SECP256R1]   256 key gen      1421 ops took 1.000 sec, avg 0.704 ms, 1420.605 ops/sec
ECDHE [      SECP256R1]   256 agree        1000 ops took 1.105 sec, avg 1.105 ms, 904.819 ops/sec
ECDSA [      SECP256R1]   256 sign         1300 ops took 1.077 sec, avg 0.829 ms, 1206.736 ops/sec
ECDSA [      SECP256R1]   256 verify        900 ops took 1.044 sec, avg 1.160 ms, 862.370 ops/sec
Benchmark complete
[SGXSan] ALWAYS: Enter enc_wolfSSL_connect
[SGXSan] ALWAYS: Enter wc_test
------------------------------------------------------------------------------
 wolfSSL version 5.1.0
------------------------------------------------------------------------------
error    test passed!
MEMORY   test passed!
base64   test passed!
asn      test passed!
RANDOM   test passed!
MD5      test passed!
MD4      test passed!
SHA      test passed!
SHA-256  test passed!
Hash     test passed!
HMAC-MD5 test passed!
HMAC-SHA test passed!
HMAC-SHA256 test passed!
GMAC     test passed!
HC-128   test passed!
Rabbit   test passed!
DES      test passed!
DES3     test passed!
AES      test passed!
AES192   test passed!
AES256   test passed!
AES-GCM  test passed!
RSA      test passed!
DH       test passed!
DSA      test passed!
PWDBASED test passed!
ECC      test passed!
ECC buffer test passed!
logging  test passed!
mutex    test passed!
memcb    test failed!
 error = -13803
[SGXSan] ALWAYS: Enter enc_wolfSSL_CTX_free
[SGXSan] ALWAYS: Enter enc_wolfSSL_Debugging_ON
[SGXSan] ALWAYS: Enter enc_wolfSSL_CTX_use_certificate_chain_buffer_format
[SGXSan] ALWAYS: Enter enc_wolfSSL_Cleanup
[SGXSan] ALWAYS: Enter enc_wolfSSL_read
#2	pulse  ft: 6296 exec/s: 0 rss: 50Mb
Slowest unit: 42 s:
artifact_prefix='./crashes/'; Test unit written to ./crashes/slow-unit-c6d85491edef34dcb827f0f639605cb7737ebb1d
[SGXSan] ALWAYS: Enter enc_wolfSSL_CTX_use_PrivateKey_buffer
[SGXSan] ALWAYS: Enter enc_wolfSSL_free
[SGXSan] ALWAYS: Enter enc_wolfSSL_set_fd
[SGXSan] ALWAYS: Enter enc_wolfSSL_write
[SGXSan] ALWAYS: Enter enc_wolfSSL_CTX_free
[SGXSan] ALWAYS: Enter wc_benchmark_test
------------------------------------------------------------------------------
 wolfSSL version 5.1.0
------------------------------------------------------------------------------
wolfCrypt Benchmark (block bytes 1048576, min 1.0 sec each)
RNG                 15 MB took 1.141 seconds,   13.142 MB/s
AES-128-CBC-enc     35 MB took 1.068 seconds,   32.774 MB/s
AES-128-CBC-dec     35 MB took 1.146 seconds,   30.529 MB/s
AES-192-CBC-enc     30 MB took 1.046 seconds,   28.672 MB/s
AES-192-CBC-dec     30 MB took 1.145 seconds,   26.206 MB/s
AES-256-CBC-enc     30 MB took 1.183 seconds,   25.354 MB/s
AES-256-CBC-dec     25 MB took 1.052 seconds,   23.754 MB/s
AES-128-GCM-enc     25 MB took 1.042 seconds,   23.983 MB/s
AES-128-GCM-dec     25 MB took 1.034 seconds,   24.172 MB/s
AES-192-GCM-enc     25 MB took 1.175 seconds,   21.271 MB/s
AES-192-GCM-dec     25 MB took 1.197 seconds,   20.884 MB/s
AES-256-GCM-enc     20 MB took 1.020 seconds,   19.602 MB/s
AES-256-GCM-dec     20 MB took 1.036 seconds,   19.299 MB/s
GMAC Table 4-bit    69 MB took 1.011 seconds,   68.270 MB/s
RABBIT              90 MB took 1.003 seconds,   89.769 MB/s
3DES                10 MB took 1.093 seconds,    9.151 MB/s
MD5                305 MB took 1.015 seconds,  300.542 MB/s
SHA                125 MB took 1.016 seconds,  123.060 MB/s
SHA-256             35 MB took 1.145 seconds,   30.568 MB/s
HMAC-MD5           305 MB took 1.013 seconds,  301.047 MB/s
HMAC-SHA           130 MB took 1.033 seconds,  125.821 MB/s
HMAC-SHA256         30 MB took 1.011 seconds,   29.678 MB/s
PBKDF2               4 KB took 1.004 seconds,    3.766 KB/s
RSA     2048 public       1400 ops took 1.007 sec, avg 0.720 ms, 1389.848 ops/sec
RSA     2048 private       100 ops took 3.693 sec, avg 36.929 ms, 27.079 ops/sec
DH      2048 key gen        65 ops took 1.001 sec, avg 15.407 ms, 64.906 ops/sec
DH      2048 agree         100 ops took 1.547 sec, avg 15.468 ms, 64.648 ops/sec
ECC   [      SECP256R1]   256 key gen      1412 ops took 1.000 sec, avg 0.709 ms, 1411.304 ops/sec
ECDHE [      SECP256R1]   256 agree         900 ops took 1.009 sec, avg 1.121 ms, 892.028 ops/sec
ECDSA [      SECP256R1]   256 sign         1300 ops took 1.078 sec, avg 0.830 ms, 1205.435 ops/sec
ECDSA [      SECP256R1]   256 verify        900 ops took 1.046 sec, avg 1.162 ms, 860.697 ops/sec
Benchmark complete
[SGXSan] ALWAYS: Enter enc_wolfSSL_Debugging_ON
[SGXSan] ALWAYS: Enter enc_wolfSSL_Debugging_OFF
[SGXSan] ALWAYS: Enter enc_wolfSSL_Cleanup
[SGXSan] ALWAYS: Enter enc_wolfSSL_Init
[SGXSan] ALWAYS: Enter enc_wolfSSL_new
[SGXSan] ALWAYS: Enter enc_wolfSSL_CTX_load_verify_buffer
[SGXSan] ALWAYS: Enter enc_wolfSSL_CTX_set_cipher_list
[SGXSan] ALWAYS: Enter enc_wolfSSL_connect
[SGXSan] ALWAYS: Enter enc_wolfSSL_CTX_use_certificate_buffer
[SGXSan] ALWAYS: Enter enc_wolfSSL_CTX_use_certificate_chain_buffer_format
[SGXSan] ALWAYS: Enter wc_test
------------------------------------------------------------------------------
 wolfSSL version 5.1.0
------------------------------------------------------------------------------
error    test passed!
MEMORY   test passed!
base64   test passed!
asn      test passed!
RANDOM   test passed!
MD5      test passed!
MD4      test passed!
SHA      test passed!
SHA-256  test passed!
Hash     test passed!
HMAC-MD5 test passed!
HMAC-SHA test passed!
HMAC-SHA256 test passed!
GMAC     test passed!
HC-128   test passed!
Rabbit   test passed!
DES      test passed!
DES3     test passed!
AES      test passed!
AES192   test passed!
AES256   test passed!
AES-GCM  test passed!
RSA      test passed!
DH       test passed!
DSA      test passed!
PWDBASED test passed!
ECC      test passed!
ECC buffer test passed!
logging  test passed!
mutex    test passed!
memcb    test failed!
 error = -13803
[SGXSan] ALWAYS: Enter enc_wolfSSL_read
[SGXSan] ALWAYS: Enter enc_wolfSSL_CTX_new
[SGXSan] ALWAYS: Enter enc_wolfTLSv1_2_server_method
[SGXSan] ALWAYS: Enter enc_wolfSSL_get_error
[SGXSan] ALWAYS: Enter enc_wolfTLSv1_2_client_method
[SGXSan] ALWAYS: Enter enc_wolfSSL_CTX_load_verify_buffer
[SGXSan] ALWAYS: Enter enc_wolfSSL_Init
[SGXSan] ALWAYS: Enter enc_wolfSSL_Debugging_ON
[SGXSan] ALWAYS: Enter enc_wolfSSL_connect
[SGXSan] ALWAYS: Enter wc_test
------------------------------------------------------------------------------
 wolfSSL version 5.1.0
------------------------------------------------------------------------------
error    test passed!
MEMORY   test passed!
base64   test passed!
asn      test passed!
RANDOM   test passed!
MD5      test passed!
MD4      test passed!
SHA      test passed!
SHA-256  test passed!
Hash     test passed!
HMAC-MD5 test passed!
HMAC-SHA test passed!
HMAC-SHA256 test passed!
GMAC     test passed!
HC-128   test passed!
Rabbit   test passed!
DES      test passed!
DES3     test passed!
AES      test passed!
AES192   test passed!
AES256   test passed!
AES-GCM  test passed!
RSA      test passed!
DH       test passed!
DSA      test passed!
PWDBASED test passed!
ECC      test passed!
ECC buffer test passed!
logging  test passed!
mutex    test passed!
memcb    test failed!
 error = -13803
[SGXSan] ALWAYS: Enter enc_wolfTLSv1_2_client_method
[SGXSan] ALWAYS: Enter enc_wolfSSL_write
[SGXSan] ALWAYS: Enter enc_wolfSSL_read
[SGXSan] ALWAYS: Enter enc_wolfSSL_CTX_use_certificate_buffer
[SGXSan] ALWAYS: Enter enc_wolfSSL_Debugging_OFF
[SGXSan] ALWAYS: Enter enc_wolfSSL_CTX_set_cipher_list
[SGXSan] ALWAYS: Enter enc_wolfSSL_set_fd
[SGXSan] ALWAYS: Enter enc_wolfSSL_CTX_use_PrivateKey_buffer
[SGXSan] ALWAYS: Enter enc_wolfSSL_new
[SGXSan] ALWAYS: Enter enc_wolfSSL_Cleanup
[SGXSan] ALWAYS: Enter enc_wolfSSL_CTX_use_certificate_chain_buffer_format
[SGXSan] ALWAYS: Enter enc_wolfSSL_CTX_free
[SGXSan] ALWAYS: Enter enc_wolfTLSv1_2_server_method
[SGXSan] ALWAYS: Enter wc_benchmark_test
------------------------------------------------------------------------------
 wolfSSL version 5.1.0
------------------------------------------------------------------------------
wolfCrypt Benchmark (block bytes 1048576, min 1.0 sec each)
RNG                 15 MB took 1.126 seconds,   13.322 MB/s
AES-128-CBC-enc     35 MB took 1.060 seconds,   33.005 MB/s
AES-128-CBC-dec     35 MB took 1.143 seconds,   30.619 MB/s
AES-192-CBC-enc     30 MB took 1.050 seconds,   28.581 MB/s
AES-192-CBC-dec     30 MB took 1.117 seconds,   26.862 MB/s
AES-256-CBC-enc     30 MB took 1.181 seconds,   25.405 MB/s
AES-256-CBC-dec     25 MB took 1.048 seconds,   23.853 MB/s
AES-128-GCM-enc     25 MB took 1.067 seconds,   23.432 MB/s
AES-128-GCM-dec     25 MB took 1.061 seconds,   23.573 MB/s
AES-192-GCM-enc     25 MB took 1.171 seconds,   21.357 MB/s
AES-192-GCM-dec     25 MB took 1.179 seconds,   21.208 MB/s
AES-256-GCM-enc     20 MB took 1.029 seconds,   19.431 MB/s
AES-256-GCM-dec     20 MB took 1.013 seconds,   19.750 MB/s
GMAC Table 4-bit    69 MB took 1.014 seconds,   68.021 MB/s
RABBIT              95 MB took 1.047 seconds,   90.701 MB/s
3DES                10 MB took 1.097 seconds,    9.112 MB/s
MD5                300 MB took 1.014 seconds,  295.800 MB/s
SHA                130 MB took 1.015 seconds,  128.094 MB/s
SHA-256             35 MB took 1.136 seconds,   30.798 MB/s
HMAC-MD5           305 MB took 1.013 seconds,  301.117 MB/s
HMAC-SHA           125 MB took 1.013 seconds,  123.412 MB/s
HMAC-SHA256         35 MB took 1.142 seconds,   30.650 MB/s
PBKDF2               4 KB took 1.004 seconds,    3.765 KB/s
RSA     2048 public       1400 ops took 1.005 sec, avg 0.718 ms, 1392.828 ops/sec
RSA     2048 private       100 ops took 3.673 sec, avg 36.727 ms, 27.228 ops/sec
DH      2048 key gen        66 ops took 1.014 sec, avg 15.358 ms, 65.113 ops/sec
DH      2048 agree         100 ops took 1.522 sec, avg 15.224 ms, 65.687 ops/sec
ECC   [      SECP256R1]   256 key gen      1421 ops took 1.000 sec, avg 0.704 ms, 1420.504 ops/sec
ECDHE [      SECP256R1]   256 agree        1000 ops took 1.101 sec, avg 1.101 ms, 908.122 ops/sec
ECDSA [      SECP256R1]   256 sign         1300 ops took 1.079 sec, avg 0.830 ms, 1205.128 ops/sec
ECDSA [      SECP256R1]   256 verify        900 ops took 1.045 sec, avg 1.161 ms, 861.075 ops/sec
Benchmark complete
[SGXSan] ALWAYS: Enter enc_wolfSSL_get_error
[SGXSan] ALWAYS: Enter enc_wolfSSL_free
[SGXSan] ALWAYS: Enter enc_wolfSSL_CTX_new
#4	pulse  cov: 6296 ft: 6307 corp: 2/742Kb exec/s: 0 rss: 65Mb
[SGXSan] ALWAYS: Enter enc_wolfSSL_Init
[SGXSan] ALWAYS: Enter wc_benchmark_test
------------------------------------------------------------------------------
 wolfSSL version 5.1.0
------------------------------------------------------------------------------
wolfCrypt Benchmark (block bytes 1048576, min 1.0 sec each)
RNG                 15 MB took 1.126 seconds,   13.319 MB/s
AES-128-CBC-enc     35 MB took 1.061 seconds,   33.000 MB/s
AES-128-CBC-dec     35 MB took 1.160 seconds,   30.170 MB/s
AES-192-CBC-enc     30 MB took 1.055 seconds,   28.439 MB/s
AES-192-CBC-dec     30 MB took 1.128 seconds,   26.590 MB/s
AES-256-CBC-enc     30 MB took 1.174 seconds,   25.561 MB/s
AES-256-CBC-dec     25 MB took 1.037 seconds,   24.100 MB/s
AES-128-GCM-enc     25 MB took 1.058 seconds,   23.624 MB/s
AES-128-GCM-dec     25 MB took 1.042 seconds,   24.001 MB/s
AES-192-GCM-enc     25 MB took 1.185 seconds,   21.093 MB/s
AES-192-GCM-dec     25 MB took 1.169 seconds,   21.389 MB/s
AES-256-GCM-enc     20 MB took 1.031 seconds,   19.399 MB/s
AES-256-GCM-dec     20 MB took 1.027 seconds,   19.476 MB/s
GMAC Table 4-bit    69 MB took 1.012 seconds,   68.161 MB/s
RABBIT              95 MB took 1.044 seconds,   90.955 MB/s
3DES                10 MB took 1.076 seconds,    9.290 MB/s
MD5                305 MB took 1.001 seconds,  304.845 MB/s
SHA                130 MB took 1.014 seconds,  128.213 MB/s
SHA-256             30 MB took 1.002 seconds,   29.941 MB/s
HMAC-MD5           305 MB took 1.015 seconds,  300.412 MB/s
HMAC-SHA           130 MB took 1.021 seconds,  127.317 MB/s
HMAC-SHA256         35 MB took 1.143 seconds,   30.629 MB/s
PBKDF2               4 KB took 1.008 seconds,    3.689 KB/s
RSA     2048 public       1400 ops took 1.019 sec, avg 0.728 ms, 1374.129 ops/sec
RSA     2048 private       100 ops took 3.703 sec, avg 37.031 ms, 27.005 ops/sec
DH      2048 key gen        64 ops took 1.003 sec, avg 15.664 ms, 63.840 ops/sec
DH      2048 agree         100 ops took 1.543 sec, avg 15.430 ms, 64.810 ops/sec
ECC   [      SECP256R1]   256 key gen      1416 ops took 1.000 sec, avg 0.706 ms, 1415.541 ops/sec
ECDHE [      SECP256R1]   256 agree        1000 ops took 1.089 sec, avg 1.089 ms, 918.215 ops/sec
ECDSA [      SECP256R1]   256 sign         1300 ops took 1.076 sec, avg 0.828 ms, 1208.184 ops/sec
ECDSA [      SECP256R1]   256 verify        900 ops took 1.043 sec, avg 1.159 ms, 862.706 ops/sec
Benchmark complete
[SGXSan] ALWAYS: Enter enc_wolfSSL_CTX_use_PrivateKey_buffer
[SGXSan] ALWAYS: Enter enc_wolfTLSv1_2_server_method
[SGXSan] ALWAYS: Enter enc_wolfSSL_set_fd
[SGXSan] ALWAYS: Enter enc_wolfSSL_read
[SGXSan] ALWAYS: Enter enc_wolfSSL_Debugging_ON
[SGXSan] ALWAYS: Enter enc_wolfSSL_CTX_free
[SGXSan] ALWAYS: Enter enc_wolfSSL_new
[SGXSan] ALWAYS: Enter enc_wolfSSL_get_error
[SGXSan] ALWAYS: Enter enc_wolfSSL_free
[SGXSan] ALWAYS: Enter enc_wolfSSL_Cleanup
[SGXSan] ALWAYS: Enter wc_test
------------------------------------------------------------------------------
 wolfSSL version 5.1.0
------------------------------------------------------------------------------
error    test passed!
MEMORY   test passed!
base64   test passed!
asn      test passed!
RANDOM   test passed!
MD5      test passed!
MD4      test passed!
SHA      test passed!
SHA-256  test passed!
Hash     test passed!
HMAC-MD5 test passed!
HMAC-SHA test passed!
HMAC-SHA256 test passed!
GMAC     test passed!
HC-128   test passed!
Rabbit   test passed!
DES      test passed!
DES3     test passed!
AES      test passed!
AES192   test passed!
AES256   test passed!
AES-GCM  test passed!
RSA      test passed!
DH       test passed!
DSA      test passed!
PWDBASED test passed!
ECC      test passed!
ECC buffer test passed!
logging  test passed!
mutex    test passed!
memcb    test failed!
 error = -13803
[SGXSan] ALWAYS: Enter enc_wolfSSL_CTX_use_certificate_chain_buffer_format
[SGXSan] ALWAYS: Enter enc_wolfSSL_write
[SGXSan] ALWAYS: Enter enc_wolfSSL_Debugging_OFF
[SGXSan] ALWAYS: Enter enc_wolfSSL_CTX_use_certificate_buffer
[SGXSan] ALWAYS: Enter enc_wolfSSL_CTX_new
[SGXSan] ALWAYS: Enter enc_wolfSSL_connect
[SGXSan] ALWAYS: Enter enc_wolfSSL_CTX_load_verify_buffer
[SGXSan] ALWAYS: Enter enc_wolfSSL_CTX_set_cipher_list
[SGXSan] ALWAYS: Enter enc_wolfTLSv1_2_client_method
[SGXSan] ALWAYS: Enter enc_wolfSSL_Init
[SGXSan] ALWAYS: Enter wc_benchmark_test
------------------------------------------------------------------------------
 wolfSSL version 5.1.0
------------------------------------------------------------------------------
wolfCrypt Benchmark (block bytes 1048576, min 1.0 sec each)
RNG                 15 MB took 1.155 seconds,   12.992 MB/s
AES-128-CBC-enc     35 MB took 1.054 seconds,   33.202 MB/s
AES-128-CBC-dec     35 MB took 1.148 seconds,   30.482 MB/s
AES-192-CBC-enc     30 MB took 1.050 seconds,   28.571 MB/s
AES-192-CBC-dec     30 MB took 1.120 seconds,   26.779 MB/s
AES-256-CBC-enc     30 MB took 1.196 seconds,   25.083 MB/s
AES-256-CBC-dec     25 MB took 1.053 seconds,   23.731 MB/s
AES-128-GCM-enc     25 MB took 1.070 seconds,   23.359 MB/s
AES-128-GCM-dec     25 MB took 1.053 seconds,   23.735 MB/s
AES-192-GCM-enc     25 MB took 1.192 seconds,   20.967 MB/s
AES-192-GCM-dec     25 MB took 1.185 seconds,   21.093 MB/s
AES-256-GCM-enc     20 MB took 1.020 seconds,   19.605 MB/s
AES-256-GCM-dec     20 MB took 1.009 seconds,   19.830 MB/s
GMAC Table 4-bit    69 MB took 1.010 seconds,   68.300 MB/s
RABBIT              95 MB took 1.049 seconds,   90.579 MB/s
3DES                10 MB took 1.086 seconds,    9.206 MB/s
MD5                305 MB took 1.010 seconds,  301.892 MB/s
SHA                130 MB took 1.008 seconds,  128.994 MB/s
SHA-256             35 MB took 1.136 seconds,   30.814 MB/s
HMAC-MD5           305 MB took 1.006 seconds,  303.209 MB/s
HMAC-SHA           130 MB took 1.016 seconds,  127.904 MB/s
HMAC-SHA256         35 MB took 1.150 seconds,   30.439 MB/s
PBKDF2               4 KB took 1.005 seconds,    3.795 KB/s
RSA     2048 public       1400 ops took 1.012 sec, avg 0.723 ms, 1383.556 ops/sec
RSA     2048 private       100 ops took 3.678 sec, avg 36.782 ms, 27.187 ops/sec
DH      2048 key gen        65 ops took 1.011 sec, avg 15.554 ms, 64.292 ops/sec
DH      2048 agree         100 ops took 1.571 sec, avg 15.708 ms, 63.662 ops/sec
ECC   [      SECP256R1]   256 key gen      1360 ops took 1.001 sec, avg 0.736 ms, 1359.263 ops/sec
ECDHE [      SECP256R1]   256 agree         900 ops took 1.007 sec, avg 1.119 ms, 893.355 ops/sec
ECDSA [      SECP256R1]   256 sign         1200 ops took 1.013 sec, avg 0.844 ms, 1184.737 ops/sec
ECDSA [      SECP256R1]   256 verify        900 ops took 1.046 sec, avg 1.162 ms, 860.478 ops/sec
Benchmark complete
[SGXSan] ALWAYS: Enter enc_wolfSSL_CTX_use_PrivateKey_buffer
[SGXSan] ALWAYS: Enter enc_wolfTLSv1_2_server_method
[SGXSan] ALWAYS: Enter enc_wolfSSL_set_fd
[SGXSan] ALWAYS: Enter enc_wolfSSL_read
[SGXSan] ALWAYS: Enter enc_wolfSSL_Debugging_ON
[SGXSan] ALWAYS: Enter enc_wolfSSL_CTX_free
[SGXSan] ALWAYS: Enter enc_wolfSSL_new
[SGXSan] ALWAYS: Enter enc_wolfSSL_get_error
[SGXSan] ALWAYS: Enter enc_wolfSSL_free
[SGXSan] ALWAYS: Enter enc_wolfSSL_Cleanup
[SGXSan] ALWAYS: Enter wc_test
------------------------------------------------------------------------------
 wolfSSL version 5.1.0
------------------------------------------------------------------------------
error    test passed!
MEMORY   test passed!
base64   test passed!
asn      test passed!
RANDOM   test passed!
MD5      test passed!
MD4      test passed!
SHA      test passed!
SHA-256  test passed!
Hash     test passed!
HMAC-MD5 test passed!
HMAC-SHA test passed!
HMAC-SHA256 test passed!
GMAC     test passed!
HC-128   test passed!
Rabbit   test passed!
DES      test passed!
DES3     test passed!
AES      test passed!
AES192   test passed!
AES256   test passed!
AES-GCM  test passed!
RSA      test passed!
DH       test passed!
DSA      test passed!
PWDBASED test passed!
ECC      test passed!
ECC buffer test passed!
logging  test passed!
mutex    test passed!
memcb    test failed!
 error = -13803
[SGXSan] ALWAYS: Enter enc_wolfSSL_CTX_use_certificate_chain_buffer_format
[SGXSan] ALWAYS: Enter enc_wolfSSL_write
[SGXSan] ALWAYS: Enter enc_wolfSSL_Debugging_OFF
[SGXSan] ALWAYS: Enter enc_wolfSSL_CTX_use_certificate_buffer
[SGXSan] ALWAYS: Enter enc_wolfSSL_CTX_new
[SGXSan] ALWAYS: Enter enc_wolfSSL_connect
[SGXSan] ALWAYS: Enter enc_wolfSSL_CTX_load_verify_buffer
[SGXSan] ALWAYS: Enter enc_wolfSSL_CTX_set_cipher_list
[SGXSan] ALWAYS: Enter enc_wolfTLSv1_2_client_method
#6	INITED cov: 6297 ft: 6317 corp: 5/1885Kb exec/s: 0 rss: 79Mb
[SGXSan] ALWAYS: Enter enc_wolfSSL_Init
[SGXSan] ALWAYS: Enter wc_benchmark_test
------------------------------------------------------------------------------
 wolfSSL version 5.1.0
------------------------------------------------------------------------------
wolfCrypt Benchmark (block bytes 1048576, min 1.0 sec each)
RNG                 15 MB took 1.142 seconds,   13.137 MB/s
AES-128-CBC-enc     35 MB took 1.074 seconds,   32.581 MB/s
AES-128-CBC-dec     35 MB took 1.148 seconds,   30.495 MB/s
AES-192-CBC-enc     30 MB took 1.061 seconds,   28.277 MB/s
AES-192-CBC-dec     30 MB took 1.130 seconds,   26.547 MB/s
AES-256-CBC-enc     30 MB took 1.177 seconds,   25.478 MB/s
AES-256-CBC-dec     25 MB took 1.029 seconds,   24.288 MB/s
AES-128-GCM-enc     25 MB took 1.056 seconds,   23.670 MB/s
AES-128-GCM-dec     25 MB took 1.042 seconds,   23.990 MB/s
AES-192-GCM-enc     25 MB took 1.169 seconds,   21.388 MB/s
AES-192-GCM-dec     25 MB took 1.176 seconds,   21.255 MB/s
AES-256-GCM-enc     20 MB took 1.021 seconds,   19.594 MB/s
AES-256-GCM-dec     20 MB took 1.033 seconds,   19.352 MB/s
GMAC Table 4-bit    69 MB took 1.014 seconds,   68.075 MB/s
RABBIT              95 MB took 1.052 seconds,   90.298 MB/s
3DES                10 MB took 1.102 seconds,    9.077 MB/s
MD5                305 MB took 1.003 seconds,  304.213 MB/s
SHA                130 MB took 1.020 seconds,  127.415 MB/s
SHA-256             35 MB took 1.136 seconds,   30.817 MB/s
HMAC-MD5           300 MB took 1.006 seconds,  298.287 MB/s
HMAC-SHA           130 MB took 1.018 seconds,  127.715 MB/s
HMAC-SHA256         35 MB took 1.124 seconds,   31.138 MB/s
PBKDF2               4 KB took 1.001 seconds,    3.779 KB/s
RSA     2048 public       1500 ops took 1.065 sec, avg 0.710 ms, 1409.054 ops/sec
RSA     2048 private       100 ops took 3.687 sec, avg 36.868 ms, 27.124 ops/sec
DH      2048 key gen        63 ops took 1.000 sec, avg 15.874 ms, 62.995 ops/sec
DH      2048 agree         100 ops took 1.582 sec, avg 15.818 ms, 63.217 ops/sec
ECC   [      SECP256R1]   256 key gen      1376 ops took 1.000 sec, avg 0.727 ms, 1375.677 ops/sec
ECDHE [      SECP256R1]   256 agree        1000 ops took 1.107 sec, avg 1.107 ms, 902.950 ops/sec
ECDSA [      SECP256R1]   256 sign         1200 ops took 1.014 sec, avg 0.845 ms, 1183.521 ops/sec
ECDSA [      SECP256R1]   256 verify        900 ops took 1.062 sec, avg 1.180 ms, 847.419 ops/sec
Benchmark complete
[SGXSan] ALWAYS: Enter enc_wolfSSL_CTX_use_PrivateKey_buffer
[SGXSan] ALWAYS: Enter enc_wolfTLSv1_2_server_method
[SGXSan] ALWAYS: Enter enc_wolfSSL_set_fd
[SGXSan] ALWAYS: Enter enc_wolfSSL_read
[SGXSan] ALWAYS: Enter enc_wolfSSL_Debugging_ON
[SGXSan] ALWAYS: Enter enc_wolfSSL_CTX_free
[SGXSan] ALWAYS: Enter enc_wolfSSL_new
[SGXSan] ALWAYS: Enter enc_wolfSSL_get_error
[SGXSan] ALWAYS: Enter enc_wolfSSL_free
[SGXSan] ALWAYS: Enter enc_wolfSSL_Cleanup
[SGXSan] ALWAYS: Enter wc_test
------------------------------------------------------------------------------
 wolfSSL version 5.1.0
------------------------------------------------------------------------------
error    test passed!
MEMORY   test passed!
base64   test passed!
asn      test passed!
RANDOM   test passed!
MD5      test passed!
MD4      test passed!
SHA      test passed!
SHA-256  test passed!
Hash     test passed!
HMAC-MD5 test passed!
HMAC-SHA test passed!
HMAC-SHA256 test passed!
GMAC     test passed!
HC-128   test passed!
Rabbit   test passed!
DES      test passed!
DES3     test passed!
AES      test passed!
AES192   test passed!
AES256   test passed!
AES-GCM  test passed!
RSA      test passed!
DH       test passed!
DSA      test passed!
PWDBASED test passed!
ECC      test passed!
ECC buffer test passed!
logging  test passed!
mutex    test passed!
memcb    test failed!
 error = -13803
[SGXSan] ALWAYS: Enter enc_wolfSSL_CTX_use_certificate_chain_buffer_format
[SGXSan] ALWAYS: Enter enc_wolfSSL_write
[SGXSan] ALWAYS: Enter enc_wolfSSL_Debugging_OFF
[SGXSan] ALWAYS: Enter enc_wolfSSL_CTX_use_certificate_buffer
[SGXSan] ALWAYS: Enter enc_wolfSSL_CTX_new
[SGXSan] ALWAYS: Enter enc_wolfSSL_connect
[SGXSan] ALWAYS: Enter enc_wolfSSL_CTX_load_verify_buffer
[SGXSan] ALWAYS: Enter enc_wolfSSL_CTX_set_cipher_list
[SGXSan] ALWAYS: Enter enc_wolfTLSv1_2_client_method
[SGXSan] ALWAYS: Enter enc_wolfSSL_Init
[SGXSan] ALWAYS: Enter wc_benchmark_test
------------------------------------------------------------------------------
 wolfSSL version 5.1.0
------------------------------------------------------------------------------
wolfCrypt Benchmark (block bytes 1048576, min 1.0 sec each)
RNG                 15 MB took 1.145 seconds,   13.104 MB/s
AES-128-CBC-enc     35 MB took 1.053 seconds,   33.243 MB/s
AES-128-CBC-dec     35 MB took 1.150 seconds,   30.429 MB/s
AES-192-CBC-enc     30 MB took 1.053 seconds,   28.482 MB/s
AES-192-CBC-dec     30 MB took 1.125 seconds,   26.659 MB/s
AES-256-CBC-enc     30 MB took 1.186 seconds,   25.302 MB/s
AES-256-CBC-dec     25 MB took 1.047 seconds,   23.888 MB/s
AES-128-GCM-enc     25 MB took 1.063 seconds,   23.509 MB/s
AES-128-GCM-dec     25 MB took 1.047 seconds,   23.876 MB/s
AES-192-GCM-enc     25 MB took 1.177 seconds,   21.242 MB/s
AES-192-GCM-dec     25 MB took 1.173 seconds,   21.312 MB/s
AES-256-GCM-enc     20 MB took 1.021 seconds,   19.596 MB/s
AES-256-GCM-dec     20 MB took 1.016 seconds,   19.682 MB/s
GMAC Table 4-bit    68 MB took 1.001 seconds,   67.910 MB/s
RABBIT              95 MB took 1.043 seconds,   91.072 MB/s
3DES                10 MB took 1.098 seconds,    9.108 MB/s
MD5                305 MB took 1.016 seconds,  300.078 MB/s
SHA                130 MB took 1.021 seconds,  127.321 MB/s
SHA-256             35 MB took 1.131 seconds,   30.946 MB/s
HMAC-MD5           305 MB took 1.009 seconds,  302.199 MB/s
HMAC-SHA           130 MB took 1.028 seconds,  126.407 MB/s
HMAC-SHA256         35 MB took 1.137 seconds,   30.779 MB/s
PBKDF2               4 KB took 1.001 seconds,    3.779 KB/s
RSA     2048 public       1400 ops took 1.012 sec, avg 0.723 ms, 1384.062 ops/sec
RSA     2048 private       100 ops took 3.650 sec, avg 36.499 ms, 27.398 ops/sec
DH      2048 key gen        66 ops took 1.009 sec, avg 15.288 ms, 65.411 ops/sec
DH      2048 agree         100 ops took 1.523 sec, avg 15.227 ms, 65.671 ops/sec
ECC   [      SECP256R1]   256 key gen      1399 ops took 1.000 sec, avg 0.715 ms, 1398.403 ops/sec
ECDHE [      SECP256R1]   256 agree        1000 ops took 1.088 sec, avg 1.088 ms, 919.480 ops/sec
ECDSA [      SECP256R1]   256 sign         1200 ops took 1.004 sec, avg 0.837 ms, 1195.347 ops/sec
ECDSA [      SECP256R1]   256 verify        900 ops took 1.043 sec, avg 1.159 ms, 863.004 ops/sec
Benchmark complete
[SGXSan] ALWAYS: Enter enc_wolfSSL_CTX_use_PrivateKey_buffer
[SGXSan] ALWAYS: Enter enc_wolfTLSv1_2_server_method
[SGXSan] ALWAYS: Enter enc_wolfSSL_set_fd
[SGXSan] ALWAYS: Enter enc_wolfSSL_read
[SGXSan] ALWAYS: Enter enc_wolfSSL_Debugging_ON
[SGXSan] ALWAYS: Enter enc_wolfSSL_CTX_free
[SGXSan] ALWAYS: Enter enc_wolfSSL_new
[SGXSan] ALWAYS: Enter enc_wolfSSL_get_error
[SGXSan] ALWAYS: Enter enc_wolfSSL_free
[SGXSan] ALWAYS: Enter enc_wolfSSL_Cleanup
[SGXSan] ALWAYS: Enter wc_test
------------------------------------------------------------------------------
 wolfSSL version 5.1.0
------------------------------------------------------------------------------
error    test passed!
MEMORY   test passed!
base64   test passed!
asn      test passed!
RANDOM   test passed!
MD5      test passed!
MD4      test passed!
SHA      test passed!
SHA-256  test passed!
Hash     test passed!
HMAC-MD5 test passed!
HMAC-SHA test passed!
HMAC-SHA256 test passed!
GMAC     test passed!
HC-128   test passed!
Rabbit   test passed!
DES      test passed!
DES3     test passed!
AES      test passed!
AES192   test passed!
AES256   test passed!
AES-GCM  test passed!
RSA      test passed!
DH       test passed!
DSA      test passed!
PWDBASED test passed!
ECC      test passed!
ECC buffer test passed!
logging  test passed!
mutex    test passed!
memcb    test failed!
 error = -13803
[SGXSan] ALWAYS: Enter enc_wolfSSL_CTX_use_certificate_chain_buffer_format
[SGXSan] ALWAYS: Enter enc_wolfSSL_write
[SGXSan] ALWAYS: Enter enc_wolfSSL_Debugging_OFF
[SGXSan] ALWAYS: Enter enc_wolfSSL_CTX_use_certificate_buffer
[SGXSan] ALWAYS: Enter enc_wolfSSL_CTX_new
[SGXSan] ALWAYS: Enter enc_wolfSSL_connect
[SGXSan] ALWAYS: Enter enc_wolfSSL_CTX_load_verify_buffer
[SGXSan] ALWAYS: Enter enc_wolfSSL_CTX_set_cipher_list
[SGXSan] ALWAYS: Enter enc_wolfTLSv1_2_client_method
#8	pulse  cov: 6297 ft: 6317 corp: 5/1885Kb lim: 1000000 exec/s: 0 rss: 90Mb
[SGXSan] ALWAYS: Enter enc_wolfSSL_Init
[SGXSan] ALWAYS: Enter wc_benchmark_test
------------------------------------------------------------------------------
 wolfSSL version 5.1.0
------------------------------------------------------------------------------
wolfCrypt Benchmark (block bytes 1048576, min 1.0 sec each)
RNG                 15 MB took 1.139 seconds,   13.164 MB/s
AES-128-CBC-enc     35 MB took 1.061 seconds,   32.984 MB/s
AES-128-CBC-dec     35 MB took 1.158 seconds,   30.220 MB/s
AES-192-CBC-enc     30 MB took 1.055 seconds,   28.433 MB/s
AES-192-CBC-dec     30 MB took 1.131 seconds,   26.530 MB/s
AES-256-CBC-enc     30 MB took 1.177 seconds,   25.487 MB/s
AES-256-CBC-dec     25 MB took 1.032 seconds,   24.232 MB/s
AES-128-GCM-enc     25 MB took 1.079 seconds,   23.176 MB/s
AES-128-GCM-dec     25 MB took 1.060 seconds,   23.583 MB/s
AES-192-GCM-enc     25 MB took 1.189 seconds,   21.026 MB/s
AES-192-GCM-dec     25 MB took 1.185 seconds,   21.102 MB/s
AES-256-GCM-enc     20 MB took 1.041 seconds,   19.205 MB/s
AES-256-GCM-dec     20 MB took 1.025 seconds,   19.506 MB/s
GMAC Table 4-bit    68 MB took 1.006 seconds,   67.586 MB/s
RABBIT              95 MB took 1.052 seconds,   90.281 MB/s
3DES                10 MB took 1.092 seconds,    9.160 MB/s
MD5                295 MB took 1.006 seconds,  293.269 MB/s
SHA                130 MB took 1.026 seconds,  126.662 MB/s
SHA-256             35 MB took 1.147 seconds,   30.517 MB/s
HMAC-MD5           300 MB took 1.007 seconds,  297.837 MB/s
HMAC-SHA           130 MB took 1.009 seconds,  128.899 MB/s
HMAC-SHA256         35 MB took 1.133 seconds,   30.897 MB/s
PBKDF2               4 KB took 1.005 seconds,    3.825 KB/s
RSA     2048 public       1500 ops took 1.071 sec, avg 0.714 ms, 1400.138 ops/sec
RSA     2048 private       100 ops took 3.658 sec, avg 36.576 ms, 27.340 ops/sec
DH      2048 key gen        65 ops took 1.000 sec, avg 15.388 ms, 64.985 ops/sec
DH      2048 agree         100 ops took 1.546 sec, avg 15.464 ms, 64.665 ops/sec
ECC   [      SECP256R1]   256 key gen      1382 ops took 1.001 sec, avg 0.724 ms, 1381.214 ops/sec
ECDHE [      SECP256R1]   256 agree        1000 ops took 1.098 sec, avg 1.098 ms, 910.749 ops/sec
ECDSA [      SECP256R1]   256 sign         1300 ops took 1.085 sec, avg 0.834 ms, 1198.486 ops/sec
ECDSA [      SECP256R1]   256 verify        900 ops took 1.053 sec, avg 1.170 ms, 854.927 ops/sec
Benchmark complete
[SGXSan] ALWAYS: Enter enc_wolfSSL_CTX_use_PrivateKey_buffer
[SGXSan] ALWAYS: Enter enc_wolfTLSv1_2_server_method
[SGXSan] ALWAYS: Enter enc_wolfSSL_set_fd
[SGXSan] ALWAYS: Enter enc_wolfSSL_read
[SGXSan] ALWAYS: Enter enc_wolfSSL_Debugging_ON
[SGXSan] ALWAYS: Enter enc_wolfSSL_CTX_free
[SGXSan] ALWAYS: Enter enc_wolfSSL_new
[SGXSan] ALWAYS: Enter enc_wolfSSL_get_error
[SGXSan] ALWAYS: Enter enc_wolfSSL_free
[SGXSan] ALWAYS: Enter enc_wolfSSL_Cleanup
[SGXSan] ALWAYS: Enter wc_test
------------------------------------------------------------------------------
 wolfSSL version 5.1.0
------------------------------------------------------------------------------
error    test passed!
MEMORY   test passed!
base64   test passed!
asn      test passed!
RANDOM   test passed!
MD5      test passed!
MD4      test passed!
SHA      test passed!
SHA-256  test passed!
Hash     test passed!
HMAC-MD5 test passed!
HMAC-SHA test passed!
HMAC-SHA256 test passed!
GMAC     test passed!
HC-128   test passed!
Rabbit   test passed!
DES      test passed!
DES3     test passed!
AES      test passed!
AES192   test passed!
AES256   test passed!
AES-GCM  test passed!
RSA      test passed!
DH       test passed!
DSA      test passed!
PWDBASED test passed!
ECC      test passed!
ECC buffer test passed!
logging  test passed!
mutex    test passed!
memcb    test failed!
 error = -13803
[SGXSan] ALWAYS: Enter enc_wolfSSL_CTX_use_certificate_chain_buffer_format
[SGXSan] ALWAYS: Enter enc_wolfSSL_write
[SGXSan] ALWAYS: Enter enc_wolfSSL_Debugging_OFF
[SGXSan] ALWAYS: Enter enc_wolfSSL_CTX_use_certificate_buffer
[SGXSan] ALWAYS: Enter enc_wolfSSL_CTX_new
[SGXSan] ALWAYS: Enter enc_wolfSSL_connect
[SGXSan] ALWAYS: Enter enc_wolfSSL_CTX_load_verify_buffer
[SGXSan] ALWAYS: Enter enc_wolfSSL_CTX_set_cipher_list
[SGXSan] ALWAYS: Enter enc_wolfTLSv1_2_client_method
[SGXSan] ALWAYS: Enter enc_wolfSSL_set_fd
[SGXSan] ALWAYS: Enter enc_wolfTLSv1_2_client_method
[SGXSan] ALWAYS: Enter wc_benchmark_test
------------------------------------------------------------------------------
 wolfSSL version 5.1.0
------------------------------------------------------------------------------
wolfCrypt Benchmark (block bytes 1048576, min 1.0 sec each)
RNG                 15 MB took 1.128 seconds,   13.298 MB/s
AES-128-CBC-enc     35 MB took 1.066 seconds,   32.835 MB/s
AES-128-CBC-dec     35 MB took 1.160 seconds,   30.176 MB/s
AES-192-CBC-enc     30 MB took 1.055 seconds,   28.430 MB/s
AES-192-CBC-dec     30 MB took 1.129 seconds,   26.575 MB/s
AES-256-CBC-enc     30 MB took 1.177 seconds,   25.495 MB/s
AES-256-CBC-dec     25 MB took 1.034 seconds,   24.175 MB/s
AES-128-GCM-enc     25 MB took 1.049 seconds,   23.830 MB/s
AES-128-GCM-dec     25 MB took 1.058 seconds,   23.630 MB/s
AES-192-GCM-enc     25 MB took 1.185 seconds,   21.095 MB/s
AES-192-GCM-dec     25 MB took 1.187 seconds,   21.070 MB/s
AES-256-GCM-enc     20 MB took 1.010 seconds,   19.809 MB/s
AES-256-GCM-dec     20 MB took 1.006 seconds,   19.877 MB/s
GMAC Table 4-bit    69 MB took 1.005 seconds,   68.680 MB/s
RABBIT              95 MB took 1.046 seconds,   90.823 MB/s
3DES                10 MB took 1.090 seconds,    9.177 MB/s
MD5                305 MB took 1.010 seconds,  301.974 MB/s
SHA                130 MB took 1.009 seconds,  128.783 MB/s
SHA-256             35 MB took 1.121 seconds,   31.213 MB/s
HMAC-MD5           305 MB took 1.006 seconds,  303.331 MB/s
HMAC-SHA           130 MB took 1.026 seconds,  126.657 MB/s
HMAC-SHA256         35 MB took 1.129 seconds,   30.999 MB/s
PBKDF2               4 KB took 1.008 seconds,    3.784 KB/s
RSA     2048 public       1400 ops took 1.003 sec, avg 0.717 ms, 1395.511 ops/sec
RSA     2048 private       100 ops took 3.665 sec, avg 36.651 ms, 27.284 ops/sec
DH      2048 key gen        66 ops took 1.013 sec, avg 15.352 ms, 65.138 ops/sec
DH      2048 agree         100 ops took 1.538 sec, avg 15.376 ms, 65.037 ops/sec
ECC   [      SECP256R1]   256 key gen      1389 ops took 1.000 sec, avg 0.720 ms, 1388.471 ops/sec
ECDHE [      SECP256R1]   256 agree        1000 ops took 1.086 sec, avg 1.086 ms, 920.677 ops/sec
ECDSA [      SECP256R1]   256 sign         1200 ops took 1.001 sec, avg 0.834 ms, 1198.930 ops/sec
ECDSA [      SECP256R1]   256 verify        900 ops took 1.045 sec, avg 1.162 ms, 860.863 ops/sec
Benchmark complete
[SGXSan] ALWAYS: Enter enc_wolfSSL_CTX_new
[SGXSan] ALWAYS: Enter enc_wolfSSL_new
[SGXSan] ALWAYS: Enter enc_wolfSSL_CTX_use_certificate_chain_buffer_format
[SGXSan] ALWAYS: Enter enc_wolfSSL_write
[SGXSan] ALWAYS: Enter enc_wolfSSL_CTX_use_PrivateKey_buffer
[SGXSan] ALWAYS: Enter enc_wolfSSL_Init
[SGXSan] ALWAYS: Enter enc_wolfSSL_read
[SGXSan] ALWAYS: Enter enc_wolfSSL_Debugging_OFF
[SGXSan] ALWAYS: Enter enc_wolfSSL_CTX_set_cipher_list
[SGXSan] ALWAYS: Enter enc_wolfSSL_free
[SGXSan] ALWAYS: Enter enc_wolfSSL_get_error
[SGXSan] ALWAYS: Enter enc_wolfSSL_CTX_use_certificate_buffer
[SGXSan] ALWAYS: Enter wc_test
------------------------------------------------------------------------------
 wolfSSL version 5.1.0
------------------------------------------------------------------------------
error    test passed!
MEMORY   test passed!
base64   test passed!
asn      test passed!
RANDOM   test passed!
MD5      test passed!
MD4      test passed!
SHA      test passed!
SHA-256  test passed!
Hash     test passed!
HMAC-MD5 test passed!
HMAC-SHA test passed!
HMAC-SHA256 test passed!
GMAC     test passed!
HC-128   test passed!
Rabbit   test passed!
DES      test passed!
DES3     test passed!
AES      test passed!
AES192   test passed!
AES256   test passed!
AES-GCM  test passed!
RSA      test passed!
DH       test passed!
DSA      test passed!
PWDBASED test passed!
ECC      test passed!
ECC buffer test passed!
logging  test passed!
mutex    test passed!
memcb    test failed!
 error = -13803
[SGXSan] ALWAYS: Enter enc_wolfTLSv1_2_server_method
[SGXSan] ALWAYS: Enter enc_wolfSSL_Debugging_ON
[SGXSan] ALWAYS: Enter enc_wolfSSL_CTX_free
[SGXSan] ALWAYS: Enter enc_wolfSSL_CTX_load_verify_buffer
[SGXSan] ALWAYS: Enter enc_wolfSSL_connect
[SGXSan] ALWAYS: Enter enc_wolfSSL_Cleanup
[SGXSan] ALWAYS: Enter enc_wolfSSL_write
[SGXSan] ALWAYS: Enter enc_wolfSSL_set_fd
[SGXSan] ALWAYS: Enter enc_wolfTLSv1_2_client_method
[SGXSan] ALWAYS: Enter enc_wolfSSL_Debugging_OFF
[SGXSan] ALWAYS: Enter enc_wolfSSL_free
[SGXSan] ALWAYS: Enter enc_wolfSSL_CTX_free
[SGXSan] ALWAYS: Enter enc_wolfSSL_CTX_load_verify_buffer
[SGXSan] ALWAYS: Enter enc_wolfSSL_connect
[SGXSan] ALWAYS: Enter enc_wolfSSL_CTX_use_certificate_buffer
[SGXSan] ALWAYS: Enter enc_wolfTLSv1_2_server_method
[SGXSan] ALWAYS: Enter enc_wolfSSL_new
[SGXSan] ALWAYS: Enter enc_wolfSSL_CTX_use_PrivateKey_buffer
[SGXSan] ALWAYS: Enter enc_wolfSSL_Cleanup
[SGXSan] ALWAYS: Enter enc_wolfSSL_Init
[SGXSan] ALWAYS: Enter enc_wolfSSL_read
[SGXSan] ALWAYS: Enter enc_wolfSSL_CTX_use_certificate_chain_buffer_format
[SGXSan] ALWAYS: Enter wc_test
------------------------------------------------------------------------------
 wolfSSL version 5.1.0
------------------------------------------------------------------------------
error    test passed!
MEMORY   test passed!
base64   test passed!
asn      test passed!
RANDOM   test passed!
MD5      test passed!
MD4      test passed!
SHA      test passed!
SHA-256  test passed!
Hash     test passed!
HMAC-MD5 test passed!
HMAC-SHA test passed!
HMAC-SHA256 test passed!
GMAC     test passed!
HC-128   test passed!
Rabbit   test passed!
DES      test passed!
DES3     test passed!
AES      test passed!
AES192   test passed!
AES256   test passed!
AES-GCM  test passed!
RSA      test passed!
DH       test passed!
DSA      test passed!
PWDBASED test passed!
ECC      test passed!
ECC buffer test passed!
logging  test passed!
mutex    test passed!
memcb    test failed!
 error = -13803
[SGXSan] ALWAYS: Enter enc_wolfSSL_CTX_set_cipher_list
[SGXSan] ALWAYS: Enter enc_wolfSSL_Debugging_ON
[SGXSan] ALWAYS: Enter enc_wolfSSL_CTX_new
[SGXSan] ALWAYS: Enter wc_benchmark_test
------------------------------------------------------------------------------
 wolfSSL version 5.1.0
------------------------------------------------------------------------------
wolfCrypt Benchmark (block bytes 1048576, min 1.0 sec each)
RNG                 15 MB took 1.140 seconds,   13.153 MB/s
AES-128-CBC-enc     35 MB took 1.061 seconds,   32.987 MB/s
AES-128-CBC-dec     35 MB took 1.157 seconds,   30.257 MB/s
AES-192-CBC-enc     30 MB took 1.050 seconds,   28.566 MB/s
AES-192-CBC-dec     30 MB took 1.124 seconds,   26.693 MB/s
AES-256-CBC-enc     30 MB took 1.189 seconds,   25.221 MB/s
AES-256-CBC-dec     25 MB took 1.036 seconds,   24.121 MB/s
AES-128-GCM-enc     25 MB took 1.053 seconds,   23.750 MB/s
AES-128-GCM-dec     25 MB took 1.044 seconds,   23.944 MB/s
AES-192-GCM-enc     25 MB took 1.179 seconds,   21.203 MB/s
AES-192-GCM-dec     25 MB took 1.172 seconds,   21.323 MB/s
AES-256-GCM-enc     20 MB took 1.015 seconds,   19.697 MB/s
AES-256-GCM-dec     20 MB took 1.010 seconds,   19.812 MB/s
GMAC Table 4-bit    69 MB took 1.004 seconds,   68.741 MB/s
RABBIT              95 MB took 1.049 seconds,   90.529 MB/s
3DES                10 MB took 1.103 seconds,    9.070 MB/s
MD5                305 MB took 1.015 seconds,  300.392 MB/s
SHA                130 MB took 1.013 seconds,  128.393 MB/s
SHA-256             35 MB took 1.126 seconds,   31.083 MB/s
HMAC-MD5           305 MB took 1.006 seconds,  303.152 MB/s
HMAC-SHA           130 MB took 1.012 seconds,  128.461 MB/s
HMAC-SHA256         35 MB took 1.146 seconds,   30.545 MB/s
PBKDF2               4 KB took 1.006 seconds,    3.696 KB/s
RSA     2048 public       1400 ops took 1.019 sec, avg 0.728 ms, 1374.184 ops/sec
RSA     2048 private       100 ops took 3.632 sec, avg 36.320 ms, 27.533 ops/sec
DH      2048 key gen        66 ops took 1.011 sec, avg 15.314 ms, 65.301 ops/sec
DH      2048 agree         100 ops took 1.532 sec, avg 15.315 ms, 65.295 ops/sec
ECC   [      SECP256R1]   256 key gen      1405 ops took 1.000 sec, avg 0.712 ms, 1404.365 ops/sec
ECDHE [      SECP256R1]   256 agree        1000 ops took 1.105 sec, avg 1.105 ms, 904.654 ops/sec
ECDSA [      SECP256R1]   256 sign         1300 ops took 1.075 sec, avg 0.827 ms, 1208.959 ops/sec
ECDSA [      SECP256R1]   256 verify        900 ops took 1.048 sec, avg 1.164 ms, 858.756 ops/sec
Benchmark complete
[SGXSan] ALWAYS: Enter enc_wolfSSL_get_error
#11	DONE   cov: 6297 ft: 6317 corp: 5/1885Kb lim: 1000000 exec/s: 0 rss: 107Mb
Done 11 runs in 463 second(s)
stat::number_of_executed_units: 11
stat::average_exec_per_sec:     0
stat::new_units_added:          0
stat::slowest_unit_time_sec:    42
stat::peak_rss_mb:              107
