WARNING: Failed to find function "__sanitizer_acquire_crash_state".
WARNING: Failed to find function "__sanitizer_print_stack_trace".
WARNING: Failed to find function "__sanitizer_set_death_callback".
[CEnclavePool /home/leone/Documents/linux-sgx/psw/urts/enclave.cpp:638] enter CEnclavePool constructor
[2023-01-15 23:07:20.396] [Init] Num of ECall: 22
[2023-01-15 23:07:20.396] ECalls:
  0 - fuzz_enc_wolfSSL_CTX_free
  1 - fuzz_enc_wolfSSL_CTX_load_verify_buffer
  2 - fuzz_enc_wolfSSL_CTX_new
  3 - fuzz_enc_wolfSSL_CTX_set_cipher_list
  4 - fuzz_enc_wolfSSL_CTX_use_PrivateKey_buffer
  5 - fuzz_enc_wolfSSL_CTX_use_certificate_buffer
  6 - fuzz_enc_wolfSSL_CTX_use_certificate_chain_buffer_format
  7 - fuzz_enc_wolfSSL_Cleanup
  8 - fuzz_enc_wolfSSL_Debugging_OFF
  9 - fuzz_enc_wolfSSL_Debugging_ON
  10 - fuzz_enc_wolfSSL_Init
  11 - fuzz_enc_wolfSSL_connect
  12 - fuzz_enc_wolfSSL_free
  13 - fuzz_enc_wolfSSL_get_error
  14 - fuzz_enc_wolfSSL_new
  15 - fuzz_enc_wolfSSL_read
  16 - fuzz_enc_wolfSSL_set_fd
  17 - fuzz_enc_wolfSSL_write
  18 - fuzz_enc_wolfTLSv1_2_client_method
  19 - fuzz_enc_wolfTLSv1_2_server_method
  20 - fuzz_wc_benchmark_test
  21 - fuzz_wc_test

INFO: found LLVMFuzzerCustomMutator (0x44ac30). Disabling -len_control by default.
INFO: libFuzzer ignores flags that start with '--'
INFO: Running with entropic power schedule (0xFF, 100).
INFO: Seed: 715915369
INFO: Loaded 1 modules   (291 inline 8-bit counters): 291 [0x4cb7e8, 0x4cb90b), 
INFO: Loaded 1 PC tables (291 PCs): 291 [0x4cb910,0x4ccb40), 
INFO:        0 files found in /tmp/libFuzzerTemp.FuzzWithFork422940.dir/C308
[SGXSan] ALWAYS: Hook __sanitizer_cov_8bit_counters_init of Enclave, 21636 inline 8-bit counts [0x7f0ec77f79c0, 0x7f0ec77fce44) (First time)
[SGXSan] ALWAYS: Hook __sanitizer_cov_pcs_init of Enclave, 21636 PCs [0x7f0ec77fce48, 0x7f0ec7851688) (First time)
[SGXSan] ALWAYS: Enter enc_wolfSSL_CTX_free
[SGXSan] ALWAYS: Enter enc_wolfSSL_CTX_load_verify_buffer
[SGXSan] ALWAYS: Enter enc_wolfSSL_CTX_new
[SGXSan] ALWAYS: Enter enc_wolfSSL_CTX_set_cipher_list
[SGXSan] ALWAYS: Enter enc_wolfSSL_CTX_use_PrivateKey_buffer
[SGXSan] ALWAYS: Enter enc_wolfSSL_CTX_use_certificate_buffer
[SGXSan] ALWAYS: Enter enc_wolfSSL_CTX_use_certificate_chain_buffer_format
[SGXSan] ALWAYS: Enter enc_wolfSSL_Cleanup
[SGXSan] ALWAYS: Enter enc_wolfSSL_Debugging_OFF
[SGXSan] ALWAYS: Enter enc_wolfSSL_Debugging_ON
[SGXSan] ALWAYS: Enter enc_wolfSSL_Init
[SGXSan] ALWAYS: Enter enc_wolfSSL_connect
[SGXSan] ALWAYS: Enter enc_wolfSSL_free
[SGXSan] ALWAYS: Enter enc_wolfSSL_get_error
[SGXSan] ALWAYS: Enter enc_wolfSSL_new
[SGXSan] ALWAYS: Enter enc_wolfSSL_read
[SGXSan] ALWAYS: Enter enc_wolfSSL_set_fd
[SGXSan] ALWAYS: Enter enc_wolfSSL_write
[SGXSan] ALWAYS: Enter enc_wolfTLSv1_2_client_method
[SGXSan] ALWAYS: Enter enc_wolfTLSv1_2_server_method
[SGXSan] ALWAYS: Enter wc_benchmark_test
------------------------------------------------------------------------------
 wolfSSL version 5.1.0
------------------------------------------------------------------------------
wolfCrypt Benchmark (block bytes 1048576, min 1.0 sec each)
RNG                 15 MB took 1.168 seconds,   12.842 MB/s
AES-128-CBC-enc     35 MB took 1.079 seconds,   32.437 MB/s
AES-128-CBC-dec     35 MB took 1.143 seconds,   30.631 MB/s
AES-192-CBC-enc     30 MB took 1.086 seconds,   27.635 MB/s
AES-192-CBC-dec     30 MB took 1.138 seconds,   26.365 MB/s
AES-256-CBC-enc     30 MB took 1.187 seconds,   25.276 MB/s
AES-256-CBC-dec     25 MB took 1.053 seconds,   23.731 MB/s
AES-128-GCM-enc     25 MB took 1.070 seconds,   23.360 MB/s
AES-128-GCM-dec     25 MB took 1.093 seconds,   22.867 MB/s
AES-192-GCM-enc     25 MB took 1.316 seconds,   19.003 MB/s
AES-192-GCM-dec     20 MB took 1.082 seconds,   18.490 MB/s
AES-256-GCM-enc     20 MB took 1.054 seconds,   18.970 MB/s
AES-256-GCM-dec     20 MB took 1.044 seconds,   19.152 MB/s
GMAC Table 4-bit    67 MB took 1.001 seconds,   66.929 MB/s
RABBIT              90 MB took 1.022 seconds,   88.058 MB/s
3DES                10 MB took 1.120 seconds,    8.925 MB/s
MD5                295 MB took 1.000 seconds,  294.905 MB/s
SHA                125 MB took 1.002 seconds,  124.721 MB/s
SHA-256             35 MB took 1.166 seconds,   30.029 MB/s
HMAC-MD5           305 MB took 1.009 seconds,  302.295 MB/s
HMAC-SHA           130 MB took 1.016 seconds,  127.904 MB/s
HMAC-SHA256         35 MB took 1.130 seconds,   30.968 MB/s
PBKDF2               4 KB took 1.007 seconds,    3.786 KB/s
RSA     2048 public       1500 ops took 1.068 sec, avg 0.712 ms, 1404.781 ops/sec
RSA     2048 private       100 ops took 3.652 sec, avg 36.521 ms, 27.381 ops/sec
DH      2048 key gen        66 ops took 1.011 sec, avg 15.318 ms, 65.281 ops/sec
DH      2048 agree         100 ops took 1.536 sec, avg 15.356 ms, 65.122 ops/sec
ECC   [      SECP256R1]   256 key gen      1401 ops took 1.000 sec, avg 0.714 ms, 1400.567 ops/sec
ECDHE [      SECP256R1]   256 agree        1000 ops took 1.077 sec, avg 1.077 ms, 928.373 ops/sec
ECDSA [      SECP256R1]   256 sign         1300 ops took 1.080 sec, avg 0.830 ms, 1204.169 ops/sec
ECDSA [      SECP256R1]   256 verify        900 ops took 1.026 sec, avg 1.140 ms, 877.540 ops/sec
Benchmark complete
[SGXSan] ALWAYS: Enter wc_test
INFO: seed corpus: files: 5 min: 390122b max: 390122b total: 1950610b rss: 43Mb
------------------------------------------------------------------------------
 wolfSSL version 5.1.0
------------------------------------------------------------------------------
error    test passed!
MEMORY   test passed!
base64   test passed!
asn      test passed!
RANDOM   test passed!
MD5      test passed!
MD4      test passed!
SHA      test passed!
SHA-256  test passed!
Hash     test passed!
HMAC-MD5 test passed!
HMAC-SHA test passed!
HMAC-SHA256 test passed!
GMAC     test passed!
HC-128   test passed!
Rabbit   test passed!
DES      test passed!
DES3     test passed!
AES      test passed!
AES192   test passed!
AES256   test passed!
AES-GCM  test passed!
RSA      test passed!
DH       test passed!
DSA      test passed!
PWDBASED test passed!
ECC      test passed!
ECC buffer test passed!
logging  test passed!
mutex    test passed!
memcb    test passed!
Test complete
[SGXSan] ALWAYS: Enter enc_wolfSSL_free
[SGXSan] ALWAYS: Enter enc_wolfSSL_new
[SGXSan] ALWAYS: Enter enc_wolfSSL_write
[SGXSan] ALWAYS: Enter enc_wolfSSL_CTX_set_cipher_list
[SGXSan] ALWAYS: Enter enc_wolfSSL_Init
[SGXSan] ALWAYS: Enter wc_test
------------------------------------------------------------------------------
 wolfSSL version 5.1.0
------------------------------------------------------------------------------
error    test passed!
MEMORY   test passed!
base64   test passed!
asn      test passed!
RANDOM   test passed!
MD5      test passed!
MD4      test passed!
SHA      test passed!
SHA-256  test passed!
Hash     test passed!
HMAC-MD5 test passed!
HMAC-SHA test passed!
HMAC-SHA256 test passed!
GMAC     test passed!
HC-128   test passed!
Rabbit   test passed!
DES      test passed!
DES3     test passed!
AES      test passed!
AES192   test passed!
AES256   test passed!
AES-GCM  test passed!
RSA      test passed!
DH       test passed!
DSA      test passed!
PWDBASED test passed!
ECC      test passed!
ECC buffer test passed!
logging  test passed!
mutex    test passed!
memcb    test failed!
 error = -13803
[SGXSan] ALWAYS: Enter enc_wolfSSL_CTX_use_certificate_chain_buffer_format
[SGXSan] ALWAYS: Enter enc_wolfSSL_connect
[SGXSan] ALWAYS: Enter wc_benchmark_test
------------------------------------------------------------------------------
 wolfSSL version 5.1.0
------------------------------------------------------------------------------
wolfCrypt Benchmark (block bytes 1048576, min 1.0 sec each)
RNG                 15 MB took 1.132 seconds,   13.249 MB/s
AES-128-CBC-enc     35 MB took 1.082 seconds,   32.337 MB/s
AES-128-CBC-dec     35 MB took 1.147 seconds,   30.510 MB/s
AES-192-CBC-enc     30 MB took 1.081 seconds,   27.763 MB/s
AES-192-CBC-dec     30 MB took 1.168 seconds,   25.693 MB/s
AES-256-CBC-enc     25 MB took 1.001 seconds,   24.979 MB/s
AES-256-CBC-dec     25 MB took 1.066 seconds,   23.450 MB/s
AES-128-GCM-enc     25 MB took 1.077 seconds,   23.208 MB/s
AES-128-GCM-dec     25 MB took 1.081 seconds,   23.129 MB/s
AES-192-GCM-enc     25 MB took 1.212 seconds,   20.627 MB/s
AES-192-GCM-dec     25 MB took 1.202 seconds,   20.790 MB/s
AES-256-GCM-enc     20 MB took 1.049 seconds,   19.066 MB/s
AES-256-GCM-dec     20 MB took 1.066 seconds,   18.759 MB/s
GMAC Table 4-bit    67 MB took 1.005 seconds,   66.692 MB/s
RABBIT              90 MB took 1.000 seconds,   89.970 MB/s
3DES                10 MB took 1.081 seconds,    9.253 MB/s
MD5                305 MB took 1.001 seconds,  304.738 MB/s
SHA                125 MB took 1.004 seconds,  124.562 MB/s
SHA-256             35 MB took 1.149 seconds,   30.451 MB/s
HMAC-MD5           300 MB took 1.012 seconds,  296.500 MB/s
HMAC-SHA           130 MB took 1.035 seconds,  125.547 MB/s
HMAC-SHA256         35 MB took 1.151 seconds,   30.418 MB/s
PBKDF2               4 KB took 1.001 seconds,    3.686 KB/s
RSA     2048 public       1400 ops took 1.017 sec, avg 0.726 ms, 1376.992 ops/sec
RSA     2048 private       100 ops took 3.748 sec, avg 37.479 ms, 26.682 ops/sec
DH      2048 key gen        64 ops took 1.001 sec, avg 15.647 ms, 63.909 ops/sec
DH      2048 agree         100 ops took 1.591 sec, avg 15.907 ms, 62.867 ops/sec
ECC   [      SECP256R1]   256 key gen      1362 ops took 1.000 sec, avg 0.734 ms, 1361.654 ops/sec
ECDHE [      SECP256R1]   256 agree         900 ops took 1.057 sec, avg 1.174 ms, 851.695 ops/sec
ECDSA [      SECP256R1]   256 sign         1200 ops took 1.024 sec, avg 0.853 ms, 1172.322 ops/sec
ECDSA [      SECP256R1]   256 verify        900 ops took 1.078 sec, avg 1.198 ms, 835.068 ops/sec
Benchmark complete
[SGXSan] ALWAYS: Enter enc_wolfSSL_read
[SGXSan] ALWAYS: Enter enc_wolfSSL_set_fd
[SGXSan] ALWAYS: Enter enc_wolfSSL_CTX_use_certificate_buffer
[SGXSan] ALWAYS: Enter enc_wolfSSL_Debugging_OFF
[SGXSan] ALWAYS: Enter enc_wolfTLSv1_2_server_method
[SGXSan] ALWAYS: Enter enc_wolfSSL_get_error
[SGXSan] ALWAYS: Enter enc_wolfSSL_CTX_free
[SGXSan] ALWAYS: Enter enc_wolfSSL_CTX_load_verify_buffer
[SGXSan] ALWAYS: Enter enc_wolfTLSv1_2_client_method
[SGXSan] ALWAYS: Enter enc_wolfSSL_CTX_new
[SGXSan] ALWAYS: Enter enc_wolfSSL_Debugging_ON
[SGXSan] ALWAYS: Enter enc_wolfSSL_Cleanup
[SGXSan] ALWAYS: Enter enc_wolfSSL_CTX_use_PrivateKey_buffer
#2	pulse  ft: 6282 exec/s: 0 rss: 50Mb
Slowest unit: 42 s:
artifact_prefix='./crashes/'; Test unit written to ./crashes/slow-unit-91f273e03578f910efcb2363a141716742ae7fe6
[SGXSan] ALWAYS: Enter enc_wolfSSL_Init
[SGXSan] ALWAYS: Enter enc_wolfSSL_read
[SGXSan] ALWAYS: Enter enc_wolfSSL_new
[SGXSan] ALWAYS: Enter enc_wolfTLSv1_2_server_method
[SGXSan] ALWAYS: Enter enc_wolfSSL_CTX_use_certificate_buffer
[SGXSan] ALWAYS: Enter enc_wolfSSL_free
[SGXSan] ALWAYS: Enter enc_wolfSSL_Cleanup
[SGXSan] ALWAYS: Enter enc_wolfSSL_get_error
[SGXSan] ALWAYS: Enter enc_wolfSSL_Debugging_ON
[SGXSan] ALWAYS: Enter enc_wolfSSL_set_fd
[SGXSan] ALWAYS: Enter enc_wolfSSL_CTX_load_verify_buffer
[SGXSan] ALWAYS: Enter enc_wolfSSL_connect
[SGXSan] ALWAYS: Enter enc_wolfSSL_write
[SGXSan] ALWAYS: Enter enc_wolfSSL_CTX_use_certificate_chain_buffer_format
[SGXSan] ALWAYS: Enter wc_test
------------------------------------------------------------------------------
 wolfSSL version 5.1.0
------------------------------------------------------------------------------
error    test passed!
MEMORY   test passed!
base64   test passed!
asn      test passed!
RANDOM   test passed!
MD5      test passed!
MD4      test passed!
SHA      test passed!
SHA-256  test passed!
Hash     test passed!
HMAC-MD5 test passed!
HMAC-SHA test passed!
HMAC-SHA256 test passed!
GMAC     test passed!
HC-128   test passed!
Rabbit   test passed!
DES      test passed!
DES3     test passed!
AES      test passed!
AES192   test passed!
AES256   test passed!
AES-GCM  test passed!
RSA      test passed!
DH       test passed!
DSA      test passed!
PWDBASED test passed!
ECC      test passed!
ECC buffer test passed!
logging  test passed!
mutex    test passed!
memcb    test failed!
 error = -13803
[SGXSan] ALWAYS: Enter enc_wolfSSL_Debugging_OFF
[SGXSan] ALWAYS: Enter enc_wolfSSL_CTX_free
[SGXSan] ALWAYS: Enter wc_benchmark_test
------------------------------------------------------------------------------
 wolfSSL version 5.1.0
------------------------------------------------------------------------------
wolfCrypt Benchmark (block bytes 1048576, min 1.0 sec each)
RNG                 15 MB took 1.179 seconds,   12.719 MB/s
AES-128-CBC-enc     35 MB took 1.096 seconds,   31.946 MB/s
AES-128-CBC-dec     30 MB took 1.045 seconds,   28.719 MB/s
AES-192-CBC-enc     30 MB took 1.067 seconds,   28.127 MB/s
AES-192-CBC-dec     30 MB took 1.150 seconds,   26.080 MB/s
AES-256-CBC-enc     25 MB took 1.013 seconds,   24.683 MB/s
AES-256-CBC-dec     25 MB took 1.070 seconds,   23.375 MB/s
AES-128-GCM-enc     25 MB took 1.076 seconds,   23.226 MB/s
AES-128-GCM-dec     25 MB took 1.060 seconds,   23.580 MB/s
AES-192-GCM-enc     25 MB took 1.192 seconds,   20.981 MB/s
AES-192-GCM-dec     25 MB took 1.157 seconds,   21.611 MB/s
AES-256-GCM-enc     20 MB took 1.038 seconds,   19.271 MB/s
AES-256-GCM-dec     20 MB took 1.042 seconds,   19.192 MB/s
GMAC Table 4-bit    67 MB took 1.005 seconds,   66.638 MB/s
RABBIT              90 MB took 1.019 seconds,   88.282 MB/s
3DES                10 MB took 1.115 seconds,    8.969 MB/s
MD5                295 MB took 1.005 seconds,  293.551 MB/s
SHA                130 MB took 1.038 seconds,  125.190 MB/s
SHA-256             35 MB took 1.155 seconds,   30.305 MB/s
HMAC-MD5           305 MB took 1.001 seconds,  304.665 MB/s
HMAC-SHA           130 MB took 1.013 seconds,  128.319 MB/s
HMAC-SHA256         35 MB took 1.132 seconds,   30.916 MB/s
PBKDF2               4 KB took 1.004 seconds,    3.766 KB/s
RSA     2048 public       1500 ops took 1.056 sec, avg 0.704 ms, 1420.038 ops/sec
RSA     2048 private       100 ops took 3.585 sec, avg 35.846 ms, 27.897 ops/sec
DH      2048 key gen        67 ops took 1.001 sec, avg 14.938 ms, 66.945 ops/sec
DH      2048 agree         100 ops took 1.496 sec, avg 14.962 ms, 66.834 ops/sec
ECC   [      SECP256R1]   256 key gen      1399 ops took 1.001 sec, avg 0.715 ms, 1398.168 ops/sec
ECDHE [      SECP256R1]   256 agree         900 ops took 1.009 sec, avg 1.121 ms, 891.741 ops/sec
ECDSA [      SECP256R1]   256 sign         1200 ops took 1.017 sec, avg 0.847 ms, 1180.472 ops/sec
ECDSA [      SECP256R1]   256 verify        900 ops took 1.060 sec, avg 1.177 ms, 849.412 ops/sec
Benchmark complete
[SGXSan] ALWAYS: Enter enc_wolfSSL_CTX_set_cipher_list
[SGXSan] ALWAYS: Enter enc_wolfSSL_CTX_new
[SGXSan] ALWAYS: Enter enc_wolfTLSv1_2_client_method
[SGXSan] ALWAYS: Enter enc_wolfSSL_CTX_use_PrivateKey_buffer
[SGXSan] ALWAYS: Enter enc_wolfSSL_Init
[SGXSan] ALWAYS: Enter enc_wolfSSL_Cleanup
[SGXSan] ALWAYS: Enter enc_wolfSSL_set_fd
[SGXSan] ALWAYS: Enter enc_wolfSSL_CTX_load_verify_buffer
[SGXSan] ALWAYS: Enter enc_wolfSSL_Debugging_ON
[SGXSan] ALWAYS: Enter wc_benchmark_test
------------------------------------------------------------------------------
 wolfSSL version 5.1.0
------------------------------------------------------------------------------
wolfCrypt Benchmark (block bytes 1048576, min 1.0 sec each)
RNG                 15 MB took 1.147 seconds,   13.073 MB/s
AES-128-CBC-enc     35 MB took 1.074 seconds,   32.578 MB/s
AES-128-CBC-dec     30 MB took 1.013 seconds,   29.627 MB/s
AES-192-CBC-enc     30 MB took 1.061 seconds,   28.272 MB/s
AES-192-CBC-dec     30 MB took 1.140 seconds,   26.311 MB/s
AES-256-CBC-enc     30 MB took 1.183 seconds,   25.363 MB/s
AES-256-CBC-dec     25 MB took 1.056 seconds,   23.668 MB/s
AES-128-GCM-enc     25 MB took 1.094 seconds,   22.862 MB/s
AES-128-GCM-dec     25 MB took 1.067 seconds,   23.434 MB/s
AES-192-GCM-enc     25 MB took 1.211 seconds,   20.652 MB/s
AES-192-GCM-dec     25 MB took 1.197 seconds,   20.887 MB/s
AES-256-GCM-enc     20 MB took 1.002 seconds,   19.957 MB/s
AES-256-GCM-dec     25 MB took 1.232 seconds,   20.292 MB/s
GMAC Table 4-bit    68 MB took 1.004 seconds,   67.737 MB/s
RABBIT              95 MB took 1.032 seconds,   92.075 MB/s
3DES                10 MB took 1.084 seconds,    9.223 MB/s
MD5                315 MB took 1.007 seconds,  312.857 MB/s
SHA                135 MB took 1.025 seconds,  131.672 MB/s
SHA-256             35 MB took 1.157 seconds,   30.261 MB/s
HMAC-MD5           305 MB took 1.007 seconds,  302.821 MB/s
HMAC-SHA           130 MB took 1.021 seconds,  127.313 MB/s
HMAC-SHA256         35 MB took 1.109 seconds,   31.556 MB/s
PBKDF2               4 KB took 1.001 seconds,    3.871 KB/s
RSA     2048 public       1500 ops took 1.069 sec, avg 0.712 ms, 1403.664 ops/sec
RSA     2048 private       100 ops took 3.884 sec, avg 38.836 ms, 25.749 ops/sec
DH      2048 key gen        64 ops took 1.002 sec, avg 15.653 ms, 63.887 ops/sec
DH      2048 agree         100 ops took 1.565 sec, avg 15.655 ms, 63.878 ops/sec
ECC   [      SECP256R1]   256 key gen      1411 ops took 1.001 sec, avg 0.709 ms, 1410.026 ops/sec
ECDHE [      SECP256R1]   256 agree        1000 ops took 1.099 sec, avg 1.099 ms, 909.729 ops/sec
ECDSA [      SECP256R1]   256 sign         1200 ops took 1.012 sec, avg 0.844 ms, 1185.361 ops/sec
ECDSA [      SECP256R1]   256 verify        900 ops took 1.056 sec, avg 1.174 ms, 852.090 ops/sec
Benchmark complete
[SGXSan] ALWAYS: Enter enc_wolfSSL_new
[SGXSan] ALWAYS: Enter enc_wolfSSL_free
[SGXSan] ALWAYS: Enter enc_wolfSSL_CTX_use_certificate_buffer
[SGXSan] ALWAYS: Enter enc_wolfSSL_connect
[SGXSan] ALWAYS: Enter enc_wolfTLSv1_2_server_method
[SGXSan] ALWAYS: Enter enc_wolfSSL_CTX_use_certificate_chain_buffer_format
[SGXSan] ALWAYS: Enter enc_wolfSSL_Debugging_OFF
[SGXSan] ALWAYS: Enter wc_test
------------------------------------------------------------------------------
 wolfSSL version 5.1.0
------------------------------------------------------------------------------
error    test passed!
MEMORY   test passed!
base64   test passed!
asn      test passed!
RANDOM   test passed!
MD5      test passed!
MD4      test passed!
SHA      test passed!
SHA-256  test passed!
Hash     test passed!
HMAC-MD5 test passed!
HMAC-SHA test passed!
HMAC-SHA256 test passed!
GMAC     test passed!
HC-128   test passed!
Rabbit   test passed!
DES      test passed!
DES3     test passed!
AES      test passed!
AES192   test passed!
AES256   test passed!
AES-GCM  test passed!
RSA      test passed!
DH       test passed!
DSA      test passed!
PWDBASED test passed!
ECC      test passed!
ECC buffer test passed!
logging  test passed!
mutex    test passed!
memcb    test failed!
 error = -13803
[SGXSan] ALWAYS: Enter enc_wolfSSL_write
[SGXSan] ALWAYS: Enter enc_wolfSSL_get_error
[SGXSan] ALWAYS: Enter enc_wolfTLSv1_2_client_method
[SGXSan] ALWAYS: Enter enc_wolfSSL_CTX_set_cipher_list
[SGXSan] ALWAYS: Enter enc_wolfSSL_CTX_free
[SGXSan] ALWAYS: Enter enc_wolfSSL_CTX_use_PrivateKey_buffer
[SGXSan] ALWAYS: Enter enc_wolfSSL_read
[SGXSan] ALWAYS: Enter enc_wolfSSL_CTX_new
#4	pulse  cov: 6283 ft: 6288 corp: 2/761Kb exec/s: 0 rss: 64Mb
[SGXSan] ALWAYS: Enter enc_wolfSSL_Init
[SGXSan] ALWAYS: Enter wc_benchmark_test
------------------------------------------------------------------------------
 wolfSSL version 5.1.0
------------------------------------------------------------------------------
wolfCrypt Benchmark (block bytes 1048576, min 1.0 sec each)
RNG                 15 MB took 1.154 seconds,   13.003 MB/s
AES-128-CBC-enc     35 MB took 1.085 seconds,   32.268 MB/s
AES-128-CBC-dec     30 MB took 1.038 seconds,   28.897 MB/s
AES-192-CBC-enc     30 MB took 1.087 seconds,   27.591 MB/s
AES-192-CBC-dec     30 MB took 1.165 seconds,   25.745 MB/s
AES-256-CBC-enc     30 MB took 1.200 seconds,   25.009 MB/s
AES-256-CBC-dec     25 MB took 1.069 seconds,   23.386 MB/s
AES-128-GCM-enc     25 MB took 1.091 seconds,   22.914 MB/s
AES-128-GCM-dec     25 MB took 1.079 seconds,   23.164 MB/s
AES-192-GCM-enc     25 MB took 1.212 seconds,   20.631 MB/s
AES-192-GCM-dec     25 MB took 1.179 seconds,   21.210 MB/s
AES-256-GCM-enc     20 MB took 1.037 seconds,   19.279 MB/s
AES-256-GCM-dec     20 MB took 1.032 seconds,   19.371 MB/s
GMAC Table 4-bit    66 MB took 1.015 seconds,   65.053 MB/s
RABBIT              90 MB took 1.017 seconds,   88.522 MB/s
3DES                10 MB took 1.119 seconds,    8.936 MB/s
MD5                300 MB took 1.015 seconds,  295.606 MB/s
SHA                125 MB took 1.007 seconds,  124.104 MB/s
SHA-256             35 MB took 1.158 seconds,   30.226 MB/s
HMAC-MD5           300 MB took 1.002 seconds,  299.309 MB/s
HMAC-SHA           135 MB took 1.028 seconds,  131.313 MB/s
HMAC-SHA256         35 MB took 1.122 seconds,   31.184 MB/s
PBKDF2               4 KB took 1.005 seconds,    3.730 KB/s
RSA     2048 public       1400 ops took 1.022 sec, avg 0.730 ms, 1370.226 ops/sec
RSA     2048 private       100 ops took 3.769 sec, avg 37.692 ms, 26.531 ops/sec
DH      2048 key gen        64 ops took 1.009 sec, avg 15.763 ms, 63.440 ops/sec
DH      2048 agree         100 ops took 1.571 sec, avg 15.706 ms, 63.668 ops/sec
ECC   [      SECP256R1]   256 key gen      1381 ops took 1.000 sec, avg 0.724 ms, 1380.894 ops/sec
ECDHE [      SECP256R1]   256 agree        1000 ops took 1.074 sec, avg 1.074 ms, 931.435 ops/sec
ECDSA [      SECP256R1]   256 sign         1200 ops took 1.023 sec, avg 0.852 ms, 1173.577 ops/sec
ECDSA [      SECP256R1]   256 verify        900 ops took 1.033 sec, avg 1.148 ms, 871.354 ops/sec
Benchmark complete
[SGXSan] ALWAYS: Enter enc_wolfSSL_CTX_use_PrivateKey_buffer
[SGXSan] ALWAYS: Enter enc_wolfTLSv1_2_server_method
[SGXSan] ALWAYS: Enter enc_wolfSSL_set_fd
[SGXSan] ALWAYS: Enter enc_wolfSSL_read
[SGXSan] ALWAYS: Enter enc_wolfSSL_Debugging_ON
[SGXSan] ALWAYS: Enter enc_wolfSSL_CTX_free
[SGXSan] ALWAYS: Enter enc_wolfSSL_new
[SGXSan] ALWAYS: Enter enc_wolfSSL_get_error
[SGXSan] ALWAYS: Enter enc_wolfSSL_free
[SGXSan] ALWAYS: Enter enc_wolfSSL_Cleanup
[SGXSan] ALWAYS: Enter wc_test
------------------------------------------------------------------------------
 wolfSSL version 5.1.0
------------------------------------------------------------------------------
error    test passed!
MEMORY   test passed!
base64   test passed!
asn      test passed!
RANDOM   test passed!
MD5      test passed!
MD4      test passed!
SHA      test passed!
SHA-256  test passed!
Hash     test passed!
HMAC-MD5 test passed!
HMAC-SHA test passed!
HMAC-SHA256 test passed!
GMAC     test passed!
HC-128   test passed!
Rabbit   test passed!
DES      test passed!
DES3     test passed!
AES      test passed!
AES192   test passed!
AES256   test passed!
AES-GCM  test passed!
RSA      test passed!
DH       test passed!
DSA      test passed!
PWDBASED test passed!
ECC      test passed!
ECC buffer test passed!
logging  test passed!
mutex    test passed!
memcb    test failed!
 error = -13803
[SGXSan] ALWAYS: Enter enc_wolfSSL_CTX_use_certificate_chain_buffer_format
[SGXSan] ALWAYS: Enter enc_wolfSSL_write
[SGXSan] ALWAYS: Enter enc_wolfSSL_Debugging_OFF
[SGXSan] ALWAYS: Enter enc_wolfSSL_CTX_use_certificate_buffer
[SGXSan] ALWAYS: Enter enc_wolfSSL_CTX_new
[SGXSan] ALWAYS: Enter enc_wolfSSL_connect
[SGXSan] ALWAYS: Enter enc_wolfSSL_CTX_load_verify_buffer
[SGXSan] ALWAYS: Enter enc_wolfSSL_CTX_set_cipher_list
[SGXSan] ALWAYS: Enter enc_wolfTLSv1_2_client_method
[SGXSan] ALWAYS: Enter enc_wolfSSL_get_error
[SGXSan] ALWAYS: Enter enc_wolfSSL_Init
[SGXSan] ALWAYS: Enter enc_wolfTLSv1_2_client_method
[SGXSan] ALWAYS: Enter enc_wolfSSL_CTX_use_PrivateKey_buffer
[SGXSan] ALWAYS: Enter enc_wolfSSL_Cleanup
[SGXSan] ALWAYS: Enter enc_wolfSSL_Debugging_OFF
[SGXSan] ALWAYS: Enter enc_wolfSSL_read
[SGXSan] ALWAYS: Enter enc_wolfSSL_free
[SGXSan] ALWAYS: Enter wc_test
------------------------------------------------------------------------------
 wolfSSL version 5.1.0
------------------------------------------------------------------------------
error    test passed!
MEMORY   test passed!
base64   test passed!
asn      test passed!
RANDOM   test passed!
MD5      test passed!
MD4      test passed!
SHA      test passed!
SHA-256  test passed!
Hash     test passed!
HMAC-MD5 test passed!
HMAC-SHA test passed!
HMAC-SHA256 test passed!
GMAC     test passed!
HC-128   test passed!
Rabbit   test passed!
DES      test passed!
DES3     test passed!
AES      test passed!
AES192   test passed!
AES256   test passed!
AES-GCM  test passed!
RSA      test passed!
DH       test passed!
DSA      test passed!
PWDBASED test passed!
ECC      test passed!
ECC buffer test passed!
logging  test passed!
mutex    test passed!
memcb    test failed!
 error = -13803
[SGXSan] ALWAYS: Enter enc_wolfSSL_new
[SGXSan] ALWAYS: Enter enc_wolfSSL_CTX_free
[SGXSan] ALWAYS: Enter enc_wolfSSL_CTX_new
[SGXSan] ALWAYS: Enter enc_wolfSSL_set_fd
[SGXSan] ALWAYS: Enter enc_wolfSSL_CTX_load_verify_buffer
[SGXSan] ALWAYS: Enter enc_wolfSSL_write
[SGXSan] ALWAYS: Enter enc_wolfSSL_Debugging_ON
[SGXSan] ALWAYS: Enter wc_benchmark_test
------------------------------------------------------------------------------
 wolfSSL version 5.1.0
------------------------------------------------------------------------------
wolfCrypt Benchmark (block bytes 1048576, min 1.0 sec each)
RNG                 15 MB took 1.125 seconds,   13.333 MB/s
AES-128-CBC-enc     35 MB took 1.048 seconds,   33.390 MB/s
AES-128-CBC-dec     35 MB took 1.147 seconds,   30.509 MB/s
AES-192-CBC-enc     30 MB took 1.060 seconds,   28.290 MB/s
AES-192-CBC-dec     30 MB took 1.148 seconds,   26.129 MB/s
AES-256-CBC-enc     30 MB took 1.187 seconds,   25.264 MB/s
AES-256-CBC-dec     25 MB took 1.050 seconds,   23.804 MB/s
AES-128-GCM-enc     25 MB took 1.097 seconds,   22.793 MB/s
AES-128-GCM-dec     25 MB took 1.063 seconds,   23.510 MB/s
AES-192-GCM-enc     25 MB took 1.176 seconds,   21.257 MB/s
AES-192-GCM-dec     25 MB took 1.187 seconds,   21.070 MB/s
AES-256-GCM-enc     20 MB took 1.040 seconds,   19.227 MB/s
AES-256-GCM-dec     20 MB took 1.033 seconds,   19.352 MB/s
GMAC Table 4-bit    67 MB took 1.000 seconds,   66.992 MB/s
RABBIT              90 MB took 1.027 seconds,   87.613 MB/s
3DES                10 MB took 1.109 seconds,    9.020 MB/s
MD5                300 MB took 1.014 seconds,  295.837 MB/s
SHA                130 MB took 1.011 seconds,  128.566 MB/s
SHA-256             35 MB took 1.092 seconds,   32.050 MB/s
HMAC-MD5           300 MB took 1.003 seconds,  299.033 MB/s
HMAC-SHA           130 MB took 1.002 seconds,  129.803 MB/s
HMAC-SHA256         35 MB took 1.142 seconds,   30.641 MB/s
PBKDF2               4 KB took 1.005 seconds,    3.792 KB/s
RSA     2048 public       1400 ops took 1.017 sec, avg 0.726 ms, 1376.521 ops/sec
RSA     2048 private       100 ops took 3.744 sec, avg 37.437 ms, 26.712 ops/sec
DH      2048 key gen        65 ops took 1.002 sec, avg 15.408 ms, 64.900 ops/sec
DH      2048 agree         100 ops took 1.562 sec, avg 15.616 ms, 64.036 ops/sec
ECC   [      SECP256R1]   256 key gen      1406 ops took 1.001 sec, avg 0.712 ms, 1405.156 ops/sec
ECDHE [      SECP256R1]   256 agree        1000 ops took 1.071 sec, avg 1.071 ms, 934.136 ops/sec
ECDSA [      SECP256R1]   256 sign         1200 ops took 1.001 sec, avg 0.834 ms, 1198.781 ops/sec
ECDSA [      SECP256R1]   256 verify        900 ops took 1.030 sec, avg 1.145 ms, 873.575 ops/sec
Benchmark complete
[SGXSan] ALWAYS: Enter enc_wolfSSL_connect
[SGXSan] ALWAYS: Enter enc_wolfSSL_CTX_use_certificate_chain_buffer_format
[SGXSan] ALWAYS: Enter enc_wolfSSL_CTX_set_cipher_list
[SGXSan] ALWAYS: Enter enc_wolfSSL_CTX_use_certificate_buffer
[SGXSan] ALWAYS: Enter enc_wolfTLSv1_2_server_method
#6	INITED cov: 6284 ft: 6289 corp: 4/1523Kb exec/s: 0 rss: 78Mb
[SGXSan] ALWAYS: Enter enc_wolfSSL_Init
[SGXSan] ALWAYS: Enter enc_wolfSSL_read
[SGXSan] ALWAYS: Enter enc_wolfSSL_new
[SGXSan] ALWAYS: Enter enc_wolfTLSv1_2_server_method
[SGXSan] ALWAYS: Enter enc_wolfSSL_CTX_use_certificate_buffer
[SGXSan] ALWAYS: Enter enc_wolfSSL_free
[SGXSan] ALWAYS: Enter enc_wolfSSL_Cleanup
[SGXSan] ALWAYS: Enter enc_wolfSSL_get_error
[SGXSan] ALWAYS: Enter enc_wolfSSL_Debugging_ON
[SGXSan] ALWAYS: Enter enc_wolfSSL_set_fd
[SGXSan] ALWAYS: Enter enc_wolfSSL_CTX_load_verify_buffer
[SGXSan] ALWAYS: Enter enc_wolfSSL_connect
[SGXSan] ALWAYS: Enter enc_wolfSSL_write
[SGXSan] ALWAYS: Enter enc_wolfSSL_CTX_use_certificate_chain_buffer_format
[SGXSan] ALWAYS: Enter wc_test
------------------------------------------------------------------------------
 wolfSSL version 5.1.0
------------------------------------------------------------------------------
error    test passed!
MEMORY   test passed!
base64   test passed!
asn      test passed!
RANDOM   test passed!
MD5      test passed!
MD4      test passed!
SHA      test passed!
SHA-256  test passed!
Hash     test passed!
HMAC-MD5 test passed!
HMAC-SHA test passed!
HMAC-SHA256 test passed!
GMAC     test passed!
HC-128   test passed!
Rabbit   test passed!
DES      test passed!
DES3     test passed!
AES      test passed!
AES192   test passed!
AES256   test passed!
AES-GCM  test passed!
RSA      test passed!
DH       test passed!
DSA      test passed!
PWDBASED test passed!
ECC      test passed!
ECC buffer test passed!
logging  test passed!
mutex    test passed!
memcb    test failed!
 error = -13803
[SGXSan] ALWAYS: Enter enc_wolfSSL_Debugging_OFF
[SGXSan] ALWAYS: Enter enc_wolfSSL_CTX_free
[SGXSan] ALWAYS: Enter wc_benchmark_test
------------------------------------------------------------------------------
 wolfSSL version 5.1.0
------------------------------------------------------------------------------
wolfCrypt Benchmark (block bytes 1048576, min 1.0 sec each)
RNG                 15 MB took 1.156 seconds,   12.977 MB/s
AES-128-CBC-enc     35 MB took 1.082 seconds,   32.359 MB/s
AES-128-CBC-dec     35 MB took 1.134 seconds,   30.877 MB/s
AES-192-CBC-enc     30 MB took 1.036 seconds,   28.944 MB/s
AES-192-CBC-dec     30 MB took 1.112 seconds,   26.978 MB/s
AES-256-CBC-enc     25 MB took 1.003 seconds,   24.927 MB/s
AES-256-CBC-dec     25 MB took 1.085 seconds,   23.052 MB/s
AES-128-GCM-enc     25 MB took 1.090 seconds,   22.941 MB/s
AES-128-GCM-dec     25 MB took 1.075 seconds,   23.257 MB/s
AES-192-GCM-enc     25 MB took 1.214 seconds,   20.592 MB/s
AES-192-GCM-dec     25 MB took 1.189 seconds,   21.028 MB/s
AES-256-GCM-enc     20 MB took 1.074 seconds,   18.626 MB/s
AES-256-GCM-dec     20 MB took 1.010 seconds,   19.793 MB/s
GMAC Table 4-bit    69 MB took 1.012 seconds,   68.210 MB/s
RABBIT              95 MB took 1.039 seconds,   91.390 MB/s
3DES                10 MB took 1.099 seconds,    9.096 MB/s
MD5                300 MB took 1.010 seconds,  297.039 MB/s
SHA                125 MB took 1.015 seconds,  123.138 MB/s
SHA-256             35 MB took 1.163 seconds,   30.097 MB/s
HMAC-MD5           300 MB took 1.013 seconds,  296.199 MB/s
HMAC-SHA           130 MB took 1.033 seconds,  125.794 MB/s
HMAC-SHA256         35 MB took 1.157 seconds,   30.241 MB/s
PBKDF2               4 KB took 1.008 seconds,    3.751 KB/s
RSA     2048 public       1500 ops took 1.067 sec, avg 0.711 ms, 1405.651 ops/sec
RSA     2048 private       100 ops took 3.733 sec, avg 37.330 ms, 26.788 ops/sec
DH      2048 key gen        64 ops took 1.006 sec, avg 15.723 ms, 63.602 ops/sec
DH      2048 agree         100 ops took 1.622 sec, avg 16.224 ms, 61.636 ops/sec
ECC   [      SECP256R1]   256 key gen      1380 ops took 1.001 sec, avg 0.725 ms, 1379.058 ops/sec
ECDHE [      SECP256R1]   256 agree        1000 ops took 1.098 sec, avg 1.098 ms, 910.967 ops/sec
ECDSA [      SECP256R1]   256 sign         1200 ops took 1.003 sec, avg 0.836 ms, 1196.813 ops/sec
ECDSA [      SECP256R1]   256 verify        900 ops took 1.026 sec, avg 1.140 ms, 877.247 ops/sec
Benchmark complete
[SGXSan] ALWAYS: Enter enc_wolfSSL_CTX_set_cipher_list
[SGXSan] ALWAYS: Enter enc_wolfSSL_CTX_new
[SGXSan] ALWAYS: Enter enc_wolfTLSv1_2_client_method
[SGXSan] ALWAYS: Enter enc_wolfSSL_CTX_use_PrivateKey_buffer
[SGXSan] ALWAYS: Enter enc_wolfSSL_Init
[SGXSan] ALWAYS: Enter enc_wolfSSL_read
[SGXSan] ALWAYS: Enter enc_wolfSSL_new
[SGXSan] ALWAYS: Enter enc_wolfTLSv1_2_server_method
[SGXSan] ALWAYS: Enter enc_wolfSSL_CTX_use_certificate_buffer
[SGXSan] ALWAYS: Enter enc_wolfSSL_free
[SGXSan] ALWAYS: Enter enc_wolfSSL_Cleanup
[SGXSan] ALWAYS: Enter enc_wolfSSL_get_error
[SGXSan] ALWAYS: Enter enc_wolfSSL_Debugging_ON
[SGXSan] ALWAYS: Enter enc_wolfSSL_set_fd
[SGXSan] ALWAYS: Enter enc_wolfSSL_CTX_load_verify_buffer
[SGXSan] ALWAYS: Enter enc_wolfSSL_connect
[SGXSan] ALWAYS: Enter enc_wolfSSL_write
[SGXSan] ALWAYS: Enter enc_wolfSSL_CTX_use_certificate_chain_buffer_format
[SGXSan] ALWAYS: Enter wc_test
------------------------------------------------------------------------------
 wolfSSL version 5.1.0
------------------------------------------------------------------------------
error    test passed!
MEMORY   test passed!
base64   test passed!
asn      test passed!
RANDOM   test passed!
MD5      test passed!
MD4      test passed!
SHA      test passed!
SHA-256  test passed!
Hash     test passed!
HMAC-MD5 test passed!
HMAC-SHA test passed!
HMAC-SHA256 test passed!
GMAC     test passed!
HC-128   test passed!
Rabbit   test passed!
DES      test passed!
DES3     test passed!
AES      test passed!
AES192   test passed!
AES256   test passed!
AES-GCM  test passed!
RSA      test passed!
DH       test passed!
DSA      test passed!
PWDBASED test passed!
ECC      test passed!
ECC buffer test passed!
logging  test passed!
mutex    test passed!
memcb    test failed!
 error = -13803
[SGXSan] ALWAYS: Enter enc_wolfSSL_Debugging_OFF
[SGXSan] ALWAYS: Enter enc_wolfSSL_CTX_free
[SGXSan] ALWAYS: Enter wc_benchmark_test
------------------------------------------------------------------------------
 wolfSSL version 5.1.0
------------------------------------------------------------------------------
wolfCrypt Benchmark (block bytes 1048576, min 1.0 sec each)
RNG                 15 MB took 1.164 seconds,   12.891 MB/s
AES-128-CBC-enc     35 MB took 1.079 seconds,   32.442 MB/s
AES-128-CBC-dec     35 MB took 1.221 seconds,   28.671 MB/s
AES-192-CBC-enc     30 MB took 1.090 seconds,   27.523 MB/s
AES-192-CBC-dec     30 MB took 1.134 seconds,   26.444 MB/s
AES-256-CBC-enc     30 MB took 1.176 seconds,   25.516 MB/s
AES-256-CBC-dec     25 MB took 1.041 seconds,   24.022 MB/s
AES-128-GCM-enc     25 MB took 1.051 seconds,   23.781 MB/s
AES-128-GCM-dec     25 MB took 1.045 seconds,   23.912 MB/s
AES-192-GCM-enc     25 MB took 1.181 seconds,   21.172 MB/s
AES-192-GCM-dec     25 MB took 1.160 seconds,   21.552 MB/s
AES-256-GCM-enc     20 MB took 1.028 seconds,   19.451 MB/s
AES-256-GCM-dec     20 MB took 1.013 seconds,   19.742 MB/s
GMAC Table 4-bit    69 MB took 1.004 seconds,   68.706 MB/s
RABBIT              95 MB took 1.038 seconds,   91.526 MB/s
3DES                10 MB took 1.090 seconds,    9.174 MB/s
MD5                300 MB took 1.000 seconds,  299.876 MB/s
SHA                130 MB took 1.002 seconds,  129.763 MB/s
SHA-256             35 MB took 1.125 seconds,   31.113 MB/s
HMAC-MD5           305 MB took 1.004 seconds,  303.705 MB/s
HMAC-SHA           130 MB took 1.020 seconds,  127.434 MB/s
HMAC-SHA256         35 MB took 1.138 seconds,   30.755 MB/s
PBKDF2               4 KB took 1.007 seconds,    3.694 KB/s
RSA     2048 public       1400 ops took 1.002 sec, avg 0.716 ms, 1397.559 ops/sec
RSA     2048 private       100 ops took 3.822 sec, avg 38.221 ms, 26.164 ops/sec
DH      2048 key gen        64 ops took 1.015 sec, avg 15.863 ms, 63.040 ops/sec
DH      2048 agree         100 ops took 1.586 sec, avg 15.857 ms, 63.062 ops/sec
ECC   [      SECP256R1]   256 key gen      1362 ops took 1.000 sec, avg 0.734 ms, 1361.511 ops/sec
ECDHE [      SECP256R1]   256 agree         900 ops took 1.016 sec, avg 1.129 ms, 885.592 ops/sec
ECDSA [      SECP256R1]   256 sign         1200 ops took 1.031 sec, avg 0.859 ms, 1163.809 ops/sec
ECDSA [      SECP256R1]   256 verify        900 ops took 1.052 sec, avg 1.169 ms, 855.341 ops/sec
Benchmark complete
[SGXSan] ALWAYS: Enter enc_wolfSSL_CTX_set_cipher_list
[SGXSan] ALWAYS: Enter enc_wolfSSL_CTX_new
[SGXSan] ALWAYS: Enter enc_wolfTLSv1_2_client_method
[SGXSan] ALWAYS: Enter enc_wolfSSL_CTX_use_PrivateKey_buffer
#8	pulse  cov: 6284 ft: 6289 corp: 4/1523Kb lim: 1000000 exec/s: 0 rss: 88Mb
[SGXSan] ALWAYS: Enter enc_wolfSSL_CTX_new
[SGXSan] ALWAYS: Enter enc_wolfSSL_write
[SGXSan] ALWAYS: Enter enc_wolfSSL_set_fd
[SGXSan] ALWAYS: Enter enc_wolfSSL_Cleanup
[SGXSan] ALWAYS: Enter enc_wolfSSL_Debugging_ON
[SGXSan] ALWAYS: Enter enc_wolfTLSv1_2_client_method
[SGXSan] ALWAYS: Enter enc_wolfSSL_CTX_load_verify_buffer
[SGXSan] ALWAYS: Enter enc_wolfSSL_get_error
[SGXSan] ALWAYS: Enter enc_wolfSSL_CTX_set_cipher_list
[SGXSan] ALWAYS: Enter enc_wolfSSL_CTX_use_PrivateKey_buffer
[SGXSan] ALWAYS: Enter enc_wolfSSL_CTX_use_certificate_buffer
[SGXSan] ALWAYS: Enter enc_wolfSSL_CTX_use_certificate_chain_buffer_format
[SGXSan] ALWAYS: Enter enc_wolfSSL_free
[SGXSan] ALWAYS: Enter enc_wolfSSL_Init
[SGXSan] ALWAYS: Enter wc_benchmark_test
------------------------------------------------------------------------------
 wolfSSL version 5.1.0
------------------------------------------------------------------------------
wolfCrypt Benchmark (block bytes 1048576, min 1.0 sec each)
RNG                 15 MB took 1.128 seconds,   13.297 MB/s
AES-128-CBC-enc     35 MB took 1.048 seconds,   33.385 MB/s
AES-128-CBC-dec     30 MB took 1.001 seconds,   29.969 MB/s
AES-192-CBC-enc     30 MB took 1.058 seconds,   28.365 MB/s
AES-192-CBC-dec     30 MB took 1.141 seconds,   26.298 MB/s
AES-256-CBC-enc     30 MB took 1.179 seconds,   25.455 MB/s
AES-256-CBC-dec     25 MB took 1.039 seconds,   24.055 MB/s
AES-128-GCM-enc     25 MB took 1.078 seconds,   23.182 MB/s
AES-128-GCM-dec     25 MB took 1.046 seconds,   23.908 MB/s
AES-192-GCM-enc     25 MB took 1.184 seconds,   21.113 MB/s
AES-192-GCM-dec     25 MB took 1.151 seconds,   21.716 MB/s
AES-256-GCM-enc     20 MB took 1.020 seconds,   19.606 MB/s
AES-256-GCM-dec     20 MB took 1.024 seconds,   19.524 MB/s
GMAC Table 4-bit    68 MB took 1.004 seconds,   67.757 MB/s
RABBIT              95 MB took 1.045 seconds,   90.921 MB/s
3DES                10 MB took 1.093 seconds,    9.150 MB/s
MD5                305 MB took 1.003 seconds,  304.004 MB/s
SHA                130 MB took 1.020 seconds,  127.412 MB/s
SHA-256             35 MB took 1.133 seconds,   30.880 MB/s
HMAC-MD5           305 MB took 1.010 seconds,  302.122 MB/s
HMAC-SHA           130 MB took 1.011 seconds,  128.588 MB/s
HMAC-SHA256         35 MB took 1.136 seconds,   30.823 MB/s
PBKDF2               4 KB took 1.003 seconds,    3.770 KB/s
RSA     2048 public       1500 ops took 1.066 sec, avg 0.711 ms, 1407.322 ops/sec
RSA     2048 private       100 ops took 3.608 sec, avg 36.081 ms, 27.716 ops/sec
DH      2048 key gen        66 ops took 1.005 sec, avg 15.225 ms, 65.681 ops/sec
DH      2048 agree         100 ops took 1.547 sec, avg 15.465 ms, 64.661 ops/sec
ECC   [      SECP256R1]   256 key gen      1406 ops took 1.001 sec, avg 0.712 ms, 1405.180 ops/sec
ECDHE [      SECP256R1]   256 agree        1000 ops took 1.093 sec, avg 1.093 ms, 915.051 ops/sec
ECDSA [      SECP256R1]   256 sign         1300 ops took 1.076 sec, avg 0.828 ms, 1207.855 ops/sec
ECDSA [      SECP256R1]   256 verify        900 ops took 1.021 sec, avg 1.135 ms, 881.240 ops/sec
Benchmark complete
[SGXSan] ALWAYS: Enter enc_wolfSSL_new
[SGXSan] ALWAYS: Enter enc_wolfSSL_read
[SGXSan] ALWAYS: Enter enc_wolfSSL_CTX_free
[SGXSan] ALWAYS: Enter wc_test
------------------------------------------------------------------------------
 wolfSSL version 5.1.0
------------------------------------------------------------------------------
error    test passed!
MEMORY   test passed!
base64   test passed!
asn      test passed!
RANDOM   test passed!
MD5      test passed!
MD4      test passed!
SHA      test passed!
SHA-256  test passed!
Hash     test passed!
HMAC-MD5 test passed!
HMAC-SHA test passed!
HMAC-SHA256 test passed!
GMAC     test passed!
HC-128   test passed!
Rabbit   test passed!
DES      test passed!
DES3     test passed!
AES      test passed!
AES192   test passed!
AES256   test passed!
AES-GCM  test passed!
RSA      test passed!
DH       test passed!
DSA      test passed!
PWDBASED test passed!
ECC      test passed!
ECC buffer test passed!
logging  test passed!
mutex    test passed!
memcb    test failed!
 error = -13803
[SGXSan] ALWAYS: Enter enc_wolfSSL_Debugging_OFF
[SGXSan] ALWAYS: Enter enc_wolfTLSv1_2_server_method
[SGXSan] ALWAYS: Enter enc_wolfSSL_connect
[SGXSan] ALWAYS: Enter enc_wolfSSL_CTX_new
[SGXSan] ALWAYS: Enter enc_wolfSSL_write
[SGXSan] ALWAYS: Enter enc_wolfSSL_set_fd
[SGXSan] ALWAYS: Enter enc_wolfSSL_Cleanup
[SGXSan] ALWAYS: Enter enc_wolfSSL_Debugging_ON
[SGXSan] ALWAYS: Enter enc_wolfTLSv1_2_client_method
[SGXSan] ALWAYS: Enter enc_wolfSSL_CTX_load_verify_buffer
[SGXSan] ALWAYS: Enter enc_wolfSSL_get_error
[SGXSan] ALWAYS: Enter enc_wolfSSL_CTX_set_cipher_list
[SGXSan] ALWAYS: Enter enc_wolfSSL_CTX_use_PrivateKey_buffer
[SGXSan] ALWAYS: Enter enc_wolfSSL_CTX_use_certificate_buffer
[SGXSan] ALWAYS: Enter enc_wolfSSL_CTX_use_certificate_chain_buffer_format
[SGXSan] ALWAYS: Enter enc_wolfSSL_free
[SGXSan] ALWAYS: Enter enc_wolfSSL_Init
[SGXSan] ALWAYS: Enter wc_benchmark_test
------------------------------------------------------------------------------
 wolfSSL version 5.1.0
------------------------------------------------------------------------------
wolfCrypt Benchmark (block bytes 1048576, min 1.0 sec each)
RNG                 15 MB took 1.167 seconds,   12.855 MB/s
AES-128-CBC-enc     35 MB took 1.094 seconds,   32.006 MB/s
AES-128-CBC-dec     35 MB took 1.158 seconds,   30.236 MB/s
AES-192-CBC-enc     30 MB took 1.073 seconds,   27.962 MB/s
AES-192-CBC-dec     25 MB took 1.015 seconds,   24.642 MB/s
AES-256-CBC-enc     25 MB took 1.004 seconds,   24.899 MB/s
AES-256-CBC-dec     25 MB took 1.040 seconds,   24.037 MB/s
AES-128-GCM-enc     25 MB took 1.073 seconds,   23.306 MB/s
AES-128-GCM-dec     25 MB took 1.061 seconds,   23.560 MB/s
AES-192-GCM-enc     25 MB took 1.201 seconds,   20.820 MB/s
AES-192-GCM-dec     25 MB took 1.200 seconds,   20.837 MB/s
AES-256-GCM-enc     20 MB took 1.062 seconds,   18.841 MB/s
AES-256-GCM-dec     20 MB took 1.048 seconds,   19.078 MB/s
GMAC Table 4-bit    67 MB took 1.003 seconds,   66.812 MB/s
RABBIT              90 MB took 1.013 seconds,   88.863 MB/s
3DES                10 MB took 1.101 seconds,    9.086 MB/s
MD5                305 MB took 1.016 seconds,  300.292 MB/s
SHA                130 MB took 1.012 seconds,  128.446 MB/s
SHA-256             35 MB took 1.140 seconds,   30.708 MB/s
HMAC-MD5           305 MB took 1.007 seconds,  302.782 MB/s
HMAC-SHA           130 MB took 1.018 seconds,  127.745 MB/s
HMAC-SHA256         35 MB took 1.124 seconds,   31.151 MB/s
PBKDF2               4 KB took 1.001 seconds,    3.777 KB/s
RSA     2048 public       1400 ops took 1.038 sec, avg 0.741 ms, 1349.283 ops/sec
RSA     2048 private       100 ops took 3.767 sec, avg 37.667 ms, 26.548 ops/sec
DH      2048 key gen        64 ops took 1.008 sec, avg 15.757 ms, 63.462 ops/sec
DH      2048 agree         100 ops took 1.603 sec, avg 16.027 ms, 62.395 ops/sec
ECC   [      SECP256R1]   256 key gen      1394 ops took 1.001 sec, avg 0.718 ms, 1393.000 ops/sec
ECDHE [      SECP256R1]   256 agree        1000 ops took 1.080 sec, avg 1.080 ms, 925.807 ops/sec
ECDSA [      SECP256R1]   256 sign         1300 ops took 1.066 sec, avg 0.820 ms, 1219.808 ops/sec
ECDSA [      SECP256R1]   256 verify        900 ops took 1.043 sec, avg 1.159 ms, 863.152 ops/sec
Benchmark complete
[SGXSan] ALWAYS: Enter enc_wolfSSL_new
[SGXSan] ALWAYS: Enter enc_wolfSSL_read
[SGXSan] ALWAYS: Enter enc_wolfSSL_CTX_free
[SGXSan] ALWAYS: Enter wc_test
------------------------------------------------------------------------------
 wolfSSL version 5.1.0
------------------------------------------------------------------------------
error    test passed!
MEMORY   test passed!
base64   test passed!
asn      test passed!
RANDOM   test passed!
MD5      test passed!
MD4      test passed!
SHA      test passed!
SHA-256  test passed!
Hash     test passed!
HMAC-MD5 test passed!
HMAC-SHA test passed!
HMAC-SHA256 test passed!
GMAC     test passed!
HC-128   test passed!
Rabbit   test passed!
DES      test passed!
DES3     test passed!
AES      test passed!
AES192   test passed!
AES256   test passed!
AES-GCM  test passed!
RSA      test passed!
DH       test passed!
DSA      test passed!
PWDBASED test passed!
ECC      test passed!
ECC buffer test passed!
logging  test passed!
mutex    test passed!
memcb    test failed!
 error = -13803
[SGXSan] ALWAYS: Enter enc_wolfSSL_Debugging_OFF
[SGXSan] ALWAYS: Enter enc_wolfTLSv1_2_server_method
[SGXSan] ALWAYS: Enter enc_wolfSSL_connect
[SGXSan] ALWAYS: Enter enc_wolfSSL_CTX_new
[SGXSan] ALWAYS: Enter enc_wolfSSL_write
[SGXSan] ALWAYS: Enter enc_wolfSSL_set_fd
[SGXSan] ALWAYS: Enter enc_wolfSSL_Cleanup
[SGXSan] ALWAYS: Enter enc_wolfSSL_Debugging_ON
[SGXSan] ALWAYS: Enter enc_wolfTLSv1_2_client_method
[SGXSan] ALWAYS: Enter enc_wolfSSL_CTX_load_verify_buffer
[SGXSan] ALWAYS: Enter enc_wolfSSL_get_error
[SGXSan] ALWAYS: Enter enc_wolfSSL_CTX_set_cipher_list
[SGXSan] ALWAYS: Enter enc_wolfSSL_CTX_use_PrivateKey_buffer
[SGXSan] ALWAYS: Enter enc_wolfSSL_CTX_use_certificate_buffer
[SGXSan] ALWAYS: Enter enc_wolfSSL_CTX_use_certificate_chain_buffer_format
[SGXSan] ALWAYS: Enter enc_wolfSSL_free
[SGXSan] ALWAYS: Enter enc_wolfSSL_Init
[SGXSan] ALWAYS: Enter wc_benchmark_test
------------------------------------------------------------------------------
 wolfSSL version 5.1.0
------------------------------------------------------------------------------
wolfCrypt Benchmark (block bytes 1048576, min 1.0 sec each)
RNG                 15 MB took 1.157 seconds,   12.962 MB/s
AES-128-CBC-enc     35 MB took 1.086 seconds,   32.224 MB/s
AES-128-CBC-dec     30 MB took 1.014 seconds,   29.593 MB/s
AES-192-CBC-enc     30 MB took 1.080 seconds,   27.765 MB/s
AES-192-CBC-dec     30 MB took 1.151 seconds,   26.055 MB/s
AES-256-CBC-enc     30 MB took 1.182 seconds,   25.391 MB/s
AES-256-CBC-dec     25 MB took 1.051 seconds,   23.789 MB/s
AES-128-GCM-enc     25 MB took 1.070 seconds,   23.370 MB/s
AES-128-GCM-dec     25 MB took 1.050 seconds,   23.804 MB/s
AES-192-GCM-enc     25 MB took 1.203 seconds,   20.789 MB/s
AES-192-GCM-dec     25 MB took 1.181 seconds,   21.166 MB/s
AES-256-GCM-enc     20 MB took 1.031 seconds,   19.407 MB/s
AES-256-GCM-dec     20 MB took 1.019 seconds,   19.624 MB/s
GMAC Table 4-bit    68 MB took 1.012 seconds,   67.168 MB/s
RABBIT              90 MB took 1.010 seconds,   89.082 MB/s
3DES                10 MB took 1.115 seconds,    8.969 MB/s
MD5                300 MB took 1.014 seconds,  295.778 MB/s
SHA                130 MB took 1.035 seconds,  125.637 MB/s
SHA-256             35 MB took 1.164 seconds,   30.058 MB/s
HMAC-MD5           300 MB took 1.015 seconds,  295.550 MB/s
HMAC-SHA           130 MB took 1.032 seconds,  125.951 MB/s
HMAC-SHA256         35 MB took 1.123 seconds,   31.161 MB/s
PBKDF2               4 KB took 1.005 seconds,    3.793 KB/s
RSA     2048 public       1400 ops took 1.016 sec, avg 0.725 ms, 1378.429 ops/sec
RSA     2048 private       100 ops took 3.653 sec, avg 36.525 ms, 27.378 ops/sec
DH      2048 key gen        65 ops took 1.013 sec, avg 15.583 ms, 64.174 ops/sec
DH      2048 agree         100 ops took 1.543 sec, avg 15.433 ms, 64.795 ops/sec
ECC   [      SECP256R1]   256 key gen      1401 ops took 1.000 sec, avg 0.714 ms, 1400.878 ops/sec
ECDHE [      SECP256R1]   256 agree        1000 ops took 1.086 sec, avg 1.086 ms, 920.759 ops/sec
ECDSA [      SECP256R1]   256 sign         1300 ops took 1.073 sec, avg 0.825 ms, 1211.896 ops/sec
ECDSA [      SECP256R1]   256 verify        900 ops took 1.038 sec, avg 1.154 ms, 866.663 ops/sec
Benchmark complete
[SGXSan] ALWAYS: Enter enc_wolfSSL_new
[SGXSan] ALWAYS: Enter enc_wolfSSL_read
[SGXSan] ALWAYS: Enter enc_wolfSSL_CTX_free
[SGXSan] ALWAYS: Enter wc_test
------------------------------------------------------------------------------
 wolfSSL version 5.1.0
------------------------------------------------------------------------------
error    test passed!
MEMORY   test passed!
base64   test passed!
asn      test passed!
RANDOM   test passed!
MD5      test passed!
MD4      test passed!
SHA      test passed!
SHA-256  test passed!
Hash     test passed!
HMAC-MD5 test passed!
HMAC-SHA test passed!
HMAC-SHA256 test passed!
GMAC     test passed!
HC-128   test passed!
Rabbit   test passed!
DES      test passed!
DES3     test passed!
AES      test passed!
AES192   test passed!
AES256   test passed!
AES-GCM  test passed!
RSA      test passed!
DH       test passed!
DSA      test passed!
PWDBASED test passed!
ECC      test passed!
ECC buffer test passed!
logging  test passed!
mutex    test passed!
memcb    test failed!
 error = -13803
[SGXSan] ALWAYS: Enter enc_wolfSSL_Debugging_OFF
[SGXSan] ALWAYS: Enter enc_wolfTLSv1_2_server_method
[SGXSan] ALWAYS: Enter enc_wolfSSL_connect
#11	DONE   cov: 6284 ft: 6289 corp: 4/1523Kb lim: 1000000 exec/s: 0 rss: 104Mb
Done 11 runs in 465 second(s)
stat::number_of_executed_units: 11
stat::average_exec_per_sec:     0
stat::new_units_added:          0
stat::slowest_unit_time_sec:    42
stat::peak_rss_mb:              104
