WARNING: Failed to find function "__sanitizer_acquire_crash_state".
WARNING: Failed to find function "__sanitizer_print_stack_trace".
WARNING: Failed to find function "__sanitizer_set_death_callback".
[CEnclavePool /home/leone/Documents/linux-sgx/psw/urts/enclave.cpp:638] enter CEnclavePool constructor
[2023-01-15 23:08:02.315] [Init] Num of ECall: 22
[2023-01-15 23:08:02.315] ECalls:
  0 - fuzz_enc_wolfSSL_CTX_free
  1 - fuzz_enc_wolfSSL_CTX_load_verify_buffer
  2 - fuzz_enc_wolfSSL_CTX_new
  3 - fuzz_enc_wolfSSL_CTX_set_cipher_list
  4 - fuzz_enc_wolfSSL_CTX_use_PrivateKey_buffer
  5 - fuzz_enc_wolfSSL_CTX_use_certificate_buffer
  6 - fuzz_enc_wolfSSL_CTX_use_certificate_chain_buffer_format
  7 - fuzz_enc_wolfSSL_Cleanup
  8 - fuzz_enc_wolfSSL_Debugging_OFF
  9 - fuzz_enc_wolfSSL_Debugging_ON
  10 - fuzz_enc_wolfSSL_Init
  11 - fuzz_enc_wolfSSL_connect
  12 - fuzz_enc_wolfSSL_free
  13 - fuzz_enc_wolfSSL_get_error
  14 - fuzz_enc_wolfSSL_new
  15 - fuzz_enc_wolfSSL_read
  16 - fuzz_enc_wolfSSL_set_fd
  17 - fuzz_enc_wolfSSL_write
  18 - fuzz_enc_wolfTLSv1_2_client_method
  19 - fuzz_enc_wolfTLSv1_2_server_method
  20 - fuzz_wc_benchmark_test
  21 - fuzz_wc_test

INFO: found LLVMFuzzerCustomMutator (0x44ac30). Disabling -len_control by default.
INFO: libFuzzer ignores flags that start with '--'
INFO: Running with entropic power schedule (0xFF, 100).
INFO: Seed: 3980473414
INFO: Loaded 1 modules   (291 inline 8-bit counters): 291 [0x4cb7e8, 0x4cb90b), 
INFO: Loaded 1 PC tables (291 PCs): 291 [0x4cb910,0x4ccb40), 
INFO:        0 files found in /tmp/libFuzzerTemp.FuzzWithFork422940.dir/C309
[SGXSan] ALWAYS: Hook __sanitizer_cov_8bit_counters_init of Enclave, 21636 inline 8-bit counts [0x7f7f7d6cb9c0, 0x7f7f7d6d0e44) (First time)
[SGXSan] ALWAYS: Hook __sanitizer_cov_pcs_init of Enclave, 21636 PCs [0x7f7f7d6d0e48, 0x7f7f7d725688) (First time)
[SGXSan] ALWAYS: Enter enc_wolfSSL_CTX_free
[SGXSan] ALWAYS: Enter enc_wolfSSL_CTX_load_verify_buffer
[SGXSan] ALWAYS: Enter enc_wolfSSL_CTX_new
[SGXSan] ALWAYS: Enter enc_wolfSSL_CTX_set_cipher_list
[SGXSan] ALWAYS: Enter enc_wolfSSL_CTX_use_PrivateKey_buffer
[SGXSan] ALWAYS: Enter enc_wolfSSL_CTX_use_certificate_buffer
[SGXSan] ALWAYS: Enter enc_wolfSSL_CTX_use_certificate_chain_buffer_format
[SGXSan] ALWAYS: Enter enc_wolfSSL_Cleanup
[SGXSan] ALWAYS: Enter enc_wolfSSL_Debugging_OFF
[SGXSan] ALWAYS: Enter enc_wolfSSL_Debugging_ON
[SGXSan] ALWAYS: Enter enc_wolfSSL_Init
[SGXSan] ALWAYS: Enter enc_wolfSSL_connect
[SGXSan] ALWAYS: Enter enc_wolfSSL_free
[SGXSan] ALWAYS: Enter enc_wolfSSL_get_error
[SGXSan] ALWAYS: Enter enc_wolfSSL_new
[SGXSan] ALWAYS: Enter enc_wolfSSL_read
[SGXSan] ALWAYS: Enter enc_wolfSSL_set_fd
[SGXSan] ALWAYS: Enter enc_wolfSSL_write
[SGXSan] ALWAYS: Enter enc_wolfTLSv1_2_client_method
[SGXSan] ALWAYS: Enter enc_wolfTLSv1_2_server_method
[SGXSan] ALWAYS: Enter wc_benchmark_test
------------------------------------------------------------------------------
 wolfSSL version 5.1.0
------------------------------------------------------------------------------
wolfCrypt Benchmark (block bytes 1048576, min 1.0 sec each)
RNG                 15 MB took 1.143 seconds,   13.127 MB/s
AES-128-CBC-enc     35 MB took 1.074 seconds,   32.576 MB/s
AES-128-CBC-dec     30 MB took 1.040 seconds,   28.855 MB/s
AES-192-CBC-enc     30 MB took 1.070 seconds,   28.050 MB/s
AES-192-CBC-dec     30 MB took 1.133 seconds,   26.480 MB/s
AES-256-CBC-enc     30 MB took 1.175 seconds,   25.535 MB/s
AES-256-CBC-dec     25 MB took 1.041 seconds,   24.005 MB/s
AES-128-GCM-enc     25 MB took 1.060 seconds,   23.578 MB/s
AES-128-GCM-dec     25 MB took 1.047 seconds,   23.881 MB/s
AES-192-GCM-enc     25 MB took 1.196 seconds,   20.904 MB/s
AES-192-GCM-dec     25 MB took 1.201 seconds,   20.817 MB/s
AES-256-GCM-enc     20 MB took 1.037 seconds,   19.294 MB/s
AES-256-GCM-dec     20 MB took 1.068 seconds,   18.720 MB/s
GMAC Table 4-bit    68 MB took 1.014 seconds,   67.053 MB/s
RABBIT              85 MB took 1.024 seconds,   82.993 MB/s
3DES                10 MB took 1.115 seconds,    8.968 MB/s
MD5                300 MB took 1.016 seconds,  295.266 MB/s
SHA                125 MB took 1.009 seconds,  123.935 MB/s
SHA-256             35 MB took 1.163 seconds,   30.085 MB/s
HMAC-MD5           300 MB took 1.014 seconds,  295.998 MB/s
HMAC-SHA           130 MB took 1.033 seconds,  125.839 MB/s
HMAC-SHA256         35 MB took 1.127 seconds,   31.068 MB/s
PBKDF2               4 KB took 1.003 seconds,    3.803 KB/s
RSA     2048 public       1400 ops took 1.032 sec, avg 0.737 ms, 1356.378 ops/sec
RSA     2048 private       100 ops took 3.713 sec, avg 37.133 ms, 26.930 ops/sec
DH      2048 key gen        64 ops took 1.009 sec, avg 15.767 ms, 63.423 ops/sec
DH      2048 agree         100 ops took 1.578 sec, avg 15.785 ms, 63.352 ops/sec
ECC   [      SECP256R1]   256 key gen      1383 ops took 1.000 sec, avg 0.723 ms, 1382.593 ops/sec
ECDHE [      SECP256R1]   256 agree         900 ops took 1.009 sec, avg 1.121 ms, 891.796 ops/sec
ECDSA [      SECP256R1]   256 sign         1200 ops took 1.019 sec, avg 0.849 ms, 1178.160 ops/sec
ECDSA [      SECP256R1]   256 verify        900 ops took 1.048 sec, avg 1.164 ms, 858.856 ops/sec
Benchmark complete
[SGXSan] ALWAYS: Enter wc_test
INFO: seed corpus: files: 5 min: 370191b max: 390122b total: 1910748b rss: 44Mb
------------------------------------------------------------------------------
 wolfSSL version 5.1.0
------------------------------------------------------------------------------
error    test passed!
MEMORY   test passed!
base64   test passed!
asn      test passed!
RANDOM   test passed!
MD5      test passed!
MD4      test passed!
SHA      test passed!
SHA-256  test passed!
Hash     test passed!
HMAC-MD5 test passed!
HMAC-SHA test passed!
HMAC-SHA256 test passed!
GMAC     test passed!
HC-128   test passed!
Rabbit   test passed!
DES      test passed!
DES3     test passed!
AES      test passed!
AES192   test passed!
AES256   test passed!
AES-GCM  test passed!
RSA      test passed!
DH       test passed!
DSA      test passed!
PWDBASED test passed!
ECC      test passed!
ECC buffer test passed!
logging  test passed!
mutex    test passed!
memcb    test passed!
Test complete
[SGXSan] ALWAYS: Enter enc_wolfSSL_CTX_load_verify_buffer
[SGXSan] ALWAYS: Enter enc_wolfSSL_CTX_new
[SGXSan] ALWAYS: Enter enc_wolfSSL_CTX_free
[SGXSan] ALWAYS: Enter enc_wolfSSL_Debugging_ON
[SGXSan] ALWAYS: Enter wc_benchmark_test
------------------------------------------------------------------------------
 wolfSSL version 5.1.0
------------------------------------------------------------------------------
wolfCrypt Benchmark (block bytes 1048576, min 1.0 sec each)
RNG                 15 MB took 1.170 seconds,   12.816 MB/s
AES-128-CBC-enc     35 MB took 1.087 seconds,   32.199 MB/s
AES-128-CBC-dec     35 MB took 1.152 seconds,   30.378 MB/s
AES-192-CBC-enc     30 MB took 1.049 seconds,   28.594 MB/s
AES-192-CBC-dec     30 MB took 1.151 seconds,   26.056 MB/s
AES-256-CBC-enc     25 MB took 1.016 seconds,   24.610 MB/s
AES-256-CBC-dec     25 MB took 1.093 seconds,   22.881 MB/s
AES-128-GCM-enc     25 MB took 1.073 seconds,   23.293 MB/s
AES-128-GCM-dec     25 MB took 1.073 seconds,   23.291 MB/s
AES-192-GCM-enc     25 MB took 1.178 seconds,   21.226 MB/s
AES-192-GCM-dec     25 MB took 1.183 seconds,   21.132 MB/s
AES-256-GCM-enc     20 MB took 1.053 seconds,   18.991 MB/s
AES-256-GCM-dec     20 MB took 1.024 seconds,   19.530 MB/s
GMAC Table 4-bit    68 MB took 1.012 seconds,   67.175 MB/s
RABBIT              90 MB took 1.016 seconds,   88.580 MB/s
3DES                10 MB took 1.096 seconds,    9.124 MB/s
MD5                310 MB took 1.005 seconds,  308.355 MB/s
SHA                130 MB took 1.016 seconds,  127.893 MB/s
SHA-256             35 MB took 1.150 seconds,   30.426 MB/s
HMAC-MD5           300 MB took 1.003 seconds,  299.239 MB/s
HMAC-SHA           125 MB took 1.004 seconds,  124.563 MB/s
HMAC-SHA256         35 MB took 1.151 seconds,   30.418 MB/s
PBKDF2               4 KB took 1.007 seconds,    3.599 KB/s
RSA     2048 public       1400 ops took 1.013 sec, avg 0.724 ms, 1381.856 ops/sec
RSA     2048 private       100 ops took 3.696 sec, avg 36.965 ms, 27.053 ops/sec
DH      2048 key gen        65 ops took 1.006 sec, avg 15.482 ms, 64.592 ops/sec
DH      2048 agree         100 ops took 1.543 sec, avg 15.432 ms, 64.802 ops/sec
ECC   [      SECP256R1]   256 key gen      1428 ops took 1.000 sec, avg 0.700 ms, 1427.717 ops/sec
ECDHE [      SECP256R1]   256 agree        1000 ops took 1.065 sec, avg 1.065 ms, 938.936 ops/sec
ECDSA [      SECP256R1]   256 sign         1300 ops took 1.044 sec, avg 0.803 ms, 1244.848 ops/sec
ECDSA [      SECP256R1]   256 verify        900 ops took 1.001 sec, avg 1.112 ms, 899.068 ops/sec
Benchmark complete
[SGXSan] ALWAYS: Enter enc_wolfTLSv1_2_server_method
[SGXSan] ALWAYS: Enter enc_wolfSSL_Debugging_OFF
[SGXSan] ALWAYS: Enter enc_wolfSSL_set_fd
[SGXSan] ALWAYS: Enter enc_wolfSSL_free
[SGXSan] ALWAYS: Enter enc_wolfSSL_Init
[SGXSan] ALWAYS: Enter enc_wolfTLSv1_2_client_method
[SGXSan] ALWAYS: Enter enc_wolfSSL_CTX_use_certificate_buffer
[SGXSan] ALWAYS: Enter enc_wolfSSL_Cleanup
[SGXSan] ALWAYS: Enter enc_wolfSSL_CTX_use_certificate_chain_buffer_format
[SGXSan] ALWAYS: Enter enc_wolfSSL_CTX_set_cipher_list
[SGXSan] ALWAYS: Enter enc_wolfSSL_get_error
[SGXSan] ALWAYS: Enter enc_wolfSSL_new
[SGXSan] ALWAYS: Enter enc_wolfSSL_read
[SGXSan] ALWAYS: Enter enc_wolfSSL_connect
[SGXSan] ALWAYS: Enter enc_wolfSSL_write
[SGXSan] ALWAYS: Enter enc_wolfSSL_CTX_use_PrivateKey_buffer
[SGXSan] ALWAYS: Enter wc_test
#2	pulse  ft: 6291 exec/s: 0 rss: 50Mb
Slowest unit: 42 s:
artifact_prefix='./crashes/'; Test unit written to ./crashes/slow-unit-5fa1d546f347b0f6db953f6ba8836a58f64e6ba9
------------------------------------------------------------------------------
 wolfSSL version 5.1.0
------------------------------------------------------------------------------
error    test passed!
MEMORY   test passed!
base64   test passed!
asn      test passed!
RANDOM   test passed!
MD5      test passed!
MD4      test passed!
SHA      test passed!
SHA-256  test passed!
Hash     test passed!
HMAC-MD5 test passed!
HMAC-SHA test passed!
HMAC-SHA256 test passed!
GMAC     test passed!
HC-128   test passed!
Rabbit   test passed!
DES      test passed!
DES3     test passed!
AES      test passed!
AES192   test passed!
AES256   test passed!
AES-GCM  test passed!
RSA      test passed!
DH       test passed!
DSA      test passed!
PWDBASED test passed!
ECC      test passed!
ECC buffer test passed!
logging  test passed!
mutex    test passed!
memcb    test failed!
 error = -13803
[SGXSan] ALWAYS: Enter enc_wolfSSL_new
[SGXSan] ALWAYS: Enter wc_test
------------------------------------------------------------------------------
 wolfSSL version 5.1.0
------------------------------------------------------------------------------
error    test passed!
MEMORY   test passed!
base64   test passed!
asn      test passed!
RANDOM   test passed!
MD5      test passed!
MD4      test passed!
SHA      test passed!
SHA-256  test passed!
Hash     test passed!
HMAC-MD5 test passed!
HMAC-SHA test passed!
HMAC-SHA256 test passed!
GMAC     test passed!
HC-128   test passed!
Rabbit   test passed!
DES      test passed!
DES3     test passed!
AES      test passed!
AES192   test passed!
AES256   test passed!
AES-GCM  test passed!
RSA      test passed!
DH       test passed!
DSA      test passed!
PWDBASED test passed!
ECC      test passed!
ECC buffer test passed!
logging  test passed!
mutex    test passed!
memcb    test failed!
 error = -13803
[SGXSan] ALWAYS: Enter enc_wolfSSL_CTX_use_certificate_chain_buffer_format
[SGXSan] ALWAYS: Enter enc_wolfSSL_write
[SGXSan] ALWAYS: Enter enc_wolfSSL_get_error
[SGXSan] ALWAYS: Enter enc_wolfSSL_CTX_load_verify_buffer
[SGXSan] ALWAYS: Enter enc_wolfSSL_CTX_use_PrivateKey_buffer
[SGXSan] ALWAYS: Enter enc_wolfSSL_CTX_use_certificate_buffer
[SGXSan] ALWAYS: Enter enc_wolfTLSv1_2_server_method
[SGXSan] ALWAYS: Enter enc_wolfSSL_Debugging_ON
[SGXSan] ALWAYS: Enter enc_wolfSSL_CTX_new
[SGXSan] ALWAYS: Enter enc_wolfSSL_Cleanup
[SGXSan] ALWAYS: Enter enc_wolfSSL_connect
[SGXSan] ALWAYS: Enter wc_benchmark_test
------------------------------------------------------------------------------
 wolfSSL version 5.1.0
------------------------------------------------------------------------------
wolfCrypt Benchmark (block bytes 1048576, min 1.0 sec each)
RNG                 15 MB took 1.149 seconds,   13.050 MB/s
AES-128-CBC-enc     35 MB took 1.089 seconds,   32.136 MB/s
AES-128-CBC-dec     30 MB took 1.020 seconds,   29.421 MB/s
AES-192-CBC-enc     30 MB took 1.068 seconds,   28.095 MB/s
AES-192-CBC-dec     30 MB took 1.178 seconds,   25.457 MB/s
AES-256-CBC-enc     30 MB took 1.187 seconds,   25.272 MB/s
AES-256-CBC-dec     25 MB took 1.019 seconds,   24.542 MB/s
AES-128-GCM-enc     25 MB took 1.017 seconds,   24.584 MB/s
AES-128-GCM-dec     25 MB took 1.053 seconds,   23.739 MB/s
AES-192-GCM-enc     25 MB took 1.158 seconds,   21.589 MB/s
AES-192-GCM-dec     25 MB took 1.165 seconds,   21.453 MB/s
AES-256-GCM-enc     25 MB took 1.228 seconds,   20.365 MB/s
AES-256-GCM-dec     20 MB took 1.006 seconds,   19.875 MB/s
GMAC Table 4-bit    68 MB took 1.004 seconds,   67.742 MB/s
RABBIT              90 MB took 1.001 seconds,   89.948 MB/s
3DES                10 MB took 1.085 seconds,    9.221 MB/s
MD5                310 MB took 1.001 seconds,  309.764 MB/s
SHA                135 MB took 1.030 seconds,  131.121 MB/s
SHA-256             35 MB took 1.144 seconds,   30.589 MB/s
HMAC-MD5           300 MB took 1.007 seconds,  297.769 MB/s
HMAC-SHA           125 MB took 1.002 seconds,  124.785 MB/s
HMAC-SHA256         35 MB took 1.164 seconds,   30.061 MB/s
PBKDF2               4 KB took 1.007 seconds,    3.692 KB/s
RSA     2048 public       1400 ops took 1.039 sec, avg 0.742 ms, 1347.181 ops/sec
RSA     2048 private       100 ops took 3.732 sec, avg 37.321 ms, 26.795 ops/sec
DH      2048 key gen        64 ops took 1.014 sec, avg 15.844 ms, 63.114 ops/sec
DH      2048 agree         100 ops took 1.589 sec, avg 15.885 ms, 62.951 ops/sec
ECC   [      SECP256R1]   256 key gen      1342 ops took 1.001 sec, avg 0.746 ms, 1341.163 ops/sec
ECDHE [      SECP256R1]   256 agree        1000 ops took 1.090 sec, avg 1.090 ms, 917.140 ops/sec
ECDSA [      SECP256R1]   256 sign         1200 ops took 1.000 sec, avg 0.834 ms, 1199.731 ops/sec
ECDSA [      SECP256R1]   256 verify        900 ops took 1.066 sec, avg 1.184 ms, 844.501 ops/sec
Benchmark complete
[SGXSan] ALWAYS: Enter enc_wolfSSL_free
[SGXSan] ALWAYS: Enter enc_wolfSSL_set_fd
[SGXSan] ALWAYS: Enter enc_wolfTLSv1_2_client_method
[SGXSan] ALWAYS: Enter enc_wolfSSL_Init
[SGXSan] ALWAYS: Enter enc_wolfSSL_CTX_set_cipher_list
[SGXSan] ALWAYS: Enter enc_wolfSSL_Debugging_OFF
[SGXSan] ALWAYS: Enter enc_wolfSSL_read
[SGXSan] ALWAYS: Enter enc_wolfSSL_CTX_free
[SGXSan] ALWAYS: Enter enc_wolfSSL_CTX_load_verify_buffer
[SGXSan] ALWAYS: Enter enc_wolfSSL_Init
[SGXSan] ALWAYS: Enter enc_wolfSSL_Debugging_ON
[SGXSan] ALWAYS: Enter enc_wolfSSL_connect
[SGXSan] ALWAYS: Enter wc_test
------------------------------------------------------------------------------
 wolfSSL version 5.1.0
------------------------------------------------------------------------------
error    test passed!
MEMORY   test passed!
base64   test passed!
asn      test passed!
RANDOM   test passed!
MD5      test passed!
MD4      test passed!
SHA      test passed!
SHA-256  test passed!
Hash     test passed!
HMAC-MD5 test passed!
HMAC-SHA test passed!
HMAC-SHA256 test passed!
GMAC     test passed!
HC-128   test passed!
Rabbit   test passed!
DES      test passed!
DES3     test passed!
AES      test passed!
AES192   test passed!
AES256   test passed!
AES-GCM  test passed!
RSA      test passed!
DH       test passed!
DSA      test passed!
PWDBASED test passed!
ECC      test passed!
ECC buffer test passed!
logging  test passed!
mutex    test passed!
memcb    test failed!
 error = -13803
[SGXSan] ALWAYS: Enter enc_wolfTLSv1_2_client_method
[SGXSan] ALWAYS: Enter enc_wolfSSL_write
[SGXSan] ALWAYS: Enter enc_wolfSSL_read
[SGXSan] ALWAYS: Enter enc_wolfSSL_CTX_use_certificate_buffer
[SGXSan] ALWAYS: Enter enc_wolfSSL_Debugging_OFF
[SGXSan] ALWAYS: Enter enc_wolfSSL_CTX_set_cipher_list
[SGXSan] ALWAYS: Enter enc_wolfSSL_set_fd
[SGXSan] ALWAYS: Enter enc_wolfSSL_CTX_use_PrivateKey_buffer
[SGXSan] ALWAYS: Enter enc_wolfSSL_new
[SGXSan] ALWAYS: Enter enc_wolfSSL_Cleanup
[SGXSan] ALWAYS: Enter enc_wolfSSL_CTX_use_certificate_chain_buffer_format
[SGXSan] ALWAYS: Enter enc_wolfSSL_CTX_free
[SGXSan] ALWAYS: Enter enc_wolfTLSv1_2_server_method
[SGXSan] ALWAYS: Enter wc_benchmark_test
------------------------------------------------------------------------------
 wolfSSL version 5.1.0
------------------------------------------------------------------------------
wolfCrypt Benchmark (block bytes 1048576, min 1.0 sec each)
RNG                 15 MB took 1.152 seconds,   13.020 MB/s
AES-128-CBC-enc     35 MB took 1.087 seconds,   32.200 MB/s
AES-128-CBC-dec     30 MB took 1.055 seconds,   28.449 MB/s
AES-192-CBC-enc     30 MB took 1.093 seconds,   27.453 MB/s
AES-192-CBC-dec     30 MB took 1.167 seconds,   25.703 MB/s
AES-256-CBC-enc     25 MB took 1.003 seconds,   24.923 MB/s
AES-256-CBC-dec     25 MB took 1.067 seconds,   23.438 MB/s
AES-128-GCM-enc     25 MB took 1.068 seconds,   23.408 MB/s
AES-128-GCM-dec     25 MB took 1.081 seconds,   23.126 MB/s
AES-192-GCM-enc     25 MB took 1.197 seconds,   20.882 MB/s
AES-192-GCM-dec     25 MB took 1.202 seconds,   20.803 MB/s
AES-256-GCM-enc     20 MB took 1.059 seconds,   18.886 MB/s
AES-256-GCM-dec     20 MB took 1.039 seconds,   19.241 MB/s
GMAC Table 4-bit    68 MB took 1.012 seconds,   67.200 MB/s
RABBIT              90 MB took 1.003 seconds,   89.720 MB/s
3DES                10 MB took 1.064 seconds,    9.397 MB/s
MD5                305 MB took 1.001 seconds,  304.765 MB/s
SHA                125 MB took 1.000 seconds,  124.964 MB/s
SHA-256             35 MB took 1.162 seconds,   30.115 MB/s
HMAC-MD5           295 MB took 1.007 seconds,  293.038 MB/s
HMAC-SHA           130 MB took 1.038 seconds,  125.214 MB/s
HMAC-SHA256         35 MB took 1.148 seconds,   30.500 MB/s
PBKDF2               4 KB took 1.002 seconds,    3.679 KB/s
RSA     2048 public       1400 ops took 1.030 sec, avg 0.736 ms, 1358.607 ops/sec
RSA     2048 private       100 ops took 3.696 sec, avg 36.962 ms, 27.055 ops/sec
DH      2048 key gen        65 ops took 1.010 sec, avg 15.536 ms, 64.368 ops/sec
DH      2048 agree         100 ops took 1.542 sec, avg 15.416 ms, 64.867 ops/sec
ECC   [      SECP256R1]   256 key gen      1426 ops took 1.000 sec, avg 0.701 ms, 1425.595 ops/sec
ECDHE [      SECP256R1]   256 agree        1000 ops took 1.075 sec, avg 1.075 ms, 930.323 ops/sec
ECDSA [      SECP256R1]   256 sign         1200 ops took 1.001 sec, avg 0.834 ms, 1198.507 ops/sec
ECDSA [      SECP256R1]   256 verify        900 ops took 1.038 sec, avg 1.153 ms, 866.928 ops/sec
Benchmark complete
[SGXSan] ALWAYS: Enter enc_wolfSSL_get_error
[SGXSan] ALWAYS: Enter enc_wolfSSL_free
[SGXSan] ALWAYS: Enter enc_wolfSSL_CTX_new
#4	pulse  cov: 6292 ft: 6297 corp: 2/723Kb exec/s: 0 rss: 64Mb
[SGXSan] ALWAYS: Enter enc_wolfSSL_Init
[SGXSan] ALWAYS: Enter enc_wolfSSL_read
[SGXSan] ALWAYS: Enter enc_wolfSSL_new
[SGXSan] ALWAYS: Enter enc_wolfTLSv1_2_server_method
[SGXSan] ALWAYS: Enter enc_wolfSSL_CTX_use_certificate_buffer
[SGXSan] ALWAYS: Enter enc_wolfSSL_free
[SGXSan] ALWAYS: Enter enc_wolfSSL_Cleanup
[SGXSan] ALWAYS: Enter enc_wolfSSL_get_error
[SGXSan] ALWAYS: Enter enc_wolfSSL_Debugging_ON
[SGXSan] ALWAYS: Enter enc_wolfSSL_set_fd
[SGXSan] ALWAYS: Enter enc_wolfSSL_CTX_load_verify_buffer
[SGXSan] ALWAYS: Enter enc_wolfSSL_connect
[SGXSan] ALWAYS: Enter enc_wolfSSL_write
[SGXSan] ALWAYS: Enter enc_wolfSSL_CTX_use_certificate_chain_buffer_format
[SGXSan] ALWAYS: Enter wc_test
------------------------------------------------------------------------------
 wolfSSL version 5.1.0
------------------------------------------------------------------------------
error    test passed!
MEMORY   test passed!
base64   test passed!
asn      test passed!
RANDOM   test passed!
MD5      test passed!
MD4      test passed!
SHA      test passed!
SHA-256  test passed!
Hash     test passed!
HMAC-MD5 test passed!
HMAC-SHA test passed!
HMAC-SHA256 test passed!
GMAC     test passed!
HC-128   test passed!
Rabbit   test passed!
DES      test passed!
DES3     test passed!
AES      test passed!
AES192   test passed!
AES256   test passed!
AES-GCM  test passed!
RSA      test passed!
DH       test passed!
DSA      test passed!
PWDBASED test passed!
ECC      test passed!
ECC buffer test passed!
logging  test passed!
mutex    test passed!
memcb    test failed!
 error = -13803
[SGXSan] ALWAYS: Enter enc_wolfSSL_Debugging_OFF
[SGXSan] ALWAYS: Enter enc_wolfSSL_CTX_free
[SGXSan] ALWAYS: Enter wc_benchmark_test
------------------------------------------------------------------------------
 wolfSSL version 5.1.0
------------------------------------------------------------------------------
wolfCrypt Benchmark (block bytes 1048576, min 1.0 sec each)
RNG                 15 MB took 1.131 seconds,   13.262 MB/s
AES-128-CBC-enc     35 MB took 1.046 seconds,   33.456 MB/s
AES-128-CBC-dec     35 MB took 1.155 seconds,   30.308 MB/s
AES-192-CBC-enc     30 MB took 1.047 seconds,   28.665 MB/s
AES-192-CBC-dec     30 MB took 1.155 seconds,   25.980 MB/s
AES-256-CBC-enc     30 MB took 1.194 seconds,   25.134 MB/s
AES-256-CBC-dec     25 MB took 1.071 seconds,   23.353 MB/s
AES-128-GCM-enc     25 MB took 1.083 seconds,   23.093 MB/s
AES-128-GCM-dec     25 MB took 1.071 seconds,   23.351 MB/s
AES-192-GCM-enc     25 MB took 1.183 seconds,   21.132 MB/s
AES-192-GCM-dec     25 MB took 1.164 seconds,   21.479 MB/s
AES-256-GCM-enc     20 MB took 1.037 seconds,   19.280 MB/s
AES-256-GCM-dec     20 MB took 1.047 seconds,   19.103 MB/s
GMAC Table 4-bit    67 MB took 1.003 seconds,   66.791 MB/s
RABBIT              90 MB took 1.022 seconds,   88.029 MB/s
3DES                10 MB took 1.125 seconds,    8.891 MB/s
MD5                300 MB took 1.014 seconds,  295.769 MB/s
SHA                130 MB took 1.031 seconds,  126.070 MB/s
SHA-256             35 MB took 1.115 seconds,   31.392 MB/s
HMAC-MD5           315 MB took 1.011 seconds,  311.460 MB/s
HMAC-SHA           130 MB took 1.030 seconds,  126.268 MB/s
HMAC-SHA256         35 MB took 1.134 seconds,   30.858 MB/s
PBKDF2               4 KB took 1.004 seconds,    3.737 KB/s
RSA     2048 public        900 ops took 1.053 sec, avg 1.170 ms, 855.044 ops/sec
RSA     2048 private       100 ops took 3.737 sec, avg 37.374 ms, 26.756 ops/sec
DH      2048 key gen        64 ops took 1.005 sec, avg 15.702 ms, 63.687 ops/sec
DH      2048 agree         100 ops took 1.578 sec, avg 15.785 ms, 63.352 ops/sec
ECC   [      SECP256R1]   256 key gen      1379 ops took 1.000 sec, avg 0.725 ms, 1378.460 ops/sec
ECDHE [      SECP256R1]   256 agree        1000 ops took 1.059 sec, avg 1.059 ms, 944.071 ops/sec
ECDSA [      SECP256R1]   256 sign         1300 ops took 1.078 sec, avg 0.830 ms, 1205.467 ops/sec
ECDSA [      SECP256R1]   256 verify        900 ops took 1.045 sec, avg 1.161 ms, 861.348 ops/sec
Benchmark complete
[SGXSan] ALWAYS: Enter enc_wolfSSL_CTX_set_cipher_list
[SGXSan] ALWAYS: Enter enc_wolfSSL_CTX_new
[SGXSan] ALWAYS: Enter enc_wolfTLSv1_2_client_method
[SGXSan] ALWAYS: Enter enc_wolfSSL_CTX_use_PrivateKey_buffer
[SGXSan] ALWAYS: Enter wc_test
------------------------------------------------------------------------------
 wolfSSL version 5.1.0
------------------------------------------------------------------------------
error    test passed!
MEMORY   test passed!
base64   test passed!
asn      test passed!
RANDOM   test passed!
MD5      test passed!
MD4      test passed!
SHA      test passed!
SHA-256  test passed!
Hash     test passed!
HMAC-MD5 test passed!
HMAC-SHA test passed!
HMAC-SHA256 test passed!
GMAC     test passed!
HC-128   test passed!
Rabbit   test passed!
DES      test passed!
DES3     test passed!
AES      test passed!
AES192   test passed!
AES256   test passed!
AES-GCM  test passed!
RSA      test passed!
DH       test passed!
DSA      test passed!
PWDBASED test passed!
ECC      test passed!
ECC buffer test passed!
logging  test passed!
mutex    test passed!
memcb    test failed!
 error = -13803
[SGXSan] ALWAYS: Enter enc_wolfTLSv1_2_client_method
[SGXSan] ALWAYS: Enter enc_wolfSSL_CTX_set_cipher_list
[SGXSan] ALWAYS: Enter enc_wolfSSL_get_error
[SGXSan] ALWAYS: Enter enc_wolfSSL_Init
[SGXSan] ALWAYS: Enter enc_wolfSSL_CTX_load_verify_buffer
[SGXSan] ALWAYS: Enter enc_wolfSSL_free
[SGXSan] ALWAYS: Enter enc_wolfSSL_CTX_use_certificate_chain_buffer_format
[SGXSan] ALWAYS: Enter enc_wolfSSL_set_fd
[SGXSan] ALWAYS: Enter enc_wolfSSL_new
[SGXSan] ALWAYS: Enter enc_wolfSSL_Debugging_ON
[SGXSan] ALWAYS: Enter enc_wolfSSL_Debugging_OFF
[SGXSan] ALWAYS: Enter enc_wolfSSL_CTX_use_certificate_buffer
[SGXSan] ALWAYS: Enter enc_wolfTLSv1_2_server_method
[SGXSan] ALWAYS: Enter enc_wolfSSL_read
[SGXSan] ALWAYS: Enter enc_wolfSSL_connect
[SGXSan] ALWAYS: Enter enc_wolfSSL_write
[SGXSan] ALWAYS: Enter enc_wolfSSL_CTX_new
[SGXSan] ALWAYS: Enter enc_wolfSSL_CTX_free
[SGXSan] ALWAYS: Enter enc_wolfSSL_CTX_use_PrivateKey_buffer
[SGXSan] ALWAYS: Enter enc_wolfSSL_Cleanup
[SGXSan] ALWAYS: Enter wc_benchmark_test
#6	INITED cov: 6292 ft: 6297 corp: 2/723Kb exec/s: 0 rss: 76Mb
------------------------------------------------------------------------------
 wolfSSL version 5.1.0
------------------------------------------------------------------------------
wolfCrypt Benchmark (block bytes 1048576, min 1.0 sec each)
RNG                 15 MB took 1.145 seconds,   13.095 MB/s
AES-128-CBC-enc     35 MB took 1.087 seconds,   32.196 MB/s
AES-128-CBC-dec     35 MB took 1.142 seconds,   30.657 MB/s
AES-192-CBC-enc     30 MB took 1.044 seconds,   28.732 MB/s
AES-192-CBC-dec     30 MB took 1.098 seconds,   27.325 MB/s
AES-256-CBC-enc     30 MB took 1.187 seconds,   25.276 MB/s
AES-256-CBC-dec     25 MB took 1.074 seconds,   23.273 MB/s
AES-128-GCM-enc     25 MB took 1.058 seconds,   23.624 MB/s
AES-128-GCM-dec     25 MB took 1.069 seconds,   23.391 MB/s
AES-192-GCM-enc     25 MB took 1.210 seconds,   20.661 MB/s
AES-192-GCM-dec     25 MB took 1.197 seconds,   20.891 MB/s
AES-256-GCM-enc     20 MB took 1.056 seconds,   18.945 MB/s
AES-256-GCM-dec     20 MB took 1.025 seconds,   19.520 MB/s
GMAC Table 4-bit    69 MB took 1.008 seconds,   68.426 MB/s
RABBIT              95 MB took 1.041 seconds,   91.235 MB/s
3DES                10 MB took 1.102 seconds,    9.072 MB/s
MD5                300 MB took 1.013 seconds,  296.137 MB/s
SHA                125 MB took 1.016 seconds,  123.050 MB/s
SHA-256             35 MB took 1.158 seconds,   30.213 MB/s
HMAC-MD5           295 MB took 1.002 seconds,  294.374 MB/s
HMAC-SHA           130 MB took 1.031 seconds,  126.086 MB/s
HMAC-SHA256         35 MB took 1.158 seconds,   30.229 MB/s
PBKDF2               4 KB took 1.007 seconds,    3.691 KB/s
RSA     2048 public       1400 ops took 1.001 sec, avg 0.715 ms, 1398.432 ops/sec
RSA     2048 private       100 ops took 3.765 sec, avg 37.651 ms, 26.560 ops/sec
DH      2048 key gen        64 ops took 1.014 sec, avg 15.849 ms, 63.096 ops/sec
DH      2048 agree         100 ops took 1.586 sec, avg 15.859 ms, 63.056 ops/sec
ECC   [      SECP256R1]   256 key gen      1388 ops took 1.000 sec, avg 0.721 ms, 1387.650 ops/sec
ECDHE [      SECP256R1]   256 agree         900 ops took 1.001 sec, avg 1.112 ms, 899.244 ops/sec
ECDSA [      SECP256R1]   256 sign         1200 ops took 1.003 sec, avg 0.836 ms, 1196.087 ops/sec
ECDSA [      SECP256R1]   256 verify        900 ops took 1.028 sec, avg 1.142 ms, 875.854 ops/sec
Benchmark complete
[SGXSan] ALWAYS: Enter enc_wolfTLSv1_2_server_method
[SGXSan] ALWAYS: Enter wc_benchmark_test
------------------------------------------------------------------------------
 wolfSSL version 5.1.0
------------------------------------------------------------------------------
wolfCrypt Benchmark (block bytes 1048576, min 1.0 sec each)
RNG                 15 MB took 1.134 seconds,   13.223 MB/s
AES-128-CBC-enc     35 MB took 1.051 seconds,   33.300 MB/s
AES-128-CBC-dec     35 MB took 1.141 seconds,   30.687 MB/s
AES-192-CBC-enc     30 MB took 1.084 seconds,   27.667 MB/s
AES-192-CBC-dec     30 MB took 1.152 seconds,   26.037 MB/s
AES-256-CBC-enc     30 MB took 1.196 seconds,   25.074 MB/s
AES-256-CBC-dec     20 MB took 1.350 seconds,   14.812 MB/s
AES-128-GCM-enc     15 MB took 1.113 seconds,   13.475 MB/s
AES-128-GCM-dec     15 MB took 1.101 seconds,   13.629 MB/s
AES-192-GCM-enc     15 MB took 1.255 seconds,   11.950 MB/s
AES-192-GCM-dec     15 MB took 1.247 seconds,   12.034 MB/s
AES-256-GCM-enc     15 MB took 1.349 seconds,   11.118 MB/s
AES-256-GCM-dec     15 MB took 1.345 seconds,   11.152 MB/s
GMAC Table 4-bit    44 MB took 1.016 seconds,   43.312 MB/s
RABBIT              50 MB took 1.011 seconds,   49.478 MB/s
3DES                10 MB took 1.850 seconds,    5.406 MB/s
MD5                200 MB took 1.003 seconds,  199.392 MB/s
SHA                 75 MB took 1.023 seconds,   73.298 MB/s
SHA-256             20 MB took 1.093 seconds,   18.290 MB/s
HMAC-MD5           200 MB took 1.009 seconds,  198.161 MB/s
HMAC-SHA            75 MB took 1.028 seconds,   72.944 MB/s
HMAC-SHA256         20 MB took 1.101 seconds,   18.163 MB/s
PBKDF2               3 KB took 1.003 seconds,    3.334 KB/s
RSA     2048 public       1500 ops took 1.065 sec, avg 0.710 ms, 1407.922 ops/sec
RSA     2048 private       100 ops took 3.705 sec, avg 37.052 ms, 26.989 ops/sec
DH      2048 key gen        66 ops took 1.015 sec, avg 15.371 ms, 65.056 ops/sec
DH      2048 agree         100 ops took 1.552 sec, avg 15.522 ms, 64.423 ops/sec
ECC   [      SECP256R1]   256 key gen      1369 ops took 1.001 sec, avg 0.731 ms, 1368.051 ops/sec
ECDHE [      SECP256R1]   256 agree         900 ops took 1.014 sec, avg 1.126 ms, 887.906 ops/sec
ECDSA [      SECP256R1]   256 sign         1200 ops took 1.033 sec, avg 0.861 ms, 1162.014 ops/sec
ECDSA [      SECP256R1]   256 verify        900 ops took 1.068 sec, avg 1.186 ms, 842.978 ops/sec
Benchmark complete
[SGXSan] ALWAYS: Enter enc_wolfSSL_CTX_use_PrivateKey_buffer
[SGXSan] ALWAYS: Enter enc_wolfSSL_CTX_free
[SGXSan] ALWAYS: Enter enc_wolfSSL_CTX_load_verify_buffer
[SGXSan] ALWAYS: Enter enc_wolfSSL_Cleanup
[SGXSan] ALWAYS: Enter enc_wolfSSL_set_fd
[SGXSan] ALWAYS: Enter enc_wolfSSL_connect
[SGXSan] ALWAYS: Enter enc_wolfSSL_new
[SGXSan] ALWAYS: Enter enc_wolfSSL_CTX_use_certificate_buffer
[SGXSan] ALWAYS: Enter enc_wolfTLSv1_2_client_method
[SGXSan] ALWAYS: Enter enc_wolfSSL_Init
[SGXSan] ALWAYS: Enter enc_wolfSSL_write
[SGXSan] ALWAYS: Enter enc_wolfSSL_CTX_use_certificate_chain_buffer_format
[SGXSan] ALWAYS: Enter enc_wolfSSL_CTX_set_cipher_list
[SGXSan] ALWAYS: Enter enc_wolfSSL_CTX_new
[SGXSan] ALWAYS: Enter wc_test
------------------------------------------------------------------------------
 wolfSSL version 5.1.0
------------------------------------------------------------------------------
error    test passed!
MEMORY   test passed!
base64   test passed!
asn      test passed!
RANDOM   test passed!
MD5      test passed!
MD4      test passed!
SHA      test passed!
SHA-256  test passed!
Hash     test passed!
HMAC-MD5 test passed!
HMAC-SHA test passed!
HMAC-SHA256 test passed!
GMAC     test passed!
HC-128   test passed!
Rabbit   test passed!
DES      test passed!
DES3     test passed!
AES      test passed!
AES192   test passed!
AES256   test passed!
AES-GCM  test passed!
RSA      test passed!
DH       test passed!
DSA      test passed!
PWDBASED test passed!
ECC      test passed!
ECC buffer test passed!
logging  test passed!
mutex    test passed!
memcb    test failed!
 error = -13803
[SGXSan] ALWAYS: Enter enc_wolfSSL_free
[SGXSan] ALWAYS: Enter enc_wolfSSL_Debugging_ON
[SGXSan] ALWAYS: Enter enc_wolfSSL_read
[SGXSan] ALWAYS: Enter enc_wolfSSL_Debugging_OFF
[SGXSan] ALWAYS: Enter enc_wolfSSL_get_error
#7	NEW    cov: 6292 ft: 6302 corp: 3/1104Kb lim: 1000000 exec/s: 0 rss: 82Mb L: 390122/390122 MS: 2 ShuffleBytes-Custom-
[SGXSan] ALWAYS: Enter enc_wolfTLSv1_2_server_method
[SGXSan] ALWAYS: Enter wc_benchmark_test
------------------------------------------------------------------------------
 wolfSSL version 5.1.0
------------------------------------------------------------------------------
wolfCrypt Benchmark (block bytes 1048576, min 1.0 sec each)
RNG                 15 MB took 1.300 seconds,   11.540 MB/s
AES-128-CBC-enc     35 MB took 1.056 seconds,   33.154 MB/s
AES-128-CBC-dec     35 MB took 1.156 seconds,   30.289 MB/s
AES-192-CBC-enc     30 MB took 1.044 seconds,   28.734 MB/s
AES-192-CBC-dec     30 MB took 1.141 seconds,   26.290 MB/s
AES-256-CBC-enc     25 MB took 1.001 seconds,   24.973 MB/s
AES-256-CBC-dec     25 MB took 1.040 seconds,   24.045 MB/s
AES-128-GCM-enc     25 MB took 1.049 seconds,   23.838 MB/s
AES-128-GCM-dec     25 MB took 1.034 seconds,   24.170 MB/s
AES-192-GCM-enc     25 MB took 1.154 seconds,   21.657 MB/s
AES-192-GCM-dec     25 MB took 1.173 seconds,   21.321 MB/s
AES-256-GCM-enc     20 MB took 1.025 seconds,   19.520 MB/s
AES-256-GCM-dec     20 MB took 1.017 seconds,   19.663 MB/s
GMAC Table 4-bit    68 MB took 1.007 seconds,   67.544 MB/s
RABBIT              95 MB took 1.037 seconds,   91.639 MB/s
3DES                10 MB took 1.094 seconds,    9.139 MB/s
MD5                310 MB took 1.015 seconds,  305.465 MB/s
SHA                130 MB took 1.020 seconds,  127.423 MB/s
SHA-256             35 MB took 1.131 seconds,   30.935 MB/s
HMAC-MD5           305 MB took 1.008 seconds,  302.620 MB/s
HMAC-SHA           130 MB took 1.031 seconds,  126.032 MB/s
HMAC-SHA256         35 MB took 1.120 seconds,   31.245 MB/s
PBKDF2               4 KB took 1.000 seconds,    3.780 KB/s
RSA     2048 public       1500 ops took 1.065 sec, avg 0.710 ms, 1408.936 ops/sec
RSA     2048 private       100 ops took 3.607 sec, avg 36.073 ms, 27.722 ops/sec
DH      2048 key gen        64 ops took 1.010 sec, avg 15.777 ms, 63.382 ops/sec
DH      2048 agree         100 ops took 1.549 sec, avg 15.492 ms, 64.551 ops/sec
ECC   [      SECP256R1]   256 key gen      1396 ops took 1.000 sec, avg 0.716 ms, 1395.826 ops/sec
ECDHE [      SECP256R1]   256 agree        1000 ops took 1.071 sec, avg 1.071 ms, 934.091 ops/sec
ECDSA [      SECP256R1]   256 sign         1300 ops took 1.080 sec, avg 0.831 ms, 1203.227 ops/sec
ECDSA [      SECP256R1]   256 verify        900 ops took 1.027 sec, avg 1.141 ms, 876.108 ops/sec
Benchmark complete
[SGXSan] ALWAYS: Enter enc_wolfSSL_CTX_use_PrivateKey_buffer
[SGXSan] ALWAYS: Enter enc_wolfSSL_CTX_free
[SGXSan] ALWAYS: Enter enc_wolfSSL_CTX_load_verify_buffer
[SGXSan] ALWAYS: Enter enc_wolfSSL_Cleanup
[SGXSan] ALWAYS: Enter enc_wolfSSL_set_fd
[SGXSan] ALWAYS: Enter enc_wolfSSL_connect
[SGXSan] ALWAYS: Enter enc_wolfSSL_new
[SGXSan] ALWAYS: Enter enc_wolfSSL_CTX_use_certificate_buffer
[SGXSan] ALWAYS: Enter enc_wolfTLSv1_2_client_method
[SGXSan] ALWAYS: Enter enc_wolfSSL_Init
[SGXSan] ALWAYS: Enter enc_wolfSSL_write
[SGXSan] ALWAYS: Enter enc_wolfSSL_CTX_use_certificate_chain_buffer_format
[SGXSan] ALWAYS: Enter enc_wolfSSL_CTX_set_cipher_list
[SGXSan] ALWAYS: Enter enc_wolfSSL_CTX_new
[SGXSan] ALWAYS: Enter wc_test
------------------------------------------------------------------------------
 wolfSSL version 5.1.0
------------------------------------------------------------------------------
error    test passed!
MEMORY   test passed!
base64   test passed!
asn      test passed!
RANDOM   test passed!
MD5      test passed!
MD4      test passed!
SHA      test passed!
SHA-256  test passed!
Hash     test passed!
HMAC-MD5 test passed!
HMAC-SHA test passed!
HMAC-SHA256 test passed!
GMAC     test passed!
HC-128   test passed!
Rabbit   test passed!
DES      test passed!
DES3     test passed!
AES      test passed!
AES192   test passed!
AES256   test passed!
AES-GCM  test passed!
RSA      test passed!
DH       test passed!
DSA      test passed!
PWDBASED test passed!
ECC      test passed!
ECC buffer test passed!
logging  test passed!
mutex    test passed!
memcb    test failed!
 error = -13803
[SGXSan] ALWAYS: Enter enc_wolfSSL_free
[SGXSan] ALWAYS: Enter enc_wolfSSL_Debugging_ON
[SGXSan] ALWAYS: Enter enc_wolfSSL_read
[SGXSan] ALWAYS: Enter enc_wolfSSL_Debugging_OFF
[SGXSan] ALWAYS: Enter enc_wolfSSL_get_error
#8	pulse  cov: 6292 ft: 6302 corp: 3/1104Kb lim: 1000000 exec/s: 0 rss: 88Mb
[SGXSan] ALWAYS: Enter enc_wolfTLSv1_2_server_method
[SGXSan] ALWAYS: Enter wc_benchmark_test
------------------------------------------------------------------------------
 wolfSSL version 5.1.0
------------------------------------------------------------------------------
wolfCrypt Benchmark (block bytes 1048576, min 1.0 sec each)
RNG                 15 MB took 1.152 seconds,   13.023 MB/s
AES-128-CBC-enc     35 MB took 1.077 seconds,   32.492 MB/s
AES-128-CBC-dec     30 MB took 1.023 seconds,   29.328 MB/s
AES-192-CBC-enc     30 MB took 1.084 seconds,   27.663 MB/s
AES-192-CBC-dec     30 MB took 1.122 seconds,   26.735 MB/s
AES-256-CBC-enc     30 MB took 1.187 seconds,   25.275 MB/s
AES-256-CBC-dec     25 MB took 1.053 seconds,   23.737 MB/s
AES-128-GCM-enc     25 MB took 1.064 seconds,   23.503 MB/s
AES-128-GCM-dec     25 MB took 1.066 seconds,   23.457 MB/s
AES-192-GCM-enc     25 MB took 1.200 seconds,   20.837 MB/s
AES-192-GCM-dec     25 MB took 1.201 seconds,   20.816 MB/s
AES-256-GCM-enc     20 MB took 1.045 seconds,   19.140 MB/s
AES-256-GCM-dec     20 MB took 1.020 seconds,   19.610 MB/s
GMAC Table 4-bit    68 MB took 1.003 seconds,   67.786 MB/s
RABBIT              95 MB took 1.053 seconds,   90.218 MB/s
3DES                10 MB took 1.085 seconds,    9.218 MB/s
MD5                305 MB took 1.016 seconds,  300.100 MB/s
SHA                130 MB took 1.013 seconds,  128.360 MB/s
SHA-256             35 MB took 1.130 seconds,   30.972 MB/s
HMAC-MD5           305 MB took 1.001 seconds,  304.827 MB/s
HMAC-SHA           130 MB took 1.006 seconds,  129.272 MB/s
HMAC-SHA256         35 MB took 1.162 seconds,   30.131 MB/s
PBKDF2               4 KB took 1.007 seconds,    3.692 KB/s
RSA     2048 public       1400 ops took 1.035 sec, avg 0.739 ms, 1352.316 ops/sec
RSA     2048 private       100 ops took 3.777 sec, avg 37.768 ms, 26.478 ops/sec
DH      2048 key gen        64 ops took 1.008 sec, avg 15.744 ms, 63.518 ops/sec
DH      2048 agree         100 ops took 1.539 sec, avg 15.387 ms, 64.991 ops/sec
ECC   [      SECP256R1]   256 key gen      1432 ops took 1.001 sec, avg 0.699 ms, 1431.186 ops/sec
ECDHE [      SECP256R1]   256 agree        1000 ops took 1.086 sec, avg 1.086 ms, 920.466 ops/sec
ECDSA [      SECP256R1]   256 sign         1200 ops took 1.022 sec, avg 0.852 ms, 1174.324 ops/sec
ECDSA [      SECP256R1]   256 verify        900 ops took 1.060 sec, avg 1.177 ms, 849.455 ops/sec
Benchmark complete
[SGXSan] ALWAYS: Enter enc_wolfSSL_CTX_use_PrivateKey_buffer
[SGXSan] ALWAYS: Enter enc_wolfSSL_CTX_free
[SGXSan] ALWAYS: Enter enc_wolfSSL_CTX_load_verify_buffer
[SGXSan] ALWAYS: Enter enc_wolfSSL_Cleanup
[SGXSan] ALWAYS: Enter enc_wolfSSL_set_fd
[SGXSan] ALWAYS: Enter enc_wolfSSL_connect
[SGXSan] ALWAYS: Enter enc_wolfSSL_new
[SGXSan] ALWAYS: Enter enc_wolfSSL_CTX_use_certificate_buffer
[SGXSan] ALWAYS: Enter enc_wolfTLSv1_2_client_method
[SGXSan] ALWAYS: Enter enc_wolfSSL_Init
[SGXSan] ALWAYS: Enter enc_wolfSSL_write
[SGXSan] ALWAYS: Enter enc_wolfSSL_CTX_use_certificate_chain_buffer_format
[SGXSan] ALWAYS: Enter enc_wolfSSL_CTX_set_cipher_list
[SGXSan] ALWAYS: Enter enc_wolfSSL_CTX_new
[SGXSan] ALWAYS: Enter wc_test
------------------------------------------------------------------------------
 wolfSSL version 5.1.0
------------------------------------------------------------------------------
error    test passed!
MEMORY   test passed!
base64   test passed!
asn      test passed!
RANDOM   test passed!
MD5      test passed!
MD4      test passed!
SHA      test passed!
SHA-256  test passed!
Hash     test passed!
HMAC-MD5 test passed!
HMAC-SHA test passed!
HMAC-SHA256 test passed!
GMAC     test passed!
HC-128   test passed!
Rabbit   test passed!
DES      test passed!
DES3     test passed!
AES      test passed!
AES192   test passed!
AES256   test passed!
AES-GCM  test passed!
RSA      test passed!
DH       test passed!
DSA      test passed!
PWDBASED test passed!
ECC      test passed!
ECC buffer test passed!
logging  test passed!
mutex    test passed!
memcb    test failed!
 error = -13803
[SGXSan] ALWAYS: Enter enc_wolfSSL_free
[SGXSan] ALWAYS: Enter enc_wolfSSL_Debugging_ON
[SGXSan] ALWAYS: Enter enc_wolfSSL_read
[SGXSan] ALWAYS: Enter enc_wolfSSL_Debugging_OFF
[SGXSan] ALWAYS: Enter enc_wolfSSL_get_error
#9	NEW    cov: 6292 ft: 6307 corp: 4/1484Kb lim: 1000000 exec/s: 0 rss: 94Mb L: 390122/390122 MS: 4 ChangeBit-Custom-CrossOver-Custom-
#9	DONE   cov: 6292 ft: 6307 corp: 4/1484Kb lim: 1000000 exec/s: 0 rss: 94Mb
Done 9 runs in 382 second(s)
stat::number_of_executed_units: 9
stat::average_exec_per_sec:     0
stat::new_units_added:          2
stat::slowest_unit_time_sec:    42
stat::peak_rss_mb:              94
