WARNING: Failed to find function "__sanitizer_acquire_crash_state".
WARNING: Failed to find function "__sanitizer_print_stack_trace".
WARNING: Failed to find function "__sanitizer_set_death_callback".
[CEnclavePool /home/leone/Documents/linux-sgx/psw/urts/enclave.cpp:638] enter CEnclavePool constructor
[2023-01-15 23:15:05.483] [Init] Num of ECall: 22
[2023-01-15 23:15:05.483] ECalls:
  0 - fuzz_enc_wolfSSL_CTX_free
  1 - fuzz_enc_wolfSSL_CTX_load_verify_buffer
  2 - fuzz_enc_wolfSSL_CTX_new
  3 - fuzz_enc_wolfSSL_CTX_set_cipher_list
  4 - fuzz_enc_wolfSSL_CTX_use_PrivateKey_buffer
  5 - fuzz_enc_wolfSSL_CTX_use_certificate_buffer
  6 - fuzz_enc_wolfSSL_CTX_use_certificate_chain_buffer_format
  7 - fuzz_enc_wolfSSL_Cleanup
  8 - fuzz_enc_wolfSSL_Debugging_OFF
  9 - fuzz_enc_wolfSSL_Debugging_ON
  10 - fuzz_enc_wolfSSL_Init
  11 - fuzz_enc_wolfSSL_connect
  12 - fuzz_enc_wolfSSL_free
  13 - fuzz_enc_wolfSSL_get_error
  14 - fuzz_enc_wolfSSL_new
  15 - fuzz_enc_wolfSSL_read
  16 - fuzz_enc_wolfSSL_set_fd
  17 - fuzz_enc_wolfSSL_write
  18 - fuzz_enc_wolfTLSv1_2_client_method
  19 - fuzz_enc_wolfTLSv1_2_server_method
  20 - fuzz_wc_benchmark_test
  21 - fuzz_wc_test

INFO: found LLVMFuzzerCustomMutator (0x44ac30). Disabling -len_control by default.
INFO: libFuzzer ignores flags that start with '--'
INFO: Running with entropic power schedule (0xFF, 100).
INFO: Seed: 1945867035
INFO: Loaded 1 modules   (291 inline 8-bit counters): 291 [0x4cb7e8, 0x4cb90b), 
INFO: Loaded 1 PC tables (291 PCs): 291 [0x4cb910,0x4ccb40), 
INFO:        0 files found in /tmp/libFuzzerTemp.FuzzWithFork422940.dir/C312
[SGXSan] ALWAYS: Hook __sanitizer_cov_8bit_counters_init of Enclave, 21636 inline 8-bit counts [0x7ff238f829c0, 0x7ff238f87e44) (First time)
[SGXSan] ALWAYS: Hook __sanitizer_cov_pcs_init of Enclave, 21636 PCs [0x7ff238f87e48, 0x7ff238fdc688) (First time)
[SGXSan] ALWAYS: Enter enc_wolfSSL_CTX_free
[SGXSan] ALWAYS: Enter enc_wolfSSL_CTX_load_verify_buffer
[SGXSan] ALWAYS: Enter enc_wolfSSL_CTX_new
[SGXSan] ALWAYS: Enter enc_wolfSSL_CTX_set_cipher_list
[SGXSan] ALWAYS: Enter enc_wolfSSL_CTX_use_PrivateKey_buffer
[SGXSan] ALWAYS: Enter enc_wolfSSL_CTX_use_certificate_buffer
[SGXSan] ALWAYS: Enter enc_wolfSSL_CTX_use_certificate_chain_buffer_format
[SGXSan] ALWAYS: Enter enc_wolfSSL_Cleanup
[SGXSan] ALWAYS: Enter enc_wolfSSL_Debugging_OFF
[SGXSan] ALWAYS: Enter enc_wolfSSL_Debugging_ON
[SGXSan] ALWAYS: Enter enc_wolfSSL_Init
[SGXSan] ALWAYS: Enter enc_wolfSSL_connect
[SGXSan] ALWAYS: Enter enc_wolfSSL_free
[SGXSan] ALWAYS: Enter enc_wolfSSL_get_error
[SGXSan] ALWAYS: Enter enc_wolfSSL_new
[SGXSan] ALWAYS: Enter enc_wolfSSL_read
[SGXSan] ALWAYS: Enter enc_wolfSSL_set_fd
[SGXSan] ALWAYS: Enter enc_wolfSSL_write
[SGXSan] ALWAYS: Enter enc_wolfTLSv1_2_client_method
[SGXSan] ALWAYS: Enter enc_wolfTLSv1_2_server_method
[SGXSan] ALWAYS: Enter wc_benchmark_test
------------------------------------------------------------------------------
 wolfSSL version 5.1.0
------------------------------------------------------------------------------
wolfCrypt Benchmark (block bytes 1048576, min 1.0 sec each)
RNG                 15 MB took 1.148 seconds,   13.065 MB/s
AES-128-CBC-enc     35 MB took 1.081 seconds,   32.379 MB/s
AES-128-CBC-dec     35 MB took 1.150 seconds,   30.445 MB/s
AES-192-CBC-enc     30 MB took 1.054 seconds,   28.465 MB/s
AES-192-CBC-dec     30 MB took 1.137 seconds,   26.384 MB/s
AES-256-CBC-enc     30 MB took 1.201 seconds,   24.981 MB/s
AES-256-CBC-dec     25 MB took 1.075 seconds,   23.261 MB/s
AES-128-GCM-enc     25 MB took 1.075 seconds,   23.263 MB/s
AES-128-GCM-dec     25 MB took 1.083 seconds,   23.089 MB/s
AES-192-GCM-enc     25 MB took 1.198 seconds,   20.875 MB/s
AES-192-GCM-dec     25 MB took 1.189 seconds,   21.021 MB/s
AES-256-GCM-enc     20 MB took 1.051 seconds,   19.036 MB/s
AES-256-GCM-dec     20 MB took 1.027 seconds,   19.466 MB/s
GMAC Table 4-bit    68 MB took 1.013 seconds,   67.108 MB/s
RABBIT              90 MB took 1.017 seconds,   88.473 MB/s
3DES                10 MB took 1.113 seconds,    8.986 MB/s
MD5                300 MB took 1.015 seconds,  295.504 MB/s
SHA                125 MB took 1.005 seconds,  124.348 MB/s
SHA-256             35 MB took 1.161 seconds,   30.156 MB/s
HMAC-MD5           300 MB took 1.016 seconds,  295.362 MB/s
HMAC-SHA           130 MB took 1.010 seconds,  128.765 MB/s
HMAC-SHA256         35 MB took 1.132 seconds,   30.925 MB/s
PBKDF2               4 KB took 1.002 seconds,    3.775 KB/s
RSA     2048 public       1400 ops took 1.011 sec, avg 0.722 ms, 1385.350 ops/sec
RSA     2048 private       100 ops took 3.779 sec, avg 37.792 ms, 26.460 ops/sec
DH      2048 key gen        63 ops took 1.005 sec, avg 15.954 ms, 62.679 ops/sec
DH      2048 agree         100 ops took 1.599 sec, avg 15.988 ms, 62.548 ops/sec
ECC   [      SECP256R1]   256 key gen      1360 ops took 1.001 sec, avg 0.736 ms, 1359.225 ops/sec
ECDHE [      SECP256R1]   256 agree         900 ops took 1.001 sec, avg 1.113 ms, 898.867 ops/sec
ECDSA [      SECP256R1]   256 sign         1200 ops took 1.024 sec, avg 0.853 ms, 1172.208 ops/sec
ECDSA [      SECP256R1]   256 verify        900 ops took 1.056 sec, avg 1.173 ms, 852.161 ops/sec
Benchmark complete
[SGXSan] ALWAYS: Enter wc_test
INFO: seed corpus: files: 5 min: 370191b max: 390122b total: 1890817b rss: 43Mb
------------------------------------------------------------------------------
 wolfSSL version 5.1.0
------------------------------------------------------------------------------
error    test passed!
MEMORY   test passed!
base64   test passed!
asn      test passed!
RANDOM   test passed!
MD5      test passed!
MD4      test passed!
SHA      test passed!
SHA-256  test passed!
Hash     test passed!
HMAC-MD5 test passed!
HMAC-SHA test passed!
HMAC-SHA256 test passed!
GMAC     test passed!
HC-128   test passed!
Rabbit   test passed!
DES      test passed!
DES3     test passed!
AES      test passed!
AES192   test passed!
AES256   test passed!
AES-GCM  test passed!
RSA      test passed!
DH       test passed!
DSA      test passed!
PWDBASED test passed!
ECC      test passed!
ECC buffer test passed!
logging  test passed!
mutex    test passed!
memcb    test passed!
Test complete
[SGXSan] ALWAYS: Enter enc_wolfTLSv1_2_server_method
[SGXSan] ALWAYS: Enter enc_wolfSSL_Debugging_ON
[SGXSan] ALWAYS: Enter enc_wolfSSL_CTX_use_PrivateKey_buffer
[SGXSan] ALWAYS: Enter enc_wolfSSL_new
[SGXSan] ALWAYS: Enter enc_wolfSSL_CTX_free
[SGXSan] ALWAYS: Enter enc_wolfSSL_get_error
[SGXSan] ALWAYS: Enter enc_wolfSSL_Debugging_OFF
[SGXSan] ALWAYS: Enter enc_wolfSSL_CTX_load_verify_buffer
[SGXSan] ALWAYS: Enter enc_wolfSSL_CTX_use_certificate_chain_buffer_format
[SGXSan] ALWAYS: Enter enc_wolfSSL_CTX_use_certificate_buffer
[SGXSan] ALWAYS: Enter wc_test
------------------------------------------------------------------------------
 wolfSSL version 5.1.0
------------------------------------------------------------------------------
error    test passed!
MEMORY   test passed!
base64   test passed!
asn      test passed!
RANDOM   test passed!
MD5      test passed!
MD4      test passed!
SHA      test passed!
SHA-256  test passed!
Hash     test passed!
HMAC-MD5 test passed!
HMAC-SHA test passed!
HMAC-SHA256 test passed!
GMAC     test passed!
HC-128   test passed!
Rabbit   test passed!
DES      test passed!
DES3     test passed!
AES      test passed!
AES192   test passed!
AES256   test passed!
AES-GCM  test passed!
RSA      test passed!
DH       test passed!
DSA      test passed!
PWDBASED test passed!
ECC      test passed!
ECC buffer test passed!
logging  test passed!
mutex    test passed!
memcb    test failed!
 error = -13803
[SGXSan] ALWAYS: Enter wc_benchmark_test
------------------------------------------------------------------------------
 wolfSSL version 5.1.0
------------------------------------------------------------------------------
wolfCrypt Benchmark (block bytes 1048576, min 1.0 sec each)
RNG                 15 MB took 1.160 seconds,   12.933 MB/s
AES-128-CBC-enc     35 MB took 1.079 seconds,   32.433 MB/s
AES-128-CBC-dec     30 MB took 1.004 seconds,   29.878 MB/s
AES-192-CBC-enc     30 MB took 1.077 seconds,   27.858 MB/s
AES-192-CBC-dec     30 MB took 1.154 seconds,   25.988 MB/s
AES-256-CBC-enc     25 MB took 1.021 seconds,   24.483 MB/s
AES-256-CBC-dec     25 MB took 1.047 seconds,   23.880 MB/s
AES-128-GCM-enc     25 MB took 1.052 seconds,   23.760 MB/s
AES-128-GCM-dec     25 MB took 1.059 seconds,   23.601 MB/s
AES-192-GCM-enc     25 MB took 1.197 seconds,   20.878 MB/s
AES-192-GCM-dec     25 MB took 1.202 seconds,   20.806 MB/s
AES-256-GCM-enc     20 MB took 1.030 seconds,   19.416 MB/s
AES-256-GCM-dec     20 MB took 1.063 seconds,   18.817 MB/s
GMAC Table 4-bit    68 MB took 1.012 seconds,   67.167 MB/s
RABBIT              90 MB took 1.018 seconds,   88.400 MB/s
3DES                10 MB took 1.112 seconds,    8.992 MB/s
MD5                305 MB took 1.012 seconds,  301.457 MB/s
SHA                130 MB took 1.016 seconds,  127.924 MB/s
SHA-256             35 MB took 1.138 seconds,   30.754 MB/s
HMAC-MD5           300 MB took 1.015 seconds,  295.446 MB/s
HMAC-SHA           125 MB took 1.000 seconds,  124.984 MB/s
HMAC-SHA256         35 MB took 1.167 seconds,   29.987 MB/s
PBKDF2               4 KB took 1.002 seconds,    3.681 KB/s
RSA     2048 public       1400 ops took 1.053 sec, avg 0.752 ms, 1329.386 ops/sec
RSA     2048 private       100 ops took 3.742 sec, avg 37.422 ms, 26.722 ops/sec
DH      2048 key gen        66 ops took 1.002 sec, avg 15.182 ms, 65.869 ops/sec
DH      2048 agree         100 ops took 1.546 sec, avg 15.464 ms, 64.666 ops/sec
ECC   [      SECP256R1]   256 key gen      1397 ops took 1.000 sec, avg 0.716 ms, 1396.432 ops/sec
ECDHE [      SECP256R1]   256 agree        1000 ops took 1.087 sec, avg 1.087 ms, 920.295 ops/sec
ECDSA [      SECP256R1]   256 sign         1200 ops took 1.001 sec, avg 0.834 ms, 1198.971 ops/sec
ECDSA [      SECP256R1]   256 verify        900 ops took 1.032 sec, avg 1.147 ms, 871.672 ops/sec
Benchmark complete
[SGXSan] ALWAYS: Enter enc_wolfSSL_Cleanup
[SGXSan] ALWAYS: Enter enc_wolfSSL_write
[SGXSan] ALWAYS: Enter enc_wolfSSL_CTX_set_cipher_list
[SGXSan] ALWAYS: Enter enc_wolfSSL_CTX_new
[SGXSan] ALWAYS: Enter enc_wolfSSL_read
[SGXSan] ALWAYS: Enter enc_wolfSSL_free
[SGXSan] ALWAYS: Enter enc_wolfTLSv1_2_client_method
[SGXSan] ALWAYS: Enter enc_wolfSSL_connect
[SGXSan] ALWAYS: Enter enc_wolfSSL_Init
[SGXSan] ALWAYS: Enter enc_wolfSSL_set_fd
#2	pulse  ft: 6299 exec/s: 0 rss: 49Mb
Slowest unit: 42 s:
artifact_prefix='./crashes/'; Test unit written to ./crashes/slow-unit-60d18ed962e29e8a2ab375cff57db472d341254d
[SGXSan] ALWAYS: Enter enc_wolfSSL_new
[SGXSan] ALWAYS: Enter wc_test
------------------------------------------------------------------------------
 wolfSSL version 5.1.0
------------------------------------------------------------------------------
error    test passed!
MEMORY   test passed!
base64   test passed!
asn      test passed!
RANDOM   test passed!
MD5      test passed!
MD4      test passed!
SHA      test passed!
SHA-256  test passed!
Hash     test passed!
HMAC-MD5 test passed!
HMAC-SHA test passed!
HMAC-SHA256 test passed!
GMAC     test passed!
HC-128   test passed!
Rabbit   test passed!
DES      test passed!
DES3     test passed!
AES      test passed!
AES192   test passed!
AES256   test passed!
AES-GCM  test passed!
RSA      test passed!
DH       test passed!
DSA      test passed!
PWDBASED test passed!
ECC      test passed!
ECC buffer test passed!
logging  test passed!
mutex    test passed!
memcb    test failed!
 error = -13803
[SGXSan] ALWAYS: Enter enc_wolfSSL_CTX_use_certificate_chain_buffer_format
[SGXSan] ALWAYS: Enter enc_wolfSSL_write
[SGXSan] ALWAYS: Enter enc_wolfSSL_get_error
[SGXSan] ALWAYS: Enter enc_wolfSSL_CTX_load_verify_buffer
[SGXSan] ALWAYS: Enter enc_wolfSSL_CTX_use_PrivateKey_buffer
[SGXSan] ALWAYS: Enter enc_wolfSSL_CTX_use_certificate_buffer
[SGXSan] ALWAYS: Enter enc_wolfTLSv1_2_server_method
[SGXSan] ALWAYS: Enter enc_wolfSSL_Debugging_ON
[SGXSan] ALWAYS: Enter enc_wolfSSL_CTX_new
[SGXSan] ALWAYS: Enter enc_wolfSSL_Cleanup
[SGXSan] ALWAYS: Enter enc_wolfSSL_connect
[SGXSan] ALWAYS: Enter wc_benchmark_test
------------------------------------------------------------------------------
 wolfSSL version 5.1.0
------------------------------------------------------------------------------
wolfCrypt Benchmark (block bytes 1048576, min 1.0 sec each)
RNG                 15 MB took 1.129 seconds,   13.290 MB/s
AES-128-CBC-enc     35 MB took 1.080 seconds,   32.393 MB/s
AES-128-CBC-dec     35 MB took 1.159 seconds,   30.204 MB/s
AES-192-CBC-enc     30 MB took 1.069 seconds,   28.064 MB/s
AES-192-CBC-dec     30 MB took 1.152 seconds,   26.031 MB/s
AES-256-CBC-enc     30 MB took 1.191 seconds,   25.182 MB/s
AES-256-CBC-dec     25 MB took 1.059 seconds,   23.611 MB/s
AES-128-GCM-enc     25 MB took 1.053 seconds,   23.740 MB/s
AES-128-GCM-dec     25 MB took 1.053 seconds,   23.738 MB/s
AES-192-GCM-enc     25 MB took 1.194 seconds,   20.940 MB/s
AES-192-GCM-dec     25 MB took 1.226 seconds,   20.398 MB/s
AES-256-GCM-enc     20 MB took 1.033 seconds,   19.359 MB/s
AES-256-GCM-dec     20 MB took 1.042 seconds,   19.187 MB/s
GMAC Table 4-bit    68 MB took 1.014 seconds,   67.060 MB/s
RABBIT              90 MB took 1.015 seconds,   88.691 MB/s
3DES                10 MB took 1.102 seconds,    9.076 MB/s
MD5                305 MB took 1.016 seconds,  300.246 MB/s
SHA                130 MB took 1.033 seconds,  125.841 MB/s
SHA-256             35 MB took 1.152 seconds,   30.377 MB/s
HMAC-MD5           300 MB took 1.007 seconds,  297.965 MB/s
HMAC-SHA           130 MB took 1.034 seconds,  125.724 MB/s
HMAC-SHA256         35 MB took 1.160 seconds,   30.165 MB/s
PBKDF2               4 KB took 1.006 seconds,    3.728 KB/s
RSA     2048 public       1400 ops took 1.019 sec, avg 0.728 ms, 1374.141 ops/sec
RSA     2048 private       100 ops took 3.718 sec, avg 37.176 ms, 26.899 ops/sec
DH      2048 key gen        63 ops took 1.002 sec, avg 15.901 ms, 62.889 ops/sec
DH      2048 agree         100 ops took 1.572 sec, avg 15.718 ms, 63.623 ops/sec
ECC   [      SECP256R1]   256 key gen      1374 ops took 1.000 sec, avg 0.728 ms, 1373.386 ops/sec
ECDHE [      SECP256R1]   256 agree         900 ops took 1.009 sec, avg 1.121 ms, 891.777 ops/sec
ECDSA [      SECP256R1]   256 sign         1200 ops took 1.023 sec, avg 0.852 ms, 1173.455 ops/sec
ECDSA [      SECP256R1]   256 verify        900 ops took 1.045 sec, avg 1.161 ms, 861.625 ops/sec
Benchmark complete
[SGXSan] ALWAYS: Enter enc_wolfSSL_free
[SGXSan] ALWAYS: Enter enc_wolfSSL_set_fd
[SGXSan] ALWAYS: Enter enc_wolfTLSv1_2_client_method
[SGXSan] ALWAYS: Enter enc_wolfSSL_Init
[SGXSan] ALWAYS: Enter enc_wolfSSL_CTX_set_cipher_list
[SGXSan] ALWAYS: Enter enc_wolfSSL_Debugging_OFF
[SGXSan] ALWAYS: Enter enc_wolfSSL_read
[SGXSan] ALWAYS: Enter enc_wolfSSL_CTX_free
[SGXSan] ALWAYS: Enter enc_wolfSSL_new
[SGXSan] ALWAYS: Enter wc_test
------------------------------------------------------------------------------
 wolfSSL version 5.1.0
------------------------------------------------------------------------------
error    test passed!
MEMORY   test passed!
base64   test passed!
asn      test passed!
RANDOM   test passed!
MD5      test passed!
MD4      test passed!
SHA      test passed!
SHA-256  test passed!
Hash     test passed!
HMAC-MD5 test passed!
HMAC-SHA test passed!
HMAC-SHA256 test passed!
GMAC     test passed!
HC-128   test passed!
Rabbit   test passed!
DES      test passed!
DES3     test passed!
AES      test passed!
AES192   test passed!
AES256   test passed!
AES-GCM  test passed!
RSA      test passed!
DH       test passed!
DSA      test passed!
PWDBASED test passed!
ECC      test passed!
ECC buffer test passed!
logging  test passed!
mutex    test passed!
memcb    test failed!
 error = -13803
[SGXSan] ALWAYS: Enter enc_wolfSSL_CTX_use_certificate_chain_buffer_format
[SGXSan] ALWAYS: Enter enc_wolfSSL_write
[SGXSan] ALWAYS: Enter enc_wolfSSL_get_error
[SGXSan] ALWAYS: Enter enc_wolfSSL_CTX_load_verify_buffer
[SGXSan] ALWAYS: Enter enc_wolfSSL_CTX_use_PrivateKey_buffer
[SGXSan] ALWAYS: Enter enc_wolfSSL_CTX_use_certificate_buffer
[SGXSan] ALWAYS: Enter enc_wolfTLSv1_2_server_method
[SGXSan] ALWAYS: Enter enc_wolfSSL_Debugging_ON
[SGXSan] ALWAYS: Enter enc_wolfSSL_CTX_new
[SGXSan] ALWAYS: Enter enc_wolfSSL_Cleanup
[SGXSan] ALWAYS: Enter enc_wolfSSL_connect
[SGXSan] ALWAYS: Enter wc_benchmark_test
------------------------------------------------------------------------------
 wolfSSL version 5.1.0
------------------------------------------------------------------------------
wolfCrypt Benchmark (block bytes 1048576, min 1.0 sec each)
RNG                 15 MB took 1.154 seconds,   12.995 MB/s
AES-128-CBC-enc     35 MB took 1.060 seconds,   33.026 MB/s
AES-128-CBC-dec     35 MB took 1.134 seconds,   30.865 MB/s
AES-192-CBC-enc     30 MB took 1.062 seconds,   28.247 MB/s
AES-192-CBC-dec     30 MB took 1.142 seconds,   26.265 MB/s
AES-256-CBC-enc     25 MB took 1.010 seconds,   24.742 MB/s
AES-256-CBC-dec     25 MB took 1.066 seconds,   23.446 MB/s
AES-128-GCM-enc     25 MB took 1.067 seconds,   23.433 MB/s
AES-128-GCM-dec     25 MB took 1.095 seconds,   22.821 MB/s
AES-192-GCM-enc     25 MB took 1.208 seconds,   20.692 MB/s
AES-192-GCM-dec     25 MB took 1.196 seconds,   20.896 MB/s
AES-256-GCM-enc     20 MB took 1.018 seconds,   19.647 MB/s
AES-256-GCM-dec     20 MB took 1.007 seconds,   19.853 MB/s
GMAC Table 4-bit    69 MB took 1.002 seconds,   68.861 MB/s
RABBIT              90 MB took 1.008 seconds,   89.283 MB/s
3DES                10 MB took 1.115 seconds,    8.967 MB/s
MD5                285 MB took 1.007 seconds,  282.990 MB/s
SHA                125 MB took 1.009 seconds,  123.908 MB/s
SHA-256             35 MB took 1.147 seconds,   30.517 MB/s
HMAC-MD5           295 MB took 1.001 seconds,  294.802 MB/s
HMAC-SHA           125 MB took 1.004 seconds,  124.462 MB/s
HMAC-SHA256         30 MB took 1.004 seconds,   29.894 MB/s
PBKDF2               4 KB took 1.006 seconds,    3.695 KB/s
RSA     2048 public       1400 ops took 1.036 sec, avg 0.740 ms, 1351.297 ops/sec
RSA     2048 private       100 ops took 3.779 sec, avg 37.789 ms, 26.463 ops/sec
DH      2048 key gen        64 ops took 1.014 sec, avg 15.845 ms, 63.110 ops/sec
DH      2048 agree         100 ops took 1.540 sec, avg 15.399 ms, 64.940 ops/sec
ECC   [      SECP256R1]   256 key gen      1429 ops took 1.000 sec, avg 0.700 ms, 1428.993 ops/sec
ECDHE [      SECP256R1]   256 agree        1000 ops took 1.086 sec, avg 1.086 ms, 920.442 ops/sec
ECDSA [      SECP256R1]   256 sign         1200 ops took 1.016 sec, avg 0.847 ms, 1180.556 ops/sec
ECDSA [      SECP256R1]   256 verify        900 ops took 1.069 sec, avg 1.188 ms, 841.866 ops/sec
Benchmark complete
[SGXSan] ALWAYS: Enter enc_wolfSSL_free
[SGXSan] ALWAYS: Enter enc_wolfSSL_set_fd
[SGXSan] ALWAYS: Enter enc_wolfTLSv1_2_client_method
[SGXSan] ALWAYS: Enter enc_wolfSSL_Init
[SGXSan] ALWAYS: Enter enc_wolfSSL_CTX_set_cipher_list
[SGXSan] ALWAYS: Enter enc_wolfSSL_Debugging_OFF
[SGXSan] ALWAYS: Enter enc_wolfSSL_read
[SGXSan] ALWAYS: Enter enc_wolfSSL_CTX_free
#4	pulse  cov: 6300 ft: 6305 corp: 2/723Kb exec/s: 0 rss: 64Mb
[SGXSan] ALWAYS: Enter enc_wolfSSL_Init
[SGXSan] ALWAYS: Enter wc_benchmark_test
------------------------------------------------------------------------------
 wolfSSL version 5.1.0
------------------------------------------------------------------------------
wolfCrypt Benchmark (block bytes 1048576, min 1.0 sec each)
RNG                 15 MB took 1.157 seconds,   12.967 MB/s
AES-128-CBC-enc     35 MB took 1.088 seconds,   32.161 MB/s
AES-128-CBC-dec     35 MB took 1.163 seconds,   30.083 MB/s
AES-192-CBC-enc     30 MB took 1.104 seconds,   27.184 MB/s
AES-192-CBC-dec     30 MB took 1.155 seconds,   25.963 MB/s
AES-256-CBC-enc     30 MB took 1.185 seconds,   25.322 MB/s
AES-256-CBC-dec     25 MB took 1.030 seconds,   24.273 MB/s
AES-128-GCM-enc     25 MB took 1.032 seconds,   24.220 MB/s
AES-128-GCM-dec     25 MB took 1.053 seconds,   23.743 MB/s
AES-192-GCM-enc     25 MB took 1.183 seconds,   21.132 MB/s
AES-192-GCM-dec     25 MB took 1.203 seconds,   20.781 MB/s
AES-256-GCM-enc     20 MB took 1.044 seconds,   19.155 MB/s
AES-256-GCM-dec     20 MB took 1.035 seconds,   19.315 MB/s
GMAC Table 4-bit    68 MB took 1.011 seconds,   67.236 MB/s
RABBIT              90 MB took 1.015 seconds,   88.673 MB/s
3DES                10 MB took 1.108 seconds,    9.023 MB/s
MD5                300 MB took 1.016 seconds,  295.237 MB/s
SHA                130 MB took 1.014 seconds,  128.143 MB/s
SHA-256             35 MB took 1.137 seconds,   30.792 MB/s
HMAC-MD5           305 MB took 1.013 seconds,  301.225 MB/s
HMAC-SHA           130 MB took 1.003 seconds,  129.639 MB/s
HMAC-SHA256         35 MB took 1.129 seconds,   30.995 MB/s
PBKDF2               4 KB took 1.005 seconds,    3.825 KB/s
RSA     2048 public       1500 ops took 1.063 sec, avg 0.709 ms, 1410.518 ops/sec
RSA     2048 private       100 ops took 3.693 sec, avg 36.930 ms, 27.079 ops/sec
DH      2048 key gen        65 ops took 1.001 sec, avg 15.401 ms, 64.933 ops/sec
DH      2048 agree         100 ops took 1.571 sec, avg 15.713 ms, 63.642 ops/sec
ECC   [      SECP256R1]   256 key gen      1387 ops took 1.000 sec, avg 0.721 ms, 1386.641 ops/sec
ECDHE [      SECP256R1]   256 agree         900 ops took 1.012 sec, avg 1.125 ms, 888.960 ops/sec
ECDSA [      SECP256R1]   256 sign         1200 ops took 1.016 sec, avg 0.847 ms, 1181.201 ops/sec
ECDSA [      SECP256R1]   256 verify        900 ops took 1.058 sec, avg 1.175 ms, 850.816 ops/sec
Benchmark complete
[SGXSan] ALWAYS: Enter enc_wolfSSL_CTX_use_PrivateKey_buffer
[SGXSan] ALWAYS: Enter enc_wolfTLSv1_2_server_method
[SGXSan] ALWAYS: Enter enc_wolfSSL_set_fd
[SGXSan] ALWAYS: Enter enc_wolfSSL_read
[SGXSan] ALWAYS: Enter enc_wolfSSL_Debugging_ON
[SGXSan] ALWAYS: Enter enc_wolfSSL_CTX_free
[SGXSan] ALWAYS: Enter enc_wolfSSL_new
[SGXSan] ALWAYS: Enter enc_wolfSSL_get_error
[SGXSan] ALWAYS: Enter enc_wolfSSL_free
[SGXSan] ALWAYS: Enter enc_wolfSSL_Cleanup
[SGXSan] ALWAYS: Enter wc_test
------------------------------------------------------------------------------
 wolfSSL version 5.1.0
------------------------------------------------------------------------------
error    test passed!
MEMORY   test passed!
base64   test passed!
asn      test passed!
RANDOM   test passed!
MD5      test passed!
MD4      test passed!
SHA      test passed!
SHA-256  test passed!
Hash     test passed!
HMAC-MD5 test passed!
HMAC-SHA test passed!
HMAC-SHA256 test passed!
GMAC     test passed!
HC-128   test passed!
Rabbit   test passed!
DES      test passed!
DES3     test passed!
AES      test passed!
AES192   test passed!
AES256   test passed!
AES-GCM  test passed!
RSA      test passed!
DH       test passed!
DSA      test passed!
PWDBASED test passed!
ECC      test passed!
ECC buffer test passed!
logging  test passed!
mutex    test passed!
memcb    test failed!
 error = -13803
[SGXSan] ALWAYS: Enter enc_wolfSSL_CTX_use_certificate_chain_buffer_format
[SGXSan] ALWAYS: Enter enc_wolfSSL_write
[SGXSan] ALWAYS: Enter enc_wolfSSL_Debugging_OFF
[SGXSan] ALWAYS: Enter enc_wolfSSL_CTX_use_certificate_buffer
[SGXSan] ALWAYS: Enter enc_wolfSSL_CTX_new
[SGXSan] ALWAYS: Enter enc_wolfSSL_connect
[SGXSan] ALWAYS: Enter enc_wolfSSL_CTX_load_verify_buffer
[SGXSan] ALWAYS: Enter enc_wolfSSL_CTX_set_cipher_list
[SGXSan] ALWAYS: Enter enc_wolfTLSv1_2_client_method
[SGXSan] ALWAYS: Enter enc_wolfSSL_Init
[SGXSan] ALWAYS: Enter wc_benchmark_test
------------------------------------------------------------------------------
 wolfSSL version 5.1.0
------------------------------------------------------------------------------
wolfCrypt Benchmark (block bytes 1048576, min 1.0 sec each)
RNG                 15 MB took 1.178 seconds,   12.732 MB/s
AES-128-CBC-enc     35 MB took 1.099 seconds,   31.853 MB/s
AES-128-CBC-dec     30 MB took 1.005 seconds,   29.841 MB/s
AES-192-CBC-enc     30 MB took 1.103 seconds,   27.206 MB/s
AES-192-CBC-dec     30 MB took 1.157 seconds,   25.923 MB/s
AES-256-CBC-enc     25 MB took 1.018 seconds,   24.554 MB/s
AES-256-CBC-dec     25 MB took 1.066 seconds,   23.445 MB/s
AES-128-GCM-enc     25 MB took 1.072 seconds,   23.330 MB/s
AES-128-GCM-dec     25 MB took 1.105 seconds,   22.615 MB/s
AES-192-GCM-enc     25 MB took 1.208 seconds,   20.691 MB/s
AES-192-GCM-dec     25 MB took 1.200 seconds,   20.841 MB/s
AES-256-GCM-enc     20 MB took 1.012 seconds,   19.757 MB/s
AES-256-GCM-dec     20 MB took 1.014 seconds,   19.729 MB/s
GMAC Table 4-bit    67 MB took 1.000 seconds,   66.972 MB/s
RABBIT              90 MB took 1.005 seconds,   89.580 MB/s
3DES                10 MB took 1.130 seconds,    8.850 MB/s
MD5                300 MB took 1.014 seconds,  295.745 MB/s
SHA                125 MB took 1.002 seconds,  124.807 MB/s
SHA-256             35 MB took 1.156 seconds,   30.286 MB/s
HMAC-MD5           295 MB took 1.008 seconds,  292.619 MB/s
HMAC-SHA           125 MB took 1.013 seconds,  123.414 MB/s
HMAC-SHA256         30 MB took 1.001 seconds,   29.959 MB/s
PBKDF2               4 KB took 1.005 seconds,    3.763 KB/s
RSA     2048 public       1400 ops took 1.010 sec, avg 0.721 ms, 1386.213 ops/sec
RSA     2048 private       100 ops took 3.740 sec, avg 37.401 ms, 26.737 ops/sec
DH      2048 key gen        64 ops took 1.012 sec, avg 15.818 ms, 63.221 ops/sec
DH      2048 agree         100 ops took 1.606 sec, avg 16.059 ms, 62.271 ops/sec
ECC   [      SECP256R1]   256 key gen      1373 ops took 1.000 sec, avg 0.728 ms, 1372.848 ops/sec
ECDHE [      SECP256R1]   256 agree         900 ops took 1.009 sec, avg 1.121 ms, 892.301 ops/sec
ECDSA [      SECP256R1]   256 sign         1200 ops took 1.010 sec, avg 0.841 ms, 1188.643 ops/sec
ECDSA [      SECP256R1]   256 verify        900 ops took 1.048 sec, avg 1.165 ms, 858.459 ops/sec
Benchmark complete
[SGXSan] ALWAYS: Enter enc_wolfSSL_CTX_use_PrivateKey_buffer
[SGXSan] ALWAYS: Enter enc_wolfTLSv1_2_server_method
[SGXSan] ALWAYS: Enter enc_wolfSSL_set_fd
[SGXSan] ALWAYS: Enter enc_wolfSSL_read
[SGXSan] ALWAYS: Enter enc_wolfSSL_Debugging_ON
[SGXSan] ALWAYS: Enter enc_wolfSSL_CTX_free
[SGXSan] ALWAYS: Enter enc_wolfSSL_new
[SGXSan] ALWAYS: Enter enc_wolfSSL_get_error
[SGXSan] ALWAYS: Enter enc_wolfSSL_free
[SGXSan] ALWAYS: Enter enc_wolfSSL_Cleanup
[SGXSan] ALWAYS: Enter wc_test
------------------------------------------------------------------------------
 wolfSSL version 5.1.0
------------------------------------------------------------------------------
error    test passed!
MEMORY   test passed!
base64   test passed!
asn      test passed!
RANDOM   test passed!
MD5      test passed!
MD4      test passed!
SHA      test passed!
SHA-256  test passed!
Hash     test passed!
HMAC-MD5 test passed!
HMAC-SHA test passed!
HMAC-SHA256 test passed!
GMAC     test passed!
HC-128   test passed!
Rabbit   test passed!
DES      test passed!
DES3     test passed!
AES      test passed!
AES192   test passed!
AES256   test passed!
AES-GCM  test passed!
RSA      test passed!
DH       test passed!
DSA      test passed!
PWDBASED test passed!
ECC      test passed!
ECC buffer test passed!
logging  test passed!
mutex    test passed!
memcb    test failed!
 error = -13803
[SGXSan] ALWAYS: Enter enc_wolfSSL_CTX_use_certificate_chain_buffer_format
[SGXSan] ALWAYS: Enter enc_wolfSSL_write
[SGXSan] ALWAYS: Enter enc_wolfSSL_Debugging_OFF
[SGXSan] ALWAYS: Enter enc_wolfSSL_CTX_use_certificate_buffer
[SGXSan] ALWAYS: Enter enc_wolfSSL_CTX_new
[SGXSan] ALWAYS: Enter enc_wolfSSL_connect
[SGXSan] ALWAYS: Enter enc_wolfSSL_CTX_load_verify_buffer
[SGXSan] ALWAYS: Enter enc_wolfSSL_CTX_set_cipher_list
[SGXSan] ALWAYS: Enter enc_wolfTLSv1_2_client_method
#6	INITED cov: 6300 ft: 6305 corp: 3/1084Kb exec/s: 0 rss: 76Mb
[SGXSan] ALWAYS: Enter enc_wolfTLSv1_2_client_method
[SGXSan] ALWAYS: Enter enc_wolfSSL_read
[SGXSan] ALWAYS: Enter wc_benchmark_test
------------------------------------------------------------------------------
 wolfSSL version 5.1.0
------------------------------------------------------------------------------
wolfCrypt Benchmark (block bytes 1048576, min 1.0 sec each)
RNG                 15 MB took 1.172 seconds,   12.799 MB/s
AES-128-CBC-enc     35 MB took 1.079 seconds,   32.428 MB/s
AES-128-CBC-dec     35 MB took 1.159 seconds,   30.196 MB/s
AES-192-CBC-enc     30 MB took 1.083 seconds,   27.702 MB/s
AES-192-CBC-dec     30 MB took 1.155 seconds,   25.971 MB/s
AES-256-CBC-enc     25 MB took 1.007 seconds,   24.836 MB/s
AES-256-CBC-dec     25 MB took 1.046 seconds,   23.901 MB/s
AES-128-GCM-enc     25 MB took 1.050 seconds,   23.802 MB/s
AES-128-GCM-dec     25 MB took 1.060 seconds,   23.586 MB/s
AES-192-GCM-enc     25 MB took 1.196 seconds,   20.900 MB/s
AES-192-GCM-dec     25 MB took 1.204 seconds,   20.756 MB/s
AES-256-GCM-enc     20 MB took 1.027 seconds,   19.480 MB/s
AES-256-GCM-dec     20 MB took 1.034 seconds,   19.334 MB/s
GMAC Table 4-bit    67 MB took 1.006 seconds,   66.599 MB/s
RABBIT              90 MB took 1.014 seconds,   88.791 MB/s
3DES                10 MB took 1.130 seconds,    8.850 MB/s
MD5                300 MB took 1.010 seconds,  296.952 MB/s
SHA                130 MB took 1.037 seconds,  125.387 MB/s
SHA-256             35 MB took 1.148 seconds,   30.486 MB/s
HMAC-MD5           295 MB took 1.014 seconds,  291.041 MB/s
HMAC-SHA           130 MB took 1.035 seconds,  125.663 MB/s
HMAC-SHA256         30 MB took 1.005 seconds,   29.851 MB/s
PBKDF2               4 KB took 1.000 seconds,    3.718 KB/s
RSA     2048 public       1400 ops took 1.029 sec, avg 0.735 ms, 1361.150 ops/sec
RSA     2048 private       100 ops took 3.695 sec, avg 36.951 ms, 27.063 ops/sec
DH      2048 key gen        64 ops took 1.009 sec, avg 15.762 ms, 63.442 ops/sec
DH      2048 agree         100 ops took 1.531 sec, avg 15.311 ms, 65.311 ops/sec
ECC   [      SECP256R1]   256 key gen      1415 ops took 1.000 sec, avg 0.707 ms, 1414.900 ops/sec
ECDHE [      SECP256R1]   256 agree        1000 ops took 1.103 sec, avg 1.103 ms, 906.487 ops/sec
ECDSA [      SECP256R1]   256 sign         1200 ops took 1.047 sec, avg 0.873 ms, 1145.904 ops/sec
ECDSA [      SECP256R1]   256 verify        900 ops took 1.059 sec, avg 1.177 ms, 849.484 ops/sec
Benchmark complete
[SGXSan] ALWAYS: Enter enc_wolfSSL_CTX_new
[SGXSan] ALWAYS: Enter wc_test
------------------------------------------------------------------------------
 wolfSSL version 5.1.0
------------------------------------------------------------------------------
error    test passed!
MEMORY   test passed!
base64   test passed!
asn      test passed!
RANDOM   test passed!
MD5      test passed!
MD4      test passed!
SHA      test passed!
SHA-256  test passed!
Hash     test passed!
HMAC-MD5 test passed!
HMAC-SHA test passed!
HMAC-SHA256 test passed!
GMAC     test passed!
HC-128   test passed!
Rabbit   test passed!
DES      test passed!
DES3     test passed!
AES      test passed!
AES192   test passed!
AES256   test passed!
AES-GCM  test passed!
RSA      test passed!
DH       test passed!
DSA      test passed!
PWDBASED test passed!
ECC      test passed!
ECC buffer test passed!
logging  test passed!
mutex    test passed!
memcb    test failed!
 error = -13803
[SGXSan] ALWAYS: Enter enc_wolfSSL_Cleanup
[SGXSan] ALWAYS: Enter enc_wolfSSL_connect
[SGXSan] ALWAYS: Enter enc_wolfSSL_CTX_use_PrivateKey_buffer
[SGXSan] ALWAYS: Enter enc_wolfSSL_Debugging_OFF
[SGXSan] ALWAYS: Enter enc_wolfSSL_set_fd
[SGXSan] ALWAYS: Enter enc_wolfSSL_new
[SGXSan] ALWAYS: Enter enc_wolfSSL_CTX_use_certificate_chain_buffer_format
[SGXSan] ALWAYS: Enter enc_wolfSSL_get_error
[SGXSan] ALWAYS: Enter enc_wolfSSL_CTX_load_verify_buffer
[SGXSan] ALWAYS: Enter enc_wolfSSL_Debugging_ON
[SGXSan] ALWAYS: Enter enc_wolfSSL_CTX_free
[SGXSan] ALWAYS: Enter enc_wolfSSL_CTX_set_cipher_list
[SGXSan] ALWAYS: Enter enc_wolfTLSv1_2_server_method
[SGXSan] ALWAYS: Enter enc_wolfSSL_write
[SGXSan] ALWAYS: Enter enc_wolfSSL_free
[SGXSan] ALWAYS: Enter enc_wolfSSL_CTX_use_certificate_buffer
[SGXSan] ALWAYS: Enter enc_wolfSSL_Init
[SGXSan] ALWAYS: Enter enc_wolfSSL_CTX_load_verify_buffer
[SGXSan] ALWAYS: Enter enc_wolfSSL_CTX_use_PrivateKey_buffer
[SGXSan] ALWAYS: Enter enc_wolfSSL_Debugging_ON
[SGXSan] ALWAYS: Enter wc_test
------------------------------------------------------------------------------
 wolfSSL version 5.1.0
------------------------------------------------------------------------------
error    test passed!
MEMORY   test passed!
base64   test passed!
asn      test passed!
RANDOM   test passed!
MD5      test passed!
MD4      test passed!
SHA      test passed!
SHA-256  test passed!
Hash     test passed!
HMAC-MD5 test passed!
HMAC-SHA test passed!
HMAC-SHA256 test passed!
GMAC     test passed!
HC-128   test passed!
Rabbit   test passed!
DES      test passed!
DES3     test passed!
AES      test passed!
AES192   test passed!
AES256   test passed!
AES-GCM  test passed!
RSA      test passed!
DH       test passed!
DSA      test passed!
PWDBASED test passed!
ECC      test passed!
ECC buffer test passed!
logging  test passed!
mutex    test passed!
memcb    test failed!
 error = -13803
[SGXSan] ALWAYS: Enter wc_benchmark_test
------------------------------------------------------------------------------
 wolfSSL version 5.1.0
------------------------------------------------------------------------------
wolfCrypt Benchmark (block bytes 1048576, min 1.0 sec each)
RNG                 15 MB took 1.131 seconds,   13.263 MB/s
AES-128-CBC-enc     35 MB took 1.049 seconds,   33.379 MB/s
AES-128-CBC-dec     30 MB took 1.008 seconds,   29.767 MB/s
AES-192-CBC-enc     30 MB took 1.069 seconds,   28.060 MB/s
AES-192-CBC-dec     30 MB took 1.147 seconds,   26.148 MB/s
AES-256-CBC-enc     25 MB took 1.006 seconds,   24.852 MB/s
AES-256-CBC-dec     25 MB took 1.058 seconds,   23.630 MB/s
AES-128-GCM-enc     25 MB took 1.063 seconds,   23.518 MB/s
AES-128-GCM-dec     25 MB took 1.071 seconds,   23.345 MB/s
AES-192-GCM-enc     25 MB took 1.182 seconds,   21.144 MB/s
AES-192-GCM-dec     25 MB took 1.181 seconds,   21.174 MB/s
AES-256-GCM-enc     20 MB took 1.014 seconds,   19.732 MB/s
AES-256-GCM-dec     20 MB took 1.005 seconds,   19.909 MB/s
GMAC Table 4-bit    69 MB took 1.001 seconds,   68.928 MB/s
RABBIT              95 MB took 1.051 seconds,   90.408 MB/s
3DES                10 MB took 1.082 seconds,    9.241 MB/s
MD5                305 MB took 1.014 seconds,  300.783 MB/s
SHA                130 MB took 1.009 seconds,  128.881 MB/s
SHA-256             35 MB took 1.137 seconds,   30.792 MB/s
HMAC-MD5           300 MB took 1.013 seconds,  296.106 MB/s
HMAC-SHA           130 MB took 1.036 seconds,  125.488 MB/s
HMAC-SHA256         30 MB took 1.009 seconds,   29.737 MB/s
PBKDF2               4 KB took 1.007 seconds,    3.691 KB/s
RSA     2048 public       1400 ops took 1.053 sec, avg 0.752 ms, 1329.656 ops/sec
RSA     2048 private       100 ops took 3.757 sec, avg 37.566 ms, 26.620 ops/sec
DH      2048 key gen        63 ops took 1.001 sec, avg 15.888 ms, 62.941 ops/sec
DH      2048 agree         100 ops took 1.575 sec, avg 15.752 ms, 63.485 ops/sec
ECC   [      SECP256R1]   256 key gen      1364 ops took 1.000 sec, avg 0.733 ms, 1363.959 ops/sec
ECDHE [      SECP256R1]   256 agree         900 ops took 1.024 sec, avg 1.138 ms, 878.928 ops/sec
ECDSA [      SECP256R1]   256 sign         1200 ops took 1.048 sec, avg 0.874 ms, 1144.613 ops/sec
ECDSA [      SECP256R1]   256 verify        900 ops took 1.069 sec, avg 1.188 ms, 842.057 ops/sec
Benchmark complete
[SGXSan] ALWAYS: Enter enc_wolfSSL_write
[SGXSan] ALWAYS: Enter enc_wolfSSL_CTX_free
[SGXSan] ALWAYS: Enter enc_wolfSSL_get_error
[SGXSan] ALWAYS: Enter enc_wolfTLSv1_2_server_method
[SGXSan] ALWAYS: Enter enc_wolfSSL_CTX_new
[SGXSan] ALWAYS: Enter enc_wolfSSL_connect
[SGXSan] ALWAYS: Enter enc_wolfSSL_CTX_set_cipher_list
[SGXSan] ALWAYS: Enter enc_wolfSSL_Init
[SGXSan] ALWAYS: Enter enc_wolfTLSv1_2_client_method
[SGXSan] ALWAYS: Enter enc_wolfSSL_set_fd
[SGXSan] ALWAYS: Enter enc_wolfSSL_Debugging_OFF
[SGXSan] ALWAYS: Enter enc_wolfSSL_free
[SGXSan] ALWAYS: Enter enc_wolfSSL_new
[SGXSan] ALWAYS: Enter enc_wolfSSL_Cleanup
[SGXSan] ALWAYS: Enter enc_wolfSSL_CTX_use_certificate_chain_buffer_format
[SGXSan] ALWAYS: Enter enc_wolfSSL_CTX_use_certificate_buffer
[SGXSan] ALWAYS: Enter enc_wolfSSL_read
#8	pulse  cov: 6300 ft: 6305 corp: 3/1084Kb lim: 1000000 exec/s: 0 rss: 87Mb
[SGXSan] ALWAYS: Enter enc_wolfSSL_CTX_new
[SGXSan] ALWAYS: Enter enc_wolfTLSv1_2_client_method
[SGXSan] ALWAYS: Enter enc_wolfSSL_CTX_free
[SGXSan] ALWAYS: Enter enc_wolfSSL_new
[SGXSan] ALWAYS: Enter enc_wolfSSL_write
[SGXSan] ALWAYS: Enter enc_wolfSSL_connect
[SGXSan] ALWAYS: Enter enc_wolfSSL_Cleanup
[SGXSan] ALWAYS: Enter enc_wolfSSL_CTX_use_PrivateKey_buffer
[SGXSan] ALWAYS: Enter enc_wolfSSL_Debugging_OFF
[SGXSan] ALWAYS: Enter enc_wolfTLSv1_2_server_method
[SGXSan] ALWAYS: Enter enc_wolfSSL_Init
[SGXSan] ALWAYS: Enter enc_wolfSSL_read
[SGXSan] ALWAYS: Enter enc_wolfSSL_set_fd
[SGXSan] ALWAYS: Enter enc_wolfSSL_get_error
[SGXSan] ALWAYS: Enter enc_wolfSSL_CTX_load_verify_buffer
[SGXSan] ALWAYS: Enter wc_benchmark_test
------------------------------------------------------------------------------
 wolfSSL version 5.1.0
------------------------------------------------------------------------------
wolfCrypt Benchmark (block bytes 1048576, min 1.0 sec each)
RNG                 15 MB took 1.155 seconds,   12.982 MB/s
AES-128-CBC-enc     35 MB took 1.075 seconds,   32.554 MB/s
AES-128-CBC-dec     30 MB took 1.002 seconds,   29.937 MB/s
AES-192-CBC-enc     30 MB took 1.090 seconds,   27.526 MB/s
AES-192-CBC-dec     30 MB took 1.141 seconds,   26.287 MB/s
AES-256-CBC-enc     25 MB took 1.050 seconds,   23.802 MB/s
AES-256-CBC-dec     25 MB took 1.053 seconds,   23.732 MB/s
AES-128-GCM-enc     25 MB took 1.057 seconds,   23.643 MB/s
AES-128-GCM-dec     25 MB took 1.067 seconds,   23.441 MB/s
AES-192-GCM-enc     25 MB took 1.222 seconds,   20.460 MB/s
AES-192-GCM-dec     25 MB took 1.193 seconds,   20.964 MB/s
AES-256-GCM-enc     20 MB took 1.042 seconds,   19.202 MB/s
AES-256-GCM-dec     20 MB took 1.013 seconds,   19.753 MB/s
GMAC Table 4-bit    69 MB took 1.001 seconds,   68.943 MB/s
RABBIT              90 MB took 1.003 seconds,   89.727 MB/s
3DES                10 MB took 1.108 seconds,    9.028 MB/s
MD5                295 MB took 1.003 seconds,  294.101 MB/s
SHA                125 MB took 1.004 seconds,  124.479 MB/s
SHA-256             35 MB took 1.154 seconds,   30.342 MB/s
HMAC-MD5           300 MB took 1.008 seconds,  297.746 MB/s
HMAC-SHA           125 MB took 1.009 seconds,  123.919 MB/s
HMAC-SHA256         35 MB took 1.166 seconds,   30.029 MB/s
PBKDF2               4 KB took 1.002 seconds,    3.681 KB/s
RSA     2048 public       1400 ops took 1.005 sec, avg 0.718 ms, 1393.438 ops/sec
RSA     2048 private       100 ops took 3.694 sec, avg 36.937 ms, 27.073 ops/sec
DH      2048 key gen        63 ops took 1.004 sec, avg 15.935 ms, 62.755 ops/sec
DH      2048 agree         100 ops took 1.560 sec, avg 15.601 ms, 64.098 ops/sec
ECC   [      SECP256R1]   256 key gen      1392 ops took 1.000 sec, avg 0.719 ms, 1391.342 ops/sec
ECDHE [      SECP256R1]   256 agree         900 ops took 1.021 sec, avg 1.134 ms, 881.467 ops/sec
ECDSA [      SECP256R1]   256 sign         1200 ops took 1.014 sec, avg 0.845 ms, 1183.014 ops/sec
ECDSA [      SECP256R1]   256 verify        900 ops took 1.071 sec, avg 1.190 ms, 840.098 ops/sec
Benchmark complete
[SGXSan] ALWAYS: Enter enc_wolfSSL_CTX_use_certificate_chain_buffer_format
[SGXSan] ALWAYS: Enter enc_wolfSSL_Debugging_ON
[SGXSan] ALWAYS: Enter wc_test
------------------------------------------------------------------------------
 wolfSSL version 5.1.0
------------------------------------------------------------------------------
error    test passed!
MEMORY   test passed!
base64   test passed!
asn      test passed!
RANDOM   test passed!
MD5      test passed!
MD4      test passed!
SHA      test passed!
SHA-256  test passed!
Hash     test passed!
HMAC-MD5 test passed!
HMAC-SHA test passed!
HMAC-SHA256 test passed!
GMAC     test passed!
HC-128   test passed!
Rabbit   test passed!
DES      test passed!
DES3     test passed!
AES      test passed!
AES192   test passed!
AES256   test passed!
AES-GCM  test passed!
RSA      test passed!
DH       test passed!
DSA      test passed!
PWDBASED test passed!
ECC      test passed!
ECC buffer test passed!
logging  test passed!
mutex    test passed!
memcb    test failed!
 error = -13803
[SGXSan] ALWAYS: Enter enc_wolfSSL_CTX_use_certificate_buffer
[SGXSan] ALWAYS: Enter enc_wolfSSL_free
[SGXSan] ALWAYS: Enter enc_wolfSSL_CTX_set_cipher_list
[SGXSan] ALWAYS: Enter enc_wolfSSL_CTX_new
[SGXSan] ALWAYS: Enter enc_wolfTLSv1_2_client_method
[SGXSan] ALWAYS: Enter enc_wolfSSL_CTX_free
[SGXSan] ALWAYS: Enter enc_wolfSSL_new
[SGXSan] ALWAYS: Enter enc_wolfSSL_write
[SGXSan] ALWAYS: Enter enc_wolfSSL_connect
[SGXSan] ALWAYS: Enter enc_wolfSSL_Cleanup
[SGXSan] ALWAYS: Enter enc_wolfSSL_CTX_use_PrivateKey_buffer
[SGXSan] ALWAYS: Enter enc_wolfSSL_Debugging_OFF
[SGXSan] ALWAYS: Enter enc_wolfTLSv1_2_server_method
[SGXSan] ALWAYS: Enter enc_wolfSSL_Init
[SGXSan] ALWAYS: Enter enc_wolfSSL_read
[SGXSan] ALWAYS: Enter enc_wolfSSL_set_fd
[SGXSan] ALWAYS: Enter enc_wolfSSL_get_error
[SGXSan] ALWAYS: Enter enc_wolfSSL_CTX_load_verify_buffer
[SGXSan] ALWAYS: Enter wc_benchmark_test
------------------------------------------------------------------------------
 wolfSSL version 5.1.0
------------------------------------------------------------------------------
wolfCrypt Benchmark (block bytes 1048576, min 1.0 sec each)
RNG                 15 MB took 1.160 seconds,   12.928 MB/s
AES-128-CBC-enc     35 MB took 1.072 seconds,   32.643 MB/s
AES-128-CBC-dec     30 MB took 1.002 seconds,   29.955 MB/s
AES-192-CBC-enc     30 MB took 1.076 seconds,   27.892 MB/s
AES-192-CBC-dec     30 MB took 1.149 seconds,   26.108 MB/s
AES-256-CBC-enc     30 MB took 1.195 seconds,   25.106 MB/s
AES-256-CBC-dec     25 MB took 1.051 seconds,   23.796 MB/s
AES-128-GCM-enc     25 MB took 1.039 seconds,   24.058 MB/s
AES-128-GCM-dec     20 MB took 1.033 seconds,   19.365 MB/s
AES-192-GCM-enc     20 MB took 1.077 seconds,   18.575 MB/s
AES-192-GCM-dec     25 MB took 1.173 seconds,   21.313 MB/s
AES-256-GCM-enc     20 MB took 1.025 seconds,   19.503 MB/s
AES-256-GCM-dec     20 MB took 1.018 seconds,   19.651 MB/s
GMAC Table 4-bit    67 MB took 1.001 seconds,   66.920 MB/s
RABBIT              90 MB took 1.018 seconds,   88.374 MB/s
3DES                10 MB took 1.113 seconds,    8.983 MB/s
MD5                300 MB took 1.019 seconds,  294.422 MB/s
SHA                125 MB took 1.024 seconds,  122.020 MB/s
SHA-256             35 MB took 1.161 seconds,   30.138 MB/s
HMAC-MD5           300 MB took 1.006 seconds,  298.064 MB/s
HMAC-SHA           130 MB took 1.033 seconds,  125.833 MB/s
HMAC-SHA256         35 MB took 1.123 seconds,   31.171 MB/s
PBKDF2               4 KB took 1.000 seconds,    3.748 KB/s
RSA     2048 public       1400 ops took 1.010 sec, avg 0.722 ms, 1385.590 ops/sec
RSA     2048 private       100 ops took 3.724 sec, avg 37.236 ms, 26.856 ops/sec
DH      2048 key gen        61 ops took 1.003 sec, avg 16.450 ms, 60.789 ops/sec
DH      2048 agree         100 ops took 1.579 sec, avg 15.785 ms, 63.349 ops/sec
ECC   [      SECP256R1]   256 key gen      1356 ops took 1.000 sec, avg 0.737 ms, 1355.939 ops/sec
ECDHE [      SECP256R1]   256 agree         900 ops took 1.004 sec, avg 1.115 ms, 896.592 ops/sec
ECDSA [      SECP256R1]   256 sign         1200 ops took 1.021 sec, avg 0.850 ms, 1175.881 ops/sec
ECDSA [      SECP256R1]   256 verify        900 ops took 1.045 sec, avg 1.161 ms, 861.436 ops/sec
Benchmark complete
[SGXSan] ALWAYS: Enter enc_wolfSSL_CTX_use_certificate_chain_buffer_format
[SGXSan] ALWAYS: Enter enc_wolfSSL_Debugging_ON
[SGXSan] ALWAYS: Enter wc_test
------------------------------------------------------------------------------
 wolfSSL version 5.1.0
------------------------------------------------------------------------------
error    test passed!
MEMORY   test passed!
base64   test passed!
asn      test passed!
RANDOM   test passed!
MD5      test passed!
MD4      test passed!
SHA      test passed!
SHA-256  test passed!
Hash     test passed!
HMAC-MD5 test passed!
HMAC-SHA test passed!
HMAC-SHA256 test passed!
GMAC     test passed!
HC-128   test passed!
Rabbit   test passed!
DES      test passed!
DES3     test passed!
AES      test passed!
AES192   test passed!
AES256   test passed!
AES-GCM  test passed!
RSA      test passed!
DH       test passed!
DSA      test passed!
PWDBASED test passed!
ECC      test passed!
ECC buffer test passed!
logging  test passed!
mutex    test passed!
memcb    test failed!
 error = -13803
[SGXSan] ALWAYS: Enter enc_wolfSSL_CTX_use_certificate_buffer
[SGXSan] ALWAYS: Enter enc_wolfSSL_free
[SGXSan] ALWAYS: Enter enc_wolfSSL_CTX_set_cipher_list
[SGXSan] ALWAYS: Enter enc_wolfSSL_CTX_new
[SGXSan] ALWAYS: Enter enc_wolfTLSv1_2_client_method
[SGXSan] ALWAYS: Enter enc_wolfSSL_CTX_free
[SGXSan] ALWAYS: Enter enc_wolfSSL_new
[SGXSan] ALWAYS: Enter enc_wolfSSL_write
[SGXSan] ALWAYS: Enter enc_wolfSSL_connect
[SGXSan] ALWAYS: Enter enc_wolfSSL_Cleanup
[SGXSan] ALWAYS: Enter enc_wolfSSL_CTX_use_PrivateKey_buffer
[SGXSan] ALWAYS: Enter enc_wolfSSL_Debugging_OFF
[SGXSan] ALWAYS: Enter enc_wolfTLSv1_2_server_method
[SGXSan] ALWAYS: Enter enc_wolfSSL_Init
[SGXSan] ALWAYS: Enter enc_wolfSSL_read
[SGXSan] ALWAYS: Enter enc_wolfSSL_set_fd
[SGXSan] ALWAYS: Enter enc_wolfSSL_get_error
[SGXSan] ALWAYS: Enter enc_wolfSSL_CTX_load_verify_buffer
[SGXSan] ALWAYS: Enter wc_benchmark_test
------------------------------------------------------------------------------
 wolfSSL version 5.1.0
------------------------------------------------------------------------------
wolfCrypt Benchmark (block bytes 1048576, min 1.0 sec each)
RNG                 15 MB took 1.160 seconds,   12.926 MB/s
AES-128-CBC-enc     35 MB took 1.081 seconds,   32.374 MB/s
AES-128-CBC-dec     30 MB took 1.009 seconds,   29.743 MB/s
AES-192-CBC-enc     30 MB took 1.104 seconds,   27.164 MB/s
AES-192-CBC-dec     30 MB took 1.152 seconds,   26.039 MB/s
AES-256-CBC-enc     25 MB took 1.010 seconds,   24.753 MB/s
AES-256-CBC-dec     25 MB took 1.062 seconds,   23.543 MB/s
AES-128-GCM-enc     25 MB took 1.045 seconds,   23.924 MB/s
AES-128-GCM-dec     25 MB took 1.060 seconds,   23.587 MB/s
AES-192-GCM-enc     25 MB took 1.189 seconds,   21.022 MB/s
AES-192-GCM-dec     25 MB took 1.196 seconds,   20.898 MB/s
AES-256-GCM-enc     20 MB took 1.033 seconds,   19.369 MB/s
AES-256-GCM-dec     20 MB took 1.044 seconds,   19.158 MB/s
GMAC Table 4-bit    67 MB took 1.010 seconds,   66.367 MB/s
RABBIT              90 MB took 1.020 seconds,   88.196 MB/s
3DES                10 MB took 1.114 seconds,    8.979 MB/s
MD5                295 MB took 1.004 seconds,  293.940 MB/s
SHA                130 MB took 1.040 seconds,  124.981 MB/s
SHA-256             35 MB took 1.159 seconds,   30.206 MB/s
HMAC-MD5           300 MB took 1.008 seconds,  297.608 MB/s
HMAC-SHA           130 MB took 1.014 seconds,  128.186 MB/s
HMAC-SHA256         35 MB took 1.131 seconds,   30.935 MB/s
PBKDF2               4 KB took 1.006 seconds,    3.819 KB/s
RSA     2048 public       1500 ops took 1.061 sec, avg 0.707 ms, 1413.442 ops/sec
RSA     2048 private       100 ops took 3.705 sec, avg 37.053 ms, 26.988 ops/sec
DH      2048 key gen        63 ops took 1.011 sec, avg 16.042 ms, 62.336 ops/sec
DH      2048 agree         100 ops took 1.575 sec, avg 15.748 ms, 63.500 ops/sec
ECC   [      SECP256R1]   256 key gen      1384 ops took 1.001 sec, avg 0.723 ms, 1383.064 ops/sec
ECDHE [      SECP256R1]   256 agree         900 ops took 1.005 sec, avg 1.116 ms, 895.839 ops/sec
ECDSA [      SECP256R1]   256 sign         1200 ops took 1.024 sec, avg 0.853 ms, 1172.073 ops/sec
ECDSA [      SECP256R1]   256 verify        900 ops took 1.042 sec, avg 1.158 ms, 863.806 ops/sec
Benchmark complete
[SGXSan] ALWAYS: Enter enc_wolfSSL_CTX_use_certificate_chain_buffer_format
[SGXSan] ALWAYS: Enter enc_wolfSSL_Debugging_ON
[SGXSan] ALWAYS: Enter wc_test
------------------------------------------------------------------------------
 wolfSSL version 5.1.0
------------------------------------------------------------------------------
error    test passed!
MEMORY   test passed!
base64   test passed!
asn      test passed!
RANDOM   test passed!
MD5      test passed!
MD4      test passed!
SHA      test passed!
SHA-256  test passed!
Hash     test passed!
HMAC-MD5 test passed!
HMAC-SHA test passed!
HMAC-SHA256 test passed!
GMAC     test passed!
HC-128   test passed!
Rabbit   test passed!
DES      test passed!
DES3     test passed!
AES      test passed!
AES192   test passed!
AES256   test passed!
AES-GCM  test passed!
RSA      test passed!
DH       test passed!
DSA      test passed!
PWDBASED test passed!
ECC      test passed!
ECC buffer test passed!
logging  test passed!
mutex    test passed!
memcb    test failed!
 error = -13803
[SGXSan] ALWAYS: Enter enc_wolfSSL_CTX_use_certificate_buffer
[SGXSan] ALWAYS: Enter enc_wolfSSL_free
[SGXSan] ALWAYS: Enter enc_wolfSSL_CTX_set_cipher_list
#11	DONE   cov: 6300 ft: 6305 corp: 3/1084Kb lim: 1000000 exec/s: 0 rss: 103Mb
Done 11 runs in 464 second(s)
stat::number_of_executed_units: 11
stat::average_exec_per_sec:     0
stat::new_units_added:          0
stat::slowest_unit_time_sec:    42
stat::peak_rss_mb:              103
