WARNING: Failed to find function "__sanitizer_acquire_crash_state".
WARNING: Failed to find function "__sanitizer_print_stack_trace".
WARNING: Failed to find function "__sanitizer_set_death_callback".
[CEnclavePool /home/leone/Documents/linux-sgx/psw/urts/enclave.cpp:638] enter CEnclavePool constructor
[2023-01-15 23:22:49.521] [Init] Num of ECall: 22
[2023-01-15 23:22:49.521] ECalls:
  0 - fuzz_enc_wolfSSL_CTX_free
  1 - fuzz_enc_wolfSSL_CTX_load_verify_buffer
  2 - fuzz_enc_wolfSSL_CTX_new
  3 - fuzz_enc_wolfSSL_CTX_set_cipher_list
  4 - fuzz_enc_wolfSSL_CTX_use_PrivateKey_buffer
  5 - fuzz_enc_wolfSSL_CTX_use_certificate_buffer
  6 - fuzz_enc_wolfSSL_CTX_use_certificate_chain_buffer_format
  7 - fuzz_enc_wolfSSL_Cleanup
  8 - fuzz_enc_wolfSSL_Debugging_OFF
  9 - fuzz_enc_wolfSSL_Debugging_ON
  10 - fuzz_enc_wolfSSL_Init
  11 - fuzz_enc_wolfSSL_connect
  12 - fuzz_enc_wolfSSL_free
  13 - fuzz_enc_wolfSSL_get_error
  14 - fuzz_enc_wolfSSL_new
  15 - fuzz_enc_wolfSSL_read
  16 - fuzz_enc_wolfSSL_set_fd
  17 - fuzz_enc_wolfSSL_write
  18 - fuzz_enc_wolfTLSv1_2_client_method
  19 - fuzz_enc_wolfTLSv1_2_server_method
  20 - fuzz_wc_benchmark_test
  21 - fuzz_wc_test

INFO: found LLVMFuzzerCustomMutator (0x44ac30). Disabling -len_control by default.
INFO: libFuzzer ignores flags that start with '--'
INFO: Running with entropic power schedule (0xFF, 100).
INFO: Seed: 2128096036
INFO: Loaded 1 modules   (291 inline 8-bit counters): 291 [0x4cb7e8, 0x4cb90b), 
INFO: Loaded 1 PC tables (291 PCs): 291 [0x4cb910,0x4ccb40), 
INFO:        0 files found in /tmp/libFuzzerTemp.FuzzWithFork422940.dir/C315
[SGXSan] ALWAYS: Hook __sanitizer_cov_8bit_counters_init of Enclave, 21636 inline 8-bit counts [0x7f07e53269c0, 0x7f07e532be44) (First time)
[SGXSan] ALWAYS: Hook __sanitizer_cov_pcs_init of Enclave, 21636 PCs [0x7f07e532be48, 0x7f07e5380688) (First time)
[SGXSan] ALWAYS: Enter enc_wolfSSL_CTX_free
[SGXSan] ALWAYS: Enter enc_wolfSSL_CTX_load_verify_buffer
[SGXSan] ALWAYS: Enter enc_wolfSSL_CTX_new
[SGXSan] ALWAYS: Enter enc_wolfSSL_CTX_set_cipher_list
[SGXSan] ALWAYS: Enter enc_wolfSSL_CTX_use_PrivateKey_buffer
[SGXSan] ALWAYS: Enter enc_wolfSSL_CTX_use_certificate_buffer
[SGXSan] ALWAYS: Enter enc_wolfSSL_CTX_use_certificate_chain_buffer_format
[SGXSan] ALWAYS: Enter enc_wolfSSL_Cleanup
[SGXSan] ALWAYS: Enter enc_wolfSSL_Debugging_OFF
[SGXSan] ALWAYS: Enter enc_wolfSSL_Debugging_ON
[SGXSan] ALWAYS: Enter enc_wolfSSL_Init
[SGXSan] ALWAYS: Enter enc_wolfSSL_connect
[SGXSan] ALWAYS: Enter enc_wolfSSL_free
[SGXSan] ALWAYS: Enter enc_wolfSSL_get_error
[SGXSan] ALWAYS: Enter enc_wolfSSL_new
[SGXSan] ALWAYS: Enter enc_wolfSSL_read
[SGXSan] ALWAYS: Enter enc_wolfSSL_set_fd
[SGXSan] ALWAYS: Enter enc_wolfSSL_write
[SGXSan] ALWAYS: Enter enc_wolfTLSv1_2_client_method
[SGXSan] ALWAYS: Enter enc_wolfTLSv1_2_server_method
[SGXSan] ALWAYS: Enter wc_benchmark_test
------------------------------------------------------------------------------
 wolfSSL version 5.1.0
------------------------------------------------------------------------------
wolfCrypt Benchmark (block bytes 1048576, min 1.0 sec each)
RNG                 15 MB took 1.151 seconds,   13.027 MB/s
AES-128-CBC-enc     30 MB took 1.178 seconds,   25.473 MB/s
AES-128-CBC-dec     30 MB took 1.019 seconds,   29.455 MB/s
AES-192-CBC-enc     25 MB took 1.085 seconds,   23.035 MB/s
AES-192-CBC-dec     30 MB took 1.162 seconds,   25.808 MB/s
AES-256-CBC-enc     25 MB took 1.184 seconds,   21.109 MB/s
AES-256-CBC-dec     25 MB took 1.098 seconds,   22.779 MB/s
AES-128-GCM-enc     25 MB took 1.085 seconds,   23.039 MB/s
AES-128-GCM-dec     25 MB took 1.056 seconds,   23.677 MB/s
AES-192-GCM-enc     25 MB took 1.180 seconds,   21.188 MB/s
AES-192-GCM-dec     25 MB took 1.202 seconds,   20.794 MB/s
AES-256-GCM-enc     20 MB took 1.057 seconds,   18.921 MB/s
AES-256-GCM-dec     20 MB took 1.073 seconds,   18.632 MB/s
GMAC Table 4-bit    66 MB took 1.000 seconds,   65.982 MB/s
RABBIT              90 MB took 1.028 seconds,   87.553 MB/s
3DES                10 MB took 1.121 seconds,    8.920 MB/s
MD5                295 MB took 1.003 seconds,  294.224 MB/s
SHA                125 MB took 1.067 seconds,  117.186 MB/s
SHA-256             30 MB took 1.060 seconds,   28.304 MB/s
HMAC-MD5           300 MB took 1.005 seconds,  298.601 MB/s
HMAC-SHA           125 MB took 1.002 seconds,  124.801 MB/s
HMAC-SHA256         35 MB took 1.166 seconds,   30.026 MB/s
PBKDF2               4 KB took 1.002 seconds,    3.741 KB/s
RSA     2048 public       1400 ops took 1.039 sec, avg 0.742 ms, 1347.650 ops/sec
RSA     2048 private       100 ops took 3.736 sec, avg 37.361 ms, 26.766 ops/sec
DH      2048 key gen        66 ops took 1.009 sec, avg 15.286 ms, 65.417 ops/sec
DH      2048 agree         100 ops took 1.555 sec, avg 15.553 ms, 64.295 ops/sec
ECC   [      SECP256R1]   256 key gen      1366 ops took 1.001 sec, avg 0.733 ms, 1365.078 ops/sec
ECDHE [      SECP256R1]   256 agree         900 ops took 1.020 sec, avg 1.133 ms, 882.384 ops/sec
ECDSA [      SECP256R1]   256 sign         1200 ops took 1.011 sec, avg 0.843 ms, 1186.358 ops/sec
ECDSA [      SECP256R1]   256 verify        900 ops took 1.069 sec, avg 1.188 ms, 841.860 ops/sec
Benchmark complete
[SGXSan] ALWAYS: Enter wc_test
INFO: seed corpus: files: 5 min: 370191b max: 390122b total: 1910748b rss: 43Mb
------------------------------------------------------------------------------
 wolfSSL version 5.1.0
------------------------------------------------------------------------------
error    test passed!
MEMORY   test passed!
base64   test passed!
asn      test passed!
RANDOM   test passed!
MD5      test passed!
MD4      test passed!
SHA      test passed!
SHA-256  test passed!
Hash     test passed!
HMAC-MD5 test passed!
HMAC-SHA test passed!
HMAC-SHA256 test passed!
GMAC     test passed!
HC-128   test passed!
Rabbit   test passed!
DES      test passed!
DES3     test passed!
AES      test passed!
AES192   test passed!
AES256   test passed!
AES-GCM  test passed!
RSA      test passed!
DH       test passed!
DSA      test passed!
PWDBASED test passed!
ECC      test passed!
ECC buffer test passed!
logging  test passed!
mutex    test passed!
memcb    test passed!
Test complete
[SGXSan] ALWAYS: Enter enc_wolfTLSv1_2_server_method
[SGXSan] ALWAYS: Enter enc_wolfSSL_Debugging_ON
[SGXSan] ALWAYS: Enter enc_wolfSSL_CTX_use_PrivateKey_buffer
[SGXSan] ALWAYS: Enter enc_wolfSSL_new
[SGXSan] ALWAYS: Enter enc_wolfSSL_CTX_free
[SGXSan] ALWAYS: Enter enc_wolfSSL_get_error
[SGXSan] ALWAYS: Enter enc_wolfSSL_Debugging_OFF
[SGXSan] ALWAYS: Enter enc_wolfSSL_CTX_load_verify_buffer
[SGXSan] ALWAYS: Enter enc_wolfSSL_CTX_use_certificate_chain_buffer_format
[SGXSan] ALWAYS: Enter enc_wolfSSL_CTX_use_certificate_buffer
[SGXSan] ALWAYS: Enter wc_test
------------------------------------------------------------------------------
 wolfSSL version 5.1.0
------------------------------------------------------------------------------
error    test passed!
MEMORY   test passed!
base64   test passed!
asn      test passed!
RANDOM   test passed!
MD5      test passed!
MD4      test passed!
SHA      test passed!
SHA-256  test passed!
Hash     test passed!
HMAC-MD5 test passed!
HMAC-SHA test passed!
HMAC-SHA256 test passed!
GMAC     test passed!
HC-128   test passed!
Rabbit   test passed!
DES      test passed!
DES3     test passed!
AES      test passed!
AES192   test passed!
AES256   test passed!
AES-GCM  test passed!
RSA      test passed!
DH       test passed!
DSA      test passed!
PWDBASED test passed!
ECC      test passed!
ECC buffer test passed!
logging  test passed!
mutex    test passed!
memcb    test failed!
 error = -13803
[SGXSan] ALWAYS: Enter wc_benchmark_test
------------------------------------------------------------------------------
 wolfSSL version 5.1.0
------------------------------------------------------------------------------
wolfCrypt Benchmark (block bytes 1048576, min 1.0 sec each)
RNG                 15 MB took 1.159 seconds,   12.942 MB/s
AES-128-CBC-enc     30 MB took 1.132 seconds,   26.502 MB/s
AES-128-CBC-dec     35 MB took 1.164 seconds,   30.070 MB/s
AES-192-CBC-enc     25 MB took 1.072 seconds,   23.316 MB/s
AES-192-CBC-dec     30 MB took 1.157 seconds,   25.924 MB/s
AES-256-CBC-enc     25 MB took 1.192 seconds,   20.968 MB/s
AES-256-CBC-dec     25 MB took 1.091 seconds,   22.905 MB/s
AES-128-GCM-enc     25 MB took 1.128 seconds,   22.156 MB/s
AES-128-GCM-dec     25 MB took 1.056 seconds,   23.672 MB/s
AES-192-GCM-enc     25 MB took 1.190 seconds,   21.005 MB/s
AES-192-GCM-dec     25 MB took 1.210 seconds,   20.655 MB/s
AES-256-GCM-enc     20 MB took 1.045 seconds,   19.143 MB/s
AES-256-GCM-dec     20 MB took 1.062 seconds,   18.839 MB/s
GMAC Table 4-bit    67 MB took 1.004 seconds,   66.752 MB/s
RABBIT              90 MB took 1.021 seconds,   88.170 MB/s
3DES                10 MB took 1.110 seconds,    9.006 MB/s
MD5                295 MB took 1.013 seconds,  291.108 MB/s
SHA                130 MB took 1.033 seconds,  125.905 MB/s
SHA-256             35 MB took 1.157 seconds,   30.240 MB/s
HMAC-MD5           300 MB took 1.008 seconds,  297.507 MB/s
HMAC-SHA           130 MB took 1.038 seconds,  125.288 MB/s
HMAC-SHA256         30 MB took 1.010 seconds,   29.714 MB/s
PBKDF2               4 KB took 1.002 seconds,    3.743 KB/s
RSA     2048 public       1400 ops took 1.043 sec, avg 0.745 ms, 1342.812 ops/sec
RSA     2048 private       100 ops took 3.687 sec, avg 36.870 ms, 27.122 ops/sec
DH      2048 key gen        65 ops took 1.009 sec, avg 15.523 ms, 64.419 ops/sec
DH      2048 agree         100 ops took 1.736 sec, avg 17.364 ms, 57.590 ops/sec
ECC   [      SECP256R1]   256 key gen      1375 ops took 1.001 sec, avg 0.728 ms, 1374.207 ops/sec
ECDHE [      SECP256R1]   256 agree         900 ops took 1.035 sec, avg 1.150 ms, 869.738 ops/sec
ECDSA [      SECP256R1]   256 sign         1200 ops took 1.025 sec, avg 0.854 ms, 1171.244 ops/sec
ECDSA [      SECP256R1]   256 verify        800 ops took 1.016 sec, avg 1.270 ms, 787.179 ops/sec
Benchmark complete
[SGXSan] ALWAYS: Enter enc_wolfSSL_Cleanup
[SGXSan] ALWAYS: Enter enc_wolfSSL_write
[SGXSan] ALWAYS: Enter enc_wolfSSL_CTX_set_cipher_list
[SGXSan] ALWAYS: Enter enc_wolfSSL_CTX_new
[SGXSan] ALWAYS: Enter enc_wolfSSL_read
[SGXSan] ALWAYS: Enter enc_wolfSSL_free
[SGXSan] ALWAYS: Enter enc_wolfTLSv1_2_client_method
[SGXSan] ALWAYS: Enter enc_wolfSSL_connect
[SGXSan] ALWAYS: Enter enc_wolfSSL_Init
[SGXSan] ALWAYS: Enter enc_wolfSSL_set_fd
#2	pulse  ft: 6299 exec/s: 0 rss: 49Mb
Slowest unit: 42 s:
artifact_prefix='./crashes/'; Test unit written to ./crashes/slow-unit-c404165af8b2748707d8b2d07561dcba808d3638
[SGXSan] ALWAYS: Enter enc_wolfSSL_set_fd
[SGXSan] ALWAYS: Enter enc_wolfTLSv1_2_client_method
[SGXSan] ALWAYS: Enter enc_wolfSSL_CTX_new
[SGXSan] ALWAYS: Enter enc_wolfSSL_read
[SGXSan] ALWAYS: Enter enc_wolfSSL_CTX_set_cipher_list
[SGXSan] ALWAYS: Enter enc_wolfSSL_CTX_free
[SGXSan] ALWAYS: Enter enc_wolfSSL_new
[SGXSan] ALWAYS: Enter enc_wolfSSL_CTX_use_PrivateKey_buffer
[SGXSan] ALWAYS: Enter enc_wolfTLSv1_2_server_method
[SGXSan] ALWAYS: Enter enc_wolfSSL_CTX_load_verify_buffer
[SGXSan] ALWAYS: Enter enc_wolfSSL_connect
[SGXSan] ALWAYS: Enter enc_wolfSSL_Debugging_OFF
[SGXSan] ALWAYS: Enter enc_wolfSSL_CTX_use_certificate_buffer
[SGXSan] ALWAYS: Enter enc_wolfSSL_free
[SGXSan] ALWAYS: Enter enc_wolfSSL_Init
[SGXSan] ALWAYS: Enter enc_wolfSSL_CTX_use_certificate_chain_buffer_format
[SGXSan] ALWAYS: Enter wc_benchmark_test
------------------------------------------------------------------------------
 wolfSSL version 5.1.0
------------------------------------------------------------------------------
wolfCrypt Benchmark (block bytes 1048576, min 1.0 sec each)
RNG                 15 MB took 1.156 seconds,   12.973 MB/s
AES-128-CBC-enc     30 MB took 1.142 seconds,   26.261 MB/s
AES-128-CBC-dec     35 MB took 1.167 seconds,   30.001 MB/s
AES-192-CBC-enc     25 MB took 1.055 seconds,   23.706 MB/s
AES-192-CBC-dec     30 MB took 1.124 seconds,   26.682 MB/s
AES-256-CBC-enc     25 MB took 1.154 seconds,   21.664 MB/s
AES-256-CBC-dec     25 MB took 1.051 seconds,   23.777 MB/s
AES-128-GCM-enc     25 MB took 1.080 seconds,   23.147 MB/s
AES-128-GCM-dec     25 MB took 1.085 seconds,   23.034 MB/s
AES-192-GCM-enc     25 MB took 1.205 seconds,   20.748 MB/s
AES-192-GCM-dec     25 MB took 1.216 seconds,   20.555 MB/s
AES-256-GCM-enc     20 MB took 1.047 seconds,   19.110 MB/s
AES-256-GCM-dec     20 MB took 1.056 seconds,   18.936 MB/s
GMAC Table 4-bit    69 MB took 1.014 seconds,   68.079 MB/s
RABBIT              95 MB took 1.046 seconds,   90.854 MB/s
3DES                10 MB took 1.108 seconds,    9.028 MB/s
MD5                300 MB took 1.007 seconds,  297.855 MB/s
SHA                125 MB took 1.003 seconds,  124.682 MB/s
SHA-256             35 MB took 1.162 seconds,   30.132 MB/s
HMAC-MD5           300 MB took 1.012 seconds,  296.412 MB/s
HMAC-SHA           125 MB took 1.016 seconds,  123.024 MB/s
HMAC-SHA256         35 MB took 1.155 seconds,   30.292 MB/s
PBKDF2               4 KB took 1.002 seconds,    3.710 KB/s
RSA     2048 public       1500 ops took 1.063 sec, avg 0.709 ms, 1410.806 ops/sec
RSA     2048 private       100 ops took 3.681 sec, avg 36.807 ms, 27.168 ops/sec
DH      2048 key gen        64 ops took 1.006 sec, avg 15.726 ms, 63.589 ops/sec
DH      2048 agree         100 ops took 1.557 sec, avg 15.571 ms, 64.221 ops/sec
ECC   [      SECP256R1]   256 key gen      1372 ops took 1.001 sec, avg 0.729 ms, 1371.088 ops/sec
ECDHE [      SECP256R1]   256 agree         900 ops took 1.020 sec, avg 1.133 ms, 882.499 ops/sec
ECDSA [      SECP256R1]   256 sign         1200 ops took 1.025 sec, avg 0.854 ms, 1171.205 ops/sec
ECDSA [      SECP256R1]   256 verify        900 ops took 1.060 sec, avg 1.178 ms, 848.856 ops/sec
Benchmark complete
[SGXSan] ALWAYS: Enter enc_wolfSSL_Debugging_ON
[SGXSan] ALWAYS: Enter wc_test
------------------------------------------------------------------------------
 wolfSSL version 5.1.0
------------------------------------------------------------------------------
error    test passed!
MEMORY   test passed!
base64   test passed!
asn      test passed!
RANDOM   test passed!
MD5      test passed!
MD4      test passed!
SHA      test passed!
SHA-256  test passed!
Hash     test passed!
HMAC-MD5 test passed!
HMAC-SHA test passed!
HMAC-SHA256 test passed!
GMAC     test passed!
HC-128   test passed!
Rabbit   test passed!
DES      test passed!
DES3     test passed!
AES      test passed!
AES192   test passed!
AES256   test passed!
AES-GCM  test passed!
RSA      test passed!
DH       test passed!
DSA      test passed!
PWDBASED test passed!
ECC      test passed!
ECC buffer test passed!
logging  test passed!
mutex    test passed!
memcb    test failed!
 error = -13803
[SGXSan] ALWAYS: Enter enc_wolfSSL_Cleanup
[SGXSan] ALWAYS: Enter enc_wolfSSL_write
[SGXSan] ALWAYS: Enter enc_wolfSSL_get_error
[SGXSan] ALWAYS: Enter enc_wolfSSL_CTX_load_verify_buffer
[SGXSan] ALWAYS: Enter enc_wolfSSL_Init
[SGXSan] ALWAYS: Enter enc_wolfSSL_Debugging_ON
[SGXSan] ALWAYS: Enter enc_wolfSSL_connect
[SGXSan] ALWAYS: Enter wc_test
------------------------------------------------------------------------------
 wolfSSL version 5.1.0
------------------------------------------------------------------------------
error    test passed!
MEMORY   test passed!
base64   test passed!
asn      test passed!
RANDOM   test passed!
MD5      test passed!
MD4      test passed!
SHA      test passed!
SHA-256  test passed!
Hash     test passed!
HMAC-MD5 test passed!
HMAC-SHA test passed!
HMAC-SHA256 test passed!
GMAC     test passed!
HC-128   test passed!
Rabbit   test passed!
DES      test passed!
DES3     test passed!
AES      test passed!
AES192   test passed!
AES256   test passed!
AES-GCM  test passed!
RSA      test passed!
DH       test passed!
DSA      test passed!
PWDBASED test passed!
ECC      test passed!
ECC buffer test passed!
logging  test passed!
mutex    test passed!
memcb    test failed!
 error = -13803
[SGXSan] ALWAYS: Enter enc_wolfTLSv1_2_client_method
[SGXSan] ALWAYS: Enter enc_wolfSSL_write
[SGXSan] ALWAYS: Enter enc_wolfSSL_read
[SGXSan] ALWAYS: Enter enc_wolfSSL_CTX_use_certificate_buffer
[SGXSan] ALWAYS: Enter enc_wolfSSL_Debugging_OFF
[SGXSan] ALWAYS: Enter enc_wolfSSL_CTX_set_cipher_list
[SGXSan] ALWAYS: Enter enc_wolfSSL_set_fd
[SGXSan] ALWAYS: Enter enc_wolfSSL_CTX_use_PrivateKey_buffer
[SGXSan] ALWAYS: Enter enc_wolfSSL_new
[SGXSan] ALWAYS: Enter enc_wolfSSL_Cleanup
[SGXSan] ALWAYS: Enter enc_wolfSSL_CTX_use_certificate_chain_buffer_format
[SGXSan] ALWAYS: Enter enc_wolfSSL_CTX_free
[SGXSan] ALWAYS: Enter enc_wolfTLSv1_2_server_method
[SGXSan] ALWAYS: Enter wc_benchmark_test
------------------------------------------------------------------------------
 wolfSSL version 5.1.0
------------------------------------------------------------------------------
wolfCrypt Benchmark (block bytes 1048576, min 1.0 sec each)
RNG                 15 MB took 1.119 seconds,   13.400 MB/s
AES-128-CBC-enc     30 MB took 1.107 seconds,   27.099 MB/s
AES-128-CBC-dec     30 MB took 1.004 seconds,   29.874 MB/s
AES-192-CBC-enc     25 MB took 1.077 seconds,   23.220 MB/s
AES-192-CBC-dec     25 MB took 1.011 seconds,   24.739 MB/s
AES-256-CBC-enc     25 MB took 1.187 seconds,   21.064 MB/s
AES-256-CBC-dec     25 MB took 1.067 seconds,   23.419 MB/s
AES-128-GCM-enc     25 MB took 1.073 seconds,   23.291 MB/s
AES-128-GCM-dec     25 MB took 1.094 seconds,   22.845 MB/s
AES-192-GCM-enc     25 MB took 1.180 seconds,   21.193 MB/s
AES-192-GCM-dec     25 MB took 1.179 seconds,   21.209 MB/s
AES-256-GCM-enc     20 MB took 1.013 seconds,   19.749 MB/s
AES-256-GCM-dec     20 MB took 1.025 seconds,   19.505 MB/s
GMAC Table 4-bit    66 MB took 1.004 seconds,   65.710 MB/s
RABBIT              90 MB took 1.016 seconds,   88.579 MB/s
3DES                10 MB took 1.117 seconds,    8.949 MB/s
MD5                300 MB took 1.011 seconds,  296.647 MB/s
SHA                125 MB took 1.008 seconds,  124.018 MB/s
SHA-256             35 MB took 1.162 seconds,   30.112 MB/s
HMAC-MD5           295 MB took 1.012 seconds,  291.400 MB/s
HMAC-SHA           130 MB took 1.030 seconds,  126.182 MB/s
HMAC-SHA256         35 MB took 1.139 seconds,   30.737 MB/s
PBKDF2               4 KB took 1.004 seconds,    3.766 KB/s
RSA     2048 public       1400 ops took 1.036 sec, avg 0.740 ms, 1351.280 ops/sec
RSA     2048 private       100 ops took 3.779 sec, avg 37.787 ms, 26.464 ops/sec
DH      2048 key gen        64 ops took 1.009 sec, avg 15.761 ms, 63.447 ops/sec
DH      2048 agree         100 ops took 1.586 sec, avg 15.865 ms, 63.033 ops/sec
ECC   [      SECP256R1]   256 key gen      1398 ops took 1.000 sec, avg 0.716 ms, 1397.578 ops/sec
ECDHE [      SECP256R1]   256 agree         900 ops took 1.065 sec, avg 1.183 ms, 845.301 ops/sec
ECDSA [      SECP256R1]   256 sign         1200 ops took 1.033 sec, avg 0.861 ms, 1162.008 ops/sec
ECDSA [      SECP256R1]   256 verify        900 ops took 1.068 sec, avg 1.186 ms, 842.948 ops/sec
Benchmark complete
[SGXSan] ALWAYS: Enter enc_wolfSSL_get_error
[SGXSan] ALWAYS: Enter enc_wolfSSL_free
[SGXSan] ALWAYS: Enter enc_wolfSSL_CTX_new
#4	pulse  cov: 6299 ft: 6300 corp: 1/361Kb exec/s: 0 rss: 64Mb
[SGXSan] ALWAYS: Enter wc_benchmark_test
------------------------------------------------------------------------------
 wolfSSL version 5.1.0
------------------------------------------------------------------------------
wolfCrypt Benchmark (block bytes 1048576, min 1.0 sec each)
RNG                 15 MB took 1.147 seconds,   13.075 MB/s
AES-128-CBC-enc     30 MB took 1.137 seconds,   26.392 MB/s
AES-128-CBC-dec     30 MB took 1.013 seconds,   29.611 MB/s
AES-192-CBC-enc     25 MB took 1.089 seconds,   22.955 MB/s
AES-192-CBC-dec     30 MB took 1.146 seconds,   26.175 MB/s
AES-256-CBC-enc     25 MB took 1.175 seconds,   21.269 MB/s
AES-256-CBC-dec     25 MB took 1.081 seconds,   23.135 MB/s
AES-128-GCM-enc     25 MB took 1.104 seconds,   22.652 MB/s
AES-128-GCM-dec     25 MB took 1.159 seconds,   21.569 MB/s
AES-192-GCM-enc     20 MB took 1.005 seconds,   19.898 MB/s
AES-192-GCM-dec     25 MB took 1.224 seconds,   20.428 MB/s
AES-256-GCM-enc     20 MB took 1.052 seconds,   19.005 MB/s
AES-256-GCM-dec     20 MB took 1.075 seconds,   18.611 MB/s
GMAC Table 4-bit    68 MB took 1.000 seconds,   67.981 MB/s
RABBIT              95 MB took 1.043 seconds,   91.123 MB/s
3DES                10 MB took 1.109 seconds,    9.020 MB/s
MD5                300 MB took 1.007 seconds,  298.037 MB/s
SHA                125 MB took 1.018 seconds,  122.816 MB/s
SHA-256             30 MB took 1.001 seconds,   29.961 MB/s
HMAC-MD5           295 MB took 1.003 seconds,  293.997 MB/s
HMAC-SHA           125 MB took 1.013 seconds,  123.429 MB/s
HMAC-SHA256         35 MB took 1.166 seconds,   30.016 MB/s
PBKDF2               4 KB took 1.003 seconds,    3.738 KB/s
RSA     2048 public       1400 ops took 1.034 sec, avg 0.739 ms, 1353.782 ops/sec
RSA     2048 private       100 ops took 3.754 sec, avg 37.540 ms, 26.638 ops/sec
DH      2048 key gen        63 ops took 1.001 sec, avg 15.881 ms, 62.967 ops/sec
DH      2048 agree         100 ops took 1.596 sec, avg 15.965 ms, 62.638 ops/sec
ECC   [      SECP256R1]   256 key gen      1405 ops took 1.000 sec, avg 0.712 ms, 1404.584 ops/sec
ECDHE [      SECP256R1]   256 agree        1000 ops took 1.077 sec, avg 1.077 ms, 928.589 ops/sec
ECDSA [      SECP256R1]   256 sign         1200 ops took 1.013 sec, avg 0.844 ms, 1184.629 ops/sec
ECDSA [      SECP256R1]   256 verify        900 ops took 1.058 sec, avg 1.176 ms, 850.563 ops/sec
Benchmark complete
[SGXSan] ALWAYS: Enter enc_wolfSSL_get_error
[SGXSan] ALWAYS: Enter enc_wolfSSL_free
[SGXSan] ALWAYS: Enter enc_wolfSSL_Debugging_OFF
[SGXSan] ALWAYS: Enter enc_wolfSSL_connect
[SGXSan] ALWAYS: Enter wc_test
------------------------------------------------------------------------------
 wolfSSL version 5.1.0
------------------------------------------------------------------------------
error    test passed!
MEMORY   test passed!
base64   test passed!
asn      test passed!
RANDOM   test passed!
MD5      test passed!
MD4      test passed!
SHA      test passed!
SHA-256  test passed!
Hash     test passed!
HMAC-MD5 test passed!
HMAC-SHA test passed!
HMAC-SHA256 test passed!
GMAC     test passed!
HC-128   test passed!
Rabbit   test passed!
DES      test passed!
DES3     test passed!
AES      test passed!
AES192   test passed!
AES256   test passed!
AES-GCM  test passed!
RSA      test passed!
DH       test passed!
DSA      test passed!
PWDBASED test passed!
ECC      test passed!
ECC buffer test passed!
logging  test passed!
mutex    test passed!
memcb    test failed!
 error = -13803
[SGXSan] ALWAYS: Enter enc_wolfSSL_CTX_use_certificate_chain_buffer_format
[SGXSan] ALWAYS: Enter enc_wolfSSL_set_fd
[SGXSan] ALWAYS: Enter enc_wolfSSL_read
[SGXSan] ALWAYS: Enter enc_wolfSSL_Cleanup
[SGXSan] ALWAYS: Enter enc_wolfSSL_CTX_set_cipher_list
[SGXSan] ALWAYS: Enter enc_wolfSSL_Debugging_ON
[SGXSan] ALWAYS: Enter enc_wolfSSL_write
[SGXSan] ALWAYS: Enter enc_wolfSSL_CTX_new
[SGXSan] ALWAYS: Enter enc_wolfSSL_Init
[SGXSan] ALWAYS: Enter enc_wolfTLSv1_2_server_method
[SGXSan] ALWAYS: Enter enc_wolfSSL_CTX_use_certificate_buffer
[SGXSan] ALWAYS: Enter enc_wolfSSL_new
[SGXSan] ALWAYS: Enter enc_wolfSSL_CTX_free
[SGXSan] ALWAYS: Enter enc_wolfSSL_CTX_use_PrivateKey_buffer
[SGXSan] ALWAYS: Enter enc_wolfSSL_CTX_load_verify_buffer
[SGXSan] ALWAYS: Enter enc_wolfTLSv1_2_client_method
[SGXSan] ALWAYS: Enter enc_wolfSSL_get_error
[SGXSan] ALWAYS: Enter enc_wolfSSL_free
[SGXSan] ALWAYS: Enter enc_wolfSSL_CTX_free
[SGXSan] ALWAYS: Enter enc_wolfSSL_connect
[SGXSan] ALWAYS: Enter enc_wolfSSL_CTX_new
[SGXSan] ALWAYS: Enter enc_wolfTLSv1_2_client_method
[SGXSan] ALWAYS: Enter wc_benchmark_test
------------------------------------------------------------------------------
 wolfSSL version 5.1.0
------------------------------------------------------------------------------
wolfCrypt Benchmark (block bytes 1048576, min 1.0 sec each)
RNG                 15 MB took 1.136 seconds,   13.203 MB/s
AES-128-CBC-enc     30 MB took 1.106 seconds,   27.134 MB/s
AES-128-CBC-dec     35 MB took 1.153 seconds,   30.356 MB/s
AES-192-CBC-enc     25 MB took 1.054 seconds,   23.711 MB/s
AES-192-CBC-dec     30 MB took 1.132 seconds,   26.496 MB/s
AES-256-CBC-enc     25 MB took 1.137 seconds,   21.992 MB/s
AES-256-CBC-dec     25 MB took 1.021 seconds,   24.487 MB/s
AES-128-GCM-enc     25 MB took 1.089 seconds,   22.964 MB/s
AES-128-GCM-dec     25 MB took 1.086 seconds,   23.015 MB/s
AES-192-GCM-enc     25 MB took 1.233 seconds,   20.278 MB/s
AES-192-GCM-dec     25 MB took 1.211 seconds,   20.649 MB/s
AES-256-GCM-enc     20 MB took 1.051 seconds,   19.024 MB/s
AES-256-GCM-dec     20 MB took 1.042 seconds,   19.187 MB/s
GMAC Table 4-bit    67 MB took 1.007 seconds,   66.502 MB/s
RABBIT              90 MB took 1.008 seconds,   89.322 MB/s
3DES                10 MB took 1.114 seconds,    8.977 MB/s
MD5                300 MB took 1.008 seconds,  297.578 MB/s
SHA                125 MB took 1.004 seconds,  124.557 MB/s
SHA-256             30 MB took 1.005 seconds,   29.857 MB/s
HMAC-MD5           300 MB took 1.008 seconds,  297.763 MB/s
HMAC-SHA           125 MB took 1.007 seconds,  124.071 MB/s
HMAC-SHA256         35 MB took 1.160 seconds,   30.170 MB/s
PBKDF2               4 KB took 1.002 seconds,    3.742 KB/s
RSA     2048 public       1500 ops took 1.066 sec, avg 0.710 ms, 1407.474 ops/sec
RSA     2048 private       100 ops took 3.667 sec, avg 36.672 ms, 27.269 ops/sec
DH      2048 key gen        65 ops took 1.001 sec, avg 15.407 ms, 64.906 ops/sec
DH      2048 agree         100 ops took 1.530 sec, avg 15.298 ms, 65.370 ops/sec
ECC   [      SECP256R1]   256 key gen      1448 ops took 1.000 sec, avg 0.691 ms, 1447.988 ops/sec
ECDHE [      SECP256R1]   256 agree        1000 ops took 1.046 sec, avg 1.046 ms, 956.035 ops/sec
ECDSA [      SECP256R1]   256 sign         1300 ops took 1.038 sec, avg 0.799 ms, 1252.160 ops/sec
ECDSA [      SECP256R1]   256 verify        900 ops took 1.051 sec, avg 1.168 ms, 855.996 ops/sec
Benchmark complete
[SGXSan] ALWAYS: Enter enc_wolfSSL_Init
[SGXSan] ALWAYS: Enter enc_wolfSSL_write
[SGXSan] ALWAYS: Enter enc_wolfTLSv1_2_server_method
[SGXSan] ALWAYS: Enter enc_wolfSSL_CTX_load_verify_buffer
[SGXSan] ALWAYS: Enter enc_wolfSSL_CTX_set_cipher_list
[SGXSan] ALWAYS: Enter enc_wolfSSL_CTX_use_PrivateKey_buffer
[SGXSan] ALWAYS: Enter enc_wolfSSL_read
[SGXSan] ALWAYS: Enter enc_wolfSSL_Cleanup
[SGXSan] ALWAYS: Enter enc_wolfSSL_CTX_use_certificate_chain_buffer_format
[SGXSan] ALWAYS: Enter wc_test
------------------------------------------------------------------------------
 wolfSSL version 5.1.0
------------------------------------------------------------------------------
error    test passed!
MEMORY   test passed!
base64   test passed!
asn      test passed!
RANDOM   test passed!
MD5      test passed!
MD4      test passed!
SHA      test passed!
SHA-256  test passed!
Hash     test passed!
HMAC-MD5 test passed!
HMAC-SHA test passed!
HMAC-SHA256 test passed!
GMAC     test passed!
HC-128   test passed!
Rabbit   test passed!
DES      test passed!
DES3     test passed!
AES      test passed!
AES192   test passed!
AES256   test passed!
AES-GCM  test passed!
RSA      test passed!
DH       test passed!
DSA      test passed!
PWDBASED test passed!
ECC      test passed!
ECC buffer test passed!
logging  test passed!
mutex    test passed!
memcb    test failed!
 error = -13803
[SGXSan] ALWAYS: Enter enc_wolfSSL_CTX_use_certificate_buffer
[SGXSan] ALWAYS: Enter enc_wolfSSL_Debugging_ON
[SGXSan] ALWAYS: Enter enc_wolfSSL_set_fd
[SGXSan] ALWAYS: Enter enc_wolfSSL_new
[SGXSan] ALWAYS: Enter enc_wolfSSL_Debugging_OFF
#6	INITED cov: 6301 ft: 6306 corp: 4/1504Kb exec/s: 0 rss: 78Mb
[SGXSan] ALWAYS: Enter enc_wolfSSL_CTX_load_verify_buffer
[SGXSan] ALWAYS: Enter enc_wolfSSL_Init
[SGXSan] ALWAYS: Enter enc_wolfSSL_Debugging_ON
[SGXSan] ALWAYS: Enter enc_wolfSSL_connect
[SGXSan] ALWAYS: Enter wc_test
------------------------------------------------------------------------------
 wolfSSL version 5.1.0
------------------------------------------------------------------------------
error    test passed!
MEMORY   test passed!
base64   test passed!
asn      test passed!
RANDOM   test passed!
MD5      test passed!
MD4      test passed!
SHA      test passed!
SHA-256  test passed!
Hash     test passed!
HMAC-MD5 test passed!
HMAC-SHA test passed!
HMAC-SHA256 test passed!
GMAC     test passed!
HC-128   test passed!
Rabbit   test passed!
DES      test passed!
DES3     test passed!
AES      test passed!
AES192   test passed!
AES256   test passed!
AES-GCM  test passed!
RSA      test passed!
DH       test passed!
DSA      test passed!
PWDBASED test passed!
ECC      test passed!
ECC buffer test passed!
logging  test passed!
mutex    test passed!
memcb    test failed!
 error = -13803
[SGXSan] ALWAYS: Enter enc_wolfTLSv1_2_client_method
[SGXSan] ALWAYS: Enter enc_wolfSSL_write
[SGXSan] ALWAYS: Enter enc_wolfSSL_read
[SGXSan] ALWAYS: Enter enc_wolfSSL_CTX_use_certificate_buffer
[SGXSan] ALWAYS: Enter enc_wolfSSL_Debugging_OFF
[SGXSan] ALWAYS: Enter enc_wolfSSL_CTX_set_cipher_list
[SGXSan] ALWAYS: Enter enc_wolfSSL_set_fd
[SGXSan] ALWAYS: Enter enc_wolfSSL_CTX_use_PrivateKey_buffer
[SGXSan] ALWAYS: Enter enc_wolfSSL_new
[SGXSan] ALWAYS: Enter enc_wolfSSL_Cleanup
[SGXSan] ALWAYS: Enter enc_wolfSSL_CTX_use_certificate_chain_buffer_format
[SGXSan] ALWAYS: Enter enc_wolfSSL_CTX_free
[SGXSan] ALWAYS: Enter enc_wolfTLSv1_2_server_method
[SGXSan] ALWAYS: Enter wc_benchmark_test
------------------------------------------------------------------------------
 wolfSSL version 5.1.0
------------------------------------------------------------------------------
wolfCrypt Benchmark (block bytes 1048576, min 1.0 sec each)
RNG                 15 MB took 1.153 seconds,   13.009 MB/s
AES-128-CBC-enc     30 MB took 1.137 seconds,   26.392 MB/s
AES-128-CBC-dec     35 MB took 1.166 seconds,   30.013 MB/s
AES-192-CBC-enc     25 MB took 1.091 seconds,   22.915 MB/s
AES-192-CBC-dec     30 MB took 1.150 seconds,   26.081 MB/s
AES-256-CBC-enc     25 MB took 1.187 seconds,   21.053 MB/s
AES-256-CBC-dec     25 MB took 1.057 seconds,   23.646 MB/s
AES-128-GCM-enc     25 MB took 1.061 seconds,   23.562 MB/s
AES-128-GCM-dec     25 MB took 1.056 seconds,   23.667 MB/s
AES-192-GCM-enc     25 MB took 1.154 seconds,   21.660 MB/s
AES-192-GCM-dec     25 MB took 1.173 seconds,   21.319 MB/s
AES-256-GCM-enc     20 MB took 1.032 seconds,   19.388 MB/s
AES-256-GCM-dec     20 MB took 1.017 seconds,   19.674 MB/s
GMAC Table 4-bit    68 MB took 1.003 seconds,   67.821 MB/s
RABBIT              90 MB took 1.010 seconds,   89.104 MB/s
3DES                10 MB took 1.101 seconds,    9.083 MB/s
MD5                295 MB took 1.011 seconds,  291.653 MB/s
SHA                130 MB took 1.039 seconds,  125.176 MB/s
SHA-256             30 MB took 1.001 seconds,   29.969 MB/s
HMAC-MD5           300 MB took 1.008 seconds,  297.546 MB/s
HMAC-SHA           125 MB took 1.005 seconds,  124.393 MB/s
HMAC-SHA256         30 MB took 1.008 seconds,   29.750 MB/s
PBKDF2               4 KB took 1.008 seconds,    3.721 KB/s
RSA     2048 public       1400 ops took 1.053 sec, avg 0.752 ms, 1329.609 ops/sec
RSA     2048 private       100 ops took 3.743 sec, avg 37.425 ms, 26.720 ops/sec
DH      2048 key gen        64 ops took 1.005 sec, avg 15.698 ms, 63.704 ops/sec
DH      2048 agree         100 ops took 1.569 sec, avg 15.691 ms, 63.729 ops/sec
ECC   [      SECP256R1]   256 key gen      1412 ops took 1.000 sec, avg 0.709 ms, 1411.385 ops/sec
ECDHE [      SECP256R1]   256 agree        1000 ops took 1.076 sec, avg 1.076 ms, 929.520 ops/sec
ECDSA [      SECP256R1]   256 sign         1300 ops took 1.083 sec, avg 0.833 ms, 1200.254 ops/sec
ECDSA [      SECP256R1]   256 verify        900 ops took 1.051 sec, avg 1.168 ms, 855.964 ops/sec
Benchmark complete
[SGXSan] ALWAYS: Enter enc_wolfSSL_get_error
[SGXSan] ALWAYS: Enter enc_wolfSSL_free
[SGXSan] ALWAYS: Enter enc_wolfSSL_CTX_new
[SGXSan] ALWAYS: Enter enc_wolfSSL_Init
[SGXSan] ALWAYS: Enter enc_wolfSSL_new
[SGXSan] ALWAYS: Enter enc_wolfSSL_free
[SGXSan] ALWAYS: Enter enc_wolfTLSv1_2_server_method
[SGXSan] ALWAYS: Enter enc_wolfSSL_Cleanup
[SGXSan] ALWAYS: Enter enc_wolfSSL_read
[SGXSan] ALWAYS: Enter enc_wolfSSL_CTX_free
[SGXSan] ALWAYS: Enter wc_benchmark_test
------------------------------------------------------------------------------
 wolfSSL version 5.1.0
------------------------------------------------------------------------------
wolfCrypt Benchmark (block bytes 1048576, min 1.0 sec each)
RNG                 15 MB took 1.140 seconds,   13.157 MB/s
AES-128-CBC-enc     30 MB took 1.089 seconds,   27.555 MB/s
AES-128-CBC-dec     35 MB took 1.122 seconds,   31.205 MB/s
AES-192-CBC-enc     25 MB took 1.062 seconds,   23.531 MB/s
AES-192-CBC-dec     30 MB took 1.145 seconds,   26.194 MB/s
AES-256-CBC-enc     25 MB took 1.176 seconds,   21.257 MB/s
AES-256-CBC-dec     25 MB took 1.069 seconds,   23.386 MB/s
AES-128-GCM-enc     25 MB took 1.084 seconds,   23.068 MB/s
AES-128-GCM-dec     25 MB took 1.082 seconds,   23.096 MB/s
AES-192-GCM-enc     25 MB took 1.186 seconds,   21.088 MB/s
AES-192-GCM-dec     25 MB took 1.155 seconds,   21.650 MB/s
AES-256-GCM-enc     25 MB took 1.252 seconds,   19.966 MB/s
AES-256-GCM-dec     25 MB took 1.247 seconds,   20.046 MB/s
GMAC Table 4-bit    67 MB took 1.010 seconds,   66.353 MB/s
RABBIT              90 MB took 1.019 seconds,   88.323 MB/s
3DES                10 MB took 1.111 seconds,    9.002 MB/s
MD5                300 MB took 1.009 seconds,  297.323 MB/s
SHA                130 MB took 1.037 seconds,  125.360 MB/s
SHA-256             35 MB took 1.159 seconds,   30.187 MB/s
HMAC-MD5           295 MB took 1.012 seconds,  291.562 MB/s
HMAC-SHA           130 MB took 1.029 seconds,  126.342 MB/s
HMAC-SHA256         35 MB took 1.133 seconds,   30.896 MB/s
PBKDF2               4 KB took 1.004 seconds,    3.829 KB/s
RSA     2048 public       1500 ops took 1.065 sec, avg 0.710 ms, 1407.985 ops/sec
RSA     2048 private       100 ops took 3.643 sec, avg 36.428 ms, 27.451 ops/sec
DH      2048 key gen        65 ops took 1.015 sec, avg 15.609 ms, 64.064 ops/sec
DH      2048 agree         100 ops took 1.535 sec, avg 15.351 ms, 65.141 ops/sec
ECC   [      SECP256R1]   256 key gen      1411 ops took 1.000 sec, avg 0.709 ms, 1410.781 ops/sec
ECDHE [      SECP256R1]   256 agree        1000 ops took 1.087 sec, avg 1.087 ms, 920.041 ops/sec
ECDSA [      SECP256R1]   256 sign         1300 ops took 1.076 sec, avg 0.828 ms, 1207.945 ops/sec
ECDSA [      SECP256R1]   256 verify        900 ops took 1.033 sec, avg 1.148 ms, 871.006 ops/sec
Benchmark complete
[SGXSan] ALWAYS: Enter enc_wolfSSL_get_error
[SGXSan] ALWAYS: Enter enc_wolfSSL_CTX_use_PrivateKey_buffer
[SGXSan] ALWAYS: Enter wc_test
------------------------------------------------------------------------------
 wolfSSL version 5.1.0
------------------------------------------------------------------------------
error    test passed!
MEMORY   test passed!
base64   test passed!
asn      test passed!
RANDOM   test passed!
MD5      test passed!
MD4      test passed!
SHA      test passed!
SHA-256  test passed!
Hash     test passed!
HMAC-MD5 test passed!
HMAC-SHA test passed!
HMAC-SHA256 test passed!
GMAC     test passed!
HC-128   test passed!
Rabbit   test passed!
DES      test passed!
DES3     test passed!
AES      test passed!
AES192   test passed!
AES256   test passed!
AES-GCM  test passed!
RSA      test passed!
DH       test passed!
DSA      test passed!
PWDBASED test passed!
ECC      test passed!
ECC buffer test passed!
logging  test passed!
mutex    test passed!
memcb    test failed!
 error = -13803
[SGXSan] ALWAYS: Enter enc_wolfSSL_Debugging_ON
[SGXSan] ALWAYS: Enter enc_wolfTLSv1_2_client_method
[SGXSan] ALWAYS: Enter enc_wolfSSL_CTX_set_cipher_list
[SGXSan] ALWAYS: Enter enc_wolfSSL_connect
[SGXSan] ALWAYS: Enter enc_wolfSSL_CTX_new
[SGXSan] ALWAYS: Enter enc_wolfSSL_write
[SGXSan] ALWAYS: Enter enc_wolfSSL_CTX_use_certificate_chain_buffer_format
[SGXSan] ALWAYS: Enter enc_wolfSSL_set_fd
[SGXSan] ALWAYS: Enter enc_wolfSSL_Debugging_OFF
[SGXSan] ALWAYS: Enter enc_wolfSSL_CTX_load_verify_buffer
[SGXSan] ALWAYS: Enter enc_wolfSSL_CTX_use_certificate_buffer
#8	pulse  cov: 6301 ft: 6311 corp: 4/1504Kb lim: 1000000 exec/s: 0 rss: 89Mb
#8	NEW    cov: 6301 ft: 6311 corp: 5/1885Kb lim: 1000000 exec/s: 0 rss: 91Mb L: 390122/390122 MS: 4 EraseBytes-Custom-CrossOver-Custom-
#8	DONE   cov: 6301 ft: 6311 corp: 5/1885Kb lim: 1000000 exec/s: 0 rss: 91Mb
Done 8 runs in 339 second(s)
stat::number_of_executed_units: 8
stat::average_exec_per_sec:     0
stat::new_units_added:          1
stat::slowest_unit_time_sec:    42
stat::peak_rss_mb:              91
