WARNING: Failed to find function "__sanitizer_acquire_crash_state".
WARNING: Failed to find function "__sanitizer_print_stack_trace".
WARNING: Failed to find function "__sanitizer_set_death_callback".
[CEnclavePool /home/leone/Documents/linux-sgx/psw/urts/enclave.cpp:638] enter CEnclavePool constructor
[2023-01-15 23:36:55.994] [Init] Num of ECall: 22
[2023-01-15 23:36:55.994] ECalls:
  0 - fuzz_enc_wolfSSL_CTX_free
  1 - fuzz_enc_wolfSSL_CTX_load_verify_buffer
  2 - fuzz_enc_wolfSSL_CTX_new
  3 - fuzz_enc_wolfSSL_CTX_set_cipher_list
  4 - fuzz_enc_wolfSSL_CTX_use_PrivateKey_buffer
  5 - fuzz_enc_wolfSSL_CTX_use_certificate_buffer
  6 - fuzz_enc_wolfSSL_CTX_use_certificate_chain_buffer_format
  7 - fuzz_enc_wolfSSL_Cleanup
  8 - fuzz_enc_wolfSSL_Debugging_OFF
  9 - fuzz_enc_wolfSSL_Debugging_ON
  10 - fuzz_enc_wolfSSL_Init
  11 - fuzz_enc_wolfSSL_connect
  12 - fuzz_enc_wolfSSL_free
  13 - fuzz_enc_wolfSSL_get_error
  14 - fuzz_enc_wolfSSL_new
  15 - fuzz_enc_wolfSSL_read
  16 - fuzz_enc_wolfSSL_set_fd
  17 - fuzz_enc_wolfSSL_write
  18 - fuzz_enc_wolfTLSv1_2_client_method
  19 - fuzz_enc_wolfTLSv1_2_server_method
  20 - fuzz_wc_benchmark_test
  21 - fuzz_wc_test

INFO: found LLVMFuzzerCustomMutator (0x44ac30). Disabling -len_control by default.
INFO: libFuzzer ignores flags that start with '--'
INFO: Running with entropic power schedule (0xFF, 100).
INFO: Seed: 2492138195
INFO: Loaded 1 modules   (291 inline 8-bit counters): 291 [0x4cb7e8, 0x4cb90b), 
INFO: Loaded 1 PC tables (291 PCs): 291 [0x4cb910,0x4ccb40), 
INFO:        0 files found in /tmp/libFuzzerTemp.FuzzWithFork422940.dir/C321
[SGXSan] ALWAYS: Hook __sanitizer_cov_8bit_counters_init of Enclave, 21636 inline 8-bit counts [0x7faf19e459c0, 0x7faf19e4ae44) (First time)
[SGXSan] ALWAYS: Hook __sanitizer_cov_pcs_init of Enclave, 21636 PCs [0x7faf19e4ae48, 0x7faf19e9f688) (First time)
[SGXSan] ALWAYS: Enter enc_wolfSSL_CTX_free
[SGXSan] ALWAYS: Enter enc_wolfSSL_CTX_load_verify_buffer
[SGXSan] ALWAYS: Enter enc_wolfSSL_CTX_new
[SGXSan] ALWAYS: Enter enc_wolfSSL_CTX_set_cipher_list
[SGXSan] ALWAYS: Enter enc_wolfSSL_CTX_use_PrivateKey_buffer
[SGXSan] ALWAYS: Enter enc_wolfSSL_CTX_use_certificate_buffer
[SGXSan] ALWAYS: Enter enc_wolfSSL_CTX_use_certificate_chain_buffer_format
[SGXSan] ALWAYS: Enter enc_wolfSSL_Cleanup
[SGXSan] ALWAYS: Enter enc_wolfSSL_Debugging_OFF
[SGXSan] ALWAYS: Enter enc_wolfSSL_Debugging_ON
[SGXSan] ALWAYS: Enter enc_wolfSSL_Init
[SGXSan] ALWAYS: Enter enc_wolfSSL_connect
[SGXSan] ALWAYS: Enter enc_wolfSSL_free
[SGXSan] ALWAYS: Enter enc_wolfSSL_get_error
[SGXSan] ALWAYS: Enter enc_wolfSSL_new
[SGXSan] ALWAYS: Enter enc_wolfSSL_read
[SGXSan] ALWAYS: Enter enc_wolfSSL_set_fd
[SGXSan] ALWAYS: Enter enc_wolfSSL_write
[SGXSan] ALWAYS: Enter enc_wolfTLSv1_2_client_method
[SGXSan] ALWAYS: Enter enc_wolfTLSv1_2_server_method
[SGXSan] ALWAYS: Enter wc_benchmark_test
------------------------------------------------------------------------------
 wolfSSL version 5.1.0
------------------------------------------------------------------------------
wolfCrypt Benchmark (block bytes 1048576, min 1.0 sec each)
RNG                 15 MB took 1.170 seconds,   12.823 MB/s
AES-128-CBC-enc     35 MB took 1.066 seconds,   32.821 MB/s
AES-128-CBC-dec     35 MB took 1.163 seconds,   30.089 MB/s
AES-192-CBC-enc     30 MB took 1.099 seconds,   27.305 MB/s
AES-192-CBC-dec     30 MB took 1.166 seconds,   25.726 MB/s
AES-256-CBC-enc     25 MB took 1.020 seconds,   24.518 MB/s
AES-256-CBC-dec     25 MB took 1.067 seconds,   23.433 MB/s
AES-128-GCM-enc     25 MB took 1.068 seconds,   23.411 MB/s
AES-128-GCM-dec     25 MB took 1.054 seconds,   23.710 MB/s
AES-192-GCM-enc     25 MB took 1.183 seconds,   21.137 MB/s
AES-192-GCM-dec     25 MB took 1.205 seconds,   20.743 MB/s
AES-256-GCM-enc     20 MB took 1.049 seconds,   19.074 MB/s
AES-256-GCM-dec     20 MB took 1.045 seconds,   19.133 MB/s
GMAC Table 4-bit    67 MB took 1.002 seconds,   66.880 MB/s
RABBIT              90 MB took 1.012 seconds,   88.898 MB/s
3DES                10 MB took 1.111 seconds,    8.998 MB/s
MD5                305 MB took 1.014 seconds,  300.796 MB/s
SHA                130 MB took 1.016 seconds,  127.964 MB/s
SHA-256             35 MB took 1.135 seconds,   30.850 MB/s
HMAC-MD5           310 MB took 1.013 seconds,  306.131 MB/s
HMAC-SHA           130 MB took 1.006 seconds,  129.221 MB/s
HMAC-SHA256         35 MB took 1.122 seconds,   31.182 MB/s
PBKDF2               4 KB took 1.006 seconds,    3.757 KB/s
RSA     2048 public       1500 ops took 1.072 sec, avg 0.715 ms, 1399.295 ops/sec
RSA     2048 private       100 ops took 3.756 sec, avg 37.563 ms, 26.622 ops/sec
DH      2048 key gen        64 ops took 1.003 sec, avg 15.670 ms, 63.818 ops/sec
DH      2048 agree         100 ops took 1.591 sec, avg 15.910 ms, 62.853 ops/sec
ECC   [      SECP256R1]   256 key gen      1423 ops took 1.000 sec, avg 0.703 ms, 1422.713 ops/sec
ECDHE [      SECP256R1]   256 agree        1000 ops took 1.098 sec, avg 1.098 ms, 910.433 ops/sec
ECDSA [      SECP256R1]   256 sign         1300 ops took 1.071 sec, avg 0.824 ms, 1214.184 ops/sec
ECDSA [      SECP256R1]   256 verify        900 ops took 1.054 sec, avg 1.171 ms, 853.646 ops/sec
Benchmark complete
[SGXSan] ALWAYS: Enter wc_test
INFO: seed corpus: files: 6 min: 370191b max: 390122b total: 2320801b rss: 44Mb
------------------------------------------------------------------------------
 wolfSSL version 5.1.0
------------------------------------------------------------------------------
error    test passed!
MEMORY   test passed!
base64   test passed!
asn      test passed!
RANDOM   test passed!
MD5      test passed!
MD4      test passed!
SHA      test passed!
SHA-256  test passed!
Hash     test passed!
HMAC-MD5 test passed!
HMAC-SHA test passed!
HMAC-SHA256 test passed!
GMAC     test passed!
HC-128   test passed!
Rabbit   test passed!
DES      test passed!
DES3     test passed!
AES      test passed!
AES192   test passed!
AES256   test passed!
AES-GCM  test passed!
RSA      test passed!
DH       test passed!
DSA      test passed!
PWDBASED test passed!
ECC      test passed!
ECC buffer test passed!
logging  test passed!
mutex    test passed!
memcb    test passed!
Test complete
[SGXSan] ALWAYS: Enter enc_wolfSSL_connect
[SGXSan] ALWAYS: Enter enc_wolfSSL_new
[SGXSan] ALWAYS: Enter enc_wolfSSL_CTX_new
[SGXSan] ALWAYS: Enter enc_wolfSSL_CTX_free
[SGXSan] ALWAYS: Enter enc_wolfSSL_write
[SGXSan] ALWAYS: Enter enc_wolfSSL_CTX_load_verify_buffer
[SGXSan] ALWAYS: Enter enc_wolfSSL_CTX_use_PrivateKey_buffer
[SGXSan] ALWAYS: Enter enc_wolfTLSv1_2_client_method
[SGXSan] ALWAYS: Enter wc_benchmark_test
------------------------------------------------------------------------------
 wolfSSL version 5.1.0
------------------------------------------------------------------------------
wolfCrypt Benchmark (block bytes 1048576, min 1.0 sec each)
RNG                 15 MB took 1.162 seconds,   12.911 MB/s
AES-128-CBC-enc     35 MB took 1.091 seconds,   32.072 MB/s
AES-128-CBC-dec     35 MB took 1.140 seconds,   30.692 MB/s
AES-192-CBC-enc     30 MB took 1.045 seconds,   28.697 MB/s
AES-192-CBC-dec     30 MB took 1.119 seconds,   26.810 MB/s
AES-256-CBC-enc     30 MB took 1.179 seconds,   25.447 MB/s
AES-256-CBC-dec     25 MB took 1.037 seconds,   24.106 MB/s
AES-128-GCM-enc     25 MB took 1.038 seconds,   24.078 MB/s
AES-128-GCM-dec     25 MB took 1.037 seconds,   24.114 MB/s
AES-192-GCM-enc     25 MB took 1.169 seconds,   21.388 MB/s
AES-192-GCM-dec     25 MB took 1.182 seconds,   21.159 MB/s
AES-256-GCM-enc     20 MB took 1.006 seconds,   19.872 MB/s
AES-256-GCM-dec     20 MB took 1.021 seconds,   19.584 MB/s
GMAC Table 4-bit    69 MB took 1.003 seconds,   68.762 MB/s
RABBIT              95 MB took 1.039 seconds,   91.473 MB/s
3DES                10 MB took 1.076 seconds,    9.298 MB/s
MD5                305 MB took 1.012 seconds,  301.417 MB/s
SHA                130 MB took 1.007 seconds,  129.086 MB/s
SHA-256             35 MB took 1.133 seconds,   30.896 MB/s
HMAC-MD5           310 MB took 1.015 seconds,  305.492 MB/s
HMAC-SHA           130 MB took 1.003 seconds,  129.671 MB/s
HMAC-SHA256         35 MB took 1.123 seconds,   31.166 MB/s
PBKDF2               4 KB took 1.007 seconds,    3.756 KB/s
RSA     2048 public       1500 ops took 1.065 sec, avg 0.710 ms, 1407.946 ops/sec
RSA     2048 private       100 ops took 3.618 sec, avg 36.175 ms, 27.643 ops/sec
DH      2048 key gen        65 ops took 1.008 sec, avg 15.501 ms, 64.514 ops/sec
DH      2048 agree         100 ops took 1.604 sec, avg 16.035 ms, 62.363 ops/sec
ECC   [      SECP256R1]   256 key gen      1378 ops took 1.000 sec, avg 0.726 ms, 1377.853 ops/sec
ECDHE [      SECP256R1]   256 agree         900 ops took 1.020 sec, avg 1.133 ms, 882.609 ops/sec
ECDSA [      SECP256R1]   256 sign         1200 ops took 1.029 sec, avg 0.858 ms, 1166.082 ops/sec
ECDSA [      SECP256R1]   256 verify        900 ops took 1.077 sec, avg 1.197 ms, 835.372 ops/sec
Benchmark complete
[SGXSan] ALWAYS: Enter enc_wolfSSL_CTX_set_cipher_list
[SGXSan] ALWAYS: Enter enc_wolfSSL_get_error
[SGXSan] ALWAYS: Enter enc_wolfSSL_Init
[SGXSan] ALWAYS: Enter enc_wolfSSL_free
[SGXSan] ALWAYS: Enter wc_test
------------------------------------------------------------------------------
 wolfSSL version 5.1.0
------------------------------------------------------------------------------
error    test passed!
MEMORY   test passed!
base64   test passed!
asn      test passed!
RANDOM   test passed!
MD5      test passed!
MD4      test passed!
SHA      test passed!
SHA-256  test passed!
Hash     test passed!
HMAC-MD5 test passed!
HMAC-SHA test passed!
HMAC-SHA256 test passed!
GMAC     test passed!
HC-128   test passed!
Rabbit   test passed!
DES      test passed!
DES3     test passed!
AES      test passed!
AES192   test passed!
AES256   test passed!
AES-GCM  test passed!
RSA      test passed!
DH       test passed!
DSA      test passed!
PWDBASED test passed!
ECC      test passed!
ECC buffer test passed!
logging  test passed!
mutex    test passed!
memcb    test failed!
 error = -13803
[SGXSan] ALWAYS: Enter enc_wolfSSL_Debugging_ON
[SGXSan] ALWAYS: Enter enc_wolfSSL_read
[SGXSan] ALWAYS: Enter enc_wolfSSL_Debugging_OFF
[SGXSan] ALWAYS: Enter enc_wolfTLSv1_2_server_method
[SGXSan] ALWAYS: Enter enc_wolfSSL_set_fd
[SGXSan] ALWAYS: Enter enc_wolfSSL_CTX_use_certificate_buffer
[SGXSan] ALWAYS: Enter enc_wolfSSL_CTX_use_certificate_chain_buffer_format
[SGXSan] ALWAYS: Enter enc_wolfSSL_Cleanup
#2	pulse  ft: 6292 exec/s: 0 rss: 50Mb
Slowest unit: 42 s:
artifact_prefix='./crashes/'; Test unit written to ./crashes/slow-unit-aa67a8da5bebb8bc6521fd2051f0a99c78208cac
[SGXSan] ALWAYS: Enter enc_wolfSSL_Init
[SGXSan] ALWAYS: Enter wc_benchmark_test
------------------------------------------------------------------------------
 wolfSSL version 5.1.0
------------------------------------------------------------------------------
wolfCrypt Benchmark (block bytes 1048576, min 1.0 sec each)
RNG                 15 MB took 1.165 seconds,   12.872 MB/s
AES-128-CBC-enc     35 MB took 1.085 seconds,   32.247 MB/s
AES-128-CBC-dec     30 MB took 1.006 seconds,   29.811 MB/s
AES-192-CBC-enc     30 MB took 1.077 seconds,   27.855 MB/s
AES-192-CBC-dec     30 MB took 1.161 seconds,   25.844 MB/s
AES-256-CBC-enc     30 MB took 1.179 seconds,   25.446 MB/s
AES-256-CBC-dec     25 MB took 1.068 seconds,   23.405 MB/s
AES-128-GCM-enc     25 MB took 1.037 seconds,   24.099 MB/s
AES-128-GCM-dec     25 MB took 1.064 seconds,   23.485 MB/s
AES-192-GCM-enc     25 MB took 1.204 seconds,   20.759 MB/s
AES-192-GCM-dec     25 MB took 1.192 seconds,   20.977 MB/s
AES-256-GCM-enc     20 MB took 1.037 seconds,   19.292 MB/s
AES-256-GCM-dec     20 MB took 1.043 seconds,   19.183 MB/s
GMAC Table 4-bit    68 MB took 1.012 seconds,   67.178 MB/s
RABBIT              95 MB took 1.034 seconds,   91.884 MB/s
3DES                10 MB took 1.082 seconds,    9.246 MB/s
MD5                305 MB took 1.012 seconds,  301.463 MB/s
SHA                125 MB took 1.007 seconds,  124.155 MB/s
SHA-256             35 MB took 1.149 seconds,   30.454 MB/s
HMAC-MD5           300 MB took 1.004 seconds,  298.894 MB/s
HMAC-SHA           130 MB took 1.028 seconds,  126.422 MB/s
HMAC-SHA256         30 MB took 1.135 seconds,   26.423 MB/s
PBKDF2               4 KB took 1.008 seconds,    3.628 KB/s
RSA     2048 public       1500 ops took 1.064 sec, avg 0.709 ms, 1410.351 ops/sec
RSA     2048 private       100 ops took 3.630 sec, avg 36.298 ms, 27.550 ops/sec
DH      2048 key gen        65 ops took 1.003 sec, avg 15.428 ms, 64.817 ops/sec
DH      2048 agree         100 ops took 1.559 sec, avg 15.588 ms, 64.153 ops/sec
ECC   [      SECP256R1]   256 key gen      1385 ops took 1.000 sec, avg 0.722 ms, 1384.495 ops/sec
ECDHE [      SECP256R1]   256 agree         900 ops took 1.017 sec, avg 1.130 ms, 884.844 ops/sec
ECDSA [      SECP256R1]   256 sign         1200 ops took 1.032 sec, avg 0.860 ms, 1162.871 ops/sec
ECDSA [      SECP256R1]   256 verify        900 ops took 1.063 sec, avg 1.181 ms, 846.797 ops/sec
Benchmark complete
[SGXSan] ALWAYS: Enter enc_wolfSSL_CTX_use_PrivateKey_buffer
[SGXSan] ALWAYS: Enter enc_wolfTLSv1_2_server_method
[SGXSan] ALWAYS: Enter enc_wolfSSL_set_fd
[SGXSan] ALWAYS: Enter enc_wolfSSL_read
[SGXSan] ALWAYS: Enter enc_wolfSSL_Debugging_ON
[SGXSan] ALWAYS: Enter enc_wolfSSL_CTX_free
[SGXSan] ALWAYS: Enter enc_wolfSSL_new
[SGXSan] ALWAYS: Enter enc_wolfSSL_get_error
[SGXSan] ALWAYS: Enter enc_wolfSSL_free
[SGXSan] ALWAYS: Enter enc_wolfSSL_Cleanup
[SGXSan] ALWAYS: Enter wc_test
------------------------------------------------------------------------------
 wolfSSL version 5.1.0
------------------------------------------------------------------------------
error    test passed!
MEMORY   test passed!
base64   test passed!
asn      test passed!
RANDOM   test passed!
MD5      test passed!
MD4      test passed!
SHA      test passed!
SHA-256  test passed!
Hash     test passed!
HMAC-MD5 test passed!
HMAC-SHA test passed!
HMAC-SHA256 test passed!
GMAC     test passed!
HC-128   test passed!
Rabbit   test passed!
DES      test passed!
DES3     test passed!
AES      test passed!
AES192   test passed!
AES256   test passed!
AES-GCM  test passed!
RSA      test passed!
DH       test passed!
DSA      test passed!
PWDBASED test passed!
ECC      test passed!
ECC buffer test passed!
logging  test passed!
mutex    test passed!
memcb    test failed!
 error = -13803
[SGXSan] ALWAYS: Enter enc_wolfSSL_CTX_use_certificate_chain_buffer_format
[SGXSan] ALWAYS: Enter enc_wolfSSL_write
[SGXSan] ALWAYS: Enter enc_wolfSSL_Debugging_OFF
[SGXSan] ALWAYS: Enter enc_wolfSSL_CTX_use_certificate_buffer
[SGXSan] ALWAYS: Enter enc_wolfSSL_CTX_new
[SGXSan] ALWAYS: Enter enc_wolfSSL_connect
[SGXSan] ALWAYS: Enter enc_wolfSSL_CTX_load_verify_buffer
[SGXSan] ALWAYS: Enter enc_wolfSSL_CTX_set_cipher_list
[SGXSan] ALWAYS: Enter enc_wolfTLSv1_2_client_method
[SGXSan] ALWAYS: Enter enc_wolfSSL_get_error
[SGXSan] ALWAYS: Enter enc_wolfSSL_free
[SGXSan] ALWAYS: Enter enc_wolfSSL_CTX_free
[SGXSan] ALWAYS: Enter enc_wolfSSL_connect
[SGXSan] ALWAYS: Enter enc_wolfSSL_CTX_new
[SGXSan] ALWAYS: Enter enc_wolfTLSv1_2_client_method
[SGXSan] ALWAYS: Enter wc_benchmark_test
------------------------------------------------------------------------------
 wolfSSL version 5.1.0
------------------------------------------------------------------------------
wolfCrypt Benchmark (block bytes 1048576, min 1.0 sec each)
RNG                 15 MB took 1.124 seconds,   13.344 MB/s
AES-128-CBC-enc     35 MB took 1.048 seconds,   33.398 MB/s
AES-128-CBC-dec     35 MB took 1.146 seconds,   30.531 MB/s
AES-192-CBC-enc     30 MB took 1.059 seconds,   28.332 MB/s
AES-192-CBC-dec     30 MB took 1.146 seconds,   26.186 MB/s
AES-256-CBC-enc     30 MB took 1.187 seconds,   25.277 MB/s
AES-256-CBC-dec     25 MB took 1.057 seconds,   23.659 MB/s
AES-128-GCM-enc     25 MB took 1.060 seconds,   23.591 MB/s
AES-128-GCM-dec     25 MB took 1.052 seconds,   23.774 MB/s
AES-192-GCM-enc     25 MB took 1.170 seconds,   21.366 MB/s
AES-192-GCM-dec     25 MB took 1.196 seconds,   20.896 MB/s
AES-256-GCM-enc     20 MB took 1.033 seconds,   19.368 MB/s
AES-256-GCM-dec     20 MB took 1.040 seconds,   19.240 MB/s
GMAC Table 4-bit    68 MB took 1.010 seconds,   67.306 MB/s
RABBIT              95 MB took 1.054 seconds,   90.149 MB/s
3DES                10 MB took 1.092 seconds,    9.160 MB/s
MD5                305 MB took 1.006 seconds,  303.145 MB/s
SHA                130 MB took 1.037 seconds,  125.334 MB/s
SHA-256             35 MB took 1.143 seconds,   30.620 MB/s
HMAC-MD5           300 MB took 1.010 seconds,  297.008 MB/s
HMAC-SHA           130 MB took 1.027 seconds,  126.641 MB/s
HMAC-SHA256         35 MB took 1.146 seconds,   30.547 MB/s
PBKDF2               4 KB took 1.004 seconds,    3.735 KB/s
RSA     2048 public       1400 ops took 1.002 sec, avg 0.716 ms, 1397.356 ops/sec
RSA     2048 private       100 ops took 3.739 sec, avg 37.389 ms, 26.746 ops/sec
DH      2048 key gen        64 ops took 1.015 sec, avg 15.864 ms, 63.035 ops/sec
DH      2048 agree         100 ops took 1.581 sec, avg 15.808 ms, 63.261 ops/sec
ECC   [      SECP256R1]   256 key gen      1423 ops took 1.000 sec, avg 0.703 ms, 1422.689 ops/sec
ECDHE [      SECP256R1]   256 agree        1000 ops took 1.100 sec, avg 1.100 ms, 908.942 ops/sec
ECDSA [      SECP256R1]   256 sign         1300 ops took 1.081 sec, avg 0.832 ms, 1202.598 ops/sec
ECDSA [      SECP256R1]   256 verify        900 ops took 1.028 sec, avg 1.142 ms, 875.589 ops/sec
Benchmark complete
[SGXSan] ALWAYS: Enter enc_wolfSSL_Init
[SGXSan] ALWAYS: Enter enc_wolfSSL_write
[SGXSan] ALWAYS: Enter enc_wolfTLSv1_2_server_method
[SGXSan] ALWAYS: Enter enc_wolfSSL_CTX_load_verify_buffer
[SGXSan] ALWAYS: Enter enc_wolfSSL_CTX_set_cipher_list
[SGXSan] ALWAYS: Enter enc_wolfSSL_CTX_use_PrivateKey_buffer
[SGXSan] ALWAYS: Enter enc_wolfSSL_read
[SGXSan] ALWAYS: Enter enc_wolfSSL_Cleanup
[SGXSan] ALWAYS: Enter enc_wolfSSL_CTX_use_certificate_chain_buffer_format
[SGXSan] ALWAYS: Enter wc_test
------------------------------------------------------------------------------
 wolfSSL version 5.1.0
------------------------------------------------------------------------------
error    test passed!
MEMORY   test passed!
base64   test passed!
asn      test passed!
RANDOM   test passed!
MD5      test passed!
MD4      test passed!
SHA      test passed!
SHA-256  test passed!
Hash     test passed!
HMAC-MD5 test passed!
HMAC-SHA test passed!
HMAC-SHA256 test passed!
GMAC     test passed!
HC-128   test passed!
Rabbit   test passed!
DES      test passed!
DES3     test passed!
AES      test passed!
AES192   test passed!
AES256   test passed!
AES-GCM  test passed!
RSA      test passed!
DH       test passed!
DSA      test passed!
PWDBASED test passed!
ECC      test passed!
ECC buffer test passed!
logging  test passed!
mutex    test passed!
memcb    test failed!
 error = -13803
[SGXSan] ALWAYS: Enter enc_wolfSSL_CTX_use_certificate_buffer
[SGXSan] ALWAYS: Enter enc_wolfSSL_Debugging_ON
[SGXSan] ALWAYS: Enter enc_wolfSSL_set_fd
[SGXSan] ALWAYS: Enter enc_wolfSSL_new
[SGXSan] ALWAYS: Enter enc_wolfSSL_Debugging_OFF
#4	pulse  cov: 6292 ft: 6297 corp: 1/361Kb exec/s: 0 rss: 64Mb
[SGXSan] ALWAYS: Enter enc_wolfSSL_Init
[SGXSan] ALWAYS: Enter enc_wolfSSL_CTX_free
[SGXSan] ALWAYS: Enter enc_wolfSSL_get_error
[SGXSan] ALWAYS: Enter enc_wolfSSL_Debugging_ON
[SGXSan] ALWAYS: Enter enc_wolfSSL_connect
[SGXSan] ALWAYS: Enter enc_wolfSSL_Debugging_OFF
[SGXSan] ALWAYS: Enter wc_benchmark_test
------------------------------------------------------------------------------
 wolfSSL version 5.1.0
------------------------------------------------------------------------------
wolfCrypt Benchmark (block bytes 1048576, min 1.0 sec each)
RNG                 15 MB took 1.137 seconds,   13.189 MB/s
AES-128-CBC-enc     35 MB took 1.074 seconds,   32.597 MB/s
AES-128-CBC-dec     35 MB took 1.163 seconds,   30.098 MB/s
AES-192-CBC-enc     30 MB took 1.061 seconds,   28.267 MB/s
AES-192-CBC-dec     30 MB took 1.146 seconds,   26.179 MB/s
AES-256-CBC-enc     30 MB took 1.219 seconds,   24.619 MB/s
AES-256-CBC-dec     25 MB took 1.058 seconds,   23.637 MB/s
AES-128-GCM-enc     25 MB took 1.058 seconds,   23.628 MB/s
AES-128-GCM-dec     25 MB took 1.039 seconds,   24.073 MB/s
AES-192-GCM-enc     25 MB took 1.164 seconds,   21.487 MB/s
AES-192-GCM-dec     25 MB took 1.189 seconds,   21.028 MB/s
AES-256-GCM-enc     20 MB took 1.027 seconds,   19.470 MB/s
AES-256-GCM-dec     20 MB took 1.063 seconds,   18.816 MB/s
GMAC Table 4-bit    67 MB took 1.000 seconds,   66.967 MB/s
RABBIT              90 MB took 1.011 seconds,   88.987 MB/s
3DES                10 MB took 1.103 seconds,    9.069 MB/s
MD5                305 MB took 1.016 seconds,  300.185 MB/s
SHA                130 MB took 1.010 seconds,  128.771 MB/s
SHA-256             35 MB took 1.135 seconds,   30.850 MB/s
HMAC-MD5           305 MB took 1.011 seconds,  301.617 MB/s
HMAC-SHA           130 MB took 1.026 seconds,  126.742 MB/s
HMAC-SHA256         35 MB took 1.142 seconds,   30.653 MB/s
PBKDF2               4 KB took 1.007 seconds,    3.723 KB/s
RSA     2048 public       1400 ops took 1.022 sec, avg 0.730 ms, 1369.878 ops/sec
RSA     2048 private       100 ops took 3.762 sec, avg 37.617 ms, 26.584 ops/sec
DH      2048 key gen        66 ops took 1.012 sec, avg 15.332 ms, 65.225 ops/sec
DH      2048 agree         100 ops took 1.549 sec, avg 15.487 ms, 64.571 ops/sec
ECC   [      SECP256R1]   256 key gen      1417 ops took 1.000 sec, avg 0.706 ms, 1416.813 ops/sec
ECDHE [      SECP256R1]   256 agree        1000 ops took 1.099 sec, avg 1.099 ms, 910.033 ops/sec
ECDSA [      SECP256R1]   256 sign         1300 ops took 1.079 sec, avg 0.830 ms, 1205.298 ops/sec
ECDSA [      SECP256R1]   256 verify        900 ops took 1.028 sec, avg 1.142 ms, 875.777 ops/sec
Benchmark complete
[SGXSan] ALWAYS: Enter enc_wolfSSL_CTX_use_PrivateKey_buffer
[SGXSan] ALWAYS: Enter enc_wolfSSL_set_fd
[SGXSan] ALWAYS: Enter enc_wolfSSL_CTX_load_verify_buffer
[SGXSan] ALWAYS: Enter enc_wolfSSL_write
[SGXSan] ALWAYS: Enter enc_wolfSSL_CTX_new
[SGXSan] ALWAYS: Enter enc_wolfTLSv1_2_server_method
[SGXSan] ALWAYS: Enter enc_wolfSSL_new
[SGXSan] ALWAYS: Enter enc_wolfSSL_read
[SGXSan] ALWAYS: Enter enc_wolfSSL_CTX_set_cipher_list
[SGXSan] ALWAYS: Enter enc_wolfSSL_CTX_use_certificate_chain_buffer_format
[SGXSan] ALWAYS: Enter enc_wolfSSL_free
[SGXSan] ALWAYS: Enter enc_wolfSSL_CTX_use_certificate_buffer
[SGXSan] ALWAYS: Enter enc_wolfTLSv1_2_client_method
[SGXSan] ALWAYS: Enter wc_test
------------------------------------------------------------------------------
 wolfSSL version 5.1.0
------------------------------------------------------------------------------
error    test passed!
MEMORY   test passed!
base64   test passed!
asn      test passed!
RANDOM   test passed!
MD5      test passed!
MD4      test passed!
SHA      test passed!
SHA-256  test passed!
Hash     test passed!
HMAC-MD5 test passed!
HMAC-SHA test passed!
HMAC-SHA256 test passed!
GMAC     test passed!
HC-128   test passed!
Rabbit   test passed!
DES      test passed!
DES3     test passed!
AES      test passed!
AES192   test passed!
AES256   test passed!
AES-GCM  test passed!
RSA      test passed!
DH       test passed!
DSA      test passed!
PWDBASED test passed!
ECC      test passed!
ECC buffer test passed!
logging  test passed!
mutex    test passed!
memcb    test failed!
 error = -13803
[SGXSan] ALWAYS: Enter enc_wolfSSL_Cleanup
[SGXSan] ALWAYS: Enter enc_wolfSSL_get_error
[SGXSan] ALWAYS: Enter enc_wolfSSL_Init
[SGXSan] ALWAYS: Enter enc_wolfTLSv1_2_client_method
[SGXSan] ALWAYS: Enter enc_wolfSSL_CTX_use_PrivateKey_buffer
[SGXSan] ALWAYS: Enter enc_wolfSSL_Cleanup
[SGXSan] ALWAYS: Enter enc_wolfSSL_Debugging_OFF
[SGXSan] ALWAYS: Enter enc_wolfSSL_read
[SGXSan] ALWAYS: Enter enc_wolfSSL_free
[SGXSan] ALWAYS: Enter wc_test
------------------------------------------------------------------------------
 wolfSSL version 5.1.0
------------------------------------------------------------------------------
error    test passed!
MEMORY   test passed!
base64   test passed!
asn      test passed!
RANDOM   test passed!
MD5      test passed!
MD4      test passed!
SHA      test passed!
SHA-256  test passed!
Hash     test passed!
HMAC-MD5 test passed!
HMAC-SHA test passed!
HMAC-SHA256 test passed!
GMAC     test passed!
HC-128   test passed!
Rabbit   test passed!
DES      test passed!
DES3     test passed!
AES      test passed!
AES192   test passed!
AES256   test passed!
AES-GCM  test passed!
RSA      test passed!
DH       test passed!
DSA      test passed!
PWDBASED test passed!
ECC      test passed!
ECC buffer test passed!
logging  test passed!
mutex    test passed!
memcb    test failed!
 error = -13803
[SGXSan] ALWAYS: Enter enc_wolfSSL_new
[SGXSan] ALWAYS: Enter enc_wolfSSL_CTX_free
[SGXSan] ALWAYS: Enter enc_wolfSSL_CTX_new
[SGXSan] ALWAYS: Enter enc_wolfSSL_set_fd
[SGXSan] ALWAYS: Enter enc_wolfSSL_CTX_load_verify_buffer
[SGXSan] ALWAYS: Enter enc_wolfSSL_write
[SGXSan] ALWAYS: Enter enc_wolfSSL_Debugging_ON
[SGXSan] ALWAYS: Enter wc_benchmark_test
------------------------------------------------------------------------------
 wolfSSL version 5.1.0
------------------------------------------------------------------------------
wolfCrypt Benchmark (block bytes 1048576, min 1.0 sec each)
RNG                 15 MB took 1.145 seconds,   13.097 MB/s
AES-128-CBC-enc     35 MB took 1.045 seconds,   33.481 MB/s
AES-128-CBC-dec     35 MB took 1.133 seconds,   30.884 MB/s
AES-192-CBC-enc     30 MB took 1.070 seconds,   28.048 MB/s
AES-192-CBC-dec     30 MB took 1.158 seconds,   25.898 MB/s
AES-256-CBC-enc     25 MB took 1.011 seconds,   24.728 MB/s
AES-256-CBC-dec     25 MB took 1.056 seconds,   23.675 MB/s
AES-128-GCM-enc     25 MB took 1.069 seconds,   23.385 MB/s
AES-128-GCM-dec     25 MB took 1.069 seconds,   23.388 MB/s
AES-192-GCM-enc     25 MB took 1.198 seconds,   20.864 MB/s
AES-192-GCM-dec     25 MB took 1.188 seconds,   21.051 MB/s
AES-256-GCM-enc     20 MB took 1.040 seconds,   19.234 MB/s
AES-256-GCM-dec     20 MB took 1.034 seconds,   19.338 MB/s
GMAC Table 4-bit    67 MB took 1.003 seconds,   66.808 MB/s
RABBIT              90 MB took 1.009 seconds,   89.161 MB/s
3DES                10 MB took 1.112 seconds,    8.995 MB/s
MD5                300 MB took 1.002 seconds,  299.447 MB/s
SHA                130 MB took 1.039 seconds,  125.155 MB/s
SHA-256             35 MB took 1.159 seconds,   30.200 MB/s
HMAC-MD5           300 MB took 1.001 seconds,  299.700 MB/s
HMAC-SHA           130 MB took 1.024 seconds,  126.939 MB/s
HMAC-SHA256         30 MB took 1.005 seconds,   29.858 MB/s
PBKDF2               4 KB took 1.003 seconds,    3.707 KB/s
RSA     2048 public       1400 ops took 1.006 sec, avg 0.719 ms, 1391.757 ops/sec
RSA     2048 private       100 ops took 3.704 sec, avg 37.036 ms, 27.001 ops/sec
DH      2048 key gen        64 ops took 1.002 sec, avg 15.650 ms, 63.896 ops/sec
DH      2048 agree         100 ops took 1.575 sec, avg 15.745 ms, 63.512 ops/sec
ECC   [      SECP256R1]   256 key gen      1369 ops took 1.001 sec, avg 0.731 ms, 1368.052 ops/sec
ECDHE [      SECP256R1]   256 agree         900 ops took 1.000 sec, avg 1.111 ms, 899.924 ops/sec
ECDSA [      SECP256R1]   256 sign         1300 ops took 1.080 sec, avg 0.831 ms, 1203.444 ops/sec
ECDSA [      SECP256R1]   256 verify        900 ops took 1.050 sec, avg 1.167 ms, 857.100 ops/sec
Benchmark complete
[SGXSan] ALWAYS: Enter enc_wolfSSL_connect
[SGXSan] ALWAYS: Enter enc_wolfSSL_CTX_use_certificate_chain_buffer_format
[SGXSan] ALWAYS: Enter enc_wolfSSL_CTX_set_cipher_list
[SGXSan] ALWAYS: Enter enc_wolfSSL_CTX_use_certificate_buffer
[SGXSan] ALWAYS: Enter enc_wolfTLSv1_2_server_method
[SGXSan] ALWAYS: Enter enc_wolfSSL_CTX_use_PrivateKey_buffer
[SGXSan] ALWAYS: Enter enc_wolfSSL_free
[SGXSan] ALWAYS: Enter enc_wolfSSL_set_fd
[SGXSan] ALWAYS: Enter enc_wolfSSL_write
[SGXSan] ALWAYS: Enter enc_wolfSSL_CTX_free
[SGXSan] ALWAYS: Enter wc_benchmark_test
------------------------------------------------------------------------------
 wolfSSL version 5.1.0
------------------------------------------------------------------------------
wolfCrypt Benchmark (block bytes 1048576, min 1.0 sec each)
RNG                 15 MB took 1.128 seconds,   13.303 MB/s
AES-128-CBC-enc     35 MB took 1.061 seconds,   32.976 MB/s
AES-128-CBC-dec     35 MB took 1.137 seconds,   30.794 MB/s
AES-192-CBC-enc     30 MB took 1.043 seconds,   28.752 MB/s
AES-192-CBC-dec     30 MB took 1.142 seconds,   26.265 MB/s
AES-256-CBC-enc     30 MB took 1.189 seconds,   25.230 MB/s
AES-256-CBC-dec     25 MB took 1.063 seconds,   23.521 MB/s
AES-128-GCM-enc     25 MB took 1.066 seconds,   23.446 MB/s
AES-128-GCM-dec     25 MB took 1.066 seconds,   23.460 MB/s
AES-192-GCM-enc     25 MB took 1.205 seconds,   20.743 MB/s
AES-192-GCM-dec     25 MB took 1.194 seconds,   20.939 MB/s
AES-256-GCM-enc     20 MB took 1.037 seconds,   19.281 MB/s
AES-256-GCM-dec     20 MB took 1.020 seconds,   19.612 MB/s
GMAC Table 4-bit    68 MB took 1.001 seconds,   67.927 MB/s
RABBIT              90 MB took 1.008 seconds,   89.301 MB/s
3DES                10 MB took 1.123 seconds,    8.904 MB/s
MD5                300 MB took 1.009 seconds,  297.410 MB/s
SHA                130 MB took 1.033 seconds,  125.833 MB/s
SHA-256             35 MB took 1.153 seconds,   30.364 MB/s
HMAC-MD5           300 MB took 1.010 seconds,  296.926 MB/s
HMAC-SHA           130 MB took 1.029 seconds,  126.323 MB/s
HMAC-SHA256         35 MB took 1.128 seconds,   31.024 MB/s
PBKDF2               4 KB took 1.001 seconds,    3.778 KB/s
RSA     2048 public       1400 ops took 1.005 sec, avg 0.718 ms, 1392.743 ops/sec
RSA     2048 private       100 ops took 3.706 sec, avg 37.057 ms, 26.986 ops/sec
DH      2048 key gen        63 ops took 1.003 sec, avg 15.920 ms, 62.815 ops/sec
DH      2048 agree         100 ops took 1.576 sec, avg 15.758 ms, 63.461 ops/sec
ECC   [      SECP256R1]   256 key gen      1372 ops took 1.000 sec, avg 0.729 ms, 1371.436 ops/sec
ECDHE [      SECP256R1]   256 agree         900 ops took 1.013 sec, avg 1.125 ms, 888.788 ops/sec
ECDSA [      SECP256R1]   256 sign         1300 ops took 1.067 sec, avg 0.820 ms, 1218.847 ops/sec
ECDSA [      SECP256R1]   256 verify        900 ops took 1.044 sec, avg 1.160 ms, 862.172 ops/sec
Benchmark complete
[SGXSan] ALWAYS: Enter enc_wolfSSL_Debugging_ON
[SGXSan] ALWAYS: Enter enc_wolfSSL_Debugging_OFF
[SGXSan] ALWAYS: Enter enc_wolfSSL_Cleanup
[SGXSan] ALWAYS: Enter enc_wolfSSL_Init
[SGXSan] ALWAYS: Enter enc_wolfSSL_new
[SGXSan] ALWAYS: Enter enc_wolfSSL_CTX_load_verify_buffer
[SGXSan] ALWAYS: Enter enc_wolfSSL_CTX_set_cipher_list
[SGXSan] ALWAYS: Enter enc_wolfSSL_connect
[SGXSan] ALWAYS: Enter enc_wolfSSL_CTX_use_certificate_buffer
[SGXSan] ALWAYS: Enter enc_wolfSSL_CTX_use_certificate_chain_buffer_format
[SGXSan] ALWAYS: Enter wc_test
------------------------------------------------------------------------------
 wolfSSL version 5.1.0
------------------------------------------------------------------------------
error    test passed!
MEMORY   test passed!
base64   test passed!
asn      test passed!
RANDOM   test passed!
MD5      test passed!
MD4      test passed!
SHA      test passed!
SHA-256  test passed!
Hash     test passed!
HMAC-MD5 test passed!
HMAC-SHA test passed!
HMAC-SHA256 test passed!
GMAC     test passed!
HC-128   test passed!
Rabbit   test passed!
DES      test passed!
DES3     test passed!
AES      test passed!
AES192   test passed!
AES256   test passed!
AES-GCM  test passed!
RSA      test passed!
DH       test passed!
DSA      test passed!
PWDBASED test passed!
ECC      test passed!
ECC buffer test passed!
logging  test passed!
mutex    test passed!
memcb    test failed!
 error = -13803
[SGXSan] ALWAYS: Enter enc_wolfSSL_read
[SGXSan] ALWAYS: Enter enc_wolfSSL_CTX_new
[SGXSan] ALWAYS: Enter enc_wolfTLSv1_2_server_method
[SGXSan] ALWAYS: Enter enc_wolfSSL_get_error
[SGXSan] ALWAYS: Enter enc_wolfTLSv1_2_client_method
#7	INITED cov: 6293 ft: 6298 corp: 3/1123Kb exec/s: 0 rss: 83Mb
[SGXSan] ALWAYS: Enter enc_wolfSSL_CTX_set_cipher_list
[SGXSan] ALWAYS: Enter enc_wolfSSL_get_error
[SGXSan] ALWAYS: Enter enc_wolfTLSv1_2_server_method
[SGXSan] ALWAYS: Enter enc_wolfSSL_Cleanup
[SGXSan] ALWAYS: Enter enc_wolfSSL_Debugging_OFF
[SGXSan] ALWAYS: Enter enc_wolfSSL_CTX_use_certificate_chain_buffer_format
[SGXSan] ALWAYS: Enter enc_wolfSSL_set_fd
[SGXSan] ALWAYS: Enter wc_test
------------------------------------------------------------------------------
 wolfSSL version 5.1.0
------------------------------------------------------------------------------
error    test passed!
MEMORY   test passed!
base64   test passed!
asn      test passed!
RANDOM   test passed!
MD5      test passed!
MD4      test passed!
SHA      test passed!
SHA-256  test passed!
Hash     test passed!
HMAC-MD5 test passed!
HMAC-SHA test passed!
HMAC-SHA256 test passed!
GMAC     test passed!
HC-128   test passed!
Rabbit   test passed!
DES      test passed!
DES3     test passed!
AES      test passed!
AES192   test passed!
AES256   test passed!
AES-GCM  test passed!
RSA      test passed!
DH       test passed!
DSA      test passed!
PWDBASED test passed!
ECC      test passed!
ECC buffer test passed!
logging  test passed!
mutex    test passed!
memcb    test failed!
 error = -13803
[SGXSan] ALWAYS: Enter enc_wolfSSL_CTX_load_verify_buffer
[SGXSan] ALWAYS: Enter enc_wolfTLSv1_2_client_method
[SGXSan] ALWAYS: Enter enc_wolfSSL_CTX_use_certificate_buffer
[SGXSan] ALWAYS: Enter enc_wolfSSL_CTX_use_PrivateKey_buffer
[SGXSan] ALWAYS: Enter wc_benchmark_test
------------------------------------------------------------------------------
 wolfSSL version 5.1.0
------------------------------------------------------------------------------
wolfCrypt Benchmark (block bytes 1048576, min 1.0 sec each)
RNG                 15 MB took 1.152 seconds,   13.016 MB/s
AES-128-CBC-enc     35 MB took 1.083 seconds,   32.331 MB/s
AES-128-CBC-dec     30 MB took 1.005 seconds,   29.860 MB/s
AES-192-CBC-enc     30 MB took 1.071 seconds,   28.017 MB/s
AES-192-CBC-dec     30 MB took 1.155 seconds,   25.982 MB/s
AES-256-CBC-enc     25 MB took 1.079 seconds,   23.161 MB/s
AES-256-CBC-dec     25 MB took 1.061 seconds,   23.565 MB/s
AES-128-GCM-enc     25 MB took 1.038 seconds,   24.087 MB/s
AES-128-GCM-dec     25 MB took 1.067 seconds,   23.423 MB/s
AES-192-GCM-enc     25 MB took 1.190 seconds,   21.015 MB/s
AES-192-GCM-dec     25 MB took 1.206 seconds,   20.724 MB/s
AES-256-GCM-enc     20 MB took 1.042 seconds,   19.191 MB/s
AES-256-GCM-dec     20 MB took 1.034 seconds,   19.334 MB/s
GMAC Table 4-bit    67 MB took 1.001 seconds,   66.913 MB/s
RABBIT              90 MB took 1.020 seconds,   88.263 MB/s
3DES                10 MB took 1.082 seconds,    9.243 MB/s
MD5                310 MB took 1.015 seconds,  305.395 MB/s
SHA                130 MB took 1.017 seconds,  127.869 MB/s
SHA-256             35 MB took 1.128 seconds,   31.022 MB/s
HMAC-MD5           305 MB took 1.006 seconds,  303.189 MB/s
HMAC-SHA           130 MB took 1.031 seconds,  126.044 MB/s
HMAC-SHA256         35 MB took 1.160 seconds,   30.163 MB/s
PBKDF2               4 KB took 1.004 seconds,    3.579 KB/s
RSA     2048 public       1400 ops took 1.040 sec, avg 0.743 ms, 1346.141 ops/sec
RSA     2048 private       100 ops took 3.767 sec, avg 37.674 ms, 26.543 ops/sec
DH      2048 key gen        64 ops took 1.010 sec, avg 15.775 ms, 63.391 ops/sec
DH      2048 agree         100 ops took 1.546 sec, avg 15.463 ms, 64.672 ops/sec
ECC   [      SECP256R1]   256 key gen      1372 ops took 1.000 sec, avg 0.729 ms, 1371.493 ops/sec
ECDHE [      SECP256R1]   256 agree         900 ops took 1.015 sec, avg 1.128 ms, 886.514 ops/sec
ECDSA [      SECP256R1]   256 sign         1200 ops took 1.021 sec, avg 0.851 ms, 1175.560 ops/sec
ECDSA [      SECP256R1]   256 verify        900 ops took 1.084 sec, avg 1.205 ms, 830.091 ops/sec
Benchmark complete
[SGXSan] ALWAYS: Enter enc_wolfSSL_Init
[SGXSan] ALWAYS: Enter enc_wolfSSL_Debugging_ON
[SGXSan] ALWAYS: Enter enc_wolfSSL_CTX_new
[SGXSan] ALWAYS: Enter enc_wolfSSL_free
[SGXSan] ALWAYS: Enter enc_wolfSSL_CTX_free
[SGXSan] ALWAYS: Enter enc_wolfSSL_read
[SGXSan] ALWAYS: Enter enc_wolfSSL_connect
[SGXSan] ALWAYS: Enter enc_wolfSSL_new
[SGXSan] ALWAYS: Enter enc_wolfSSL_write
#8	pulse  cov: 6293 ft: 6298 corp: 3/1123Kb lim: 1000000 exec/s: 0 rss: 88Mb
[SGXSan] ALWAYS: Enter enc_wolfSSL_CTX_set_cipher_list
[SGXSan] ALWAYS: Enter enc_wolfSSL_get_error
[SGXSan] ALWAYS: Enter enc_wolfTLSv1_2_server_method
[SGXSan] ALWAYS: Enter enc_wolfSSL_Cleanup
[SGXSan] ALWAYS: Enter enc_wolfSSL_Debugging_OFF
[SGXSan] ALWAYS: Enter enc_wolfSSL_CTX_use_certificate_chain_buffer_format
[SGXSan] ALWAYS: Enter enc_wolfSSL_set_fd
[SGXSan] ALWAYS: Enter wc_test
------------------------------------------------------------------------------
 wolfSSL version 5.1.0
------------------------------------------------------------------------------
error    test passed!
MEMORY   test passed!
base64   test passed!
asn      test passed!
RANDOM   test passed!
MD5      test passed!
MD4      test passed!
SHA      test passed!
SHA-256  test passed!
Hash     test passed!
HMAC-MD5 test passed!
HMAC-SHA test passed!
HMAC-SHA256 test passed!
GMAC     test passed!
HC-128   test passed!
Rabbit   test passed!
DES      test passed!
DES3     test passed!
AES      test passed!
AES192   test passed!
AES256   test passed!
AES-GCM  test passed!
RSA      test passed!
DH       test passed!
DSA      test passed!
PWDBASED test passed!
ECC      test passed!
ECC buffer test passed!
logging  test passed!
mutex    test passed!
memcb    test failed!
 error = -13803
[SGXSan] ALWAYS: Enter enc_wolfSSL_CTX_load_verify_buffer
[SGXSan] ALWAYS: Enter enc_wolfTLSv1_2_client_method
[SGXSan] ALWAYS: Enter enc_wolfSSL_CTX_use_certificate_buffer
[SGXSan] ALWAYS: Enter enc_wolfSSL_CTX_use_PrivateKey_buffer
[SGXSan] ALWAYS: Enter wc_benchmark_test
------------------------------------------------------------------------------
 wolfSSL version 5.1.0
------------------------------------------------------------------------------
wolfCrypt Benchmark (block bytes 1048576, min 1.0 sec each)
RNG                 15 MB took 1.158 seconds,   12.957 MB/s
AES-128-CBC-enc     35 MB took 1.082 seconds,   32.336 MB/s
AES-128-CBC-dec     30 MB took 1.000 seconds,   29.988 MB/s
AES-192-CBC-enc     30 MB took 1.078 seconds,   27.840 MB/s
AES-192-CBC-dec     30 MB took 1.160 seconds,   25.869 MB/s
AES-256-CBC-enc     25 MB took 1.008 seconds,   24.792 MB/s
AES-256-CBC-dec     25 MB took 1.062 seconds,   23.532 MB/s
AES-128-GCM-enc     25 MB took 1.058 seconds,   23.635 MB/s
AES-128-GCM-dec     25 MB took 1.060 seconds,   23.587 MB/s
AES-192-GCM-enc     25 MB took 1.202 seconds,   20.795 MB/s
AES-192-GCM-dec     25 MB took 1.191 seconds,   20.999 MB/s
AES-256-GCM-enc     20 MB took 1.033 seconds,   19.364 MB/s
AES-256-GCM-dec     20 MB took 1.020 seconds,   19.610 MB/s
GMAC Table 4-bit    64 MB took 1.008 seconds,   63.505 MB/s
RABBIT              95 MB took 1.044 seconds,   90.965 MB/s
3DES                10 MB took 1.123 seconds,    8.902 MB/s
MD5                300 MB took 1.006 seconds,  298.320 MB/s
SHA                130 MB took 1.031 seconds,  126.112 MB/s
SHA-256             35 MB took 1.146 seconds,   30.531 MB/s
HMAC-MD5           300 MB took 1.011 seconds,  296.738 MB/s
HMAC-SHA           125 MB took 1.020 seconds,  122.603 MB/s
HMAC-SHA256         35 MB took 1.160 seconds,   30.175 MB/s
PBKDF2               4 KB took 1.000 seconds,    3.749 KB/s
RSA     2048 public       1500 ops took 1.067 sec, avg 0.711 ms, 1405.855 ops/sec
RSA     2048 private       100 ops took 3.630 sec, avg 36.296 ms, 27.551 ops/sec
DH      2048 key gen        63 ops took 1.010 sec, avg 16.028 ms, 62.391 ops/sec
DH      2048 agree         100 ops took 1.584 sec, avg 15.844 ms, 63.116 ops/sec
ECC   [      SECP256R1]   256 key gen      1379 ops took 1.000 sec, avg 0.725 ms, 1378.865 ops/sec
ECDHE [      SECP256R1]   256 agree         900 ops took 1.005 sec, avg 1.116 ms, 895.663 ops/sec
ECDSA [      SECP256R1]   256 sign         1200 ops took 1.020 sec, avg 0.850 ms, 1175.932 ops/sec
ECDSA [      SECP256R1]   256 verify        900 ops took 1.064 sec, avg 1.182 ms, 846.198 ops/sec
Benchmark complete
[SGXSan] ALWAYS: Enter enc_wolfSSL_Init
[SGXSan] ALWAYS: Enter enc_wolfSSL_Debugging_ON
[SGXSan] ALWAYS: Enter enc_wolfSSL_CTX_new
[SGXSan] ALWAYS: Enter enc_wolfSSL_free
[SGXSan] ALWAYS: Enter enc_wolfSSL_CTX_free
[SGXSan] ALWAYS: Enter enc_wolfSSL_read
[SGXSan] ALWAYS: Enter enc_wolfSSL_connect
[SGXSan] ALWAYS: Enter enc_wolfSSL_new
[SGXSan] ALWAYS: Enter enc_wolfSSL_write
[SGXSan] ALWAYS: Enter enc_wolfSSL_CTX_set_cipher_list
[SGXSan] ALWAYS: Enter enc_wolfSSL_get_error
[SGXSan] ALWAYS: Enter enc_wolfTLSv1_2_server_method
[SGXSan] ALWAYS: Enter enc_wolfSSL_Cleanup
[SGXSan] ALWAYS: Enter enc_wolfSSL_Debugging_OFF
[SGXSan] ALWAYS: Enter enc_wolfSSL_CTX_use_certificate_chain_buffer_format
[SGXSan] ALWAYS: Enter enc_wolfSSL_set_fd
[SGXSan] ALWAYS: Enter wc_test
------------------------------------------------------------------------------
 wolfSSL version 5.1.0
------------------------------------------------------------------------------
error    test passed!
MEMORY   test passed!
base64   test passed!
asn      test passed!
RANDOM   test passed!
MD5      test passed!
MD4      test passed!
SHA      test passed!
SHA-256  test passed!
Hash     test passed!
HMAC-MD5 test passed!
HMAC-SHA test passed!
HMAC-SHA256 test passed!
GMAC     test passed!
HC-128   test passed!
Rabbit   test passed!
DES      test passed!
DES3     test passed!
AES      test passed!
AES192   test passed!
AES256   test passed!
AES-GCM  test passed!
RSA      test passed!
DH       test passed!
DSA      test passed!
PWDBASED test passed!
ECC      test passed!
ECC buffer test passed!
logging  test passed!
mutex    test passed!
memcb    test failed!
 error = -13803
[SGXSan] ALWAYS: Enter enc_wolfSSL_CTX_load_verify_buffer
[SGXSan] ALWAYS: Enter enc_wolfTLSv1_2_client_method
[SGXSan] ALWAYS: Enter enc_wolfSSL_CTX_use_certificate_buffer
[SGXSan] ALWAYS: Enter enc_wolfSSL_CTX_use_PrivateKey_buffer
[SGXSan] ALWAYS: Enter wc_benchmark_test
------------------------------------------------------------------------------
 wolfSSL version 5.1.0
------------------------------------------------------------------------------
wolfCrypt Benchmark (block bytes 1048576, min 1.0 sec each)
RNG                 15 MB took 1.143 seconds,   13.128 MB/s
AES-128-CBC-enc     35 MB took 1.063 seconds,   32.938 MB/s
AES-128-CBC-dec     30 MB took 1.027 seconds,   29.203 MB/s
AES-192-CBC-enc     30 MB took 1.079 seconds,   27.807 MB/s
AES-192-CBC-dec     30 MB took 1.151 seconds,   26.075 MB/s
AES-256-CBC-enc     25 MB took 1.018 seconds,   24.563 MB/s
AES-256-CBC-dec     25 MB took 1.050 seconds,   23.801 MB/s
AES-128-GCM-enc     25 MB took 1.071 seconds,   23.341 MB/s
AES-128-GCM-dec     25 MB took 1.047 seconds,   23.874 MB/s
AES-192-GCM-enc     25 MB took 1.157 seconds,   21.600 MB/s
AES-192-GCM-dec     25 MB took 1.166 seconds,   21.442 MB/s
AES-256-GCM-enc     20 MB took 1.010 seconds,   19.804 MB/s
AES-256-GCM-dec     20 MB took 1.014 seconds,   19.722 MB/s
GMAC Table 4-bit    69 MB took 1.012 seconds,   68.204 MB/s
RABBIT              95 MB took 1.049 seconds,   90.603 MB/s
3DES                10 MB took 1.081 seconds,    9.250 MB/s
MD5                305 MB took 1.006 seconds,  303.279 MB/s
SHA                130 MB took 1.012 seconds,  128.467 MB/s
SHA-256             35 MB took 1.124 seconds,   31.130 MB/s
HMAC-MD5           310 MB took 1.015 seconds,  305.315 MB/s
HMAC-SHA           130 MB took 1.002 seconds,  129.691 MB/s
HMAC-SHA256         35 MB took 1.121 seconds,   31.210 MB/s
PBKDF2               4 KB took 1.006 seconds,    3.790 KB/s
RSA     2048 public       1400 ops took 1.020 sec, avg 0.729 ms, 1371.910 ops/sec
RSA     2048 private       100 ops took 3.666 sec, avg 36.659 ms, 27.278 ops/sec
DH      2048 key gen        63 ops took 1.001 sec, avg 15.891 ms, 62.928 ops/sec
DH      2048 agree         100 ops took 1.568 sec, avg 15.678 ms, 63.782 ops/sec
ECC   [      SECP256R1]   256 key gen      1381 ops took 1.001 sec, avg 0.725 ms, 1380.242 ops/sec
ECDHE [      SECP256R1]   256 agree         900 ops took 1.000 sec, avg 1.112 ms, 899.600 ops/sec
ECDSA [      SECP256R1]   256 sign         1200 ops took 1.015 sec, avg 0.846 ms, 1182.653 ops/sec
ECDSA [      SECP256R1]   256 verify        900 ops took 1.077 sec, avg 1.197 ms, 835.611 ops/sec
Benchmark complete
[SGXSan] ALWAYS: Enter enc_wolfSSL_Init
[SGXSan] ALWAYS: Enter enc_wolfSSL_Debugging_ON
[SGXSan] ALWAYS: Enter enc_wolfSSL_CTX_new
[SGXSan] ALWAYS: Enter enc_wolfSSL_free
[SGXSan] ALWAYS: Enter enc_wolfSSL_CTX_free
[SGXSan] ALWAYS: Enter enc_wolfSSL_read
[SGXSan] ALWAYS: Enter enc_wolfSSL_connect
[SGXSan] ALWAYS: Enter enc_wolfSSL_new
[SGXSan] ALWAYS: Enter enc_wolfSSL_write
[SGXSan] ALWAYS: Enter enc_wolfSSL_CTX_set_cipher_list
[SGXSan] ALWAYS: Enter enc_wolfSSL_get_error
[SGXSan] ALWAYS: Enter enc_wolfTLSv1_2_server_method
[SGXSan] ALWAYS: Enter enc_wolfSSL_Cleanup
[SGXSan] ALWAYS: Enter enc_wolfSSL_Debugging_OFF
[SGXSan] ALWAYS: Enter enc_wolfSSL_CTX_use_certificate_chain_buffer_format
[SGXSan] ALWAYS: Enter enc_wolfSSL_set_fd
[SGXSan] ALWAYS: Enter wc_test
------------------------------------------------------------------------------
 wolfSSL version 5.1.0
------------------------------------------------------------------------------
error    test passed!
MEMORY   test passed!
base64   test passed!
asn      test passed!
RANDOM   test passed!
MD5      test passed!
MD4      test passed!
SHA      test passed!
SHA-256  test passed!
Hash     test passed!
HMAC-MD5 test passed!
HMAC-SHA test passed!
HMAC-SHA256 test passed!
GMAC     test passed!
HC-128   test passed!
Rabbit   test passed!
DES      test passed!
DES3     test passed!
AES      test passed!
AES192   test passed!
AES256   test passed!
AES-GCM  test passed!
RSA      test passed!
DH       test passed!
DSA      test passed!
PWDBASED test passed!
ECC      test passed!
ECC buffer test passed!
logging  test passed!
mutex    test passed!
memcb    test failed!
 error = -13803
[SGXSan] ALWAYS: Enter enc_wolfSSL_CTX_load_verify_buffer
[SGXSan] ALWAYS: Enter enc_wolfTLSv1_2_client_method
[SGXSan] ALWAYS: Enter enc_wolfSSL_CTX_use_certificate_buffer
[SGXSan] ALWAYS: Enter enc_wolfSSL_CTX_use_PrivateKey_buffer
[SGXSan] ALWAYS: Enter wc_benchmark_test
------------------------------------------------------------------------------
 wolfSSL version 5.1.0
------------------------------------------------------------------------------
wolfCrypt Benchmark (block bytes 1048576, min 1.0 sec each)
RNG                 15 MB took 1.162 seconds,   12.905 MB/s
AES-128-CBC-enc     35 MB took 1.091 seconds,   32.081 MB/s
AES-128-CBC-dec     30 MB took 1.002 seconds,   29.947 MB/s
AES-192-CBC-enc     30 MB took 1.086 seconds,   27.626 MB/s
AES-192-CBC-dec     30 MB took 1.148 seconds,   26.128 MB/s
AES-256-CBC-enc     25 MB took 1.006 seconds,   24.851 MB/s
AES-256-CBC-dec     25 MB took 1.070 seconds,   23.359 MB/s
AES-128-GCM-enc     25 MB took 1.062 seconds,   23.545 MB/s
AES-128-GCM-dec     25 MB took 1.065 seconds,   23.479 MB/s
AES-192-GCM-enc     25 MB took 1.202 seconds,   20.796 MB/s
AES-192-GCM-dec     25 MB took 1.200 seconds,   20.832 MB/s
AES-256-GCM-enc     20 MB took 1.041 seconds,   19.219 MB/s
AES-256-GCM-dec     25 MB took 1.230 seconds,   20.322 MB/s
GMAC Table 4-bit    71 MB took 1.002 seconds,   70.848 MB/s
RABBIT              95 MB took 1.038 seconds,   91.503 MB/s
3DES                10 MB took 1.100 seconds,    9.089 MB/s
MD5                300 MB took 1.016 seconds,  295.219 MB/s
SHA                130 MB took 1.037 seconds,  125.385 MB/s
SHA-256             35 MB took 1.152 seconds,   30.381 MB/s
HMAC-MD5           305 MB took 1.014 seconds,  300.930 MB/s
HMAC-SHA           125 MB took 1.002 seconds,  124.761 MB/s
HMAC-SHA256         35 MB took 1.143 seconds,   30.608 MB/s
PBKDF2               4 KB took 1.002 seconds,    3.743 KB/s
RSA     2048 public       1500 ops took 1.070 sec, avg 0.713 ms, 1402.273 ops/sec
RSA     2048 private       100 ops took 3.777 sec, avg 37.772 ms, 26.475 ops/sec
DH      2048 key gen        65 ops took 1.015 sec, avg 15.611 ms, 64.057 ops/sec
DH      2048 agree         100 ops took 1.592 sec, avg 15.917 ms, 62.826 ops/sec
ECC   [      SECP256R1]   256 key gen      1372 ops took 1.000 sec, avg 0.729 ms, 1371.868 ops/sec
ECDHE [      SECP256R1]   256 agree        1000 ops took 1.100 sec, avg 1.100 ms, 909.136 ops/sec
ECDSA [      SECP256R1]   256 sign         1300 ops took 1.077 sec, avg 0.828 ms, 1207.480 ops/sec
ECDSA [      SECP256R1]   256 verify        900 ops took 1.034 sec, avg 1.149 ms, 870.129 ops/sec
Benchmark complete
[SGXSan] ALWAYS: Enter enc_wolfSSL_Init
[SGXSan] ALWAYS: Enter enc_wolfSSL_Debugging_ON
[SGXSan] ALWAYS: Enter enc_wolfSSL_CTX_new
[SGXSan] ALWAYS: Enter enc_wolfSSL_free
[SGXSan] ALWAYS: Enter enc_wolfSSL_CTX_free
[SGXSan] ALWAYS: Enter enc_wolfSSL_read
[SGXSan] ALWAYS: Enter enc_wolfSSL_connect
[SGXSan] ALWAYS: Enter enc_wolfSSL_new
[SGXSan] ALWAYS: Enter enc_wolfSSL_write
[SGXSan] ALWAYS: Enter wc_benchmark_test
------------------------------------------------------------------------------
 wolfSSL version 5.1.0
------------------------------------------------------------------------------
wolfCrypt Benchmark (block bytes 1048576, min 1.0 sec each)
RNG                 15 MB took 1.110 seconds,   13.507 MB/s
AES-128-CBC-enc     35 MB took 1.049 seconds,   33.368 MB/s
AES-128-CBC-dec     35 MB took 1.146 seconds,   30.550 MB/s
AES-192-CBC-enc     30 MB took 1.066 seconds,   28.154 MB/s
AES-192-CBC-dec     30 MB took 1.150 seconds,   26.095 MB/s
AES-256-CBC-enc     25 MB took 1.002 seconds,   24.945 MB/s
AES-256-CBC-dec     25 MB took 1.066 seconds,   23.451 MB/s
AES-128-GCM-enc     25 MB took 1.068 seconds,   23.401 MB/s
AES-128-GCM-dec     25 MB took 1.065 seconds,   23.464 MB/s
AES-192-GCM-enc     25 MB took 1.195 seconds,   20.916 MB/s
AES-192-GCM-dec     25 MB took 1.157 seconds,   21.600 MB/s
AES-256-GCM-enc     25 MB took 1.231 seconds,   20.312 MB/s
AES-256-GCM-dec     25 MB took 1.240 seconds,   20.163 MB/s
GMAC Table 4-bit    69 MB took 1.005 seconds,   68.676 MB/s
RABBIT              95 MB took 1.035 seconds,   91.743 MB/s
3DES                10 MB took 1.074 seconds,    9.311 MB/s
MD5                310 MB took 1.012 seconds,  306.422 MB/s
SHA                130 MB took 1.005 seconds,  129.338 MB/s
SHA-256             35 MB took 1.145 seconds,   30.575 MB/s
HMAC-MD5           310 MB took 1.014 seconds,  305.694 MB/s
HMAC-SHA           130 MB took 1.006 seconds,  129.206 MB/s
HMAC-SHA256         35 MB took 1.119 seconds,   31.291 MB/s
PBKDF2               4 KB took 1.000 seconds,    3.749 KB/s
RSA     2048 public       1400 ops took 1.038 sec, avg 0.742 ms, 1348.318 ops/sec
RSA     2048 private       100 ops took 3.733 sec, avg 37.325 ms, 26.792 ops/sec
DH      2048 key gen        63 ops took 1.009 sec, avg 16.012 ms, 62.454 ops/sec
DH      2048 agree         100 ops took 1.580 sec, avg 15.799 ms, 63.295 ops/sec
ECC   [      SECP256R1]   256 key gen      1418 ops took 1.000 sec, avg 0.705 ms, 1417.814 ops/sec
ECDHE [      SECP256R1]   256 agree        1000 ops took 1.086 sec, avg 1.086 ms, 920.905 ops/sec
ECDSA [      SECP256R1]   256 sign         1300 ops took 1.069 sec, avg 0.822 ms, 1215.909 ops/sec
ECDSA [      SECP256R1]   256 verify        900 ops took 1.025 sec, avg 1.139 ms, 878.157 ops/sec
Benchmark complete
[SGXSan] ALWAYS: Enter enc_wolfSSL_Init
[SGXSan] ALWAYS: Enter enc_wolfSSL_Cleanup
[SGXSan] ALWAYS: Enter enc_wolfSSL_CTX_load_verify_buffer
[SGXSan] ALWAYS: Enter enc_wolfSSL_CTX_free
[SGXSan] ALWAYS: Enter enc_wolfTLSv1_2_client_method
[SGXSan] ALWAYS: Enter enc_wolfSSL_new
[SGXSan] ALWAYS: Enter enc_wolfSSL_get_error
[SGXSan] ALWAYS: Enter enc_wolfSSL_read
[SGXSan] ALWAYS: Enter enc_wolfSSL_CTX_new
[SGXSan] ALWAYS: Enter wc_test
------------------------------------------------------------------------------
 wolfSSL version 5.1.0
------------------------------------------------------------------------------
error    test passed!
MEMORY   test passed!
base64   test passed!
asn      test passed!
RANDOM   test passed!
MD5      test passed!
MD4      test passed!
SHA      test passed!
SHA-256  test passed!
Hash     test passed!
HMAC-MD5 test passed!
HMAC-SHA test passed!
HMAC-SHA256 test passed!
GMAC     test passed!
HC-128   test passed!
Rabbit   test passed!
DES      test passed!
DES3     test passed!
AES      test passed!
AES192   test passed!
AES256   test passed!
AES-GCM  test passed!
RSA      test passed!
DH       test passed!
DSA      test passed!
PWDBASED test passed!
ECC      test passed!
ECC buffer test passed!
logging  test passed!
mutex    test passed!
memcb    test failed!
 error = -13803
[SGXSan] ALWAYS: Enter enc_wolfSSL_CTX_set_cipher_list
[SGXSan] ALWAYS: Enter enc_wolfSSL_write
[SGXSan] ALWAYS: Enter enc_wolfSSL_CTX_use_PrivateKey_buffer
[SGXSan] ALWAYS: Enter enc_wolfSSL_free
[SGXSan] ALWAYS: Enter enc_wolfSSL_CTX_use_certificate_buffer
[SGXSan] ALWAYS: Enter enc_wolfSSL_Debugging_OFF
[SGXSan] ALWAYS: Enter enc_wolfSSL_connect
[SGXSan] ALWAYS: Enter enc_wolfTLSv1_2_server_method
[SGXSan] ALWAYS: Enter enc_wolfSSL_CTX_use_certificate_chain_buffer_format
[SGXSan] ALWAYS: Enter enc_wolfSSL_set_fd
[SGXSan] ALWAYS: Enter enc_wolfSSL_Debugging_ON
#12	DONE   cov: 6293 ft: 6298 corp: 3/1123Kb lim: 1000000 exec/s: 0 rss: 110Mb
Done 12 runs in 506 second(s)
stat::number_of_executed_units: 12
stat::average_exec_per_sec:     0
stat::new_units_added:          0
stat::slowest_unit_time_sec:    42
stat::peak_rss_mb:              110
