WARNING: Failed to find function "__sanitizer_acquire_crash_state".
WARNING: Failed to find function "__sanitizer_print_stack_trace".
WARNING: Failed to find function "__sanitizer_set_death_callback".
[CEnclavePool /home/leone/Documents/linux-sgx/psw/urts/enclave.cpp:638] enter CEnclavePool constructor
[2023-01-15 23:43:58.585] [Init] Num of ECall: 22
[2023-01-15 23:43:58.585] ECalls:
  0 - fuzz_enc_wolfSSL_CTX_free
  1 - fuzz_enc_wolfSSL_CTX_load_verify_buffer
  2 - fuzz_enc_wolfSSL_CTX_new
  3 - fuzz_enc_wolfSSL_CTX_set_cipher_list
  4 - fuzz_enc_wolfSSL_CTX_use_PrivateKey_buffer
  5 - fuzz_enc_wolfSSL_CTX_use_certificate_buffer
  6 - fuzz_enc_wolfSSL_CTX_use_certificate_chain_buffer_format
  7 - fuzz_enc_wolfSSL_Cleanup
  8 - fuzz_enc_wolfSSL_Debugging_OFF
  9 - fuzz_enc_wolfSSL_Debugging_ON
  10 - fuzz_enc_wolfSSL_Init
  11 - fuzz_enc_wolfSSL_connect
  12 - fuzz_enc_wolfSSL_free
  13 - fuzz_enc_wolfSSL_get_error
  14 - fuzz_enc_wolfSSL_new
  15 - fuzz_enc_wolfSSL_read
  16 - fuzz_enc_wolfSSL_set_fd
  17 - fuzz_enc_wolfSSL_write
  18 - fuzz_enc_wolfTLSv1_2_client_method
  19 - fuzz_enc_wolfTLSv1_2_server_method
  20 - fuzz_wc_benchmark_test
  21 - fuzz_wc_test

INFO: found LLVMFuzzerCustomMutator (0x44ac30). Disabling -len_control by default.
INFO: libFuzzer ignores flags that start with '--'
INFO: Running with entropic power schedule (0xFF, 100).
INFO: Seed: 4176454283
INFO: Loaded 1 modules   (291 inline 8-bit counters): 291 [0x4cb7e8, 0x4cb90b), 
INFO: Loaded 1 PC tables (291 PCs): 291 [0x4cb910,0x4ccb40), 
INFO:        0 files found in /tmp/libFuzzerTemp.FuzzWithFork422940.dir/C323
[SGXSan] ALWAYS: Hook __sanitizer_cov_8bit_counters_init of Enclave, 21636 inline 8-bit counts [0x7f74f541c9c0, 0x7f74f5421e44) (First time)
[SGXSan] ALWAYS: Hook __sanitizer_cov_pcs_init of Enclave, 21636 PCs [0x7f74f5421e48, 0x7f74f5476688) (First time)
[SGXSan] ALWAYS: Enter enc_wolfSSL_CTX_free
[SGXSan] ALWAYS: Enter enc_wolfSSL_CTX_load_verify_buffer
[SGXSan] ALWAYS: Enter enc_wolfSSL_CTX_new
[SGXSan] ALWAYS: Enter enc_wolfSSL_CTX_set_cipher_list
[SGXSan] ALWAYS: Enter enc_wolfSSL_CTX_use_PrivateKey_buffer
[SGXSan] ALWAYS: Enter enc_wolfSSL_CTX_use_certificate_buffer
[SGXSan] ALWAYS: Enter enc_wolfSSL_CTX_use_certificate_chain_buffer_format
[SGXSan] ALWAYS: Enter enc_wolfSSL_Cleanup
[SGXSan] ALWAYS: Enter enc_wolfSSL_Debugging_OFF
[SGXSan] ALWAYS: Enter enc_wolfSSL_Debugging_ON
[SGXSan] ALWAYS: Enter enc_wolfSSL_Init
[SGXSan] ALWAYS: Enter enc_wolfSSL_connect
[SGXSan] ALWAYS: Enter enc_wolfSSL_free
[SGXSan] ALWAYS: Enter enc_wolfSSL_get_error
[SGXSan] ALWAYS: Enter enc_wolfSSL_new
[SGXSan] ALWAYS: Enter enc_wolfSSL_read
[SGXSan] ALWAYS: Enter enc_wolfSSL_set_fd
[SGXSan] ALWAYS: Enter enc_wolfSSL_write
[SGXSan] ALWAYS: Enter enc_wolfTLSv1_2_client_method
[SGXSan] ALWAYS: Enter enc_wolfTLSv1_2_server_method
[SGXSan] ALWAYS: Enter wc_benchmark_test
------------------------------------------------------------------------------
 wolfSSL version 5.1.0
------------------------------------------------------------------------------
wolfCrypt Benchmark (block bytes 1048576, min 1.0 sec each)
RNG                 15 MB took 1.145 seconds,   13.102 MB/s
AES-128-CBC-enc     35 MB took 1.064 seconds,   32.882 MB/s
AES-128-CBC-dec     30 MB took 1.011 seconds,   29.668 MB/s
AES-192-CBC-enc     30 MB took 1.084 seconds,   27.671 MB/s
AES-192-CBC-dec     30 MB took 1.194 seconds,   25.118 MB/s
AES-256-CBC-enc     25 MB took 1.015 seconds,   24.637 MB/s
AES-256-CBC-dec     25 MB took 1.081 seconds,   23.128 MB/s
AES-128-GCM-enc     25 MB took 1.076 seconds,   23.239 MB/s
AES-128-GCM-dec     25 MB took 1.078 seconds,   23.183 MB/s
AES-192-GCM-enc     25 MB took 1.186 seconds,   21.074 MB/s
AES-192-GCM-dec     25 MB took 1.202 seconds,   20.792 MB/s
AES-256-GCM-enc     20 MB took 1.041 seconds,   19.209 MB/s
AES-256-GCM-dec     20 MB took 1.041 seconds,   19.204 MB/s
GMAC Table 4-bit    67 MB took 1.003 seconds,   66.814 MB/s
RABBIT              90 MB took 1.025 seconds,   87.820 MB/s
3DES                10 MB took 1.106 seconds,    9.043 MB/s
MD5                300 MB took 1.009 seconds,  297.309 MB/s
SHA                135 MB took 1.022 seconds,  132.144 MB/s
SHA-256             35 MB took 1.095 seconds,   31.976 MB/s
HMAC-MD5           310 MB took 1.012 seconds,  306.351 MB/s
HMAC-SHA           130 MB took 1.034 seconds,  125.686 MB/s
HMAC-SHA256         30 MB took 1.002 seconds,   29.935 MB/s
PBKDF2               4 KB took 1.003 seconds,    3.675 KB/s
RSA     2048 public       1400 ops took 1.015 sec, avg 0.725 ms, 1378.714 ops/sec
RSA     2048 private       100 ops took 3.782 sec, avg 37.823 ms, 26.439 ops/sec
DH      2048 key gen        66 ops took 1.011 sec, avg 15.323 ms, 65.263 ops/sec
DH      2048 agree         100 ops took 1.556 sec, avg 15.559 ms, 64.271 ops/sec
ECC   [      SECP256R1]   256 key gen      1368 ops took 1.000 sec, avg 0.731 ms, 1367.715 ops/sec
ECDHE [      SECP256R1]   256 agree         900 ops took 1.028 sec, avg 1.142 ms, 875.572 ops/sec
ECDSA [      SECP256R1]   256 sign         1200 ops took 1.028 sec, avg 0.857 ms, 1166.994 ops/sec
ECDSA [      SECP256R1]   256 verify        900 ops took 1.070 sec, avg 1.189 ms, 841.123 ops/sec
Benchmark complete
[SGXSan] ALWAYS: Enter wc_test
INFO: seed corpus: files: 6 min: 370191b max: 390122b total: 2320801b rss: 43Mb
------------------------------------------------------------------------------
 wolfSSL version 5.1.0
------------------------------------------------------------------------------
error    test passed!
MEMORY   test passed!
base64   test passed!
asn      test passed!
RANDOM   test passed!
MD5      test passed!
MD4      test passed!
SHA      test passed!
SHA-256  test passed!
Hash     test passed!
HMAC-MD5 test passed!
HMAC-SHA test passed!
HMAC-SHA256 test passed!
GMAC     test passed!
HC-128   test passed!
Rabbit   test passed!
DES      test passed!
DES3     test passed!
AES      test passed!
AES192   test passed!
AES256   test passed!
AES-GCM  test passed!
RSA      test passed!
DH       test passed!
DSA      test passed!
PWDBASED test passed!
ECC      test passed!
ECC buffer test passed!
logging  test passed!
mutex    test passed!
memcb    test passed!
Test complete
[SGXSan] ALWAYS: Enter enc_wolfSSL_CTX_load_verify_buffer
[SGXSan] ALWAYS: Enter enc_wolfSSL_CTX_new
[SGXSan] ALWAYS: Enter enc_wolfSSL_CTX_free
[SGXSan] ALWAYS: Enter enc_wolfSSL_Debugging_ON
[SGXSan] ALWAYS: Enter wc_benchmark_test
------------------------------------------------------------------------------
 wolfSSL version 5.1.0
------------------------------------------------------------------------------
wolfCrypt Benchmark (block bytes 1048576, min 1.0 sec each)
RNG                 15 MB took 1.103 seconds,   13.600 MB/s
AES-128-CBC-enc     35 MB took 1.069 seconds,   32.754 MB/s
AES-128-CBC-dec     35 MB took 1.150 seconds,   30.428 MB/s
AES-192-CBC-enc     30 MB took 1.075 seconds,   27.902 MB/s
AES-192-CBC-dec     30 MB took 1.215 seconds,   24.693 MB/s
AES-256-CBC-enc     25 MB took 1.088 seconds,   22.969 MB/s
AES-256-CBC-dec     25 MB took 1.070 seconds,   23.365 MB/s
AES-128-GCM-enc     25 MB took 1.077 seconds,   23.212 MB/s
AES-128-GCM-dec     25 MB took 1.049 seconds,   23.830 MB/s
AES-192-GCM-enc     25 MB took 1.182 seconds,   21.147 MB/s
AES-192-GCM-dec     25 MB took 1.137 seconds,   21.980 MB/s
AES-256-GCM-enc     25 MB took 1.229 seconds,   20.346 MB/s
AES-256-GCM-dec     20 MB took 1.009 seconds,   19.816 MB/s
GMAC Table 4-bit    70 MB took 1.012 seconds,   69.139 MB/s
RABBIT              95 MB took 1.042 seconds,   91.130 MB/s
3DES                10 MB took 1.075 seconds,    9.298 MB/s
MD5                310 MB took 1.013 seconds,  306.055 MB/s
SHA                130 MB took 1.013 seconds,  128.349 MB/s
SHA-256             35 MB took 1.138 seconds,   30.754 MB/s
HMAC-MD5           305 MB took 1.009 seconds,  302.355 MB/s
HMAC-SHA           130 MB took 1.002 seconds,  129.783 MB/s
HMAC-SHA256         35 MB took 1.117 seconds,   31.323 MB/s
PBKDF2               4 KB took 1.008 seconds,    3.753 KB/s
RSA     2048 public       1400 ops took 1.032 sec, avg 0.737 ms, 1356.780 ops/sec
RSA     2048 private       100 ops took 3.749 sec, avg 37.494 ms, 26.671 ops/sec
DH      2048 key gen        65 ops took 1.011 sec, avg 15.561 ms, 64.265 ops/sec
DH      2048 agree         100 ops took 1.567 sec, avg 15.670 ms, 63.815 ops/sec
ECC   [      SECP256R1]   256 key gen      1417 ops took 1.001 sec, avg 0.706 ms, 1416.058 ops/sec
ECDHE [      SECP256R1]   256 agree        1000 ops took 1.073 sec, avg 1.073 ms, 931.992 ops/sec
ECDSA [      SECP256R1]   256 sign         1300 ops took 1.070 sec, avg 0.823 ms, 1215.299 ops/sec
ECDSA [      SECP256R1]   256 verify        900 ops took 1.023 sec, avg 1.137 ms, 879.667 ops/sec
Benchmark complete
[SGXSan] ALWAYS: Enter enc_wolfTLSv1_2_server_method
[SGXSan] ALWAYS: Enter enc_wolfSSL_Debugging_OFF
[SGXSan] ALWAYS: Enter enc_wolfSSL_set_fd
[SGXSan] ALWAYS: Enter enc_wolfSSL_free
[SGXSan] ALWAYS: Enter enc_wolfSSL_Init
[SGXSan] ALWAYS: Enter enc_wolfTLSv1_2_client_method
[SGXSan] ALWAYS: Enter enc_wolfSSL_CTX_use_certificate_buffer
[SGXSan] ALWAYS: Enter enc_wolfSSL_Cleanup
[SGXSan] ALWAYS: Enter enc_wolfSSL_CTX_use_certificate_chain_buffer_format
[SGXSan] ALWAYS: Enter enc_wolfSSL_CTX_set_cipher_list
[SGXSan] ALWAYS: Enter enc_wolfSSL_get_error
[SGXSan] ALWAYS: Enter enc_wolfSSL_new
[SGXSan] ALWAYS: Enter enc_wolfSSL_read
[SGXSan] ALWAYS: Enter enc_wolfSSL_connect
[SGXSan] ALWAYS: Enter enc_wolfSSL_write
[SGXSan] ALWAYS: Enter enc_wolfSSL_CTX_use_PrivateKey_buffer
[SGXSan] ALWAYS: Enter wc_test
#2	pulse  ft: 6290 exec/s: 0 rss: 50Mb
Slowest unit: 42 s:
artifact_prefix='./crashes/'; Test unit written to ./crashes/slow-unit-96909ea58d2e80ea57583f4c55878b5a1d153797
------------------------------------------------------------------------------
 wolfSSL version 5.1.0
------------------------------------------------------------------------------
error    test passed!
MEMORY   test passed!
base64   test passed!
asn      test passed!
RANDOM   test passed!
MD5      test passed!
MD4      test passed!
SHA      test passed!
SHA-256  test passed!
Hash     test passed!
HMAC-MD5 test passed!
HMAC-SHA test passed!
HMAC-SHA256 test passed!
GMAC     test passed!
HC-128   test passed!
Rabbit   test passed!
DES      test passed!
DES3     test passed!
AES      test passed!
AES192   test passed!
AES256   test passed!
AES-GCM  test passed!
RSA      test passed!
DH       test passed!
DSA      test passed!
PWDBASED test passed!
ECC      test passed!
ECC buffer test passed!
logging  test passed!
mutex    test passed!
memcb    test failed!
 error = -13803
[SGXSan] ALWAYS: Enter enc_wolfSSL_CTX_load_verify_buffer
[SGXSan] ALWAYS: Enter enc_wolfSSL_Init
[SGXSan] ALWAYS: Enter enc_wolfSSL_Debugging_ON
[SGXSan] ALWAYS: Enter enc_wolfSSL_connect
[SGXSan] ALWAYS: Enter wc_test
------------------------------------------------------------------------------
 wolfSSL version 5.1.0
------------------------------------------------------------------------------
error    test passed!
MEMORY   test passed!
base64   test passed!
asn      test passed!
RANDOM   test passed!
MD5      test passed!
MD4      test passed!
SHA      test passed!
SHA-256  test passed!
Hash     test passed!
HMAC-MD5 test passed!
HMAC-SHA test passed!
HMAC-SHA256 test passed!
GMAC     test passed!
HC-128   test passed!
Rabbit   test passed!
DES      test passed!
DES3     test passed!
AES      test passed!
AES192   test passed!
AES256   test passed!
AES-GCM  test passed!
RSA      test passed!
DH       test passed!
DSA      test passed!
PWDBASED test passed!
ECC      test passed!
ECC buffer test passed!
logging  test passed!
mutex    test passed!
memcb    test failed!
 error = -13803
[SGXSan] ALWAYS: Enter enc_wolfTLSv1_2_client_method
[SGXSan] ALWAYS: Enter enc_wolfSSL_write
[SGXSan] ALWAYS: Enter enc_wolfSSL_read
[SGXSan] ALWAYS: Enter enc_wolfSSL_CTX_use_certificate_buffer
[SGXSan] ALWAYS: Enter enc_wolfSSL_Debugging_OFF
[SGXSan] ALWAYS: Enter enc_wolfSSL_CTX_set_cipher_list
[SGXSan] ALWAYS: Enter enc_wolfSSL_set_fd
[SGXSan] ALWAYS: Enter enc_wolfSSL_CTX_use_PrivateKey_buffer
[SGXSan] ALWAYS: Enter enc_wolfSSL_new
[SGXSan] ALWAYS: Enter enc_wolfSSL_Cleanup
[SGXSan] ALWAYS: Enter enc_wolfSSL_CTX_use_certificate_chain_buffer_format
[SGXSan] ALWAYS: Enter enc_wolfSSL_CTX_free
[SGXSan] ALWAYS: Enter enc_wolfTLSv1_2_server_method
[SGXSan] ALWAYS: Enter wc_benchmark_test
------------------------------------------------------------------------------
 wolfSSL version 5.1.0
------------------------------------------------------------------------------
wolfCrypt Benchmark (block bytes 1048576, min 1.0 sec each)
RNG                 15 MB took 1.148 seconds,   13.070 MB/s
AES-128-CBC-enc     35 MB took 1.079 seconds,   32.441 MB/s
AES-128-CBC-dec     30 MB took 1.033 seconds,   29.040 MB/s
AES-192-CBC-enc     30 MB took 1.137 seconds,   26.390 MB/s
AES-192-CBC-dec     30 MB took 1.168 seconds,   25.680 MB/s
AES-256-CBC-enc     25 MB took 1.003 seconds,   24.913 MB/s
AES-256-CBC-dec     25 MB took 1.074 seconds,   23.277 MB/s
AES-128-GCM-enc     25 MB took 1.059 seconds,   23.613 MB/s
AES-128-GCM-dec     25 MB took 1.039 seconds,   24.054 MB/s
AES-192-GCM-enc     25 MB took 1.175 seconds,   21.283 MB/s
AES-192-GCM-dec     25 MB took 1.163 seconds,   21.498 MB/s
AES-256-GCM-enc     20 MB took 1.027 seconds,   19.475 MB/s
AES-256-GCM-dec     20 MB took 1.042 seconds,   19.195 MB/s
GMAC Table 4-bit    68 MB took 1.013 seconds,   67.123 MB/s
RABBIT              90 MB took 1.011 seconds,   88.988 MB/s
3DES                10 MB took 1.103 seconds,    9.066 MB/s
MD5                300 MB took 1.005 seconds,  298.379 MB/s
SHA                130 MB took 1.028 seconds,  126.412 MB/s
SHA-256             35 MB took 1.151 seconds,   30.405 MB/s
HMAC-MD5           305 MB took 1.006 seconds,  303.201 MB/s
HMAC-SHA           130 MB took 1.022 seconds,  127.185 MB/s
HMAC-SHA256         35 MB took 1.147 seconds,   30.507 MB/s
PBKDF2               4 KB took 1.008 seconds,    3.690 KB/s
RSA     2048 public       1400 ops took 1.033 sec, avg 0.738 ms, 1355.445 ops/sec
RSA     2048 private       100 ops took 3.774 sec, avg 37.741 ms, 26.496 ops/sec
DH      2048 key gen        66 ops took 1.007 sec, avg 15.254 ms, 65.555 ops/sec
DH      2048 agree         100 ops took 1.584 sec, avg 15.840 ms, 63.132 ops/sec
ECC   [      SECP256R1]   256 key gen      1368 ops took 1.001 sec, avg 0.731 ms, 1367.100 ops/sec
ECDHE [      SECP256R1]   256 agree        1000 ops took 1.105 sec, avg 1.105 ms, 905.370 ops/sec
ECDSA [      SECP256R1]   256 sign         1200 ops took 1.015 sec, avg 0.846 ms, 1181.692 ops/sec
ECDSA [      SECP256R1]   256 verify        900 ops took 1.054 sec, avg 1.171 ms, 853.634 ops/sec
Benchmark complete
[SGXSan] ALWAYS: Enter enc_wolfSSL_get_error
[SGXSan] ALWAYS: Enter enc_wolfSSL_free
[SGXSan] ALWAYS: Enter enc_wolfSSL_CTX_new
[SGXSan] ALWAYS: Enter enc_wolfSSL_Init
[SGXSan] ALWAYS: Enter wc_benchmark_test
------------------------------------------------------------------------------
 wolfSSL version 5.1.0
------------------------------------------------------------------------------
wolfCrypt Benchmark (block bytes 1048576, min 1.0 sec each)
RNG                 15 MB took 1.155 seconds,   12.988 MB/s
AES-128-CBC-enc     35 MB took 1.065 seconds,   32.868 MB/s
AES-128-CBC-dec     30 MB took 1.015 seconds,   29.551 MB/s
AES-192-CBC-enc     30 MB took 1.073 seconds,   27.968 MB/s
AES-192-CBC-dec     30 MB took 1.159 seconds,   25.875 MB/s
AES-256-CBC-enc     30 MB took 1.203 seconds,   24.937 MB/s
AES-256-CBC-dec     25 MB took 1.076 seconds,   23.241 MB/s
AES-128-GCM-enc     25 MB took 1.069 seconds,   23.380 MB/s
AES-128-GCM-dec     25 MB took 1.070 seconds,   23.365 MB/s
AES-192-GCM-enc     25 MB took 1.174 seconds,   21.302 MB/s
AES-192-GCM-dec     25 MB took 1.185 seconds,   21.106 MB/s
AES-256-GCM-enc     20 MB took 1.036 seconds,   19.305 MB/s
AES-256-GCM-dec     20 MB took 1.047 seconds,   19.100 MB/s
GMAC Table 4-bit    68 MB took 1.010 seconds,   67.331 MB/s
RABBIT              90 MB took 1.017 seconds,   88.538 MB/s
3DES                10 MB took 1.105 seconds,    9.046 MB/s
MD5                300 MB took 1.001 seconds,  299.675 MB/s
SHA                130 MB took 1.021 seconds,  127.301 MB/s
SHA-256             30 MB took 1.008 seconds,   29.766 MB/s
HMAC-MD5           300 MB took 1.013 seconds,  296.287 MB/s
HMAC-SHA           130 MB took 1.038 seconds,  125.201 MB/s
HMAC-SHA256         35 MB took 1.151 seconds,   30.409 MB/s
PBKDF2               4 KB took 1.002 seconds,    3.743 KB/s
RSA     2048 public       1400 ops took 1.029 sec, avg 0.735 ms, 1361.005 ops/sec
RSA     2048 private       100 ops took 3.763 sec, avg 37.630 ms, 26.575 ops/sec
DH      2048 key gen        64 ops took 1.005 sec, avg 15.706 ms, 63.668 ops/sec
DH      2048 agree         100 ops took 1.592 sec, avg 15.916 ms, 62.832 ops/sec
ECC   [      SECP256R1]   256 key gen      1368 ops took 1.001 sec, avg 0.732 ms, 1367.041 ops/sec
ECDHE [      SECP256R1]   256 agree         900 ops took 1.012 sec, avg 1.125 ms, 889.062 ops/sec
ECDSA [      SECP256R1]   256 sign         1300 ops took 1.078 sec, avg 0.830 ms, 1205.409 ops/sec
ECDSA [      SECP256R1]   256 verify        900 ops took 1.026 sec, avg 1.140 ms, 877.391 ops/sec
Benchmark complete
[SGXSan] ALWAYS: Enter enc_wolfSSL_CTX_use_PrivateKey_buffer
[SGXSan] ALWAYS: Enter enc_wolfTLSv1_2_server_method
[SGXSan] ALWAYS: Enter enc_wolfSSL_set_fd
[SGXSan] ALWAYS: Enter enc_wolfSSL_read
[SGXSan] ALWAYS: Enter enc_wolfSSL_Debugging_ON
[SGXSan] ALWAYS: Enter enc_wolfSSL_CTX_free
[SGXSan] ALWAYS: Enter enc_wolfSSL_new
[SGXSan] ALWAYS: Enter enc_wolfSSL_get_error
[SGXSan] ALWAYS: Enter enc_wolfSSL_free
[SGXSan] ALWAYS: Enter enc_wolfSSL_Cleanup
[SGXSan] ALWAYS: Enter wc_test
------------------------------------------------------------------------------
 wolfSSL version 5.1.0
------------------------------------------------------------------------------
error    test passed!
MEMORY   test passed!
base64   test passed!
asn      test passed!
RANDOM   test passed!
MD5      test passed!
MD4      test passed!
SHA      test passed!
SHA-256  test passed!
Hash     test passed!
HMAC-MD5 test passed!
HMAC-SHA test passed!
HMAC-SHA256 test passed!
GMAC     test passed!
HC-128   test passed!
Rabbit   test passed!
DES      test passed!
DES3     test passed!
AES      test passed!
AES192   test passed!
AES256   test passed!
AES-GCM  test passed!
RSA      test passed!
DH       test passed!
DSA      test passed!
PWDBASED test passed!
ECC      test passed!
ECC buffer test passed!
logging  test passed!
mutex    test passed!
memcb    test failed!
 error = -13803
[SGXSan] ALWAYS: Enter enc_wolfSSL_CTX_use_certificate_chain_buffer_format
[SGXSan] ALWAYS: Enter enc_wolfSSL_write
[SGXSan] ALWAYS: Enter enc_wolfSSL_Debugging_OFF
[SGXSan] ALWAYS: Enter enc_wolfSSL_CTX_use_certificate_buffer
[SGXSan] ALWAYS: Enter enc_wolfSSL_CTX_new
[SGXSan] ALWAYS: Enter enc_wolfSSL_connect
[SGXSan] ALWAYS: Enter enc_wolfSSL_CTX_load_verify_buffer
[SGXSan] ALWAYS: Enter enc_wolfSSL_CTX_set_cipher_list
[SGXSan] ALWAYS: Enter enc_wolfTLSv1_2_client_method
#4	pulse  cov: 6291 ft: 6296 corp: 2/742Kb exec/s: 0 rss: 64Mb
[SGXSan] ALWAYS: Enter enc_wolfSSL_read
[SGXSan] ALWAYS: Enter enc_wolfSSL_CTX_free
[SGXSan] ALWAYS: Enter wc_benchmark_test
------------------------------------------------------------------------------
 wolfSSL version 5.1.0
------------------------------------------------------------------------------
wolfCrypt Benchmark (block bytes 1048576, min 1.0 sec each)
RNG                 15 MB took 1.133 seconds,   13.241 MB/s
AES-128-CBC-enc     35 MB took 1.129 seconds,   31.005 MB/s
AES-128-CBC-dec     35 MB took 1.162 seconds,   30.126 MB/s
AES-192-CBC-enc     30 MB took 1.048 seconds,   28.626 MB/s
AES-192-CBC-dec     30 MB took 1.131 seconds,   26.529 MB/s
AES-256-CBC-enc     30 MB took 1.178 seconds,   25.471 MB/s
AES-256-CBC-dec     25 MB took 1.047 seconds,   23.867 MB/s
AES-128-GCM-enc     25 MB took 1.048 seconds,   23.853 MB/s
AES-128-GCM-dec     25 MB took 1.034 seconds,   24.183 MB/s
AES-192-GCM-enc     25 MB took 1.154 seconds,   21.664 MB/s
AES-192-GCM-dec     25 MB took 1.171 seconds,   21.342 MB/s
AES-256-GCM-enc     20 MB took 1.015 seconds,   19.712 MB/s
AES-256-GCM-dec     20 MB took 1.058 seconds,   18.898 MB/s
GMAC Table 4-bit    67 MB took 1.002 seconds,   66.840 MB/s
RABBIT              90 MB took 1.018 seconds,   88.373 MB/s
3DES                10 MB took 1.108 seconds,    9.022 MB/s
MD5                300 MB took 1.007 seconds,  297.946 MB/s
SHA                125 MB took 1.009 seconds,  123.864 MB/s
SHA-256             35 MB took 1.159 seconds,   30.198 MB/s
HMAC-MD5           300 MB took 1.010 seconds,  296.935 MB/s
HMAC-SHA           130 MB took 1.009 seconds,  128.870 MB/s
HMAC-SHA256         35 MB took 1.124 seconds,   31.135 MB/s
PBKDF2               4 KB took 1.006 seconds,    3.760 KB/s
RSA     2048 public       1400 ops took 1.023 sec, avg 0.731 ms, 1368.307 ops/sec
RSA     2048 private       100 ops took 3.742 sec, avg 37.416 ms, 26.726 ops/sec
DH      2048 key gen        65 ops took 1.008 sec, avg 15.514 ms, 64.458 ops/sec
DH      2048 agree         100 ops took 1.554 sec, avg 15.540 ms, 64.349 ops/sec
ECC   [      SECP256R1]   256 key gen      1363 ops took 1.000 sec, avg 0.734 ms, 1362.643 ops/sec
ECDHE [      SECP256R1]   256 agree         900 ops took 1.003 sec, avg 1.114 ms, 897.558 ops/sec
ECDSA [      SECP256R1]   256 sign         1200 ops took 1.025 sec, avg 0.854 ms, 1170.933 ops/sec
ECDSA [      SECP256R1]   256 verify        900 ops took 1.068 sec, avg 1.187 ms, 842.530 ops/sec
Benchmark complete
[SGXSan] ALWAYS: Enter enc_wolfSSL_CTX_use_certificate_chain_buffer_format
[SGXSan] ALWAYS: Enter enc_wolfSSL_write
[SGXSan] ALWAYS: Enter enc_wolfSSL_CTX_use_certificate_buffer
[SGXSan] ALWAYS: Enter wc_test
------------------------------------------------------------------------------
 wolfSSL version 5.1.0
------------------------------------------------------------------------------
error    test passed!
MEMORY   test passed!
base64   test passed!
asn      test passed!
RANDOM   test passed!
MD5      test passed!
MD4      test passed!
SHA      test passed!
SHA-256  test passed!
Hash     test passed!
HMAC-MD5 test passed!
HMAC-SHA test passed!
HMAC-SHA256 test passed!
GMAC     test passed!
HC-128   test passed!
Rabbit   test passed!
DES      test passed!
DES3     test passed!
AES      test passed!
AES192   test passed!
AES256   test passed!
AES-GCM  test passed!
RSA      test passed!
DH       test passed!
DSA      test passed!
PWDBASED test passed!
ECC      test passed!
ECC buffer test passed!
logging  test passed!
mutex    test passed!
memcb    test failed!
 error = -13803
[SGXSan] ALWAYS: Enter enc_wolfSSL_Cleanup
[SGXSan] ALWAYS: Enter enc_wolfTLSv1_2_server_method
[SGXSan] ALWAYS: Enter enc_wolfSSL_new
[SGXSan] ALWAYS: Enter enc_wolfSSL_Init
[SGXSan] ALWAYS: Enter enc_wolfSSL_CTX_use_PrivateKey_buffer
[SGXSan] ALWAYS: Enter enc_wolfSSL_get_error
[SGXSan] ALWAYS: Enter enc_wolfTLSv1_2_client_method
[SGXSan] ALWAYS: Enter enc_wolfSSL_connect
[SGXSan] ALWAYS: Enter enc_wolfSSL_CTX_load_verify_buffer
[SGXSan] ALWAYS: Enter enc_wolfSSL_Debugging_ON
[SGXSan] ALWAYS: Enter enc_wolfSSL_Debugging_OFF
[SGXSan] ALWAYS: Enter enc_wolfSSL_CTX_set_cipher_list
[SGXSan] ALWAYS: Enter enc_wolfSSL_set_fd
[SGXSan] ALWAYS: Enter enc_wolfSSL_free
[SGXSan] ALWAYS: Enter enc_wolfSSL_CTX_new
[SGXSan] ALWAYS: Enter enc_wolfSSL_CTX_use_PrivateKey_buffer
[SGXSan] ALWAYS: Enter enc_wolfSSL_free
[SGXSan] ALWAYS: Enter enc_wolfSSL_set_fd
[SGXSan] ALWAYS: Enter enc_wolfSSL_write
[SGXSan] ALWAYS: Enter enc_wolfSSL_CTX_free
[SGXSan] ALWAYS: Enter wc_benchmark_test
------------------------------------------------------------------------------
 wolfSSL version 5.1.0
------------------------------------------------------------------------------
wolfCrypt Benchmark (block bytes 1048576, min 1.0 sec each)
RNG                 15 MB took 1.158 seconds,   12.958 MB/s
AES-128-CBC-enc     35 MB took 1.117 seconds,   31.337 MB/s
AES-128-CBC-dec     20 MB took 1.188 seconds,   16.837 MB/s
AES-192-CBC-enc     20 MB took 1.292 seconds,   15.484 MB/s
AES-192-CBC-dec     15 MB took 1.037 seconds,   14.468 MB/s
AES-256-CBC-enc     15 MB took 1.053 seconds,   14.239 MB/s
AES-256-CBC-dec     15 MB took 1.117 seconds,   13.428 MB/s
AES-128-GCM-enc     25 MB took 1.199 seconds,   20.857 MB/s
AES-128-GCM-dec     25 MB took 1.062 seconds,   23.536 MB/s
AES-192-GCM-enc     25 MB took 1.214 seconds,   20.598 MB/s
AES-192-GCM-dec     25 MB took 1.194 seconds,   20.945 MB/s
AES-256-GCM-enc     20 MB took 1.024 seconds,   19.524 MB/s
AES-256-GCM-dec     20 MB took 1.025 seconds,   19.511 MB/s
GMAC Table 4-bit    69 MB took 1.013 seconds,   68.119 MB/s
RABBIT              95 MB took 1.052 seconds,   90.305 MB/s
3DES                10 MB took 1.087 seconds,    9.204 MB/s
MD5                305 MB took 1.009 seconds,  302.363 MB/s
SHA                130 MB took 1.005 seconds,  129.348 MB/s
SHA-256             35 MB took 1.135 seconds,   30.828 MB/s
HMAC-MD5           300 MB took 1.004 seconds,  298.931 MB/s
HMAC-SHA           125 MB took 1.006 seconds,  124.208 MB/s
HMAC-SHA256         35 MB took 1.161 seconds,   30.152 MB/s
PBKDF2               4 KB took 1.002 seconds,    3.742 KB/s
RSA     2048 public       1400 ops took 1.020 sec, avg 0.729 ms, 1372.404 ops/sec
RSA     2048 private       100 ops took 3.673 sec, avg 36.735 ms, 27.222 ops/sec
DH      2048 key gen        65 ops took 1.006 sec, avg 15.471 ms, 64.639 ops/sec
DH      2048 agree         100 ops took 1.536 sec, avg 15.358 ms, 65.112 ops/sec
ECC   [      SECP256R1]   256 key gen      1418 ops took 1.001 sec, avg 0.706 ms, 1417.128 ops/sec
ECDHE [      SECP256R1]   256 agree        1000 ops took 1.072 sec, avg 1.072 ms, 932.547 ops/sec
ECDSA [      SECP256R1]   256 sign         1300 ops took 1.071 sec, avg 0.824 ms, 1213.669 ops/sec
ECDSA [      SECP256R1]   256 verify        900 ops took 1.037 sec, avg 1.152 ms, 867.718 ops/sec
Benchmark complete
[SGXSan] ALWAYS: Enter enc_wolfSSL_Debugging_ON
[SGXSan] ALWAYS: Enter enc_wolfSSL_Debugging_OFF
[SGXSan] ALWAYS: Enter enc_wolfSSL_Cleanup
[SGXSan] ALWAYS: Enter enc_wolfSSL_Init
[SGXSan] ALWAYS: Enter enc_wolfSSL_new
[SGXSan] ALWAYS: Enter enc_wolfSSL_CTX_load_verify_buffer
[SGXSan] ALWAYS: Enter enc_wolfSSL_CTX_set_cipher_list
[SGXSan] ALWAYS: Enter enc_wolfSSL_connect
[SGXSan] ALWAYS: Enter enc_wolfSSL_CTX_use_certificate_buffer
[SGXSan] ALWAYS: Enter enc_wolfSSL_CTX_use_certificate_chain_buffer_format
[SGXSan] ALWAYS: Enter wc_test
------------------------------------------------------------------------------
 wolfSSL version 5.1.0
------------------------------------------------------------------------------
error    test passed!
MEMORY   test passed!
base64   test passed!
asn      test passed!
RANDOM   test passed!
MD5      test passed!
MD4      test passed!
SHA      test passed!
SHA-256  test passed!
Hash     test passed!
HMAC-MD5 test passed!
HMAC-SHA test passed!
HMAC-SHA256 test passed!
GMAC     test passed!
HC-128   test passed!
Rabbit   test passed!
DES      test passed!
DES3     test passed!
AES      test passed!
AES192   test passed!
AES256   test passed!
AES-GCM  test passed!
RSA      test passed!
DH       test passed!
DSA      test passed!
PWDBASED test passed!
ECC      test passed!
ECC buffer test passed!
logging  test passed!
mutex    test passed!
memcb    test failed!
 error = -13803
[SGXSan] ALWAYS: Enter enc_wolfSSL_read
[SGXSan] ALWAYS: Enter enc_wolfSSL_CTX_new
[SGXSan] ALWAYS: Enter enc_wolfTLSv1_2_server_method
[SGXSan] ALWAYS: Enter enc_wolfSSL_get_error
[SGXSan] ALWAYS: Enter enc_wolfTLSv1_2_client_method
[SGXSan] ALWAYS: Enter enc_wolfSSL_Init
[SGXSan] ALWAYS: Enter wc_benchmark_test
------------------------------------------------------------------------------
 wolfSSL version 5.1.0
------------------------------------------------------------------------------
wolfCrypt Benchmark (block bytes 1048576, min 1.0 sec each)
RNG                 15 MB took 1.143 seconds,   13.124 MB/s
AES-128-CBC-enc     35 MB took 1.049 seconds,   33.373 MB/s
AES-128-CBC-dec     30 MB took 1.006 seconds,   29.810 MB/s
AES-192-CBC-enc     25 MB took 1.315 seconds,   19.006 MB/s
AES-192-CBC-dec     30 MB took 1.175 seconds,   25.539 MB/s
AES-256-CBC-enc     30 MB took 1.185 seconds,   25.320 MB/s
AES-256-CBC-dec     25 MB took 1.077 seconds,   23.213 MB/s
AES-128-GCM-enc     25 MB took 1.072 seconds,   23.314 MB/s
AES-128-GCM-dec     25 MB took 1.078 seconds,   23.189 MB/s
AES-192-GCM-enc     25 MB took 1.200 seconds,   20.836 MB/s
AES-192-GCM-dec     25 MB took 1.194 seconds,   20.934 MB/s
AES-256-GCM-enc     20 MB took 1.036 seconds,   19.299 MB/s
AES-256-GCM-dec     20 MB took 1.007 seconds,   19.853 MB/s
GMAC Table 4-bit    67 MB took 1.001 seconds,   66.965 MB/s
RABBIT              95 MB took 1.045 seconds,   90.877 MB/s
3DES                10 MB took 1.082 seconds,    9.242 MB/s
MD5                305 MB took 1.016 seconds,  300.298 MB/s
SHA                130 MB took 1.024 seconds,  126.962 MB/s
SHA-256             35 MB took 1.149 seconds,   30.456 MB/s
HMAC-MD5           295 MB took 1.007 seconds,  292.990 MB/s
HMAC-SHA           130 MB took 1.031 seconds,  126.063 MB/s
HMAC-SHA256         30 MB took 1.000 seconds,   29.986 MB/s
PBKDF2               4 KB took 1.008 seconds,    3.721 KB/s
RSA     2048 public       1400 ops took 1.007 sec, avg 0.720 ms, 1389.776 ops/sec
RSA     2048 private       100 ops took 3.715 sec, avg 37.150 ms, 26.918 ops/sec
DH      2048 key gen        64 ops took 1.003 sec, avg 15.680 ms, 63.777 ops/sec
DH      2048 agree         100 ops took 1.589 sec, avg 15.887 ms, 62.944 ops/sec
ECC   [      SECP256R1]   256 key gen      1384 ops took 1.000 sec, avg 0.723 ms, 1383.524 ops/sec
ECDHE [      SECP256R1]   256 agree         900 ops took 1.011 sec, avg 1.124 ms, 889.914 ops/sec
ECDSA [      SECP256R1]   256 sign         1200 ops took 1.027 sec, avg 0.856 ms, 1168.905 ops/sec
ECDSA [      SECP256R1]   256 verify        900 ops took 1.049 sec, avg 1.166 ms, 857.720 ops/sec
Benchmark complete
[SGXSan] ALWAYS: Enter enc_wolfSSL_CTX_use_PrivateKey_buffer
[SGXSan] ALWAYS: Enter enc_wolfTLSv1_2_server_method
[SGXSan] ALWAYS: Enter enc_wolfSSL_set_fd
[SGXSan] ALWAYS: Enter enc_wolfSSL_read
[SGXSan] ALWAYS: Enter enc_wolfSSL_Debugging_ON
[SGXSan] ALWAYS: Enter enc_wolfSSL_CTX_free
[SGXSan] ALWAYS: Enter enc_wolfSSL_new
[SGXSan] ALWAYS: Enter enc_wolfSSL_get_error
[SGXSan] ALWAYS: Enter enc_wolfSSL_free
[SGXSan] ALWAYS: Enter enc_wolfSSL_Cleanup
[SGXSan] ALWAYS: Enter wc_test
------------------------------------------------------------------------------
 wolfSSL version 5.1.0
------------------------------------------------------------------------------
error    test passed!
MEMORY   test passed!
base64   test passed!
asn      test passed!
RANDOM   test passed!
MD5      test passed!
MD4      test passed!
SHA      test passed!
SHA-256  test passed!
Hash     test passed!
HMAC-MD5 test passed!
HMAC-SHA test passed!
HMAC-SHA256 test passed!
GMAC     test passed!
HC-128   test passed!
Rabbit   test passed!
DES      test passed!
DES3     test passed!
AES      test passed!
AES192   test passed!
AES256   test passed!
AES-GCM  test passed!
RSA      test passed!
DH       test passed!
DSA      test passed!
PWDBASED test passed!
ECC      test passed!
ECC buffer test passed!
logging  test passed!
mutex    test passed!
memcb    test failed!
 error = -13803
[SGXSan] ALWAYS: Enter enc_wolfSSL_CTX_use_certificate_chain_buffer_format
[SGXSan] ALWAYS: Enter enc_wolfSSL_write
[SGXSan] ALWAYS: Enter enc_wolfSSL_Debugging_OFF
[SGXSan] ALWAYS: Enter enc_wolfSSL_CTX_use_certificate_buffer
[SGXSan] ALWAYS: Enter enc_wolfSSL_CTX_new
[SGXSan] ALWAYS: Enter enc_wolfSSL_connect
[SGXSan] ALWAYS: Enter enc_wolfSSL_CTX_load_verify_buffer
[SGXSan] ALWAYS: Enter enc_wolfSSL_CTX_set_cipher_list
[SGXSan] ALWAYS: Enter enc_wolfTLSv1_2_client_method
#7	INITED cov: 6292 ft: 6297 corp: 3/1123Kb exec/s: 0 rss: 82Mb
[SGXSan] ALWAYS: Enter enc_wolfSSL_CTX_use_certificate_buffer
[SGXSan] ALWAYS: Enter enc_wolfTLSv1_2_client_method
[SGXSan] ALWAYS: Enter wc_benchmark_test
------------------------------------------------------------------------------
 wolfSSL version 5.1.0
------------------------------------------------------------------------------
wolfCrypt Benchmark (block bytes 1048576, min 1.0 sec each)
RNG                 15 MB took 1.135 seconds,   13.213 MB/s
AES-128-CBC-enc     35 MB took 1.047 seconds,   33.429 MB/s
AES-128-CBC-dec     30 MB took 1.002 seconds,   29.946 MB/s
AES-192-CBC-enc     30 MB took 1.090 seconds,   27.518 MB/s
AES-192-CBC-dec     30 MB took 1.159 seconds,   25.874 MB/s
AES-256-CBC-enc     25 MB took 1.003 seconds,   24.913 MB/s
AES-256-CBC-dec     25 MB took 1.070 seconds,   23.364 MB/s
AES-128-GCM-enc     25 MB took 1.054 seconds,   23.710 MB/s
AES-128-GCM-dec     25 MB took 1.070 seconds,   23.354 MB/s
AES-192-GCM-enc     25 MB took 1.172 seconds,   21.338 MB/s
AES-192-GCM-dec     25 MB took 1.155 seconds,   21.639 MB/s
AES-256-GCM-enc     20 MB took 1.046 seconds,   19.122 MB/s
AES-256-GCM-dec     20 MB took 1.041 seconds,   19.220 MB/s
GMAC Table 4-bit    67 MB took 1.004 seconds,   66.739 MB/s
RABBIT              90 MB took 1.012 seconds,   88.955 MB/s
3DES                10 MB took 1.109 seconds,    9.015 MB/s
MD5                300 MB took 1.008 seconds,  297.536 MB/s
SHA                125 MB took 1.001 seconds,  124.823 MB/s
SHA-256             35 MB took 1.144 seconds,   30.589 MB/s
HMAC-MD5           310 MB took 1.016 seconds,  305.184 MB/s
HMAC-SHA           130 MB took 1.010 seconds,  128.693 MB/s
HMAC-SHA256         35 MB took 1.136 seconds,   30.811 MB/s
PBKDF2               4 KB took 1.002 seconds,    3.743 KB/s
RSA     2048 public       1400 ops took 1.012 sec, avg 0.723 ms, 1383.350 ops/sec
RSA     2048 private       100 ops took 3.637 sec, avg 36.371 ms, 27.494 ops/sec
DH      2048 key gen        64 ops took 1.010 sec, avg 15.776 ms, 63.386 ops/sec
DH      2048 agree         100 ops took 1.571 sec, avg 15.706 ms, 63.670 ops/sec
ECC   [      SECP256R1]   256 key gen      1397 ops took 1.000 sec, avg 0.716 ms, 1396.763 ops/sec
ECDHE [      SECP256R1]   256 agree        1000 ops took 1.104 sec, avg 1.104 ms, 906.188 ops/sec
ECDSA [      SECP256R1]   256 sign         1200 ops took 1.029 sec, avg 0.858 ms, 1166.123 ops/sec
ECDSA [      SECP256R1]   256 verify        900 ops took 1.049 sec, avg 1.166 ms, 857.735 ops/sec
Benchmark complete
[SGXSan] ALWAYS: Enter enc_wolfSSL_free
[SGXSan] ALWAYS: Enter enc_wolfSSL_CTX_set_cipher_list
[SGXSan] ALWAYS: Enter enc_wolfTLSv1_2_server_method
[SGXSan] ALWAYS: Enter enc_wolfSSL_CTX_use_PrivateKey_buffer
[SGXSan] ALWAYS: Enter enc_wolfSSL_read
[SGXSan] ALWAYS: Enter enc_wolfSSL_CTX_use_certificate_chain_buffer_format
[SGXSan] ALWAYS: Enter enc_wolfSSL_Debugging_OFF
[SGXSan] ALWAYS: Enter enc_wolfSSL_Cleanup
[SGXSan] ALWAYS: Enter enc_wolfSSL_set_fd
[SGXSan] ALWAYS: Enter enc_wolfSSL_connect
[SGXSan] ALWAYS: Enter enc_wolfSSL_CTX_free
[SGXSan] ALWAYS: Enter enc_wolfSSL_Debugging_ON
[SGXSan] ALWAYS: Enter enc_wolfSSL_Init
[SGXSan] ALWAYS: Enter enc_wolfSSL_get_error
[SGXSan] ALWAYS: Enter enc_wolfSSL_CTX_load_verify_buffer
[SGXSan] ALWAYS: Enter enc_wolfSSL_new
[SGXSan] ALWAYS: Enter enc_wolfSSL_write
[SGXSan] ALWAYS: Enter wc_test
------------------------------------------------------------------------------
 wolfSSL version 5.1.0
------------------------------------------------------------------------------
error    test passed!
MEMORY   test passed!
base64   test passed!
asn      test passed!
RANDOM   test passed!
MD5      test passed!
MD4      test passed!
SHA      test passed!
SHA-256  test passed!
Hash     test passed!
HMAC-MD5 test passed!
HMAC-SHA test passed!
HMAC-SHA256 test passed!
GMAC     test passed!
HC-128   test passed!
Rabbit   test passed!
DES      test passed!
DES3     test passed!
AES      test passed!
AES192   test passed!
AES256   test passed!
AES-GCM  test passed!
RSA      test passed!
DH       test passed!
DSA      test passed!
PWDBASED test passed!
ECC      test passed!
ECC buffer test passed!
logging  test passed!
mutex    test passed!
memcb    test failed!
 error = -13803
[SGXSan] ALWAYS: Enter enc_wolfSSL_CTX_new
#8	pulse  cov: 6292 ft: 6297 corp: 3/1123Kb lim: 1000000 exec/s: 0 rss: 87Mb
[SGXSan] ALWAYS: Enter enc_wolfSSL_CTX_use_certificate_buffer
[SGXSan] ALWAYS: Enter enc_wolfTLSv1_2_client_method
[SGXSan] ALWAYS: Enter wc_benchmark_test
------------------------------------------------------------------------------
 wolfSSL version 5.1.0
------------------------------------------------------------------------------
wolfCrypt Benchmark (block bytes 1048576, min 1.0 sec each)
RNG                 15 MB took 1.144 seconds,   13.111 MB/s
AES-128-CBC-enc     35 MB took 1.049 seconds,   33.370 MB/s
AES-128-CBC-dec     35 MB took 1.150 seconds,   30.440 MB/s
AES-192-CBC-enc     30 MB took 1.046 seconds,   28.677 MB/s
AES-192-CBC-dec     30 MB took 1.133 seconds,   26.481 MB/s
AES-256-CBC-enc     30 MB took 1.180 seconds,   25.431 MB/s
AES-256-CBC-dec     25 MB took 1.053 seconds,   23.740 MB/s
AES-128-GCM-enc     25 MB took 1.046 seconds,   23.911 MB/s
AES-128-GCM-dec     25 MB took 1.043 seconds,   23.979 MB/s
AES-192-GCM-enc     25 MB took 1.163 seconds,   21.500 MB/s
AES-192-GCM-dec     25 MB took 1.189 seconds,   21.026 MB/s
AES-256-GCM-enc     20 MB took 1.020 seconds,   19.614 MB/s
AES-256-GCM-dec     20 MB took 1.009 seconds,   19.824 MB/s
GMAC Table 4-bit    69 MB took 1.004 seconds,   68.756 MB/s
RABBIT              95 MB took 1.034 seconds,   91.912 MB/s
3DES                10 MB took 1.096 seconds,    9.126 MB/s
MD5                310 MB took 1.015 seconds,  305.465 MB/s
SHA                130 MB took 1.013 seconds,  128.317 MB/s
SHA-256             35 MB took 1.121 seconds,   31.222 MB/s
HMAC-MD5           305 MB took 1.004 seconds,  303.876 MB/s
HMAC-SHA           130 MB took 1.024 seconds,  126.991 MB/s
HMAC-SHA256         35 MB took 1.133 seconds,   30.894 MB/s
PBKDF2               4 KB took 1.006 seconds,    3.757 KB/s
RSA     2048 public       1400 ops took 1.002 sec, avg 0.716 ms, 1397.383 ops/sec
RSA     2048 private       100 ops took 3.649 sec, avg 36.492 ms, 27.403 ops/sec
DH      2048 key gen        64 ops took 1.002 sec, avg 15.652 ms, 63.890 ops/sec
DH      2048 agree         100 ops took 1.527 sec, avg 15.269 ms, 65.493 ops/sec
ECC   [      SECP256R1]   256 key gen      1426 ops took 1.000 sec, avg 0.701 ms, 1425.862 ops/sec
ECDHE [      SECP256R1]   256 agree        1000 ops took 1.098 sec, avg 1.098 ms, 910.493 ops/sec
ECDSA [      SECP256R1]   256 sign         1300 ops took 1.082 sec, avg 0.832 ms, 1201.853 ops/sec
ECDSA [      SECP256R1]   256 verify        900 ops took 1.037 sec, avg 1.152 ms, 868.305 ops/sec
Benchmark complete
[SGXSan] ALWAYS: Enter enc_wolfSSL_free
[SGXSan] ALWAYS: Enter enc_wolfSSL_CTX_set_cipher_list
[SGXSan] ALWAYS: Enter enc_wolfTLSv1_2_server_method
[SGXSan] ALWAYS: Enter enc_wolfSSL_CTX_use_PrivateKey_buffer
[SGXSan] ALWAYS: Enter enc_wolfSSL_read
[SGXSan] ALWAYS: Enter enc_wolfSSL_CTX_use_certificate_chain_buffer_format
[SGXSan] ALWAYS: Enter enc_wolfSSL_Debugging_OFF
[SGXSan] ALWAYS: Enter enc_wolfSSL_Cleanup
[SGXSan] ALWAYS: Enter enc_wolfSSL_set_fd
[SGXSan] ALWAYS: Enter enc_wolfSSL_connect
[SGXSan] ALWAYS: Enter enc_wolfSSL_CTX_free
[SGXSan] ALWAYS: Enter enc_wolfSSL_Debugging_ON
[SGXSan] ALWAYS: Enter enc_wolfSSL_Init
[SGXSan] ALWAYS: Enter enc_wolfSSL_get_error
[SGXSan] ALWAYS: Enter enc_wolfSSL_CTX_load_verify_buffer
[SGXSan] ALWAYS: Enter enc_wolfSSL_new
[SGXSan] ALWAYS: Enter enc_wolfSSL_write
[SGXSan] ALWAYS: Enter wc_test
------------------------------------------------------------------------------
 wolfSSL version 5.1.0
------------------------------------------------------------------------------
error    test passed!
MEMORY   test passed!
base64   test passed!
asn      test passed!
RANDOM   test passed!
MD5      test passed!
MD4      test passed!
SHA      test passed!
SHA-256  test passed!
Hash     test passed!
HMAC-MD5 test passed!
HMAC-SHA test passed!
HMAC-SHA256 test passed!
GMAC     test passed!
HC-128   test passed!
Rabbit   test passed!
DES      test passed!
DES3     test passed!
AES      test passed!
AES192   test passed!
AES256   test passed!
AES-GCM  test passed!
RSA      test passed!
DH       test passed!
DSA      test passed!
PWDBASED test passed!
ECC      test passed!
ECC buffer test passed!
logging  test passed!
mutex    test passed!
memcb    test failed!
 error = -13803
[SGXSan] ALWAYS: Enter enc_wolfSSL_CTX_new
#9	NEW    cov: 6292 ft: 6302 corp: 4/1504Kb lim: 1000000 exec/s: 0 rss: 94Mb L: 390122/390122 MS: 4 ChangeBinInt-Custom-ShuffleBytes-Custom-
#9	DONE   cov: 6292 ft: 6302 corp: 4/1504Kb lim: 1000000 exec/s: 0 rss: 94Mb
Done 9 runs in 379 second(s)
stat::number_of_executed_units: 9
stat::average_exec_per_sec:     0
stat::new_units_added:          1
stat::slowest_unit_time_sec:    42
stat::peak_rss_mb:              94
