WARNING: Failed to find function "__sanitizer_acquire_crash_state".
WARNING: Failed to find function "__sanitizer_print_stack_trace".
WARNING: Failed to find function "__sanitizer_set_death_callback".
[CEnclavePool /home/leone/Documents/linux-sgx/psw/urts/enclave.cpp:638] enter CEnclavePool constructor
[2023-01-15 23:51:42.332] [Init] Num of ECall: 22
[2023-01-15 23:51:42.332] ECalls:
  0 - fuzz_enc_wolfSSL_CTX_free
  1 - fuzz_enc_wolfSSL_CTX_load_verify_buffer
  2 - fuzz_enc_wolfSSL_CTX_new
  3 - fuzz_enc_wolfSSL_CTX_set_cipher_list
  4 - fuzz_enc_wolfSSL_CTX_use_PrivateKey_buffer
  5 - fuzz_enc_wolfSSL_CTX_use_certificate_buffer
  6 - fuzz_enc_wolfSSL_CTX_use_certificate_chain_buffer_format
  7 - fuzz_enc_wolfSSL_Cleanup
  8 - fuzz_enc_wolfSSL_Debugging_OFF
  9 - fuzz_enc_wolfSSL_Debugging_ON
  10 - fuzz_enc_wolfSSL_Init
  11 - fuzz_enc_wolfSSL_connect
  12 - fuzz_enc_wolfSSL_free
  13 - fuzz_enc_wolfSSL_get_error
  14 - fuzz_enc_wolfSSL_new
  15 - fuzz_enc_wolfSSL_read
  16 - fuzz_enc_wolfSSL_set_fd
  17 - fuzz_enc_wolfSSL_write
  18 - fuzz_enc_wolfTLSv1_2_client_method
  19 - fuzz_enc_wolfTLSv1_2_server_method
  20 - fuzz_wc_benchmark_test
  21 - fuzz_wc_test

INFO: found LLVMFuzzerCustomMutator (0x44ac30). Disabling -len_control by default.
INFO: libFuzzer ignores flags that start with '--'
INFO: Running with entropic power schedule (0xFF, 100).
INFO: Seed: 4067322254
INFO: Loaded 1 modules   (291 inline 8-bit counters): 291 [0x4cb7e8, 0x4cb90b), 
INFO: Loaded 1 PC tables (291 PCs): 291 [0x4cb910,0x4ccb40), 
INFO:        0 files found in /tmp/libFuzzerTemp.FuzzWithFork422940.dir/C327
[SGXSan] ALWAYS: Hook __sanitizer_cov_8bit_counters_init of Enclave, 21636 inline 8-bit counts [0x7fddfb5189c0, 0x7fddfb51de44) (First time)
[SGXSan] ALWAYS: Hook __sanitizer_cov_pcs_init of Enclave, 21636 PCs [0x7fddfb51de48, 0x7fddfb572688) (First time)
[SGXSan] ALWAYS: Enter enc_wolfSSL_CTX_free
[SGXSan] ALWAYS: Enter enc_wolfSSL_CTX_load_verify_buffer
[SGXSan] ALWAYS: Enter enc_wolfSSL_CTX_new
[SGXSan] ALWAYS: Enter enc_wolfSSL_CTX_set_cipher_list
[SGXSan] ALWAYS: Enter enc_wolfSSL_CTX_use_PrivateKey_buffer
[SGXSan] ALWAYS: Enter enc_wolfSSL_CTX_use_certificate_buffer
[SGXSan] ALWAYS: Enter enc_wolfSSL_CTX_use_certificate_chain_buffer_format
[SGXSan] ALWAYS: Enter enc_wolfSSL_Cleanup
[SGXSan] ALWAYS: Enter enc_wolfSSL_Debugging_OFF
[SGXSan] ALWAYS: Enter enc_wolfSSL_Debugging_ON
[SGXSan] ALWAYS: Enter enc_wolfSSL_Init
[SGXSan] ALWAYS: Enter enc_wolfSSL_connect
[SGXSan] ALWAYS: Enter enc_wolfSSL_free
[SGXSan] ALWAYS: Enter enc_wolfSSL_get_error
[SGXSan] ALWAYS: Enter enc_wolfSSL_new
[SGXSan] ALWAYS: Enter enc_wolfSSL_read
[SGXSan] ALWAYS: Enter enc_wolfSSL_set_fd
[SGXSan] ALWAYS: Enter enc_wolfSSL_write
[SGXSan] ALWAYS: Enter enc_wolfTLSv1_2_client_method
[SGXSan] ALWAYS: Enter enc_wolfTLSv1_2_server_method
[SGXSan] ALWAYS: Enter wc_benchmark_test
------------------------------------------------------------------------------
 wolfSSL version 5.1.0
------------------------------------------------------------------------------
wolfCrypt Benchmark (block bytes 1048576, min 1.0 sec each)
RNG                 10 MB took 1.300 seconds,    7.693 MB/s
AES-128-CBC-enc     20 MB took 1.105 seconds,   18.093 MB/s
AES-128-CBC-dec     20 MB took 1.185 seconds,   16.877 MB/s
AES-192-CBC-enc     20 MB took 1.270 seconds,   15.746 MB/s
AES-192-CBC-dec     15 MB took 1.026 seconds,   14.627 MB/s
AES-256-CBC-enc     15 MB took 1.068 seconds,   14.040 MB/s
AES-256-CBC-dec     15 MB took 1.126 seconds,   13.323 MB/s
AES-128-GCM-enc     15 MB took 1.104 seconds,   13.591 MB/s
AES-128-GCM-dec     15 MB took 1.099 seconds,   13.647 MB/s
AES-192-GCM-enc     15 MB took 1.248 seconds,   12.016 MB/s
AES-192-GCM-dec     15 MB took 1.255 seconds,   11.952 MB/s
AES-256-GCM-enc     15 MB took 1.351 seconds,   11.100 MB/s
AES-256-GCM-dec     15 MB took 1.374 seconds,   10.918 MB/s
GMAC Table 4-bit    43 MB took 1.005 seconds,   42.789 MB/s
RABBIT              50 MB took 1.018 seconds,   49.119 MB/s
3DES                10 MB took 1.267 seconds,    7.892 MB/s
MD5                305 MB took 1.014 seconds,  300.693 MB/s
SHA                130 MB took 1.027 seconds,  126.538 MB/s
SHA-256             30 MB took 1.002 seconds,   29.950 MB/s
HMAC-MD5           305 MB took 1.008 seconds,  302.504 MB/s
HMAC-SHA           130 MB took 1.019 seconds,  127.578 MB/s
HMAC-SHA256         35 MB took 1.128 seconds,   31.016 MB/s
PBKDF2               4 KB took 1.005 seconds,    3.825 KB/s
RSA     2048 public       1400 ops took 1.011 sec, avg 0.722 ms, 1384.258 ops/sec
RSA     2048 private       100 ops took 3.645 sec, avg 36.451 ms, 27.434 ops/sec
DH      2048 key gen        66 ops took 1.011 sec, avg 15.317 ms, 65.288 ops/sec
DH      2048 agree         100 ops took 1.542 sec, avg 15.421 ms, 64.847 ops/sec
ECC   [      SECP256R1]   256 key gen      1408 ops took 1.000 sec, avg 0.710 ms, 1407.779 ops/sec
ECDHE [      SECP256R1]   256 agree        1000 ops took 1.092 sec, avg 1.092 ms, 915.354 ops/sec
ECDSA [      SECP256R1]   256 sign         1300 ops took 1.074 sec, avg 0.826 ms, 1210.416 ops/sec
ECDSA [      SECP256R1]   256 verify        900 ops took 1.053 sec, avg 1.170 ms, 855.001 ops/sec
Benchmark complete
[SGXSan] ALWAYS: Enter wc_test
INFO: seed corpus: files: 6 min: 390122b max: 390122b total: 2340732b rss: 43Mb
------------------------------------------------------------------------------
 wolfSSL version 5.1.0
------------------------------------------------------------------------------
error    test passed!
MEMORY   test passed!
base64   test passed!
asn      test passed!
RANDOM   test passed!
MD5      test passed!
MD4      test passed!
SHA      test passed!
SHA-256  test passed!
Hash     test passed!
HMAC-MD5 test passed!
HMAC-SHA test passed!
HMAC-SHA256 test passed!
GMAC     test passed!
HC-128   test passed!
Rabbit   test passed!
DES      test passed!
DES3     test passed!
AES      test passed!
AES192   test passed!
AES256   test passed!
AES-GCM  test passed!
RSA      test passed!
DH       test passed!
DSA      test passed!
PWDBASED test passed!
ECC      test passed!
ECC buffer test passed!
logging  test passed!
mutex    test passed!
memcb    test passed!
Test complete
[SGXSan] ALWAYS: Enter enc_wolfSSL_Init
[SGXSan] ALWAYS: Enter enc_wolfSSL_new
[SGXSan] ALWAYS: Enter enc_wolfSSL_free
[SGXSan] ALWAYS: Enter enc_wolfTLSv1_2_server_method
[SGXSan] ALWAYS: Enter enc_wolfSSL_Cleanup
[SGXSan] ALWAYS: Enter enc_wolfSSL_read
[SGXSan] ALWAYS: Enter enc_wolfSSL_CTX_free
[SGXSan] ALWAYS: Enter wc_benchmark_test
------------------------------------------------------------------------------
 wolfSSL version 5.1.0
------------------------------------------------------------------------------
wolfCrypt Benchmark (block bytes 1048576, min 1.0 sec each)
RNG                 15 MB took 1.143 seconds,   13.120 MB/s
AES-128-CBC-enc     35 MB took 1.056 seconds,   33.133 MB/s
AES-128-CBC-dec     35 MB took 1.153 seconds,   30.347 MB/s
AES-192-CBC-enc     30 MB took 1.063 seconds,   28.209 MB/s
AES-192-CBC-dec     30 MB took 1.118 seconds,   26.825 MB/s
AES-256-CBC-enc     30 MB took 1.174 seconds,   25.550 MB/s
AES-256-CBC-dec     25 MB took 1.027 seconds,   24.342 MB/s
AES-128-GCM-enc     25 MB took 1.038 seconds,   24.092 MB/s
AES-128-GCM-dec     25 MB took 1.043 seconds,   23.964 MB/s
AES-192-GCM-enc     25 MB took 1.174 seconds,   21.300 MB/s
AES-192-GCM-dec     25 MB took 1.173 seconds,   21.304 MB/s
AES-256-GCM-enc     20 MB took 1.012 seconds,   19.766 MB/s
AES-256-GCM-dec     20 MB took 1.014 seconds,   19.726 MB/s
GMAC Table 4-bit    68 MB took 1.014 seconds,   67.080 MB/s
RABBIT              95 MB took 1.037 seconds,   91.592 MB/s
3DES                10 MB took 1.088 seconds,    9.195 MB/s
MD5                305 MB took 1.007 seconds,  302.806 MB/s
SHA                130 MB took 1.006 seconds,  129.254 MB/s
SHA-256             35 MB took 1.136 seconds,   30.814 MB/s
HMAC-MD5           305 MB took 1.011 seconds,  301.795 MB/s
HMAC-SHA           130 MB took 1.020 seconds,  127.495 MB/s
HMAC-SHA256         35 MB took 1.141 seconds,   30.686 MB/s
PBKDF2               4 KB took 1.005 seconds,    3.701 KB/s
RSA     2048 public       1500 ops took 1.061 sec, avg 0.707 ms, 1414.239 ops/sec
RSA     2048 private       100 ops took 3.649 sec, avg 36.493 ms, 27.403 ops/sec
DH      2048 key gen        65 ops took 1.006 sec, avg 15.482 ms, 64.591 ops/sec
DH      2048 agree         100 ops took 1.556 sec, avg 15.559 ms, 64.271 ops/sec
ECC   [      SECP256R1]   256 key gen      1426 ops took 1.000 sec, avg 0.702 ms, 1425.343 ops/sec
ECDHE [      SECP256R1]   256 agree        1000 ops took 1.084 sec, avg 1.084 ms, 922.530 ops/sec
ECDSA [      SECP256R1]   256 sign         1200 ops took 1.007 sec, avg 0.839 ms, 1191.470 ops/sec
ECDSA [      SECP256R1]   256 verify        900 ops took 1.039 sec, avg 1.155 ms, 865.967 ops/sec
Benchmark complete
[SGXSan] ALWAYS: Enter enc_wolfSSL_get_error
[SGXSan] ALWAYS: Enter enc_wolfSSL_CTX_use_PrivateKey_buffer
[SGXSan] ALWAYS: Enter wc_test
------------------------------------------------------------------------------
 wolfSSL version 5.1.0
------------------------------------------------------------------------------
error    test passed!
MEMORY   test passed!
base64   test passed!
asn      test passed!
RANDOM   test passed!
MD5      test passed!
MD4      test passed!
SHA      test passed!
SHA-256  test passed!
Hash     test passed!
HMAC-MD5 test passed!
HMAC-SHA test passed!
HMAC-SHA256 test passed!
GMAC     test passed!
HC-128   test passed!
Rabbit   test passed!
DES      test passed!
DES3     test passed!
AES      test passed!
AES192   test passed!
AES256   test passed!
AES-GCM  test passed!
RSA      test passed!
DH       test passed!
DSA      test passed!
PWDBASED test passed!
ECC      test passed!
ECC buffer test passed!
logging  test passed!
mutex    test passed!
memcb    test failed!
 error = -13803
[SGXSan] ALWAYS: Enter enc_wolfSSL_Debugging_ON
[SGXSan] ALWAYS: Enter enc_wolfTLSv1_2_client_method
[SGXSan] ALWAYS: Enter enc_wolfSSL_CTX_set_cipher_list
[SGXSan] ALWAYS: Enter enc_wolfSSL_connect
[SGXSan] ALWAYS: Enter enc_wolfSSL_CTX_new
[SGXSan] ALWAYS: Enter enc_wolfSSL_write
[SGXSan] ALWAYS: Enter enc_wolfSSL_CTX_use_certificate_chain_buffer_format
[SGXSan] ALWAYS: Enter enc_wolfSSL_set_fd
[SGXSan] ALWAYS: Enter enc_wolfSSL_Debugging_OFF
[SGXSan] ALWAYS: Enter enc_wolfSSL_CTX_load_verify_buffer
[SGXSan] ALWAYS: Enter enc_wolfSSL_CTX_use_certificate_buffer
#2	pulse  ft: 6290 exec/s: 0 rss: 50Mb
Slowest unit: 42 s:
artifact_prefix='./crashes/'; Test unit written to ./crashes/slow-unit-c9be2a5a47cd0ec89b43d68a9da20b5ef11e5787
[SGXSan] ALWAYS: Enter enc_wolfSSL_set_fd
[SGXSan] ALWAYS: Enter enc_wolfSSL_CTX_new
[SGXSan] ALWAYS: Enter enc_wolfSSL_free
[SGXSan] ALWAYS: Enter enc_wolfSSL_get_error
[SGXSan] ALWAYS: Enter enc_wolfSSL_read
[SGXSan] ALWAYS: Enter enc_wolfTLSv1_2_server_method
[SGXSan] ALWAYS: Enter enc_wolfSSL_Debugging_OFF
[SGXSan] ALWAYS: Enter enc_wolfSSL_CTX_use_certificate_buffer
[SGXSan] ALWAYS: Enter enc_wolfSSL_Cleanup
[SGXSan] ALWAYS: Enter enc_wolfSSL_Debugging_ON
[SGXSan] ALWAYS: Enter enc_wolfTLSv1_2_client_method
[SGXSan] ALWAYS: Enter enc_wolfSSL_CTX_set_cipher_list
[SGXSan] ALWAYS: Enter enc_wolfSSL_CTX_free
[SGXSan] ALWAYS: Enter enc_wolfSSL_CTX_load_verify_buffer
[SGXSan] ALWAYS: Enter enc_wolfSSL_write
[SGXSan] ALWAYS: Enter enc_wolfSSL_new
[SGXSan] ALWAYS: Enter wc_test
------------------------------------------------------------------------------
 wolfSSL version 5.1.0
------------------------------------------------------------------------------
error    test passed!
MEMORY   test passed!
base64   test passed!
asn      test passed!
RANDOM   test passed!
MD5      test passed!
MD4      test passed!
SHA      test passed!
SHA-256  test passed!
Hash     test passed!
HMAC-MD5 test passed!
HMAC-SHA test passed!
HMAC-SHA256 test passed!
GMAC     test passed!
HC-128   test passed!
Rabbit   test passed!
DES      test passed!
DES3     test passed!
AES      test passed!
AES192   test passed!
AES256   test passed!
AES-GCM  test passed!
RSA      test passed!
DH       test passed!
DSA      test passed!
PWDBASED test passed!
ECC      test passed!
ECC buffer test passed!
logging  test passed!
mutex    test passed!
memcb    test failed!
 error = -13803
[SGXSan] ALWAYS: Enter enc_wolfSSL_CTX_use_PrivateKey_buffer
[SGXSan] ALWAYS: Enter wc_benchmark_test
------------------------------------------------------------------------------
 wolfSSL version 5.1.0
------------------------------------------------------------------------------
wolfCrypt Benchmark (block bytes 1048576, min 1.0 sec each)
RNG                 15 MB took 1.136 seconds,   13.201 MB/s
AES-128-CBC-enc     35 MB took 1.066 seconds,   32.844 MB/s
AES-128-CBC-dec     35 MB took 1.164 seconds,   30.061 MB/s
AES-192-CBC-enc     30 MB took 1.061 seconds,   28.277 MB/s
AES-192-CBC-dec     30 MB took 1.133 seconds,   26.479 MB/s
AES-256-CBC-enc     30 MB took 1.171 seconds,   25.614 MB/s
AES-256-CBC-dec     25 MB took 1.036 seconds,   24.130 MB/s
AES-128-GCM-enc     25 MB took 1.056 seconds,   23.666 MB/s
AES-128-GCM-dec     25 MB took 1.044 seconds,   23.955 MB/s
AES-192-GCM-enc     25 MB took 1.173 seconds,   21.319 MB/s
AES-192-GCM-dec     25 MB took 1.166 seconds,   21.440 MB/s
AES-256-GCM-enc     20 MB took 1.014 seconds,   19.721 MB/s
AES-256-GCM-dec     20 MB took 1.021 seconds,   19.592 MB/s
GMAC Table 4-bit    69 MB took 1.012 seconds,   68.156 MB/s
RABBIT              95 MB took 1.039 seconds,   91.436 MB/s
3DES                10 MB took 1.073 seconds,    9.318 MB/s
MD5                310 MB took 1.016 seconds,  305.249 MB/s
SHA                130 MB took 1.029 seconds,  126.277 MB/s
SHA-256             35 MB took 1.127 seconds,   31.063 MB/s
HMAC-MD5           300 MB took 1.015 seconds,  295.485 MB/s
HMAC-SHA           130 MB took 1.012 seconds,  128.471 MB/s
HMAC-SHA256         35 MB took 1.126 seconds,   31.079 MB/s
PBKDF2               4 KB took 1.004 seconds,    3.704 KB/s
RSA     2048 public       1500 ops took 1.071 sec, avg 0.714 ms, 1400.958 ops/sec
RSA     2048 private       100 ops took 3.639 sec, avg 36.386 ms, 27.483 ops/sec
DH      2048 key gen        65 ops took 1.010 sec, avg 15.533 ms, 64.379 ops/sec
DH      2048 agree         100 ops took 1.547 sec, avg 15.474 ms, 64.624 ops/sec
ECC   [      SECP256R1]   256 key gen      1419 ops took 1.000 sec, avg 0.705 ms, 1418.311 ops/sec
ECDHE [      SECP256R1]   256 agree        1000 ops took 1.073 sec, avg 1.073 ms, 932.055 ops/sec
ECDSA [      SECP256R1]   256 sign         1300 ops took 1.071 sec, avg 0.824 ms, 1214.083 ops/sec
ECDSA [      SECP256R1]   256 verify        900 ops took 1.033 sec, avg 1.148 ms, 871.062 ops/sec
Benchmark complete
[SGXSan] ALWAYS: Enter enc_wolfSSL_Init
[SGXSan] ALWAYS: Enter enc_wolfSSL_connect
[SGXSan] ALWAYS: Enter enc_wolfSSL_CTX_use_certificate_chain_buffer_format
[SGXSan] ALWAYS: Enter enc_wolfSSL_CTX_new
[SGXSan] ALWAYS: Enter enc_wolfSSL_free
[SGXSan] ALWAYS: Enter enc_wolfSSL_connect
[SGXSan] ALWAYS: Enter enc_wolfSSL_Debugging_OFF
[SGXSan] ALWAYS: Enter enc_wolfTLSv1_2_server_method
[SGXSan] ALWAYS: Enter enc_wolfSSL_read
[SGXSan] ALWAYS: Enter enc_wolfSSL_Cleanup
[SGXSan] ALWAYS: Enter enc_wolfSSL_set_fd
[SGXSan] ALWAYS: Enter wc_test
------------------------------------------------------------------------------
 wolfSSL version 5.1.0
------------------------------------------------------------------------------
error    test passed!
MEMORY   test passed!
base64   test passed!
asn      test passed!
RANDOM   test passed!
MD5      test passed!
MD4      test passed!
SHA      test passed!
SHA-256  test passed!
Hash     test passed!
HMAC-MD5 test passed!
HMAC-SHA test passed!
HMAC-SHA256 test passed!
GMAC     test passed!
HC-128   test passed!
Rabbit   test passed!
DES      test passed!
DES3     test passed!
AES      test passed!
AES192   test passed!
AES256   test passed!
AES-GCM  test passed!
RSA      test passed!
DH       test passed!
DSA      test passed!
PWDBASED test passed!
ECC      test passed!
ECC buffer test passed!
logging  test passed!
mutex    test passed!
memcb    test failed!
 error = -13803
[SGXSan] ALWAYS: Enter wc_benchmark_test
------------------------------------------------------------------------------
 wolfSSL version 5.1.0
------------------------------------------------------------------------------
wolfCrypt Benchmark (block bytes 1048576, min 1.0 sec each)
RNG                 15 MB took 1.147 seconds,   13.073 MB/s
AES-128-CBC-enc     35 MB took 1.059 seconds,   33.064 MB/s
AES-128-CBC-dec     35 MB took 1.138 seconds,   30.763 MB/s
AES-192-CBC-enc     30 MB took 1.049 seconds,   28.610 MB/s
AES-192-CBC-dec     30 MB took 1.128 seconds,   26.604 MB/s
AES-256-CBC-enc     30 MB took 1.184 seconds,   25.330 MB/s
AES-256-CBC-dec     25 MB took 1.040 seconds,   24.039 MB/s
AES-128-GCM-enc     25 MB took 1.043 seconds,   23.980 MB/s
AES-128-GCM-dec     25 MB took 1.036 seconds,   24.135 MB/s
AES-192-GCM-enc     25 MB took 1.168 seconds,   21.397 MB/s
AES-192-GCM-dec     25 MB took 1.173 seconds,   21.310 MB/s
AES-256-GCM-enc     20 MB took 1.016 seconds,   19.684 MB/s
AES-256-GCM-dec     20 MB took 1.012 seconds,   19.755 MB/s
GMAC Table 4-bit    69 MB took 1.004 seconds,   68.714 MB/s
RABBIT              95 MB took 1.038 seconds,   91.503 MB/s
3DES                10 MB took 1.094 seconds,    9.139 MB/s
MD5                305 MB took 1.005 seconds,  303.431 MB/s
SHA                130 MB took 1.016 seconds,  127.951 MB/s
SHA-256             35 MB took 1.121 seconds,   31.216 MB/s
HMAC-MD5           305 MB took 1.003 seconds,  303.939 MB/s
HMAC-SHA           130 MB took 1.024 seconds,  126.920 MB/s
HMAC-SHA256         35 MB took 1.131 seconds,   30.955 MB/s
PBKDF2               4 KB took 1.007 seconds,    3.755 KB/s
RSA     2048 public       1500 ops took 1.066 sec, avg 0.711 ms, 1407.004 ops/sec
RSA     2048 private       100 ops took 3.660 sec, avg 36.604 ms, 27.319 ops/sec
DH      2048 key gen        66 ops took 1.015 sec, avg 15.373 ms, 65.050 ops/sec
DH      2048 agree         100 ops took 1.528 sec, avg 15.284 ms, 65.429 ops/sec
ECC   [      SECP256R1]   256 key gen      1429 ops took 1.001 sec, avg 0.700 ms, 1428.095 ops/sec
ECDHE [      SECP256R1]   256 agree        1000 ops took 1.081 sec, avg 1.081 ms, 925.075 ops/sec
ECDSA [      SECP256R1]   256 sign         1200 ops took 1.001 sec, avg 0.834 ms, 1198.597 ops/sec
ECDSA [      SECP256R1]   256 verify        900 ops took 1.041 sec, avg 1.156 ms, 864.755 ops/sec
Benchmark complete
[SGXSan] ALWAYS: Enter enc_wolfSSL_CTX_use_certificate_chain_buffer_format
[SGXSan] ALWAYS: Enter enc_wolfSSL_new
[SGXSan] ALWAYS: Enter enc_wolfSSL_CTX_load_verify_buffer
[SGXSan] ALWAYS: Enter enc_wolfSSL_CTX_free
[SGXSan] ALWAYS: Enter enc_wolfSSL_CTX_set_cipher_list
[SGXSan] ALWAYS: Enter enc_wolfSSL_Init
[SGXSan] ALWAYS: Enter enc_wolfSSL_Debugging_ON
[SGXSan] ALWAYS: Enter enc_wolfSSL_get_error
[SGXSan] ALWAYS: Enter enc_wolfSSL_CTX_use_PrivateKey_buffer
[SGXSan] ALWAYS: Enter enc_wolfSSL_write
[SGXSan] ALWAYS: Enter enc_wolfSSL_CTX_use_certificate_buffer
[SGXSan] ALWAYS: Enter enc_wolfTLSv1_2_client_method
#4	pulse  cov: 6290 ft: 6295 corp: 2/761Kb exec/s: 0 rss: 64Mb
[SGXSan] ALWAYS: Enter enc_wolfSSL_Init
[SGXSan] ALWAYS: Enter wc_benchmark_test
------------------------------------------------------------------------------
 wolfSSL version 5.1.0
------------------------------------------------------------------------------
wolfCrypt Benchmark (block bytes 1048576, min 1.0 sec each)
RNG                 15 MB took 1.134 seconds,   13.226 MB/s
AES-128-CBC-enc     35 MB took 1.053 seconds,   33.235 MB/s
AES-128-CBC-dec     35 MB took 1.144 seconds,   30.593 MB/s
AES-192-CBC-enc     30 MB took 1.091 seconds,   27.489 MB/s
AES-192-CBC-dec     30 MB took 1.133 seconds,   26.471 MB/s
AES-256-CBC-enc     30 MB took 1.174 seconds,   25.562 MB/s
AES-256-CBC-dec     25 MB took 1.044 seconds,   23.958 MB/s
AES-128-GCM-enc     25 MB took 1.052 seconds,   23.766 MB/s
AES-128-GCM-dec     25 MB took 1.049 seconds,   23.836 MB/s
AES-192-GCM-enc     25 MB took 1.175 seconds,   21.271 MB/s
AES-192-GCM-dec     25 MB took 1.163 seconds,   21.502 MB/s
AES-256-GCM-enc     20 MB took 1.019 seconds,   19.636 MB/s
AES-256-GCM-dec     20 MB took 1.013 seconds,   19.741 MB/s
GMAC Table 4-bit    69 MB took 1.007 seconds,   68.528 MB/s
RABBIT              95 MB took 1.042 seconds,   91.180 MB/s
3DES                10 MB took 1.090 seconds,    9.177 MB/s
MD5                305 MB took 1.009 seconds,  302.267 MB/s
SHA                130 MB took 1.008 seconds,  128.974 MB/s
SHA-256             35 MB took 1.133 seconds,   30.900 MB/s
HMAC-MD5           305 MB took 1.003 seconds,  303.947 MB/s
HMAC-SHA           130 MB took 1.019 seconds,  127.537 MB/s
HMAC-SHA256         35 MB took 1.135 seconds,   30.824 MB/s
PBKDF2               4 KB took 1.005 seconds,    3.793 KB/s
RSA     2048 public       1500 ops took 1.067 sec, avg 0.712 ms, 1405.434 ops/sec
RSA     2048 private       100 ops took 3.651 sec, avg 36.505 ms, 27.393 ops/sec
DH      2048 key gen        66 ops took 1.012 sec, avg 15.332 ms, 65.224 ops/sec
DH      2048 agree         100 ops took 1.538 sec, avg 15.378 ms, 65.027 ops/sec
ECC   [      SECP256R1]   256 key gen      1391 ops took 1.000 sec, avg 0.719 ms, 1390.594 ops/sec
ECDHE [      SECP256R1]   256 agree        1000 ops took 1.092 sec, avg 1.092 ms, 916.167 ops/sec
ECDSA [      SECP256R1]   256 sign         1200 ops took 1.006 sec, avg 0.838 ms, 1192.651 ops/sec
ECDSA [      SECP256R1]   256 verify        900 ops took 1.035 sec, avg 1.150 ms, 869.443 ops/sec
Benchmark complete
[SGXSan] ALWAYS: Enter enc_wolfSSL_CTX_use_PrivateKey_buffer
[SGXSan] ALWAYS: Enter enc_wolfTLSv1_2_server_method
[SGXSan] ALWAYS: Enter enc_wolfSSL_set_fd
[SGXSan] ALWAYS: Enter enc_wolfSSL_read
[SGXSan] ALWAYS: Enter enc_wolfSSL_Debugging_ON
[SGXSan] ALWAYS: Enter enc_wolfSSL_CTX_free
[SGXSan] ALWAYS: Enter enc_wolfSSL_new
[SGXSan] ALWAYS: Enter enc_wolfSSL_get_error
[SGXSan] ALWAYS: Enter enc_wolfSSL_free
[SGXSan] ALWAYS: Enter enc_wolfSSL_Cleanup
[SGXSan] ALWAYS: Enter wc_test
------------------------------------------------------------------------------
 wolfSSL version 5.1.0
------------------------------------------------------------------------------
error    test passed!
MEMORY   test passed!
base64   test passed!
asn      test passed!
RANDOM   test passed!
MD5      test passed!
MD4      test passed!
SHA      test passed!
SHA-256  test passed!
Hash     test passed!
HMAC-MD5 test passed!
HMAC-SHA test passed!
HMAC-SHA256 test passed!
GMAC     test passed!
HC-128   test passed!
Rabbit   test passed!
DES      test passed!
DES3     test passed!
AES      test passed!
AES192   test passed!
AES256   test passed!
AES-GCM  test passed!
RSA      test passed!
DH       test passed!
DSA      test passed!
PWDBASED test passed!
ECC      test passed!
ECC buffer test passed!
logging  test passed!
mutex    test passed!
memcb    test failed!
 error = -13803
[SGXSan] ALWAYS: Enter enc_wolfSSL_CTX_use_certificate_chain_buffer_format
[SGXSan] ALWAYS: Enter enc_wolfSSL_write
[SGXSan] ALWAYS: Enter enc_wolfSSL_Debugging_OFF
[SGXSan] ALWAYS: Enter enc_wolfSSL_CTX_use_certificate_buffer
[SGXSan] ALWAYS: Enter enc_wolfSSL_CTX_new
[SGXSan] ALWAYS: Enter enc_wolfSSL_connect
[SGXSan] ALWAYS: Enter enc_wolfSSL_CTX_load_verify_buffer
[SGXSan] ALWAYS: Enter enc_wolfSSL_CTX_set_cipher_list
[SGXSan] ALWAYS: Enter enc_wolfTLSv1_2_client_method
[SGXSan] ALWAYS: Enter enc_wolfSSL_Init
[SGXSan] ALWAYS: Enter enc_wolfSSL_read
[SGXSan] ALWAYS: Enter enc_wolfSSL_new
[SGXSan] ALWAYS: Enter enc_wolfTLSv1_2_server_method
[SGXSan] ALWAYS: Enter enc_wolfSSL_CTX_use_certificate_buffer
[SGXSan] ALWAYS: Enter enc_wolfSSL_free
[SGXSan] ALWAYS: Enter enc_wolfSSL_Cleanup
[SGXSan] ALWAYS: Enter enc_wolfSSL_get_error
[SGXSan] ALWAYS: Enter enc_wolfSSL_Debugging_ON
[SGXSan] ALWAYS: Enter enc_wolfSSL_set_fd
[SGXSan] ALWAYS: Enter enc_wolfSSL_CTX_load_verify_buffer
[SGXSan] ALWAYS: Enter enc_wolfSSL_connect
[SGXSan] ALWAYS: Enter enc_wolfSSL_write
[SGXSan] ALWAYS: Enter enc_wolfSSL_CTX_use_certificate_chain_buffer_format
[SGXSan] ALWAYS: Enter wc_test
------------------------------------------------------------------------------
 wolfSSL version 5.1.0
------------------------------------------------------------------------------
error    test passed!
MEMORY   test passed!
base64   test passed!
asn      test passed!
RANDOM   test passed!
MD5      test passed!
MD4      test passed!
SHA      test passed!
SHA-256  test passed!
Hash     test passed!
HMAC-MD5 test passed!
HMAC-SHA test passed!
HMAC-SHA256 test passed!
GMAC     test passed!
HC-128   test passed!
Rabbit   test passed!
DES      test passed!
DES3     test passed!
AES      test passed!
AES192   test passed!
AES256   test passed!
AES-GCM  test passed!
RSA      test passed!
DH       test passed!
DSA      test passed!
PWDBASED test passed!
ECC      test passed!
ECC buffer test passed!
logging  test passed!
mutex    test passed!
memcb    test failed!
 error = -13803
[SGXSan] ALWAYS: Enter enc_wolfSSL_Debugging_OFF
[SGXSan] ALWAYS: Enter enc_wolfSSL_CTX_free
[SGXSan] ALWAYS: Enter wc_benchmark_test
------------------------------------------------------------------------------
 wolfSSL version 5.1.0
------------------------------------------------------------------------------
wolfCrypt Benchmark (block bytes 1048576, min 1.0 sec each)
RNG                 15 MB took 1.134 seconds,   13.226 MB/s
AES-128-CBC-enc     35 MB took 1.071 seconds,   32.672 MB/s
AES-128-CBC-dec     35 MB took 1.146 seconds,   30.553 MB/s
AES-192-CBC-enc     30 MB took 1.050 seconds,   28.583 MB/s
AES-192-CBC-dec     30 MB took 1.118 seconds,   26.825 MB/s
AES-256-CBC-enc     30 MB took 1.159 seconds,   25.883 MB/s
AES-256-CBC-dec     25 MB took 1.046 seconds,   23.906 MB/s
AES-128-GCM-enc     25 MB took 1.045 seconds,   23.916 MB/s
AES-128-GCM-dec     25 MB took 1.046 seconds,   23.903 MB/s
AES-192-GCM-enc     25 MB took 1.159 seconds,   21.568 MB/s
AES-192-GCM-dec     25 MB took 1.162 seconds,   21.518 MB/s
AES-256-GCM-enc     20 MB took 1.023 seconds,   19.541 MB/s
AES-256-GCM-dec     20 MB took 1.012 seconds,   19.755 MB/s
GMAC Table 4-bit    69 MB took 1.009 seconds,   68.413 MB/s
RABBIT              95 MB took 1.038 seconds,   91.555 MB/s
3DES                10 MB took 1.077 seconds,    9.287 MB/s
MD5                305 MB took 1.011 seconds,  301.692 MB/s
SHA                130 MB took 1.005 seconds,  129.358 MB/s
SHA-256             35 MB took 1.136 seconds,   30.812 MB/s
HMAC-MD5           305 MB took 1.006 seconds,  303.078 MB/s
HMAC-SHA           130 MB took 1.020 seconds,  127.464 MB/s
HMAC-SHA256         35 MB took 1.148 seconds,   30.495 MB/s
PBKDF2               4 KB took 1.001 seconds,    3.776 KB/s
RSA     2048 public       1400 ops took 1.010 sec, avg 0.722 ms, 1385.467 ops/sec
RSA     2048 private       100 ops took 3.653 sec, avg 36.527 ms, 27.377 ops/sec
DH      2048 key gen        65 ops took 1.003 sec, avg 15.429 ms, 64.813 ops/sec
DH      2048 agree         100 ops took 1.545 sec, avg 15.448 ms, 64.732 ops/sec
ECC   [      SECP256R1]   256 key gen      1433 ops took 1.000 sec, avg 0.698 ms, 1432.556 ops/sec
ECDHE [      SECP256R1]   256 agree        1000 ops took 1.073 sec, avg 1.073 ms, 931.591 ops/sec
ECDSA [      SECP256R1]   256 sign         1300 ops took 1.066 sec, avg 0.820 ms, 1219.053 ops/sec
ECDSA [      SECP256R1]   256 verify        900 ops took 1.026 sec, avg 1.141 ms, 876.808 ops/sec
Benchmark complete
[SGXSan] ALWAYS: Enter enc_wolfSSL_CTX_set_cipher_list
[SGXSan] ALWAYS: Enter enc_wolfSSL_CTX_new
[SGXSan] ALWAYS: Enter enc_wolfTLSv1_2_client_method
[SGXSan] ALWAYS: Enter enc_wolfSSL_CTX_use_PrivateKey_buffer
[SGXSan] ALWAYS: Enter enc_wolfSSL_CTX_load_verify_buffer
[SGXSan] ALWAYS: Enter enc_wolfSSL_Init
[SGXSan] ALWAYS: Enter enc_wolfSSL_Debugging_ON
[SGXSan] ALWAYS: Enter enc_wolfSSL_connect
[SGXSan] ALWAYS: Enter wc_test
------------------------------------------------------------------------------
 wolfSSL version 5.1.0
------------------------------------------------------------------------------
error    test passed!
MEMORY   test passed!
base64   test passed!
asn      test passed!
RANDOM   test passed!
MD5      test passed!
MD4      test passed!
SHA      test passed!
SHA-256  test passed!
Hash     test passed!
HMAC-MD5 test passed!
HMAC-SHA test passed!
HMAC-SHA256 test passed!
GMAC     test passed!
HC-128   test passed!
Rabbit   test passed!
DES      test passed!
DES3     test passed!
AES      test passed!
AES192   test passed!
AES256   test passed!
AES-GCM  test passed!
RSA      test passed!
DH       test passed!
DSA      test passed!
PWDBASED test passed!
ECC      test passed!
ECC buffer test passed!
logging  test passed!
mutex    test passed!
memcb    test failed!
 error = -13803
[SGXSan] ALWAYS: Enter enc_wolfTLSv1_2_client_method
[SGXSan] ALWAYS: Enter enc_wolfSSL_write
[SGXSan] ALWAYS: Enter enc_wolfSSL_read
[SGXSan] ALWAYS: Enter enc_wolfSSL_CTX_use_certificate_buffer
[SGXSan] ALWAYS: Enter enc_wolfSSL_Debugging_OFF
[SGXSan] ALWAYS: Enter enc_wolfSSL_CTX_set_cipher_list
[SGXSan] ALWAYS: Enter enc_wolfSSL_set_fd
[SGXSan] ALWAYS: Enter enc_wolfSSL_CTX_use_PrivateKey_buffer
[SGXSan] ALWAYS: Enter enc_wolfSSL_new
[SGXSan] ALWAYS: Enter enc_wolfSSL_Cleanup
[SGXSan] ALWAYS: Enter enc_wolfSSL_CTX_use_certificate_chain_buffer_format
[SGXSan] ALWAYS: Enter enc_wolfSSL_CTX_free
[SGXSan] ALWAYS: Enter enc_wolfTLSv1_2_server_method
[SGXSan] ALWAYS: Enter wc_benchmark_test
------------------------------------------------------------------------------
 wolfSSL version 5.1.0
------------------------------------------------------------------------------
wolfCrypt Benchmark (block bytes 1048576, min 1.0 sec each)
RNG                 15 MB took 1.130 seconds,   13.277 MB/s
AES-128-CBC-enc     35 MB took 1.061 seconds,   32.998 MB/s
AES-128-CBC-dec     35 MB took 1.135 seconds,   30.844 MB/s
AES-192-CBC-enc     30 MB took 1.039 seconds,   28.883 MB/s
AES-192-CBC-dec     30 MB took 1.123 seconds,   26.725 MB/s
AES-256-CBC-enc     30 MB took 1.180 seconds,   25.431 MB/s
AES-256-CBC-dec     25 MB took 1.030 seconds,   24.264 MB/s
AES-128-GCM-enc     25 MB took 1.050 seconds,   23.803 MB/s
AES-128-GCM-dec     25 MB took 1.037 seconds,   24.097 MB/s
AES-192-GCM-enc     25 MB took 1.164 seconds,   21.478 MB/s
AES-192-GCM-dec     25 MB took 1.156 seconds,   21.620 MB/s
AES-256-GCM-enc     20 MB took 1.006 seconds,   19.887 MB/s
AES-256-GCM-dec     20 MB took 1.025 seconds,   19.520 MB/s
GMAC Table 4-bit    69 MB took 1.004 seconds,   68.716 MB/s
RABBIT              95 MB took 1.050 seconds,   90.444 MB/s
3DES                10 MB took 1.076 seconds,    9.296 MB/s
MD5                305 MB took 1.005 seconds,  303.543 MB/s
SHA                125 MB took 1.006 seconds,  124.259 MB/s
SHA-256             35 MB took 1.131 seconds,   30.946 MB/s
HMAC-MD5           305 MB took 1.016 seconds,  300.202 MB/s
HMAC-SHA           130 MB took 1.011 seconds,  128.527 MB/s
HMAC-SHA256         35 MB took 1.123 seconds,   31.169 MB/s
PBKDF2               4 KB took 1.004 seconds,    3.704 KB/s
RSA     2048 public       1500 ops took 1.064 sec, avg 0.709 ms, 1410.169 ops/sec
RSA     2048 private       100 ops took 3.657 sec, avg 36.566 ms, 27.348 ops/sec
DH      2048 key gen        64 ops took 1.009 sec, avg 15.772 ms, 63.402 ops/sec
DH      2048 agree         100 ops took 1.538 sec, avg 15.375 ms, 65.040 ops/sec
ECC   [      SECP256R1]   256 key gen      1415 ops took 1.000 sec, avg 0.707 ms, 1414.481 ops/sec
ECDHE [      SECP256R1]   256 agree        1000 ops took 1.077 sec, avg 1.077 ms, 928.440 ops/sec
ECDSA [      SECP256R1]   256 sign         1200 ops took 1.057 sec, avg 0.881 ms, 1135.569 ops/sec
ECDSA [      SECP256R1]   256 verify        900 ops took 1.031 sec, avg 1.145 ms, 873.260 ops/sec
Benchmark complete
[SGXSan] ALWAYS: Enter enc_wolfSSL_get_error
[SGXSan] ALWAYS: Enter enc_wolfSSL_free
[SGXSan] ALWAYS: Enter enc_wolfSSL_CTX_new
#7	INITED cov: 6291 ft: 6306 corp: 4/1523Kb exec/s: 0 rss: 84Mb
[SGXSan] ALWAYS: Enter enc_wolfSSL_Init
[SGXSan] ALWAYS: Enter wc_benchmark_test
------------------------------------------------------------------------------
 wolfSSL version 5.1.0
------------------------------------------------------------------------------
wolfCrypt Benchmark (block bytes 1048576, min 1.0 sec each)
RNG                 15 MB took 1.137 seconds,   13.189 MB/s
AES-128-CBC-enc     35 MB took 1.056 seconds,   33.135 MB/s
AES-128-CBC-dec     35 MB took 1.141 seconds,   30.667 MB/s
AES-192-CBC-enc     30 MB took 1.060 seconds,   28.305 MB/s
AES-192-CBC-dec     30 MB took 1.127 seconds,   26.610 MB/s
AES-256-CBC-enc     30 MB took 1.177 seconds,   25.490 MB/s
AES-256-CBC-dec     25 MB took 1.029 seconds,   24.287 MB/s
AES-128-GCM-enc     25 MB took 1.035 seconds,   24.148 MB/s
AES-128-GCM-dec     25 MB took 1.057 seconds,   23.659 MB/s
AES-192-GCM-enc     25 MB took 1.169 seconds,   21.393 MB/s
AES-192-GCM-dec     25 MB took 1.170 seconds,   21.371 MB/s
AES-256-GCM-enc     20 MB took 1.010 seconds,   19.802 MB/s
AES-256-GCM-dec     20 MB took 1.007 seconds,   19.869 MB/s
GMAC Table 4-bit    68 MB took 1.003 seconds,   67.813 MB/s
RABBIT              95 MB took 1.046 seconds,   90.833 MB/s
3DES                10 MB took 1.083 seconds,    9.232 MB/s
MD5                305 MB took 1.007 seconds,  303.015 MB/s
SHA                130 MB took 1.010 seconds,  128.741 MB/s
SHA-256             35 MB took 1.151 seconds,   30.399 MB/s
HMAC-MD5           305 MB took 1.014 seconds,  300.669 MB/s
HMAC-SHA           130 MB took 1.014 seconds,  128.248 MB/s
HMAC-SHA256         35 MB took 1.126 seconds,   31.092 MB/s
PBKDF2               4 KB took 1.005 seconds,    3.823 KB/s
RSA     2048 public       1500 ops took 1.064 sec, avg 0.709 ms, 1409.621 ops/sec
RSA     2048 private       100 ops took 3.684 sec, avg 36.844 ms, 27.141 ops/sec
DH      2048 key gen        66 ops took 1.014 sec, avg 15.371 ms, 65.058 ops/sec
DH      2048 agree         100 ops took 1.537 sec, avg 15.372 ms, 65.051 ops/sec
ECC   [      SECP256R1]   256 key gen      1419 ops took 1.000 sec, avg 0.705 ms, 1418.559 ops/sec
ECDHE [      SECP256R1]   256 agree        1000 ops took 1.086 sec, avg 1.086 ms, 920.596 ops/sec
ECDSA [      SECP256R1]   256 sign         1300 ops took 1.075 sec, avg 0.827 ms, 1209.640 ops/sec
ECDSA [      SECP256R1]   256 verify        900 ops took 1.068 sec, avg 1.187 ms, 842.613 ops/sec
Benchmark complete
[SGXSan] ALWAYS: Enter enc_wolfSSL_CTX_use_PrivateKey_buffer
[SGXSan] ALWAYS: Enter enc_wolfTLSv1_2_server_method
[SGXSan] ALWAYS: Enter enc_wolfSSL_set_fd
[SGXSan] ALWAYS: Enter enc_wolfSSL_read
[SGXSan] ALWAYS: Enter enc_wolfSSL_Debugging_ON
[SGXSan] ALWAYS: Enter enc_wolfSSL_CTX_free
[SGXSan] ALWAYS: Enter enc_wolfSSL_new
[SGXSan] ALWAYS: Enter enc_wolfSSL_get_error
[SGXSan] ALWAYS: Enter enc_wolfSSL_free
[SGXSan] ALWAYS: Enter enc_wolfSSL_Cleanup
[SGXSan] ALWAYS: Enter wc_test
------------------------------------------------------------------------------
 wolfSSL version 5.1.0
------------------------------------------------------------------------------
error    test passed!
MEMORY   test passed!
base64   test passed!
asn      test passed!
RANDOM   test passed!
MD5      test passed!
MD4      test passed!
SHA      test passed!
SHA-256  test passed!
Hash     test passed!
HMAC-MD5 test passed!
HMAC-SHA test passed!
HMAC-SHA256 test passed!
GMAC     test passed!
HC-128   test passed!
Rabbit   test passed!
DES      test passed!
DES3     test passed!
AES      test passed!
AES192   test passed!
AES256   test passed!
AES-GCM  test passed!
RSA      test passed!
DH       test passed!
DSA      test passed!
PWDBASED test passed!
ECC      test passed!
ECC buffer test passed!
logging  test passed!
mutex    test passed!
memcb    test failed!
 error = -13803
[SGXSan] ALWAYS: Enter enc_wolfSSL_CTX_use_certificate_chain_buffer_format
[SGXSan] ALWAYS: Enter enc_wolfSSL_write
[SGXSan] ALWAYS: Enter enc_wolfSSL_Debugging_OFF
[SGXSan] ALWAYS: Enter enc_wolfSSL_CTX_use_certificate_buffer
[SGXSan] ALWAYS: Enter enc_wolfSSL_CTX_new
[SGXSan] ALWAYS: Enter enc_wolfSSL_connect
[SGXSan] ALWAYS: Enter enc_wolfSSL_CTX_load_verify_buffer
[SGXSan] ALWAYS: Enter enc_wolfSSL_CTX_set_cipher_list
[SGXSan] ALWAYS: Enter enc_wolfTLSv1_2_client_method
#8	pulse  cov: 6291 ft: 6306 corp: 4/1523Kb lim: 1000000 exec/s: 0 rss: 89Mb
[SGXSan] ALWAYS: Enter enc_wolfSSL_CTX_use_certificate_chain_buffer_format
[SGXSan] ALWAYS: Enter enc_wolfSSL_set_fd
[SGXSan] ALWAYS: Enter enc_wolfSSL_CTX_use_certificate_buffer
[SGXSan] ALWAYS: Enter enc_wolfTLSv1_2_client_method
[SGXSan] ALWAYS: Enter enc_wolfSSL_new
[SGXSan] ALWAYS: Enter wc_benchmark_test
------------------------------------------------------------------------------
 wolfSSL version 5.1.0
------------------------------------------------------------------------------
wolfCrypt Benchmark (block bytes 1048576, min 1.0 sec each)
RNG                 15 MB took 1.188 seconds,   12.622 MB/s
AES-128-CBC-enc     35 MB took 1.065 seconds,   32.876 MB/s
AES-128-CBC-dec     35 MB took 1.145 seconds,   30.573 MB/s
AES-192-CBC-enc     30 MB took 1.054 seconds,   28.469 MB/s
AES-192-CBC-dec     30 MB took 1.142 seconds,   26.279 MB/s
AES-256-CBC-enc     30 MB took 1.176 seconds,   25.500 MB/s
AES-256-CBC-dec     25 MB took 1.043 seconds,   23.967 MB/s
AES-128-GCM-enc     25 MB took 1.046 seconds,   23.893 MB/s
AES-128-GCM-dec     25 MB took 1.046 seconds,   23.901 MB/s
AES-192-GCM-enc     25 MB took 1.183 seconds,   21.137 MB/s
AES-192-GCM-dec     25 MB took 1.174 seconds,   21.293 MB/s
AES-256-GCM-enc     20 MB took 1.019 seconds,   19.629 MB/s
AES-256-GCM-dec     20 MB took 1.021 seconds,   19.592 MB/s
GMAC Table 4-bit    69 MB took 1.010 seconds,   68.296 MB/s
RABBIT              95 MB took 1.049 seconds,   90.554 MB/s
3DES                10 MB took 1.088 seconds,    9.194 MB/s
MD5                305 MB took 1.009 seconds,  302.154 MB/s
SHA                130 MB took 1.012 seconds,  128.438 MB/s
SHA-256             35 MB took 1.131 seconds,   30.955 MB/s
HMAC-MD5           305 MB took 1.010 seconds,  302.047 MB/s
HMAC-SHA           130 MB took 1.019 seconds,  127.621 MB/s
HMAC-SHA256         35 MB took 1.141 seconds,   30.673 MB/s
PBKDF2               4 KB took 1.005 seconds,    3.792 KB/s
RSA     2048 public       1400 ops took 1.001 sec, avg 0.715 ms, 1398.688 ops/sec
RSA     2048 private       100 ops took 3.694 sec, avg 36.943 ms, 27.069 ops/sec
DH      2048 key gen        65 ops took 1.007 sec, avg 15.495 ms, 64.535 ops/sec
DH      2048 agree         100 ops took 1.551 sec, avg 15.509 ms, 64.479 ops/sec
ECC   [      SECP256R1]   256 key gen      1397 ops took 1.000 sec, avg 0.716 ms, 1396.561 ops/sec
ECDHE [      SECP256R1]   256 agree        1000 ops took 1.100 sec, avg 1.100 ms, 908.746 ops/sec
ECDSA [      SECP256R1]   256 sign         1200 ops took 1.006 sec, avg 0.838 ms, 1192.706 ops/sec
ECDSA [      SECP256R1]   256 verify        900 ops took 1.043 sec, avg 1.159 ms, 863.074 ops/sec
Benchmark complete
[SGXSan] ALWAYS: Enter enc_wolfSSL_free
[SGXSan] ALWAYS: Enter enc_wolfTLSv1_2_server_method
[SGXSan] ALWAYS: Enter wc_test
------------------------------------------------------------------------------
 wolfSSL version 5.1.0
------------------------------------------------------------------------------
error    test passed!
MEMORY   test passed!
base64   test passed!
asn      test passed!
RANDOM   test passed!
MD5      test passed!
MD4      test passed!
SHA      test passed!
SHA-256  test passed!
Hash     test passed!
HMAC-MD5 test passed!
HMAC-SHA test passed!
HMAC-SHA256 test passed!
GMAC     test passed!
HC-128   test passed!
Rabbit   test passed!
DES      test passed!
DES3     test passed!
AES      test passed!
AES192   test passed!
AES256   test passed!
AES-GCM  test passed!
RSA      test passed!
DH       test passed!
DSA      test passed!
PWDBASED test passed!
ECC      test passed!
ECC buffer test passed!
logging  test passed!
mutex    test passed!
memcb    test failed!
 error = -13803
[SGXSan] ALWAYS: Enter enc_wolfSSL_write
[SGXSan] ALWAYS: Enter enc_wolfSSL_CTX_new
[SGXSan] ALWAYS: Enter enc_wolfSSL_Debugging_ON
[SGXSan] ALWAYS: Enter enc_wolfSSL_CTX_load_verify_buffer
[SGXSan] ALWAYS: Enter enc_wolfSSL_Debugging_OFF
[SGXSan] ALWAYS: Enter enc_wolfSSL_Cleanup
[SGXSan] ALWAYS: Enter enc_wolfSSL_CTX_set_cipher_list
[SGXSan] ALWAYS: Enter enc_wolfSSL_CTX_use_PrivateKey_buffer
[SGXSan] ALWAYS: Enter enc_wolfSSL_connect
[SGXSan] ALWAYS: Enter enc_wolfSSL_get_error
[SGXSan] ALWAYS: Enter enc_wolfSSL_read
[SGXSan] ALWAYS: Enter enc_wolfSSL_Init
[SGXSan] ALWAYS: Enter enc_wolfSSL_CTX_free
[SGXSan] ALWAYS: Enter enc_wolfSSL_CTX_use_certificate_chain_buffer_format
[SGXSan] ALWAYS: Enter enc_wolfSSL_set_fd
[SGXSan] ALWAYS: Enter enc_wolfSSL_CTX_use_certificate_buffer
[SGXSan] ALWAYS: Enter enc_wolfTLSv1_2_client_method
[SGXSan] ALWAYS: Enter enc_wolfSSL_new
[SGXSan] ALWAYS: Enter wc_benchmark_test
------------------------------------------------------------------------------
 wolfSSL version 5.1.0
------------------------------------------------------------------------------
wolfCrypt Benchmark (block bytes 1048576, min 1.0 sec each)
RNG                 15 MB took 1.142 seconds,   13.133 MB/s
AES-128-CBC-enc     35 MB took 1.072 seconds,   32.663 MB/s
AES-128-CBC-dec     35 MB took 1.149 seconds,   30.472 MB/s
AES-192-CBC-enc     30 MB took 1.062 seconds,   28.247 MB/s
AES-192-CBC-dec     30 MB took 1.130 seconds,   26.548 MB/s
AES-256-CBC-enc     30 MB took 1.175 seconds,   25.531 MB/s
AES-256-CBC-dec     25 MB took 1.052 seconds,   23.764 MB/s
AES-128-GCM-enc     25 MB took 1.047 seconds,   23.886 MB/s
AES-128-GCM-dec     25 MB took 1.045 seconds,   23.935 MB/s
AES-192-GCM-enc     25 MB took 1.169 seconds,   21.380 MB/s
AES-192-GCM-dec     25 MB took 1.186 seconds,   21.072 MB/s
AES-256-GCM-enc     20 MB took 1.014 seconds,   19.729 MB/s
AES-256-GCM-dec     20 MB took 1.021 seconds,   19.598 MB/s
GMAC Table 4-bit    69 MB took 1.011 seconds,   68.257 MB/s
RABBIT              95 MB took 1.042 seconds,   91.184 MB/s
3DES                10 MB took 1.097 seconds,    9.112 MB/s
MD5                305 MB took 1.002 seconds,  304.317 MB/s
SHA                130 MB took 1.016 seconds,  128.005 MB/s
SHA-256             35 MB took 1.133 seconds,   30.903 MB/s
HMAC-MD5           305 MB took 1.008 seconds,  302.489 MB/s
HMAC-SHA           130 MB took 1.012 seconds,  128.447 MB/s
HMAC-SHA256         35 MB took 1.131 seconds,   30.935 MB/s
PBKDF2               4 KB took 1.005 seconds,    3.823 KB/s
RSA     2048 public       1400 ops took 1.002 sec, avg 0.716 ms, 1397.369 ops/sec
RSA     2048 private       100 ops took 3.653 sec, avg 36.528 ms, 27.376 ops/sec
DH      2048 key gen        66 ops took 1.010 sec, avg 15.302 ms, 65.351 ops/sec
DH      2048 agree         100 ops took 1.556 sec, avg 15.559 ms, 64.273 ops/sec
ECC   [      SECP256R1]   256 key gen      1413 ops took 1.000 sec, avg 0.708 ms, 1412.804 ops/sec
ECDHE [      SECP256R1]   256 agree        1000 ops took 1.082 sec, avg 1.082 ms, 924.139 ops/sec
ECDSA [      SECP256R1]   256 sign         1300 ops took 1.067 sec, avg 0.820 ms, 1218.786 ops/sec
ECDSA [      SECP256R1]   256 verify        900 ops took 1.028 sec, avg 1.142 ms, 875.463 ops/sec
Benchmark complete
[SGXSan] ALWAYS: Enter enc_wolfSSL_free
[SGXSan] ALWAYS: Enter enc_wolfTLSv1_2_server_method
[SGXSan] ALWAYS: Enter wc_test
------------------------------------------------------------------------------
 wolfSSL version 5.1.0
------------------------------------------------------------------------------
error    test passed!
MEMORY   test passed!
base64   test passed!
asn      test passed!
RANDOM   test passed!
MD5      test passed!
MD4      test passed!
SHA      test passed!
SHA-256  test passed!
Hash     test passed!
HMAC-MD5 test passed!
HMAC-SHA test passed!
HMAC-SHA256 test passed!
GMAC     test passed!
HC-128   test passed!
Rabbit   test passed!
DES      test passed!
DES3     test passed!
AES      test passed!
AES192   test passed!
AES256   test passed!
AES-GCM  test passed!
RSA      test passed!
DH       test passed!
DSA      test passed!
PWDBASED test passed!
ECC      test passed!
ECC buffer test passed!
logging  test passed!
mutex    test passed!
memcb    test failed!
 error = -13803
[SGXSan] ALWAYS: Enter enc_wolfSSL_write
[SGXSan] ALWAYS: Enter enc_wolfSSL_CTX_new
[SGXSan] ALWAYS: Enter enc_wolfSSL_Debugging_ON
[SGXSan] ALWAYS: Enter enc_wolfSSL_CTX_load_verify_buffer
[SGXSan] ALWAYS: Enter enc_wolfSSL_Debugging_OFF
[SGXSan] ALWAYS: Enter enc_wolfSSL_Cleanup
[SGXSan] ALWAYS: Enter enc_wolfSSL_CTX_set_cipher_list
[SGXSan] ALWAYS: Enter enc_wolfSSL_CTX_use_PrivateKey_buffer
[SGXSan] ALWAYS: Enter enc_wolfSSL_connect
[SGXSan] ALWAYS: Enter enc_wolfSSL_get_error
[SGXSan] ALWAYS: Enter enc_wolfSSL_read
[SGXSan] ALWAYS: Enter enc_wolfSSL_Init
[SGXSan] ALWAYS: Enter enc_wolfSSL_CTX_free
[SGXSan] ALWAYS: Enter enc_wolfSSL_CTX_use_certificate_chain_buffer_format
[SGXSan] ALWAYS: Enter enc_wolfSSL_set_fd
[SGXSan] ALWAYS: Enter enc_wolfSSL_CTX_use_certificate_buffer
[SGXSan] ALWAYS: Enter enc_wolfTLSv1_2_client_method
[SGXSan] ALWAYS: Enter enc_wolfSSL_new
[SGXSan] ALWAYS: Enter wc_benchmark_test
------------------------------------------------------------------------------
 wolfSSL version 5.1.0
------------------------------------------------------------------------------
wolfCrypt Benchmark (block bytes 1048576, min 1.0 sec each)
RNG                 15 MB took 1.131 seconds,   13.267 MB/s
AES-128-CBC-enc     35 MB took 1.056 seconds,   33.142 MB/s
AES-128-CBC-dec     35 MB took 1.140 seconds,   30.694 MB/s
AES-192-CBC-enc     30 MB took 1.044 seconds,   28.725 MB/s
AES-192-CBC-dec     30 MB took 1.128 seconds,   26.587 MB/s
AES-256-CBC-enc     30 MB took 1.185 seconds,   25.315 MB/s
AES-256-CBC-dec     25 MB took 1.044 seconds,   23.952 MB/s
AES-128-GCM-enc     25 MB took 1.049 seconds,   23.842 MB/s
AES-128-GCM-dec     25 MB took 1.048 seconds,   23.865 MB/s
AES-192-GCM-enc     25 MB took 1.176 seconds,   21.257 MB/s
AES-192-GCM-dec     25 MB took 1.169 seconds,   21.382 MB/s
AES-256-GCM-enc     20 MB took 1.026 seconds,   19.491 MB/s
AES-256-GCM-dec     20 MB took 1.015 seconds,   19.714 MB/s
GMAC Table 4-bit    69 MB took 1.000 seconds,   68.970 MB/s
RABBIT              90 MB took 1.005 seconds,   89.534 MB/s
3DES                10 MB took 1.084 seconds,    9.222 MB/s
MD5                305 MB took 1.011 seconds,  301.714 MB/s
SHA                130 MB took 1.017 seconds,  127.796 MB/s
SHA-256             35 MB took 1.146 seconds,   30.530 MB/s
HMAC-MD5           305 MB took 1.002 seconds,  304.381 MB/s
HMAC-SHA           130 MB took 1.010 seconds,  128.710 MB/s
HMAC-SHA256         35 MB took 1.122 seconds,   31.208 MB/s
PBKDF2               4 KB took 1.006 seconds,    3.791 KB/s
RSA     2048 public       1400 ops took 1.013 sec, avg 0.724 ms, 1382.085 ops/sec
RSA     2048 private       100 ops took 3.654 sec, avg 36.542 ms, 27.365 ops/sec
DH      2048 key gen        65 ops took 1.015 sec, avg 15.618 ms, 64.030 ops/sec
DH      2048 agree         100 ops took 1.556 sec, avg 15.557 ms, 64.281 ops/sec
ECC   [      SECP256R1]   256 key gen      1409 ops took 1.000 sec, avg 0.710 ms, 1408.297 ops/sec
ECDHE [      SECP256R1]   256 agree        1000 ops took 1.085 sec, avg 1.085 ms, 922.076 ops/sec
ECDSA [      SECP256R1]   256 sign         1300 ops took 1.066 sec, avg 0.820 ms, 1219.481 ops/sec
ECDSA [      SECP256R1]   256 verify        900 ops took 1.036 sec, avg 1.151 ms, 868.834 ops/sec
Benchmark complete
[SGXSan] ALWAYS: Enter enc_wolfSSL_free
[SGXSan] ALWAYS: Enter enc_wolfTLSv1_2_server_method
[SGXSan] ALWAYS: Enter wc_test
------------------------------------------------------------------------------
 wolfSSL version 5.1.0
------------------------------------------------------------------------------
error    test passed!
MEMORY   test passed!
base64   test passed!
asn      test passed!
RANDOM   test passed!
MD5      test passed!
MD4      test passed!
SHA      test passed!
SHA-256  test passed!
Hash     test passed!
HMAC-MD5 test passed!
HMAC-SHA test passed!
HMAC-SHA256 test passed!
GMAC     test passed!
HC-128   test passed!
Rabbit   test passed!
DES      test passed!
DES3     test passed!
AES      test passed!
AES192   test passed!
AES256   test passed!
AES-GCM  test passed!
RSA      test passed!
DH       test passed!
DSA      test passed!
PWDBASED test passed!
ECC      test passed!
ECC buffer test passed!
logging  test passed!
mutex    test passed!
memcb    test failed!
 error = -13803
[SGXSan] ALWAYS: Enter enc_wolfSSL_write
[SGXSan] ALWAYS: Enter enc_wolfSSL_CTX_new
[SGXSan] ALWAYS: Enter enc_wolfSSL_Debugging_ON
[SGXSan] ALWAYS: Enter enc_wolfSSL_CTX_load_verify_buffer
[SGXSan] ALWAYS: Enter enc_wolfSSL_Debugging_OFF
[SGXSan] ALWAYS: Enter enc_wolfSSL_Cleanup
[SGXSan] ALWAYS: Enter enc_wolfSSL_CTX_set_cipher_list
[SGXSan] ALWAYS: Enter enc_wolfSSL_CTX_use_PrivateKey_buffer
[SGXSan] ALWAYS: Enter enc_wolfSSL_connect
[SGXSan] ALWAYS: Enter enc_wolfSSL_get_error
[SGXSan] ALWAYS: Enter enc_wolfSSL_read
[SGXSan] ALWAYS: Enter enc_wolfSSL_Init
[SGXSan] ALWAYS: Enter enc_wolfSSL_CTX_free
#11	NEW    cov: 6291 ft: 6311 corp: 5/1904Kb lim: 1000000 exec/s: 0 rss: 109Mb L: 390122/390122 MS: 8 ChangeBinInt-Custom-CrossOver-Custom-EraseBytes-Custom-CMP-Custom- DE: "\x01\x00\x00\x00\x00\x00\x00\x00"-
#11	DONE   cov: 6291 ft: 6311 corp: 5/1904Kb lim: 1000000 exec/s: 0 rss: 109Mb
###### Recommended dictionary. ######
"\x01\x00\x00\x00\x00\x00\x00\x00" # Uses: 0
###### End of recommended dictionary. ######
Done 11 runs in 463 second(s)
stat::number_of_executed_units: 11
stat::average_exec_per_sec:     0
stat::new_units_added:          1
stat::slowest_unit_time_sec:    42
stat::peak_rss_mb:              109
