WARNING: Failed to find function "__sanitizer_acquire_crash_state".
WARNING: Failed to find function "__sanitizer_print_stack_trace".
WARNING: Failed to find function "__sanitizer_set_death_callback".
[2023-01-15 16:53:28.056] [Init] Num of ECall: 22
[2023-01-15 16:53:28.056] ECalls:
  0 - fuzz_enc_wolfSSL_CTX_free
  1 - fuzz_enc_wolfSSL_CTX_load_verify_buffer
  2 - fuzz_enc_wolfSSL_CTX_new
  3 - fuzz_enc_wolfSSL_CTX_set_cipher_list
  4 - fuzz_enc_wolfSSL_CTX_use_PrivateKey_buffer
  5 - fuzz_enc_wolfSSL_CTX_use_certificate_buffer
  6 - fuzz_enc_wolfSSL_CTX_use_certificate_chain_buffer_format
  7 - fuzz_enc_wolfSSL_Cleanup
  8 - fuzz_enc_wolfSSL_Debugging_OFF
  9 - fuzz_enc_wolfSSL_Debugging_ON
  10 - fuzz_enc_wolfSSL_Init
  11 - fuzz_enc_wolfSSL_connect
  12 - fuzz_enc_wolfSSL_free
  13 - fuzz_enc_wolfSSL_get_error
  14 - fuzz_enc_wolfSSL_new
  15 - fuzz_enc_wolfSSL_read
  16 - fuzz_enc_wolfSSL_set_fd
  17 - fuzz_enc_wolfSSL_write
  18 - fuzz_enc_wolfTLSv1_2_client_method
  19 - fuzz_enc_wolfTLSv1_2_server_method
  20 - fuzz_wc_benchmark_test
  21 - fuzz_wc_test

INFO: found LLVMFuzzerCustomMutator (0x44ac30). Disabling -len_control by default.
INFO: libFuzzer ignores flags that start with '--'
INFO: Running with entropic power schedule (0xFF, 100).
INFO: Seed: 989610917
INFO: Loaded 1 modules   (291 inline 8-bit counters): 291 [0x4cb7e8, 0x4cb90b), 
INFO: Loaded 1 PC tables (291 PCs): 291 [0x4cb910,0x4ccb40), 
INFO:        0 files found in /tmp/libFuzzerTemp.FuzzWithFork422940.dir/C33
[SGXSan] ALWAYS: Hook __sanitizer_cov_8bit_counters_init of Enclave, 21636 inline 8-bit counts [0x7fde140279c0, 0x7fde1402ce44) (First time)
[SGXSan] ALWAYS: Hook __sanitizer_cov_pcs_init of Enclave, 21636 PCs [0x7fde1402ce48, 0x7fde14081688) (First time)
[SGXSan] ALWAYS: Enter enc_wolfSSL_CTX_free
[SGXSan] ALWAYS: Enter enc_wolfSSL_CTX_load_verify_buffer
[SGXSan] ALWAYS: Enter enc_wolfSSL_CTX_new
[SGXSan] ALWAYS: Enter enc_wolfSSL_CTX_set_cipher_list
[SGXSan] ALWAYS: Enter enc_wolfSSL_CTX_use_PrivateKey_buffer
[SGXSan] ALWAYS: Enter enc_wolfSSL_CTX_use_certificate_buffer
[SGXSan] ALWAYS: Enter enc_wolfSSL_CTX_use_certificate_chain_buffer_format
[SGXSan] ALWAYS: Enter enc_wolfSSL_Cleanup
[SGXSan] ALWAYS: Enter enc_wolfSSL_Debugging_OFF
[SGXSan] ALWAYS: Enter enc_wolfSSL_Debugging_ON
[SGXSan] ALWAYS: Enter enc_wolfSSL_Init
[SGXSan] ALWAYS: Enter enc_wolfSSL_connect
[SGXSan] ALWAYS: Enter enc_wolfSSL_free
[SGXSan] ALWAYS: Enter enc_wolfSSL_get_error
[SGXSan] ALWAYS: Enter enc_wolfSSL_new
[SGXSan] ALWAYS: Enter enc_wolfSSL_read
[SGXSan] ALWAYS: Enter enc_wolfSSL_set_fd
[SGXSan] ALWAYS: Enter enc_wolfSSL_write
[SGXSan] ALWAYS: Enter enc_wolfTLSv1_2_client_method
[SGXSan] ALWAYS: Enter enc_wolfTLSv1_2_server_method
[SGXSan] ALWAYS: Enter wc_benchmark_test
------------------------------------------------------------------------------
 wolfSSL version 5.1.0
------------------------------------------------------------------------------
wolfCrypt Benchmark (block bytes 1048576, min 1.0 sec each)
RNG                 15 MB took 1.178 seconds,   12.729 MB/s
AES-128-CBC-enc     35 MB took 1.124 seconds,   31.128 MB/s
AES-128-CBC-dec     30 MB took 1.022 seconds,   29.346 MB/s
AES-192-CBC-enc     30 MB took 1.097 seconds,   27.356 MB/s
AES-192-CBC-dec     30 MB took 1.167 seconds,   25.708 MB/s
AES-256-CBC-enc     30 MB took 1.189 seconds,   25.237 MB/s
AES-256-CBC-dec     25 MB took 1.099 seconds,   22.740 MB/s
AES-128-GCM-enc     25 MB took 1.073 seconds,   23.305 MB/s
AES-128-GCM-dec     25 MB took 1.066 seconds,   23.442 MB/s
AES-192-GCM-enc     25 MB took 1.199 seconds,   20.856 MB/s
AES-192-GCM-dec     25 MB took 1.193 seconds,   20.950 MB/s
AES-256-GCM-enc     20 MB took 1.074 seconds,   18.618 MB/s
AES-256-GCM-dec     20 MB took 1.060 seconds,   18.871 MB/s
GMAC Table 4-bit    67 MB took 1.011 seconds,   66.264 MB/s
RABBIT              90 MB took 1.018 seconds,   88.452 MB/s
3DES                10 MB took 1.089 seconds,    9.180 MB/s
MD5                300 MB took 1.015 seconds,  295.573 MB/s
SHA                130 MB took 1.036 seconds,  125.428 MB/s
SHA-256             35 MB took 1.152 seconds,   30.381 MB/s
HMAC-MD5           305 MB took 1.001 seconds,  304.826 MB/s
HMAC-SHA           130 MB took 1.005 seconds,  129.368 MB/s
HMAC-SHA256         35 MB took 1.137 seconds,   30.782 MB/s
PBKDF2               4 KB took 1.008 seconds,    3.783 KB/s
RSA     2048 public       1400 ops took 1.005 sec, avg 0.718 ms, 1392.440 ops/sec
RSA     2048 private       100 ops took 3.679 sec, avg 36.790 ms, 27.182 ops/sec
DH      2048 key gen        64 ops took 1.003 sec, avg 15.671 ms, 63.812 ops/sec
DH      2048 agree         100 ops took 1.587 sec, avg 15.875 ms, 62.992 ops/sec
ECC   [      SECP256R1]   256 key gen      1382 ops took 1.001 sec, avg 0.724 ms, 1381.207 ops/sec
ECDHE [      SECP256R1]   256 agree         900 ops took 1.002 sec, avg 1.114 ms, 898.039 ops/sec
ECDSA [      SECP256R1]   256 sign         1200 ops took 1.029 sec, avg 0.857 ms, 1166.685 ops/sec
ECDSA [      SECP256R1]   256 verify        900 ops took 1.076 sec, avg 1.195 ms, 836.786 ops/sec
Benchmark complete
[SGXSan] ALWAYS: Enter wc_test
INFO: A corpus is not provided, starting from an empty corpus
------------------------------------------------------------------------------
 wolfSSL version 5.1.0
------------------------------------------------------------------------------
error    test passed!
MEMORY   test passed!
base64   test passed!
asn      test passed!
RANDOM   test passed!
MD5      test passed!
MD4      test passed!
SHA      test passed!
SHA-256  test passed!
Hash     test passed!
HMAC-MD5 test passed!
HMAC-SHA test passed!
HMAC-SHA256 test passed!
GMAC     test passed!
HC-128   test passed!
Rabbit   test passed!
DES      test passed!
DES3     test passed!
AES      test passed!
AES192   test passed!
AES256   test passed!
AES-GCM  test passed!
RSA      test passed!
DH       test passed!
DSA      test passed!
PWDBASED test passed!
ECC      test passed!
ECC buffer test passed!
logging  test passed!
mutex    test passed!
memcb    test passed!
Test complete
[SGXSan] ALWAYS: Enter enc_wolfSSL_Init
[SGXSan] ALWAYS: Enter enc_wolfSSL_CTX_free
[SGXSan] ALWAYS: Enter enc_wolfSSL_CTX_load_verify_buffer
[SGXSan] ALWAYS: Enter enc_wolfSSL_CTX_new
[SGXSan] ALWAYS: Enter enc_wolfSSL_CTX_set_cipher_list
[SGXSan] ALWAYS: Enter enc_wolfSSL_CTX_use_PrivateKey_buffer
[SGXSan] ALWAYS: Enter enc_wolfSSL_CTX_use_certificate_buffer
[SGXSan] ALWAYS: Enter enc_wolfSSL_CTX_use_certificate_chain_buffer_format
[SGXSan] ALWAYS: Enter enc_wolfSSL_Cleanup
[SGXSan] ALWAYS: Enter enc_wolfSSL_Debugging_OFF
[SGXSan] ALWAYS: Enter enc_wolfSSL_Debugging_ON
[SGXSan] ALWAYS: Enter enc_wolfSSL_connect
[SGXSan] ALWAYS: Enter enc_wolfSSL_free
[SGXSan] ALWAYS: Enter enc_wolfSSL_get_error
[SGXSan] ALWAYS: Enter enc_wolfSSL_new
[SGXSan] ALWAYS: Enter enc_wolfSSL_read
[SGXSan] ALWAYS: Enter enc_wolfSSL_set_fd
[SGXSan] ALWAYS: Enter enc_wolfSSL_write
[SGXSan] ALWAYS: Enter enc_wolfTLSv1_2_client_method
[SGXSan] ALWAYS: Enter enc_wolfTLSv1_2_server_method
[SGXSan] ALWAYS: Enter wc_benchmark_test
------------------------------------------------------------------------------
 wolfSSL version 5.1.0
------------------------------------------------------------------------------
wolfCrypt Benchmark (block bytes 1048576, min 1.0 sec each)
RNG                 15 MB took 1.154 seconds,   12.997 MB/s
AES-128-CBC-enc     35 MB took 1.088 seconds,   32.161 MB/s
AES-128-CBC-dec     30 MB took 1.011 seconds,   29.660 MB/s
AES-192-CBC-enc     30 MB took 1.044 seconds,   28.736 MB/s
AES-192-CBC-dec     30 MB took 1.137 seconds,   26.378 MB/s
AES-256-CBC-enc     30 MB took 1.186 seconds,   25.285 MB/s
AES-256-CBC-dec     25 MB took 1.071 seconds,   23.339 MB/s
AES-128-GCM-enc     25 MB took 1.078 seconds,   23.197 MB/s
AES-128-GCM-dec     25 MB took 1.064 seconds,   23.487 MB/s
AES-192-GCM-enc     25 MB took 1.198 seconds,   20.865 MB/s
AES-192-GCM-dec     25 MB took 1.197 seconds,   20.892 MB/s
AES-256-GCM-enc     20 MB took 1.045 seconds,   19.144 MB/s
AES-256-GCM-dec     20 MB took 1.010 seconds,   19.797 MB/s
GMAC Table 4-bit    68 MB took 1.002 seconds,   67.883 MB/s
RABBIT              95 MB took 1.054 seconds,   90.134 MB/s
3DES                10 MB took 1.096 seconds,    9.120 MB/s
MD5                300 MB took 1.014 seconds,  295.715 MB/s
SHA                130 MB took 1.032 seconds,  125.980 MB/s
SHA-256             35 MB took 1.163 seconds,   30.091 MB/s
HMAC-MD5           285 MB took 1.007 seconds,  283.140 MB/s
HMAC-SHA           130 MB took 1.019 seconds,  127.524 MB/s
HMAC-SHA256         35 MB took 1.130 seconds,   30.979 MB/s
PBKDF2               4 KB took 1.005 seconds,    3.761 KB/s
RSA     2048 public       1400 ops took 1.030 sec, avg 0.736 ms, 1359.370 ops/sec
RSA     2048 private       100 ops took 3.773 sec, avg 37.728 ms, 26.506 ops/sec
DH      2048 key gen        65 ops took 1.013 sec, avg 15.585 ms, 64.163 ops/sec
DH      2048 agree         100 ops took 1.573 sec, avg 15.734 ms, 63.556 ops/sec
ECC   [      SECP256R1]   256 key gen      1406 ops took 1.000 sec, avg 0.711 ms, 1405.937 ops/sec
ECDHE [      SECP256R1]   256 agree         900 ops took 1.012 sec, avg 1.124 ms, 889.707 ops/sec
ECDSA [      SECP256R1]   256 sign         1100 ops took 1.005 sec, avg 0.914 ms, 1094.208 ops/sec
ECDSA [      SECP256R1]   256 verify        900 ops took 1.067 sec, avg 1.186 ms, 843.372 ops/sec
Benchmark complete
[SGXSan] ALWAYS: Enter wc_test
#2	pulse  ft: 6291 exec/s: 0 rss: 48Mb
Slowest unit: 42 s:
artifact_prefix='./crashes/'; Test unit written to ./crashes/slow-unit-adc83b19e793491b1c6ea0fd8b46cd9f32e592fc
Base64: Cg==
#2	INITED cov: 6291 ft: 6291 corp: 1/1b exec/s: 0 rss: 49Mb
#2	DONE   cov: 6291 ft: 6291 corp: 1/1b lim: 4 exec/s: 0 rss: 49Mb
Done 2 runs in 84 second(s)
stat::number_of_executed_units: 2
stat::average_exec_per_sec:     0
stat::new_units_added:          0
stat::slowest_unit_time_sec:    42
stat::peak_rss_mb:              49
------------------------------------------------------------------------------
 wolfSSL version 5.1.0
------------------------------------------------------------------------------
error    test passed!
MEMORY   test passed!
base64   test passed!
asn      test passed!
RANDOM   test passed!
MD5      test passed!
MD4      test passed!
SHA      test passed!
SHA-256  test passed!
Hash     test passed!
HMAC-MD5 test passed!
HMAC-SHA test passed!
HMAC-SHA256 test passed!
GMAC     test passed!
HC-128   test passed!
Rabbit   test passed!
DES      test passed!
DES3     test passed!
AES      test passed!
AES192   test passed!
AES256   test passed!
AES-GCM  test passed!
RSA      test passed!
DH       test passed!
DSA      test passed!
PWDBASED test passed!
ECC      test passed!
ECC buffer test passed!
logging  test passed!
mutex    test passed!
memcb    test failed!
 error = -13803
