WARNING: Failed to find function "__sanitizer_acquire_crash_state".
WARNING: Failed to find function "__sanitizer_print_stack_trace".
WARNING: Failed to find function "__sanitizer_set_death_callback".
[CEnclavePool /home/leone/Documents/linux-sgx/psw/urts/enclave.cpp:638] enter CEnclavePool constructor
[2023-01-16 00:05:41.879] [Init] Num of ECall: 22
[2023-01-16 00:05:41.879] ECalls:
  0 - fuzz_enc_wolfSSL_CTX_free
  1 - fuzz_enc_wolfSSL_CTX_load_verify_buffer
  2 - fuzz_enc_wolfSSL_CTX_new
  3 - fuzz_enc_wolfSSL_CTX_set_cipher_list
  4 - fuzz_enc_wolfSSL_CTX_use_PrivateKey_buffer
  5 - fuzz_enc_wolfSSL_CTX_use_certificate_buffer
  6 - fuzz_enc_wolfSSL_CTX_use_certificate_chain_buffer_format
  7 - fuzz_enc_wolfSSL_Cleanup
  8 - fuzz_enc_wolfSSL_Debugging_OFF
  9 - fuzz_enc_wolfSSL_Debugging_ON
  10 - fuzz_enc_wolfSSL_Init
  11 - fuzz_enc_wolfSSL_connect
  12 - fuzz_enc_wolfSSL_free
  13 - fuzz_enc_wolfSSL_get_error
  14 - fuzz_enc_wolfSSL_new
  15 - fuzz_enc_wolfSSL_read
  16 - fuzz_enc_wolfSSL_set_fd
  17 - fuzz_enc_wolfSSL_write
  18 - fuzz_enc_wolfTLSv1_2_client_method
  19 - fuzz_enc_wolfTLSv1_2_server_method
  20 - fuzz_wc_benchmark_test
  21 - fuzz_wc_test

INFO: found LLVMFuzzerCustomMutator (0x44ac30). Disabling -len_control by default.
INFO: libFuzzer ignores flags that start with '--'
INFO: Running with entropic power schedule (0xFF, 100).
INFO: Seed: 1800067597
INFO: Loaded 1 modules   (291 inline 8-bit counters): 291 [0x4cb7e8, 0x4cb90b), 
INFO: Loaded 1 PC tables (291 PCs): 291 [0x4cb910,0x4ccb40), 
INFO:        0 files found in /tmp/libFuzzerTemp.FuzzWithFork422940.dir/C332
[SGXSan] ALWAYS: Hook __sanitizer_cov_8bit_counters_init of Enclave, 21636 inline 8-bit counts [0x7f5417e109c0, 0x7f5417e15e44) (First time)
[SGXSan] ALWAYS: Hook __sanitizer_cov_pcs_init of Enclave, 21636 PCs [0x7f5417e15e48, 0x7f5417e6a688) (First time)
[SGXSan] ALWAYS: Enter enc_wolfSSL_CTX_free
[SGXSan] ALWAYS: Enter enc_wolfSSL_CTX_load_verify_buffer
[SGXSan] ALWAYS: Enter enc_wolfSSL_CTX_new
[SGXSan] ALWAYS: Enter enc_wolfSSL_CTX_set_cipher_list
[SGXSan] ALWAYS: Enter enc_wolfSSL_CTX_use_PrivateKey_buffer
[SGXSan] ALWAYS: Enter enc_wolfSSL_CTX_use_certificate_buffer
[SGXSan] ALWAYS: Enter enc_wolfSSL_CTX_use_certificate_chain_buffer_format
[SGXSan] ALWAYS: Enter enc_wolfSSL_Cleanup
[SGXSan] ALWAYS: Enter enc_wolfSSL_Debugging_OFF
[SGXSan] ALWAYS: Enter enc_wolfSSL_Debugging_ON
[SGXSan] ALWAYS: Enter enc_wolfSSL_Init
[SGXSan] ALWAYS: Enter enc_wolfSSL_connect
[SGXSan] ALWAYS: Enter enc_wolfSSL_free
[SGXSan] ALWAYS: Enter enc_wolfSSL_get_error
[SGXSan] ALWAYS: Enter enc_wolfSSL_new
[SGXSan] ALWAYS: Enter enc_wolfSSL_read
[SGXSan] ALWAYS: Enter enc_wolfSSL_set_fd
[SGXSan] ALWAYS: Enter enc_wolfSSL_write
[SGXSan] ALWAYS: Enter enc_wolfTLSv1_2_client_method
[SGXSan] ALWAYS: Enter enc_wolfTLSv1_2_server_method
[SGXSan] ALWAYS: Enter wc_benchmark_test
------------------------------------------------------------------------------
 wolfSSL version 5.1.0
------------------------------------------------------------------------------
wolfCrypt Benchmark (block bytes 1048576, min 1.0 sec each)
RNG                 15 MB took 1.150 seconds,   13.042 MB/s
AES-128-CBC-enc     35 MB took 1.140 seconds,   30.701 MB/s
AES-128-CBC-dec     35 MB took 1.148 seconds,   30.490 MB/s
AES-192-CBC-enc     30 MB took 1.112 seconds,   26.986 MB/s
AES-192-CBC-dec     30 MB took 1.140 seconds,   26.308 MB/s
AES-256-CBC-enc     25 MB took 1.033 seconds,   24.190 MB/s
AES-256-CBC-dec     25 MB took 1.064 seconds,   23.495 MB/s
AES-128-GCM-enc     25 MB took 1.093 seconds,   22.870 MB/s
AES-128-GCM-dec     25 MB took 1.093 seconds,   22.878 MB/s
AES-192-GCM-enc     25 MB took 1.234 seconds,   20.260 MB/s
AES-192-GCM-dec     25 MB took 1.220 seconds,   20.496 MB/s
AES-256-GCM-enc     20 MB took 1.059 seconds,   18.880 MB/s
AES-256-GCM-dec     20 MB took 1.073 seconds,   18.640 MB/s
GMAC Table 4-bit    67 MB took 1.002 seconds,   66.881 MB/s
RABBIT              90 MB took 1.024 seconds,   87.858 MB/s
3DES                10 MB took 1.102 seconds,    9.072 MB/s
MD5                295 MB took 1.004 seconds,  293.779 MB/s
SHA                130 MB took 1.038 seconds,  125.225 MB/s
SHA-256             35 MB took 1.154 seconds,   30.317 MB/s
HMAC-MD5           300 MB took 1.009 seconds,  297.396 MB/s
HMAC-SHA           125 MB took 1.013 seconds,  123.390 MB/s
HMAC-SHA256         35 MB took 1.150 seconds,   30.427 MB/s
PBKDF2               4 KB took 1.007 seconds,    3.570 KB/s
RSA     2048 public       1400 ops took 1.036 sec, avg 0.740 ms, 1351.608 ops/sec
RSA     2048 private       100 ops took 3.770 sec, avg 37.699 ms, 26.526 ops/sec
DH      2048 key gen        63 ops took 1.005 sec, avg 15.945 ms, 62.717 ops/sec
DH      2048 agree         100 ops took 1.581 sec, avg 15.809 ms, 63.256 ops/sec
ECC   [      SECP256R1]   256 key gen      1367 ops took 1.001 sec, avg 0.732 ms, 1366.308 ops/sec
ECDHE [      SECP256R1]   256 agree         900 ops took 1.014 sec, avg 1.127 ms, 887.253 ops/sec
ECDSA [      SECP256R1]   256 sign         1200 ops took 1.028 sec, avg 0.856 ms, 1167.666 ops/sec
ECDSA [      SECP256R1]   256 verify        900 ops took 1.058 sec, avg 1.176 ms, 850.514 ops/sec
Benchmark complete
[SGXSan] ALWAYS: Enter wc_test
INFO: seed corpus: files: 6 min: 370191b max: 390122b total: 2300870b rss: 43Mb
------------------------------------------------------------------------------
 wolfSSL version 5.1.0
------------------------------------------------------------------------------
error    test passed!
MEMORY   test passed!
base64   test passed!
asn      test passed!
RANDOM   test passed!
MD5      test passed!
MD4      test passed!
SHA      test passed!
SHA-256  test passed!
Hash     test passed!
HMAC-MD5 test passed!
HMAC-SHA test passed!
HMAC-SHA256 test passed!
GMAC     test passed!
HC-128   test passed!
Rabbit   test passed!
DES      test passed!
DES3     test passed!
AES      test passed!
AES192   test passed!
AES256   test passed!
AES-GCM  test passed!
RSA      test passed!
DH       test passed!
DSA      test passed!
PWDBASED test passed!
ECC      test passed!
ECC buffer test passed!
logging  test passed!
mutex    test passed!
memcb    test passed!
Test complete
[SGXSan] ALWAYS: Enter enc_wolfSSL_new
[SGXSan] ALWAYS: Enter wc_test
------------------------------------------------------------------------------
 wolfSSL version 5.1.0
------------------------------------------------------------------------------
error    test passed!
MEMORY   test passed!
base64   test passed!
asn      test passed!
RANDOM   test passed!
MD5      test passed!
MD4      test passed!
SHA      test passed!
SHA-256  test passed!
Hash     test passed!
HMAC-MD5 test passed!
HMAC-SHA test passed!
HMAC-SHA256 test passed!
GMAC     test passed!
HC-128   test passed!
Rabbit   test passed!
DES      test passed!
DES3     test passed!
AES      test passed!
AES192   test passed!
AES256   test passed!
AES-GCM  test passed!
RSA      test passed!
DH       test passed!
DSA      test passed!
PWDBASED test passed!
ECC      test passed!
ECC buffer test passed!
logging  test passed!
mutex    test passed!
memcb    test failed!
 error = -13803
[SGXSan] ALWAYS: Enter enc_wolfSSL_CTX_use_certificate_chain_buffer_format
[SGXSan] ALWAYS: Enter enc_wolfSSL_write
[SGXSan] ALWAYS: Enter enc_wolfSSL_get_error
[SGXSan] ALWAYS: Enter enc_wolfSSL_CTX_load_verify_buffer
[SGXSan] ALWAYS: Enter enc_wolfSSL_CTX_use_PrivateKey_buffer
[SGXSan] ALWAYS: Enter enc_wolfSSL_CTX_use_certificate_buffer
[SGXSan] ALWAYS: Enter enc_wolfTLSv1_2_server_method
[SGXSan] ALWAYS: Enter enc_wolfSSL_Debugging_ON
[SGXSan] ALWAYS: Enter enc_wolfSSL_CTX_new
[SGXSan] ALWAYS: Enter enc_wolfSSL_Cleanup
[SGXSan] ALWAYS: Enter enc_wolfSSL_connect
[SGXSan] ALWAYS: Enter wc_benchmark_test
------------------------------------------------------------------------------
 wolfSSL version 5.1.0
------------------------------------------------------------------------------
wolfCrypt Benchmark (block bytes 1048576, min 1.0 sec each)
RNG                 15 MB took 1.166 seconds,   12.861 MB/s
AES-128-CBC-enc     35 MB took 1.151 seconds,   30.416 MB/s
AES-128-CBC-dec     35 MB took 1.163 seconds,   30.084 MB/s
AES-192-CBC-enc     30 MB took 1.158 seconds,   25.908 MB/s
AES-192-CBC-dec     30 MB took 1.167 seconds,   25.705 MB/s
AES-256-CBC-enc     25 MB took 1.095 seconds,   22.830 MB/s
AES-256-CBC-dec     25 MB took 1.060 seconds,   23.581 MB/s
AES-128-GCM-enc     25 MB took 1.113 seconds,   22.456 MB/s
AES-128-GCM-dec     25 MB took 1.117 seconds,   22.377 MB/s
AES-192-GCM-enc     25 MB took 1.247 seconds,   20.049 MB/s
AES-192-GCM-dec     20 MB took 1.030 seconds,   19.416 MB/s
AES-256-GCM-enc     20 MB took 1.085 seconds,   18.440 MB/s
AES-256-GCM-dec     20 MB took 1.079 seconds,   18.527 MB/s
GMAC Table 4-bit    68 MB took 1.000 seconds,   67.974 MB/s
RABBIT              90 MB took 1.011 seconds,   89.006 MB/s
3DES                10 MB took 1.112 seconds,    8.992 MB/s
MD5                295 MB took 1.007 seconds,  293.056 MB/s
SHA                125 MB took 1.007 seconds,  124.170 MB/s
SHA-256             30 MB took 1.004 seconds,   29.892 MB/s
HMAC-MD5           300 MB took 1.009 seconds,  297.345 MB/s
HMAC-SHA           130 MB took 1.036 seconds,  125.469 MB/s
HMAC-SHA256         35 MB took 1.163 seconds,   30.090 MB/s
PBKDF2               4 KB took 1.006 seconds,    3.695 KB/s
RSA     2048 public       1400 ops took 1.040 sec, avg 0.743 ms, 1346.392 ops/sec
RSA     2048 private       100 ops took 3.764 sec, avg 37.640 ms, 26.567 ops/sec
DH      2048 key gen        64 ops took 1.006 sec, avg 15.717 ms, 63.627 ops/sec
DH      2048 agree         100 ops took 1.596 sec, avg 15.963 ms, 62.647 ops/sec
ECC   [      SECP256R1]   256 key gen      1369 ops took 1.000 sec, avg 0.730 ms, 1368.963 ops/sec
ECDHE [      SECP256R1]   256 agree         900 ops took 1.014 sec, avg 1.127 ms, 887.644 ops/sec
ECDSA [      SECP256R1]   256 sign         1200 ops took 1.009 sec, avg 0.840 ms, 1189.820 ops/sec
ECDSA [      SECP256R1]   256 verify        900 ops took 1.056 sec, avg 1.174 ms, 852.109 ops/sec
Benchmark complete
[SGXSan] ALWAYS: Enter enc_wolfSSL_free
[SGXSan] ALWAYS: Enter enc_wolfSSL_set_fd
[SGXSan] ALWAYS: Enter enc_wolfTLSv1_2_client_method
[SGXSan] ALWAYS: Enter enc_wolfSSL_Init
[SGXSan] ALWAYS: Enter enc_wolfSSL_CTX_set_cipher_list
[SGXSan] ALWAYS: Enter enc_wolfSSL_Debugging_OFF
[SGXSan] ALWAYS: Enter enc_wolfSSL_read
[SGXSan] ALWAYS: Enter enc_wolfSSL_CTX_free
#2	pulse  ft: 6300 exec/s: 0 rss: 49Mb
Slowest unit: 42 s:
artifact_prefix='./crashes/'; Test unit written to ./crashes/slow-unit-ddd80d5e9861e976679df15b45e797151fd301fa
[SGXSan] ALWAYS: Enter enc_wolfSSL_connect
[SGXSan] ALWAYS: Enter enc_wolfSSL_new
[SGXSan] ALWAYS: Enter enc_wolfSSL_CTX_new
[SGXSan] ALWAYS: Enter enc_wolfSSL_CTX_free
[SGXSan] ALWAYS: Enter enc_wolfSSL_write
[SGXSan] ALWAYS: Enter enc_wolfSSL_CTX_load_verify_buffer
[SGXSan] ALWAYS: Enter enc_wolfSSL_CTX_use_PrivateKey_buffer
[SGXSan] ALWAYS: Enter enc_wolfTLSv1_2_client_method
[SGXSan] ALWAYS: Enter wc_benchmark_test
------------------------------------------------------------------------------
 wolfSSL version 5.1.0
------------------------------------------------------------------------------
wolfCrypt Benchmark (block bytes 1048576, min 1.0 sec each)
RNG                 15 MB took 1.150 seconds,   13.043 MB/s
AES-128-CBC-enc     35 MB took 1.132 seconds,   30.920 MB/s
AES-128-CBC-dec     35 MB took 1.142 seconds,   30.636 MB/s
AES-192-CBC-enc     30 MB took 1.136 seconds,   26.398 MB/s
AES-192-CBC-dec     30 MB took 1.150 seconds,   26.079 MB/s
AES-256-CBC-enc     25 MB took 1.055 seconds,   23.704 MB/s
AES-256-CBC-dec     25 MB took 1.084 seconds,   23.070 MB/s
AES-128-GCM-enc     25 MB took 1.103 seconds,   22.675 MB/s
AES-128-GCM-dec     25 MB took 1.170 seconds,   21.364 MB/s
AES-192-GCM-enc     25 MB took 1.229 seconds,   20.349 MB/s
AES-192-GCM-dec     25 MB took 1.227 seconds,   20.380 MB/s
AES-256-GCM-enc     20 MB took 1.072 seconds,   18.661 MB/s
AES-256-GCM-dec     20 MB took 1.049 seconds,   19.062 MB/s
GMAC Table 4-bit    69 MB took 1.012 seconds,   68.197 MB/s
RABBIT              95 MB took 1.042 seconds,   91.143 MB/s
3DES                10 MB took 1.105 seconds,    9.053 MB/s
MD5                200 MB took 1.017 seconds,  196.699 MB/s
SHA                 75 MB took 1.042 seconds,   71.983 MB/s
SHA-256             20 MB took 1.113 seconds,   17.966 MB/s
HMAC-MD5           285 MB took 1.005 seconds,  283.694 MB/s
HMAC-SHA           130 MB took 1.004 seconds,  129.496 MB/s
HMAC-SHA256         30 MB took 1.105 seconds,   27.154 MB/s
PBKDF2               4 KB took 1.001 seconds,    3.777 KB/s
RSA     2048 public       1400 ops took 1.014 sec, avg 0.724 ms, 1381.110 ops/sec
RSA     2048 private       100 ops took 3.628 sec, avg 36.276 ms, 27.567 ops/sec
DH      2048 key gen        65 ops took 1.001 sec, avg 15.397 ms, 64.949 ops/sec
DH      2048 agree         100 ops took 1.525 sec, avg 15.252 ms, 65.566 ops/sec
ECC   [      SECP256R1]   256 key gen      1428 ops took 1.000 sec, avg 0.700 ms, 1427.777 ops/sec
ECDHE [      SECP256R1]   256 agree         900 ops took 1.001 sec, avg 1.112 ms, 899.243 ops/sec
ECDSA [      SECP256R1]   256 sign         1300 ops took 1.073 sec, avg 0.826 ms, 1211.077 ops/sec
ECDSA [      SECP256R1]   256 verify        900 ops took 1.056 sec, avg 1.174 ms, 851.947 ops/sec
Benchmark complete
[SGXSan] ALWAYS: Enter enc_wolfSSL_CTX_set_cipher_list
[SGXSan] ALWAYS: Enter enc_wolfSSL_get_error
[SGXSan] ALWAYS: Enter enc_wolfSSL_Init
[SGXSan] ALWAYS: Enter enc_wolfSSL_free
[SGXSan] ALWAYS: Enter wc_test
------------------------------------------------------------------------------
 wolfSSL version 5.1.0
------------------------------------------------------------------------------
error    test passed!
MEMORY   test passed!
base64   test passed!
asn      test passed!
RANDOM   test passed!
MD5      test passed!
MD4      test passed!
SHA      test passed!
SHA-256  test passed!
Hash     test passed!
HMAC-MD5 test passed!
HMAC-SHA test passed!
HMAC-SHA256 test passed!
GMAC     test passed!
HC-128   test passed!
Rabbit   test passed!
DES      test passed!
DES3     test passed!
AES      test passed!
AES192   test passed!
AES256   test passed!
AES-GCM  test passed!
RSA      test passed!
DH       test passed!
DSA      test passed!
PWDBASED test passed!
ECC      test passed!
ECC buffer test passed!
logging  test passed!
mutex    test passed!
memcb    test failed!
 error = -13803
[SGXSan] ALWAYS: Enter enc_wolfSSL_Debugging_ON
[SGXSan] ALWAYS: Enter enc_wolfSSL_read
[SGXSan] ALWAYS: Enter enc_wolfSSL_Debugging_OFF
[SGXSan] ALWAYS: Enter enc_wolfTLSv1_2_server_method
[SGXSan] ALWAYS: Enter enc_wolfSSL_set_fd
[SGXSan] ALWAYS: Enter enc_wolfSSL_CTX_use_certificate_buffer
[SGXSan] ALWAYS: Enter enc_wolfSSL_CTX_use_certificate_chain_buffer_format
[SGXSan] ALWAYS: Enter enc_wolfSSL_Cleanup
[SGXSan] ALWAYS: Enter enc_wolfSSL_read
[SGXSan] ALWAYS: Enter enc_wolfSSL_CTX_free
[SGXSan] ALWAYS: Enter wc_benchmark_test
------------------------------------------------------------------------------
 wolfSSL version 5.1.0
------------------------------------------------------------------------------
wolfCrypt Benchmark (block bytes 1048576, min 1.0 sec each)
RNG                 15 MB took 1.136 seconds,   13.205 MB/s
AES-128-CBC-enc     35 MB took 1.135 seconds,   30.827 MB/s
AES-128-CBC-dec     35 MB took 1.155 seconds,   30.311 MB/s
AES-192-CBC-enc     30 MB took 1.115 seconds,   26.916 MB/s
AES-192-CBC-dec     30 MB took 1.122 seconds,   26.744 MB/s
AES-256-CBC-enc     25 MB took 1.014 seconds,   24.654 MB/s
AES-256-CBC-dec     25 MB took 1.040 seconds,   24.030 MB/s
AES-128-GCM-enc     25 MB took 1.090 seconds,   22.937 MB/s
AES-128-GCM-dec     25 MB took 1.092 seconds,   22.898 MB/s
AES-192-GCM-enc     25 MB took 1.209 seconds,   20.671 MB/s
AES-192-GCM-dec     25 MB took 1.245 seconds,   20.075 MB/s
AES-256-GCM-enc     20 MB took 1.087 seconds,   18.396 MB/s
AES-256-GCM-dec     20 MB took 1.069 seconds,   18.708 MB/s
GMAC Table 4-bit    68 MB took 1.011 seconds,   67.274 MB/s
RABBIT              95 MB took 1.044 seconds,   91.010 MB/s
3DES                10 MB took 1.082 seconds,    9.246 MB/s
MD5                310 MB took 1.015 seconds,  305.560 MB/s
SHA                130 MB took 1.009 seconds,  128.860 MB/s
SHA-256             35 MB took 1.134 seconds,   30.852 MB/s
HMAC-MD5           305 MB took 1.011 seconds,  301.807 MB/s
HMAC-SHA           130 MB took 1.021 seconds,  127.332 MB/s
HMAC-SHA256         35 MB took 1.141 seconds,   30.682 MB/s
PBKDF2               4 KB took 1.003 seconds,    3.707 KB/s
RSA     2048 public       1400 ops took 1.054 sec, avg 0.753 ms, 1327.860 ops/sec
RSA     2048 private       100 ops took 3.700 sec, avg 36.996 ms, 27.030 ops/sec
DH      2048 key gen        66 ops took 1.009 sec, avg 15.282 ms, 65.435 ops/sec
DH      2048 agree         100 ops took 1.549 sec, avg 15.495 ms, 64.537 ops/sec
ECC   [      SECP256R1]   256 key gen      1376 ops took 1.000 sec, avg 0.727 ms, 1375.560 ops/sec
ECDHE [      SECP256R1]   256 agree         900 ops took 1.018 sec, avg 1.131 ms, 884.240 ops/sec
ECDSA [      SECP256R1]   256 sign         1200 ops took 1.026 sec, avg 0.855 ms, 1169.734 ops/sec
ECDSA [      SECP256R1]   256 verify        900 ops took 1.056 sec, avg 1.174 ms, 852.000 ops/sec
Benchmark complete
[SGXSan] ALWAYS: Enter enc_wolfSSL_CTX_use_certificate_chain_buffer_format
[SGXSan] ALWAYS: Enter enc_wolfSSL_write
[SGXSan] ALWAYS: Enter enc_wolfSSL_CTX_use_certificate_buffer
[SGXSan] ALWAYS: Enter wc_test
------------------------------------------------------------------------------
 wolfSSL version 5.1.0
------------------------------------------------------------------------------
error    test passed!
MEMORY   test passed!
base64   test passed!
asn      test passed!
RANDOM   test passed!
MD5      test passed!
MD4      test passed!
SHA      test passed!
SHA-256  test passed!
Hash     test passed!
HMAC-MD5 test passed!
HMAC-SHA test passed!
HMAC-SHA256 test passed!
GMAC     test passed!
HC-128   test passed!
Rabbit   test passed!
DES      test passed!
DES3     test passed!
AES      test passed!
AES192   test passed!
AES256   test passed!
AES-GCM  test passed!
RSA      test passed!
DH       test passed!
DSA      test passed!
PWDBASED test passed!
ECC      test passed!
ECC buffer test passed!
logging  test passed!
mutex    test passed!
memcb    test failed!
 error = -13803
[SGXSan] ALWAYS: Enter enc_wolfSSL_Cleanup
[SGXSan] ALWAYS: Enter enc_wolfTLSv1_2_server_method
[SGXSan] ALWAYS: Enter enc_wolfSSL_new
[SGXSan] ALWAYS: Enter enc_wolfSSL_Init
[SGXSan] ALWAYS: Enter enc_wolfSSL_CTX_use_PrivateKey_buffer
[SGXSan] ALWAYS: Enter enc_wolfSSL_get_error
[SGXSan] ALWAYS: Enter enc_wolfTLSv1_2_client_method
[SGXSan] ALWAYS: Enter enc_wolfSSL_connect
[SGXSan] ALWAYS: Enter enc_wolfSSL_CTX_load_verify_buffer
[SGXSan] ALWAYS: Enter enc_wolfSSL_Debugging_ON
[SGXSan] ALWAYS: Enter enc_wolfSSL_Debugging_OFF
[SGXSan] ALWAYS: Enter enc_wolfSSL_CTX_set_cipher_list
[SGXSan] ALWAYS: Enter enc_wolfSSL_set_fd
[SGXSan] ALWAYS: Enter enc_wolfSSL_free
[SGXSan] ALWAYS: Enter enc_wolfSSL_CTX_new
#4	pulse  cov: 6301 ft: 6302 corp: 2/723Kb exec/s: 0 rss: 64Mb
[SGXSan] ALWAYS: Enter enc_wolfSSL_CTX_use_PrivateKey_buffer
[SGXSan] ALWAYS: Enter enc_wolfSSL_free
[SGXSan] ALWAYS: Enter enc_wolfSSL_set_fd
[SGXSan] ALWAYS: Enter enc_wolfSSL_write
[SGXSan] ALWAYS: Enter enc_wolfSSL_CTX_free
[SGXSan] ALWAYS: Enter wc_benchmark_test
------------------------------------------------------------------------------
 wolfSSL version 5.1.0
------------------------------------------------------------------------------
wolfCrypt Benchmark (block bytes 1048576, min 1.0 sec each)
RNG                 15 MB took 1.157 seconds,   12.964 MB/s
AES-128-CBC-enc     35 MB took 1.128 seconds,   31.023 MB/s
AES-128-CBC-dec     35 MB took 1.132 seconds,   30.918 MB/s
AES-192-CBC-enc     30 MB took 1.097 seconds,   27.342 MB/s
AES-192-CBC-dec     30 MB took 1.118 seconds,   26.841 MB/s
AES-256-CBC-enc     25 MB took 1.022 seconds,   24.463 MB/s
AES-256-CBC-dec     25 MB took 1.052 seconds,   23.772 MB/s
AES-128-GCM-enc     25 MB took 1.097 seconds,   22.785 MB/s
AES-128-GCM-dec     25 MB took 1.095 seconds,   22.829 MB/s
AES-192-GCM-enc     25 MB took 1.212 seconds,   20.634 MB/s
AES-192-GCM-dec     25 MB took 1.204 seconds,   20.769 MB/s
AES-256-GCM-enc     20 MB took 1.043 seconds,   19.174 MB/s
AES-256-GCM-dec     20 MB took 1.079 seconds,   18.532 MB/s
GMAC Table 4-bit    68 MB took 1.015 seconds,   67.001 MB/s
RABBIT              90 MB took 1.018 seconds,   88.372 MB/s
3DES                10 MB took 1.092 seconds,    9.157 MB/s
MD5                250 MB took 1.009 seconds,  247.811 MB/s
SHA                 75 MB took 1.054 seconds,   71.175 MB/s
SHA-256             20 MB took 1.115 seconds,   17.932 MB/s
HMAC-MD5           200 MB took 1.017 seconds,  196.663 MB/s
HMAC-SHA            75 MB took 1.053 seconds,   71.255 MB/s
HMAC-SHA256         20 MB took 1.115 seconds,   17.941 MB/s
PBKDF2               2 KB took 1.012 seconds,    2.193 KB/s
RSA     2048 public        800 ops took 1.002 sec, avg 1.252 ms, 798.598 ops/sec
RSA     2048 private       100 ops took 5.542 sec, avg 55.420 ms, 18.044 ops/sec
DH      2048 key gen        38 ops took 1.015 sec, avg 26.707 ms, 37.444 ops/sec
DH      2048 agree         100 ops took 2.676 sec, avg 26.761 ms, 37.368 ops/sec
ECC   [      SECP256R1]   256 key gen       856 ops took 1.001 sec, avg 1.170 ms, 855.014 ops/sec
ECDHE [      SECP256R1]   256 agree         700 ops took 1.107 sec, avg 1.581 ms, 632.599 ops/sec
ECDSA [      SECP256R1]   256 sign         1200 ops took 1.001 sec, avg 0.834 ms, 1199.057 ops/sec
ECDSA [      SECP256R1]   256 verify        900 ops took 1.040 sec, avg 1.156 ms, 865.189 ops/sec
Benchmark complete
[SGXSan] ALWAYS: Enter enc_wolfSSL_Debugging_ON
[SGXSan] ALWAYS: Enter enc_wolfSSL_Debugging_OFF
[SGXSan] ALWAYS: Enter enc_wolfSSL_Cleanup
[SGXSan] ALWAYS: Enter enc_wolfSSL_Init
[SGXSan] ALWAYS: Enter enc_wolfSSL_new
[SGXSan] ALWAYS: Enter enc_wolfSSL_CTX_load_verify_buffer
[SGXSan] ALWAYS: Enter enc_wolfSSL_CTX_set_cipher_list
[SGXSan] ALWAYS: Enter enc_wolfSSL_connect
[SGXSan] ALWAYS: Enter enc_wolfSSL_CTX_use_certificate_buffer
[SGXSan] ALWAYS: Enter enc_wolfSSL_CTX_use_certificate_chain_buffer_format
[SGXSan] ALWAYS: Enter wc_test
------------------------------------------------------------------------------
 wolfSSL version 5.1.0
------------------------------------------------------------------------------
error    test passed!
MEMORY   test passed!
base64   test passed!
asn      test passed!
RANDOM   test passed!
MD5      test passed!
MD4      test passed!
SHA      test passed!
SHA-256  test passed!
Hash     test passed!
HMAC-MD5 test passed!
HMAC-SHA test passed!
HMAC-SHA256 test passed!
GMAC     test passed!
HC-128   test passed!
Rabbit   test passed!
DES      test passed!
DES3     test passed!
AES      test passed!
AES192   test passed!
AES256   test passed!
AES-GCM  test passed!
RSA      test passed!
DH       test passed!
DSA      test passed!
PWDBASED test passed!
ECC      test passed!
ECC buffer test passed!
logging  test passed!
mutex    test passed!
memcb    test failed!
 error = -13803
[SGXSan] ALWAYS: Enter enc_wolfSSL_read
[SGXSan] ALWAYS: Enter enc_wolfSSL_CTX_new
[SGXSan] ALWAYS: Enter enc_wolfTLSv1_2_server_method
[SGXSan] ALWAYS: Enter enc_wolfSSL_get_error
[SGXSan] ALWAYS: Enter enc_wolfTLSv1_2_client_method
[SGXSan] ALWAYS: Enter enc_wolfSSL_set_fd
[SGXSan] ALWAYS: Enter enc_wolfSSL_CTX_use_certificate_buffer
[SGXSan] ALWAYS: Enter enc_wolfSSL_read
[SGXSan] ALWAYS: Enter enc_wolfSSL_Debugging_OFF
[SGXSan] ALWAYS: Enter enc_wolfSSL_get_error
[SGXSan] ALWAYS: Enter wc_benchmark_test
------------------------------------------------------------------------------
 wolfSSL version 5.1.0
------------------------------------------------------------------------------
wolfCrypt Benchmark (block bytes 1048576, min 1.0 sec each)
RNG                 15 MB took 1.139 seconds,   13.171 MB/s
AES-128-CBC-enc     20 MB took 1.034 seconds,   19.337 MB/s
AES-128-CBC-dec     20 MB took 1.215 seconds,   16.466 MB/s
AES-192-CBC-enc     20 MB took 1.323 seconds,   15.119 MB/s
AES-192-CBC-dec     15 MB took 1.027 seconds,   14.607 MB/s
AES-256-CBC-enc     15 MB took 1.111 seconds,   13.507 MB/s
AES-256-CBC-dec     15 MB took 1.156 seconds,   12.979 MB/s
AES-128-GCM-enc     20 MB took 1.106 seconds,   18.089 MB/s
AES-128-GCM-dec     25 MB took 1.092 seconds,   22.903 MB/s
AES-192-GCM-enc     25 MB took 1.225 seconds,   20.402 MB/s
AES-192-GCM-dec     25 MB took 1.215 seconds,   20.584 MB/s
AES-256-GCM-enc     20 MB took 1.057 seconds,   18.921 MB/s
AES-256-GCM-dec     20 MB took 1.051 seconds,   19.034 MB/s
GMAC Table 4-bit    69 MB took 1.011 seconds,   68.279 MB/s
RABBIT              90 MB took 1.013 seconds,   88.847 MB/s
3DES                10 MB took 1.090 seconds,    9.175 MB/s
MD5                305 MB took 1.015 seconds,  300.443 MB/s
SHA                130 MB took 1.018 seconds,  127.643 MB/s
SHA-256             35 MB took 1.132 seconds,   30.920 MB/s
HMAC-MD5           305 MB took 1.011 seconds,  301.653 MB/s
HMAC-SHA           130 MB took 1.017 seconds,  127.880 MB/s
HMAC-SHA256         35 MB took 1.135 seconds,   30.850 MB/s
PBKDF2               4 KB took 1.006 seconds,    3.789 KB/s
RSA     2048 public       1400 ops took 1.008 sec, avg 0.720 ms, 1389.433 ops/sec
RSA     2048 private       100 ops took 3.681 sec, avg 36.806 ms, 27.170 ops/sec
DH      2048 key gen        65 ops took 1.013 sec, avg 15.584 ms, 64.166 ops/sec
DH      2048 agree         100 ops took 1.550 sec, avg 15.499 ms, 64.522 ops/sec
ECC   [      SECP256R1]   256 key gen      1400 ops took 1.001 sec, avg 0.715 ms, 1399.019 ops/sec
ECDHE [      SECP256R1]   256 agree        1000 ops took 1.094 sec, avg 1.094 ms, 913.952 ops/sec
ECDSA [      SECP256R1]   256 sign         1300 ops took 1.081 sec, avg 0.831 ms, 1202.928 ops/sec
ECDSA [      SECP256R1]   256 verify        900 ops took 1.024 sec, avg 1.138 ms, 878.530 ops/sec
Benchmark complete
[SGXSan] ALWAYS: Enter wc_test
------------------------------------------------------------------------------
 wolfSSL version 5.1.0
------------------------------------------------------------------------------
error    test passed!
MEMORY   test passed!
base64   test passed!
asn      test passed!
RANDOM   test passed!
MD5      test passed!
MD4      test passed!
SHA      test passed!
SHA-256  test passed!
Hash     test passed!
HMAC-MD5 test passed!
HMAC-SHA test passed!
HMAC-SHA256 test passed!
GMAC     test passed!
HC-128   test passed!
Rabbit   test passed!
DES      test passed!
DES3     test passed!
AES      test passed!
AES192   test passed!
AES256   test passed!
AES-GCM  test passed!
RSA      test passed!
DH       test passed!
DSA      test passed!
PWDBASED test passed!
ECC      test passed!
ECC buffer test passed!
logging  test passed!
mutex    test passed!
memcb    test failed!
 error = -13803
[SGXSan] ALWAYS: Enter enc_wolfSSL_CTX_free
[SGXSan] ALWAYS: Enter enc_wolfTLSv1_2_server_method
[SGXSan] ALWAYS: Enter enc_wolfSSL_connect
[SGXSan] ALWAYS: Enter enc_wolfSSL_Cleanup
[SGXSan] ALWAYS: Enter enc_wolfSSL_CTX_use_PrivateKey_buffer
[SGXSan] ALWAYS: Enter enc_wolfSSL_CTX_use_certificate_chain_buffer_format
[SGXSan] ALWAYS: Enter enc_wolfSSL_free
[SGXSan] ALWAYS: Enter enc_wolfSSL_new
[SGXSan] ALWAYS: Enter enc_wolfSSL_CTX_load_verify_buffer
[SGXSan] ALWAYS: Enter enc_wolfSSL_CTX_new
[SGXSan] ALWAYS: Enter enc_wolfSSL_CTX_set_cipher_list
[SGXSan] ALWAYS: Enter enc_wolfSSL_Init
[SGXSan] ALWAYS: Enter enc_wolfTLSv1_2_client_method
[SGXSan] ALWAYS: Enter enc_wolfSSL_write
[SGXSan] ALWAYS: Enter enc_wolfSSL_Debugging_ON
[SGXSan] ALWAYS: Enter enc_wolfSSL_Init
[SGXSan] ALWAYS: Enter enc_wolfSSL_Cleanup
[SGXSan] ALWAYS: Enter enc_wolfSSL_set_fd
[SGXSan] ALWAYS: Enter enc_wolfSSL_CTX_load_verify_buffer
[SGXSan] ALWAYS: Enter enc_wolfSSL_Debugging_ON
[SGXSan] ALWAYS: Enter wc_benchmark_test
------------------------------------------------------------------------------
 wolfSSL version 5.1.0
------------------------------------------------------------------------------
wolfCrypt Benchmark (block bytes 1048576, min 1.0 sec each)
RNG                 15 MB took 1.130 seconds,   13.276 MB/s
AES-128-CBC-enc     35 MB took 1.136 seconds,   30.802 MB/s
AES-128-CBC-dec     35 MB took 1.144 seconds,   30.601 MB/s
AES-192-CBC-enc     30 MB took 1.112 seconds,   26.988 MB/s
AES-192-CBC-dec     30 MB took 1.106 seconds,   27.126 MB/s
AES-256-CBC-enc     25 MB took 1.009 seconds,   24.789 MB/s
AES-256-CBC-dec     25 MB took 1.048 seconds,   23.848 MB/s
AES-128-GCM-enc     25 MB took 1.084 seconds,   23.067 MB/s
AES-128-GCM-dec     25 MB took 1.093 seconds,   22.882 MB/s
AES-192-GCM-enc     25 MB took 1.201 seconds,   20.825 MB/s
AES-192-GCM-dec     25 MB took 1.208 seconds,   20.689 MB/s
AES-256-GCM-enc     20 MB took 1.054 seconds,   18.972 MB/s
AES-256-GCM-dec     20 MB took 1.045 seconds,   19.132 MB/s
GMAC Table 4-bit    69 MB took 1.009 seconds,   68.411 MB/s
RABBIT              95 MB took 1.035 seconds,   91.754 MB/s
3DES                10 MB took 1.081 seconds,    9.253 MB/s
MD5                300 MB took 1.002 seconds,  299.339 MB/s
SHA                130 MB took 1.013 seconds,  128.386 MB/s
SHA-256             35 MB took 1.121 seconds,   31.209 MB/s
HMAC-MD5           310 MB took 1.015 seconds,  305.278 MB/s
HMAC-SHA           130 MB took 1.006 seconds,  129.206 MB/s
HMAC-SHA256         35 MB took 1.125 seconds,   31.111 MB/s
PBKDF2               4 KB took 1.006 seconds,    3.883 KB/s
RSA     2048 public       1500 ops took 1.058 sec, avg 0.705 ms, 1418.186 ops/sec
RSA     2048 private       100 ops took 3.646 sec, avg 36.457 ms, 27.429 ops/sec
DH      2048 key gen        65 ops took 1.000 sec, avg 15.390 ms, 64.975 ops/sec
DH      2048 agree         100 ops took 1.533 sec, avg 15.332 ms, 65.223 ops/sec
ECC   [      SECP256R1]   256 key gen      1424 ops took 1.000 sec, avg 0.703 ms, 1423.479 ops/sec
ECDHE [      SECP256R1]   256 agree        1000 ops took 1.083 sec, avg 1.083 ms, 923.007 ops/sec
ECDSA [      SECP256R1]   256 sign         1300 ops took 1.077 sec, avg 0.828 ms, 1207.439 ops/sec
ECDSA [      SECP256R1]   256 verify        900 ops took 1.041 sec, avg 1.157 ms, 864.432 ops/sec
Benchmark complete
[SGXSan] ALWAYS: Enter enc_wolfSSL_new
[SGXSan] ALWAYS: Enter enc_wolfSSL_free
[SGXSan] ALWAYS: Enter enc_wolfSSL_CTX_use_certificate_buffer
[SGXSan] ALWAYS: Enter enc_wolfSSL_connect
[SGXSan] ALWAYS: Enter enc_wolfTLSv1_2_server_method
[SGXSan] ALWAYS: Enter enc_wolfSSL_CTX_use_certificate_chain_buffer_format
[SGXSan] ALWAYS: Enter enc_wolfSSL_Debugging_OFF
[SGXSan] ALWAYS: Enter wc_test
------------------------------------------------------------------------------
 wolfSSL version 5.1.0
------------------------------------------------------------------------------
error    test passed!
MEMORY   test passed!
base64   test passed!
asn      test passed!
RANDOM   test passed!
MD5      test passed!
MD4      test passed!
SHA      test passed!
SHA-256  test passed!
Hash     test passed!
HMAC-MD5 test passed!
HMAC-SHA test passed!
HMAC-SHA256 test passed!
GMAC     test passed!
HC-128   test passed!
Rabbit   test passed!
DES      test passed!
DES3     test passed!
AES      test passed!
AES192   test passed!
AES256   test passed!
AES-GCM  test passed!
RSA      test passed!
DH       test passed!
DSA      test passed!
PWDBASED test passed!
ECC      test passed!
ECC buffer test passed!
logging  test passed!
mutex    test passed!
memcb    test failed!
 error = -13803
[SGXSan] ALWAYS: Enter enc_wolfSSL_write
[SGXSan] ALWAYS: Enter enc_wolfSSL_get_error
[SGXSan] ALWAYS: Enter enc_wolfTLSv1_2_client_method
[SGXSan] ALWAYS: Enter enc_wolfSSL_CTX_set_cipher_list
[SGXSan] ALWAYS: Enter enc_wolfSSL_CTX_free
[SGXSan] ALWAYS: Enter enc_wolfSSL_CTX_use_PrivateKey_buffer
[SGXSan] ALWAYS: Enter enc_wolfSSL_read
[SGXSan] ALWAYS: Enter enc_wolfSSL_CTX_new
#7	INITED cov: 6302 ft: 6312 corp: 5/1865Kb exec/s: 0 rss: 84Mb
[SGXSan] ALWAYS: Enter enc_wolfSSL_read
[SGXSan] ALWAYS: Enter enc_wolfSSL_CTX_free
[SGXSan] ALWAYS: Enter wc_benchmark_test
------------------------------------------------------------------------------
 wolfSSL version 5.1.0
------------------------------------------------------------------------------
wolfCrypt Benchmark (block bytes 1048576, min 1.0 sec each)
RNG                 15 MB took 1.134 seconds,   13.233 MB/s
AES-128-CBC-enc     35 MB took 1.108 seconds,   31.581 MB/s
AES-128-CBC-dec     35 MB took 1.133 seconds,   30.880 MB/s
AES-192-CBC-enc     30 MB took 1.106 seconds,   27.133 MB/s
AES-192-CBC-dec     30 MB took 1.135 seconds,   26.428 MB/s
AES-256-CBC-enc     25 MB took 1.027 seconds,   24.336 MB/s
AES-256-CBC-dec     25 MB took 1.039 seconds,   24.071 MB/s
AES-128-GCM-enc     25 MB took 1.096 seconds,   22.820 MB/s
AES-128-GCM-dec     25 MB took 1.088 seconds,   22.971 MB/s
AES-192-GCM-enc     25 MB took 1.229 seconds,   20.346 MB/s
AES-192-GCM-dec     25 MB took 1.212 seconds,   20.624 MB/s
AES-256-GCM-enc     20 MB took 1.051 seconds,   19.024 MB/s
AES-256-GCM-dec     20 MB took 1.049 seconds,   19.061 MB/s
GMAC Table 4-bit    69 MB took 1.012 seconds,   68.184 MB/s
RABBIT              90 MB took 1.007 seconds,   89.362 MB/s
3DES                10 MB took 1.082 seconds,    9.244 MB/s
MD5                305 MB took 1.012 seconds,  301.283 MB/s
SHA                130 MB took 1.011 seconds,  128.617 MB/s
SHA-256             35 MB took 1.132 seconds,   30.926 MB/s
HMAC-MD5           305 MB took 1.013 seconds,  300.939 MB/s
HMAC-SHA           130 MB took 1.010 seconds,  128.752 MB/s
HMAC-SHA256         35 MB took 1.135 seconds,   30.826 MB/s
PBKDF2               4 KB took 1.003 seconds,    3.833 KB/s
RSA     2048 public       1500 ops took 1.063 sec, avg 0.708 ms, 1411.624 ops/sec
RSA     2048 private       100 ops took 3.673 sec, avg 36.726 ms, 27.229 ops/sec
DH      2048 key gen        65 ops took 1.001 sec, avg 15.394 ms, 64.960 ops/sec
DH      2048 agree         100 ops took 1.530 sec, avg 15.302 ms, 65.349 ops/sec
ECC   [      SECP256R1]   256 key gen      1420 ops took 1.000 sec, avg 0.704 ms, 1419.861 ops/sec
ECDHE [      SECP256R1]   256 agree        1000 ops took 1.081 sec, avg 1.081 ms, 924.657 ops/sec
ECDSA [      SECP256R1]   256 sign         1200 ops took 1.009 sec, avg 0.841 ms, 1188.761 ops/sec
ECDSA [      SECP256R1]   256 verify        900 ops took 1.057 sec, avg 1.174 ms, 851.427 ops/sec
Benchmark complete
[SGXSan] ALWAYS: Enter enc_wolfSSL_CTX_use_certificate_chain_buffer_format
[SGXSan] ALWAYS: Enter enc_wolfSSL_write
[SGXSan] ALWAYS: Enter enc_wolfSSL_CTX_use_certificate_buffer
[SGXSan] ALWAYS: Enter wc_test
------------------------------------------------------------------------------
 wolfSSL version 5.1.0
------------------------------------------------------------------------------
error    test passed!
MEMORY   test passed!
base64   test passed!
asn      test passed!
RANDOM   test passed!
MD5      test passed!
MD4      test passed!
SHA      test passed!
SHA-256  test passed!
Hash     test passed!
HMAC-MD5 test passed!
HMAC-SHA test passed!
HMAC-SHA256 test passed!
GMAC     test passed!
HC-128   test passed!
Rabbit   test passed!
DES      test passed!
DES3     test passed!
AES      test passed!
AES192   test passed!
AES256   test passed!
AES-GCM  test passed!
RSA      test passed!
DH       test passed!
DSA      test passed!
PWDBASED test passed!
ECC      test passed!
ECC buffer test passed!
logging  test passed!
mutex    test passed!
memcb    test failed!
 error = -13803
[SGXSan] ALWAYS: Enter enc_wolfSSL_Cleanup
[SGXSan] ALWAYS: Enter enc_wolfTLSv1_2_server_method
[SGXSan] ALWAYS: Enter enc_wolfSSL_new
[SGXSan] ALWAYS: Enter enc_wolfSSL_Init
[SGXSan] ALWAYS: Enter enc_wolfSSL_CTX_use_PrivateKey_buffer
[SGXSan] ALWAYS: Enter enc_wolfSSL_get_error
[SGXSan] ALWAYS: Enter enc_wolfTLSv1_2_client_method
[SGXSan] ALWAYS: Enter enc_wolfSSL_connect
[SGXSan] ALWAYS: Enter enc_wolfSSL_CTX_load_verify_buffer
[SGXSan] ALWAYS: Enter enc_wolfSSL_Debugging_ON
[SGXSan] ALWAYS: Enter enc_wolfSSL_Debugging_OFF
[SGXSan] ALWAYS: Enter enc_wolfSSL_CTX_set_cipher_list
[SGXSan] ALWAYS: Enter enc_wolfSSL_set_fd
[SGXSan] ALWAYS: Enter enc_wolfSSL_free
[SGXSan] ALWAYS: Enter enc_wolfSSL_CTX_new
#8	pulse  cov: 6302 ft: 6317 corp: 5/1865Kb lim: 1000000 exec/s: 0 rss: 89Mb
#8	NEW    cov: 6302 ft: 6317 corp: 6/2246Kb lim: 1000000 exec/s: 0 rss: 90Mb L: 390122/390122 MS: 2 EraseBytes-Custom-
#8	DONE   cov: 6302 ft: 6317 corp: 6/2246Kb lim: 1000000 exec/s: 0 rss: 90Mb
Done 8 runs in 342 second(s)
stat::number_of_executed_units: 8
stat::average_exec_per_sec:     0
stat::new_units_added:          1
stat::slowest_unit_time_sec:    42
stat::peak_rss_mb:              90
