WARNING: Failed to find function "__sanitizer_acquire_crash_state".
WARNING: Failed to find function "__sanitizer_print_stack_trace".
WARNING: Failed to find function "__sanitizer_set_death_callback".
[CEnclavePool /home/leone/Documents/linux-sgx/psw/urts/enclave.cpp:638] enter CEnclavePool constructor
[2023-01-16 00:12:56.483] [Init] Num of ECall: 22
[2023-01-16 00:12:56.483] ECalls:
  0 - fuzz_enc_wolfSSL_CTX_free
  1 - fuzz_enc_wolfSSL_CTX_load_verify_buffer
  2 - fuzz_enc_wolfSSL_CTX_new
  3 - fuzz_enc_wolfSSL_CTX_set_cipher_list
  4 - fuzz_enc_wolfSSL_CTX_use_PrivateKey_buffer
  5 - fuzz_enc_wolfSSL_CTX_use_certificate_buffer
  6 - fuzz_enc_wolfSSL_CTX_use_certificate_chain_buffer_format
  7 - fuzz_enc_wolfSSL_Cleanup
  8 - fuzz_enc_wolfSSL_Debugging_OFF
  9 - fuzz_enc_wolfSSL_Debugging_ON
  10 - fuzz_enc_wolfSSL_Init
  11 - fuzz_enc_wolfSSL_connect
  12 - fuzz_enc_wolfSSL_free
  13 - fuzz_enc_wolfSSL_get_error
  14 - fuzz_enc_wolfSSL_new
  15 - fuzz_enc_wolfSSL_read
  16 - fuzz_enc_wolfSSL_set_fd
  17 - fuzz_enc_wolfSSL_write
  18 - fuzz_enc_wolfTLSv1_2_client_method
  19 - fuzz_enc_wolfTLSv1_2_server_method
  20 - fuzz_wc_benchmark_test
  21 - fuzz_wc_test

INFO: found LLVMFuzzerCustomMutator (0x44ac30). Disabling -len_control by default.
INFO: libFuzzer ignores flags that start with '--'
INFO: Running with entropic power schedule (0xFF, 100).
INFO: Seed: 2612329324
INFO: Loaded 1 modules   (291 inline 8-bit counters): 291 [0x4cb7e8, 0x4cb90b), 
INFO: Loaded 1 PC tables (291 PCs): 291 [0x4cb910,0x4ccb40), 
INFO:        0 files found in /tmp/libFuzzerTemp.FuzzWithFork422940.dir/C336
[SGXSan] ALWAYS: Hook __sanitizer_cov_8bit_counters_init of Enclave, 21636 inline 8-bit counts [0x7efc6ba029c0, 0x7efc6ba07e44) (First time)
[SGXSan] ALWAYS: Hook __sanitizer_cov_pcs_init of Enclave, 21636 PCs [0x7efc6ba07e48, 0x7efc6ba5c688) (First time)
[SGXSan] ALWAYS: Enter enc_wolfSSL_CTX_free
[SGXSan] ALWAYS: Enter enc_wolfSSL_CTX_load_verify_buffer
[SGXSan] ALWAYS: Enter enc_wolfSSL_CTX_new
[SGXSan] ALWAYS: Enter enc_wolfSSL_CTX_set_cipher_list
[SGXSan] ALWAYS: Enter enc_wolfSSL_CTX_use_PrivateKey_buffer
[SGXSan] ALWAYS: Enter enc_wolfSSL_CTX_use_certificate_buffer
[SGXSan] ALWAYS: Enter enc_wolfSSL_CTX_use_certificate_chain_buffer_format
[SGXSan] ALWAYS: Enter enc_wolfSSL_Cleanup
[SGXSan] ALWAYS: Enter enc_wolfSSL_Debugging_OFF
[SGXSan] ALWAYS: Enter enc_wolfSSL_Debugging_ON
[SGXSan] ALWAYS: Enter enc_wolfSSL_Init
[SGXSan] ALWAYS: Enter enc_wolfSSL_connect
[SGXSan] ALWAYS: Enter enc_wolfSSL_free
[SGXSan] ALWAYS: Enter enc_wolfSSL_get_error
[SGXSan] ALWAYS: Enter enc_wolfSSL_new
[SGXSan] ALWAYS: Enter enc_wolfSSL_read
[SGXSan] ALWAYS: Enter enc_wolfSSL_set_fd
[SGXSan] ALWAYS: Enter enc_wolfSSL_write
[SGXSan] ALWAYS: Enter enc_wolfTLSv1_2_client_method
[SGXSan] ALWAYS: Enter enc_wolfTLSv1_2_server_method
[SGXSan] ALWAYS: Enter wc_benchmark_test
------------------------------------------------------------------------------
 wolfSSL version 5.1.0
------------------------------------------------------------------------------
wolfCrypt Benchmark (block bytes 1048576, min 1.0 sec each)
RNG                 15 MB took 1.135 seconds,   13.215 MB/s
AES-128-CBC-enc     35 MB took 1.069 seconds,   32.754 MB/s
AES-128-CBC-dec     35 MB took 1.146 seconds,   30.528 MB/s
AES-192-CBC-enc     30 MB took 1.068 seconds,   28.086 MB/s
AES-192-CBC-dec     30 MB took 1.135 seconds,   26.440 MB/s
AES-256-CBC-enc     30 MB took 1.192 seconds,   25.161 MB/s
AES-256-CBC-dec     25 MB took 1.040 seconds,   24.036 MB/s
AES-128-GCM-enc     25 MB took 1.046 seconds,   23.897 MB/s
AES-128-GCM-dec     25 MB took 1.047 seconds,   23.872 MB/s
AES-192-GCM-enc     25 MB took 1.190 seconds,   21.000 MB/s
AES-192-GCM-dec     25 MB took 1.176 seconds,   21.254 MB/s
AES-256-GCM-enc     20 MB took 1.017 seconds,   19.669 MB/s
AES-256-GCM-dec     20 MB took 1.016 seconds,   19.686 MB/s
GMAC Table 4-bit    68 MB took 1.001 seconds,   67.923 MB/s
RABBIT              90 MB took 1.013 seconds,   88.829 MB/s
3DES                10 MB took 1.088 seconds,    9.189 MB/s
MD5                305 MB took 1.009 seconds,  302.179 MB/s
SHA                130 MB took 1.012 seconds,  128.403 MB/s
SHA-256             35 MB took 1.132 seconds,   30.916 MB/s
HMAC-MD5           300 MB took 1.000 seconds,  299.880 MB/s
HMAC-SHA           130 MB took 1.019 seconds,  127.572 MB/s
HMAC-SHA256         35 MB took 1.140 seconds,   30.702 MB/s
PBKDF2               4 KB took 1.000 seconds,    3.781 KB/s
RSA     2048 public       1500 ops took 1.071 sec, avg 0.714 ms, 1400.380 ops/sec
RSA     2048 private       100 ops took 3.703 sec, avg 37.035 ms, 27.002 ops/sec
DH      2048 key gen        66 ops took 1.010 sec, avg 15.308 ms, 65.323 ops/sec
DH      2048 agree         100 ops took 1.538 sec, avg 15.377 ms, 65.034 ops/sec
ECC   [      SECP256R1]   256 key gen      1380 ops took 1.000 sec, avg 0.725 ms, 1379.728 ops/sec
ECDHE [      SECP256R1]   256 agree        1000 ops took 1.087 sec, avg 1.087 ms, 919.935 ops/sec
ECDSA [      SECP256R1]   256 sign         1200 ops took 1.009 sec, avg 0.841 ms, 1189.583 ops/sec
ECDSA [      SECP256R1]   256 verify        900 ops took 1.031 sec, avg 1.145 ms, 873.356 ops/sec
Benchmark complete
[SGXSan] ALWAYS: Enter wc_test
INFO: seed corpus: files: 6 min: 370191b max: 390122b total: 2300870b rss: 43Mb
------------------------------------------------------------------------------
 wolfSSL version 5.1.0
------------------------------------------------------------------------------
error    test passed!
MEMORY   test passed!
base64   test passed!
asn      test passed!
RANDOM   test passed!
MD5      test passed!
MD4      test passed!
SHA      test passed!
SHA-256  test passed!
Hash     test passed!
HMAC-MD5 test passed!
HMAC-SHA test passed!
HMAC-SHA256 test passed!
GMAC     test passed!
HC-128   test passed!
Rabbit   test passed!
DES      test passed!
DES3     test passed!
AES      test passed!
AES192   test passed!
AES256   test passed!
AES-GCM  test passed!
RSA      test passed!
DH       test passed!
DSA      test passed!
PWDBASED test passed!
ECC      test passed!
ECC buffer test passed!
logging  test passed!
mutex    test passed!
memcb    test passed!
Test complete
[SGXSan] ALWAYS: Enter enc_wolfSSL_new
[SGXSan] ALWAYS: Enter wc_test
------------------------------------------------------------------------------
 wolfSSL version 5.1.0
------------------------------------------------------------------------------
error    test passed!
MEMORY   test passed!
base64   test passed!
asn      test passed!
RANDOM   test passed!
MD5      test passed!
MD4      test passed!
SHA      test passed!
SHA-256  test passed!
Hash     test passed!
HMAC-MD5 test passed!
HMAC-SHA test passed!
HMAC-SHA256 test passed!
GMAC     test passed!
HC-128   test passed!
Rabbit   test passed!
DES      test passed!
DES3     test passed!
AES      test passed!
AES192   test passed!
AES256   test passed!
AES-GCM  test passed!
RSA      test passed!
DH       test passed!
DSA      test passed!
PWDBASED test passed!
ECC      test passed!
ECC buffer test passed!
logging  test passed!
mutex    test passed!
memcb    test failed!
 error = -13803
[SGXSan] ALWAYS: Enter enc_wolfSSL_CTX_use_certificate_chain_buffer_format
[SGXSan] ALWAYS: Enter enc_wolfSSL_write
[SGXSan] ALWAYS: Enter enc_wolfSSL_get_error
[SGXSan] ALWAYS: Enter enc_wolfSSL_CTX_load_verify_buffer
[SGXSan] ALWAYS: Enter enc_wolfSSL_CTX_use_PrivateKey_buffer
[SGXSan] ALWAYS: Enter enc_wolfSSL_CTX_use_certificate_buffer
[SGXSan] ALWAYS: Enter enc_wolfTLSv1_2_server_method
[SGXSan] ALWAYS: Enter enc_wolfSSL_Debugging_ON
[SGXSan] ALWAYS: Enter enc_wolfSSL_CTX_new
[SGXSan] ALWAYS: Enter enc_wolfSSL_Cleanup
[SGXSan] ALWAYS: Enter enc_wolfSSL_connect
[SGXSan] ALWAYS: Enter wc_benchmark_test
------------------------------------------------------------------------------
 wolfSSL version 5.1.0
------------------------------------------------------------------------------
wolfCrypt Benchmark (block bytes 1048576, min 1.0 sec each)
RNG                 15 MB took 1.131 seconds,   13.259 MB/s
AES-128-CBC-enc     35 MB took 1.058 seconds,   33.081 MB/s
AES-128-CBC-dec     35 MB took 1.155 seconds,   30.298 MB/s
AES-192-CBC-enc     30 MB took 1.054 seconds,   28.465 MB/s
AES-192-CBC-dec     30 MB took 1.123 seconds,   26.718 MB/s
AES-256-CBC-enc     30 MB took 1.165 seconds,   25.753 MB/s
AES-256-CBC-dec     25 MB took 1.036 seconds,   24.125 MB/s
AES-128-GCM-enc     25 MB took 1.059 seconds,   23.612 MB/s
AES-128-GCM-dec     25 MB took 1.052 seconds,   23.762 MB/s
AES-192-GCM-enc     25 MB took 1.165 seconds,   21.457 MB/s
AES-192-GCM-dec     25 MB took 1.165 seconds,   21.468 MB/s
AES-256-GCM-enc     20 MB took 1.031 seconds,   19.392 MB/s
AES-256-GCM-dec     20 MB took 1.013 seconds,   19.737 MB/s
GMAC Table 4-bit    69 MB took 1.010 seconds,   68.287 MB/s
RABBIT              95 MB took 1.039 seconds,   91.454 MB/s
3DES                10 MB took 1.076 seconds,    9.293 MB/s
MD5                305 MB took 1.004 seconds,  303.798 MB/s
SHA                130 MB took 1.022 seconds,  127.145 MB/s
SHA-256             35 MB took 1.131 seconds,   30.936 MB/s
HMAC-MD5           305 MB took 1.004 seconds,  303.765 MB/s
HMAC-SHA           130 MB took 1.006 seconds,  129.227 MB/s
HMAC-SHA256         35 MB took 1.121 seconds,   31.213 MB/s
PBKDF2               4 KB took 1.006 seconds,    3.820 KB/s
RSA     2048 public       1400 ops took 1.011 sec, avg 0.722 ms, 1385.112 ops/sec
RSA     2048 private       100 ops took 3.688 sec, avg 36.876 ms, 27.118 ops/sec
DH      2048 key gen        66 ops took 1.012 sec, avg 15.336 ms, 65.208 ops/sec
DH      2048 agree         100 ops took 1.531 sec, avg 15.312 ms, 65.308 ops/sec
ECC   [      SECP256R1]   256 key gen      1426 ops took 1.000 sec, avg 0.701 ms, 1425.971 ops/sec
ECDHE [      SECP256R1]   256 agree        1000 ops took 1.102 sec, avg 1.102 ms, 907.099 ops/sec
ECDSA [      SECP256R1]   256 sign         1300 ops took 1.082 sec, avg 0.832 ms, 1201.493 ops/sec
ECDSA [      SECP256R1]   256 verify        900 ops took 1.038 sec, avg 1.153 ms, 867.168 ops/sec
Benchmark complete
[SGXSan] ALWAYS: Enter enc_wolfSSL_free
[SGXSan] ALWAYS: Enter enc_wolfSSL_set_fd
[SGXSan] ALWAYS: Enter enc_wolfTLSv1_2_client_method
[SGXSan] ALWAYS: Enter enc_wolfSSL_Init
[SGXSan] ALWAYS: Enter enc_wolfSSL_CTX_set_cipher_list
[SGXSan] ALWAYS: Enter enc_wolfSSL_Debugging_OFF
[SGXSan] ALWAYS: Enter enc_wolfSSL_read
[SGXSan] ALWAYS: Enter enc_wolfSSL_CTX_free
#2	pulse  ft: 6294 exec/s: 0 rss: 49Mb
Slowest unit: 42 s:
artifact_prefix='./crashes/'; Test unit written to ./crashes/slow-unit-ddd80d5e9861e976679df15b45e797151fd301fa
[SGXSan] ALWAYS: Enter enc_wolfSSL_connect
[SGXSan] ALWAYS: Enter enc_wolfSSL_new
[SGXSan] ALWAYS: Enter enc_wolfSSL_CTX_new
[SGXSan] ALWAYS: Enter enc_wolfSSL_CTX_free
[SGXSan] ALWAYS: Enter enc_wolfSSL_write
[SGXSan] ALWAYS: Enter enc_wolfSSL_CTX_load_verify_buffer
[SGXSan] ALWAYS: Enter enc_wolfSSL_CTX_use_PrivateKey_buffer
[SGXSan] ALWAYS: Enter enc_wolfTLSv1_2_client_method
[SGXSan] ALWAYS: Enter wc_benchmark_test
------------------------------------------------------------------------------
 wolfSSL version 5.1.0
------------------------------------------------------------------------------
wolfCrypt Benchmark (block bytes 1048576, min 1.0 sec each)
RNG                 15 MB took 1.137 seconds,   13.197 MB/s
AES-128-CBC-enc     35 MB took 1.064 seconds,   32.885 MB/s
AES-128-CBC-dec     35 MB took 1.148 seconds,   30.494 MB/s
AES-192-CBC-enc     30 MB took 1.054 seconds,   28.460 MB/s
AES-192-CBC-dec     30 MB took 1.125 seconds,   26.671 MB/s
AES-256-CBC-enc     30 MB took 1.165 seconds,   25.758 MB/s
AES-256-CBC-dec     25 MB took 1.040 seconds,   24.035 MB/s
AES-128-GCM-enc     25 MB took 1.047 seconds,   23.887 MB/s
AES-128-GCM-dec     25 MB took 1.050 seconds,   23.811 MB/s
AES-192-GCM-enc     25 MB took 1.169 seconds,   21.380 MB/s
AES-192-GCM-dec     25 MB took 1.161 seconds,   21.532 MB/s
AES-256-GCM-enc     20 MB took 1.012 seconds,   19.757 MB/s
AES-256-GCM-dec     20 MB took 1.014 seconds,   19.727 MB/s
GMAC Table 4-bit    68 MB took 1.002 seconds,   67.880 MB/s
RABBIT              95 MB took 1.044 seconds,   90.972 MB/s
3DES                10 MB took 1.081 seconds,    9.247 MB/s
MD5                305 MB took 1.001 seconds,  304.573 MB/s
SHA                130 MB took 1.018 seconds,  127.689 MB/s
SHA-256             35 MB took 1.131 seconds,   30.954 MB/s
HMAC-MD5           305 MB took 1.009 seconds,  302.185 MB/s
HMAC-SHA           130 MB took 1.010 seconds,  128.708 MB/s
HMAC-SHA256         35 MB took 1.134 seconds,   30.864 MB/s
PBKDF2               4 KB took 1.001 seconds,    3.715 KB/s
RSA     2048 public       1400 ops took 1.011 sec, avg 0.722 ms, 1385.264 ops/sec
RSA     2048 private       100 ops took 3.700 sec, avg 36.996 ms, 27.030 ops/sec
DH      2048 key gen        66 ops took 1.013 sec, avg 15.355 ms, 65.125 ops/sec
DH      2048 agree         100 ops took 1.536 sec, avg 15.361 ms, 65.101 ops/sec
ECC   [      SECP256R1]   256 key gen      1427 ops took 1.000 sec, avg 0.701 ms, 1426.325 ops/sec
ECDHE [      SECP256R1]   256 agree        1000 ops took 1.075 sec, avg 1.075 ms, 930.146 ops/sec
ECDSA [      SECP256R1]   256 sign         1200 ops took 1.005 sec, avg 0.838 ms, 1193.494 ops/sec
ECDSA [      SECP256R1]   256 verify        900 ops took 1.027 sec, avg 1.141 ms, 876.475 ops/sec
Benchmark complete
[SGXSan] ALWAYS: Enter enc_wolfSSL_CTX_set_cipher_list
[SGXSan] ALWAYS: Enter enc_wolfSSL_get_error
[SGXSan] ALWAYS: Enter enc_wolfSSL_Init
[SGXSan] ALWAYS: Enter enc_wolfSSL_free
[SGXSan] ALWAYS: Enter wc_test
------------------------------------------------------------------------------
 wolfSSL version 5.1.0
------------------------------------------------------------------------------
error    test passed!
MEMORY   test passed!
base64   test passed!
asn      test passed!
RANDOM   test passed!
MD5      test passed!
MD4      test passed!
SHA      test passed!
SHA-256  test passed!
Hash     test passed!
HMAC-MD5 test passed!
HMAC-SHA test passed!
HMAC-SHA256 test passed!
GMAC     test passed!
HC-128   test passed!
Rabbit   test passed!
DES      test passed!
DES3     test passed!
AES      test passed!
AES192   test passed!
AES256   test passed!
AES-GCM  test passed!
RSA      test passed!
DH       test passed!
DSA      test passed!
PWDBASED test passed!
ECC      test passed!
ECC buffer test passed!
logging  test passed!
mutex    test passed!
memcb    test failed!
 error = -13803
[SGXSan] ALWAYS: Enter enc_wolfSSL_Debugging_ON
[SGXSan] ALWAYS: Enter enc_wolfSSL_read
[SGXSan] ALWAYS: Enter enc_wolfSSL_Debugging_OFF
[SGXSan] ALWAYS: Enter enc_wolfTLSv1_2_server_method
[SGXSan] ALWAYS: Enter enc_wolfSSL_set_fd
[SGXSan] ALWAYS: Enter enc_wolfSSL_CTX_use_certificate_buffer
[SGXSan] ALWAYS: Enter enc_wolfSSL_CTX_use_certificate_chain_buffer_format
[SGXSan] ALWAYS: Enter enc_wolfSSL_Cleanup
[SGXSan] ALWAYS: Enter enc_wolfSSL_Init
[SGXSan] ALWAYS: Enter enc_wolfSSL_new
[SGXSan] ALWAYS: Enter enc_wolfSSL_free
[SGXSan] ALWAYS: Enter enc_wolfTLSv1_2_server_method
[SGXSan] ALWAYS: Enter enc_wolfSSL_Cleanup
[SGXSan] ALWAYS: Enter enc_wolfSSL_read
[SGXSan] ALWAYS: Enter enc_wolfSSL_CTX_free
[SGXSan] ALWAYS: Enter wc_benchmark_test
------------------------------------------------------------------------------
 wolfSSL version 5.1.0
------------------------------------------------------------------------------
wolfCrypt Benchmark (block bytes 1048576, min 1.0 sec each)
RNG                 15 MB took 1.130 seconds,   13.276 MB/s
AES-128-CBC-enc     35 MB took 1.049 seconds,   33.351 MB/s
AES-128-CBC-dec     35 MB took 1.143 seconds,   30.611 MB/s
AES-192-CBC-enc     30 MB took 1.055 seconds,   28.439 MB/s
AES-192-CBC-dec     30 MB took 1.137 seconds,   26.396 MB/s
AES-256-CBC-enc     30 MB took 1.175 seconds,   25.522 MB/s
AES-256-CBC-dec     25 MB took 1.037 seconds,   24.112 MB/s
AES-128-GCM-enc     25 MB took 1.046 seconds,   23.902 MB/s
AES-128-GCM-dec     25 MB took 1.050 seconds,   23.805 MB/s
AES-192-GCM-enc     25 MB took 1.164 seconds,   21.482 MB/s
AES-192-GCM-dec     25 MB took 1.170 seconds,   21.370 MB/s
AES-256-GCM-enc     20 MB took 1.008 seconds,   19.833 MB/s
AES-256-GCM-dec     20 MB took 1.017 seconds,   19.666 MB/s
GMAC Table 4-bit    69 MB took 1.014 seconds,   68.050 MB/s
RABBIT              95 MB took 1.046 seconds,   90.841 MB/s
3DES                10 MB took 1.180 seconds,    8.473 MB/s
MD5                305 MB took 1.003 seconds,  304.058 MB/s
SHA                130 MB took 1.016 seconds,  127.999 MB/s
SHA-256             35 MB took 1.129 seconds,   30.989 MB/s
HMAC-MD5           305 MB took 1.007 seconds,  302.875 MB/s
HMAC-SHA           130 MB took 1.027 seconds,  126.551 MB/s
HMAC-SHA256         35 MB took 1.131 seconds,   30.959 MB/s
PBKDF2               4 KB took 1.003 seconds,    3.770 KB/s
RSA     2048 public       1400 ops took 1.003 sec, avg 0.716 ms, 1396.035 ops/sec
RSA     2048 private       100 ops took 3.706 sec, avg 37.063 ms, 26.981 ops/sec
DH      2048 key gen        66 ops took 1.014 sec, avg 15.367 ms, 65.076 ops/sec
DH      2048 agree         100 ops took 1.534 sec, avg 15.339 ms, 65.194 ops/sec
ECC   [      SECP256R1]   256 key gen      1387 ops took 1.000 sec, avg 0.721 ms, 1386.604 ops/sec
ECDHE [      SECP256R1]   256 agree        1000 ops took 1.090 sec, avg 1.090 ms, 917.502 ops/sec
ECDSA [      SECP256R1]   256 sign         1200 ops took 1.004 sec, avg 0.837 ms, 1195.430 ops/sec
ECDSA [      SECP256R1]   256 verify        900 ops took 1.029 sec, avg 1.143 ms, 874.688 ops/sec
Benchmark complete
[SGXSan] ALWAYS: Enter enc_wolfSSL_get_error
[SGXSan] ALWAYS: Enter enc_wolfSSL_CTX_use_PrivateKey_buffer
[SGXSan] ALWAYS: Enter wc_test
------------------------------------------------------------------------------
 wolfSSL version 5.1.0
------------------------------------------------------------------------------
error    test passed!
MEMORY   test passed!
base64   test passed!
asn      test passed!
RANDOM   test passed!
MD5      test passed!
MD4      test passed!
SHA      test passed!
SHA-256  test passed!
Hash     test passed!
HMAC-MD5 test passed!
HMAC-SHA test passed!
HMAC-SHA256 test passed!
GMAC     test passed!
HC-128   test passed!
Rabbit   test passed!
DES      test passed!
DES3     test passed!
AES      test passed!
AES192   test passed!
AES256   test passed!
AES-GCM  test passed!
RSA      test passed!
DH       test passed!
DSA      test passed!
PWDBASED test passed!
ECC      test passed!
ECC buffer test passed!
logging  test passed!
mutex    test passed!
memcb    test failed!
 error = -13803
[SGXSan] ALWAYS: Enter enc_wolfSSL_Debugging_ON
[SGXSan] ALWAYS: Enter enc_wolfTLSv1_2_client_method
[SGXSan] ALWAYS: Enter enc_wolfSSL_CTX_set_cipher_list
[SGXSan] ALWAYS: Enter enc_wolfSSL_connect
[SGXSan] ALWAYS: Enter enc_wolfSSL_CTX_new
[SGXSan] ALWAYS: Enter enc_wolfSSL_write
[SGXSan] ALWAYS: Enter enc_wolfSSL_CTX_use_certificate_chain_buffer_format
[SGXSan] ALWAYS: Enter enc_wolfSSL_set_fd
[SGXSan] ALWAYS: Enter enc_wolfSSL_Debugging_OFF
[SGXSan] ALWAYS: Enter enc_wolfSSL_CTX_load_verify_buffer
[SGXSan] ALWAYS: Enter enc_wolfSSL_CTX_use_certificate_buffer
#4	pulse  cov: 6295 ft: 6300 corp: 2/723Kb exec/s: 0 rss: 64Mb
[SGXSan] ALWAYS: Enter enc_wolfSSL_get_error
[SGXSan] ALWAYS: Enter enc_wolfSSL_Init
[SGXSan] ALWAYS: Enter enc_wolfTLSv1_2_client_method
[SGXSan] ALWAYS: Enter enc_wolfSSL_CTX_use_PrivateKey_buffer
[SGXSan] ALWAYS: Enter enc_wolfSSL_Cleanup
[SGXSan] ALWAYS: Enter enc_wolfSSL_Debugging_OFF
[SGXSan] ALWAYS: Enter enc_wolfSSL_read
[SGXSan] ALWAYS: Enter enc_wolfSSL_free
[SGXSan] ALWAYS: Enter wc_test
------------------------------------------------------------------------------
 wolfSSL version 5.1.0
------------------------------------------------------------------------------
error    test passed!
MEMORY   test passed!
base64   test passed!
asn      test passed!
RANDOM   test passed!
MD5      test passed!
MD4      test passed!
SHA      test passed!
SHA-256  test passed!
Hash     test passed!
HMAC-MD5 test passed!
HMAC-SHA test passed!
HMAC-SHA256 test passed!
GMAC     test passed!
HC-128   test passed!
Rabbit   test passed!
DES      test passed!
DES3     test passed!
AES      test passed!
AES192   test passed!
AES256   test passed!
AES-GCM  test passed!
RSA      test passed!
DH       test passed!
DSA      test passed!
PWDBASED test passed!
ECC      test passed!
ECC buffer test passed!
logging  test passed!
mutex    test passed!
memcb    test failed!
 error = -13803
[SGXSan] ALWAYS: Enter enc_wolfSSL_new
[SGXSan] ALWAYS: Enter enc_wolfSSL_CTX_free
[SGXSan] ALWAYS: Enter enc_wolfSSL_CTX_new
[SGXSan] ALWAYS: Enter enc_wolfSSL_set_fd
[SGXSan] ALWAYS: Enter enc_wolfSSL_CTX_load_verify_buffer
[SGXSan] ALWAYS: Enter enc_wolfSSL_write
[SGXSan] ALWAYS: Enter enc_wolfSSL_Debugging_ON
[SGXSan] ALWAYS: Enter wc_benchmark_test
------------------------------------------------------------------------------
 wolfSSL version 5.1.0
------------------------------------------------------------------------------
wolfCrypt Benchmark (block bytes 1048576, min 1.0 sec each)
RNG                 15 MB took 1.149 seconds,   13.050 MB/s
AES-128-CBC-enc     35 MB took 1.057 seconds,   33.120 MB/s
AES-128-CBC-dec     35 MB took 1.147 seconds,   30.501 MB/s
AES-192-CBC-enc     30 MB took 1.051 seconds,   28.542 MB/s
AES-192-CBC-dec     30 MB took 1.126 seconds,   26.638 MB/s
AES-256-CBC-enc     30 MB took 1.187 seconds,   25.281 MB/s
AES-256-CBC-dec     25 MB took 1.044 seconds,   23.944 MB/s
AES-128-GCM-enc     25 MB took 1.050 seconds,   23.817 MB/s
AES-128-GCM-dec     25 MB took 1.046 seconds,   23.890 MB/s
AES-192-GCM-enc     25 MB took 1.173 seconds,   21.308 MB/s
AES-192-GCM-dec     25 MB took 1.177 seconds,   21.238 MB/s
AES-256-GCM-enc     20 MB took 1.025 seconds,   19.513 MB/s
AES-256-GCM-dec     20 MB took 1.018 seconds,   19.647 MB/s
GMAC Table 4-bit    69 MB took 1.009 seconds,   68.415 MB/s
RABBIT              95 MB took 1.043 seconds,   91.104 MB/s
3DES                10 MB took 1.083 seconds,    9.233 MB/s
MD5                300 MB took 1.001 seconds,  299.777 MB/s
SHA                130 MB took 1.022 seconds,  127.196 MB/s
SHA-256             35 MB took 1.140 seconds,   30.699 MB/s
HMAC-MD5           305 MB took 1.014 seconds,  300.672 MB/s
HMAC-SHA           125 MB took 1.009 seconds,  123.942 MB/s
HMAC-SHA256         35 MB took 1.152 seconds,   30.395 MB/s
PBKDF2               4 KB took 1.004 seconds,    3.734 KB/s
RSA     2048 public       1400 ops took 1.016 sec, avg 0.726 ms, 1377.362 ops/sec
RSA     2048 private       100 ops took 3.729 sec, avg 37.290 ms, 26.817 ops/sec
DH      2048 key gen        65 ops took 1.004 sec, avg 15.446 ms, 64.740 ops/sec
DH      2048 agree         100 ops took 1.552 sec, avg 15.522 ms, 64.423 ops/sec
ECC   [      SECP256R1]   256 key gen      1402 ops took 1.001 sec, avg 0.714 ms, 1401.001 ops/sec
ECDHE [      SECP256R1]   256 agree        1000 ops took 1.105 sec, avg 1.105 ms, 904.950 ops/sec
ECDSA [      SECP256R1]   256 sign         1200 ops took 1.015 sec, avg 0.845 ms, 1182.750 ops/sec
ECDSA [      SECP256R1]   256 verify        900 ops took 1.051 sec, avg 1.168 ms, 855.986 ops/sec
Benchmark complete
[SGXSan] ALWAYS: Enter enc_wolfSSL_connect
[SGXSan] ALWAYS: Enter enc_wolfSSL_CTX_use_certificate_chain_buffer_format
[SGXSan] ALWAYS: Enter enc_wolfSSL_CTX_set_cipher_list
[SGXSan] ALWAYS: Enter enc_wolfSSL_CTX_use_certificate_buffer
[SGXSan] ALWAYS: Enter enc_wolfTLSv1_2_server_method
[SGXSan] ALWAYS: Enter enc_wolfSSL_Init
[SGXSan] ALWAYS: Enter enc_wolfSSL_new
[SGXSan] ALWAYS: Enter enc_wolfSSL_free
[SGXSan] ALWAYS: Enter enc_wolfTLSv1_2_server_method
[SGXSan] ALWAYS: Enter enc_wolfSSL_Cleanup
[SGXSan] ALWAYS: Enter enc_wolfSSL_read
[SGXSan] ALWAYS: Enter enc_wolfSSL_CTX_free
[SGXSan] ALWAYS: Enter wc_benchmark_test
------------------------------------------------------------------------------
 wolfSSL version 5.1.0
------------------------------------------------------------------------------
wolfCrypt Benchmark (block bytes 1048576, min 1.0 sec each)
RNG                 15 MB took 1.142 seconds,   13.137 MB/s
AES-128-CBC-enc     35 MB took 1.059 seconds,   33.038 MB/s
AES-128-CBC-dec     35 MB took 1.146 seconds,   30.541 MB/s
AES-192-CBC-enc     30 MB took 1.066 seconds,   28.147 MB/s
AES-192-CBC-dec     30 MB took 1.132 seconds,   26.500 MB/s
AES-256-CBC-enc     30 MB took 1.171 seconds,   25.609 MB/s
AES-256-CBC-dec     25 MB took 1.043 seconds,   23.963 MB/s
AES-128-GCM-enc     25 MB took 1.051 seconds,   23.780 MB/s
AES-128-GCM-dec     25 MB took 1.045 seconds,   23.934 MB/s
AES-192-GCM-enc     25 MB took 1.172 seconds,   21.339 MB/s
AES-192-GCM-dec     25 MB took 1.209 seconds,   20.684 MB/s
AES-256-GCM-enc     20 MB took 1.011 seconds,   19.781 MB/s
AES-256-GCM-dec     20 MB took 1.026 seconds,   19.498 MB/s
GMAC Table 4-bit    69 MB took 1.012 seconds,   68.172 MB/s
RABBIT              95 MB took 1.050 seconds,   90.454 MB/s
3DES                10 MB took 1.075 seconds,    9.302 MB/s
MD5                305 MB took 1.002 seconds,  304.349 MB/s
SHA                130 MB took 1.005 seconds,  129.330 MB/s
SHA-256             35 MB took 1.147 seconds,   30.522 MB/s
HMAC-MD5           305 MB took 1.005 seconds,  303.390 MB/s
HMAC-SHA           130 MB took 1.014 seconds,  128.218 MB/s
HMAC-SHA256         35 MB took 1.131 seconds,   30.949 MB/s
PBKDF2               4 KB took 1.008 seconds,    3.784 KB/s
RSA     2048 public       1400 ops took 1.031 sec, avg 0.736 ms, 1358.473 ops/sec
RSA     2048 private       100 ops took 3.667 sec, avg 36.672 ms, 27.269 ops/sec
DH      2048 key gen        66 ops took 1.005 sec, avg 15.225 ms, 65.680 ops/sec
DH      2048 agree         100 ops took 1.516 sec, avg 15.164 ms, 65.947 ops/sec
ECC   [      SECP256R1]   256 key gen      1421 ops took 1.000 sec, avg 0.704 ms, 1420.714 ops/sec
ECDHE [      SECP256R1]   256 agree        1000 ops took 1.091 sec, avg 1.091 ms, 916.323 ops/sec
ECDSA [      SECP256R1]   256 sign         1200 ops took 1.002 sec, avg 0.835 ms, 1197.317 ops/sec
ECDSA [      SECP256R1]   256 verify        900 ops took 1.042 sec, avg 1.158 ms, 863.835 ops/sec
Benchmark complete
[SGXSan] ALWAYS: Enter enc_wolfSSL_get_error
[SGXSan] ALWAYS: Enter enc_wolfSSL_CTX_use_PrivateKey_buffer
[SGXSan] ALWAYS: Enter wc_test
------------------------------------------------------------------------------
 wolfSSL version 5.1.0
------------------------------------------------------------------------------
error    test passed!
MEMORY   test passed!
base64   test passed!
asn      test passed!
RANDOM   test passed!
MD5      test passed!
MD4      test passed!
SHA      test passed!
SHA-256  test passed!
Hash     test passed!
HMAC-MD5 test passed!
HMAC-SHA test passed!
HMAC-SHA256 test passed!
GMAC     test passed!
HC-128   test passed!
Rabbit   test passed!
DES      test passed!
DES3     test passed!
AES      test passed!
AES192   test passed!
AES256   test passed!
AES-GCM  test passed!
RSA      test passed!
DH       test passed!
DSA      test passed!
PWDBASED test passed!
ECC      test passed!
ECC buffer test passed!
logging  test passed!
mutex    test passed!
memcb    test failed!
 error = -13803
[SGXSan] ALWAYS: Enter enc_wolfSSL_Debugging_ON
[SGXSan] ALWAYS: Enter enc_wolfTLSv1_2_client_method
[SGXSan] ALWAYS: Enter enc_wolfSSL_CTX_set_cipher_list
[SGXSan] ALWAYS: Enter enc_wolfSSL_connect
[SGXSan] ALWAYS: Enter enc_wolfSSL_CTX_new
[SGXSan] ALWAYS: Enter enc_wolfSSL_write
[SGXSan] ALWAYS: Enter enc_wolfSSL_CTX_use_certificate_chain_buffer_format
[SGXSan] ALWAYS: Enter enc_wolfSSL_set_fd
[SGXSan] ALWAYS: Enter enc_wolfSSL_Debugging_OFF
[SGXSan] ALWAYS: Enter enc_wolfSSL_CTX_load_verify_buffer
[SGXSan] ALWAYS: Enter enc_wolfSSL_CTX_use_certificate_buffer
[SGXSan] ALWAYS: Enter enc_wolfSSL_Init
[SGXSan] ALWAYS: Enter enc_wolfSSL_new
[SGXSan] ALWAYS: Enter enc_wolfSSL_free
[SGXSan] ALWAYS: Enter enc_wolfTLSv1_2_server_method
[SGXSan] ALWAYS: Enter enc_wolfSSL_Cleanup
[SGXSan] ALWAYS: Enter enc_wolfSSL_read
[SGXSan] ALWAYS: Enter enc_wolfSSL_CTX_free
[SGXSan] ALWAYS: Enter wc_benchmark_test
------------------------------------------------------------------------------
 wolfSSL version 5.1.0
------------------------------------------------------------------------------
wolfCrypt Benchmark (block bytes 1048576, min 1.0 sec each)
RNG                 15 MB took 1.126 seconds,   13.320 MB/s
AES-128-CBC-enc     35 MB took 1.058 seconds,   33.066 MB/s
AES-128-CBC-dec     35 MB took 1.151 seconds,   30.404 MB/s
AES-192-CBC-enc     30 MB took 1.056 seconds,   28.418 MB/s
AES-192-CBC-dec     30 MB took 1.135 seconds,   26.438 MB/s
AES-256-CBC-enc     15 MB took 1.083 seconds,   13.845 MB/s
AES-256-CBC-dec     15 MB took 1.143 seconds,   13.123 MB/s
AES-128-GCM-enc     15 MB took 1.116 seconds,   13.435 MB/s
AES-128-GCM-dec     20 MB took 1.010 seconds,   19.800 MB/s
AES-192-GCM-enc     20 MB took 1.345 seconds,   14.873 MB/s
AES-192-GCM-dec     15 MB took 1.249 seconds,   12.013 MB/s
AES-256-GCM-enc     15 MB took 1.363 seconds,   11.003 MB/s
AES-256-GCM-dec     20 MB took 1.122 seconds,   17.829 MB/s
GMAC Table 4-bit    68 MB took 1.013 seconds,   67.128 MB/s
RABBIT              95 MB took 1.038 seconds,   91.553 MB/s
3DES                10 MB took 1.089 seconds,    9.185 MB/s
MD5                305 MB took 1.006 seconds,  303.313 MB/s
SHA                130 MB took 1.008 seconds,  128.915 MB/s
SHA-256             35 MB took 1.140 seconds,   30.696 MB/s
HMAC-MD5           305 MB took 1.007 seconds,  302.931 MB/s
HMAC-SHA           130 MB took 1.017 seconds,  127.887 MB/s
HMAC-SHA256         35 MB took 1.132 seconds,   30.923 MB/s
PBKDF2               4 KB took 1.007 seconds,    3.785 KB/s
RSA     2048 public       1400 ops took 1.017 sec, avg 0.726 ms, 1377.023 ops/sec
RSA     2048 private       100 ops took 3.681 sec, avg 36.812 ms, 27.165 ops/sec
DH      2048 key gen        65 ops took 1.002 sec, avg 15.413 ms, 64.880 ops/sec
DH      2048 agree         100 ops took 1.550 sec, avg 15.503 ms, 64.505 ops/sec
ECC   [      SECP256R1]   256 key gen      1417 ops took 1.000 sec, avg 0.706 ms, 1416.804 ops/sec
ECDHE [      SECP256R1]   256 agree        1000 ops took 1.105 sec, avg 1.105 ms, 905.104 ops/sec
ECDSA [      SECP256R1]   256 sign         1300 ops took 1.082 sec, avg 0.832 ms, 1201.557 ops/sec
ECDSA [      SECP256R1]   256 verify        900 ops took 1.028 sec, avg 1.143 ms, 875.192 ops/sec
Benchmark complete
[SGXSan] ALWAYS: Enter enc_wolfSSL_get_error
[SGXSan] ALWAYS: Enter enc_wolfSSL_CTX_use_PrivateKey_buffer
[SGXSan] ALWAYS: Enter wc_test
------------------------------------------------------------------------------
 wolfSSL version 5.1.0
------------------------------------------------------------------------------
error    test passed!
MEMORY   test passed!
base64   test passed!
asn      test passed!
RANDOM   test passed!
MD5      test passed!
MD4      test passed!
SHA      test passed!
SHA-256  test passed!
Hash     test passed!
HMAC-MD5 test passed!
HMAC-SHA test passed!
HMAC-SHA256 test passed!
GMAC     test passed!
HC-128   test passed!
Rabbit   test passed!
DES      test passed!
DES3     test passed!
AES      test passed!
AES192   test passed!
AES256   test passed!
AES-GCM  test passed!
RSA      test passed!
DH       test passed!
DSA      test passed!
PWDBASED test passed!
ECC      test passed!
ECC buffer test passed!
logging  test passed!
mutex    test passed!
memcb    test failed!
 error = -13803
[SGXSan] ALWAYS: Enter enc_wolfSSL_Debugging_ON
[SGXSan] ALWAYS: Enter enc_wolfTLSv1_2_client_method
[SGXSan] ALWAYS: Enter enc_wolfSSL_CTX_set_cipher_list
[SGXSan] ALWAYS: Enter enc_wolfSSL_connect
[SGXSan] ALWAYS: Enter enc_wolfSSL_CTX_new
[SGXSan] ALWAYS: Enter enc_wolfSSL_write
[SGXSan] ALWAYS: Enter enc_wolfSSL_CTX_use_certificate_chain_buffer_format
[SGXSan] ALWAYS: Enter enc_wolfSSL_set_fd
[SGXSan] ALWAYS: Enter enc_wolfSSL_Debugging_OFF
[SGXSan] ALWAYS: Enter enc_wolfSSL_CTX_load_verify_buffer
[SGXSan] ALWAYS: Enter enc_wolfSSL_CTX_use_certificate_buffer
#7	INITED cov: 6296 ft: 6301 corp: 4/1484Kb exec/s: 0 rss: 83Mb
[SGXSan] ALWAYS: Enter enc_wolfSSL_CTX_use_certificate_buffer
[SGXSan] ALWAYS: Enter enc_wolfSSL_Init
[SGXSan] ALWAYS: Enter enc_wolfSSL_CTX_use_PrivateKey_buffer
[SGXSan] ALWAYS: Enter enc_wolfSSL_write
[SGXSan] ALWAYS: Enter enc_wolfSSL_Debugging_OFF
[SGXSan] ALWAYS: Enter enc_wolfSSL_connect
[SGXSan] ALWAYS: Enter enc_wolfTLSv1_2_server_method
[SGXSan] ALWAYS: Enter wc_benchmark_test
------------------------------------------------------------------------------
 wolfSSL version 5.1.0
------------------------------------------------------------------------------
wolfCrypt Benchmark (block bytes 1048576, min 1.0 sec each)
RNG                 15 MB took 1.134 seconds,   13.227 MB/s
AES-128-CBC-enc     35 MB took 1.056 seconds,   33.138 MB/s
AES-128-CBC-dec     35 MB took 1.143 seconds,   30.609 MB/s
AES-192-CBC-enc     30 MB took 1.053 seconds,   28.493 MB/s
AES-192-CBC-dec     30 MB took 1.128 seconds,   26.601 MB/s
AES-256-CBC-enc     30 MB took 1.179 seconds,   25.439 MB/s
AES-256-CBC-dec     25 MB took 1.038 seconds,   24.085 MB/s
AES-128-GCM-enc     25 MB took 1.046 seconds,   23.896 MB/s
AES-128-GCM-dec     25 MB took 1.045 seconds,   23.913 MB/s
AES-192-GCM-enc     25 MB took 1.180 seconds,   21.187 MB/s
AES-192-GCM-dec     25 MB took 1.173 seconds,   21.312 MB/s
AES-256-GCM-enc     20 MB took 1.018 seconds,   19.645 MB/s
AES-256-GCM-dec     20 MB took 1.015 seconds,   19.714 MB/s
GMAC Table 4-bit    69 MB took 1.010 seconds,   68.314 MB/s
RABBIT              95 MB took 1.054 seconds,   90.101 MB/s
3DES                10 MB took 1.083 seconds,    9.237 MB/s
MD5                305 MB took 1.010 seconds,  301.961 MB/s
SHA                130 MB took 1.012 seconds,  128.403 MB/s
SHA-256             35 MB took 1.130 seconds,   30.963 MB/s
HMAC-MD5           305 MB took 1.013 seconds,  301.188 MB/s
HMAC-SHA           130 MB took 1.018 seconds,  127.729 MB/s
HMAC-SHA256         35 MB took 1.135 seconds,   30.825 MB/s
PBKDF2               4 KB took 1.001 seconds,    3.779 KB/s
RSA     2048 public       1500 ops took 1.070 sec, avg 0.713 ms, 1402.110 ops/sec
RSA     2048 private       100 ops took 3.704 sec, avg 37.039 ms, 26.999 ops/sec
DH      2048 key gen        66 ops took 1.010 sec, avg 15.303 ms, 65.347 ops/sec
DH      2048 agree         100 ops took 1.527 sec, avg 15.273 ms, 65.473 ops/sec
ECC   [      SECP256R1]   256 key gen      1414 ops took 1.000 sec, avg 0.707 ms, 1413.747 ops/sec
ECDHE [      SECP256R1]   256 agree        1000 ops took 1.084 sec, avg 1.084 ms, 922.278 ops/sec
ECDSA [      SECP256R1]   256 sign         1300 ops took 1.083 sec, avg 0.833 ms, 1200.748 ops/sec
ECDSA [      SECP256R1]   256 verify        900 ops took 1.051 sec, avg 1.168 ms, 856.395 ops/sec
Benchmark complete
[SGXSan] ALWAYS: Enter enc_wolfSSL_set_fd
[SGXSan] ALWAYS: Enter enc_wolfSSL_free
[SGXSan] ALWAYS: Enter enc_wolfSSL_Debugging_ON
[SGXSan] ALWAYS: Enter enc_wolfSSL_CTX_new
[SGXSan] ALWAYS: Enter enc_wolfTLSv1_2_client_method
[SGXSan] ALWAYS: Enter enc_wolfSSL_Cleanup
[SGXSan] ALWAYS: Enter enc_wolfSSL_read
[SGXSan] ALWAYS: Enter enc_wolfSSL_CTX_load_verify_buffer
[SGXSan] ALWAYS: Enter enc_wolfSSL_CTX_free
[SGXSan] ALWAYS: Enter enc_wolfSSL_CTX_use_certificate_chain_buffer_format
[SGXSan] ALWAYS: Enter enc_wolfSSL_new
[SGXSan] ALWAYS: Enter enc_wolfSSL_get_error
[SGXSan] ALWAYS: Enter wc_test
------------------------------------------------------------------------------
 wolfSSL version 5.1.0
------------------------------------------------------------------------------
error    test passed!
MEMORY   test passed!
base64   test passed!
asn      test passed!
RANDOM   test passed!
MD5      test passed!
MD4      test passed!
SHA      test passed!
SHA-256  test passed!
Hash     test passed!
HMAC-MD5 test passed!
HMAC-SHA test passed!
HMAC-SHA256 test passed!
GMAC     test passed!
HC-128   test passed!
Rabbit   test passed!
DES      test passed!
DES3     test passed!
AES      test passed!
AES192   test passed!
AES256   test passed!
AES-GCM  test passed!
RSA      test passed!
DH       test passed!
DSA      test passed!
PWDBASED test passed!
ECC      test passed!
ECC buffer test passed!
logging  test passed!
mutex    test passed!
memcb    test failed!
 error = -13803
[SGXSan] ALWAYS: Enter enc_wolfSSL_CTX_set_cipher_list
#8	pulse  cov: 6296 ft: 6306 corp: 4/1484Kb lim: 1000000 exec/s: 0 rss: 88Mb
#8	NEW    cov: 6296 ft: 6306 corp: 5/1865Kb lim: 1000000 exec/s: 0 rss: 89Mb L: 390122/390122 MS: 2 InsertByte-Custom-
#8	DONE   cov: 6296 ft: 6306 corp: 5/1865Kb lim: 1000000 exec/s: 0 rss: 89Mb
Done 8 runs in 337 second(s)
stat::number_of_executed_units: 8
stat::average_exec_per_sec:     0
stat::new_units_added:          1
stat::slowest_unit_time_sec:    42
stat::peak_rss_mb:              89
