WARNING: Failed to find function "__sanitizer_acquire_crash_state".
WARNING: Failed to find function "__sanitizer_print_stack_trace".
WARNING: Failed to find function "__sanitizer_set_death_callback".
[CEnclavePool /home/leone/Documents/linux-sgx/psw/urts/enclave.cpp:638] enter CEnclavePool constructor
[2023-01-16 00:16:11.127] [Init] Num of ECall: 22
[2023-01-16 00:16:11.128] ECalls:
  0 - fuzz_enc_wolfSSL_CTX_free
  1 - fuzz_enc_wolfSSL_CTX_load_verify_buffer
  2 - fuzz_enc_wolfSSL_CTX_new
  3 - fuzz_enc_wolfSSL_CTX_set_cipher_list
  4 - fuzz_enc_wolfSSL_CTX_use_PrivateKey_buffer
  5 - fuzz_enc_wolfSSL_CTX_use_certificate_buffer
  6 - fuzz_enc_wolfSSL_CTX_use_certificate_chain_buffer_format
  7 - fuzz_enc_wolfSSL_Cleanup
  8 - fuzz_enc_wolfSSL_Debugging_OFF
  9 - fuzz_enc_wolfSSL_Debugging_ON
  10 - fuzz_enc_wolfSSL_Init
  11 - fuzz_enc_wolfSSL_connect
  12 - fuzz_enc_wolfSSL_free
  13 - fuzz_enc_wolfSSL_get_error
  14 - fuzz_enc_wolfSSL_new
  15 - fuzz_enc_wolfSSL_read
  16 - fuzz_enc_wolfSSL_set_fd
  17 - fuzz_enc_wolfSSL_write
  18 - fuzz_enc_wolfTLSv1_2_client_method
  19 - fuzz_enc_wolfTLSv1_2_server_method
  20 - fuzz_wc_benchmark_test
  21 - fuzz_wc_test

INFO: found LLVMFuzzerCustomMutator (0x44ac30). Disabling -len_control by default.
INFO: libFuzzer ignores flags that start with '--'
INFO: Running with entropic power schedule (0xFF, 100).
INFO: Seed: 3983735612
INFO: Loaded 1 modules   (291 inline 8-bit counters): 291 [0x4cb7e8, 0x4cb90b), 
INFO: Loaded 1 PC tables (291 PCs): 291 [0x4cb910,0x4ccb40), 
INFO:        0 files found in /tmp/libFuzzerTemp.FuzzWithFork422940.dir/C337
[SGXSan] ALWAYS: Hook __sanitizer_cov_8bit_counters_init of Enclave, 21636 inline 8-bit counts [0x7f5b80e8c9c0, 0x7f5b80e91e44) (First time)
[SGXSan] ALWAYS: Hook __sanitizer_cov_pcs_init of Enclave, 21636 PCs [0x7f5b80e91e48, 0x7f5b80ee6688) (First time)
[SGXSan] ALWAYS: Enter enc_wolfSSL_CTX_free
[SGXSan] ALWAYS: Enter enc_wolfSSL_CTX_load_verify_buffer
[SGXSan] ALWAYS: Enter enc_wolfSSL_CTX_new
[SGXSan] ALWAYS: Enter enc_wolfSSL_CTX_set_cipher_list
[SGXSan] ALWAYS: Enter enc_wolfSSL_CTX_use_PrivateKey_buffer
[SGXSan] ALWAYS: Enter enc_wolfSSL_CTX_use_certificate_buffer
[SGXSan] ALWAYS: Enter enc_wolfSSL_CTX_use_certificate_chain_buffer_format
[SGXSan] ALWAYS: Enter enc_wolfSSL_Cleanup
[SGXSan] ALWAYS: Enter enc_wolfSSL_Debugging_OFF
[SGXSan] ALWAYS: Enter enc_wolfSSL_Debugging_ON
[SGXSan] ALWAYS: Enter enc_wolfSSL_Init
[SGXSan] ALWAYS: Enter enc_wolfSSL_connect
[SGXSan] ALWAYS: Enter enc_wolfSSL_free
[SGXSan] ALWAYS: Enter enc_wolfSSL_get_error
[SGXSan] ALWAYS: Enter enc_wolfSSL_new
[SGXSan] ALWAYS: Enter enc_wolfSSL_read
[SGXSan] ALWAYS: Enter enc_wolfSSL_set_fd
[SGXSan] ALWAYS: Enter enc_wolfSSL_write
[SGXSan] ALWAYS: Enter enc_wolfTLSv1_2_client_method
[SGXSan] ALWAYS: Enter enc_wolfTLSv1_2_server_method
[SGXSan] ALWAYS: Enter wc_benchmark_test
------------------------------------------------------------------------------
 wolfSSL version 5.1.0
------------------------------------------------------------------------------
wolfCrypt Benchmark (block bytes 1048576, min 1.0 sec each)
RNG                 15 MB took 1.135 seconds,   13.216 MB/s
AES-128-CBC-enc     35 MB took 1.082 seconds,   32.342 MB/s
AES-128-CBC-dec     30 MB took 1.001 seconds,   29.983 MB/s
AES-192-CBC-enc     30 MB took 1.058 seconds,   28.343 MB/s
AES-192-CBC-dec     30 MB took 1.143 seconds,   26.256 MB/s
AES-256-CBC-enc     30 MB took 1.184 seconds,   25.333 MB/s
AES-256-CBC-dec     25 MB took 1.043 seconds,   23.972 MB/s
AES-128-GCM-enc     25 MB took 1.075 seconds,   23.265 MB/s
AES-128-GCM-dec     25 MB took 1.054 seconds,   23.715 MB/s
AES-192-GCM-enc     25 MB took 1.183 seconds,   21.137 MB/s
AES-192-GCM-dec     25 MB took 1.179 seconds,   21.197 MB/s
AES-256-GCM-enc     20 MB took 1.020 seconds,   19.608 MB/s
AES-256-GCM-dec     20 MB took 1.041 seconds,   19.204 MB/s
GMAC Table 4-bit    68 MB took 1.003 seconds,   67.820 MB/s
RABBIT              95 MB took 1.052 seconds,   90.336 MB/s
3DES                10 MB took 1.089 seconds,    9.186 MB/s
MD5                305 MB took 1.012 seconds,  301.499 MB/s
SHA                130 MB took 1.037 seconds,  125.410 MB/s
SHA-256             35 MB took 1.135 seconds,   30.836 MB/s
HMAC-MD5           305 MB took 1.010 seconds,  301.865 MB/s
HMAC-SHA           130 MB took 1.018 seconds,  127.741 MB/s
HMAC-SHA256         35 MB took 1.136 seconds,   30.810 MB/s
PBKDF2               4 KB took 1.004 seconds,    3.704 KB/s
RSA     2048 public       1500 ops took 1.066 sec, avg 0.711 ms, 1406.511 ops/sec
RSA     2048 private       100 ops took 3.643 sec, avg 36.432 ms, 27.448 ops/sec
DH      2048 key gen        65 ops took 1.007 sec, avg 15.488 ms, 64.566 ops/sec
DH      2048 agree         100 ops took 1.538 sec, avg 15.384 ms, 65.004 ops/sec
ECC   [      SECP256R1]   256 key gen      1426 ops took 1.000 sec, avg 0.702 ms, 1425.300 ops/sec
ECDHE [      SECP256R1]   256 agree        1000 ops took 1.074 sec, avg 1.074 ms, 931.058 ops/sec
ECDSA [      SECP256R1]   256 sign         1300 ops took 1.072 sec, avg 0.824 ms, 1213.247 ops/sec
ECDSA [      SECP256R1]   256 verify        900 ops took 1.040 sec, avg 1.156 ms, 865.352 ops/sec
Benchmark complete
[SGXSan] ALWAYS: Enter wc_test
INFO: seed corpus: files: 6 min: 370191b max: 390122b total: 2320801b rss: 43Mb
------------------------------------------------------------------------------
 wolfSSL version 5.1.0
------------------------------------------------------------------------------
error    test passed!
MEMORY   test passed!
base64   test passed!
asn      test passed!
RANDOM   test passed!
MD5      test passed!
MD4      test passed!
SHA      test passed!
SHA-256  test passed!
Hash     test passed!
HMAC-MD5 test passed!
HMAC-SHA test passed!
HMAC-SHA256 test passed!
GMAC     test passed!
HC-128   test passed!
Rabbit   test passed!
DES      test passed!
DES3     test passed!
AES      test passed!
AES192   test passed!
AES256   test passed!
AES-GCM  test passed!
RSA      test passed!
DH       test passed!
DSA      test passed!
PWDBASED test passed!
ECC      test passed!
ECC buffer test passed!
logging  test passed!
mutex    test passed!
memcb    test passed!
Test complete
[SGXSan] ALWAYS: Enter enc_wolfSSL_new
[SGXSan] ALWAYS: Enter wc_test
------------------------------------------------------------------------------
 wolfSSL version 5.1.0
------------------------------------------------------------------------------
error    test passed!
MEMORY   test passed!
base64   test passed!
asn      test passed!
RANDOM   test passed!
MD5      test passed!
MD4      test passed!
SHA      test passed!
SHA-256  test passed!
Hash     test passed!
HMAC-MD5 test passed!
HMAC-SHA test passed!
HMAC-SHA256 test passed!
GMAC     test passed!
HC-128   test passed!
Rabbit   test passed!
DES      test passed!
DES3     test passed!
AES      test passed!
AES192   test passed!
AES256   test passed!
AES-GCM  test passed!
RSA      test passed!
DH       test passed!
DSA      test passed!
PWDBASED test passed!
ECC      test passed!
ECC buffer test passed!
logging  test passed!
mutex    test passed!
memcb    test failed!
 error = -13803
[SGXSan] ALWAYS: Enter enc_wolfSSL_CTX_use_certificate_chain_buffer_format
[SGXSan] ALWAYS: Enter enc_wolfSSL_write
[SGXSan] ALWAYS: Enter enc_wolfSSL_get_error
[SGXSan] ALWAYS: Enter enc_wolfSSL_CTX_load_verify_buffer
[SGXSan] ALWAYS: Enter enc_wolfSSL_CTX_use_PrivateKey_buffer
[SGXSan] ALWAYS: Enter enc_wolfSSL_CTX_use_certificate_buffer
[SGXSan] ALWAYS: Enter enc_wolfTLSv1_2_server_method
[SGXSan] ALWAYS: Enter enc_wolfSSL_Debugging_ON
[SGXSan] ALWAYS: Enter enc_wolfSSL_CTX_new
[SGXSan] ALWAYS: Enter enc_wolfSSL_Cleanup
[SGXSan] ALWAYS: Enter enc_wolfSSL_connect
[SGXSan] ALWAYS: Enter wc_benchmark_test
------------------------------------------------------------------------------
 wolfSSL version 5.1.0
------------------------------------------------------------------------------
wolfCrypt Benchmark (block bytes 1048576, min 1.0 sec each)
RNG                 15 MB took 1.136 seconds,   13.201 MB/s
AES-128-CBC-enc     35 MB took 1.051 seconds,   33.317 MB/s
AES-128-CBC-dec     35 MB took 1.149 seconds,   30.468 MB/s
AES-192-CBC-enc     30 MB took 1.071 seconds,   27.998 MB/s
AES-192-CBC-dec     30 MB took 1.143 seconds,   26.245 MB/s
AES-256-CBC-enc     30 MB took 1.183 seconds,   25.355 MB/s
AES-256-CBC-dec     25 MB took 1.037 seconds,   24.098 MB/s
AES-128-GCM-enc     25 MB took 1.048 seconds,   23.853 MB/s
AES-128-GCM-dec     25 MB took 1.044 seconds,   23.955 MB/s
AES-192-GCM-enc     25 MB took 1.165 seconds,   21.455 MB/s
AES-192-GCM-dec     25 MB took 1.177 seconds,   21.233 MB/s
AES-256-GCM-enc     20 MB took 1.011 seconds,   19.786 MB/s
AES-256-GCM-dec     20 MB took 1.021 seconds,   19.581 MB/s
GMAC Table 4-bit    68 MB took 1.000 seconds,   67.983 MB/s
RABBIT              95 MB took 1.043 seconds,   91.089 MB/s
3DES                10 MB took 1.090 seconds,    9.176 MB/s
MD5                305 MB took 1.014 seconds,  300.814 MB/s
SHA                130 MB took 1.016 seconds,  127.936 MB/s
SHA-256             35 MB took 1.125 seconds,   31.122 MB/s
HMAC-MD5           305 MB took 1.000 seconds,  304.991 MB/s
HMAC-SHA           130 MB took 1.011 seconds,  128.583 MB/s
HMAC-SHA256         35 MB took 1.133 seconds,   30.898 MB/s
PBKDF2               4 KB took 1.001 seconds,    3.807 KB/s
RSA     2048 public       1400 ops took 1.010 sec, avg 0.722 ms, 1385.789 ops/sec
RSA     2048 private       100 ops took 3.623 sec, avg 36.228 ms, 27.603 ops/sec
DH      2048 key gen        66 ops took 1.011 sec, avg 15.311 ms, 65.311 ops/sec
DH      2048 agree         100 ops took 1.542 sec, avg 15.423 ms, 64.840 ops/sec
ECC   [      SECP256R1]   256 key gen      1407 ops took 1.000 sec, avg 0.711 ms, 1406.810 ops/sec
ECDHE [      SECP256R1]   256 agree        1000 ops took 1.080 sec, avg 1.080 ms, 925.550 ops/sec
ECDSA [      SECP256R1]   256 sign         1300 ops took 1.077 sec, avg 0.829 ms, 1206.535 ops/sec
ECDSA [      SECP256R1]   256 verify        900 ops took 1.045 sec, avg 1.161 ms, 861.054 ops/sec
Benchmark complete
[SGXSan] ALWAYS: Enter enc_wolfSSL_free
[SGXSan] ALWAYS: Enter enc_wolfSSL_set_fd
[SGXSan] ALWAYS: Enter enc_wolfTLSv1_2_client_method
[SGXSan] ALWAYS: Enter enc_wolfSSL_Init
[SGXSan] ALWAYS: Enter enc_wolfSSL_CTX_set_cipher_list
[SGXSan] ALWAYS: Enter enc_wolfSSL_Debugging_OFF
[SGXSan] ALWAYS: Enter enc_wolfSSL_read
[SGXSan] ALWAYS: Enter enc_wolfSSL_CTX_free
#2	pulse  ft: 6291 exec/s: 0 rss: 50Mb
Slowest unit: 41 s:
artifact_prefix='./crashes/'; Test unit written to ./crashes/slow-unit-ddd80d5e9861e976679df15b45e797151fd301fa
[SGXSan] ALWAYS: Enter enc_wolfSSL_CTX_new
[SGXSan] ALWAYS: Enter enc_wolfSSL_free
[SGXSan] ALWAYS: Enter enc_wolfSSL_connect
[SGXSan] ALWAYS: Enter enc_wolfSSL_Debugging_OFF
[SGXSan] ALWAYS: Enter enc_wolfTLSv1_2_server_method
[SGXSan] ALWAYS: Enter enc_wolfSSL_read
[SGXSan] ALWAYS: Enter enc_wolfSSL_Cleanup
[SGXSan] ALWAYS: Enter enc_wolfSSL_set_fd
[SGXSan] ALWAYS: Enter wc_test
------------------------------------------------------------------------------
 wolfSSL version 5.1.0
------------------------------------------------------------------------------
error    test passed!
MEMORY   test passed!
base64   test passed!
asn      test passed!
RANDOM   test passed!
MD5      test passed!
MD4      test passed!
SHA      test passed!
SHA-256  test passed!
Hash     test passed!
HMAC-MD5 test passed!
HMAC-SHA test passed!
HMAC-SHA256 test passed!
GMAC     test passed!
HC-128   test passed!
Rabbit   test passed!
DES      test passed!
DES3     test passed!
AES      test passed!
AES192   test passed!
AES256   test passed!
AES-GCM  test passed!
RSA      test passed!
DH       test passed!
DSA      test passed!
PWDBASED test passed!
ECC      test passed!
ECC buffer test passed!
logging  test passed!
mutex    test passed!
memcb    test failed!
 error = -13803
[SGXSan] ALWAYS: Enter wc_benchmark_test
------------------------------------------------------------------------------
 wolfSSL version 5.1.0
------------------------------------------------------------------------------
wolfCrypt Benchmark (block bytes 1048576, min 1.0 sec each)
RNG                 15 MB took 1.138 seconds,   13.176 MB/s
AES-128-CBC-enc     35 MB took 1.067 seconds,   32.805 MB/s
AES-128-CBC-dec     35 MB took 1.146 seconds,   30.546 MB/s
AES-192-CBC-enc     30 MB took 1.050 seconds,   28.560 MB/s
AES-192-CBC-dec     30 MB took 1.134 seconds,   26.456 MB/s
AES-256-CBC-enc     30 MB took 1.181 seconds,   25.397 MB/s
AES-256-CBC-dec     25 MB took 1.044 seconds,   23.943 MB/s
AES-128-GCM-enc     25 MB took 1.042 seconds,   23.986 MB/s
AES-128-GCM-dec     25 MB took 1.047 seconds,   23.886 MB/s
AES-192-GCM-enc     25 MB took 1.176 seconds,   21.253 MB/s
AES-192-GCM-dec     25 MB took 1.163 seconds,   21.496 MB/s
AES-256-GCM-enc     20 MB took 1.018 seconds,   19.646 MB/s
AES-256-GCM-dec     20 MB took 1.014 seconds,   19.727 MB/s
GMAC Table 4-bit    69 MB took 1.010 seconds,   68.284 MB/s
RABBIT              95 MB took 1.053 seconds,   90.249 MB/s
3DES                10 MB took 1.077 seconds,    9.285 MB/s
MD5                300 MB took 1.000 seconds,  299.977 MB/s
SHA                130 MB took 1.014 seconds,  128.245 MB/s
SHA-256             35 MB took 1.133 seconds,   30.902 MB/s
HMAC-MD5           305 MB took 1.016 seconds,  300.113 MB/s
HMAC-SHA           130 MB took 1.018 seconds,  127.695 MB/s
HMAC-SHA256         35 MB took 1.136 seconds,   30.820 MB/s
PBKDF2               4 KB took 1.007 seconds,    3.788 KB/s
RSA     2048 public       1500 ops took 1.070 sec, avg 0.714 ms, 1401.217 ops/sec
RSA     2048 private       100 ops took 3.643 sec, avg 36.432 ms, 27.448 ops/sec
DH      2048 key gen        66 ops took 1.011 sec, avg 15.320 ms, 65.275 ops/sec
DH      2048 agree         100 ops took 1.542 sec, avg 15.420 ms, 64.849 ops/sec
ECC   [      SECP256R1]   256 key gen      1397 ops took 1.000 sec, avg 0.716 ms, 1396.582 ops/sec
ECDHE [      SECP256R1]   256 agree        1000 ops took 1.087 sec, avg 1.087 ms, 919.954 ops/sec
ECDSA [      SECP256R1]   256 sign         1300 ops took 1.082 sec, avg 0.832 ms, 1201.996 ops/sec
ECDSA [      SECP256R1]   256 verify        900 ops took 1.027 sec, avg 1.141 ms, 876.074 ops/sec
Benchmark complete
[SGXSan] ALWAYS: Enter enc_wolfSSL_CTX_use_certificate_chain_buffer_format
[SGXSan] ALWAYS: Enter enc_wolfSSL_new
[SGXSan] ALWAYS: Enter enc_wolfSSL_CTX_load_verify_buffer
[SGXSan] ALWAYS: Enter enc_wolfSSL_CTX_free
[SGXSan] ALWAYS: Enter enc_wolfSSL_CTX_set_cipher_list
[SGXSan] ALWAYS: Enter enc_wolfSSL_Init
[SGXSan] ALWAYS: Enter enc_wolfSSL_Debugging_ON
[SGXSan] ALWAYS: Enter enc_wolfSSL_get_error
[SGXSan] ALWAYS: Enter enc_wolfSSL_CTX_use_PrivateKey_buffer
[SGXSan] ALWAYS: Enter enc_wolfSSL_write
[SGXSan] ALWAYS: Enter enc_wolfSSL_CTX_use_certificate_buffer
[SGXSan] ALWAYS: Enter enc_wolfTLSv1_2_client_method
[SGXSan] ALWAYS: Enter enc_wolfSSL_free
[SGXSan] ALWAYS: Enter enc_wolfSSL_new
[SGXSan] ALWAYS: Enter enc_wolfSSL_write
[SGXSan] ALWAYS: Enter enc_wolfSSL_CTX_set_cipher_list
[SGXSan] ALWAYS: Enter enc_wolfSSL_Init
[SGXSan] ALWAYS: Enter wc_test
------------------------------------------------------------------------------
 wolfSSL version 5.1.0
------------------------------------------------------------------------------
error    test passed!
MEMORY   test passed!
base64   test passed!
asn      test passed!
RANDOM   test passed!
MD5      test passed!
MD4      test passed!
SHA      test passed!
SHA-256  test passed!
Hash     test passed!
HMAC-MD5 test passed!
HMAC-SHA test passed!
HMAC-SHA256 test passed!
GMAC     test passed!
HC-128   test passed!
Rabbit   test passed!
DES      test passed!
DES3     test passed!
AES      test passed!
AES192   test passed!
AES256   test passed!
AES-GCM  test passed!
RSA      test passed!
DH       test passed!
DSA      test passed!
PWDBASED test passed!
ECC      test passed!
ECC buffer test passed!
logging  test passed!
mutex    test passed!
memcb    test failed!
 error = -13803
[SGXSan] ALWAYS: Enter enc_wolfSSL_CTX_use_certificate_chain_buffer_format
[SGXSan] ALWAYS: Enter enc_wolfSSL_connect
[SGXSan] ALWAYS: Enter wc_benchmark_test
------------------------------------------------------------------------------
 wolfSSL version 5.1.0
------------------------------------------------------------------------------
wolfCrypt Benchmark (block bytes 1048576, min 1.0 sec each)
RNG                 15 MB took 1.135 seconds,   13.221 MB/s
AES-128-CBC-enc     35 MB took 1.057 seconds,   33.125 MB/s
AES-128-CBC-dec     35 MB took 1.145 seconds,   30.579 MB/s
AES-192-CBC-enc     30 MB took 1.066 seconds,   28.132 MB/s
AES-192-CBC-dec     30 MB took 1.141 seconds,   26.287 MB/s
AES-256-CBC-enc     30 MB took 1.181 seconds,   25.399 MB/s
AES-256-CBC-dec     25 MB took 1.039 seconds,   24.073 MB/s
AES-128-GCM-enc     25 MB took 1.034 seconds,   24.181 MB/s
AES-128-GCM-dec     25 MB took 1.012 seconds,   24.693 MB/s
AES-192-GCM-enc     25 MB took 1.179 seconds,   21.212 MB/s
AES-192-GCM-dec     25 MB took 1.187 seconds,   21.064 MB/s
AES-256-GCM-enc     20 MB took 1.016 seconds,   19.681 MB/s
AES-256-GCM-dec     20 MB took 1.014 seconds,   19.724 MB/s
GMAC Table 4-bit    68 MB took 1.002 seconds,   67.868 MB/s
RABBIT              90 MB took 1.009 seconds,   89.174 MB/s
3DES                10 MB took 1.088 seconds,    9.195 MB/s
MD5                300 MB took 1.006 seconds,  298.079 MB/s
SHA                130 MB took 1.010 seconds,  128.691 MB/s
SHA-256             35 MB took 1.121 seconds,   31.228 MB/s
HMAC-MD5           305 MB took 1.009 seconds,  302.249 MB/s
HMAC-SHA           130 MB took 1.008 seconds,  128.949 MB/s
HMAC-SHA256         35 MB took 1.131 seconds,   30.935 MB/s
PBKDF2               4 KB took 1.008 seconds,    3.846 KB/s
RSA     2048 public       1500 ops took 1.045 sec, avg 0.697 ms, 1435.155 ops/sec
RSA     2048 private       100 ops took 3.591 sec, avg 35.907 ms, 27.850 ops/sec
DH      2048 key gen        67 ops took 1.004 sec, avg 14.988 ms, 66.721 ops/sec
DH      2048 agree         100 ops took 1.493 sec, avg 14.930 ms, 66.981 ops/sec
ECC   [      SECP256R1]   256 key gen      1414 ops took 1.000 sec, avg 0.707 ms, 1413.517 ops/sec
ECDHE [      SECP256R1]   256 agree        1000 ops took 1.069 sec, avg 1.069 ms, 935.260 ops/sec
ECDSA [      SECP256R1]   256 sign         1300 ops took 1.082 sec, avg 0.832 ms, 1201.430 ops/sec
ECDSA [      SECP256R1]   256 verify        900 ops took 1.008 sec, avg 1.120 ms, 892.937 ops/sec
Benchmark complete
[SGXSan] ALWAYS: Enter enc_wolfSSL_read
[SGXSan] ALWAYS: Enter enc_wolfSSL_set_fd
[SGXSan] ALWAYS: Enter enc_wolfSSL_CTX_use_certificate_buffer
[SGXSan] ALWAYS: Enter enc_wolfSSL_Debugging_OFF
[SGXSan] ALWAYS: Enter enc_wolfTLSv1_2_server_method
[SGXSan] ALWAYS: Enter enc_wolfSSL_get_error
[SGXSan] ALWAYS: Enter enc_wolfSSL_CTX_free
[SGXSan] ALWAYS: Enter enc_wolfSSL_CTX_load_verify_buffer
[SGXSan] ALWAYS: Enter enc_wolfTLSv1_2_client_method
[SGXSan] ALWAYS: Enter enc_wolfSSL_CTX_new
[SGXSan] ALWAYS: Enter enc_wolfSSL_Debugging_ON
[SGXSan] ALWAYS: Enter enc_wolfSSL_Cleanup
[SGXSan] ALWAYS: Enter enc_wolfSSL_CTX_use_PrivateKey_buffer
#4	pulse  cov: 6291 ft: 6302 corp: 2/742Kb exec/s: 0 rss: 64Mb
[SGXSan] ALWAYS: Enter enc_wolfSSL_CTX_load_verify_buffer
[SGXSan] ALWAYS: Enter enc_wolfSSL_Init
[SGXSan] ALWAYS: Enter enc_wolfSSL_Debugging_ON
[SGXSan] ALWAYS: Enter enc_wolfSSL_connect
[SGXSan] ALWAYS: Enter wc_test
------------------------------------------------------------------------------
 wolfSSL version 5.1.0
------------------------------------------------------------------------------
error    test passed!
MEMORY   test passed!
base64   test passed!
asn      test passed!
RANDOM   test passed!
MD5      test passed!
MD4      test passed!
SHA      test passed!
SHA-256  test passed!
Hash     test passed!
HMAC-MD5 test passed!
HMAC-SHA test passed!
HMAC-SHA256 test passed!
GMAC     test passed!
HC-128   test passed!
Rabbit   test passed!
DES      test passed!
DES3     test passed!
AES      test passed!
AES192   test passed!
AES256   test passed!
AES-GCM  test passed!
RSA      test passed!
DH       test passed!
DSA      test passed!
PWDBASED test passed!
ECC      test passed!
ECC buffer test passed!
logging  test passed!
mutex    test passed!
memcb    test failed!
 error = -13803
[SGXSan] ALWAYS: Enter enc_wolfTLSv1_2_client_method
[SGXSan] ALWAYS: Enter enc_wolfSSL_write
[SGXSan] ALWAYS: Enter enc_wolfSSL_read
[SGXSan] ALWAYS: Enter enc_wolfSSL_CTX_use_certificate_buffer
[SGXSan] ALWAYS: Enter enc_wolfSSL_Debugging_OFF
[SGXSan] ALWAYS: Enter enc_wolfSSL_CTX_set_cipher_list
[SGXSan] ALWAYS: Enter enc_wolfSSL_set_fd
[SGXSan] ALWAYS: Enter enc_wolfSSL_CTX_use_PrivateKey_buffer
[SGXSan] ALWAYS: Enter enc_wolfSSL_new
[SGXSan] ALWAYS: Enter enc_wolfSSL_Cleanup
[SGXSan] ALWAYS: Enter enc_wolfSSL_CTX_use_certificate_chain_buffer_format
[SGXSan] ALWAYS: Enter enc_wolfSSL_CTX_free
[SGXSan] ALWAYS: Enter enc_wolfTLSv1_2_server_method
[SGXSan] ALWAYS: Enter wc_benchmark_test
------------------------------------------------------------------------------
 wolfSSL version 5.1.0
------------------------------------------------------------------------------
wolfCrypt Benchmark (block bytes 1048576, min 1.0 sec each)
RNG                 15 MB took 1.119 seconds,   13.401 MB/s
AES-128-CBC-enc     35 MB took 1.044 seconds,   33.522 MB/s
AES-128-CBC-dec     35 MB took 1.147 seconds,   30.520 MB/s
AES-192-CBC-enc     30 MB took 1.045 seconds,   28.699 MB/s
AES-192-CBC-dec     30 MB took 1.118 seconds,   26.838 MB/s
AES-256-CBC-enc     30 MB took 1.163 seconds,   25.798 MB/s
AES-256-CBC-dec     25 MB took 1.025 seconds,   24.384 MB/s
AES-128-GCM-enc     25 MB took 1.059 seconds,   23.604 MB/s
AES-128-GCM-dec     25 MB took 1.042 seconds,   23.996 MB/s
AES-192-GCM-enc     25 MB took 1.170 seconds,   21.372 MB/s
AES-192-GCM-dec     25 MB took 1.166 seconds,   21.449 MB/s
AES-256-GCM-enc     20 MB took 1.013 seconds,   19.741 MB/s
AES-256-GCM-dec     20 MB took 1.025 seconds,   19.511 MB/s
GMAC Table 4-bit    70 MB took 1.013 seconds,   69.078 MB/s
RABBIT              95 MB took 1.026 seconds,   92.622 MB/s
3DES                10 MB took 1.068 seconds,    9.364 MB/s
MD5                305 MB took 1.004 seconds,  303.642 MB/s
SHA                130 MB took 1.020 seconds,  127.406 MB/s
SHA-256             35 MB took 1.129 seconds,   31.012 MB/s
HMAC-MD5           305 MB took 1.009 seconds,  302.156 MB/s
HMAC-SHA           135 MB took 1.026 seconds,  131.585 MB/s
HMAC-SHA256         35 MB took 1.109 seconds,   31.551 MB/s
PBKDF2               4 KB took 1.000 seconds,    3.875 KB/s
RSA     2048 public       1500 ops took 1.064 sec, avg 0.709 ms, 1409.736 ops/sec
RSA     2048 private       100 ops took 3.613 sec, avg 36.130 ms, 27.678 ops/sec
DH      2048 key gen        67 ops took 1.006 sec, avg 15.015 ms, 66.600 ops/sec
DH      2048 agree         100 ops took 1.535 sec, avg 15.346 ms, 65.163 ops/sec
ECC   [      SECP256R1]   256 key gen      1429 ops took 1.001 sec, avg 0.700 ms, 1428.193 ops/sec
ECDHE [      SECP256R1]   256 agree        1000 ops took 1.085 sec, avg 1.085 ms, 921.545 ops/sec
ECDSA [      SECP256R1]   256 sign         1300 ops took 1.073 sec, avg 0.826 ms, 1211.183 ops/sec
ECDSA [      SECP256R1]   256 verify        900 ops took 1.025 sec, avg 1.139 ms, 878.058 ops/sec
Benchmark complete
[SGXSan] ALWAYS: Enter enc_wolfSSL_get_error
[SGXSan] ALWAYS: Enter enc_wolfSSL_free
[SGXSan] ALWAYS: Enter enc_wolfSSL_CTX_new
[SGXSan] ALWAYS: Enter enc_wolfSSL_get_error
[SGXSan] ALWAYS: Enter enc_wolfSSL_free
[SGXSan] ALWAYS: Enter enc_wolfSSL_CTX_free
[SGXSan] ALWAYS: Enter enc_wolfSSL_connect
[SGXSan] ALWAYS: Enter enc_wolfSSL_CTX_new
[SGXSan] ALWAYS: Enter enc_wolfTLSv1_2_client_method
[SGXSan] ALWAYS: Enter wc_benchmark_test
------------------------------------------------------------------------------
 wolfSSL version 5.1.0
------------------------------------------------------------------------------
wolfCrypt Benchmark (block bytes 1048576, min 1.0 sec each)
RNG                 15 MB took 1.138 seconds,   13.186 MB/s
AES-128-CBC-enc     35 MB took 1.050 seconds,   33.321 MB/s
AES-128-CBC-dec     35 MB took 1.151 seconds,   30.421 MB/s
AES-192-CBC-enc     30 MB took 1.055 seconds,   28.438 MB/s
AES-192-CBC-dec     30 MB took 1.121 seconds,   26.772 MB/s
AES-256-CBC-enc     30 MB took 1.186 seconds,   25.297 MB/s
AES-256-CBC-dec     25 MB took 1.020 seconds,   24.502 MB/s
AES-128-GCM-enc     25 MB took 1.046 seconds,   23.892 MB/s
AES-128-GCM-dec     25 MB took 1.034 seconds,   24.181 MB/s
AES-192-GCM-enc     25 MB took 1.137 seconds,   21.983 MB/s
AES-192-GCM-dec     25 MB took 1.182 seconds,   21.144 MB/s
AES-256-GCM-enc     20 MB took 1.006 seconds,   19.882 MB/s
AES-256-GCM-dec     20 MB took 1.018 seconds,   19.652 MB/s
GMAC Table 4-bit    70 MB took 1.013 seconds,   69.081 MB/s
RABBIT              95 MB took 1.032 seconds,   92.022 MB/s
3DES                10 MB took 1.091 seconds,    9.168 MB/s
MD5                305 MB took 1.012 seconds,  301.274 MB/s
SHA                130 MB took 1.020 seconds,  127.412 MB/s
SHA-256             35 MB took 1.134 seconds,   30.874 MB/s
HMAC-MD5           310 MB took 1.014 seconds,  305.748 MB/s
HMAC-SHA           130 MB took 1.004 seconds,  129.485 MB/s
HMAC-SHA256         35 MB took 1.117 seconds,   31.327 MB/s
PBKDF2               4 KB took 1.006 seconds,    3.760 KB/s
RSA     2048 public       1500 ops took 1.063 sec, avg 0.709 ms, 1411.067 ops/sec
RSA     2048 private       100 ops took 3.631 sec, avg 36.315 ms, 27.537 ops/sec
DH      2048 key gen        65 ops took 1.003 sec, avg 15.437 ms, 64.780 ops/sec
DH      2048 agree         100 ops took 1.536 sec, avg 15.365 ms, 65.085 ops/sec
ECC   [      SECP256R1]   256 key gen      1425 ops took 1.001 sec, avg 0.702 ms, 1424.046 ops/sec
ECDHE [      SECP256R1]   256 agree        1000 ops took 1.073 sec, avg 1.073 ms, 931.842 ops/sec
ECDSA [      SECP256R1]   256 sign         1300 ops took 1.082 sec, avg 0.832 ms, 1201.949 ops/sec
ECDSA [      SECP256R1]   256 verify        900 ops took 1.020 sec, avg 1.134 ms, 882.168 ops/sec
Benchmark complete
[SGXSan] ALWAYS: Enter enc_wolfSSL_Init
[SGXSan] ALWAYS: Enter enc_wolfSSL_write
[SGXSan] ALWAYS: Enter enc_wolfTLSv1_2_server_method
[SGXSan] ALWAYS: Enter enc_wolfSSL_CTX_load_verify_buffer
[SGXSan] ALWAYS: Enter enc_wolfSSL_CTX_set_cipher_list
[SGXSan] ALWAYS: Enter enc_wolfSSL_CTX_use_PrivateKey_buffer
[SGXSan] ALWAYS: Enter enc_wolfSSL_read
[SGXSan] ALWAYS: Enter enc_wolfSSL_Cleanup
[SGXSan] ALWAYS: Enter enc_wolfSSL_CTX_use_certificate_chain_buffer_format
[SGXSan] ALWAYS: Enter wc_test
------------------------------------------------------------------------------
 wolfSSL version 5.1.0
------------------------------------------------------------------------------
error    test passed!
MEMORY   test passed!
base64   test passed!
asn      test passed!
RANDOM   test passed!
MD5      test passed!
MD4      test passed!
SHA      test passed!
SHA-256  test passed!
Hash     test passed!
HMAC-MD5 test passed!
HMAC-SHA test passed!
HMAC-SHA256 test passed!
GMAC     test passed!
HC-128   test passed!
Rabbit   test passed!
DES      test passed!
DES3     test passed!
AES      test passed!
AES192   test passed!
AES256   test passed!
AES-GCM  test passed!
RSA      test passed!
DH       test passed!
DSA      test passed!
PWDBASED test passed!
ECC      test passed!
ECC buffer test passed!
logging  test passed!
mutex    test passed!
memcb    test failed!
 error = -13803
[SGXSan] ALWAYS: Enter enc_wolfSSL_CTX_use_certificate_buffer
[SGXSan] ALWAYS: Enter enc_wolfSSL_Debugging_ON
[SGXSan] ALWAYS: Enter enc_wolfSSL_set_fd
[SGXSan] ALWAYS: Enter enc_wolfSSL_new
[SGXSan] ALWAYS: Enter enc_wolfSSL_Debugging_OFF
[SGXSan] ALWAYS: Enter enc_wolfSSL_CTX_free
[SGXSan] ALWAYS: Enter enc_wolfSSL_CTX_set_cipher_list
[SGXSan] ALWAYS: Enter enc_wolfSSL_Cleanup
[SGXSan] ALWAYS: Enter enc_wolfSSL_Debugging_OFF
[SGXSan] ALWAYS: Enter enc_wolfSSL_write
[SGXSan] ALWAYS: Enter enc_wolfSSL_Init
[SGXSan] ALWAYS: Enter enc_wolfSSL_CTX_use_certificate_chain_buffer_format
[SGXSan] ALWAYS: Enter enc_wolfSSL_get_error
[SGXSan] ALWAYS: Enter enc_wolfSSL_CTX_new
[SGXSan] ALWAYS: Enter enc_wolfSSL_connect
[SGXSan] ALWAYS: Enter enc_wolfSSL_CTX_load_verify_buffer
[SGXSan] ALWAYS: Enter enc_wolfSSL_read
[SGXSan] ALWAYS: Enter enc_wolfSSL_set_fd
[SGXSan] ALWAYS: Enter enc_wolfSSL_new
[SGXSan] ALWAYS: Enter enc_wolfTLSv1_2_server_method
[SGXSan] ALWAYS: Enter enc_wolfTLSv1_2_client_method
[SGXSan] ALWAYS: Enter enc_wolfSSL_CTX_use_PrivateKey_buffer
[SGXSan] ALWAYS: Enter enc_wolfSSL_Debugging_ON
[SGXSan] ALWAYS: Enter enc_wolfSSL_free
[SGXSan] ALWAYS: Enter wc_test
------------------------------------------------------------------------------
 wolfSSL version 5.1.0
------------------------------------------------------------------------------
error    test passed!
MEMORY   test passed!
base64   test passed!
asn      test passed!
RANDOM   test passed!
MD5      test passed!
MD4      test passed!
SHA      test passed!
SHA-256  test passed!
Hash     test passed!
HMAC-MD5 test passed!
HMAC-SHA test passed!
HMAC-SHA256 test passed!
GMAC     test passed!
HC-128   test passed!
Rabbit   test passed!
DES      test passed!
DES3     test passed!
AES      test passed!
AES192   test passed!
AES256   test passed!
AES-GCM  test passed!
RSA      test passed!
DH       test passed!
DSA      test passed!
PWDBASED test passed!
ECC      test passed!
ECC buffer test passed!
logging  test passed!
mutex    test passed!
memcb    test failed!
 error = -13803
[SGXSan] ALWAYS: Enter enc_wolfSSL_CTX_use_certificate_buffer
[SGXSan] ALWAYS: Enter wc_benchmark_test
#7	INITED cov: 6292 ft: 6307 corp: 4/1504Kb exec/s: 0 rss: 84Mb
------------------------------------------------------------------------------
 wolfSSL version 5.1.0
------------------------------------------------------------------------------
wolfCrypt Benchmark (block bytes 1048576, min 1.0 sec each)
RNG                 15 MB took 1.123 seconds,   13.362 MB/s
AES-128-CBC-enc     35 MB took 1.038 seconds,   33.708 MB/s
AES-128-CBC-dec     35 MB took 1.130 seconds,   30.971 MB/s
AES-192-CBC-enc     30 MB took 1.048 seconds,   28.625 MB/s
AES-192-CBC-dec     30 MB took 1.107 seconds,   27.112 MB/s
AES-256-CBC-enc     30 MB took 1.165 seconds,   25.743 MB/s
AES-256-CBC-dec     25 MB took 1.035 seconds,   24.161 MB/s
AES-128-GCM-enc     25 MB took 1.046 seconds,   23.908 MB/s
AES-128-GCM-dec     25 MB took 1.047 seconds,   23.874 MB/s
AES-192-GCM-enc     25 MB took 1.179 seconds,   21.213 MB/s
AES-192-GCM-dec     25 MB took 1.167 seconds,   21.427 MB/s
AES-256-GCM-enc     20 MB took 1.006 seconds,   19.881 MB/s
AES-256-GCM-dec     20 MB took 1.008 seconds,   19.841 MB/s
GMAC Table 4-bit    70 MB took 1.010 seconds,   69.304 MB/s
RABBIT              95 MB took 1.031 seconds,   92.128 MB/s
3DES                10 MB took 1.076 seconds,    9.291 MB/s
MD5                305 MB took 1.010 seconds,  301.864 MB/s
SHA                130 MB took 1.008 seconds,  129.012 MB/s
SHA-256             35 MB took 1.131 seconds,   30.939 MB/s
HMAC-MD5           300 MB took 1.001 seconds,  299.743 MB/s
HMAC-SHA           130 MB took 1.016 seconds,  127.970 MB/s
HMAC-SHA256         35 MB took 1.134 seconds,   30.856 MB/s
PBKDF2               4 KB took 1.003 seconds,    3.832 KB/s
RSA     2048 public       1500 ops took 1.063 sec, avg 0.708 ms, 1411.689 ops/sec
RSA     2048 private       100 ops took 3.597 sec, avg 35.970 ms, 27.801 ops/sec
DH      2048 key gen        66 ops took 1.000 sec, avg 15.158 ms, 65.971 ops/sec
DH      2048 agree         100 ops took 1.546 sec, avg 15.460 ms, 64.683 ops/sec
ECC   [      SECP256R1]   256 key gen      1432 ops took 1.001 sec, avg 0.699 ms, 1431.178 ops/sec
ECDHE [      SECP256R1]   256 agree        1000 ops took 1.076 sec, avg 1.076 ms, 929.194 ops/sec
ECDSA [      SECP256R1]   256 sign         1300 ops took 1.064 sec, avg 0.819 ms, 1221.686 ops/sec
ECDSA [      SECP256R1]   256 verify        900 ops took 1.027 sec, avg 1.141 ms, 876.668 ops/sec
Benchmark complete
[SGXSan] ALWAYS: Enter wc_benchmark_test
------------------------------------------------------------------------------
 wolfSSL version 5.1.0
------------------------------------------------------------------------------
wolfCrypt Benchmark (block bytes 1048576, min 1.0 sec each)
RNG                 15 MB took 1.138 seconds,   13.176 MB/s
AES-128-CBC-enc     35 MB took 1.050 seconds,   33.320 MB/s
AES-128-CBC-dec     35 MB took 1.144 seconds,   30.588 MB/s
AES-192-CBC-enc     30 MB took 1.045 seconds,   28.714 MB/s
AES-192-CBC-dec     30 MB took 1.099 seconds,   27.289 MB/s
AES-256-CBC-enc     30 MB took 1.155 seconds,   25.981 MB/s
AES-256-CBC-dec     25 MB took 1.027 seconds,   24.338 MB/s
AES-128-GCM-enc     25 MB took 1.048 seconds,   23.860 MB/s
AES-128-GCM-dec     25 MB took 1.040 seconds,   24.043 MB/s
AES-192-GCM-enc     25 MB took 1.145 seconds,   21.828 MB/s
AES-192-GCM-dec     25 MB took 1.135 seconds,   22.028 MB/s
AES-256-GCM-enc     20 MB took 1.007 seconds,   19.858 MB/s
AES-256-GCM-dec     20 MB took 1.006 seconds,   19.882 MB/s
GMAC Table 4-bit    68 MB took 1.002 seconds,   67.846 MB/s
RABBIT              95 MB took 1.041 seconds,   91.271 MB/s
3DES                10 MB took 1.084 seconds,    9.224 MB/s
MD5                305 MB took 1.002 seconds,  304.413 MB/s
SHA                130 MB took 1.009 seconds,  128.795 MB/s
SHA-256             35 MB took 1.139 seconds,   30.725 MB/s
HMAC-MD5           305 MB took 1.004 seconds,  303.891 MB/s
HMAC-SHA           130 MB took 1.016 seconds,  127.935 MB/s
HMAC-SHA256         35 MB took 1.133 seconds,   30.898 MB/s
PBKDF2               4 KB took 1.007 seconds,    3.817 KB/s
RSA     2048 public       1400 ops took 1.007 sec, avg 0.719 ms, 1390.674 ops/sec
RSA     2048 private       100 ops took 3.556 sec, avg 35.558 ms, 28.123 ops/sec
DH      2048 key gen        66 ops took 1.004 sec, avg 15.207 ms, 65.761 ops/sec
DH      2048 agree         100 ops took 1.539 sec, avg 15.394 ms, 64.961 ops/sec
ECC   [      SECP256R1]   256 key gen      1410 ops took 1.001 sec, avg 0.710 ms, 1409.132 ops/sec
ECDHE [      SECP256R1]   256 agree        1000 ops took 1.060 sec, avg 1.060 ms, 942.999 ops/sec
ECDSA [      SECP256R1]   256 sign         1300 ops took 1.069 sec, avg 0.823 ms, 1215.660 ops/sec
ECDSA [      SECP256R1]   256 verify        900 ops took 1.023 sec, avg 1.137 ms, 879.353 ops/sec
Benchmark complete
[SGXSan] ALWAYS: Enter enc_wolfSSL_CTX_use_PrivateKey_buffer
[SGXSan] ALWAYS: Enter enc_wolfSSL_CTX_new
[SGXSan] ALWAYS: Enter enc_wolfSSL_connect
[SGXSan] ALWAYS: Enter enc_wolfTLSv1_2_client_method
[SGXSan] ALWAYS: Enter enc_wolfSSL_Debugging_OFF
[SGXSan] ALWAYS: Enter enc_wolfSSL_CTX_free
[SGXSan] ALWAYS: Enter wc_test
------------------------------------------------------------------------------
 wolfSSL version 5.1.0
------------------------------------------------------------------------------
error    test passed!
MEMORY   test passed!
base64   test passed!
asn      test passed!
RANDOM   test passed!
MD5      test passed!
MD4      test passed!
SHA      test passed!
SHA-256  test passed!
Hash     test passed!
HMAC-MD5 test passed!
HMAC-SHA test passed!
HMAC-SHA256 test passed!
GMAC     test passed!
HC-128   test passed!
Rabbit   test passed!
DES      test passed!
DES3     test passed!
AES      test passed!
AES192   test passed!
AES256   test passed!
AES-GCM  test passed!
RSA      test passed!
DH       test passed!
DSA      test passed!
PWDBASED test passed!
ECC      test passed!
ECC buffer test passed!
logging  test passed!
mutex    test passed!
memcb    test failed!
 error = -13803
[SGXSan] ALWAYS: Enter enc_wolfSSL_CTX_use_certificate_chain_buffer_format
[SGXSan] ALWAYS: Enter enc_wolfSSL_Debugging_ON
[SGXSan] ALWAYS: Enter enc_wolfSSL_set_fd
[SGXSan] ALWAYS: Enter enc_wolfSSL_write
[SGXSan] ALWAYS: Enter enc_wolfSSL_CTX_set_cipher_list
[SGXSan] ALWAYS: Enter enc_wolfSSL_Init
[SGXSan] ALWAYS: Enter enc_wolfSSL_Cleanup
[SGXSan] ALWAYS: Enter enc_wolfSSL_CTX_load_verify_buffer
[SGXSan] ALWAYS: Enter enc_wolfSSL_new
[SGXSan] ALWAYS: Enter enc_wolfSSL_free
[SGXSan] ALWAYS: Enter enc_wolfSSL_get_error
[SGXSan] ALWAYS: Enter enc_wolfTLSv1_2_server_method
[SGXSan] ALWAYS: Enter enc_wolfSSL_CTX_use_certificate_buffer
[SGXSan] ALWAYS: Enter enc_wolfSSL_read
#8	pulse  cov: 6292 ft: 6312 corp: 4/1504Kb lim: 1000000 exec/s: 0 rss: 89Mb
#8	NEW    cov: 6292 ft: 6312 corp: 5/1885Kb lim: 1000000 exec/s: 0 rss: 90Mb L: 390122/390122 MS: 2 InsertRepeatedBytes-Custom-
#8	DONE   cov: 6292 ft: 6312 corp: 5/1885Kb lim: 1000000 exec/s: 0 rss: 90Mb
Done 8 runs in 335 second(s)
stat::number_of_executed_units: 8
stat::average_exec_per_sec:     0
stat::new_units_added:          1
stat::slowest_unit_time_sec:    41
stat::peak_rss_mb:              90
