WARNING: Failed to find function "__sanitizer_acquire_crash_state".
WARNING: Failed to find function "__sanitizer_print_stack_trace".
WARNING: Failed to find function "__sanitizer_set_death_callback".
[2023-01-15 16:54:44.633] [Init] Num of ECall: 22
[2023-01-15 16:54:44.633] ECalls:
  0 - fuzz_enc_wolfSSL_CTX_free
  1 - fuzz_enc_wolfSSL_CTX_load_verify_buffer
  2 - fuzz_enc_wolfSSL_CTX_new
  3 - fuzz_enc_wolfSSL_CTX_set_cipher_list
  4 - fuzz_enc_wolfSSL_CTX_use_PrivateKey_buffer
  5 - fuzz_enc_wolfSSL_CTX_use_certificate_buffer
  6 - fuzz_enc_wolfSSL_CTX_use_certificate_chain_buffer_format
  7 - fuzz_enc_wolfSSL_Cleanup
  8 - fuzz_enc_wolfSSL_Debugging_OFF
  9 - fuzz_enc_wolfSSL_Debugging_ON
  10 - fuzz_enc_wolfSSL_Init
  11 - fuzz_enc_wolfSSL_connect
  12 - fuzz_enc_wolfSSL_free
  13 - fuzz_enc_wolfSSL_get_error
  14 - fuzz_enc_wolfSSL_new
  15 - fuzz_enc_wolfSSL_read
  16 - fuzz_enc_wolfSSL_set_fd
  17 - fuzz_enc_wolfSSL_write
  18 - fuzz_enc_wolfTLSv1_2_client_method
  19 - fuzz_enc_wolfTLSv1_2_server_method
  20 - fuzz_wc_benchmark_test
  21 - fuzz_wc_test

INFO: found LLVMFuzzerCustomMutator (0x44ac30). Disabling -len_control by default.
INFO: libFuzzer ignores flags that start with '--'
INFO: Running with entropic power schedule (0xFF, 100).
INFO: Seed: 256710374
INFO: Loaded 1 modules   (291 inline 8-bit counters): 291 [0x4cb7e8, 0x4cb90b), 
INFO: Loaded 1 PC tables (291 PCs): 291 [0x4cb910,0x4ccb40), 
INFO:        0 files found in /tmp/libFuzzerTemp.FuzzWithFork422940.dir/C34
[SGXSan] ALWAYS: Hook __sanitizer_cov_8bit_counters_init of Enclave, 21636 inline 8-bit counts [0x7f9b63adf9c0, 0x7f9b63ae4e44) (First time)
[SGXSan] ALWAYS: Hook __sanitizer_cov_pcs_init of Enclave, 21636 PCs [0x7f9b63ae4e48, 0x7f9b63b39688) (First time)
[SGXSan] ALWAYS: Enter enc_wolfSSL_CTX_free
[SGXSan] ALWAYS: Enter enc_wolfSSL_CTX_load_verify_buffer
[SGXSan] ALWAYS: Enter enc_wolfSSL_CTX_new
[SGXSan] ALWAYS: Enter enc_wolfSSL_CTX_set_cipher_list
[SGXSan] ALWAYS: Enter enc_wolfSSL_CTX_use_PrivateKey_buffer
[SGXSan] ALWAYS: Enter enc_wolfSSL_CTX_use_certificate_buffer
[SGXSan] ALWAYS: Enter enc_wolfSSL_CTX_use_certificate_chain_buffer_format
[SGXSan] ALWAYS: Enter enc_wolfSSL_Cleanup
[SGXSan] ALWAYS: Enter enc_wolfSSL_Debugging_OFF
[SGXSan] ALWAYS: Enter enc_wolfSSL_Debugging_ON
[SGXSan] ALWAYS: Enter enc_wolfSSL_Init
[SGXSan] ALWAYS: Enter enc_wolfSSL_connect
[SGXSan] ALWAYS: Enter enc_wolfSSL_free
[SGXSan] ALWAYS: Enter enc_wolfSSL_get_error
[SGXSan] ALWAYS: Enter enc_wolfSSL_new
[SGXSan] ALWAYS: Enter enc_wolfSSL_read
[SGXSan] ALWAYS: Enter enc_wolfSSL_set_fd
[SGXSan] ALWAYS: Enter enc_wolfSSL_write
[SGXSan] ALWAYS: Enter enc_wolfTLSv1_2_client_method
[SGXSan] ALWAYS: Enter enc_wolfTLSv1_2_server_method
[SGXSan] ALWAYS: Enter wc_benchmark_test
------------------------------------------------------------------------------
 wolfSSL version 5.1.0
------------------------------------------------------------------------------
wolfCrypt Benchmark (block bytes 1048576, min 1.0 sec each)
RNG                 15 MB took 1.191 seconds,   12.593 MB/s
AES-128-CBC-enc     35 MB took 1.084 seconds,   32.273 MB/s
AES-128-CBC-dec     30 MB took 1.001 seconds,   29.978 MB/s
AES-192-CBC-enc     30 MB took 1.081 seconds,   27.741 MB/s
AES-192-CBC-dec     30 MB took 1.151 seconds,   26.054 MB/s
AES-256-CBC-enc     25 MB took 1.022 seconds,   24.463 MB/s
AES-256-CBC-dec     25 MB took 1.039 seconds,   24.068 MB/s
AES-128-GCM-enc     25 MB took 1.063 seconds,   23.510 MB/s
AES-128-GCM-dec     25 MB took 1.065 seconds,   23.474 MB/s
AES-192-GCM-enc     25 MB took 1.196 seconds,   20.910 MB/s
AES-192-GCM-dec     25 MB took 1.211 seconds,   20.653 MB/s
AES-256-GCM-enc     20 MB took 1.033 seconds,   19.356 MB/s
AES-256-GCM-dec     20 MB took 1.046 seconds,   19.126 MB/s
GMAC Table 4-bit    68 MB took 1.012 seconds,   67.209 MB/s
RABBIT              95 MB took 1.041 seconds,   91.273 MB/s
3DES                10 MB took 1.109 seconds,    9.020 MB/s
MD5                300 MB took 1.009 seconds,  297.296 MB/s
SHA                125 MB took 1.014 seconds,  123.276 MB/s
SHA-256             35 MB took 1.163 seconds,   30.092 MB/s
HMAC-MD5           300 MB took 1.013 seconds,  296.102 MB/s
HMAC-SHA           125 MB took 1.014 seconds,  123.280 MB/s
HMAC-SHA256         30 MB took 1.001 seconds,   29.970 MB/s
PBKDF2               4 KB took 1.007 seconds,    3.723 KB/s
RSA     2048 public       1500 ops took 1.070 sec, avg 0.714 ms, 1401.510 ops/sec
RSA     2048 private       100 ops took 3.778 sec, avg 37.776 ms, 26.472 ops/sec
DH      2048 key gen        64 ops took 1.006 sec, avg 15.715 ms, 63.633 ops/sec
DH      2048 agree         100 ops took 1.561 sec, avg 15.615 ms, 64.042 ops/sec
ECC   [      SECP256R1]   256 key gen      1389 ops took 1.000 sec, avg 0.720 ms, 1388.774 ops/sec
ECDHE [      SECP256R1]   256 agree         900 ops took 1.002 sec, avg 1.113 ms, 898.279 ops/sec
ECDSA [      SECP256R1]   256 sign         1300 ops took 1.076 sec, avg 0.827 ms, 1208.559 ops/sec
ECDSA [      SECP256R1]   256 verify        900 ops took 1.028 sec, avg 1.142 ms, 875.343 ops/sec
Benchmark complete
[SGXSan] ALWAYS: Enter wc_test
INFO: A corpus is not provided, starting from an empty corpus
------------------------------------------------------------------------------
 wolfSSL version 5.1.0
------------------------------------------------------------------------------
error    test passed!
MEMORY   test passed!
base64   test passed!
asn      test passed!
RANDOM   test passed!
MD5      test passed!
MD4      test passed!
SHA      test passed!
SHA-256  test passed!
Hash     test passed!
HMAC-MD5 test passed!
HMAC-SHA test passed!
HMAC-SHA256 test passed!
GMAC     test passed!
HC-128   test passed!
Rabbit   test passed!
DES      test passed!
DES3     test passed!
AES      test passed!
AES192   test passed!
AES256   test passed!
AES-GCM  test passed!
RSA      test passed!
DH       test passed!
DSA      test passed!
PWDBASED test passed!
ECC      test passed!
ECC buffer test passed!
logging  test passed!
mutex    test passed!
memcb    test passed!
Test complete
[SGXSan] ALWAYS: Enter enc_wolfSSL_Init
[SGXSan] ALWAYS: Enter enc_wolfSSL_CTX_free
[SGXSan] ALWAYS: Enter enc_wolfSSL_CTX_load_verify_buffer
[SGXSan] ALWAYS: Enter enc_wolfSSL_CTX_new
[SGXSan] ALWAYS: Enter enc_wolfSSL_CTX_set_cipher_list
[SGXSan] ALWAYS: Enter enc_wolfSSL_CTX_use_PrivateKey_buffer
[SGXSan] ALWAYS: Enter enc_wolfSSL_CTX_use_certificate_buffer
[SGXSan] ALWAYS: Enter enc_wolfSSL_CTX_use_certificate_chain_buffer_format
[SGXSan] ALWAYS: Enter enc_wolfSSL_Cleanup
[SGXSan] ALWAYS: Enter enc_wolfSSL_Debugging_OFF
[SGXSan] ALWAYS: Enter enc_wolfSSL_Debugging_ON
[SGXSan] ALWAYS: Enter enc_wolfSSL_connect
[SGXSan] ALWAYS: Enter enc_wolfSSL_free
[SGXSan] ALWAYS: Enter enc_wolfSSL_get_error
[SGXSan] ALWAYS: Enter enc_wolfSSL_new
[SGXSan] ALWAYS: Enter enc_wolfSSL_read
[SGXSan] ALWAYS: Enter enc_wolfSSL_set_fd
[SGXSan] ALWAYS: Enter enc_wolfSSL_write
[SGXSan] ALWAYS: Enter enc_wolfTLSv1_2_client_method
[SGXSan] ALWAYS: Enter enc_wolfTLSv1_2_server_method
[SGXSan] ALWAYS: Enter wc_benchmark_test
------------------------------------------------------------------------------
 wolfSSL version 5.1.0
------------------------------------------------------------------------------
wolfCrypt Benchmark (block bytes 1048576, min 1.0 sec each)
RNG                 15 MB took 1.158 seconds,   12.955 MB/s
AES-128-CBC-enc     35 MB took 1.088 seconds,   32.156 MB/s
AES-128-CBC-dec     30 MB took 1.024 seconds,   29.284 MB/s
AES-192-CBC-enc     30 MB took 1.052 seconds,   28.509 MB/s
AES-192-CBC-dec     30 MB took 1.116 seconds,   26.893 MB/s
AES-256-CBC-enc     30 MB took 1.161 seconds,   25.833 MB/s
AES-256-CBC-dec     25 MB took 1.006 seconds,   24.844 MB/s
AES-128-GCM-enc     25 MB took 1.051 seconds,   23.779 MB/s
AES-128-GCM-dec     25 MB took 1.056 seconds,   23.672 MB/s
AES-192-GCM-enc     25 MB took 1.166 seconds,   21.445 MB/s
AES-192-GCM-dec     25 MB took 1.175 seconds,   21.278 MB/s
AES-256-GCM-enc     20 MB took 1.034 seconds,   19.336 MB/s
AES-256-GCM-dec     20 MB took 1.047 seconds,   19.108 MB/s
GMAC Table 4-bit    68 MB took 1.012 seconds,   67.200 MB/s
RABBIT              90 MB took 1.014 seconds,   88.752 MB/s
3DES                10 MB took 1.111 seconds,    9.004 MB/s
MD5                300 MB took 1.008 seconds,  297.595 MB/s
SHA                125 MB took 1.007 seconds,  124.099 MB/s
SHA-256             35 MB took 1.119 seconds,   31.272 MB/s
HMAC-MD5           305 MB took 1.014 seconds,  300.760 MB/s
HMAC-SHA           130 MB took 1.020 seconds,  127.499 MB/s
HMAC-SHA256         35 MB took 1.131 seconds,   30.939 MB/s
PBKDF2               4 KB took 1.003 seconds,    3.739 KB/s
RSA     2048 public       1400 ops took 1.023 sec, avg 0.731 ms, 1368.135 ops/sec
RSA     2048 private       100 ops took 3.765 sec, avg 37.654 ms, 26.557 ops/sec
DH      2048 key gen        64 ops took 1.003 sec, avg 15.677 ms, 63.789 ops/sec
DH      2048 agree         100 ops took 1.569 sec, avg 15.690 ms, 63.733 ops/sec
ECC   [      SECP256R1]   256 key gen      1419 ops took 1.001 sec, avg 0.705 ms, 1418.080 ops/sec
ECDHE [      SECP256R1]   256 agree        1000 ops took 1.056 sec, avg 1.056 ms, 946.714 ops/sec
ECDSA [      SECP256R1]   256 sign         1300 ops took 1.072 sec, avg 0.824 ms, 1212.958 ops/sec
ECDSA [      SECP256R1]   256 verify        900 ops took 1.023 sec, avg 1.137 ms, 879.869 ops/sec
Benchmark complete
[SGXSan] ALWAYS: Enter wc_test
#2	pulse  ft: 6289 exec/s: 0 rss: 48Mb
Slowest unit: 41 s:
artifact_prefix='./crashes/'; Test unit written to ./crashes/slow-unit-adc83b19e793491b1c6ea0fd8b46cd9f32e592fc
Base64: Cg==
#2	INITED cov: 6289 ft: 6289 corp: 1/1b exec/s: 0 rss: 49Mb
#2	DONE   cov: 6289 ft: 6289 corp: 1/1b lim: 4 exec/s: 0 rss: 49Mb
Done 2 runs in 83 second(s)
stat::number_of_executed_units: 2
stat::average_exec_per_sec:     0
stat::new_units_added:          0
stat::slowest_unit_time_sec:    41
stat::peak_rss_mb:              49
------------------------------------------------------------------------------
 wolfSSL version 5.1.0
------------------------------------------------------------------------------
error    test passed!
MEMORY   test passed!
base64   test passed!
asn      test passed!
RANDOM   test passed!
MD5      test passed!
MD4      test passed!
SHA      test passed!
SHA-256  test passed!
Hash     test passed!
HMAC-MD5 test passed!
HMAC-SHA test passed!
HMAC-SHA256 test passed!
GMAC     test passed!
HC-128   test passed!
Rabbit   test passed!
DES      test passed!
DES3     test passed!
AES      test passed!
AES192   test passed!
AES256   test passed!
AES-GCM  test passed!
RSA      test passed!
DH       test passed!
DSA      test passed!
PWDBASED test passed!
ECC      test passed!
ECC buffer test passed!
logging  test passed!
mutex    test passed!
memcb    test failed!
 error = -13803
