WARNING: Failed to find function "__sanitizer_acquire_crash_state".
WARNING: Failed to find function "__sanitizer_print_stack_trace".
WARNING: Failed to find function "__sanitizer_set_death_callback".
[CEnclavePool /home/leone/Documents/linux-sgx/psw/urts/enclave.cpp:638] enter CEnclavePool constructor
[2023-01-16 00:21:46.164] [Init] Num of ECall: 22
[2023-01-16 00:21:46.164] ECalls:
  0 - fuzz_enc_wolfSSL_CTX_free
  1 - fuzz_enc_wolfSSL_CTX_load_verify_buffer
  2 - fuzz_enc_wolfSSL_CTX_new
  3 - fuzz_enc_wolfSSL_CTX_set_cipher_list
  4 - fuzz_enc_wolfSSL_CTX_use_PrivateKey_buffer
  5 - fuzz_enc_wolfSSL_CTX_use_certificate_buffer
  6 - fuzz_enc_wolfSSL_CTX_use_certificate_chain_buffer_format
  7 - fuzz_enc_wolfSSL_Cleanup
  8 - fuzz_enc_wolfSSL_Debugging_OFF
  9 - fuzz_enc_wolfSSL_Debugging_ON
  10 - fuzz_enc_wolfSSL_Init
  11 - fuzz_enc_wolfSSL_connect
  12 - fuzz_enc_wolfSSL_free
  13 - fuzz_enc_wolfSSL_get_error
  14 - fuzz_enc_wolfSSL_new
  15 - fuzz_enc_wolfSSL_read
  16 - fuzz_enc_wolfSSL_set_fd
  17 - fuzz_enc_wolfSSL_write
  18 - fuzz_enc_wolfTLSv1_2_client_method
  19 - fuzz_enc_wolfTLSv1_2_server_method
  20 - fuzz_wc_benchmark_test
  21 - fuzz_wc_test

INFO: found LLVMFuzzerCustomMutator (0x44ac30). Disabling -len_control by default.
INFO: libFuzzer ignores flags that start with '--'
INFO: Running with entropic power schedule (0xFF, 100).
INFO: Seed: 4013243888
INFO: Loaded 1 modules   (291 inline 8-bit counters): 291 [0x4cb7e8, 0x4cb90b), 
INFO: Loaded 1 PC tables (291 PCs): 291 [0x4cb910,0x4ccb40), 
INFO:        0 files found in /tmp/libFuzzerTemp.FuzzWithFork422940.dir/C340
[SGXSan] ALWAYS: Hook __sanitizer_cov_8bit_counters_init of Enclave, 21636 inline 8-bit counts [0x7fbf524ed9c0, 0x7fbf524f2e44) (First time)
[SGXSan] ALWAYS: Hook __sanitizer_cov_pcs_init of Enclave, 21636 PCs [0x7fbf524f2e48, 0x7fbf52547688) (First time)
[SGXSan] ALWAYS: Enter enc_wolfSSL_CTX_free
[SGXSan] ALWAYS: Enter enc_wolfSSL_CTX_load_verify_buffer
[SGXSan] ALWAYS: Enter enc_wolfSSL_CTX_new
[SGXSan] ALWAYS: Enter enc_wolfSSL_CTX_set_cipher_list
[SGXSan] ALWAYS: Enter enc_wolfSSL_CTX_use_PrivateKey_buffer
[SGXSan] ALWAYS: Enter enc_wolfSSL_CTX_use_certificate_buffer
[SGXSan] ALWAYS: Enter enc_wolfSSL_CTX_use_certificate_chain_buffer_format
[SGXSan] ALWAYS: Enter enc_wolfSSL_Cleanup
[SGXSan] ALWAYS: Enter enc_wolfSSL_Debugging_OFF
[SGXSan] ALWAYS: Enter enc_wolfSSL_Debugging_ON
[SGXSan] ALWAYS: Enter enc_wolfSSL_Init
[SGXSan] ALWAYS: Enter enc_wolfSSL_connect
[SGXSan] ALWAYS: Enter enc_wolfSSL_free
[SGXSan] ALWAYS: Enter enc_wolfSSL_get_error
[SGXSan] ALWAYS: Enter enc_wolfSSL_new
[SGXSan] ALWAYS: Enter enc_wolfSSL_read
[SGXSan] ALWAYS: Enter enc_wolfSSL_set_fd
[SGXSan] ALWAYS: Enter enc_wolfSSL_write
[SGXSan] ALWAYS: Enter enc_wolfTLSv1_2_client_method
[SGXSan] ALWAYS: Enter enc_wolfTLSv1_2_server_method
[SGXSan] ALWAYS: Enter wc_benchmark_test
------------------------------------------------------------------------------
 wolfSSL version 5.1.0
------------------------------------------------------------------------------
wolfCrypt Benchmark (block bytes 1048576, min 1.0 sec each)
RNG                 15 MB took 1.214 seconds,   12.351 MB/s
AES-128-CBC-enc     35 MB took 1.081 seconds,   32.378 MB/s
AES-128-CBC-dec     35 MB took 1.149 seconds,   30.469 MB/s
AES-192-CBC-enc     30 MB took 1.059 seconds,   28.335 MB/s
AES-192-CBC-dec     30 MB took 1.127 seconds,   26.615 MB/s
AES-256-CBC-enc     30 MB took 1.177 seconds,   25.496 MB/s
AES-256-CBC-dec     25 MB took 1.048 seconds,   23.857 MB/s
AES-128-GCM-enc     25 MB took 1.045 seconds,   23.913 MB/s
AES-128-GCM-dec     25 MB took 1.044 seconds,   23.940 MB/s
AES-192-GCM-enc     25 MB took 1.164 seconds,   21.470 MB/s
AES-192-GCM-dec     25 MB took 1.172 seconds,   21.330 MB/s
AES-256-GCM-enc     20 MB took 1.019 seconds,   19.620 MB/s
AES-256-GCM-dec     20 MB took 1.016 seconds,   19.676 MB/s
GMAC Table 4-bit    69 MB took 1.008 seconds,   68.447 MB/s
RABBIT              95 MB took 1.039 seconds,   91.449 MB/s
3DES                10 MB took 1.075 seconds,    9.304 MB/s
MD5                305 MB took 1.003 seconds,  304.079 MB/s
SHA                130 MB took 1.003 seconds,  129.566 MB/s
SHA-256             35 MB took 1.126 seconds,   31.081 MB/s
HMAC-MD5           310 MB took 1.013 seconds,  305.985 MB/s
HMAC-SHA           130 MB took 1.001 seconds,  129.889 MB/s
HMAC-SHA256         35 MB took 1.133 seconds,   30.898 MB/s
PBKDF2               4 KB took 1.008 seconds,    3.784 KB/s
RSA     2048 public       1400 ops took 1.028 sec, avg 0.734 ms, 1361.791 ops/sec
RSA     2048 private       100 ops took 6.005 sec, avg 60.055 ms, 16.651 ops/sec
DH      2048 key gen        66 ops took 1.005 sec, avg 15.232 ms, 65.649 ops/sec
DH      2048 agree         100 ops took 1.519 sec, avg 15.193 ms, 65.819 ops/sec
ECC   [      SECP256R1]   256 key gen      1401 ops took 1.001 sec, avg 0.714 ms, 1399.875 ops/sec
ECDHE [      SECP256R1]   256 agree         500 ops took 1.003 sec, avg 2.007 ms, 498.310 ops/sec
ECDSA [      SECP256R1]   256 sign          800 ops took 1.103 sec, avg 1.379 ms, 724.977 ops/sec
ECDSA [      SECP256R1]   256 verify        500 ops took 1.072 sec, avg 2.143 ms, 466.625 ops/sec
Benchmark complete
[SGXSan] ALWAYS: Enter wc_test
INFO: seed corpus: files: 6 min: 370191b max: 390122b total: 2280939b rss: 43Mb
------------------------------------------------------------------------------
 wolfSSL version 5.1.0
------------------------------------------------------------------------------
error    test passed!
MEMORY   test passed!
base64   test passed!
asn      test passed!
RANDOM   test passed!
MD5      test passed!
MD4      test passed!
SHA      test passed!
SHA-256  test passed!
Hash     test passed!
HMAC-MD5 test passed!
HMAC-SHA test passed!
HMAC-SHA256 test passed!
GMAC     test passed!
HC-128   test passed!
Rabbit   test passed!
DES      test passed!
DES3     test passed!
AES      test passed!
AES192   test passed!
AES256   test passed!
AES-GCM  test passed!
RSA      test passed!
DH       test passed!
DSA      test passed!
PWDBASED test passed!
ECC      test passed!
ECC buffer test passed!
logging  test passed!
mutex    test passed!
memcb    test passed!
Test complete
[SGXSan] ALWAYS: Enter enc_wolfSSL_Debugging_OFF
[SGXSan] ALWAYS: Enter wc_test
------------------------------------------------------------------------------
 wolfSSL version 5.1.0
------------------------------------------------------------------------------
error    test passed!
MEMORY   test passed!
base64   test passed!
asn      test passed!
RANDOM   test passed!
MD5      test passed!
MD4      test passed!
SHA      test passed!
SHA-256  test passed!
Hash     test passed!
HMAC-MD5 test passed!
HMAC-SHA test passed!
HMAC-SHA256 test passed!
GMAC     test passed!
HC-128   test passed!
Rabbit   test passed!
DES      test passed!
DES3     test passed!
AES      test passed!
AES192   test passed!
AES256   test passed!
AES-GCM  test passed!
RSA      test passed!
DH       test passed!
DSA      test passed!
PWDBASED test passed!
ECC      test passed!
ECC buffer test passed!
logging  test passed!
mutex    test passed!
memcb    test failed!
 error = -13803
[SGXSan] ALWAYS: Enter enc_wolfSSL_CTX_set_cipher_list
[SGXSan] ALWAYS: Enter enc_wolfSSL_free
[SGXSan] ALWAYS: Enter enc_wolfSSL_get_error
[SGXSan] ALWAYS: Enter enc_wolfSSL_CTX_free
[SGXSan] ALWAYS: Enter enc_wolfSSL_Init
[SGXSan] ALWAYS: Enter enc_wolfSSL_CTX_new
[SGXSan] ALWAYS: Enter enc_wolfSSL_CTX_use_certificate_chain_buffer_format
[SGXSan] ALWAYS: Enter enc_wolfSSL_CTX_load_verify_buffer
[SGXSan] ALWAYS: Enter wc_benchmark_test
------------------------------------------------------------------------------
 wolfSSL version 5.1.0
------------------------------------------------------------------------------
wolfCrypt Benchmark (block bytes 1048576, min 1.0 sec each)
RNG                 15 MB took 1.142 seconds,   13.131 MB/s
AES-128-CBC-enc     35 MB took 1.045 seconds,   33.483 MB/s
AES-128-CBC-dec     35 MB took 1.147 seconds,   30.510 MB/s
AES-192-CBC-enc     25 MB took 1.019 seconds,   24.531 MB/s
AES-192-CBC-dec     15 MB took 1.028 seconds,   14.593 MB/s
AES-256-CBC-enc     15 MB took 1.073 seconds,   13.977 MB/s
AES-256-CBC-dec     15 MB took 1.061 seconds,   14.137 MB/s
AES-128-GCM-enc     25 MB took 1.126 seconds,   22.198 MB/s
AES-128-GCM-dec     25 MB took 1.086 seconds,   23.028 MB/s
AES-192-GCM-enc     25 MB took 1.268 seconds,   19.723 MB/s
AES-192-GCM-dec     15 MB took 1.244 seconds,   12.059 MB/s
AES-256-GCM-enc     15 MB took 1.367 seconds,   10.971 MB/s
AES-256-GCM-dec     15 MB took 1.379 seconds,   10.881 MB/s
GMAC Table 4-bit    43 MB took 1.002 seconds,   42.916 MB/s
RABBIT              85 MB took 1.052 seconds,   80.814 MB/s
3DES                10 MB took 1.082 seconds,    9.243 MB/s
MD5                305 MB took 1.005 seconds,  303.332 MB/s
SHA                130 MB took 1.007 seconds,  129.106 MB/s
SHA-256             35 MB took 1.121 seconds,   31.221 MB/s
HMAC-MD5           305 MB took 1.009 seconds,  302.354 MB/s
HMAC-SHA           130 MB took 1.021 seconds,  127.267 MB/s
HMAC-SHA256         35 MB took 1.132 seconds,   30.913 MB/s
PBKDF2               4 KB took 1.002 seconds,    3.744 KB/s
RSA     2048 public       1400 ops took 1.001 sec, avg 0.715 ms, 1398.983 ops/sec
RSA     2048 private       100 ops took 3.635 sec, avg 36.354 ms, 27.507 ops/sec
DH      2048 key gen        66 ops took 1.007 sec, avg 15.256 ms, 65.547 ops/sec
DH      2048 agree         100 ops took 1.520 sec, avg 15.196 ms, 65.809 ops/sec
ECC   [      SECP256R1]   256 key gen      1400 ops took 1.000 sec, avg 0.714 ms, 1399.981 ops/sec
ECDHE [      SECP256R1]   256 agree        1000 ops took 1.089 sec, avg 1.089 ms, 917.868 ops/sec
ECDSA [      SECP256R1]   256 sign         1200 ops took 1.005 sec, avg 0.838 ms, 1193.827 ops/sec
ECDSA [      SECP256R1]   256 verify        900 ops took 1.041 sec, avg 1.156 ms, 864.726 ops/sec
Benchmark complete
[SGXSan] ALWAYS: Enter enc_wolfSSL_Cleanup
[SGXSan] ALWAYS: Enter enc_wolfSSL_set_fd
[SGXSan] ALWAYS: Enter enc_wolfSSL_Debugging_ON
[SGXSan] ALWAYS: Enter enc_wolfSSL_write
[SGXSan] ALWAYS: Enter enc_wolfSSL_new
[SGXSan] ALWAYS: Enter enc_wolfTLSv1_2_server_method
[SGXSan] ALWAYS: Enter enc_wolfSSL_CTX_use_PrivateKey_buffer
[SGXSan] ALWAYS: Enter enc_wolfTLSv1_2_client_method
[SGXSan] ALWAYS: Enter enc_wolfSSL_connect
[SGXSan] ALWAYS: Enter enc_wolfSSL_CTX_use_certificate_buffer
[SGXSan] ALWAYS: Enter enc_wolfSSL_read
#2	pulse  ft: 6285 exec/s: 0 rss: 50Mb
Slowest unit: 42 s:
artifact_prefix='./crashes/'; Test unit written to ./crashes/slow-unit-fc2a3918386db7eebd06936de7ccef9e93f69f53
[SGXSan] ALWAYS: Enter enc_wolfSSL_new
[SGXSan] ALWAYS: Enter wc_test
------------------------------------------------------------------------------
 wolfSSL version 5.1.0
------------------------------------------------------------------------------
error    test passed!
MEMORY   test passed!
base64   test passed!
asn      test passed!
RANDOM   test passed!
MD5      test passed!
MD4      test passed!
SHA      test passed!
SHA-256  test passed!
Hash     test passed!
HMAC-MD5 test passed!
HMAC-SHA test passed!
HMAC-SHA256 test passed!
GMAC     test passed!
HC-128   test passed!
Rabbit   test passed!
DES      test passed!
DES3     test passed!
AES      test passed!
AES192   test passed!
AES256   test passed!
AES-GCM  test passed!
RSA      test passed!
DH       test passed!
DSA      test passed!
PWDBASED test passed!
ECC      test passed!
ECC buffer test passed!
logging  test passed!
mutex    test passed!
memcb    test failed!
 error = -13803
[SGXSan] ALWAYS: Enter enc_wolfSSL_CTX_use_certificate_chain_buffer_format
[SGXSan] ALWAYS: Enter enc_wolfSSL_write
[SGXSan] ALWAYS: Enter enc_wolfSSL_get_error
[SGXSan] ALWAYS: Enter enc_wolfSSL_CTX_load_verify_buffer
[SGXSan] ALWAYS: Enter enc_wolfSSL_CTX_use_PrivateKey_buffer
[SGXSan] ALWAYS: Enter enc_wolfSSL_CTX_use_certificate_buffer
[SGXSan] ALWAYS: Enter enc_wolfTLSv1_2_server_method
[SGXSan] ALWAYS: Enter enc_wolfSSL_Debugging_ON
[SGXSan] ALWAYS: Enter enc_wolfSSL_CTX_new
[SGXSan] ALWAYS: Enter enc_wolfSSL_Cleanup
[SGXSan] ALWAYS: Enter enc_wolfSSL_connect
[SGXSan] ALWAYS: Enter wc_benchmark_test
------------------------------------------------------------------------------
 wolfSSL version 5.1.0
------------------------------------------------------------------------------
wolfCrypt Benchmark (block bytes 1048576, min 1.0 sec each)
RNG                 15 MB took 1.145 seconds,   13.104 MB/s
AES-128-CBC-enc     35 MB took 1.052 seconds,   33.267 MB/s
AES-128-CBC-dec     35 MB took 1.155 seconds,   30.299 MB/s
AES-192-CBC-enc     30 MB took 1.078 seconds,   27.841 MB/s
AES-192-CBC-dec     30 MB took 1.137 seconds,   26.377 MB/s
AES-256-CBC-enc     30 MB took 1.195 seconds,   25.107 MB/s
AES-256-CBC-dec     25 MB took 1.043 seconds,   23.968 MB/s
AES-128-GCM-enc     25 MB took 1.051 seconds,   23.795 MB/s
AES-128-GCM-dec     25 MB took 1.047 seconds,   23.874 MB/s
AES-192-GCM-enc     25 MB took 1.173 seconds,   21.318 MB/s
AES-192-GCM-dec     25 MB took 1.191 seconds,   20.995 MB/s
AES-256-GCM-enc     20 MB took 1.026 seconds,   19.499 MB/s
AES-256-GCM-dec     20 MB took 1.028 seconds,   19.462 MB/s
GMAC Table 4-bit    68 MB took 1.001 seconds,   67.906 MB/s
RABBIT              95 MB took 1.047 seconds,   90.696 MB/s
3DES                10 MB took 1.081 seconds,    9.252 MB/s
MD5                305 MB took 1.014 seconds,  300.768 MB/s
SHA                130 MB took 1.005 seconds,  129.306 MB/s
SHA-256             35 MB took 1.131 seconds,   30.953 MB/s
HMAC-MD5           305 MB took 1.001 seconds,  304.798 MB/s
HMAC-SHA           130 MB took 1.005 seconds,  129.405 MB/s
HMAC-SHA256         35 MB took 1.137 seconds,   30.796 MB/s
PBKDF2               4 KB took 1.008 seconds,    3.814 KB/s
RSA     2048 public       1400 ops took 1.011 sec, avg 0.722 ms, 1385.336 ops/sec
RSA     2048 private       100 ops took 3.659 sec, avg 36.595 ms, 27.326 ops/sec
DH      2048 key gen        66 ops took 1.012 sec, avg 15.329 ms, 65.237 ops/sec
DH      2048 agree         100 ops took 1.535 sec, avg 15.348 ms, 65.154 ops/sec
ECC   [      SECP256R1]   256 key gen      1431 ops took 1.001 sec, avg 0.699 ms, 1430.205 ops/sec
ECDHE [      SECP256R1]   256 agree        1000 ops took 1.081 sec, avg 1.081 ms, 925.467 ops/sec
ECDSA [      SECP256R1]   256 sign         1200 ops took 1.006 sec, avg 0.838 ms, 1192.848 ops/sec
ECDSA [      SECP256R1]   256 verify        900 ops took 1.035 sec, avg 1.150 ms, 869.201 ops/sec
Benchmark complete
[SGXSan] ALWAYS: Enter enc_wolfSSL_free
[SGXSan] ALWAYS: Enter enc_wolfSSL_set_fd
[SGXSan] ALWAYS: Enter enc_wolfTLSv1_2_client_method
[SGXSan] ALWAYS: Enter enc_wolfSSL_Init
[SGXSan] ALWAYS: Enter enc_wolfSSL_CTX_set_cipher_list
[SGXSan] ALWAYS: Enter enc_wolfSSL_Debugging_OFF
[SGXSan] ALWAYS: Enter enc_wolfSSL_read
[SGXSan] ALWAYS: Enter enc_wolfSSL_CTX_free
[SGXSan] ALWAYS: Enter enc_wolfSSL_new
[SGXSan] ALWAYS: Enter wc_test
------------------------------------------------------------------------------
 wolfSSL version 5.1.0
------------------------------------------------------------------------------
error    test passed!
MEMORY   test passed!
base64   test passed!
asn      test passed!
RANDOM   test passed!
MD5      test passed!
MD4      test passed!
SHA      test passed!
SHA-256  test passed!
Hash     test passed!
HMAC-MD5 test passed!
HMAC-SHA test passed!
HMAC-SHA256 test passed!
GMAC     test passed!
HC-128   test passed!
Rabbit   test passed!
DES      test passed!
DES3     test passed!
AES      test passed!
AES192   test passed!
AES256   test passed!
AES-GCM  test passed!
RSA      test passed!
DH       test passed!
DSA      test passed!
PWDBASED test passed!
ECC      test passed!
ECC buffer test passed!
logging  test passed!
mutex    test passed!
memcb    test failed!
 error = -13803
[SGXSan] ALWAYS: Enter enc_wolfSSL_CTX_use_certificate_chain_buffer_format
[SGXSan] ALWAYS: Enter enc_wolfSSL_write
[SGXSan] ALWAYS: Enter enc_wolfSSL_get_error
[SGXSan] ALWAYS: Enter enc_wolfSSL_CTX_load_verify_buffer
[SGXSan] ALWAYS: Enter enc_wolfSSL_CTX_use_PrivateKey_buffer
[SGXSan] ALWAYS: Enter enc_wolfSSL_CTX_use_certificate_buffer
[SGXSan] ALWAYS: Enter enc_wolfTLSv1_2_server_method
[SGXSan] ALWAYS: Enter enc_wolfSSL_Debugging_ON
[SGXSan] ALWAYS: Enter enc_wolfSSL_CTX_new
[SGXSan] ALWAYS: Enter enc_wolfSSL_Cleanup
[SGXSan] ALWAYS: Enter enc_wolfSSL_connect
[SGXSan] ALWAYS: Enter wc_benchmark_test
------------------------------------------------------------------------------
 wolfSSL version 5.1.0
------------------------------------------------------------------------------
wolfCrypt Benchmark (block bytes 1048576, min 1.0 sec each)
RNG                 15 MB took 1.132 seconds,   13.247 MB/s
AES-128-CBC-enc     35 MB took 1.055 seconds,   33.188 MB/s
AES-128-CBC-dec     35 MB took 1.152 seconds,   30.376 MB/s
AES-192-CBC-enc     30 MB took 1.062 seconds,   28.240 MB/s
AES-192-CBC-dec     30 MB took 1.133 seconds,   26.477 MB/s
AES-256-CBC-enc     30 MB took 1.166 seconds,   25.723 MB/s
AES-256-CBC-dec     25 MB took 1.039 seconds,   24.054 MB/s
AES-128-GCM-enc     25 MB took 1.059 seconds,   23.611 MB/s
AES-128-GCM-dec     25 MB took 1.042 seconds,   23.983 MB/s
AES-192-GCM-enc     25 MB took 1.174 seconds,   21.288 MB/s
AES-192-GCM-dec     25 MB took 1.161 seconds,   21.529 MB/s
AES-256-GCM-enc     20 MB took 1.011 seconds,   19.777 MB/s
AES-256-GCM-dec     20 MB took 1.027 seconds,   19.466 MB/s
GMAC Table 4-bit    69 MB took 1.009 seconds,   68.399 MB/s
RABBIT              95 MB took 1.054 seconds,   90.174 MB/s
3DES                10 MB took 1.083 seconds,    9.230 MB/s
MD5                305 MB took 1.002 seconds,  304.300 MB/s
SHA                130 MB took 1.020 seconds,  127.505 MB/s
SHA-256             35 MB took 1.136 seconds,   30.808 MB/s
HMAC-MD5           300 MB took 1.001 seconds,  299.740 MB/s
HMAC-SHA           130 MB took 1.011 seconds,  128.572 MB/s
HMAC-SHA256         35 MB took 1.132 seconds,   30.911 MB/s
PBKDF2               4 KB took 1.006 seconds,    3.789 KB/s
RSA     2048 public       1400 ops took 1.005 sec, avg 0.718 ms, 1393.056 ops/sec
RSA     2048 private       100 ops took 3.634 sec, avg 36.335 ms, 27.522 ops/sec
DH      2048 key gen        65 ops took 1.009 sec, avg 15.531 ms, 64.389 ops/sec
DH      2048 agree         100 ops took 1.548 sec, avg 15.478 ms, 64.608 ops/sec
ECC   [      SECP256R1]   256 key gen      1406 ops took 1.000 sec, avg 0.711 ms, 1405.549 ops/sec
ECDHE [      SECP256R1]   256 agree        1000 ops took 1.091 sec, avg 1.091 ms, 916.259 ops/sec
ECDSA [      SECP256R1]   256 sign         1300 ops took 1.074 sec, avg 0.826 ms, 1210.720 ops/sec
ECDSA [      SECP256R1]   256 verify        900 ops took 1.035 sec, avg 1.151 ms, 869.151 ops/sec
Benchmark complete
[SGXSan] ALWAYS: Enter enc_wolfSSL_free
[SGXSan] ALWAYS: Enter enc_wolfSSL_set_fd
[SGXSan] ALWAYS: Enter enc_wolfTLSv1_2_client_method
[SGXSan] ALWAYS: Enter enc_wolfSSL_Init
[SGXSan] ALWAYS: Enter enc_wolfSSL_CTX_set_cipher_list
[SGXSan] ALWAYS: Enter enc_wolfSSL_Debugging_OFF
[SGXSan] ALWAYS: Enter enc_wolfSSL_read
[SGXSan] ALWAYS: Enter enc_wolfSSL_CTX_free
#4	pulse  cov: 6286 ft: 6291 corp: 2/723Kb exec/s: 0 rss: 64Mb
[SGXSan] ALWAYS: Enter enc_wolfSSL_set_fd
[SGXSan] ALWAYS: Enter enc_wolfSSL_CTX_use_certificate_buffer
[SGXSan] ALWAYS: Enter enc_wolfSSL_read
[SGXSan] ALWAYS: Enter enc_wolfSSL_Debugging_OFF
[SGXSan] ALWAYS: Enter enc_wolfSSL_get_error
[SGXSan] ALWAYS: Enter wc_benchmark_test
------------------------------------------------------------------------------
 wolfSSL version 5.1.0
------------------------------------------------------------------------------
wolfCrypt Benchmark (block bytes 1048576, min 1.0 sec each)
RNG                 15 MB took 1.132 seconds,   13.247 MB/s
AES-128-CBC-enc     35 MB took 1.056 seconds,   33.158 MB/s
AES-128-CBC-dec     35 MB took 1.144 seconds,   30.583 MB/s
AES-192-CBC-enc     30 MB took 1.065 seconds,   28.168 MB/s
AES-192-CBC-dec     30 MB took 1.122 seconds,   26.728 MB/s
AES-256-CBC-enc     30 MB took 1.185 seconds,   25.307 MB/s
AES-256-CBC-dec     25 MB took 1.041 seconds,   24.013 MB/s
AES-128-GCM-enc     25 MB took 1.042 seconds,   23.991 MB/s
AES-128-GCM-dec     25 MB took 1.057 seconds,   23.660 MB/s
AES-192-GCM-enc     25 MB took 1.167 seconds,   21.423 MB/s
AES-192-GCM-dec     25 MB took 1.175 seconds,   21.279 MB/s
AES-256-GCM-enc     20 MB took 1.007 seconds,   19.869 MB/s
AES-256-GCM-dec     20 MB took 1.010 seconds,   19.803 MB/s
GMAC Table 4-bit    68 MB took 1.014 seconds,   67.031 MB/s
RABBIT              95 MB took 1.046 seconds,   90.846 MB/s
3DES                10 MB took 1.090 seconds,    9.173 MB/s
MD5                305 MB took 1.003 seconds,  304.063 MB/s
SHA                130 MB took 1.013 seconds,  128.352 MB/s
SHA-256             35 MB took 1.151 seconds,   30.399 MB/s
HMAC-MD5           305 MB took 1.008 seconds,  302.707 MB/s
HMAC-SHA           130 MB took 1.019 seconds,  127.579 MB/s
HMAC-SHA256         35 MB took 1.133 seconds,   30.887 MB/s
PBKDF2               4 KB took 1.001 seconds,    3.809 KB/s
RSA     2048 public       1400 ops took 1.013 sec, avg 0.723 ms, 1382.219 ops/sec
RSA     2048 private       100 ops took 3.618 sec, avg 36.181 ms, 27.639 ops/sec
DH      2048 key gen        66 ops took 1.010 sec, avg 15.298 ms, 65.369 ops/sec
DH      2048 agree         100 ops took 1.537 sec, avg 15.374 ms, 65.047 ops/sec
ECC   [      SECP256R1]   256 key gen      1409 ops took 1.000 sec, avg 0.710 ms, 1408.618 ops/sec
ECDHE [      SECP256R1]   256 agree        1000 ops took 1.088 sec, avg 1.088 ms, 919.158 ops/sec
ECDSA [      SECP256R1]   256 sign         1300 ops took 1.080 sec, avg 0.831 ms, 1203.955 ops/sec
ECDSA [      SECP256R1]   256 verify        900 ops took 1.060 sec, avg 1.178 ms, 848.940 ops/sec
Benchmark complete
[SGXSan] ALWAYS: Enter wc_test
------------------------------------------------------------------------------
 wolfSSL version 5.1.0
------------------------------------------------------------------------------
error    test passed!
MEMORY   test passed!
base64   test passed!
asn      test passed!
RANDOM   test passed!
MD5      test passed!
MD4      test passed!
SHA      test passed!
SHA-256  test passed!
Hash     test passed!
HMAC-MD5 test passed!
HMAC-SHA test passed!
HMAC-SHA256 test passed!
GMAC     test passed!
HC-128   test passed!
Rabbit   test passed!
DES      test passed!
DES3     test passed!
AES      test passed!
AES192   test passed!
AES256   test passed!
AES-GCM  test passed!
RSA      test passed!
DH       test passed!
DSA      test passed!
PWDBASED test passed!
ECC      test passed!
ECC buffer test passed!
logging  test passed!
mutex    test passed!
memcb    test failed!
 error = -13803
[SGXSan] ALWAYS: Enter enc_wolfSSL_CTX_free
[SGXSan] ALWAYS: Enter enc_wolfTLSv1_2_server_method
[SGXSan] ALWAYS: Enter enc_wolfSSL_connect
[SGXSan] ALWAYS: Enter enc_wolfSSL_Cleanup
[SGXSan] ALWAYS: Enter enc_wolfSSL_CTX_use_PrivateKey_buffer
[SGXSan] ALWAYS: Enter enc_wolfSSL_CTX_use_certificate_chain_buffer_format
[SGXSan] ALWAYS: Enter enc_wolfSSL_free
[SGXSan] ALWAYS: Enter enc_wolfSSL_new
[SGXSan] ALWAYS: Enter enc_wolfSSL_CTX_load_verify_buffer
[SGXSan] ALWAYS: Enter enc_wolfSSL_CTX_new
[SGXSan] ALWAYS: Enter enc_wolfSSL_CTX_set_cipher_list
[SGXSan] ALWAYS: Enter enc_wolfSSL_Init
[SGXSan] ALWAYS: Enter enc_wolfTLSv1_2_client_method
[SGXSan] ALWAYS: Enter enc_wolfSSL_write
[SGXSan] ALWAYS: Enter enc_wolfSSL_Debugging_ON
[SGXSan] ALWAYS: Enter enc_wolfSSL_Init
[SGXSan] ALWAYS: Enter wc_benchmark_test
------------------------------------------------------------------------------
 wolfSSL version 5.1.0
------------------------------------------------------------------------------
wolfCrypt Benchmark (block bytes 1048576, min 1.0 sec each)
RNG                 15 MB took 1.136 seconds,   13.209 MB/s
AES-128-CBC-enc     35 MB took 1.053 seconds,   33.242 MB/s
AES-128-CBC-dec     35 MB took 1.139 seconds,   30.739 MB/s
AES-192-CBC-enc     30 MB took 1.054 seconds,   28.472 MB/s
AES-192-CBC-dec     30 MB took 1.121 seconds,   26.757 MB/s
AES-256-CBC-enc     30 MB took 1.173 seconds,   25.570 MB/s
AES-256-CBC-dec     25 MB took 1.028 seconds,   24.314 MB/s
AES-128-GCM-enc     25 MB took 1.032 seconds,   24.232 MB/s
AES-128-GCM-dec     25 MB took 1.037 seconds,   24.108 MB/s
AES-192-GCM-enc     25 MB took 1.163 seconds,   21.496 MB/s
AES-192-GCM-dec     25 MB took 1.167 seconds,   21.425 MB/s
AES-256-GCM-enc     20 MB took 1.017 seconds,   19.673 MB/s
AES-256-GCM-dec     20 MB took 1.018 seconds,   19.648 MB/s
GMAC Table 4-bit    69 MB took 1.010 seconds,   68.308 MB/s
RABBIT              85 MB took 1.003 seconds,   84.761 MB/s
3DES                10 MB took 1.106 seconds,    9.040 MB/s
MD5                305 MB took 1.014 seconds,  300.822 MB/s
SHA                130 MB took 1.021 seconds,  127.334 MB/s
SHA-256             35 MB took 1.136 seconds,   30.800 MB/s
HMAC-MD5           305 MB took 1.014 seconds,  300.660 MB/s
HMAC-SHA           125 MB took 1.010 seconds,  123.773 MB/s
HMAC-SHA256         35 MB took 1.138 seconds,   30.750 MB/s
PBKDF2               4 KB took 1.002 seconds,    3.774 KB/s
RSA     2048 public       1400 ops took 1.004 sec, avg 0.717 ms, 1394.354 ops/sec
RSA     2048 private       100 ops took 3.691 sec, avg 36.909 ms, 27.094 ops/sec
DH      2048 key gen        66 ops took 1.014 sec, avg 15.365 ms, 65.082 ops/sec
DH      2048 agree         100 ops took 1.528 sec, avg 15.278 ms, 65.453 ops/sec
ECC   [      SECP256R1]   256 key gen      1395 ops took 1.000 sec, avg 0.717 ms, 1394.965 ops/sec
ECDHE [      SECP256R1]   256 agree        1000 ops took 1.104 sec, avg 1.104 ms, 905.561 ops/sec
ECDSA [      SECP256R1]   256 sign         1200 ops took 1.008 sec, avg 0.840 ms, 1190.939 ops/sec
ECDSA [      SECP256R1]   256 verify        900 ops took 1.036 sec, avg 1.151 ms, 868.597 ops/sec
Benchmark complete
[SGXSan] ALWAYS: Enter enc_wolfSSL_CTX_use_PrivateKey_buffer
[SGXSan] ALWAYS: Enter enc_wolfTLSv1_2_server_method
[SGXSan] ALWAYS: Enter enc_wolfSSL_set_fd
[SGXSan] ALWAYS: Enter enc_wolfSSL_read
[SGXSan] ALWAYS: Enter enc_wolfSSL_Debugging_ON
[SGXSan] ALWAYS: Enter enc_wolfSSL_CTX_free
[SGXSan] ALWAYS: Enter enc_wolfSSL_new
[SGXSan] ALWAYS: Enter enc_wolfSSL_get_error
[SGXSan] ALWAYS: Enter enc_wolfSSL_free
[SGXSan] ALWAYS: Enter enc_wolfSSL_Cleanup
[SGXSan] ALWAYS: Enter wc_test
------------------------------------------------------------------------------
 wolfSSL version 5.1.0
------------------------------------------------------------------------------
error    test passed!
MEMORY   test passed!
base64   test passed!
asn      test passed!
RANDOM   test passed!
MD5      test passed!
MD4      test passed!
SHA      test passed!
SHA-256  test passed!
Hash     test passed!
HMAC-MD5 test passed!
HMAC-SHA test passed!
HMAC-SHA256 test passed!
GMAC     test passed!
HC-128   test passed!
Rabbit   test passed!
DES      test passed!
DES3     test passed!
AES      test passed!
AES192   test passed!
AES256   test passed!
AES-GCM  test passed!
RSA      test passed!
DH       test passed!
DSA      test passed!
PWDBASED test passed!
ECC      test passed!
ECC buffer test passed!
logging  test passed!
mutex    test passed!
memcb    test failed!
 error = -13803
[SGXSan] ALWAYS: Enter enc_wolfSSL_CTX_use_certificate_chain_buffer_format
[SGXSan] ALWAYS: Enter enc_wolfSSL_write
[SGXSan] ALWAYS: Enter enc_wolfSSL_Debugging_OFF
[SGXSan] ALWAYS: Enter enc_wolfSSL_CTX_use_certificate_buffer
[SGXSan] ALWAYS: Enter enc_wolfSSL_CTX_new
[SGXSan] ALWAYS: Enter enc_wolfSSL_connect
[SGXSan] ALWAYS: Enter enc_wolfSSL_CTX_load_verify_buffer
[SGXSan] ALWAYS: Enter enc_wolfSSL_CTX_set_cipher_list
[SGXSan] ALWAYS: Enter enc_wolfTLSv1_2_client_method
[SGXSan] ALWAYS: Enter enc_wolfSSL_Init
[SGXSan] ALWAYS: Enter enc_wolfSSL_new
[SGXSan] ALWAYS: Enter enc_wolfSSL_free
[SGXSan] ALWAYS: Enter enc_wolfTLSv1_2_server_method
[SGXSan] ALWAYS: Enter enc_wolfSSL_Cleanup
[SGXSan] ALWAYS: Enter enc_wolfSSL_read
[SGXSan] ALWAYS: Enter enc_wolfSSL_CTX_free
[SGXSan] ALWAYS: Enter wc_benchmark_test
------------------------------------------------------------------------------
 wolfSSL version 5.1.0
------------------------------------------------------------------------------
wolfCrypt Benchmark (block bytes 1048576, min 1.0 sec each)
RNG                 15 MB took 1.130 seconds,   13.279 MB/s
AES-128-CBC-enc     35 MB took 1.060 seconds,   33.016 MB/s
AES-128-CBC-dec     35 MB took 1.154 seconds,   30.318 MB/s
AES-192-CBC-enc     30 MB took 1.050 seconds,   28.580 MB/s
AES-192-CBC-dec     30 MB took 1.121 seconds,   26.755 MB/s
AES-256-CBC-enc     30 MB took 1.188 seconds,   25.255 MB/s
AES-256-CBC-dec     25 MB took 1.041 seconds,   24.006 MB/s
AES-128-GCM-enc     25 MB took 1.046 seconds,   23.909 MB/s
AES-128-GCM-dec     25 MB took 1.037 seconds,   24.106 MB/s
AES-192-GCM-enc     25 MB took 1.163 seconds,   21.491 MB/s
AES-192-GCM-dec     25 MB took 1.181 seconds,   21.173 MB/s
AES-256-GCM-enc     20 MB took 1.016 seconds,   19.685 MB/s
AES-256-GCM-dec     20 MB took 1.029 seconds,   19.434 MB/s
GMAC Table 4-bit    69 MB took 1.007 seconds,   68.516 MB/s
RABBIT              95 MB took 1.040 seconds,   91.310 MB/s
3DES                10 MB took 1.114 seconds,    8.979 MB/s
MD5                295 MB took 1.001 seconds,  294.708 MB/s
SHA                130 MB took 1.021 seconds,  127.369 MB/s
SHA-256             35 MB took 1.137 seconds,   30.784 MB/s
HMAC-MD5           305 MB took 1.012 seconds,  301.295 MB/s
HMAC-SHA           130 MB took 1.024 seconds,  127.010 MB/s
HMAC-SHA256         35 MB took 1.147 seconds,   30.526 MB/s
PBKDF2               4 KB took 1.004 seconds,    3.765 KB/s
RSA     2048 public       1400 ops took 1.008 sec, avg 0.720 ms, 1388.966 ops/sec
RSA     2048 private       100 ops took 3.672 sec, avg 36.717 ms, 27.235 ops/sec
DH      2048 key gen        65 ops took 1.005 sec, avg 15.466 ms, 64.659 ops/sec
DH      2048 agree         100 ops took 1.525 sec, avg 15.255 ms, 65.553 ops/sec
ECC   [      SECP256R1]   256 key gen      1413 ops took 1.001 sec, avg 0.708 ms, 1412.187 ops/sec
ECDHE [      SECP256R1]   256 agree         900 ops took 1.007 sec, avg 1.119 ms, 893.431 ops/sec
ECDSA [      SECP256R1]   256 sign         1300 ops took 1.081 sec, avg 0.832 ms, 1202.576 ops/sec
ECDSA [      SECP256R1]   256 verify        900 ops took 1.050 sec, avg 1.167 ms, 856.868 ops/sec
Benchmark complete
[SGXSan] ALWAYS: Enter enc_wolfSSL_get_error
[SGXSan] ALWAYS: Enter enc_wolfSSL_CTX_use_PrivateKey_buffer
[SGXSan] ALWAYS: Enter wc_test
------------------------------------------------------------------------------
 wolfSSL version 5.1.0
------------------------------------------------------------------------------
error    test passed!
MEMORY   test passed!
base64   test passed!
asn      test passed!
RANDOM   test passed!
MD5      test passed!
MD4      test passed!
SHA      test passed!
SHA-256  test passed!
Hash     test passed!
HMAC-MD5 test passed!
HMAC-SHA test passed!
HMAC-SHA256 test passed!
GMAC     test passed!
HC-128   test passed!
Rabbit   test passed!
DES      test passed!
DES3     test passed!
AES      test passed!
AES192   test passed!
AES256   test passed!
AES-GCM  test passed!
RSA      test passed!
DH       test passed!
DSA      test passed!
PWDBASED test passed!
ECC      test passed!
ECC buffer test passed!
logging  test passed!
mutex    test passed!
memcb    test failed!
 error = -13803
[SGXSan] ALWAYS: Enter enc_wolfSSL_Debugging_ON
[SGXSan] ALWAYS: Enter enc_wolfTLSv1_2_client_method
[SGXSan] ALWAYS: Enter enc_wolfSSL_CTX_set_cipher_list
[SGXSan] ALWAYS: Enter enc_wolfSSL_connect
[SGXSan] ALWAYS: Enter enc_wolfSSL_CTX_new
[SGXSan] ALWAYS: Enter enc_wolfSSL_write
[SGXSan] ALWAYS: Enter enc_wolfSSL_CTX_use_certificate_chain_buffer_format
[SGXSan] ALWAYS: Enter enc_wolfSSL_set_fd
[SGXSan] ALWAYS: Enter enc_wolfSSL_Debugging_OFF
[SGXSan] ALWAYS: Enter enc_wolfSSL_CTX_load_verify_buffer
[SGXSan] ALWAYS: Enter enc_wolfSSL_CTX_use_certificate_buffer
#7	INITED cov: 6286 ft: 6296 corp: 3/1104Kb exec/s: 0 rss: 82Mb
[SGXSan] ALWAYS: Enter enc_wolfTLSv1_2_client_method
[SGXSan] ALWAYS: Enter enc_wolfSSL_Debugging_ON
[SGXSan] ALWAYS: Enter enc_wolfSSL_get_error
[SGXSan] ALWAYS: Enter enc_wolfSSL_CTX_set_cipher_list
[SGXSan] ALWAYS: Enter enc_wolfSSL_CTX_use_PrivateKey_buffer
[SGXSan] ALWAYS: Enter enc_wolfSSL_CTX_new
[SGXSan] ALWAYS: Enter enc_wolfSSL_CTX_load_verify_buffer
[SGXSan] ALWAYS: Enter enc_wolfSSL_Init
[SGXSan] ALWAYS: Enter enc_wolfSSL_new
[SGXSan] ALWAYS: Enter enc_wolfSSL_CTX_free
[SGXSan] ALWAYS: Enter enc_wolfSSL_free
[SGXSan] ALWAYS: Enter wc_test
------------------------------------------------------------------------------
 wolfSSL version 5.1.0
------------------------------------------------------------------------------
error    test passed!
MEMORY   test passed!
base64   test passed!
asn      test passed!
RANDOM   test passed!
MD5      test passed!
MD4      test passed!
SHA      test passed!
SHA-256  test passed!
Hash     test passed!
HMAC-MD5 test passed!
HMAC-SHA test passed!
HMAC-SHA256 test passed!
GMAC     test passed!
HC-128   test passed!
Rabbit   test passed!
DES      test passed!
DES3     test passed!
AES      test passed!
AES192   test passed!
AES256   test passed!
AES-GCM  test passed!
RSA      test passed!
DH       test passed!
DSA      test passed!
PWDBASED test passed!
ECC      test passed!
ECC buffer test passed!
logging  test passed!
mutex    test passed!
memcb    test failed!
 error = -13803
[SGXSan] ALWAYS: Enter enc_wolfSSL_Debugging_OFF
[SGXSan] ALWAYS: Enter enc_wolfTLSv1_2_server_method
[SGXSan] ALWAYS: Enter enc_wolfSSL_CTX_use_certificate_chain_buffer_format
[SGXSan] ALWAYS: Enter enc_wolfSSL_set_fd
[SGXSan] ALWAYS: Enter wc_benchmark_test
------------------------------------------------------------------------------
 wolfSSL version 5.1.0
------------------------------------------------------------------------------
wolfCrypt Benchmark (block bytes 1048576, min 1.0 sec each)
RNG                 15 MB took 1.127 seconds,   13.310 MB/s
AES-128-CBC-enc     35 MB took 1.050 seconds,   33.325 MB/s
AES-128-CBC-dec     35 MB took 1.139 seconds,   30.725 MB/s
AES-192-CBC-enc     30 MB took 1.044 seconds,   28.734 MB/s
AES-192-CBC-dec     30 MB took 1.135 seconds,   26.443 MB/s
AES-256-CBC-enc     30 MB took 1.165 seconds,   25.753 MB/s
AES-256-CBC-dec     25 MB took 1.043 seconds,   23.960 MB/s
AES-128-GCM-enc     25 MB took 1.047 seconds,   23.878 MB/s
AES-128-GCM-dec     25 MB took 1.037 seconds,   24.116 MB/s
AES-192-GCM-enc     25 MB took 1.175 seconds,   21.274 MB/s
AES-192-GCM-dec     25 MB took 1.169 seconds,   21.380 MB/s
AES-256-GCM-enc     20 MB took 1.014 seconds,   19.729 MB/s
AES-256-GCM-dec     20 MB took 1.009 seconds,   19.822 MB/s
GMAC Table 4-bit    70 MB took 1.012 seconds,   69.171 MB/s
RABBIT              95 MB took 1.034 seconds,   91.909 MB/s
3DES                10 MB took 1.074 seconds,    9.308 MB/s
MD5                305 MB took 1.010 seconds,  301.835 MB/s
SHA                130 MB took 1.013 seconds,  128.313 MB/s
SHA-256             35 MB took 1.138 seconds,   30.742 MB/s
HMAC-MD5           305 MB took 1.009 seconds,  302.285 MB/s
HMAC-SHA           130 MB took 1.012 seconds,  128.489 MB/s
HMAC-SHA256         35 MB took 1.123 seconds,   31.178 MB/s
PBKDF2               4 KB took 1.000 seconds,    3.843 KB/s
RSA     2048 public       1400 ops took 1.005 sec, avg 0.718 ms, 1392.928 ops/sec
RSA     2048 private       100 ops took 3.619 sec, avg 36.191 ms, 27.631 ops/sec
DH      2048 key gen        66 ops took 1.014 sec, avg 15.366 ms, 65.079 ops/sec
DH      2048 agree         100 ops took 1.553 sec, avg 15.533 ms, 64.380 ops/sec
ECC   [      SECP256R1]   256 key gen      1399 ops took 1.000 sec, avg 0.715 ms, 1398.825 ops/sec
ECDHE [      SECP256R1]   256 agree        1000 ops took 1.098 sec, avg 1.098 ms, 911.083 ops/sec
ECDSA [      SECP256R1]   256 sign         1300 ops took 1.069 sec, avg 0.822 ms, 1216.123 ops/sec
ECDSA [      SECP256R1]   256 verify        900 ops took 1.030 sec, avg 1.145 ms, 873.720 ops/sec
Benchmark complete
[SGXSan] ALWAYS: Enter enc_wolfSSL_Cleanup
[SGXSan] ALWAYS: Enter enc_wolfSSL_CTX_use_certificate_buffer
[SGXSan] ALWAYS: Enter enc_wolfSSL_connect
[SGXSan] ALWAYS: Enter enc_wolfSSL_write
[SGXSan] ALWAYS: Enter enc_wolfSSL_read
#8	pulse  cov: 6286 ft: 6296 corp: 3/1104Kb lim: 1000000 exec/s: 0 rss: 87Mb
[SGXSan] ALWAYS: Enter enc_wolfSSL_CTX_use_PrivateKey_buffer
[SGXSan] ALWAYS: Enter enc_wolfSSL_CTX_load_verify_buffer
[SGXSan] ALWAYS: Enter enc_wolfTLSv1_2_server_method
[SGXSan] ALWAYS: Enter enc_wolfSSL_CTX_use_certificate_buffer
[SGXSan] ALWAYS: Enter enc_wolfSSL_free
[SGXSan] ALWAYS: Enter enc_wolfSSL_Debugging_ON
[SGXSan] ALWAYS: Enter enc_wolfSSL_Debugging_OFF
[SGXSan] ALWAYS: Enter enc_wolfSSL_Cleanup
[SGXSan] ALWAYS: Enter enc_wolfSSL_get_error
[SGXSan] ALWAYS: Enter enc_wolfSSL_set_fd
[SGXSan] ALWAYS: Enter enc_wolfTLSv1_2_client_method
[SGXSan] ALWAYS: Enter enc_wolfSSL_CTX_use_certificate_chain_buffer_format
[SGXSan] ALWAYS: Enter enc_wolfSSL_new
[SGXSan] ALWAYS: Enter enc_wolfSSL_read
[SGXSan] ALWAYS: Enter wc_benchmark_test
------------------------------------------------------------------------------
 wolfSSL version 5.1.0
------------------------------------------------------------------------------
wolfCrypt Benchmark (block bytes 1048576, min 1.0 sec each)
RNG                 15 MB took 1.132 seconds,   13.247 MB/s
AES-128-CBC-enc     35 MB took 1.057 seconds,   33.116 MB/s
AES-128-CBC-dec     35 MB took 1.144 seconds,   30.586 MB/s
AES-192-CBC-enc     30 MB took 1.048 seconds,   28.627 MB/s
AES-192-CBC-dec     30 MB took 1.127 seconds,   26.619 MB/s
AES-256-CBC-enc     25 MB took 1.008 seconds,   24.803 MB/s
AES-256-CBC-dec     25 MB took 1.044 seconds,   23.938 MB/s
AES-128-GCM-enc     25 MB took 1.044 seconds,   23.953 MB/s
AES-128-GCM-dec     25 MB took 1.044 seconds,   23.943 MB/s
AES-192-GCM-enc     25 MB took 1.162 seconds,   21.506 MB/s
AES-192-GCM-dec     25 MB took 1.179 seconds,   21.205 MB/s
AES-256-GCM-enc     20 MB took 1.017 seconds,   19.661 MB/s
AES-256-GCM-dec     20 MB took 1.018 seconds,   19.646 MB/s
GMAC Table 4-bit    69 MB took 1.010 seconds,   68.308 MB/s
RABBIT              95 MB took 1.046 seconds,   90.830 MB/s
3DES                10 MB took 1.098 seconds,    9.110 MB/s
MD5                300 MB took 1.002 seconds,  299.329 MB/s
SHA                130 MB took 1.033 seconds,  125.879 MB/s
SHA-256             35 MB took 1.131 seconds,   30.951 MB/s
HMAC-MD5           305 MB took 1.010 seconds,  301.982 MB/s
HMAC-SHA           130 MB took 1.012 seconds,  128.471 MB/s
HMAC-SHA256         35 MB took 1.134 seconds,   30.877 MB/s
PBKDF2               4 KB took 1.004 seconds,    3.766 KB/s
RSA     2048 public       1400 ops took 1.032 sec, avg 0.737 ms, 1357.122 ops/sec
RSA     2048 private       100 ops took 3.685 sec, avg 36.853 ms, 27.135 ops/sec
DH      2048 key gen        65 ops took 1.004 sec, avg 15.451 ms, 64.721 ops/sec
DH      2048 agree         100 ops took 1.546 sec, avg 15.455 ms, 64.702 ops/sec
ECC   [      SECP256R1]   256 key gen      1409 ops took 1.000 sec, avg 0.710 ms, 1408.582 ops/sec
ECDHE [      SECP256R1]   256 agree        1000 ops took 1.085 sec, avg 1.085 ms, 921.297 ops/sec
ECDSA [      SECP256R1]   256 sign         1300 ops took 1.073 sec, avg 0.826 ms, 1211.219 ops/sec
ECDSA [      SECP256R1]   256 verify        900 ops took 1.035 sec, avg 1.150 ms, 869.780 ops/sec
Benchmark complete
[SGXSan] ALWAYS: Enter enc_wolfSSL_connect
[SGXSan] ALWAYS: Enter enc_wolfSSL_CTX_free
[SGXSan] ALWAYS: Enter enc_wolfSSL_CTX_set_cipher_list
[SGXSan] ALWAYS: Enter enc_wolfSSL_Init
[SGXSan] ALWAYS: Enter enc_wolfSSL_write
[SGXSan] ALWAYS: Enter enc_wolfSSL_CTX_new
[SGXSan] ALWAYS: Enter wc_test
#9	NEW    cov: 6286 ft: 6301 corp: 4/1484Kb lim: 1000000 exec/s: 0 rss: 95Mb L: 390122/390122 MS: 4 InsertRepeatedBytes-Custom-CopyPart-Custom-
#9	DONE   cov: 6286 ft: 6301 corp: 4/1484Kb lim: 1000000 exec/s: 0 rss: 95Mb
Done 9 runs in 381 second(s)
stat::number_of_executed_units: 9
stat::average_exec_per_sec:     0
stat::new_units_added:          1
stat::slowest_unit_time_sec:    42
stat::peak_rss_mb:              95
------------------------------------------------------------------------------
 wolfSSL version 5.1.0
------------------------------------------------------------------------------
error    test passed!
MEMORY   test passed!
base64   test passed!
asn      test passed!
RANDOM   test passed!
MD5      test passed!
MD4      test passed!
SHA      test passed!
SHA-256  test passed!
Hash     test passed!
HMAC-MD5 test passed!
HMAC-SHA test passed!
HMAC-SHA256 test passed!
GMAC     test passed!
HC-128   test passed!
Rabbit   test passed!
DES      test passed!
DES3     test passed!
AES      test passed!
AES192   test passed!
AES256   test passed!
AES-GCM  test passed!
RSA      test passed!
DH       test passed!
DSA      test passed!
PWDBASED test passed!
ECC      test passed!
ECC buffer test passed!
logging  test passed!
mutex    test passed!
memcb    test failed!
 error = -13803
