WARNING: Failed to find function "__sanitizer_acquire_crash_state".
WARNING: Failed to find function "__sanitizer_print_stack_trace".
WARNING: Failed to find function "__sanitizer_set_death_callback".
[CEnclavePool /home/leone/Documents/linux-sgx/psw/urts/enclave.cpp:638] enter CEnclavePool constructor
[2023-01-16 00:23:23.113] [Init] Num of ECall: 22
[2023-01-16 00:23:23.113] ECalls:
  0 - fuzz_enc_wolfSSL_CTX_free
  1 - fuzz_enc_wolfSSL_CTX_load_verify_buffer
  2 - fuzz_enc_wolfSSL_CTX_new
  3 - fuzz_enc_wolfSSL_CTX_set_cipher_list
  4 - fuzz_enc_wolfSSL_CTX_use_PrivateKey_buffer
  5 - fuzz_enc_wolfSSL_CTX_use_certificate_buffer
  6 - fuzz_enc_wolfSSL_CTX_use_certificate_chain_buffer_format
  7 - fuzz_enc_wolfSSL_Cleanup
  8 - fuzz_enc_wolfSSL_Debugging_OFF
  9 - fuzz_enc_wolfSSL_Debugging_ON
  10 - fuzz_enc_wolfSSL_Init
  11 - fuzz_enc_wolfSSL_connect
  12 - fuzz_enc_wolfSSL_free
  13 - fuzz_enc_wolfSSL_get_error
  14 - fuzz_enc_wolfSSL_new
  15 - fuzz_enc_wolfSSL_read
  16 - fuzz_enc_wolfSSL_set_fd
  17 - fuzz_enc_wolfSSL_write
  18 - fuzz_enc_wolfTLSv1_2_client_method
  19 - fuzz_enc_wolfTLSv1_2_server_method
  20 - fuzz_wc_benchmark_test
  21 - fuzz_wc_test

INFO: found LLVMFuzzerCustomMutator (0x44ac30). Disabling -len_control by default.
INFO: libFuzzer ignores flags that start with '--'
INFO: Running with entropic power schedule (0xFF, 100).
INFO: Seed: 2177907294
INFO: Loaded 1 modules   (291 inline 8-bit counters): 291 [0x4cb7e8, 0x4cb90b), 
INFO: Loaded 1 PC tables (291 PCs): 291 [0x4cb910,0x4ccb40), 
INFO:        0 files found in /tmp/libFuzzerTemp.FuzzWithFork422940.dir/C341
[SGXSan] ALWAYS: Hook __sanitizer_cov_8bit_counters_init of Enclave, 21636 inline 8-bit counts [0x7f7342ec79c0, 0x7f7342ecce44) (First time)
[SGXSan] ALWAYS: Hook __sanitizer_cov_pcs_init of Enclave, 21636 PCs [0x7f7342ecce48, 0x7f7342f21688) (First time)
[SGXSan] ALWAYS: Enter enc_wolfSSL_CTX_free
[SGXSan] ALWAYS: Enter enc_wolfSSL_CTX_load_verify_buffer
[SGXSan] ALWAYS: Enter enc_wolfSSL_CTX_new
[SGXSan] ALWAYS: Enter enc_wolfSSL_CTX_set_cipher_list
[SGXSan] ALWAYS: Enter enc_wolfSSL_CTX_use_PrivateKey_buffer
[SGXSan] ALWAYS: Enter enc_wolfSSL_CTX_use_certificate_buffer
[SGXSan] ALWAYS: Enter enc_wolfSSL_CTX_use_certificate_chain_buffer_format
[SGXSan] ALWAYS: Enter enc_wolfSSL_Cleanup
[SGXSan] ALWAYS: Enter enc_wolfSSL_Debugging_OFF
[SGXSan] ALWAYS: Enter enc_wolfSSL_Debugging_ON
[SGXSan] ALWAYS: Enter enc_wolfSSL_Init
[SGXSan] ALWAYS: Enter enc_wolfSSL_connect
[SGXSan] ALWAYS: Enter enc_wolfSSL_free
[SGXSan] ALWAYS: Enter enc_wolfSSL_get_error
[SGXSan] ALWAYS: Enter enc_wolfSSL_new
[SGXSan] ALWAYS: Enter enc_wolfSSL_read
[SGXSan] ALWAYS: Enter enc_wolfSSL_set_fd
[SGXSan] ALWAYS: Enter enc_wolfSSL_write
[SGXSan] ALWAYS: Enter enc_wolfTLSv1_2_client_method
[SGXSan] ALWAYS: Enter enc_wolfTLSv1_2_server_method
[SGXSan] ALWAYS: Enter wc_benchmark_test
------------------------------------------------------------------------------
 wolfSSL version 5.1.0
------------------------------------------------------------------------------
wolfCrypt Benchmark (block bytes 1048576, min 1.0 sec each)
RNG                 15 MB took 1.140 seconds,   13.158 MB/s
AES-128-CBC-enc     35 MB took 1.142 seconds,   30.652 MB/s
AES-128-CBC-dec     35 MB took 1.163 seconds,   30.095 MB/s
AES-192-CBC-enc     30 MB took 1.057 seconds,   28.374 MB/s
AES-192-CBC-dec     20 MB took 1.010 seconds,   19.809 MB/s
AES-256-CBC-enc     30 MB took 1.190 seconds,   25.211 MB/s
AES-256-CBC-dec     25 MB took 1.046 seconds,   23.892 MB/s
AES-128-GCM-enc     25 MB took 1.066 seconds,   23.452 MB/s
AES-128-GCM-dec     25 MB took 1.050 seconds,   23.801 MB/s
AES-192-GCM-enc     25 MB took 1.181 seconds,   21.162 MB/s
AES-192-GCM-dec     25 MB took 1.175 seconds,   21.276 MB/s
AES-256-GCM-enc     20 MB took 1.016 seconds,   19.683 MB/s
AES-256-GCM-dec     20 MB took 1.010 seconds,   19.796 MB/s
GMAC Table 4-bit    68 MB took 1.004 seconds,   67.756 MB/s
RABBIT              95 MB took 1.035 seconds,   91.802 MB/s
3DES                10 MB took 1.085 seconds,    9.215 MB/s
MD5                310 MB took 1.016 seconds,  305.175 MB/s
SHA                130 MB took 1.004 seconds,  129.515 MB/s
SHA-256             35 MB took 1.132 seconds,   30.917 MB/s
HMAC-MD5           305 MB took 1.001 seconds,  304.644 MB/s
HMAC-SHA           130 MB took 1.018 seconds,  127.682 MB/s
HMAC-SHA256         35 MB took 1.128 seconds,   31.034 MB/s
PBKDF2               4 KB took 1.004 seconds,    3.798 KB/s
RSA     2048 public       1400 ops took 1.004 sec, avg 0.717 ms, 1393.993 ops/sec
RSA     2048 private       100 ops took 3.661 sec, avg 36.605 ms, 27.318 ops/sec
DH      2048 key gen        66 ops took 1.005 sec, avg 15.226 ms, 65.679 ops/sec
DH      2048 agree         100 ops took 1.557 sec, avg 15.569 ms, 64.232 ops/sec
ECC   [      SECP256R1]   256 key gen      1421 ops took 1.000 sec, avg 0.704 ms, 1420.707 ops/sec
ECDHE [      SECP256R1]   256 agree        1000 ops took 1.095 sec, avg 1.095 ms, 913.507 ops/sec
ECDSA [      SECP256R1]   256 sign         1300 ops took 1.075 sec, avg 0.827 ms, 1209.625 ops/sec
ECDSA [      SECP256R1]   256 verify        900 ops took 1.030 sec, avg 1.145 ms, 873.610 ops/sec
Benchmark complete
[SGXSan] ALWAYS: Enter wc_test
INFO: seed corpus: files: 6 min: 390122b max: 390122b total: 2340732b rss: 43Mb
------------------------------------------------------------------------------
 wolfSSL version 5.1.0
------------------------------------------------------------------------------
error    test passed!
MEMORY   test passed!
base64   test passed!
asn      test passed!
RANDOM   test passed!
MD5      test passed!
MD4      test passed!
SHA      test passed!
SHA-256  test passed!
Hash     test passed!
HMAC-MD5 test passed!
HMAC-SHA test passed!
HMAC-SHA256 test passed!
GMAC     test passed!
HC-128   test passed!
Rabbit   test passed!
DES      test passed!
DES3     test passed!
AES      test passed!
AES192   test passed!
AES256   test passed!
AES-GCM  test passed!
RSA      test passed!
DH       test passed!
DSA      test passed!
PWDBASED test passed!
ECC      test passed!
ECC buffer test passed!
logging  test passed!
mutex    test passed!
memcb    test passed!
Test complete
[SGXSan] ALWAYS: Enter enc_wolfSSL_Init
[SGXSan] ALWAYS: Enter enc_wolfSSL_new
[SGXSan] ALWAYS: Enter enc_wolfSSL_free
[SGXSan] ALWAYS: Enter enc_wolfTLSv1_2_server_method
[SGXSan] ALWAYS: Enter enc_wolfSSL_Cleanup
[SGXSan] ALWAYS: Enter enc_wolfSSL_read
[SGXSan] ALWAYS: Enter enc_wolfSSL_CTX_free
[SGXSan] ALWAYS: Enter wc_benchmark_test
------------------------------------------------------------------------------
 wolfSSL version 5.1.0
------------------------------------------------------------------------------
wolfCrypt Benchmark (block bytes 1048576, min 1.0 sec each)
RNG                 15 MB took 1.148 seconds,   13.065 MB/s
AES-128-CBC-enc     35 MB took 1.062 seconds,   32.961 MB/s
AES-128-CBC-dec     35 MB took 1.145 seconds,   30.576 MB/s
AES-192-CBC-enc     30 MB took 1.056 seconds,   28.410 MB/s
AES-192-CBC-dec     30 MB took 1.141 seconds,   26.297 MB/s
AES-256-CBC-enc     30 MB took 1.174 seconds,   25.562 MB/s
AES-256-CBC-dec     25 MB took 1.046 seconds,   23.907 MB/s
AES-128-GCM-enc     25 MB took 1.037 seconds,   24.109 MB/s
AES-128-GCM-dec     25 MB took 1.039 seconds,   24.056 MB/s
AES-192-GCM-enc     25 MB took 1.184 seconds,   21.116 MB/s
AES-192-GCM-dec     25 MB took 1.166 seconds,   21.433 MB/s
AES-256-GCM-enc     20 MB took 1.025 seconds,   19.517 MB/s
AES-256-GCM-dec     20 MB took 1.009 seconds,   19.828 MB/s
GMAC Table 4-bit    69 MB took 1.004 seconds,   68.740 MB/s
RABBIT              95 MB took 1.055 seconds,   90.035 MB/s
3DES                10 MB took 1.088 seconds,    9.191 MB/s
MD5                305 MB took 1.015 seconds,  300.603 MB/s
SHA                130 MB took 1.010 seconds,  128.776 MB/s
SHA-256             35 MB took 1.131 seconds,   30.947 MB/s
HMAC-MD5           305 MB took 1.008 seconds,  302.581 MB/s
HMAC-SHA           130 MB took 1.017 seconds,  127.826 MB/s
HMAC-SHA256         35 MB took 1.135 seconds,   30.839 MB/s
PBKDF2               4 KB took 1.006 seconds,    3.789 KB/s
RSA     2048 public       1500 ops took 1.068 sec, avg 0.712 ms, 1404.481 ops/sec
RSA     2048 private       100 ops took 3.701 sec, avg 37.012 ms, 27.018 ops/sec
DH      2048 key gen        65 ops took 1.010 sec, avg 15.539 ms, 64.353 ops/sec
DH      2048 agree         100 ops took 1.548 sec, avg 15.481 ms, 64.597 ops/sec
ECC   [      SECP256R1]   256 key gen      1424 ops took 1.001 sec, avg 0.703 ms, 1423.287 ops/sec
ECDHE [      SECP256R1]   256 agree        1000 ops took 1.089 sec, avg 1.089 ms, 918.399 ops/sec
ECDSA [      SECP256R1]   256 sign         1300 ops took 1.077 sec, avg 0.828 ms, 1207.484 ops/sec
ECDSA [      SECP256R1]   256 verify        900 ops took 1.035 sec, avg 1.150 ms, 869.836 ops/sec
Benchmark complete
[SGXSan] ALWAYS: Enter enc_wolfSSL_get_error
[SGXSan] ALWAYS: Enter enc_wolfSSL_CTX_use_PrivateKey_buffer
[SGXSan] ALWAYS: Enter wc_test
------------------------------------------------------------------------------
 wolfSSL version 5.1.0
------------------------------------------------------------------------------
error    test passed!
MEMORY   test passed!
base64   test passed!
asn      test passed!
RANDOM   test passed!
MD5      test passed!
MD4      test passed!
SHA      test passed!
SHA-256  test passed!
Hash     test passed!
HMAC-MD5 test passed!
HMAC-SHA test passed!
HMAC-SHA256 test passed!
GMAC     test passed!
HC-128   test passed!
Rabbit   test passed!
DES      test passed!
DES3     test passed!
AES      test passed!
AES192   test passed!
AES256   test passed!
AES-GCM  test passed!
RSA      test passed!
DH       test passed!
DSA      test passed!
PWDBASED test passed!
ECC      test passed!
ECC buffer test passed!
logging  test passed!
mutex    test passed!
memcb    test failed!
 error = -13803
[SGXSan] ALWAYS: Enter enc_wolfSSL_Debugging_ON
[SGXSan] ALWAYS: Enter enc_wolfTLSv1_2_client_method
[SGXSan] ALWAYS: Enter enc_wolfSSL_CTX_set_cipher_list
[SGXSan] ALWAYS: Enter enc_wolfSSL_connect
[SGXSan] ALWAYS: Enter enc_wolfSSL_CTX_new
[SGXSan] ALWAYS: Enter enc_wolfSSL_write
[SGXSan] ALWAYS: Enter enc_wolfSSL_CTX_use_certificate_chain_buffer_format
[SGXSan] ALWAYS: Enter enc_wolfSSL_set_fd
[SGXSan] ALWAYS: Enter enc_wolfSSL_Debugging_OFF
[SGXSan] ALWAYS: Enter enc_wolfSSL_CTX_load_verify_buffer
[SGXSan] ALWAYS: Enter enc_wolfSSL_CTX_use_certificate_buffer
#2	pulse  ft: 6291 exec/s: 0 rss: 50Mb
Slowest unit: 42 s:
artifact_prefix='./crashes/'; Test unit written to ./crashes/slow-unit-c9be2a5a47cd0ec89b43d68a9da20b5ef11e5787
[SGXSan] ALWAYS: Enter enc_wolfSSL_CTX_load_verify_buffer
[SGXSan] ALWAYS: Enter enc_wolfSSL_Init
[SGXSan] ALWAYS: Enter enc_wolfSSL_Debugging_ON
[SGXSan] ALWAYS: Enter enc_wolfSSL_connect
[SGXSan] ALWAYS: Enter wc_test
------------------------------------------------------------------------------
 wolfSSL version 5.1.0
------------------------------------------------------------------------------
error    test passed!
MEMORY   test passed!
base64   test passed!
asn      test passed!
RANDOM   test passed!
MD5      test passed!
MD4      test passed!
SHA      test passed!
SHA-256  test passed!
Hash     test passed!
HMAC-MD5 test passed!
HMAC-SHA test passed!
HMAC-SHA256 test passed!
GMAC     test passed!
HC-128   test passed!
Rabbit   test passed!
DES      test passed!
DES3     test passed!
AES      test passed!
AES192   test passed!
AES256   test passed!
AES-GCM  test passed!
RSA      test passed!
DH       test passed!
DSA      test passed!
PWDBASED test passed!
ECC      test passed!
ECC buffer test passed!
logging  test passed!
mutex    test passed!
memcb    test failed!
 error = -13803
[SGXSan] ALWAYS: Enter enc_wolfTLSv1_2_client_method
[SGXSan] ALWAYS: Enter enc_wolfSSL_write
[SGXSan] ALWAYS: Enter enc_wolfSSL_read
[SGXSan] ALWAYS: Enter enc_wolfSSL_CTX_use_certificate_buffer
[SGXSan] ALWAYS: Enter enc_wolfSSL_Debugging_OFF
[SGXSan] ALWAYS: Enter enc_wolfSSL_CTX_set_cipher_list
[SGXSan] ALWAYS: Enter enc_wolfSSL_set_fd
[SGXSan] ALWAYS: Enter enc_wolfSSL_CTX_use_PrivateKey_buffer
[SGXSan] ALWAYS: Enter enc_wolfSSL_new
[SGXSan] ALWAYS: Enter enc_wolfSSL_Cleanup
[SGXSan] ALWAYS: Enter enc_wolfSSL_CTX_use_certificate_chain_buffer_format
[SGXSan] ALWAYS: Enter enc_wolfSSL_CTX_free
[SGXSan] ALWAYS: Enter enc_wolfTLSv1_2_server_method
[SGXSan] ALWAYS: Enter wc_benchmark_test
------------------------------------------------------------------------------
 wolfSSL version 5.1.0
------------------------------------------------------------------------------
wolfCrypt Benchmark (block bytes 1048576, min 1.0 sec each)
RNG                 15 MB took 1.130 seconds,   13.275 MB/s
AES-128-CBC-enc     35 MB took 1.059 seconds,   33.053 MB/s
AES-128-CBC-dec     35 MB took 1.140 seconds,   30.691 MB/s
AES-192-CBC-enc     30 MB took 1.051 seconds,   28.543 MB/s
AES-192-CBC-dec     30 MB took 1.149 seconds,   26.110 MB/s
AES-256-CBC-enc     30 MB took 1.176 seconds,   25.520 MB/s
AES-256-CBC-dec     25 MB took 1.046 seconds,   23.898 MB/s
AES-128-GCM-enc     25 MB took 1.042 seconds,   23.991 MB/s
AES-128-GCM-dec     25 MB took 1.034 seconds,   24.181 MB/s
AES-192-GCM-enc     25 MB took 1.176 seconds,   21.259 MB/s
AES-192-GCM-dec     25 MB took 1.163 seconds,   21.493 MB/s
AES-256-GCM-enc     20 MB took 1.007 seconds,   19.859 MB/s
AES-256-GCM-dec     20 MB took 1.004 seconds,   19.920 MB/s
GMAC Table 4-bit    69 MB took 1.003 seconds,   68.766 MB/s
RABBIT              95 MB took 1.048 seconds,   90.640 MB/s
3DES                10 MB took 1.082 seconds,    9.241 MB/s
MD5                305 MB took 1.008 seconds,  302.588 MB/s
SHA                130 MB took 1.014 seconds,  128.251 MB/s
SHA-256             35 MB took 1.140 seconds,   30.689 MB/s
HMAC-MD5           300 MB took 1.008 seconds,  297.715 MB/s
HMAC-SHA           130 MB took 1.021 seconds,  127.376 MB/s
HMAC-SHA256         35 MB took 1.129 seconds,   31.006 MB/s
PBKDF2               4 KB took 1.001 seconds,    3.810 KB/s
RSA     2048 public       1400 ops took 1.002 sec, avg 0.716 ms, 1396.721 ops/sec
RSA     2048 private       100 ops took 3.674 sec, avg 36.738 ms, 27.220 ops/sec
DH      2048 key gen        66 ops took 1.008 sec, avg 15.273 ms, 65.474 ops/sec
DH      2048 agree         100 ops took 1.539 sec, avg 15.393 ms, 64.965 ops/sec
ECC   [      SECP256R1]   256 key gen      1419 ops took 1.000 sec, avg 0.705 ms, 1418.336 ops/sec
ECDHE [      SECP256R1]   256 agree        1000 ops took 1.084 sec, avg 1.084 ms, 922.691 ops/sec
ECDSA [      SECP256R1]   256 sign         1300 ops took 1.067 sec, avg 0.820 ms, 1218.811 ops/sec
ECDSA [      SECP256R1]   256 verify        900 ops took 1.020 sec, avg 1.134 ms, 881.959 ops/sec
Benchmark complete
[SGXSan] ALWAYS: Enter enc_wolfSSL_get_error
[SGXSan] ALWAYS: Enter enc_wolfSSL_free
[SGXSan] ALWAYS: Enter enc_wolfSSL_CTX_new
[SGXSan] ALWAYS: Enter enc_wolfSSL_read
[SGXSan] ALWAYS: Enter enc_wolfSSL_CTX_free
[SGXSan] ALWAYS: Enter wc_benchmark_test
------------------------------------------------------------------------------
 wolfSSL version 5.1.0
------------------------------------------------------------------------------
wolfCrypt Benchmark (block bytes 1048576, min 1.0 sec each)
RNG                 15 MB took 1.129 seconds,   13.289 MB/s
AES-128-CBC-enc     35 MB took 1.062 seconds,   32.942 MB/s
AES-128-CBC-dec     35 MB took 1.141 seconds,   30.679 MB/s
AES-192-CBC-enc     30 MB took 1.058 seconds,   28.355 MB/s
AES-192-CBC-dec     30 MB took 1.133 seconds,   26.479 MB/s
AES-256-CBC-enc     30 MB took 1.175 seconds,   25.538 MB/s
AES-256-CBC-dec     25 MB took 1.091 seconds,   22.913 MB/s
AES-128-GCM-enc     25 MB took 1.048 seconds,   23.844 MB/s
AES-128-GCM-dec     25 MB took 1.049 seconds,   23.826 MB/s
AES-192-GCM-enc     25 MB took 1.173 seconds,   21.321 MB/s
AES-192-GCM-dec     25 MB took 1.173 seconds,   21.304 MB/s
AES-256-GCM-enc     20 MB took 1.034 seconds,   19.352 MB/s
AES-256-GCM-dec     20 MB took 1.028 seconds,   19.447 MB/s
GMAC Table 4-bit    68 MB took 1.001 seconds,   67.950 MB/s
RABBIT              95 MB took 1.042 seconds,   91.191 MB/s
3DES                10 MB took 1.089 seconds,    9.183 MB/s
MD5                300 MB took 1.011 seconds,  296.821 MB/s
SHA                130 MB took 1.024 seconds,  126.930 MB/s
SHA-256             35 MB took 1.135 seconds,   30.835 MB/s
HMAC-MD5           310 MB took 1.016 seconds,  305.217 MB/s
HMAC-SHA           130 MB took 1.011 seconds,  128.554 MB/s
HMAC-SHA256         35 MB took 1.142 seconds,   30.642 MB/s
PBKDF2               4 KB took 1.006 seconds,    3.727 KB/s
RSA     2048 public       1400 ops took 1.015 sec, avg 0.725 ms, 1379.231 ops/sec
RSA     2048 private       100 ops took 3.659 sec, avg 36.594 ms, 27.327 ops/sec
DH      2048 key gen        66 ops took 1.012 sec, avg 15.327 ms, 65.245 ops/sec
DH      2048 agree         100 ops took 1.538 sec, avg 15.380 ms, 65.020 ops/sec
ECC   [      SECP256R1]   256 key gen      1422 ops took 1.000 sec, avg 0.704 ms, 1421.349 ops/sec
ECDHE [      SECP256R1]   256 agree        1000 ops took 1.094 sec, avg 1.094 ms, 914.215 ops/sec
ECDSA [      SECP256R1]   256 sign         1300 ops took 1.074 sec, avg 0.826 ms, 1210.023 ops/sec
ECDSA [      SECP256R1]   256 verify        900 ops took 1.040 sec, avg 1.155 ms, 865.765 ops/sec
Benchmark complete
[SGXSan] ALWAYS: Enter enc_wolfSSL_CTX_use_certificate_chain_buffer_format
[SGXSan] ALWAYS: Enter enc_wolfSSL_write
[SGXSan] ALWAYS: Enter enc_wolfSSL_CTX_use_certificate_buffer
[SGXSan] ALWAYS: Enter wc_test
------------------------------------------------------------------------------
 wolfSSL version 5.1.0
------------------------------------------------------------------------------
error    test passed!
MEMORY   test passed!
base64   test passed!
asn      test passed!
RANDOM   test passed!
MD5      test passed!
MD4      test passed!
SHA      test passed!
SHA-256  test passed!
Hash     test passed!
HMAC-MD5 test passed!
HMAC-SHA test passed!
HMAC-SHA256 test passed!
GMAC     test passed!
HC-128   test passed!
Rabbit   test passed!
DES      test passed!
DES3     test passed!
AES      test passed!
AES192   test passed!
AES256   test passed!
AES-GCM  test passed!
RSA      test passed!
DH       test passed!
DSA      test passed!
PWDBASED test passed!
ECC      test passed!
ECC buffer test passed!
logging  test passed!
mutex    test passed!
memcb    test failed!
 error = -13803
[SGXSan] ALWAYS: Enter enc_wolfSSL_Cleanup
[SGXSan] ALWAYS: Enter enc_wolfTLSv1_2_server_method
[SGXSan] ALWAYS: Enter enc_wolfSSL_new
[SGXSan] ALWAYS: Enter enc_wolfSSL_Init
[SGXSan] ALWAYS: Enter enc_wolfSSL_CTX_use_PrivateKey_buffer
[SGXSan] ALWAYS: Enter enc_wolfSSL_get_error
[SGXSan] ALWAYS: Enter enc_wolfTLSv1_2_client_method
[SGXSan] ALWAYS: Enter enc_wolfSSL_connect
[SGXSan] ALWAYS: Enter enc_wolfSSL_CTX_load_verify_buffer
[SGXSan] ALWAYS: Enter enc_wolfSSL_Debugging_ON
[SGXSan] ALWAYS: Enter enc_wolfSSL_Debugging_OFF
[SGXSan] ALWAYS: Enter enc_wolfSSL_CTX_set_cipher_list
[SGXSan] ALWAYS: Enter enc_wolfSSL_set_fd
[SGXSan] ALWAYS: Enter enc_wolfSSL_free
[SGXSan] ALWAYS: Enter enc_wolfSSL_CTX_new
#4	pulse  cov: 6292 ft: 6298 corp: 2/761Kb exec/s: 0 rss: 64Mb
[SGXSan] ALWAYS: Enter enc_wolfSSL_set_fd
[SGXSan] ALWAYS: Enter enc_wolfSSL_CTX_use_certificate_buffer
[SGXSan] ALWAYS: Enter enc_wolfSSL_read
[SGXSan] ALWAYS: Enter enc_wolfSSL_Debugging_OFF
[SGXSan] ALWAYS: Enter enc_wolfSSL_get_error
[SGXSan] ALWAYS: Enter wc_benchmark_test
------------------------------------------------------------------------------
 wolfSSL version 5.1.0
------------------------------------------------------------------------------
wolfCrypt Benchmark (block bytes 1048576, min 1.0 sec each)
RNG                 15 MB took 1.125 seconds,   13.336 MB/s
AES-128-CBC-enc     35 MB took 1.052 seconds,   33.259 MB/s
AES-128-CBC-dec     30 MB took 1.000 seconds,   29.986 MB/s
AES-192-CBC-enc     30 MB took 1.059 seconds,   28.331 MB/s
AES-192-CBC-dec     30 MB took 1.172 seconds,   25.598 MB/s
AES-256-CBC-enc     30 MB took 1.166 seconds,   25.722 MB/s
AES-256-CBC-dec     25 MB took 1.040 seconds,   24.033 MB/s
AES-128-GCM-enc     25 MB took 1.087 seconds,   22.993 MB/s
AES-128-GCM-dec     25 MB took 1.050 seconds,   23.803 MB/s
AES-192-GCM-enc     25 MB took 1.175 seconds,   21.274 MB/s
AES-192-GCM-dec     25 MB took 1.171 seconds,   21.356 MB/s
AES-256-GCM-enc     20 MB took 1.025 seconds,   19.507 MB/s
AES-256-GCM-dec     20 MB took 1.026 seconds,   19.486 MB/s
GMAC Table 4-bit    68 MB took 1.003 seconds,   67.772 MB/s
RABBIT              95 MB took 1.044 seconds,   90.967 MB/s
3DES                10 MB took 1.089 seconds,    9.186 MB/s
MD5                305 MB took 1.013 seconds,  301.065 MB/s
SHA                130 MB took 1.035 seconds,  125.548 MB/s
SHA-256             35 MB took 1.134 seconds,   30.867 MB/s
HMAC-MD5           305 MB took 1.005 seconds,  303.336 MB/s
HMAC-SHA           130 MB took 1.007 seconds,  129.042 MB/s
HMAC-SHA256         35 MB took 1.133 seconds,   30.887 MB/s
PBKDF2               4 KB took 1.006 seconds,    3.698 KB/s
RSA     2048 public       1400 ops took 1.005 sec, avg 0.718 ms, 1393.705 ops/sec
RSA     2048 private       100 ops took 3.665 sec, avg 36.651 ms, 27.284 ops/sec
DH      2048 key gen        65 ops took 1.012 sec, avg 15.567 ms, 64.237 ops/sec
DH      2048 agree         100 ops took 1.541 sec, avg 15.407 ms, 64.904 ops/sec
ECC   [      SECP256R1]   256 key gen      1424 ops took 1.001 sec, avg 0.703 ms, 1423.028 ops/sec
ECDHE [      SECP256R1]   256 agree        1000 ops took 1.082 sec, avg 1.082 ms, 924.146 ops/sec
ECDSA [      SECP256R1]   256 sign         1300 ops took 1.072 sec, avg 0.824 ms, 1212.988 ops/sec
ECDSA [      SECP256R1]   256 verify        900 ops took 1.093 sec, avg 1.214 ms, 823.441 ops/sec
Benchmark complete
[SGXSan] ALWAYS: Enter wc_test
------------------------------------------------------------------------------
 wolfSSL version 5.1.0
------------------------------------------------------------------------------
error    test passed!
MEMORY   test passed!
base64   test passed!
asn      test passed!
RANDOM   test passed!
MD5      test passed!
MD4      test passed!
SHA      test passed!
SHA-256  test passed!
Hash     test passed!
HMAC-MD5 test passed!
HMAC-SHA test passed!
HMAC-SHA256 test passed!
GMAC     test passed!
HC-128   test passed!
Rabbit   test passed!
DES      test passed!
DES3     test passed!
AES      test passed!
AES192   test passed!
AES256   test passed!
AES-GCM  test passed!
RSA      test passed!
DH       test passed!
DSA      test passed!
PWDBASED test passed!
ECC      test passed!
ECC buffer test passed!
logging  test passed!
mutex    test passed!
memcb    test failed!
 error = -13803
[SGXSan] ALWAYS: Enter enc_wolfSSL_CTX_free
[SGXSan] ALWAYS: Enter enc_wolfTLSv1_2_server_method
[SGXSan] ALWAYS: Enter enc_wolfSSL_connect
[SGXSan] ALWAYS: Enter enc_wolfSSL_Cleanup
[SGXSan] ALWAYS: Enter enc_wolfSSL_CTX_use_PrivateKey_buffer
[SGXSan] ALWAYS: Enter enc_wolfSSL_CTX_use_certificate_chain_buffer_format
[SGXSan] ALWAYS: Enter enc_wolfSSL_free
[SGXSan] ALWAYS: Enter enc_wolfSSL_new
[SGXSan] ALWAYS: Enter enc_wolfSSL_CTX_load_verify_buffer
[SGXSan] ALWAYS: Enter enc_wolfSSL_CTX_new
[SGXSan] ALWAYS: Enter enc_wolfSSL_CTX_set_cipher_list
[SGXSan] ALWAYS: Enter enc_wolfSSL_Init
[SGXSan] ALWAYS: Enter enc_wolfTLSv1_2_client_method
[SGXSan] ALWAYS: Enter enc_wolfSSL_write
[SGXSan] ALWAYS: Enter enc_wolfSSL_Debugging_ON
[SGXSan] ALWAYS: Enter enc_wolfSSL_Init
[SGXSan] ALWAYS: Enter enc_wolfSSL_new
[SGXSan] ALWAYS: Enter enc_wolfSSL_free
[SGXSan] ALWAYS: Enter enc_wolfTLSv1_2_server_method
[SGXSan] ALWAYS: Enter enc_wolfSSL_Cleanup
[SGXSan] ALWAYS: Enter enc_wolfSSL_read
[SGXSan] ALWAYS: Enter enc_wolfSSL_CTX_free
[SGXSan] ALWAYS: Enter wc_benchmark_test
------------------------------------------------------------------------------
 wolfSSL version 5.1.0
------------------------------------------------------------------------------
wolfCrypt Benchmark (block bytes 1048576, min 1.0 sec each)
RNG                 10 MB took 1.295 seconds,    7.720 MB/s
AES-128-CBC-enc     20 MB took 1.117 seconds,   17.912 MB/s
AES-128-CBC-dec     25 MB took 1.144 seconds,   21.857 MB/s
AES-192-CBC-enc     30 MB took 1.046 seconds,   28.670 MB/s
AES-192-CBC-dec     30 MB took 1.119 seconds,   26.805 MB/s
AES-256-CBC-enc     20 MB took 1.136 seconds,   17.599 MB/s
AES-256-CBC-dec     15 MB took 1.149 seconds,   13.051 MB/s
AES-128-GCM-enc     15 MB took 1.113 seconds,   13.475 MB/s
AES-128-GCM-dec     15 MB took 1.108 seconds,   13.536 MB/s
AES-192-GCM-enc     15 MB took 1.246 seconds,   12.041 MB/s
AES-192-GCM-dec     25 MB took 1.279 seconds,   19.551 MB/s
AES-256-GCM-enc     15 MB took 1.354 seconds,   11.082 MB/s
AES-256-GCM-dec     15 MB took 1.401 seconds,   10.706 MB/s
GMAC Table 4-bit    54 MB took 1.008 seconds,   53.583 MB/s
RABBIT              95 MB took 1.045 seconds,   90.923 MB/s
3DES                10 MB took 1.075 seconds,    9.300 MB/s
MD5                310 MB took 1.011 seconds,  306.674 MB/s
SHA                130 MB took 1.006 seconds,  129.216 MB/s
SHA-256             35 MB took 1.133 seconds,   30.888 MB/s
HMAC-MD5           305 MB took 1.005 seconds,  303.347 MB/s
HMAC-SHA           130 MB took 1.010 seconds,  128.744 MB/s
HMAC-SHA256         35 MB took 1.121 seconds,   31.225 MB/s
PBKDF2               4 KB took 1.002 seconds,    3.803 KB/s
RSA     2048 public       1400 ops took 1.014 sec, avg 0.724 ms, 1380.871 ops/sec
RSA     2048 private       100 ops took 3.677 sec, avg 36.768 ms, 27.197 ops/sec
DH      2048 key gen        65 ops took 1.000 sec, avg 15.391 ms, 64.971 ops/sec
DH      2048 agree         100 ops took 1.539 sec, avg 15.395 ms, 64.957 ops/sec
ECC   [      SECP256R1]   256 key gen      1404 ops took 1.000 sec, avg 0.712 ms, 1403.771 ops/sec
ECDHE [      SECP256R1]   256 agree        1000 ops took 1.085 sec, avg 1.085 ms, 921.718 ops/sec
ECDSA [      SECP256R1]   256 sign         1300 ops took 1.074 sec, avg 0.826 ms, 1210.640 ops/sec
ECDSA [      SECP256R1]   256 verify        900 ops took 1.053 sec, avg 1.170 ms, 854.737 ops/sec
Benchmark complete
[SGXSan] ALWAYS: Enter enc_wolfSSL_get_error
[SGXSan] ALWAYS: Enter enc_wolfSSL_CTX_use_PrivateKey_buffer
[SGXSan] ALWAYS: Enter wc_test
------------------------------------------------------------------------------
 wolfSSL version 5.1.0
------------------------------------------------------------------------------
error    test passed!
MEMORY   test passed!
base64   test passed!
asn      test passed!
RANDOM   test passed!
MD5      test passed!
MD4      test passed!
SHA      test passed!
SHA-256  test passed!
Hash     test passed!
HMAC-MD5 test passed!
HMAC-SHA test passed!
HMAC-SHA256 test passed!
GMAC     test passed!
HC-128   test passed!
Rabbit   test passed!
DES      test passed!
DES3     test passed!
AES      test passed!
AES192   test passed!
AES256   test passed!
AES-GCM  test passed!
RSA      test passed!
DH       test passed!
DSA      test passed!
PWDBASED test passed!
ECC      test passed!
ECC buffer test passed!
logging  test passed!
mutex    test passed!
memcb    test failed!
 error = -13803
[SGXSan] ALWAYS: Enter enc_wolfSSL_Debugging_ON
[SGXSan] ALWAYS: Enter enc_wolfTLSv1_2_client_method
[SGXSan] ALWAYS: Enter enc_wolfSSL_CTX_set_cipher_list
[SGXSan] ALWAYS: Enter enc_wolfSSL_connect
[SGXSan] ALWAYS: Enter enc_wolfSSL_CTX_new
[SGXSan] ALWAYS: Enter enc_wolfSSL_write
[SGXSan] ALWAYS: Enter enc_wolfSSL_CTX_use_certificate_chain_buffer_format
[SGXSan] ALWAYS: Enter enc_wolfSSL_set_fd
[SGXSan] ALWAYS: Enter enc_wolfSSL_Debugging_OFF
[SGXSan] ALWAYS: Enter enc_wolfSSL_CTX_load_verify_buffer
[SGXSan] ALWAYS: Enter enc_wolfSSL_CTX_use_certificate_buffer
[SGXSan] ALWAYS: Enter enc_wolfSSL_CTX_load_verify_buffer
[SGXSan] ALWAYS: Enter enc_wolfSSL_Init
[SGXSan] ALWAYS: Enter enc_wolfSSL_Debugging_ON
[SGXSan] ALWAYS: Enter enc_wolfSSL_connect
[SGXSan] ALWAYS: Enter wc_test
------------------------------------------------------------------------------
 wolfSSL version 5.1.0
------------------------------------------------------------------------------
error    test passed!
MEMORY   test passed!
base64   test passed!
asn      test passed!
RANDOM   test passed!
MD5      test passed!
MD4      test passed!
SHA      test passed!
SHA-256  test passed!
Hash     test passed!
HMAC-MD5 test passed!
HMAC-SHA test passed!
HMAC-SHA256 test passed!
GMAC     test passed!
HC-128   test passed!
Rabbit   test passed!
DES      test passed!
DES3     test passed!
AES      test passed!
AES192   test passed!
AES256   test passed!
AES-GCM  test passed!
RSA      test passed!
DH       test passed!
DSA      test passed!
PWDBASED test passed!
ECC      test passed!
ECC buffer test passed!
logging  test passed!
mutex    test passed!
memcb    test failed!
 error = -13803
[SGXSan] ALWAYS: Enter enc_wolfTLSv1_2_client_method
[SGXSan] ALWAYS: Enter enc_wolfSSL_write
[SGXSan] ALWAYS: Enter enc_wolfSSL_read
[SGXSan] ALWAYS: Enter enc_wolfSSL_CTX_use_certificate_buffer
[SGXSan] ALWAYS: Enter enc_wolfSSL_Debugging_OFF
[SGXSan] ALWAYS: Enter enc_wolfSSL_CTX_set_cipher_list
[SGXSan] ALWAYS: Enter enc_wolfSSL_set_fd
[SGXSan] ALWAYS: Enter enc_wolfSSL_CTX_use_PrivateKey_buffer
[SGXSan] ALWAYS: Enter enc_wolfSSL_new
[SGXSan] ALWAYS: Enter enc_wolfSSL_Cleanup
[SGXSan] ALWAYS: Enter enc_wolfSSL_CTX_use_certificate_chain_buffer_format
[SGXSan] ALWAYS: Enter enc_wolfSSL_CTX_free
[SGXSan] ALWAYS: Enter enc_wolfTLSv1_2_server_method
[SGXSan] ALWAYS: Enter wc_benchmark_test
------------------------------------------------------------------------------
 wolfSSL version 5.1.0
------------------------------------------------------------------------------
wolfCrypt Benchmark (block bytes 1048576, min 1.0 sec each)
RNG                 15 MB took 1.152 seconds,   13.023 MB/s
AES-128-CBC-enc     35 MB took 1.053 seconds,   33.226 MB/s
AES-128-CBC-dec     35 MB took 1.146 seconds,   30.540 MB/s
AES-192-CBC-enc     30 MB took 1.049 seconds,   28.587 MB/s
AES-192-CBC-dec     30 MB took 1.132 seconds,   26.501 MB/s
AES-256-CBC-enc     30 MB took 1.185 seconds,   25.315 MB/s
AES-256-CBC-dec     25 MB took 1.065 seconds,   23.474 MB/s
AES-128-GCM-enc     25 MB took 1.051 seconds,   23.798 MB/s
AES-128-GCM-dec     25 MB took 1.057 seconds,   23.658 MB/s
AES-192-GCM-enc     25 MB took 1.172 seconds,   21.326 MB/s
AES-192-GCM-dec     25 MB took 1.165 seconds,   21.459 MB/s
AES-256-GCM-enc     20 MB took 1.025 seconds,   19.509 MB/s
AES-256-GCM-dec     20 MB took 1.005 seconds,   19.896 MB/s
GMAC Table 4-bit    68 MB took 1.002 seconds,   67.891 MB/s
RABBIT              95 MB took 1.038 seconds,   91.504 MB/s
3DES                10 MB took 1.079 seconds,    9.269 MB/s
MD5                300 MB took 1.005 seconds,  298.628 MB/s
SHA                130 MB took 1.009 seconds,  128.799 MB/s
SHA-256             35 MB took 1.131 seconds,   30.948 MB/s
HMAC-MD5           310 MB took 1.015 seconds,  305.446 MB/s
HMAC-SHA           130 MB took 1.011 seconds,  128.582 MB/s
HMAC-SHA256         35 MB took 1.130 seconds,   30.966 MB/s
PBKDF2               4 KB took 1.001 seconds,    3.745 KB/s
RSA     2048 public       1400 ops took 1.021 sec, avg 0.729 ms, 1371.061 ops/sec
RSA     2048 private       100 ops took 3.704 sec, avg 37.045 ms, 26.994 ops/sec
DH      2048 key gen        66 ops took 1.015 sec, avg 15.381 ms, 65.015 ops/sec
DH      2048 agree         100 ops took 1.558 sec, avg 15.579 ms, 64.190 ops/sec
ECC   [      SECP256R1]   256 key gen      1404 ops took 1.001 sec, avg 0.713 ms, 1403.258 ops/sec
ECDHE [      SECP256R1]   256 agree        1000 ops took 1.097 sec, avg 1.097 ms, 911.233 ops/sec
ECDSA [      SECP256R1]   256 sign         1300 ops took 1.083 sec, avg 0.833 ms, 1200.446 ops/sec
ECDSA [      SECP256R1]   256 verify        900 ops took 1.041 sec, avg 1.156 ms, 864.759 ops/sec
Benchmark complete
[SGXSan] ALWAYS: Enter enc_wolfSSL_get_error
[SGXSan] ALWAYS: Enter enc_wolfSSL_free
[SGXSan] ALWAYS: Enter enc_wolfSSL_CTX_new
#7	INITED cov: 6293 ft: 6303 corp: 4/1523Kb exec/s: 0 rss: 84Mb
[SGXSan] ALWAYS: Enter enc_wolfSSL_set_fd
[SGXSan] ALWAYS: Enter enc_wolfTLSv1_2_server_method
[SGXSan] ALWAYS: Enter enc_wolfSSL_write
[SGXSan] ALWAYS: Enter enc_wolfSSL_CTX_load_verify_buffer
[SGXSan] ALWAYS: Enter wc_test
------------------------------------------------------------------------------
 wolfSSL version 5.1.0
------------------------------------------------------------------------------
error    test passed!
MEMORY   test passed!
base64   test passed!
asn      test passed!
RANDOM   test passed!
MD5      test passed!
MD4      test passed!
SHA      test passed!
SHA-256  test passed!
Hash     test passed!
HMAC-MD5 test passed!
HMAC-SHA test passed!
HMAC-SHA256 test passed!
GMAC     test passed!
HC-128   test passed!
Rabbit   test passed!
DES      test passed!
DES3     test passed!
AES      test passed!
AES192   test passed!
AES256   test passed!
AES-GCM  test passed!
RSA      test passed!
DH       test passed!
DSA      test passed!
PWDBASED test passed!
ECC      test passed!
ECC buffer test passed!
logging  test passed!
mutex    test passed!
memcb    test failed!
 error = -13803
[SGXSan] ALWAYS: Enter enc_wolfSSL_get_error
[SGXSan] ALWAYS: Enter enc_wolfSSL_CTX_use_certificate_buffer
[SGXSan] ALWAYS: Enter enc_wolfSSL_read
[SGXSan] ALWAYS: Enter enc_wolfSSL_connect
[SGXSan] ALWAYS: Enter enc_wolfSSL_new
[SGXSan] ALWAYS: Enter enc_wolfSSL_Cleanup
[SGXSan] ALWAYS: Enter enc_wolfSSL_Debugging_ON
[SGXSan] ALWAYS: Enter enc_wolfSSL_CTX_use_PrivateKey_buffer
[SGXSan] ALWAYS: Enter enc_wolfSSL_CTX_free
[SGXSan] ALWAYS: Enter wc_benchmark_test
------------------------------------------------------------------------------
 wolfSSL version 5.1.0
------------------------------------------------------------------------------
wolfCrypt Benchmark (block bytes 1048576, min 1.0 sec each)
RNG                 15 MB took 1.130 seconds,   13.279 MB/s
AES-128-CBC-enc     35 MB took 1.063 seconds,   32.925 MB/s
AES-128-CBC-dec     35 MB took 1.142 seconds,   30.642 MB/s
AES-192-CBC-enc     30 MB took 1.048 seconds,   28.630 MB/s
AES-192-CBC-dec     30 MB took 1.135 seconds,   26.441 MB/s
AES-256-CBC-enc     30 MB took 1.185 seconds,   25.306 MB/s
AES-256-CBC-dec     25 MB took 1.039 seconds,   24.072 MB/s
AES-128-GCM-enc     25 MB took 1.040 seconds,   24.036 MB/s
AES-128-GCM-dec     25 MB took 1.054 seconds,   23.712 MB/s
AES-192-GCM-enc     25 MB took 1.165 seconds,   21.451 MB/s
AES-192-GCM-dec     25 MB took 1.164 seconds,   21.471 MB/s
AES-256-GCM-enc     20 MB took 1.004 seconds,   19.925 MB/s
AES-256-GCM-dec     20 MB took 1.000 seconds,   19.999 MB/s
GMAC Table 4-bit    69 MB took 1.002 seconds,   68.880 MB/s
RABBIT              90 MB took 1.008 seconds,   89.264 MB/s
3DES                10 MB took 1.080 seconds,    9.257 MB/s
MD5                305 MB took 1.001 seconds,  304.741 MB/s
SHA                130 MB took 1.005 seconds,  129.409 MB/s
SHA-256             35 MB took 1.126 seconds,   31.083 MB/s
HMAC-MD5           300 MB took 1.004 seconds,  298.882 MB/s
HMAC-SHA           130 MB took 1.023 seconds,  127.097 MB/s
HMAC-SHA256         35 MB took 1.132 seconds,   30.913 MB/s
PBKDF2               4 KB took 1.002 seconds,    3.775 KB/s
RSA     2048 public       1400 ops took 1.015 sec, avg 0.725 ms, 1379.468 ops/sec
RSA     2048 private       100 ops took 3.720 sec, avg 37.195 ms, 26.885 ops/sec
DH      2048 key gen        66 ops took 1.011 sec, avg 15.321 ms, 65.269 ops/sec
DH      2048 agree         100 ops took 1.551 sec, avg 15.512 ms, 64.465 ops/sec
ECC   [      SECP256R1]   256 key gen      1415 ops took 1.000 sec, avg 0.707 ms, 1414.456 ops/sec
ECDHE [      SECP256R1]   256 agree        1000 ops took 1.099 sec, avg 1.099 ms, 910.071 ops/sec
ECDSA [      SECP256R1]   256 sign         1300 ops took 1.075 sec, avg 0.827 ms, 1209.216 ops/sec
ECDSA [      SECP256R1]   256 verify        900 ops took 1.036 sec, avg 1.151 ms, 868.440 ops/sec
Benchmark complete
[SGXSan] ALWAYS: Enter enc_wolfTLSv1_2_client_method
[SGXSan] ALWAYS: Enter enc_wolfSSL_free
[SGXSan] ALWAYS: Enter enc_wolfSSL_Debugging_OFF
[SGXSan] ALWAYS: Enter enc_wolfSSL_CTX_set_cipher_list
[SGXSan] ALWAYS: Enter enc_wolfSSL_Init
[SGXSan] ALWAYS: Enter enc_wolfSSL_CTX_use_certificate_chain_buffer_format
[SGXSan] ALWAYS: Enter enc_wolfSSL_CTX_new
#8	pulse  cov: 6293 ft: 6303 corp: 4/1523Kb lim: 1000000 exec/s: 0 rss: 89Mb
[SGXSan] ALWAYS: Enter enc_wolfSSL_set_fd
[SGXSan] ALWAYS: Enter enc_wolfTLSv1_2_server_method
[SGXSan] ALWAYS: Enter enc_wolfSSL_write
[SGXSan] ALWAYS: Enter enc_wolfSSL_CTX_load_verify_buffer
[SGXSan] ALWAYS: Enter wc_test
------------------------------------------------------------------------------
 wolfSSL version 5.1.0
------------------------------------------------------------------------------
error    test passed!
MEMORY   test passed!
base64   test passed!
asn      test passed!
RANDOM   test passed!
MD5      test passed!
MD4      test passed!
SHA      test passed!
SHA-256  test passed!
Hash     test passed!
HMAC-MD5 test passed!
HMAC-SHA test passed!
HMAC-SHA256 test passed!
GMAC     test passed!
HC-128   test passed!
Rabbit   test passed!
DES      test passed!
DES3     test passed!
AES      test passed!
AES192   test passed!
AES256   test passed!
AES-GCM  test passed!
RSA      test passed!
DH       test passed!
DSA      test passed!
PWDBASED test passed!
ECC      test passed!
ECC buffer test passed!
logging  test passed!
mutex    test passed!
memcb    test failed!
 error = -13803
[SGXSan] ALWAYS: Enter enc_wolfSSL_get_error
[SGXSan] ALWAYS: Enter enc_wolfSSL_CTX_use_certificate_buffer
[SGXSan] ALWAYS: Enter enc_wolfSSL_read
[SGXSan] ALWAYS: Enter enc_wolfSSL_connect
[SGXSan] ALWAYS: Enter enc_wolfSSL_new
[SGXSan] ALWAYS: Enter enc_wolfSSL_Cleanup
[SGXSan] ALWAYS: Enter enc_wolfSSL_Debugging_ON
[SGXSan] ALWAYS: Enter enc_wolfSSL_CTX_use_PrivateKey_buffer
[SGXSan] ALWAYS: Enter enc_wolfSSL_CTX_free
[SGXSan] ALWAYS: Enter wc_benchmark_test
------------------------------------------------------------------------------
 wolfSSL version 5.1.0
------------------------------------------------------------------------------
wolfCrypt Benchmark (block bytes 1048576, min 1.0 sec each)
RNG                 15 MB took 1.129 seconds,   13.286 MB/s
AES-128-CBC-enc     35 MB took 1.068 seconds,   32.765 MB/s
AES-128-CBC-dec     35 MB took 1.144 seconds,   30.588 MB/s
AES-192-CBC-enc     30 MB took 1.061 seconds,   28.268 MB/s
AES-192-CBC-dec     30 MB took 1.127 seconds,   26.612 MB/s
AES-256-CBC-enc     30 MB took 1.171 seconds,   25.620 MB/s
AES-256-CBC-dec     25 MB took 1.045 seconds,   23.923 MB/s
AES-128-GCM-enc     25 MB took 1.042 seconds,   23.999 MB/s
AES-128-GCM-dec     25 MB took 1.051 seconds,   23.789 MB/s
AES-192-GCM-enc     25 MB took 1.165 seconds,   21.467 MB/s
AES-192-GCM-dec     25 MB took 1.164 seconds,   21.487 MB/s
AES-256-GCM-enc     20 MB took 1.024 seconds,   19.529 MB/s
AES-256-GCM-dec     20 MB took 1.021 seconds,   19.595 MB/s
GMAC Table 4-bit    68 MB took 1.000 seconds,   67.979 MB/s
RABBIT              95 MB took 1.053 seconds,   90.221 MB/s
3DES                10 MB took 1.076 seconds,    9.292 MB/s
MD5                305 MB took 1.016 seconds,  300.330 MB/s
SHA                130 MB took 1.010 seconds,  128.687 MB/s
SHA-256             35 MB took 1.130 seconds,   30.969 MB/s
HMAC-MD5           305 MB took 1.003 seconds,  303.965 MB/s
HMAC-SHA           130 MB took 1.010 seconds,  128.724 MB/s
HMAC-SHA256         35 MB took 1.141 seconds,   30.675 MB/s
PBKDF2               4 KB took 1.000 seconds,    3.779 KB/s
RSA     2048 public       1400 ops took 1.005 sec, avg 0.718 ms, 1393.075 ops/sec
RSA     2048 private       100 ops took 3.645 sec, avg 36.450 ms, 27.435 ops/sec
DH      2048 key gen        65 ops took 1.001 sec, avg 15.407 ms, 64.906 ops/sec
DH      2048 agree         100 ops took 1.537 sec, avg 15.367 ms, 65.075 ops/sec
ECC   [      SECP256R1]   256 key gen      1413 ops took 1.000 sec, avg 0.708 ms, 1412.781 ops/sec
ECDHE [      SECP256R1]   256 agree        1000 ops took 1.081 sec, avg 1.081 ms, 924.876 ops/sec
ECDSA [      SECP256R1]   256 sign         1300 ops took 1.064 sec, avg 0.819 ms, 1221.378 ops/sec
ECDSA [      SECP256R1]   256 verify        900 ops took 1.046 sec, avg 1.162 ms, 860.283 ops/sec
Benchmark complete
[SGXSan] ALWAYS: Enter enc_wolfTLSv1_2_client_method
[SGXSan] ALWAYS: Enter enc_wolfSSL_free
[SGXSan] ALWAYS: Enter enc_wolfSSL_Debugging_OFF
[SGXSan] ALWAYS: Enter enc_wolfSSL_CTX_set_cipher_list
[SGXSan] ALWAYS: Enter enc_wolfSSL_Init
[SGXSan] ALWAYS: Enter enc_wolfSSL_CTX_use_certificate_chain_buffer_format
[SGXSan] ALWAYS: Enter enc_wolfSSL_CTX_new
#9	NEW    cov: 6293 ft: 6308 corp: 5/1904Kb lim: 1000000 exec/s: 0 rss: 96Mb L: 390122/390122 MS: 4 InsertByte-Custom-ChangeASCIIInt-Custom-
#9	DONE   cov: 6293 ft: 6308 corp: 5/1904Kb lim: 1000000 exec/s: 0 rss: 96Mb
Done 9 runs in 380 second(s)
stat::number_of_executed_units: 9
stat::average_exec_per_sec:     0
stat::new_units_added:          1
stat::slowest_unit_time_sec:    42
stat::peak_rss_mb:              96
