WARNING: Failed to find function "__sanitizer_acquire_crash_state".
WARNING: Failed to find function "__sanitizer_print_stack_trace".
WARNING: Failed to find function "__sanitizer_set_death_callback".
[2023-01-15 16:54:52.879] [Init] Num of ECall: 22
[2023-01-15 16:54:52.879] ECalls:
  0 - fuzz_enc_wolfSSL_CTX_free
  1 - fuzz_enc_wolfSSL_CTX_load_verify_buffer
  2 - fuzz_enc_wolfSSL_CTX_new
  3 - fuzz_enc_wolfSSL_CTX_set_cipher_list
  4 - fuzz_enc_wolfSSL_CTX_use_PrivateKey_buffer
  5 - fuzz_enc_wolfSSL_CTX_use_certificate_buffer
  6 - fuzz_enc_wolfSSL_CTX_use_certificate_chain_buffer_format
  7 - fuzz_enc_wolfSSL_Cleanup
  8 - fuzz_enc_wolfSSL_Debugging_OFF
  9 - fuzz_enc_wolfSSL_Debugging_ON
  10 - fuzz_enc_wolfSSL_Init
  11 - fuzz_enc_wolfSSL_connect
  12 - fuzz_enc_wolfSSL_free
  13 - fuzz_enc_wolfSSL_get_error
  14 - fuzz_enc_wolfSSL_new
  15 - fuzz_enc_wolfSSL_read
  16 - fuzz_enc_wolfSSL_set_fd
  17 - fuzz_enc_wolfSSL_write
  18 - fuzz_enc_wolfTLSv1_2_client_method
  19 - fuzz_enc_wolfTLSv1_2_server_method
  20 - fuzz_wc_benchmark_test
  21 - fuzz_wc_test

INFO: found LLVMFuzzerCustomMutator (0x44ac30). Disabling -len_control by default.
INFO: libFuzzer ignores flags that start with '--'
INFO: Running with entropic power schedule (0xFF, 100).
INFO: Seed: 4207573924
INFO: Loaded 1 modules   (291 inline 8-bit counters): 291 [0x4cb7e8, 0x4cb90b), 
INFO: Loaded 1 PC tables (291 PCs): 291 [0x4cb910,0x4ccb40), 
INFO:        0 files found in /tmp/libFuzzerTemp.FuzzWithFork422940.dir/C36
[SGXSan] ALWAYS: Hook __sanitizer_cov_8bit_counters_init of Enclave, 21636 inline 8-bit counts [0x7f7d0bd6d9c0, 0x7f7d0bd72e44) (First time)
[SGXSan] ALWAYS: Hook __sanitizer_cov_pcs_init of Enclave, 21636 PCs [0x7f7d0bd72e48, 0x7f7d0bdc7688) (First time)
[SGXSan] ALWAYS: Enter enc_wolfSSL_CTX_free
[SGXSan] ALWAYS: Enter enc_wolfSSL_CTX_load_verify_buffer
[SGXSan] ALWAYS: Enter enc_wolfSSL_CTX_new
[SGXSan] ALWAYS: Enter enc_wolfSSL_CTX_set_cipher_list
[SGXSan] ALWAYS: Enter enc_wolfSSL_CTX_use_PrivateKey_buffer
[SGXSan] ALWAYS: Enter enc_wolfSSL_CTX_use_certificate_buffer
[SGXSan] ALWAYS: Enter enc_wolfSSL_CTX_use_certificate_chain_buffer_format
[SGXSan] ALWAYS: Enter enc_wolfSSL_Cleanup
[SGXSan] ALWAYS: Enter enc_wolfSSL_Debugging_OFF
[SGXSan] ALWAYS: Enter enc_wolfSSL_Debugging_ON
[SGXSan] ALWAYS: Enter enc_wolfSSL_Init
[SGXSan] ALWAYS: Enter enc_wolfSSL_connect
[SGXSan] ALWAYS: Enter enc_wolfSSL_free
[SGXSan] ALWAYS: Enter enc_wolfSSL_get_error
[SGXSan] ALWAYS: Enter enc_wolfSSL_new
[SGXSan] ALWAYS: Enter enc_wolfSSL_read
[SGXSan] ALWAYS: Enter enc_wolfSSL_set_fd
[SGXSan] ALWAYS: Enter enc_wolfSSL_write
[SGXSan] ALWAYS: Enter enc_wolfTLSv1_2_client_method
[SGXSan] ALWAYS: Enter enc_wolfTLSv1_2_server_method
[SGXSan] ALWAYS: Enter wc_benchmark_test
------------------------------------------------------------------------------
 wolfSSL version 5.1.0
------------------------------------------------------------------------------
wolfCrypt Benchmark (block bytes 1048576, min 1.0 sec each)
RNG                 15 MB took 1.190 seconds,   12.609 MB/s
AES-128-CBC-enc     35 MB took 1.080 seconds,   32.410 MB/s
AES-128-CBC-dec     35 MB took 1.166 seconds,   30.026 MB/s
AES-192-CBC-enc     30 MB took 1.076 seconds,   27.885 MB/s
AES-192-CBC-dec     30 MB took 1.152 seconds,   26.033 MB/s
AES-256-CBC-enc     30 MB took 1.193 seconds,   25.147 MB/s
AES-256-CBC-dec     25 MB took 1.049 seconds,   23.825 MB/s
AES-128-GCM-enc     25 MB took 1.070 seconds,   23.374 MB/s
AES-128-GCM-dec     25 MB took 1.081 seconds,   23.134 MB/s
AES-192-GCM-enc     25 MB took 1.198 seconds,   20.875 MB/s
AES-192-GCM-dec     25 MB took 1.189 seconds,   21.032 MB/s
AES-256-GCM-enc     20 MB took 1.024 seconds,   19.536 MB/s
AES-256-GCM-dec     20 MB took 1.050 seconds,   19.043 MB/s
GMAC Table 4-bit    67 MB took 1.002 seconds,   66.877 MB/s
RABBIT              90 MB took 1.003 seconds,   89.731 MB/s
3DES                10 MB took 1.083 seconds,    9.232 MB/s
MD5                300 MB took 1.000 seconds,  299.862 MB/s
SHA                125 MB took 1.007 seconds,  124.079 MB/s
SHA-256             35 MB took 1.153 seconds,   30.356 MB/s
HMAC-MD5           300 MB took 1.004 seconds,  298.733 MB/s
HMAC-SHA           130 MB took 1.038 seconds,  125.266 MB/s
HMAC-SHA256         35 MB took 1.161 seconds,   30.156 MB/s
PBKDF2               4 KB took 1.002 seconds,    3.711 KB/s
RSA     2048 public       1400 ops took 1.018 sec, avg 0.727 ms, 1375.011 ops/sec
RSA     2048 private       100 ops took 3.587 sec, avg 35.867 ms, 27.881 ops/sec
DH      2048 key gen        63 ops took 1.001 sec, avg 15.883 ms, 62.960 ops/sec
DH      2048 agree         100 ops took 1.606 sec, avg 16.059 ms, 62.269 ops/sec
ECC   [      SECP256R1]   256 key gen      1372 ops took 1.001 sec, avg 0.729 ms, 1371.142 ops/sec
ECDHE [      SECP256R1]   256 agree         900 ops took 1.014 sec, avg 1.127 ms, 887.232 ops/sec
ECDSA [      SECP256R1]   256 sign         1200 ops took 1.022 sec, avg 0.852 ms, 1174.072 ops/sec
ECDSA [      SECP256R1]   256 verify        900 ops took 1.086 sec, avg 1.207 ms, 828.351 ops/sec
Benchmark complete
[SGXSan] ALWAYS: Enter wc_test
INFO: A corpus is not provided, starting from an empty corpus
------------------------------------------------------------------------------
 wolfSSL version 5.1.0
------------------------------------------------------------------------------
error    test passed!
MEMORY   test passed!
base64   test passed!
asn      test passed!
RANDOM   test passed!
MD5      test passed!
MD4      test passed!
SHA      test passed!
SHA-256  test passed!
Hash     test passed!
HMAC-MD5 test passed!
HMAC-SHA test passed!
HMAC-SHA256 test passed!
GMAC     test passed!
HC-128   test passed!
Rabbit   test passed!
DES      test passed!
DES3     test passed!
AES      test passed!
AES192   test passed!
AES256   test passed!
AES-GCM  test passed!
RSA      test passed!
DH       test passed!
DSA      test passed!
PWDBASED test passed!
ECC      test passed!
ECC buffer test passed!
logging  test passed!
mutex    test passed!
memcb    test passed!
Test complete
[SGXSan] ALWAYS: Enter enc_wolfSSL_Init
[SGXSan] ALWAYS: Enter enc_wolfSSL_CTX_free
[SGXSan] ALWAYS: Enter enc_wolfSSL_CTX_load_verify_buffer
[SGXSan] ALWAYS: Enter enc_wolfSSL_CTX_new
[SGXSan] ALWAYS: Enter enc_wolfSSL_CTX_set_cipher_list
[SGXSan] ALWAYS: Enter enc_wolfSSL_CTX_use_PrivateKey_buffer
[SGXSan] ALWAYS: Enter enc_wolfSSL_CTX_use_certificate_buffer
[SGXSan] ALWAYS: Enter enc_wolfSSL_CTX_use_certificate_chain_buffer_format
[SGXSan] ALWAYS: Enter enc_wolfSSL_Cleanup
[SGXSan] ALWAYS: Enter enc_wolfSSL_Debugging_OFF
[SGXSan] ALWAYS: Enter enc_wolfSSL_Debugging_ON
[SGXSan] ALWAYS: Enter enc_wolfSSL_connect
[SGXSan] ALWAYS: Enter enc_wolfSSL_free
[SGXSan] ALWAYS: Enter enc_wolfSSL_get_error
[SGXSan] ALWAYS: Enter enc_wolfSSL_new
[SGXSan] ALWAYS: Enter enc_wolfSSL_read
[SGXSan] ALWAYS: Enter enc_wolfSSL_set_fd
[SGXSan] ALWAYS: Enter enc_wolfSSL_write
[SGXSan] ALWAYS: Enter enc_wolfTLSv1_2_client_method
[SGXSan] ALWAYS: Enter enc_wolfTLSv1_2_server_method
[SGXSan] ALWAYS: Enter wc_benchmark_test
------------------------------------------------------------------------------
 wolfSSL version 5.1.0
------------------------------------------------------------------------------
wolfCrypt Benchmark (block bytes 1048576, min 1.0 sec each)
RNG                 15 MB took 1.135 seconds,   13.222 MB/s
AES-128-CBC-enc     35 MB took 1.057 seconds,   33.122 MB/s
AES-128-CBC-dec     35 MB took 1.136 seconds,   30.803 MB/s
AES-192-CBC-enc     30 MB took 1.082 seconds,   27.715 MB/s
AES-192-CBC-dec     30 MB took 1.164 seconds,   25.765 MB/s
AES-256-CBC-enc     30 MB took 1.193 seconds,   25.153 MB/s
AES-256-CBC-dec     25 MB took 1.055 seconds,   23.698 MB/s
AES-128-GCM-enc     25 MB took 1.060 seconds,   23.588 MB/s
AES-128-GCM-dec     25 MB took 1.070 seconds,   23.375 MB/s
AES-192-GCM-enc     25 MB took 1.201 seconds,   20.810 MB/s
AES-192-GCM-dec     25 MB took 1.158 seconds,   21.586 MB/s
AES-256-GCM-enc     20 MB took 1.008 seconds,   19.835 MB/s
AES-256-GCM-dec     20 MB took 1.005 seconds,   19.901 MB/s
GMAC Table 4-bit    69 MB took 1.001 seconds,   68.941 MB/s
RABBIT              90 MB took 1.006 seconds,   89.436 MB/s
3DES                10 MB took 1.103 seconds,    9.063 MB/s
MD5                300 MB took 1.006 seconds,  298.144 MB/s
SHA                130 MB took 1.021 seconds,  127.341 MB/s
SHA-256             30 MB took 1.000 seconds,   29.987 MB/s
HMAC-MD5           290 MB took 1.000 seconds,  289.977 MB/s
HMAC-SHA           125 MB took 1.002 seconds,  124.778 MB/s
HMAC-SHA256         35 MB took 1.159 seconds,   30.198 MB/s
PBKDF2               4 KB took 1.008 seconds,    3.783 KB/s
RSA     2048 public       1500 ops took 1.046 sec, avg 0.697 ms, 1433.949 ops/sec
RSA     2048 private       100 ops took 3.602 sec, avg 36.019 ms, 27.763 ops/sec
DH      2048 key gen        66 ops took 1.007 sec, avg 15.259 ms, 65.535 ops/sec
DH      2048 agree         100 ops took 1.537 sec, avg 15.371 ms, 65.056 ops/sec
ECC   [      SECP256R1]   256 key gen      1448 ops took 1.000 sec, avg 0.691 ms, 1447.323 ops/sec
ECDHE [      SECP256R1]   256 agree        1000 ops took 1.086 sec, avg 1.086 ms, 920.723 ops/sec
ECDSA [      SECP256R1]   256 sign         1300 ops took 1.065 sec, avg 0.819 ms, 1220.599 ops/sec
ECDSA [      SECP256R1]   256 verify        900 ops took 1.027 sec, avg 1.141 ms, 876.540 ops/sec
Benchmark complete
[SGXSan] ALWAYS: Enter wc_test
#2	pulse  ft: 6289 exec/s: 0 rss: 48Mb
Slowest unit: 42 s:
artifact_prefix='./crashes/'; Test unit written to ./crashes/slow-unit-adc83b19e793491b1c6ea0fd8b46cd9f32e592fc
Base64: Cg==
#2	INITED cov: 6289 ft: 6289 corp: 1/1b exec/s: 0 rss: 50Mb
#2	DONE   cov: 6289 ft: 6289 corp: 1/1b lim: 4 exec/s: 0 rss: 50Mb
Done 2 runs in 84 second(s)
stat::number_of_executed_units: 2
stat::average_exec_per_sec:     0
stat::new_units_added:          0
stat::slowest_unit_time_sec:    42
stat::peak_rss_mb:              50
------------------------------------------------------------------------------
 wolfSSL version 5.1.0
------------------------------------------------------------------------------
error    test passed!
MEMORY   test passed!
base64   test passed!
asn      test passed!
RANDOM   test passed!
MD5      test passed!
MD4      test passed!
SHA      test passed!
SHA-256  test passed!
Hash     test passed!
HMAC-MD5 test passed!
HMAC-SHA test passed!
HMAC-SHA256 test passed!
GMAC     test passed!
HC-128   test passed!
Rabbit   test passed!
DES      test passed!
DES3     test passed!
AES      test passed!
AES192   test passed!
AES256   test passed!
AES-GCM  test passed!
RSA      test passed!
DH       test passed!
DSA      test passed!
PWDBASED test passed!
ECC      test passed!
ECC buffer test passed!
logging  test passed!
mutex    test passed!
memcb    test failed!
 error = -13803
