WARNING: Failed to find function "__sanitizer_acquire_crash_state".
WARNING: Failed to find function "__sanitizer_print_stack_trace".
WARNING: Failed to find function "__sanitizer_set_death_callback".
[2023-01-15 16:56:08.622] [Init] Num of ECall: 22
[2023-01-15 16:56:08.622] ECalls:
  0 - fuzz_enc_wolfSSL_CTX_free
  1 - fuzz_enc_wolfSSL_CTX_load_verify_buffer
  2 - fuzz_enc_wolfSSL_CTX_new
  3 - fuzz_enc_wolfSSL_CTX_set_cipher_list
  4 - fuzz_enc_wolfSSL_CTX_use_PrivateKey_buffer
  5 - fuzz_enc_wolfSSL_CTX_use_certificate_buffer
  6 - fuzz_enc_wolfSSL_CTX_use_certificate_chain_buffer_format
  7 - fuzz_enc_wolfSSL_Cleanup
  8 - fuzz_enc_wolfSSL_Debugging_OFF
  9 - fuzz_enc_wolfSSL_Debugging_ON
  10 - fuzz_enc_wolfSSL_Init
  11 - fuzz_enc_wolfSSL_connect
  12 - fuzz_enc_wolfSSL_free
  13 - fuzz_enc_wolfSSL_get_error
  14 - fuzz_enc_wolfSSL_new
  15 - fuzz_enc_wolfSSL_read
  16 - fuzz_enc_wolfSSL_set_fd
  17 - fuzz_enc_wolfSSL_write
  18 - fuzz_enc_wolfTLSv1_2_client_method
  19 - fuzz_enc_wolfTLSv1_2_server_method
  20 - fuzz_wc_benchmark_test
  21 - fuzz_wc_test

INFO: found LLVMFuzzerCustomMutator (0x44ac30). Disabling -len_control by default.
INFO: libFuzzer ignores flags that start with '--'
INFO: Running with entropic power schedule (0xFF, 100).
INFO: Seed: 2641569943
INFO: Loaded 1 modules   (291 inline 8-bit counters): 291 [0x4cb7e8, 0x4cb90b), 
INFO: Loaded 1 PC tables (291 PCs): 291 [0x4cb910,0x4ccb40), 
INFO:        0 files found in /tmp/libFuzzerTemp.FuzzWithFork422940.dir/C37
[SGXSan] ALWAYS: Hook __sanitizer_cov_8bit_counters_init of Enclave, 21636 inline 8-bit counts [0x7f93dd0679c0, 0x7f93dd06ce44) (First time)
[SGXSan] ALWAYS: Hook __sanitizer_cov_pcs_init of Enclave, 21636 PCs [0x7f93dd06ce48, 0x7f93dd0c1688) (First time)
[SGXSan] ALWAYS: Enter enc_wolfSSL_CTX_free
[SGXSan] ALWAYS: Enter enc_wolfSSL_CTX_load_verify_buffer
[SGXSan] ALWAYS: Enter enc_wolfSSL_CTX_new
[SGXSan] ALWAYS: Enter enc_wolfSSL_CTX_set_cipher_list
[SGXSan] ALWAYS: Enter enc_wolfSSL_CTX_use_PrivateKey_buffer
[SGXSan] ALWAYS: Enter enc_wolfSSL_CTX_use_certificate_buffer
[SGXSan] ALWAYS: Enter enc_wolfSSL_CTX_use_certificate_chain_buffer_format
[SGXSan] ALWAYS: Enter enc_wolfSSL_Cleanup
[SGXSan] ALWAYS: Enter enc_wolfSSL_Debugging_OFF
[SGXSan] ALWAYS: Enter enc_wolfSSL_Debugging_ON
[SGXSan] ALWAYS: Enter enc_wolfSSL_Init
[SGXSan] ALWAYS: Enter enc_wolfSSL_connect
[SGXSan] ALWAYS: Enter enc_wolfSSL_free
[SGXSan] ALWAYS: Enter enc_wolfSSL_get_error
[SGXSan] ALWAYS: Enter enc_wolfSSL_new
[SGXSan] ALWAYS: Enter enc_wolfSSL_read
[SGXSan] ALWAYS: Enter enc_wolfSSL_set_fd
[SGXSan] ALWAYS: Enter enc_wolfSSL_write
[SGXSan] ALWAYS: Enter enc_wolfTLSv1_2_client_method
[SGXSan] ALWAYS: Enter enc_wolfTLSv1_2_server_method
[SGXSan] ALWAYS: Enter wc_benchmark_test
------------------------------------------------------------------------------
 wolfSSL version 5.1.0
------------------------------------------------------------------------------
wolfCrypt Benchmark (block bytes 1048576, min 1.0 sec each)
RNG                 15 MB took 1.123 seconds,   13.356 MB/s
AES-128-CBC-enc     35 MB took 1.041 seconds,   33.615 MB/s
AES-128-CBC-dec     35 MB took 1.125 seconds,   31.104 MB/s
AES-192-CBC-enc     30 MB took 1.066 seconds,   28.155 MB/s
AES-192-CBC-dec     30 MB took 1.178 seconds,   25.460 MB/s
AES-256-CBC-enc     30 MB took 1.198 seconds,   25.050 MB/s
AES-256-CBC-dec     25 MB took 1.068 seconds,   23.412 MB/s
AES-128-GCM-enc     25 MB took 1.099 seconds,   22.742 MB/s
AES-128-GCM-dec     25 MB took 1.115 seconds,   22.413 MB/s
AES-192-GCM-enc     25 MB took 1.189 seconds,   21.027 MB/s
AES-192-GCM-dec     25 MB took 1.158 seconds,   21.581 MB/s
AES-256-GCM-enc     25 MB took 1.227 seconds,   20.372 MB/s
AES-256-GCM-dec     20 MB took 1.002 seconds,   19.969 MB/s
GMAC Table 4-bit    71 MB took 1.014 seconds,   70.010 MB/s
RABBIT              95 MB took 1.034 seconds,   91.885 MB/s
3DES                10 MB took 1.055 seconds,    9.480 MB/s
MD5                315 MB took 1.004 seconds,  313.835 MB/s
SHA                135 MB took 1.021 seconds,  132.195 MB/s
SHA-256             35 MB took 1.134 seconds,   30.869 MB/s
HMAC-MD5           285 MB took 1.016 seconds,  280.455 MB/s
HMAC-SHA           125 MB took 1.000 seconds,  124.938 MB/s
HMAC-SHA256         35 MB took 1.141 seconds,   30.674 MB/s
PBKDF2               4 KB took 1.004 seconds,    3.766 KB/s
RSA     2048 public       1400 ops took 1.021 sec, avg 0.730 ms, 1370.772 ops/sec
RSA     2048 private       100 ops took 3.723 sec, avg 37.232 ms, 26.859 ops/sec
DH      2048 key gen        65 ops took 1.014 sec, avg 15.593 ms, 64.132 ops/sec
DH      2048 agree         100 ops took 1.553 sec, avg 15.526 ms, 64.409 ops/sec
ECC   [      SECP256R1]   256 key gen      1373 ops took 1.001 sec, avg 0.729 ms, 1372.066 ops/sec
ECDHE [      SECP256R1]   256 agree         900 ops took 1.000 sec, avg 1.111 ms, 899.897 ops/sec
ECDSA [      SECP256R1]   256 sign         1200 ops took 1.010 sec, avg 0.841 ms, 1188.597 ops/sec
ECDSA [      SECP256R1]   256 verify        900 ops took 1.075 sec, avg 1.194 ms, 837.331 ops/sec
Benchmark complete
[SGXSan] ALWAYS: Enter wc_test
INFO: A corpus is not provided, starting from an empty corpus
------------------------------------------------------------------------------
 wolfSSL version 5.1.0
------------------------------------------------------------------------------
error    test passed!
MEMORY   test passed!
base64   test passed!
asn      test passed!
RANDOM   test passed!
MD5      test passed!
MD4      test passed!
SHA      test passed!
SHA-256  test passed!
Hash     test passed!
HMAC-MD5 test passed!
HMAC-SHA test passed!
HMAC-SHA256 test passed!
GMAC     test passed!
HC-128   test passed!
Rabbit   test passed!
DES      test passed!
DES3     test passed!
AES      test passed!
AES192   test passed!
AES256   test passed!
AES-GCM  test passed!
RSA      test passed!
DH       test passed!
DSA      test passed!
PWDBASED test passed!
ECC      test passed!
ECC buffer test passed!
logging  test passed!
mutex    test passed!
memcb    test passed!
Test complete
[SGXSan] ALWAYS: Enter enc_wolfSSL_Init
[SGXSan] ALWAYS: Enter enc_wolfSSL_CTX_free
[SGXSan] ALWAYS: Enter enc_wolfSSL_CTX_load_verify_buffer
[SGXSan] ALWAYS: Enter enc_wolfSSL_CTX_new
[SGXSan] ALWAYS: Enter enc_wolfSSL_CTX_set_cipher_list
[SGXSan] ALWAYS: Enter enc_wolfSSL_CTX_use_PrivateKey_buffer
[SGXSan] ALWAYS: Enter enc_wolfSSL_CTX_use_certificate_buffer
[SGXSan] ALWAYS: Enter enc_wolfSSL_CTX_use_certificate_chain_buffer_format
[SGXSan] ALWAYS: Enter enc_wolfSSL_Cleanup
[SGXSan] ALWAYS: Enter enc_wolfSSL_Debugging_OFF
[SGXSan] ALWAYS: Enter enc_wolfSSL_Debugging_ON
[SGXSan] ALWAYS: Enter enc_wolfSSL_connect
[SGXSan] ALWAYS: Enter enc_wolfSSL_free
[SGXSan] ALWAYS: Enter enc_wolfSSL_get_error
[SGXSan] ALWAYS: Enter enc_wolfSSL_new
[SGXSan] ALWAYS: Enter enc_wolfSSL_read
[SGXSan] ALWAYS: Enter enc_wolfSSL_set_fd
[SGXSan] ALWAYS: Enter enc_wolfSSL_write
[SGXSan] ALWAYS: Enter enc_wolfTLSv1_2_client_method
[SGXSan] ALWAYS: Enter enc_wolfTLSv1_2_server_method
[SGXSan] ALWAYS: Enter wc_benchmark_test
------------------------------------------------------------------------------
 wolfSSL version 5.1.0
------------------------------------------------------------------------------
wolfCrypt Benchmark (block bytes 1048576, min 1.0 sec each)
RNG                 15 MB took 1.119 seconds,   13.407 MB/s
AES-128-CBC-enc     35 MB took 1.046 seconds,   33.470 MB/s
AES-128-CBC-dec     35 MB took 1.130 seconds,   30.979 MB/s
AES-192-CBC-enc     30 MB took 1.031 seconds,   29.088 MB/s
AES-192-CBC-dec     30 MB took 1.126 seconds,   26.640 MB/s
AES-256-CBC-enc     30 MB took 1.195 seconds,   25.107 MB/s
AES-256-CBC-dec     25 MB took 1.068 seconds,   23.403 MB/s
AES-128-GCM-enc     25 MB took 1.073 seconds,   23.309 MB/s
AES-128-GCM-dec     25 MB took 1.061 seconds,   23.555 MB/s
AES-192-GCM-enc     25 MB took 1.190 seconds,   21.004 MB/s
AES-192-GCM-dec     25 MB took 1.186 seconds,   21.080 MB/s
AES-256-GCM-enc     20 MB took 1.023 seconds,   19.541 MB/s
AES-256-GCM-dec     25 MB took 1.241 seconds,   20.151 MB/s
GMAC Table 4-bit    70 MB took 1.008 seconds,   69.443 MB/s
RABBIT              90 MB took 1.006 seconds,   89.469 MB/s
3DES                10 MB took 1.071 seconds,    9.336 MB/s
MD5                305 MB took 1.009 seconds,  302.344 MB/s
SHA                130 MB took 1.015 seconds,  128.043 MB/s
SHA-256             35 MB took 1.123 seconds,   31.179 MB/s
HMAC-MD5           305 MB took 1.007 seconds,  302.746 MB/s
HMAC-SHA           130 MB took 1.007 seconds,  129.135 MB/s
HMAC-SHA256         35 MB took 1.129 seconds,   31.012 MB/s
PBKDF2               4 KB took 1.008 seconds,    3.844 KB/s
RSA     2048 public       1500 ops took 1.060 sec, avg 0.707 ms, 1414.688 ops/sec
RSA     2048 private       100 ops took 3.730 sec, avg 37.304 ms, 26.807 ops/sec
DH      2048 key gen        66 ops took 1.001 sec, avg 15.172 ms, 65.909 ops/sec
DH      2048 agree         100 ops took 1.526 sec, avg 15.263 ms, 65.518 ops/sec
ECC   [      SECP256R1]   256 key gen      1211 ops took 1.001 sec, avg 0.827 ms, 1209.749 ops/sec
ECDHE [      SECP256R1]   256 agree         900 ops took 1.088 sec, avg 1.209 ms, 826.900 ops/sec
ECDSA [      SECP256R1]   256 sign         1200 ops took 1.003 sec, avg 0.836 ms, 1196.332 ops/sec
ECDSA [      SECP256R1]   256 verify        900 ops took 1.045 sec, avg 1.162 ms, 860.866 ops/sec
Benchmark complete
[SGXSan] ALWAYS: Enter wc_test
#2	pulse  ft: 6289 exec/s: 0 rss: 48Mb
Slowest unit: 42 s:
artifact_prefix='./crashes/'; Test unit written to ./crashes/slow-unit-adc83b19e793491b1c6ea0fd8b46cd9f32e592fc
Base64: Cg==
#2	INITED cov: 6289 ft: 6289 corp: 1/1b exec/s: 0 rss: 50Mb
#2	DONE   cov: 6289 ft: 6289 corp: 1/1b lim: 4 exec/s: 0 rss: 50Mb
Done 2 runs in 84 second(s)
stat::number_of_executed_units: 2
stat::average_exec_per_sec:     0
stat::new_units_added:          0
stat::slowest_unit_time_sec:    42
stat::peak_rss_mb:              50
------------------------------------------------------------------------------
 wolfSSL version 5.1.0
------------------------------------------------------------------------------
error    test passed!
MEMORY   test passed!
base64   test passed!
asn      test passed!
RANDOM   test passed!
MD5      test passed!
MD4      test passed!
SHA      test passed!
SHA-256  test passed!
Hash     test passed!
HMAC-MD5 test passed!
HMAC-SHA test passed!
HMAC-SHA256 test passed!
GMAC     test passed!
HC-128   test passed!
Rabbit   test passed!
DES      test passed!
DES3     test passed!
AES      test passed!
AES192   test passed!
AES256   test passed!
AES-GCM  test passed!
RSA      test passed!
DH       test passed!
DSA      test passed!
PWDBASED test passed!
ECC      test passed!
ECC buffer test passed!
logging  test passed!
mutex    test passed!
memcb    test failed!
 error = -13803
