WARNING: Failed to find function "__sanitizer_acquire_crash_state".
WARNING: Failed to find function "__sanitizer_print_stack_trace".
WARNING: Failed to find function "__sanitizer_set_death_callback".
[2023-01-15 16:59:00.332] [Init] Num of ECall: 22
[2023-01-15 16:59:00.332] ECalls:
  0 - fuzz_enc_wolfSSL_CTX_free
  1 - fuzz_enc_wolfSSL_CTX_load_verify_buffer
  2 - fuzz_enc_wolfSSL_CTX_new
  3 - fuzz_enc_wolfSSL_CTX_set_cipher_list
  4 - fuzz_enc_wolfSSL_CTX_use_PrivateKey_buffer
  5 - fuzz_enc_wolfSSL_CTX_use_certificate_buffer
  6 - fuzz_enc_wolfSSL_CTX_use_certificate_chain_buffer_format
  7 - fuzz_enc_wolfSSL_Cleanup
  8 - fuzz_enc_wolfSSL_Debugging_OFF
  9 - fuzz_enc_wolfSSL_Debugging_ON
  10 - fuzz_enc_wolfSSL_Init
  11 - fuzz_enc_wolfSSL_connect
  12 - fuzz_enc_wolfSSL_free
  13 - fuzz_enc_wolfSSL_get_error
  14 - fuzz_enc_wolfSSL_new
  15 - fuzz_enc_wolfSSL_read
  16 - fuzz_enc_wolfSSL_set_fd
  17 - fuzz_enc_wolfSSL_write
  18 - fuzz_enc_wolfTLSv1_2_client_method
  19 - fuzz_enc_wolfTLSv1_2_server_method
  20 - fuzz_wc_benchmark_test
  21 - fuzz_wc_test

INFO: found LLVMFuzzerCustomMutator (0x44ac30). Disabling -len_control by default.
INFO: libFuzzer ignores flags that start with '--'
INFO: Running with entropic power schedule (0xFF, 100).
INFO: Seed: 2552703206
INFO: Loaded 1 modules   (291 inline 8-bit counters): 291 [0x4cb7e8, 0x4cb90b), 
INFO: Loaded 1 PC tables (291 PCs): 291 [0x4cb910,0x4ccb40), 
INFO:        0 files found in /tmp/libFuzzerTemp.FuzzWithFork422940.dir/C44
[SGXSan] ALWAYS: Hook __sanitizer_cov_8bit_counters_init of Enclave, 21636 inline 8-bit counts [0x7f7acbf189c0, 0x7f7acbf1de44) (First time)
[SGXSan] ALWAYS: Hook __sanitizer_cov_pcs_init of Enclave, 21636 PCs [0x7f7acbf1de48, 0x7f7acbf72688) (First time)
[SGXSan] ALWAYS: Enter enc_wolfSSL_CTX_free
[SGXSan] ALWAYS: Enter enc_wolfSSL_CTX_load_verify_buffer
[SGXSan] ALWAYS: Enter enc_wolfSSL_CTX_new
[SGXSan] ALWAYS: Enter enc_wolfSSL_CTX_set_cipher_list
[SGXSan] ALWAYS: Enter enc_wolfSSL_CTX_use_PrivateKey_buffer
[SGXSan] ALWAYS: Enter enc_wolfSSL_CTX_use_certificate_buffer
[SGXSan] ALWAYS: Enter enc_wolfSSL_CTX_use_certificate_chain_buffer_format
[SGXSan] ALWAYS: Enter enc_wolfSSL_Cleanup
[SGXSan] ALWAYS: Enter enc_wolfSSL_Debugging_OFF
[SGXSan] ALWAYS: Enter enc_wolfSSL_Debugging_ON
[SGXSan] ALWAYS: Enter enc_wolfSSL_Init
[SGXSan] ALWAYS: Enter enc_wolfSSL_connect
[SGXSan] ALWAYS: Enter enc_wolfSSL_free
[SGXSan] ALWAYS: Enter enc_wolfSSL_get_error
[SGXSan] ALWAYS: Enter enc_wolfSSL_new
[SGXSan] ALWAYS: Enter enc_wolfSSL_read
[SGXSan] ALWAYS: Enter enc_wolfSSL_set_fd
[SGXSan] ALWAYS: Enter enc_wolfSSL_write
[SGXSan] ALWAYS: Enter enc_wolfTLSv1_2_client_method
[SGXSan] ALWAYS: Enter enc_wolfTLSv1_2_server_method
[SGXSan] ALWAYS: Enter wc_benchmark_test
------------------------------------------------------------------------------
 wolfSSL version 5.1.0
------------------------------------------------------------------------------
wolfCrypt Benchmark (block bytes 1048576, min 1.0 sec each)
RNG                 15 MB took 1.132 seconds,   13.256 MB/s
AES-128-CBC-enc     35 MB took 1.105 seconds,   31.679 MB/s
AES-128-CBC-dec     35 MB took 1.134 seconds,   30.877 MB/s
AES-192-CBC-enc     30 MB took 1.054 seconds,   28.454 MB/s
AES-192-CBC-dec     30 MB took 1.139 seconds,   26.339 MB/s
AES-256-CBC-enc     30 MB took 1.192 seconds,   25.164 MB/s
AES-256-CBC-dec     25 MB took 1.066 seconds,   23.458 MB/s
AES-128-GCM-enc     25 MB took 1.058 seconds,   23.639 MB/s
AES-128-GCM-dec     25 MB took 1.060 seconds,   23.585 MB/s
AES-192-GCM-enc     25 MB took 1.176 seconds,   21.264 MB/s
AES-192-GCM-dec     25 MB took 1.199 seconds,   20.842 MB/s
AES-256-GCM-enc     20 MB took 1.037 seconds,   19.278 MB/s
AES-256-GCM-dec     20 MB took 1.012 seconds,   19.771 MB/s
GMAC Table 4-bit    69 MB took 1.010 seconds,   68.301 MB/s
RABBIT              95 MB took 1.043 seconds,   91.045 MB/s
3DES                10 MB took 1.114 seconds,    8.979 MB/s
MD5                300 MB took 1.009 seconds,  297.307 MB/s
SHA                125 MB took 1.011 seconds,  123.689 MB/s
SHA-256             35 MB took 1.159 seconds,   30.206 MB/s
HMAC-MD5           305 MB took 1.013 seconds,  300.985 MB/s
HMAC-SHA           130 MB took 1.037 seconds,  125.384 MB/s
HMAC-SHA256         35 MB took 1.158 seconds,   30.216 MB/s
PBKDF2               4 KB took 1.006 seconds,    3.698 KB/s
RSA     2048 public       1400 ops took 1.002 sec, avg 0.716 ms, 1397.394 ops/sec
RSA     2048 private       100 ops took 3.737 sec, avg 37.375 ms, 26.756 ops/sec
DH      2048 key gen        63 ops took 1.003 sec, avg 15.923 ms, 62.804 ops/sec
DH      2048 agree         100 ops took 1.564 sec, avg 15.636 ms, 63.956 ops/sec
ECC   [      SECP256R1]   256 key gen      1393 ops took 1.001 sec, avg 0.718 ms, 1392.041 ops/sec
ECDHE [      SECP256R1]   256 agree        1000 ops took 1.081 sec, avg 1.081 ms, 924.997 ops/sec
ECDSA [      SECP256R1]   256 sign         1200 ops took 1.022 sec, avg 0.852 ms, 1174.150 ops/sec
ECDSA [      SECP256R1]   256 verify        900 ops took 1.072 sec, avg 1.191 ms, 839.835 ops/sec
Benchmark complete
[SGXSan] ALWAYS: Enter wc_test
INFO: A corpus is not provided, starting from an empty corpus
------------------------------------------------------------------------------
 wolfSSL version 5.1.0
------------------------------------------------------------------------------
error    test passed!
MEMORY   test passed!
base64   test passed!
asn      test passed!
RANDOM   test passed!
MD5      test passed!
MD4      test passed!
SHA      test passed!
SHA-256  test passed!
Hash     test passed!
HMAC-MD5 test passed!
HMAC-SHA test passed!
HMAC-SHA256 test passed!
GMAC     test passed!
HC-128   test passed!
Rabbit   test passed!
DES      test passed!
DES3     test passed!
AES      test passed!
AES192   test passed!
AES256   test passed!
AES-GCM  test passed!
RSA      test passed!
DH       test passed!
DSA      test passed!
PWDBASED test passed!
ECC      test passed!
ECC buffer test passed!
logging  test passed!
mutex    test passed!
memcb    test passed!
Test complete
[SGXSan] ALWAYS: Enter enc_wolfSSL_Init
[SGXSan] ALWAYS: Enter enc_wolfSSL_CTX_free
[SGXSan] ALWAYS: Enter enc_wolfSSL_CTX_load_verify_buffer
[SGXSan] ALWAYS: Enter enc_wolfSSL_CTX_new
[SGXSan] ALWAYS: Enter enc_wolfSSL_CTX_set_cipher_list
[SGXSan] ALWAYS: Enter enc_wolfSSL_CTX_use_PrivateKey_buffer
[SGXSan] ALWAYS: Enter enc_wolfSSL_CTX_use_certificate_buffer
[SGXSan] ALWAYS: Enter enc_wolfSSL_CTX_use_certificate_chain_buffer_format
[SGXSan] ALWAYS: Enter enc_wolfSSL_Cleanup
[SGXSan] ALWAYS: Enter enc_wolfSSL_Debugging_OFF
[SGXSan] ALWAYS: Enter enc_wolfSSL_Debugging_ON
[SGXSan] ALWAYS: Enter enc_wolfSSL_connect
[SGXSan] ALWAYS: Enter enc_wolfSSL_free
[SGXSan] ALWAYS: Enter enc_wolfSSL_get_error
[SGXSan] ALWAYS: Enter enc_wolfSSL_new
[SGXSan] ALWAYS: Enter enc_wolfSSL_read
[SGXSan] ALWAYS: Enter enc_wolfSSL_set_fd
[SGXSan] ALWAYS: Enter enc_wolfSSL_write
[SGXSan] ALWAYS: Enter enc_wolfTLSv1_2_client_method
[SGXSan] ALWAYS: Enter enc_wolfTLSv1_2_server_method
[SGXSan] ALWAYS: Enter wc_benchmark_test
------------------------------------------------------------------------------
 wolfSSL version 5.1.0
------------------------------------------------------------------------------
wolfCrypt Benchmark (block bytes 1048576, min 1.0 sec each)
RNG                 15 MB took 1.145 seconds,   13.097 MB/s
AES-128-CBC-enc     35 MB took 1.068 seconds,   32.757 MB/s
AES-128-CBC-dec     35 MB took 1.136 seconds,   30.818 MB/s
AES-192-CBC-enc     30 MB took 1.072 seconds,   27.974 MB/s
AES-192-CBC-dec     30 MB took 1.119 seconds,   26.800 MB/s
AES-256-CBC-enc     30 MB took 1.175 seconds,   25.537 MB/s
AES-256-CBC-dec     25 MB took 1.027 seconds,   24.334 MB/s
AES-128-GCM-enc     25 MB took 1.050 seconds,   23.806 MB/s
AES-128-GCM-dec     25 MB took 1.058 seconds,   23.626 MB/s
AES-192-GCM-enc     25 MB took 1.160 seconds,   21.555 MB/s
AES-192-GCM-dec     25 MB took 1.173 seconds,   21.310 MB/s
AES-256-GCM-enc     20 MB took 1.004 seconds,   19.922 MB/s
AES-256-GCM-dec     20 MB took 1.005 seconds,   19.908 MB/s
GMAC Table 4-bit    69 MB took 1.015 seconds,   68.008 MB/s
RABBIT              95 MB took 1.038 seconds,   91.504 MB/s
3DES                10 MB took 1.080 seconds,    9.257 MB/s
MD5                310 MB took 1.014 seconds,  305.857 MB/s
SHA                130 MB took 1.003 seconds,  129.672 MB/s
SHA-256             35 MB took 1.132 seconds,   30.919 MB/s
HMAC-MD5           305 MB took 1.006 seconds,  303.134 MB/s
HMAC-SHA           130 MB took 1.007 seconds,  129.112 MB/s
HMAC-SHA256         35 MB took 1.120 seconds,   31.241 MB/s
PBKDF2               4 KB took 1.003 seconds,    3.831 KB/s
RSA     2048 public       1500 ops took 1.059 sec, avg 0.706 ms, 1416.619 ops/sec
RSA     2048 private       100 ops took 3.767 sec, avg 37.674 ms, 26.544 ops/sec
DH      2048 key gen        64 ops took 1.005 sec, avg 15.697 ms, 63.707 ops/sec
DH      2048 agree         100 ops took 1.577 sec, avg 15.771 ms, 63.406 ops/sec
ECC   [      SECP256R1]   256 key gen      1381 ops took 1.001 sec, avg 0.725 ms, 1380.050 ops/sec
ECDHE [      SECP256R1]   256 agree         900 ops took 1.019 sec, avg 1.132 ms, 883.114 ops/sec
ECDSA [      SECP256R1]   256 sign         1300 ops took 1.077 sec, avg 0.828 ms, 1207.556 ops/sec
ECDSA [      SECP256R1]   256 verify        900 ops took 1.021 sec, avg 1.134 ms, 881.741 ops/sec
Benchmark complete
[SGXSan] ALWAYS: Enter wc_test
#2	pulse  ft: 6291 exec/s: 0 rss: 48Mb
Slowest unit: 42 s:
artifact_prefix='./crashes/'; Test unit written to ./crashes/slow-unit-adc83b19e793491b1c6ea0fd8b46cd9f32e592fc
Base64: Cg==
#2	INITED cov: 6291 ft: 6291 corp: 1/1b exec/s: 0 rss: 49Mb
#2	DONE   cov: 6291 ft: 6291 corp: 1/1b lim: 4 exec/s: 0 rss: 49Mb
Done 2 runs in 84 second(s)
stat::number_of_executed_units: 2
stat::average_exec_per_sec:     0
stat::new_units_added:          0
stat::slowest_unit_time_sec:    42
stat::peak_rss_mb:              49
------------------------------------------------------------------------------
 wolfSSL version 5.1.0
------------------------------------------------------------------------------
error    test passed!
MEMORY   test passed!
base64   test passed!
asn      test passed!
RANDOM   test passed!
MD5      test passed!
MD4      test passed!
SHA      test passed!
SHA-256  test passed!
Hash     test passed!
HMAC-MD5 test passed!
HMAC-SHA test passed!
HMAC-SHA256 test passed!
GMAC     test passed!
HC-128   test passed!
Rabbit   test passed!
DES      test passed!
DES3     test passed!
AES      test passed!
AES192   test passed!
AES256   test passed!
AES-GCM  test passed!
RSA      test passed!
DH       test passed!
DSA      test passed!
PWDBASED test passed!
ECC      test passed!
ECC buffer test passed!
logging  test passed!
mutex    test passed!
memcb    test failed!
 error = -13803
