WARNING: Failed to find function "__sanitizer_acquire_crash_state".
WARNING: Failed to find function "__sanitizer_print_stack_trace".
WARNING: Failed to find function "__sanitizer_set_death_callback".
[2023-01-15 17:00:25.025] [Init] Num of ECall: 22
[2023-01-15 17:00:25.025] ECalls:
  0 - fuzz_enc_wolfSSL_CTX_free
  1 - fuzz_enc_wolfSSL_CTX_load_verify_buffer
  2 - fuzz_enc_wolfSSL_CTX_new
  3 - fuzz_enc_wolfSSL_CTX_set_cipher_list
  4 - fuzz_enc_wolfSSL_CTX_use_PrivateKey_buffer
  5 - fuzz_enc_wolfSSL_CTX_use_certificate_buffer
  6 - fuzz_enc_wolfSSL_CTX_use_certificate_chain_buffer_format
  7 - fuzz_enc_wolfSSL_Cleanup
  8 - fuzz_enc_wolfSSL_Debugging_OFF
  9 - fuzz_enc_wolfSSL_Debugging_ON
  10 - fuzz_enc_wolfSSL_Init
  11 - fuzz_enc_wolfSSL_connect
  12 - fuzz_enc_wolfSSL_free
  13 - fuzz_enc_wolfSSL_get_error
  14 - fuzz_enc_wolfSSL_new
  15 - fuzz_enc_wolfSSL_read
  16 - fuzz_enc_wolfSSL_set_fd
  17 - fuzz_enc_wolfSSL_write
  18 - fuzz_enc_wolfTLSv1_2_client_method
  19 - fuzz_enc_wolfTLSv1_2_server_method
  20 - fuzz_wc_benchmark_test
  21 - fuzz_wc_test

INFO: found LLVMFuzzerCustomMutator (0x44ac30). Disabling -len_control by default.
INFO: libFuzzer ignores flags that start with '--'
INFO: Running with entropic power schedule (0xFF, 100).
INFO: Seed: 1345901954
INFO: Loaded 1 modules   (291 inline 8-bit counters): 291 [0x4cb7e8, 0x4cb90b), 
INFO: Loaded 1 PC tables (291 PCs): 291 [0x4cb910,0x4ccb40), 
INFO:        0 files found in /tmp/libFuzzerTemp.FuzzWithFork422940.dir/C47
[SGXSan] ALWAYS: Hook __sanitizer_cov_8bit_counters_init of Enclave, 21636 inline 8-bit counts [0x7fed403719c0, 0x7fed40376e44) (First time)
[SGXSan] ALWAYS: Hook __sanitizer_cov_pcs_init of Enclave, 21636 PCs [0x7fed40376e48, 0x7fed403cb688) (First time)
[SGXSan] ALWAYS: Enter enc_wolfSSL_CTX_free
[SGXSan] ALWAYS: Enter enc_wolfSSL_CTX_load_verify_buffer
[SGXSan] ALWAYS: Enter enc_wolfSSL_CTX_new
[SGXSan] ALWAYS: Enter enc_wolfSSL_CTX_set_cipher_list
[SGXSan] ALWAYS: Enter enc_wolfSSL_CTX_use_PrivateKey_buffer
[SGXSan] ALWAYS: Enter enc_wolfSSL_CTX_use_certificate_buffer
[SGXSan] ALWAYS: Enter enc_wolfSSL_CTX_use_certificate_chain_buffer_format
[SGXSan] ALWAYS: Enter enc_wolfSSL_Cleanup
[SGXSan] ALWAYS: Enter enc_wolfSSL_Debugging_OFF
[SGXSan] ALWAYS: Enter enc_wolfSSL_Debugging_ON
[SGXSan] ALWAYS: Enter enc_wolfSSL_Init
[SGXSan] ALWAYS: Enter enc_wolfSSL_connect
[SGXSan] ALWAYS: Enter enc_wolfSSL_free
[SGXSan] ALWAYS: Enter enc_wolfSSL_get_error
[SGXSan] ALWAYS: Enter enc_wolfSSL_new
[SGXSan] ALWAYS: Enter enc_wolfSSL_read
[SGXSan] ALWAYS: Enter enc_wolfSSL_set_fd
[SGXSan] ALWAYS: Enter enc_wolfSSL_write
[SGXSan] ALWAYS: Enter enc_wolfTLSv1_2_client_method
[SGXSan] ALWAYS: Enter enc_wolfTLSv1_2_server_method
[SGXSan] ALWAYS: Enter wc_benchmark_test
------------------------------------------------------------------------------
 wolfSSL version 5.1.0
------------------------------------------------------------------------------
wolfCrypt Benchmark (block bytes 1048576, min 1.0 sec each)
RNG                 15 MB took 1.155 seconds,   12.990 MB/s
AES-128-CBC-enc     35 MB took 1.077 seconds,   32.495 MB/s
AES-128-CBC-dec     35 MB took 1.152 seconds,   30.395 MB/s
AES-192-CBC-enc     30 MB took 1.039 seconds,   28.864 MB/s
AES-192-CBC-dec     30 MB took 1.134 seconds,   26.451 MB/s
AES-256-CBC-enc     30 MB took 1.168 seconds,   25.681 MB/s
AES-256-CBC-dec     25 MB took 1.041 seconds,   24.026 MB/s
AES-128-GCM-enc     25 MB took 1.033 seconds,   24.193 MB/s
AES-128-GCM-dec     25 MB took 1.034 seconds,   24.182 MB/s
AES-192-GCM-enc     25 MB took 1.177 seconds,   21.242 MB/s
AES-192-GCM-dec     25 MB took 1.165 seconds,   21.460 MB/s
AES-256-GCM-enc     20 MB took 1.010 seconds,   19.797 MB/s
AES-256-GCM-dec     20 MB took 1.003 seconds,   19.948 MB/s
GMAC Table 4-bit    69 MB took 1.005 seconds,   68.650 MB/s
RABBIT              95 MB took 1.044 seconds,   90.996 MB/s
3DES                10 MB took 1.081 seconds,    9.248 MB/s
MD5                305 MB took 1.001 seconds,  304.699 MB/s
SHA                130 MB took 1.004 seconds,  129.517 MB/s
SHA-256             35 MB took 1.139 seconds,   30.734 MB/s
HMAC-MD5           300 MB took 1.004 seconds,  298.845 MB/s
HMAC-SHA           130 MB took 1.031 seconds,  126.090 MB/s
HMAC-SHA256         35 MB took 1.147 seconds,   30.502 MB/s
PBKDF2               4 KB took 1.000 seconds,    3.749 KB/s
RSA     2048 public       1400 ops took 1.030 sec, avg 0.736 ms, 1358.813 ops/sec
RSA     2048 private       100 ops took 3.682 sec, avg 36.824 ms, 27.156 ops/sec
DH      2048 key gen        64 ops took 1.007 sec, avg 15.736 ms, 63.548 ops/sec
DH      2048 agree         100 ops took 1.588 sec, avg 15.885 ms, 62.953 ops/sec
ECC   [      SECP256R1]   256 key gen      1378 ops took 1.000 sec, avg 0.726 ms, 1377.815 ops/sec
ECDHE [      SECP256R1]   256 agree         900 ops took 1.012 sec, avg 1.125 ms, 888.972 ops/sec
ECDSA [      SECP256R1]   256 sign         1200 ops took 1.031 sec, avg 0.859 ms, 1164.095 ops/sec
ECDSA [      SECP256R1]   256 verify        900 ops took 1.056 sec, avg 1.173 ms, 852.580 ops/sec
Benchmark complete
[SGXSan] ALWAYS: Enter wc_test
INFO: A corpus is not provided, starting from an empty corpus
------------------------------------------------------------------------------
 wolfSSL version 5.1.0
------------------------------------------------------------------------------
error    test passed!
MEMORY   test passed!
base64   test passed!
asn      test passed!
RANDOM   test passed!
MD5      test passed!
MD4      test passed!
SHA      test passed!
SHA-256  test passed!
Hash     test passed!
HMAC-MD5 test passed!
HMAC-SHA test passed!
HMAC-SHA256 test passed!
GMAC     test passed!
HC-128   test passed!
Rabbit   test passed!
DES      test passed!
DES3     test passed!
AES      test passed!
AES192   test passed!
AES256   test passed!
AES-GCM  test passed!
RSA      test passed!
DH       test passed!
DSA      test passed!
PWDBASED test passed!
ECC      test passed!
ECC buffer test passed!
logging  test passed!
mutex    test passed!
memcb    test passed!
Test complete
[SGXSan] ALWAYS: Enter enc_wolfSSL_Init
[SGXSan] ALWAYS: Enter enc_wolfSSL_CTX_free
[SGXSan] ALWAYS: Enter enc_wolfSSL_CTX_load_verify_buffer
[SGXSan] ALWAYS: Enter enc_wolfSSL_CTX_new
[SGXSan] ALWAYS: Enter enc_wolfSSL_CTX_set_cipher_list
[SGXSan] ALWAYS: Enter enc_wolfSSL_CTX_use_PrivateKey_buffer
[SGXSan] ALWAYS: Enter enc_wolfSSL_CTX_use_certificate_buffer
[SGXSan] ALWAYS: Enter enc_wolfSSL_CTX_use_certificate_chain_buffer_format
[SGXSan] ALWAYS: Enter enc_wolfSSL_Cleanup
[SGXSan] ALWAYS: Enter enc_wolfSSL_Debugging_OFF
[SGXSan] ALWAYS: Enter enc_wolfSSL_Debugging_ON
[SGXSan] ALWAYS: Enter enc_wolfSSL_connect
[SGXSan] ALWAYS: Enter enc_wolfSSL_free
[SGXSan] ALWAYS: Enter enc_wolfSSL_get_error
[SGXSan] ALWAYS: Enter enc_wolfSSL_new
[SGXSan] ALWAYS: Enter enc_wolfSSL_read
[SGXSan] ALWAYS: Enter enc_wolfSSL_set_fd
[SGXSan] ALWAYS: Enter enc_wolfSSL_write
[SGXSan] ALWAYS: Enter enc_wolfTLSv1_2_client_method
[SGXSan] ALWAYS: Enter enc_wolfTLSv1_2_server_method
[SGXSan] ALWAYS: Enter wc_benchmark_test
------------------------------------------------------------------------------
 wolfSSL version 5.1.0
------------------------------------------------------------------------------
wolfCrypt Benchmark (block bytes 1048576, min 1.0 sec each)
RNG                 15 MB took 1.166 seconds,   12.868 MB/s
AES-128-CBC-enc     35 MB took 1.082 seconds,   32.340 MB/s
AES-128-CBC-dec     35 MB took 1.166 seconds,   30.025 MB/s
AES-192-CBC-enc     30 MB took 1.061 seconds,   28.276 MB/s
AES-192-CBC-dec     30 MB took 1.166 seconds,   25.738 MB/s
AES-256-CBC-enc     30 MB took 1.178 seconds,   25.464 MB/s
AES-256-CBC-dec     25 MB took 1.030 seconds,   24.279 MB/s
AES-128-GCM-enc     25 MB took 1.047 seconds,   23.883 MB/s
AES-128-GCM-dec     25 MB took 1.070 seconds,   23.373 MB/s
AES-192-GCM-enc     25 MB took 1.191 seconds,   20.996 MB/s
AES-192-GCM-dec     25 MB took 1.201 seconds,   20.821 MB/s
AES-256-GCM-enc     20 MB took 1.033 seconds,   19.356 MB/s
AES-256-GCM-dec     20 MB took 1.032 seconds,   19.388 MB/s
GMAC Table 4-bit    67 MB took 1.005 seconds,   66.669 MB/s
RABBIT              95 MB took 1.051 seconds,   90.355 MB/s
3DES                10 MB took 1.073 seconds,    9.316 MB/s
MD5                305 MB took 1.016 seconds,  300.114 MB/s
SHA                130 MB took 1.005 seconds,  129.390 MB/s
SHA-256             35 MB took 1.146 seconds,   30.551 MB/s
HMAC-MD5           300 MB took 1.002 seconds,  299.430 MB/s
HMAC-SHA           130 MB took 1.025 seconds,  126.831 MB/s
HMAC-SHA256         35 MB took 1.161 seconds,   30.157 MB/s
PBKDF2               4 KB took 1.008 seconds,    3.690 KB/s
RSA     2048 public       1400 ops took 1.025 sec, avg 0.732 ms, 1366.394 ops/sec
RSA     2048 private       100 ops took 3.667 sec, avg 36.672 ms, 27.269 ops/sec
DH      2048 key gen        65 ops took 1.004 sec, avg 15.448 ms, 64.734 ops/sec
DH      2048 agree         100 ops took 1.529 sec, avg 15.294 ms, 65.384 ops/sec
ECC   [      SECP256R1]   256 key gen      1428 ops took 1.000 sec, avg 0.701 ms, 1427.445 ops/sec
ECDHE [      SECP256R1]   256 agree        1000 ops took 1.087 sec, avg 1.087 ms, 920.075 ops/sec
ECDSA [      SECP256R1]   256 sign         1200 ops took 1.003 sec, avg 0.836 ms, 1196.445 ops/sec
ECDSA [      SECP256R1]   256 verify        900 ops took 1.037 sec, avg 1.152 ms, 867.768 ops/sec
Benchmark complete
[SGXSan] ALWAYS: Enter wc_test
#2	pulse  ft: 6290 exec/s: 0 rss: 48Mb
Slowest unit: 42 s:
artifact_prefix='./crashes/'; Test unit written to ./crashes/slow-unit-adc83b19e793491b1c6ea0fd8b46cd9f32e592fc
Base64: Cg==
#2	INITED cov: 6290 ft: 6290 corp: 1/1b exec/s: 0 rss: 49Mb
#2	DONE   cov: 6290 ft: 6290 corp: 1/1b lim: 4 exec/s: 0 rss: 49Mb
Done 2 runs in 84 second(s)
stat::number_of_executed_units: 2
stat::average_exec_per_sec:     0
stat::new_units_added:          0
stat::slowest_unit_time_sec:    42
stat::peak_rss_mb:              49
------------------------------------------------------------------------------
 wolfSSL version 5.1.0
------------------------------------------------------------------------------
error    test passed!
MEMORY   test passed!
base64   test passed!
asn      test passed!
RANDOM   test passed!
MD5      test passed!
MD4      test passed!
SHA      test passed!
SHA-256  test passed!
Hash     test passed!
HMAC-MD5 test passed!
HMAC-SHA test passed!
HMAC-SHA256 test passed!
GMAC     test passed!
HC-128   test passed!
Rabbit   test passed!
DES      test passed!
DES3     test passed!
AES      test passed!
AES192   test passed!
AES256   test passed!
AES-GCM  test passed!
RSA      test passed!
DH       test passed!
DSA      test passed!
PWDBASED test passed!
ECC      test passed!
ECC buffer test passed!
logging  test passed!
mutex    test passed!
memcb    test failed!
 error = -13803
