WARNING: Failed to find function "__sanitizer_acquire_crash_state".
WARNING: Failed to find function "__sanitizer_print_stack_trace".
WARNING: Failed to find function "__sanitizer_set_death_callback".
[2023-01-15 17:00:29.684] [Init] Num of ECall: 22
[2023-01-15 17:00:29.684] ECalls:
  0 - fuzz_enc_wolfSSL_CTX_free
  1 - fuzz_enc_wolfSSL_CTX_load_verify_buffer
  2 - fuzz_enc_wolfSSL_CTX_new
  3 - fuzz_enc_wolfSSL_CTX_set_cipher_list
  4 - fuzz_enc_wolfSSL_CTX_use_PrivateKey_buffer
  5 - fuzz_enc_wolfSSL_CTX_use_certificate_buffer
  6 - fuzz_enc_wolfSSL_CTX_use_certificate_chain_buffer_format
  7 - fuzz_enc_wolfSSL_Cleanup
  8 - fuzz_enc_wolfSSL_Debugging_OFF
  9 - fuzz_enc_wolfSSL_Debugging_ON
  10 - fuzz_enc_wolfSSL_Init
  11 - fuzz_enc_wolfSSL_connect
  12 - fuzz_enc_wolfSSL_free
  13 - fuzz_enc_wolfSSL_get_error
  14 - fuzz_enc_wolfSSL_new
  15 - fuzz_enc_wolfSSL_read
  16 - fuzz_enc_wolfSSL_set_fd
  17 - fuzz_enc_wolfSSL_write
  18 - fuzz_enc_wolfTLSv1_2_client_method
  19 - fuzz_enc_wolfTLSv1_2_server_method
  20 - fuzz_wc_benchmark_test
  21 - fuzz_wc_test

INFO: found LLVMFuzzerCustomMutator (0x44ac30). Disabling -len_control by default.
INFO: libFuzzer ignores flags that start with '--'
INFO: Running with entropic power schedule (0xFF, 100).
INFO: Seed: 1710116383
INFO: Loaded 1 modules   (291 inline 8-bit counters): 291 [0x4cb7e8, 0x4cb90b), 
INFO: Loaded 1 PC tables (291 PCs): 291 [0x4cb910,0x4ccb40), 
INFO:        0 files found in /tmp/libFuzzerTemp.FuzzWithFork422940.dir/C48
[SGXSan] ALWAYS: Hook __sanitizer_cov_8bit_counters_init of Enclave, 21636 inline 8-bit counts [0x7f48dfa759c0, 0x7f48dfa7ae44) (First time)
[SGXSan] ALWAYS: Hook __sanitizer_cov_pcs_init of Enclave, 21636 PCs [0x7f48dfa7ae48, 0x7f48dfacf688) (First time)
[SGXSan] ALWAYS: Enter enc_wolfSSL_CTX_free
[SGXSan] ALWAYS: Enter enc_wolfSSL_CTX_load_verify_buffer
[SGXSan] ALWAYS: Enter enc_wolfSSL_CTX_new
[SGXSan] ALWAYS: Enter enc_wolfSSL_CTX_set_cipher_list
[SGXSan] ALWAYS: Enter enc_wolfSSL_CTX_use_PrivateKey_buffer
[SGXSan] ALWAYS: Enter enc_wolfSSL_CTX_use_certificate_buffer
[SGXSan] ALWAYS: Enter enc_wolfSSL_CTX_use_certificate_chain_buffer_format
[SGXSan] ALWAYS: Enter enc_wolfSSL_Cleanup
[SGXSan] ALWAYS: Enter enc_wolfSSL_Debugging_OFF
[SGXSan] ALWAYS: Enter enc_wolfSSL_Debugging_ON
[SGXSan] ALWAYS: Enter enc_wolfSSL_Init
[SGXSan] ALWAYS: Enter enc_wolfSSL_connect
[SGXSan] ALWAYS: Enter enc_wolfSSL_free
[SGXSan] ALWAYS: Enter enc_wolfSSL_get_error
[SGXSan] ALWAYS: Enter enc_wolfSSL_new
[SGXSan] ALWAYS: Enter enc_wolfSSL_read
[SGXSan] ALWAYS: Enter enc_wolfSSL_set_fd
[SGXSan] ALWAYS: Enter enc_wolfSSL_write
[SGXSan] ALWAYS: Enter enc_wolfTLSv1_2_client_method
[SGXSan] ALWAYS: Enter enc_wolfTLSv1_2_server_method
[SGXSan] ALWAYS: Enter wc_benchmark_test
------------------------------------------------------------------------------
 wolfSSL version 5.1.0
------------------------------------------------------------------------------
wolfCrypt Benchmark (block bytes 1048576, min 1.0 sec each)
RNG                 15 MB took 1.162 seconds,   12.910 MB/s
AES-128-CBC-enc     35 MB took 1.047 seconds,   33.436 MB/s
AES-128-CBC-dec     35 MB took 1.149 seconds,   30.463 MB/s
AES-192-CBC-enc     30 MB took 1.042 seconds,   28.801 MB/s
AES-192-CBC-dec     30 MB took 1.118 seconds,   26.841 MB/s
AES-256-CBC-enc     25 MB took 1.003 seconds,   24.925 MB/s
AES-256-CBC-dec     25 MB took 1.034 seconds,   24.170 MB/s
AES-128-GCM-enc     25 MB took 1.040 seconds,   24.043 MB/s
AES-128-GCM-dec     25 MB took 1.055 seconds,   23.688 MB/s
AES-192-GCM-enc     25 MB took 1.181 seconds,   21.166 MB/s
AES-192-GCM-dec     25 MB took 1.183 seconds,   21.130 MB/s
AES-256-GCM-enc     20 MB took 1.016 seconds,   19.681 MB/s
AES-256-GCM-dec     20 MB took 1.025 seconds,   19.511 MB/s
GMAC Table 4-bit    69 MB took 1.002 seconds,   68.885 MB/s
RABBIT              90 MB took 1.025 seconds,   87.839 MB/s
3DES                10 MB took 1.093 seconds,    9.150 MB/s
MD5                300 MB took 1.011 seconds,  296.849 MB/s
SHA                130 MB took 1.035 seconds,  125.625 MB/s
SHA-256             35 MB took 1.137 seconds,   30.789 MB/s
HMAC-MD5           300 MB took 1.011 seconds,  296.722 MB/s
HMAC-SHA           130 MB took 1.023 seconds,  127.098 MB/s
HMAC-SHA256         35 MB took 1.163 seconds,   30.089 MB/s
PBKDF2               4 KB took 1.002 seconds,    3.836 KB/s
RSA     2048 public       1400 ops took 1.033 sec, avg 0.738 ms, 1355.737 ops/sec
RSA     2048 private       100 ops took 3.777 sec, avg 37.772 ms, 26.475 ops/sec
DH      2048 key gen        64 ops took 1.011 sec, avg 15.804 ms, 63.274 ops/sec
DH      2048 agree         100 ops took 1.562 sec, avg 15.623 ms, 64.007 ops/sec
ECC   [      SECP256R1]   256 key gen      1388 ops took 1.000 sec, avg 0.721 ms, 1387.584 ops/sec
ECDHE [      SECP256R1]   256 agree        1000 ops took 1.083 sec, avg 1.083 ms, 923.695 ops/sec
ECDSA [      SECP256R1]   256 sign         1200 ops took 1.003 sec, avg 0.836 ms, 1196.451 ops/sec
ECDSA [      SECP256R1]   256 verify        900 ops took 1.043 sec, avg 1.158 ms, 863.290 ops/sec
Benchmark complete
[SGXSan] ALWAYS: Enter wc_test
INFO: A corpus is not provided, starting from an empty corpus
------------------------------------------------------------------------------
 wolfSSL version 5.1.0
------------------------------------------------------------------------------
error    test passed!
MEMORY   test passed!
base64   test passed!
asn      test passed!
RANDOM   test passed!
MD5      test passed!
MD4      test passed!
SHA      test passed!
SHA-256  test passed!
Hash     test passed!
HMAC-MD5 test passed!
HMAC-SHA test passed!
HMAC-SHA256 test passed!
GMAC     test passed!
HC-128   test passed!
Rabbit   test passed!
DES      test passed!
DES3     test passed!
AES      test passed!
AES192   test passed!
AES256   test passed!
AES-GCM  test passed!
RSA      test passed!
DH       test passed!
DSA      test passed!
PWDBASED test passed!
ECC      test passed!
ECC buffer test passed!
logging  test passed!
mutex    test passed!
memcb    test passed!
Test complete
[SGXSan] ALWAYS: Enter enc_wolfSSL_Init
[SGXSan] ALWAYS: Enter enc_wolfSSL_CTX_free
[SGXSan] ALWAYS: Enter enc_wolfSSL_CTX_load_verify_buffer
[SGXSan] ALWAYS: Enter enc_wolfSSL_CTX_new
[SGXSan] ALWAYS: Enter enc_wolfSSL_CTX_set_cipher_list
[SGXSan] ALWAYS: Enter enc_wolfSSL_CTX_use_PrivateKey_buffer
[SGXSan] ALWAYS: Enter enc_wolfSSL_CTX_use_certificate_buffer
[SGXSan] ALWAYS: Enter enc_wolfSSL_CTX_use_certificate_chain_buffer_format
[SGXSan] ALWAYS: Enter enc_wolfSSL_Cleanup
[SGXSan] ALWAYS: Enter enc_wolfSSL_Debugging_OFF
[SGXSan] ALWAYS: Enter enc_wolfSSL_Debugging_ON
[SGXSan] ALWAYS: Enter enc_wolfSSL_connect
[SGXSan] ALWAYS: Enter enc_wolfSSL_free
[SGXSan] ALWAYS: Enter enc_wolfSSL_get_error
[SGXSan] ALWAYS: Enter enc_wolfSSL_new
[SGXSan] ALWAYS: Enter enc_wolfSSL_read
[SGXSan] ALWAYS: Enter enc_wolfSSL_set_fd
[SGXSan] ALWAYS: Enter enc_wolfSSL_write
[SGXSan] ALWAYS: Enter enc_wolfTLSv1_2_client_method
[SGXSan] ALWAYS: Enter enc_wolfTLSv1_2_server_method
[SGXSan] ALWAYS: Enter wc_benchmark_test
------------------------------------------------------------------------------
 wolfSSL version 5.1.0
------------------------------------------------------------------------------
wolfCrypt Benchmark (block bytes 1048576, min 1.0 sec each)
RNG                 15 MB took 1.134 seconds,   13.231 MB/s
AES-128-CBC-enc     35 MB took 1.066 seconds,   32.847 MB/s
AES-128-CBC-dec     35 MB took 1.133 seconds,   30.888 MB/s
AES-192-CBC-enc     30 MB took 1.070 seconds,   28.028 MB/s
AES-192-CBC-dec     30 MB took 1.141 seconds,   26.284 MB/s
AES-256-CBC-enc     30 MB took 1.196 seconds,   25.078 MB/s
AES-256-CBC-dec     25 MB took 1.070 seconds,   23.360 MB/s
AES-128-GCM-enc     25 MB took 1.050 seconds,   23.805 MB/s
AES-128-GCM-dec     25 MB took 1.084 seconds,   23.056 MB/s
AES-192-GCM-enc     25 MB took 1.181 seconds,   21.177 MB/s
AES-192-GCM-dec     25 MB took 1.181 seconds,   21.171 MB/s
AES-256-GCM-enc     20 MB took 1.014 seconds,   19.717 MB/s
AES-256-GCM-dec     20 MB took 1.032 seconds,   19.383 MB/s
GMAC Table 4-bit    69 MB took 1.013 seconds,   68.130 MB/s
RABBIT              90 MB took 1.004 seconds,   89.629 MB/s
3DES                10 MB took 1.108 seconds,    9.028 MB/s
MD5                300 MB took 1.012 seconds,  296.477 MB/s
SHA                125 MB took 1.012 seconds,  123.504 MB/s
SHA-256             35 MB took 1.137 seconds,   30.779 MB/s
HMAC-MD5           300 MB took 1.003 seconds,  298.964 MB/s
HMAC-SHA           130 MB took 1.020 seconds,  127.504 MB/s
HMAC-SHA256         35 MB took 1.126 seconds,   31.077 MB/s
PBKDF2               4 KB took 1.002 seconds,    3.742 KB/s
RSA     2048 public       1400 ops took 1.023 sec, avg 0.731 ms, 1368.258 ops/sec
RSA     2048 private       100 ops took 3.641 sec, avg 36.405 ms, 27.469 ops/sec
DH      2048 key gen        65 ops took 1.007 sec, avg 15.488 ms, 64.565 ops/sec
DH      2048 agree         100 ops took 1.531 sec, avg 15.310 ms, 65.318 ops/sec
ECC   [      SECP256R1]   256 key gen      1435 ops took 1.001 sec, avg 0.697 ms, 1434.185 ops/sec
ECDHE [      SECP256R1]   256 agree        1000 ops took 1.073 sec, avg 1.073 ms, 931.818 ops/sec
ECDSA [      SECP256R1]   256 sign         1200 ops took 1.004 sec, avg 0.837 ms, 1194.672 ops/sec
ECDSA [      SECP256R1]   256 verify        900 ops took 1.033 sec, avg 1.147 ms, 871.502 ops/sec
Benchmark complete
[SGXSan] ALWAYS: Enter wc_test
#2	pulse  ft: 6282 exec/s: 0 rss: 48Mb
Slowest unit: 42 s:
artifact_prefix='./crashes/'; Test unit written to ./crashes/slow-unit-adc83b19e793491b1c6ea0fd8b46cd9f32e592fc
Base64: Cg==
#2	INITED cov: 6282 ft: 6282 corp: 1/1b exec/s: 0 rss: 49Mb
#2	DONE   cov: 6282 ft: 6282 corp: 1/1b lim: 4 exec/s: 0 rss: 49Mb
Done 2 runs in 84 second(s)
stat::number_of_executed_units: 2
stat::average_exec_per_sec:     0
stat::new_units_added:          0
stat::slowest_unit_time_sec:    42
stat::peak_rss_mb:              49
------------------------------------------------------------------------------
 wolfSSL version 5.1.0
------------------------------------------------------------------------------
error    test passed!
MEMORY   test passed!
base64   test passed!
asn      test passed!
RANDOM   test passed!
MD5      test passed!
MD4      test passed!
SHA      test passed!
SHA-256  test passed!
Hash     test passed!
HMAC-MD5 test passed!
HMAC-SHA test passed!
HMAC-SHA256 test passed!
GMAC     test passed!
HC-128   test passed!
Rabbit   test passed!
DES      test passed!
DES3     test passed!
AES      test passed!
AES192   test passed!
AES256   test passed!
AES-GCM  test passed!
RSA      test passed!
DH       test passed!
DSA      test passed!
PWDBASED test passed!
ECC      test passed!
ECC buffer test passed!
logging  test passed!
mutex    test passed!
memcb    test failed!
 error = -13803
