WARNING: Failed to find function "__sanitizer_acquire_crash_state".
WARNING: Failed to find function "__sanitizer_print_stack_trace".
WARNING: Failed to find function "__sanitizer_set_death_callback".
[2023-01-15 17:03:12.970] [Init] Num of ECall: 22
[2023-01-15 17:03:12.970] ECalls:
  0 - fuzz_enc_wolfSSL_CTX_free
  1 - fuzz_enc_wolfSSL_CTX_load_verify_buffer
  2 - fuzz_enc_wolfSSL_CTX_new
  3 - fuzz_enc_wolfSSL_CTX_set_cipher_list
  4 - fuzz_enc_wolfSSL_CTX_use_PrivateKey_buffer
  5 - fuzz_enc_wolfSSL_CTX_use_certificate_buffer
  6 - fuzz_enc_wolfSSL_CTX_use_certificate_chain_buffer_format
  7 - fuzz_enc_wolfSSL_Cleanup
  8 - fuzz_enc_wolfSSL_Debugging_OFF
  9 - fuzz_enc_wolfSSL_Debugging_ON
  10 - fuzz_enc_wolfSSL_Init
  11 - fuzz_enc_wolfSSL_connect
  12 - fuzz_enc_wolfSSL_free
  13 - fuzz_enc_wolfSSL_get_error
  14 - fuzz_enc_wolfSSL_new
  15 - fuzz_enc_wolfSSL_read
  16 - fuzz_enc_wolfSSL_set_fd
  17 - fuzz_enc_wolfSSL_write
  18 - fuzz_enc_wolfTLSv1_2_client_method
  19 - fuzz_enc_wolfTLSv1_2_server_method
  20 - fuzz_wc_benchmark_test
  21 - fuzz_wc_test

INFO: found LLVMFuzzerCustomMutator (0x44ac30). Disabling -len_control by default.
INFO: libFuzzer ignores flags that start with '--'
INFO: Running with entropic power schedule (0xFF, 100).
INFO: Seed: 1787511039
INFO: Loaded 1 modules   (291 inline 8-bit counters): 291 [0x4cb7e8, 0x4cb90b), 
INFO: Loaded 1 PC tables (291 PCs): 291 [0x4cb910,0x4ccb40), 
INFO:        0 files found in /tmp/libFuzzerTemp.FuzzWithFork422940.dir/C53
[SGXSan] ALWAYS: Hook __sanitizer_cov_8bit_counters_init of Enclave, 21636 inline 8-bit counts [0x7f5c0ff9a9c0, 0x7f5c0ff9fe44) (First time)
[SGXSan] ALWAYS: Hook __sanitizer_cov_pcs_init of Enclave, 21636 PCs [0x7f5c0ff9fe48, 0x7f5c0fff4688) (First time)
[SGXSan] ALWAYS: Enter enc_wolfSSL_CTX_free
[SGXSan] ALWAYS: Enter enc_wolfSSL_CTX_load_verify_buffer
[SGXSan] ALWAYS: Enter enc_wolfSSL_CTX_new
[SGXSan] ALWAYS: Enter enc_wolfSSL_CTX_set_cipher_list
[SGXSan] ALWAYS: Enter enc_wolfSSL_CTX_use_PrivateKey_buffer
[SGXSan] ALWAYS: Enter enc_wolfSSL_CTX_use_certificate_buffer
[SGXSan] ALWAYS: Enter enc_wolfSSL_CTX_use_certificate_chain_buffer_format
[SGXSan] ALWAYS: Enter enc_wolfSSL_Cleanup
[SGXSan] ALWAYS: Enter enc_wolfSSL_Debugging_OFF
[SGXSan] ALWAYS: Enter enc_wolfSSL_Debugging_ON
[SGXSan] ALWAYS: Enter enc_wolfSSL_Init
[SGXSan] ALWAYS: Enter enc_wolfSSL_connect
[SGXSan] ALWAYS: Enter enc_wolfSSL_free
[SGXSan] ALWAYS: Enter enc_wolfSSL_get_error
[SGXSan] ALWAYS: Enter enc_wolfSSL_new
[SGXSan] ALWAYS: Enter enc_wolfSSL_read
[SGXSan] ALWAYS: Enter enc_wolfSSL_set_fd
[SGXSan] ALWAYS: Enter enc_wolfSSL_write
[SGXSan] ALWAYS: Enter enc_wolfTLSv1_2_client_method
[SGXSan] ALWAYS: Enter enc_wolfTLSv1_2_server_method
[SGXSan] ALWAYS: Enter wc_benchmark_test
------------------------------------------------------------------------------
 wolfSSL version 5.1.0
------------------------------------------------------------------------------
wolfCrypt Benchmark (block bytes 1048576, min 1.0 sec each)
RNG                 15 MB took 1.144 seconds,   13.114 MB/s
AES-128-CBC-enc     35 MB took 1.079 seconds,   32.441 MB/s
AES-128-CBC-dec     35 MB took 1.158 seconds,   30.222 MB/s
AES-192-CBC-enc     30 MB took 1.053 seconds,   28.497 MB/s
AES-192-CBC-dec     30 MB took 1.119 seconds,   26.806 MB/s
AES-256-CBC-enc     30 MB took 1.178 seconds,   25.463 MB/s
AES-256-CBC-dec     25 MB took 1.056 seconds,   23.665 MB/s
AES-128-GCM-enc     25 MB took 1.061 seconds,   23.557 MB/s
AES-128-GCM-dec     25 MB took 1.064 seconds,   23.487 MB/s
AES-192-GCM-enc     25 MB took 1.194 seconds,   20.930 MB/s
AES-192-GCM-dec     25 MB took 1.202 seconds,   20.791 MB/s
AES-256-GCM-enc     20 MB took 1.050 seconds,   19.051 MB/s
AES-256-GCM-dec     20 MB took 1.036 seconds,   19.309 MB/s
GMAC Table 4-bit    67 MB took 1.003 seconds,   66.810 MB/s
RABBIT              95 MB took 1.035 seconds,   91.769 MB/s
3DES                10 MB took 1.108 seconds,    9.027 MB/s
MD5                300 MB took 1.007 seconds,  297.857 MB/s
SHA                125 MB took 1.009 seconds,  123.870 MB/s
SHA-256             30 MB took 1.019 seconds,   29.428 MB/s
HMAC-MD5           295 MB took 1.002 seconds,  294.478 MB/s
HMAC-SHA           130 MB took 1.035 seconds,  125.546 MB/s
HMAC-SHA256         35 MB took 1.152 seconds,   30.380 MB/s
PBKDF2               4 KB took 1.001 seconds,    3.651 KB/s
RSA     2048 public       1500 ops took 1.066 sec, avg 0.711 ms, 1407.306 ops/sec
RSA     2048 private       100 ops took 3.645 sec, avg 36.446 ms, 27.438 ops/sec
DH      2048 key gen        64 ops took 1.008 sec, avg 15.758 ms, 63.462 ops/sec
DH      2048 agree         100 ops took 1.598 sec, avg 15.982 ms, 62.572 ops/sec
ECC   [      SECP256R1]   256 key gen      1394 ops took 1.001 sec, avg 0.718 ms, 1393.107 ops/sec
ECDHE [      SECP256R1]   256 agree         900 ops took 1.002 sec, avg 1.113 ms, 898.607 ops/sec
ECDSA [      SECP256R1]   256 sign         1200 ops took 1.036 sec, avg 0.864 ms, 1157.888 ops/sec
ECDSA [      SECP256R1]   256 verify        900 ops took 1.047 sec, avg 1.163 ms, 859.499 ops/sec
Benchmark complete
[SGXSan] ALWAYS: Enter wc_test
INFO: A corpus is not provided, starting from an empty corpus
------------------------------------------------------------------------------
 wolfSSL version 5.1.0
------------------------------------------------------------------------------
error    test passed!
MEMORY   test passed!
base64   test passed!
asn      test passed!
RANDOM   test passed!
MD5      test passed!
MD4      test passed!
SHA      test passed!
SHA-256  test passed!
Hash     test passed!
HMAC-MD5 test passed!
HMAC-SHA test passed!
HMAC-SHA256 test passed!
GMAC     test passed!
HC-128   test passed!
Rabbit   test passed!
DES      test passed!
DES3     test passed!
AES      test passed!
AES192   test passed!
AES256   test passed!
AES-GCM  test passed!
RSA      test passed!
DH       test passed!
DSA      test passed!
PWDBASED test passed!
ECC      test passed!
ECC buffer test passed!
logging  test passed!
mutex    test passed!
memcb    test passed!
Test complete
[SGXSan] ALWAYS: Enter enc_wolfSSL_Init
[SGXSan] ALWAYS: Enter enc_wolfSSL_CTX_free
[SGXSan] ALWAYS: Enter enc_wolfSSL_CTX_load_verify_buffer
[SGXSan] ALWAYS: Enter enc_wolfSSL_CTX_new
[SGXSan] ALWAYS: Enter enc_wolfSSL_CTX_set_cipher_list
[SGXSan] ALWAYS: Enter enc_wolfSSL_CTX_use_PrivateKey_buffer
[SGXSan] ALWAYS: Enter enc_wolfSSL_CTX_use_certificate_buffer
[SGXSan] ALWAYS: Enter enc_wolfSSL_CTX_use_certificate_chain_buffer_format
[SGXSan] ALWAYS: Enter enc_wolfSSL_Cleanup
[SGXSan] ALWAYS: Enter enc_wolfSSL_Debugging_OFF
[SGXSan] ALWAYS: Enter enc_wolfSSL_Debugging_ON
[SGXSan] ALWAYS: Enter enc_wolfSSL_connect
[SGXSan] ALWAYS: Enter enc_wolfSSL_free
[SGXSan] ALWAYS: Enter enc_wolfSSL_get_error
[SGXSan] ALWAYS: Enter enc_wolfSSL_new
[SGXSan] ALWAYS: Enter enc_wolfSSL_read
[SGXSan] ALWAYS: Enter enc_wolfSSL_set_fd
[SGXSan] ALWAYS: Enter enc_wolfSSL_write
[SGXSan] ALWAYS: Enter enc_wolfTLSv1_2_client_method
[SGXSan] ALWAYS: Enter enc_wolfTLSv1_2_server_method
[SGXSan] ALWAYS: Enter wc_benchmark_test
------------------------------------------------------------------------------
 wolfSSL version 5.1.0
------------------------------------------------------------------------------
wolfCrypt Benchmark (block bytes 1048576, min 1.0 sec each)
RNG                 15 MB took 1.135 seconds,   13.214 MB/s
AES-128-CBC-enc     35 MB took 1.043 seconds,   33.553 MB/s
AES-128-CBC-dec     35 MB took 1.142 seconds,   30.660 MB/s
AES-192-CBC-enc     30 MB took 1.049 seconds,   28.606 MB/s
AES-192-CBC-dec     30 MB took 1.122 seconds,   26.749 MB/s
AES-256-CBC-enc     30 MB took 1.184 seconds,   25.336 MB/s
AES-256-CBC-dec     25 MB took 1.063 seconds,   23.519 MB/s
AES-128-GCM-enc     25 MB took 1.091 seconds,   22.917 MB/s
AES-128-GCM-dec     25 MB took 1.057 seconds,   23.647 MB/s
AES-192-GCM-enc     25 MB took 1.200 seconds,   20.838 MB/s
AES-192-GCM-dec     25 MB took 1.185 seconds,   21.105 MB/s
AES-256-GCM-enc     20 MB took 1.027 seconds,   19.465 MB/s
AES-256-GCM-dec     20 MB took 1.024 seconds,   19.523 MB/s
GMAC Table 4-bit    67 MB took 1.010 seconds,   66.329 MB/s
RABBIT              95 MB took 1.035 seconds,   91.771 MB/s
3DES                10 MB took 1.084 seconds,    9.222 MB/s
MD5                305 MB took 1.005 seconds,  303.339 MB/s
SHA                130 MB took 1.001 seconds,  129.829 MB/s
SHA-256             35 MB took 1.135 seconds,   30.826 MB/s
HMAC-MD5           310 MB took 1.013 seconds,  306.078 MB/s
HMAC-SHA           130 MB took 1.033 seconds,  125.833 MB/s
HMAC-SHA256         35 MB took 1.153 seconds,   30.351 MB/s
PBKDF2               4 KB took 1.008 seconds,    3.689 KB/s
RSA     2048 public       1400 ops took 1.030 sec, avg 0.736 ms, 1359.008 ops/sec
RSA     2048 private       100 ops took 3.740 sec, avg 37.398 ms, 26.739 ops/sec
DH      2048 key gen        64 ops took 1.001 sec, avg 15.645 ms, 63.919 ops/sec
DH      2048 agree         100 ops took 1.589 sec, avg 15.895 ms, 62.915 ops/sec
ECC   [      SECP256R1]   256 key gen      1395 ops took 1.000 sec, avg 0.717 ms, 1394.989 ops/sec
ECDHE [      SECP256R1]   256 agree        1000 ops took 1.110 sec, avg 1.110 ms, 901.290 ops/sec
ECDSA [      SECP256R1]   256 sign         1200 ops took 1.027 sec, avg 0.856 ms, 1167.988 ops/sec
ECDSA [      SECP256R1]   256 verify        900 ops took 1.052 sec, avg 1.169 ms, 855.191 ops/sec
Benchmark complete
[SGXSan] ALWAYS: Enter wc_test
#2	pulse  ft: 6288 exec/s: 0 rss: 48Mb
Slowest unit: 42 s:
artifact_prefix='./crashes/'; Test unit written to ./crashes/slow-unit-adc83b19e793491b1c6ea0fd8b46cd9f32e592fc
Base64: Cg==
#2	INITED cov: 6288 ft: 6288 corp: 1/1b exec/s: 0 rss: 49Mb
#2	DONE   cov: 6288 ft: 6288 corp: 1/1b lim: 4 exec/s: 0 rss: 49Mb
Done 2 runs in 84 second(s)
stat::number_of_executed_units: 2
stat::average_exec_per_sec:     0
stat::new_units_added:          0
stat::slowest_unit_time_sec:    42
stat::peak_rss_mb:              49
------------------------------------------------------------------------------
 wolfSSL version 5.1.0
------------------------------------------------------------------------------
error    test passed!
MEMORY   test passed!
base64   test passed!
asn      test passed!
RANDOM   test passed!
MD5      test passed!
MD4      test passed!
SHA      test passed!
SHA-256  test passed!
Hash     test passed!
HMAC-MD5 test passed!
HMAC-SHA test passed!
HMAC-SHA256 test passed!
GMAC     test passed!
HC-128   test passed!
Rabbit   test passed!
DES      test passed!
DES3     test passed!
AES      test passed!
AES192   test passed!
AES256   test passed!
AES-GCM  test passed!
RSA      test passed!
DH       test passed!
DSA      test passed!
PWDBASED test passed!
ECC      test passed!
ECC buffer test passed!
logging  test passed!
mutex    test passed!
memcb    test failed!
 error = -13803
