WARNING: Failed to find function "__sanitizer_acquire_crash_state".
WARNING: Failed to find function "__sanitizer_print_stack_trace".
WARNING: Failed to find function "__sanitizer_set_death_callback".
[2023-01-15 17:04:35.157] [Init] Num of ECall: 22
[2023-01-15 17:04:35.157] ECalls:
  0 - fuzz_enc_wolfSSL_CTX_free
  1 - fuzz_enc_wolfSSL_CTX_load_verify_buffer
  2 - fuzz_enc_wolfSSL_CTX_new
  3 - fuzz_enc_wolfSSL_CTX_set_cipher_list
  4 - fuzz_enc_wolfSSL_CTX_use_PrivateKey_buffer
  5 - fuzz_enc_wolfSSL_CTX_use_certificate_buffer
  6 - fuzz_enc_wolfSSL_CTX_use_certificate_chain_buffer_format
  7 - fuzz_enc_wolfSSL_Cleanup
  8 - fuzz_enc_wolfSSL_Debugging_OFF
  9 - fuzz_enc_wolfSSL_Debugging_ON
  10 - fuzz_enc_wolfSSL_Init
  11 - fuzz_enc_wolfSSL_connect
  12 - fuzz_enc_wolfSSL_free
  13 - fuzz_enc_wolfSSL_get_error
  14 - fuzz_enc_wolfSSL_new
  15 - fuzz_enc_wolfSSL_read
  16 - fuzz_enc_wolfSSL_set_fd
  17 - fuzz_enc_wolfSSL_write
  18 - fuzz_enc_wolfTLSv1_2_client_method
  19 - fuzz_enc_wolfTLSv1_2_server_method
  20 - fuzz_wc_benchmark_test
  21 - fuzz_wc_test

INFO: found LLVMFuzzerCustomMutator (0x44ac30). Disabling -len_control by default.
INFO: libFuzzer ignores flags that start with '--'
INFO: Running with entropic power schedule (0xFF, 100).
INFO: Seed: 2369965626
INFO: Loaded 1 modules   (291 inline 8-bit counters): 291 [0x4cb7e8, 0x4cb90b), 
INFO: Loaded 1 PC tables (291 PCs): 291 [0x4cb910,0x4ccb40), 
INFO:        0 files found in /tmp/libFuzzerTemp.FuzzWithFork422940.dir/C55
[SGXSan] ALWAYS: Hook __sanitizer_cov_8bit_counters_init of Enclave, 21636 inline 8-bit counts [0x7f884d9ad9c0, 0x7f884d9b2e44) (First time)
[SGXSan] ALWAYS: Hook __sanitizer_cov_pcs_init of Enclave, 21636 PCs [0x7f884d9b2e48, 0x7f884da07688) (First time)
[SGXSan] ALWAYS: Enter enc_wolfSSL_CTX_free
[SGXSan] ALWAYS: Enter enc_wolfSSL_CTX_load_verify_buffer
[SGXSan] ALWAYS: Enter enc_wolfSSL_CTX_new
[SGXSan] ALWAYS: Enter enc_wolfSSL_CTX_set_cipher_list
[SGXSan] ALWAYS: Enter enc_wolfSSL_CTX_use_PrivateKey_buffer
[SGXSan] ALWAYS: Enter enc_wolfSSL_CTX_use_certificate_buffer
[SGXSan] ALWAYS: Enter enc_wolfSSL_CTX_use_certificate_chain_buffer_format
[SGXSan] ALWAYS: Enter enc_wolfSSL_Cleanup
[SGXSan] ALWAYS: Enter enc_wolfSSL_Debugging_OFF
[SGXSan] ALWAYS: Enter enc_wolfSSL_Debugging_ON
[SGXSan] ALWAYS: Enter enc_wolfSSL_Init
[SGXSan] ALWAYS: Enter enc_wolfSSL_connect
[SGXSan] ALWAYS: Enter enc_wolfSSL_free
[SGXSan] ALWAYS: Enter enc_wolfSSL_get_error
[SGXSan] ALWAYS: Enter enc_wolfSSL_new
[SGXSan] ALWAYS: Enter enc_wolfSSL_read
[SGXSan] ALWAYS: Enter enc_wolfSSL_set_fd
[SGXSan] ALWAYS: Enter enc_wolfSSL_write
[SGXSan] ALWAYS: Enter enc_wolfTLSv1_2_client_method
[SGXSan] ALWAYS: Enter enc_wolfTLSv1_2_server_method
[SGXSan] ALWAYS: Enter wc_benchmark_test
------------------------------------------------------------------------------
 wolfSSL version 5.1.0
------------------------------------------------------------------------------
wolfCrypt Benchmark (block bytes 1048576, min 1.0 sec each)
RNG                 15 MB took 1.132 seconds,   13.249 MB/s
AES-128-CBC-enc     35 MB took 1.046 seconds,   33.454 MB/s
AES-128-CBC-dec     30 MB took 1.006 seconds,   29.833 MB/s
AES-192-CBC-enc     30 MB took 1.054 seconds,   28.471 MB/s
AES-192-CBC-dec     30 MB took 1.138 seconds,   26.372 MB/s
AES-256-CBC-enc     30 MB took 1.189 seconds,   25.223 MB/s
AES-256-CBC-dec     25 MB took 1.035 seconds,   24.166 MB/s
AES-128-GCM-enc     25 MB took 1.047 seconds,   23.882 MB/s
AES-128-GCM-dec     25 MB took 1.041 seconds,   24.005 MB/s
AES-192-GCM-enc     25 MB took 1.160 seconds,   21.543 MB/s
AES-192-GCM-dec     25 MB took 1.161 seconds,   21.541 MB/s
AES-256-GCM-enc     20 MB took 1.021 seconds,   19.591 MB/s
AES-256-GCM-dec     20 MB took 1.031 seconds,   19.395 MB/s
GMAC Table 4-bit    65 MB took 1.012 seconds,   64.200 MB/s
RABBIT              95 MB took 1.055 seconds,   90.074 MB/s
3DES                10 MB took 1.088 seconds,    9.188 MB/s
MD5                305 MB took 1.014 seconds,  300.820 MB/s
SHA                125 MB took 1.009 seconds,  123.902 MB/s
SHA-256             35 MB took 1.147 seconds,   30.514 MB/s
HMAC-MD5           300 MB took 1.004 seconds,  298.848 MB/s
HMAC-SHA           130 MB took 1.010 seconds,  128.696 MB/s
HMAC-SHA256         35 MB took 1.118 seconds,   31.312 MB/s
PBKDF2               4 KB took 1.002 seconds,    3.712 KB/s
RSA     2048 public       1500 ops took 1.067 sec, avg 0.711 ms, 1406.103 ops/sec
RSA     2048 private       100 ops took 3.624 sec, avg 36.235 ms, 27.597 ops/sec
DH      2048 key gen        63 ops took 1.003 sec, avg 15.917 ms, 62.827 ops/sec
DH      2048 agree         100 ops took 1.553 sec, avg 15.533 ms, 64.378 ops/sec
ECC   [      SECP256R1]   256 key gen      1400 ops took 1.001 sec, avg 0.715 ms, 1399.092 ops/sec
ECDHE [      SECP256R1]   256 agree        1000 ops took 1.099 sec, avg 1.099 ms, 909.848 ops/sec
ECDSA [      SECP256R1]   256 sign         1200 ops took 1.021 sec, avg 0.851 ms, 1175.131 ops/sec
ECDSA [      SECP256R1]   256 verify        900 ops took 1.057 sec, avg 1.175 ms, 851.297 ops/sec
Benchmark complete
[SGXSan] ALWAYS: Enter wc_test
INFO: A corpus is not provided, starting from an empty corpus
------------------------------------------------------------------------------
 wolfSSL version 5.1.0
------------------------------------------------------------------------------
error    test passed!
MEMORY   test passed!
base64   test passed!
asn      test passed!
RANDOM   test passed!
MD5      test passed!
MD4      test passed!
SHA      test passed!
SHA-256  test passed!
Hash     test passed!
HMAC-MD5 test passed!
HMAC-SHA test passed!
HMAC-SHA256 test passed!
GMAC     test passed!
HC-128   test passed!
Rabbit   test passed!
DES      test passed!
DES3     test passed!
AES      test passed!
AES192   test passed!
AES256   test passed!
AES-GCM  test passed!
RSA      test passed!
DH       test passed!
DSA      test passed!
PWDBASED test passed!
ECC      test passed!
ECC buffer test passed!
logging  test passed!
mutex    test passed!
memcb    test passed!
Test complete
[SGXSan] ALWAYS: Enter enc_wolfSSL_Init
[SGXSan] ALWAYS: Enter enc_wolfSSL_CTX_free
[SGXSan] ALWAYS: Enter enc_wolfSSL_CTX_load_verify_buffer
[SGXSan] ALWAYS: Enter enc_wolfSSL_CTX_new
[SGXSan] ALWAYS: Enter enc_wolfSSL_CTX_set_cipher_list
[SGXSan] ALWAYS: Enter enc_wolfSSL_CTX_use_PrivateKey_buffer
[SGXSan] ALWAYS: Enter enc_wolfSSL_CTX_use_certificate_buffer
[SGXSan] ALWAYS: Enter enc_wolfSSL_CTX_use_certificate_chain_buffer_format
[SGXSan] ALWAYS: Enter enc_wolfSSL_Cleanup
[SGXSan] ALWAYS: Enter enc_wolfSSL_Debugging_OFF
[SGXSan] ALWAYS: Enter enc_wolfSSL_Debugging_ON
[SGXSan] ALWAYS: Enter enc_wolfSSL_connect
[SGXSan] ALWAYS: Enter enc_wolfSSL_free
[SGXSan] ALWAYS: Enter enc_wolfSSL_get_error
[SGXSan] ALWAYS: Enter enc_wolfSSL_new
[SGXSan] ALWAYS: Enter enc_wolfSSL_read
[SGXSan] ALWAYS: Enter enc_wolfSSL_set_fd
[SGXSan] ALWAYS: Enter enc_wolfSSL_write
[SGXSan] ALWAYS: Enter enc_wolfTLSv1_2_client_method
[SGXSan] ALWAYS: Enter enc_wolfTLSv1_2_server_method
[SGXSan] ALWAYS: Enter wc_benchmark_test
------------------------------------------------------------------------------
 wolfSSL version 5.1.0
------------------------------------------------------------------------------
wolfCrypt Benchmark (block bytes 1048576, min 1.0 sec each)
RNG                 15 MB took 1.156 seconds,   12.976 MB/s
AES-128-CBC-enc     35 MB took 1.072 seconds,   32.657 MB/s
AES-128-CBC-dec     30 MB took 1.004 seconds,   29.893 MB/s
AES-192-CBC-enc     30 MB took 1.083 seconds,   27.708 MB/s
AES-192-CBC-dec     30 MB took 1.159 seconds,   25.894 MB/s
AES-256-CBC-enc     30 MB took 1.185 seconds,   25.325 MB/s
AES-256-CBC-dec     25 MB took 1.033 seconds,   24.191 MB/s
AES-128-GCM-enc     25 MB took 1.034 seconds,   24.189 MB/s
AES-128-GCM-dec     25 MB took 1.047 seconds,   23.875 MB/s
AES-192-GCM-enc     25 MB took 1.168 seconds,   21.413 MB/s
AES-192-GCM-dec     25 MB took 1.166 seconds,   21.435 MB/s
AES-256-GCM-enc     20 MB took 1.004 seconds,   19.920 MB/s
AES-256-GCM-dec     20 MB took 1.003 seconds,   19.947 MB/s
GMAC Table 4-bit    69 MB took 1.012 seconds,   68.211 MB/s
RABBIT              95 MB took 1.046 seconds,   90.787 MB/s
3DES                10 MB took 1.100 seconds,    9.087 MB/s
MD5                300 MB took 1.012 seconds,  296.538 MB/s
SHA                130 MB took 1.004 seconds,  129.546 MB/s
SHA-256             35 MB took 1.149 seconds,   30.449 MB/s
HMAC-MD5           300 MB took 1.010 seconds,  297.011 MB/s
HMAC-SHA           125 MB took 1.003 seconds,  124.625 MB/s
HMAC-SHA256         35 MB took 1.158 seconds,   30.233 MB/s
PBKDF2               4 KB took 1.004 seconds,    3.734 KB/s
RSA     2048 public       1400 ops took 1.041 sec, avg 0.744 ms, 1344.651 ops/sec
RSA     2048 private       100 ops took 3.688 sec, avg 36.885 ms, 27.112 ops/sec
DH      2048 key gen        64 ops took 1.003 sec, avg 15.675 ms, 63.796 ops/sec
DH      2048 agree         100 ops took 1.560 sec, avg 15.600 ms, 64.103 ops/sec
ECC   [      SECP256R1]   256 key gen      1388 ops took 1.001 sec, avg 0.721 ms, 1387.096 ops/sec
ECDHE [      SECP256R1]   256 agree        1000 ops took 1.103 sec, avg 1.103 ms, 906.502 ops/sec
ECDSA [      SECP256R1]   256 sign         1200 ops took 1.032 sec, avg 0.860 ms, 1162.365 ops/sec
ECDSA [      SECP256R1]   256 verify        900 ops took 1.060 sec, avg 1.178 ms, 848.720 ops/sec
Benchmark complete
[SGXSan] ALWAYS: Enter wc_test
#2	pulse  ft: 6290 exec/s: 0 rss: 48Mb
Slowest unit: 42 s:
artifact_prefix='./crashes/'; Test unit written to ./crashes/slow-unit-adc83b19e793491b1c6ea0fd8b46cd9f32e592fc
Base64: Cg==
#2	INITED cov: 6290 ft: 6290 corp: 1/1b exec/s: 0 rss: 50Mb
#2	DONE   cov: 6290 ft: 6290 corp: 1/1b lim: 4 exec/s: 0 rss: 50Mb
Done 2 runs in 83 second(s)
stat::number_of_executed_units: 2
stat::average_exec_per_sec:     0
stat::new_units_added:          0
stat::slowest_unit_time_sec:    42
stat::peak_rss_mb:              50
------------------------------------------------------------------------------
 wolfSSL version 5.1.0
------------------------------------------------------------------------------
error    test passed!
MEMORY   test passed!
base64   test passed!
asn      test passed!
RANDOM   test passed!
MD5      test passed!
MD4      test passed!
SHA      test passed!
SHA-256  test passed!
Hash     test passed!
HMAC-MD5 test passed!
HMAC-SHA test passed!
HMAC-SHA256 test passed!
GMAC     test passed!
HC-128   test passed!
Rabbit   test passed!
DES      test passed!
DES3     test passed!
AES      test passed!
AES192   test passed!
AES256   test passed!
AES-GCM  test passed!
RSA      test passed!
DH       test passed!
DSA      test passed!
PWDBASED test passed!
ECC      test passed!
ECC buffer test passed!
logging  test passed!
mutex    test passed!
memcb    test failed!
 error = -13803
