WARNING: Failed to find function "__sanitizer_acquire_crash_state".
WARNING: Failed to find function "__sanitizer_print_stack_trace".
WARNING: Failed to find function "__sanitizer_set_death_callback".
[2023-01-15 17:04:42.566] [Init] Num of ECall: 22
[2023-01-15 17:04:42.566] ECalls:
  0 - fuzz_enc_wolfSSL_CTX_free
  1 - fuzz_enc_wolfSSL_CTX_load_verify_buffer
  2 - fuzz_enc_wolfSSL_CTX_new
  3 - fuzz_enc_wolfSSL_CTX_set_cipher_list
  4 - fuzz_enc_wolfSSL_CTX_use_PrivateKey_buffer
  5 - fuzz_enc_wolfSSL_CTX_use_certificate_buffer
  6 - fuzz_enc_wolfSSL_CTX_use_certificate_chain_buffer_format
  7 - fuzz_enc_wolfSSL_Cleanup
  8 - fuzz_enc_wolfSSL_Debugging_OFF
  9 - fuzz_enc_wolfSSL_Debugging_ON
  10 - fuzz_enc_wolfSSL_Init
  11 - fuzz_enc_wolfSSL_connect
  12 - fuzz_enc_wolfSSL_free
  13 - fuzz_enc_wolfSSL_get_error
  14 - fuzz_enc_wolfSSL_new
  15 - fuzz_enc_wolfSSL_read
  16 - fuzz_enc_wolfSSL_set_fd
  17 - fuzz_enc_wolfSSL_write
  18 - fuzz_enc_wolfTLSv1_2_client_method
  19 - fuzz_enc_wolfTLSv1_2_server_method
  20 - fuzz_wc_benchmark_test
  21 - fuzz_wc_test

INFO: found LLVMFuzzerCustomMutator (0x44ac30). Disabling -len_control by default.
INFO: libFuzzer ignores flags that start with '--'
INFO: Running with entropic power schedule (0xFF, 100).
INFO: Seed: 1189107014
INFO: Loaded 1 modules   (291 inline 8-bit counters): 291 [0x4cb7e8, 0x4cb90b), 
INFO: Loaded 1 PC tables (291 PCs): 291 [0x4cb910,0x4ccb40), 
INFO:        0 files found in /tmp/libFuzzerTemp.FuzzWithFork422940.dir/C57
[SGXSan] ALWAYS: Hook __sanitizer_cov_8bit_counters_init of Enclave, 21636 inline 8-bit counts [0x7f9b3857e9c0, 0x7f9b38583e44) (First time)
[SGXSan] ALWAYS: Hook __sanitizer_cov_pcs_init of Enclave, 21636 PCs [0x7f9b38583e48, 0x7f9b385d8688) (First time)
[SGXSan] ALWAYS: Enter enc_wolfSSL_CTX_free
[SGXSan] ALWAYS: Enter enc_wolfSSL_CTX_load_verify_buffer
[SGXSan] ALWAYS: Enter enc_wolfSSL_CTX_new
[SGXSan] ALWAYS: Enter enc_wolfSSL_CTX_set_cipher_list
[SGXSan] ALWAYS: Enter enc_wolfSSL_CTX_use_PrivateKey_buffer
[SGXSan] ALWAYS: Enter enc_wolfSSL_CTX_use_certificate_buffer
[SGXSan] ALWAYS: Enter enc_wolfSSL_CTX_use_certificate_chain_buffer_format
[SGXSan] ALWAYS: Enter enc_wolfSSL_Cleanup
[SGXSan] ALWAYS: Enter enc_wolfSSL_Debugging_OFF
[SGXSan] ALWAYS: Enter enc_wolfSSL_Debugging_ON
[SGXSan] ALWAYS: Enter enc_wolfSSL_Init
[SGXSan] ALWAYS: Enter enc_wolfSSL_connect
[SGXSan] ALWAYS: Enter enc_wolfSSL_free
[SGXSan] ALWAYS: Enter enc_wolfSSL_get_error
[SGXSan] ALWAYS: Enter enc_wolfSSL_new
[SGXSan] ALWAYS: Enter enc_wolfSSL_read
[SGXSan] ALWAYS: Enter enc_wolfSSL_set_fd
[SGXSan] ALWAYS: Enter enc_wolfSSL_write
[SGXSan] ALWAYS: Enter enc_wolfTLSv1_2_client_method
[SGXSan] ALWAYS: Enter enc_wolfTLSv1_2_server_method
[SGXSan] ALWAYS: Enter wc_benchmark_test
------------------------------------------------------------------------------
 wolfSSL version 5.1.0
------------------------------------------------------------------------------
wolfCrypt Benchmark (block bytes 1048576, min 1.0 sec each)
RNG                 15 MB took 1.133 seconds,   13.243 MB/s
AES-128-CBC-enc     35 MB took 1.050 seconds,   33.341 MB/s
AES-128-CBC-dec     35 MB took 1.139 seconds,   30.721 MB/s
AES-192-CBC-enc     30 MB took 1.045 seconds,   28.704 MB/s
AES-192-CBC-dec     30 MB took 1.130 seconds,   26.551 MB/s
AES-256-CBC-enc     25 MB took 1.016 seconds,   24.601 MB/s
AES-256-CBC-dec     25 MB took 1.165 seconds,   21.468 MB/s
AES-128-GCM-enc     25 MB took 1.068 seconds,   23.398 MB/s
AES-128-GCM-dec     25 MB took 1.069 seconds,   23.396 MB/s
AES-192-GCM-enc     25 MB took 1.187 seconds,   21.054 MB/s
AES-192-GCM-dec     25 MB took 1.208 seconds,   20.689 MB/s
AES-256-GCM-enc     20 MB took 1.040 seconds,   19.237 MB/s
AES-256-GCM-dec     20 MB took 1.021 seconds,   19.583 MB/s
GMAC Table 4-bit    70 MB took 1.014 seconds,   69.018 MB/s
RABBIT              95 MB took 1.033 seconds,   91.997 MB/s
3DES                10 MB took 1.098 seconds,    9.106 MB/s
MD5                305 MB took 1.005 seconds,  303.410 MB/s
SHA                130 MB took 1.005 seconds,  129.304 MB/s
SHA-256             35 MB took 1.120 seconds,   31.261 MB/s
HMAC-MD5           310 MB took 1.015 seconds,  305.387 MB/s
HMAC-SHA           130 MB took 1.029 seconds,  126.383 MB/s
HMAC-SHA256         35 MB took 1.139 seconds,   30.733 MB/s
PBKDF2               4 KB took 1.001 seconds,    3.715 KB/s
RSA     2048 public       1400 ops took 1.022 sec, avg 0.730 ms, 1370.162 ops/sec
RSA     2048 private       100 ops took 3.756 sec, avg 37.560 ms, 26.624 ops/sec
DH      2048 key gen        64 ops took 1.010 sec, avg 15.774 ms, 63.394 ops/sec
DH      2048 agree         100 ops took 1.532 sec, avg 15.316 ms, 65.293 ops/sec
ECC   [      SECP256R1]   256 key gen      1413 ops took 1.001 sec, avg 0.708 ms, 1412.086 ops/sec
ECDHE [      SECP256R1]   256 agree         900 ops took 1.018 sec, avg 1.131 ms, 884.425 ops/sec
ECDSA [      SECP256R1]   256 sign         1200 ops took 1.015 sec, avg 0.846 ms, 1182.680 ops/sec
ECDSA [      SECP256R1]   256 verify        900 ops took 1.049 sec, avg 1.165 ms, 858.271 ops/sec
Benchmark complete
[SGXSan] ALWAYS: Enter wc_test
INFO: A corpus is not provided, starting from an empty corpus
------------------------------------------------------------------------------
 wolfSSL version 5.1.0
------------------------------------------------------------------------------
error    test passed!
MEMORY   test passed!
base64   test passed!
asn      test passed!
RANDOM   test passed!
MD5      test passed!
MD4      test passed!
SHA      test passed!
SHA-256  test passed!
Hash     test passed!
HMAC-MD5 test passed!
HMAC-SHA test passed!
HMAC-SHA256 test passed!
GMAC     test passed!
HC-128   test passed!
Rabbit   test passed!
DES      test passed!
DES3     test passed!
AES      test passed!
AES192   test passed!
AES256   test passed!
AES-GCM  test passed!
RSA      test passed!
DH       test passed!
DSA      test passed!
PWDBASED test passed!
ECC      test passed!
ECC buffer test passed!
logging  test passed!
mutex    test passed!
memcb    test passed!
Test complete
[SGXSan] ALWAYS: Enter enc_wolfSSL_Init
[SGXSan] ALWAYS: Enter enc_wolfSSL_CTX_free
[SGXSan] ALWAYS: Enter enc_wolfSSL_CTX_load_verify_buffer
[SGXSan] ALWAYS: Enter enc_wolfSSL_CTX_new
[SGXSan] ALWAYS: Enter enc_wolfSSL_CTX_set_cipher_list
[SGXSan] ALWAYS: Enter enc_wolfSSL_CTX_use_PrivateKey_buffer
[SGXSan] ALWAYS: Enter enc_wolfSSL_CTX_use_certificate_buffer
[SGXSan] ALWAYS: Enter enc_wolfSSL_CTX_use_certificate_chain_buffer_format
[SGXSan] ALWAYS: Enter enc_wolfSSL_Cleanup
[SGXSan] ALWAYS: Enter enc_wolfSSL_Debugging_OFF
[SGXSan] ALWAYS: Enter enc_wolfSSL_Debugging_ON
[SGXSan] ALWAYS: Enter enc_wolfSSL_connect
[SGXSan] ALWAYS: Enter enc_wolfSSL_free
[SGXSan] ALWAYS: Enter enc_wolfSSL_get_error
[SGXSan] ALWAYS: Enter enc_wolfSSL_new
[SGXSan] ALWAYS: Enter enc_wolfSSL_read
[SGXSan] ALWAYS: Enter enc_wolfSSL_set_fd
[SGXSan] ALWAYS: Enter enc_wolfSSL_write
[SGXSan] ALWAYS: Enter enc_wolfTLSv1_2_client_method
[SGXSan] ALWAYS: Enter enc_wolfTLSv1_2_server_method
[SGXSan] ALWAYS: Enter wc_benchmark_test
------------------------------------------------------------------------------
 wolfSSL version 5.1.0
------------------------------------------------------------------------------
wolfCrypt Benchmark (block bytes 1048576, min 1.0 sec each)
RNG                 15 MB took 1.119 seconds,   13.409 MB/s
AES-128-CBC-enc     25 MB took 1.046 seconds,   23.907 MB/s
AES-128-CBC-dec     35 MB took 1.133 seconds,   30.879 MB/s
AES-192-CBC-enc     30 MB took 1.051 seconds,   28.539 MB/s
AES-192-CBC-dec     30 MB took 1.114 seconds,   26.931 MB/s
AES-256-CBC-enc     30 MB took 1.193 seconds,   25.152 MB/s
AES-256-CBC-dec     25 MB took 1.084 seconds,   23.062 MB/s
AES-128-GCM-enc     25 MB took 1.045 seconds,   23.918 MB/s
AES-128-GCM-dec     25 MB took 1.069 seconds,   23.382 MB/s
AES-192-GCM-enc     25 MB took 1.164 seconds,   21.473 MB/s
AES-192-GCM-dec     25 MB took 1.183 seconds,   21.128 MB/s
AES-256-GCM-enc     20 MB took 1.038 seconds,   19.261 MB/s
AES-256-GCM-dec     20 MB took 1.036 seconds,   19.306 MB/s
GMAC Table 4-bit    67 MB took 1.001 seconds,   66.966 MB/s
RABBIT              90 MB took 1.010 seconds,   89.137 MB/s
3DES                10 MB took 1.106 seconds,    9.038 MB/s
MD5                300 MB took 1.007 seconds,  297.938 MB/s
SHA                130 MB took 1.030 seconds,  126.194 MB/s
SHA-256             35 MB took 1.132 seconds,   30.915 MB/s
HMAC-MD5           305 MB took 1.008 seconds,  302.468 MB/s
HMAC-SHA           130 MB took 1.033 seconds,  125.895 MB/s
HMAC-SHA256         30 MB took 1.000 seconds,   29.990 MB/s
PBKDF2               4 KB took 1.008 seconds,    3.752 KB/s
RSA     2048 public       1400 ops took 1.027 sec, avg 0.733 ms, 1363.356 ops/sec
RSA     2048 private       100 ops took 3.731 sec, avg 37.309 ms, 26.803 ops/sec
DH      2048 key gen        66 ops took 1.009 sec, avg 15.281 ms, 65.439 ops/sec
DH      2048 agree         100 ops took 1.548 sec, avg 15.482 ms, 64.589 ops/sec
ECC   [      SECP256R1]   256 key gen      1429 ops took 1.000 sec, avg 0.700 ms, 1428.867 ops/sec
ECDHE [      SECP256R1]   256 agree        1000 ops took 1.101 sec, avg 1.101 ms, 908.488 ops/sec
ECDSA [      SECP256R1]   256 sign         1200 ops took 1.006 sec, avg 0.839 ms, 1192.497 ops/sec
ECDSA [      SECP256R1]   256 verify        900 ops took 1.064 sec, avg 1.182 ms, 846.250 ops/sec
Benchmark complete
[SGXSan] ALWAYS: Enter wc_test
#2	pulse  ft: 6289 exec/s: 0 rss: 49Mb
Slowest unit: 42 s:
artifact_prefix='./crashes/'; Test unit written to ./crashes/slow-unit-adc83b19e793491b1c6ea0fd8b46cd9f32e592fc
Base64: Cg==
#2	INITED cov: 6289 ft: 6289 corp: 1/1b exec/s: 0 rss: 50Mb
#2	DONE   cov: 6289 ft: 6289 corp: 1/1b lim: 4 exec/s: 0 rss: 50Mb
Done 2 runs in 84 second(s)
stat::number_of_executed_units: 2
stat::average_exec_per_sec:     0
stat::new_units_added:          0
stat::slowest_unit_time_sec:    42
stat::peak_rss_mb:              50
------------------------------------------------------------------------------
 wolfSSL version 5.1.0
------------------------------------------------------------------------------
error    test passed!
MEMORY   test passed!
base64   test passed!
asn      test passed!
RANDOM   test passed!
MD5      test passed!
MD4      test passed!
SHA      test passed!
SHA-256  test passed!
Hash     test passed!
HMAC-MD5 test passed!
HMAC-SHA test passed!
HMAC-SHA256 test passed!
GMAC     test passed!
HC-128   test passed!
Rabbit   test passed!
DES      test passed!
DES3     test passed!
AES      test passed!
AES192   test passed!
AES256   test passed!
AES-GCM  test passed!
RSA      test passed!
DH       test passed!
DSA      test passed!
PWDBASED test passed!
ECC      test passed!
ECC buffer test passed!
logging  test passed!
mutex    test passed!
memcb    test failed!
 error = -13803
