WARNING: Failed to find function "__sanitizer_acquire_crash_state".
WARNING: Failed to find function "__sanitizer_print_stack_trace".
WARNING: Failed to find function "__sanitizer_set_death_callback".
[2023-01-15 17:05:59.127] [Init] Num of ECall: 22
[2023-01-15 17:05:59.127] ECalls:
  0 - fuzz_enc_wolfSSL_CTX_free
  1 - fuzz_enc_wolfSSL_CTX_load_verify_buffer
  2 - fuzz_enc_wolfSSL_CTX_new
  3 - fuzz_enc_wolfSSL_CTX_set_cipher_list
  4 - fuzz_enc_wolfSSL_CTX_use_PrivateKey_buffer
  5 - fuzz_enc_wolfSSL_CTX_use_certificate_buffer
  6 - fuzz_enc_wolfSSL_CTX_use_certificate_chain_buffer_format
  7 - fuzz_enc_wolfSSL_Cleanup
  8 - fuzz_enc_wolfSSL_Debugging_OFF
  9 - fuzz_enc_wolfSSL_Debugging_ON
  10 - fuzz_enc_wolfSSL_Init
  11 - fuzz_enc_wolfSSL_connect
  12 - fuzz_enc_wolfSSL_free
  13 - fuzz_enc_wolfSSL_get_error
  14 - fuzz_enc_wolfSSL_new
  15 - fuzz_enc_wolfSSL_read
  16 - fuzz_enc_wolfSSL_set_fd
  17 - fuzz_enc_wolfSSL_write
  18 - fuzz_enc_wolfTLSv1_2_client_method
  19 - fuzz_enc_wolfTLSv1_2_server_method
  20 - fuzz_wc_benchmark_test
  21 - fuzz_wc_test

INFO: found LLVMFuzzerCustomMutator (0x44ac30). Disabling -len_control by default.
INFO: libFuzzer ignores flags that start with '--'
INFO: Running with entropic power schedule (0xFF, 100).
INFO: Seed: 441111262
INFO: Loaded 1 modules   (291 inline 8-bit counters): 291 [0x4cb7e8, 0x4cb90b), 
INFO: Loaded 1 PC tables (291 PCs): 291 [0x4cb910,0x4ccb40), 
INFO:        0 files found in /tmp/libFuzzerTemp.FuzzWithFork422940.dir/C58
[SGXSan] ALWAYS: Hook __sanitizer_cov_8bit_counters_init of Enclave, 21636 inline 8-bit counts [0x7f11913329c0, 0x7f1191337e44) (First time)
[SGXSan] ALWAYS: Hook __sanitizer_cov_pcs_init of Enclave, 21636 PCs [0x7f1191337e48, 0x7f119138c688) (First time)
[SGXSan] ALWAYS: Enter enc_wolfSSL_CTX_free
[SGXSan] ALWAYS: Enter enc_wolfSSL_CTX_load_verify_buffer
[SGXSan] ALWAYS: Enter enc_wolfSSL_CTX_new
[SGXSan] ALWAYS: Enter enc_wolfSSL_CTX_set_cipher_list
[SGXSan] ALWAYS: Enter enc_wolfSSL_CTX_use_PrivateKey_buffer
[SGXSan] ALWAYS: Enter enc_wolfSSL_CTX_use_certificate_buffer
[SGXSan] ALWAYS: Enter enc_wolfSSL_CTX_use_certificate_chain_buffer_format
[SGXSan] ALWAYS: Enter enc_wolfSSL_Cleanup
[SGXSan] ALWAYS: Enter enc_wolfSSL_Debugging_OFF
[SGXSan] ALWAYS: Enter enc_wolfSSL_Debugging_ON
[SGXSan] ALWAYS: Enter enc_wolfSSL_Init
[SGXSan] ALWAYS: Enter enc_wolfSSL_connect
[SGXSan] ALWAYS: Enter enc_wolfSSL_free
[SGXSan] ALWAYS: Enter enc_wolfSSL_get_error
[SGXSan] ALWAYS: Enter enc_wolfSSL_new
[SGXSan] ALWAYS: Enter enc_wolfSSL_read
[SGXSan] ALWAYS: Enter enc_wolfSSL_set_fd
[SGXSan] ALWAYS: Enter enc_wolfSSL_write
[SGXSan] ALWAYS: Enter enc_wolfTLSv1_2_client_method
[SGXSan] ALWAYS: Enter enc_wolfTLSv1_2_server_method
[SGXSan] ALWAYS: Enter wc_benchmark_test
------------------------------------------------------------------------------
 wolfSSL version 5.1.0
------------------------------------------------------------------------------
wolfCrypt Benchmark (block bytes 1048576, min 1.0 sec each)
RNG                 15 MB took 1.143 seconds,   13.128 MB/s
AES-128-CBC-enc     35 MB took 1.078 seconds,   32.453 MB/s
AES-128-CBC-dec     35 MB took 1.167 seconds,   29.993 MB/s
AES-192-CBC-enc     30 MB took 1.083 seconds,   27.700 MB/s
AES-192-CBC-dec     30 MB took 1.162 seconds,   25.825 MB/s
AES-256-CBC-enc     30 MB took 1.194 seconds,   25.123 MB/s
AES-256-CBC-dec     25 MB took 1.047 seconds,   23.885 MB/s
AES-128-GCM-enc     25 MB took 1.087 seconds,   22.995 MB/s
AES-128-GCM-dec     25 MB took 1.068 seconds,   23.408 MB/s
AES-192-GCM-enc     25 MB took 1.199 seconds,   20.854 MB/s
AES-192-GCM-dec     25 MB took 1.198 seconds,   20.863 MB/s
AES-256-GCM-enc     20 MB took 1.040 seconds,   19.228 MB/s
AES-256-GCM-dec     20 MB took 1.037 seconds,   19.290 MB/s
GMAC Table 4-bit    68 MB took 1.010 seconds,   67.304 MB/s
RABBIT              95 MB took 1.033 seconds,   91.962 MB/s
3DES                10 MB took 1.105 seconds,    9.051 MB/s
MD5                305 MB took 1.008 seconds,  302.486 MB/s
SHA                130 MB took 1.015 seconds,  128.079 MB/s
SHA-256             35 MB took 1.121 seconds,   31.230 MB/s
HMAC-MD5           310 MB took 1.013 seconds,  305.881 MB/s
HMAC-SHA           130 MB took 1.033 seconds,  125.835 MB/s
HMAC-SHA256         35 MB took 1.131 seconds,   30.957 MB/s
PBKDF2               4 KB took 1.007 seconds,    3.693 KB/s
RSA     2048 public       1400 ops took 1.005 sec, avg 0.718 ms, 1393.558 ops/sec
RSA     2048 private       100 ops took 3.782 sec, avg 37.819 ms, 26.442 ops/sec
DH      2048 key gen        64 ops took 1.009 sec, avg 15.758 ms, 63.460 ops/sec
DH      2048 agree         100 ops took 1.543 sec, avg 15.427 ms, 64.823 ops/sec
ECC   [      SECP256R1]   256 key gen      1430 ops took 1.000 sec, avg 0.699 ms, 1429.604 ops/sec
ECDHE [      SECP256R1]   256 agree        1000 ops took 1.104 sec, avg 1.104 ms, 905.521 ops/sec
ECDSA [      SECP256R1]   256 sign         1200 ops took 1.013 sec, avg 0.845 ms, 1184.024 ops/sec
ECDSA [      SECP256R1]   256 verify        900 ops took 1.076 sec, avg 1.196 ms, 836.184 ops/sec
Benchmark complete
[SGXSan] ALWAYS: Enter wc_test
INFO: A corpus is not provided, starting from an empty corpus
------------------------------------------------------------------------------
 wolfSSL version 5.1.0
------------------------------------------------------------------------------
error    test passed!
MEMORY   test passed!
base64   test passed!
asn      test passed!
RANDOM   test passed!
MD5      test passed!
MD4      test passed!
SHA      test passed!
SHA-256  test passed!
Hash     test passed!
HMAC-MD5 test passed!
HMAC-SHA test passed!
HMAC-SHA256 test passed!
GMAC     test passed!
HC-128   test passed!
Rabbit   test passed!
DES      test passed!
DES3     test passed!
AES      test passed!
AES192   test passed!
AES256   test passed!
AES-GCM  test passed!
RSA      test passed!
DH       test passed!
DSA      test passed!
PWDBASED test passed!
ECC      test passed!
ECC buffer test passed!
logging  test passed!
mutex    test passed!
memcb    test passed!
Test complete
[SGXSan] ALWAYS: Enter enc_wolfSSL_Init
[SGXSan] ALWAYS: Enter enc_wolfSSL_CTX_free
[SGXSan] ALWAYS: Enter enc_wolfSSL_CTX_load_verify_buffer
[SGXSan] ALWAYS: Enter enc_wolfSSL_CTX_new
[SGXSan] ALWAYS: Enter enc_wolfSSL_CTX_set_cipher_list
[SGXSan] ALWAYS: Enter enc_wolfSSL_CTX_use_PrivateKey_buffer
[SGXSan] ALWAYS: Enter enc_wolfSSL_CTX_use_certificate_buffer
[SGXSan] ALWAYS: Enter enc_wolfSSL_CTX_use_certificate_chain_buffer_format
[SGXSan] ALWAYS: Enter enc_wolfSSL_Cleanup
[SGXSan] ALWAYS: Enter enc_wolfSSL_Debugging_OFF
[SGXSan] ALWAYS: Enter enc_wolfSSL_Debugging_ON
[SGXSan] ALWAYS: Enter enc_wolfSSL_connect
[SGXSan] ALWAYS: Enter enc_wolfSSL_free
[SGXSan] ALWAYS: Enter enc_wolfSSL_get_error
[SGXSan] ALWAYS: Enter enc_wolfSSL_new
[SGXSan] ALWAYS: Enter enc_wolfSSL_read
[SGXSan] ALWAYS: Enter enc_wolfSSL_set_fd
[SGXSan] ALWAYS: Enter enc_wolfSSL_write
[SGXSan] ALWAYS: Enter enc_wolfTLSv1_2_client_method
[SGXSan] ALWAYS: Enter enc_wolfTLSv1_2_server_method
[SGXSan] ALWAYS: Enter wc_benchmark_test
------------------------------------------------------------------------------
 wolfSSL version 5.1.0
------------------------------------------------------------------------------
wolfCrypt Benchmark (block bytes 1048576, min 1.0 sec each)
RNG                 15 MB took 1.125 seconds,   13.334 MB/s
AES-128-CBC-enc     35 MB took 1.065 seconds,   32.852 MB/s
AES-128-CBC-dec     30 MB took 1.008 seconds,   29.772 MB/s
AES-192-CBC-enc     30 MB took 1.075 seconds,   27.906 MB/s
AES-192-CBC-dec     30 MB took 1.153 seconds,   26.015 MB/s
AES-256-CBC-enc     25 MB took 1.001 seconds,   24.977 MB/s
AES-256-CBC-dec     25 MB took 1.074 seconds,   23.288 MB/s
AES-128-GCM-enc     25 MB took 1.085 seconds,   23.050 MB/s
AES-128-GCM-dec     25 MB took 1.080 seconds,   23.152 MB/s
AES-192-GCM-enc     25 MB took 1.176 seconds,   21.267 MB/s
AES-192-GCM-dec     25 MB took 1.157 seconds,   21.605 MB/s
AES-256-GCM-enc     20 MB took 1.001 seconds,   19.986 MB/s
AES-256-GCM-dec     20 MB took 1.021 seconds,   19.588 MB/s
GMAC Table 4-bit    70 MB took 1.013 seconds,   69.088 MB/s
RABBIT              95 MB took 1.044 seconds,   91.033 MB/s
3DES                10 MB took 1.077 seconds,    9.289 MB/s
MD5                305 MB took 1.007 seconds,  302.839 MB/s
SHA                130 MB took 1.034 seconds,  125.706 MB/s
SHA-256             35 MB took 1.155 seconds,   30.308 MB/s
HMAC-MD5           300 MB took 1.012 seconds,  296.397 MB/s
HMAC-SHA           125 MB took 1.001 seconds,  124.924 MB/s
HMAC-SHA256         35 MB took 1.163 seconds,   30.104 MB/s
PBKDF2               4 KB took 1.006 seconds,    3.728 KB/s
RSA     2048 public       1400 ops took 1.045 sec, avg 0.746 ms, 1340.255 ops/sec
RSA     2048 private       100 ops took 3.664 sec, avg 36.637 ms, 27.295 ops/sec
DH      2048 key gen        65 ops took 1.006 sec, avg 15.481 ms, 64.596 ops/sec
DH      2048 agree         100 ops took 1.528 sec, avg 15.283 ms, 65.431 ops/sec
ECC   [      SECP256R1]   256 key gen      1409 ops took 1.001 sec, avg 0.710 ms, 1408.165 ops/sec
ECDHE [      SECP256R1]   256 agree         900 ops took 1.010 sec, avg 1.122 ms, 891.456 ops/sec
ECDSA [      SECP256R1]   256 sign         1200 ops took 1.022 sec, avg 0.852 ms, 1174.155 ops/sec
ECDSA [      SECP256R1]   256 verify        900 ops took 1.073 sec, avg 1.193 ms, 838.396 ops/sec
Benchmark complete
[SGXSan] ALWAYS: Enter wc_test
#2	pulse  ft: 6290 exec/s: 0 rss: 48Mb
Slowest unit: 41 s:
artifact_prefix='./crashes/'; Test unit written to ./crashes/slow-unit-adc83b19e793491b1c6ea0fd8b46cd9f32e592fc
Base64: Cg==
#2	INITED cov: 6290 ft: 6290 corp: 1/1b exec/s: 0 rss: 49Mb
#2	DONE   cov: 6290 ft: 6290 corp: 1/1b lim: 4 exec/s: 0 rss: 49Mb
Done 2 runs in 84 second(s)
stat::number_of_executed_units: 2
stat::average_exec_per_sec:     0
stat::new_units_added:          0
stat::slowest_unit_time_sec:    41
stat::peak_rss_mb:              49
------------------------------------------------------------------------------
 wolfSSL version 5.1.0
------------------------------------------------------------------------------
error    test passed!
MEMORY   test passed!
base64   test passed!
asn      test passed!
RANDOM   test passed!
MD5      test passed!
MD4      test passed!
SHA      test passed!
SHA-256  test passed!
Hash     test passed!
HMAC-MD5 test passed!
HMAC-SHA test passed!
HMAC-SHA256 test passed!
GMAC     test passed!
HC-128   test passed!
Rabbit   test passed!
DES      test passed!
DES3     test passed!
AES      test passed!
AES192   test passed!
AES256   test passed!
AES-GCM  test passed!
RSA      test passed!
DH       test passed!
DSA      test passed!
PWDBASED test passed!
ECC      test passed!
ECC buffer test passed!
logging  test passed!
mutex    test passed!
memcb    test failed!
 error = -13803
