WARNING: Failed to find function "__sanitizer_acquire_crash_state".
WARNING: Failed to find function "__sanitizer_print_stack_trace".
WARNING: Failed to find function "__sanitizer_set_death_callback".
[2023-01-15 16:40:41.361] [Init] Num of ECall: 22
[2023-01-15 16:40:41.361] ECalls:
  0 - fuzz_enc_wolfSSL_CTX_free
  1 - fuzz_enc_wolfSSL_CTX_load_verify_buffer
  2 - fuzz_enc_wolfSSL_CTX_new
  3 - fuzz_enc_wolfSSL_CTX_set_cipher_list
  4 - fuzz_enc_wolfSSL_CTX_use_PrivateKey_buffer
  5 - fuzz_enc_wolfSSL_CTX_use_certificate_buffer
  6 - fuzz_enc_wolfSSL_CTX_use_certificate_chain_buffer_format
  7 - fuzz_enc_wolfSSL_Cleanup
  8 - fuzz_enc_wolfSSL_Debugging_OFF
  9 - fuzz_enc_wolfSSL_Debugging_ON
  10 - fuzz_enc_wolfSSL_Init
  11 - fuzz_enc_wolfSSL_connect
  12 - fuzz_enc_wolfSSL_free
  13 - fuzz_enc_wolfSSL_get_error
  14 - fuzz_enc_wolfSSL_new
  15 - fuzz_enc_wolfSSL_read
  16 - fuzz_enc_wolfSSL_set_fd
  17 - fuzz_enc_wolfSSL_write
  18 - fuzz_enc_wolfTLSv1_2_client_method
  19 - fuzz_enc_wolfTLSv1_2_server_method
  20 - fuzz_wc_benchmark_test
  21 - fuzz_wc_test

INFO: found LLVMFuzzerCustomMutator (0x44ac30). Disabling -len_control by default.
INFO: libFuzzer ignores flags that start with '--'
INFO: Running with entropic power schedule (0xFF, 100).
INFO: Seed: 3092890610
INFO: Loaded 1 modules   (291 inline 8-bit counters): 291 [0x4cb7e8, 0x4cb90b), 
INFO: Loaded 1 PC tables (291 PCs): 291 [0x4cb910,0x4ccb40), 
INFO:        0 files found in /tmp/libFuzzerTemp.FuzzWithFork422940.dir/C6
[SGXSan] ALWAYS: Hook __sanitizer_cov_8bit_counters_init of Enclave, 21636 inline 8-bit counts [0x7f5f80ea09c0, 0x7f5f80ea5e44) (First time)
[SGXSan] ALWAYS: Hook __sanitizer_cov_pcs_init of Enclave, 21636 PCs [0x7f5f80ea5e48, 0x7f5f80efa688) (First time)
[SGXSan] ALWAYS: Enter enc_wolfSSL_CTX_free
[SGXSan] ALWAYS: Enter enc_wolfSSL_CTX_load_verify_buffer
[SGXSan] ALWAYS: Enter enc_wolfSSL_CTX_new
[SGXSan] ALWAYS: Enter enc_wolfSSL_CTX_set_cipher_list
[SGXSan] ALWAYS: Enter enc_wolfSSL_CTX_use_PrivateKey_buffer
[SGXSan] ALWAYS: Enter enc_wolfSSL_CTX_use_certificate_buffer
[SGXSan] ALWAYS: Enter enc_wolfSSL_CTX_use_certificate_chain_buffer_format
[SGXSan] ALWAYS: Enter enc_wolfSSL_Cleanup
[SGXSan] ALWAYS: Enter enc_wolfSSL_Debugging_OFF
[SGXSan] ALWAYS: Enter enc_wolfSSL_Debugging_ON
[SGXSan] ALWAYS: Enter enc_wolfSSL_Init
[SGXSan] ALWAYS: Enter enc_wolfSSL_connect
[SGXSan] ALWAYS: Enter enc_wolfSSL_free
[SGXSan] ALWAYS: Enter enc_wolfSSL_get_error
[SGXSan] ALWAYS: Enter enc_wolfSSL_new
[SGXSan] ALWAYS: Enter enc_wolfSSL_read
[SGXSan] ALWAYS: Enter enc_wolfSSL_set_fd
[SGXSan] ALWAYS: Enter enc_wolfSSL_write
[SGXSan] ALWAYS: Enter enc_wolfTLSv1_2_client_method
[SGXSan] ALWAYS: Enter enc_wolfTLSv1_2_server_method
[SGXSan] ALWAYS: Enter wc_benchmark_test
------------------------------------------------------------------------------
 wolfSSL version 5.1.0
------------------------------------------------------------------------------
wolfCrypt Benchmark (block bytes 1048576, min 1.0 sec each)
RNG                 15 MB took 1.140 seconds,   13.162 MB/s
AES-128-CBC-enc     35 MB took 1.058 seconds,   33.075 MB/s
AES-128-CBC-dec     35 MB took 1.151 seconds,   30.400 MB/s
AES-192-CBC-enc     30 MB took 1.066 seconds,   28.152 MB/s
AES-192-CBC-dec     30 MB took 1.120 seconds,   26.779 MB/s
AES-256-CBC-enc     30 MB took 1.158 seconds,   25.903 MB/s
AES-256-CBC-dec     25 MB took 1.013 seconds,   24.681 MB/s
AES-128-GCM-enc     25 MB took 1.044 seconds,   23.954 MB/s
AES-128-GCM-dec     20 MB took 1.106 seconds,   18.077 MB/s
AES-192-GCM-enc     15 MB took 1.256 seconds,   11.939 MB/s
AES-192-GCM-dec     15 MB took 1.238 seconds,   12.111 MB/s
AES-256-GCM-enc     15 MB took 1.061 seconds,   14.141 MB/s
AES-256-GCM-dec     20 MB took 1.342 seconds,   14.906 MB/s
GMAC Table 4-bit    44 MB took 1.022 seconds,   43.059 MB/s
RABBIT              50 MB took 1.024 seconds,   48.816 MB/s
3DES                10 MB took 1.529 seconds,    6.539 MB/s
MD5                255 MB took 1.016 seconds,  251.106 MB/s
SHA                 75 MB took 1.054 seconds,   71.133 MB/s
SHA-256             20 MB took 1.120 seconds,   17.860 MB/s
HMAC-MD5           205 MB took 1.012 seconds,  202.652 MB/s
HMAC-SHA           130 MB took 1.009 seconds,  128.799 MB/s
HMAC-SHA256         35 MB took 1.140 seconds,   30.713 MB/s
PBKDF2               4 KB took 1.007 seconds,    3.788 KB/s
RSA     2048 public       1400 ops took 1.004 sec, avg 0.717 ms, 1394.443 ops/sec
RSA     2048 private       100 ops took 3.633 sec, avg 36.332 ms, 27.524 ops/sec
DH      2048 key gen        65 ops took 1.003 sec, avg 15.426 ms, 64.824 ops/sec
DH      2048 agree         100 ops took 1.521 sec, avg 15.210 ms, 65.746 ops/sec
ECC   [      SECP256R1]   256 key gen      1413 ops took 1.000 sec, avg 0.708 ms, 1412.888 ops/sec
ECDHE [      SECP256R1]   256 agree        1000 ops took 1.088 sec, avg 1.088 ms, 919.167 ops/sec
ECDSA [      SECP256R1]   256 sign         1200 ops took 1.002 sec, avg 0.835 ms, 1198.194 ops/sec
ECDSA [      SECP256R1]   256 verify        900 ops took 1.028 sec, avg 1.143 ms, 875.247 ops/sec
Benchmark complete
[SGXSan] ALWAYS: Enter wc_test
INFO: A corpus is not provided, starting from an empty corpus
------------------------------------------------------------------------------
 wolfSSL version 5.1.0
------------------------------------------------------------------------------
error    test passed!
MEMORY   test passed!
base64   test passed!
asn      test passed!
RANDOM   test passed!
MD5      test passed!
MD4      test passed!
SHA      test passed!
SHA-256  test passed!
Hash     test passed!
HMAC-MD5 test passed!
HMAC-SHA test passed!
HMAC-SHA256 test passed!
GMAC     test passed!
HC-128   test passed!
Rabbit   test passed!
DES      test passed!
DES3     test passed!
AES      test passed!
AES192   test passed!
AES256   test passed!
AES-GCM  test passed!
RSA      test passed!
DH       test passed!
DSA      test passed!
PWDBASED test passed!
ECC      test passed!
ECC buffer test passed!
logging  test passed!
mutex    test passed!
memcb    test passed!
Test complete
[SGXSan] ALWAYS: Enter enc_wolfSSL_Init
[SGXSan] ALWAYS: Enter enc_wolfSSL_CTX_free
[SGXSan] ALWAYS: Enter enc_wolfSSL_CTX_load_verify_buffer
[SGXSan] ALWAYS: Enter enc_wolfSSL_CTX_new
[SGXSan] ALWAYS: Enter enc_wolfSSL_CTX_set_cipher_list
[SGXSan] ALWAYS: Enter enc_wolfSSL_CTX_use_PrivateKey_buffer
[SGXSan] ALWAYS: Enter enc_wolfSSL_CTX_use_certificate_buffer
[SGXSan] ALWAYS: Enter enc_wolfSSL_CTX_use_certificate_chain_buffer_format
[SGXSan] ALWAYS: Enter enc_wolfSSL_Cleanup
[SGXSan] ALWAYS: Enter enc_wolfSSL_Debugging_OFF
[SGXSan] ALWAYS: Enter enc_wolfSSL_Debugging_ON
[SGXSan] ALWAYS: Enter enc_wolfSSL_connect
[SGXSan] ALWAYS: Enter enc_wolfSSL_free
[SGXSan] ALWAYS: Enter enc_wolfSSL_get_error
[SGXSan] ALWAYS: Enter enc_wolfSSL_new
[SGXSan] ALWAYS: Enter enc_wolfSSL_read
[SGXSan] ALWAYS: Enter enc_wolfSSL_set_fd
[SGXSan] ALWAYS: Enter enc_wolfSSL_write
[SGXSan] ALWAYS: Enter enc_wolfTLSv1_2_client_method
[SGXSan] ALWAYS: Enter enc_wolfTLSv1_2_server_method
[SGXSan] ALWAYS: Enter wc_benchmark_test
------------------------------------------------------------------------------
 wolfSSL version 5.1.0
------------------------------------------------------------------------------
wolfCrypt Benchmark (block bytes 1048576, min 1.0 sec each)
RNG                 15 MB took 1.147 seconds,   13.079 MB/s
AES-128-CBC-enc     35 MB took 1.059 seconds,   33.057 MB/s
AES-128-CBC-dec     35 MB took 1.149 seconds,   30.466 MB/s
AES-192-CBC-enc     30 MB took 1.049 seconds,   28.610 MB/s
AES-192-CBC-dec     30 MB took 1.114 seconds,   26.932 MB/s
AES-256-CBC-enc     30 MB took 1.181 seconds,   25.401 MB/s
AES-256-CBC-dec     25 MB took 1.034 seconds,   24.178 MB/s
AES-128-GCM-enc     25 MB took 1.045 seconds,   23.928 MB/s
AES-128-GCM-dec     25 MB took 1.043 seconds,   23.973 MB/s
AES-192-GCM-enc     25 MB took 1.179 seconds,   21.203 MB/s
AES-192-GCM-dec     25 MB took 1.164 seconds,   21.483 MB/s
AES-256-GCM-enc     20 MB took 1.018 seconds,   19.651 MB/s
AES-256-GCM-dec     20 MB took 1.013 seconds,   19.747 MB/s
GMAC Table 4-bit    69 MB took 1.001 seconds,   68.922 MB/s
RABBIT              95 MB took 1.054 seconds,   90.159 MB/s
3DES                10 MB took 1.079 seconds,    9.270 MB/s
MD5                305 MB took 1.009 seconds,  302.371 MB/s
SHA                130 MB took 1.009 seconds,  128.824 MB/s
SHA-256             35 MB took 1.128 seconds,   31.028 MB/s
HMAC-MD5           300 MB took 1.001 seconds,  299.612 MB/s
HMAC-SHA           130 MB took 1.001 seconds,  129.898 MB/s
HMAC-SHA256         35 MB took 1.129 seconds,   30.989 MB/s
PBKDF2               4 KB took 1.000 seconds,    3.812 KB/s
RSA     2048 public       1400 ops took 1.030 sec, avg 0.736 ms, 1359.288 ops/sec
RSA     2048 private       100 ops took 3.730 sec, avg 37.298 ms, 26.811 ops/sec
DH      2048 key gen        64 ops took 1.006 sec, avg 15.716 ms, 63.628 ops/sec
DH      2048 agree         100 ops took 1.572 sec, avg 15.718 ms, 63.622 ops/sec
ECC   [      SECP256R1]   256 key gen      1377 ops took 1.000 sec, avg 0.726 ms, 1376.604 ops/sec
ECDHE [      SECP256R1]   256 agree         900 ops took 1.011 sec, avg 1.124 ms, 889.952 ops/sec
ECDSA [      SECP256R1]   256 sign         1200 ops took 1.002 sec, avg 0.835 ms, 1197.636 ops/sec
ECDSA [      SECP256R1]   256 verify        900 ops took 1.064 sec, avg 1.182 ms, 846.185 ops/sec
Benchmark complete
[SGXSan] ALWAYS: Enter wc_test
#2	pulse  ft: 6289 exec/s: 0 rss: 48Mb
Slowest unit: 41 s:
artifact_prefix='./crashes/'; Test unit written to ./crashes/slow-unit-adc83b19e793491b1c6ea0fd8b46cd9f32e592fc
Base64: Cg==
#2	INITED cov: 6289 ft: 6289 corp: 1/1b exec/s: 0 rss: 49Mb
#2	DONE   cov: 6289 ft: 6289 corp: 1/1b lim: 4 exec/s: 0 rss: 49Mb
Done 2 runs in 84 second(s)
stat::number_of_executed_units: 2
stat::average_exec_per_sec:     0
stat::new_units_added:          0
stat::slowest_unit_time_sec:    41
stat::peak_rss_mb:              49
------------------------------------------------------------------------------
 wolfSSL version 5.1.0
------------------------------------------------------------------------------
error    test passed!
MEMORY   test passed!
base64   test passed!
asn      test passed!
RANDOM   test passed!
MD5      test passed!
MD4      test passed!
SHA      test passed!
SHA-256  test passed!
Hash     test passed!
HMAC-MD5 test passed!
HMAC-SHA test passed!
HMAC-SHA256 test passed!
GMAC     test passed!
HC-128   test passed!
Rabbit   test passed!
DES      test passed!
DES3     test passed!
AES      test passed!
AES192   test passed!
AES256   test passed!
AES-GCM  test passed!
RSA      test passed!
DH       test passed!
DSA      test passed!
PWDBASED test passed!
ECC      test passed!
ECC buffer test passed!
logging  test passed!
mutex    test passed!
memcb    test failed!
 error = -13803
