WARNING: Failed to find function "__sanitizer_acquire_crash_state".
WARNING: Failed to find function "__sanitizer_print_stack_trace".
WARNING: Failed to find function "__sanitizer_set_death_callback".
[2023-01-15 17:06:07.269] [Init] Num of ECall: 22
[2023-01-15 17:06:07.269] ECalls:
  0 - fuzz_enc_wolfSSL_CTX_free
  1 - fuzz_enc_wolfSSL_CTX_load_verify_buffer
  2 - fuzz_enc_wolfSSL_CTX_new
  3 - fuzz_enc_wolfSSL_CTX_set_cipher_list
  4 - fuzz_enc_wolfSSL_CTX_use_PrivateKey_buffer
  5 - fuzz_enc_wolfSSL_CTX_use_certificate_buffer
  6 - fuzz_enc_wolfSSL_CTX_use_certificate_chain_buffer_format
  7 - fuzz_enc_wolfSSL_Cleanup
  8 - fuzz_enc_wolfSSL_Debugging_OFF
  9 - fuzz_enc_wolfSSL_Debugging_ON
  10 - fuzz_enc_wolfSSL_Init
  11 - fuzz_enc_wolfSSL_connect
  12 - fuzz_enc_wolfSSL_free
  13 - fuzz_enc_wolfSSL_get_error
  14 - fuzz_enc_wolfSSL_new
  15 - fuzz_enc_wolfSSL_read
  16 - fuzz_enc_wolfSSL_set_fd
  17 - fuzz_enc_wolfSSL_write
  18 - fuzz_enc_wolfTLSv1_2_client_method
  19 - fuzz_enc_wolfTLSv1_2_server_method
  20 - fuzz_wc_benchmark_test
  21 - fuzz_wc_test

INFO: found LLVMFuzzerCustomMutator (0x44ac30). Disabling -len_control by default.
INFO: libFuzzer ignores flags that start with '--'
INFO: Running with entropic power schedule (0xFF, 100).
INFO: Seed: 4287559268
INFO: Loaded 1 modules   (291 inline 8-bit counters): 291 [0x4cb7e8, 0x4cb90b), 
INFO: Loaded 1 PC tables (291 PCs): 291 [0x4cb910,0x4ccb40), 
INFO:        0 files found in /tmp/libFuzzerTemp.FuzzWithFork422940.dir/C60
[SGXSan] ALWAYS: Hook __sanitizer_cov_8bit_counters_init of Enclave, 21636 inline 8-bit counts [0x7f33162dc9c0, 0x7f33162e1e44) (First time)
[SGXSan] ALWAYS: Hook __sanitizer_cov_pcs_init of Enclave, 21636 PCs [0x7f33162e1e48, 0x7f3316336688) (First time)
[SGXSan] ALWAYS: Enter enc_wolfSSL_CTX_free
[SGXSan] ALWAYS: Enter enc_wolfSSL_CTX_load_verify_buffer
[SGXSan] ALWAYS: Enter enc_wolfSSL_CTX_new
[SGXSan] ALWAYS: Enter enc_wolfSSL_CTX_set_cipher_list
[SGXSan] ALWAYS: Enter enc_wolfSSL_CTX_use_PrivateKey_buffer
[SGXSan] ALWAYS: Enter enc_wolfSSL_CTX_use_certificate_buffer
[SGXSan] ALWAYS: Enter enc_wolfSSL_CTX_use_certificate_chain_buffer_format
[SGXSan] ALWAYS: Enter enc_wolfSSL_Cleanup
[SGXSan] ALWAYS: Enter enc_wolfSSL_Debugging_OFF
[SGXSan] ALWAYS: Enter enc_wolfSSL_Debugging_ON
[SGXSan] ALWAYS: Enter enc_wolfSSL_Init
[SGXSan] ALWAYS: Enter enc_wolfSSL_connect
[SGXSan] ALWAYS: Enter enc_wolfSSL_free
[SGXSan] ALWAYS: Enter enc_wolfSSL_get_error
[SGXSan] ALWAYS: Enter enc_wolfSSL_new
[SGXSan] ALWAYS: Enter enc_wolfSSL_read
[SGXSan] ALWAYS: Enter enc_wolfSSL_set_fd
[SGXSan] ALWAYS: Enter enc_wolfSSL_write
[SGXSan] ALWAYS: Enter enc_wolfTLSv1_2_client_method
[SGXSan] ALWAYS: Enter enc_wolfTLSv1_2_server_method
[SGXSan] ALWAYS: Enter wc_benchmark_test
------------------------------------------------------------------------------
 wolfSSL version 5.1.0
------------------------------------------------------------------------------
wolfCrypt Benchmark (block bytes 1048576, min 1.0 sec each)
RNG                 15 MB took 1.163 seconds,   12.897 MB/s
AES-128-CBC-enc     35 MB took 1.072 seconds,   32.644 MB/s
AES-128-CBC-dec     35 MB took 1.166 seconds,   30.005 MB/s
AES-192-CBC-enc     30 MB took 1.066 seconds,   28.144 MB/s
AES-192-CBC-dec     30 MB took 1.157 seconds,   25.921 MB/s
AES-256-CBC-enc     25 MB took 1.018 seconds,   24.563 MB/s
AES-256-CBC-dec     25 MB took 1.042 seconds,   23.994 MB/s
AES-128-GCM-enc     25 MB took 1.032 seconds,   24.223 MB/s
AES-128-GCM-dec     25 MB took 1.071 seconds,   23.342 MB/s
AES-192-GCM-enc     25 MB took 1.168 seconds,   21.404 MB/s
AES-192-GCM-dec     25 MB took 1.160 seconds,   21.555 MB/s
AES-256-GCM-enc     20 MB took 1.002 seconds,   19.962 MB/s
AES-256-GCM-dec     20 MB took 1.004 seconds,   19.927 MB/s
GMAC Table 4-bit    69 MB took 1.013 seconds,   68.119 MB/s
RABBIT              90 MB took 1.008 seconds,   89.320 MB/s
3DES                10 MB took 1.116 seconds,    8.962 MB/s
MD5                300 MB took 1.006 seconds,  298.266 MB/s
SHA                130 MB took 1.025 seconds,  126.884 MB/s
SHA-256             30 MB took 1.010 seconds,   29.702 MB/s
HMAC-MD5           300 MB took 1.011 seconds,  296.821 MB/s
HMAC-SHA           125 MB took 1.001 seconds,  124.834 MB/s
HMAC-SHA256         35 MB took 1.131 seconds,   30.947 MB/s
PBKDF2               4 KB took 1.007 seconds,    3.785 KB/s
RSA     2048 public       1500 ops took 1.075 sec, avg 0.716 ms, 1395.894 ops/sec
RSA     2048 private       100 ops took 3.725 sec, avg 37.252 ms, 26.844 ops/sec
DH      2048 key gen        64 ops took 1.008 sec, avg 15.749 ms, 63.497 ops/sec
DH      2048 agree         100 ops took 1.586 sec, avg 15.858 ms, 63.060 ops/sec
ECC   [      SECP256R1]   256 key gen      1372 ops took 1.000 sec, avg 0.729 ms, 1371.785 ops/sec
ECDHE [      SECP256R1]   256 agree        1000 ops took 1.090 sec, avg 1.090 ms, 917.719 ops/sec
ECDSA [      SECP256R1]   256 sign         1300 ops took 1.077 sec, avg 0.828 ms, 1207.025 ops/sec
ECDSA [      SECP256R1]   256 verify        900 ops took 1.028 sec, avg 1.142 ms, 875.687 ops/sec
Benchmark complete
[SGXSan] ALWAYS: Enter wc_test
INFO: A corpus is not provided, starting from an empty corpus
------------------------------------------------------------------------------
 wolfSSL version 5.1.0
------------------------------------------------------------------------------
error    test passed!
MEMORY   test passed!
base64   test passed!
asn      test passed!
RANDOM   test passed!
MD5      test passed!
MD4      test passed!
SHA      test passed!
SHA-256  test passed!
Hash     test passed!
HMAC-MD5 test passed!
HMAC-SHA test passed!
HMAC-SHA256 test passed!
GMAC     test passed!
HC-128   test passed!
Rabbit   test passed!
DES      test passed!
DES3     test passed!
AES      test passed!
AES192   test passed!
AES256   test passed!
AES-GCM  test passed!
RSA      test passed!
DH       test passed!
DSA      test passed!
PWDBASED test passed!
ECC      test passed!
ECC buffer test passed!
logging  test passed!
mutex    test passed!
memcb    test passed!
Test complete
[SGXSan] ALWAYS: Enter enc_wolfSSL_Init
[SGXSan] ALWAYS: Enter enc_wolfSSL_CTX_free
[SGXSan] ALWAYS: Enter enc_wolfSSL_CTX_load_verify_buffer
[SGXSan] ALWAYS: Enter enc_wolfSSL_CTX_new
[SGXSan] ALWAYS: Enter enc_wolfSSL_CTX_set_cipher_list
[SGXSan] ALWAYS: Enter enc_wolfSSL_CTX_use_PrivateKey_buffer
[SGXSan] ALWAYS: Enter enc_wolfSSL_CTX_use_certificate_buffer
[SGXSan] ALWAYS: Enter enc_wolfSSL_CTX_use_certificate_chain_buffer_format
[SGXSan] ALWAYS: Enter enc_wolfSSL_Cleanup
[SGXSan] ALWAYS: Enter enc_wolfSSL_Debugging_OFF
[SGXSan] ALWAYS: Enter enc_wolfSSL_Debugging_ON
[SGXSan] ALWAYS: Enter enc_wolfSSL_connect
[SGXSan] ALWAYS: Enter enc_wolfSSL_free
[SGXSan] ALWAYS: Enter enc_wolfSSL_get_error
[SGXSan] ALWAYS: Enter enc_wolfSSL_new
[SGXSan] ALWAYS: Enter enc_wolfSSL_read
[SGXSan] ALWAYS: Enter enc_wolfSSL_set_fd
[SGXSan] ALWAYS: Enter enc_wolfSSL_write
[SGXSan] ALWAYS: Enter enc_wolfTLSv1_2_client_method
[SGXSan] ALWAYS: Enter enc_wolfTLSv1_2_server_method
[SGXSan] ALWAYS: Enter wc_benchmark_test
------------------------------------------------------------------------------
 wolfSSL version 5.1.0
------------------------------------------------------------------------------
wolfCrypt Benchmark (block bytes 1048576, min 1.0 sec each)
RNG                 15 MB took 1.171 seconds,   12.807 MB/s
AES-128-CBC-enc     35 MB took 1.077 seconds,   32.498 MB/s
AES-128-CBC-dec     35 MB took 1.140 seconds,   30.708 MB/s
AES-192-CBC-enc     30 MB took 1.044 seconds,   28.739 MB/s
AES-192-CBC-dec     30 MB took 1.119 seconds,   26.802 MB/s
AES-256-CBC-enc     30 MB took 1.181 seconds,   25.401 MB/s
AES-256-CBC-dec     25 MB took 1.039 seconds,   24.054 MB/s
AES-128-GCM-enc     25 MB took 1.039 seconds,   24.067 MB/s
AES-128-GCM-dec     25 MB took 1.046 seconds,   23.906 MB/s
AES-192-GCM-enc     25 MB took 1.165 seconds,   21.453 MB/s
AES-192-GCM-dec     25 MB took 1.202 seconds,   20.797 MB/s
AES-256-GCM-enc     20 MB took 1.039 seconds,   19.249 MB/s
AES-256-GCM-dec     20 MB took 1.032 seconds,   19.384 MB/s
GMAC Table 4-bit    68 MB took 1.006 seconds,   67.577 MB/s
RABBIT              90 MB took 1.007 seconds,   89.401 MB/s
3DES                10 MB took 1.110 seconds,    9.009 MB/s
MD5                300 MB took 1.003 seconds,  299.108 MB/s
SHA                130 MB took 1.030 seconds,  126.158 MB/s
SHA-256             35 MB took 1.125 seconds,   31.118 MB/s
HMAC-MD5           310 MB took 1.014 seconds,  305.769 MB/s
HMAC-SHA           130 MB took 1.027 seconds,  126.533 MB/s
HMAC-SHA256         35 MB took 1.124 seconds,   31.148 MB/s
PBKDF2               4 KB took 1.004 seconds,    3.671 KB/s
RSA     2048 public       1400 ops took 1.030 sec, avg 0.736 ms, 1359.508 ops/sec
RSA     2048 private       100 ops took 3.733 sec, avg 37.335 ms, 26.785 ops/sec
DH      2048 key gen        63 ops took 1.005 sec, avg 15.952 ms, 62.690 ops/sec
DH      2048 agree         100 ops took 1.596 sec, avg 15.965 ms, 62.639 ops/sec
ECC   [      SECP256R1]   256 key gen      1422 ops took 1.001 sec, avg 0.704 ms, 1421.076 ops/sec
ECDHE [      SECP256R1]   256 agree        1000 ops took 1.105 sec, avg 1.105 ms, 905.108 ops/sec
ECDSA [      SECP256R1]   256 sign         1300 ops took 1.069 sec, avg 0.822 ms, 1215.828 ops/sec
ECDSA [      SECP256R1]   256 verify        900 ops took 1.036 sec, avg 1.151 ms, 868.783 ops/sec
Benchmark complete
[SGXSan] ALWAYS: Enter wc_test
#2	pulse  ft: 6291 exec/s: 0 rss: 48Mb
Slowest unit: 42 s:
artifact_prefix='./crashes/'; Test unit written to ./crashes/slow-unit-adc83b19e793491b1c6ea0fd8b46cd9f32e592fc
Base64: Cg==
#2	INITED cov: 6291 ft: 6291 corp: 1/1b exec/s: 0 rss: 49Mb
#2	DONE   cov: 6291 ft: 6291 corp: 1/1b lim: 4 exec/s: 0 rss: 49Mb
Done 2 runs in 84 second(s)
stat::number_of_executed_units: 2
stat::average_exec_per_sec:     0
stat::new_units_added:          0
stat::slowest_unit_time_sec:    42
stat::peak_rss_mb:              49
------------------------------------------------------------------------------
 wolfSSL version 5.1.0
------------------------------------------------------------------------------
error    test passed!
MEMORY   test passed!
base64   test passed!
asn      test passed!
RANDOM   test passed!
MD5      test passed!
MD4      test passed!
SHA      test passed!
SHA-256  test passed!
Hash     test passed!
HMAC-MD5 test passed!
HMAC-SHA test passed!
HMAC-SHA256 test passed!
GMAC     test passed!
HC-128   test passed!
Rabbit   test passed!
DES      test passed!
DES3     test passed!
AES      test passed!
AES192   test passed!
AES256   test passed!
AES-GCM  test passed!
RSA      test passed!
DH       test passed!
DSA      test passed!
PWDBASED test passed!
ECC      test passed!
ECC buffer test passed!
logging  test passed!
mutex    test passed!
memcb    test failed!
 error = -13803
