WARNING: Failed to find function "__sanitizer_acquire_crash_state".
WARNING: Failed to find function "__sanitizer_print_stack_trace".
WARNING: Failed to find function "__sanitizer_set_death_callback".
[2023-01-15 17:07:23.537] [Init] Num of ECall: 22
[2023-01-15 17:07:23.537] ECalls:
  0 - fuzz_enc_wolfSSL_CTX_free
  1 - fuzz_enc_wolfSSL_CTX_load_verify_buffer
  2 - fuzz_enc_wolfSSL_CTX_new
  3 - fuzz_enc_wolfSSL_CTX_set_cipher_list
  4 - fuzz_enc_wolfSSL_CTX_use_PrivateKey_buffer
  5 - fuzz_enc_wolfSSL_CTX_use_certificate_buffer
  6 - fuzz_enc_wolfSSL_CTX_use_certificate_chain_buffer_format
  7 - fuzz_enc_wolfSSL_Cleanup
  8 - fuzz_enc_wolfSSL_Debugging_OFF
  9 - fuzz_enc_wolfSSL_Debugging_ON
  10 - fuzz_enc_wolfSSL_Init
  11 - fuzz_enc_wolfSSL_connect
  12 - fuzz_enc_wolfSSL_free
  13 - fuzz_enc_wolfSSL_get_error
  14 - fuzz_enc_wolfSSL_new
  15 - fuzz_enc_wolfSSL_read
  16 - fuzz_enc_wolfSSL_set_fd
  17 - fuzz_enc_wolfSSL_write
  18 - fuzz_enc_wolfTLSv1_2_client_method
  19 - fuzz_enc_wolfTLSv1_2_server_method
  20 - fuzz_wc_benchmark_test
  21 - fuzz_wc_test

INFO: found LLVMFuzzerCustomMutator (0x44ac30). Disabling -len_control by default.
INFO: libFuzzer ignores flags that start with '--'
INFO: Running with entropic power schedule (0xFF, 100).
INFO: Seed: 3246384627
INFO: Loaded 1 modules   (291 inline 8-bit counters): 291 [0x4cb7e8, 0x4cb90b), 
INFO: Loaded 1 PC tables (291 PCs): 291 [0x4cb910,0x4ccb40), 
INFO:        0 files found in /tmp/libFuzzerTemp.FuzzWithFork422940.dir/C61
[SGXSan] ALWAYS: Hook __sanitizer_cov_8bit_counters_init of Enclave, 21636 inline 8-bit counts [0x7f27c621d9c0, 0x7f27c6222e44) (First time)
[SGXSan] ALWAYS: Hook __sanitizer_cov_pcs_init of Enclave, 21636 PCs [0x7f27c6222e48, 0x7f27c6277688) (First time)
[SGXSan] ALWAYS: Enter enc_wolfSSL_CTX_free
[SGXSan] ALWAYS: Enter enc_wolfSSL_CTX_load_verify_buffer
[SGXSan] ALWAYS: Enter enc_wolfSSL_CTX_new
[SGXSan] ALWAYS: Enter enc_wolfSSL_CTX_set_cipher_list
[SGXSan] ALWAYS: Enter enc_wolfSSL_CTX_use_PrivateKey_buffer
[SGXSan] ALWAYS: Enter enc_wolfSSL_CTX_use_certificate_buffer
[SGXSan] ALWAYS: Enter enc_wolfSSL_CTX_use_certificate_chain_buffer_format
[SGXSan] ALWAYS: Enter enc_wolfSSL_Cleanup
[SGXSan] ALWAYS: Enter enc_wolfSSL_Debugging_OFF
[SGXSan] ALWAYS: Enter enc_wolfSSL_Debugging_ON
[SGXSan] ALWAYS: Enter enc_wolfSSL_Init
[SGXSan] ALWAYS: Enter enc_wolfSSL_connect
[SGXSan] ALWAYS: Enter enc_wolfSSL_free
[SGXSan] ALWAYS: Enter enc_wolfSSL_get_error
[SGXSan] ALWAYS: Enter enc_wolfSSL_new
[SGXSan] ALWAYS: Enter enc_wolfSSL_read
[SGXSan] ALWAYS: Enter enc_wolfSSL_set_fd
[SGXSan] ALWAYS: Enter enc_wolfSSL_write
[SGXSan] ALWAYS: Enter enc_wolfTLSv1_2_client_method
[SGXSan] ALWAYS: Enter enc_wolfTLSv1_2_server_method
[SGXSan] ALWAYS: Enter wc_benchmark_test
------------------------------------------------------------------------------
 wolfSSL version 5.1.0
------------------------------------------------------------------------------
wolfCrypt Benchmark (block bytes 1048576, min 1.0 sec each)
RNG                 15 MB took 1.121 seconds,   13.379 MB/s
AES-128-CBC-enc     35 MB took 1.057 seconds,   33.108 MB/s
AES-128-CBC-dec     35 MB took 1.140 seconds,   30.709 MB/s
AES-192-CBC-enc     30 MB took 1.063 seconds,   28.232 MB/s
AES-192-CBC-dec     30 MB took 1.153 seconds,   26.026 MB/s
AES-256-CBC-enc     30 MB took 1.188 seconds,   25.249 MB/s
AES-256-CBC-dec     25 MB took 1.056 seconds,   23.676 MB/s
AES-128-GCM-enc     25 MB took 1.062 seconds,   23.539 MB/s
AES-128-GCM-dec     25 MB took 1.056 seconds,   23.682 MB/s
AES-192-GCM-enc     25 MB took 1.191 seconds,   20.992 MB/s
AES-192-GCM-dec     25 MB took 1.187 seconds,   21.055 MB/s
AES-256-GCM-enc     20 MB took 1.019 seconds,   19.625 MB/s
AES-256-GCM-dec     20 MB took 1.013 seconds,   19.734 MB/s
GMAC Table 4-bit    70 MB took 1.013 seconds,   69.128 MB/s
RABBIT              90 MB took 1.013 seconds,   88.871 MB/s
3DES                10 MB took 1.069 seconds,    9.356 MB/s
MD5                305 MB took 1.013 seconds,  300.963 MB/s
SHA                130 MB took 1.008 seconds,  128.980 MB/s
SHA-256             35 MB took 1.131 seconds,   30.945 MB/s
HMAC-MD5           305 MB took 1.016 seconds,  300.101 MB/s
HMAC-SHA           125 MB took 1.002 seconds,  124.740 MB/s
HMAC-SHA256         30 MB took 1.003 seconds,   29.907 MB/s
PBKDF2               4 KB took 1.009 seconds,    3.686 KB/s
RSA     2048 public       1400 ops took 1.018 sec, avg 0.727 ms, 1375.340 ops/sec
RSA     2048 private       100 ops took 3.765 sec, avg 37.653 ms, 26.558 ops/sec
DH      2048 key gen        66 ops took 1.009 sec, avg 15.283 ms, 65.431 ops/sec
DH      2048 agree         100 ops took 1.519 sec, avg 15.187 ms, 65.848 ops/sec
ECC   [      SECP256R1]   256 key gen      1409 ops took 1.001 sec, avg 0.710 ms, 1408.258 ops/sec
ECDHE [      SECP256R1]   256 agree        1000 ops took 1.079 sec, avg 1.079 ms, 926.375 ops/sec
ECDSA [      SECP256R1]   256 sign         1300 ops took 1.077 sec, avg 0.828 ms, 1207.067 ops/sec
ECDSA [      SECP256R1]   256 verify        900 ops took 1.038 sec, avg 1.153 ms, 867.055 ops/sec
Benchmark complete
[SGXSan] ALWAYS: Enter wc_test
INFO: A corpus is not provided, starting from an empty corpus
------------------------------------------------------------------------------
 wolfSSL version 5.1.0
------------------------------------------------------------------------------
error    test passed!
MEMORY   test passed!
base64   test passed!
asn      test passed!
RANDOM   test passed!
MD5      test passed!
MD4      test passed!
SHA      test passed!
SHA-256  test passed!
Hash     test passed!
HMAC-MD5 test passed!
HMAC-SHA test passed!
HMAC-SHA256 test passed!
GMAC     test passed!
HC-128   test passed!
Rabbit   test passed!
DES      test passed!
DES3     test passed!
AES      test passed!
AES192   test passed!
AES256   test passed!
AES-GCM  test passed!
RSA      test passed!
DH       test passed!
DSA      test passed!
PWDBASED test passed!
ECC      test passed!
ECC buffer test passed!
logging  test passed!
mutex    test passed!
memcb    test passed!
Test complete
[SGXSan] ALWAYS: Enter enc_wolfSSL_Init
[SGXSan] ALWAYS: Enter enc_wolfSSL_CTX_free
[SGXSan] ALWAYS: Enter enc_wolfSSL_CTX_load_verify_buffer
[SGXSan] ALWAYS: Enter enc_wolfSSL_CTX_new
[SGXSan] ALWAYS: Enter enc_wolfSSL_CTX_set_cipher_list
[SGXSan] ALWAYS: Enter enc_wolfSSL_CTX_use_PrivateKey_buffer
[SGXSan] ALWAYS: Enter enc_wolfSSL_CTX_use_certificate_buffer
[SGXSan] ALWAYS: Enter enc_wolfSSL_CTX_use_certificate_chain_buffer_format
[SGXSan] ALWAYS: Enter enc_wolfSSL_Cleanup
[SGXSan] ALWAYS: Enter enc_wolfSSL_Debugging_OFF
[SGXSan] ALWAYS: Enter enc_wolfSSL_Debugging_ON
[SGXSan] ALWAYS: Enter enc_wolfSSL_connect
[SGXSan] ALWAYS: Enter enc_wolfSSL_free
[SGXSan] ALWAYS: Enter enc_wolfSSL_get_error
[SGXSan] ALWAYS: Enter enc_wolfSSL_new
[SGXSan] ALWAYS: Enter enc_wolfSSL_read
[SGXSan] ALWAYS: Enter enc_wolfSSL_set_fd
[SGXSan] ALWAYS: Enter enc_wolfSSL_write
[SGXSan] ALWAYS: Enter enc_wolfTLSv1_2_client_method
[SGXSan] ALWAYS: Enter enc_wolfTLSv1_2_server_method
[SGXSan] ALWAYS: Enter wc_benchmark_test
------------------------------------------------------------------------------
 wolfSSL version 5.1.0
------------------------------------------------------------------------------
wolfCrypt Benchmark (block bytes 1048576, min 1.0 sec each)
RNG                 15 MB took 1.160 seconds,   12.934 MB/s
AES-128-CBC-enc     35 MB took 1.045 seconds,   33.490 MB/s
AES-128-CBC-dec     35 MB took 1.143 seconds,   30.614 MB/s
AES-192-CBC-enc     30 MB took 1.044 seconds,   28.749 MB/s
AES-192-CBC-dec     30 MB took 1.147 seconds,   26.157 MB/s
AES-256-CBC-enc     30 MB took 1.178 seconds,   25.458 MB/s
AES-256-CBC-dec     25 MB took 1.031 seconds,   24.255 MB/s
AES-128-GCM-enc     25 MB took 1.043 seconds,   23.966 MB/s
AES-128-GCM-dec     25 MB took 1.053 seconds,   23.750 MB/s
AES-192-GCM-enc     25 MB took 1.200 seconds,   20.836 MB/s
AES-192-GCM-dec     25 MB took 1.218 seconds,   20.533 MB/s
AES-256-GCM-enc     20 MB took 1.023 seconds,   19.548 MB/s
AES-256-GCM-dec     20 MB took 1.051 seconds,   19.032 MB/s
GMAC Table 4-bit    68 MB took 1.008 seconds,   67.478 MB/s
RABBIT              90 MB took 1.013 seconds,   88.882 MB/s
3DES                10 MB took 1.084 seconds,    9.224 MB/s
MD5                305 MB took 1.013 seconds,  301.190 MB/s
SHA                130 MB took 1.014 seconds,  128.239 MB/s
SHA-256             35 MB took 1.124 seconds,   31.134 MB/s
HMAC-MD5           305 MB took 1.013 seconds,  301.088 MB/s
HMAC-SHA           130 MB took 1.007 seconds,  129.078 MB/s
HMAC-SHA256         35 MB took 1.142 seconds,   30.642 MB/s
PBKDF2               4 KB took 1.006 seconds,    3.791 KB/s
RSA     2048 public       1400 ops took 1.030 sec, avg 0.736 ms, 1359.280 ops/sec
RSA     2048 private       100 ops took 3.742 sec, avg 37.420 ms, 26.724 ops/sec
DH      2048 key gen        64 ops took 1.013 sec, avg 15.829 ms, 63.176 ops/sec
DH      2048 agree         100 ops took 1.553 sec, avg 15.526 ms, 64.409 ops/sec
ECC   [      SECP256R1]   256 key gen      1404 ops took 1.001 sec, avg 0.713 ms, 1403.291 ops/sec
ECDHE [      SECP256R1]   256 agree         900 ops took 1.015 sec, avg 1.128 ms, 886.522 ops/sec
ECDSA [      SECP256R1]   256 sign         1200 ops took 1.020 sec, avg 0.850 ms, 1176.663 ops/sec
ECDSA [      SECP256R1]   256 verify        900 ops took 1.082 sec, avg 1.203 ms, 831.532 ops/sec
Benchmark complete
[SGXSan] ALWAYS: Enter wc_test
#2	pulse  ft: 6289 exec/s: 0 rss: 48Mb
Slowest unit: 42 s:
artifact_prefix='./crashes/'; Test unit written to ./crashes/slow-unit-adc83b19e793491b1c6ea0fd8b46cd9f32e592fc
Base64: Cg==
#2	INITED cov: 6289 ft: 6289 corp: 1/1b exec/s: 0 rss: 50Mb
#2	DONE   cov: 6289 ft: 6289 corp: 1/1b lim: 4 exec/s: 0 rss: 50Mb
Done 2 runs in 84 second(s)
stat::number_of_executed_units: 2
stat::average_exec_per_sec:     0
stat::new_units_added:          0
stat::slowest_unit_time_sec:    42
stat::peak_rss_mb:              50
------------------------------------------------------------------------------
 wolfSSL version 5.1.0
------------------------------------------------------------------------------
error    test passed!
MEMORY   test passed!
base64   test passed!
asn      test passed!
RANDOM   test passed!
MD5      test passed!
MD4      test passed!
SHA      test passed!
SHA-256  test passed!
Hash     test passed!
HMAC-MD5 test passed!
HMAC-SHA test passed!
HMAC-SHA256 test passed!
GMAC     test passed!
HC-128   test passed!
Rabbit   test passed!
DES      test passed!
DES3     test passed!
AES      test passed!
AES192   test passed!
AES256   test passed!
AES-GCM  test passed!
RSA      test passed!
DH       test passed!
DSA      test passed!
PWDBASED test passed!
ECC      test passed!
ECC buffer test passed!
logging  test passed!
mutex    test passed!
memcb    test failed!
 error = -13803
