WARNING: Failed to find function "__sanitizer_acquire_crash_state".
WARNING: Failed to find function "__sanitizer_print_stack_trace".
WARNING: Failed to find function "__sanitizer_set_death_callback".
[2023-01-15 17:07:31.713] [Init] Num of ECall: 22
[2023-01-15 17:07:31.713] ECalls:
  0 - fuzz_enc_wolfSSL_CTX_free
  1 - fuzz_enc_wolfSSL_CTX_load_verify_buffer
  2 - fuzz_enc_wolfSSL_CTX_new
  3 - fuzz_enc_wolfSSL_CTX_set_cipher_list
  4 - fuzz_enc_wolfSSL_CTX_use_PrivateKey_buffer
  5 - fuzz_enc_wolfSSL_CTX_use_certificate_buffer
  6 - fuzz_enc_wolfSSL_CTX_use_certificate_chain_buffer_format
  7 - fuzz_enc_wolfSSL_Cleanup
  8 - fuzz_enc_wolfSSL_Debugging_OFF
  9 - fuzz_enc_wolfSSL_Debugging_ON
  10 - fuzz_enc_wolfSSL_Init
  11 - fuzz_enc_wolfSSL_connect
  12 - fuzz_enc_wolfSSL_free
  13 - fuzz_enc_wolfSSL_get_error
  14 - fuzz_enc_wolfSSL_new
  15 - fuzz_enc_wolfSSL_read
  16 - fuzz_enc_wolfSSL_set_fd
  17 - fuzz_enc_wolfSSL_write
  18 - fuzz_enc_wolfTLSv1_2_client_method
  19 - fuzz_enc_wolfTLSv1_2_server_method
  20 - fuzz_wc_benchmark_test
  21 - fuzz_wc_test

INFO: found LLVMFuzzerCustomMutator (0x44ac30). Disabling -len_control by default.
INFO: libFuzzer ignores flags that start with '--'
INFO: Running with entropic power schedule (0xFF, 100).
INFO: Seed: 2832335989
INFO: Loaded 1 modules   (291 inline 8-bit counters): 291 [0x4cb7e8, 0x4cb90b), 
INFO: Loaded 1 PC tables (291 PCs): 291 [0x4cb910,0x4ccb40), 
INFO:        0 files found in /tmp/libFuzzerTemp.FuzzWithFork422940.dir/C63
[SGXSan] ALWAYS: Hook __sanitizer_cov_8bit_counters_init of Enclave, 21636 inline 8-bit counts [0x7f75d10519c0, 0x7f75d1056e44) (First time)
[SGXSan] ALWAYS: Hook __sanitizer_cov_pcs_init of Enclave, 21636 PCs [0x7f75d1056e48, 0x7f75d10ab688) (First time)
[SGXSan] ALWAYS: Enter enc_wolfSSL_CTX_free
[SGXSan] ALWAYS: Enter enc_wolfSSL_CTX_load_verify_buffer
[SGXSan] ALWAYS: Enter enc_wolfSSL_CTX_new
[SGXSan] ALWAYS: Enter enc_wolfSSL_CTX_set_cipher_list
[SGXSan] ALWAYS: Enter enc_wolfSSL_CTX_use_PrivateKey_buffer
[SGXSan] ALWAYS: Enter enc_wolfSSL_CTX_use_certificate_buffer
[SGXSan] ALWAYS: Enter enc_wolfSSL_CTX_use_certificate_chain_buffer_format
[SGXSan] ALWAYS: Enter enc_wolfSSL_Cleanup
[SGXSan] ALWAYS: Enter enc_wolfSSL_Debugging_OFF
[SGXSan] ALWAYS: Enter enc_wolfSSL_Debugging_ON
[SGXSan] ALWAYS: Enter enc_wolfSSL_Init
[SGXSan] ALWAYS: Enter enc_wolfSSL_connect
[SGXSan] ALWAYS: Enter enc_wolfSSL_free
[SGXSan] ALWAYS: Enter enc_wolfSSL_get_error
[SGXSan] ALWAYS: Enter enc_wolfSSL_new
[SGXSan] ALWAYS: Enter enc_wolfSSL_read
[SGXSan] ALWAYS: Enter enc_wolfSSL_set_fd
[SGXSan] ALWAYS: Enter enc_wolfSSL_write
[SGXSan] ALWAYS: Enter enc_wolfTLSv1_2_client_method
[SGXSan] ALWAYS: Enter enc_wolfTLSv1_2_server_method
[SGXSan] ALWAYS: Enter wc_benchmark_test
------------------------------------------------------------------------------
 wolfSSL version 5.1.0
------------------------------------------------------------------------------
wolfCrypt Benchmark (block bytes 1048576, min 1.0 sec each)
RNG                 15 MB took 1.140 seconds,   13.164 MB/s
AES-128-CBC-enc     35 MB took 1.063 seconds,   32.918 MB/s
AES-128-CBC-dec     30 MB took 1.012 seconds,   29.657 MB/s
AES-192-CBC-enc     30 MB took 1.065 seconds,   28.162 MB/s
AES-192-CBC-dec     30 MB took 1.127 seconds,   26.629 MB/s
AES-256-CBC-enc     30 MB took 1.164 seconds,   25.777 MB/s
AES-256-CBC-dec     25 MB took 1.027 seconds,   24.346 MB/s
AES-128-GCM-enc     25 MB took 1.055 seconds,   23.702 MB/s
AES-128-GCM-dec     25 MB took 1.038 seconds,   24.077 MB/s
AES-192-GCM-enc     25 MB took 1.165 seconds,   21.462 MB/s
AES-192-GCM-dec     25 MB took 1.168 seconds,   21.401 MB/s
AES-256-GCM-enc     20 MB took 1.009 seconds,   19.818 MB/s
AES-256-GCM-dec     20 MB took 1.036 seconds,   19.314 MB/s
GMAC Table 4-bit    67 MB took 1.001 seconds,   66.910 MB/s
RABBIT              90 MB took 1.008 seconds,   89.297 MB/s
3DES                10 MB took 1.122 seconds,    8.912 MB/s
MD5                300 MB took 1.008 seconds,  297.738 MB/s
SHA                125 MB took 1.021 seconds,  122.370 MB/s
SHA-256             35 MB took 1.148 seconds,   30.479 MB/s
HMAC-MD5           305 MB took 1.014 seconds,  300.900 MB/s
HMAC-SHA           130 MB took 1.002 seconds,  129.799 MB/s
HMAC-SHA256         35 MB took 1.118 seconds,   31.300 MB/s
PBKDF2               4 KB took 1.000 seconds,    3.750 KB/s
RSA     2048 public       1500 ops took 1.066 sec, avg 0.711 ms, 1406.619 ops/sec
RSA     2048 private       100 ops took 3.683 sec, avg 36.827 ms, 27.154 ops/sec
DH      2048 key gen        64 ops took 1.013 sec, avg 15.828 ms, 63.178 ops/sec
DH      2048 agree         100 ops took 1.583 sec, avg 15.833 ms, 63.158 ops/sec
ECC   [      SECP256R1]   256 key gen      1393 ops took 1.000 sec, avg 0.718 ms, 1392.684 ops/sec
ECDHE [      SECP256R1]   256 agree        1000 ops took 1.100 sec, avg 1.100 ms, 909.365 ops/sec
ECDSA [      SECP256R1]   256 sign         1200 ops took 1.024 sec, avg 0.853 ms, 1172.280 ops/sec
ECDSA [      SECP256R1]   256 verify        900 ops took 1.029 sec, avg 1.144 ms, 874.471 ops/sec
Benchmark complete
[SGXSan] ALWAYS: Enter wc_test
INFO: A corpus is not provided, starting from an empty corpus
------------------------------------------------------------------------------
 wolfSSL version 5.1.0
------------------------------------------------------------------------------
error    test passed!
MEMORY   test passed!
base64   test passed!
asn      test passed!
RANDOM   test passed!
MD5      test passed!
MD4      test passed!
SHA      test passed!
SHA-256  test passed!
Hash     test passed!
HMAC-MD5 test passed!
HMAC-SHA test passed!
HMAC-SHA256 test passed!
GMAC     test passed!
HC-128   test passed!
Rabbit   test passed!
DES      test passed!
DES3     test passed!
AES      test passed!
AES192   test passed!
AES256   test passed!
AES-GCM  test passed!
RSA      test passed!
DH       test passed!
DSA      test passed!
PWDBASED test passed!
ECC      test passed!
ECC buffer test passed!
logging  test passed!
mutex    test passed!
memcb    test passed!
Test complete
[SGXSan] ALWAYS: Enter enc_wolfSSL_Init
[SGXSan] ALWAYS: Enter enc_wolfSSL_CTX_free
[SGXSan] ALWAYS: Enter enc_wolfSSL_CTX_load_verify_buffer
[SGXSan] ALWAYS: Enter enc_wolfSSL_CTX_new
[SGXSan] ALWAYS: Enter enc_wolfSSL_CTX_set_cipher_list
[SGXSan] ALWAYS: Enter enc_wolfSSL_CTX_use_PrivateKey_buffer
[SGXSan] ALWAYS: Enter enc_wolfSSL_CTX_use_certificate_buffer
[SGXSan] ALWAYS: Enter enc_wolfSSL_CTX_use_certificate_chain_buffer_format
[SGXSan] ALWAYS: Enter enc_wolfSSL_Cleanup
[SGXSan] ALWAYS: Enter enc_wolfSSL_Debugging_OFF
[SGXSan] ALWAYS: Enter enc_wolfSSL_Debugging_ON
[SGXSan] ALWAYS: Enter enc_wolfSSL_connect
[SGXSan] ALWAYS: Enter enc_wolfSSL_free
[SGXSan] ALWAYS: Enter enc_wolfSSL_get_error
[SGXSan] ALWAYS: Enter enc_wolfSSL_new
[SGXSan] ALWAYS: Enter enc_wolfSSL_read
[SGXSan] ALWAYS: Enter enc_wolfSSL_set_fd
[SGXSan] ALWAYS: Enter enc_wolfSSL_write
[SGXSan] ALWAYS: Enter enc_wolfTLSv1_2_client_method
[SGXSan] ALWAYS: Enter enc_wolfTLSv1_2_server_method
[SGXSan] ALWAYS: Enter wc_benchmark_test
------------------------------------------------------------------------------
 wolfSSL version 5.1.0
------------------------------------------------------------------------------
wolfCrypt Benchmark (block bytes 1048576, min 1.0 sec each)
RNG                 15 MB took 1.127 seconds,   13.306 MB/s
AES-128-CBC-enc     35 MB took 1.074 seconds,   32.592 MB/s
AES-128-CBC-dec     35 MB took 1.162 seconds,   30.116 MB/s
AES-192-CBC-enc     30 MB took 1.098 seconds,   27.325 MB/s
AES-192-CBC-dec     30 MB took 1.148 seconds,   26.122 MB/s
AES-256-CBC-enc     25 MB took 1.020 seconds,   24.518 MB/s
AES-256-CBC-dec     25 MB took 1.060 seconds,   23.591 MB/s
AES-128-GCM-enc     25 MB took 1.056 seconds,   23.668 MB/s
AES-128-GCM-dec     25 MB took 1.038 seconds,   24.078 MB/s
AES-192-GCM-enc     25 MB took 1.174 seconds,   21.290 MB/s
AES-192-GCM-dec     25 MB took 1.170 seconds,   21.364 MB/s
AES-256-GCM-enc     20 MB took 1.003 seconds,   19.940 MB/s
AES-256-GCM-dec     20 MB took 1.014 seconds,   19.723 MB/s
GMAC Table 4-bit    67 MB took 1.000 seconds,   66.992 MB/s
RABBIT              95 MB took 1.032 seconds,   92.055 MB/s
3DES                10 MB took 1.093 seconds,    9.151 MB/s
MD5                300 MB took 1.005 seconds,  298.581 MB/s
SHA                130 MB took 1.026 seconds,  126.739 MB/s
SHA-256             35 MB took 1.156 seconds,   30.265 MB/s
HMAC-MD5           300 MB took 1.005 seconds,  298.555 MB/s
HMAC-SHA           125 MB took 1.000 seconds,  124.992 MB/s
HMAC-SHA256         35 MB took 1.161 seconds,   30.137 MB/s
PBKDF2               4 KB took 1.003 seconds,    3.768 KB/s
RSA     2048 public       1400 ops took 1.018 sec, avg 0.727 ms, 1375.674 ops/sec
RSA     2048 private       100 ops took 3.794 sec, avg 37.942 ms, 26.356 ops/sec
DH      2048 key gen        64 ops took 1.011 sec, avg 15.797 ms, 63.301 ops/sec
DH      2048 agree         100 ops took 1.596 sec, avg 15.965 ms, 62.638 ops/sec
ECC   [      SECP256R1]   256 key gen      1386 ops took 1.000 sec, avg 0.722 ms, 1385.540 ops/sec
ECDHE [      SECP256R1]   256 agree        1000 ops took 1.097 sec, avg 1.097 ms, 911.383 ops/sec
ECDSA [      SECP256R1]   256 sign         1300 ops took 1.079 sec, avg 0.830 ms, 1204.565 ops/sec
ECDSA [      SECP256R1]   256 verify        900 ops took 1.023 sec, avg 1.137 ms, 879.569 ops/sec
Benchmark complete
[SGXSan] ALWAYS: Enter wc_test
#2	pulse  ft: 6287 exec/s: 0 rss: 48Mb
Slowest unit: 42 s:
artifact_prefix='./crashes/'; Test unit written to ./crashes/slow-unit-adc83b19e793491b1c6ea0fd8b46cd9f32e592fc
Base64: Cg==
#2	INITED cov: 6287 ft: 6287 corp: 1/1b exec/s: 0 rss: 49Mb
#2	DONE   cov: 6287 ft: 6287 corp: 1/1b lim: 4 exec/s: 0 rss: 49Mb
Done 2 runs in 84 second(s)
stat::number_of_executed_units: 2
stat::average_exec_per_sec:     0
stat::new_units_added:          0
stat::slowest_unit_time_sec:    42
stat::peak_rss_mb:              49
------------------------------------------------------------------------------
 wolfSSL version 5.1.0
------------------------------------------------------------------------------
error    test passed!
MEMORY   test passed!
base64   test passed!
asn      test passed!
RANDOM   test passed!
MD5      test passed!
MD4      test passed!
SHA      test passed!
SHA-256  test passed!
Hash     test passed!
HMAC-MD5 test passed!
HMAC-SHA test passed!
HMAC-SHA256 test passed!
GMAC     test passed!
HC-128   test passed!
Rabbit   test passed!
DES      test passed!
DES3     test passed!
AES      test passed!
AES192   test passed!
AES256   test passed!
AES-GCM  test passed!
RSA      test passed!
DH       test passed!
DSA      test passed!
PWDBASED test passed!
ECC      test passed!
ECC buffer test passed!
logging  test passed!
mutex    test passed!
memcb    test failed!
 error = -13803
