WARNING: Failed to find function "__sanitizer_acquire_crash_state".
WARNING: Failed to find function "__sanitizer_print_stack_trace".
WARNING: Failed to find function "__sanitizer_set_death_callback".
[2023-01-15 17:08:48.014] [Init] Num of ECall: 22
[2023-01-15 17:08:48.014] ECalls:
  0 - fuzz_enc_wolfSSL_CTX_free
  1 - fuzz_enc_wolfSSL_CTX_load_verify_buffer
  2 - fuzz_enc_wolfSSL_CTX_new
  3 - fuzz_enc_wolfSSL_CTX_set_cipher_list
  4 - fuzz_enc_wolfSSL_CTX_use_PrivateKey_buffer
  5 - fuzz_enc_wolfSSL_CTX_use_certificate_buffer
  6 - fuzz_enc_wolfSSL_CTX_use_certificate_chain_buffer_format
  7 - fuzz_enc_wolfSSL_Cleanup
  8 - fuzz_enc_wolfSSL_Debugging_OFF
  9 - fuzz_enc_wolfSSL_Debugging_ON
  10 - fuzz_enc_wolfSSL_Init
  11 - fuzz_enc_wolfSSL_connect
  12 - fuzz_enc_wolfSSL_free
  13 - fuzz_enc_wolfSSL_get_error
  14 - fuzz_enc_wolfSSL_new
  15 - fuzz_enc_wolfSSL_read
  16 - fuzz_enc_wolfSSL_set_fd
  17 - fuzz_enc_wolfSSL_write
  18 - fuzz_enc_wolfTLSv1_2_client_method
  19 - fuzz_enc_wolfTLSv1_2_server_method
  20 - fuzz_wc_benchmark_test
  21 - fuzz_wc_test

INFO: found LLVMFuzzerCustomMutator (0x44ac30). Disabling -len_control by default.
INFO: libFuzzer ignores flags that start with '--'
INFO: Running with entropic power schedule (0xFF, 100).
INFO: Seed: 1824427675
INFO: Loaded 1 modules   (291 inline 8-bit counters): 291 [0x4cb7e8, 0x4cb90b), 
INFO: Loaded 1 PC tables (291 PCs): 291 [0x4cb910,0x4ccb40), 
INFO:        0 files found in /tmp/libFuzzerTemp.FuzzWithFork422940.dir/C64
[SGXSan] ALWAYS: Hook __sanitizer_cov_8bit_counters_init of Enclave, 21636 inline 8-bit counts [0x7f64d37109c0, 0x7f64d3715e44) (First time)
[SGXSan] ALWAYS: Hook __sanitizer_cov_pcs_init of Enclave, 21636 PCs [0x7f64d3715e48, 0x7f64d376a688) (First time)
[SGXSan] ALWAYS: Enter enc_wolfSSL_CTX_free
[SGXSan] ALWAYS: Enter enc_wolfSSL_CTX_load_verify_buffer
[SGXSan] ALWAYS: Enter enc_wolfSSL_CTX_new
[SGXSan] ALWAYS: Enter enc_wolfSSL_CTX_set_cipher_list
[SGXSan] ALWAYS: Enter enc_wolfSSL_CTX_use_PrivateKey_buffer
[SGXSan] ALWAYS: Enter enc_wolfSSL_CTX_use_certificate_buffer
[SGXSan] ALWAYS: Enter enc_wolfSSL_CTX_use_certificate_chain_buffer_format
[SGXSan] ALWAYS: Enter enc_wolfSSL_Cleanup
[SGXSan] ALWAYS: Enter enc_wolfSSL_Debugging_OFF
[SGXSan] ALWAYS: Enter enc_wolfSSL_Debugging_ON
[SGXSan] ALWAYS: Enter enc_wolfSSL_Init
[SGXSan] ALWAYS: Enter enc_wolfSSL_connect
[SGXSan] ALWAYS: Enter enc_wolfSSL_free
[SGXSan] ALWAYS: Enter enc_wolfSSL_get_error
[SGXSan] ALWAYS: Enter enc_wolfSSL_new
[SGXSan] ALWAYS: Enter enc_wolfSSL_read
[SGXSan] ALWAYS: Enter enc_wolfSSL_set_fd
[SGXSan] ALWAYS: Enter enc_wolfSSL_write
[SGXSan] ALWAYS: Enter enc_wolfTLSv1_2_client_method
[SGXSan] ALWAYS: Enter enc_wolfTLSv1_2_server_method
[SGXSan] ALWAYS: Enter wc_benchmark_test
------------------------------------------------------------------------------
 wolfSSL version 5.1.0
------------------------------------------------------------------------------
wolfCrypt Benchmark (block bytes 1048576, min 1.0 sec each)
RNG                 15 MB took 1.118 seconds,   13.414 MB/s
AES-128-CBC-enc     35 MB took 1.043 seconds,   33.572 MB/s
AES-128-CBC-dec     30 MB took 1.181 seconds,   25.393 MB/s
AES-192-CBC-enc     30 MB took 1.078 seconds,   27.824 MB/s
AES-192-CBC-dec     30 MB took 1.136 seconds,   26.407 MB/s
AES-256-CBC-enc     30 MB took 1.162 seconds,   25.825 MB/s
AES-256-CBC-dec     25 MB took 1.022 seconds,   24.463 MB/s
AES-128-GCM-enc     25 MB took 1.056 seconds,   23.679 MB/s
AES-128-GCM-dec     25 MB took 1.075 seconds,   23.255 MB/s
AES-192-GCM-enc     20 MB took 1.232 seconds,   16.229 MB/s
AES-192-GCM-dec     25 MB took 1.173 seconds,   21.315 MB/s
AES-256-GCM-enc     20 MB took 1.026 seconds,   19.490 MB/s
AES-256-GCM-dec     20 MB took 1.043 seconds,   19.184 MB/s
GMAC Table 4-bit    68 MB took 1.003 seconds,   67.821 MB/s
RABBIT              90 MB took 1.008 seconds,   89.259 MB/s
3DES                10 MB took 1.349 seconds,    7.414 MB/s
MD5                310 MB took 1.014 seconds,  305.858 MB/s
SHA                110 MB took 1.056 seconds,  104.173 MB/s
SHA-256             30 MB took 1.049 seconds,   28.589 MB/s
HMAC-MD5           305 MB took 1.008 seconds,  302.617 MB/s
HMAC-SHA           130 MB took 1.023 seconds,  127.066 MB/s
HMAC-SHA256         35 MB took 1.141 seconds,   30.671 MB/s
PBKDF2               4 KB took 1.008 seconds,    3.658 KB/s
RSA     2048 public       1400 ops took 1.030 sec, avg 0.736 ms, 1358.816 ops/sec
RSA     2048 private       100 ops took 3.747 sec, avg 37.465 ms, 26.691 ops/sec
DH      2048 key gen        63 ops took 1.014 sec, avg 16.098 ms, 62.120 ops/sec
DH      2048 agree         100 ops took 1.572 sec, avg 15.721 ms, 63.609 ops/sec
ECC   [      SECP256R1]   256 key gen      1372 ops took 1.000 sec, avg 0.729 ms, 1371.709 ops/sec
ECDHE [      SECP256R1]   256 agree         900 ops took 1.000 sec, avg 1.112 ms, 899.638 ops/sec
ECDSA [      SECP256R1]   256 sign         1200 ops took 1.027 sec, avg 0.856 ms, 1168.626 ops/sec
ECDSA [      SECP256R1]   256 verify        900 ops took 1.076 sec, avg 1.196 ms, 836.139 ops/sec
Benchmark complete
[SGXSan] ALWAYS: Enter wc_test
INFO: A corpus is not provided, starting from an empty corpus
------------------------------------------------------------------------------
 wolfSSL version 5.1.0
------------------------------------------------------------------------------
error    test passed!
MEMORY   test passed!
base64   test passed!
asn      test passed!
RANDOM   test passed!
MD5      test passed!
MD4      test passed!
SHA      test passed!
SHA-256  test passed!
Hash     test passed!
HMAC-MD5 test passed!
HMAC-SHA test passed!
HMAC-SHA256 test passed!
GMAC     test passed!
HC-128   test passed!
Rabbit   test passed!
DES      test passed!
DES3     test passed!
AES      test passed!
AES192   test passed!
AES256   test passed!
AES-GCM  test passed!
RSA      test passed!
DH       test passed!
DSA      test passed!
PWDBASED test passed!
ECC      test passed!
ECC buffer test passed!
logging  test passed!
mutex    test passed!
memcb    test passed!
Test complete
[SGXSan] ALWAYS: Enter enc_wolfSSL_Init
[SGXSan] ALWAYS: Enter enc_wolfSSL_CTX_free
[SGXSan] ALWAYS: Enter enc_wolfSSL_CTX_load_verify_buffer
[SGXSan] ALWAYS: Enter enc_wolfSSL_CTX_new
[SGXSan] ALWAYS: Enter enc_wolfSSL_CTX_set_cipher_list
[SGXSan] ALWAYS: Enter enc_wolfSSL_CTX_use_PrivateKey_buffer
[SGXSan] ALWAYS: Enter enc_wolfSSL_CTX_use_certificate_buffer
[SGXSan] ALWAYS: Enter enc_wolfSSL_CTX_use_certificate_chain_buffer_format
[SGXSan] ALWAYS: Enter enc_wolfSSL_Cleanup
[SGXSan] ALWAYS: Enter enc_wolfSSL_Debugging_OFF
[SGXSan] ALWAYS: Enter enc_wolfSSL_Debugging_ON
[SGXSan] ALWAYS: Enter enc_wolfSSL_connect
[SGXSan] ALWAYS: Enter enc_wolfSSL_free
[SGXSan] ALWAYS: Enter enc_wolfSSL_get_error
[SGXSan] ALWAYS: Enter enc_wolfSSL_new
[SGXSan] ALWAYS: Enter enc_wolfSSL_read
[SGXSan] ALWAYS: Enter enc_wolfSSL_set_fd
[SGXSan] ALWAYS: Enter enc_wolfSSL_write
[SGXSan] ALWAYS: Enter enc_wolfTLSv1_2_client_method
[SGXSan] ALWAYS: Enter enc_wolfTLSv1_2_server_method
[SGXSan] ALWAYS: Enter wc_benchmark_test
------------------------------------------------------------------------------
 wolfSSL version 5.1.0
------------------------------------------------------------------------------
wolfCrypt Benchmark (block bytes 1048576, min 1.0 sec each)
RNG                 15 MB took 1.118 seconds,   13.420 MB/s
AES-128-CBC-enc     35 MB took 1.067 seconds,   32.805 MB/s
AES-128-CBC-dec     35 MB took 1.134 seconds,   30.872 MB/s
AES-192-CBC-enc     30 MB took 1.062 seconds,   28.239 MB/s
AES-192-CBC-dec     30 MB took 1.173 seconds,   25.578 MB/s
AES-256-CBC-enc     25 MB took 1.010 seconds,   24.742 MB/s
AES-256-CBC-dec     25 MB took 1.056 seconds,   23.678 MB/s
AES-128-GCM-enc     25 MB took 1.068 seconds,   23.400 MB/s
AES-128-GCM-dec     25 MB took 1.055 seconds,   23.696 MB/s
AES-192-GCM-enc     25 MB took 1.196 seconds,   20.897 MB/s
AES-192-GCM-dec     25 MB took 1.169 seconds,   21.382 MB/s
AES-256-GCM-enc     20 MB took 1.033 seconds,   19.363 MB/s
AES-256-GCM-dec     20 MB took 1.015 seconds,   19.701 MB/s
GMAC Table 4-bit    52 MB took 1.010 seconds,   51.488 MB/s
RABBIT              95 MB took 1.046 seconds,   90.784 MB/s
3DES                10 MB took 1.110 seconds,    9.008 MB/s
MD5                300 MB took 1.002 seconds,  299.499 MB/s
SHA                130 MB took 1.023 seconds,  127.025 MB/s
SHA-256             35 MB took 1.122 seconds,   31.201 MB/s
HMAC-MD5           310 MB took 1.015 seconds,  305.510 MB/s
HMAC-SHA           130 MB took 1.016 seconds,  127.984 MB/s
HMAC-SHA256         35 MB took 1.125 seconds,   31.116 MB/s
PBKDF2               4 KB took 1.005 seconds,    3.795 KB/s
RSA     2048 public       1500 ops took 1.061 sec, avg 0.707 ms, 1414.343 ops/sec
RSA     2048 private       100 ops took 3.693 sec, avg 36.932 ms, 27.077 ops/sec
DH      2048 key gen        65 ops took 1.014 sec, avg 15.605 ms, 64.081 ops/sec
DH      2048 agree         100 ops took 1.559 sec, avg 15.591 ms, 64.139 ops/sec
ECC   [      SECP256R1]   256 key gen      1195 ops took 1.000 sec, avg 0.837 ms, 1194.573 ops/sec
ECDHE [      SECP256R1]   256 agree         900 ops took 1.021 sec, avg 1.135 ms, 881.063 ops/sec
ECDSA [      SECP256R1]   256 sign         1200 ops took 1.013 sec, avg 0.844 ms, 1185.122 ops/sec
ECDSA [      SECP256R1]   256 verify        900 ops took 1.061 sec, avg 1.178 ms, 848.614 ops/sec
Benchmark complete
[SGXSan] ALWAYS: Enter wc_test
#2	pulse  ft: 6289 exec/s: 0 rss: 48Mb
Slowest unit: 42 s:
artifact_prefix='./crashes/'; Test unit written to ./crashes/slow-unit-adc83b19e793491b1c6ea0fd8b46cd9f32e592fc
Base64: Cg==
#2	INITED cov: 6289 ft: 6289 corp: 1/1b exec/s: 0 rss: 49Mb
#2	DONE   cov: 6289 ft: 6289 corp: 1/1b lim: 4 exec/s: 0 rss: 49Mb
Done 2 runs in 84 second(s)
stat::number_of_executed_units: 2
stat::average_exec_per_sec:     0
stat::new_units_added:          0
stat::slowest_unit_time_sec:    42
stat::peak_rss_mb:              49
------------------------------------------------------------------------------
 wolfSSL version 5.1.0
------------------------------------------------------------------------------
error    test passed!
MEMORY   test passed!
base64   test passed!
asn      test passed!
RANDOM   test passed!
MD5      test passed!
MD4      test passed!
SHA      test passed!
SHA-256  test passed!
Hash     test passed!
HMAC-MD5 test passed!
HMAC-SHA test passed!
HMAC-SHA256 test passed!
GMAC     test passed!
HC-128   test passed!
Rabbit   test passed!
DES      test passed!
DES3     test passed!
AES      test passed!
AES192   test passed!
AES256   test passed!
AES-GCM  test passed!
RSA      test passed!
DH       test passed!
DSA      test passed!
PWDBASED test passed!
ECC      test passed!
ECC buffer test passed!
logging  test passed!
mutex    test passed!
memcb    test failed!
 error = -13803
