WARNING: Failed to find function "__sanitizer_acquire_crash_state".
WARNING: Failed to find function "__sanitizer_print_stack_trace".
WARNING: Failed to find function "__sanitizer_set_death_callback".
[2023-01-15 17:08:50.671] [Init] Num of ECall: 22
[2023-01-15 17:08:50.671] ECalls:
  0 - fuzz_enc_wolfSSL_CTX_free
  1 - fuzz_enc_wolfSSL_CTX_load_verify_buffer
  2 - fuzz_enc_wolfSSL_CTX_new
  3 - fuzz_enc_wolfSSL_CTX_set_cipher_list
  4 - fuzz_enc_wolfSSL_CTX_use_PrivateKey_buffer
  5 - fuzz_enc_wolfSSL_CTX_use_certificate_buffer
  6 - fuzz_enc_wolfSSL_CTX_use_certificate_chain_buffer_format
  7 - fuzz_enc_wolfSSL_Cleanup
  8 - fuzz_enc_wolfSSL_Debugging_OFF
  9 - fuzz_enc_wolfSSL_Debugging_ON
  10 - fuzz_enc_wolfSSL_Init
  11 - fuzz_enc_wolfSSL_connect
  12 - fuzz_enc_wolfSSL_free
  13 - fuzz_enc_wolfSSL_get_error
  14 - fuzz_enc_wolfSSL_new
  15 - fuzz_enc_wolfSSL_read
  16 - fuzz_enc_wolfSSL_set_fd
  17 - fuzz_enc_wolfSSL_write
  18 - fuzz_enc_wolfTLSv1_2_client_method
  19 - fuzz_enc_wolfTLSv1_2_server_method
  20 - fuzz_wc_benchmark_test
  21 - fuzz_wc_test

INFO: found LLVMFuzzerCustomMutator (0x44ac30). Disabling -len_control by default.
INFO: libFuzzer ignores flags that start with '--'
INFO: Running with entropic power schedule (0xFF, 100).
INFO: Seed: 186170669
INFO: Loaded 1 modules   (291 inline 8-bit counters): 291 [0x4cb7e8, 0x4cb90b), 
INFO: Loaded 1 PC tables (291 PCs): 291 [0x4cb910,0x4ccb40), 
INFO:        0 files found in /tmp/libFuzzerTemp.FuzzWithFork422940.dir/C65
[SGXSan] ALWAYS: Hook __sanitizer_cov_8bit_counters_init of Enclave, 21636 inline 8-bit counts [0x7f09b3e4c9c0, 0x7f09b3e51e44) (First time)
[SGXSan] ALWAYS: Hook __sanitizer_cov_pcs_init of Enclave, 21636 PCs [0x7f09b3e51e48, 0x7f09b3ea6688) (First time)
[SGXSan] ALWAYS: Enter enc_wolfSSL_CTX_free
[SGXSan] ALWAYS: Enter enc_wolfSSL_CTX_load_verify_buffer
[SGXSan] ALWAYS: Enter enc_wolfSSL_CTX_new
[SGXSan] ALWAYS: Enter enc_wolfSSL_CTX_set_cipher_list
[SGXSan] ALWAYS: Enter enc_wolfSSL_CTX_use_PrivateKey_buffer
[SGXSan] ALWAYS: Enter enc_wolfSSL_CTX_use_certificate_buffer
[SGXSan] ALWAYS: Enter enc_wolfSSL_CTX_use_certificate_chain_buffer_format
[SGXSan] ALWAYS: Enter enc_wolfSSL_Cleanup
[SGXSan] ALWAYS: Enter enc_wolfSSL_Debugging_OFF
[SGXSan] ALWAYS: Enter enc_wolfSSL_Debugging_ON
[SGXSan] ALWAYS: Enter enc_wolfSSL_Init
[SGXSan] ALWAYS: Enter enc_wolfSSL_connect
[SGXSan] ALWAYS: Enter enc_wolfSSL_free
[SGXSan] ALWAYS: Enter enc_wolfSSL_get_error
[SGXSan] ALWAYS: Enter enc_wolfSSL_new
[SGXSan] ALWAYS: Enter enc_wolfSSL_read
[SGXSan] ALWAYS: Enter enc_wolfSSL_set_fd
[SGXSan] ALWAYS: Enter enc_wolfSSL_write
[SGXSan] ALWAYS: Enter enc_wolfTLSv1_2_client_method
[SGXSan] ALWAYS: Enter enc_wolfTLSv1_2_server_method
[SGXSan] ALWAYS: Enter wc_benchmark_test
------------------------------------------------------------------------------
 wolfSSL version 5.1.0
------------------------------------------------------------------------------
wolfCrypt Benchmark (block bytes 1048576, min 1.0 sec each)
RNG                 15 MB took 1.144 seconds,   13.112 MB/s
AES-128-CBC-enc     35 MB took 1.061 seconds,   32.979 MB/s
AES-128-CBC-dec     35 MB took 1.138 seconds,   30.749 MB/s
AES-192-CBC-enc     30 MB took 1.040 seconds,   28.851 MB/s
AES-192-CBC-dec     30 MB took 1.126 seconds,   26.643 MB/s
AES-256-CBC-enc     30 MB took 1.170 seconds,   25.635 MB/s
AES-256-CBC-dec     25 MB took 1.067 seconds,   23.429 MB/s
AES-128-GCM-enc     25 MB took 1.063 seconds,   23.509 MB/s
AES-128-GCM-dec     25 MB took 1.051 seconds,   23.782 MB/s
AES-192-GCM-enc     25 MB took 1.193 seconds,   20.949 MB/s
AES-192-GCM-dec     25 MB took 1.189 seconds,   21.023 MB/s
AES-256-GCM-enc     20 MB took 1.033 seconds,   19.360 MB/s
AES-256-GCM-dec     20 MB took 1.024 seconds,   19.525 MB/s
GMAC Table 4-bit    69 MB took 1.006 seconds,   68.566 MB/s
RABBIT              95 MB took 1.034 seconds,   91.850 MB/s
3DES                10 MB took 1.095 seconds,    9.130 MB/s
MD5                305 MB took 1.000 seconds,  304.886 MB/s
SHA                130 MB took 1.014 seconds,  128.208 MB/s
SHA-256             35 MB took 1.146 seconds,   30.530 MB/s
HMAC-MD5           300 MB took 1.010 seconds,  297.038 MB/s
HMAC-SHA           125 MB took 1.017 seconds,  122.879 MB/s
HMAC-SHA256         35 MB took 1.141 seconds,   30.663 MB/s
PBKDF2               4 KB took 1.008 seconds,    3.690 KB/s
RSA     2048 public       1400 ops took 1.015 sec, avg 0.725 ms, 1378.823 ops/sec
RSA     2048 private       100 ops took 3.723 sec, avg 37.228 ms, 26.862 ops/sec
DH      2048 key gen        64 ops took 1.000 sec, avg 15.627 ms, 63.993 ops/sec
DH      2048 agree         100 ops took 1.571 sec, avg 15.714 ms, 63.639 ops/sec
ECC   [      SECP256R1]   256 key gen      1375 ops took 1.000 sec, avg 0.728 ms, 1374.424 ops/sec
ECDHE [      SECP256R1]   256 agree         900 ops took 1.026 sec, avg 1.140 ms, 876.866 ops/sec
ECDSA [      SECP256R1]   256 sign         1200 ops took 1.019 sec, avg 0.849 ms, 1178.115 ops/sec
ECDSA [      SECP256R1]   256 verify        900 ops took 1.040 sec, avg 1.155 ms, 865.474 ops/sec
Benchmark complete
[SGXSan] ALWAYS: Enter wc_test
INFO: A corpus is not provided, starting from an empty corpus
------------------------------------------------------------------------------
 wolfSSL version 5.1.0
------------------------------------------------------------------------------
error    test passed!
MEMORY   test passed!
base64   test passed!
asn      test passed!
RANDOM   test passed!
MD5      test passed!
MD4      test passed!
SHA      test passed!
SHA-256  test passed!
Hash     test passed!
HMAC-MD5 test passed!
HMAC-SHA test passed!
HMAC-SHA256 test passed!
GMAC     test passed!
HC-128   test passed!
Rabbit   test passed!
DES      test passed!
DES3     test passed!
AES      test passed!
AES192   test passed!
AES256   test passed!
AES-GCM  test passed!
RSA      test passed!
DH       test passed!
DSA      test passed!
PWDBASED test passed!
ECC      test passed!
ECC buffer test passed!
logging  test passed!
mutex    test passed!
memcb    test passed!
Test complete
[SGXSan] ALWAYS: Enter enc_wolfSSL_Init
[SGXSan] ALWAYS: Enter enc_wolfSSL_CTX_free
[SGXSan] ALWAYS: Enter enc_wolfSSL_CTX_load_verify_buffer
[SGXSan] ALWAYS: Enter enc_wolfSSL_CTX_new
[SGXSan] ALWAYS: Enter enc_wolfSSL_CTX_set_cipher_list
[SGXSan] ALWAYS: Enter enc_wolfSSL_CTX_use_PrivateKey_buffer
[SGXSan] ALWAYS: Enter enc_wolfSSL_CTX_use_certificate_buffer
[SGXSan] ALWAYS: Enter enc_wolfSSL_CTX_use_certificate_chain_buffer_format
[SGXSan] ALWAYS: Enter enc_wolfSSL_Cleanup
[SGXSan] ALWAYS: Enter enc_wolfSSL_Debugging_OFF
[SGXSan] ALWAYS: Enter enc_wolfSSL_Debugging_ON
[SGXSan] ALWAYS: Enter enc_wolfSSL_connect
[SGXSan] ALWAYS: Enter enc_wolfSSL_free
[SGXSan] ALWAYS: Enter enc_wolfSSL_get_error
[SGXSan] ALWAYS: Enter enc_wolfSSL_new
[SGXSan] ALWAYS: Enter enc_wolfSSL_read
[SGXSan] ALWAYS: Enter enc_wolfSSL_set_fd
[SGXSan] ALWAYS: Enter enc_wolfSSL_write
[SGXSan] ALWAYS: Enter enc_wolfTLSv1_2_client_method
[SGXSan] ALWAYS: Enter enc_wolfTLSv1_2_server_method
[SGXSan] ALWAYS: Enter wc_benchmark_test
------------------------------------------------------------------------------
 wolfSSL version 5.1.0
------------------------------------------------------------------------------
wolfCrypt Benchmark (block bytes 1048576, min 1.0 sec each)
RNG                 15 MB took 1.121 seconds,   13.382 MB/s
AES-128-CBC-enc     35 MB took 1.061 seconds,   33.000 MB/s
AES-128-CBC-dec     30 MB took 1.004 seconds,   29.894 MB/s
AES-192-CBC-enc     30 MB took 1.069 seconds,   28.072 MB/s
AES-192-CBC-dec     30 MB took 1.147 seconds,   26.145 MB/s
AES-256-CBC-enc     30 MB took 1.191 seconds,   25.179 MB/s
AES-256-CBC-dec     25 MB took 1.052 seconds,   23.760 MB/s
AES-128-GCM-enc     25 MB took 1.070 seconds,   23.361 MB/s
AES-128-GCM-dec     25 MB took 1.040 seconds,   24.036 MB/s
AES-192-GCM-enc     25 MB took 1.194 seconds,   20.942 MB/s
AES-192-GCM-dec     25 MB took 1.184 seconds,   21.122 MB/s
AES-256-GCM-enc     20 MB took 1.049 seconds,   19.074 MB/s
AES-256-GCM-dec     20 MB took 1.045 seconds,   19.145 MB/s
GMAC Table 4-bit    67 MB took 1.010 seconds,   66.333 MB/s
RABBIT              90 MB took 1.015 seconds,   88.671 MB/s
3DES                10 MB took 1.092 seconds,    9.155 MB/s
MD5                310 MB took 1.015 seconds,  305.356 MB/s
SHA                130 MB took 1.004 seconds,  129.419 MB/s
SHA-256             35 MB took 1.137 seconds,   30.777 MB/s
HMAC-MD5           305 MB took 1.004 seconds,  303.890 MB/s
HMAC-SHA           130 MB took 1.007 seconds,  129.061 MB/s
HMAC-SHA256         35 MB took 1.119 seconds,   31.278 MB/s
PBKDF2               4 KB took 1.005 seconds,    3.823 KB/s
RSA     2048 public       1400 ops took 1.024 sec, avg 0.731 ms, 1367.541 ops/sec
RSA     2048 private       100 ops took 3.729 sec, avg 37.286 ms, 26.820 ops/sec
DH      2048 key gen        63 ops took 1.013 sec, avg 16.075 ms, 62.208 ops/sec
DH      2048 agree         100 ops took 1.640 sec, avg 16.405 ms, 60.958 ops/sec
ECC   [      SECP256R1]   256 key gen      1385 ops took 1.000 sec, avg 0.722 ms, 1384.535 ops/sec
ECDHE [      SECP256R1]   256 agree         900 ops took 1.001 sec, avg 1.112 ms, 899.131 ops/sec
ECDSA [      SECP256R1]   256 sign         1200 ops took 1.026 sec, avg 0.855 ms, 1170.066 ops/sec
ECDSA [      SECP256R1]   256 verify        900 ops took 1.085 sec, avg 1.205 ms, 829.622 ops/sec
Benchmark complete
[SGXSan] ALWAYS: Enter wc_test
#2	pulse  ft: 6290 exec/s: 0 rss: 48Mb
Slowest unit: 42 s:
artifact_prefix='./crashes/'; Test unit written to ./crashes/slow-unit-adc83b19e793491b1c6ea0fd8b46cd9f32e592fc
Base64: Cg==
#2	INITED cov: 6290 ft: 6290 corp: 1/1b exec/s: 0 rss: 49Mb
#2	DONE   cov: 6290 ft: 6290 corp: 1/1b lim: 4 exec/s: 0 rss: 49Mb
Done 2 runs in 84 second(s)
stat::number_of_executed_units: 2
stat::average_exec_per_sec:     0
stat::new_units_added:          0
stat::slowest_unit_time_sec:    42
stat::peak_rss_mb:              49
------------------------------------------------------------------------------
 wolfSSL version 5.1.0
------------------------------------------------------------------------------
error    test passed!
MEMORY   test passed!
base64   test passed!
asn      test passed!
RANDOM   test passed!
MD5      test passed!
MD4      test passed!
SHA      test passed!
SHA-256  test passed!
Hash     test passed!
HMAC-MD5 test passed!
HMAC-SHA test passed!
HMAC-SHA256 test passed!
GMAC     test passed!
HC-128   test passed!
Rabbit   test passed!
DES      test passed!
DES3     test passed!
AES      test passed!
AES192   test passed!
AES256   test passed!
AES-GCM  test passed!
RSA      test passed!
DH       test passed!
DSA      test passed!
PWDBASED test passed!
ECC      test passed!
ECC buffer test passed!
logging  test passed!
mutex    test passed!
memcb    test failed!
 error = -13803
