WARNING: Failed to find function "__sanitizer_acquire_crash_state".
WARNING: Failed to find function "__sanitizer_print_stack_trace".
WARNING: Failed to find function "__sanitizer_set_death_callback".
[2023-01-15 17:10:12.664] [Init] Num of ECall: 22
[2023-01-15 17:10:12.664] ECalls:
  0 - fuzz_enc_wolfSSL_CTX_free
  1 - fuzz_enc_wolfSSL_CTX_load_verify_buffer
  2 - fuzz_enc_wolfSSL_CTX_new
  3 - fuzz_enc_wolfSSL_CTX_set_cipher_list
  4 - fuzz_enc_wolfSSL_CTX_use_PrivateKey_buffer
  5 - fuzz_enc_wolfSSL_CTX_use_certificate_buffer
  6 - fuzz_enc_wolfSSL_CTX_use_certificate_chain_buffer_format
  7 - fuzz_enc_wolfSSL_Cleanup
  8 - fuzz_enc_wolfSSL_Debugging_OFF
  9 - fuzz_enc_wolfSSL_Debugging_ON
  10 - fuzz_enc_wolfSSL_Init
  11 - fuzz_enc_wolfSSL_connect
  12 - fuzz_enc_wolfSSL_free
  13 - fuzz_enc_wolfSSL_get_error
  14 - fuzz_enc_wolfSSL_new
  15 - fuzz_enc_wolfSSL_read
  16 - fuzz_enc_wolfSSL_set_fd
  17 - fuzz_enc_wolfSSL_write
  18 - fuzz_enc_wolfTLSv1_2_client_method
  19 - fuzz_enc_wolfTLSv1_2_server_method
  20 - fuzz_wc_benchmark_test
  21 - fuzz_wc_test

INFO: found LLVMFuzzerCustomMutator (0x44ac30). Disabling -len_control by default.
INFO: libFuzzer ignores flags that start with '--'
INFO: Running with entropic power schedule (0xFF, 100).
INFO: Seed: 574675639
INFO: Loaded 1 modules   (291 inline 8-bit counters): 291 [0x4cb7e8, 0x4cb90b), 
INFO: Loaded 1 PC tables (291 PCs): 291 [0x4cb910,0x4ccb40), 
INFO:        0 files found in /tmp/libFuzzerTemp.FuzzWithFork422940.dir/C67
[SGXSan] ALWAYS: Hook __sanitizer_cov_8bit_counters_init of Enclave, 21636 inline 8-bit counts [0x7f6ec2bd49c0, 0x7f6ec2bd9e44) (First time)
[SGXSan] ALWAYS: Hook __sanitizer_cov_pcs_init of Enclave, 21636 PCs [0x7f6ec2bd9e48, 0x7f6ec2c2e688) (First time)
[SGXSan] ALWAYS: Enter enc_wolfSSL_CTX_free
[SGXSan] ALWAYS: Enter enc_wolfSSL_CTX_load_verify_buffer
[SGXSan] ALWAYS: Enter enc_wolfSSL_CTX_new
[SGXSan] ALWAYS: Enter enc_wolfSSL_CTX_set_cipher_list
[SGXSan] ALWAYS: Enter enc_wolfSSL_CTX_use_PrivateKey_buffer
[SGXSan] ALWAYS: Enter enc_wolfSSL_CTX_use_certificate_buffer
[SGXSan] ALWAYS: Enter enc_wolfSSL_CTX_use_certificate_chain_buffer_format
[SGXSan] ALWAYS: Enter enc_wolfSSL_Cleanup
[SGXSan] ALWAYS: Enter enc_wolfSSL_Debugging_OFF
[SGXSan] ALWAYS: Enter enc_wolfSSL_Debugging_ON
[SGXSan] ALWAYS: Enter enc_wolfSSL_Init
[SGXSan] ALWAYS: Enter enc_wolfSSL_connect
[SGXSan] ALWAYS: Enter enc_wolfSSL_free
[SGXSan] ALWAYS: Enter enc_wolfSSL_get_error
[SGXSan] ALWAYS: Enter enc_wolfSSL_new
[SGXSan] ALWAYS: Enter enc_wolfSSL_read
[SGXSan] ALWAYS: Enter enc_wolfSSL_set_fd
[SGXSan] ALWAYS: Enter enc_wolfSSL_write
[SGXSan] ALWAYS: Enter enc_wolfTLSv1_2_client_method
[SGXSan] ALWAYS: Enter enc_wolfTLSv1_2_server_method
[SGXSan] ALWAYS: Enter wc_benchmark_test
------------------------------------------------------------------------------
 wolfSSL version 5.1.0
------------------------------------------------------------------------------
wolfCrypt Benchmark (block bytes 1048576, min 1.0 sec each)
RNG                 15 MB took 1.121 seconds,   13.378 MB/s
AES-128-CBC-enc     35 MB took 1.067 seconds,   32.805 MB/s
AES-128-CBC-dec     35 MB took 1.147 seconds,   30.511 MB/s
AES-192-CBC-enc     30 MB took 1.081 seconds,   27.740 MB/s
AES-192-CBC-dec     30 MB took 1.120 seconds,   26.786 MB/s
AES-256-CBC-enc     30 MB took 1.194 seconds,   25.130 MB/s
AES-256-CBC-dec     25 MB took 1.052 seconds,   23.753 MB/s
AES-128-GCM-enc     25 MB took 1.067 seconds,   23.426 MB/s
AES-128-GCM-dec     25 MB took 1.071 seconds,   23.337 MB/s
AES-192-GCM-enc     25 MB took 1.203 seconds,   20.783 MB/s
AES-192-GCM-dec     25 MB took 1.219 seconds,   20.515 MB/s
AES-256-GCM-enc     20 MB took 1.040 seconds,   19.227 MB/s
AES-256-GCM-dec     20 MB took 1.059 seconds,   18.888 MB/s
GMAC Table 4-bit    68 MB took 1.011 seconds,   67.273 MB/s
RABBIT              90 MB took 1.012 seconds,   88.956 MB/s
3DES                10 MB took 1.112 seconds,    8.993 MB/s
MD5                300 MB took 1.013 seconds,  296.203 MB/s
SHA                125 MB took 1.004 seconds,  124.467 MB/s
SHA-256             35 MB took 1.163 seconds,   30.107 MB/s
HMAC-MD5           305 MB took 1.011 seconds,  301.757 MB/s
HMAC-SHA           130 MB took 1.035 seconds,  125.560 MB/s
HMAC-SHA256         35 MB took 1.166 seconds,   30.017 MB/s
PBKDF2               4 KB took 1.008 seconds,    3.722 KB/s
RSA     2048 public       1400 ops took 1.014 sec, avg 0.724 ms, 1380.971 ops/sec
RSA     2048 private       100 ops took 3.720 sec, avg 37.204 ms, 26.879 ops/sec
DH      2048 key gen        64 ops took 1.008 sec, avg 15.757 ms, 63.465 ops/sec
DH      2048 agree         100 ops took 1.585 sec, avg 15.847 ms, 63.103 ops/sec
ECC   [      SECP256R1]   256 key gen      1388 ops took 1.000 sec, avg 0.721 ms, 1387.537 ops/sec
ECDHE [      SECP256R1]   256 agree         900 ops took 1.008 sec, avg 1.120 ms, 893.160 ops/sec
ECDSA [      SECP256R1]   256 sign         1200 ops took 1.023 sec, avg 0.852 ms, 1173.504 ops/sec
ECDSA [      SECP256R1]   256 verify        900 ops took 1.079 sec, avg 1.199 ms, 833.796 ops/sec
Benchmark complete
[SGXSan] ALWAYS: Enter wc_test
INFO: A corpus is not provided, starting from an empty corpus
------------------------------------------------------------------------------
 wolfSSL version 5.1.0
------------------------------------------------------------------------------
error    test passed!
MEMORY   test passed!
base64   test passed!
asn      test passed!
RANDOM   test passed!
MD5      test passed!
MD4      test passed!
SHA      test passed!
SHA-256  test passed!
Hash     test passed!
HMAC-MD5 test passed!
HMAC-SHA test passed!
HMAC-SHA256 test passed!
GMAC     test passed!
HC-128   test passed!
Rabbit   test passed!
DES      test passed!
DES3     test passed!
AES      test passed!
AES192   test passed!
AES256   test passed!
AES-GCM  test passed!
RSA      test passed!
DH       test passed!
DSA      test passed!
PWDBASED test passed!
ECC      test passed!
ECC buffer test passed!
logging  test passed!
mutex    test passed!
memcb    test passed!
Test complete
[SGXSan] ALWAYS: Enter enc_wolfSSL_Init
[SGXSan] ALWAYS: Enter enc_wolfSSL_CTX_free
[SGXSan] ALWAYS: Enter enc_wolfSSL_CTX_load_verify_buffer
[SGXSan] ALWAYS: Enter enc_wolfSSL_CTX_new
[SGXSan] ALWAYS: Enter enc_wolfSSL_CTX_set_cipher_list
[SGXSan] ALWAYS: Enter enc_wolfSSL_CTX_use_PrivateKey_buffer
[SGXSan] ALWAYS: Enter enc_wolfSSL_CTX_use_certificate_buffer
[SGXSan] ALWAYS: Enter enc_wolfSSL_CTX_use_certificate_chain_buffer_format
[SGXSan] ALWAYS: Enter enc_wolfSSL_Cleanup
[SGXSan] ALWAYS: Enter enc_wolfSSL_Debugging_OFF
[SGXSan] ALWAYS: Enter enc_wolfSSL_Debugging_ON
[SGXSan] ALWAYS: Enter enc_wolfSSL_connect
[SGXSan] ALWAYS: Enter enc_wolfSSL_free
[SGXSan] ALWAYS: Enter enc_wolfSSL_get_error
[SGXSan] ALWAYS: Enter enc_wolfSSL_new
[SGXSan] ALWAYS: Enter enc_wolfSSL_read
[SGXSan] ALWAYS: Enter enc_wolfSSL_set_fd
[SGXSan] ALWAYS: Enter enc_wolfSSL_write
[SGXSan] ALWAYS: Enter enc_wolfTLSv1_2_client_method
[SGXSan] ALWAYS: Enter enc_wolfTLSv1_2_server_method
[SGXSan] ALWAYS: Enter wc_benchmark_test
------------------------------------------------------------------------------
 wolfSSL version 5.1.0
------------------------------------------------------------------------------
wolfCrypt Benchmark (block bytes 1048576, min 1.0 sec each)
RNG                 15 MB took 1.158 seconds,   12.956 MB/s
AES-128-CBC-enc     35 MB took 1.075 seconds,   32.561 MB/s
AES-128-CBC-dec     35 MB took 1.144 seconds,   30.583 MB/s
AES-192-CBC-enc     30 MB took 1.073 seconds,   27.969 MB/s
AES-192-CBC-dec     30 MB took 1.123 seconds,   26.723 MB/s
AES-256-CBC-enc     30 MB took 1.191 seconds,   25.185 MB/s
AES-256-CBC-dec     25 MB took 1.057 seconds,   23.650 MB/s
AES-128-GCM-enc     25 MB took 1.081 seconds,   23.130 MB/s
AES-128-GCM-dec     25 MB took 1.080 seconds,   23.152 MB/s
AES-192-GCM-enc     25 MB took 1.196 seconds,   20.900 MB/s
AES-192-GCM-dec     25 MB took 1.253 seconds,   19.956 MB/s
AES-256-GCM-enc     15 MB took 1.023 seconds,   14.667 MB/s
AES-256-GCM-dec     20 MB took 1.044 seconds,   19.149 MB/s
GMAC Table 4-bit    67 MB took 1.002 seconds,   66.834 MB/s
RABBIT              95 MB took 1.055 seconds,   90.010 MB/s
3DES                10 MB took 1.109 seconds,    9.016 MB/s
MD5                300 MB took 1.011 seconds,  296.877 MB/s
SHA                130 MB took 1.022 seconds,  127.210 MB/s
SHA-256             35 MB took 1.138 seconds,   30.753 MB/s
HMAC-MD5           295 MB took 1.002 seconds,  294.357 MB/s
HMAC-SHA           130 MB took 1.005 seconds,  129.364 MB/s
HMAC-SHA256         35 MB took 1.132 seconds,   30.906 MB/s
PBKDF2               4 KB took 1.007 seconds,    3.816 KB/s
RSA     2048 public       1100 ops took 1.046 sec, avg 0.951 ms, 1051.711 ops/sec
RSA     2048 private       100 ops took 3.659 sec, avg 36.591 ms, 27.329 ops/sec
DH      2048 key gen        63 ops took 1.004 sec, avg 15.932 ms, 62.766 ops/sec
DH      2048 agree         100 ops took 1.528 sec, avg 15.279 ms, 65.448 ops/sec
ECC   [      SECP256R1]   256 key gen      1405 ops took 1.000 sec, avg 0.712 ms, 1404.361 ops/sec
ECDHE [      SECP256R1]   256 agree        1000 ops took 1.094 sec, avg 1.094 ms, 913.681 ops/sec
ECDSA [      SECP256R1]   256 sign         1300 ops took 1.062 sec, avg 0.817 ms, 1224.638 ops/sec
ECDSA [      SECP256R1]   256 verify        900 ops took 1.021 sec, avg 1.134 ms, 881.840 ops/sec
Benchmark complete
[SGXSan] ALWAYS: Enter wc_test
#2	pulse  ft: 6292 exec/s: 0 rss: 48Mb
Slowest unit: 42 s:
artifact_prefix='./crashes/'; Test unit written to ./crashes/slow-unit-adc83b19e793491b1c6ea0fd8b46cd9f32e592fc
Base64: Cg==
#2	INITED cov: 6292 ft: 6292 corp: 1/1b exec/s: 0 rss: 49Mb
#2	DONE   cov: 6292 ft: 6292 corp: 1/1b lim: 4 exec/s: 0 rss: 49Mb
Done 2 runs in 84 second(s)
stat::number_of_executed_units: 2
stat::average_exec_per_sec:     0
stat::new_units_added:          0
stat::slowest_unit_time_sec:    42
stat::peak_rss_mb:              49
------------------------------------------------------------------------------
 wolfSSL version 5.1.0
------------------------------------------------------------------------------
error    test passed!
MEMORY   test passed!
base64   test passed!
asn      test passed!
RANDOM   test passed!
MD5      test passed!
MD4      test passed!
SHA      test passed!
SHA-256  test passed!
Hash     test passed!
HMAC-MD5 test passed!
HMAC-SHA test passed!
HMAC-SHA256 test passed!
GMAC     test passed!
HC-128   test passed!
Rabbit   test passed!
DES      test passed!
DES3     test passed!
AES      test passed!
AES192   test passed!
AES256   test passed!
AES-GCM  test passed!
RSA      test passed!
DH       test passed!
DSA      test passed!
PWDBASED test passed!
ECC      test passed!
ECC buffer test passed!
logging  test passed!
mutex    test passed!
memcb    test failed!
 error = -13803
