WARNING: Failed to find function "__sanitizer_acquire_crash_state".
WARNING: Failed to find function "__sanitizer_print_stack_trace".
WARNING: Failed to find function "__sanitizer_set_death_callback".
[2023-01-15 16:42:02.930] [Init] Num of ECall: 22
[2023-01-15 16:42:02.930] ECalls:
  0 - fuzz_enc_wolfSSL_CTX_free
  1 - fuzz_enc_wolfSSL_CTX_load_verify_buffer
  2 - fuzz_enc_wolfSSL_CTX_new
  3 - fuzz_enc_wolfSSL_CTX_set_cipher_list
  4 - fuzz_enc_wolfSSL_CTX_use_PrivateKey_buffer
  5 - fuzz_enc_wolfSSL_CTX_use_certificate_buffer
  6 - fuzz_enc_wolfSSL_CTX_use_certificate_chain_buffer_format
  7 - fuzz_enc_wolfSSL_Cleanup
  8 - fuzz_enc_wolfSSL_Debugging_OFF
  9 - fuzz_enc_wolfSSL_Debugging_ON
  10 - fuzz_enc_wolfSSL_Init
  11 - fuzz_enc_wolfSSL_connect
  12 - fuzz_enc_wolfSSL_free
  13 - fuzz_enc_wolfSSL_get_error
  14 - fuzz_enc_wolfSSL_new
  15 - fuzz_enc_wolfSSL_read
  16 - fuzz_enc_wolfSSL_set_fd
  17 - fuzz_enc_wolfSSL_write
  18 - fuzz_enc_wolfTLSv1_2_client_method
  19 - fuzz_enc_wolfTLSv1_2_server_method
  20 - fuzz_wc_benchmark_test
  21 - fuzz_wc_test

INFO: found LLVMFuzzerCustomMutator (0x44ac30). Disabling -len_control by default.
INFO: libFuzzer ignores flags that start with '--'
INFO: Running with entropic power schedule (0xFF, 100).
INFO: Seed: 3058285292
INFO: Loaded 1 modules   (291 inline 8-bit counters): 291 [0x4cb7e8, 0x4cb90b), 
INFO: Loaded 1 PC tables (291 PCs): 291 [0x4cb910,0x4ccb40), 
INFO:        0 files found in /tmp/libFuzzerTemp.FuzzWithFork422940.dir/C7
[SGXSan] ALWAYS: Hook __sanitizer_cov_8bit_counters_init of Enclave, 21636 inline 8-bit counts [0x7f7f4b3839c0, 0x7f7f4b388e44) (First time)
[SGXSan] ALWAYS: Hook __sanitizer_cov_pcs_init of Enclave, 21636 PCs [0x7f7f4b388e48, 0x7f7f4b3dd688) (First time)
[SGXSan] ALWAYS: Enter enc_wolfSSL_CTX_free
[SGXSan] ALWAYS: Enter enc_wolfSSL_CTX_load_verify_buffer
[SGXSan] ALWAYS: Enter enc_wolfSSL_CTX_new
[SGXSan] ALWAYS: Enter enc_wolfSSL_CTX_set_cipher_list
[SGXSan] ALWAYS: Enter enc_wolfSSL_CTX_use_PrivateKey_buffer
[SGXSan] ALWAYS: Enter enc_wolfSSL_CTX_use_certificate_buffer
[SGXSan] ALWAYS: Enter enc_wolfSSL_CTX_use_certificate_chain_buffer_format
[SGXSan] ALWAYS: Enter enc_wolfSSL_Cleanup
[SGXSan] ALWAYS: Enter enc_wolfSSL_Debugging_OFF
[SGXSan] ALWAYS: Enter enc_wolfSSL_Debugging_ON
[SGXSan] ALWAYS: Enter enc_wolfSSL_Init
[SGXSan] ALWAYS: Enter enc_wolfSSL_connect
[SGXSan] ALWAYS: Enter enc_wolfSSL_free
[SGXSan] ALWAYS: Enter enc_wolfSSL_get_error
[SGXSan] ALWAYS: Enter enc_wolfSSL_new
[SGXSan] ALWAYS: Enter enc_wolfSSL_read
[SGXSan] ALWAYS: Enter enc_wolfSSL_set_fd
[SGXSan] ALWAYS: Enter enc_wolfSSL_write
[SGXSan] ALWAYS: Enter enc_wolfTLSv1_2_client_method
[SGXSan] ALWAYS: Enter enc_wolfTLSv1_2_server_method
[SGXSan] ALWAYS: Enter wc_benchmark_test
------------------------------------------------------------------------------
 wolfSSL version 5.1.0
------------------------------------------------------------------------------
wolfCrypt Benchmark (block bytes 1048576, min 1.0 sec each)
RNG                 15 MB took 1.153 seconds,   13.012 MB/s
AES-128-CBC-enc     25 MB took 1.183 seconds,   21.135 MB/s
AES-128-CBC-dec     20 MB took 1.190 seconds,   16.801 MB/s
AES-192-CBC-enc     20 MB took 1.301 seconds,   15.378 MB/s
AES-192-CBC-dec     25 MB took 1.092 seconds,   22.904 MB/s
AES-256-CBC-enc     30 MB took 1.170 seconds,   25.650 MB/s
AES-256-CBC-dec     25 MB took 1.025 seconds,   24.384 MB/s
AES-128-GCM-enc     15 MB took 1.056 seconds,   14.201 MB/s
AES-128-GCM-dec     25 MB took 1.137 seconds,   21.981 MB/s
AES-192-GCM-enc     25 MB took 1.213 seconds,   20.617 MB/s
AES-192-GCM-dec     25 MB took 1.195 seconds,   20.929 MB/s
AES-256-GCM-enc     20 MB took 1.023 seconds,   19.547 MB/s
AES-256-GCM-dec     20 MB took 1.051 seconds,   19.028 MB/s
GMAC Table 4-bit    69 MB took 1.003 seconds,   68.820 MB/s
RABBIT              95 MB took 1.045 seconds,   90.928 MB/s
3DES                10 MB took 1.083 seconds,    9.237 MB/s
MD5                305 MB took 1.004 seconds,  303.687 MB/s
SHA                125 MB took 1.001 seconds,  124.829 MB/s
SHA-256             35 MB took 1.151 seconds,   30.415 MB/s
HMAC-MD5           305 MB took 1.005 seconds,  303.508 MB/s
HMAC-SHA           130 MB took 1.003 seconds,  129.610 MB/s
HMAC-SHA256         35 MB took 1.144 seconds,   30.605 MB/s
PBKDF2               4 KB took 1.007 seconds,    3.663 KB/s
RSA     2048 public       1500 ops took 1.069 sec, avg 0.713 ms, 1402.810 ops/sec
RSA     2048 private       100 ops took 3.704 sec, avg 37.043 ms, 26.996 ops/sec
DH      2048 key gen        66 ops took 1.015 sec, avg 15.374 ms, 65.044 ops/sec
DH      2048 agree         100 ops took 1.531 sec, avg 15.312 ms, 65.308 ops/sec
ECC   [      SECP256R1]   256 key gen      1432 ops took 1.001 sec, avg 0.699 ms, 1431.207 ops/sec
ECDHE [      SECP256R1]   256 agree        1000 ops took 1.103 sec, avg 1.103 ms, 906.233 ops/sec
ECDSA [      SECP256R1]   256 sign         1300 ops took 1.079 sec, avg 0.830 ms, 1205.011 ops/sec
ECDSA [      SECP256R1]   256 verify        900 ops took 1.061 sec, avg 1.179 ms, 848.115 ops/sec
Benchmark complete
[SGXSan] ALWAYS: Enter wc_test
INFO: A corpus is not provided, starting from an empty corpus
------------------------------------------------------------------------------
 wolfSSL version 5.1.0
------------------------------------------------------------------------------
error    test passed!
MEMORY   test passed!
base64   test passed!
asn      test passed!
RANDOM   test passed!
MD5      test passed!
MD4      test passed!
SHA      test passed!
SHA-256  test passed!
Hash     test passed!
HMAC-MD5 test passed!
HMAC-SHA test passed!
HMAC-SHA256 test passed!
GMAC     test passed!
HC-128   test passed!
Rabbit   test passed!
DES      test passed!
DES3     test passed!
AES      test passed!
AES192   test passed!
AES256   test passed!
AES-GCM  test passed!
RSA      test passed!
DH       test passed!
DSA      test passed!
PWDBASED test passed!
ECC      test passed!
ECC buffer test passed!
logging  test passed!
mutex    test passed!
memcb    test passed!
Test complete
[SGXSan] ALWAYS: Enter enc_wolfSSL_Init
[SGXSan] ALWAYS: Enter enc_wolfSSL_CTX_free
[SGXSan] ALWAYS: Enter enc_wolfSSL_CTX_load_verify_buffer
[SGXSan] ALWAYS: Enter enc_wolfSSL_CTX_new
[SGXSan] ALWAYS: Enter enc_wolfSSL_CTX_set_cipher_list
[SGXSan] ALWAYS: Enter enc_wolfSSL_CTX_use_PrivateKey_buffer
[SGXSan] ALWAYS: Enter enc_wolfSSL_CTX_use_certificate_buffer
[SGXSan] ALWAYS: Enter enc_wolfSSL_CTX_use_certificate_chain_buffer_format
[SGXSan] ALWAYS: Enter enc_wolfSSL_Cleanup
[SGXSan] ALWAYS: Enter enc_wolfSSL_Debugging_OFF
[SGXSan] ALWAYS: Enter enc_wolfSSL_Debugging_ON
[SGXSan] ALWAYS: Enter enc_wolfSSL_connect
[SGXSan] ALWAYS: Enter enc_wolfSSL_free
[SGXSan] ALWAYS: Enter enc_wolfSSL_get_error
[SGXSan] ALWAYS: Enter enc_wolfSSL_new
[SGXSan] ALWAYS: Enter enc_wolfSSL_read
[SGXSan] ALWAYS: Enter enc_wolfSSL_set_fd
[SGXSan] ALWAYS: Enter enc_wolfSSL_write
[SGXSan] ALWAYS: Enter enc_wolfTLSv1_2_client_method
[SGXSan] ALWAYS: Enter enc_wolfTLSv1_2_server_method
[SGXSan] ALWAYS: Enter wc_benchmark_test
------------------------------------------------------------------------------
 wolfSSL version 5.1.0
------------------------------------------------------------------------------
wolfCrypt Benchmark (block bytes 1048576, min 1.0 sec each)
RNG                 15 MB took 1.135 seconds,   13.214 MB/s
AES-128-CBC-enc     35 MB took 1.059 seconds,   33.038 MB/s
AES-128-CBC-dec     35 MB took 1.137 seconds,   30.787 MB/s
AES-192-CBC-enc     30 MB took 1.101 seconds,   27.252 MB/s
AES-192-CBC-dec     30 MB took 1.157 seconds,   25.931 MB/s
AES-256-CBC-enc     25 MB took 1.001 seconds,   24.967 MB/s
AES-256-CBC-dec     25 MB took 1.060 seconds,   23.575 MB/s
AES-128-GCM-enc     25 MB took 1.061 seconds,   23.572 MB/s
AES-128-GCM-dec     25 MB took 1.062 seconds,   23.549 MB/s
AES-192-GCM-enc     25 MB took 1.179 seconds,   21.205 MB/s
AES-192-GCM-dec     25 MB took 1.169 seconds,   21.383 MB/s
AES-256-GCM-enc     20 MB took 1.023 seconds,   19.545 MB/s
AES-256-GCM-dec     20 MB took 1.022 seconds,   19.569 MB/s
GMAC Table 4-bit    69 MB took 1.004 seconds,   68.738 MB/s
RABBIT              95 MB took 1.033 seconds,   92.004 MB/s
3DES                10 MB took 1.097 seconds,    9.118 MB/s
MD5                310 MB took 1.016 seconds,  305.222 MB/s
SHA                130 MB took 1.013 seconds,  128.353 MB/s
SHA-256             35 MB took 1.145 seconds,   30.569 MB/s
HMAC-MD5           310 MB took 1.013 seconds,  305.971 MB/s
HMAC-SHA           130 MB took 1.025 seconds,  126.846 MB/s
HMAC-SHA256         30 MB took 1.011 seconds,   29.683 MB/s
PBKDF2               4 KB took 1.004 seconds,    3.643 KB/s
RSA     2048 public       1400 ops took 1.014 sec, avg 0.724 ms, 1381.120 ops/sec
RSA     2048 private       100 ops took 3.758 sec, avg 37.581 ms, 26.609 ops/sec
DH      2048 key gen        66 ops took 1.015 sec, avg 15.381 ms, 65.014 ops/sec
DH      2048 agree         100 ops took 1.528 sec, avg 15.281 ms, 65.441 ops/sec
ECC   [      SECP256R1]   256 key gen      1399 ops took 1.000 sec, avg 0.715 ms, 1398.530 ops/sec
ECDHE [      SECP256R1]   256 agree        1000 ops took 1.087 sec, avg 1.087 ms, 920.061 ops/sec
ECDSA [      SECP256R1]   256 sign         1200 ops took 1.001 sec, avg 0.834 ms, 1199.358 ops/sec
ECDSA [      SECP256R1]   256 verify        900 ops took 1.035 sec, avg 1.150 ms, 869.231 ops/sec
Benchmark complete
[SGXSan] ALWAYS: Enter wc_test
#2	pulse  ft: 6285 exec/s: 0 rss: 48Mb
Slowest unit: 41 s:
artifact_prefix='./crashes/'; Test unit written to ./crashes/slow-unit-adc83b19e793491b1c6ea0fd8b46cd9f32e592fc
Base64: Cg==
#2	INITED cov: 6285 ft: 6285 corp: 1/1b exec/s: 0 rss: 49Mb
#2	DONE   cov: 6285 ft: 6285 corp: 1/1b lim: 4 exec/s: 0 rss: 49Mb
Done 2 runs in 84 second(s)
stat::number_of_executed_units: 2
stat::average_exec_per_sec:     0
stat::new_units_added:          0
stat::slowest_unit_time_sec:    41
stat::peak_rss_mb:              49
------------------------------------------------------------------------------
 wolfSSL version 5.1.0
------------------------------------------------------------------------------
error    test passed!
MEMORY   test passed!
base64   test passed!
asn      test passed!
RANDOM   test passed!
MD5      test passed!
MD4      test passed!
SHA      test passed!
SHA-256  test passed!
Hash     test passed!
HMAC-MD5 test passed!
HMAC-SHA test passed!
HMAC-SHA256 test passed!
GMAC     test passed!
HC-128   test passed!
Rabbit   test passed!
DES      test passed!
DES3     test passed!
AES      test passed!
AES192   test passed!
AES256   test passed!
AES-GCM  test passed!
RSA      test passed!
DH       test passed!
DSA      test passed!
PWDBASED test passed!
ECC      test passed!
ECC buffer test passed!
logging  test passed!
mutex    test passed!
memcb    test failed!
 error = -13803
