WARNING: Failed to find function "__sanitizer_acquire_crash_state".
WARNING: Failed to find function "__sanitizer_print_stack_trace".
WARNING: Failed to find function "__sanitizer_set_death_callback".
[2023-01-15 17:11:43.699] [Init] Num of ECall: 22
[2023-01-15 17:11:43.699] ECalls:
  0 - fuzz_enc_wolfSSL_CTX_free
  1 - fuzz_enc_wolfSSL_CTX_load_verify_buffer
  2 - fuzz_enc_wolfSSL_CTX_new
  3 - fuzz_enc_wolfSSL_CTX_set_cipher_list
  4 - fuzz_enc_wolfSSL_CTX_use_PrivateKey_buffer
  5 - fuzz_enc_wolfSSL_CTX_use_certificate_buffer
  6 - fuzz_enc_wolfSSL_CTX_use_certificate_chain_buffer_format
  7 - fuzz_enc_wolfSSL_Cleanup
  8 - fuzz_enc_wolfSSL_Debugging_OFF
  9 - fuzz_enc_wolfSSL_Debugging_ON
  10 - fuzz_enc_wolfSSL_Init
  11 - fuzz_enc_wolfSSL_connect
  12 - fuzz_enc_wolfSSL_free
  13 - fuzz_enc_wolfSSL_get_error
  14 - fuzz_enc_wolfSSL_new
  15 - fuzz_enc_wolfSSL_read
  16 - fuzz_enc_wolfSSL_set_fd
  17 - fuzz_enc_wolfSSL_write
  18 - fuzz_enc_wolfTLSv1_2_client_method
  19 - fuzz_enc_wolfTLSv1_2_server_method
  20 - fuzz_wc_benchmark_test
  21 - fuzz_wc_test

INFO: found LLVMFuzzerCustomMutator (0x44ac30). Disabling -len_control by default.
INFO: libFuzzer ignores flags that start with '--'
INFO: Running with entropic power schedule (0xFF, 100).
INFO: Seed: 1415602621
INFO: Loaded 1 modules   (291 inline 8-bit counters): 291 [0x4cb7e8, 0x4cb90b), 
INFO: Loaded 1 PC tables (291 PCs): 291 [0x4cb910,0x4ccb40), 
INFO:        0 files found in /tmp/libFuzzerTemp.FuzzWithFork422940.dir/C72
[SGXSan] ALWAYS: Hook __sanitizer_cov_8bit_counters_init of Enclave, 21636 inline 8-bit counts [0x7fe5922ea9c0, 0x7fe5922efe44) (First time)
[SGXSan] ALWAYS: Hook __sanitizer_cov_pcs_init of Enclave, 21636 PCs [0x7fe5922efe48, 0x7fe592344688) (First time)
[SGXSan] ALWAYS: Enter enc_wolfSSL_CTX_free
[SGXSan] ALWAYS: Enter enc_wolfSSL_CTX_load_verify_buffer
[SGXSan] ALWAYS: Enter enc_wolfSSL_CTX_new
[SGXSan] ALWAYS: Enter enc_wolfSSL_CTX_set_cipher_list
[SGXSan] ALWAYS: Enter enc_wolfSSL_CTX_use_PrivateKey_buffer
[SGXSan] ALWAYS: Enter enc_wolfSSL_CTX_use_certificate_buffer
[SGXSan] ALWAYS: Enter enc_wolfSSL_CTX_use_certificate_chain_buffer_format
[SGXSan] ALWAYS: Enter enc_wolfSSL_Cleanup
[SGXSan] ALWAYS: Enter enc_wolfSSL_Debugging_OFF
[SGXSan] ALWAYS: Enter enc_wolfSSL_Debugging_ON
[SGXSan] ALWAYS: Enter enc_wolfSSL_Init
[SGXSan] ALWAYS: Enter enc_wolfSSL_connect
[SGXSan] ALWAYS: Enter enc_wolfSSL_free
[SGXSan] ALWAYS: Enter enc_wolfSSL_get_error
[SGXSan] ALWAYS: Enter enc_wolfSSL_new
[SGXSan] ALWAYS: Enter enc_wolfSSL_read
[SGXSan] ALWAYS: Enter enc_wolfSSL_set_fd
[SGXSan] ALWAYS: Enter enc_wolfSSL_write
[SGXSan] ALWAYS: Enter enc_wolfTLSv1_2_client_method
[SGXSan] ALWAYS: Enter enc_wolfTLSv1_2_server_method
[SGXSan] ALWAYS: Enter wc_benchmark_test
------------------------------------------------------------------------------
 wolfSSL version 5.1.0
------------------------------------------------------------------------------
wolfCrypt Benchmark (block bytes 1048576, min 1.0 sec each)
RNG                 15 MB took 1.300 seconds,   11.539 MB/s
AES-128-CBC-enc     35 MB took 1.075 seconds,   32.564 MB/s
AES-128-CBC-dec     35 MB took 1.150 seconds,   30.424 MB/s
AES-192-CBC-enc     30 MB took 1.061 seconds,   28.285 MB/s
AES-192-CBC-dec     30 MB took 1.157 seconds,   25.926 MB/s
AES-256-CBC-enc     30 MB took 1.184 seconds,   25.330 MB/s
AES-256-CBC-dec     25 MB took 1.051 seconds,   23.795 MB/s
AES-128-GCM-enc     25 MB took 1.017 seconds,   24.573 MB/s
AES-128-GCM-dec     25 MB took 1.033 seconds,   24.201 MB/s
AES-192-GCM-enc     25 MB took 1.199 seconds,   20.853 MB/s
AES-192-GCM-dec     25 MB took 1.171 seconds,   21.354 MB/s
AES-256-GCM-enc     20 MB took 1.024 seconds,   19.527 MB/s
AES-256-GCM-dec     20 MB took 1.045 seconds,   19.144 MB/s
GMAC Table 4-bit    69 MB took 1.013 seconds,   68.085 MB/s
RABBIT              90 MB took 1.012 seconds,   88.942 MB/s
3DES                10 MB took 1.063 seconds,    9.404 MB/s
MD5                305 MB took 1.006 seconds,  303.186 MB/s
SHA                130 MB took 1.002 seconds,  129.703 MB/s
SHA-256             35 MB took 1.147 seconds,   30.507 MB/s
HMAC-MD5           300 MB took 1.011 seconds,  296.775 MB/s
HMAC-SHA           125 MB took 1.013 seconds,  123.444 MB/s
HMAC-SHA256         35 MB took 1.145 seconds,   30.580 MB/s
PBKDF2               4 KB took 1.008 seconds,    3.688 KB/s
RSA     2048 public       1400 ops took 1.007 sec, avg 0.719 ms, 1390.682 ops/sec
RSA     2048 private       100 ops took 3.664 sec, avg 36.641 ms, 27.292 ops/sec
DH      2048 key gen        64 ops took 1.005 sec, avg 15.702 ms, 63.685 ops/sec
DH      2048 agree         100 ops took 1.519 sec, avg 15.194 ms, 65.814 ops/sec
ECC   [      SECP256R1]   256 key gen      1425 ops took 1.000 sec, avg 0.702 ms, 1424.621 ops/sec
ECDHE [      SECP256R1]   256 agree        1000 ops took 1.069 sec, avg 1.069 ms, 935.764 ops/sec
ECDSA [      SECP256R1]   256 sign         1300 ops took 1.067 sec, avg 0.821 ms, 1218.201 ops/sec
ECDSA [      SECP256R1]   256 verify        900 ops took 1.052 sec, avg 1.169 ms, 855.305 ops/sec
Benchmark complete
[SGXSan] ALWAYS: Enter wc_test
INFO: A corpus is not provided, starting from an empty corpus
------------------------------------------------------------------------------
 wolfSSL version 5.1.0
------------------------------------------------------------------------------
error    test passed!
MEMORY   test passed!
base64   test passed!
asn      test passed!
RANDOM   test passed!
MD5      test passed!
MD4      test passed!
SHA      test passed!
SHA-256  test passed!
Hash     test passed!
HMAC-MD5 test passed!
HMAC-SHA test passed!
HMAC-SHA256 test passed!
GMAC     test passed!
HC-128   test passed!
Rabbit   test passed!
DES      test passed!
DES3     test passed!
AES      test passed!
AES192   test passed!
AES256   test passed!
AES-GCM  test passed!
RSA      test passed!
DH       test passed!
DSA      test passed!
PWDBASED test passed!
ECC      test passed!
ECC buffer test passed!
logging  test passed!
mutex    test passed!
memcb    test passed!
Test complete
[SGXSan] ALWAYS: Enter enc_wolfSSL_Init
[SGXSan] ALWAYS: Enter enc_wolfSSL_CTX_free
[SGXSan] ALWAYS: Enter enc_wolfSSL_CTX_load_verify_buffer
[SGXSan] ALWAYS: Enter enc_wolfSSL_CTX_new
[SGXSan] ALWAYS: Enter enc_wolfSSL_CTX_set_cipher_list
[SGXSan] ALWAYS: Enter enc_wolfSSL_CTX_use_PrivateKey_buffer
[SGXSan] ALWAYS: Enter enc_wolfSSL_CTX_use_certificate_buffer
[SGXSan] ALWAYS: Enter enc_wolfSSL_CTX_use_certificate_chain_buffer_format
[SGXSan] ALWAYS: Enter enc_wolfSSL_Cleanup
[SGXSan] ALWAYS: Enter enc_wolfSSL_Debugging_OFF
[SGXSan] ALWAYS: Enter enc_wolfSSL_Debugging_ON
[SGXSan] ALWAYS: Enter enc_wolfSSL_connect
[SGXSan] ALWAYS: Enter enc_wolfSSL_free
[SGXSan] ALWAYS: Enter enc_wolfSSL_get_error
[SGXSan] ALWAYS: Enter enc_wolfSSL_new
[SGXSan] ALWAYS: Enter enc_wolfSSL_read
[SGXSan] ALWAYS: Enter enc_wolfSSL_set_fd
[SGXSan] ALWAYS: Enter enc_wolfSSL_write
[SGXSan] ALWAYS: Enter enc_wolfTLSv1_2_client_method
[SGXSan] ALWAYS: Enter enc_wolfTLSv1_2_server_method
[SGXSan] ALWAYS: Enter wc_benchmark_test
------------------------------------------------------------------------------
 wolfSSL version 5.1.0
------------------------------------------------------------------------------
wolfCrypt Benchmark (block bytes 1048576, min 1.0 sec each)
RNG                 15 MB took 1.111 seconds,   13.502 MB/s
AES-128-CBC-enc     35 MB took 1.049 seconds,   33.379 MB/s
AES-128-CBC-dec     35 MB took 1.111 seconds,   31.495 MB/s
AES-192-CBC-enc     30 MB took 1.051 seconds,   28.550 MB/s
AES-192-CBC-dec     30 MB took 1.118 seconds,   26.823 MB/s
AES-256-CBC-enc     30 MB took 1.161 seconds,   25.831 MB/s
AES-256-CBC-dec     25 MB took 1.073 seconds,   23.299 MB/s
AES-128-GCM-enc     25 MB took 1.025 seconds,   24.401 MB/s
AES-128-GCM-dec     25 MB took 1.045 seconds,   23.913 MB/s
AES-192-GCM-enc     25 MB took 1.177 seconds,   21.240 MB/s
AES-192-GCM-dec     25 MB took 1.217 seconds,   20.541 MB/s
AES-256-GCM-enc     20 MB took 1.052 seconds,   19.005 MB/s
AES-256-GCM-dec     20 MB took 1.028 seconds,   19.462 MB/s
GMAC Table 4-bit    68 MB took 1.012 seconds,   67.197 MB/s
RABBIT              90 MB took 1.014 seconds,   88.768 MB/s
3DES                10 MB took 1.113 seconds,    8.988 MB/s
MD5                295 MB took 1.003 seconds,  294.258 MB/s
SHA                135 MB took 1.026 seconds,  131.636 MB/s
SHA-256             35 MB took 1.133 seconds,   30.894 MB/s
HMAC-MD5           300 MB took 1.011 seconds,  296.626 MB/s
HMAC-SHA           130 MB took 1.037 seconds,  125.336 MB/s
HMAC-SHA256         30 MB took 1.002 seconds,   29.942 MB/s
PBKDF2               4 KB took 1.001 seconds,    3.652 KB/s
RSA     2048 public       1400 ops took 1.012 sec, avg 0.723 ms, 1382.999 ops/sec
RSA     2048 private       100 ops took 3.675 sec, avg 36.751 ms, 27.210 ops/sec
DH      2048 key gen        65 ops took 1.005 sec, avg 15.464 ms, 64.666 ops/sec
DH      2048 agree         100 ops took 1.632 sec, avg 16.315 ms, 61.292 ops/sec
ECC   [      SECP256R1]   256 key gen      1394 ops took 1.000 sec, avg 0.718 ms, 1393.653 ops/sec
ECDHE [      SECP256R1]   256 agree         900 ops took 1.009 sec, avg 1.121 ms, 891.943 ops/sec
ECDSA [      SECP256R1]   256 sign         1200 ops took 1.023 sec, avg 0.853 ms, 1172.688 ops/sec
ECDSA [      SECP256R1]   256 verify        900 ops took 1.061 sec, avg 1.179 ms, 848.192 ops/sec
Benchmark complete
[SGXSan] ALWAYS: Enter wc_test
#2	pulse  ft: 6287 exec/s: 0 rss: 48Mb
Slowest unit: 41 s:
artifact_prefix='./crashes/'; Test unit written to ./crashes/slow-unit-adc83b19e793491b1c6ea0fd8b46cd9f32e592fc
Base64: Cg==
#2	INITED cov: 6287 ft: 6287 corp: 1/1b exec/s: 0 rss: 49Mb
#2	DONE   cov: 6287 ft: 6287 corp: 1/1b lim: 4 exec/s: 0 rss: 49Mb
Done 2 runs in 84 second(s)
stat::number_of_executed_units: 2
stat::average_exec_per_sec:     0
stat::new_units_added:          0
stat::slowest_unit_time_sec:    41
stat::peak_rss_mb:              49
------------------------------------------------------------------------------
 wolfSSL version 5.1.0
------------------------------------------------------------------------------
error    test passed!
MEMORY   test passed!
base64   test passed!
asn      test passed!
RANDOM   test passed!
MD5      test passed!
MD4      test passed!
SHA      test passed!
SHA-256  test passed!
Hash     test passed!
HMAC-MD5 test passed!
HMAC-SHA test passed!
HMAC-SHA256 test passed!
GMAC     test passed!
HC-128   test passed!
Rabbit   test passed!
DES      test passed!
DES3     test passed!
AES      test passed!
AES192   test passed!
AES256   test passed!
AES-GCM  test passed!
RSA      test passed!
DH       test passed!
DSA      test passed!
PWDBASED test passed!
ECC      test passed!
ECC buffer test passed!
logging  test passed!
mutex    test passed!
memcb    test failed!
 error = -13803
