WARNING: Failed to find function "__sanitizer_acquire_crash_state".
WARNING: Failed to find function "__sanitizer_print_stack_trace".
WARNING: Failed to find function "__sanitizer_set_death_callback".
[2023-01-15 17:13:07.865] [Init] Num of ECall: 22
[2023-01-15 17:13:07.865] ECalls:
  0 - fuzz_enc_wolfSSL_CTX_free
  1 - fuzz_enc_wolfSSL_CTX_load_verify_buffer
  2 - fuzz_enc_wolfSSL_CTX_new
  3 - fuzz_enc_wolfSSL_CTX_set_cipher_list
  4 - fuzz_enc_wolfSSL_CTX_use_PrivateKey_buffer
  5 - fuzz_enc_wolfSSL_CTX_use_certificate_buffer
  6 - fuzz_enc_wolfSSL_CTX_use_certificate_chain_buffer_format
  7 - fuzz_enc_wolfSSL_Cleanup
  8 - fuzz_enc_wolfSSL_Debugging_OFF
  9 - fuzz_enc_wolfSSL_Debugging_ON
  10 - fuzz_enc_wolfSSL_Init
  11 - fuzz_enc_wolfSSL_connect
  12 - fuzz_enc_wolfSSL_free
  13 - fuzz_enc_wolfSSL_get_error
  14 - fuzz_enc_wolfSSL_new
  15 - fuzz_enc_wolfSSL_read
  16 - fuzz_enc_wolfSSL_set_fd
  17 - fuzz_enc_wolfSSL_write
  18 - fuzz_enc_wolfTLSv1_2_client_method
  19 - fuzz_enc_wolfTLSv1_2_server_method
  20 - fuzz_wc_benchmark_test
  21 - fuzz_wc_test

INFO: found LLVMFuzzerCustomMutator (0x44ac30). Disabling -len_control by default.
INFO: libFuzzer ignores flags that start with '--'
INFO: Running with entropic power schedule (0xFF, 100).
INFO: Seed: 3977303298
INFO: Loaded 1 modules   (291 inline 8-bit counters): 291 [0x4cb7e8, 0x4cb90b), 
INFO: Loaded 1 PC tables (291 PCs): 291 [0x4cb910,0x4ccb40), 
INFO:        0 files found in /tmp/libFuzzerTemp.FuzzWithFork422940.dir/C75
[SGXSan] ALWAYS: Hook __sanitizer_cov_8bit_counters_init of Enclave, 21636 inline 8-bit counts [0x7f9c660679c0, 0x7f9c6606ce44) (First time)
[SGXSan] ALWAYS: Hook __sanitizer_cov_pcs_init of Enclave, 21636 PCs [0x7f9c6606ce48, 0x7f9c660c1688) (First time)
[SGXSan] ALWAYS: Enter enc_wolfSSL_CTX_free
[SGXSan] ALWAYS: Enter enc_wolfSSL_CTX_load_verify_buffer
[SGXSan] ALWAYS: Enter enc_wolfSSL_CTX_new
[SGXSan] ALWAYS: Enter enc_wolfSSL_CTX_set_cipher_list
[SGXSan] ALWAYS: Enter enc_wolfSSL_CTX_use_PrivateKey_buffer
[SGXSan] ALWAYS: Enter enc_wolfSSL_CTX_use_certificate_buffer
[SGXSan] ALWAYS: Enter enc_wolfSSL_CTX_use_certificate_chain_buffer_format
[SGXSan] ALWAYS: Enter enc_wolfSSL_Cleanup
[SGXSan] ALWAYS: Enter enc_wolfSSL_Debugging_OFF
[SGXSan] ALWAYS: Enter enc_wolfSSL_Debugging_ON
[SGXSan] ALWAYS: Enter enc_wolfSSL_Init
[SGXSan] ALWAYS: Enter enc_wolfSSL_connect
[SGXSan] ALWAYS: Enter enc_wolfSSL_free
[SGXSan] ALWAYS: Enter enc_wolfSSL_get_error
[SGXSan] ALWAYS: Enter enc_wolfSSL_new
[SGXSan] ALWAYS: Enter enc_wolfSSL_read
[SGXSan] ALWAYS: Enter enc_wolfSSL_set_fd
[SGXSan] ALWAYS: Enter enc_wolfSSL_write
[SGXSan] ALWAYS: Enter enc_wolfTLSv1_2_client_method
[SGXSan] ALWAYS: Enter enc_wolfTLSv1_2_server_method
[SGXSan] ALWAYS: Enter wc_benchmark_test
------------------------------------------------------------------------------
 wolfSSL version 5.1.0
------------------------------------------------------------------------------
wolfCrypt Benchmark (block bytes 1048576, min 1.0 sec each)
RNG                 15 MB took 1.150 seconds,   13.041 MB/s
AES-128-CBC-enc     35 MB took 1.068 seconds,   32.784 MB/s
AES-128-CBC-dec     30 MB took 1.001 seconds,   29.983 MB/s
AES-192-CBC-enc     30 MB took 1.055 seconds,   28.443 MB/s
AES-192-CBC-dec     30 MB took 1.168 seconds,   25.682 MB/s
AES-256-CBC-enc     30 MB took 1.177 seconds,   25.478 MB/s
AES-256-CBC-dec     25 MB took 1.079 seconds,   23.160 MB/s
AES-128-GCM-enc     25 MB took 1.017 seconds,   24.586 MB/s
AES-128-GCM-dec     25 MB took 1.009 seconds,   24.777 MB/s
AES-192-GCM-enc     25 MB took 1.135 seconds,   22.024 MB/s
AES-192-GCM-dec     25 MB took 1.176 seconds,   21.262 MB/s
AES-256-GCM-enc     20 MB took 1.039 seconds,   19.252 MB/s
AES-256-GCM-dec     20 MB took 1.031 seconds,   19.402 MB/s
GMAC Table 4-bit    68 MB took 1.013 seconds,   67.152 MB/s
RABBIT              90 MB took 1.017 seconds,   88.538 MB/s
3DES                10 MB took 1.123 seconds,    8.901 MB/s
MD5                300 MB took 1.006 seconds,  298.077 MB/s
SHA                130 MB took 1.036 seconds,  125.505 MB/s
SHA-256             35 MB took 1.114 seconds,   31.426 MB/s
HMAC-MD5           315 MB took 1.004 seconds,  313.848 MB/s
HMAC-SHA           135 MB took 1.037 seconds,  130.153 MB/s
HMAC-SHA256         35 MB took 1.136 seconds,   30.802 MB/s
PBKDF2               4 KB took 1.008 seconds,    3.657 KB/s
RSA     2048 public       1400 ops took 1.020 sec, avg 0.729 ms, 1372.480 ops/sec
RSA     2048 private       100 ops took 3.739 sec, avg 37.386 ms, 26.748 ops/sec
DH      2048 key gen        63 ops took 1.010 sec, avg 16.026 ms, 62.399 ops/sec
DH      2048 agree         100 ops took 1.574 sec, avg 15.744 ms, 63.516 ops/sec
ECC   [      SECP256R1]   256 key gen      1373 ops took 1.000 sec, avg 0.729 ms, 1372.423 ops/sec
ECDHE [      SECP256R1]   256 agree         900 ops took 1.020 sec, avg 1.133 ms, 882.514 ops/sec
ECDSA [      SECP256R1]   256 sign         1200 ops took 1.010 sec, avg 0.841 ms, 1188.645 ops/sec
ECDSA [      SECP256R1]   256 verify        900 ops took 1.057 sec, avg 1.174 ms, 851.725 ops/sec
Benchmark complete
[SGXSan] ALWAYS: Enter wc_test
INFO: A corpus is not provided, starting from an empty corpus
------------------------------------------------------------------------------
 wolfSSL version 5.1.0
------------------------------------------------------------------------------
error    test passed!
MEMORY   test passed!
base64   test passed!
asn      test passed!
RANDOM   test passed!
MD5      test passed!
MD4      test passed!
SHA      test passed!
SHA-256  test passed!
Hash     test passed!
HMAC-MD5 test passed!
HMAC-SHA test passed!
HMAC-SHA256 test passed!
GMAC     test passed!
HC-128   test passed!
Rabbit   test passed!
DES      test passed!
DES3     test passed!
AES      test passed!
AES192   test passed!
AES256   test passed!
AES-GCM  test passed!
RSA      test passed!
DH       test passed!
DSA      test passed!
PWDBASED test passed!
ECC      test passed!
ECC buffer test passed!
logging  test passed!
mutex    test passed!
memcb    test passed!
Test complete
[SGXSan] ALWAYS: Enter enc_wolfSSL_Init
[SGXSan] ALWAYS: Enter enc_wolfSSL_CTX_free
[SGXSan] ALWAYS: Enter enc_wolfSSL_CTX_load_verify_buffer
[SGXSan] ALWAYS: Enter enc_wolfSSL_CTX_new
[SGXSan] ALWAYS: Enter enc_wolfSSL_CTX_set_cipher_list
[SGXSan] ALWAYS: Enter enc_wolfSSL_CTX_use_PrivateKey_buffer
[SGXSan] ALWAYS: Enter enc_wolfSSL_CTX_use_certificate_buffer
[SGXSan] ALWAYS: Enter enc_wolfSSL_CTX_use_certificate_chain_buffer_format
[SGXSan] ALWAYS: Enter enc_wolfSSL_Cleanup
[SGXSan] ALWAYS: Enter enc_wolfSSL_Debugging_OFF
[SGXSan] ALWAYS: Enter enc_wolfSSL_Debugging_ON
[SGXSan] ALWAYS: Enter enc_wolfSSL_connect
[SGXSan] ALWAYS: Enter enc_wolfSSL_free
[SGXSan] ALWAYS: Enter enc_wolfSSL_get_error
[SGXSan] ALWAYS: Enter enc_wolfSSL_new
[SGXSan] ALWAYS: Enter enc_wolfSSL_read
[SGXSan] ALWAYS: Enter enc_wolfSSL_set_fd
[SGXSan] ALWAYS: Enter enc_wolfSSL_write
[SGXSan] ALWAYS: Enter enc_wolfTLSv1_2_client_method
[SGXSan] ALWAYS: Enter enc_wolfTLSv1_2_server_method
[SGXSan] ALWAYS: Enter wc_benchmark_test
------------------------------------------------------------------------------
 wolfSSL version 5.1.0
------------------------------------------------------------------------------
wolfCrypt Benchmark (block bytes 1048576, min 1.0 sec each)
RNG                 15 MB took 1.156 seconds,   12.977 MB/s
AES-128-CBC-enc     35 MB took 1.062 seconds,   32.960 MB/s
AES-128-CBC-dec     35 MB took 1.165 seconds,   30.050 MB/s
AES-192-CBC-enc     30 MB took 1.089 seconds,   27.546 MB/s
AES-192-CBC-dec     30 MB took 1.174 seconds,   25.554 MB/s
AES-256-CBC-enc     30 MB took 1.162 seconds,   25.809 MB/s
AES-256-CBC-dec     25 MB took 1.025 seconds,   24.381 MB/s
AES-128-GCM-enc     25 MB took 1.042 seconds,   23.998 MB/s
AES-128-GCM-dec     25 MB took 1.045 seconds,   23.914 MB/s
AES-192-GCM-enc     25 MB took 1.136 seconds,   22.001 MB/s
AES-192-GCM-dec     25 MB took 1.161 seconds,   21.527 MB/s
AES-256-GCM-enc     25 MB took 1.249 seconds,   20.018 MB/s
AES-256-GCM-dec     20 MB took 1.002 seconds,   19.954 MB/s
GMAC Table 4-bit    67 MB took 1.002 seconds,   66.887 MB/s
RABBIT              95 MB took 1.054 seconds,   90.128 MB/s
3DES                10 MB took 1.120 seconds,    8.926 MB/s
MD5                300 MB took 1.001 seconds,  299.826 MB/s
SHA                130 MB took 1.039 seconds,  125.159 MB/s
SHA-256             35 MB took 1.155 seconds,   30.295 MB/s
HMAC-MD5           300 MB took 1.010 seconds,  297.144 MB/s
HMAC-SHA           130 MB took 1.012 seconds,  128.447 MB/s
HMAC-SHA256         35 MB took 1.128 seconds,   31.041 MB/s
PBKDF2               4 KB took 1.000 seconds,    3.811 KB/s
RSA     2048 public       1400 ops took 1.017 sec, avg 0.727 ms, 1376.063 ops/sec
RSA     2048 private       100 ops took 3.744 sec, avg 37.444 ms, 26.707 ops/sec
DH      2048 key gen        61 ops took 1.002 sec, avg 16.423 ms, 60.890 ops/sec
DH      2048 agree         100 ops took 1.606 sec, avg 16.060 ms, 62.268 ops/sec
ECC   [      SECP256R1]   256 key gen      1380 ops took 1.000 sec, avg 0.725 ms, 1379.771 ops/sec
ECDHE [      SECP256R1]   256 agree        1000 ops took 1.105 sec, avg 1.105 ms, 905.126 ops/sec
ECDSA [      SECP256R1]   256 sign         1200 ops took 1.012 sec, avg 0.843 ms, 1186.087 ops/sec
ECDSA [      SECP256R1]   256 verify        900 ops took 1.054 sec, avg 1.171 ms, 853.646 ops/sec
Benchmark complete
[SGXSan] ALWAYS: Enter wc_test
#2	pulse  ft: 6289 exec/s: 0 rss: 48Mb
Slowest unit: 42 s:
artifact_prefix='./crashes/'; Test unit written to ./crashes/slow-unit-adc83b19e793491b1c6ea0fd8b46cd9f32e592fc
Base64: Cg==
#2	INITED cov: 6289 ft: 6289 corp: 1/1b exec/s: 0 rss: 49Mb
#2	DONE   cov: 6289 ft: 6289 corp: 1/1b lim: 4 exec/s: 0 rss: 49Mb
Done 2 runs in 84 second(s)
stat::number_of_executed_units: 2
stat::average_exec_per_sec:     0
stat::new_units_added:          0
stat::slowest_unit_time_sec:    42
stat::peak_rss_mb:              49
------------------------------------------------------------------------------
 wolfSSL version 5.1.0
------------------------------------------------------------------------------
error    test passed!
MEMORY   test passed!
base64   test passed!
asn      test passed!
RANDOM   test passed!
MD5      test passed!
MD4      test passed!
SHA      test passed!
SHA-256  test passed!
Hash     test passed!
HMAC-MD5 test passed!
HMAC-SHA test passed!
HMAC-SHA256 test passed!
GMAC     test passed!
HC-128   test passed!
Rabbit   test passed!
DES      test passed!
DES3     test passed!
AES      test passed!
AES192   test passed!
AES256   test passed!
AES-GCM  test passed!
RSA      test passed!
DH       test passed!
DSA      test passed!
PWDBASED test passed!
ECC      test passed!
ECC buffer test passed!
logging  test passed!
mutex    test passed!
memcb    test failed!
 error = -13803
