WARNING: Failed to find function "__sanitizer_acquire_crash_state".
WARNING: Failed to find function "__sanitizer_print_stack_trace".
WARNING: Failed to find function "__sanitizer_set_death_callback".
[2023-01-15 17:14:26.698] [Init] Num of ECall: 22
[2023-01-15 17:14:26.698] ECalls:
  0 - fuzz_enc_wolfSSL_CTX_free
  1 - fuzz_enc_wolfSSL_CTX_load_verify_buffer
  2 - fuzz_enc_wolfSSL_CTX_new
  3 - fuzz_enc_wolfSSL_CTX_set_cipher_list
  4 - fuzz_enc_wolfSSL_CTX_use_PrivateKey_buffer
  5 - fuzz_enc_wolfSSL_CTX_use_certificate_buffer
  6 - fuzz_enc_wolfSSL_CTX_use_certificate_chain_buffer_format
  7 - fuzz_enc_wolfSSL_Cleanup
  8 - fuzz_enc_wolfSSL_Debugging_OFF
  9 - fuzz_enc_wolfSSL_Debugging_ON
  10 - fuzz_enc_wolfSSL_Init
  11 - fuzz_enc_wolfSSL_connect
  12 - fuzz_enc_wolfSSL_free
  13 - fuzz_enc_wolfSSL_get_error
  14 - fuzz_enc_wolfSSL_new
  15 - fuzz_enc_wolfSSL_read
  16 - fuzz_enc_wolfSSL_set_fd
  17 - fuzz_enc_wolfSSL_write
  18 - fuzz_enc_wolfTLSv1_2_client_method
  19 - fuzz_enc_wolfTLSv1_2_server_method
  20 - fuzz_wc_benchmark_test
  21 - fuzz_wc_test

INFO: found LLVMFuzzerCustomMutator (0x44ac30). Disabling -len_control by default.
INFO: libFuzzer ignores flags that start with '--'
INFO: Running with entropic power schedule (0xFF, 100).
INFO: Seed: 1205804017
INFO: Loaded 1 modules   (291 inline 8-bit counters): 291 [0x4cb7e8, 0x4cb90b), 
INFO: Loaded 1 PC tables (291 PCs): 291 [0x4cb910,0x4ccb40), 
INFO:        0 files found in /tmp/libFuzzerTemp.FuzzWithFork422940.dir/C76
[SGXSan] ALWAYS: Hook __sanitizer_cov_8bit_counters_init of Enclave, 21636 inline 8-bit counts [0x7faa2d6859c0, 0x7faa2d68ae44) (First time)
[SGXSan] ALWAYS: Hook __sanitizer_cov_pcs_init of Enclave, 21636 PCs [0x7faa2d68ae48, 0x7faa2d6df688) (First time)
[SGXSan] ALWAYS: Enter enc_wolfSSL_CTX_free
[SGXSan] ALWAYS: Enter enc_wolfSSL_CTX_load_verify_buffer
[SGXSan] ALWAYS: Enter enc_wolfSSL_CTX_new
[SGXSan] ALWAYS: Enter enc_wolfSSL_CTX_set_cipher_list
[SGXSan] ALWAYS: Enter enc_wolfSSL_CTX_use_PrivateKey_buffer
[SGXSan] ALWAYS: Enter enc_wolfSSL_CTX_use_certificate_buffer
[SGXSan] ALWAYS: Enter enc_wolfSSL_CTX_use_certificate_chain_buffer_format
[SGXSan] ALWAYS: Enter enc_wolfSSL_Cleanup
[SGXSan] ALWAYS: Enter enc_wolfSSL_Debugging_OFF
[SGXSan] ALWAYS: Enter enc_wolfSSL_Debugging_ON
[SGXSan] ALWAYS: Enter enc_wolfSSL_Init
[SGXSan] ALWAYS: Enter enc_wolfSSL_connect
[SGXSan] ALWAYS: Enter enc_wolfSSL_free
[SGXSan] ALWAYS: Enter enc_wolfSSL_get_error
[SGXSan] ALWAYS: Enter enc_wolfSSL_new
[SGXSan] ALWAYS: Enter enc_wolfSSL_read
[SGXSan] ALWAYS: Enter enc_wolfSSL_set_fd
[SGXSan] ALWAYS: Enter enc_wolfSSL_write
[SGXSan] ALWAYS: Enter enc_wolfTLSv1_2_client_method
[SGXSan] ALWAYS: Enter enc_wolfTLSv1_2_server_method
[SGXSan] ALWAYS: Enter wc_benchmark_test
------------------------------------------------------------------------------
 wolfSSL version 5.1.0
------------------------------------------------------------------------------
wolfCrypt Benchmark (block bytes 1048576, min 1.0 sec each)
RNG                 15 MB took 1.149 seconds,   13.056 MB/s
AES-128-CBC-enc     35 MB took 1.079 seconds,   32.438 MB/s
AES-128-CBC-dec     30 MB took 1.013 seconds,   29.620 MB/s
AES-192-CBC-enc     30 MB took 1.046 seconds,   28.673 MB/s
AES-192-CBC-dec     30 MB took 1.100 seconds,   27.269 MB/s
AES-256-CBC-enc     30 MB took 1.184 seconds,   25.342 MB/s
AES-256-CBC-dec     25 MB took 1.063 seconds,   23.515 MB/s
AES-128-GCM-enc     25 MB took 1.060 seconds,   23.591 MB/s
AES-128-GCM-dec     25 MB took 1.061 seconds,   23.566 MB/s
AES-192-GCM-enc     25 MB took 1.189 seconds,   21.024 MB/s
AES-192-GCM-dec     25 MB took 1.187 seconds,   21.067 MB/s
AES-256-GCM-enc     20 MB took 1.027 seconds,   19.468 MB/s
AES-256-GCM-dec     20 MB took 1.023 seconds,   19.546 MB/s
GMAC Table 4-bit    70 MB took 1.002 seconds,   69.894 MB/s
RABBIT              95 MB took 1.029 seconds,   92.348 MB/s
3DES                10 MB took 1.054 seconds,    9.491 MB/s
MD5                310 MB took 1.001 seconds,  309.809 MB/s
SHA                130 MB took 1.035 seconds,  125.625 MB/s
SHA-256             35 MB took 1.151 seconds,   30.419 MB/s
HMAC-MD5           300 MB took 1.005 seconds,  298.432 MB/s
HMAC-SHA           130 MB took 1.028 seconds,  126.451 MB/s
HMAC-SHA256         35 MB took 1.164 seconds,   30.066 MB/s
PBKDF2               4 KB took 1.002 seconds,    3.742 KB/s
RSA     2048 public       1400 ops took 1.039 sec, avg 0.742 ms, 1347.974 ops/sec
RSA     2048 private       100 ops took 3.621 sec, avg 36.206 ms, 27.619 ops/sec
DH      2048 key gen        65 ops took 1.006 sec, avg 15.473 ms, 64.630 ops/sec
DH      2048 agree         100 ops took 1.539 sec, avg 15.391 ms, 64.974 ops/sec
ECC   [      SECP256R1]   256 key gen      1435 ops took 1.000 sec, avg 0.697 ms, 1434.852 ops/sec
ECDHE [      SECP256R1]   256 agree        1000 ops took 1.100 sec, avg 1.100 ms, 909.103 ops/sec
ECDSA [      SECP256R1]   256 sign         1200 ops took 1.014 sec, avg 0.845 ms, 1183.211 ops/sec
ECDSA [      SECP256R1]   256 verify        900 ops took 1.055 sec, avg 1.172 ms, 853.030 ops/sec
Benchmark complete
[SGXSan] ALWAYS: Enter wc_test
INFO: A corpus is not provided, starting from an empty corpus
------------------------------------------------------------------------------
 wolfSSL version 5.1.0
------------------------------------------------------------------------------
error    test passed!
MEMORY   test passed!
base64   test passed!
asn      test passed!
RANDOM   test passed!
MD5      test passed!
MD4      test passed!
SHA      test passed!
SHA-256  test passed!
Hash     test passed!
HMAC-MD5 test passed!
HMAC-SHA test passed!
HMAC-SHA256 test passed!
GMAC     test passed!
HC-128   test passed!
Rabbit   test passed!
DES      test passed!
DES3     test passed!
AES      test passed!
AES192   test passed!
AES256   test passed!
AES-GCM  test passed!
RSA      test passed!
DH       test passed!
DSA      test passed!
PWDBASED test passed!
ECC      test passed!
ECC buffer test passed!
logging  test passed!
mutex    test passed!
memcb    test passed!
Test complete
[SGXSan] ALWAYS: Enter enc_wolfSSL_Init
[SGXSan] ALWAYS: Enter enc_wolfSSL_CTX_free
[SGXSan] ALWAYS: Enter enc_wolfSSL_CTX_load_verify_buffer
[SGXSan] ALWAYS: Enter enc_wolfSSL_CTX_new
[SGXSan] ALWAYS: Enter enc_wolfSSL_CTX_set_cipher_list
[SGXSan] ALWAYS: Enter enc_wolfSSL_CTX_use_PrivateKey_buffer
[SGXSan] ALWAYS: Enter enc_wolfSSL_CTX_use_certificate_buffer
[SGXSan] ALWAYS: Enter enc_wolfSSL_CTX_use_certificate_chain_buffer_format
[SGXSan] ALWAYS: Enter enc_wolfSSL_Cleanup
[SGXSan] ALWAYS: Enter enc_wolfSSL_Debugging_OFF
[SGXSan] ALWAYS: Enter enc_wolfSSL_Debugging_ON
[SGXSan] ALWAYS: Enter enc_wolfSSL_connect
[SGXSan] ALWAYS: Enter enc_wolfSSL_free
[SGXSan] ALWAYS: Enter enc_wolfSSL_get_error
[SGXSan] ALWAYS: Enter enc_wolfSSL_new
[SGXSan] ALWAYS: Enter enc_wolfSSL_read
[SGXSan] ALWAYS: Enter enc_wolfSSL_set_fd
[SGXSan] ALWAYS: Enter enc_wolfSSL_write
[SGXSan] ALWAYS: Enter enc_wolfTLSv1_2_client_method
[SGXSan] ALWAYS: Enter enc_wolfTLSv1_2_server_method
[SGXSan] ALWAYS: Enter wc_benchmark_test
------------------------------------------------------------------------------
 wolfSSL version 5.1.0
------------------------------------------------------------------------------
wolfCrypt Benchmark (block bytes 1048576, min 1.0 sec each)
RNG                 15 MB took 1.163 seconds,   12.902 MB/s
AES-128-CBC-enc     35 MB took 1.075 seconds,   32.570 MB/s
AES-128-CBC-dec     35 MB took 1.152 seconds,   30.381 MB/s
AES-192-CBC-enc     30 MB took 1.083 seconds,   27.689 MB/s
AES-192-CBC-dec     30 MB took 1.159 seconds,   25.879 MB/s
AES-256-CBC-enc     25 MB took 1.011 seconds,   24.722 MB/s
AES-256-CBC-dec     25 MB took 1.061 seconds,   23.553 MB/s
AES-128-GCM-enc     25 MB took 1.037 seconds,   24.114 MB/s
AES-128-GCM-dec     25 MB took 1.033 seconds,   24.197 MB/s
AES-192-GCM-enc     25 MB took 1.168 seconds,   21.399 MB/s
AES-192-GCM-dec     25 MB took 1.178 seconds,   21.227 MB/s
AES-256-GCM-enc     25 MB took 1.251 seconds,   19.980 MB/s
AES-256-GCM-dec     25 MB took 1.240 seconds,   20.165 MB/s
GMAC Table 4-bit    71 MB took 1.006 seconds,   70.559 MB/s
RABBIT              95 MB took 1.005 seconds,   94.501 MB/s
3DES                10 MB took 1.092 seconds,    9.161 MB/s
MD5                310 MB took 1.011 seconds,  306.656 MB/s
SHA                130 MB took 1.012 seconds,  128.463 MB/s
SHA-256             35 MB took 1.101 seconds,   31.801 MB/s
HMAC-MD5           310 MB took 1.009 seconds,  307.207 MB/s
HMAC-SHA           130 MB took 1.008 seconds,  128.995 MB/s
HMAC-SHA256         35 MB took 1.134 seconds,   30.862 MB/s
PBKDF2               4 KB took 1.001 seconds,    3.747 KB/s
RSA     2048 public       1400 ops took 1.009 sec, avg 0.721 ms, 1387.579 ops/sec
RSA     2048 private       100 ops took 3.713 sec, avg 37.125 ms, 26.936 ops/sec
DH      2048 key gen        64 ops took 1.000 sec, avg 15.627 ms, 63.991 ops/sec
DH      2048 agree         100 ops took 1.554 sec, avg 15.538 ms, 64.357 ops/sec
ECC   [      SECP256R1]   256 key gen      1431 ops took 1.001 sec, avg 0.699 ms, 1430.195 ops/sec
ECDHE [      SECP256R1]   256 agree        1000 ops took 1.045 sec, avg 1.045 ms, 956.728 ops/sec
ECDSA [      SECP256R1]   256 sign         1300 ops took 1.079 sec, avg 0.830 ms, 1205.226 ops/sec
ECDSA [      SECP256R1]   256 verify        900 ops took 1.013 sec, avg 1.126 ms, 888.145 ops/sec
Benchmark complete
[SGXSan] ALWAYS: Enter wc_test
#2	pulse  ft: 6287 exec/s: 0 rss: 48Mb
Slowest unit: 42 s:
artifact_prefix='./crashes/'; Test unit written to ./crashes/slow-unit-adc83b19e793491b1c6ea0fd8b46cd9f32e592fc
Base64: Cg==
#2	INITED cov: 6287 ft: 6287 corp: 1/1b exec/s: 0 rss: 49Mb
#2	DONE   cov: 6287 ft: 6287 corp: 1/1b lim: 4 exec/s: 0 rss: 49Mb
Done 2 runs in 84 second(s)
stat::number_of_executed_units: 2
stat::average_exec_per_sec:     0
stat::new_units_added:          0
stat::slowest_unit_time_sec:    42
stat::peak_rss_mb:              49
------------------------------------------------------------------------------
 wolfSSL version 5.1.0
------------------------------------------------------------------------------
error    test passed!
MEMORY   test passed!
base64   test passed!
asn      test passed!
RANDOM   test passed!
MD5      test passed!
MD4      test passed!
SHA      test passed!
SHA-256  test passed!
Hash     test passed!
HMAC-MD5 test passed!
HMAC-SHA test passed!
HMAC-SHA256 test passed!
GMAC     test passed!
HC-128   test passed!
Rabbit   test passed!
DES      test passed!
DES3     test passed!
AES      test passed!
AES192   test passed!
AES256   test passed!
AES-GCM  test passed!
RSA      test passed!
DH       test passed!
DSA      test passed!
PWDBASED test passed!
ECC      test passed!
ECC buffer test passed!
logging  test passed!
mutex    test passed!
memcb    test failed!
 error = -13803
