WARNING: Failed to find function "__sanitizer_acquire_crash_state".
WARNING: Failed to find function "__sanitizer_print_stack_trace".
WARNING: Failed to find function "__sanitizer_set_death_callback".
[2023-01-15 17:15:54.244] [Init] Num of ECall: 22
[2023-01-15 17:15:54.244] ECalls:
  0 - fuzz_enc_wolfSSL_CTX_free
  1 - fuzz_enc_wolfSSL_CTX_load_verify_buffer
  2 - fuzz_enc_wolfSSL_CTX_new
  3 - fuzz_enc_wolfSSL_CTX_set_cipher_list
  4 - fuzz_enc_wolfSSL_CTX_use_PrivateKey_buffer
  5 - fuzz_enc_wolfSSL_CTX_use_certificate_buffer
  6 - fuzz_enc_wolfSSL_CTX_use_certificate_chain_buffer_format
  7 - fuzz_enc_wolfSSL_Cleanup
  8 - fuzz_enc_wolfSSL_Debugging_OFF
  9 - fuzz_enc_wolfSSL_Debugging_ON
  10 - fuzz_enc_wolfSSL_Init
  11 - fuzz_enc_wolfSSL_connect
  12 - fuzz_enc_wolfSSL_free
  13 - fuzz_enc_wolfSSL_get_error
  14 - fuzz_enc_wolfSSL_new
  15 - fuzz_enc_wolfSSL_read
  16 - fuzz_enc_wolfSSL_set_fd
  17 - fuzz_enc_wolfSSL_write
  18 - fuzz_enc_wolfTLSv1_2_client_method
  19 - fuzz_enc_wolfTLSv1_2_server_method
  20 - fuzz_wc_benchmark_test
  21 - fuzz_wc_test

INFO: found LLVMFuzzerCustomMutator (0x44ac30). Disabling -len_control by default.
INFO: libFuzzer ignores flags that start with '--'
INFO: Running with entropic power schedule (0xFF, 100).
INFO: Seed: 2852426430
INFO: Loaded 1 modules   (291 inline 8-bit counters): 291 [0x4cb7e8, 0x4cb90b), 
INFO: Loaded 1 PC tables (291 PCs): 291 [0x4cb910,0x4ccb40), 
INFO:        0 files found in /tmp/libFuzzerTemp.FuzzWithFork422940.dir/C80
[SGXSan] ALWAYS: Hook __sanitizer_cov_8bit_counters_init of Enclave, 21636 inline 8-bit counts [0x7f5f047099c0, 0x7f5f0470ee44) (First time)
[SGXSan] ALWAYS: Hook __sanitizer_cov_pcs_init of Enclave, 21636 PCs [0x7f5f0470ee48, 0x7f5f04763688) (First time)
[SGXSan] ALWAYS: Enter enc_wolfSSL_CTX_free
[SGXSan] ALWAYS: Enter enc_wolfSSL_CTX_load_verify_buffer
[SGXSan] ALWAYS: Enter enc_wolfSSL_CTX_new
[SGXSan] ALWAYS: Enter enc_wolfSSL_CTX_set_cipher_list
[SGXSan] ALWAYS: Enter enc_wolfSSL_CTX_use_PrivateKey_buffer
[SGXSan] ALWAYS: Enter enc_wolfSSL_CTX_use_certificate_buffer
[SGXSan] ALWAYS: Enter enc_wolfSSL_CTX_use_certificate_chain_buffer_format
[SGXSan] ALWAYS: Enter enc_wolfSSL_Cleanup
[SGXSan] ALWAYS: Enter enc_wolfSSL_Debugging_OFF
[SGXSan] ALWAYS: Enter enc_wolfSSL_Debugging_ON
[SGXSan] ALWAYS: Enter enc_wolfSSL_Init
[SGXSan] ALWAYS: Enter enc_wolfSSL_connect
[SGXSan] ALWAYS: Enter enc_wolfSSL_free
[SGXSan] ALWAYS: Enter enc_wolfSSL_get_error
[SGXSan] ALWAYS: Enter enc_wolfSSL_new
[SGXSan] ALWAYS: Enter enc_wolfSSL_read
[SGXSan] ALWAYS: Enter enc_wolfSSL_set_fd
[SGXSan] ALWAYS: Enter enc_wolfSSL_write
[SGXSan] ALWAYS: Enter enc_wolfTLSv1_2_client_method
[SGXSan] ALWAYS: Enter enc_wolfTLSv1_2_server_method
[SGXSan] ALWAYS: Enter wc_benchmark_test
------------------------------------------------------------------------------
 wolfSSL version 5.1.0
------------------------------------------------------------------------------
wolfCrypt Benchmark (block bytes 1048576, min 1.0 sec each)
RNG                 15 MB took 1.143 seconds,   13.123 MB/s
AES-128-CBC-enc     35 MB took 1.078 seconds,   32.472 MB/s
AES-128-CBC-dec     30 MB took 1.004 seconds,   29.867 MB/s
AES-192-CBC-enc     30 MB took 1.077 seconds,   27.844 MB/s
AES-192-CBC-dec     30 MB took 1.139 seconds,   26.328 MB/s
AES-256-CBC-enc     25 MB took 1.019 seconds,   24.536 MB/s
AES-256-CBC-dec     25 MB took 1.064 seconds,   23.494 MB/s
AES-128-GCM-enc     25 MB took 1.058 seconds,   23.628 MB/s
AES-128-GCM-dec     25 MB took 1.051 seconds,   23.791 MB/s
AES-192-GCM-enc     25 MB took 1.199 seconds,   20.851 MB/s
AES-192-GCM-dec     25 MB took 1.200 seconds,   20.825 MB/s
AES-256-GCM-enc     20 MB took 1.037 seconds,   19.283 MB/s
AES-256-GCM-dec     20 MB took 1.055 seconds,   18.954 MB/s
GMAC Table 4-bit    68 MB took 1.001 seconds,   67.931 MB/s
RABBIT              90 MB took 1.020 seconds,   88.257 MB/s
3DES                10 MB took 1.110 seconds,    9.009 MB/s
MD5                300 MB took 1.006 seconds,  298.269 MB/s
SHA                130 MB took 1.002 seconds,  129.719 MB/s
SHA-256             35 MB took 1.134 seconds,   30.863 MB/s
HMAC-MD5           310 MB took 1.003 seconds,  309.052 MB/s
HMAC-SHA           130 MB took 1.013 seconds,  128.310 MB/s
HMAC-SHA256         35 MB took 1.096 seconds,   31.930 MB/s
PBKDF2               4 KB took 1.008 seconds,    3.876 KB/s
RSA     2048 public       1500 ops took 1.036 sec, avg 0.691 ms, 1448.141 ops/sec
RSA     2048 private       100 ops took 3.835 sec, avg 38.346 ms, 26.078 ops/sec
DH      2048 key gen        65 ops took 1.004 sec, avg 15.450 ms, 64.724 ops/sec
DH      2048 agree         100 ops took 1.566 sec, avg 15.664 ms, 63.839 ops/sec
ECC   [      SECP256R1]   256 key gen      1388 ops took 1.000 sec, avg 0.721 ms, 1387.843 ops/sec
ECDHE [      SECP256R1]   256 agree         900 ops took 1.010 sec, avg 1.123 ms, 890.753 ops/sec
ECDSA [      SECP256R1]   256 sign         1300 ops took 1.047 sec, avg 0.805 ms, 1242.115 ops/sec
ECDSA [      SECP256R1]   256 verify        900 ops took 1.045 sec, avg 1.161 ms, 861.579 ops/sec
Benchmark complete
[SGXSan] ALWAYS: Enter wc_test
INFO: A corpus is not provided, starting from an empty corpus
------------------------------------------------------------------------------
 wolfSSL version 5.1.0
------------------------------------------------------------------------------
error    test passed!
MEMORY   test passed!
base64   test passed!
asn      test passed!
RANDOM   test passed!
MD5      test passed!
MD4      test passed!
SHA      test passed!
SHA-256  test passed!
Hash     test passed!
HMAC-MD5 test passed!
HMAC-SHA test passed!
HMAC-SHA256 test passed!
GMAC     test passed!
HC-128   test passed!
Rabbit   test passed!
DES      test passed!
DES3     test passed!
AES      test passed!
AES192   test passed!
AES256   test passed!
AES-GCM  test passed!
RSA      test passed!
DH       test passed!
DSA      test passed!
PWDBASED test passed!
ECC      test passed!
ECC buffer test passed!
logging  test passed!
mutex    test passed!
memcb    test passed!
Test complete
[SGXSan] ALWAYS: Enter enc_wolfSSL_Init
[SGXSan] ALWAYS: Enter enc_wolfSSL_CTX_free
[SGXSan] ALWAYS: Enter enc_wolfSSL_CTX_load_verify_buffer
[SGXSan] ALWAYS: Enter enc_wolfSSL_CTX_new
[SGXSan] ALWAYS: Enter enc_wolfSSL_CTX_set_cipher_list
[SGXSan] ALWAYS: Enter enc_wolfSSL_CTX_use_PrivateKey_buffer
[SGXSan] ALWAYS: Enter enc_wolfSSL_CTX_use_certificate_buffer
[SGXSan] ALWAYS: Enter enc_wolfSSL_CTX_use_certificate_chain_buffer_format
[SGXSan] ALWAYS: Enter enc_wolfSSL_Cleanup
[SGXSan] ALWAYS: Enter enc_wolfSSL_Debugging_OFF
[SGXSan] ALWAYS: Enter enc_wolfSSL_Debugging_ON
[SGXSan] ALWAYS: Enter enc_wolfSSL_connect
[SGXSan] ALWAYS: Enter enc_wolfSSL_free
[SGXSan] ALWAYS: Enter enc_wolfSSL_get_error
[SGXSan] ALWAYS: Enter enc_wolfSSL_new
[SGXSan] ALWAYS: Enter enc_wolfSSL_read
[SGXSan] ALWAYS: Enter enc_wolfSSL_set_fd
[SGXSan] ALWAYS: Enter enc_wolfSSL_write
[SGXSan] ALWAYS: Enter enc_wolfTLSv1_2_client_method
[SGXSan] ALWAYS: Enter enc_wolfTLSv1_2_server_method
[SGXSan] ALWAYS: Enter wc_benchmark_test
------------------------------------------------------------------------------
 wolfSSL version 5.1.0
------------------------------------------------------------------------------
wolfCrypt Benchmark (block bytes 1048576, min 1.0 sec each)
RNG                 15 MB took 1.156 seconds,   12.973 MB/s
AES-128-CBC-enc     35 MB took 1.070 seconds,   32.710 MB/s
AES-128-CBC-dec     35 MB took 1.145 seconds,   30.557 MB/s
AES-192-CBC-enc     30 MB took 1.070 seconds,   28.036 MB/s
AES-192-CBC-dec     30 MB took 1.113 seconds,   26.961 MB/s
AES-256-CBC-enc     30 MB took 1.140 seconds,   26.319 MB/s
AES-256-CBC-dec     25 MB took 1.043 seconds,   23.980 MB/s
AES-128-GCM-enc     25 MB took 1.022 seconds,   24.472 MB/s
AES-128-GCM-dec     25 MB took 1.050 seconds,   23.808 MB/s
AES-192-GCM-enc     25 MB took 1.176 seconds,   21.256 MB/s
AES-192-GCM-dec     25 MB took 1.194 seconds,   20.939 MB/s
AES-256-GCM-enc     20 MB took 1.054 seconds,   18.970 MB/s
AES-256-GCM-dec     20 MB took 1.048 seconds,   19.075 MB/s
GMAC Table 4-bit    67 MB took 1.003 seconds,   66.794 MB/s
RABBIT              95 MB took 1.050 seconds,   90.463 MB/s
3DES                10 MB took 1.116 seconds,    8.958 MB/s
MD5                300 MB took 1.009 seconds,  297.299 MB/s
SHA                125 MB took 1.011 seconds,  123.654 MB/s
SHA-256             30 MB took 1.078 seconds,   27.841 MB/s
HMAC-MD5           300 MB took 1.011 seconds,  296.756 MB/s
HMAC-SHA           130 MB took 1.016 seconds,  127.918 MB/s
HMAC-SHA256         35 MB took 1.157 seconds,   30.258 MB/s
PBKDF2               4 KB took 1.005 seconds,    3.669 KB/s
RSA     2048 public       1400 ops took 1.032 sec, avg 0.737 ms, 1357.044 ops/sec
RSA     2048 private       100 ops took 3.749 sec, avg 37.490 ms, 26.673 ops/sec
DH      2048 key gen        63 ops took 1.008 sec, avg 15.997 ms, 62.511 ops/sec
DH      2048 agree         100 ops took 1.593 sec, avg 15.934 ms, 62.761 ops/sec
ECC   [      SECP256R1]   256 key gen      1374 ops took 1.001 sec, avg 0.728 ms, 1373.302 ops/sec
ECDHE [      SECP256R1]   256 agree         900 ops took 1.005 sec, avg 1.116 ms, 895.818 ops/sec
ECDSA [      SECP256R1]   256 sign         1300 ops took 1.079 sec, avg 0.830 ms, 1205.296 ops/sec
ECDSA [      SECP256R1]   256 verify        900 ops took 1.115 sec, avg 1.239 ms, 807.042 ops/sec
Benchmark complete
[SGXSan] ALWAYS: Enter wc_test
#2	pulse  ft: 6288 exec/s: 0 rss: 48Mb
Slowest unit: 42 s:
artifact_prefix='./crashes/'; Test unit written to ./crashes/slow-unit-adc83b19e793491b1c6ea0fd8b46cd9f32e592fc
Base64: Cg==
#2	INITED cov: 6288 ft: 6288 corp: 1/1b exec/s: 0 rss: 49Mb
#2	DONE   cov: 6288 ft: 6288 corp: 1/1b lim: 4 exec/s: 0 rss: 49Mb
Done 2 runs in 84 second(s)
stat::number_of_executed_units: 2
stat::average_exec_per_sec:     0
stat::new_units_added:          0
stat::slowest_unit_time_sec:    42
stat::peak_rss_mb:              49
------------------------------------------------------------------------------
 wolfSSL version 5.1.0
------------------------------------------------------------------------------
error    test passed!
MEMORY   test passed!
base64   test passed!
asn      test passed!
RANDOM   test passed!
MD5      test passed!
MD4      test passed!
SHA      test passed!
SHA-256  test passed!
Hash     test passed!
HMAC-MD5 test passed!
HMAC-SHA test passed!
HMAC-SHA256 test passed!
GMAC     test passed!
HC-128   test passed!
Rabbit   test passed!
DES      test passed!
DES3     test passed!
AES      test passed!
AES192   test passed!
AES256   test passed!
AES-GCM  test passed!
RSA      test passed!
DH       test passed!
DSA      test passed!
PWDBASED test passed!
ECC      test passed!
ECC buffer test passed!
logging  test passed!
mutex    test passed!
memcb    test failed!
 error = -13803
