WARNING: Failed to find function "__sanitizer_acquire_crash_state".
WARNING: Failed to find function "__sanitizer_print_stack_trace".
WARNING: Failed to find function "__sanitizer_set_death_callback".
[2023-01-15 17:15:56.391] [Init] Num of ECall: 22
[2023-01-15 17:15:56.391] ECalls:
  0 - fuzz_enc_wolfSSL_CTX_free
  1 - fuzz_enc_wolfSSL_CTX_load_verify_buffer
  2 - fuzz_enc_wolfSSL_CTX_new
  3 - fuzz_enc_wolfSSL_CTX_set_cipher_list
  4 - fuzz_enc_wolfSSL_CTX_use_PrivateKey_buffer
  5 - fuzz_enc_wolfSSL_CTX_use_certificate_buffer
  6 - fuzz_enc_wolfSSL_CTX_use_certificate_chain_buffer_format
  7 - fuzz_enc_wolfSSL_Cleanup
  8 - fuzz_enc_wolfSSL_Debugging_OFF
  9 - fuzz_enc_wolfSSL_Debugging_ON
  10 - fuzz_enc_wolfSSL_Init
  11 - fuzz_enc_wolfSSL_connect
  12 - fuzz_enc_wolfSSL_free
  13 - fuzz_enc_wolfSSL_get_error
  14 - fuzz_enc_wolfSSL_new
  15 - fuzz_enc_wolfSSL_read
  16 - fuzz_enc_wolfSSL_set_fd
  17 - fuzz_enc_wolfSSL_write
  18 - fuzz_enc_wolfTLSv1_2_client_method
  19 - fuzz_enc_wolfTLSv1_2_server_method
  20 - fuzz_wc_benchmark_test
  21 - fuzz_wc_test

INFO: found LLVMFuzzerCustomMutator (0x44ac30). Disabling -len_control by default.
INFO: libFuzzer ignores flags that start with '--'
INFO: Running with entropic power schedule (0xFF, 100).
INFO: Seed: 704446219
INFO: Loaded 1 modules   (291 inline 8-bit counters): 291 [0x4cb7e8, 0x4cb90b), 
INFO: Loaded 1 PC tables (291 PCs): 291 [0x4cb910,0x4ccb40), 
INFO:        0 files found in /tmp/libFuzzerTemp.FuzzWithFork422940.dir/C81
[SGXSan] ALWAYS: Hook __sanitizer_cov_8bit_counters_init of Enclave, 21636 inline 8-bit counts [0x7f7d104919c0, 0x7f7d10496e44) (First time)
[SGXSan] ALWAYS: Hook __sanitizer_cov_pcs_init of Enclave, 21636 PCs [0x7f7d10496e48, 0x7f7d104eb688) (First time)
[SGXSan] ALWAYS: Enter enc_wolfSSL_CTX_free
[SGXSan] ALWAYS: Enter enc_wolfSSL_CTX_load_verify_buffer
[SGXSan] ALWAYS: Enter enc_wolfSSL_CTX_new
[SGXSan] ALWAYS: Enter enc_wolfSSL_CTX_set_cipher_list
[SGXSan] ALWAYS: Enter enc_wolfSSL_CTX_use_PrivateKey_buffer
[SGXSan] ALWAYS: Enter enc_wolfSSL_CTX_use_certificate_buffer
[SGXSan] ALWAYS: Enter enc_wolfSSL_CTX_use_certificate_chain_buffer_format
[SGXSan] ALWAYS: Enter enc_wolfSSL_Cleanup
[SGXSan] ALWAYS: Enter enc_wolfSSL_Debugging_OFF
[SGXSan] ALWAYS: Enter enc_wolfSSL_Debugging_ON
[SGXSan] ALWAYS: Enter enc_wolfSSL_Init
[SGXSan] ALWAYS: Enter enc_wolfSSL_connect
[SGXSan] ALWAYS: Enter enc_wolfSSL_free
[SGXSan] ALWAYS: Enter enc_wolfSSL_get_error
[SGXSan] ALWAYS: Enter enc_wolfSSL_new
[SGXSan] ALWAYS: Enter enc_wolfSSL_read
[SGXSan] ALWAYS: Enter enc_wolfSSL_set_fd
[SGXSan] ALWAYS: Enter enc_wolfSSL_write
[SGXSan] ALWAYS: Enter enc_wolfTLSv1_2_client_method
[SGXSan] ALWAYS: Enter enc_wolfTLSv1_2_server_method
[SGXSan] ALWAYS: Enter wc_benchmark_test
------------------------------------------------------------------------------
 wolfSSL version 5.1.0
------------------------------------------------------------------------------
wolfCrypt Benchmark (block bytes 1048576, min 1.0 sec each)
RNG                 15 MB took 1.143 seconds,   13.124 MB/s
AES-128-CBC-enc     35 MB took 1.068 seconds,   32.771 MB/s
AES-128-CBC-dec     35 MB took 1.156 seconds,   30.279 MB/s
AES-192-CBC-enc     30 MB took 1.091 seconds,   27.508 MB/s
AES-192-CBC-dec     30 MB took 1.156 seconds,   25.945 MB/s
AES-256-CBC-enc     30 MB took 1.175 seconds,   25.530 MB/s
AES-256-CBC-dec     25 MB took 1.032 seconds,   24.235 MB/s
AES-128-GCM-enc     25 MB took 1.068 seconds,   23.409 MB/s
AES-128-GCM-dec     25 MB took 1.069 seconds,   23.376 MB/s
AES-192-GCM-enc     25 MB took 1.202 seconds,   20.795 MB/s
AES-192-GCM-dec     25 MB took 1.194 seconds,   20.942 MB/s
AES-256-GCM-enc     20 MB took 1.033 seconds,   19.362 MB/s
AES-256-GCM-dec     20 MB took 1.079 seconds,   18.536 MB/s
GMAC Table 4-bit    67 MB took 1.004 seconds,   66.712 MB/s
RABBIT              95 MB took 1.049 seconds,   90.534 MB/s
3DES                10 MB took 1.081 seconds,    9.254 MB/s
MD5                310 MB took 1.007 seconds,  307.954 MB/s
SHA                130 MB took 1.015 seconds,  128.092 MB/s
SHA-256             35 MB took 1.109 seconds,   31.566 MB/s
HMAC-MD5           315 MB took 1.007 seconds,  312.929 MB/s
HMAC-SHA           135 MB took 1.020 seconds,  132.340 MB/s
HMAC-SHA256         35 MB took 1.119 seconds,   31.271 MB/s
PBKDF2               4 KB took 1.005 seconds,    3.699 KB/s
RSA     2048 public       1400 ops took 1.025 sec, avg 0.732 ms, 1366.180 ops/sec
RSA     2048 private       100 ops took 3.707 sec, avg 37.072 ms, 26.975 ops/sec
DH      2048 key gen        61 ops took 1.006 sec, avg 16.491 ms, 60.637 ops/sec
DH      2048 agree         100 ops took 1.560 sec, avg 15.605 ms, 64.083 ops/sec
ECC   [      SECP256R1]   256 key gen      1463 ops took 1.000 sec, avg 0.684 ms, 1462.984 ops/sec
ECDHE [      SECP256R1]   256 agree        1000 ops took 1.094 sec, avg 1.094 ms, 914.212 ops/sec
ECDSA [      SECP256R1]   256 sign         1200 ops took 1.048 sec, avg 0.873 ms, 1145.438 ops/sec
ECDSA [      SECP256R1]   256 verify        900 ops took 1.053 sec, avg 1.170 ms, 854.787 ops/sec
Benchmark complete
[SGXSan] ALWAYS: Enter wc_test
INFO: A corpus is not provided, starting from an empty corpus
------------------------------------------------------------------------------
 wolfSSL version 5.1.0
------------------------------------------------------------------------------
error    test passed!
MEMORY   test passed!
base64   test passed!
asn      test passed!
RANDOM   test passed!
MD5      test passed!
MD4      test passed!
SHA      test passed!
SHA-256  test passed!
Hash     test passed!
HMAC-MD5 test passed!
HMAC-SHA test passed!
HMAC-SHA256 test passed!
GMAC     test passed!
HC-128   test passed!
Rabbit   test passed!
DES      test passed!
DES3     test passed!
AES      test passed!
AES192   test passed!
AES256   test passed!
AES-GCM  test passed!
RSA      test passed!
DH       test passed!
DSA      test passed!
PWDBASED test passed!
ECC      test passed!
ECC buffer test passed!
logging  test passed!
mutex    test passed!
memcb    test passed!
Test complete
[SGXSan] ALWAYS: Enter enc_wolfSSL_Init
[SGXSan] ALWAYS: Enter enc_wolfSSL_CTX_free
[SGXSan] ALWAYS: Enter enc_wolfSSL_CTX_load_verify_buffer
[SGXSan] ALWAYS: Enter enc_wolfSSL_CTX_new
[SGXSan] ALWAYS: Enter enc_wolfSSL_CTX_set_cipher_list
[SGXSan] ALWAYS: Enter enc_wolfSSL_CTX_use_PrivateKey_buffer
[SGXSan] ALWAYS: Enter enc_wolfSSL_CTX_use_certificate_buffer
[SGXSan] ALWAYS: Enter enc_wolfSSL_CTX_use_certificate_chain_buffer_format
[SGXSan] ALWAYS: Enter enc_wolfSSL_Cleanup
[SGXSan] ALWAYS: Enter enc_wolfSSL_Debugging_OFF
[SGXSan] ALWAYS: Enter enc_wolfSSL_Debugging_ON
[SGXSan] ALWAYS: Enter enc_wolfSSL_connect
[SGXSan] ALWAYS: Enter enc_wolfSSL_free
[SGXSan] ALWAYS: Enter enc_wolfSSL_get_error
[SGXSan] ALWAYS: Enter enc_wolfSSL_new
[SGXSan] ALWAYS: Enter enc_wolfSSL_read
[SGXSan] ALWAYS: Enter enc_wolfSSL_set_fd
[SGXSan] ALWAYS: Enter enc_wolfSSL_write
[SGXSan] ALWAYS: Enter enc_wolfTLSv1_2_client_method
[SGXSan] ALWAYS: Enter enc_wolfTLSv1_2_server_method
[SGXSan] ALWAYS: Enter wc_benchmark_test
------------------------------------------------------------------------------
 wolfSSL version 5.1.0
------------------------------------------------------------------------------
wolfCrypt Benchmark (block bytes 1048576, min 1.0 sec each)
RNG                 15 MB took 1.135 seconds,   13.219 MB/s
AES-128-CBC-enc     35 MB took 1.055 seconds,   33.166 MB/s
AES-128-CBC-dec     35 MB took 1.121 seconds,   31.210 MB/s
AES-192-CBC-enc     30 MB took 1.012 seconds,   29.642 MB/s
AES-192-CBC-dec     30 MB took 1.139 seconds,   26.332 MB/s
AES-256-CBC-enc     30 MB took 1.151 seconds,   26.070 MB/s
AES-256-CBC-dec     25 MB took 1.025 seconds,   24.384 MB/s
AES-128-GCM-enc     25 MB took 1.056 seconds,   23.665 MB/s
AES-128-GCM-dec     25 MB took 1.058 seconds,   23.622 MB/s
AES-192-GCM-enc     25 MB took 1.222 seconds,   20.466 MB/s
AES-192-GCM-dec     25 MB took 1.198 seconds,   20.875 MB/s
AES-256-GCM-enc     20 MB took 1.037 seconds,   19.278 MB/s
AES-256-GCM-dec     20 MB took 1.034 seconds,   19.340 MB/s
GMAC Table 4-bit    67 MB took 1.003 seconds,   66.780 MB/s
RABBIT              90 MB took 1.018 seconds,   88.382 MB/s
3DES                10 MB took 1.111 seconds,    9.001 MB/s
MD5                300 MB took 1.011 seconds,  296.781 MB/s
SHA                130 MB took 1.025 seconds,  126.877 MB/s
SHA-256             35 MB took 1.155 seconds,   30.291 MB/s
HMAC-MD5           300 MB took 1.010 seconds,  297.075 MB/s
HMAC-SHA           130 MB took 1.036 seconds,  125.520 MB/s
HMAC-SHA256         35 MB took 1.149 seconds,   30.467 MB/s
PBKDF2               4 KB took 1.000 seconds,    3.750 KB/s
RSA     2048 public       1400 ops took 1.022 sec, avg 0.730 ms, 1369.579 ops/sec
RSA     2048 private       100 ops took 3.716 sec, avg 37.156 ms, 26.914 ops/sec
DH      2048 key gen        65 ops took 1.014 sec, avg 15.598 ms, 64.111 ops/sec
DH      2048 agree         100 ops took 1.572 sec, avg 15.724 ms, 63.596 ops/sec
ECC   [      SECP256R1]   256 key gen      1437 ops took 1.000 sec, avg 0.696 ms, 1436.553 ops/sec
ECDHE [      SECP256R1]   256 agree         900 ops took 1.001 sec, avg 1.112 ms, 899.184 ops/sec
ECDSA [      SECP256R1]   256 sign         1200 ops took 1.021 sec, avg 0.851 ms, 1174.848 ops/sec
ECDSA [      SECP256R1]   256 verify        900 ops took 1.071 sec, avg 1.190 ms, 840.372 ops/sec
Benchmark complete
[SGXSan] ALWAYS: Enter wc_test
#2	pulse  ft: 6289 exec/s: 0 rss: 49Mb
Slowest unit: 42 s:
artifact_prefix='./crashes/'; Test unit written to ./crashes/slow-unit-adc83b19e793491b1c6ea0fd8b46cd9f32e592fc
Base64: Cg==
#2	INITED cov: 6289 ft: 6289 corp: 1/1b exec/s: 0 rss: 49Mb
#2	DONE   cov: 6289 ft: 6289 corp: 1/1b lim: 4 exec/s: 0 rss: 49Mb
Done 2 runs in 84 second(s)
stat::number_of_executed_units: 2
stat::average_exec_per_sec:     0
stat::new_units_added:          0
stat::slowest_unit_time_sec:    42
stat::peak_rss_mb:              49
------------------------------------------------------------------------------
 wolfSSL version 5.1.0
------------------------------------------------------------------------------
error    test passed!
MEMORY   test passed!
base64   test passed!
asn      test passed!
RANDOM   test passed!
MD5      test passed!
MD4      test passed!
SHA      test passed!
SHA-256  test passed!
Hash     test passed!
HMAC-MD5 test passed!
HMAC-SHA test passed!
HMAC-SHA256 test passed!
GMAC     test passed!
HC-128   test passed!
Rabbit   test passed!
DES      test passed!
DES3     test passed!
AES      test passed!
AES192   test passed!
AES256   test passed!
AES-GCM  test passed!
RSA      test passed!
DH       test passed!
DSA      test passed!
PWDBASED test passed!
ECC      test passed!
ECC buffer test passed!
logging  test passed!
mutex    test passed!
memcb    test failed!
 error = -13803
