WARNING: Failed to find function "__sanitizer_acquire_crash_state".
WARNING: Failed to find function "__sanitizer_print_stack_trace".
WARNING: Failed to find function "__sanitizer_set_death_callback".
[2023-01-15 17:17:15.658] [Init] Num of ECall: 22
[2023-01-15 17:17:15.658] ECalls:
  0 - fuzz_enc_wolfSSL_CTX_free
  1 - fuzz_enc_wolfSSL_CTX_load_verify_buffer
  2 - fuzz_enc_wolfSSL_CTX_new
  3 - fuzz_enc_wolfSSL_CTX_set_cipher_list
  4 - fuzz_enc_wolfSSL_CTX_use_PrivateKey_buffer
  5 - fuzz_enc_wolfSSL_CTX_use_certificate_buffer
  6 - fuzz_enc_wolfSSL_CTX_use_certificate_chain_buffer_format
  7 - fuzz_enc_wolfSSL_Cleanup
  8 - fuzz_enc_wolfSSL_Debugging_OFF
  9 - fuzz_enc_wolfSSL_Debugging_ON
  10 - fuzz_enc_wolfSSL_Init
  11 - fuzz_enc_wolfSSL_connect
  12 - fuzz_enc_wolfSSL_free
  13 - fuzz_enc_wolfSSL_get_error
  14 - fuzz_enc_wolfSSL_new
  15 - fuzz_enc_wolfSSL_read
  16 - fuzz_enc_wolfSSL_set_fd
  17 - fuzz_enc_wolfSSL_write
  18 - fuzz_enc_wolfTLSv1_2_client_method
  19 - fuzz_enc_wolfTLSv1_2_server_method
  20 - fuzz_wc_benchmark_test
  21 - fuzz_wc_test

INFO: found LLVMFuzzerCustomMutator (0x44ac30). Disabling -len_control by default.
INFO: libFuzzer ignores flags that start with '--'
INFO: Running with entropic power schedule (0xFF, 100).
INFO: Seed: 2662412813
INFO: Loaded 1 modules   (291 inline 8-bit counters): 291 [0x4cb7e8, 0x4cb90b), 
INFO: Loaded 1 PC tables (291 PCs): 291 [0x4cb910,0x4ccb40), 
INFO:        0 files found in /tmp/libFuzzerTemp.FuzzWithFork422940.dir/C82
[SGXSan] ALWAYS: Hook __sanitizer_cov_8bit_counters_init of Enclave, 21636 inline 8-bit counts [0x7fb8387539c0, 0x7fb838758e44) (First time)
[SGXSan] ALWAYS: Hook __sanitizer_cov_pcs_init of Enclave, 21636 PCs [0x7fb838758e48, 0x7fb8387ad688) (First time)
[SGXSan] ALWAYS: Enter enc_wolfSSL_CTX_free
[SGXSan] ALWAYS: Enter enc_wolfSSL_CTX_load_verify_buffer
[SGXSan] ALWAYS: Enter enc_wolfSSL_CTX_new
[SGXSan] ALWAYS: Enter enc_wolfSSL_CTX_set_cipher_list
[SGXSan] ALWAYS: Enter enc_wolfSSL_CTX_use_PrivateKey_buffer
[SGXSan] ALWAYS: Enter enc_wolfSSL_CTX_use_certificate_buffer
[SGXSan] ALWAYS: Enter enc_wolfSSL_CTX_use_certificate_chain_buffer_format
[SGXSan] ALWAYS: Enter enc_wolfSSL_Cleanup
[SGXSan] ALWAYS: Enter enc_wolfSSL_Debugging_OFF
[SGXSan] ALWAYS: Enter enc_wolfSSL_Debugging_ON
[SGXSan] ALWAYS: Enter enc_wolfSSL_Init
[SGXSan] ALWAYS: Enter enc_wolfSSL_connect
[SGXSan] ALWAYS: Enter enc_wolfSSL_free
[SGXSan] ALWAYS: Enter enc_wolfSSL_get_error
[SGXSan] ALWAYS: Enter enc_wolfSSL_new
[SGXSan] ALWAYS: Enter enc_wolfSSL_read
[SGXSan] ALWAYS: Enter enc_wolfSSL_set_fd
[SGXSan] ALWAYS: Enter enc_wolfSSL_write
[SGXSan] ALWAYS: Enter enc_wolfTLSv1_2_client_method
[SGXSan] ALWAYS: Enter enc_wolfTLSv1_2_server_method
[SGXSan] ALWAYS: Enter wc_benchmark_test
------------------------------------------------------------------------------
 wolfSSL version 5.1.0
------------------------------------------------------------------------------
wolfCrypt Benchmark (block bytes 1048576, min 1.0 sec each)
RNG                 15 MB took 1.153 seconds,   13.012 MB/s
AES-128-CBC-enc     35 MB took 1.071 seconds,   32.682 MB/s
AES-128-CBC-dec     30 MB took 1.024 seconds,   29.291 MB/s
AES-192-CBC-enc     30 MB took 1.081 seconds,   27.741 MB/s
AES-192-CBC-dec     30 MB took 1.170 seconds,   25.643 MB/s
AES-256-CBC-enc     30 MB took 1.173 seconds,   25.567 MB/s
AES-256-CBC-dec     25 MB took 1.087 seconds,   22.993 MB/s
AES-128-GCM-enc     25 MB took 1.065 seconds,   23.473 MB/s
AES-128-GCM-dec     25 MB took 1.070 seconds,   23.373 MB/s
AES-192-GCM-enc     25 MB took 1.178 seconds,   21.214 MB/s
AES-192-GCM-dec     25 MB took 1.189 seconds,   21.032 MB/s
AES-256-GCM-enc     20 MB took 1.029 seconds,   19.446 MB/s
AES-256-GCM-dec     20 MB took 1.019 seconds,   19.633 MB/s
GMAC Table 4-bit    69 MB took 1.015 seconds,   68.013 MB/s
RABBIT              95 MB took 1.052 seconds,   90.304 MB/s
3DES                10 MB took 1.074 seconds,    9.310 MB/s
MD5                300 MB took 1.007 seconds,  297.946 MB/s
SHA                125 MB took 1.009 seconds,  123.874 MB/s
SHA-256             35 MB took 1.155 seconds,   30.297 MB/s
HMAC-MD5           300 MB took 1.006 seconds,  298.172 MB/s
HMAC-SHA           130 MB took 1.034 seconds,  125.673 MB/s
HMAC-SHA256         35 MB took 1.144 seconds,   30.591 MB/s
PBKDF2               4 KB took 1.007 seconds,    3.693 KB/s
RSA     2048 public       1400 ops took 1.017 sec, avg 0.727 ms, 1376.008 ops/sec
RSA     2048 private       100 ops took 3.703 sec, avg 37.027 ms, 27.008 ops/sec
DH      2048 key gen        64 ops took 1.024 sec, avg 15.994 ms, 62.525 ops/sec
DH      2048 agree         100 ops took 1.582 sec, avg 15.818 ms, 63.218 ops/sec
ECC   [      SECP256R1]   256 key gen      1395 ops took 1.001 sec, avg 0.717 ms, 1394.163 ops/sec
ECDHE [      SECP256R1]   256 agree        1000 ops took 1.073 sec, avg 1.073 ms, 932.219 ops/sec
ECDSA [      SECP256R1]   256 sign         1200 ops took 1.000 sec, avg 0.834 ms, 1199.659 ops/sec
ECDSA [      SECP256R1]   256 verify        900 ops took 1.022 sec, avg 1.136 ms, 880.345 ops/sec
Benchmark complete
[SGXSan] ALWAYS: Enter wc_test
INFO: A corpus is not provided, starting from an empty corpus
------------------------------------------------------------------------------
 wolfSSL version 5.1.0
------------------------------------------------------------------------------
error    test passed!
MEMORY   test passed!
base64   test passed!
asn      test passed!
RANDOM   test passed!
MD5      test passed!
MD4      test passed!
SHA      test passed!
SHA-256  test passed!
Hash     test passed!
HMAC-MD5 test passed!
HMAC-SHA test passed!
HMAC-SHA256 test passed!
GMAC     test passed!
HC-128   test passed!
Rabbit   test passed!
DES      test passed!
DES3     test passed!
AES      test passed!
AES192   test passed!
AES256   test passed!
AES-GCM  test passed!
RSA      test passed!
DH       test passed!
DSA      test passed!
PWDBASED test passed!
ECC      test passed!
ECC buffer test passed!
logging  test passed!
mutex    test passed!
memcb    test passed!
Test complete
[SGXSan] ALWAYS: Enter enc_wolfSSL_Init
[SGXSan] ALWAYS: Enter enc_wolfSSL_CTX_free
[SGXSan] ALWAYS: Enter enc_wolfSSL_CTX_load_verify_buffer
[SGXSan] ALWAYS: Enter enc_wolfSSL_CTX_new
[SGXSan] ALWAYS: Enter enc_wolfSSL_CTX_set_cipher_list
[SGXSan] ALWAYS: Enter enc_wolfSSL_CTX_use_PrivateKey_buffer
[SGXSan] ALWAYS: Enter enc_wolfSSL_CTX_use_certificate_buffer
[SGXSan] ALWAYS: Enter enc_wolfSSL_CTX_use_certificate_chain_buffer_format
[SGXSan] ALWAYS: Enter enc_wolfSSL_Cleanup
[SGXSan] ALWAYS: Enter enc_wolfSSL_Debugging_OFF
[SGXSan] ALWAYS: Enter enc_wolfSSL_Debugging_ON
[SGXSan] ALWAYS: Enter enc_wolfSSL_connect
[SGXSan] ALWAYS: Enter enc_wolfSSL_free
[SGXSan] ALWAYS: Enter enc_wolfSSL_get_error
[SGXSan] ALWAYS: Enter enc_wolfSSL_new
[SGXSan] ALWAYS: Enter enc_wolfSSL_read
[SGXSan] ALWAYS: Enter enc_wolfSSL_set_fd
[SGXSan] ALWAYS: Enter enc_wolfSSL_write
[SGXSan] ALWAYS: Enter enc_wolfTLSv1_2_client_method
[SGXSan] ALWAYS: Enter enc_wolfTLSv1_2_server_method
[SGXSan] ALWAYS: Enter wc_benchmark_test
------------------------------------------------------------------------------
 wolfSSL version 5.1.0
------------------------------------------------------------------------------
wolfCrypt Benchmark (block bytes 1048576, min 1.0 sec each)
RNG                 15 MB took 1.131 seconds,   13.267 MB/s
AES-128-CBC-enc     35 MB took 1.051 seconds,   33.289 MB/s
AES-128-CBC-dec     35 MB took 1.157 seconds,   30.251 MB/s
AES-192-CBC-enc     30 MB took 1.078 seconds,   27.838 MB/s
AES-192-CBC-dec     30 MB took 1.193 seconds,   25.148 MB/s
AES-256-CBC-enc     25 MB took 1.019 seconds,   24.525 MB/s
AES-256-CBC-dec     25 MB took 1.087 seconds,   23.003 MB/s
AES-128-GCM-enc     25 MB took 1.061 seconds,   23.554 MB/s
AES-128-GCM-dec     25 MB took 1.045 seconds,   23.927 MB/s
AES-192-GCM-enc     25 MB took 1.197 seconds,   20.893 MB/s
AES-192-GCM-dec     25 MB took 1.171 seconds,   21.343 MB/s
AES-256-GCM-enc     20 MB took 1.013 seconds,   19.739 MB/s
AES-256-GCM-dec     20 MB took 1.002 seconds,   19.960 MB/s
GMAC Table 4-bit    70 MB took 1.012 seconds,   69.168 MB/s
RABBIT              95 MB took 1.030 seconds,   92.242 MB/s
3DES                10 MB took 1.091 seconds,    9.168 MB/s
MD5                305 MB took 1.016 seconds,  300.200 MB/s
SHA                130 MB took 1.010 seconds,  128.755 MB/s
SHA-256             35 MB took 1.133 seconds,   30.884 MB/s
HMAC-MD5           300 MB took 1.009 seconds,  297.315 MB/s
HMAC-SHA           130 MB took 1.018 seconds,  127.723 MB/s
HMAC-SHA256         25 MB took 1.112 seconds,   22.481 MB/s
PBKDF2               4 KB took 1.006 seconds,    3.728 KB/s
RSA     2048 public       1400 ops took 1.028 sec, avg 0.734 ms, 1362.082 ops/sec
RSA     2048 private       100 ops took 3.657 sec, avg 36.574 ms, 27.342 ops/sec
DH      2048 key gen        67 ops took 1.012 sec, avg 15.103 ms, 66.212 ops/sec
DH      2048 agree         100 ops took 1.798 sec, avg 17.978 ms, 55.623 ops/sec
ECC   [      SECP256R1]   256 key gen      1427 ops took 1.000 sec, avg 0.701 ms, 1426.511 ops/sec
ECDHE [      SECP256R1]   256 agree         900 ops took 1.004 sec, avg 1.116 ms, 896.213 ops/sec
ECDSA [      SECP256R1]   256 sign         1200 ops took 1.028 sec, avg 0.856 ms, 1167.716 ops/sec
ECDSA [      SECP256R1]   256 verify        900 ops took 1.053 sec, avg 1.170 ms, 854.721 ops/sec
Benchmark complete
[SGXSan] ALWAYS: Enter wc_test
#2	pulse  ft: 6290 exec/s: 0 rss: 48Mb
Slowest unit: 42 s:
artifact_prefix='./crashes/'; Test unit written to ./crashes/slow-unit-adc83b19e793491b1c6ea0fd8b46cd9f32e592fc
Base64: Cg==
#2	INITED cov: 6290 ft: 6290 corp: 1/1b exec/s: 0 rss: 49Mb
#2	DONE   cov: 6290 ft: 6290 corp: 1/1b lim: 4 exec/s: 0 rss: 49Mb
Done 2 runs in 84 second(s)
stat::number_of_executed_units: 2
stat::average_exec_per_sec:     0
stat::new_units_added:          0
stat::slowest_unit_time_sec:    42
stat::peak_rss_mb:              49
------------------------------------------------------------------------------
 wolfSSL version 5.1.0
------------------------------------------------------------------------------
error    test passed!
MEMORY   test passed!
base64   test passed!
asn      test passed!
RANDOM   test passed!
MD5      test passed!
MD4      test passed!
SHA      test passed!
SHA-256  test passed!
Hash     test passed!
HMAC-MD5 test passed!
HMAC-SHA test passed!
HMAC-SHA256 test passed!
GMAC     test passed!
HC-128   test passed!
Rabbit   test passed!
DES      test passed!
DES3     test passed!
AES      test passed!
AES192   test passed!
AES256   test passed!
AES-GCM  test passed!
RSA      test passed!
DH       test passed!
DSA      test passed!
PWDBASED test passed!
ECC      test passed!
ECC buffer test passed!
logging  test passed!
mutex    test passed!
memcb    test failed!
 error = -13803
