WARNING: Failed to find function "__sanitizer_acquire_crash_state".
WARNING: Failed to find function "__sanitizer_print_stack_trace".
WARNING: Failed to find function "__sanitizer_set_death_callback".
[2023-01-15 17:17:21.020] [Init] Num of ECall: 22
[2023-01-15 17:17:21.020] ECalls:
  0 - fuzz_enc_wolfSSL_CTX_free
  1 - fuzz_enc_wolfSSL_CTX_load_verify_buffer
  2 - fuzz_enc_wolfSSL_CTX_new
  3 - fuzz_enc_wolfSSL_CTX_set_cipher_list
  4 - fuzz_enc_wolfSSL_CTX_use_PrivateKey_buffer
  5 - fuzz_enc_wolfSSL_CTX_use_certificate_buffer
  6 - fuzz_enc_wolfSSL_CTX_use_certificate_chain_buffer_format
  7 - fuzz_enc_wolfSSL_Cleanup
  8 - fuzz_enc_wolfSSL_Debugging_OFF
  9 - fuzz_enc_wolfSSL_Debugging_ON
  10 - fuzz_enc_wolfSSL_Init
  11 - fuzz_enc_wolfSSL_connect
  12 - fuzz_enc_wolfSSL_free
  13 - fuzz_enc_wolfSSL_get_error
  14 - fuzz_enc_wolfSSL_new
  15 - fuzz_enc_wolfSSL_read
  16 - fuzz_enc_wolfSSL_set_fd
  17 - fuzz_enc_wolfSSL_write
  18 - fuzz_enc_wolfTLSv1_2_client_method
  19 - fuzz_enc_wolfTLSv1_2_server_method
  20 - fuzz_wc_benchmark_test
  21 - fuzz_wc_test

INFO: found LLVMFuzzerCustomMutator (0x44ac30). Disabling -len_control by default.
INFO: libFuzzer ignores flags that start with '--'
INFO: Running with entropic power schedule (0xFF, 100).
INFO: Seed: 3729283544
INFO: Loaded 1 modules   (291 inline 8-bit counters): 291 [0x4cb7e8, 0x4cb90b), 
INFO: Loaded 1 PC tables (291 PCs): 291 [0x4cb910,0x4ccb40), 
INFO:        0 files found in /tmp/libFuzzerTemp.FuzzWithFork422940.dir/C84
[SGXSan] ALWAYS: Hook __sanitizer_cov_8bit_counters_init of Enclave, 21636 inline 8-bit counts [0x7f15dbf159c0, 0x7f15dbf1ae44) (First time)
[SGXSan] ALWAYS: Hook __sanitizer_cov_pcs_init of Enclave, 21636 PCs [0x7f15dbf1ae48, 0x7f15dbf6f688) (First time)
[SGXSan] ALWAYS: Enter enc_wolfSSL_CTX_free
[SGXSan] ALWAYS: Enter enc_wolfSSL_CTX_load_verify_buffer
[SGXSan] ALWAYS: Enter enc_wolfSSL_CTX_new
[SGXSan] ALWAYS: Enter enc_wolfSSL_CTX_set_cipher_list
[SGXSan] ALWAYS: Enter enc_wolfSSL_CTX_use_PrivateKey_buffer
[SGXSan] ALWAYS: Enter enc_wolfSSL_CTX_use_certificate_buffer
[SGXSan] ALWAYS: Enter enc_wolfSSL_CTX_use_certificate_chain_buffer_format
[SGXSan] ALWAYS: Enter enc_wolfSSL_Cleanup
[SGXSan] ALWAYS: Enter enc_wolfSSL_Debugging_OFF
[SGXSan] ALWAYS: Enter enc_wolfSSL_Debugging_ON
[SGXSan] ALWAYS: Enter enc_wolfSSL_Init
[SGXSan] ALWAYS: Enter enc_wolfSSL_connect
[SGXSan] ALWAYS: Enter enc_wolfSSL_free
[SGXSan] ALWAYS: Enter enc_wolfSSL_get_error
[SGXSan] ALWAYS: Enter enc_wolfSSL_new
[SGXSan] ALWAYS: Enter enc_wolfSSL_read
[SGXSan] ALWAYS: Enter enc_wolfSSL_set_fd
[SGXSan] ALWAYS: Enter enc_wolfSSL_write
[SGXSan] ALWAYS: Enter enc_wolfTLSv1_2_client_method
[SGXSan] ALWAYS: Enter enc_wolfTLSv1_2_server_method
[SGXSan] ALWAYS: Enter wc_benchmark_test
------------------------------------------------------------------------------
 wolfSSL version 5.1.0
------------------------------------------------------------------------------
wolfCrypt Benchmark (block bytes 1048576, min 1.0 sec each)
RNG                 15 MB took 1.137 seconds,   13.197 MB/s
AES-128-CBC-enc     35 MB took 1.054 seconds,   33.208 MB/s
AES-128-CBC-dec     30 MB took 1.004 seconds,   29.871 MB/s
AES-192-CBC-enc     30 MB took 1.070 seconds,   28.046 MB/s
AES-192-CBC-dec     30 MB took 1.155 seconds,   25.973 MB/s
AES-256-CBC-enc     30 MB took 1.191 seconds,   25.186 MB/s
AES-256-CBC-dec     25 MB took 1.102 seconds,   22.679 MB/s
AES-128-GCM-enc     25 MB took 1.057 seconds,   23.643 MB/s
AES-128-GCM-dec     25 MB took 1.048 seconds,   23.864 MB/s
AES-192-GCM-enc     25 MB took 1.182 seconds,   21.146 MB/s
AES-192-GCM-dec     25 MB took 1.161 seconds,   21.524 MB/s
AES-256-GCM-enc     20 MB took 1.036 seconds,   19.296 MB/s
AES-256-GCM-dec     20 MB took 1.036 seconds,   19.298 MB/s
GMAC Table 4-bit    68 MB took 1.006 seconds,   67.612 MB/s
RABBIT              90 MB took 1.009 seconds,   89.164 MB/s
3DES                10 MB took 1.107 seconds,    9.033 MB/s
MD5                300 MB took 1.005 seconds,  298.424 MB/s
SHA                130 MB took 1.026 seconds,  126.722 MB/s
SHA-256             35 MB took 1.145 seconds,   30.558 MB/s
HMAC-MD5           300 MB took 1.000 seconds,  299.973 MB/s
HMAC-SHA           130 MB took 1.040 seconds,  125.001 MB/s
HMAC-SHA256         35 MB took 1.158 seconds,   30.236 MB/s
PBKDF2               4 KB took 1.006 seconds,    3.665 KB/s
RSA     2048 public       1400 ops took 1.037 sec, avg 0.741 ms, 1350.367 ops/sec
RSA     2048 private       100 ops took 3.700 sec, avg 36.996 ms, 27.030 ops/sec
DH      2048 key gen        66 ops took 1.008 sec, avg 15.267 ms, 65.500 ops/sec
DH      2048 agree         100 ops took 1.539 sec, avg 15.387 ms, 64.992 ops/sec
ECC   [      SECP256R1]   256 key gen      1437 ops took 1.000 sec, avg 0.696 ms, 1436.621 ops/sec
ECDHE [      SECP256R1]   256 agree        1000 ops took 1.072 sec, avg 1.072 ms, 932.681 ops/sec
ECDSA [      SECP256R1]   256 sign         1300 ops took 1.076 sec, avg 0.827 ms, 1208.660 ops/sec
ECDSA [      SECP256R1]   256 verify        900 ops took 1.035 sec, avg 1.150 ms, 869.628 ops/sec
Benchmark complete
[SGXSan] ALWAYS: Enter wc_test
INFO: A corpus is not provided, starting from an empty corpus
------------------------------------------------------------------------------
 wolfSSL version 5.1.0
------------------------------------------------------------------------------
error    test passed!
MEMORY   test passed!
base64   test passed!
asn      test passed!
RANDOM   test passed!
MD5      test passed!
MD4      test passed!
SHA      test passed!
SHA-256  test passed!
Hash     test passed!
HMAC-MD5 test passed!
HMAC-SHA test passed!
HMAC-SHA256 test passed!
GMAC     test passed!
HC-128   test passed!
Rabbit   test passed!
DES      test passed!
DES3     test passed!
AES      test passed!
AES192   test passed!
AES256   test passed!
AES-GCM  test passed!
RSA      test passed!
DH       test passed!
DSA      test passed!
PWDBASED test passed!
ECC      test passed!
ECC buffer test passed!
logging  test passed!
mutex    test passed!
memcb    test passed!
Test complete
[SGXSan] ALWAYS: Enter enc_wolfSSL_Init
[SGXSan] ALWAYS: Enter enc_wolfSSL_CTX_free
[SGXSan] ALWAYS: Enter enc_wolfSSL_CTX_load_verify_buffer
[SGXSan] ALWAYS: Enter enc_wolfSSL_CTX_new
[SGXSan] ALWAYS: Enter enc_wolfSSL_CTX_set_cipher_list
[SGXSan] ALWAYS: Enter enc_wolfSSL_CTX_use_PrivateKey_buffer
[SGXSan] ALWAYS: Enter enc_wolfSSL_CTX_use_certificate_buffer
[SGXSan] ALWAYS: Enter enc_wolfSSL_CTX_use_certificate_chain_buffer_format
[SGXSan] ALWAYS: Enter enc_wolfSSL_Cleanup
[SGXSan] ALWAYS: Enter enc_wolfSSL_Debugging_OFF
[SGXSan] ALWAYS: Enter enc_wolfSSL_Debugging_ON
[SGXSan] ALWAYS: Enter enc_wolfSSL_connect
[SGXSan] ALWAYS: Enter enc_wolfSSL_free
[SGXSan] ALWAYS: Enter enc_wolfSSL_get_error
[SGXSan] ALWAYS: Enter enc_wolfSSL_new
[SGXSan] ALWAYS: Enter enc_wolfSSL_read
[SGXSan] ALWAYS: Enter enc_wolfSSL_set_fd
[SGXSan] ALWAYS: Enter enc_wolfSSL_write
[SGXSan] ALWAYS: Enter enc_wolfTLSv1_2_client_method
[SGXSan] ALWAYS: Enter enc_wolfTLSv1_2_server_method
[SGXSan] ALWAYS: Enter wc_benchmark_test
------------------------------------------------------------------------------
 wolfSSL version 5.1.0
------------------------------------------------------------------------------
wolfCrypt Benchmark (block bytes 1048576, min 1.0 sec each)
RNG                 15 MB took 1.170 seconds,   12.818 MB/s
AES-128-CBC-enc     35 MB took 1.078 seconds,   32.461 MB/s
AES-128-CBC-dec     35 MB took 1.151 seconds,   30.420 MB/s
AES-192-CBC-enc     30 MB took 1.078 seconds,   27.839 MB/s
AES-192-CBC-dec     30 MB took 1.162 seconds,   25.826 MB/s
AES-256-CBC-enc     30 MB took 1.198 seconds,   25.043 MB/s
AES-256-CBC-dec     25 MB took 1.035 seconds,   24.162 MB/s
AES-128-GCM-enc     25 MB took 1.032 seconds,   24.234 MB/s
AES-128-GCM-dec     25 MB took 1.030 seconds,   24.267 MB/s
AES-192-GCM-enc     25 MB took 1.155 seconds,   21.649 MB/s
AES-192-GCM-dec     25 MB took 1.173 seconds,   21.321 MB/s
AES-256-GCM-enc     20 MB took 1.028 seconds,   19.452 MB/s
AES-256-GCM-dec     20 MB took 1.006 seconds,   19.872 MB/s
GMAC Table 4-bit    68 MB took 1.014 seconds,   67.035 MB/s
RABBIT              90 MB took 1.008 seconds,   89.251 MB/s
3DES                10 MB took 1.106 seconds,    9.039 MB/s
MD5                300 MB took 1.009 seconds,  297.202 MB/s
SHA                130 MB took 1.035 seconds,  125.623 MB/s
SHA-256             35 MB took 1.152 seconds,   30.378 MB/s
HMAC-MD5           300 MB took 1.006 seconds,  298.307 MB/s
HMAC-SHA           130 MB took 1.026 seconds,  126.741 MB/s
HMAC-SHA256         35 MB took 1.141 seconds,   30.680 MB/s
PBKDF2               4 KB took 1.002 seconds,    3.836 KB/s
RSA     2048 public       1400 ops took 1.015 sec, avg 0.725 ms, 1379.792 ops/sec
RSA     2048 private       100 ops took 3.665 sec, avg 36.654 ms, 27.282 ops/sec
DH      2048 key gen        64 ops took 1.004 sec, avg 15.694 ms, 63.721 ops/sec
DH      2048 agree         100 ops took 1.575 sec, avg 15.753 ms, 63.478 ops/sec
ECC   [      SECP256R1]   256 key gen      1399 ops took 1.000 sec, avg 0.715 ms, 1398.421 ops/sec
ECDHE [      SECP256R1]   256 agree         900 ops took 1.006 sec, avg 1.118 ms, 894.218 ops/sec
ECDSA [      SECP256R1]   256 sign         1200 ops took 1.030 sec, avg 0.858 ms, 1165.244 ops/sec
ECDSA [      SECP256R1]   256 verify        900 ops took 1.053 sec, avg 1.170 ms, 854.508 ops/sec
Benchmark complete
[SGXSan] ALWAYS: Enter wc_test
#2	pulse  ft: 6285 exec/s: 0 rss: 48Mb
Slowest unit: 42 s:
artifact_prefix='./crashes/'; Test unit written to ./crashes/slow-unit-adc83b19e793491b1c6ea0fd8b46cd9f32e592fc
Base64: Cg==
#2	INITED cov: 6285 ft: 6285 corp: 1/1b exec/s: 0 rss: 49Mb
------------------------------------------------------------------------------
 wolfSSL version 5.1.0
------------------------------------------------------------------------------
error    test passed!
MEMORY   test passed!
base64   test passed!
asn      test passed!
RANDOM   test passed!
MD5      test passed!
MD4      test passed!
SHA      test passed!
SHA-256  test passed!
Hash     test passed!
HMAC-MD5 test passed!
HMAC-SHA test passed!
HMAC-SHA256 test passed!
GMAC     test passed!
HC-128   test passed!
Rabbit   test passed!
DES      test passed!
DES3     test passed!
AES      test passed!
AES192   test passed!
AES256   test passed!
AES-GCM  test passed!
RSA      test passed!
DH       test passed!
DSA      test passed!
PWDBASED test passed!
ECC      test passed!
ECC buffer test passed!
logging  test passed!
mutex    test passed!
memcb    test failed!
 error = -13803
[SGXSan] ALWAYS: Enter enc_wolfSSL_CTX_free
[SGXSan] ALWAYS: Enter enc_wolfTLSv1_2_client_method
[SGXSan] ALWAYS: Enter enc_wolfSSL_CTX_use_certificate_chain_buffer_format
[SGXSan] ALWAYS: Enter enc_wolfSSL_Debugging_ON
[SGXSan] ALWAYS: Enter enc_wolfSSL_free
[SGXSan] ALWAYS: Enter enc_wolfSSL_connect
[SGXSan] ALWAYS: Enter enc_wolfSSL_CTX_use_PrivateKey_buffer
[SGXSan] ALWAYS: Enter wc_test
------------------------------------------------------------------------------
 wolfSSL version 5.1.0
------------------------------------------------------------------------------
error    test passed!
MEMORY   test passed!
base64   test passed!
asn      test passed!
RANDOM   test passed!
MD5      test passed!
MD4      test passed!
SHA      test passed!
SHA-256  test passed!
Hash     test passed!
HMAC-MD5 test passed!
HMAC-SHA test passed!
HMAC-SHA256 test passed!
GMAC     test passed!
HC-128   test passed!
Rabbit   test passed!
DES      test passed!
DES3     test passed!
AES      test passed!
AES192   test passed!
AES256   test passed!
AES-GCM  test passed!
RSA      test passed!
DH       test passed!
DSA      test passed!
PWDBASED test passed!
ECC      test passed!
ECC buffer test passed!
logging  test passed!
mutex    test passed!
memcb    test failed!
 error = -13803
[SGXSan] ALWAYS: Enter enc_wolfSSL_write
[SGXSan] ALWAYS: Enter enc_wolfSSL_new
[SGXSan] ALWAYS: Enter enc_wolfTLSv1_2_server_method
[SGXSan] ALWAYS: Enter enc_wolfSSL_CTX_load_verify_buffer
[SGXSan] ALWAYS: Enter enc_wolfSSL_read
[SGXSan] ALWAYS: Enter enc_wolfSSL_CTX_set_cipher_list
[SGXSan] ALWAYS: Enter enc_wolfSSL_CTX_use_certificate_buffer
[SGXSan] ALWAYS: Enter enc_wolfSSL_CTX_new
[SGXSan] ALWAYS: Enter enc_wolfSSL_Debugging_OFF
[SGXSan] ALWAYS: Enter enc_wolfSSL_get_error
[SGXSan] ALWAYS: Enter enc_wolfSSL_Init
[SGXSan] ALWAYS: Enter enc_wolfSSL_Cleanup
[SGXSan] ALWAYS: Enter enc_wolfSSL_set_fd
[SGXSan] ALWAYS: Enter wc_benchmark_test
------------------------------------------------------------------------------
 wolfSSL version 5.1.0
------------------------------------------------------------------------------
wolfCrypt Benchmark (block bytes 1048576, min 1.0 sec each)
RNG                 15 MB took 1.150 seconds,   13.041 MB/s
AES-128-CBC-enc     35 MB took 1.067 seconds,   32.800 MB/s
AES-128-CBC-dec     30 MB took 1.003 seconds,   29.924 MB/s
AES-192-CBC-enc     30 MB took 1.076 seconds,   27.869 MB/s
AES-192-CBC-dec     30 MB took 1.161 seconds,   25.839 MB/s
AES-256-CBC-enc     30 MB took 1.201 seconds,   24.979 MB/s
AES-256-CBC-dec     25 MB took 1.064 seconds,   23.502 MB/s
AES-128-GCM-enc     25 MB took 1.042 seconds,   24.003 MB/s
AES-128-GCM-dec     25 MB took 1.032 seconds,   24.218 MB/s
AES-192-GCM-enc     25 MB took 1.170 seconds,   21.377 MB/s
AES-192-GCM-dec     25 MB took 1.193 seconds,   20.960 MB/s
AES-256-GCM-enc     20 MB took 1.053 seconds,   18.992 MB/s
AES-256-GCM-dec     20 MB took 1.031 seconds,   19.394 MB/s
GMAC Table 4-bit    68 MB took 1.008 seconds,   67.458 MB/s
RABBIT              90 MB took 1.005 seconds,   89.553 MB/s
3DES                10 MB took 1.136 seconds,    8.801 MB/s
MD5                300 MB took 1.007 seconds,  297.803 MB/s
SHA                130 MB took 1.030 seconds,  126.196 MB/s
SHA-256             35 MB took 1.119 seconds,   31.268 MB/s
HMAC-MD5           305 MB took 1.013 seconds,  301.083 MB/s
HMAC-SHA           130 MB took 1.002 seconds,  129.687 MB/s
HMAC-SHA256         35 MB took 1.158 seconds,   30.220 MB/s
PBKDF2               4 KB took 1.004 seconds,    3.705 KB/s
RSA     2048 public       1400 ops took 1.051 sec, avg 0.751 ms, 1331.544 ops/sec
RSA     2048 private       100 ops took 3.730 sec, avg 37.302 ms, 26.808 ops/sec
DH      2048 key gen        65 ops took 1.006 sec, avg 15.475 ms, 64.622 ops/sec
DH      2048 agree         100 ops took 1.587 sec, avg 15.875 ms, 62.992 ops/sec
ECC   [      SECP256R1]   256 key gen      1381 ops took 1.001 sec, avg 0.725 ms, 1380.063 ops/sec
ECDHE [      SECP256R1]   256 agree         900 ops took 1.005 sec, avg 1.116 ms, 895.695 ops/sec
ECDSA [      SECP256R1]   256 sign         1200 ops took 1.027 sec, avg 0.856 ms, 1167.955 ops/sec
ECDSA [      SECP256R1]   256 verify        900 ops took 1.043 sec, avg 1.159 ms, 862.845 ops/sec
Benchmark complete
[SGXSan] ALWAYS: Enter enc_wolfSSL_CTX_free
[SGXSan] ALWAYS: Enter enc_wolfTLSv1_2_client_method
[SGXSan] ALWAYS: Enter enc_wolfSSL_CTX_use_certificate_chain_buffer_format
[SGXSan] ALWAYS: Enter enc_wolfSSL_Debugging_ON
[SGXSan] ALWAYS: Enter enc_wolfSSL_free
[SGXSan] ALWAYS: Enter enc_wolfSSL_connect
[SGXSan] ALWAYS: Enter enc_wolfSSL_CTX_use_PrivateKey_buffer
[SGXSan] ALWAYS: Enter wc_test
------------------------------------------------------------------------------
 wolfSSL version 5.1.0
------------------------------------------------------------------------------
error    test passed!
MEMORY   test passed!
base64   test passed!
asn      test passed!
RANDOM   test passed!
MD5      test passed!
MD4      test passed!
SHA      test passed!
SHA-256  test passed!
Hash     test passed!
HMAC-MD5 test passed!
HMAC-SHA test passed!
HMAC-SHA256 test passed!
GMAC     test passed!
HC-128   test passed!
Rabbit   test passed!
DES      test passed!
DES3     test passed!
AES      test passed!
AES192   test passed!
AES256   test passed!
AES-GCM  test passed!
RSA      test passed!
DH       test passed!
DSA      test passed!
PWDBASED test passed!
ECC      test passed!
ECC buffer test passed!
logging  test passed!
mutex    test passed!
memcb    test failed!
 error = -13803
[SGXSan] ALWAYS: Enter enc_wolfSSL_write
[SGXSan] ALWAYS: Enter enc_wolfSSL_new
[SGXSan] ALWAYS: Enter enc_wolfTLSv1_2_server_method
[SGXSan] ALWAYS: Enter enc_wolfSSL_CTX_load_verify_buffer
[SGXSan] ALWAYS: Enter enc_wolfSSL_read
[SGXSan] ALWAYS: Enter enc_wolfSSL_CTX_set_cipher_list
[SGXSan] ALWAYS: Enter enc_wolfSSL_CTX_use_certificate_buffer
[SGXSan] ALWAYS: Enter enc_wolfSSL_CTX_new
[SGXSan] ALWAYS: Enter enc_wolfSSL_Debugging_OFF
[SGXSan] ALWAYS: Enter enc_wolfSSL_get_error
[SGXSan] ALWAYS: Enter enc_wolfSSL_Init
[SGXSan] ALWAYS: Enter enc_wolfSSL_Cleanup
[SGXSan] ALWAYS: Enter enc_wolfSSL_set_fd
[SGXSan] ALWAYS: Enter wc_benchmark_test
#4	pulse  cov: 6285 ft: 6285 corp: 1/1b lim: 1000000 exec/s: 0 rss: 60Mb
------------------------------------------------------------------------------
 wolfSSL version 5.1.0
------------------------------------------------------------------------------
wolfCrypt Benchmark (block bytes 1048576, min 1.0 sec each)
RNG                 15 MB took 1.161 seconds,   12.921 MB/s
AES-128-CBC-enc     35 MB took 1.093 seconds,   32.019 MB/s
AES-128-CBC-dec     30 MB took 1.004 seconds,   29.895 MB/s
AES-192-CBC-enc     30 MB took 1.085 seconds,   27.651 MB/s
AES-192-CBC-dec     30 MB took 1.128 seconds,   26.588 MB/s
AES-256-CBC-enc     30 MB took 1.179 seconds,   25.435 MB/s
AES-256-CBC-dec     25 MB took 1.026 seconds,   24.357 MB/s
AES-128-GCM-enc     25 MB took 1.041 seconds,   24.010 MB/s
AES-128-GCM-dec     25 MB took 1.066 seconds,   23.448 MB/s
AES-192-GCM-enc     25 MB took 1.190 seconds,   21.000 MB/s
AES-192-GCM-dec     25 MB took 1.207 seconds,   20.710 MB/s
AES-256-GCM-enc     20 MB took 1.039 seconds,   19.248 MB/s
AES-256-GCM-dec     20 MB took 1.029 seconds,   19.430 MB/s
GMAC Table 4-bit    68 MB took 1.001 seconds,   67.957 MB/s
RABBIT              90 MB took 1.027 seconds,   87.597 MB/s
3DES                10 MB took 1.093 seconds,    9.149 MB/s
MD5                305 MB took 1.005 seconds,  303.368 MB/s
SHA                135 MB took 1.038 seconds,  130.051 MB/s
SHA-256             35 MB took 1.121 seconds,   31.234 MB/s
HMAC-MD5           310 MB took 1.016 seconds,  305.233 MB/s
HMAC-SHA           130 MB took 1.012 seconds,  128.402 MB/s
HMAC-SHA256         35 MB took 1.165 seconds,   30.051 MB/s
PBKDF2               4 KB took 1.005 seconds,    3.700 KB/s
RSA     2048 public       1400 ops took 1.037 sec, avg 0.741 ms, 1349.572 ops/sec
RSA     2048 private       100 ops took 3.756 sec, avg 37.565 ms, 26.621 ops/sec
DH      2048 key gen        63 ops took 1.008 sec, avg 15.999 ms, 62.503 ops/sec
DH      2048 agree         100 ops took 1.560 sec, avg 15.601 ms, 64.098 ops/sec
ECC   [      SECP256R1]   256 key gen      1384 ops took 1.001 sec, avg 0.723 ms, 1383.169 ops/sec
ECDHE [      SECP256R1]   256 agree         900 ops took 1.017 sec, avg 1.130 ms, 885.095 ops/sec
ECDSA [      SECP256R1]   256 sign         1200 ops took 1.006 sec, avg 0.839 ms, 1192.481 ops/sec
ECDSA [      SECP256R1]   256 verify        900 ops took 1.070 sec, avg 1.189 ms, 840.906 ops/sec
Benchmark complete
[SGXSan] ALWAYS: Enter enc_wolfSSL_new
[SGXSan] ALWAYS: Enter enc_wolfSSL_CTX_use_PrivateKey_buffer
[SGXSan] ALWAYS: Enter enc_wolfSSL_Cleanup
[SGXSan] ALWAYS: Enter enc_wolfSSL_CTX_load_verify_buffer
[SGXSan] ALWAYS: Enter enc_wolfSSL_connect
[SGXSan] ALWAYS: Enter enc_wolfSSL_free
[SGXSan] ALWAYS: Enter enc_wolfSSL_Debugging_OFF
[SGXSan] ALWAYS: Enter enc_wolfTLSv1_2_server_method
[SGXSan] ALWAYS: Enter enc_wolfSSL_Init
[SGXSan] ALWAYS: Enter enc_wolfSSL_get_error
[SGXSan] ALWAYS: Enter enc_wolfTLSv1_2_client_method
[SGXSan] ALWAYS: Enter enc_wolfSSL_CTX_free
[SGXSan] ALWAYS: Enter enc_wolfSSL_write
[SGXSan] ALWAYS: Enter enc_wolfSSL_CTX_new
[SGXSan] ALWAYS: Enter enc_wolfSSL_CTX_set_cipher_list
[SGXSan] ALWAYS: Enter wc_benchmark_test
------------------------------------------------------------------------------
 wolfSSL version 5.1.0
------------------------------------------------------------------------------
wolfCrypt Benchmark (block bytes 1048576, min 1.0 sec each)
RNG                 15 MB took 1.161 seconds,   12.923 MB/s
AES-128-CBC-enc     35 MB took 1.064 seconds,   32.899 MB/s
AES-128-CBC-dec     35 MB took 1.157 seconds,   30.240 MB/s
AES-192-CBC-enc     30 MB took 1.093 seconds,   27.456 MB/s
AES-192-CBC-dec     30 MB took 1.140 seconds,   26.314 MB/s
AES-256-CBC-enc     25 MB took 1.005 seconds,   24.884 MB/s
AES-256-CBC-dec     25 MB took 1.064 seconds,   23.502 MB/s
AES-128-GCM-enc     25 MB took 1.058 seconds,   23.619 MB/s
AES-128-GCM-dec     25 MB took 1.057 seconds,   23.649 MB/s
AES-192-GCM-enc     25 MB took 1.188 seconds,   21.038 MB/s
AES-192-GCM-dec     25 MB took 1.182 seconds,   21.155 MB/s
AES-256-GCM-enc     20 MB took 1.028 seconds,   19.458 MB/s
AES-256-GCM-dec     20 MB took 1.040 seconds,   19.233 MB/s
GMAC Table 4-bit    67 MB took 1.001 seconds,   66.906 MB/s
RABBIT              90 MB took 1.020 seconds,   88.273 MB/s
3DES                10 MB took 1.112 seconds,    8.990 MB/s
MD5                300 MB took 1.014 seconds,  295.935 MB/s
SHA                125 MB took 1.011 seconds,  123.645 MB/s
SHA-256             35 MB took 1.143 seconds,   30.626 MB/s
HMAC-MD5           305 MB took 1.002 seconds,  304.424 MB/s
HMAC-SHA           130 MB took 1.016 seconds,  128.014 MB/s
HMAC-SHA256         35 MB took 1.152 seconds,   30.379 MB/s
PBKDF2               4 KB took 1.006 seconds,    3.666 KB/s
RSA     2048 public       1400 ops took 1.014 sec, avg 0.724 ms, 1380.308 ops/sec
RSA     2048 private       100 ops took 3.751 sec, avg 37.508 ms, 26.661 ops/sec
DH      2048 key gen        63 ops took 1.009 sec, avg 16.009 ms, 62.464 ops/sec
DH      2048 agree         100 ops took 1.538 sec, avg 15.382 ms, 65.009 ops/sec
ECC   [      SECP256R1]   256 key gen      1399 ops took 1.001 sec, avg 0.715 ms, 1398.046 ops/sec
ECDHE [      SECP256R1]   256 agree         900 ops took 1.006 sec, avg 1.118 ms, 894.646 ops/sec
ECDSA [      SECP256R1]   256 sign         1200 ops took 1.009 sec, avg 0.841 ms, 1188.812 ops/sec
ECDSA [      SECP256R1]   256 verify        900 ops took 1.060 sec, avg 1.178 ms, 849.136 ops/sec
Benchmark complete
[SGXSan] ALWAYS: Enter wc_test
------------------------------------------------------------------------------
 wolfSSL version 5.1.0
------------------------------------------------------------------------------
error    test passed!
MEMORY   test passed!
base64   test passed!
asn      test passed!
RANDOM   test passed!
MD5      test passed!
MD4      test passed!
SHA      test passed!
SHA-256  test passed!
Hash     test passed!
HMAC-MD5 test passed!
HMAC-SHA test passed!
HMAC-SHA256 test passed!
GMAC     test passed!
HC-128   test passed!
Rabbit   test passed!
DES      test passed!
DES3     test passed!
AES      test passed!
AES192   test passed!
AES256   test passed!
AES-GCM  test passed!
RSA      test passed!
DH       test passed!
DSA      test passed!
PWDBASED test passed!
ECC      test passed!
ECC buffer test passed!
logging  test passed!
mutex    test passed!
memcb    test failed!
 error = -13803
[SGXSan] ALWAYS: Enter enc_wolfSSL_CTX_use_certificate_buffer
[SGXSan] ALWAYS: Enter enc_wolfSSL_Debugging_ON
[SGXSan] ALWAYS: Enter enc_wolfSSL_set_fd
[SGXSan] ALWAYS: Enter enc_wolfSSL_read
[SGXSan] ALWAYS: Enter enc_wolfSSL_CTX_use_certificate_chain_buffer_format
[SGXSan] ALWAYS: Enter enc_wolfSSL_new
[SGXSan] ALWAYS: Enter enc_wolfSSL_CTX_use_PrivateKey_buffer
[SGXSan] ALWAYS: Enter enc_wolfSSL_Cleanup
[SGXSan] ALWAYS: Enter enc_wolfSSL_CTX_load_verify_buffer
[SGXSan] ALWAYS: Enter enc_wolfSSL_connect
[SGXSan] ALWAYS: Enter enc_wolfSSL_free
[SGXSan] ALWAYS: Enter enc_wolfSSL_Debugging_OFF
[SGXSan] ALWAYS: Enter enc_wolfTLSv1_2_server_method
[SGXSan] ALWAYS: Enter enc_wolfSSL_Init
[SGXSan] ALWAYS: Enter enc_wolfSSL_get_error
[SGXSan] ALWAYS: Enter enc_wolfTLSv1_2_client_method
[SGXSan] ALWAYS: Enter enc_wolfSSL_CTX_free
[SGXSan] ALWAYS: Enter enc_wolfSSL_write
[SGXSan] ALWAYS: Enter enc_wolfSSL_CTX_new
[SGXSan] ALWAYS: Enter enc_wolfSSL_CTX_set_cipher_list
[SGXSan] ALWAYS: Enter wc_benchmark_test
------------------------------------------------------------------------------
 wolfSSL version 5.1.0
------------------------------------------------------------------------------
wolfCrypt Benchmark (block bytes 1048576, min 1.0 sec each)
RNG                 15 MB took 1.134 seconds,   13.232 MB/s
AES-128-CBC-enc     35 MB took 1.078 seconds,   32.478 MB/s
AES-128-CBC-dec     30 MB took 1.002 seconds,   29.945 MB/s
AES-192-CBC-enc     30 MB took 1.092 seconds,   27.481 MB/s
AES-192-CBC-dec     30 MB took 1.146 seconds,   26.181 MB/s
AES-256-CBC-enc     30 MB took 1.187 seconds,   25.270 MB/s
AES-256-CBC-dec     25 MB took 1.061 seconds,   23.557 MB/s
AES-128-GCM-enc     25 MB took 1.069 seconds,   23.379 MB/s
AES-128-GCM-dec     25 MB took 1.039 seconds,   24.052 MB/s
AES-192-GCM-enc     25 MB took 1.178 seconds,   21.214 MB/s
AES-192-GCM-dec     25 MB took 1.151 seconds,   21.723 MB/s
AES-256-GCM-enc     25 MB took 1.249 seconds,   20.017 MB/s
AES-256-GCM-dec     20 MB took 1.003 seconds,   19.942 MB/s
GMAC Table 4-bit    68 MB took 1.014 seconds,   67.043 MB/s
RABBIT              95 MB took 1.055 seconds,   90.012 MB/s
3DES                10 MB took 1.106 seconds,    9.038 MB/s
MD5                300 MB took 1.006 seconds,  298.096 MB/s
SHA                130 MB took 1.028 seconds,  126.409 MB/s
SHA-256             35 MB took 1.155 seconds,   30.297 MB/s
HMAC-MD5           300 MB took 1.011 seconds,  296.711 MB/s
HMAC-SHA           130 MB took 1.028 seconds,  126.428 MB/s
HMAC-SHA256         35 MB took 1.133 seconds,   30.902 MB/s
PBKDF2               4 KB took 1.005 seconds,    3.826 KB/s
RSA     2048 public       1500 ops took 1.064 sec, avg 0.709 ms, 1409.975 ops/sec
RSA     2048 private       100 ops took 3.664 sec, avg 36.644 ms, 27.290 ops/sec
DH      2048 key gen        66 ops took 1.007 sec, avg 15.251 ms, 65.571 ops/sec
DH      2048 agree         100 ops took 1.569 sec, avg 15.687 ms, 63.747 ops/sec
ECC   [      SECP256R1]   256 key gen      1365 ops took 1.001 sec, avg 0.733 ms, 1364.030 ops/sec
ECDHE [      SECP256R1]   256 agree         900 ops took 1.014 sec, avg 1.127 ms, 887.476 ops/sec
ECDSA [      SECP256R1]   256 sign         1200 ops took 1.031 sec, avg 0.859 ms, 1164.099 ops/sec
ECDSA [      SECP256R1]   256 verify        900 ops took 1.076 sec, avg 1.196 ms, 836.405 ops/sec
Benchmark complete
[SGXSan] ALWAYS: Enter wc_test
------------------------------------------------------------------------------
 wolfSSL version 5.1.0
------------------------------------------------------------------------------
error    test passed!
MEMORY   test passed!
base64   test passed!
asn      test passed!
RANDOM   test passed!
MD5      test passed!
MD4      test passed!
SHA      test passed!
SHA-256  test passed!
Hash     test passed!
HMAC-MD5 test passed!
HMAC-SHA test passed!
HMAC-SHA256 test passed!
GMAC     test passed!
HC-128   test passed!
Rabbit   test passed!
DES      test passed!
DES3     test passed!
AES      test passed!
AES192   test passed!
AES256   test passed!
AES-GCM  test passed!
RSA      test passed!
DH       test passed!
DSA      test passed!
PWDBASED test passed!
ECC      test passed!
ECC buffer test passed!
logging  test passed!
mutex    test passed!
memcb    test failed!
 error = -13803
[SGXSan] ALWAYS: Enter enc_wolfSSL_CTX_use_certificate_buffer
[SGXSan] ALWAYS: Enter enc_wolfSSL_Debugging_ON
[SGXSan] ALWAYS: Enter enc_wolfSSL_set_fd
[SGXSan] ALWAYS: Enter enc_wolfSSL_read
[SGXSan] ALWAYS: Enter enc_wolfSSL_CTX_use_certificate_chain_buffer_format
[SGXSan] ALWAYS: Enter enc_wolfSSL_new
[SGXSan] ALWAYS: Enter enc_wolfSSL_CTX_use_PrivateKey_buffer
[SGXSan] ALWAYS: Enter enc_wolfSSL_Cleanup
[SGXSan] ALWAYS: Enter enc_wolfSSL_CTX_load_verify_buffer
[SGXSan] ALWAYS: Enter enc_wolfSSL_connect
[SGXSan] ALWAYS: Enter enc_wolfSSL_free
[SGXSan] ALWAYS: Enter enc_wolfSSL_Debugging_OFF
[SGXSan] ALWAYS: Enter enc_wolfTLSv1_2_server_method
[SGXSan] ALWAYS: Enter enc_wolfSSL_Init
[SGXSan] ALWAYS: Enter enc_wolfSSL_get_error
[SGXSan] ALWAYS: Enter enc_wolfTLSv1_2_client_method
[SGXSan] ALWAYS: Enter enc_wolfSSL_CTX_free
[SGXSan] ALWAYS: Enter enc_wolfSSL_write
[SGXSan] ALWAYS: Enter enc_wolfSSL_CTX_new
[SGXSan] ALWAYS: Enter enc_wolfSSL_CTX_set_cipher_list
[SGXSan] ALWAYS: Enter wc_benchmark_test
------------------------------------------------------------------------------
 wolfSSL version 5.1.0
------------------------------------------------------------------------------
wolfCrypt Benchmark (block bytes 1048576, min 1.0 sec each)
RNG                 15 MB took 1.122 seconds,   13.368 MB/s
AES-128-CBC-enc     35 MB took 1.072 seconds,   32.656 MB/s
AES-128-CBC-dec     35 MB took 1.134 seconds,   30.867 MB/s
AES-192-CBC-enc     30 MB took 1.052 seconds,   28.527 MB/s
AES-192-CBC-dec     30 MB took 1.115 seconds,   26.909 MB/s
AES-256-CBC-enc     30 MB took 1.161 seconds,   25.848 MB/s
AES-256-CBC-dec     25 MB took 1.034 seconds,   24.189 MB/s
AES-128-GCM-enc     25 MB took 1.043 seconds,   23.978 MB/s
AES-128-GCM-dec     25 MB took 1.040 seconds,   24.044 MB/s
AES-192-GCM-enc     25 MB took 1.173 seconds,   21.309 MB/s
AES-192-GCM-dec     25 MB took 1.160 seconds,   21.556 MB/s
AES-256-GCM-enc     20 MB took 1.001 seconds,   19.988 MB/s
AES-256-GCM-dec     20 MB took 1.036 seconds,   19.308 MB/s
GMAC Table 4-bit    69 MB took 1.001 seconds,   68.932 MB/s
RABBIT              95 MB took 1.044 seconds,   90.971 MB/s
3DES                10 MB took 1.072 seconds,    9.326 MB/s
MD5                305 MB took 1.008 seconds,  302.723 MB/s
SHA                130 MB took 1.002 seconds,  129.677 MB/s
SHA-256             35 MB took 1.133 seconds,   30.885 MB/s
HMAC-MD5           305 MB took 1.013 seconds,  301.037 MB/s
HMAC-SHA           130 MB took 1.007 seconds,  129.124 MB/s
HMAC-SHA256         35 MB took 1.123 seconds,   31.180 MB/s
PBKDF2               4 KB took 1.003 seconds,    3.833 KB/s
RSA     2048 public       1500 ops took 1.064 sec, avg 0.709 ms, 1409.814 ops/sec
RSA     2048 private       100 ops took 3.711 sec, avg 37.113 ms, 26.945 ops/sec
DH      2048 key gen        64 ops took 1.013 sec, avg 15.834 ms, 63.155 ops/sec
DH      2048 agree         100 ops took 1.565 sec, avg 15.652 ms, 63.889 ops/sec
ECC   [      SECP256R1]   256 key gen      1362 ops took 1.000 sec, avg 0.734 ms, 1361.688 ops/sec
ECDHE [      SECP256R1]   256 agree         900 ops took 1.007 sec, avg 1.119 ms, 893.801 ops/sec
ECDSA [      SECP256R1]   256 sign         1200 ops took 1.014 sec, avg 0.845 ms, 1183.085 ops/sec
ECDSA [      SECP256R1]   256 verify        900 ops took 1.026 sec, avg 1.140 ms, 877.112 ops/sec
Benchmark complete
[SGXSan] ALWAYS: Enter wc_test
------------------------------------------------------------------------------
 wolfSSL version 5.1.0
------------------------------------------------------------------------------
error    test passed!
MEMORY   test passed!
base64   test passed!
asn      test passed!
RANDOM   test passed!
MD5      test passed!
MD4      test passed!
SHA      test passed!
SHA-256  test passed!
Hash     test passed!
HMAC-MD5 test passed!
HMAC-SHA test passed!
HMAC-SHA256 test passed!
GMAC     test passed!
HC-128   test passed!
Rabbit   test passed!
DES      test passed!
DES3     test passed!
AES      test passed!
AES192   test passed!
AES256   test passed!
AES-GCM  test passed!
RSA      test passed!
DH       test passed!
DSA      test passed!
PWDBASED test passed!
ECC      test passed!
ECC buffer test passed!
logging  test passed!
mutex    test passed!
memcb    test failed!
 error = -13803
[SGXSan] ALWAYS: Enter enc_wolfSSL_CTX_use_certificate_buffer
[SGXSan] ALWAYS: Enter enc_wolfSSL_Debugging_ON
[SGXSan] ALWAYS: Enter enc_wolfSSL_set_fd
[SGXSan] ALWAYS: Enter enc_wolfSSL_read
[SGXSan] ALWAYS: Enter enc_wolfSSL_CTX_use_certificate_chain_buffer_format
#7	DONE   cov: 6285 ft: 6285 corp: 1/1b lim: 1000000 exec/s: 0 rss: 76Mb
Done 7 runs in 295 second(s)
stat::number_of_executed_units: 7
stat::average_exec_per_sec:     0
stat::new_units_added:          0
stat::slowest_unit_time_sec:    42
stat::peak_rss_mb:              76
