WARNING: Failed to find function "__sanitizer_acquire_crash_state".
WARNING: Failed to find function "__sanitizer_print_stack_trace".
WARNING: Failed to find function "__sanitizer_set_death_callback".
[2023-01-15 17:18:40.040] [Init] Num of ECall: 22
[2023-01-15 17:18:40.040] ECalls:
  0 - fuzz_enc_wolfSSL_CTX_free
  1 - fuzz_enc_wolfSSL_CTX_load_verify_buffer
  2 - fuzz_enc_wolfSSL_CTX_new
  3 - fuzz_enc_wolfSSL_CTX_set_cipher_list
  4 - fuzz_enc_wolfSSL_CTX_use_PrivateKey_buffer
  5 - fuzz_enc_wolfSSL_CTX_use_certificate_buffer
  6 - fuzz_enc_wolfSSL_CTX_use_certificate_chain_buffer_format
  7 - fuzz_enc_wolfSSL_Cleanup
  8 - fuzz_enc_wolfSSL_Debugging_OFF
  9 - fuzz_enc_wolfSSL_Debugging_ON
  10 - fuzz_enc_wolfSSL_Init
  11 - fuzz_enc_wolfSSL_connect
  12 - fuzz_enc_wolfSSL_free
  13 - fuzz_enc_wolfSSL_get_error
  14 - fuzz_enc_wolfSSL_new
  15 - fuzz_enc_wolfSSL_read
  16 - fuzz_enc_wolfSSL_set_fd
  17 - fuzz_enc_wolfSSL_write
  18 - fuzz_enc_wolfTLSv1_2_client_method
  19 - fuzz_enc_wolfTLSv1_2_server_method
  20 - fuzz_wc_benchmark_test
  21 - fuzz_wc_test

INFO: found LLVMFuzzerCustomMutator (0x44ac30). Disabling -len_control by default.
INFO: libFuzzer ignores flags that start with '--'
INFO: Running with entropic power schedule (0xFF, 100).
INFO: Seed: 1144561511
INFO: Loaded 1 modules   (291 inline 8-bit counters): 291 [0x4cb7e8, 0x4cb90b), 
INFO: Loaded 1 PC tables (291 PCs): 291 [0x4cb910,0x4ccb40), 
INFO:        0 files found in /tmp/libFuzzerTemp.FuzzWithFork422940.dir/C85
[SGXSan] ALWAYS: Hook __sanitizer_cov_8bit_counters_init of Enclave, 21636 inline 8-bit counts [0x7f2fdea549c0, 0x7f2fdea59e44) (First time)
[SGXSan] ALWAYS: Hook __sanitizer_cov_pcs_init of Enclave, 21636 PCs [0x7f2fdea59e48, 0x7f2fdeaae688) (First time)
[SGXSan] ALWAYS: Enter enc_wolfSSL_CTX_free
[SGXSan] ALWAYS: Enter enc_wolfSSL_CTX_load_verify_buffer
[SGXSan] ALWAYS: Enter enc_wolfSSL_CTX_new
[SGXSan] ALWAYS: Enter enc_wolfSSL_CTX_set_cipher_list
[SGXSan] ALWAYS: Enter enc_wolfSSL_CTX_use_PrivateKey_buffer
[SGXSan] ALWAYS: Enter enc_wolfSSL_CTX_use_certificate_buffer
[SGXSan] ALWAYS: Enter enc_wolfSSL_CTX_use_certificate_chain_buffer_format
[SGXSan] ALWAYS: Enter enc_wolfSSL_Cleanup
[SGXSan] ALWAYS: Enter enc_wolfSSL_Debugging_OFF
[SGXSan] ALWAYS: Enter enc_wolfSSL_Debugging_ON
[SGXSan] ALWAYS: Enter enc_wolfSSL_Init
[SGXSan] ALWAYS: Enter enc_wolfSSL_connect
[SGXSan] ALWAYS: Enter enc_wolfSSL_free
[SGXSan] ALWAYS: Enter enc_wolfSSL_get_error
[SGXSan] ALWAYS: Enter enc_wolfSSL_new
[SGXSan] ALWAYS: Enter enc_wolfSSL_read
[SGXSan] ALWAYS: Enter enc_wolfSSL_set_fd
[SGXSan] ALWAYS: Enter enc_wolfSSL_write
[SGXSan] ALWAYS: Enter enc_wolfTLSv1_2_client_method
[SGXSan] ALWAYS: Enter enc_wolfTLSv1_2_server_method
[SGXSan] ALWAYS: Enter wc_benchmark_test
------------------------------------------------------------------------------
 wolfSSL version 5.1.0
------------------------------------------------------------------------------
wolfCrypt Benchmark (block bytes 1048576, min 1.0 sec each)
RNG                 15 MB took 1.192 seconds,   12.582 MB/s
AES-128-CBC-enc     35 MB took 1.080 seconds,   32.418 MB/s
AES-128-CBC-dec     30 MB took 1.004 seconds,   29.873 MB/s
AES-192-CBC-enc     30 MB took 1.107 seconds,   27.107 MB/s
AES-192-CBC-dec     30 MB took 1.167 seconds,   25.700 MB/s
AES-256-CBC-enc     25 MB took 1.005 seconds,   24.888 MB/s
AES-256-CBC-dec     25 MB took 1.063 seconds,   23.523 MB/s
AES-128-GCM-enc     25 MB took 1.056 seconds,   23.678 MB/s
AES-128-GCM-dec     25 MB took 1.039 seconds,   24.062 MB/s
AES-192-GCM-enc     25 MB took 1.192 seconds,   20.969 MB/s
AES-192-GCM-dec     25 MB took 1.173 seconds,   21.311 MB/s
AES-256-GCM-enc     20 MB took 1.035 seconds,   19.330 MB/s
AES-256-GCM-dec     20 MB took 1.026 seconds,   19.489 MB/s
GMAC Table 4-bit    68 MB took 1.014 seconds,   67.050 MB/s
RABBIT              90 MB took 1.023 seconds,   87.987 MB/s
3DES                10 MB took 1.093 seconds,    9.148 MB/s
MD5                285 MB took 1.000 seconds,  284.953 MB/s
SHA                130 MB took 1.033 seconds,  125.831 MB/s
SHA-256             35 MB took 1.121 seconds,   31.221 MB/s
HMAC-MD5           310 MB took 1.012 seconds,  306.327 MB/s
HMAC-SHA           130 MB took 1.019 seconds,  127.615 MB/s
HMAC-SHA256         35 MB took 1.141 seconds,   30.666 MB/s
PBKDF2               4 KB took 1.008 seconds,    3.689 KB/s
RSA     2048 public       1400 ops took 1.030 sec, avg 0.736 ms, 1358.696 ops/sec
RSA     2048 private       100 ops took 3.794 sec, avg 37.943 ms, 26.355 ops/sec
DH      2048 key gen        63 ops took 1.002 sec, avg 15.910 ms, 62.852 ops/sec
DH      2048 agree         100 ops took 1.523 sec, avg 15.232 ms, 65.653 ops/sec
ECC   [      SECP256R1]   256 key gen      1405 ops took 1.001 sec, avg 0.712 ms, 1404.153 ops/sec
ECDHE [      SECP256R1]   256 agree        1000 ops took 1.077 sec, avg 1.077 ms, 928.191 ops/sec
ECDSA [      SECP256R1]   256 sign         1200 ops took 1.025 sec, avg 0.855 ms, 1170.173 ops/sec
ECDSA [      SECP256R1]   256 verify        900 ops took 1.063 sec, avg 1.181 ms, 846.461 ops/sec
Benchmark complete
[SGXSan] ALWAYS: Enter wc_test
INFO: A corpus is not provided, starting from an empty corpus
------------------------------------------------------------------------------
 wolfSSL version 5.1.0
------------------------------------------------------------------------------
error    test passed!
MEMORY   test passed!
base64   test passed!
asn      test passed!
RANDOM   test passed!
MD5      test passed!
MD4      test passed!
SHA      test passed!
SHA-256  test passed!
Hash     test passed!
HMAC-MD5 test passed!
HMAC-SHA test passed!
HMAC-SHA256 test passed!
GMAC     test passed!
HC-128   test passed!
Rabbit   test passed!
DES      test passed!
DES3     test passed!
AES      test passed!
AES192   test passed!
AES256   test passed!
AES-GCM  test passed!
RSA      test passed!
DH       test passed!
DSA      test passed!
PWDBASED test passed!
ECC      test passed!
ECC buffer test passed!
logging  test passed!
mutex    test passed!
memcb    test passed!
Test complete
[SGXSan] ALWAYS: Enter enc_wolfSSL_Init
[SGXSan] ALWAYS: Enter enc_wolfSSL_CTX_free
[SGXSan] ALWAYS: Enter enc_wolfSSL_CTX_load_verify_buffer
[SGXSan] ALWAYS: Enter enc_wolfSSL_CTX_new
[SGXSan] ALWAYS: Enter enc_wolfSSL_CTX_set_cipher_list
[SGXSan] ALWAYS: Enter enc_wolfSSL_CTX_use_PrivateKey_buffer
[SGXSan] ALWAYS: Enter enc_wolfSSL_CTX_use_certificate_buffer
[SGXSan] ALWAYS: Enter enc_wolfSSL_CTX_use_certificate_chain_buffer_format
[SGXSan] ALWAYS: Enter enc_wolfSSL_Cleanup
[SGXSan] ALWAYS: Enter enc_wolfSSL_Debugging_OFF
[SGXSan] ALWAYS: Enter enc_wolfSSL_Debugging_ON
[SGXSan] ALWAYS: Enter enc_wolfSSL_connect
[SGXSan] ALWAYS: Enter enc_wolfSSL_free
[SGXSan] ALWAYS: Enter enc_wolfSSL_get_error
[SGXSan] ALWAYS: Enter enc_wolfSSL_new
[SGXSan] ALWAYS: Enter enc_wolfSSL_read
[SGXSan] ALWAYS: Enter enc_wolfSSL_set_fd
[SGXSan] ALWAYS: Enter enc_wolfSSL_write
[SGXSan] ALWAYS: Enter enc_wolfTLSv1_2_client_method
[SGXSan] ALWAYS: Enter enc_wolfTLSv1_2_server_method
[SGXSan] ALWAYS: Enter wc_benchmark_test
------------------------------------------------------------------------------
 wolfSSL version 5.1.0
------------------------------------------------------------------------------
wolfCrypt Benchmark (block bytes 1048576, min 1.0 sec each)
RNG                 15 MB took 1.152 seconds,   13.026 MB/s
AES-128-CBC-enc     35 MB took 1.078 seconds,   32.455 MB/s
AES-128-CBC-dec     35 MB took 1.164 seconds,   30.058 MB/s
AES-192-CBC-enc     30 MB took 1.084 seconds,   27.675 MB/s
AES-192-CBC-dec     30 MB took 1.143 seconds,   26.241 MB/s
AES-256-CBC-enc     30 MB took 1.187 seconds,   25.279 MB/s
AES-256-CBC-dec     25 MB took 1.043 seconds,   23.962 MB/s
AES-128-GCM-enc     25 MB took 1.050 seconds,   23.802 MB/s
AES-128-GCM-dec     25 MB took 1.104 seconds,   22.653 MB/s
AES-192-GCM-enc     25 MB took 1.193 seconds,   20.964 MB/s
AES-192-GCM-dec     25 MB took 1.197 seconds,   20.887 MB/s
AES-256-GCM-enc     20 MB took 1.037 seconds,   19.281 MB/s
AES-256-GCM-dec     20 MB took 1.046 seconds,   19.114 MB/s
GMAC Table 4-bit    68 MB took 1.013 seconds,   67.136 MB/s
RABBIT              90 MB took 1.011 seconds,   89.004 MB/s
3DES                10 MB took 1.079 seconds,    9.266 MB/s
MD5                305 MB took 1.003 seconds,  304.072 MB/s
SHA                130 MB took 1.007 seconds,  129.096 MB/s
SHA-256             35 MB took 1.150 seconds,   30.437 MB/s
HMAC-MD5           300 MB took 1.015 seconds,  295.598 MB/s
HMAC-SHA           130 MB took 1.036 seconds,  125.465 MB/s
HMAC-SHA256         35 MB took 1.155 seconds,   30.313 MB/s
PBKDF2               4 KB took 1.007 seconds,    3.725 KB/s
RSA     2048 public       1400 ops took 1.002 sec, avg 0.716 ms, 1397.194 ops/sec
RSA     2048 private       100 ops took 3.728 sec, avg 37.285 ms, 26.821 ops/sec
DH      2048 key gen        67 ops took 1.012 sec, avg 15.109 ms, 66.185 ops/sec
DH      2048 agree         100 ops took 1.513 sec, avg 15.130 ms, 66.093 ops/sec
ECC   [      SECP256R1]   256 key gen      1407 ops took 1.000 sec, avg 0.711 ms, 1406.764 ops/sec
ECDHE [      SECP256R1]   256 agree        1000 ops took 1.087 sec, avg 1.087 ms, 920.186 ops/sec
ECDSA [      SECP256R1]   256 sign         1200 ops took 1.041 sec, avg 0.867 ms, 1153.220 ops/sec
ECDSA [      SECP256R1]   256 verify        900 ops took 1.067 sec, avg 1.186 ms, 843.461 ops/sec
Benchmark complete
[SGXSan] ALWAYS: Enter wc_test
#2	pulse  ft: 6288 exec/s: 0 rss: 48Mb
Slowest unit: 42 s:
artifact_prefix='./crashes/'; Test unit written to ./crashes/slow-unit-adc83b19e793491b1c6ea0fd8b46cd9f32e592fc
Base64: Cg==
#2	INITED cov: 6288 ft: 6288 corp: 1/1b exec/s: 0 rss: 49Mb
------------------------------------------------------------------------------
 wolfSSL version 5.1.0
------------------------------------------------------------------------------
error    test passed!
MEMORY   test passed!
base64   test passed!
asn      test passed!
RANDOM   test passed!
MD5      test passed!
MD4      test passed!
SHA      test passed!
SHA-256  test passed!
Hash     test passed!
HMAC-MD5 test passed!
HMAC-SHA test passed!
HMAC-SHA256 test passed!
GMAC     test passed!
HC-128   test passed!
Rabbit   test passed!
DES      test passed!
DES3     test passed!
AES      test passed!
AES192   test passed!
AES256   test passed!
AES-GCM  test passed!
RSA      test passed!
DH       test passed!
DSA      test passed!
PWDBASED test passed!
ECC      test passed!
ECC buffer test passed!
logging  test passed!
mutex    test passed!
memcb    test failed!
 error = -13803
[SGXSan] ALWAYS: Enter wc_test
------------------------------------------------------------------------------
 wolfSSL version 5.1.0
------------------------------------------------------------------------------
error    test passed!
MEMORY   test passed!
base64   test passed!
asn      test passed!
RANDOM   test passed!
MD5      test passed!
MD4      test passed!
SHA      test passed!
SHA-256  test passed!
Hash     test passed!
HMAC-MD5 test passed!
HMAC-SHA test passed!
HMAC-SHA256 test passed!
GMAC     test passed!
HC-128   test passed!
Rabbit   test passed!
DES      test passed!
DES3     test passed!
AES      test passed!
AES192   test passed!
AES256   test passed!
AES-GCM  test passed!
RSA      test passed!
DH       test passed!
DSA      test passed!
PWDBASED test passed!
ECC      test passed!
ECC buffer test passed!
logging  test passed!
mutex    test passed!
memcb    test failed!
 error = -13803
[SGXSan] ALWAYS: Enter enc_wolfSSL_connect
[SGXSan] ALWAYS: Enter enc_wolfSSL_Debugging_OFF
[SGXSan] ALWAYS: Enter enc_wolfSSL_get_error
[SGXSan] ALWAYS: Enter enc_wolfSSL_read
[SGXSan] ALWAYS: Enter enc_wolfSSL_new
[SGXSan] ALWAYS: Enter wc_benchmark_test
------------------------------------------------------------------------------
 wolfSSL version 5.1.0
------------------------------------------------------------------------------
wolfCrypt Benchmark (block bytes 1048576, min 1.0 sec each)
RNG                 15 MB took 1.147 seconds,   13.079 MB/s
AES-128-CBC-enc     35 MB took 1.066 seconds,   32.845 MB/s
AES-128-CBC-dec     30 MB took 1.023 seconds,   29.322 MB/s
AES-192-CBC-enc     30 MB took 1.093 seconds,   27.454 MB/s
AES-192-CBC-dec     30 MB took 1.143 seconds,   26.251 MB/s
AES-256-CBC-enc     25 MB took 1.007 seconds,   24.821 MB/s
AES-256-CBC-dec     25 MB took 1.054 seconds,   23.713 MB/s
AES-128-GCM-enc     25 MB took 1.073 seconds,   23.300 MB/s
AES-128-GCM-dec     25 MB took 1.077 seconds,   23.213 MB/s
AES-192-GCM-enc     25 MB took 1.201 seconds,   20.813 MB/s
AES-192-GCM-dec     25 MB took 1.205 seconds,   20.743 MB/s
AES-256-GCM-enc     20 MB took 1.050 seconds,   19.050 MB/s
AES-256-GCM-dec     20 MB took 1.048 seconds,   19.088 MB/s
GMAC Table 4-bit    67 MB took 1.001 seconds,   66.938 MB/s
RABBIT              95 MB took 1.055 seconds,   90.069 MB/s
3DES                10 MB took 1.108 seconds,    9.023 MB/s
MD5                305 MB took 1.016 seconds,  300.246 MB/s
SHA                130 MB took 1.033 seconds,  125.802 MB/s
SHA-256             35 MB took 1.128 seconds,   31.018 MB/s
HMAC-MD5           305 MB took 1.010 seconds,  302.068 MB/s
HMAC-SHA           130 MB took 1.022 seconds,  127.167 MB/s
HMAC-SHA256         35 MB took 1.148 seconds,   30.488 MB/s
PBKDF2               4 KB took 1.000 seconds,    3.749 KB/s
RSA     2048 public       1400 ops took 1.010 sec, avg 0.721 ms, 1386.761 ops/sec
RSA     2048 private       100 ops took 3.755 sec, avg 37.551 ms, 26.630 ops/sec
DH      2048 key gen        65 ops took 1.015 sec, avg 15.608 ms, 64.069 ops/sec
DH      2048 agree         100 ops took 1.529 sec, avg 15.294 ms, 65.384 ops/sec
ECC   [      SECP256R1]   256 key gen      1391 ops took 1.001 sec, avg 0.719 ms, 1390.294 ops/sec
ECDHE [      SECP256R1]   256 agree         900 ops took 1.009 sec, avg 1.121 ms, 891.805 ops/sec
ECDSA [      SECP256R1]   256 sign         1200 ops took 1.015 sec, avg 0.846 ms, 1182.496 ops/sec
ECDSA [      SECP256R1]   256 verify        900 ops took 1.062 sec, avg 1.181 ms, 847.095 ops/sec
Benchmark complete
[SGXSan] ALWAYS: Enter enc_wolfSSL_Debugging_ON
[SGXSan] ALWAYS: Enter enc_wolfSSL_CTX_free
[SGXSan] ALWAYS: Enter enc_wolfSSL_CTX_use_certificate_chain_buffer_format
[SGXSan] ALWAYS: Enter enc_wolfSSL_Init
[SGXSan] ALWAYS: Enter enc_wolfSSL_CTX_set_cipher_list
[SGXSan] ALWAYS: Enter enc_wolfSSL_Cleanup
[SGXSan] ALWAYS: Enter enc_wolfSSL_CTX_use_certificate_buffer
[SGXSan] ALWAYS: Enter enc_wolfSSL_set_fd
[SGXSan] ALWAYS: Enter enc_wolfSSL_CTX_use_PrivateKey_buffer
[SGXSan] ALWAYS: Enter enc_wolfSSL_CTX_new
[SGXSan] ALWAYS: Enter enc_wolfTLSv1_2_client_method
[SGXSan] ALWAYS: Enter enc_wolfSSL_CTX_load_verify_buffer
[SGXSan] ALWAYS: Enter enc_wolfSSL_write
[SGXSan] ALWAYS: Enter enc_wolfTLSv1_2_server_method
[SGXSan] ALWAYS: Enter enc_wolfSSL_free
[SGXSan] ALWAYS: Enter enc_wolfSSL_CTX_use_PrivateKey_buffer
[SGXSan] ALWAYS: Enter enc_wolfSSL_CTX_use_certificate_chain_buffer_format
[SGXSan] ALWAYS: Enter enc_wolfSSL_CTX_load_verify_buffer
[SGXSan] ALWAYS: Enter wc_test
------------------------------------------------------------------------------
 wolfSSL version 5.1.0
------------------------------------------------------------------------------
error    test passed!
MEMORY   test passed!
base64   test passed!
asn      test passed!
RANDOM   test passed!
MD5      test passed!
MD4      test passed!
SHA      test passed!
SHA-256  test passed!
Hash     test passed!
HMAC-MD5 test passed!
HMAC-SHA test passed!
HMAC-SHA256 test passed!
GMAC     test passed!
HC-128   test passed!
Rabbit   test passed!
DES      test passed!
DES3     test passed!
AES      test passed!
AES192   test passed!
AES256   test passed!
AES-GCM  test passed!
RSA      test passed!
DH       test passed!
DSA      test passed!
PWDBASED test passed!
ECC      test passed!
ECC buffer test passed!
logging  test passed!
mutex    test passed!
memcb    test failed!
 error = -13803
[SGXSan] ALWAYS: Enter enc_wolfSSL_CTX_use_certificate_buffer
[SGXSan] ALWAYS: Enter enc_wolfSSL_Init
[SGXSan] ALWAYS: Enter enc_wolfSSL_write
[SGXSan] ALWAYS: Enter enc_wolfSSL_CTX_new
[SGXSan] ALWAYS: Enter enc_wolfSSL_free
[SGXSan] ALWAYS: Enter enc_wolfSSL_Debugging_OFF
[SGXSan] ALWAYS: Enter enc_wolfSSL_new
[SGXSan] ALWAYS: Enter enc_wolfSSL_set_fd
[SGXSan] ALWAYS: Enter enc_wolfSSL_get_error
[SGXSan] ALWAYS: Enter enc_wolfSSL_Cleanup
[SGXSan] ALWAYS: Enter enc_wolfTLSv1_2_client_method
[SGXSan] ALWAYS: Enter enc_wolfSSL_CTX_free
[SGXSan] ALWAYS: Enter enc_wolfSSL_Debugging_ON
[SGXSan] ALWAYS: Enter enc_wolfSSL_CTX_set_cipher_list
[SGXSan] ALWAYS: Enter enc_wolfSSL_connect
[SGXSan] ALWAYS: Enter wc_benchmark_test
------------------------------------------------------------------------------
 wolfSSL version 5.1.0
------------------------------------------------------------------------------
wolfCrypt Benchmark (block bytes 1048576, min 1.0 sec each)
RNG                 15 MB took 1.130 seconds,   13.272 MB/s
AES-128-CBC-enc     35 MB took 1.083 seconds,   32.326 MB/s
AES-128-CBC-dec     35 MB took 1.166 seconds,   30.023 MB/s
AES-192-CBC-enc     30 MB took 1.073 seconds,   27.970 MB/s
AES-192-CBC-dec     30 MB took 1.134 seconds,   26.456 MB/s
AES-256-CBC-enc     25 MB took 1.001 seconds,   24.971 MB/s
AES-256-CBC-dec     25 MB took 1.066 seconds,   23.449 MB/s
AES-128-GCM-enc     25 MB took 1.056 seconds,   23.683 MB/s
AES-128-GCM-dec     20 MB took 1.057 seconds,   18.924 MB/s
AES-192-GCM-enc     25 MB took 1.227 seconds,   20.379 MB/s
AES-192-GCM-dec     25 MB took 1.152 seconds,   21.696 MB/s
AES-256-GCM-enc     20 MB took 1.001 seconds,   19.974 MB/s
AES-256-GCM-dec     20 MB took 1.046 seconds,   19.113 MB/s
GMAC Table 4-bit    61 MB took 1.007 seconds,   60.559 MB/s
RABBIT              90 MB took 1.011 seconds,   89.009 MB/s
3DES                10 MB took 1.106 seconds,    9.042 MB/s
MD5                300 MB took 1.008 seconds,  297.716 MB/s
SHA                130 MB took 1.020 seconds,  127.513 MB/s
SHA-256             30 MB took 1.011 seconds,   29.679 MB/s
HMAC-MD5           300 MB took 1.013 seconds,  296.075 MB/s
HMAC-SHA           130 MB took 1.026 seconds,  126.713 MB/s
HMAC-SHA256         35 MB took 1.123 seconds,   31.158 MB/s
PBKDF2               4 KB took 1.007 seconds,    3.817 KB/s
RSA     2048 public       1500 ops took 1.061 sec, avg 0.707 ms, 1414.189 ops/sec
RSA     2048 private       100 ops took 3.672 sec, avg 36.719 ms, 27.234 ops/sec
DH      2048 key gen        67 ops took 1.014 sec, avg 15.137 ms, 66.064 ops/sec
DH      2048 agree         100 ops took 1.583 sec, avg 15.829 ms, 63.174 ops/sec
ECC   [      SECP256R1]   256 key gen      1372 ops took 1.000 sec, avg 0.729 ms, 1371.898 ops/sec
ECDHE [      SECP256R1]   256 agree         900 ops took 1.007 sec, avg 1.119 ms, 894.026 ops/sec
ECDSA [      SECP256R1]   256 sign         1200 ops took 1.019 sec, avg 0.849 ms, 1177.267 ops/sec
ECDSA [      SECP256R1]   256 verify        900 ops took 1.048 sec, avg 1.165 ms, 858.503 ops/sec
Benchmark complete
[SGXSan] ALWAYS: Enter enc_wolfSSL_read
[SGXSan] ALWAYS: Enter enc_wolfTLSv1_2_server_method
#4	pulse  cov: 6288 ft: 6288 corp: 1/1b lim: 1000000 exec/s: 0 rss: 60Mb
[SGXSan] ALWAYS: Enter enc_wolfSSL_CTX_use_PrivateKey_buffer
[SGXSan] ALWAYS: Enter enc_wolfSSL_CTX_use_certificate_chain_buffer_format
[SGXSan] ALWAYS: Enter enc_wolfSSL_CTX_load_verify_buffer
[SGXSan] ALWAYS: Enter wc_test
------------------------------------------------------------------------------
 wolfSSL version 5.1.0
------------------------------------------------------------------------------
error    test passed!
MEMORY   test passed!
base64   test passed!
asn      test passed!
RANDOM   test passed!
MD5      test passed!
MD4      test passed!
SHA      test passed!
SHA-256  test passed!
Hash     test passed!
HMAC-MD5 test passed!
HMAC-SHA test passed!
HMAC-SHA256 test passed!
GMAC     test passed!
HC-128   test passed!
Rabbit   test passed!
DES      test passed!
DES3     test passed!
AES      test passed!
AES192   test passed!
AES256   test passed!
AES-GCM  test passed!
RSA      test passed!
DH       test passed!
DSA      test passed!
PWDBASED test passed!
ECC      test passed!
ECC buffer test passed!
logging  test passed!
mutex    test passed!
memcb    test failed!
 error = -13803
[SGXSan] ALWAYS: Enter enc_wolfSSL_CTX_use_certificate_buffer
[SGXSan] ALWAYS: Enter enc_wolfSSL_Init
[SGXSan] ALWAYS: Enter enc_wolfSSL_write
[SGXSan] ALWAYS: Enter enc_wolfSSL_CTX_new
[SGXSan] ALWAYS: Enter enc_wolfSSL_free
[SGXSan] ALWAYS: Enter enc_wolfSSL_Debugging_OFF
[SGXSan] ALWAYS: Enter enc_wolfSSL_new
[SGXSan] ALWAYS: Enter enc_wolfSSL_set_fd
[SGXSan] ALWAYS: Enter enc_wolfSSL_get_error
[SGXSan] ALWAYS: Enter enc_wolfSSL_Cleanup
[SGXSan] ALWAYS: Enter enc_wolfTLSv1_2_client_method
[SGXSan] ALWAYS: Enter enc_wolfSSL_CTX_free
[SGXSan] ALWAYS: Enter enc_wolfSSL_Debugging_ON
[SGXSan] ALWAYS: Enter enc_wolfSSL_CTX_set_cipher_list
[SGXSan] ALWAYS: Enter enc_wolfSSL_connect
[SGXSan] ALWAYS: Enter wc_benchmark_test
------------------------------------------------------------------------------
 wolfSSL version 5.1.0
------------------------------------------------------------------------------
wolfCrypt Benchmark (block bytes 1048576, min 1.0 sec each)
RNG                 15 MB took 1.121 seconds,   13.382 MB/s
AES-128-CBC-enc     35 MB took 1.064 seconds,   32.898 MB/s
AES-128-CBC-dec     35 MB took 1.137 seconds,   30.783 MB/s
AES-192-CBC-enc     30 MB took 1.075 seconds,   27.901 MB/s
AES-192-CBC-dec     30 MB took 1.116 seconds,   26.873 MB/s
AES-256-CBC-enc     30 MB took 1.185 seconds,   25.315 MB/s
AES-256-CBC-dec     25 MB took 1.052 seconds,   23.767 MB/s
AES-128-GCM-enc     25 MB took 1.033 seconds,   24.196 MB/s
AES-128-GCM-dec     25 MB took 1.057 seconds,   23.642 MB/s
AES-192-GCM-enc     25 MB took 1.176 seconds,   21.257 MB/s
AES-192-GCM-dec     25 MB took 1.164 seconds,   21.481 MB/s
AES-256-GCM-enc     20 MB took 1.006 seconds,   19.878 MB/s
AES-256-GCM-dec     20 MB took 1.034 seconds,   19.334 MB/s
GMAC Table 4-bit    69 MB took 1.005 seconds,   68.688 MB/s
RABBIT              95 MB took 1.038 seconds,   91.507 MB/s
3DES                10 MB took 1.082 seconds,    9.240 MB/s
MD5                310 MB took 1.016 seconds,  305.208 MB/s
SHA                130 MB took 1.018 seconds,  127.731 MB/s
SHA-256             35 MB took 1.121 seconds,   31.222 MB/s
HMAC-MD5           305 MB took 1.014 seconds,  300.763 MB/s
HMAC-SHA           130 MB took 1.003 seconds,  129.649 MB/s
HMAC-SHA256         35 MB took 1.123 seconds,   31.175 MB/s
PBKDF2               4 KB took 1.004 seconds,    3.829 KB/s
RSA     2048 public       1400 ops took 1.002 sec, avg 0.716 ms, 1396.867 ops/sec
RSA     2048 private       100 ops took 3.728 sec, avg 37.277 ms, 26.826 ops/sec
DH      2048 key gen        65 ops took 1.015 sec, avg 15.613 ms, 64.048 ops/sec
DH      2048 agree         100 ops took 1.594 sec, avg 15.941 ms, 62.731 ops/sec
ECC   [      SECP256R1]   256 key gen      1387 ops took 1.000 sec, avg 0.721 ms, 1386.911 ops/sec
ECDHE [      SECP256R1]   256 agree         900 ops took 1.007 sec, avg 1.119 ms, 893.973 ops/sec
ECDSA [      SECP256R1]   256 sign         1300 ops took 1.078 sec, avg 0.830 ms, 1205.428 ops/sec
ECDSA [      SECP256R1]   256 verify        900 ops took 1.020 sec, avg 1.133 ms, 882.659 ops/sec
Benchmark complete
[SGXSan] ALWAYS: Enter enc_wolfSSL_read
[SGXSan] ALWAYS: Enter enc_wolfTLSv1_2_server_method
[SGXSan] ALWAYS: Enter enc_wolfSSL_CTX_use_PrivateKey_buffer
[SGXSan] ALWAYS: Enter enc_wolfSSL_CTX_use_certificate_chain_buffer_format
[SGXSan] ALWAYS: Enter enc_wolfSSL_CTX_load_verify_buffer
[SGXSan] ALWAYS: Enter wc_test
------------------------------------------------------------------------------
 wolfSSL version 5.1.0
------------------------------------------------------------------------------
error    test passed!
MEMORY   test passed!
base64   test passed!
asn      test passed!
RANDOM   test passed!
MD5      test passed!
MD4      test passed!
SHA      test passed!
SHA-256  test passed!
Hash     test passed!
HMAC-MD5 test passed!
HMAC-SHA test passed!
HMAC-SHA256 test passed!
GMAC     test passed!
HC-128   test passed!
Rabbit   test passed!
DES      test passed!
DES3     test passed!
AES      test passed!
AES192   test passed!
AES256   test passed!
AES-GCM  test passed!
RSA      test passed!
DH       test passed!
DSA      test passed!
PWDBASED test passed!
ECC      test passed!
ECC buffer test passed!
logging  test passed!
mutex    test passed!
memcb    test failed!
 error = -13803
[SGXSan] ALWAYS: Enter enc_wolfSSL_CTX_use_certificate_buffer
[SGXSan] ALWAYS: Enter enc_wolfSSL_Init
[SGXSan] ALWAYS: Enter enc_wolfSSL_write
[SGXSan] ALWAYS: Enter enc_wolfSSL_CTX_new
[SGXSan] ALWAYS: Enter enc_wolfSSL_free
[SGXSan] ALWAYS: Enter enc_wolfSSL_Debugging_OFF
[SGXSan] ALWAYS: Enter enc_wolfSSL_new
[SGXSan] ALWAYS: Enter enc_wolfSSL_set_fd
[SGXSan] ALWAYS: Enter enc_wolfSSL_get_error
[SGXSan] ALWAYS: Enter enc_wolfSSL_Cleanup
[SGXSan] ALWAYS: Enter enc_wolfTLSv1_2_client_method
[SGXSan] ALWAYS: Enter enc_wolfSSL_CTX_free
[SGXSan] ALWAYS: Enter enc_wolfSSL_Debugging_ON
[SGXSan] ALWAYS: Enter enc_wolfSSL_CTX_set_cipher_list
[SGXSan] ALWAYS: Enter enc_wolfSSL_connect
[SGXSan] ALWAYS: Enter wc_benchmark_test
------------------------------------------------------------------------------
 wolfSSL version 5.1.0
------------------------------------------------------------------------------
wolfCrypt Benchmark (block bytes 1048576, min 1.0 sec each)
RNG                 15 MB took 1.156 seconds,   12.973 MB/s
AES-128-CBC-enc     35 MB took 1.081 seconds,   32.364 MB/s
AES-128-CBC-dec     35 MB took 1.162 seconds,   30.132 MB/s
AES-192-CBC-enc     30 MB took 1.100 seconds,   27.282 MB/s
AES-192-CBC-dec     30 MB took 1.141 seconds,   26.294 MB/s
AES-256-CBC-enc     30 MB took 1.175 seconds,   25.532 MB/s
AES-256-CBC-dec     25 MB took 1.073 seconds,   23.304 MB/s
AES-128-GCM-enc     25 MB took 1.084 seconds,   23.073 MB/s
AES-128-GCM-dec     25 MB took 1.071 seconds,   23.349 MB/s
AES-192-GCM-enc     25 MB took 1.206 seconds,   20.728 MB/s
AES-192-GCM-dec     25 MB took 1.213 seconds,   20.604 MB/s
AES-256-GCM-enc     20 MB took 1.055 seconds,   18.954 MB/s
AES-256-GCM-dec     20 MB took 1.055 seconds,   18.960 MB/s
GMAC Table 4-bit    68 MB took 1.006 seconds,   67.620 MB/s
RABBIT              95 MB took 1.033 seconds,   91.966 MB/s
3DES                10 MB took 1.077 seconds,    9.288 MB/s
MD5                310 MB took 1.016 seconds,  305.255 MB/s
SHA                130 MB took 1.017 seconds,  127.769 MB/s
SHA-256             35 MB took 1.135 seconds,   30.827 MB/s
HMAC-MD5           305 MB took 1.013 seconds,  301.142 MB/s
HMAC-SHA           135 MB took 1.038 seconds,  130.063 MB/s
HMAC-SHA256         35 MB took 1.125 seconds,   31.111 MB/s
PBKDF2               4 KB took 1.005 seconds,    3.762 KB/s
RSA     2048 public       1500 ops took 1.059 sec, avg 0.706 ms, 1416.030 ops/sec
RSA     2048 private       100 ops took 3.701 sec, avg 37.015 ms, 27.016 ops/sec
DH      2048 key gen        64 ops took 1.012 sec, avg 15.807 ms, 63.262 ops/sec
DH      2048 agree         100 ops took 1.588 sec, avg 15.876 ms, 62.986 ops/sec
ECC   [      SECP256R1]   256 key gen      1373 ops took 1.001 sec, avg 0.729 ms, 1372.122 ops/sec
ECDHE [      SECP256R1]   256 agree         900 ops took 1.032 sec, avg 1.147 ms, 871.845 ops/sec
ECDSA [      SECP256R1]   256 sign         1300 ops took 1.080 sec, avg 0.831 ms, 1203.794 ops/sec
ECDSA [      SECP256R1]   256 verify        900 ops took 1.030 sec, avg 1.145 ms, 873.506 ops/sec
Benchmark complete
[SGXSan] ALWAYS: Enter enc_wolfSSL_read
[SGXSan] ALWAYS: Enter enc_wolfTLSv1_2_server_method
[SGXSan] ALWAYS: Enter enc_wolfSSL_CTX_use_PrivateKey_buffer
[SGXSan] ALWAYS: Enter enc_wolfSSL_CTX_use_certificate_chain_buffer_format
[SGXSan] ALWAYS: Enter enc_wolfSSL_CTX_load_verify_buffer
[SGXSan] ALWAYS: Enter wc_test
------------------------------------------------------------------------------
 wolfSSL version 5.1.0
------------------------------------------------------------------------------
error    test passed!
MEMORY   test passed!
base64   test passed!
asn      test passed!
RANDOM   test passed!
MD5      test passed!
MD4      test passed!
SHA      test passed!
SHA-256  test passed!
Hash     test passed!
HMAC-MD5 test passed!
HMAC-SHA test passed!
HMAC-SHA256 test passed!
GMAC     test passed!
HC-128   test passed!
Rabbit   test passed!
DES      test passed!
DES3     test passed!
AES      test passed!
AES192   test passed!
AES256   test passed!
AES-GCM  test passed!
RSA      test passed!
DH       test passed!
DSA      test passed!
PWDBASED test passed!
ECC      test passed!
ECC buffer test passed!
logging  test passed!
mutex    test passed!
memcb    test failed!
 error = -13803
[SGXSan] ALWAYS: Enter enc_wolfSSL_CTX_use_certificate_buffer
[SGXSan] ALWAYS: Enter enc_wolfSSL_Init
[SGXSan] ALWAYS: Enter enc_wolfSSL_write
[SGXSan] ALWAYS: Enter enc_wolfSSL_CTX_new
[SGXSan] ALWAYS: Enter enc_wolfSSL_free
[SGXSan] ALWAYS: Enter enc_wolfSSL_Debugging_OFF
[SGXSan] ALWAYS: Enter enc_wolfSSL_new
[SGXSan] ALWAYS: Enter enc_wolfSSL_set_fd
[SGXSan] ALWAYS: Enter enc_wolfSSL_get_error
[SGXSan] ALWAYS: Enter enc_wolfSSL_Cleanup
[SGXSan] ALWAYS: Enter enc_wolfTLSv1_2_client_method
[SGXSan] ALWAYS: Enter enc_wolfSSL_CTX_free
[SGXSan] ALWAYS: Enter enc_wolfSSL_Debugging_ON
[SGXSan] ALWAYS: Enter enc_wolfSSL_CTX_set_cipher_list
[SGXSan] ALWAYS: Enter enc_wolfSSL_connect
[SGXSan] ALWAYS: Enter wc_benchmark_test
------------------------------------------------------------------------------
 wolfSSL version 5.1.0
------------------------------------------------------------------------------
wolfCrypt Benchmark (block bytes 1048576, min 1.0 sec each)
RNG                 15 MB took 1.155 seconds,   12.989 MB/s
AES-128-CBC-enc     35 MB took 1.086 seconds,   32.235 MB/s
AES-128-CBC-dec     35 MB took 1.157 seconds,   30.245 MB/s
AES-192-CBC-enc     30 MB took 1.069 seconds,   28.071 MB/s
AES-192-CBC-dec     30 MB took 1.153 seconds,   26.015 MB/s
AES-256-CBC-enc     25 MB took 1.011 seconds,   24.737 MB/s
AES-256-CBC-dec     25 MB took 1.057 seconds,   23.657 MB/s
AES-128-GCM-enc     25 MB took 1.067 seconds,   23.440 MB/s
AES-128-GCM-dec     25 MB took 1.072 seconds,   23.313 MB/s
AES-192-GCM-enc     25 MB took 1.189 seconds,   21.032 MB/s
AES-192-GCM-dec     25 MB took 1.200 seconds,   20.830 MB/s
AES-256-GCM-enc     20 MB took 1.019 seconds,   19.622 MB/s
AES-256-GCM-dec     20 MB took 1.043 seconds,   19.180 MB/s
GMAC Table 4-bit    68 MB took 1.015 seconds,   67.008 MB/s
RABBIT              90 MB took 1.018 seconds,   88.415 MB/s
3DES                10 MB took 1.116 seconds,    8.962 MB/s
MD5                300 MB took 1.014 seconds,  295.839 MB/s
SHA                130 MB took 1.039 seconds,  125.174 MB/s
SHA-256             35 MB took 1.160 seconds,   30.162 MB/s
HMAC-MD5           300 MB took 1.001 seconds,  299.791 MB/s
HMAC-SHA           130 MB took 1.001 seconds,  129.868 MB/s
HMAC-SHA256         35 MB took 1.140 seconds,   30.693 MB/s
PBKDF2               4 KB took 1.004 seconds,    3.766 KB/s
RSA     2048 public       1400 ops took 1.004 sec, avg 0.717 ms, 1394.878 ops/sec
RSA     2048 private       100 ops took 3.748 sec, avg 37.482 ms, 26.679 ops/sec
DH      2048 key gen        63 ops took 1.003 sec, avg 15.921 ms, 62.809 ops/sec
DH      2048 agree         100 ops took 1.582 sec, avg 15.820 ms, 63.213 ops/sec
ECC   [      SECP256R1]   256 key gen      1355 ops took 1.000 sec, avg 0.738 ms, 1354.424 ops/sec
ECDHE [      SECP256R1]   256 agree        1000 ops took 1.077 sec, avg 1.077 ms, 928.748 ops/sec
ECDSA [      SECP256R1]   256 sign         1300 ops took 1.064 sec, avg 0.819 ms, 1221.464 ops/sec
ECDSA [      SECP256R1]   256 verify        900 ops took 1.036 sec, avg 1.152 ms, 868.355 ops/sec
Benchmark complete
[SGXSan] ALWAYS: Enter enc_wolfSSL_read
[SGXSan] ALWAYS: Enter enc_wolfTLSv1_2_server_method
#7	DONE   cov: 6288 ft: 6288 corp: 1/1b lim: 1000000 exec/s: 0 rss: 76Mb
Done 7 runs in 295 second(s)
stat::number_of_executed_units: 7
stat::average_exec_per_sec:     0
stat::new_units_added:          0
stat::slowest_unit_time_sec:    42
stat::peak_rss_mb:              76
