WARNING: Failed to find function "__sanitizer_acquire_crash_state".
WARNING: Failed to find function "__sanitizer_print_stack_trace".
WARNING: Failed to find function "__sanitizer_set_death_callback".
[2023-01-15 17:18:42.926] [Init] Num of ECall: 22
[2023-01-15 17:18:42.926] ECalls:
  0 - fuzz_enc_wolfSSL_CTX_free
  1 - fuzz_enc_wolfSSL_CTX_load_verify_buffer
  2 - fuzz_enc_wolfSSL_CTX_new
  3 - fuzz_enc_wolfSSL_CTX_set_cipher_list
  4 - fuzz_enc_wolfSSL_CTX_use_PrivateKey_buffer
  5 - fuzz_enc_wolfSSL_CTX_use_certificate_buffer
  6 - fuzz_enc_wolfSSL_CTX_use_certificate_chain_buffer_format
  7 - fuzz_enc_wolfSSL_Cleanup
  8 - fuzz_enc_wolfSSL_Debugging_OFF
  9 - fuzz_enc_wolfSSL_Debugging_ON
  10 - fuzz_enc_wolfSSL_Init
  11 - fuzz_enc_wolfSSL_connect
  12 - fuzz_enc_wolfSSL_free
  13 - fuzz_enc_wolfSSL_get_error
  14 - fuzz_enc_wolfSSL_new
  15 - fuzz_enc_wolfSSL_read
  16 - fuzz_enc_wolfSSL_set_fd
  17 - fuzz_enc_wolfSSL_write
  18 - fuzz_enc_wolfTLSv1_2_client_method
  19 - fuzz_enc_wolfTLSv1_2_server_method
  20 - fuzz_wc_benchmark_test
  21 - fuzz_wc_test

INFO: found LLVMFuzzerCustomMutator (0x44ac30). Disabling -len_control by default.
INFO: libFuzzer ignores flags that start with '--'
INFO: Running with entropic power schedule (0xFF, 100).
INFO: Seed: 4030323140
INFO: Loaded 1 modules   (291 inline 8-bit counters): 291 [0x4cb7e8, 0x4cb90b), 
INFO: Loaded 1 PC tables (291 PCs): 291 [0x4cb910,0x4ccb40), 
INFO:        0 files found in /tmp/libFuzzerTemp.FuzzWithFork422940.dir/C86
[SGXSan] ALWAYS: Hook __sanitizer_cov_8bit_counters_init of Enclave, 21636 inline 8-bit counts [0x7f53d0c1d9c0, 0x7f53d0c22e44) (First time)
[SGXSan] ALWAYS: Hook __sanitizer_cov_pcs_init of Enclave, 21636 PCs [0x7f53d0c22e48, 0x7f53d0c77688) (First time)
[SGXSan] ALWAYS: Enter enc_wolfSSL_CTX_free
[SGXSan] ALWAYS: Enter enc_wolfSSL_CTX_load_verify_buffer
[SGXSan] ALWAYS: Enter enc_wolfSSL_CTX_new
[SGXSan] ALWAYS: Enter enc_wolfSSL_CTX_set_cipher_list
[SGXSan] ALWAYS: Enter enc_wolfSSL_CTX_use_PrivateKey_buffer
[SGXSan] ALWAYS: Enter enc_wolfSSL_CTX_use_certificate_buffer
[SGXSan] ALWAYS: Enter enc_wolfSSL_CTX_use_certificate_chain_buffer_format
[SGXSan] ALWAYS: Enter enc_wolfSSL_Cleanup
[SGXSan] ALWAYS: Enter enc_wolfSSL_Debugging_OFF
[SGXSan] ALWAYS: Enter enc_wolfSSL_Debugging_ON
[SGXSan] ALWAYS: Enter enc_wolfSSL_Init
[SGXSan] ALWAYS: Enter enc_wolfSSL_connect
[SGXSan] ALWAYS: Enter enc_wolfSSL_free
[SGXSan] ALWAYS: Enter enc_wolfSSL_get_error
[SGXSan] ALWAYS: Enter enc_wolfSSL_new
[SGXSan] ALWAYS: Enter enc_wolfSSL_read
[SGXSan] ALWAYS: Enter enc_wolfSSL_set_fd
[SGXSan] ALWAYS: Enter enc_wolfSSL_write
[SGXSan] ALWAYS: Enter enc_wolfTLSv1_2_client_method
[SGXSan] ALWAYS: Enter enc_wolfTLSv1_2_server_method
[SGXSan] ALWAYS: Enter wc_benchmark_test
------------------------------------------------------------------------------
 wolfSSL version 5.1.0
------------------------------------------------------------------------------
wolfCrypt Benchmark (block bytes 1048576, min 1.0 sec each)
RNG                 15 MB took 1.157 seconds,   12.963 MB/s
AES-128-CBC-enc     35 MB took 1.109 seconds,   31.548 MB/s
AES-128-CBC-dec     35 MB took 1.161 seconds,   30.149 MB/s
AES-192-CBC-enc     30 MB took 1.085 seconds,   27.646 MB/s
AES-192-CBC-dec     30 MB took 1.127 seconds,   26.608 MB/s
AES-256-CBC-enc     30 MB took 1.160 seconds,   25.867 MB/s
AES-256-CBC-dec     25 MB took 1.044 seconds,   23.940 MB/s
AES-128-GCM-enc     25 MB took 1.042 seconds,   24.001 MB/s
AES-128-GCM-dec     25 MB took 1.071 seconds,   23.346 MB/s
AES-192-GCM-enc     25 MB took 1.201 seconds,   20.817 MB/s
AES-192-GCM-dec     25 MB took 1.195 seconds,   20.924 MB/s
AES-256-GCM-enc     20 MB took 1.046 seconds,   19.120 MB/s
AES-256-GCM-dec     20 MB took 1.032 seconds,   19.378 MB/s
GMAC Table 4-bit    67 MB took 1.004 seconds,   66.744 MB/s
RABBIT              90 MB took 1.008 seconds,   89.249 MB/s
3DES                10 MB took 1.075 seconds,    9.303 MB/s
MD5                310 MB took 1.012 seconds,  306.280 MB/s
SHA                130 MB took 1.015 seconds,  128.078 MB/s
SHA-256             35 MB took 1.146 seconds,   30.532 MB/s
HMAC-MD5           295 MB took 1.014 seconds,  290.843 MB/s
HMAC-SHA           130 MB took 1.022 seconds,  127.214 MB/s
HMAC-SHA256         35 MB took 1.155 seconds,   30.310 MB/s
PBKDF2               4 KB took 1.007 seconds,    3.754 KB/s
RSA     2048 public       1400 ops took 1.052 sec, avg 0.751 ms, 1330.829 ops/sec
RSA     2048 private       100 ops took 3.707 sec, avg 37.075 ms, 26.973 ops/sec
DH      2048 key gen        66 ops took 1.007 sec, avg 15.252 ms, 65.565 ops/sec
DH      2048 agree         100 ops took 1.590 sec, avg 15.896 ms, 62.911 ops/sec
ECC   [      SECP256R1]   256 key gen      1357 ops took 1.000 sec, avg 0.737 ms, 1356.658 ops/sec
ECDHE [      SECP256R1]   256 agree         900 ops took 1.071 sec, avg 1.190 ms, 840.187 ops/sec
ECDSA [      SECP256R1]   256 sign         1200 ops took 1.006 sec, avg 0.839 ms, 1192.391 ops/sec
ECDSA [      SECP256R1]   256 verify        900 ops took 1.052 sec, avg 1.168 ms, 855.800 ops/sec
Benchmark complete
[SGXSan] ALWAYS: Enter wc_test
INFO: A corpus is not provided, starting from an empty corpus
------------------------------------------------------------------------------
 wolfSSL version 5.1.0
------------------------------------------------------------------------------
error    test passed!
MEMORY   test passed!
base64   test passed!
asn      test passed!
RANDOM   test passed!
MD5      test passed!
MD4      test passed!
SHA      test passed!
SHA-256  test passed!
Hash     test passed!
HMAC-MD5 test passed!
HMAC-SHA test passed!
HMAC-SHA256 test passed!
GMAC     test passed!
HC-128   test passed!
Rabbit   test passed!
DES      test passed!
DES3     test passed!
AES      test passed!
AES192   test passed!
AES256   test passed!
AES-GCM  test passed!
RSA      test passed!
DH       test passed!
DSA      test passed!
PWDBASED test passed!
ECC      test passed!
ECC buffer test passed!
logging  test passed!
mutex    test passed!
memcb    test passed!
Test complete
[SGXSan] ALWAYS: Enter enc_wolfSSL_Init
[SGXSan] ALWAYS: Enter enc_wolfSSL_CTX_free
[SGXSan] ALWAYS: Enter enc_wolfSSL_CTX_load_verify_buffer
[SGXSan] ALWAYS: Enter enc_wolfSSL_CTX_new
[SGXSan] ALWAYS: Enter enc_wolfSSL_CTX_set_cipher_list
[SGXSan] ALWAYS: Enter enc_wolfSSL_CTX_use_PrivateKey_buffer
[SGXSan] ALWAYS: Enter enc_wolfSSL_CTX_use_certificate_buffer
[SGXSan] ALWAYS: Enter enc_wolfSSL_CTX_use_certificate_chain_buffer_format
[SGXSan] ALWAYS: Enter enc_wolfSSL_Cleanup
[SGXSan] ALWAYS: Enter enc_wolfSSL_Debugging_OFF
[SGXSan] ALWAYS: Enter enc_wolfSSL_Debugging_ON
[SGXSan] ALWAYS: Enter enc_wolfSSL_connect
[SGXSan] ALWAYS: Enter enc_wolfSSL_free
[SGXSan] ALWAYS: Enter enc_wolfSSL_get_error
[SGXSan] ALWAYS: Enter enc_wolfSSL_new
[SGXSan] ALWAYS: Enter enc_wolfSSL_read
[SGXSan] ALWAYS: Enter enc_wolfSSL_set_fd
[SGXSan] ALWAYS: Enter enc_wolfSSL_write
[SGXSan] ALWAYS: Enter enc_wolfTLSv1_2_client_method
[SGXSan] ALWAYS: Enter enc_wolfTLSv1_2_server_method
[SGXSan] ALWAYS: Enter wc_benchmark_test
------------------------------------------------------------------------------
 wolfSSL version 5.1.0
------------------------------------------------------------------------------
wolfCrypt Benchmark (block bytes 1048576, min 1.0 sec each)
RNG                 15 MB took 1.172 seconds,   12.794 MB/s
AES-128-CBC-enc     35 MB took 1.075 seconds,   32.565 MB/s
AES-128-CBC-dec     30 MB took 1.000 seconds,   29.998 MB/s
AES-192-CBC-enc     30 MB took 1.059 seconds,   28.318 MB/s
AES-192-CBC-dec     30 MB took 1.152 seconds,   26.033 MB/s
AES-256-CBC-enc     25 MB took 1.003 seconds,   24.930 MB/s
AES-256-CBC-dec     25 MB took 1.071 seconds,   23.350 MB/s
AES-128-GCM-enc     25 MB took 1.062 seconds,   23.530 MB/s
AES-128-GCM-dec     25 MB took 1.075 seconds,   23.251 MB/s
AES-192-GCM-enc     25 MB took 1.186 seconds,   21.082 MB/s
AES-192-GCM-dec     25 MB took 1.191 seconds,   20.984 MB/s
AES-256-GCM-enc     20 MB took 1.038 seconds,   19.273 MB/s
AES-256-GCM-dec     20 MB took 1.003 seconds,   19.946 MB/s
GMAC Table 4-bit    69 MB took 1.014 seconds,   68.060 MB/s
RABBIT              95 MB took 1.037 seconds,   91.611 MB/s
3DES                10 MB took 1.087 seconds,    9.200 MB/s
MD5                295 MB took 1.002 seconds,  294.368 MB/s
SHA                130 MB took 1.025 seconds,  126.891 MB/s
SHA-256             35 MB took 1.158 seconds,   30.221 MB/s
HMAC-MD5           305 MB took 1.014 seconds,  300.671 MB/s
HMAC-SHA           130 MB took 1.037 seconds,  125.304 MB/s
HMAC-SHA256         35 MB took 1.148 seconds,   30.501 MB/s
PBKDF2               4 KB took 1.000 seconds,    3.624 KB/s
RSA     2048 public       1400 ops took 1.005 sec, avg 0.718 ms, 1393.695 ops/sec
RSA     2048 private       100 ops took 3.632 sec, avg 36.324 ms, 27.530 ops/sec
DH      2048 key gen        65 ops took 1.009 sec, avg 15.531 ms, 64.389 ops/sec
DH      2048 agree         100 ops took 1.575 sec, avg 15.752 ms, 63.486 ops/sec
ECC   [      SECP256R1]   256 key gen      1376 ops took 1.000 sec, avg 0.727 ms, 1375.393 ops/sec
ECDHE [      SECP256R1]   256 agree        1000 ops took 1.106 sec, avg 1.106 ms, 903.781 ops/sec
ECDSA [      SECP256R1]   256 sign         1200 ops took 1.014 sec, avg 0.845 ms, 1183.623 ops/sec
ECDSA [      SECP256R1]   256 verify        900 ops took 1.067 sec, avg 1.186 ms, 843.198 ops/sec
Benchmark complete
[SGXSan] ALWAYS: Enter wc_test
#2	pulse  ft: 6290 exec/s: 0 rss: 48Mb
Slowest unit: 42 s:
artifact_prefix='./crashes/'; Test unit written to ./crashes/slow-unit-adc83b19e793491b1c6ea0fd8b46cd9f32e592fc
Base64: Cg==
#2	INITED cov: 6290 ft: 6290 corp: 1/1b exec/s: 0 rss: 50Mb
------------------------------------------------------------------------------
 wolfSSL version 5.1.0
------------------------------------------------------------------------------
error    test passed!
MEMORY   test passed!
base64   test passed!
asn      test passed!
RANDOM   test passed!
MD5      test passed!
MD4      test passed!
SHA      test passed!
SHA-256  test passed!
Hash     test passed!
HMAC-MD5 test passed!
HMAC-SHA test passed!
HMAC-SHA256 test passed!
GMAC     test passed!
HC-128   test passed!
Rabbit   test passed!
DES      test passed!
DES3     test passed!
AES      test passed!
AES192   test passed!
AES256   test passed!
AES-GCM  test passed!
RSA      test passed!
DH       test passed!
DSA      test passed!
PWDBASED test passed!
ECC      test passed!
ECC buffer test passed!
logging  test passed!
mutex    test passed!
memcb    test failed!
 error = -13803
[SGXSan] ALWAYS: Enter enc_wolfSSL_new
[SGXSan] ALWAYS: Enter wc_test
------------------------------------------------------------------------------
 wolfSSL version 5.1.0
------------------------------------------------------------------------------
error    test passed!
MEMORY   test passed!
base64   test passed!
asn      test passed!
RANDOM   test passed!
MD5      test passed!
MD4      test passed!
SHA      test passed!
SHA-256  test passed!
Hash     test passed!
HMAC-MD5 test passed!
HMAC-SHA test passed!
HMAC-SHA256 test passed!
GMAC     test passed!
HC-128   test passed!
Rabbit   test passed!
DES      test passed!
DES3     test passed!
AES      test passed!
AES192   test passed!
AES256   test passed!
AES-GCM  test passed!
RSA      test passed!
DH       test passed!
DSA      test passed!
PWDBASED test passed!
ECC      test passed!
ECC buffer test passed!
logging  test passed!
mutex    test passed!
memcb    test failed!
 error = -13803
[SGXSan] ALWAYS: Enter enc_wolfSSL_read
[SGXSan] ALWAYS: Enter enc_wolfSSL_Debugging_ON
[SGXSan] ALWAYS: Enter enc_wolfSSL_CTX_use_PrivateKey_buffer
[SGXSan] ALWAYS: Enter enc_wolfSSL_Debugging_OFF
[SGXSan] ALWAYS: Enter enc_wolfSSL_get_error
[SGXSan] ALWAYS: Enter wc_benchmark_test
------------------------------------------------------------------------------
 wolfSSL version 5.1.0
------------------------------------------------------------------------------
wolfCrypt Benchmark (block bytes 1048576, min 1.0 sec each)
RNG                 15 MB took 1.160 seconds,   12.936 MB/s
AES-128-CBC-enc     35 MB took 1.079 seconds,   32.433 MB/s
AES-128-CBC-dec     35 MB took 1.156 seconds,   30.284 MB/s
AES-192-CBC-enc     30 MB took 1.057 seconds,   28.374 MB/s
AES-192-CBC-dec     30 MB took 1.138 seconds,   26.357 MB/s
AES-256-CBC-enc     25 MB took 1.007 seconds,   24.835 MB/s
AES-256-CBC-dec     25 MB took 1.057 seconds,   23.653 MB/s
AES-128-GCM-enc     25 MB took 1.058 seconds,   23.638 MB/s
AES-128-GCM-dec     25 MB took 1.053 seconds,   23.742 MB/s
AES-192-GCM-enc     25 MB took 1.197 seconds,   20.884 MB/s
AES-192-GCM-dec     25 MB took 1.195 seconds,   20.913 MB/s
AES-256-GCM-enc     20 MB took 1.036 seconds,   19.296 MB/s
AES-256-GCM-dec     20 MB took 1.028 seconds,   19.447 MB/s
GMAC Table 4-bit    68 MB took 1.015 seconds,   66.993 MB/s
RABBIT              90 MB took 1.025 seconds,   87.827 MB/s
3DES                10 MB took 1.091 seconds,    9.169 MB/s
MD5                305 MB took 1.012 seconds,  301.488 MB/s
SHA                130 MB took 1.010 seconds,  128.761 MB/s
SHA-256             35 MB took 1.153 seconds,   30.349 MB/s
HMAC-MD5           300 MB took 1.011 seconds,  296.834 MB/s
HMAC-SHA           125 MB took 1.000 seconds,  124.996 MB/s
HMAC-SHA256         35 MB took 1.155 seconds,   30.294 MB/s
PBKDF2               4 KB took 1.008 seconds,    3.690 KB/s
RSA     2048 public       1400 ops took 1.028 sec, avg 0.734 ms, 1361.956 ops/sec
RSA     2048 private       100 ops took 3.689 sec, avg 36.889 ms, 27.108 ops/sec
DH      2048 key gen        64 ops took 1.011 sec, avg 15.790 ms, 63.333 ops/sec
DH      2048 agree         100 ops took 1.562 sec, avg 15.619 ms, 64.026 ops/sec
ECC   [      SECP256R1]   256 key gen      1398 ops took 1.000 sec, avg 0.715 ms, 1397.656 ops/sec
ECDHE [      SECP256R1]   256 agree        1000 ops took 1.107 sec, avg 1.107 ms, 902.964 ops/sec
ECDSA [      SECP256R1]   256 sign         1200 ops took 1.028 sec, avg 0.856 ms, 1167.780 ops/sec
ECDSA [      SECP256R1]   256 verify        900 ops took 1.071 sec, avg 1.190 ms, 840.235 ops/sec
Benchmark complete
[SGXSan] ALWAYS: Enter enc_wolfSSL_CTX_load_verify_buffer
[SGXSan] ALWAYS: Enter enc_wolfSSL_CTX_use_certificate_chain_buffer_format
[SGXSan] ALWAYS: Enter enc_wolfSSL_CTX_set_cipher_list
[SGXSan] ALWAYS: Enter enc_wolfSSL_Cleanup
[SGXSan] ALWAYS: Enter enc_wolfTLSv1_2_server_method
[SGXSan] ALWAYS: Enter enc_wolfTLSv1_2_client_method
[SGXSan] ALWAYS: Enter enc_wolfSSL_set_fd
[SGXSan] ALWAYS: Enter enc_wolfSSL_Init
[SGXSan] ALWAYS: Enter enc_wolfSSL_connect
[SGXSan] ALWAYS: Enter enc_wolfSSL_write
[SGXSan] ALWAYS: Enter enc_wolfSSL_CTX_new
[SGXSan] ALWAYS: Enter enc_wolfSSL_CTX_use_certificate_buffer
[SGXSan] ALWAYS: Enter enc_wolfSSL_CTX_free
[SGXSan] ALWAYS: Enter enc_wolfSSL_free
#3	NEW    cov: 6291 ft: 6291 corp: 2/361Kb lim: 1000000 exec/s: 0 rss: 56Mb L: 370191/370191 MS: 2 InsertRepeatedBytes-Custom-
#3	DONE   cov: 6291 ft: 6291 corp: 2/361Kb lim: 1000000 exec/s: 0 rss: 56Mb
Done 3 runs in 126 second(s)
stat::number_of_executed_units: 3
stat::average_exec_per_sec:     0
stat::new_units_added:          1
stat::slowest_unit_time_sec:    42
stat::peak_rss_mb:              56
