WARNING: Failed to find function "__sanitizer_acquire_crash_state".
WARNING: Failed to find function "__sanitizer_print_stack_trace".
WARNING: Failed to find function "__sanitizer_set_death_callback".
[2023-01-15 17:21:31.867] [Init] Num of ECall: 22
[2023-01-15 17:21:31.867] ECalls:
  0 - fuzz_enc_wolfSSL_CTX_free
  1 - fuzz_enc_wolfSSL_CTX_load_verify_buffer
  2 - fuzz_enc_wolfSSL_CTX_new
  3 - fuzz_enc_wolfSSL_CTX_set_cipher_list
  4 - fuzz_enc_wolfSSL_CTX_use_PrivateKey_buffer
  5 - fuzz_enc_wolfSSL_CTX_use_certificate_buffer
  6 - fuzz_enc_wolfSSL_CTX_use_certificate_chain_buffer_format
  7 - fuzz_enc_wolfSSL_Cleanup
  8 - fuzz_enc_wolfSSL_Debugging_OFF
  9 - fuzz_enc_wolfSSL_Debugging_ON
  10 - fuzz_enc_wolfSSL_Init
  11 - fuzz_enc_wolfSSL_connect
  12 - fuzz_enc_wolfSSL_free
  13 - fuzz_enc_wolfSSL_get_error
  14 - fuzz_enc_wolfSSL_new
  15 - fuzz_enc_wolfSSL_read
  16 - fuzz_enc_wolfSSL_set_fd
  17 - fuzz_enc_wolfSSL_write
  18 - fuzz_enc_wolfTLSv1_2_client_method
  19 - fuzz_enc_wolfTLSv1_2_server_method
  20 - fuzz_wc_benchmark_test
  21 - fuzz_wc_test

INFO: found LLVMFuzzerCustomMutator (0x44ac30). Disabling -len_control by default.
INFO: libFuzzer ignores flags that start with '--'
INFO: Running with entropic power schedule (0xFF, 100).
INFO: Seed: 1173457904
INFO: Loaded 1 modules   (291 inline 8-bit counters): 291 [0x4cb7e8, 0x4cb90b), 
INFO: Loaded 1 PC tables (291 PCs): 291 [0x4cb910,0x4ccb40), 
INFO:        0 files found in /tmp/libFuzzerTemp.FuzzWithFork422940.dir/C87
[SGXSan] ALWAYS: Hook __sanitizer_cov_8bit_counters_init of Enclave, 21636 inline 8-bit counts [0x7f6191d5b9c0, 0x7f6191d60e44) (First time)
[SGXSan] ALWAYS: Hook __sanitizer_cov_pcs_init of Enclave, 21636 PCs [0x7f6191d60e48, 0x7f6191db5688) (First time)
[SGXSan] ALWAYS: Enter enc_wolfSSL_CTX_free
[SGXSan] ALWAYS: Enter enc_wolfSSL_CTX_load_verify_buffer
[SGXSan] ALWAYS: Enter enc_wolfSSL_CTX_new
[SGXSan] ALWAYS: Enter enc_wolfSSL_CTX_set_cipher_list
[SGXSan] ALWAYS: Enter enc_wolfSSL_CTX_use_PrivateKey_buffer
[SGXSan] ALWAYS: Enter enc_wolfSSL_CTX_use_certificate_buffer
[SGXSan] ALWAYS: Enter enc_wolfSSL_CTX_use_certificate_chain_buffer_format
[SGXSan] ALWAYS: Enter enc_wolfSSL_Cleanup
[SGXSan] ALWAYS: Enter enc_wolfSSL_Debugging_OFF
[SGXSan] ALWAYS: Enter enc_wolfSSL_Debugging_ON
[SGXSan] ALWAYS: Enter enc_wolfSSL_Init
[SGXSan] ALWAYS: Enter enc_wolfSSL_connect
[SGXSan] ALWAYS: Enter enc_wolfSSL_free
[SGXSan] ALWAYS: Enter enc_wolfSSL_get_error
[SGXSan] ALWAYS: Enter enc_wolfSSL_new
[SGXSan] ALWAYS: Enter enc_wolfSSL_read
[SGXSan] ALWAYS: Enter enc_wolfSSL_set_fd
[SGXSan] ALWAYS: Enter enc_wolfSSL_write
[SGXSan] ALWAYS: Enter enc_wolfTLSv1_2_client_method
[SGXSan] ALWAYS: Enter enc_wolfTLSv1_2_server_method
[SGXSan] ALWAYS: Enter wc_benchmark_test
------------------------------------------------------------------------------
 wolfSSL version 5.1.0
------------------------------------------------------------------------------
wolfCrypt Benchmark (block bytes 1048576, min 1.0 sec each)
RNG                 15 MB took 1.158 seconds,   12.951 MB/s
AES-128-CBC-enc     35 MB took 1.077 seconds,   32.486 MB/s
AES-128-CBC-dec     35 MB took 1.164 seconds,   30.072 MB/s
AES-192-CBC-enc     30 MB took 1.092 seconds,   27.468 MB/s
AES-192-CBC-dec     30 MB took 1.177 seconds,   25.490 MB/s
AES-256-CBC-enc     25 MB took 1.001 seconds,   24.964 MB/s
AES-256-CBC-dec     25 MB took 1.070 seconds,   23.364 MB/s
AES-128-GCM-enc     25 MB took 1.032 seconds,   24.219 MB/s
AES-128-GCM-dec     25 MB took 1.037 seconds,   24.109 MB/s
AES-192-GCM-enc     25 MB took 1.170 seconds,   21.359 MB/s
AES-192-GCM-dec     25 MB took 1.161 seconds,   21.542 MB/s
AES-256-GCM-enc     20 MB took 1.017 seconds,   19.665 MB/s
AES-256-GCM-dec     20 MB took 1.006 seconds,   19.887 MB/s
GMAC Table 4-bit    70 MB took 1.013 seconds,   69.115 MB/s
RABBIT              95 MB took 1.036 seconds,   91.733 MB/s
3DES                10 MB took 1.099 seconds,    9.102 MB/s
MD5                300 MB took 1.011 seconds,  296.776 MB/s
SHA                130 MB took 1.016 seconds,  127.977 MB/s
SHA-256             35 MB took 1.139 seconds,   30.737 MB/s
HMAC-MD5           300 MB took 1.001 seconds,  299.655 MB/s
HMAC-SHA           130 MB took 1.031 seconds,  126.128 MB/s
HMAC-SHA256         35 MB took 1.126 seconds,   31.075 MB/s
PBKDF2               4 KB took 1.004 seconds,    3.735 KB/s
RSA     2048 public       1500 ops took 1.063 sec, avg 0.709 ms, 1410.736 ops/sec
RSA     2048 private       100 ops took 3.635 sec, avg 36.354 ms, 27.507 ops/sec
DH      2048 key gen        63 ops took 1.004 sec, avg 15.944 ms, 62.719 ops/sec
DH      2048 agree         100 ops took 1.570 sec, avg 15.697 ms, 63.708 ops/sec
ECC   [      SECP256R1]   256 key gen      1389 ops took 1.000 sec, avg 0.720 ms, 1388.494 ops/sec
ECDHE [      SECP256R1]   256 agree         900 ops took 1.027 sec, avg 1.141 ms, 876.250 ops/sec
ECDSA [      SECP256R1]   256 sign         1200 ops took 1.041 sec, avg 0.867 ms, 1152.926 ops/sec
ECDSA [      SECP256R1]   256 verify        900 ops took 1.052 sec, avg 1.169 ms, 855.526 ops/sec
Benchmark complete
[SGXSan] ALWAYS: Enter wc_test
INFO: seed corpus: files: 1 min: 370191b max: 370191b total: 370191b rss: 43Mb
------------------------------------------------------------------------------
 wolfSSL version 5.1.0
------------------------------------------------------------------------------
error    test passed!
MEMORY   test passed!
base64   test passed!
asn      test passed!
RANDOM   test passed!
MD5      test passed!
MD4      test passed!
SHA      test passed!
SHA-256  test passed!
Hash     test passed!
HMAC-MD5 test passed!
HMAC-SHA test passed!
HMAC-SHA256 test passed!
GMAC     test passed!
HC-128   test passed!
Rabbit   test passed!
DES      test passed!
DES3     test passed!
AES      test passed!
AES192   test passed!
AES256   test passed!
AES-GCM  test passed!
RSA      test passed!
DH       test passed!
DSA      test passed!
PWDBASED test passed!
ECC      test passed!
ECC buffer test passed!
logging  test passed!
mutex    test passed!
memcb    test passed!
Test complete
[SGXSan] ALWAYS: Enter enc_wolfSSL_new
[SGXSan] ALWAYS: Enter wc_test
------------------------------------------------------------------------------
 wolfSSL version 5.1.0
------------------------------------------------------------------------------
error    test passed!
MEMORY   test passed!
base64   test passed!
asn      test passed!
RANDOM   test passed!
MD5      test passed!
MD4      test passed!
SHA      test passed!
SHA-256  test passed!
Hash     test passed!
HMAC-MD5 test passed!
HMAC-SHA test passed!
HMAC-SHA256 test passed!
GMAC     test passed!
HC-128   test passed!
Rabbit   test passed!
DES      test passed!
DES3     test passed!
AES      test passed!
AES192   test passed!
AES256   test passed!
AES-GCM  test passed!
RSA      test passed!
DH       test passed!
DSA      test passed!
PWDBASED test passed!
ECC      test passed!
ECC buffer test passed!
logging  test passed!
mutex    test passed!
memcb    test failed!
 error = -13803
[SGXSan] ALWAYS: Enter enc_wolfSSL_read
[SGXSan] ALWAYS: Enter enc_wolfSSL_Debugging_ON
[SGXSan] ALWAYS: Enter enc_wolfSSL_CTX_use_PrivateKey_buffer
[SGXSan] ALWAYS: Enter enc_wolfSSL_Debugging_OFF
[SGXSan] ALWAYS: Enter enc_wolfSSL_get_error
[SGXSan] ALWAYS: Enter wc_benchmark_test
------------------------------------------------------------------------------
 wolfSSL version 5.1.0
------------------------------------------------------------------------------
wolfCrypt Benchmark (block bytes 1048576, min 1.0 sec each)
RNG                 15 MB took 1.166 seconds,   12.860 MB/s
AES-128-CBC-enc     35 MB took 1.095 seconds,   31.977 MB/s
AES-128-CBC-dec     30 MB took 1.018 seconds,   29.476 MB/s
AES-192-CBC-enc     30 MB took 1.100 seconds,   27.263 MB/s
AES-192-CBC-dec     30 MB took 1.183 seconds,   25.349 MB/s
AES-256-CBC-enc     25 MB took 1.015 seconds,   24.635 MB/s
AES-256-CBC-dec     25 MB took 1.083 seconds,   23.087 MB/s
AES-128-GCM-enc     25 MB took 1.053 seconds,   23.734 MB/s
AES-128-GCM-dec     25 MB took 1.052 seconds,   23.761 MB/s
AES-192-GCM-enc     25 MB took 1.196 seconds,   20.910 MB/s
AES-192-GCM-dec     25 MB took 1.187 seconds,   21.068 MB/s
AES-256-GCM-enc     20 MB took 1.007 seconds,   19.853 MB/s
AES-256-GCM-dec     20 MB took 1.004 seconds,   19.926 MB/s
GMAC Table 4-bit    69 MB took 1.001 seconds,   68.924 MB/s
RABBIT              95 MB took 1.052 seconds,   90.262 MB/s
3DES                10 MB took 1.076 seconds,    9.292 MB/s
MD5                290 MB took 1.001 seconds,  289.817 MB/s
SHA                130 MB took 1.012 seconds,  128.451 MB/s
SHA-256             35 MB took 1.119 seconds,   31.282 MB/s
HMAC-MD5           300 MB took 1.007 seconds,  297.942 MB/s
HMAC-SHA           130 MB took 1.030 seconds,  126.167 MB/s
HMAC-SHA256         35 MB took 1.122 seconds,   31.192 MB/s
PBKDF2               4 KB took 1.007 seconds,    3.725 KB/s
RSA     2048 public       1400 ops took 1.013 sec, avg 0.723 ms, 1382.399 ops/sec
RSA     2048 private       100 ops took 3.750 sec, avg 37.497 ms, 26.669 ops/sec
DH      2048 key gen        63 ops took 1.002 sec, avg 15.899 ms, 62.899 ops/sec
DH      2048 agree         100 ops took 1.841 sec, avg 18.411 ms, 54.315 ops/sec
ECC   [      SECP256R1]   256 key gen      1427 ops took 1.000 sec, avg 0.701 ms, 1426.451 ops/sec
ECDHE [      SECP256R1]   256 agree        1000 ops took 1.095 sec, avg 1.095 ms, 912.934 ops/sec
ECDSA [      SECP256R1]   256 sign         1200 ops took 1.007 sec, avg 0.839 ms, 1191.739 ops/sec
ECDSA [      SECP256R1]   256 verify        900 ops took 1.049 sec, avg 1.165 ms, 858.146 ops/sec
Benchmark complete
[SGXSan] ALWAYS: Enter enc_wolfSSL_CTX_load_verify_buffer
[SGXSan] ALWAYS: Enter enc_wolfSSL_CTX_use_certificate_chain_buffer_format
[SGXSan] ALWAYS: Enter enc_wolfSSL_CTX_set_cipher_list
[SGXSan] ALWAYS: Enter enc_wolfSSL_Cleanup
[SGXSan] ALWAYS: Enter enc_wolfTLSv1_2_server_method
[SGXSan] ALWAYS: Enter enc_wolfTLSv1_2_client_method
[SGXSan] ALWAYS: Enter enc_wolfSSL_set_fd
[SGXSan] ALWAYS: Enter enc_wolfSSL_Init
[SGXSan] ALWAYS: Enter enc_wolfSSL_connect
[SGXSan] ALWAYS: Enter enc_wolfSSL_write
[SGXSan] ALWAYS: Enter enc_wolfSSL_CTX_new
[SGXSan] ALWAYS: Enter enc_wolfSSL_CTX_use_certificate_buffer
[SGXSan] ALWAYS: Enter enc_wolfSSL_CTX_free
[SGXSan] ALWAYS: Enter enc_wolfSSL_free
#2	pulse  ft: 6293 exec/s: 0 rss: 49Mb
Slowest unit: 42 s:
artifact_prefix='./crashes/'; Test unit written to ./crashes/slow-unit-c39751fba4febf11dacb1d3388598e2ab7ebb925
#2	INITED cov: 6293 ft: 6293 corp: 1/361Kb exec/s: 0 rss: 51Mb
[SGXSan] ALWAYS: Enter enc_wolfSSL_CTX_new
[SGXSan] ALWAYS: Enter enc_wolfTLSv1_2_server_method
[SGXSan] ALWAYS: Enter enc_wolfSSL_Init
[SGXSan] ALWAYS: Enter enc_wolfSSL_write
[SGXSan] ALWAYS: Enter enc_wolfSSL_Debugging_ON
[SGXSan] ALWAYS: Enter wc_benchmark_test
------------------------------------------------------------------------------
 wolfSSL version 5.1.0
------------------------------------------------------------------------------
wolfCrypt Benchmark (block bytes 1048576, min 1.0 sec each)
RNG                 15 MB took 1.148 seconds,   13.063 MB/s
AES-128-CBC-enc     35 MB took 1.095 seconds,   31.968 MB/s
AES-128-CBC-dec     30 MB took 1.036 seconds,   28.958 MB/s
AES-192-CBC-enc     25 MB took 1.003 seconds,   24.934 MB/s
AES-192-CBC-dec     30 MB took 1.193 seconds,   25.156 MB/s
AES-256-CBC-enc     25 MB took 1.024 seconds,   24.418 MB/s
AES-256-CBC-dec     25 MB took 1.070 seconds,   23.366 MB/s
AES-128-GCM-enc     25 MB took 1.072 seconds,   23.330 MB/s
AES-128-GCM-dec     25 MB took 1.071 seconds,   23.346 MB/s
AES-192-GCM-enc     25 MB took 1.203 seconds,   20.776 MB/s
AES-192-GCM-dec     25 MB took 1.192 seconds,   20.979 MB/s
AES-256-GCM-enc     20 MB took 1.021 seconds,   19.580 MB/s
AES-256-GCM-dec     20 MB took 1.027 seconds,   19.483 MB/s
GMAC Table 4-bit    67 MB took 1.009 seconds,   66.386 MB/s
RABBIT              95 MB took 1.041 seconds,   91.287 MB/s
3DES                10 MB took 1.102 seconds,    9.073 MB/s
MD5                295 MB took 1.002 seconds,  294.290 MB/s
SHA                130 MB took 1.036 seconds,  125.517 MB/s
SHA-256             35 MB took 1.154 seconds,   30.333 MB/s
HMAC-MD5           290 MB took 1.009 seconds,  287.390 MB/s
HMAC-SHA           125 MB took 1.011 seconds,  123.610 MB/s
HMAC-SHA256         35 MB took 1.159 seconds,   30.207 MB/s
PBKDF2               4 KB took 1.004 seconds,    3.705 KB/s
RSA     2048 public       1500 ops took 1.062 sec, avg 0.708 ms, 1412.681 ops/sec
RSA     2048 private       100 ops took 3.694 sec, avg 36.945 ms, 27.067 ops/sec
DH      2048 key gen        64 ops took 1.000 sec, avg 15.626 ms, 63.995 ops/sec
DH      2048 agree         100 ops took 1.542 sec, avg 15.424 ms, 64.836 ops/sec
ECC   [      SECP256R1]   256 key gen      1371 ops took 1.001 sec, avg 0.730 ms, 1370.059 ops/sec
ECDHE [      SECP256R1]   256 agree        1000 ops took 1.108 sec, avg 1.108 ms, 902.912 ops/sec
ECDSA [      SECP256R1]   256 sign         1200 ops took 1.024 sec, avg 0.853 ms, 1172.185 ops/sec
ECDSA [      SECP256R1]   256 verify        900 ops took 1.068 sec, avg 1.186 ms, 842.894 ops/sec
Benchmark complete
[SGXSan] ALWAYS: Enter enc_wolfSSL_get_error
[SGXSan] ALWAYS: Enter enc_wolfSSL_Debugging_OFF
[SGXSan] ALWAYS: Enter enc_wolfSSL_CTX_use_certificate_buffer
[SGXSan] ALWAYS: Enter enc_wolfSSL_CTX_use_certificate_chain_buffer_format
[SGXSan] ALWAYS: Enter enc_wolfSSL_Cleanup
[SGXSan] ALWAYS: Enter enc_wolfSSL_read
[SGXSan] ALWAYS: Enter enc_wolfSSL_CTX_free
[SGXSan] ALWAYS: Enter enc_wolfSSL_free
[SGXSan] ALWAYS: Enter enc_wolfTLSv1_2_client_method
[SGXSan] ALWAYS: Enter enc_wolfSSL_CTX_load_verify_buffer
[SGXSan] ALWAYS: Enter enc_wolfSSL_set_fd
[SGXSan] ALWAYS: Enter enc_wolfSSL_CTX_use_PrivateKey_buffer
[SGXSan] ALWAYS: Enter enc_wolfSSL_new
[SGXSan] ALWAYS: Enter enc_wolfSSL_CTX_set_cipher_list
[SGXSan] ALWAYS: Enter enc_wolfSSL_connect
[SGXSan] ALWAYS: Enter wc_test
#3	NEW    cov: 6293 ft: 6298 corp: 2/723Kb lim: 1000000 exec/s: 0 rss: 58Mb L: 370191/370191 MS: 2 InsertRepeatedBytes-Custom-
#3	DONE   cov: 6293 ft: 6298 corp: 2/723Kb lim: 1000000 exec/s: 0 rss: 58Mb
Done 3 runs in 126 second(s)
stat::number_of_executed_units: 3
stat::average_exec_per_sec:     0
stat::new_units_added:          1
stat::slowest_unit_time_sec:    42
stat::peak_rss_mb:              58
------------------------------------------------------------------------------
 wolfSSL version 5.1.0
------------------------------------------------------------------------------
error    test passed!
MEMORY   test passed!
base64   test passed!
asn      test passed!
RANDOM   test passed!
MD5      test passed!
MD4      test passed!
SHA      test passed!
SHA-256  test passed!
Hash     test passed!
HMAC-MD5 test passed!
HMAC-SHA test passed!
HMAC-SHA256 test passed!
GMAC     test passed!
HC-128   test passed!
Rabbit   test passed!
DES      test passed!
DES3     test passed!
AES      test passed!
AES192   test passed!
AES256   test passed!
AES-GCM  test passed!
RSA      test passed!
DH       test passed!
DSA      test passed!
PWDBASED test passed!
ECC      test passed!
ECC buffer test passed!
logging  test passed!
mutex    test passed!
memcb    test failed!
 error = -13803
