WARNING: Failed to find function "__sanitizer_acquire_crash_state".
WARNING: Failed to find function "__sanitizer_print_stack_trace".
WARNING: Failed to find function "__sanitizer_set_death_callback".
[2023-01-15 17:23:35.574] [Init] Num of ECall: 22
[2023-01-15 17:23:35.574] ECalls:
  0 - fuzz_enc_wolfSSL_CTX_free
  1 - fuzz_enc_wolfSSL_CTX_load_verify_buffer
  2 - fuzz_enc_wolfSSL_CTX_new
  3 - fuzz_enc_wolfSSL_CTX_set_cipher_list
  4 - fuzz_enc_wolfSSL_CTX_use_PrivateKey_buffer
  5 - fuzz_enc_wolfSSL_CTX_use_certificate_buffer
  6 - fuzz_enc_wolfSSL_CTX_use_certificate_chain_buffer_format
  7 - fuzz_enc_wolfSSL_Cleanup
  8 - fuzz_enc_wolfSSL_Debugging_OFF
  9 - fuzz_enc_wolfSSL_Debugging_ON
  10 - fuzz_enc_wolfSSL_Init
  11 - fuzz_enc_wolfSSL_connect
  12 - fuzz_enc_wolfSSL_free
  13 - fuzz_enc_wolfSSL_get_error
  14 - fuzz_enc_wolfSSL_new
  15 - fuzz_enc_wolfSSL_read
  16 - fuzz_enc_wolfSSL_set_fd
  17 - fuzz_enc_wolfSSL_write
  18 - fuzz_enc_wolfTLSv1_2_client_method
  19 - fuzz_enc_wolfTLSv1_2_server_method
  20 - fuzz_wc_benchmark_test
  21 - fuzz_wc_test

INFO: found LLVMFuzzerCustomMutator (0x44ac30). Disabling -len_control by default.
INFO: libFuzzer ignores flags that start with '--'
INFO: Running with entropic power schedule (0xFF, 100).
INFO: Seed: 325611266
INFO: Loaded 1 modules   (291 inline 8-bit counters): 291 [0x4cb7e8, 0x4cb90b), 
INFO: Loaded 1 PC tables (291 PCs): 291 [0x4cb910,0x4ccb40), 
INFO:        0 files found in /tmp/libFuzzerTemp.FuzzWithFork422940.dir/C89
[SGXSan] ALWAYS: Hook __sanitizer_cov_8bit_counters_init of Enclave, 21636 inline 8-bit counts [0x7fea865359c0, 0x7fea8653ae44) (First time)
[SGXSan] ALWAYS: Hook __sanitizer_cov_pcs_init of Enclave, 21636 PCs [0x7fea8653ae48, 0x7fea8658f688) (First time)
[SGXSan] ALWAYS: Enter enc_wolfSSL_CTX_free
[SGXSan] ALWAYS: Enter enc_wolfSSL_CTX_load_verify_buffer
[SGXSan] ALWAYS: Enter enc_wolfSSL_CTX_new
[SGXSan] ALWAYS: Enter enc_wolfSSL_CTX_set_cipher_list
[SGXSan] ALWAYS: Enter enc_wolfSSL_CTX_use_PrivateKey_buffer
[SGXSan] ALWAYS: Enter enc_wolfSSL_CTX_use_certificate_buffer
[SGXSan] ALWAYS: Enter enc_wolfSSL_CTX_use_certificate_chain_buffer_format
[SGXSan] ALWAYS: Enter enc_wolfSSL_Cleanup
[SGXSan] ALWAYS: Enter enc_wolfSSL_Debugging_OFF
[SGXSan] ALWAYS: Enter enc_wolfSSL_Debugging_ON
[SGXSan] ALWAYS: Enter enc_wolfSSL_Init
[SGXSan] ALWAYS: Enter enc_wolfSSL_connect
[SGXSan] ALWAYS: Enter enc_wolfSSL_free
[SGXSan] ALWAYS: Enter enc_wolfSSL_get_error
[SGXSan] ALWAYS: Enter enc_wolfSSL_new
[SGXSan] ALWAYS: Enter enc_wolfSSL_read
[SGXSan] ALWAYS: Enter enc_wolfSSL_set_fd
[SGXSan] ALWAYS: Enter enc_wolfSSL_write
[SGXSan] ALWAYS: Enter enc_wolfTLSv1_2_client_method
[SGXSan] ALWAYS: Enter enc_wolfTLSv1_2_server_method
[SGXSan] ALWAYS: Enter wc_benchmark_test
------------------------------------------------------------------------------
 wolfSSL version 5.1.0
------------------------------------------------------------------------------
wolfCrypt Benchmark (block bytes 1048576, min 1.0 sec each)
RNG                 15 MB took 1.122 seconds,   13.369 MB/s
AES-128-CBC-enc     35 MB took 1.068 seconds,   32.786 MB/s
AES-128-CBC-dec     35 MB took 1.141 seconds,   30.679 MB/s
AES-192-CBC-enc     30 MB took 1.056 seconds,   28.399 MB/s
AES-192-CBC-dec     30 MB took 1.145 seconds,   26.198 MB/s
AES-256-CBC-enc     25 MB took 1.007 seconds,   24.837 MB/s
AES-256-CBC-dec     25 MB took 1.127 seconds,   22.176 MB/s
AES-128-GCM-enc     25 MB took 1.056 seconds,   23.668 MB/s
AES-128-GCM-dec     25 MB took 1.063 seconds,   23.518 MB/s
AES-192-GCM-enc     25 MB took 1.179 seconds,   21.205 MB/s
AES-192-GCM-dec     25 MB took 1.167 seconds,   21.422 MB/s
AES-256-GCM-enc     20 MB took 1.010 seconds,   19.805 MB/s
AES-256-GCM-dec     20 MB took 1.020 seconds,   19.606 MB/s
GMAC Table 4-bit    69 MB took 1.008 seconds,   68.442 MB/s
RABBIT              90 MB took 1.007 seconds,   89.402 MB/s
3DES                10 MB took 1.117 seconds,    8.951 MB/s
MD5                300 MB took 1.008 seconds,  297.680 MB/s
SHA                130 MB took 1.037 seconds,  125.349 MB/s
SHA-256             35 MB took 1.140 seconds,   30.692 MB/s
HMAC-MD5           300 MB took 1.009 seconds,  297.239 MB/s
HMAC-SHA           130 MB took 1.032 seconds,  125.982 MB/s
HMAC-SHA256         35 MB took 1.135 seconds,   30.842 MB/s
PBKDF2               4 KB took 1.001 seconds,    3.807 KB/s
RSA     2048 public       1500 ops took 1.070 sec, avg 0.713 ms, 1401.814 ops/sec
RSA     2048 private       100 ops took 3.638 sec, avg 36.379 ms, 27.488 ops/sec
DH      2048 key gen        64 ops took 1.006 sec, avg 15.726 ms, 63.588 ops/sec
DH      2048 agree         100 ops took 1.520 sec, avg 15.196 ms, 65.807 ops/sec
ECC   [      SECP256R1]   256 key gen      1434 ops took 1.000 sec, avg 0.698 ms, 1433.685 ops/sec
ECDHE [      SECP256R1]   256 agree        1000 ops took 1.094 sec, avg 1.094 ms, 914.455 ops/sec
ECDSA [      SECP256R1]   256 sign         1300 ops took 1.074 sec, avg 0.826 ms, 1210.829 ops/sec
ECDSA [      SECP256R1]   256 verify        900 ops took 1.042 sec, avg 1.157 ms, 864.015 ops/sec
Benchmark complete
[SGXSan] ALWAYS: Enter wc_test
INFO: seed corpus: files: 1 min: 370191b max: 370191b total: 370191b rss: 43Mb
------------------------------------------------------------------------------
 wolfSSL version 5.1.0
------------------------------------------------------------------------------
error    test passed!
MEMORY   test passed!
base64   test passed!
asn      test passed!
RANDOM   test passed!
MD5      test passed!
MD4      test passed!
SHA      test passed!
SHA-256  test passed!
Hash     test passed!
HMAC-MD5 test passed!
HMAC-SHA test passed!
HMAC-SHA256 test passed!
GMAC     test passed!
HC-128   test passed!
Rabbit   test passed!
DES      test passed!
DES3     test passed!
AES      test passed!
AES192   test passed!
AES256   test passed!
AES-GCM  test passed!
RSA      test passed!
DH       test passed!
DSA      test passed!
PWDBASED test passed!
ECC      test passed!
ECC buffer test passed!
logging  test passed!
mutex    test passed!
memcb    test passed!
Test complete
[SGXSan] ALWAYS: Enter enc_wolfSSL_new
[SGXSan] ALWAYS: Enter wc_test
------------------------------------------------------------------------------
 wolfSSL version 5.1.0
------------------------------------------------------------------------------
error    test passed!
MEMORY   test passed!
base64   test passed!
asn      test passed!
RANDOM   test passed!
MD5      test passed!
MD4      test passed!
SHA      test passed!
SHA-256  test passed!
Hash     test passed!
HMAC-MD5 test passed!
HMAC-SHA test passed!
HMAC-SHA256 test passed!
GMAC     test passed!
HC-128   test passed!
Rabbit   test passed!
DES      test passed!
DES3     test passed!
AES      test passed!
AES192   test passed!
AES256   test passed!
AES-GCM  test passed!
RSA      test passed!
DH       test passed!
DSA      test passed!
PWDBASED test passed!
ECC      test passed!
ECC buffer test passed!
logging  test passed!
mutex    test passed!
memcb    test failed!
 error = -13803
[SGXSan] ALWAYS: Enter enc_wolfSSL_read
[SGXSan] ALWAYS: Enter enc_wolfSSL_Debugging_ON
[SGXSan] ALWAYS: Enter enc_wolfSSL_CTX_use_PrivateKey_buffer
[SGXSan] ALWAYS: Enter enc_wolfSSL_Debugging_OFF
[SGXSan] ALWAYS: Enter enc_wolfSSL_get_error
[SGXSan] ALWAYS: Enter wc_benchmark_test
------------------------------------------------------------------------------
 wolfSSL version 5.1.0
------------------------------------------------------------------------------
wolfCrypt Benchmark (block bytes 1048576, min 1.0 sec each)
RNG                 15 MB took 1.137 seconds,   13.197 MB/s
AES-128-CBC-enc     35 MB took 1.049 seconds,   33.381 MB/s
AES-128-CBC-dec     35 MB took 1.155 seconds,   30.313 MB/s
AES-192-CBC-enc     30 MB took 1.047 seconds,   28.652 MB/s
AES-192-CBC-dec     30 MB took 1.129 seconds,   26.582 MB/s
AES-256-CBC-enc     30 MB took 1.180 seconds,   25.429 MB/s
AES-256-CBC-dec     25 MB took 1.061 seconds,   23.570 MB/s
AES-128-GCM-enc     25 MB took 1.163 seconds,   21.487 MB/s
AES-128-GCM-dec     25 MB took 1.061 seconds,   23.572 MB/s
AES-192-GCM-enc     25 MB took 1.196 seconds,   20.904 MB/s
AES-192-GCM-dec     25 MB took 1.174 seconds,   21.287 MB/s
AES-256-GCM-enc     20 MB took 1.029 seconds,   19.429 MB/s
AES-256-GCM-dec     20 MB took 1.014 seconds,   19.726 MB/s
GMAC Table 4-bit    67 MB took 1.000 seconds,   66.989 MB/s
RABBIT              90 MB took 1.005 seconds,   89.581 MB/s
3DES                10 MB took 1.111 seconds,    8.999 MB/s
MD5                305 MB took 1.017 seconds,  299.974 MB/s
SHA                125 MB took 1.013 seconds,  123.370 MB/s
SHA-256             35 MB took 1.157 seconds,   30.258 MB/s
HMAC-MD5           305 MB took 1.015 seconds,  300.347 MB/s
HMAC-SHA           130 MB took 1.029 seconds,  126.281 MB/s
HMAC-SHA256         35 MB took 1.116 seconds,   31.352 MB/s
PBKDF2               4 KB took 1.007 seconds,    3.756 KB/s
RSA     2048 public       1400 ops took 1.030 sec, avg 0.736 ms, 1359.457 ops/sec
RSA     2048 private       100 ops took 3.761 sec, avg 37.613 ms, 26.587 ops/sec
DH      2048 key gen        64 ops took 1.004 sec, avg 15.690 ms, 63.733 ops/sec
DH      2048 agree         100 ops took 1.577 sec, avg 15.772 ms, 63.404 ops/sec
ECC   [      SECP256R1]   256 key gen      1428 ops took 1.001 sec, avg 0.701 ms, 1426.968 ops/sec
ECDHE [      SECP256R1]   256 agree        1000 ops took 1.105 sec, avg 1.105 ms, 904.764 ops/sec
ECDSA [      SECP256R1]   256 sign         1300 ops took 1.081 sec, avg 0.832 ms, 1202.122 ops/sec
ECDSA [      SECP256R1]   256 verify        900 ops took 1.049 sec, avg 1.166 ms, 857.744 ops/sec
Benchmark complete
[SGXSan] ALWAYS: Enter enc_wolfSSL_CTX_load_verify_buffer
[SGXSan] ALWAYS: Enter enc_wolfSSL_CTX_use_certificate_chain_buffer_format
[SGXSan] ALWAYS: Enter enc_wolfSSL_CTX_set_cipher_list
[SGXSan] ALWAYS: Enter enc_wolfSSL_Cleanup
[SGXSan] ALWAYS: Enter enc_wolfTLSv1_2_server_method
[SGXSan] ALWAYS: Enter enc_wolfTLSv1_2_client_method
[SGXSan] ALWAYS: Enter enc_wolfSSL_set_fd
[SGXSan] ALWAYS: Enter enc_wolfSSL_Init
[SGXSan] ALWAYS: Enter enc_wolfSSL_connect
[SGXSan] ALWAYS: Enter enc_wolfSSL_write
[SGXSan] ALWAYS: Enter enc_wolfSSL_CTX_new
[SGXSan] ALWAYS: Enter enc_wolfSSL_CTX_use_certificate_buffer
[SGXSan] ALWAYS: Enter enc_wolfSSL_CTX_free
[SGXSan] ALWAYS: Enter enc_wolfSSL_free
#2	pulse  ft: 6298 exec/s: 0 rss: 49Mb
Slowest unit: 42 s:
artifact_prefix='./crashes/'; Test unit written to ./crashes/slow-unit-c39751fba4febf11dacb1d3388598e2ab7ebb925
#2	INITED cov: 6298 ft: 6298 corp: 1/361Kb exec/s: 0 rss: 52Mb
[SGXSan] ALWAYS: Enter enc_wolfSSL_new
[SGXSan] ALWAYS: Enter wc_test
------------------------------------------------------------------------------
 wolfSSL version 5.1.0
------------------------------------------------------------------------------
error    test passed!
MEMORY   test passed!
base64   test passed!
asn      test passed!
RANDOM   test passed!
MD5      test passed!
MD4      test passed!
SHA      test passed!
SHA-256  test passed!
Hash     test passed!
HMAC-MD5 test passed!
HMAC-SHA test passed!
HMAC-SHA256 test passed!
GMAC     test passed!
HC-128   test passed!
Rabbit   test passed!
DES      test passed!
DES3     test passed!
AES      test passed!
AES192   test passed!
AES256   test passed!
AES-GCM  test passed!
RSA      test passed!
DH       test passed!
DSA      test passed!
PWDBASED test passed!
ECC      test passed!
ECC buffer test passed!
logging  test passed!
mutex    test passed!
memcb    test failed!
 error = -13803
[SGXSan] ALWAYS: Enter enc_wolfSSL_read
[SGXSan] ALWAYS: Enter enc_wolfSSL_Debugging_ON
[SGXSan] ALWAYS: Enter enc_wolfSSL_CTX_use_PrivateKey_buffer
[SGXSan] ALWAYS: Enter enc_wolfSSL_Debugging_OFF
[SGXSan] ALWAYS: Enter enc_wolfSSL_get_error
[SGXSan] ALWAYS: Enter wc_benchmark_test
------------------------------------------------------------------------------
 wolfSSL version 5.1.0
------------------------------------------------------------------------------
wolfCrypt Benchmark (block bytes 1048576, min 1.0 sec each)
RNG                 15 MB took 1.120 seconds,   13.398 MB/s
AES-128-CBC-enc     30 MB took 1.050 seconds,   28.584 MB/s
AES-128-CBC-dec     25 MB took 1.001 seconds,   24.976 MB/s
AES-192-CBC-enc     30 MB took 1.069 seconds,   28.060 MB/s
AES-192-CBC-dec     30 MB took 1.127 seconds,   26.608 MB/s
AES-256-CBC-enc     30 MB took 1.176 seconds,   25.514 MB/s
AES-256-CBC-dec     25 MB took 1.062 seconds,   23.540 MB/s
AES-128-GCM-enc     25 MB took 1.054 seconds,   23.713 MB/s
AES-128-GCM-dec     25 MB took 1.060 seconds,   23.587 MB/s
AES-192-GCM-enc     25 MB took 1.172 seconds,   21.323 MB/s
AES-192-GCM-dec     20 MB took 1.125 seconds,   17.779 MB/s
AES-256-GCM-enc     20 MB took 1.085 seconds,   18.439 MB/s
AES-256-GCM-dec     15 MB took 1.041 seconds,   14.411 MB/s
GMAC Table 4-bit    70 MB took 1.014 seconds,   69.058 MB/s
RABBIT              95 MB took 1.050 seconds,   90.453 MB/s
3DES                10 MB took 1.072 seconds,    9.325 MB/s
MD5                310 MB took 1.013 seconds,  305.955 MB/s
SHA                130 MB took 1.000 seconds,  129.978 MB/s
SHA-256             35 MB took 1.132 seconds,   30.917 MB/s
HMAC-MD5           305 MB took 1.000 seconds,  304.939 MB/s
HMAC-SHA           130 MB took 1.011 seconds,  128.641 MB/s
HMAC-SHA256         30 MB took 1.112 seconds,   26.974 MB/s
PBKDF2               4 KB took 1.005 seconds,    3.794 KB/s
RSA     2048 public       1500 ops took 1.071 sec, avg 0.714 ms, 1400.359 ops/sec
RSA     2048 private       100 ops took 3.754 sec, avg 37.544 ms, 26.636 ops/sec
DH      2048 key gen        64 ops took 1.006 sec, avg 15.716 ms, 63.629 ops/sec
DH      2048 agree         100 ops took 1.605 sec, avg 16.051 ms, 62.303 ops/sec
ECC   [      SECP256R1]   256 key gen      1368 ops took 1.000 sec, avg 0.731 ms, 1367.606 ops/sec
ECDHE [      SECP256R1]   256 agree        1000 ops took 1.092 sec, avg 1.092 ms, 915.704 ops/sec
ECDSA [      SECP256R1]   256 sign         1200 ops took 1.006 sec, avg 0.838 ms, 1192.957 ops/sec
ECDSA [      SECP256R1]   256 verify        900 ops took 1.028 sec, avg 1.142 ms, 875.336 ops/sec
Benchmark complete
[SGXSan] ALWAYS: Enter enc_wolfSSL_CTX_load_verify_buffer
[SGXSan] ALWAYS: Enter enc_wolfSSL_CTX_use_certificate_chain_buffer_format
[SGXSan] ALWAYS: Enter enc_wolfSSL_CTX_set_cipher_list
[SGXSan] ALWAYS: Enter enc_wolfSSL_Cleanup
[SGXSan] ALWAYS: Enter enc_wolfTLSv1_2_server_method
[SGXSan] ALWAYS: Enter enc_wolfTLSv1_2_client_method
[SGXSan] ALWAYS: Enter enc_wolfSSL_set_fd
[SGXSan] ALWAYS: Enter enc_wolfSSL_Init
[SGXSan] ALWAYS: Enter enc_wolfSSL_connect
[SGXSan] ALWAYS: Enter enc_wolfSSL_write
[SGXSan] ALWAYS: Enter enc_wolfSSL_CTX_new
[SGXSan] ALWAYS: Enter enc_wolfSSL_CTX_use_certificate_buffer
[SGXSan] ALWAYS: Enter enc_wolfSSL_CTX_free
[SGXSan] ALWAYS: Enter enc_wolfSSL_free
#3	NEW    cov: 6298 ft: 6303 corp: 2/723Kb lim: 1000000 exec/s: 0 rss: 58Mb L: 370191/370191 MS: 2 ChangeASCIIInt-Custom-
#3	DONE   cov: 6298 ft: 6303 corp: 2/723Kb lim: 1000000 exec/s: 0 rss: 58Mb
Done 3 runs in 126 second(s)
stat::number_of_executed_units: 3
stat::average_exec_per_sec:     0
stat::new_units_added:          1
stat::slowest_unit_time_sec:    42
stat::peak_rss_mb:              58
