WARNING: Failed to find function "__sanitizer_acquire_crash_state".
WARNING: Failed to find function "__sanitizer_print_stack_trace".
WARNING: Failed to find function "__sanitizer_set_death_callback".
[2023-01-15 16:42:06.190] [Init] Num of ECall: 22
[2023-01-15 16:42:06.190] ECalls:
  0 - fuzz_enc_wolfSSL_CTX_free
  1 - fuzz_enc_wolfSSL_CTX_load_verify_buffer
  2 - fuzz_enc_wolfSSL_CTX_new
  3 - fuzz_enc_wolfSSL_CTX_set_cipher_list
  4 - fuzz_enc_wolfSSL_CTX_use_PrivateKey_buffer
  5 - fuzz_enc_wolfSSL_CTX_use_certificate_buffer
  6 - fuzz_enc_wolfSSL_CTX_use_certificate_chain_buffer_format
  7 - fuzz_enc_wolfSSL_Cleanup
  8 - fuzz_enc_wolfSSL_Debugging_OFF
  9 - fuzz_enc_wolfSSL_Debugging_ON
  10 - fuzz_enc_wolfSSL_Init
  11 - fuzz_enc_wolfSSL_connect
  12 - fuzz_enc_wolfSSL_free
  13 - fuzz_enc_wolfSSL_get_error
  14 - fuzz_enc_wolfSSL_new
  15 - fuzz_enc_wolfSSL_read
  16 - fuzz_enc_wolfSSL_set_fd
  17 - fuzz_enc_wolfSSL_write
  18 - fuzz_enc_wolfTLSv1_2_client_method
  19 - fuzz_enc_wolfTLSv1_2_server_method
  20 - fuzz_wc_benchmark_test
  21 - fuzz_wc_test

INFO: found LLVMFuzzerCustomMutator (0x44ac30). Disabling -len_control by default.
INFO: libFuzzer ignores flags that start with '--'
INFO: Running with entropic power schedule (0xFF, 100).
INFO: Seed: 2023164278
INFO: Loaded 1 modules   (291 inline 8-bit counters): 291 [0x4cb7e8, 0x4cb90b), 
INFO: Loaded 1 PC tables (291 PCs): 291 [0x4cb910,0x4ccb40), 
INFO:        0 files found in /tmp/libFuzzerTemp.FuzzWithFork422940.dir/C9
[SGXSan] ALWAYS: Hook __sanitizer_cov_8bit_counters_init of Enclave, 21636 inline 8-bit counts [0x7ff0753659c0, 0x7ff07536ae44) (First time)
[SGXSan] ALWAYS: Hook __sanitizer_cov_pcs_init of Enclave, 21636 PCs [0x7ff07536ae48, 0x7ff0753bf688) (First time)
[SGXSan] ALWAYS: Enter enc_wolfSSL_CTX_free
[SGXSan] ALWAYS: Enter enc_wolfSSL_CTX_load_verify_buffer
[SGXSan] ALWAYS: Enter enc_wolfSSL_CTX_new
[SGXSan] ALWAYS: Enter enc_wolfSSL_CTX_set_cipher_list
[SGXSan] ALWAYS: Enter enc_wolfSSL_CTX_use_PrivateKey_buffer
[SGXSan] ALWAYS: Enter enc_wolfSSL_CTX_use_certificate_buffer
[SGXSan] ALWAYS: Enter enc_wolfSSL_CTX_use_certificate_chain_buffer_format
[SGXSan] ALWAYS: Enter enc_wolfSSL_Cleanup
[SGXSan] ALWAYS: Enter enc_wolfSSL_Debugging_OFF
[SGXSan] ALWAYS: Enter enc_wolfSSL_Debugging_ON
[SGXSan] ALWAYS: Enter enc_wolfSSL_Init
[SGXSan] ALWAYS: Enter enc_wolfSSL_connect
[SGXSan] ALWAYS: Enter enc_wolfSSL_free
[SGXSan] ALWAYS: Enter enc_wolfSSL_get_error
[SGXSan] ALWAYS: Enter enc_wolfSSL_new
[SGXSan] ALWAYS: Enter enc_wolfSSL_read
[SGXSan] ALWAYS: Enter enc_wolfSSL_set_fd
[SGXSan] ALWAYS: Enter enc_wolfSSL_write
[SGXSan] ALWAYS: Enter enc_wolfTLSv1_2_client_method
[SGXSan] ALWAYS: Enter enc_wolfTLSv1_2_server_method
[SGXSan] ALWAYS: Enter wc_benchmark_test
------------------------------------------------------------------------------
 wolfSSL version 5.1.0
------------------------------------------------------------------------------
wolfCrypt Benchmark (block bytes 1048576, min 1.0 sec each)
RNG                 15 MB took 1.146 seconds,   13.084 MB/s
AES-128-CBC-enc     35 MB took 1.059 seconds,   33.064 MB/s
AES-128-CBC-dec     35 MB took 1.136 seconds,   30.822 MB/s
AES-192-CBC-enc     30 MB took 1.044 seconds,   28.744 MB/s
AES-192-CBC-dec     30 MB took 1.180 seconds,   25.428 MB/s
AES-256-CBC-enc     30 MB took 1.191 seconds,   25.194 MB/s
AES-256-CBC-dec     25 MB took 1.067 seconds,   23.426 MB/s
AES-128-GCM-enc     25 MB took 1.069 seconds,   23.393 MB/s
AES-128-GCM-dec     25 MB took 1.068 seconds,   23.403 MB/s
AES-192-GCM-enc     25 MB took 1.201 seconds,   20.819 MB/s
AES-192-GCM-dec     25 MB took 1.162 seconds,   21.523 MB/s
AES-256-GCM-enc     20 MB took 1.013 seconds,   19.745 MB/s
AES-256-GCM-dec     20 MB took 1.007 seconds,   19.854 MB/s
GMAC Table 4-bit    69 MB took 1.004 seconds,   68.739 MB/s
RABBIT              95 MB took 1.052 seconds,   90.283 MB/s
3DES                10 MB took 1.084 seconds,    9.221 MB/s
MD5                305 MB took 1.011 seconds,  301.818 MB/s
SHA                130 MB took 1.004 seconds,  129.475 MB/s
SHA-256             35 MB took 1.121 seconds,   31.213 MB/s
HMAC-MD5           305 MB took 1.015 seconds,  300.363 MB/s
HMAC-SHA           130 MB took 1.004 seconds,  129.506 MB/s
HMAC-SHA256         35 MB took 1.134 seconds,   30.854 MB/s
PBKDF2               4 KB took 1.002 seconds,    3.775 KB/s
RSA     2048 public       1400 ops took 1.004 sec, avg 0.717 ms, 1394.211 ops/sec
RSA     2048 private       100 ops took 3.658 sec, avg 36.577 ms, 27.340 ops/sec
DH      2048 key gen        66 ops took 1.005 sec, avg 15.230 ms, 65.659 ops/sec
DH      2048 agree         100 ops took 1.543 sec, avg 15.434 ms, 64.792 ops/sec
ECC   [      SECP256R1]   256 key gen      1360 ops took 1.001 sec, avg 0.736 ms, 1359.043 ops/sec
ECDHE [      SECP256R1]   256 agree         900 ops took 1.013 sec, avg 1.126 ms, 888.192 ops/sec
ECDSA [      SECP256R1]   256 sign         1200 ops took 1.012 sec, avg 0.843 ms, 1185.754 ops/sec
ECDSA [      SECP256R1]   256 verify        900 ops took 1.055 sec, avg 1.173 ms, 852.784 ops/sec
Benchmark complete
[SGXSan] ALWAYS: Enter wc_test
INFO: A corpus is not provided, starting from an empty corpus
------------------------------------------------------------------------------
 wolfSSL version 5.1.0
------------------------------------------------------------------------------
error    test passed!
MEMORY   test passed!
base64   test passed!
asn      test passed!
RANDOM   test passed!
MD5      test passed!
MD4      test passed!
SHA      test passed!
SHA-256  test passed!
Hash     test passed!
HMAC-MD5 test passed!
HMAC-SHA test passed!
HMAC-SHA256 test passed!
GMAC     test passed!
HC-128   test passed!
Rabbit   test passed!
DES      test passed!
DES3     test passed!
AES      test passed!
AES192   test passed!
AES256   test passed!
AES-GCM  test passed!
RSA      test passed!
DH       test passed!
DSA      test passed!
PWDBASED test passed!
ECC      test passed!
ECC buffer test passed!
logging  test passed!
mutex    test passed!
memcb    test passed!
Test complete
[SGXSan] ALWAYS: Enter enc_wolfSSL_Init
[SGXSan] ALWAYS: Enter enc_wolfSSL_CTX_free
[SGXSan] ALWAYS: Enter enc_wolfSSL_CTX_load_verify_buffer
[SGXSan] ALWAYS: Enter enc_wolfSSL_CTX_new
[SGXSan] ALWAYS: Enter enc_wolfSSL_CTX_set_cipher_list
[SGXSan] ALWAYS: Enter enc_wolfSSL_CTX_use_PrivateKey_buffer
[SGXSan] ALWAYS: Enter enc_wolfSSL_CTX_use_certificate_buffer
[SGXSan] ALWAYS: Enter enc_wolfSSL_CTX_use_certificate_chain_buffer_format
[SGXSan] ALWAYS: Enter enc_wolfSSL_Cleanup
[SGXSan] ALWAYS: Enter enc_wolfSSL_Debugging_OFF
[SGXSan] ALWAYS: Enter enc_wolfSSL_Debugging_ON
[SGXSan] ALWAYS: Enter enc_wolfSSL_connect
[SGXSan] ALWAYS: Enter enc_wolfSSL_free
[SGXSan] ALWAYS: Enter enc_wolfSSL_get_error
[SGXSan] ALWAYS: Enter enc_wolfSSL_new
[SGXSan] ALWAYS: Enter enc_wolfSSL_read
[SGXSan] ALWAYS: Enter enc_wolfSSL_set_fd
[SGXSan] ALWAYS: Enter enc_wolfSSL_write
[SGXSan] ALWAYS: Enter enc_wolfTLSv1_2_client_method
[SGXSan] ALWAYS: Enter enc_wolfTLSv1_2_server_method
[SGXSan] ALWAYS: Enter wc_benchmark_test
------------------------------------------------------------------------------
 wolfSSL version 5.1.0
------------------------------------------------------------------------------
wolfCrypt Benchmark (block bytes 1048576, min 1.0 sec each)
RNG                 15 MB took 1.126 seconds,   13.318 MB/s
AES-128-CBC-enc     35 MB took 1.080 seconds,   32.396 MB/s
AES-128-CBC-dec     35 MB took 1.159 seconds,   30.207 MB/s
AES-192-CBC-enc     30 MB took 1.077 seconds,   27.847 MB/s
AES-192-CBC-dec     30 MB took 1.156 seconds,   25.947 MB/s
AES-256-CBC-enc     25 MB took 1.004 seconds,   24.907 MB/s
AES-256-CBC-dec     25 MB took 1.043 seconds,   23.965 MB/s
AES-128-GCM-enc     25 MB took 1.041 seconds,   24.023 MB/s
AES-128-GCM-dec     25 MB took 1.047 seconds,   23.881 MB/s
AES-192-GCM-enc     25 MB took 1.164 seconds,   21.484 MB/s
AES-192-GCM-dec     25 MB took 1.174 seconds,   21.288 MB/s
AES-256-GCM-enc     20 MB took 1.003 seconds,   19.936 MB/s
AES-256-GCM-dec     20 MB took 1.005 seconds,   19.900 MB/s
GMAC Table 4-bit    68 MB took 1.006 seconds,   67.583 MB/s
RABBIT              95 MB took 1.032 seconds,   92.013 MB/s
3DES                10 MB took 1.090 seconds,    9.172 MB/s
MD5                310 MB took 1.016 seconds,  305.199 MB/s
SHA                130 MB took 1.003 seconds,  129.611 MB/s
SHA-256             35 MB took 1.145 seconds,   30.561 MB/s
HMAC-MD5           300 MB took 1.012 seconds,  296.354 MB/s
HMAC-SHA           125 MB took 1.005 seconds,  124.371 MB/s
HMAC-SHA256         35 MB took 1.148 seconds,   30.490 MB/s
PBKDF2               4 KB took 1.001 seconds,    3.746 KB/s
RSA     2048 public       1400 ops took 1.038 sec, avg 0.741 ms, 1348.972 ops/sec
RSA     2048 private       100 ops took 3.649 sec, avg 36.492 ms, 27.403 ops/sec
DH      2048 key gen        65 ops took 1.000 sec, avg 15.387 ms, 64.991 ops/sec
DH      2048 agree         100 ops took 1.577 sec, avg 15.768 ms, 63.419 ops/sec
ECC   [      SECP256R1]   256 key gen      1412 ops took 1.001 sec, avg 0.709 ms, 1411.095 ops/sec
ECDHE [      SECP256R1]   256 agree         900 ops took 1.003 sec, avg 1.114 ms, 897.367 ops/sec
ECDSA [      SECP256R1]   256 sign         1300 ops took 1.082 sec, avg 0.833 ms, 1201.174 ops/sec
ECDSA [      SECP256R1]   256 verify        900 ops took 1.060 sec, avg 1.178 ms, 849.089 ops/sec
Benchmark complete
[SGXSan] ALWAYS: Enter wc_test
#2	pulse  ft: 6291 exec/s: 0 rss: 48Mb
Slowest unit: 41 s:
artifact_prefix='./crashes/'; Test unit written to ./crashes/slow-unit-adc83b19e793491b1c6ea0fd8b46cd9f32e592fc
Base64: Cg==
#2	INITED cov: 6291 ft: 6291 corp: 1/1b exec/s: 0 rss: 49Mb
#2	DONE   cov: 6291 ft: 6291 corp: 1/1b lim: 4 exec/s: 0 rss: 49Mb
Done 2 runs in 83 second(s)
stat::number_of_executed_units: 2
stat::average_exec_per_sec:     0
stat::new_units_added:          0
stat::slowest_unit_time_sec:    41
stat::peak_rss_mb:              49
------------------------------------------------------------------------------
 wolfSSL version 5.1.0
------------------------------------------------------------------------------
error    test passed!
MEMORY   test passed!
base64   test passed!
asn      test passed!
RANDOM   test passed!
MD5      test passed!
MD4      test passed!
SHA      test passed!
SHA-256  test passed!
Hash     test passed!
HMAC-MD5 test passed!
HMAC-SHA test passed!
HMAC-SHA256 test passed!
GMAC     test passed!
HC-128   test passed!
Rabbit   test passed!
DES      test passed!
DES3     test passed!
AES      test passed!
AES192   test passed!
AES256   test passed!
AES-GCM  test passed!
RSA      test passed!
DH       test passed!
DSA      test passed!
PWDBASED test passed!
ECC      test passed!
ECC buffer test passed!
logging  test passed!
mutex    test passed!
memcb    test failed!
 error = -13803
