WARNING: Failed to find function "__sanitizer_acquire_crash_state".
WARNING: Failed to find function "__sanitizer_print_stack_trace".
WARNING: Failed to find function "__sanitizer_set_death_callback".
[2023-01-15 17:23:38.312] [Init] Num of ECall: 22
[2023-01-15 17:23:38.312] ECalls:
  0 - fuzz_enc_wolfSSL_CTX_free
  1 - fuzz_enc_wolfSSL_CTX_load_verify_buffer
  2 - fuzz_enc_wolfSSL_CTX_new
  3 - fuzz_enc_wolfSSL_CTX_set_cipher_list
  4 - fuzz_enc_wolfSSL_CTX_use_PrivateKey_buffer
  5 - fuzz_enc_wolfSSL_CTX_use_certificate_buffer
  6 - fuzz_enc_wolfSSL_CTX_use_certificate_chain_buffer_format
  7 - fuzz_enc_wolfSSL_Cleanup
  8 - fuzz_enc_wolfSSL_Debugging_OFF
  9 - fuzz_enc_wolfSSL_Debugging_ON
  10 - fuzz_enc_wolfSSL_Init
  11 - fuzz_enc_wolfSSL_connect
  12 - fuzz_enc_wolfSSL_free
  13 - fuzz_enc_wolfSSL_get_error
  14 - fuzz_enc_wolfSSL_new
  15 - fuzz_enc_wolfSSL_read
  16 - fuzz_enc_wolfSSL_set_fd
  17 - fuzz_enc_wolfSSL_write
  18 - fuzz_enc_wolfTLSv1_2_client_method
  19 - fuzz_enc_wolfTLSv1_2_server_method
  20 - fuzz_wc_benchmark_test
  21 - fuzz_wc_test

INFO: found LLVMFuzzerCustomMutator (0x44ac30). Disabling -len_control by default.
INFO: libFuzzer ignores flags that start with '--'
INFO: Running with entropic power schedule (0xFF, 100).
INFO: Seed: 3063771853
INFO: Loaded 1 modules   (291 inline 8-bit counters): 291 [0x4cb7e8, 0x4cb90b), 
INFO: Loaded 1 PC tables (291 PCs): 291 [0x4cb910,0x4ccb40), 
INFO:        0 files found in /tmp/libFuzzerTemp.FuzzWithFork422940.dir/C90
[SGXSan] ALWAYS: Hook __sanitizer_cov_8bit_counters_init of Enclave, 21636 inline 8-bit counts [0x7faab86459c0, 0x7faab864ae44) (First time)
[SGXSan] ALWAYS: Hook __sanitizer_cov_pcs_init of Enclave, 21636 PCs [0x7faab864ae48, 0x7faab869f688) (First time)
[SGXSan] ALWAYS: Enter enc_wolfSSL_CTX_free
[SGXSan] ALWAYS: Enter enc_wolfSSL_CTX_load_verify_buffer
[SGXSan] ALWAYS: Enter enc_wolfSSL_CTX_new
[SGXSan] ALWAYS: Enter enc_wolfSSL_CTX_set_cipher_list
[SGXSan] ALWAYS: Enter enc_wolfSSL_CTX_use_PrivateKey_buffer
[SGXSan] ALWAYS: Enter enc_wolfSSL_CTX_use_certificate_buffer
[SGXSan] ALWAYS: Enter enc_wolfSSL_CTX_use_certificate_chain_buffer_format
[SGXSan] ALWAYS: Enter enc_wolfSSL_Cleanup
[SGXSan] ALWAYS: Enter enc_wolfSSL_Debugging_OFF
[SGXSan] ALWAYS: Enter enc_wolfSSL_Debugging_ON
[SGXSan] ALWAYS: Enter enc_wolfSSL_Init
[SGXSan] ALWAYS: Enter enc_wolfSSL_connect
[SGXSan] ALWAYS: Enter enc_wolfSSL_free
[SGXSan] ALWAYS: Enter enc_wolfSSL_get_error
[SGXSan] ALWAYS: Enter enc_wolfSSL_new
[SGXSan] ALWAYS: Enter enc_wolfSSL_read
[SGXSan] ALWAYS: Enter enc_wolfSSL_set_fd
[SGXSan] ALWAYS: Enter enc_wolfSSL_write
[SGXSan] ALWAYS: Enter enc_wolfTLSv1_2_client_method
[SGXSan] ALWAYS: Enter enc_wolfTLSv1_2_server_method
[SGXSan] ALWAYS: Enter wc_benchmark_test
------------------------------------------------------------------------------
 wolfSSL version 5.1.0
------------------------------------------------------------------------------
wolfCrypt Benchmark (block bytes 1048576, min 1.0 sec each)
RNG                 15 MB took 1.154 seconds,   12.994 MB/s
AES-128-CBC-enc     35 MB took 1.077 seconds,   32.492 MB/s
AES-128-CBC-dec     30 MB took 1.005 seconds,   29.850 MB/s
AES-192-CBC-enc     30 MB took 1.082 seconds,   27.718 MB/s
AES-192-CBC-dec     30 MB took 1.145 seconds,   26.199 MB/s
AES-256-CBC-enc     30 MB took 1.201 seconds,   24.971 MB/s
AES-256-CBC-dec     25 MB took 1.059 seconds,   23.608 MB/s
AES-128-GCM-enc     25 MB took 1.057 seconds,   23.641 MB/s
AES-128-GCM-dec     25 MB took 1.033 seconds,   24.208 MB/s
AES-192-GCM-enc     25 MB took 1.174 seconds,   21.291 MB/s
AES-192-GCM-dec     25 MB took 1.165 seconds,   21.467 MB/s
AES-256-GCM-enc     20 MB took 1.024 seconds,   19.533 MB/s
AES-256-GCM-dec     20 MB took 1.028 seconds,   19.449 MB/s
GMAC Table 4-bit    68 MB took 1.014 seconds,   67.034 MB/s
RABBIT              90 MB took 1.014 seconds,   88.766 MB/s
3DES                10 MB took 1.103 seconds,    9.064 MB/s
MD5                305 MB took 1.012 seconds,  301.457 MB/s
SHA                125 MB took 1.007 seconds,  124.155 MB/s
SHA-256             35 MB took 1.148 seconds,   30.475 MB/s
HMAC-MD5           310 MB took 1.014 seconds,  305.654 MB/s
HMAC-SHA           130 MB took 1.016 seconds,  127.934 MB/s
HMAC-SHA256         35 MB took 1.120 seconds,   31.254 MB/s
PBKDF2               4 KB took 1.006 seconds,    3.821 KB/s
RSA     2048 public       1400 ops took 1.014 sec, avg 0.725 ms, 1380.096 ops/sec
RSA     2048 private       100 ops took 3.676 sec, avg 36.761 ms, 27.203 ops/sec
DH      2048 key gen        66 ops took 1.011 sec, avg 15.326 ms, 65.251 ops/sec
DH      2048 agree         100 ops took 1.547 sec, avg 15.470 ms, 64.639 ops/sec
ECC   [      SECP256R1]   256 key gen      1418 ops took 1.000 sec, avg 0.706 ms, 1417.397 ops/sec
ECDHE [      SECP256R1]   256 agree        1000 ops took 1.086 sec, avg 1.086 ms, 920.636 ops/sec
ECDSA [      SECP256R1]   256 sign         1300 ops took 1.073 sec, avg 0.826 ms, 1211.156 ops/sec
ECDSA [      SECP256R1]   256 verify        900 ops took 1.026 sec, avg 1.139 ms, 877.595 ops/sec
Benchmark complete
[SGXSan] ALWAYS: Enter wc_test
INFO: seed corpus: files: 1 min: 370191b max: 370191b total: 370191b rss: 43Mb
------------------------------------------------------------------------------
 wolfSSL version 5.1.0
------------------------------------------------------------------------------
error    test passed!
MEMORY   test passed!
base64   test passed!
asn      test passed!
RANDOM   test passed!
MD5      test passed!
MD4      test passed!
SHA      test passed!
SHA-256  test passed!
Hash     test passed!
HMAC-MD5 test passed!
HMAC-SHA test passed!
HMAC-SHA256 test passed!
GMAC     test passed!
HC-128   test passed!
Rabbit   test passed!
DES      test passed!
DES3     test passed!
AES      test passed!
AES192   test passed!
AES256   test passed!
AES-GCM  test passed!
RSA      test passed!
DH       test passed!
DSA      test passed!
PWDBASED test passed!
ECC      test passed!
ECC buffer test passed!
logging  test passed!
mutex    test passed!
memcb    test passed!
Test complete
[SGXSan] ALWAYS: Enter enc_wolfSSL_new
[SGXSan] ALWAYS: Enter wc_test
------------------------------------------------------------------------------
 wolfSSL version 5.1.0
------------------------------------------------------------------------------
error    test passed!
MEMORY   test passed!
base64   test passed!
asn      test passed!
RANDOM   test passed!
MD5      test passed!
MD4      test passed!
SHA      test passed!
SHA-256  test passed!
Hash     test passed!
HMAC-MD5 test passed!
HMAC-SHA test passed!
HMAC-SHA256 test passed!
GMAC     test passed!
HC-128   test passed!
Rabbit   test passed!
DES      test passed!
DES3     test passed!
AES      test passed!
AES192   test passed!
AES256   test passed!
AES-GCM  test passed!
RSA      test passed!
DH       test passed!
DSA      test passed!
PWDBASED test passed!
ECC      test passed!
ECC buffer test passed!
logging  test passed!
mutex    test passed!
memcb    test failed!
 error = -13803
[SGXSan] ALWAYS: Enter enc_wolfSSL_read
[SGXSan] ALWAYS: Enter enc_wolfSSL_Debugging_ON
[SGXSan] ALWAYS: Enter enc_wolfSSL_CTX_use_PrivateKey_buffer
[SGXSan] ALWAYS: Enter enc_wolfSSL_Debugging_OFF
[SGXSan] ALWAYS: Enter enc_wolfSSL_get_error
[SGXSan] ALWAYS: Enter wc_benchmark_test
------------------------------------------------------------------------------
 wolfSSL version 5.1.0
------------------------------------------------------------------------------
wolfCrypt Benchmark (block bytes 1048576, min 1.0 sec each)
RNG                 15 MB took 1.139 seconds,   13.175 MB/s
AES-128-CBC-enc     35 MB took 1.051 seconds,   33.286 MB/s
AES-128-CBC-dec     35 MB took 1.153 seconds,   30.360 MB/s
AES-192-CBC-enc     30 MB took 1.073 seconds,   27.946 MB/s
AES-192-CBC-dec     30 MB took 1.162 seconds,   25.807 MB/s
AES-256-CBC-enc     25 MB took 1.025 seconds,   24.396 MB/s
AES-256-CBC-dec     25 MB took 1.054 seconds,   23.719 MB/s
AES-128-GCM-enc     25 MB took 1.066 seconds,   23.445 MB/s
AES-128-GCM-dec     25 MB took 1.060 seconds,   23.587 MB/s
AES-192-GCM-enc     25 MB took 1.179 seconds,   21.198 MB/s
AES-192-GCM-dec     25 MB took 1.189 seconds,   21.026 MB/s
AES-256-GCM-enc     20 MB took 1.027 seconds,   19.471 MB/s
AES-256-GCM-dec     20 MB took 1.037 seconds,   19.287 MB/s
GMAC Table 4-bit    68 MB took 1.003 seconds,   67.779 MB/s
RABBIT              90 MB took 1.013 seconds,   88.825 MB/s
3DES                10 MB took 1.120 seconds,    8.931 MB/s
MD5                300 MB took 1.015 seconds,  295.459 MB/s
SHA                130 MB took 1.032 seconds,  125.935 MB/s
SHA-256             35 MB took 1.123 seconds,   31.175 MB/s
HMAC-MD5           310 MB took 1.015 seconds,  305.450 MB/s
HMAC-SHA           130 MB took 1.016 seconds,  127.925 MB/s
HMAC-SHA256         30 MB took 1.001 seconds,   29.966 MB/s
PBKDF2               4 KB took 1.008 seconds,    3.784 KB/s
RSA     2048 public       1400 ops took 1.027 sec, avg 0.733 ms, 1363.714 ops/sec
RSA     2048 private       100 ops took 3.707 sec, avg 37.074 ms, 26.973 ops/sec
DH      2048 key gen        66 ops took 1.010 sec, avg 15.303 ms, 65.345 ops/sec
DH      2048 agree         100 ops took 1.565 sec, avg 15.646 ms, 63.916 ops/sec
ECC   [      SECP256R1]   256 key gen      1372 ops took 1.000 sec, avg 0.729 ms, 1371.907 ops/sec
ECDHE [      SECP256R1]   256 agree         900 ops took 1.003 sec, avg 1.114 ms, 897.366 ops/sec
ECDSA [      SECP256R1]   256 sign         1200 ops took 1.041 sec, avg 0.867 ms, 1153.170 ops/sec
ECDSA [      SECP256R1]   256 verify        900 ops took 1.047 sec, avg 1.163 ms, 859.526 ops/sec
Benchmark complete
[SGXSan] ALWAYS: Enter enc_wolfSSL_CTX_load_verify_buffer
[SGXSan] ALWAYS: Enter enc_wolfSSL_CTX_use_certificate_chain_buffer_format
[SGXSan] ALWAYS: Enter enc_wolfSSL_CTX_set_cipher_list
[SGXSan] ALWAYS: Enter enc_wolfSSL_Cleanup
[SGXSan] ALWAYS: Enter enc_wolfTLSv1_2_server_method
[SGXSan] ALWAYS: Enter enc_wolfTLSv1_2_client_method
[SGXSan] ALWAYS: Enter enc_wolfSSL_set_fd
[SGXSan] ALWAYS: Enter enc_wolfSSL_Init
[SGXSan] ALWAYS: Enter enc_wolfSSL_connect
[SGXSan] ALWAYS: Enter enc_wolfSSL_write
[SGXSan] ALWAYS: Enter enc_wolfSSL_CTX_new
[SGXSan] ALWAYS: Enter enc_wolfSSL_CTX_use_certificate_buffer
[SGXSan] ALWAYS: Enter enc_wolfSSL_CTX_free
[SGXSan] ALWAYS: Enter enc_wolfSSL_free
#2	pulse  ft: 6291 exec/s: 0 rss: 49Mb
Slowest unit: 42 s:
artifact_prefix='./crashes/'; Test unit written to ./crashes/slow-unit-c39751fba4febf11dacb1d3388598e2ab7ebb925
#2	INITED cov: 6291 ft: 6291 corp: 1/361Kb exec/s: 0 rss: 51Mb
[SGXSan] ALWAYS: Enter enc_wolfSSL_connect
[SGXSan] ALWAYS: Enter enc_wolfSSL_free
[SGXSan] ALWAYS: Enter enc_wolfSSL_Init
[SGXSan] ALWAYS: Enter wc_benchmark_test
------------------------------------------------------------------------------
 wolfSSL version 5.1.0
------------------------------------------------------------------------------
wolfCrypt Benchmark (block bytes 1048576, min 1.0 sec each)
RNG                 15 MB took 1.145 seconds,   13.105 MB/s
AES-128-CBC-enc     35 MB took 1.065 seconds,   32.851 MB/s
AES-128-CBC-dec     35 MB took 1.151 seconds,   30.417 MB/s
AES-192-CBC-enc     30 MB took 1.044 seconds,   28.730 MB/s
AES-192-CBC-dec     30 MB took 1.137 seconds,   26.395 MB/s
AES-256-CBC-enc     30 MB took 1.193 seconds,   25.144 MB/s
AES-256-CBC-dec     25 MB took 1.059 seconds,   23.599 MB/s
AES-128-GCM-enc     25 MB took 1.049 seconds,   23.830 MB/s
AES-128-GCM-dec     25 MB took 1.059 seconds,   23.610 MB/s
AES-192-GCM-enc     25 MB took 1.192 seconds,   20.972 MB/s
AES-192-GCM-dec     25 MB took 1.194 seconds,   20.936 MB/s
AES-256-GCM-enc     20 MB took 1.025 seconds,   19.509 MB/s
AES-256-GCM-dec     20 MB took 1.022 seconds,   19.572 MB/s
GMAC Table 4-bit    69 MB took 1.002 seconds,   68.835 MB/s
RABBIT              95 MB took 1.037 seconds,   91.575 MB/s
3DES                10 MB took 1.089 seconds,    9.181 MB/s
MD5                305 MB took 1.001 seconds,  304.682 MB/s
SHA                130 MB took 1.012 seconds,  128.476 MB/s
SHA-256             35 MB took 1.122 seconds,   31.198 MB/s
HMAC-MD5           310 MB took 1.014 seconds,  305.612 MB/s
HMAC-SHA           130 MB took 1.001 seconds,  129.827 MB/s
HMAC-SHA256         35 MB took 1.136 seconds,   30.797 MB/s
PBKDF2               4 KB took 1.003 seconds,    3.831 KB/s
RSA     2048 public       1400 ops took 1.009 sec, avg 0.721 ms, 1387.614 ops/sec
RSA     2048 private       100 ops took 3.638 sec, avg 36.380 ms, 27.487 ops/sec
DH      2048 key gen        64 ops took 1.012 sec, avg 15.811 ms, 63.246 ops/sec
DH      2048 agree         100 ops took 1.577 sec, avg 15.765 ms, 63.431 ops/sec
ECC   [      SECP256R1]   256 key gen      1362 ops took 1.001 sec, avg 0.735 ms, 1361.221 ops/sec
ECDHE [      SECP256R1]   256 agree        1000 ops took 1.104 sec, avg 1.104 ms, 905.716 ops/sec
ECDSA [      SECP256R1]   256 sign         1200 ops took 1.024 sec, avg 0.853 ms, 1172.160 ops/sec
ECDSA [      SECP256R1]   256 verify        900 ops took 1.083 sec, avg 1.203 ms, 831.262 ops/sec
Benchmark complete
[SGXSan] ALWAYS: Enter enc_wolfSSL_Debugging_ON
[SGXSan] ALWAYS: Enter enc_wolfSSL_read
[SGXSan] ALWAYS: Enter enc_wolfSSL_CTX_use_certificate_chain_buffer_format
[SGXSan] ALWAYS: Enter enc_wolfSSL_CTX_load_verify_buffer
[SGXSan] ALWAYS: Enter enc_wolfSSL_set_fd
[SGXSan] ALWAYS: Enter enc_wolfSSL_write
[SGXSan] ALWAYS: Enter enc_wolfSSL_Cleanup
[SGXSan] ALWAYS: Enter enc_wolfSSL_new
[SGXSan] ALWAYS: Enter enc_wolfSSL_CTX_set_cipher_list
[SGXSan] ALWAYS: Enter enc_wolfSSL_CTX_use_certificate_buffer
[SGXSan] ALWAYS: Enter enc_wolfSSL_CTX_use_PrivateKey_buffer
[SGXSan] ALWAYS: Enter enc_wolfSSL_get_error
[SGXSan] ALWAYS: Enter enc_wolfSSL_CTX_new
[SGXSan] ALWAYS: Enter enc_wolfTLSv1_2_client_method
[SGXSan] ALWAYS: Enter wc_test
------------------------------------------------------------------------------
 wolfSSL version 5.1.0
------------------------------------------------------------------------------
error    test passed!
MEMORY   test passed!
base64   test passed!
asn      test passed!
RANDOM   test passed!
MD5      test passed!
MD4      test passed!
SHA      test passed!
SHA-256  test passed!
Hash     test passed!
HMAC-MD5 test passed!
HMAC-SHA test passed!
HMAC-SHA256 test passed!
GMAC     test passed!
HC-128   test passed!
Rabbit   test passed!
DES      test passed!
DES3     test passed!
AES      test passed!
AES192   test passed!
AES256   test passed!
AES-GCM  test passed!
RSA      test passed!
DH       test passed!
DSA      test passed!
PWDBASED test passed!
ECC      test passed!
ECC buffer test passed!
logging  test passed!
mutex    test passed!
memcb    test failed!
 error = -13803
[SGXSan] ALWAYS: Enter enc_wolfTLSv1_2_server_method
[SGXSan] ALWAYS: Enter enc_wolfSSL_CTX_free
[SGXSan] ALWAYS: Enter enc_wolfSSL_Debugging_OFF
[SGXSan] ALWAYS: Enter enc_wolfSSL_connect
[SGXSan] ALWAYS: Enter enc_wolfSSL_free
[SGXSan] ALWAYS: Enter enc_wolfSSL_Init
[SGXSan] ALWAYS: Enter wc_benchmark_test
------------------------------------------------------------------------------
 wolfSSL version 5.1.0
------------------------------------------------------------------------------
wolfCrypt Benchmark (block bytes 1048576, min 1.0 sec each)
RNG                 15 MB took 1.146 seconds,   13.093 MB/s
AES-128-CBC-enc     35 MB took 1.063 seconds,   32.939 MB/s
AES-128-CBC-dec     35 MB took 1.153 seconds,   30.349 MB/s
AES-192-CBC-enc     30 MB took 1.071 seconds,   28.024 MB/s
AES-192-CBC-dec     30 MB took 1.172 seconds,   25.588 MB/s
AES-256-CBC-enc     30 MB took 1.170 seconds,   25.650 MB/s
AES-256-CBC-dec     25 MB took 1.030 seconds,   24.263 MB/s
AES-128-GCM-enc     25 MB took 1.038 seconds,   24.074 MB/s
AES-128-GCM-dec     25 MB took 1.057 seconds,   23.653 MB/s
AES-192-GCM-enc     25 MB took 1.200 seconds,   20.838 MB/s
AES-192-GCM-dec     25 MB took 1.187 seconds,   21.054 MB/s
AES-256-GCM-enc     20 MB took 1.033 seconds,   19.358 MB/s
AES-256-GCM-dec     20 MB took 1.033 seconds,   19.356 MB/s
GMAC Table 4-bit    68 MB took 1.007 seconds,   67.536 MB/s
RABBIT              90 MB took 1.019 seconds,   88.303 MB/s
3DES                10 MB took 1.089 seconds,    9.184 MB/s
MD5                305 MB took 1.007 seconds,  302.890 MB/s
SHA                130 MB took 1.002 seconds,  129.743 MB/s
SHA-256             35 MB took 1.117 seconds,   31.330 MB/s
HMAC-MD5           305 MB took 1.001 seconds,  304.585 MB/s
HMAC-SHA           130 MB took 1.019 seconds,  127.516 MB/s
HMAC-SHA256         35 MB took 1.122 seconds,   31.204 MB/s
PBKDF2               4 KB took 1.006 seconds,    3.790 KB/s
RSA     2048 public       1400 ops took 1.009 sec, avg 0.721 ms, 1386.984 ops/sec
RSA     2048 private       100 ops took 3.744 sec, avg 37.442 ms, 26.708 ops/sec
DH      2048 key gen        64 ops took 1.004 sec, avg 15.685 ms, 63.756 ops/sec
DH      2048 agree         100 ops took 1.582 sec, avg 15.816 ms, 63.226 ops/sec
ECC   [      SECP256R1]   256 key gen      1372 ops took 1.000 sec, avg 0.729 ms, 1371.919 ops/sec
ECDHE [      SECP256R1]   256 agree         900 ops took 1.006 sec, avg 1.118 ms, 894.468 ops/sec
ECDSA [      SECP256R1]   256 sign         1200 ops took 1.036 sec, avg 0.863 ms, 1158.764 ops/sec
ECDSA [      SECP256R1]   256 verify        900 ops took 1.091 sec, avg 1.213 ms, 824.726 ops/sec
Benchmark complete
[SGXSan] ALWAYS: Enter enc_wolfSSL_Debugging_ON
[SGXSan] ALWAYS: Enter enc_wolfSSL_read
[SGXSan] ALWAYS: Enter enc_wolfSSL_CTX_use_certificate_chain_buffer_format
[SGXSan] ALWAYS: Enter enc_wolfSSL_CTX_load_verify_buffer
[SGXSan] ALWAYS: Enter enc_wolfSSL_set_fd
[SGXSan] ALWAYS: Enter enc_wolfSSL_write
[SGXSan] ALWAYS: Enter enc_wolfSSL_Cleanup
[SGXSan] ALWAYS: Enter enc_wolfSSL_new
[SGXSan] ALWAYS: Enter enc_wolfSSL_CTX_set_cipher_list
[SGXSan] ALWAYS: Enter enc_wolfSSL_CTX_use_certificate_buffer
[SGXSan] ALWAYS: Enter enc_wolfSSL_CTX_use_PrivateKey_buffer
[SGXSan] ALWAYS: Enter enc_wolfSSL_get_error
[SGXSan] ALWAYS: Enter enc_wolfSSL_CTX_new
[SGXSan] ALWAYS: Enter enc_wolfTLSv1_2_client_method
[SGXSan] ALWAYS: Enter wc_test
------------------------------------------------------------------------------
 wolfSSL version 5.1.0
------------------------------------------------------------------------------
error    test passed!
MEMORY   test passed!
base64   test passed!
asn      test passed!
RANDOM   test passed!
MD5      test passed!
MD4      test passed!
SHA      test passed!
SHA-256  test passed!
Hash     test passed!
HMAC-MD5 test passed!
HMAC-SHA test passed!
HMAC-SHA256 test passed!
GMAC     test passed!
HC-128   test passed!
Rabbit   test passed!
DES      test passed!
DES3     test passed!
AES      test passed!
AES192   test passed!
AES256   test passed!
AES-GCM  test passed!
RSA      test passed!
DH       test passed!
DSA      test passed!
PWDBASED test passed!
ECC      test passed!
ECC buffer test passed!
logging  test passed!
mutex    test passed!
memcb    test failed!
 error = -13803
[SGXSan] ALWAYS: Enter enc_wolfTLSv1_2_server_method
[SGXSan] ALWAYS: Enter enc_wolfSSL_CTX_free
[SGXSan] ALWAYS: Enter enc_wolfSSL_Debugging_OFF
#4	pulse  cov: 6291 ft: 6291 corp: 1/361Kb lim: 1000000 exec/s: 0 rss: 63Mb
[SGXSan] ALWAYS: Enter enc_wolfSSL_connect
[SGXSan] ALWAYS: Enter enc_wolfSSL_free
[SGXSan] ALWAYS: Enter enc_wolfSSL_Init
[SGXSan] ALWAYS: Enter wc_benchmark_test
------------------------------------------------------------------------------
 wolfSSL version 5.1.0
------------------------------------------------------------------------------
wolfCrypt Benchmark (block bytes 1048576, min 1.0 sec each)
RNG                 15 MB took 1.126 seconds,   13.326 MB/s
AES-128-CBC-enc     35 MB took 1.044 seconds,   33.537 MB/s
AES-128-CBC-dec     35 MB took 1.139 seconds,   30.738 MB/s
AES-192-CBC-enc     30 MB took 1.067 seconds,   28.113 MB/s
AES-192-CBC-dec     30 MB took 1.174 seconds,   25.556 MB/s
AES-256-CBC-enc     25 MB took 1.007 seconds,   24.827 MB/s
AES-256-CBC-dec     25 MB took 1.051 seconds,   23.780 MB/s
AES-128-GCM-enc     25 MB took 1.048 seconds,   23.846 MB/s
AES-128-GCM-dec     25 MB took 1.047 seconds,   23.870 MB/s
AES-192-GCM-enc     25 MB took 1.192 seconds,   20.974 MB/s
AES-192-GCM-dec     25 MB took 1.166 seconds,   21.446 MB/s
AES-256-GCM-enc     20 MB took 1.012 seconds,   19.761 MB/s
AES-256-GCM-dec     20 MB took 1.004 seconds,   19.930 MB/s
GMAC Table 4-bit    69 MB took 1.006 seconds,   68.558 MB/s
RABBIT              90 MB took 1.006 seconds,   89.458 MB/s
3DES                10 MB took 1.089 seconds,    9.184 MB/s
MD5                305 MB took 1.016 seconds,  300.165 MB/s
SHA                130 MB took 1.039 seconds,  125.166 MB/s
SHA-256             35 MB took 1.155 seconds,   30.300 MB/s
HMAC-MD5           300 MB took 1.004 seconds,  298.804 MB/s
HMAC-SHA           125 MB took 1.026 seconds,  121.880 MB/s
HMAC-SHA256         35 MB took 1.137 seconds,   30.771 MB/s
PBKDF2               4 KB took 1.005 seconds,    3.762 KB/s
RSA     2048 public       1400 ops took 1.034 sec, avg 0.738 ms, 1354.585 ops/sec
RSA     2048 private       100 ops took 3.713 sec, avg 37.133 ms, 26.930 ops/sec
DH      2048 key gen        45 ops took 1.026 sec, avg 22.795 ms, 43.869 ops/sec
DH      2048 agree         100 ops took 2.295 sec, avg 22.953 ms, 43.567 ops/sec
ECC   [      SECP256R1]   256 key gen      1389 ops took 1.000 sec, avg 0.720 ms, 1388.468 ops/sec
ECDHE [      SECP256R1]   256 agree        1000 ops took 1.084 sec, avg 1.084 ms, 922.131 ops/sec
ECDSA [      SECP256R1]   256 sign         1200 ops took 1.008 sec, avg 0.840 ms, 1189.949 ops/sec
ECDSA [      SECP256R1]   256 verify        900 ops took 1.053 sec, avg 1.170 ms, 855.025 ops/sec
Benchmark complete
[SGXSan] ALWAYS: Enter enc_wolfSSL_Debugging_ON
[SGXSan] ALWAYS: Enter enc_wolfSSL_read
[SGXSan] ALWAYS: Enter enc_wolfSSL_CTX_use_certificate_chain_buffer_format
[SGXSan] ALWAYS: Enter enc_wolfSSL_CTX_load_verify_buffer
[SGXSan] ALWAYS: Enter enc_wolfSSL_set_fd
[SGXSan] ALWAYS: Enter enc_wolfSSL_write
[SGXSan] ALWAYS: Enter enc_wolfSSL_Cleanup
[SGXSan] ALWAYS: Enter enc_wolfSSL_new
[SGXSan] ALWAYS: Enter enc_wolfSSL_CTX_set_cipher_list
[SGXSan] ALWAYS: Enter enc_wolfSSL_CTX_use_certificate_buffer
[SGXSan] ALWAYS: Enter enc_wolfSSL_CTX_use_PrivateKey_buffer
[SGXSan] ALWAYS: Enter enc_wolfSSL_get_error
[SGXSan] ALWAYS: Enter enc_wolfSSL_CTX_new
[SGXSan] ALWAYS: Enter enc_wolfTLSv1_2_client_method
[SGXSan] ALWAYS: Enter wc_test
------------------------------------------------------------------------------
 wolfSSL version 5.1.0
------------------------------------------------------------------------------
error    test passed!
MEMORY   test passed!
base64   test passed!
asn      test passed!
RANDOM   test passed!
MD5      test passed!
MD4      test passed!
SHA      test passed!
SHA-256  test passed!
Hash     test passed!
HMAC-MD5 test passed!
HMAC-SHA test passed!
HMAC-SHA256 test passed!
GMAC     test passed!
HC-128   test passed!
Rabbit   test passed!
DES      test passed!
DES3     test passed!
AES      test passed!
AES192   test passed!
AES256   test passed!
AES-GCM  test passed!
RSA      test passed!
DH       test passed!
DSA      test passed!
PWDBASED test passed!
ECC      test passed!
ECC buffer test passed!
logging  test passed!
mutex    test passed!
memcb    test failed!
 error = -13803
[SGXSan] ALWAYS: Enter enc_wolfTLSv1_2_server_method
[SGXSan] ALWAYS: Enter enc_wolfSSL_CTX_free
[SGXSan] ALWAYS: Enter enc_wolfSSL_Debugging_OFF
[SGXSan] ALWAYS: Enter enc_wolfSSL_connect
[SGXSan] ALWAYS: Enter enc_wolfSSL_free
[SGXSan] ALWAYS: Enter enc_wolfSSL_Init
[SGXSan] ALWAYS: Enter wc_benchmark_test
------------------------------------------------------------------------------
 wolfSSL version 5.1.0
------------------------------------------------------------------------------
wolfCrypt Benchmark (block bytes 1048576, min 1.0 sec each)
RNG                 15 MB took 1.124 seconds,   13.345 MB/s
AES-128-CBC-enc     35 MB took 1.043 seconds,   33.548 MB/s
AES-128-CBC-dec     35 MB took 1.153 seconds,   30.356 MB/s
AES-192-CBC-enc     30 MB took 1.043 seconds,   28.753 MB/s
AES-192-CBC-dec     30 MB took 1.133 seconds,   26.476 MB/s
AES-256-CBC-enc     30 MB took 1.182 seconds,   25.388 MB/s
AES-256-CBC-dec     25 MB took 1.031 seconds,   24.254 MB/s
AES-128-GCM-enc     25 MB took 1.036 seconds,   24.132 MB/s
AES-128-GCM-dec     25 MB took 1.062 seconds,   23.545 MB/s
AES-192-GCM-enc     25 MB took 1.165 seconds,   21.457 MB/s
AES-192-GCM-dec     25 MB took 1.170 seconds,   21.359 MB/s
AES-256-GCM-enc     20 MB took 1.020 seconds,   19.610 MB/s
AES-256-GCM-dec     20 MB took 1.029 seconds,   19.443 MB/s
GMAC Table 4-bit    68 MB took 1.013 seconds,   67.133 MB/s
RABBIT              90 MB took 1.017 seconds,   88.469 MB/s
3DES                10 MB took 1.122 seconds,    8.913 MB/s
MD5                300 MB took 1.006 seconds,  298.217 MB/s
SHA                130 MB took 1.029 seconds,  126.367 MB/s
SHA-256             35 MB took 1.153 seconds,   30.359 MB/s
HMAC-MD5           305 MB took 1.009 seconds,  302.421 MB/s
HMAC-SHA           130 MB took 1.015 seconds,  128.023 MB/s
HMAC-SHA256         35 MB took 1.126 seconds,   31.091 MB/s
PBKDF2               4 KB took 1.000 seconds,    3.779 KB/s
RSA     2048 public       1400 ops took 1.018 sec, avg 0.727 ms, 1374.673 ops/sec
RSA     2048 private       100 ops took 3.755 sec, avg 37.547 ms, 26.633 ops/sec
DH      2048 key gen        64 ops took 1.004 sec, avg 15.694 ms, 63.719 ops/sec
DH      2048 agree         100 ops took 1.556 sec, avg 15.558 ms, 64.277 ops/sec
ECC   [      SECP256R1]   256 key gen      1417 ops took 1.001 sec, avg 0.706 ms, 1416.074 ops/sec
ECDHE [      SECP256R1]   256 agree         900 ops took 1.007 sec, avg 1.118 ms, 894.179 ops/sec
ECDSA [      SECP256R1]   256 sign         1200 ops took 1.017 sec, avg 0.848 ms, 1179.612 ops/sec
ECDSA [      SECP256R1]   256 verify        900 ops took 1.075 sec, avg 1.195 ms, 836.972 ops/sec
Benchmark complete
[SGXSan] ALWAYS: Enter enc_wolfSSL_Debugging_ON
[SGXSan] ALWAYS: Enter enc_wolfSSL_read
[SGXSan] ALWAYS: Enter enc_wolfSSL_CTX_use_certificate_chain_buffer_format
[SGXSan] ALWAYS: Enter enc_wolfSSL_CTX_load_verify_buffer
[SGXSan] ALWAYS: Enter enc_wolfSSL_set_fd
[SGXSan] ALWAYS: Enter enc_wolfSSL_write
[SGXSan] ALWAYS: Enter enc_wolfSSL_Cleanup
[SGXSan] ALWAYS: Enter enc_wolfSSL_new
[SGXSan] ALWAYS: Enter enc_wolfSSL_CTX_set_cipher_list
[SGXSan] ALWAYS: Enter enc_wolfSSL_CTX_use_certificate_buffer
[SGXSan] ALWAYS: Enter enc_wolfSSL_CTX_use_PrivateKey_buffer
[SGXSan] ALWAYS: Enter enc_wolfSSL_get_error
[SGXSan] ALWAYS: Enter enc_wolfSSL_CTX_new
[SGXSan] ALWAYS: Enter enc_wolfTLSv1_2_client_method
[SGXSan] ALWAYS: Enter wc_test
------------------------------------------------------------------------------
 wolfSSL version 5.1.0
------------------------------------------------------------------------------
error    test passed!
MEMORY   test passed!
base64   test passed!
asn      test passed!
RANDOM   test passed!
MD5      test passed!
MD4      test passed!
SHA      test passed!
SHA-256  test passed!
Hash     test passed!
HMAC-MD5 test passed!
HMAC-SHA test passed!
HMAC-SHA256 test passed!
GMAC     test passed!
HC-128   test passed!
Rabbit   test passed!
DES      test passed!
DES3     test passed!
AES      test passed!
AES192   test passed!
AES256   test passed!
AES-GCM  test passed!
RSA      test passed!
DH       test passed!
DSA      test passed!
PWDBASED test passed!
ECC      test passed!
ECC buffer test passed!
logging  test passed!
mutex    test passed!
memcb    test failed!
 error = -13803
[SGXSan] ALWAYS: Enter enc_wolfTLSv1_2_server_method
[SGXSan] ALWAYS: Enter enc_wolfSSL_CTX_free
[SGXSan] ALWAYS: Enter enc_wolfSSL_Debugging_OFF
#6	NEW    cov: 6291 ft: 6296 corp: 2/723Kb lim: 1000000 exec/s: 0 rss: 75Mb L: 370191/370191 MS: 8 CMP-Custom-ChangeASCIIInt-Custom-ShuffleBytes-Custom-ChangeBit-Custom- DE: "\xff\xff\xff\xff\xff\xff\xff\x00"-
#6	DONE   cov: 6291 ft: 6296 corp: 2/723Kb lim: 1000000 exec/s: 0 rss: 75Mb
###### Recommended dictionary. ######
"\xff\xff\xff\xff\xff\xff\xff\x00" # Uses: 0
###### End of recommended dictionary. ######
Done 6 runs in 253 second(s)
stat::number_of_executed_units: 6
stat::average_exec_per_sec:     0
stat::new_units_added:          1
stat::slowest_unit_time_sec:    42
stat::peak_rss_mb:              75
