WARNING: Failed to find function "__sanitizer_acquire_crash_state".
WARNING: Failed to find function "__sanitizer_print_stack_trace".
WARNING: Failed to find function "__sanitizer_set_death_callback".
[2023-01-15 17:25:42.298] [Init] Num of ECall: 22
[2023-01-15 17:25:42.298] ECalls:
  0 - fuzz_enc_wolfSSL_CTX_free
  1 - fuzz_enc_wolfSSL_CTX_load_verify_buffer
  2 - fuzz_enc_wolfSSL_CTX_new
  3 - fuzz_enc_wolfSSL_CTX_set_cipher_list
  4 - fuzz_enc_wolfSSL_CTX_use_PrivateKey_buffer
  5 - fuzz_enc_wolfSSL_CTX_use_certificate_buffer
  6 - fuzz_enc_wolfSSL_CTX_use_certificate_chain_buffer_format
  7 - fuzz_enc_wolfSSL_Cleanup
  8 - fuzz_enc_wolfSSL_Debugging_OFF
  9 - fuzz_enc_wolfSSL_Debugging_ON
  10 - fuzz_enc_wolfSSL_Init
  11 - fuzz_enc_wolfSSL_connect
  12 - fuzz_enc_wolfSSL_free
  13 - fuzz_enc_wolfSSL_get_error
  14 - fuzz_enc_wolfSSL_new
  15 - fuzz_enc_wolfSSL_read
  16 - fuzz_enc_wolfSSL_set_fd
  17 - fuzz_enc_wolfSSL_write
  18 - fuzz_enc_wolfTLSv1_2_client_method
  19 - fuzz_enc_wolfTLSv1_2_server_method
  20 - fuzz_wc_benchmark_test
  21 - fuzz_wc_test

INFO: found LLVMFuzzerCustomMutator (0x44ac30). Disabling -len_control by default.
INFO: libFuzzer ignores flags that start with '--'
INFO: Running with entropic power schedule (0xFF, 100).
INFO: Seed: 2496120947
INFO: Loaded 1 modules   (291 inline 8-bit counters): 291 [0x4cb7e8, 0x4cb90b), 
INFO: Loaded 1 PC tables (291 PCs): 291 [0x4cb910,0x4ccb40), 
INFO:        0 files found in /tmp/libFuzzerTemp.FuzzWithFork422940.dir/C92
[SGXSan] ALWAYS: Hook __sanitizer_cov_8bit_counters_init of Enclave, 21636 inline 8-bit counts [0x7f2bddbf09c0, 0x7f2bddbf5e44) (First time)
[SGXSan] ALWAYS: Hook __sanitizer_cov_pcs_init of Enclave, 21636 PCs [0x7f2bddbf5e48, 0x7f2bddc4a688) (First time)
[SGXSan] ALWAYS: Enter enc_wolfSSL_CTX_free
[SGXSan] ALWAYS: Enter enc_wolfSSL_CTX_load_verify_buffer
[SGXSan] ALWAYS: Enter enc_wolfSSL_CTX_new
[SGXSan] ALWAYS: Enter enc_wolfSSL_CTX_set_cipher_list
[SGXSan] ALWAYS: Enter enc_wolfSSL_CTX_use_PrivateKey_buffer
[SGXSan] ALWAYS: Enter enc_wolfSSL_CTX_use_certificate_buffer
[SGXSan] ALWAYS: Enter enc_wolfSSL_CTX_use_certificate_chain_buffer_format
[SGXSan] ALWAYS: Enter enc_wolfSSL_Cleanup
[SGXSan] ALWAYS: Enter enc_wolfSSL_Debugging_OFF
[SGXSan] ALWAYS: Enter enc_wolfSSL_Debugging_ON
[SGXSan] ALWAYS: Enter enc_wolfSSL_Init
[SGXSan] ALWAYS: Enter enc_wolfSSL_connect
[SGXSan] ALWAYS: Enter enc_wolfSSL_free
[SGXSan] ALWAYS: Enter enc_wolfSSL_get_error
[SGXSan] ALWAYS: Enter enc_wolfSSL_new
[SGXSan] ALWAYS: Enter enc_wolfSSL_read
[SGXSan] ALWAYS: Enter enc_wolfSSL_set_fd
[SGXSan] ALWAYS: Enter enc_wolfSSL_write
[SGXSan] ALWAYS: Enter enc_wolfTLSv1_2_client_method
[SGXSan] ALWAYS: Enter enc_wolfTLSv1_2_server_method
[SGXSan] ALWAYS: Enter wc_benchmark_test
------------------------------------------------------------------------------
 wolfSSL version 5.1.0
------------------------------------------------------------------------------
wolfCrypt Benchmark (block bytes 1048576, min 1.0 sec each)
RNG                 15 MB took 1.167 seconds,   12.850 MB/s
AES-128-CBC-enc     35 MB took 1.079 seconds,   32.452 MB/s
AES-128-CBC-dec     30 MB took 1.005 seconds,   29.855 MB/s
AES-192-CBC-enc     30 MB took 1.066 seconds,   28.134 MB/s
AES-192-CBC-dec     30 MB took 1.157 seconds,   25.935 MB/s
AES-256-CBC-enc     25 MB took 1.004 seconds,   24.889 MB/s
AES-256-CBC-dec     25 MB took 1.109 seconds,   22.544 MB/s
AES-128-GCM-enc     25 MB took 1.049 seconds,   23.822 MB/s
AES-128-GCM-dec     25 MB took 1.037 seconds,   24.120 MB/s
AES-192-GCM-enc     25 MB took 1.155 seconds,   21.654 MB/s
AES-192-GCM-dec     25 MB took 1.192 seconds,   20.974 MB/s
AES-256-GCM-enc     20 MB took 1.039 seconds,   19.256 MB/s
AES-256-GCM-dec     20 MB took 1.027 seconds,   19.473 MB/s
GMAC Table 4-bit    68 MB took 1.014 seconds,   67.044 MB/s
RABBIT              90 MB took 1.002 seconds,   89.849 MB/s
3DES                10 MB took 1.095 seconds,    9.133 MB/s
MD5                300 MB took 1.006 seconds,  298.124 MB/s
SHA                130 MB took 1.028 seconds,  126.402 MB/s
SHA-256             35 MB took 1.135 seconds,   30.843 MB/s
HMAC-MD5           305 MB took 1.000 seconds,  304.859 MB/s
HMAC-SHA           135 MB took 1.038 seconds,  130.064 MB/s
HMAC-SHA256         35 MB took 1.124 seconds,   31.152 MB/s
PBKDF2               4 KB took 1.003 seconds,    3.802 KB/s
RSA     2048 public       1400 ops took 1.010 sec, avg 0.721 ms, 1386.240 ops/sec
RSA     2048 private       100 ops took 3.674 sec, avg 36.740 ms, 27.218 ops/sec
DH      2048 key gen        64 ops took 1.006 sec, avg 15.722 ms, 63.606 ops/sec
DH      2048 agree         100 ops took 1.581 sec, avg 15.806 ms, 63.268 ops/sec
ECC   [      SECP256R1]   256 key gen      1375 ops took 1.000 sec, avg 0.728 ms, 1374.504 ops/sec
ECDHE [      SECP256R1]   256 agree         900 ops took 1.008 sec, avg 1.120 ms, 893.245 ops/sec
ECDSA [      SECP256R1]   256 sign         1200 ops took 1.017 sec, avg 0.848 ms, 1179.672 ops/sec
ECDSA [      SECP256R1]   256 verify        900 ops took 1.045 sec, avg 1.161 ms, 861.292 ops/sec
Benchmark complete
[SGXSan] ALWAYS: Enter wc_test
INFO: seed corpus: files: 2 min: 370191b max: 370191b total: 740382b rss: 43Mb
------------------------------------------------------------------------------
 wolfSSL version 5.1.0
------------------------------------------------------------------------------
error    test passed!
MEMORY   test passed!
base64   test passed!
asn      test passed!
RANDOM   test passed!
MD5      test passed!
MD4      test passed!
SHA      test passed!
SHA-256  test passed!
Hash     test passed!
HMAC-MD5 test passed!
HMAC-SHA test passed!
HMAC-SHA256 test passed!
GMAC     test passed!
HC-128   test passed!
Rabbit   test passed!
DES      test passed!
DES3     test passed!
AES      test passed!
AES192   test passed!
AES256   test passed!
AES-GCM  test passed!
RSA      test passed!
DH       test passed!
DSA      test passed!
PWDBASED test passed!
ECC      test passed!
ECC buffer test passed!
logging  test passed!
mutex    test passed!
memcb    test passed!
Test complete
[SGXSan] ALWAYS: Enter enc_wolfSSL_set_fd
[SGXSan] ALWAYS: Enter enc_wolfTLSv1_2_client_method
[SGXSan] ALWAYS: Enter enc_wolfSSL_CTX_new
[SGXSan] ALWAYS: Enter enc_wolfSSL_read
[SGXSan] ALWAYS: Enter enc_wolfSSL_CTX_set_cipher_list
[SGXSan] ALWAYS: Enter enc_wolfSSL_CTX_free
[SGXSan] ALWAYS: Enter enc_wolfSSL_new
[SGXSan] ALWAYS: Enter enc_wolfSSL_CTX_use_PrivateKey_buffer
[SGXSan] ALWAYS: Enter enc_wolfTLSv1_2_server_method
[SGXSan] ALWAYS: Enter enc_wolfSSL_CTX_load_verify_buffer
[SGXSan] ALWAYS: Enter enc_wolfSSL_connect
[SGXSan] ALWAYS: Enter enc_wolfSSL_Debugging_OFF
[SGXSan] ALWAYS: Enter enc_wolfSSL_CTX_use_certificate_buffer
[SGXSan] ALWAYS: Enter enc_wolfSSL_free
[SGXSan] ALWAYS: Enter enc_wolfSSL_Init
[SGXSan] ALWAYS: Enter enc_wolfSSL_CTX_use_certificate_chain_buffer_format
[SGXSan] ALWAYS: Enter wc_benchmark_test
------------------------------------------------------------------------------
 wolfSSL version 5.1.0
------------------------------------------------------------------------------
wolfCrypt Benchmark (block bytes 1048576, min 1.0 sec each)
RNG                 15 MB took 1.168 seconds,   12.840 MB/s
AES-128-CBC-enc     35 MB took 1.075 seconds,   32.544 MB/s
AES-128-CBC-dec     35 MB took 1.139 seconds,   30.735 MB/s
AES-192-CBC-enc     30 MB took 1.041 seconds,   28.825 MB/s
AES-192-CBC-dec     30 MB took 1.113 seconds,   26.950 MB/s
AES-256-CBC-enc     30 MB took 1.196 seconds,   25.088 MB/s
AES-256-CBC-dec     25 MB took 1.106 seconds,   22.600 MB/s
AES-128-GCM-enc     25 MB took 1.067 seconds,   23.421 MB/s
AES-128-GCM-dec     25 MB took 1.062 seconds,   23.545 MB/s
AES-192-GCM-enc     25 MB took 1.186 seconds,   21.086 MB/s
AES-192-GCM-dec     25 MB took 1.195 seconds,   20.920 MB/s
AES-256-GCM-enc     20 MB took 1.049 seconds,   19.065 MB/s
AES-256-GCM-dec     20 MB took 1.020 seconds,   19.608 MB/s
GMAC Table 4-bit    68 MB took 1.001 seconds,   67.902 MB/s
RABBIT              95 MB took 1.034 seconds,   91.851 MB/s
3DES                10 MB took 1.074 seconds,    9.309 MB/s
MD5                300 MB took 1.011 seconds,  296.809 MB/s
SHA                125 MB took 1.003 seconds,  124.602 MB/s
SHA-256             35 MB took 1.154 seconds,   30.326 MB/s
HMAC-MD5           300 MB took 1.002 seconds,  299.501 MB/s
HMAC-SHA           130 MB took 1.034 seconds,  125.684 MB/s
HMAC-SHA256         35 MB took 1.161 seconds,   30.147 MB/s
PBKDF2               4 KB took 1.004 seconds,    3.610 KB/s
RSA     2048 public       1400 ops took 1.005 sec, avg 0.718 ms, 1392.755 ops/sec
RSA     2048 private       100 ops took 3.719 sec, avg 37.185 ms, 26.892 ops/sec
DH      2048 key gen        64 ops took 1.015 sec, avg 15.855 ms, 63.073 ops/sec
DH      2048 agree         100 ops took 1.581 sec, avg 15.814 ms, 63.237 ops/sec
ECC   [      SECP256R1]   256 key gen      1394 ops took 1.001 sec, avg 0.718 ms, 1393.024 ops/sec
ECDHE [      SECP256R1]   256 agree        1000 ops took 1.091 sec, avg 1.091 ms, 916.389 ops/sec
ECDSA [      SECP256R1]   256 sign         1300 ops took 1.074 sec, avg 0.826 ms, 1210.853 ops/sec
ECDSA [      SECP256R1]   256 verify        900 ops took 1.043 sec, avg 1.159 ms, 862.492 ops/sec
Benchmark complete
[SGXSan] ALWAYS: Enter enc_wolfSSL_Debugging_ON
[SGXSan] ALWAYS: Enter wc_test
------------------------------------------------------------------------------
 wolfSSL version 5.1.0
------------------------------------------------------------------------------
error    test passed!
MEMORY   test passed!
base64   test passed!
asn      test passed!
RANDOM   test passed!
MD5      test passed!
MD4      test passed!
SHA      test passed!
SHA-256  test passed!
Hash     test passed!
HMAC-MD5 test passed!
HMAC-SHA test passed!
HMAC-SHA256 test passed!
GMAC     test passed!
HC-128   test passed!
Rabbit   test passed!
DES      test passed!
DES3     test passed!
AES      test passed!
AES192   test passed!
AES256   test passed!
AES-GCM  test passed!
RSA      test passed!
DH       test passed!
DSA      test passed!
PWDBASED test passed!
ECC      test passed!
ECC buffer test passed!
logging  test passed!
mutex    test passed!
memcb    test failed!
 error = -13803
[SGXSan] ALWAYS: Enter enc_wolfSSL_Cleanup
[SGXSan] ALWAYS: Enter enc_wolfSSL_write
[SGXSan] ALWAYS: Enter enc_wolfSSL_get_error
#2	pulse  ft: 6289 exec/s: 0 rss: 50Mb
Slowest unit: 42 s:
artifact_prefix='./crashes/'; Test unit written to ./crashes/slow-unit-a18c987cc0e9ab43cf416193bb075ad579c3ded9
[SGXSan] ALWAYS: Enter enc_wolfSSL_set_fd
[SGXSan] ALWAYS: Enter enc_wolfTLSv1_2_client_method
[SGXSan] ALWAYS: Enter enc_wolfSSL_CTX_new
[SGXSan] ALWAYS: Enter enc_wolfSSL_read
[SGXSan] ALWAYS: Enter enc_wolfSSL_CTX_set_cipher_list
[SGXSan] ALWAYS: Enter enc_wolfSSL_CTX_free
[SGXSan] ALWAYS: Enter enc_wolfSSL_new
[SGXSan] ALWAYS: Enter enc_wolfSSL_CTX_use_PrivateKey_buffer
[SGXSan] ALWAYS: Enter enc_wolfTLSv1_2_server_method
[SGXSan] ALWAYS: Enter enc_wolfSSL_CTX_load_verify_buffer
[SGXSan] ALWAYS: Enter enc_wolfSSL_connect
[SGXSan] ALWAYS: Enter enc_wolfSSL_Debugging_OFF
[SGXSan] ALWAYS: Enter enc_wolfSSL_CTX_use_certificate_buffer
[SGXSan] ALWAYS: Enter enc_wolfSSL_free
[SGXSan] ALWAYS: Enter enc_wolfSSL_Init
[SGXSan] ALWAYS: Enter enc_wolfSSL_CTX_use_certificate_chain_buffer_format
[SGXSan] ALWAYS: Enter wc_benchmark_test
------------------------------------------------------------------------------
 wolfSSL version 5.1.0
------------------------------------------------------------------------------
wolfCrypt Benchmark (block bytes 1048576, min 1.0 sec each)
RNG                 15 MB took 1.150 seconds,   13.040 MB/s
AES-128-CBC-enc     35 MB took 1.075 seconds,   32.561 MB/s
AES-128-CBC-dec     35 MB took 1.166 seconds,   30.027 MB/s
AES-192-CBC-enc     30 MB took 1.039 seconds,   28.873 MB/s
AES-192-CBC-dec     30 MB took 1.119 seconds,   26.818 MB/s
AES-256-CBC-enc     30 MB took 1.178 seconds,   25.464 MB/s
AES-256-CBC-dec     25 MB took 1.034 seconds,   24.175 MB/s
AES-128-GCM-enc     25 MB took 1.044 seconds,   23.956 MB/s
AES-128-GCM-dec     25 MB took 1.044 seconds,   23.954 MB/s
AES-192-GCM-enc     25 MB took 1.155 seconds,   21.644 MB/s
AES-192-GCM-dec     25 MB took 1.168 seconds,   21.399 MB/s
AES-256-GCM-enc     20 MB took 1.023 seconds,   19.556 MB/s
AES-256-GCM-dec     20 MB took 1.013 seconds,   19.752 MB/s
GMAC Table 4-bit    68 MB took 1.004 seconds,   67.728 MB/s
RABBIT              90 MB took 1.002 seconds,   89.786 MB/s
3DES                10 MB took 1.093 seconds,    9.148 MB/s
MD5                300 MB took 1.013 seconds,  296.109 MB/s
SHA                130 MB took 1.040 seconds,  125.020 MB/s
SHA-256             30 MB took 1.000 seconds,   29.995 MB/s
HMAC-MD5           300 MB took 1.001 seconds,  299.825 MB/s
HMAC-SHA           130 MB took 1.023 seconds,  127.101 MB/s
HMAC-SHA256         35 MB took 1.154 seconds,   30.319 MB/s
PBKDF2               4 KB took 1.007 seconds,    3.757 KB/s
RSA     2048 public       1400 ops took 1.003 sec, avg 0.716 ms, 1395.857 ops/sec
RSA     2048 private       100 ops took 3.722 sec, avg 37.218 ms, 26.869 ops/sec
DH      2048 key gen        64 ops took 1.011 sec, avg 15.801 ms, 63.288 ops/sec
DH      2048 agree         100 ops took 1.576 sec, avg 15.758 ms, 63.461 ops/sec
ECC   [      SECP256R1]   256 key gen      1382 ops took 1.000 sec, avg 0.724 ms, 1381.978 ops/sec
ECDHE [      SECP256R1]   256 agree         900 ops took 1.007 sec, avg 1.119 ms, 893.994 ops/sec
ECDSA [      SECP256R1]   256 sign         1200 ops took 1.015 sec, avg 0.846 ms, 1182.494 ops/sec
ECDSA [      SECP256R1]   256 verify        900 ops took 1.021 sec, avg 1.135 ms, 881.179 ops/sec
Benchmark complete
[SGXSan] ALWAYS: Enter enc_wolfSSL_Debugging_ON
[SGXSan] ALWAYS: Enter wc_test
------------------------------------------------------------------------------
 wolfSSL version 5.1.0
------------------------------------------------------------------------------
error    test passed!
MEMORY   test passed!
base64   test passed!
asn      test passed!
RANDOM   test passed!
MD5      test passed!
MD4      test passed!
SHA      test passed!
SHA-256  test passed!
Hash     test passed!
HMAC-MD5 test passed!
HMAC-SHA test passed!
HMAC-SHA256 test passed!
GMAC     test passed!
HC-128   test passed!
Rabbit   test passed!
DES      test passed!
DES3     test passed!
AES      test passed!
AES192   test passed!
AES256   test passed!
AES-GCM  test passed!
RSA      test passed!
DH       test passed!
DSA      test passed!
PWDBASED test passed!
ECC      test passed!
ECC buffer test passed!
logging  test passed!
mutex    test passed!
memcb    test failed!
 error = -13803
[SGXSan] ALWAYS: Enter enc_wolfSSL_Cleanup
[SGXSan] ALWAYS: Enter enc_wolfSSL_write
[SGXSan] ALWAYS: Enter enc_wolfSSL_get_error
#3	INITED cov: 6289 ft: 6289 corp: 1/361Kb exec/s: 0 rss: 58Mb
#3	DONE   cov: 6289 ft: 6289 corp: 1/361Kb lim: 370191 exec/s: 0 rss: 58Mb
Done 3 runs in 126 second(s)
stat::number_of_executed_units: 3
stat::average_exec_per_sec:     0
stat::new_units_added:          0
stat::slowest_unit_time_sec:    42
stat::peak_rss_mb:              58
