WARNING: Failed to find function "__sanitizer_acquire_crash_state".
WARNING: Failed to find function "__sanitizer_print_stack_trace".
WARNING: Failed to find function "__sanitizer_set_death_callback".
[2023-01-15 17:28:35.468] [Init] Num of ECall: 22
[2023-01-15 17:28:35.468] ECalls:
  0 - fuzz_enc_wolfSSL_CTX_free
  1 - fuzz_enc_wolfSSL_CTX_load_verify_buffer
  2 - fuzz_enc_wolfSSL_CTX_new
  3 - fuzz_enc_wolfSSL_CTX_set_cipher_list
  4 - fuzz_enc_wolfSSL_CTX_use_PrivateKey_buffer
  5 - fuzz_enc_wolfSSL_CTX_use_certificate_buffer
  6 - fuzz_enc_wolfSSL_CTX_use_certificate_chain_buffer_format
  7 - fuzz_enc_wolfSSL_Cleanup
  8 - fuzz_enc_wolfSSL_Debugging_OFF
  9 - fuzz_enc_wolfSSL_Debugging_ON
  10 - fuzz_enc_wolfSSL_Init
  11 - fuzz_enc_wolfSSL_connect
  12 - fuzz_enc_wolfSSL_free
  13 - fuzz_enc_wolfSSL_get_error
  14 - fuzz_enc_wolfSSL_new
  15 - fuzz_enc_wolfSSL_read
  16 - fuzz_enc_wolfSSL_set_fd
  17 - fuzz_enc_wolfSSL_write
  18 - fuzz_enc_wolfTLSv1_2_client_method
  19 - fuzz_enc_wolfTLSv1_2_server_method
  20 - fuzz_wc_benchmark_test
  21 - fuzz_wc_test

INFO: found LLVMFuzzerCustomMutator (0x44ac30). Disabling -len_control by default.
INFO: libFuzzer ignores flags that start with '--'
INFO: Running with entropic power schedule (0xFF, 100).
INFO: Seed: 3867401089
INFO: Loaded 1 modules   (291 inline 8-bit counters): 291 [0x4cb7e8, 0x4cb90b), 
INFO: Loaded 1 PC tables (291 PCs): 291 [0x4cb910,0x4ccb40), 
INFO:        0 files found in /tmp/libFuzzerTemp.FuzzWithFork422940.dir/C95
[SGXSan] ALWAYS: Hook __sanitizer_cov_8bit_counters_init of Enclave, 21636 inline 8-bit counts [0x7fe311e2c9c0, 0x7fe311e31e44) (First time)
[SGXSan] ALWAYS: Hook __sanitizer_cov_pcs_init of Enclave, 21636 PCs [0x7fe311e31e48, 0x7fe311e86688) (First time)
[SGXSan] ALWAYS: Enter enc_wolfSSL_CTX_free
[SGXSan] ALWAYS: Enter enc_wolfSSL_CTX_load_verify_buffer
[SGXSan] ALWAYS: Enter enc_wolfSSL_CTX_new
[SGXSan] ALWAYS: Enter enc_wolfSSL_CTX_set_cipher_list
[SGXSan] ALWAYS: Enter enc_wolfSSL_CTX_use_PrivateKey_buffer
[SGXSan] ALWAYS: Enter enc_wolfSSL_CTX_use_certificate_buffer
[SGXSan] ALWAYS: Enter enc_wolfSSL_CTX_use_certificate_chain_buffer_format
[SGXSan] ALWAYS: Enter enc_wolfSSL_Cleanup
[SGXSan] ALWAYS: Enter enc_wolfSSL_Debugging_OFF
[SGXSan] ALWAYS: Enter enc_wolfSSL_Debugging_ON
[SGXSan] ALWAYS: Enter enc_wolfSSL_Init
[SGXSan] ALWAYS: Enter enc_wolfSSL_connect
[SGXSan] ALWAYS: Enter enc_wolfSSL_free
[SGXSan] ALWAYS: Enter enc_wolfSSL_get_error
[SGXSan] ALWAYS: Enter enc_wolfSSL_new
[SGXSan] ALWAYS: Enter enc_wolfSSL_read
[SGXSan] ALWAYS: Enter enc_wolfSSL_set_fd
[SGXSan] ALWAYS: Enter enc_wolfSSL_write
[SGXSan] ALWAYS: Enter enc_wolfTLSv1_2_client_method
[SGXSan] ALWAYS: Enter enc_wolfTLSv1_2_server_method
[SGXSan] ALWAYS: Enter wc_benchmark_test
------------------------------------------------------------------------------
 wolfSSL version 5.1.0
------------------------------------------------------------------------------
wolfCrypt Benchmark (block bytes 1048576, min 1.0 sec each)
RNG                 15 MB took 1.160 seconds,   12.935 MB/s
AES-128-CBC-enc     35 MB took 1.147 seconds,   30.505 MB/s
AES-128-CBC-dec     30 MB took 1.015 seconds,   29.570 MB/s
AES-192-CBC-enc     30 MB took 1.092 seconds,   27.470 MB/s
AES-192-CBC-dec     30 MB took 1.160 seconds,   25.867 MB/s
AES-256-CBC-enc     25 MB took 1.002 seconds,   24.962 MB/s
AES-256-CBC-dec     25 MB took 1.048 seconds,   23.848 MB/s
AES-128-GCM-enc     25 MB took 1.062 seconds,   23.547 MB/s
AES-128-GCM-dec     25 MB took 1.052 seconds,   23.768 MB/s
AES-192-GCM-enc     25 MB took 1.171 seconds,   21.357 MB/s
AES-192-GCM-dec     25 MB took 1.185 seconds,   21.092 MB/s
AES-256-GCM-enc     20 MB took 1.030 seconds,   19.425 MB/s
AES-256-GCM-dec     20 MB took 1.030 seconds,   19.415 MB/s
GMAC Table 4-bit    68 MB took 1.013 seconds,   67.134 MB/s
RABBIT              90 MB took 1.004 seconds,   89.656 MB/s
3DES                10 MB took 1.112 seconds,    8.994 MB/s
MD5                295 MB took 1.002 seconds,  294.502 MB/s
SHA                130 MB took 1.037 seconds,  125.345 MB/s
SHA-256             35 MB took 1.148 seconds,   30.479 MB/s
HMAC-MD5           305 MB took 1.003 seconds,  304.060 MB/s
HMAC-SHA           130 MB took 1.008 seconds,  128.968 MB/s
HMAC-SHA256         35 MB took 1.143 seconds,   30.608 MB/s
PBKDF2               4 KB took 1.001 seconds,    3.809 KB/s
RSA     2048 public       1400 ops took 1.005 sec, avg 0.718 ms, 1393.694 ops/sec
RSA     2048 private       100 ops took 3.629 sec, avg 36.290 ms, 27.556 ops/sec
DH      2048 key gen        65 ops took 1.010 sec, avg 15.545 ms, 64.328 ops/sec
DH      2048 agree         100 ops took 1.587 sec, avg 15.868 ms, 63.021 ops/sec
ECC   [      SECP256R1]   256 key gen      1376 ops took 1.001 sec, avg 0.727 ms, 1375.252 ops/sec
ECDHE [      SECP256R1]   256 agree         900 ops took 1.005 sec, avg 1.117 ms, 895.357 ops/sec
ECDSA [      SECP256R1]   256 sign         1200 ops took 1.035 sec, avg 0.863 ms, 1159.401 ops/sec
ECDSA [      SECP256R1]   256 verify        900 ops took 1.060 sec, avg 1.178 ms, 849.180 ops/sec
Benchmark complete
[SGXSan] ALWAYS: Enter wc_test
INFO: seed corpus: files: 2 min: 370191b max: 370191b total: 740382b rss: 43Mb
------------------------------------------------------------------------------
 wolfSSL version 5.1.0
------------------------------------------------------------------------------
error    test passed!
MEMORY   test passed!
base64   test passed!
asn      test passed!
RANDOM   test passed!
MD5      test passed!
MD4      test passed!
SHA      test passed!
SHA-256  test passed!
Hash     test passed!
HMAC-MD5 test passed!
HMAC-SHA test passed!
HMAC-SHA256 test passed!
GMAC     test passed!
HC-128   test passed!
Rabbit   test passed!
DES      test passed!
DES3     test passed!
AES      test passed!
AES192   test passed!
AES256   test passed!
AES-GCM  test passed!
RSA      test passed!
DH       test passed!
DSA      test passed!
PWDBASED test passed!
ECC      test passed!
ECC buffer test passed!
logging  test passed!
mutex    test passed!
memcb    test passed!
Test complete
[SGXSan] ALWAYS: Enter enc_wolfSSL_new
[SGXSan] ALWAYS: Enter wc_test
------------------------------------------------------------------------------
 wolfSSL version 5.1.0
------------------------------------------------------------------------------
error    test passed!
MEMORY   test passed!
base64   test passed!
asn      test passed!
RANDOM   test passed!
MD5      test passed!
MD4      test passed!
SHA      test passed!
SHA-256  test passed!
Hash     test passed!
HMAC-MD5 test passed!
HMAC-SHA test passed!
HMAC-SHA256 test passed!
GMAC     test passed!
HC-128   test passed!
Rabbit   test passed!
DES      test passed!
DES3     test passed!
AES      test passed!
AES192   test passed!
AES256   test passed!
AES-GCM  test passed!
RSA      test passed!
DH       test passed!
DSA      test passed!
PWDBASED test passed!
ECC      test passed!
ECC buffer test passed!
logging  test passed!
mutex    test passed!
memcb    test failed!
 error = -13803
[SGXSan] ALWAYS: Enter enc_wolfSSL_read
[SGXSan] ALWAYS: Enter enc_wolfSSL_Debugging_ON
[SGXSan] ALWAYS: Enter enc_wolfSSL_CTX_use_PrivateKey_buffer
[SGXSan] ALWAYS: Enter enc_wolfSSL_Debugging_OFF
[SGXSan] ALWAYS: Enter enc_wolfSSL_get_error
[SGXSan] ALWAYS: Enter wc_benchmark_test
------------------------------------------------------------------------------
 wolfSSL version 5.1.0
------------------------------------------------------------------------------
wolfCrypt Benchmark (block bytes 1048576, min 1.0 sec each)
RNG                 15 MB took 1.132 seconds,   13.253 MB/s
AES-128-CBC-enc     35 MB took 1.053 seconds,   33.230 MB/s
AES-128-CBC-dec     35 MB took 1.137 seconds,   30.788 MB/s
AES-192-CBC-enc     30 MB took 1.054 seconds,   28.476 MB/s
AES-192-CBC-dec     30 MB took 1.160 seconds,   25.858 MB/s
AES-256-CBC-enc     25 MB took 1.002 seconds,   24.943 MB/s
AES-256-CBC-dec     25 MB took 1.072 seconds,   23.325 MB/s
AES-128-GCM-enc     25 MB took 1.073 seconds,   23.302 MB/s
AES-128-GCM-dec     25 MB took 1.069 seconds,   23.376 MB/s
AES-192-GCM-enc     25 MB took 1.207 seconds,   20.712 MB/s
AES-192-GCM-dec     25 MB took 1.197 seconds,   20.887 MB/s
AES-256-GCM-enc     20 MB took 1.046 seconds,   19.114 MB/s
AES-256-GCM-dec     20 MB took 1.042 seconds,   19.203 MB/s
GMAC Table 4-bit    68 MB took 1.013 seconds,   67.118 MB/s
RABBIT              90 MB took 1.015 seconds,   88.662 MB/s
3DES                10 MB took 1.118 seconds,    8.943 MB/s
MD5                300 MB took 1.007 seconds,  298.031 MB/s
SHA                125 MB took 1.002 seconds,  124.754 MB/s
SHA-256             35 MB took 1.165 seconds,   30.045 MB/s
HMAC-MD5           305 MB took 1.010 seconds,  302.037 MB/s
HMAC-SHA           130 MB took 1.021 seconds,  127.368 MB/s
HMAC-SHA256         35 MB took 1.128 seconds,   31.039 MB/s
PBKDF2               4 KB took 1.001 seconds,    3.776 KB/s
RSA     2048 public       1500 ops took 1.064 sec, avg 0.709 ms, 1410.244 ops/sec
RSA     2048 private       100 ops took 3.746 sec, avg 37.464 ms, 26.693 ops/sec
DH      2048 key gen        64 ops took 1.011 sec, avg 15.797 ms, 63.303 ops/sec
DH      2048 agree         100 ops took 1.583 sec, avg 15.827 ms, 63.184 ops/sec
ECC   [      SECP256R1]   256 key gen      1373 ops took 1.001 sec, avg 0.729 ms, 1372.067 ops/sec
ECDHE [      SECP256R1]   256 agree        1000 ops took 1.098 sec, avg 1.098 ms, 911.112 ops/sec
ECDSA [      SECP256R1]   256 sign         1300 ops took 1.071 sec, avg 0.824 ms, 1213.313 ops/sec
ECDSA [      SECP256R1]   256 verify        900 ops took 1.036 sec, avg 1.152 ms, 868.413 ops/sec
Benchmark complete
[SGXSan] ALWAYS: Enter enc_wolfSSL_CTX_load_verify_buffer
[SGXSan] ALWAYS: Enter enc_wolfSSL_CTX_use_certificate_chain_buffer_format
[SGXSan] ALWAYS: Enter enc_wolfSSL_CTX_set_cipher_list
[SGXSan] ALWAYS: Enter enc_wolfSSL_Cleanup
[SGXSan] ALWAYS: Enter enc_wolfTLSv1_2_server_method
[SGXSan] ALWAYS: Enter enc_wolfTLSv1_2_client_method
[SGXSan] ALWAYS: Enter enc_wolfSSL_set_fd
[SGXSan] ALWAYS: Enter enc_wolfSSL_Init
[SGXSan] ALWAYS: Enter enc_wolfSSL_connect
[SGXSan] ALWAYS: Enter enc_wolfSSL_write
[SGXSan] ALWAYS: Enter enc_wolfSSL_CTX_new
[SGXSan] ALWAYS: Enter enc_wolfSSL_CTX_use_certificate_buffer
[SGXSan] ALWAYS: Enter enc_wolfSSL_CTX_free
[SGXSan] ALWAYS: Enter enc_wolfSSL_free
#2	pulse  ft: 6286 exec/s: 0 rss: 49Mb
Slowest unit: 42 s:
artifact_prefix='./crashes/'; Test unit written to ./crashes/slow-unit-c39751fba4febf11dacb1d3388598e2ab7ebb925
[SGXSan] ALWAYS: Enter enc_wolfSSL_connect
[SGXSan] ALWAYS: Enter enc_wolfSSL_free
[SGXSan] ALWAYS: Enter enc_wolfSSL_Init
[SGXSan] ALWAYS: Enter wc_benchmark_test
------------------------------------------------------------------------------
 wolfSSL version 5.1.0
------------------------------------------------------------------------------
wolfCrypt Benchmark (block bytes 1048576, min 1.0 sec each)
RNG                 15 MB took 1.136 seconds,   13.205 MB/s
AES-128-CBC-enc     35 MB took 1.077 seconds,   32.511 MB/s
AES-128-CBC-dec     30 MB took 1.003 seconds,   29.916 MB/s
AES-192-CBC-enc     30 MB took 1.093 seconds,   27.437 MB/s
AES-192-CBC-dec     30 MB took 1.142 seconds,   26.266 MB/s
AES-256-CBC-enc     25 MB took 1.010 seconds,   24.753 MB/s
AES-256-CBC-dec     25 MB took 1.063 seconds,   23.508 MB/s
AES-128-GCM-enc     25 MB took 1.062 seconds,   23.543 MB/s
AES-128-GCM-dec     25 MB took 1.037 seconds,   24.111 MB/s
AES-192-GCM-enc     25 MB took 1.173 seconds,   21.306 MB/s
AES-192-GCM-dec     25 MB took 1.168 seconds,   21.408 MB/s
AES-256-GCM-enc     20 MB took 1.010 seconds,   19.807 MB/s
AES-256-GCM-dec     25 MB took 1.250 seconds,   20.006 MB/s
GMAC Table 4-bit    68 MB took 1.002 seconds,   67.841 MB/s
RABBIT              90 MB took 1.025 seconds,   87.776 MB/s
3DES                10 MB took 1.103 seconds,    9.064 MB/s
MD5                300 MB took 1.011 seconds,  296.735 MB/s
SHA                130 MB took 1.019 seconds,  127.618 MB/s
SHA-256             35 MB took 1.145 seconds,   30.578 MB/s
HMAC-MD5           295 MB took 1.002 seconds,  294.337 MB/s
HMAC-SHA           130 MB took 1.033 seconds,  125.877 MB/s
HMAC-SHA256         35 MB took 1.135 seconds,   30.842 MB/s
PBKDF2               4 KB took 1.003 seconds,    3.832 KB/s
RSA     2048 public       1500 ops took 1.055 sec, avg 0.703 ms, 1421.883 ops/sec
RSA     2048 private       100 ops took 3.640 sec, avg 36.402 ms, 27.471 ops/sec
DH      2048 key gen        66 ops took 1.004 sec, avg 15.216 ms, 65.721 ops/sec
DH      2048 agree         100 ops took 1.520 sec, avg 15.201 ms, 65.787 ops/sec
ECC   [      SECP256R1]   256 key gen      1409 ops took 1.000 sec, avg 0.710 ms, 1408.672 ops/sec
ECDHE [      SECP256R1]   256 agree        1000 ops took 1.078 sec, avg 1.078 ms, 927.617 ops/sec
ECDSA [      SECP256R1]   256 sign         1300 ops took 1.075 sec, avg 0.827 ms, 1209.656 ops/sec
ECDSA [      SECP256R1]   256 verify        900 ops took 1.029 sec, avg 1.143 ms, 875.000 ops/sec
Benchmark complete
[SGXSan] ALWAYS: Enter enc_wolfSSL_Debugging_ON
[SGXSan] ALWAYS: Enter enc_wolfSSL_read
[SGXSan] ALWAYS: Enter enc_wolfSSL_CTX_use_certificate_chain_buffer_format
[SGXSan] ALWAYS: Enter enc_wolfSSL_CTX_load_verify_buffer
[SGXSan] ALWAYS: Enter enc_wolfSSL_set_fd
[SGXSan] ALWAYS: Enter enc_wolfSSL_write
[SGXSan] ALWAYS: Enter enc_wolfSSL_Cleanup
[SGXSan] ALWAYS: Enter enc_wolfSSL_new
[SGXSan] ALWAYS: Enter enc_wolfSSL_CTX_set_cipher_list
[SGXSan] ALWAYS: Enter enc_wolfSSL_CTX_use_certificate_buffer
[SGXSan] ALWAYS: Enter enc_wolfSSL_CTX_use_PrivateKey_buffer
[SGXSan] ALWAYS: Enter enc_wolfSSL_get_error
[SGXSan] ALWAYS: Enter enc_wolfSSL_CTX_new
[SGXSan] ALWAYS: Enter enc_wolfTLSv1_2_client_method
[SGXSan] ALWAYS: Enter wc_test
------------------------------------------------------------------------------
 wolfSSL version 5.1.0
------------------------------------------------------------------------------
error    test passed!
MEMORY   test passed!
base64   test passed!
asn      test passed!
RANDOM   test passed!
MD5      test passed!
MD4      test passed!
SHA      test passed!
SHA-256  test passed!
Hash     test passed!
HMAC-MD5 test passed!
HMAC-SHA test passed!
HMAC-SHA256 test passed!
GMAC     test passed!
HC-128   test passed!
Rabbit   test passed!
DES      test passed!
DES3     test passed!
AES      test passed!
AES192   test passed!
AES256   test passed!
AES-GCM  test passed!
RSA      test passed!
DH       test passed!
DSA      test passed!
PWDBASED test passed!
ECC      test passed!
ECC buffer test passed!
logging  test passed!
mutex    test passed!
memcb    test failed!
 error = -13803
[SGXSan] ALWAYS: Enter enc_wolfTLSv1_2_server_method
[SGXSan] ALWAYS: Enter enc_wolfSSL_CTX_free
[SGXSan] ALWAYS: Enter enc_wolfSSL_Debugging_OFF
#3	INITED cov: 6286 ft: 6291 corp: 2/723Kb exec/s: 0 rss: 58Mb
#3	DONE   cov: 6286 ft: 6291 corp: 2/723Kb lim: 370191 exec/s: 0 rss: 58Mb
Done 3 runs in 126 second(s)
stat::number_of_executed_units: 3
stat::average_exec_per_sec:     0
stat::new_units_added:          0
stat::slowest_unit_time_sec:    42
stat::peak_rss_mb:              58
