WARNING: Failed to find function "__sanitizer_acquire_crash_state".
WARNING: Failed to find function "__sanitizer_print_stack_trace".
WARNING: Failed to find function "__sanitizer_set_death_callback".
[2023-01-15 17:29:20.425] [Init] Num of ECall: 22
[2023-01-15 17:29:20.425] ECalls:
  0 - fuzz_enc_wolfSSL_CTX_free
  1 - fuzz_enc_wolfSSL_CTX_load_verify_buffer
  2 - fuzz_enc_wolfSSL_CTX_new
  3 - fuzz_enc_wolfSSL_CTX_set_cipher_list
  4 - fuzz_enc_wolfSSL_CTX_use_PrivateKey_buffer
  5 - fuzz_enc_wolfSSL_CTX_use_certificate_buffer
  6 - fuzz_enc_wolfSSL_CTX_use_certificate_chain_buffer_format
  7 - fuzz_enc_wolfSSL_Cleanup
  8 - fuzz_enc_wolfSSL_Debugging_OFF
  9 - fuzz_enc_wolfSSL_Debugging_ON
  10 - fuzz_enc_wolfSSL_Init
  11 - fuzz_enc_wolfSSL_connect
  12 - fuzz_enc_wolfSSL_free
  13 - fuzz_enc_wolfSSL_get_error
  14 - fuzz_enc_wolfSSL_new
  15 - fuzz_enc_wolfSSL_read
  16 - fuzz_enc_wolfSSL_set_fd
  17 - fuzz_enc_wolfSSL_write
  18 - fuzz_enc_wolfTLSv1_2_client_method
  19 - fuzz_enc_wolfTLSv1_2_server_method
  20 - fuzz_wc_benchmark_test
  21 - fuzz_wc_test

INFO: found LLVMFuzzerCustomMutator (0x44ac30). Disabling -len_control by default.
INFO: libFuzzer ignores flags that start with '--'
INFO: Running with entropic power schedule (0xFF, 100).
INFO: Seed: 1579478536
INFO: Loaded 1 modules   (291 inline 8-bit counters): 291 [0x4cb7e8, 0x4cb90b), 
INFO: Loaded 1 PC tables (291 PCs): 291 [0x4cb910,0x4ccb40), 
INFO:        0 files found in /tmp/libFuzzerTemp.FuzzWithFork422940.dir/C96
[SGXSan] ALWAYS: Hook __sanitizer_cov_8bit_counters_init of Enclave, 21636 inline 8-bit counts [0x7faec36fe9c0, 0x7faec3703e44) (First time)
[SGXSan] ALWAYS: Hook __sanitizer_cov_pcs_init of Enclave, 21636 PCs [0x7faec3703e48, 0x7faec3758688) (First time)
[SGXSan] ALWAYS: Enter enc_wolfSSL_CTX_free
[SGXSan] ALWAYS: Enter enc_wolfSSL_CTX_load_verify_buffer
[SGXSan] ALWAYS: Enter enc_wolfSSL_CTX_new
[SGXSan] ALWAYS: Enter enc_wolfSSL_CTX_set_cipher_list
[SGXSan] ALWAYS: Enter enc_wolfSSL_CTX_use_PrivateKey_buffer
[SGXSan] ALWAYS: Enter enc_wolfSSL_CTX_use_certificate_buffer
[SGXSan] ALWAYS: Enter enc_wolfSSL_CTX_use_certificate_chain_buffer_format
[SGXSan] ALWAYS: Enter enc_wolfSSL_Cleanup
[SGXSan] ALWAYS: Enter enc_wolfSSL_Debugging_OFF
[SGXSan] ALWAYS: Enter enc_wolfSSL_Debugging_ON
[SGXSan] ALWAYS: Enter enc_wolfSSL_Init
[SGXSan] ALWAYS: Enter enc_wolfSSL_connect
[SGXSan] ALWAYS: Enter enc_wolfSSL_free
[SGXSan] ALWAYS: Enter enc_wolfSSL_get_error
[SGXSan] ALWAYS: Enter enc_wolfSSL_new
[SGXSan] ALWAYS: Enter enc_wolfSSL_read
[SGXSan] ALWAYS: Enter enc_wolfSSL_set_fd
[SGXSan] ALWAYS: Enter enc_wolfSSL_write
[SGXSan] ALWAYS: Enter enc_wolfTLSv1_2_client_method
[SGXSan] ALWAYS: Enter enc_wolfTLSv1_2_server_method
[SGXSan] ALWAYS: Enter wc_benchmark_test
------------------------------------------------------------------------------
 wolfSSL version 5.1.0
------------------------------------------------------------------------------
wolfCrypt Benchmark (block bytes 1048576, min 1.0 sec each)
RNG                 15 MB took 1.126 seconds,   13.326 MB/s
AES-128-CBC-enc     35 MB took 1.066 seconds,   32.826 MB/s
AES-128-CBC-dec     35 MB took 1.137 seconds,   30.784 MB/s
AES-192-CBC-enc     30 MB took 1.056 seconds,   28.401 MB/s
AES-192-CBC-dec     30 MB took 1.119 seconds,   26.808 MB/s
AES-256-CBC-enc     30 MB took 1.186 seconds,   25.286 MB/s
AES-256-CBC-dec     25 MB took 1.056 seconds,   23.670 MB/s
AES-128-GCM-enc     25 MB took 1.072 seconds,   23.325 MB/s
AES-128-GCM-dec     25 MB took 1.069 seconds,   23.380 MB/s
AES-192-GCM-enc     25 MB took 1.196 seconds,   20.911 MB/s
AES-192-GCM-dec     25 MB took 1.182 seconds,   21.142 MB/s
AES-256-GCM-enc     20 MB took 1.029 seconds,   19.432 MB/s
AES-256-GCM-dec     20 MB took 1.052 seconds,   19.020 MB/s
GMAC Table 4-bit    68 MB took 1.010 seconds,   67.341 MB/s
RABBIT              90 MB took 1.009 seconds,   89.154 MB/s
3DES                10 MB took 1.099 seconds,    9.102 MB/s
MD5                300 MB took 1.008 seconds,  297.478 MB/s
SHA                125 MB took 1.011 seconds,  123.614 MB/s
SHA-256             35 MB took 1.148 seconds,   30.476 MB/s
HMAC-MD5           300 MB took 1.007 seconds,  297.911 MB/s
HMAC-SHA           125 MB took 1.003 seconds,  124.578 MB/s
HMAC-SHA256         35 MB took 1.148 seconds,   30.482 MB/s
PBKDF2               4 KB took 1.006 seconds,    3.821 KB/s
RSA     2048 public       1400 ops took 1.011 sec, avg 0.722 ms, 1384.228 ops/sec
RSA     2048 private       100 ops took 3.646 sec, avg 36.456 ms, 27.430 ops/sec
DH      2048 key gen        65 ops took 1.012 sec, avg 15.565 ms, 64.246 ops/sec
DH      2048 agree         100 ops took 1.584 sec, avg 15.843 ms, 63.119 ops/sec
ECC   [      SECP256R1]   256 key gen      1366 ops took 1.000 sec, avg 0.732 ms, 1365.824 ops/sec
ECDHE [      SECP256R1]   256 agree         900 ops took 1.001 sec, avg 1.112 ms, 899.055 ops/sec
ECDSA [      SECP256R1]   256 sign         1200 ops took 1.021 sec, avg 0.851 ms, 1175.560 ops/sec
ECDSA [      SECP256R1]   256 verify        900 ops took 1.073 sec, avg 1.193 ms, 838.395 ops/sec
Benchmark complete
[SGXSan] ALWAYS: Enter wc_test
INFO: seed corpus: files: 2 min: 370191b max: 370191b total: 740382b rss: 43Mb
------------------------------------------------------------------------------
 wolfSSL version 5.1.0
------------------------------------------------------------------------------
error    test passed!
MEMORY   test passed!
base64   test passed!
asn      test passed!
RANDOM   test passed!
MD5      test passed!
MD4      test passed!
SHA      test passed!
SHA-256  test passed!
Hash     test passed!
HMAC-MD5 test passed!
HMAC-SHA test passed!
HMAC-SHA256 test passed!
GMAC     test passed!
HC-128   test passed!
Rabbit   test passed!
DES      test passed!
DES3     test passed!
AES      test passed!
AES192   test passed!
AES256   test passed!
AES-GCM  test passed!
RSA      test passed!
DH       test passed!
DSA      test passed!
PWDBASED test passed!
ECC      test passed!
ECC buffer test passed!
logging  test passed!
mutex    test passed!
memcb    test passed!
Test complete
[SGXSan] ALWAYS: Enter enc_wolfSSL_set_fd
[SGXSan] ALWAYS: Enter enc_wolfTLSv1_2_client_method
[SGXSan] ALWAYS: Enter enc_wolfSSL_CTX_new
[SGXSan] ALWAYS: Enter enc_wolfSSL_read
[SGXSan] ALWAYS: Enter enc_wolfSSL_CTX_set_cipher_list
[SGXSan] ALWAYS: Enter enc_wolfSSL_CTX_free
[SGXSan] ALWAYS: Enter enc_wolfSSL_new
[SGXSan] ALWAYS: Enter enc_wolfSSL_CTX_use_PrivateKey_buffer
[SGXSan] ALWAYS: Enter enc_wolfTLSv1_2_server_method
[SGXSan] ALWAYS: Enter enc_wolfSSL_CTX_load_verify_buffer
[SGXSan] ALWAYS: Enter enc_wolfSSL_connect
[SGXSan] ALWAYS: Enter enc_wolfSSL_Debugging_OFF
[SGXSan] ALWAYS: Enter enc_wolfSSL_CTX_use_certificate_buffer
[SGXSan] ALWAYS: Enter enc_wolfSSL_free
[SGXSan] ALWAYS: Enter enc_wolfSSL_Init
[SGXSan] ALWAYS: Enter enc_wolfSSL_CTX_use_certificate_chain_buffer_format
[SGXSan] ALWAYS: Enter wc_benchmark_test
------------------------------------------------------------------------------
 wolfSSL version 5.1.0
------------------------------------------------------------------------------
wolfCrypt Benchmark (block bytes 1048576, min 1.0 sec each)
RNG                 15 MB took 1.166 seconds,   12.862 MB/s
AES-128-CBC-enc     35 MB took 1.078 seconds,   32.476 MB/s
AES-128-CBC-dec     30 MB took 1.005 seconds,   29.846 MB/s
AES-192-CBC-enc     30 MB took 1.081 seconds,   27.752 MB/s
AES-192-CBC-dec     30 MB took 1.146 seconds,   26.170 MB/s
AES-256-CBC-enc     30 MB took 1.182 seconds,   25.391 MB/s
AES-256-CBC-dec     25 MB took 1.046 seconds,   23.904 MB/s
AES-128-GCM-enc     25 MB took 1.045 seconds,   23.925 MB/s
AES-128-GCM-dec     25 MB took 1.043 seconds,   23.963 MB/s
AES-192-GCM-enc     25 MB took 1.153 seconds,   21.691 MB/s
AES-192-GCM-dec     25 MB took 1.178 seconds,   21.217 MB/s
AES-256-GCM-enc     20 MB took 1.055 seconds,   18.962 MB/s
AES-256-GCM-dec     20 MB took 1.038 seconds,   19.267 MB/s
GMAC Table 4-bit    68 MB took 1.011 seconds,   67.271 MB/s
RABBIT              90 MB took 1.000 seconds,   89.970 MB/s
3DES                10 MB took 1.110 seconds,    9.006 MB/s
MD5                295 MB took 1.007 seconds,  292.887 MB/s
SHA                130 MB took 1.033 seconds,  125.810 MB/s
SHA-256             35 MB took 1.132 seconds,   30.925 MB/s
HMAC-MD5           310 MB took 1.015 seconds,  305.491 MB/s
HMAC-SHA           135 MB took 1.038 seconds,  130.015 MB/s
HMAC-SHA256         35 MB took 1.132 seconds,   30.923 MB/s
PBKDF2               4 KB took 1.005 seconds,    3.793 KB/s
RSA     2048 public       1500 ops took 1.071 sec, avg 0.714 ms, 1400.444 ops/sec
RSA     2048 private       100 ops took 3.633 sec, avg 36.328 ms, 27.527 ops/sec
DH      2048 key gen        66 ops took 1.012 sec, avg 15.340 ms, 65.187 ops/sec
DH      2048 agree         100 ops took 1.530 sec, avg 15.300 ms, 65.358 ops/sec
ECC   [      SECP256R1]   256 key gen      1426 ops took 1.000 sec, avg 0.701 ms, 1425.749 ops/sec
ECDHE [      SECP256R1]   256 agree        1000 ops took 1.080 sec, avg 1.080 ms, 925.879 ops/sec
ECDSA [      SECP256R1]   256 sign         1300 ops took 1.068 sec, avg 0.821 ms, 1217.788 ops/sec
ECDSA [      SECP256R1]   256 verify        900 ops took 1.042 sec, avg 1.158 ms, 863.687 ops/sec
Benchmark complete
[SGXSan] ALWAYS: Enter enc_wolfSSL_Debugging_ON
[SGXSan] ALWAYS: Enter wc_test
------------------------------------------------------------------------------
 wolfSSL version 5.1.0
------------------------------------------------------------------------------
error    test passed!
MEMORY   test passed!
base64   test passed!
asn      test passed!
RANDOM   test passed!
MD5      test passed!
MD4      test passed!
SHA      test passed!
SHA-256  test passed!
Hash     test passed!
HMAC-MD5 test passed!
HMAC-SHA test passed!
HMAC-SHA256 test passed!
GMAC     test passed!
HC-128   test passed!
Rabbit   test passed!
DES      test passed!
DES3     test passed!
AES      test passed!
AES192   test passed!
AES256   test passed!
AES-GCM  test passed!
RSA      test passed!
DH       test passed!
DSA      test passed!
PWDBASED test passed!
ECC      test passed!
ECC buffer test passed!
logging  test passed!
mutex    test passed!
memcb    test failed!
 error = -13803
[SGXSan] ALWAYS: Enter enc_wolfSSL_Cleanup
[SGXSan] ALWAYS: Enter enc_wolfSSL_write
[SGXSan] ALWAYS: Enter enc_wolfSSL_get_error
#2	pulse  ft: 6288 exec/s: 0 rss: 50Mb
Slowest unit: 42 s:
artifact_prefix='./crashes/'; Test unit written to ./crashes/slow-unit-a18c987cc0e9ab43cf416193bb075ad579c3ded9
[SGXSan] ALWAYS: Enter enc_wolfSSL_set_fd
[SGXSan] ALWAYS: Enter enc_wolfTLSv1_2_client_method
[SGXSan] ALWAYS: Enter enc_wolfSSL_CTX_new
[SGXSan] ALWAYS: Enter enc_wolfSSL_read
[SGXSan] ALWAYS: Enter enc_wolfSSL_CTX_set_cipher_list
[SGXSan] ALWAYS: Enter enc_wolfSSL_CTX_free
[SGXSan] ALWAYS: Enter enc_wolfSSL_new
[SGXSan] ALWAYS: Enter enc_wolfSSL_CTX_use_PrivateKey_buffer
[SGXSan] ALWAYS: Enter enc_wolfTLSv1_2_server_method
[SGXSan] ALWAYS: Enter enc_wolfSSL_CTX_load_verify_buffer
[SGXSan] ALWAYS: Enter enc_wolfSSL_connect
[SGXSan] ALWAYS: Enter enc_wolfSSL_Debugging_OFF
[SGXSan] ALWAYS: Enter enc_wolfSSL_CTX_use_certificate_buffer
[SGXSan] ALWAYS: Enter enc_wolfSSL_free
[SGXSan] ALWAYS: Enter enc_wolfSSL_Init
[SGXSan] ALWAYS: Enter enc_wolfSSL_CTX_use_certificate_chain_buffer_format
[SGXSan] ALWAYS: Enter wc_benchmark_test
------------------------------------------------------------------------------
 wolfSSL version 5.1.0
------------------------------------------------------------------------------
wolfCrypt Benchmark (block bytes 1048576, min 1.0 sec each)
RNG                 15 MB took 1.124 seconds,   13.341 MB/s
AES-128-CBC-enc     35 MB took 1.054 seconds,   33.202 MB/s
AES-128-CBC-dec     35 MB took 1.133 seconds,   30.904 MB/s
AES-192-CBC-enc     30 MB took 1.047 seconds,   28.658 MB/s
AES-192-CBC-dec     30 MB took 1.116 seconds,   26.875 MB/s
AES-256-CBC-enc     30 MB took 1.195 seconds,   25.109 MB/s
AES-256-CBC-dec     25 MB took 1.037 seconds,   24.104 MB/s
AES-128-GCM-enc     25 MB took 1.057 seconds,   23.647 MB/s
AES-128-GCM-dec     25 MB took 1.056 seconds,   23.665 MB/s
AES-192-GCM-enc     25 MB took 1.183 seconds,   21.130 MB/s
AES-192-GCM-dec     25 MB took 1.191 seconds,   20.989 MB/s
AES-256-GCM-enc     20 MB took 1.022 seconds,   19.569 MB/s
AES-256-GCM-dec     20 MB took 1.026 seconds,   19.490 MB/s
GMAC Table 4-bit    68 MB took 1.003 seconds,   67.800 MB/s
RABBIT              95 MB took 1.033 seconds,   91.932 MB/s
3DES                10 MB took 1.093 seconds,    9.152 MB/s
MD5                310 MB took 1.014 seconds,  305.796 MB/s
SHA                130 MB took 1.011 seconds,  128.583 MB/s
SHA-256             35 MB took 1.122 seconds,   31.186 MB/s
HMAC-MD5           310 MB took 1.013 seconds,  306.156 MB/s
HMAC-SHA           130 MB took 1.003 seconds,  129.613 MB/s
HMAC-SHA256         35 MB took 1.135 seconds,   30.827 MB/s
PBKDF2               4 KB took 1.005 seconds,    3.795 KB/s
RSA     2048 public       1400 ops took 1.003 sec, avg 0.717 ms, 1395.196 ops/sec
RSA     2048 private       100 ops took 4.551 sec, avg 45.512 ms, 21.972 ops/sec
DH      2048 key gen        38 ops took 1.021 sec, avg 26.879 ms, 37.204 ops/sec
DH      2048 agree         100 ops took 1.674 sec, avg 16.738 ms, 59.746 ops/sec
ECC   [      SECP256R1]   256 key gen      1427 ops took 1.001 sec, avg 0.701 ms, 1426.058 ops/sec
ECDHE [      SECP256R1]   256 agree        1000 ops took 1.102 sec, avg 1.102 ms, 907.345 ops/sec
ECDSA [      SECP256R1]   256 sign         1200 ops took 1.010 sec, avg 0.842 ms, 1188.244 ops/sec
ECDSA [      SECP256R1]   256 verify        900 ops took 1.069 sec, avg 1.188 ms, 841.823 ops/sec
Benchmark complete
[SGXSan] ALWAYS: Enter enc_wolfSSL_Debugging_ON
[SGXSan] ALWAYS: Enter wc_test
------------------------------------------------------------------------------
 wolfSSL version 5.1.0
------------------------------------------------------------------------------
error    test passed!
MEMORY   test passed!
base64   test passed!
asn      test passed!
RANDOM   test passed!
MD5      test passed!
MD4      test passed!
SHA      test passed!
SHA-256  test passed!
Hash     test passed!
HMAC-MD5 test passed!
HMAC-SHA test passed!
HMAC-SHA256 test passed!
GMAC     test passed!
HC-128   test passed!
Rabbit   test passed!
DES      test passed!
DES3     test passed!
AES      test passed!
AES192   test passed!
AES256   test passed!
AES-GCM  test passed!
RSA      test passed!
DH       test passed!
DSA      test passed!
PWDBASED test passed!
ECC      test passed!
ECC buffer test passed!
logging  test passed!
mutex    test passed!
memcb    test failed!
 error = -13803
[SGXSan] ALWAYS: Enter enc_wolfSSL_Cleanup
[SGXSan] ALWAYS: Enter enc_wolfSSL_write
[SGXSan] ALWAYS: Enter enc_wolfSSL_get_error
#3	INITED cov: 6288 ft: 6293 corp: 2/723Kb exec/s: 0 rss: 59Mb
#3	DONE   cov: 6288 ft: 6293 corp: 2/723Kb lim: 370191 exec/s: 0 rss: 59Mb
Done 3 runs in 127 second(s)
stat::number_of_executed_units: 3
stat::average_exec_per_sec:     0
stat::new_units_added:          0
stat::slowest_unit_time_sec:    42
stat::peak_rss_mb:              59
