WARNING: Failed to find function "__sanitizer_acquire_crash_state".
WARNING: Failed to find function "__sanitizer_print_stack_trace".
WARNING: Failed to find function "__sanitizer_set_death_callback".
[2023-01-15 17:29:55.518] [Init] Num of ECall: 22
[2023-01-15 17:29:55.518] ECalls:
  0 - fuzz_enc_wolfSSL_CTX_free
  1 - fuzz_enc_wolfSSL_CTX_load_verify_buffer
  2 - fuzz_enc_wolfSSL_CTX_new
  3 - fuzz_enc_wolfSSL_CTX_set_cipher_list
  4 - fuzz_enc_wolfSSL_CTX_use_PrivateKey_buffer
  5 - fuzz_enc_wolfSSL_CTX_use_certificate_buffer
  6 - fuzz_enc_wolfSSL_CTX_use_certificate_chain_buffer_format
  7 - fuzz_enc_wolfSSL_Cleanup
  8 - fuzz_enc_wolfSSL_Debugging_OFF
  9 - fuzz_enc_wolfSSL_Debugging_ON
  10 - fuzz_enc_wolfSSL_Init
  11 - fuzz_enc_wolfSSL_connect
  12 - fuzz_enc_wolfSSL_free
  13 - fuzz_enc_wolfSSL_get_error
  14 - fuzz_enc_wolfSSL_new
  15 - fuzz_enc_wolfSSL_read
  16 - fuzz_enc_wolfSSL_set_fd
  17 - fuzz_enc_wolfSSL_write
  18 - fuzz_enc_wolfTLSv1_2_client_method
  19 - fuzz_enc_wolfTLSv1_2_server_method
  20 - fuzz_wc_benchmark_test
  21 - fuzz_wc_test

INFO: found LLVMFuzzerCustomMutator (0x44ac30). Disabling -len_control by default.
INFO: libFuzzer ignores flags that start with '--'
INFO: Running with entropic power schedule (0xFF, 100).
INFO: Seed: 2313342750
INFO: Loaded 1 modules   (291 inline 8-bit counters): 291 [0x4cb7e8, 0x4cb90b), 
INFO: Loaded 1 PC tables (291 PCs): 291 [0x4cb910,0x4ccb40), 
INFO:        0 files found in /tmp/libFuzzerTemp.FuzzWithFork422940.dir/C97
[SGXSan] ALWAYS: Hook __sanitizer_cov_8bit_counters_init of Enclave, 21636 inline 8-bit counts [0x7f3d551479c0, 0x7f3d5514ce44) (First time)
[SGXSan] ALWAYS: Hook __sanitizer_cov_pcs_init of Enclave, 21636 PCs [0x7f3d5514ce48, 0x7f3d551a1688) (First time)
[SGXSan] ALWAYS: Enter enc_wolfSSL_CTX_free
[SGXSan] ALWAYS: Enter enc_wolfSSL_CTX_load_verify_buffer
[SGXSan] ALWAYS: Enter enc_wolfSSL_CTX_new
[SGXSan] ALWAYS: Enter enc_wolfSSL_CTX_set_cipher_list
[SGXSan] ALWAYS: Enter enc_wolfSSL_CTX_use_PrivateKey_buffer
[SGXSan] ALWAYS: Enter enc_wolfSSL_CTX_use_certificate_buffer
[SGXSan] ALWAYS: Enter enc_wolfSSL_CTX_use_certificate_chain_buffer_format
[SGXSan] ALWAYS: Enter enc_wolfSSL_Cleanup
[SGXSan] ALWAYS: Enter enc_wolfSSL_Debugging_OFF
[SGXSan] ALWAYS: Enter enc_wolfSSL_Debugging_ON
[SGXSan] ALWAYS: Enter enc_wolfSSL_Init
[SGXSan] ALWAYS: Enter enc_wolfSSL_connect
[SGXSan] ALWAYS: Enter enc_wolfSSL_free
[SGXSan] ALWAYS: Enter enc_wolfSSL_get_error
[SGXSan] ALWAYS: Enter enc_wolfSSL_new
[SGXSan] ALWAYS: Enter enc_wolfSSL_read
[SGXSan] ALWAYS: Enter enc_wolfSSL_set_fd
[SGXSan] ALWAYS: Enter enc_wolfSSL_write
[SGXSan] ALWAYS: Enter enc_wolfTLSv1_2_client_method
[SGXSan] ALWAYS: Enter enc_wolfTLSv1_2_server_method
[SGXSan] ALWAYS: Enter wc_benchmark_test
------------------------------------------------------------------------------
 wolfSSL version 5.1.0
------------------------------------------------------------------------------
wolfCrypt Benchmark (block bytes 1048576, min 1.0 sec each)
RNG                 15 MB took 1.146 seconds,   13.090 MB/s
AES-128-CBC-enc     35 MB took 1.071 seconds,   32.677 MB/s
AES-128-CBC-dec     35 MB took 1.130 seconds,   30.982 MB/s
AES-192-CBC-enc     30 MB took 1.053 seconds,   28.503 MB/s
AES-192-CBC-dec     25 MB took 1.033 seconds,   24.204 MB/s
AES-256-CBC-enc     30 MB took 1.193 seconds,   25.139 MB/s
AES-256-CBC-dec     25 MB took 1.054 seconds,   23.723 MB/s
AES-128-GCM-enc     25 MB took 1.064 seconds,   23.496 MB/s
AES-128-GCM-dec     25 MB took 1.062 seconds,   23.535 MB/s
AES-192-GCM-enc     15 MB took 1.048 seconds,   14.312 MB/s
AES-192-GCM-dec     25 MB took 1.193 seconds,   20.956 MB/s
AES-256-GCM-enc     20 MB took 1.016 seconds,   19.694 MB/s
AES-256-GCM-dec     20 MB took 1.029 seconds,   19.432 MB/s
GMAC Table 4-bit    69 MB took 1.011 seconds,   68.240 MB/s
RABBIT              95 MB took 1.047 seconds,   90.713 MB/s
3DES                10 MB took 1.079 seconds,    9.271 MB/s
MD5                310 MB took 1.010 seconds,  306.883 MB/s
SHA                130 MB took 1.031 seconds,  126.033 MB/s
SHA-256             30 MB took 1.003 seconds,   29.918 MB/s
HMAC-MD5           290 MB took 1.006 seconds,  288.139 MB/s
HMAC-SHA           130 MB took 1.037 seconds,  125.361 MB/s
HMAC-SHA256         35 MB took 1.153 seconds,   30.364 MB/s
PBKDF2               4 KB took 1.005 seconds,    3.730 KB/s
RSA     2048 public       1400 ops took 1.041 sec, avg 0.744 ms, 1344.215 ops/sec
RSA     2048 private       100 ops took 3.674 sec, avg 36.736 ms, 27.222 ops/sec
DH      2048 key gen        66 ops took 1.012 sec, avg 15.327 ms, 65.244 ops/sec
DH      2048 agree         100 ops took 1.554 sec, avg 15.543 ms, 64.336 ops/sec
ECC   [      SECP256R1]   256 key gen      1416 ops took 1.000 sec, avg 0.706 ms, 1415.793 ops/sec
ECDHE [      SECP256R1]   256 agree        1000 ops took 1.078 sec, avg 1.078 ms, 927.449 ops/sec
ECDSA [      SECP256R1]   256 sign         1300 ops took 1.065 sec, avg 0.819 ms, 1220.744 ops/sec
ECDSA [      SECP256R1]   256 verify        900 ops took 1.019 sec, avg 1.133 ms, 882.965 ops/sec
Benchmark complete
[SGXSan] ALWAYS: Enter wc_test
INFO: seed corpus: files: 2 min: 370191b max: 370191b total: 740382b rss: 43Mb
------------------------------------------------------------------------------
 wolfSSL version 5.1.0
------------------------------------------------------------------------------
error    test passed!
MEMORY   test passed!
base64   test passed!
asn      test passed!
RANDOM   test passed!
MD5      test passed!
MD4      test passed!
SHA      test passed!
SHA-256  test passed!
Hash     test passed!
HMAC-MD5 test passed!
HMAC-SHA test passed!
HMAC-SHA256 test passed!
GMAC     test passed!
HC-128   test passed!
Rabbit   test passed!
DES      test passed!
DES3     test passed!
AES      test passed!
AES192   test passed!
AES256   test passed!
AES-GCM  test passed!
RSA      test passed!
DH       test passed!
DSA      test passed!
PWDBASED test passed!
ECC      test passed!
ECC buffer test passed!
logging  test passed!
mutex    test passed!
memcb    test passed!
Test complete
[SGXSan] ALWAYS: Enter enc_wolfSSL_new
[SGXSan] ALWAYS: Enter wc_test
------------------------------------------------------------------------------
 wolfSSL version 5.1.0
------------------------------------------------------------------------------
error    test passed!
MEMORY   test passed!
base64   test passed!
asn      test passed!
RANDOM   test passed!
MD5      test passed!
MD4      test passed!
SHA      test passed!
SHA-256  test passed!
Hash     test passed!
HMAC-MD5 test passed!
HMAC-SHA test passed!
HMAC-SHA256 test passed!
GMAC     test passed!
HC-128   test passed!
Rabbit   test passed!
DES      test passed!
DES3     test passed!
AES      test passed!
AES192   test passed!
AES256   test passed!
AES-GCM  test passed!
RSA      test passed!
DH       test passed!
DSA      test passed!
PWDBASED test passed!
ECC      test passed!
ECC buffer test passed!
logging  test passed!
mutex    test passed!
memcb    test failed!
 error = -13803
[SGXSan] ALWAYS: Enter enc_wolfSSL_read
[SGXSan] ALWAYS: Enter enc_wolfSSL_Debugging_ON
[SGXSan] ALWAYS: Enter enc_wolfSSL_CTX_use_PrivateKey_buffer
[SGXSan] ALWAYS: Enter enc_wolfSSL_Debugging_OFF
[SGXSan] ALWAYS: Enter enc_wolfSSL_get_error
[SGXSan] ALWAYS: Enter wc_benchmark_test
------------------------------------------------------------------------------
 wolfSSL version 5.1.0
------------------------------------------------------------------------------
wolfCrypt Benchmark (block bytes 1048576, min 1.0 sec each)
RNG                 15 MB took 1.120 seconds,   13.395 MB/s
AES-128-CBC-enc     35 MB took 1.061 seconds,   32.992 MB/s
AES-128-CBC-dec     35 MB took 1.137 seconds,   30.771 MB/s
AES-192-CBC-enc     30 MB took 1.052 seconds,   28.515 MB/s
AES-192-CBC-dec     30 MB took 1.114 seconds,   26.935 MB/s
AES-256-CBC-enc     30 MB took 1.161 seconds,   25.839 MB/s
AES-256-CBC-dec     25 MB took 1.048 seconds,   23.852 MB/s
AES-128-GCM-enc     25 MB took 1.038 seconds,   24.081 MB/s
AES-128-GCM-dec     25 MB took 1.062 seconds,   23.543 MB/s
AES-192-GCM-enc     25 MB took 1.198 seconds,   20.863 MB/s
AES-192-GCM-dec     25 MB took 1.169 seconds,   21.377 MB/s
AES-256-GCM-enc     20 MB took 1.041 seconds,   19.213 MB/s
AES-256-GCM-dec     20 MB took 1.035 seconds,   19.325 MB/s
GMAC Table 4-bit    68 MB took 1.012 seconds,   67.179 MB/s
RABBIT              90 MB took 1.005 seconds,   89.578 MB/s
3DES                10 MB took 1.087 seconds,    9.203 MB/s
MD5                305 MB took 1.000 seconds,  304.890 MB/s
SHA                130 MB took 1.016 seconds,  127.999 MB/s
SHA-256             35 MB took 1.126 seconds,   31.079 MB/s
HMAC-MD5           305 MB took 1.002 seconds,  304.488 MB/s
HMAC-SHA           130 MB took 1.002 seconds,  129.796 MB/s
HMAC-SHA256         35 MB took 1.118 seconds,   31.298 MB/s
PBKDF2               4 KB took 1.001 seconds,    3.776 KB/s
RSA     2048 public       1500 ops took 1.063 sec, avg 0.709 ms, 1410.639 ops/sec
RSA     2048 private       100 ops took 3.710 sec, avg 37.096 ms, 26.957 ops/sec
DH      2048 key gen        63 ops took 1.004 sec, avg 15.932 ms, 62.766 ops/sec
DH      2048 agree         100 ops took 1.570 sec, avg 15.704 ms, 63.677 ops/sec
ECC   [      SECP256R1]   256 key gen      1378 ops took 1.000 sec, avg 0.726 ms, 1377.331 ops/sec
ECDHE [      SECP256R1]   256 agree         900 ops took 1.011 sec, avg 1.123 ms, 890.418 ops/sec
ECDSA [      SECP256R1]   256 sign         1200 ops took 1.010 sec, avg 0.842 ms, 1188.276 ops/sec
ECDSA [      SECP256R1]   256 verify        900 ops took 1.030 sec, avg 1.144 ms, 874.028 ops/sec
Benchmark complete
[SGXSan] ALWAYS: Enter enc_wolfSSL_CTX_load_verify_buffer
[SGXSan] ALWAYS: Enter enc_wolfSSL_CTX_use_certificate_chain_buffer_format
[SGXSan] ALWAYS: Enter enc_wolfSSL_CTX_set_cipher_list
[SGXSan] ALWAYS: Enter enc_wolfSSL_Cleanup
[SGXSan] ALWAYS: Enter enc_wolfTLSv1_2_server_method
[SGXSan] ALWAYS: Enter enc_wolfTLSv1_2_client_method
[SGXSan] ALWAYS: Enter enc_wolfSSL_set_fd
[SGXSan] ALWAYS: Enter enc_wolfSSL_Init
[SGXSan] ALWAYS: Enter enc_wolfSSL_connect
[SGXSan] ALWAYS: Enter enc_wolfSSL_write
[SGXSan] ALWAYS: Enter enc_wolfSSL_CTX_new
[SGXSan] ALWAYS: Enter enc_wolfSSL_CTX_use_certificate_buffer
[SGXSan] ALWAYS: Enter enc_wolfSSL_CTX_free
[SGXSan] ALWAYS: Enter enc_wolfSSL_free
#2	pulse  ft: 6296 exec/s: 0 rss: 49Mb
Slowest unit: 41 s:
artifact_prefix='./crashes/'; Test unit written to ./crashes/slow-unit-c39751fba4febf11dacb1d3388598e2ab7ebb925
[SGXSan] ALWAYS: Enter enc_wolfSSL_connect
[SGXSan] ALWAYS: Enter enc_wolfSSL_free
[SGXSan] ALWAYS: Enter enc_wolfSSL_Init
[SGXSan] ALWAYS: Enter wc_benchmark_test
------------------------------------------------------------------------------
 wolfSSL version 5.1.0
------------------------------------------------------------------------------
wolfCrypt Benchmark (block bytes 1048576, min 1.0 sec each)
RNG                 15 MB took 1.152 seconds,   13.018 MB/s
AES-128-CBC-enc     35 MB took 1.084 seconds,   32.297 MB/s
AES-128-CBC-dec     30 MB took 1.001 seconds,   29.961 MB/s
AES-192-CBC-enc     30 MB took 1.084 seconds,   27.679 MB/s
AES-192-CBC-dec     30 MB took 1.155 seconds,   25.980 MB/s
AES-256-CBC-enc     25 MB took 1.009 seconds,   24.776 MB/s
AES-256-CBC-dec     25 MB took 1.060 seconds,   23.577 MB/s
AES-128-GCM-enc     25 MB took 1.070 seconds,   23.355 MB/s
AES-128-GCM-dec     25 MB took 1.036 seconds,   24.127 MB/s
AES-192-GCM-enc     25 MB took 1.163 seconds,   21.503 MB/s
AES-192-GCM-dec     25 MB took 1.196 seconds,   20.895 MB/s
AES-256-GCM-enc     20 MB took 1.032 seconds,   19.380 MB/s
AES-256-GCM-dec     20 MB took 1.040 seconds,   19.223 MB/s
GMAC Table 4-bit    67 MB took 1.000 seconds,   66.997 MB/s
RABBIT              90 MB took 1.010 seconds,   89.105 MB/s
3DES                10 MB took 1.109 seconds,    9.015 MB/s
MD5                295 MB took 1.001 seconds,  294.697 MB/s
SHA                130 MB took 1.007 seconds,  129.072 MB/s
SHA-256             35 MB took 1.118 seconds,   31.300 MB/s
HMAC-MD5           310 MB took 1.011 seconds,  306.518 MB/s
HMAC-SHA           130 MB took 1.002 seconds,  129.796 MB/s
HMAC-SHA256         35 MB took 1.135 seconds,   30.834 MB/s
PBKDF2               4 KB took 1.000 seconds,    3.904 KB/s
RSA     2048 public       1500 ops took 1.070 sec, avg 0.713 ms, 1401.974 ops/sec
RSA     2048 private       100 ops took 5.084 sec, avg 50.845 ms, 19.668 ops/sec
DH      2048 key gen        50 ops took 1.008 sec, avg 20.166 ms, 49.589 ops/sec
DH      2048 agree         100 ops took 1.558 sec, avg 15.577 ms, 64.197 ops/sec
ECC   [      SECP256R1]   256 key gen      1394 ops took 1.001 sec, avg 0.718 ms, 1393.154 ops/sec
ECDHE [      SECP256R1]   256 agree         900 ops took 1.005 sec, avg 1.117 ms, 895.375 ops/sec
ECDSA [      SECP256R1]   256 sign         1200 ops took 1.019 sec, avg 0.849 ms, 1178.166 ops/sec
ECDSA [      SECP256R1]   256 verify        900 ops took 1.022 sec, avg 1.135 ms, 880.984 ops/sec
Benchmark complete
[SGXSan] ALWAYS: Enter enc_wolfSSL_Debugging_ON
[SGXSan] ALWAYS: Enter enc_wolfSSL_read
[SGXSan] ALWAYS: Enter enc_wolfSSL_CTX_use_certificate_chain_buffer_format
[SGXSan] ALWAYS: Enter enc_wolfSSL_CTX_load_verify_buffer
[SGXSan] ALWAYS: Enter enc_wolfSSL_set_fd
[SGXSan] ALWAYS: Enter enc_wolfSSL_write
[SGXSan] ALWAYS: Enter enc_wolfSSL_Cleanup
[SGXSan] ALWAYS: Enter enc_wolfSSL_new
[SGXSan] ALWAYS: Enter enc_wolfSSL_CTX_set_cipher_list
[SGXSan] ALWAYS: Enter enc_wolfSSL_CTX_use_certificate_buffer
[SGXSan] ALWAYS: Enter enc_wolfSSL_CTX_use_PrivateKey_buffer
[SGXSan] ALWAYS: Enter enc_wolfSSL_get_error
[SGXSan] ALWAYS: Enter enc_wolfSSL_CTX_new
[SGXSan] ALWAYS: Enter enc_wolfTLSv1_2_client_method
[SGXSan] ALWAYS: Enter wc_test
------------------------------------------------------------------------------
 wolfSSL version 5.1.0
------------------------------------------------------------------------------
error    test passed!
MEMORY   test passed!
base64   test passed!
asn      test passed!
RANDOM   test passed!
MD5      test passed!
MD4      test passed!
SHA      test passed!
SHA-256  test passed!
Hash     test passed!
HMAC-MD5 test passed!
HMAC-SHA test passed!
HMAC-SHA256 test passed!
GMAC     test passed!
HC-128   test passed!
Rabbit   test passed!
DES      test passed!
DES3     test passed!
AES      test passed!
AES192   test passed!
AES256   test passed!
AES-GCM  test passed!
RSA      test passed!
DH       test passed!
DSA      test passed!
PWDBASED test passed!
ECC      test passed!
ECC buffer test passed!
logging  test passed!
mutex    test passed!
memcb    test failed!
 error = -13803
[SGXSan] ALWAYS: Enter enc_wolfTLSv1_2_server_method
[SGXSan] ALWAYS: Enter enc_wolfSSL_CTX_free
[SGXSan] ALWAYS: Enter enc_wolfSSL_Debugging_OFF
#3	INITED cov: 6296 ft: 6296 corp: 1/361Kb exec/s: 0 rss: 57Mb
#3	DONE   cov: 6296 ft: 6296 corp: 1/361Kb lim: 370191 exec/s: 0 rss: 57Mb
Done 3 runs in 128 second(s)
stat::number_of_executed_units: 3
stat::average_exec_per_sec:     0
stat::new_units_added:          0
stat::slowest_unit_time_sec:    41
stat::peak_rss_mb:              57
