WARNING: Failed to find function "__sanitizer_acquire_crash_state".
WARNING: Failed to find function "__sanitizer_print_stack_trace".
WARNING: Failed to find function "__sanitizer_set_death_callback".
[2023-01-15 17:31:27.811] [Init] Num of ECall: 22
[2023-01-15 17:31:27.812] ECalls:
  0 - fuzz_enc_wolfSSL_CTX_free
  1 - fuzz_enc_wolfSSL_CTX_load_verify_buffer
  2 - fuzz_enc_wolfSSL_CTX_new
  3 - fuzz_enc_wolfSSL_CTX_set_cipher_list
  4 - fuzz_enc_wolfSSL_CTX_use_PrivateKey_buffer
  5 - fuzz_enc_wolfSSL_CTX_use_certificate_buffer
  6 - fuzz_enc_wolfSSL_CTX_use_certificate_chain_buffer_format
  7 - fuzz_enc_wolfSSL_Cleanup
  8 - fuzz_enc_wolfSSL_Debugging_OFF
  9 - fuzz_enc_wolfSSL_Debugging_ON
  10 - fuzz_enc_wolfSSL_Init
  11 - fuzz_enc_wolfSSL_connect
  12 - fuzz_enc_wolfSSL_free
  13 - fuzz_enc_wolfSSL_get_error
  14 - fuzz_enc_wolfSSL_new
  15 - fuzz_enc_wolfSSL_read
  16 - fuzz_enc_wolfSSL_set_fd
  17 - fuzz_enc_wolfSSL_write
  18 - fuzz_enc_wolfTLSv1_2_client_method
  19 - fuzz_enc_wolfTLSv1_2_server_method
  20 - fuzz_wc_benchmark_test
  21 - fuzz_wc_test

INFO: found LLVMFuzzerCustomMutator (0x44ac30). Disabling -len_control by default.
INFO: libFuzzer ignores flags that start with '--'
INFO: Running with entropic power schedule (0xFF, 100).
INFO: Seed: 117070379
INFO: Loaded 1 modules   (291 inline 8-bit counters): 291 [0x4cb7e8, 0x4cb90b), 
INFO: Loaded 1 PC tables (291 PCs): 291 [0x4cb910,0x4ccb40), 
INFO:        0 files found in /tmp/libFuzzerTemp.FuzzWithFork422940.dir/C99
[SGXSan] ALWAYS: Hook __sanitizer_cov_8bit_counters_init of Enclave, 21636 inline 8-bit counts [0x7ffaf64709c0, 0x7ffaf6475e44) (First time)
[SGXSan] ALWAYS: Hook __sanitizer_cov_pcs_init of Enclave, 21636 PCs [0x7ffaf6475e48, 0x7ffaf64ca688) (First time)
[SGXSan] ALWAYS: Enter enc_wolfSSL_CTX_free
[SGXSan] ALWAYS: Enter enc_wolfSSL_CTX_load_verify_buffer
[SGXSan] ALWAYS: Enter enc_wolfSSL_CTX_new
[SGXSan] ALWAYS: Enter enc_wolfSSL_CTX_set_cipher_list
[SGXSan] ALWAYS: Enter enc_wolfSSL_CTX_use_PrivateKey_buffer
[SGXSan] ALWAYS: Enter enc_wolfSSL_CTX_use_certificate_buffer
[SGXSan] ALWAYS: Enter enc_wolfSSL_CTX_use_certificate_chain_buffer_format
[SGXSan] ALWAYS: Enter enc_wolfSSL_Cleanup
[SGXSan] ALWAYS: Enter enc_wolfSSL_Debugging_OFF
[SGXSan] ALWAYS: Enter enc_wolfSSL_Debugging_ON
[SGXSan] ALWAYS: Enter enc_wolfSSL_Init
[SGXSan] ALWAYS: Enter enc_wolfSSL_connect
[SGXSan] ALWAYS: Enter enc_wolfSSL_free
[SGXSan] ALWAYS: Enter enc_wolfSSL_get_error
[SGXSan] ALWAYS: Enter enc_wolfSSL_new
[SGXSan] ALWAYS: Enter enc_wolfSSL_read
[SGXSan] ALWAYS: Enter enc_wolfSSL_set_fd
[SGXSan] ALWAYS: Enter enc_wolfSSL_write
[SGXSan] ALWAYS: Enter enc_wolfTLSv1_2_client_method
[SGXSan] ALWAYS: Enter enc_wolfTLSv1_2_server_method
[SGXSan] ALWAYS: Enter wc_benchmark_test
------------------------------------------------------------------------------
 wolfSSL version 5.1.0
------------------------------------------------------------------------------
wolfCrypt Benchmark (block bytes 1048576, min 1.0 sec each)
RNG                 15 MB took 1.123 seconds,   13.355 MB/s
AES-128-CBC-enc     35 MB took 1.050 seconds,   33.347 MB/s
AES-128-CBC-dec     30 MB took 1.010 seconds,   29.698 MB/s
AES-192-CBC-enc     30 MB took 1.084 seconds,   27.672 MB/s
AES-192-CBC-dec     25 MB took 1.013 seconds,   24.682 MB/s
AES-256-CBC-enc     30 MB took 1.202 seconds,   24.960 MB/s
AES-256-CBC-dec     25 MB took 1.069 seconds,   23.384 MB/s
AES-128-GCM-enc     25 MB took 1.069 seconds,   23.396 MB/s
AES-128-GCM-dec     25 MB took 1.072 seconds,   23.315 MB/s
AES-192-GCM-enc     25 MB took 1.163 seconds,   21.498 MB/s
AES-192-GCM-dec     25 MB took 1.153 seconds,   21.685 MB/s
AES-256-GCM-enc     20 MB took 1.001 seconds,   19.978 MB/s
AES-256-GCM-dec     20 MB took 1.002 seconds,   19.964 MB/s
GMAC Table 4-bit    69 MB took 1.013 seconds,   68.099 MB/s
RABBIT              95 MB took 1.011 seconds,   93.930 MB/s
3DES                10 MB took 1.081 seconds,    9.250 MB/s
MD5                315 MB took 1.003 seconds,  313.910 MB/s
SHA                135 MB took 1.018 seconds,  132.669 MB/s
SHA-256             35 MB took 1.114 seconds,   31.431 MB/s
HMAC-MD5           300 MB took 1.013 seconds,  296.242 MB/s
HMAC-SHA           130 MB took 1.026 seconds,  126.723 MB/s
HMAC-SHA256         35 MB took 1.141 seconds,   30.682 MB/s
PBKDF2               4 KB took 1.003 seconds,    3.706 KB/s
RSA     2048 public       1400 ops took 1.037 sec, avg 0.741 ms, 1349.399 ops/sec
RSA     2048 private       100 ops took 3.704 sec, avg 37.042 ms, 26.997 ops/sec
DH      2048 key gen        68 ops took 1.011 sec, avg 14.873 ms, 67.235 ops/sec
DH      2048 agree         100 ops took 1.485 sec, avg 14.848 ms, 67.347 ops/sec
ECC   [      SECP256R1]   256 key gen      1383 ops took 1.000 sec, avg 0.723 ms, 1382.738 ops/sec
ECDHE [      SECP256R1]   256 agree        1000 ops took 1.103 sec, avg 1.103 ms, 906.569 ops/sec
ECDSA [      SECP256R1]   256 sign         1200 ops took 1.017 sec, avg 0.848 ms, 1179.746 ops/sec
ECDSA [      SECP256R1]   256 verify        900 ops took 1.045 sec, avg 1.161 ms, 861.593 ops/sec
Benchmark complete
[SGXSan] ALWAYS: Enter wc_test
INFO: seed corpus: files: 2 min: 370191b max: 370191b total: 740382b rss: 43Mb
------------------------------------------------------------------------------
 wolfSSL version 5.1.0
------------------------------------------------------------------------------
error    test passed!
MEMORY   test passed!
base64   test passed!
asn      test passed!
RANDOM   test passed!
MD5      test passed!
MD4      test passed!
SHA      test passed!
SHA-256  test passed!
Hash     test passed!
HMAC-MD5 test passed!
HMAC-SHA test passed!
HMAC-SHA256 test passed!
GMAC     test passed!
HC-128   test passed!
Rabbit   test passed!
DES      test passed!
DES3     test passed!
AES      test passed!
AES192   test passed!
AES256   test passed!
AES-GCM  test passed!
RSA      test passed!
DH       test passed!
DSA      test passed!
PWDBASED test passed!
ECC      test passed!
ECC buffer test passed!
logging  test passed!
mutex    test passed!
memcb    test passed!
Test complete
[SGXSan] ALWAYS: Enter enc_wolfSSL_set_fd
[SGXSan] ALWAYS: Enter enc_wolfTLSv1_2_client_method
[SGXSan] ALWAYS: Enter enc_wolfSSL_CTX_new
[SGXSan] ALWAYS: Enter enc_wolfSSL_read
[SGXSan] ALWAYS: Enter enc_wolfSSL_CTX_set_cipher_list
[SGXSan] ALWAYS: Enter enc_wolfSSL_CTX_free
[SGXSan] ALWAYS: Enter enc_wolfSSL_new
[SGXSan] ALWAYS: Enter enc_wolfSSL_CTX_use_PrivateKey_buffer
[SGXSan] ALWAYS: Enter enc_wolfTLSv1_2_server_method
[SGXSan] ALWAYS: Enter enc_wolfSSL_CTX_load_verify_buffer
[SGXSan] ALWAYS: Enter enc_wolfSSL_connect
[SGXSan] ALWAYS: Enter enc_wolfSSL_Debugging_OFF
[SGXSan] ALWAYS: Enter enc_wolfSSL_CTX_use_certificate_buffer
[SGXSan] ALWAYS: Enter enc_wolfSSL_free
[SGXSan] ALWAYS: Enter enc_wolfSSL_Init
[SGXSan] ALWAYS: Enter enc_wolfSSL_CTX_use_certificate_chain_buffer_format
[SGXSan] ALWAYS: Enter wc_benchmark_test
------------------------------------------------------------------------------
 wolfSSL version 5.1.0
------------------------------------------------------------------------------
wolfCrypt Benchmark (block bytes 1048576, min 1.0 sec each)
RNG                 15 MB took 1.146 seconds,   13.094 MB/s
AES-128-CBC-enc     35 MB took 1.082 seconds,   32.339 MB/s
AES-128-CBC-dec     30 MB took 1.003 seconds,   29.901 MB/s
AES-192-CBC-enc     30 MB took 1.083 seconds,   27.688 MB/s
AES-192-CBC-dec     30 MB took 1.137 seconds,   26.392 MB/s
AES-256-CBC-enc     30 MB took 1.189 seconds,   25.242 MB/s
AES-256-CBC-dec     25 MB took 1.039 seconds,   24.064 MB/s
AES-128-GCM-enc     25 MB took 1.053 seconds,   23.744 MB/s
AES-128-GCM-dec     25 MB took 1.033 seconds,   24.210 MB/s
AES-192-GCM-enc     25 MB took 1.168 seconds,   21.402 MB/s
AES-192-GCM-dec     25 MB took 1.161 seconds,   21.539 MB/s
AES-256-GCM-enc     20 MB took 1.012 seconds,   19.762 MB/s
AES-256-GCM-dec     20 MB took 1.011 seconds,   19.776 MB/s
GMAC Table 4-bit    71 MB took 1.009 seconds,   70.377 MB/s
RABBIT              95 MB took 1.041 seconds,   91.293 MB/s
3DES                10 MB took 1.104 seconds,    9.059 MB/s
MD5                300 MB took 1.004 seconds,  298.816 MB/s
SHA                130 MB took 1.037 seconds,  125.400 MB/s
SHA-256             35 MB took 1.165 seconds,   30.053 MB/s
HMAC-MD5           300 MB took 1.012 seconds,  296.445 MB/s
HMAC-SHA           130 MB took 1.028 seconds,  126.411 MB/s
HMAC-SHA256         35 MB took 1.133 seconds,   30.894 MB/s
PBKDF2               4 KB took 1.006 seconds,    3.915 KB/s
RSA     2048 public       1500 ops took 1.038 sec, avg 0.692 ms, 1445.263 ops/sec
RSA     2048 private       100 ops took 3.594 sec, avg 35.939 ms, 27.825 ops/sec
DH      2048 key gen        67 ops took 1.001 sec, avg 14.945 ms, 66.911 ops/sec
DH      2048 agree         100 ops took 1.536 sec, avg 15.357 ms, 65.115 ops/sec
ECC   [      SECP256R1]   256 key gen      1392 ops took 1.001 sec, avg 0.719 ms, 1391.104 ops/sec
ECDHE [      SECP256R1]   256 agree        1000 ops took 1.103 sec, avg 1.103 ms, 906.520 ops/sec
ECDSA [      SECP256R1]   256 sign         1200 ops took 1.002 sec, avg 0.835 ms, 1197.289 ops/sec
ECDSA [      SECP256R1]   256 verify        900 ops took 1.040 sec, avg 1.156 ms, 865.276 ops/sec
Benchmark complete
[SGXSan] ALWAYS: Enter enc_wolfSSL_Debugging_ON
[SGXSan] ALWAYS: Enter wc_test
------------------------------------------------------------------------------
 wolfSSL version 5.1.0
------------------------------------------------------------------------------
error    test passed!
MEMORY   test passed!
base64   test passed!
asn      test passed!
RANDOM   test passed!
MD5      test passed!
MD4      test passed!
SHA      test passed!
SHA-256  test passed!
Hash     test passed!
HMAC-MD5 test passed!
HMAC-SHA test passed!
HMAC-SHA256 test passed!
GMAC     test passed!
HC-128   test passed!
Rabbit   test passed!
DES      test passed!
DES3     test passed!
AES      test passed!
AES192   test passed!
AES256   test passed!
AES-GCM  test passed!
RSA      test passed!
DH       test passed!
DSA      test passed!
PWDBASED test passed!
ECC      test passed!
ECC buffer test passed!
logging  test passed!
mutex    test passed!
memcb    test failed!
 error = -13803
[SGXSan] ALWAYS: Enter enc_wolfSSL_Cleanup
[SGXSan] ALWAYS: Enter enc_wolfSSL_write
[SGXSan] ALWAYS: Enter enc_wolfSSL_get_error
#2	pulse  ft: 6292 exec/s: 0 rss: 50Mb
Slowest unit: 41 s:
artifact_prefix='./crashes/'; Test unit written to ./crashes/slow-unit-a18c987cc0e9ab43cf416193bb075ad579c3ded9
[SGXSan] ALWAYS: Enter enc_wolfSSL_connect
[SGXSan] ALWAYS: Enter enc_wolfSSL_free
[SGXSan] ALWAYS: Enter enc_wolfSSL_Init
[SGXSan] ALWAYS: Enter wc_benchmark_test
------------------------------------------------------------------------------
 wolfSSL version 5.1.0
------------------------------------------------------------------------------
wolfCrypt Benchmark (block bytes 1048576, min 1.0 sec each)
RNG                 15 MB took 1.150 seconds,   13.044 MB/s
AES-128-CBC-enc     35 MB took 1.097 seconds,   31.904 MB/s
AES-128-CBC-dec     30 MB took 1.008 seconds,   29.764 MB/s
AES-192-CBC-enc     30 MB took 1.083 seconds,   27.690 MB/s
AES-192-CBC-dec     30 MB took 1.160 seconds,   25.867 MB/s
AES-256-CBC-enc     25 MB took 1.008 seconds,   24.813 MB/s
AES-256-CBC-dec     25 MB took 1.063 seconds,   23.516 MB/s
AES-128-GCM-enc     25 MB took 1.038 seconds,   24.077 MB/s
AES-128-GCM-dec     25 MB took 1.040 seconds,   24.029 MB/s
AES-192-GCM-enc     25 MB took 1.162 seconds,   21.522 MB/s
AES-192-GCM-dec     25 MB took 1.190 seconds,   21.008 MB/s
AES-256-GCM-enc     20 MB took 1.041 seconds,   19.216 MB/s
AES-256-GCM-dec     20 MB took 1.038 seconds,   19.269 MB/s
GMAC Table 4-bit    68 MB took 1.013 seconds,   67.139 MB/s
RABBIT              90 MB took 1.007 seconds,   89.377 MB/s
3DES                10 MB took 1.109 seconds,    9.020 MB/s
MD5                300 MB took 1.009 seconds,  297.182 MB/s
SHA                125 MB took 1.005 seconds,  124.373 MB/s
SHA-256             35 MB took 1.125 seconds,   31.119 MB/s
HMAC-MD5           305 MB took 1.010 seconds,  301.977 MB/s
HMAC-SHA           135 MB took 1.037 seconds,  130.123 MB/s
HMAC-SHA256         35 MB took 1.121 seconds,   31.231 MB/s
PBKDF2               4 KB took 1.005 seconds,    3.794 KB/s
RSA     2048 public       1400 ops took 1.033 sec, avg 0.738 ms, 1355.007 ops/sec
RSA     2048 private       100 ops took 3.791 sec, avg 37.911 ms, 26.377 ops/sec
DH      2048 key gen        63 ops took 1.005 sec, avg 15.957 ms, 62.668 ops/sec
DH      2048 agree         100 ops took 1.576 sec, avg 15.761 ms, 63.447 ops/sec
ECC   [      SECP256R1]   256 key gen      1376 ops took 1.000 sec, avg 0.727 ms, 1375.633 ops/sec
ECDHE [      SECP256R1]   256 agree        1000 ops took 1.076 sec, avg 1.076 ms, 929.640 ops/sec
ECDSA [      SECP256R1]   256 sign         1300 ops took 1.065 sec, avg 0.819 ms, 1220.582 ops/sec
ECDSA [      SECP256R1]   256 verify        900 ops took 1.021 sec, avg 1.135 ms, 881.363 ops/sec
Benchmark complete
[SGXSan] ALWAYS: Enter enc_wolfSSL_Debugging_ON
[SGXSan] ALWAYS: Enter enc_wolfSSL_read
[SGXSan] ALWAYS: Enter enc_wolfSSL_CTX_use_certificate_chain_buffer_format
[SGXSan] ALWAYS: Enter enc_wolfSSL_CTX_load_verify_buffer
[SGXSan] ALWAYS: Enter enc_wolfSSL_set_fd
[SGXSan] ALWAYS: Enter enc_wolfSSL_write
[SGXSan] ALWAYS: Enter enc_wolfSSL_Cleanup
[SGXSan] ALWAYS: Enter enc_wolfSSL_new
[SGXSan] ALWAYS: Enter enc_wolfSSL_CTX_set_cipher_list
[SGXSan] ALWAYS: Enter enc_wolfSSL_CTX_use_certificate_buffer
[SGXSan] ALWAYS: Enter enc_wolfSSL_CTX_use_PrivateKey_buffer
[SGXSan] ALWAYS: Enter enc_wolfSSL_get_error
[SGXSan] ALWAYS: Enter enc_wolfSSL_CTX_new
[SGXSan] ALWAYS: Enter enc_wolfTLSv1_2_client_method
[SGXSan] ALWAYS: Enter wc_test
------------------------------------------------------------------------------
 wolfSSL version 5.1.0
------------------------------------------------------------------------------
error    test passed!
MEMORY   test passed!
base64   test passed!
asn      test passed!
RANDOM   test passed!
MD5      test passed!
MD4      test passed!
SHA      test passed!
SHA-256  test passed!
Hash     test passed!
HMAC-MD5 test passed!
HMAC-SHA test passed!
HMAC-SHA256 test passed!
GMAC     test passed!
HC-128   test passed!
Rabbit   test passed!
DES      test passed!
DES3     test passed!
AES      test passed!
AES192   test passed!
AES256   test passed!
AES-GCM  test passed!
RSA      test passed!
DH       test passed!
DSA      test passed!
PWDBASED test passed!
ECC      test passed!
ECC buffer test passed!
logging  test passed!
mutex    test passed!
memcb    test failed!
 error = -13803
[SGXSan] ALWAYS: Enter enc_wolfTLSv1_2_server_method
[SGXSan] ALWAYS: Enter enc_wolfSSL_CTX_free
[SGXSan] ALWAYS: Enter enc_wolfSSL_Debugging_OFF
#3	INITED cov: 6292 ft: 6292 corp: 1/361Kb exec/s: 0 rss: 58Mb
#3	DONE   cov: 6292 ft: 6292 corp: 1/361Kb lim: 370191 exec/s: 0 rss: 58Mb
Done 3 runs in 125 second(s)
stat::number_of_executed_units: 3
stat::average_exec_per_sec:     0
stat::new_units_added:          0
stat::slowest_unit_time_sec:    41
stat::peak_rss_mb:              58
